Event #: 10046924
Time:    28/08/2016 15:31:58
Players:
    mommon
    Drag0nst0rm
    MegaStretch23
    jamesgroo
    almostawake
--> Arcannys
    Hockney34
    FTK75

--: Bruna, the Fading Light

--: Bruna, the Fading Light

------ EMN ------ 

Pack 1 pick 1:
    Strange Augmentation
    Backwoods Survivalists
--> Bruna, the Fading Light
    Woodcutter's Grit
    Certain Death
    Thraben Standard Bearer
    Exultant Cultist
    Thermo-Alchemist
    Fiend Binder
    Give No Ground
    Murder
    Deranged Whelp
    Sanctifier of Souls
    Graf Rats
    Plains

--: Distemper of the Blood

--: Choking Restraints

--: Choking Restraints

Pack 1 pick 2:
    Distemper of the Blood
--> Choking Restraints
    Cemetery Recruitment
    Crossroads Consecrator
    Thraben Foulbloods
    Enlightened Maniac
    Stensia Banquet
    Guardian of Pilgrims
    Convolute
    Repel the Abominable
    Whispers of Emrakul
    Furyblade Vampire
    Graf Rats
    Mountain

--: Sigarda's Aid

Pack 1 pick 3:
    Cultist's Staff
    Olivia's Dragoon
    Weirded Vampire
    It of the Horrid Swarm
    Certain Death
    Faithbearer Paladin
    Enlightened Maniac
    Field Creeper
    Steadfast Cathar
    Crop Sigil
    Sigarda's Aid
--> Midnight Scavengers
    Forest

--: Eternal Scourge

Pack 1 pick 4:
    Strange Augmentation
--> Sigardian Priest
    Gavony Unhallowed
    Bloodbriar
    Thermo-Alchemist
    Fiend Binder
    Contingency Plan
    Stensia Innkeeper
    Foul Emissary
    Eternal Scourge
    Midnight Scavengers
    Island

--: Dawn Gryff

Pack 1 pick 5:
--> Dawn Gryff
    Otherworldly Outburst
    Succumb to Temptation
    Spectral Reserves
    Laboratory Brute
    Prophetic Ravings
    Thraben Standard Bearer
    Peace of Mind
    Abandon Reason
    Lunar Force
    Swamp

--: Springsage Ritual

Pack 1 pick 6:
    Springsage Ritual
    Skirsdag Supplicant
    Grapple with the Past
    Thraben Foulbloods
    Bold Impaler
    Steadfast Cathar
    Liliana's Elite
    Peace of Mind
--> Nebelgast Herald
    Plains

--: Cultist's Staff

--: Haunted Dead

Pack 1 pick 7:
    Cultist's Staff
    Swift Spinner
    Field Creeper
    Bold Impaler
    Steadfast Cathar
    Shreds of Sanity
--> Haunted Dead
    Emrakul's Influence
    Mountain

--: Harmless Offering

Pack 1 pick 8:
    Wolfkin Bond
    Crossroads Consecrator
    Convolute
    Displace
--> Campaign of Vengeance
    Repel the Abominable
    Harmless Offering
    Plains

--: Strange Augmentation

Pack 1 pick 9:
    Strange Augmentation
    Backwoods Survivalists
    Woodcutter's Grit
    Thraben Standard Bearer
    Give No Ground
--> Deranged Whelp
    Plains

--: Distemper of the Blood

Pack 1 pick 10:
    Distemper of the Blood
--> Cemetery Recruitment
    Crossroads Consecrator
    Stensia Banquet
    Whispers of Emrakul
    Mountain

--: Sigarda's Aid

Pack 1 pick 11:
--> Cultist's Staff
    Field Creeper
    Crop Sigil
    Sigarda's Aid
    Forest

--: Strange Augmentation

Pack 1 pick 12:
    Strange Augmentation
--> Fiend Binder
    Contingency Plan
    Island

--: Prophetic Ravings

Pack 1 pick 13:
--> Prophetic Ravings
    Lunar Force
    Swamp

--: Bold Impaler

Pack 1 pick 14:
--> Bold Impaler
    Plains

--: Mountain

Pack 1 pick 15:
--> Mountain

--: Bruna, the Fading Light

------ EMN ------ 

Pack 2 pick 1:
    Drag Under
    Borrowed Grace
    Otherworldly Outburst
    Bloodbriar
    Borrowed Malevolence
    Terrarion
    Stensia Banquet
    Guardian of Pilgrims
    Bruna, the Fading Light
    Savage Alliance
    Nephalia Academy
    Rise from the Grave
--> Thalia, Heretic Cathar
    Ulvenwald Captive
    Forest

--: Assembled Alphas

Pack 2 pick 2:
    Springsage Ritual
    Tattered Haunter
    Gavony Unhallowed
    Wolfkin Bond
    Stensia Innkeeper
    Spectral Reserves
    Turn Aside
    Alchemist's Greeting
    Nebelgast Herald
    Slayer's Cleaver
    Graf Harvest
    Assembled Alphas
--> Midnight Scavengers
    Swamp

--: Brazen Wolves

--: Graf Rats

Pack 2 pick 3:
    Brazen Wolves
    Waxing Moon
    Crossroads Consecrator
    Wailing Ghoul
    Spectral Reserves
    Laboratory Brute
    Prophetic Ravings
    Lunarch Mantle
    Whispers of Emrakul
    Geist of the Lonely Vigil
    Lunar Force
--> Graf Rats
    Plains

--: Hanweir Battlements

Pack 2 pick 4:
    Hanweir Battlements
    Brazen Wolves
    Drag Under
    Succumb to Temptation
    Woodcutter's Grit
    Field Creeper
    Laboratory Brute
    Prophetic Ravings
    Graf Harvest
--> Geist of the Archives
    Permeating Mass
    Forest

--: Drag Under

Pack 2 pick 5:
--> Drag Under
    Otherworldly Outburst
    Borrowed Malevolence
    Woodland Patrol
    Falkenrath Reaver
    Ironwright's Cleansing
    Enlightened Maniac
    Bold Impaler
    Vexing Scuttler
    Ulvenwald Captive
    Island

--: Splendid Reclamation

Pack 2 pick 6:
--> Ingenious Skaab
    It of the Horrid Swarm
    Succumb to Temptation
    Lunarch Mantle
    Fogwalker
    Cathar's Shield
    Noose Constrictor
    Splendid Reclamation
    Grizzled Angler
    Island

--: Providence

Pack 2 pick 7:
    Take Inventory
--> Skirsdag Supplicant
    Borrowed Hostility
    Thraben Standard Bearer
    Contingency Plan
    Fortune's Favor
    Prying Questions
    Providence
    Forest

--: Take Inventory

Pack 2 pick 8:
    Take Inventory
    Thermo-Alchemist
    Fiend Binder
    Turn Aside
    Shreds of Sanity
    Fortune's Favor
--> Geist-Fueled Scarecrow
    Plains

--: Borrowed Grace

Pack 2 pick 9:
    Borrowed Grace
    Otherworldly Outburst
    Borrowed Malevolence
--> Terrarion
    Stensia Banquet
    Nephalia Academy
    Forest

--: Springsage Ritual

Pack 2 pick 10:
    Springsage Ritual
--> Tattered Haunter
    Stensia Innkeeper
    Turn Aside
    Slayer's Cleaver
    Swamp

--: Waxing Moon

Pack 2 pick 11:
    Waxing Moon
    Crossroads Consecrator
--> Prophetic Ravings
    Lunar Force
    Plains

--: Woodcutter's Grit

Pack 2 pick 12:
    Woodcutter's Grit
--> Laboratory Brute
    Prophetic Ravings
    Forest

--: Enlightened Maniac

Pack 2 pick 13:
--> Enlightened Maniac
    Bold Impaler
    Island

--: Splendid Reclamation

Pack 2 pick 14:
--> Splendid Reclamation
    Island

--: Forest

Pack 2 pick 15:
--> Forest

--: Angel of Deliverance

------ SOI ------ 

Pack 3 pick 1:
    Vessel of Ephemera
    Vessel of Paramnesia
--> Angelic Purge
    Confront the Unknown
    Throttle
    Vessel of Volatility
    Thornhide Wolves
    Bloodmad Vampire
    Apothecary Geist
    Tooth Collector
    Lightning Axe
    Ulrich's Kindred
    Angel of Deliverance
    Convicted Killer
    Plains

--: Brain in a Jar

--: Dead Weight

Pack 3 pick 2:
    Lamplighter of Selhoff
    Puncturing Light
    Sleep Paralysis
    Rabid Bite
    Alms of the Vein
    Reduce to Ashes
    Confront the Unknown
--> Dead Weight
    Shard of Broken Glass
    Groundskeeper
    Ulvenwald Mysteries
    Biting Rain
    Brain in a Jar
    Mountain

--: Dauntless Cathar

--: Dauntless Cathar

Pack 3 pick 3:
--> Dauntless Cathar
    Ghostly Wings
    Puncturing Light
    Hound of the Farbogs
    Ethereal Guidance
    Drownyard Explorers
    Watcher in the Web
    Crow of Dark Tidings
    Sanguinary Mage
    Behind the Scenes
    Gibbering Fiend
    Daring Sleuth
    Forest

--: Altered Ego

--: Dead Weight

Pack 3 pick 4:
    Silent Observer
    Inspiring Captain
    Catalog
    Merciless Resolve
    Hulking Devil
    Kessig Dire Swine
--> Dead Weight
    Moldgraf Scavenger
    Gloomwidow
    Skeleton Key
    Altered Ego
    Plains

--: Rattlechains

Pack 3 pick 5:
    Inquisitor's Ox
    Silent Observer
    Survive the Night
    Gone Missing
    Ethereal Guidance
    Moldgraf Scavenger
    Vampire Noble
    Fork in the Road
    Reckless Scholar
--> Rattlechains
    Forest

--: To the Slaughter

--: Farbog Revenant

Pack 3 pick 6:
    Nagging Thoughts
    Chaplain's Blessing
    Jace's Scrutiny
    Clip Wings
--> Farbog Revenant
    Epitaph Golem
    Pale Rider of Trostad
    Fleeting Memories
    To the Slaughter
    Mountain

--: Forgotten Creation

--: Forgotten Creation

Pack 3 pick 7:
    Deny Existence
    Furtive Homunculus
    Equestrian Skill
    Macabre Waltz
    Pyre Hound
    Might Beyond Reason
--> Forgotten Creation
    Thraben Gargoyle
    Swamp

--: Emissary of the Sleepless

--: Jace's Scrutiny

Pack 3 pick 8:
    Emissary of the Sleepless
--> Jace's Scrutiny
    Vessel of Volatility
    Macabre Waltz
    Pyre Hound
    Might Beyond Reason
    Stone Quarry
    Plains

--: Vessel of Ephemera

--: Apothecary Geist

Pack 3 pick 9:
    Vessel of Ephemera
    Vessel of Paramnesia
    Confront the Unknown
    Vessel of Volatility
--> Apothecary Geist
    Convicted Killer
    Plains

--: Brain in a Jar

Pack 3 pick 10:
--> Lamplighter of Selhoff
    Alms of the Vein
    Shard of Broken Glass
    Groundskeeper
    Brain in a Jar
    Mountain

--: Ghostly Wings

Pack 3 pick 11:
    Ghostly Wings
    Hound of the Farbogs
    Behind the Scenes
--> Daring Sleuth
    Forest

--: Silent Observer

Pack 3 pick 12:
--> Silent Observer
    Merciless Resolve
    Hulking Devil
    Plains

--: Inquisitor's Ox

Pack 3 pick 13:
    Inquisitor's Ox
--> Silent Observer
    Forest

--: Chaplain's Blessing

Pack 3 pick 14:
--> Chaplain's Blessing
    Mountain

--: Swamp

Pack 3 pick 15:
--> Swamp

