Event #: 10056435
Time:    8/31/2016 9:28:59 AM
Players:
    Dreamer_
    AurochStorm
    TheBrianKing
    gungungun
    Zedruu_Supergoat
    Isoripper
    ice0wow
--> AnB

--: Bruna, the Fading Light

--: Bruna, the Fading Light

--: Bruna, the Fading Light

------ EMN ------ 

Pack 1 pick 1:
--> Bruna, the Fading Light
    Sigardian Priest
    Cultist's Staff
    Wailing Ghoul
    Grapple with the Past
    Fiend Binder
    Turn Aside
    Alchemist's Greeting
    Field Creeper
    Crop Sigil
    Advanced Stitchwing
    Gnarlwood Dryad
    Noosegraf Mob
    Curious Homunculus
    Island

--: Brazen Wolves

--: Brazen Wolves

--: Drag Under

--: Brazen Wolves

--: Drag Under

--: Brazen Wolves

--: Brazen Wolves

Pack 1 pick 2:
--> Brazen Wolves
    Drag Under
    Otherworldly Outburst
    Swift Spinner
    Cemetery Recruitment
    Fogwalker
    Borrowed Hostility
    Cathar's Shield
    Thraben Standard Bearer
    Shreds of Sanity
    Haunted Dead
    Emrakul's Influence
    Cryptolith Fragment
    Swamp

--: Choking Restraints

--: Choking Restraints

--: Choking Restraints

Pack 1 pick 3:
--> Choking Restraints
    Boon of Emrakul
    Springsage Ritual
    Certain Death
    Swift Spinner
    Make Mischief
    Terrarion
    Displace
    Courageous Outrider
    Vexing Scuttler
    Murder
    Ulvenwald Captive
    Plains

--: Impetuous Devils

--: Impetuous Devils

--: Impetuous Devils

Pack 1 pick 4:
    Springsage Ritual
    Boon of Emrakul
--> Impetuous Devils
    Borrowed Malevolence
    Woodcutter's Grit
    Enlightened Maniac
    Stensia Banquet
    Guardian of Pilgrims
    Convolute
    Geist of the Archives
    Grizzled Angler
    Mountain

--: Providence

--: Insatiable Gorgers

--: Scour the Laboratory

--: Ride Down

--: Ride Down

Pack 1 pick 5:
    Take Inventory
    Weirded Vampire
    Laboratory Brute
    Prophetic Ravings
    Thraben Standard Bearer
    Exultant Cultist
--> Ride Down
    Insatiable Gorgers
    Scour the Laboratory
    Providence
    Mountain

--: Deploy the Gatewatch

--: Brazen Wolves

--: Brazen Wolves

Pack 1 pick 6:
    Otherworldly Outburst
--> Brazen Wolves
    Unsubstantiate
    Cathar's Shield
    Thraben Standard Bearer
    Exultant Cultist
    Abandon Reason
    Emrakul's Influence
    Deploy the Gatewatch
    Mountain

--: Cultist's Staff

--: Furyblade Vampire

--: Furyblade Vampire

Pack 1 pick 7:
    Cultist's Staff
    Crossroads Consecrator
    Exultant Cultist
    Fiend Binder
    Contingency Plan
    Repel the Abominable
    Whispers of Emrakul
--> Furyblade Vampire
    Swamp

--: Soul Separator

--: Blood Mist

--: Blood Mist

Pack 1 pick 8:
    Springsage Ritual
    Ironwright's Cleansing
    Stensia Banquet
    Faithbearer Paladin
--> Blood Mist
    Thirsting Axe
    Soul Separator
    Mountain

--: Cultist's Staff

--: Fiend Binder

--: Fiend Binder

Pack 1 pick 9:
    Cultist's Staff
    Wailing Ghoul
--> Fiend Binder
    Field Creeper
    Crop Sigil
    Curious Homunculus
    Island

--: Otherworldly Outburst

--: Otherworldly Outburst

--: Otherworldly Outburst

Pack 1 pick 10:
--> Otherworldly Outburst
    Cathar's Shield
    Thraben Standard Bearer
    Shreds of Sanity
    Emrakul's Influence
    Swamp

--: Springsage Ritual

--: Make Mischief

--: Make Mischief

--: Make Mischief

--: Make Mischief

Pack 1 pick 11:
    Springsage Ritual
--> Make Mischief
    Terrarion
    Displace
    Plains

--: Enlightened Maniac

--: Enlightened Maniac

--: Enlightened Maniac

Pack 1 pick 12:
--> Enlightened Maniac
    Stensia Banquet
    Convolute
    Mountain

--: Prophetic Ravings

--: Thraben Standard Bearer

--: Thraben Standard Bearer

Pack 1 pick 13:
    Prophetic Ravings
--> Thraben Standard Bearer
    Mountain

--: Thraben Standard Bearer

--: Thraben Standard Bearer

--: Thraben Standard Bearer

--: Thraben Standard Bearer

Pack 1 pick 14:
--> Thraben Standard Bearer
    Mountain

--: Swamp

--: Swamp

Pack 1 pick 15:
--> Swamp

--: Assembled Alphas

--: Assembled Alphas

--: Assembled Alphas

------ EMN ------ 

Pack 2 pick 1:
    Ingenious Skaab
    Strange Augmentation
    Woodland Patrol
    Succumb to Temptation
    Woodcutter's Grit
    Guardian of Pilgrims
    Enlightened Maniac
    Falkenrath Reaver
    Steadfast Cathar
    Mercurial Geists
    Insatiable Gorgers
    Dusk Feaster
--> Assembled Alphas
    Vildin-Pack Outcast
    Island

--: Galvanic Bombardment

--: Incendiary Flow

--: Incendiary Flow

Pack 2 pick 2:
    Galvanic Bombardment
    Wretched Gryff
    Distemper of the Blood
    Weirded Vampire
    It of the Horrid Swarm
    Spectral Reserves
    Laboratory Brute
    Prophetic Ravings
    Lunarch Mantle
--> Incendiary Flow
    Abundant Maw
    Clear Shot
    Graf Rats
    Island

--: Coax from the Blind Eternities

--: Weaver of Lightning

--: Weaver of Lightning

Pack 2 pick 3:
    Strange Augmentation
    Backwoods Survivalists
    Borrowed Malevolence
    Woodland Patrol
    Turn Aside
    Field Creeper
    Spectral Reserves
    Markov Crusader
    Mournwillow
--> Weaver of Lightning
    Coax from the Blind Eternities
    Tangleclaw Werewolf
    Island

--: Take Inventory

--: Faithbearer Paladin

--: Faithbearer Paladin

Pack 2 pick 4:
    Take Inventory
    Tattered Haunter
    Skirsdag Supplicant
    It of the Horrid Swarm
    Terrarion
    Make Mischief
--> Faithbearer Paladin
    Convolute
    Fortune's Favor
    Prying Questions
    Ulvenwald Captive
    Mountain

--: Geier Reach Sanitarium

--: Faithbearer Paladin

--: Faithbearer Paladin

Pack 2 pick 5:
    Springsage Ritual
    Crossroads Consecrator
    Wailing Ghoul
    Bloodbriar
--> Faithbearer Paladin
    Convolute
    Falkenrath Reaver
    Ironwright's Cleansing
    Graf Harvest
    Geier Reach Sanitarium
    Swamp

--: Dawn Gryff

--: Dawn Gryff

--: Dawn Gryff

--: Dawn Gryff

Pack 2 pick 6:
--> Dawn Gryff
    Certain Death
    Swift Spinner
    Cemetery Recruitment
    Make Mischief
    Faithbearer Paladin
    Stensia Banquet
    Give No Ground
    Ulvenwald Captive
    Mountain

--: Emrakul's Evangel

--: Give No Ground

--: Dawn Gryff

--: Dawn Gryff

Pack 2 pick 7:
--> Dawn Gryff
    Prey Upon
    Cultist's Staff
    Crossroads Consecrator
    Cathar's Shield
    Stensia Innkeeper
    Give No Ground
    Emrakul's Evangel
    Plains

--: Dawn Gryff

--: Dawn Gryff

--: Dawn Gryff

Pack 2 pick 8:
--> Dawn Gryff
    Gavony Unhallowed
    Bloodbriar
    Borrowed Malevolence
    Field Creeper
    Bold Impaler
    Long Road Home
    Mountain

--: Strange Augmentation

--: Vildin-Pack Outcast

--: Vildin-Pack Outcast

Pack 2 pick 9:
    Strange Augmentation
    Succumb to Temptation
    Woodcutter's Grit
    Falkenrath Reaver
    Insatiable Gorgers
--> Vildin-Pack Outcast
    Island

--: Distemper of the Blood

--: Lunarch Mantle

--: Lunarch Mantle

Pack 2 pick 10:
    Distemper of the Blood
    Weirded Vampire
    Laboratory Brute
    Prophetic Ravings
--> Lunarch Mantle
    Island

--: Strange Augmentation

--: Field Creeper

--: Field Creeper

Pack 2 pick 11:
    Strange Augmentation
    Woodland Patrol
    Turn Aside
--> Field Creeper
    Island

--: Take Inventory

--: Take Inventory

--: Take Inventory

Pack 2 pick 12:
--> Take Inventory
    Fortune's Favor
    Prying Questions
    Mountain

--: Springsage Ritual

--: Springsage Ritual

--: Springsage Ritual

Pack 2 pick 13:
--> Springsage Ritual
    Crossroads Consecrator
    Swamp

--: Stensia Banquet

--: Stensia Banquet

Pack 2 pick 14:
--> Stensia Banquet
    Mountain

--: Plains

--: Plains

Pack 2 pick 15:
--> Plains

--: Devils' Playground

--: Devils' Playground

------ SOI ------ 

Pack 3 pick 1:
    Silburlind Snapper
    Vessel of Ephemera
    Vessel of Paramnesia
    Confront the Unknown
    Dead Weight
    Vessel of Volatility
    Kessig Dire Swine
    Macabre Waltz
    Shard of Broken Glass
    Behind the Scenes
    Ulrich's Kindred
    Tenacity
--> Devils' Playground
    Convicted Killer
    Swamp

--: Just the Wind

--: Ethereal Guidance

--: Ethereal Guidance

Pack 3 pick 2:
    Just the Wind
    Cathar's Companion
    Lamplighter of Selhoff
    Hound of the Farbogs
--> Ethereal Guidance
    Grotesque Mutation
    Structural Distortion
    Aim High
    Crow of Dark Tidings
    Groundskeeper
    Skeleton Key
    Call the Bloodline
    Uninvited Geist
    Plains

--: Dauntless Cathar

--: Pious Evangel

--: Voldaren Duelist

--: Voldaren Duelist

Pack 3 pick 3:
    Dauntless Cathar
    Ghostly Wings
    Puncturing Light
    Stallion of Ashmouth
    Senseless Rage
    Loam Dryad
--> Voldaren Duelist
    Watcher in the Web
    Vampire Noble
    Obsessive Skinner
    Trail of Evidence
    Pious Evangel
    Mountain

--: Falkenrath Gorger

--: Bound by Moonsilver

--: Bound by Moonsilver

Pack 3 pick 4:
    Press for Answers
    Inquisitor's Ox
    Gone Missing
    Moldgraf Scavenger
    Ethereal Guidance
    Uncaged Fury
    Behind the Scenes
    Gloomwidow
--> Bound by Moonsilver
    Falkenrath Gorger
    Village Messenger
    Island

--: Chaplain's Blessing

--: Town Gossipmonger

--: Town Gossipmonger

Pack 3 pick 5:
    Chaplain's Blessing
    Drownyard Explorers
    Loam Dryad
    Twins of Maurer Estate
    Insolent Neonate
    Aim High
    Vampire Noble
    Trail of Evidence
    Mad Prophet
--> Town Gossipmonger
    Forest

--: Survive the Night

--: True-Faith Censer

--: Magmatic Chasm

--: Magmatic Chasm

Pack 3 pick 6:
    Survive the Night
    Expose Evil
--> Magmatic Chasm
    True-Faith Censer
    Throttle
    Runaway Carriage
    Dance with Devils
    Magnifying Glass
    Convicted Killer
    Plains

--: Deny Existence

--: Devilthorn Fox

--: Devilthorn Fox

Pack 3 pick 7:
    Deny Existence
--> Devilthorn Fox
    Furtive Homunculus
    Alms of the Vein
    Confront the Unknown
    Vessel of Volatility
    Pick the Brain
    Paranoid Parish-Blade
    Mountain

--: Second Harvest

--: Hope Against Hope

--: Hope Against Hope

Pack 3 pick 8:
    Vessel of Ephemera
    Merciless Resolve
    Hulking Devil
    Ethereal Guidance
    Hound of the Farbogs
--> Hope Against Hope
    Second Harvest
    Forest

--: Silburlind Snapper

--: Vessel of Ephemera

--: Vessel of Ephemera

Pack 3 pick 9:
    Silburlind Snapper
--> Vessel of Ephemera
    Confront the Unknown
    Vessel of Volatility
    Shard of Broken Glass
    Behind the Scenes
    Swamp

--: Lamplighter of Selhoff

--: Grotesque Mutation

--: Structural Distortion

--: Structural Distortion

Pack 3 pick 10:
    Lamplighter of Selhoff
    Hound of the Farbogs
    Grotesque Mutation
--> Structural Distortion
    Skeleton Key
    Plains

--: Stallion of Ashmouth

--: Senseless Rage

--: Senseless Rage

Pack 3 pick 11:
    Stallion of Ashmouth
--> Senseless Rage
    Vampire Noble
    Trail of Evidence
    Mountain

--: Ethereal Guidance

--: Village Messenger

--: Village Messenger

Pack 3 pick 12:
    Ethereal Guidance
    Behind the Scenes
--> Village Messenger
    Island

--: Chaplain's Blessing

--: Trail of Evidence

Pack 3 pick 13:
    Chaplain's Blessing
--> Trail of Evidence
    Forest

--: Survive the Night

--: Survive the Night

--: Survive the Night

--: Survive the Night

--: Survive the Night

--: Survive the Night

Pack 3 pick 14:
--> Survive the Night
    Plains

--: Mountain

--: Mountain

Pack 3 pick 15:
--> Mountain

