Event #: 10061976
Time:    9/1/2016 11:26:15 PM
Players:
    themuse1975
    redjeff
    manndamm
    Kcolloran
--> ferrengi
    Old_Mate
    karanok
    mephistolove

--: Tajuru Preserver

--: Broodwarden

------ ROE ------ 

Pack 1 pick 1:
    Grotag Siege-Runner
    Essence Feed
    Emrakul's Hatcher
    Puncturing Light
    Eel Umbra
    Evolving Wilds
    Raid Bombardment
    Shrivel
--> Broodwarden
    Death Cultist
    Drake Umbra
    Kabira Vindicator
    Soulbound Guardians
    Tajuru Preserver
    Mountain

--: Sphinx-Bone Wand

--: Dawnglare Invoker

--: Dawnglare Invoker

--: Dawnglare Invoker

Pack 1 pick 2:
    Knight of Cliffhaven
    Grotag Siege-Runner
    Distortion Strike
--> Dawnglare Invoker
    Goblin Tunneler
    Traitorous Instinct
    Deprive
    Merfolk Observer
    Sporecap Spider
    Fissure Vent
    Arrogant Bloodlord
    Time of Heroes
    Sphinx-Bone Wand
    Forest

--: Smite

--: Dawnglare Invoker

Pack 1 pick 3:
    Smite
    Lay Bare
    Null Champion
    Kiln Fiend
--> Dawnglare Invoker
    Stalwart Shield-Bearers
    Shared Discovery
    Wrap in Flames
    Jwari Scuttler
    Skeletal Wurm
    Forked Bolt
    Valakut Fireboar
    Swamp

--: World at War

--: Venerated Teacher

Pack 1 pick 4:
    Nighthaze
    Kor Line-Slinger
    Aura Finesse
    Harmless Assault
    Ogre Sentry
    Shrivel
    Fleeting Distraction
    Stalwart Shield-Bearers
--> Venerated Teacher
    Emerge Unscathed
    World at War
    Forest

--: Disaster Radius

--: Disaster Radius

Pack 1 pick 5:
    Ancient Stirrings
    Lay Bare
    Ikiral Outrider
    Frostwind Invoker
    Ondu Giant
    Dread Drone
    Hyena Umbra
    Skittering Invasion
    Akoum Boulderfoot
--> Disaster Radius
    Island

--: Lagac Lizard

--: Spider Umbra

--: Spider Umbra

Pack 1 pick 6:
    Lagac Lizard
    Naturalize
    Stalwart Shield-Bearers
--> Spider Umbra
    Jwari Scuttler
    Nema Siltlurker
    Lone Missionary
    Fleeting Distraction
    Phantasmal Abomination
    Mountain

--: Bloodthrone Vampire

--: Sporecap Spider

Pack 1 pick 7:
    Bloodthrone Vampire
    Eland Umbra
    Aura Finesse
--> Sporecap Spider
    Stalwart Shield-Bearers
    Jwari Scuttler
    Contaminated Ground
    Survival Cache
    Forest

--: Zulaport Enforcer

--: Leaf Arrow

Pack 1 pick 8:
    Zulaport Enforcer
    Repel the Darkness
    Wrap in Flames
--> Leaf Arrow
    Death Cultist
    Shrivel
    Suffer the Past
    Mountain

--: Grotag Siege-Runner

--: Soulbound Guardians

Pack 1 pick 9:
    Grotag Siege-Runner
    Essence Feed
    Eel Umbra
    Raid Bombardment
    Death Cultist
--> Soulbound Guardians
    Mountain

--: Sphinx-Bone Wand

--: Deprive

Pack 1 pick 10:
    Grotag Siege-Runner
    Goblin Tunneler
--> Deprive
    Fissure Vent
    Sphinx-Bone Wand
    Forest

--: Shared Discovery

--: Shared Discovery

Pack 1 pick 11:
--> Shared Discovery
    Wrap in Flames
    Jwari Scuttler
    Skeletal Wurm
    Swamp

--: Aura Finesse

--: Shrivel

Pack 1 pick 12:
    Aura Finesse
    Harmless Assault
--> Shrivel
    Forest

--: Lay Bare

--: Dread Drone

Pack 1 pick 13:
    Lay Bare
--> Dread Drone
    Island

--: Lagac Lizard

--: Lagac Lizard

Pack 1 pick 14:
--> Lagac Lizard
    Mountain

--: Aura Finesse

--: Aura Finesse

Pack 1 pick 15:
--> Aura Finesse

--: Consuming Vapors

--: Overgrown Battlement

------ ROE ------ 

Pack 2 pick 1:
    Champion's Drake
    Brood Birthing
    Repel the Darkness
--> Overgrown Battlement
    Null Champion
    Emrakul's Hatcher
    Nighthaze
    Living Destiny
    Demonic Appetite
    Nest Invader
    Nirkana Cutthroat
    Prey's Vengeance
    Affa Guard Hound
    Consuming Vapors
    Forest

--: Realms Uncharted

--: Dawnglare Invoker

Pack 2 pick 2:
--> Dawnglare Invoker
    Goblin Tunneler
    Lay Bare
    Vendetta
    Guard Duty
    Daggerback Basilisk
    Battle-Rattle Shaman
    Induce Despair
    Lavafume Invoker
    Wall of Omens
    Warmonger's Chariot
    Curse of Wizardry
    Realms Uncharted
    Plains

--: Kiln Fiend

--: Beastbreaker of Bala Ged

Pack 2 pick 3:
    Kiln Fiend
    Repel the Darkness
    Vendetta
    Ancient Stirrings
    Frostwind Invoker
    Ondu Giant
    Dread Drone
    Hyena Umbra
    Vent Sentinel
    Domestication
--> Beastbreaker of Bala Ged
    Reality Spasm
    Plains

--: Deprive

--: Narcolepsy

Pack 2 pick 4:
    Deprive
    Might of the Masses
    Eland Umbra
--> Narcolepsy
    Vent Sentinel
    Last Kiss
    Hand of Emrakul
    Zof Shade
    Oust
    Rapacious One
    Enatu Golem
    Swamp

--: Dormant Gomazoa

--: Kor Line-Slinger

Pack 2 pick 5:
    Fissure Vent
--> Kor Line-Slinger
    Might of the Masses
    Regress
    Stomper Cub
    Spawning Breath
    Hand of Emrakul
    Pennon Blade
    Luminous Wake
    Dormant Gomazoa
    Swamp

--: Surrakar Spellblade

--: Nema Siltlurker

Pack 2 pick 6:
    Living Destiny
    Fissure Vent
    Contaminated Ground
    Spider Umbra
    Demystify
--> Nema Siltlurker
    Suffer the Past
    Irresistible Prey
    Surrakar Spellblade
    Mountain

--: Haze Frog

--: Halimar Wavewatch

Pack 2 pick 7:
    Haze Frog
--> Halimar Wavewatch
    Repel the Darkness
    Naturalize
    Demonic Appetite
    Goblin Arsonist
    Glory Seeker
    Traitorous Instinct
    Plains

--: Kor Line-Slinger

--: Kor Line-Slinger

Pack 2 pick 8:
--> Kor Line-Slinger
    Shared Discovery
    Harmless Assault
    Contaminated Ground
    Venerated Teacher
    Demystify
    Akoum Boulderfoot
    Mountain

--: Champion's Drake

--: Affa Guard Hound

Pack 2 pick 9:
    Champion's Drake
    Repel the Darkness
    Nighthaze
    Living Destiny
    Demonic Appetite
--> Affa Guard Hound
    Forest

--: Realms Uncharted

--: Warmonger's Chariot

Pack 2 pick 10:
    Lay Bare
    Battle-Rattle Shaman
--> Warmonger's Chariot
    Curse of Wizardry
    Realms Uncharted
    Plains

--: Kiln Fiend

--: Ancient Stirrings

Pack 2 pick 11:
    Kiln Fiend
    Repel the Darkness
--> Ancient Stirrings
    Hyena Umbra
    Plains

--: Deprive

--: Enatu Golem

Pack 2 pick 12:
    Deprive
    Eland Umbra
--> Enatu Golem
    Swamp

--: Dormant Gomazoa

--: Dormant Gomazoa

Pack 2 pick 13:
    Fissure Vent
--> Dormant Gomazoa
    Swamp

--: Fissure Vent

--: Mountain

Pack 2 pick 14:
    Fissure Vent
--> Mountain

--: Plains

--: Plains

Pack 2 pick 15:
--> Plains

--: It That Betrays

--: Beastbreaker of Bala Ged

------ ROE ------ 

Pack 3 pick 1:
    Demonic Appetite
    Nest Invader
    Glory Seeker
    Fissure Vent
    Demystify
    Raid Bombardment
    Ulamog's Crusher
    Fleeting Distraction
    Ogre Sentry
    Stalwart Shield-Bearers
    Domestication
--> Beastbreaker of Bala Ged
    Reality Spasm
    It That Betrays
    Plains

--: Living Destiny

--: Nema Siltlurker

Pack 3 pick 2:
    Living Destiny
    Perish the Thought
    Fissure Vent
    Kor Line-Slinger
    Contaminated Ground
    Lone Missionary
    Raid Bombardment
    Spider Umbra
    Demystify
--> Nema Siltlurker
    Skittering Invasion
    Akoum Boulderfoot
    Enatu Golem
    Island

--: Dormant Gomazoa

--: Prophetic Prism

Pack 3 pick 3:
    Brood Birthing
    Makindi Griffin
    Ancient Stirrings
    Zulaport Enforcer
--> Prophetic Prism
    Nighthaze
    Living Destiny
    Demonic Appetite
    Corpsehatch
    Affa Guard Hound
    Suffer the Past
    Dormant Gomazoa
    Swamp

--: Mortician Beetle

--: Pelakka Wurm

Pack 3 pick 4:
    Null Champion
    Emrakul's Hatcher
    Skywatcher Adept
    Wildheart Invoker
    Raid Bombardment
    Fleeting Distraction
    Frostwind Invoker
    Pathrazer of Ulamog
--> Pelakka Wurm
    Broodwarden
    Mortician Beetle
    Plains

--: Bloodthrone Vampire

--: Ulamog's Crusher

Pack 3 pick 5:
    Bloodthrone Vampire
    Merfolk Observer
--> Ulamog's Crusher
    Leaf Arrow
    Jwari Scuttler
    Harmless Assault
    Wrap in Flames
    Contaminated Ground
    Skeletal Wurm
    Gravity Well
    Forest

--: Smite

--: Caravan Escort

Pack 3 pick 6:
    Smite
    Bloodrite Invoker
    Champion's Drake
    Snake Umbra
--> Caravan Escort
    Dread Drone
    See Beyond
    Pawn of Ulamog
    Broodwarden
    Island

--: Champion's Drake

--: Leaf Arrow

Pack 3 pick 7:
    Champion's Drake
    Repel the Darkness
    Null Champion
--> Leaf Arrow
    Jwari Scuttler
    Harmless Assault
    Wrap in Flames
    Affa Guard Hound
    Forest

--: Umbra Mystic

--: Soulbound Guardians

Pack 3 pick 8:
    Distortion Strike
    Goblin Tunneler
    Spider Umbra
    Jwari Scuttler
    Pennon Blade
--> Soulbound Guardians
    Umbra Mystic
    Forest

--: Demonic Appetite

--: Glory Seeker

Pack 3 pick 9:
    Demonic Appetite
--> Glory Seeker
    Fissure Vent
    Raid Bombardment
    Fleeting Distraction
    Ogre Sentry
    Plains

--: Living Destiny

--: Demystify

Pack 3 pick 10:
    Living Destiny
    Fissure Vent
    Contaminated Ground
    Spider Umbra
--> Demystify
    Island

--: Dormant Gomazoa

--: Dormant Gomazoa

Pack 3 pick 11:
    Nighthaze
    Demonic Appetite
    Suffer the Past
--> Dormant Gomazoa
    Swamp

--: Mortician Beetle

--: Mortician Beetle

Pack 3 pick 12:
    Raid Bombardment
    Fleeting Distraction
--> Mortician Beetle
    Plains

--: Contaminated Ground

--: Skeletal Wurm

Pack 3 pick 13:
    Contaminated Ground
--> Skeletal Wurm
    Forest

--: Dread Drone

--: Dread Drone

Pack 3 pick 14:
--> Dread Drone
    Island

--: Jwari Scuttler

--: Jwari Scuttler

Pack 3 pick 15:
--> Jwari Scuttler

