Event #: 10072145
Time:    05/09/2016 13:03:31
Players:
    Wangjun_cn
    blackestwish
    ton___ton
--> NecroGB1
    pappagentil
    ComedyKid
    G8rtim
    MtG_Skinner

--: Stitcher's Graft

--: Nebelgast Herald

--: Nebelgast Herald

------ EMN ------ 

Pack 1 pick 1:
    Boon of Emrakul
    Take Inventory
    Tattered Haunter
    Woodland Patrol
    Weirded Vampire
    Borrowed Hostility
    Cathar's Shield
    Lunarch Mantle
    Fogwalker
--> Nebelgast Herald
    Slayer's Cleaver
    Graf Harvest
    Stitcher's Graft
    Ulvenwald Captive
    Forest

--: Providence

--: Tattered Haunter

--: Tattered Haunter

Pack 1 pick 2:
--> Tattered Haunter
    Dawn Gryff
    Otherworldly Outburst
    It of the Horrid Swarm
    Certain Death
    Fiend Binder
    Cathar's Shield
    Fogwalker
    Stensia Innkeeper
    Whispers of Emrakul
    Geist of the Lonely Vigil
    Lunar Force
    Providence
    Swamp

--: Splendid Reclamation

--: Drag Under

--: Borrowed Grace

Pack 1 pick 3:
    Waxing Moon
    Drag Under
--> Borrowed Grace
    Woodcutter's Grit
    Certain Death
    Make Mischief
    Faithbearer Paladin
    Spontaneous Mutation
    Stensia Banquet
    Gnarlwood Dryad
    Splendid Reclamation
    Vildin-Pack Outcast
    Forest

--: Drag Under

--: Dawn Gryff

--: Dawn Gryff

Pack 1 pick 4:
    Drag Under
    Otherworldly Outburst
--> Dawn Gryff
    It of the Horrid Swarm
    Succumb to Temptation
    Falkenrath Reaver
    Ironwright's Cleansing
    Enlightened Maniac
    Bold Impaler
    Mockery of Nature
    Nephalia Academy
    Forest

--: Drag Under

--: Vexing Scuttler

--: Vexing Scuttler

Pack 1 pick 5:
    Drag Under
    Otherworldly Outburst
    It of the Horrid Swarm
    Succumb to Temptation
    Terrarion
    Stensia Banquet
    Guardian of Pilgrims
    Convolute
--> Vexing Scuttler
    Vildin-Pack Outcast
    Swamp

--: Eternal Scourge

--: Exultant Cultist

Pack 1 pick 6:
    Strange Augmentation
    Backwoods Survivalists
    Skirsdag Supplicant
    Crossroads Consecrator
    Laboratory Brute
    Prophetic Ravings
    Lunarch Mantle
--> Exultant Cultist
    Eternal Scourge
    Mountain

--: Strange Augmentation

--: Mercurial Geists

--: Mercurial Geists

Pack 1 pick 7:
    Strange Augmentation
    Cemetery Recruitment
    Crossroads Consecrator
    Faithbearer Paladin
    Convolute
    Falkenrath Reaver
    Ironwright's Cleansing
--> Mercurial Geists
    Mountain

--: Waxing Moon

--: Falkenrath Reaver

Pack 1 pick 8:
    Waxing Moon
    Swift Spinner
    Gavony Unhallowed
--> Falkenrath Reaver
    Ironwright's Cleansing
    Stensia Banquet
    Nephalia Academy
    Island

--: Take Inventory

--: Fogwalker

Pack 1 pick 9:
    Take Inventory
    Weirded Vampire
    Borrowed Hostility
    Cathar's Shield
--> Fogwalker
    Slayer's Cleaver
    Forest

--: Otherworldly Outburst

--: Fogwalker

--: Fogwalker

--: Fogwalker

Pack 1 pick 10:
    Otherworldly Outburst
    Cathar's Shield
--> Fogwalker
    Geist of the Lonely Vigil
    Lunar Force
    Swamp

--: Waxing Moon

--: Make Mischief

Pack 1 pick 11:
    Waxing Moon
    Woodcutter's Grit
--> Make Mischief
    Stensia Banquet
    Forest

--: Ironwright's Cleansing

--: Bold Impaler

Pack 1 pick 12:
    Ironwright's Cleansing
--> Bold Impaler
    Nephalia Academy
    Forest

--: Otherworldly Outburst

--: Otherworldly Outburst

Pack 1 pick 13:
--> Otherworldly Outburst
    Stensia Banquet
    Swamp

--: Prophetic Ravings

--: Prophetic Ravings

Pack 1 pick 14:
--> Prophetic Ravings
    Mountain

--: Mountain

Pack 1 pick 15:
--> Mountain

--: Collective Brutality

--: Scour the Laboratory

--: Collective Brutality

--: Collective Brutality

------ EMN ------ 

Pack 2 pick 1:
    Prey Upon
    Cultist's Staff
    Woodcutter's Grit
    Certain Death
    Swift Spinner
    Make Mischief
    Ironwright's Cleansing
    Displace
    Falkenrath Reaver
    Ride Down
    Insatiable Gorgers
    Scour the Laboratory
--> Collective Brutality
    Conduit of Storms
    Island

--: Deploy the Gatewatch

--: Thermo-Alchemist

--: Thermo-Alchemist

Pack 2 pick 2:
    Choking Restraints
    Boon of Emrakul
    Springsage Ritual
    Grapple with the Past
    Weirded Vampire
    Borrowed Hostility
    Thraben Standard Bearer
    Contingency Plan
--> Thermo-Alchemist
    Slayer's Cleaver
    Furyblade Vampire
    Deploy the Gatewatch
    Conduit of Storms
    Swamp

--: Borrowed Grace

--: Subjugator Angel

--: Guardian of Pilgrims

--: Drag Under

--: Drag Under

Pack 2 pick 3:
    Borrowed Grace
--> Drag Under
    Bloodbriar
    Borrowed Malevolence
    Wolfkin Bond
    Guardian of Pilgrims
    Displace
    Terrarion
    Make Mischief
    Subjugator Angel
    Crop Sigil
    Extricator of Sin
    Forest

--: Stitcher's Graft

--: Weaver of Lightning

--: Weaver of Lightning

Pack 2 pick 4:
    Brazen Wolves
    Prey Upon
    Waxing Moon
    Swift Spinner
    Field Creeper
    Steadfast Cathar
    Bold Impaler
    Markov Crusader
    Mournwillow
--> Weaver of Lightning
    Stitcher's Graft
    Forest

--: Sigarda's Aid

--: Alchemist's Greeting

Pack 2 pick 5:
    Desperate Sentry
    Skirsdag Supplicant
--> Alchemist's Greeting
    Field Creeper
    Spectral Reserves
    Laboratory Brute
    Vampire Cutthroat
    Ride Down
    Sigarda's Aid
    Graf Rats
    Forest

--: Cultist's Staff

--: Mercurial Geists

Pack 2 pick 6:
    Cultist's Staff
    Dawn Gryff
    It of the Horrid Swarm
    Fiend Binder
    Contingency Plan
    Stensia Innkeeper
--> Mercurial Geists
    Insatiable Gorgers
    Dusk Feaster
    Forest

--: Springsage Ritual

--: Vildin-Pack Outcast

Pack 2 pick 7:
    Springsage Ritual
    Thraben Foulbloods
    Laboratory Brute
    Prophetic Ravings
    Thraben Standard Bearer
    Thirsting Axe
    Blessed Alliance
--> Vildin-Pack Outcast
    Plains

--: Strange Augmentation

--: Borrowed Hostility

Pack 2 pick 8:
    Strange Augmentation
    Thraben Foulbloods
    Prophetic Ravings
    Lunarch Mantle
--> Borrowed Hostility
    Give No Ground
    Deranged Whelp
    Island

--: Woodcutter's Grit

--: Make Mischief

Pack 2 pick 9:
    Woodcutter's Grit
--> Make Mischief
    Ironwright's Cleansing
    Displace
    Falkenrath Reaver
    Ride Down
    Island

--: Deploy the Gatewatch

--: Furyblade Vampire

Pack 2 pick 10:
    Thraben Standard Bearer
    Contingency Plan
    Slayer's Cleaver
--> Furyblade Vampire
    Deploy the Gatewatch
    Swamp

--: Wolfkin Bond

Pack 2 pick 11:
    Wolfkin Bond
    Guardian of Pilgrims
--> Displace
    Make Mischief
    Forest

--: Stitcher's Graft

Pack 2 pick 12:
    Waxing Moon
    Steadfast Cathar
--> Stitcher's Graft
    Forest

--: Skirsdag Supplicant

Pack 2 pick 13:
    Skirsdag Supplicant
--> Spectral Reserves
    Forest

--: Contingency Plan

Pack 2 pick 14:
--> Contingency Plan
    Forest

--: Plains

Pack 2 pick 15:
--> Plains

--: Prized Amalgam

--: Fiery Temper

------ SOI ------ 

Pack 3 pick 1:
    Catalog
    Survive the Night
    Stitched Mangler
    Murderous Compulsion
--> Fiery Temper
    Root Out
    Farbog Revenant
    Rush of Adrenaline
    Intrepid Provisioner
    Moonlight Hunt
    Gryff's Boon
    Crawling Sensation
    Prized Amalgam
    Heir of Falkenrath
    Mountain

--: Inquisitor's Ox

--: Lightning Axe

Pack 3 pick 2:
    Inquisitor's Ox
    Just the Wind
    Cathar's Companion
    Wicker Witch
    Strength of Arms
    Magmatic Chasm
    Twins of Maurer Estate
    Insolent Neonate
    Aim High
    Haunted Cloak
--> Lightning Axe
    Erdwal Illuminator
    Convicted Killer
    Plains

--: Furtive Homunculus

Pack 3 pick 3:
    Furtive Homunculus
    Angelic Purge
    Vessel of Paramnesia
    Emissary of the Sleepless
    Alms of the Vein
    Reduce to Ashes
    Confront the Unknown
    Dead Weight
    Ethereal Guidance
    Ghoulsteed
--> Rise from the Tides
    Lambholt Pacifist
    Plains

--: Sleep Paralysis

--: Broken Concentration

Pack 3 pick 4:
    Sleep Paralysis
    Inquisitor's Ox
    Silent Observer
    Hulking Devil
    Thornhide Wolves
    Ember-Eye Wolf
    Equestrian Skill
    Bloodmad Vampire
--> Broken Concentration
    Graf Mole
    Woodland Stream
    Island

--: Cryptolith Rite

Pack 3 pick 5:
    Lamplighter of Selhoff
    Puncturing Light
    Loam Dryad
    Wicker Witch
    Strength of Arms
    Byway Courier
    Grotesque Mutation
--> Dissension in the Ranks
    Veteran Cathar
    Cryptolith Rite
    Plains

--: Ever After

--: Broken Concentration

Pack 3 pick 6:
    Expose Evil
    Furtive Homunculus
    Devilthorn Fox
    Hound of the Farbogs
    Shamble Back
    Byway Courier
--> Broken Concentration
    Ulvenwald Mysteries
    Ever After
    Forest

--: Press for Answers

--: Press for Answers

Pack 3 pick 7:
--> Press for Answers
    Nagging Thoughts
    Drownyard Explorers
    Vessel of Malignity
    Uncaged Fury
    Olivia's Bloodsworn
    Ongoing Investigation
    Pious Evangel
    Forest

--: Jace's Scrutiny

--: Jace's Scrutiny

Pack 3 pick 8:
--> Jace's Scrutiny
    Dauntless Cathar
    Ghostly Wings
    Vessel of Malignity
    Vampire Noble
    Cult of the Waxing Moon
    Paranoid Parish-Blade
    Island

--: Catalog

Pack 3 pick 9:
--> Catalog
    Survive the Night
    Root Out
    Farbog Revenant
    Intrepid Provisioner
    Crawling Sensation
    Mountain

--: Inquisitor's Ox

Pack 3 pick 10:
    Inquisitor's Ox
    Cathar's Companion
--> Magmatic Chasm
    Twins of Maurer Estate
    Aim High
    Plains

--: Furtive Homunculus

--: Furtive Homunculus

Pack 3 pick 11:
--> Furtive Homunculus
    Vessel of Paramnesia
    Confront the Unknown
    Ethereal Guidance
    Plains

--: Hulking Devil

Pack 3 pick 12:
    Hulking Devil
--> Bloodmad Vampire
    Woodland Stream
    Island

--: Lamplighter of Selhoff

Pack 3 pick 13:
--> Lamplighter of Selhoff
    Wicker Witch
    Plains

--: Byway Courier

Pack 3 pick 14:
--> Byway Courier
    Forest

--: Forest

Pack 3 pick 15:
--> Forest

