Event #: 10072669
Time:    05/09/2016 17:20:22
Players:
    mtgdungeon
    kollaps
    Nathaniel2020
    Mulldrifter
    NWgrillin
    Murdercles
--> NecroGB1
    Nulyan

--: Sanctifier of Souls

--: Sanctifier of Souls

------ EMN ------ 

Pack 1 pick 1:
    Strange Augmentation
    Sigardian Priest
    Wretched Gryff
    Woodcutter's Grit
    Certain Death
    Field Creeper
    Spectral Reserves
    Laboratory Brute
    Prophetic Ravings
    Somberwald Stag
    Abundant Maw
    Mercurial Geists
--> Sanctifier of Souls
    Shrill Howler
    Swamp

--: Ingenious Skaab

--: Choking Restraints

Pack 1 pick 2:
    Ingenious Skaab
--> Choking Restraints
    Springsage Ritual
    Borrowed Malevolence
    Wolfkin Bond
    Laboratory Brute
    Prophetic Ravings
    Lunarch Mantle
    Exultant Cultist
    Fortune's Favor
    Geist-Fueled Scarecrow
    Graf Harvest
    Graf Rats
    Island

--: Dawn Gryff

--: Brazen Wolves

Pack 1 pick 3:
    Dawn Gryff
--> Brazen Wolves
    Grapple with the Past
    Primal Druid
    Falkenrath Reaver
    Ironwright's Cleansing
    Enlightened Maniac
    Bold Impaler
    Mercurial Geists
    Insatiable Gorgers
    Dusk Feaster
    Vildin-Pack Outcast
    Mountain

--: Hanweir Battlements

--: Backwoods Survivalists

Pack 1 pick 4:
    Hanweir Battlements
    Sigardian Priest
--> Backwoods Survivalists
    Swift Spinner
    Gavony Unhallowed
    Spectral Reserves
    Laboratory Brute
    Prophetic Ravings
    Lunarch Mantle
    Shreds of Sanity
    Emrakul's Influence
    Cryptolith Fragment

--: Ulvenwald Observer

--: Brazen Wolves

Pack 1 pick 5:
--> Brazen Wolves
    Waxing Moon
    Cemetery Recruitment
    Borrowed Hostility
    Thraben Standard Bearer
    Cathar's Shield
    Exultant Cultist
    Mockery of Nature
    Nephalia Academy
    Ulvenwald Observer
    Island

--: Dawn Gryff

--: Fiend Binder

Pack 1 pick 6:
    Dawn Gryff
    Cultist's Staff
    Succumb to Temptation
    Woodcutter's Grit
--> Fiend Binder
    Turn Aside
    Field Creeper
    Long Road Home
    Ruthless Disposal
    Mountain

--: Sigardian Priest

--: Sigardian Priest

Pack 1 pick 7:
--> Sigardian Priest
    Swift Spinner
    Lunarch Mantle
    Exultant Cultist
    Borrowed Hostility
    Thraben Standard Bearer
    Give No Ground
    Graf Rats
    Swamp

--: Borrowed Grace

--: Ironclad Slayer

Pack 1 pick 8:
    Borrowed Grace
    Succumb to Temptation
    Bloodbriar
    Stensia Innkeeper
--> Ironclad Slayer
    Turn Aside
    Crop Sigil
    Mountain

--: Strange Augmentation

--: Spectral Reserves

Pack 1 pick 9:
    Strange Augmentation
    Sigardian Priest
    Field Creeper
--> Spectral Reserves
    Laboratory Brute
    Prophetic Ravings
    Swamp

--: Springsage Ritual

Pack 1 pick 10:
    Springsage Ritual
    Borrowed Malevolence
    Laboratory Brute
--> Prophetic Ravings
    Fortune's Favor
    Island

--: Primal Druid

Pack 1 pick 11:
    Primal Druid
--> Falkenrath Reaver
    Ironwright's Cleansing
    Bold Impaler
    Mountain

--: Prophetic Ravings

Pack 1 pick 12:
    Prophetic Ravings
    Lunarch Mantle
--> Shreds of Sanity
    Emrakul's Influence

--: Cathar's Shield

Pack 1 pick 13:
--> Cathar's Shield
    Nephalia Academy
    Island

--: Cultist's Staff

Pack 1 pick 14:
--> Cultist's Staff
    Mountain

--: Swamp

Pack 1 pick 15:
--> Swamp

--: Tree of Perdition

--: Smoldering Werewolf

------ EMN ------ 

Pack 2 pick 1:
    Prey Upon
    Cultist's Staff
    Olivia's Dragoon
    Woodcutter's Grit
    Wailing Ghoul
    Fiend Binder
    Contingency Plan
    Stensia Innkeeper
    Ironclad Slayer
    Rise from the Grave
    Thirsting Axe
    Mockery of Nature
    Tree of Perdition
--> Smoldering Werewolf
    Swamp

--: Heron's Grace Champion

--: Ride Down

Pack 2 pick 2:
    Otherworldly Outburst
    Olivia's Dragoon
    Bloodbriar
    Borrowed Malevolence
    Fiend Binder
    Cathar's Shield
    Fogwalker
    Stensia Innkeeper
--> Ride Down
    Drogskol Shieldmate
    Dusk Feaster
    Heron's Grace Champion
    Tangleclaw Werewolf
    Plains

--: Sanctifier of Souls

--: Sanctifier of Souls

Pack 2 pick 3:
    Borrowed Grace
    Drag Under
    Olivia's Dragoon
    Bloodbriar
    Wailing Ghoul
    Stensia Innkeeper
    Ironclad Slayer
    Contingency Plan
    Thermo-Alchemist
    Give No Ground
--> Sanctifier of Souls
    Midnight Scavengers
    Swamp

--: Tattered Haunter

--: Field Creeper

Pack 2 pick 4:
    Tattered Haunter
    Cultist's Staff
    Skirsdag Supplicant
    Grapple with the Past
--> Field Creeper
    Borrowed Malevolence
    Spontaneous Mutation
    Bold Impaler
    Geist of the Archives
    Markov Crusader
    Midnight Scavengers
    Island

--: Brazen Wolves

Pack 2 pick 5:
    Brazen Wolves
    Prey Upon
    Gavony Unhallowed
    Wolfkin Bond
--> Fiend Binder
    Contingency Plan
    Borrowed Hostility
    Thraben Standard Bearer
    Ruthless Disposal
    Blood Mist
    Plains

--: Sigardian Priest

Pack 2 pick 6:
    Sigardian Priest
    Cultist's Staff
    Succumb to Temptation
    Woodcutter's Grit
    Spectral Reserves
    Turn Aside
    Alchemist's Greeting
--> Ironclad Slayer
    Give No Ground
    Forest

--: Ulvenwald Observer

--: Courageous Outrider

Pack 2 pick 7:
    Distemper of the Blood
    Certain Death
    Swift Spinner
    Laboratory Brute
    Prophetic Ravings
    Thraben Standard Bearer
--> Courageous Outrider
    Ulvenwald Observer
    Mountain

--: Otherworldly Outburst

Pack 2 pick 8:
    Otherworldly Outburst
    Gavony Unhallowed
    Woodland Patrol
    Succumb to Temptation
    Cathar's Shield
    Thraben Standard Bearer
--> Geist of the Lonely Vigil
    Mountain

--: Woodcutter's Grit

Pack 2 pick 9:
    Woodcutter's Grit
    Wailing Ghoul
--> Fiend Binder
    Stensia Innkeeper
    Rise from the Grave
    Thirsting Axe
    Swamp

--: Otherworldly Outburst

Pack 2 pick 10:
    Otherworldly Outburst
    Olivia's Dragoon
--> Fiend Binder
    Cathar's Shield
    Stensia Innkeeper
    Plains

--: Borrowed Grace

Pack 2 pick 11:
--> Borrowed Grace
    Wailing Ghoul
    Contingency Plan
    Give No Ground
    Swamp

--: Cultist's Staff

Pack 2 pick 12:
    Cultist's Staff
    Borrowed Malevolence
--> Bold Impaler
    Island

--: Contingency Plan

Pack 2 pick 13:
    Contingency Plan
--> Thraben Standard Bearer
    Plains

--: Spectral Reserves

Pack 2 pick 14:
--> Spectral Reserves
    Forest

--: Mountain

Pack 2 pick 15:
--> Mountain

--: Invocation of Saint Traft

--: Thraben Inspector

------ SOI ------ 

Pack 3 pick 1:
    Devilthorn Fox
    Catalog
--> Thraben Inspector
    Magmatic Chasm
    Ghoulcaller's Accomplice
    True-Faith Censer
    Fork in the Road
    Throttle
    Sanguinary Mage
    Drunau Corpse Trawler
    Hope Against Hope
    Forsaken Sanctuary
    Invocation of Saint Traft
    Solitary Hunter
    Plains

--: Choked Estuary

Pack 3 pick 2:
    Niblis of Dusk
    Silburlind Snapper
    Equestrian Skill
    Macabre Waltz
    Pyre Hound
    Might Beyond Reason
    Stromkirk Mentor
    Seagraf Skaab
    Epitaph Golem
    Pale Rider of Trostad
    Fleeting Memories
--> Choked Estuary
    Uninvited Geist
    Island

--: Silburlind Snapper

Pack 3 pick 3:
    Silburlind Snapper
    Militant Inquisitor
    Stormrider Spirit
    Tormenting Voice
    Root Out
    Rottenheart Ghoul
    Reduce to Ashes
    Moorland Drifter
    Dissension in the Ranks
    Malevolent Whispers
--> Tenacity
    Skin Invasion
    Forest

--: Pieces of the Puzzle

Pack 3 pick 4:
    Pieces of the Puzzle
    Expose Evil
    Furtive Homunculus
    Merciless Resolve
    Hulking Devil
    Kessig Dire Swine
    Ember-Eye Wolf
    Strength of Arms
    Veteran Cathar
--> Tenacity
    Murderer's Axe
    Forest

--: Harness the Storm

Pack 3 pick 5:
    Unruly Mob
    Pieces of the Puzzle
    Thraben Inspector
    Bloodmad Vampire
    Apothecary Geist
    Stallion of Ashmouth
    Howlpack Wolf
    Shamble Back
--> Topplegeist
    Harness the Storm
    Plains

--: Stern Constable

Pack 3 pick 6:
    Stern Constable
--> Dauntless Cathar
    Shard of Broken Glass
    Sanitarium Skeleton
    Moorland Drifter
    Uncaged Fury
    Grotesque Mutation
    Cult of the Waxing Moon
    Gatstaf Arsonists
    Swamp

--: Puncturing Light

Pack 3 pick 7:
--> Puncturing Light
    Silent Observer
    Alms of the Vein
    Vessel of Volatility
    Invasive Surgery
    Crawling Sensation
    Highland Lake
    Harvest Hand
    Island

--: Stern Constable

Pack 3 pick 8:
    Stern Constable
    Nagging Thoughts
    Farbog Revenant
--> Rush of Adrenaline
    Ethereal Guidance
    Gisa's Bidding
    Mad Prophet
    Plains

--: Devilthorn Fox

Pack 3 pick 9:
    Devilthorn Fox
    Catalog
    Magmatic Chasm
    Fork in the Road
--> Hope Against Hope
    Forsaken Sanctuary
    Plains

--: Silburlind Snapper

--: Epitaph Golem

Pack 3 pick 10:
    Silburlind Snapper
    Pyre Hound
    Stromkirk Mentor
    Seagraf Skaab
--> Epitaph Golem
    Island

--: Silburlind Snapper

Pack 3 pick 11:
    Silburlind Snapper
--> Tormenting Voice
    Root Out
    Dissension in the Ranks
    Forest

--: Pieces of the Puzzle

Pack 3 pick 12:
    Pieces of the Puzzle
    Merciless Resolve
--> Hulking Devil
    Forest

--: Pieces of the Puzzle

Pack 3 pick 13:
--> Pieces of the Puzzle
    Shamble Back
    Plains

--: Shard of Broken Glass

Pack 3 pick 14:
--> Shard of Broken Glass
    Swamp

--: Island

Pack 3 pick 15:
--> Island

