Event #: 1016
Time:    16.09.2016 19:56:15
Players:
    DaneQuixote
    jannilinos
    EstyzBaln
--> toxicfrog
    mitchcasa
    brandonm
    kojirogg
    Dubby

--: Stitcher's Graft

--: Faith Unbroken

--: Vexing Scuttler

--: Faith Unbroken

--: Faith Unbroken

------ EMN ------ 

Pack 1 pick 1:
    Springsage Ritual
    Boon of Emrakul
    Tattered Haunter
    Cemetery Recruitment
    Primal Druid
    Terrarion
    Displace
    Falkenrath Reaver
    Ironwright's Cleansing
    Vexing Scuttler
--> Faith Unbroken
    Gnarlwood Dryad
    Stitcher's Graft
    Midnight Scavengers
    Plains

--: Borrowed Grace

--: Ulvenwald Captive

--: Ulvenwald Captive

Pack 1 pick 2:
    Borrowed Grace
    Otherworldly Outburst
    Prey Upon
    Wailing Ghoul
    Grapple with the Past
    Borrowed Hostility
    Cathar's Shield
    Lunarch Mantle
    Fogwalker
    Mockery of Nature
    Long Road Home
    Ruthless Disposal
--> Ulvenwald Captive
    Island

--: Harmless Offering

--: Kessig Prowler

--: Kessig Prowler

--: Kessig Prowler

Pack 1 pick 3:
    Sigardian Priest
    Take Inventory
    Certain Death
    Swift Spinner
    Guardian of Pilgrims
    Convolute
    Make Mischief
    Faithbearer Paladin
    Geist of the Archives
    Markov Crusader
    Harmless Offering
--> Kessig Prowler
    Swamp

--: Strange Augmentation

--: Sigardian Priest

--: Sigardian Priest

--: Sigardian Priest

--: Sigardian Priest

Pack 1 pick 4:
    Strange Augmentation
--> Sigardian Priest
    Backwoods Survivalists
    Swift Spinner
    Cemetery Recruitment
    Fiend Binder
    Cathar's Shield
    Fogwalker
    Stensia Innkeeper
    Slayer's Cleaver
    Graf Harvest
    Swamp

--: Stromkirk Condemned

--: Alchemist's Greeting

--: Alchemist's Greeting

Pack 1 pick 5:
    Distemper of the Blood
    Woodcutter's Grit
    Turn Aside
--> Alchemist's Greeting
    Field Creeper
    Spectral Reserves
    Whispers of Emrakul
    Geist of the Lonely Vigil
    Lunar Force
    Stromkirk Condemned
    Plains

--: Borrowed Malevolence

--: Furyblade Vampire

--: Furyblade Vampire

Pack 1 pick 6:
    Borrowed Malevolence
    Woodcutter's Grit
    Certain Death
    Ironwright's Cleansing
    Displace
    Bold Impaler
    Repel the Abominable
    Whispers of Emrakul
--> Furyblade Vampire
    Mountain

--: Backwoods Survivalists

--: Tangleclaw Werewolf

--: Tangleclaw Werewolf

Pack 1 pick 7:
    Backwoods Survivalists
    Cultist's Staff
    Swift Spinner
--> Tangleclaw Werewolf
    Stensia Innkeeper
    Ironclad Slayer
    Vampire Cutthroat
    Drogskol Shieldmate
    Mountain

--: Otherworldly Outburst

--: Exultant Cultist

--: Lunarch Mantle

Pack 1 pick 8:
    Otherworldly Outburst
    Succumb to Temptation
    Laboratory Brute
    Prophetic Ravings
--> Lunarch Mantle
    Exultant Cultist
    Prying Questions
    Forest

--: Stitcher's Graft

--: Stitcher's Graft

--: Stitcher's Graft

Pack 1 pick 9:
    Springsage Ritual
    Cemetery Recruitment
    Terrarion
    Displace
    Falkenrath Reaver
--> Stitcher's Graft
    Plains

--: Otherworldly Outburst

Pack 1 pick 10:
    Otherworldly Outburst
    Wailing Ghoul
    Cathar's Shield
    Fogwalker
--> Long Road Home
    Island

--: Harmless Offering

Pack 1 pick 11:
--> Swift Spinner
    Convolute
    Make Mischief
    Harmless Offering
    Swamp

--: Strange Augmentation

Pack 1 pick 12:
    Strange Augmentation
--> Slayer's Cleaver
    Graf Harvest
    Swamp

--: Distemper of the Blood

Pack 1 pick 13:
--> Distemper of the Blood
    Lunar Force
    Plains

--: Whispers of Emrakul

Pack 1 pick 14:
--> Whispers of Emrakul
    Mountain

--: Mountain

Pack 1 pick 15:
--> Mountain

--: Hanweir Battlements

------ EMN ------ 

Pack 2 pick 1:
    Hanweir Battlements
    Sigardian Priest
    Backwoods Survivalists
    Borrowed Malevolence
    Woodcutter's Grit
    Contingency Plan
    Thermo-Alchemist
    Fiend Binder
    Turn Aside
--> Incendiary Flow
    Liliana's Elite
    Lashweed Lurker
    Summary Dismissal
    Grizzled Angler
    Plains

--: Ulvenwald Observer

Pack 2 pick 2:
--> Brazen Wolves
    Otherworldly Outburst
    Grapple with the Past
    Gavony Unhallowed
    Thraben Standard Bearer
    Exultant Cultist
    Borrowed Hostility
    Cathar's Shield
    Vampire Cutthroat
    Ride Down
    Drogskol Shieldmate
    Ulvenwald Observer
    Vildin-Pack Outcast
    Swamp

--: Cultist's Staff

Pack 2 pick 3:
    Cultist's Staff
    Dawn Gryff
    Crossroads Consecrator
    Gavony Unhallowed
    Woodland Patrol
    Convolute
    Make Mischief
    Terrarion
    Displace
    Prying Questions
    Geist of the Lonely Vigil
--> Lone Rider
    Island

--: Eldritch Evolution

--: Springsage Ritual

Pack 2 pick 4:
    Springsage Ritual
    Boon of Emrakul
    Eldritch Evolution
    Wolfkin Bond
    Skirsdag Supplicant
    Guardian of Pilgrims
    Enlightened Maniac
    Falkenrath Reaver
    Mockery of Nature
    Nephalia Academy
--> Ulvenwald Captive
    Swamp

--: Splendid Reclamation

Pack 2 pick 5:
    Borrowed Grace
--> Waxing Moon
    Cemetery Recruitment
    Crossroads Consecrator
    Spontaneous Mutation
    Stensia Banquet
    Ironwright's Cleansing
    Displace
    Crop Sigil
    Splendid Reclamation
    Swamp

--: Providence

Pack 2 pick 6:
    Waxing Moon
    Gavony Unhallowed
    Wolfkin Bond
    Enlightened Maniac
    Stensia Banquet
    Guardian of Pilgrims
    Convolute
    Long Road Home
--> Providence
    Forest

--: Take Inventory

Pack 2 pick 7:
    Take Inventory
    Cemetery Recruitment
    Crossroads Consecrator
    Field Creeper
    Steadfast Cathar
    Nephalia Academy
    Rise from the Grave
--> Ulvenwald Captive
    Forest

--: Take Inventory

Pack 2 pick 8:
    Take Inventory
    Ingenious Skaab
    Swift Spinner
    Field Creeper
--> Spectral Reserves
    Laboratory Brute
    Graf Rats
    Plains

--: Summary Dismissal

Pack 2 pick 9:
--> Woodcutter's Grit
    Contingency Plan
    Turn Aside
    Liliana's Elite
    Summary Dismissal
    Grizzled Angler
    Plains

--: Otherworldly Outburst

Pack 2 pick 10:
    Otherworldly Outburst
--> Grapple with the Past
    Thraben Standard Bearer
    Cathar's Shield
    Ride Down
    Swamp

--: Crossroads Consecrator

Pack 2 pick 11:
    Crossroads Consecrator
--> Woodland Patrol
    Displace
    Prying Questions
    Island

--: Springsage Ritual

Pack 2 pick 12:
    Springsage Ritual
--> Wolfkin Bond
    Nephalia Academy
    Swamp

--: Cemetery Recruitment

Pack 2 pick 13:
--> Cemetery Recruitment
    Displace
    Swamp

--: Waxing Moon

Pack 2 pick 14:
--> Waxing Moon
    Forest

--: Forest

Pack 2 pick 15:
--> Forest

--: Second Harvest

------ SOI ------ 

Pack 3 pick 1:
    Thraben Inspector
    Niblis of Dusk
    Unruly Mob
    Loam Dryad
    Strength of Arms
    Magmatic Chasm
    Howlpack Wolf
    Stoic Builder
    Shamble Back
    Ravenous Bloodseeker
    Liliana's Indignation
--> Ulrich's Kindred
    Second Harvest
    Gatstaf Arsonists
    Forest

--: Ever After

Pack 3 pick 2:
    Press for Answers
    Inquisitor's Ox
    True-Faith Censer
    Seagraf Skaab
    Bloodmad Vampire
    Uncaged Fury
    Byway Courier
    Grotesque Mutation
    Trail of Evidence
    Topplegeist
    Morkrut Necropod
    Ever After
--> Neglected Heirloom
    Plains

--: Stormrider Spirit

Pack 3 pick 3:
    Stormrider Spirit
    Stern Constable
    Press for Answers
    Rush of Adrenaline
--> Rabid Bite
    Alms of the Vein
    Reduce to Ashes
    Confront the Unknown
    Hope Against Hope
    Forsaken Sanctuary
    Biting Rain
    Gatstaf Arsonists
    Island

--: Falkenrath Gorger

--: Byway Courier

--: Byway Courier

Pack 3 pick 4:
    Inquisitor's Ox
    Silent Observer
    Sanitarium Skeleton
    Shard of Broken Glass
    Gone Missing
    Vessel of Malignity
    Uncaged Fury
--> Byway Courier
    Groundskeeper
    Skeleton Key
    Falkenrath Gorger
    Forest

--: Vessel of Paramnesia

--: Byway Courier

--: Byway Courier

Pack 3 pick 5:
    Vessel of Paramnesia
    Chaplain's Blessing
    Stallion of Ashmouth
    Senseless Rage
    Loam Dryad
--> Byway Courier
    Grotesque Mutation
    Vampire Noble
    Open the Armory
    Tooth Collector
    Plains

--: Emissary of the Sleepless

Pack 3 pick 6:
    Emissary of the Sleepless
    Stern Constable
    Warped Landscape
    Hound of the Farbogs
    Structural Distortion
    Dissension in the Ranks
    Veteran Cathar
    Tenacity
--> Kessig Forgemaster
    Swamp

--: Vessel of Paramnesia

Pack 3 pick 7:
    Vessel of Paramnesia
    Chaplain's Blessing
    Ghoulcaller's Accomplice
--> Loam Dryad
    Fork in the Road
    Throttle
    Not Forgotten
    Fleeting Memories
    Mountain

--: Corrupted Grafstone

Pack 3 pick 8:
    Ghostly Wings
    Equestrian Skill
    Macabre Waltz
    Ethereal Guidance
    Epitaph Golem
    Corrupted Grafstone
--> Convicted Killer
    Forest

--: Second Harvest

Pack 3 pick 9:
    Loam Dryad
    Magmatic Chasm
    Stoic Builder
    Shamble Back
    Liliana's Indignation
--> Second Harvest
    Forest

--: Ever After

Pack 3 pick 10:
    Inquisitor's Ox
    Seagraf Skaab
    Grotesque Mutation
    Trail of Evidence
--> Ever After
    Plains

--: Press for Answers

Pack 3 pick 11:
    Press for Answers
--> Rush of Adrenaline
    Alms of the Vein
    Confront the Unknown
    Island

--: Shard of Broken Glass

Pack 3 pick 12:
    Shard of Broken Glass
    Vessel of Malignity
--> Groundskeeper
    Forest

--: Vessel of Paramnesia

Pack 3 pick 13:
    Vessel of Paramnesia
--> Open the Armory
    Plains

--: Dissension in the Ranks

Pack 3 pick 14:
--> Dissension in the Ranks
    Swamp

--: Vessel of Paramnesia

Pack 3 pick 15:
--> Vessel of Paramnesia

