Event #: 10175738
Time:    10/20/2016 9:02:57 PM
Players:
    NemesisParadigm
    wmdsb
    FritzDies
    Reclusive_Jedi
    sutehiro
--> Floppel
    Joelo246
    andyNalan

--: Soul Separator

--: Sigardian Priest

--: Furyblade Vampire

--: Furyblade Vampire

------ EMN ------ 

Pack 1 pick 1:
    Strange Augmentation
    Sigardian Priest
    Weirded Vampire
    Primal Druid
    Skirsdag Supplicant
    Spontaneous Mutation
    Stensia Banquet
    Faithbearer Paladin
    Enlightened Maniac
    Repel the Abominable
    Whispers of Emrakul
--> Furyblade Vampire
    Soul Separator
    Lone Rider
    Swamp

--: Coax from the Blind Eternities

--: Blessed Alliance

--: Olivia's Dragoon

--: Olivia's Dragoon

Pack 1 pick 2:
    Cultist's Staff
--> Olivia's Dragoon
    Desperate Sentry
    Wailing Ghoul
    Bloodbriar
    Field Creeper
    Spectral Reserves
    Laboratory Brute
    Prophetic Ravings
    Campaign of Vengeance
    Thirsting Axe
    Blessed Alliance
    Coax from the Blind Eternities
    Swamp

--: Hanweir Battlements

--: Blood Mist

Pack 1 pick 3:
    Hanweir Battlements
    Drag Under
    Grapple with the Past
    Thraben Foulbloods
    Primal Druid
    Falkenrath Reaver
    Steadfast Cathar
    Convolute
    Make Mischief
    Long Road Home
--> Blood Mist
    Sigarda's Aid
    Mountain

--: Mausoleum Wanderer

--: Midnight Scavengers

--: Midnight Scavengers

Pack 1 pick 4:
    Springsage Ritual
    Tattered Haunter
    Dawn Gryff
    Thraben Foulbloods
    Displace
    Falkenrath Reaver
    Faithbearer Paladin
    Field Creeper
    Crop Sigil
    Mausoleum Wanderer
--> Midnight Scavengers
    Island

--: Borrowed Grace

--: Gavony Unhallowed

--: Gavony Unhallowed

Pack 1 pick 5:
    Borrowed Grace
    Otherworldly Outburst
--> Gavony Unhallowed
    Wolfkin Bond
    Exultant Cultist
    Stensia Innkeeper
    Ironclad Slayer
    Turn Aside
    Rise from the Grave
    Thirsting Axe
    Plains

--: Brazen Wolves

--: Brazen Wolves

--: Brazen Wolves

Pack 1 pick 6:
--> Brazen Wolves
    Waxing Moon
    Gavony Unhallowed
    Wolfkin Bond
    Ironclad Slayer
    Turn Aside
    Field Creeper
    Geist of the Archives
    Graf Rats
    Mountain

--: Otherworldly Outburst

--: Skirsdag Supplicant

--: Skirsdag Supplicant

Pack 1 pick 7:
    Otherworldly Outburst
    Wolfkin Bond
--> Skirsdag Supplicant
    Crossroads Consecrator
    Bold Impaler
    Steadfast Cathar
    Stensia Banquet
    Abundant Maw
    Island

--: Stromkirk Condemned

--: Stromkirk Condemned

--: Stromkirk Condemned

Pack 1 pick 8:
    Take Inventory
    Woodcutter's Grit
    Thermo-Alchemist
    Fiend Binder
    Contingency Plan
    Stensia Innkeeper
--> Stromkirk Condemned
    Forest

--: Soul Separator

--: Weirded Vampire

--: Weirded Vampire

--: Weirded Vampire

--: Weirded Vampire

Pack 1 pick 9:
    Strange Augmentation
--> Weirded Vampire
    Skirsdag Supplicant
    Stensia Banquet
    Repel the Abominable
    Soul Separator
    Swamp

--: Coax from the Blind Eternities

--: Cultist's Staff

Pack 1 pick 10:
--> Cultist's Staff
    Prophetic Ravings
    Campaign of Vengeance
    Thirsting Axe
    Coax from the Blind Eternities
    Swamp

--: Sigarda's Aid

--: Falkenrath Reaver

Pack 1 pick 11:
--> Falkenrath Reaver
    Steadfast Cathar
    Long Road Home
    Sigarda's Aid
    Mountain

--: Springsage Ritual

--: Thraben Foulbloods

Pack 1 pick 12:
    Springsage Ritual
--> Thraben Foulbloods
    Displace
    Island

--: Borrowed Grace

Pack 1 pick 13:
    Borrowed Grace
--> Thirsting Axe
    Plains

--: Turn Aside

Pack 1 pick 14:
--> Turn Aside
    Mountain

--: Island

Pack 1 pick 15:
--> Island

--: Dark Salvation

--: Alchemist's Greeting

--: Dark Salvation

--: Dark Salvation

--: Dark Salvation

------ EMN ------ 

Pack 2 pick 1:
    Otherworldly Outburst
    Dawn Gryff
    Prey Upon
    Cemetery Recruitment
    Crossroads Consecrator
    Thermo-Alchemist
    Fiend Binder
    Turn Aside
    Alchemist's Greeting
    Geist-Fueled Scarecrow
    Fortune's Favor
    Prying Questions
--> Dark Salvation
    Graf Rats
    Mountain

--: Bloodhall Priest

--: Bloodhall Priest

--: Bloodhall Priest

Pack 2 pick 2:
    Distemper of the Blood
    Choking Restraints
    Boon of Emrakul
    Swift Spinner
    Cemetery Recruitment
    Thraben Standard Bearer
    Exultant Cultist
    Thermo-Alchemist
    Fiend Binder
    Graf Harvest
    Geist of the Archives
--> Bloodhall Priest
    Extricator of Sin
    Mountain

--: Springsage Ritual

--: Boon of Emrakul

--: Boon of Emrakul

--: Boon of Emrakul

--: Boon of Emrakul

Pack 2 pick 3:
    Springsage Ritual
--> Boon of Emrakul
    Tattered Haunter
    Swift Spinner
    Cemetery Recruitment
    Terrarion
    Make Mischief
    Faithbearer Paladin
    Convolute
    Vexing Scuttler
    Gnarlwood Dryad
    Kessig Prowler
    Forest

--: Otherworldly Outburst

--: Brazen Wolves

--: Brazen Wolves

Pack 2 pick 4:
    Otherworldly Outburst
--> Brazen Wolves
    Wolfkin Bond
    Skirsdag Supplicant
    Crossroads Consecrator
    Make Mischief
    Ironwright's Cleansing
    Displace
    Falkenrath Reaver
    Crop Sigil
    Drownyard Behemoth
    Mountain

--: Providence

--: Vildin-Pack Outcast

--: Vildin-Pack Outcast

Pack 2 pick 5:
    Borrowed Grace
    Waxing Moon
    Wolfkin Bond
    Skirsdag Supplicant
    Terrarion
    Bold Impaler
    Guardian of Pilgrims
    Nephalia Academy
    Providence
--> Vildin-Pack Outcast
    Mountain

--: Backwoods Survivalists

--: Borrowed Hostility

--: Borrowed Hostility

Pack 2 pick 6:
    Backwoods Survivalists
    Distemper of the Blood
    Swift Spinner
    Gavony Unhallowed
    Exultant Cultist
--> Borrowed Hostility
    Cathar's Shield
    Slayer's Cleaver
    Furyblade Vampire
    Forest

--: Waxing Moon

--: Stensia Innkeeper

Pack 2 pick 7:
    Waxing Moon
    Borrowed Grace
    Gavony Unhallowed
    Contingency Plan
--> Stensia Innkeeper
    Turn Aside
    Ride Down
    Chilling Grasp
    Swamp

--: Springsage Ritual

--: Vildin-Pack Outcast

Pack 2 pick 8:
    Springsage Ritual
    Terrarion
    Wailing Ghoul
    Field Creeper
    Bold Impaler
    Give No Ground
--> Vildin-Pack Outcast
    Swamp

--: Otherworldly Outburst

--: Otherworldly Outburst

--: Otherworldly Outburst

Pack 2 pick 9:
--> Otherworldly Outburst
    Cemetery Recruitment
    Crossroads Consecrator
    Turn Aside
    Fortune's Favor
    Prying Questions
    Mountain

--: Distemper of the Blood

--: Distemper of the Blood

--: Distemper of the Blood

Pack 2 pick 10:
--> Distemper of the Blood
    Cemetery Recruitment
    Thraben Standard Bearer
    Graf Harvest
    Geist of the Archives
    Mountain

--: Springsage Ritual

--: Cemetery Recruitment

Pack 2 pick 11:
    Springsage Ritual
--> Cemetery Recruitment
    Make Mischief
    Convolute
    Forest

--: Otherworldly Outburst

--: Otherworldly Outburst

Pack 2 pick 12:
--> Otherworldly Outburst
    Skirsdag Supplicant
    Displace
    Mountain

--: Providence

--: Bold Impaler

Pack 2 pick 13:
--> Bold Impaler
    Providence
    Mountain

--: Distemper of the Blood

--: Distemper of the Blood

Pack 2 pick 14:
--> Distemper of the Blood
    Forest

--: Swamp

Pack 2 pick 15:
--> Swamp

--: Deathcap Cultivator

--: Stensia Masquerade

--: Stensia Masquerade

------ SOI ------ 

Pack 3 pick 1:
    Inquisitor's Ox
    Just the Wind
    Cathar's Companion
    Magmatic Chasm
    Apothecary Geist
    Drownyard Explorers
    Vampire Noble
    Howlpack Wolf
    Stoic Builder
--> Stensia Masquerade
    Moonlight Hunt
    Gryff's Boon
    Deathcap Cultivator
    Hinterland Logger
    Forest

--: Declaration in Stone

Pack 3 pick 2:
    Thraben Inspector
    Niblis of Dusk
    Unruly Mob
    Gone Missing
    Moldgraf Scavenger
    Ethereal Guidance
    Howlpack Wolf
    Throttle
    Moonlight Hunt
    Compelling Deterrence
    Wild-Field Scarecrow
--> Declaration in Stone
    Uninvited Geist
    Plains

--: Fortified Village

--: Rush of Adrenaline

--: Fortified Village

Pack 3 pick 3:
    Thraben Inspector
    Silburlind Snapper
    Militant Inquisitor
    Farbog Revenant
    Rush of Adrenaline
    Alms of the Vein
    Hound of the Farbogs
    Ethereal Guidance
    Runaway Carriage
    Stitchwing Skaab
--> Fortified Village
    Autumnal Gloom
    Swamp

--: Emissary of the Sleepless

--: Bloodmad Vampire

--: Bloodmad Vampire

Pack 3 pick 4:
    Emissary of the Sleepless
    Jace's Scrutiny
    Rancid Rats
    Dual Shot
    Quilled Wolf
    Merciless Resolve
    Hulking Devil
--> Bloodmad Vampire
    Stone Quarry
    Gryff's Boon
    Town Gossipmonger
    Plains

--: Vessel of Paramnesia

--: Gibbering Fiend

--: Reduce to Ashes

--: Reduce to Ashes

Pack 3 pick 5:
    Vessel of Paramnesia
    Angelic Purge
    Root Out
    Rottenheart Ghoul
--> Reduce to Ashes
    Alms of the Vein
    True-Faith Censer
    Reckless Scholar
    Gibbering Fiend
    Village Messenger
    Mountain

--: Inquisitor's Ox

--: Grotesque Mutation

--: Grotesque Mutation

Pack 3 pick 6:
    Inquisitor's Ox
    Survive the Night
    Loam Dryad
    Wicker Witch
    Strength of Arms
--> Grotesque Mutation
    Structural Distortion
    Reaper of Flight Moonsilver
    Convicted Killer
    Forest

--: Stern Constable

--: Creeping Dread

Pack 3 pick 7:
    Stern Constable
    Press for Answers
--> Moldgraf Scavenger
    Fork in the Road
    Shamble Back
    Howlpack Wolf
    Creeping Dread
    Convicted Killer
    Mountain

--: Dauntless Cathar

--: Bloodmad Vampire

--: Bloodmad Vampire

Pack 3 pick 8:
    Dauntless Cathar
    Ghostly Wings
    Farbog Revenant
    Rush of Adrenaline
--> Bloodmad Vampire
    Ravenous Bloodseeker
    Ulrich's Kindred
    Swamp

--: Inquisitor's Ox

--: Magmatic Chasm

Pack 3 pick 9:
    Inquisitor's Ox
    Cathar's Companion
--> Magmatic Chasm
    Howlpack Wolf
    Moonlight Hunt
    Hinterland Logger
    Forest

--: Unruly Mob

Pack 3 pick 10:
    Unruly Mob
    Gone Missing
    Ethereal Guidance
--> Howlpack Wolf
    Moonlight Hunt
    Plains

--: Militant Inquisitor

Pack 3 pick 11:
    Militant Inquisitor
    Alms of the Vein
    Ethereal Guidance
--> Runaway Carriage
    Swamp

--: Emissary of the Sleepless

Pack 3 pick 12:
    Emissary of the Sleepless
--> Hulking Devil
    Town Gossipmonger
    Plains

--: Vessel of Paramnesia

Pack 3 pick 13:
    Vessel of Paramnesia
--> Alms of the Vein
    Mountain

--: Inquisitor's Ox

Pack 3 pick 14:
--> Inquisitor's Ox
    Forest

--: Mountain

Pack 3 pick 15:
--> Mountain

