Event #: 1113342
Time:    10/14/2015 1:23:45 PM
Players:
--> MrMarlon
    player2
    player3
    player4
    player5
    player6
    player7
    player8

------ BFZ ------ 

Pack 1 pick 1:
    Forest
    Salvage Drone
    Benthic Infiltrator
    Lavastep Raider
    Kalastria Healer
    Mortuary Mire
    Demon's Grasp
    Sandstone Bridge
    Stone Haven Medic
    Dominator Drone
    Wave-Wing Elemental
--> Stasis Snare
    Tajuru Warcaller
    Carrier Thrall
    Scatter to the Winds

Pack 1 pick 2:
    Swamp
    Ruin Processor
    Scour from Existence
    Geyserfield Stalker
    Kozilek's Channeler
    Wave-Wing Elemental
    Oran-Rief Invoker
    Plummet
    Stone Haven Medic
    Lithomancer's Focus
--> Complete Disregard
    Ulamog's Nullifier
    Grove Rumbler
    Zulaport Cutthroat

Pack 1 pick 3:
    Mountain
    Seek the Wilds
    Kozilek's Channeler
    Evolving Wilds
    Bone Splinters
    Scour from Existence
    Blisterpod
    Kalastria Healer
    Silent Skimmer
--> Clutch of Currents
    Windrider Patrol
    Herald of Kozilek
    Skitterskin

Pack 1 pick 4:
    Forest
    Tightening Coils
    Spell Shrivel
    Courier Griffin
    Call the Scions
    Rush of Ice
--> Clutch of Currents
    Geyserfield Stalker
    Mire's Malice
    Cryptic Cruiser
    Jaddi Offshoot
    Ally Encampment

Pack 1 pick 5:
    Mountain
    Call the Scions
    Ondu Greathorn
    Murk Strider
    Mortuary Mire
    Oran-Rief Invoker
    Stone Haven Medic
--> Benthic Infiltrator
    Skitterskin
    Infuse with the Elements
    Ulamog's Reclaimer

Pack 1 pick 6:
    Swamp
    Fortified Rampart
    Reckless Cohort
    Felidar Cub
--> Gideon's Reproach
    Makindi Patrol
    Skyline Cascade
    Looming Spires
    Kozilek's Sentinel
    Horribly Awry

Pack 1 pick 7:
    Island
    Kalastria Nightwatch
    Ondu Greathorn
    Natural Connection
    Oran-Rief Invoker
    Dispel
--> Courier Griffin
    Volcanic Upheaval
    Hagra Sharpshooter

Pack 1 pick 8:
    Mountain
    Sandstone Bridge
    Giant Mantis
    Angelic Gift
    Roilmage's Trick
    Kalastria Nightwatch
    Mind Raker
--> Outnumber

Pack 1 pick 9:
    Forest
--> Salvage Drone
    Lavastep Raider
    Kalastria Healer
    Mortuary Mire
    Sandstone Bridge
    Stone Haven Medic

Pack 1 pick 10:
    Scour from Existence
    Geyserfield Stalker
    Wave-Wing Elemental
    Oran-Rief Invoker
    Stone Haven Medic
--> Lithomancer's Focus

Pack 1 pick 11:
    Mountain
    Seek the Wilds
--> Bone Splinters
    Scour from Existence
    Kalastria Healer

Pack 1 pick 12:
--> Tightening Coils
    Courier Griffin
    Rush of Ice
    Mire's Malice

Pack 1 pick 13:
    Mountain
    Call the Scions
--> Stone Haven Medic

Pack 1 pick 14:
    Swamp
--> Fortified Rampart

Pack 1 pick 15:
--> Island

------ BFZ ------ 

Pack 2 pick 1:
    Swamp
    Tandem Tactics
    Nirkana Assassin
    Kitesail Scout
    Cloud Manta
    Salvage Drone
    Valakut Invoker
    Scour from Existence
    Shadow Glider
--> Smite the Monstrous
    Angelic Gift
    Blighted Cataract
    Rolling Thunder
    Drana's Emissary
    Shrine of the Forsaken Gods

Pack 2 pick 2:
    Island
    Mortuary Mire
    Nirkana Assassin
    Courier Griffin
    Tandem Tactics
    Dutiful Return
    Geyserfield Stalker
    Dispel
    Makindi Sliderunner
    Boiling Earth
--> Expedition Envoy
    Rot Shambler
    Kor Entanglers
    Veteran Warleader

Pack 2 pick 3:
    Swamp
    Spell Shrivel
    Dispel
    Nirkana Assassin
    Snapping Gnarlid
    Anticipate
    Valakut Invoker
    Fertile Thicket
    Outnumber
    Geyserfield Stalker
    Murasa Ranger
    Windrider Patrol
--> Lantern Scout

Pack 2 pick 4:
    Windswept Heath
    Skyline Cascade
    Earthen Arms
    Dispel
    Blisterpod
    Natural Connection
--> Ondu Greathorn
    Kalastria Healer
    Valakut Invoker
    Cryptic Cruiser
    Tajuru Warcaller
    Plated Crusher

Pack 2 pick 5:
    Marsh Flats
    Ghostly Sentinel
    Natural Connection
    Oran-Rief Invoker
    Kitesail Scout
    Ondu Greathorn
--> Tightening Coils
    Looming Spires
    Stone Haven Medic
    Felidar Cub
    Bloodbond Vampire

Pack 2 pick 6:
    Swamp
    Geyserfield Stalker
    Lavastep Raider
    Goblin War Paint
    Dutiful Return
    Dispel
--> Evolving Wilds
    Spell Shrivel
    Kalastria Nightwatch
    Sanctum of Ugin

Pack 2 pick 7:
    Plains
    Altar's Reap
    Tandem Tactics
    Mortuary Mire
    Unnatural Aggression
    Giant Mantis
--> Lithomancer's Focus
    Akoum Stonewaker
    Transgress the Mind

Pack 2 pick 8:
    Plains
    Fertile Thicket
--> Rush of Ice
    Mind Raker
    Smite the Monstrous
    Natural Connection
    Cryptic Cruiser
    Sanctum of Ugin

Pack 2 pick 9:
    Tandem Tactics
    Nirkana Assassin
    Kitesail Scout
    Valakut Invoker
    Angelic Gift
--> Blighted Cataract
    Shrine of the Forsaken Gods

Pack 2 pick 10:
    Island
    Nirkana Assassin
--> Courier Griffin
    Tandem Tactics
    Geyserfield Stalker
    Boiling Earth

Pack 2 pick 11:
    Swamp
--> Dispel
    Nirkana Assassin
    Anticipate
    Fertile Thicket

Pack 2 pick 12:
--> Windswept Heath
    Earthen Arms
    Dispel
    Blisterpod

Pack 2 pick 13:
    Kitesail Scout
--> Ondu Greathorn
    Stone Haven Medic

Pack 2 pick 14:
    Swamp
--> Dutiful Return

Pack 2 pick 15:
--> Plains

------ BFZ ------ 

Pack 3 pick 1:
    Swamp
    Silent Skimmer
    Sludge Crawler
    Smite the Monstrous
    Oran-Rief Invoker
    Touch of the Void
    Tajuru Beastmaster
    Outnumber
    Nettle Drone
    Kalastria Nightwatch
    Hedron Blade
    Akoum Stonewaker
    Grove Rumbler
    Sylvan Scrying
--> Hero of Goma Fada

Pack 3 pick 2:
    Forest
    Territorial Baloth
    Valakut Invoker
    Touch of the Void
    Oran-Rief Invoker
    Felidar Cub
    Kozilek's Sentinel
    Fertile Thicket
    Goblin War Paint
    Roilmage's Trick
--> Angel of Renewal
    Skitterskin
    Scythe Leopard
    Dust Stalker

Pack 3 pick 3:
    Forest
    Vestige of Emrakul
    Demon's Grasp
    Looming Spires
    Cloud Manta
    Kozilek's Sentinel
    Outnumber
    Broodhunter Wurm
    Touch of the Void
    Inspired Charge
    Crumble to Dust
    Skyrider Elf
--> Encircling Fissure

Pack 3 pick 4:
    Plains
    Sure Strike
    Silent Skimmer
    Looming Spires
    Hedron Blade
    Valakut Predator
    Lavastep Raider
    Reclaiming Vines
    Skyline Cascade
    Tide Drifter
--> Adverse Conditions
    Prairie Stream

Pack 3 pick 5:
    Island
    Voracious Null
    Call the Scions
--> Benthic Infiltrator
    Rush of Ice
    Dominator Drone
    Kitesail Scout
    Outnumber
    Molten Nursery
    Processor Assault
    Hagra Sharpshooter

Pack 3 pick 6:
    Island
    Goblin War Paint
    Dominator Drone
    Fortified Rampart
    Ondu Champion
    Voracious Null
    Tandem Tactics
--> Cliffside Lookout
    Angelic Gift
    Retreat to Hagra

Pack 3 pick 7:
    Mountain
    Altar's Reap
    Mire's Malice
--> Dispel
    Oran-Rief Invoker
    Reckless Cohort
    Lavastep Raider
    Kalastria Nightwatch
    Natural Connection

Pack 3 pick 8:
    Forest
    Ghostly Sentinel
    Courier Griffin
    Looming Spires
--> Shadow Glider
    Cliffside Lookout
    Lavastep Raider
    Bring to Light

Pack 3 pick 9:
    Smite the Monstrous
--> Touch of the Void
    Outnumber
    Kalastria Nightwatch
    Hedron Blade
    Akoum Stonewaker
    Sylvan Scrying

Pack 3 pick 10:
--> Felidar Cub
    Kozilek's Sentinel
    Fertile Thicket
    Goblin War Paint
    Roilmage's Trick
    Scythe Leopard

Pack 3 pick 11:
    Vestige of Emrakul
    Looming Spires
    Inspired Charge
    Crumble to Dust
--> Skyrider Elf

Pack 3 pick 12:
    Silent Skimmer
    Looming Spires
    Lavastep Raider
--> Skyline Cascade

Pack 3 pick 13:
    Voracious Null
    Kitesail Scout
--> Molten Nursery

Pack 3 pick 14:
--> Tandem Tactics
    Angelic Gift

Pack 3 pick 15:
--> Mire's Malice

