Event #: 1229196
Time:    10/14/2015 1:23:45 PM
Players:
--> MrMarlon
    player2
    player3
    player4
    player5
    player6
    player7
    player8

------ BFZ ------ 

Pack 1 pick 1:
    Swamp
    Kalastria Healer
    Mind Raker
    Bone Splinters
    Natural Connection
    Oran-Rief Invoker
    Ruin Processor
    Tightening Coils
    Culling Drone
    Makindi Sliderunner
    Scour from Existence
--> Tajuru Warcaller
    Titan's Presence
    Blighted Steppe
    Lumbering Falls

Pack 1 pick 2:
    Mountain
    Stone Haven Medic
    Swarm Surge
    Anticipate
    Looming Spires
    Smite the Monstrous
    Blisterpod
    Rush of Ice
    Altar's Reap
    Tightening Coils
    Salvage Drone
--> Brood Monitor
    Halimar Tidecaller
    Ulamog's Reclaimer

Pack 1 pick 3:
    Mountain
    Goblin War Paint
    Seek the Wilds
    Nirkana Assassin
    Cliffside Lookout
    Tajuru Stalwart
    Hedron Blade
    Courier Griffin
    Altar's Reap
    Skitterskin
--> Dampening Pulse
    Encircling Fissure
    Sanctum of Ugin

Pack 1 pick 4:
    Mountain
    Rush of Ice
    Mist Intruder
    Seek the Wilds
    Spell Shrivel
    Snapping Gnarlid
    Fertile Thicket
--> Incubator Drone
    Kalastria Healer
    Blighted Fen
    Expedition Envoy
    Guul Draz Overseer

Pack 1 pick 5:
    Forest
    Vestige of Emrakul
--> Rush of Ice
    Boiling Earth
    Hedron Blade
    Demon's Grasp
    Voracious Null
    Unnatural Aggression
    Ondu Champion
    Breaker of Armies
    Scythe Leopard

Pack 1 pick 6:
    Forest
    Sludge Crawler
    Silent Skimmer
    Roilmage's Trick
    Salvage Drone
    Eldrazi Devastator
    Natural Connection
    Swell of Growth
    Fortified Rampart
--> Retreat to Emeria

Pack 1 pick 7:
    Island
--> Unnatural Aggression
    Valakut Predator
    Dispel
    Eldrazi Devastator
    Stonefury
    Fertile Thicket
    Unified Front
    Crumble to Dust

Pack 1 pick 8:
    Forest
    Fertile Thicket
    Spell Shrivel
    Plummet
    Angelic Gift
    Altar's Reap
--> Rush of Ice
    Aligned Hedron Network

Pack 1 pick 9:
    Swamp
    Mind Raker
    Natural Connection
--> Oran-Rief Invoker
    Ruin Processor
    Scour from Existence
    Blighted Steppe

Pack 1 pick 10:
    Mountain
    Swarm Surge
--> Anticipate
    Looming Spires
    Rush of Ice
    Altar's Reap

Pack 1 pick 11:
    Mountain
    Goblin War Paint
    Cliffside Lookout
--> Hedron Blade
    Altar's Reap

Pack 1 pick 12:
    Mountain
--> Rush of Ice
    Seek the Wilds
    Fertile Thicket

Pack 1 pick 13:
    Forest
    Boiling Earth
--> Ondu Champion

Pack 1 pick 14:
    Forest
--> Roilmage's Trick

Pack 1 pick 15:
--> Island

------ BFZ ------ 

Pack 2 pick 1:
    Mountain
    Kozilek's Sentinel
--> Incubator Drone
    Culling Drone
    Nirkana Assassin
    Giant Mantis
    Fertile Thicket
    Grave Birthing
    Mist Intruder
    Reclaiming Vines
    Altar's Reap
    Breaker of Armies
    Scythe Leopard
    Chasm Guide
    Smoldering Marsh

Pack 2 pick 2:
    Mountain
    Territorial Baloth
    Kitesail Scout
--> Lifespring Druid
    Giant Mantis
    Reclaiming Vines
    Incubator Drone
    Makindi Sliderunner
    Ondu Greathorn
    Demon's Grasp
    Tajuru Stalwart
    Plated Crusher
    Transgress the Mind
    Kor Bladewhirl

Pack 2 pick 3:
    Forest
    Lithomancer's Focus
    Clutch of Currents
    Giant Mantis
    Scour from Existence
    Reckless Cohort
    Anticipate
    Fortified Rampart
    Oran-Rief Invoker
    Ondu Champion
    Slab Hammer
--> Ulamog's Despoiler
    Molten Nursery

Pack 2 pick 4:
    Swamp
    Roilmage's Trick
    Dispel
    Spell Shrivel
    Courier Griffin
    Smite the Monstrous
    Coralhelm Guide
    Mire's Malice
    Herald of Kozilek
    Grovetender Druids
    Infuse with the Elements
--> Woodland Wanderer

Pack 2 pick 5:
    Culling Drone
    Territorial Baloth
    Brilliant Spectrum
    Mind Raker
    Scour from Existence
--> Incubator Drone
    Anticipate
    Blighted Cataract
    Crumble to Dust
    Malakir Familiar
    Defiant Bloodlord

Pack 2 pick 6:
    Stone Haven Medic
    Voracious Null
    Broodhunter Wurm
    Goblin War Paint
    Shadow Glider
    Dominator Drone
    Felidar Cub
    Vampiric Rites
--> Blighted Cataract
    Molten Nursery

Pack 2 pick 7:
    Island
    Sure Strike
    Broodhunter Wurm
    Brilliant Spectrum
    Lithomancer's Focus
    Belligerent Whiptail
--> Wave-Wing Elemental
    Retreat to Emeria
    Serene Steward

Pack 2 pick 8:
    Swamp
    Tightening Coils
    Looming Spires
    Swarm Surge
    Cliffside Lookout
    Sandstone Bridge
    Volcanic Upheaval
--> Blighted Woodland

Pack 2 pick 9:
    Mountain
    Kozilek's Sentinel
    Fertile Thicket
    Grave Birthing
--> Reclaiming Vines
    Altar's Reap
    Smoldering Marsh

Pack 2 pick 10:
    Mountain
    Kitesail Scout
    Giant Mantis
    Reclaiming Vines
--> Incubator Drone
    Tajuru Stalwart

Pack 2 pick 11:
    Forest
--> Lithomancer's Focus
    Reckless Cohort
    Fortified Rampart
    Molten Nursery

Pack 2 pick 12:
    Swamp
--> Roilmage's Trick
    Dispel
    Infuse with the Elements

Pack 2 pick 13:
    Brilliant Spectrum
--> Anticipate
    Crumble to Dust

Pack 2 pick 14:
--> Goblin War Paint
    Molten Nursery

Pack 2 pick 15:
--> Brilliant Spectrum

------ BFZ ------ 

Pack 3 pick 1:
    Swamp
--> Call the Scions
    Dutiful Return
    Giant Mantis
    Tandem Tactics
    Salvage Drone
    Grave Birthing
    Swarm Surge
    Oracle of Dust
    Boiling Earth
    Nirkana Assassin
    Bloodbond Vampire
    Void Attendant
    Roil Spout
    Conduit of Ruin

Pack 3 pick 2:
    Forest
    Inspired Charge
--> Eldrazi Skyspawner
    Benthic Infiltrator
    Lifespring Druid
    Voracious Null
    Clutch of Currents
    Call the Scions
    Spell Shrivel
    Kor Castigator
    Catacomb Sifter
    Chasm Guide
    Adverse Conditions
    Aligned Hedron Network

Pack 3 pick 3:
    Forest
--> Lifespring Druid
    Ondu Greathorn
    Shadow Glider
    Oracle of Dust
    Mind Raker
    Eyeless Watcher
    Makindi Patrol
    Grave Birthing
    Voracious Null
    Blighted Steppe
    Blighted Gorge
    Spawning Bed

Pack 3 pick 4:
    Island
    Murk Strider
    Hedron Blade
    Fertile Thicket
    Dominator Drone
    Bone Splinters
    Eyeless Watcher
    Eldrazi Devastator
    Grave Birthing
    Blighted Steppe
    Tajuru Warcaller
--> Woodland Wanderer

Pack 3 pick 5:
    Mountain
    Hedron Blade
--> Tightening Coils
    Vestige of Emrakul
    Dutiful Return
    Tajuru Beastmaster
    Lithomancer's Focus
    Rush of Ice
    Stonefury
    Jaddi Offshoot
    Molten Nursery

Pack 3 pick 6:
    Plains
    Tandem Tactics
--> Lifespring Druid
    Reclaiming Vines
    Mire's Malice
    Felidar Cub
    Cloud Manta
    Shatterskull Recruit
    Anticipate
    Dominator Drone

Pack 3 pick 7:
    Island
    Anticipate
    Swarm Surge
--> Tajuru Beastmaster
    Territorial Baloth
    Eyeless Watcher
    Giant Mantis
    Molten Nursery
    Turn Against

Pack 3 pick 8:
    Swamp
    Boiling Earth
    Mind Raker
    Nirkana Assassin
    Valakut Predator
    Roilmage's Trick
--> Swell of Growth
    Grove Rumbler

Pack 3 pick 9:
    Swamp
    Dutiful Return
--> Giant Mantis
    Tandem Tactics
    Grave Birthing
    Swarm Surge
    Boiling Earth

Pack 3 pick 10:
    Forest
    Voracious Null
    Call the Scions
    Spell Shrivel
--> Adverse Conditions
    Aligned Hedron Network

Pack 3 pick 11:
    Forest
    Shadow Glider
    Grave Birthing
    Blighted Gorge
--> Spawning Bed

Pack 3 pick 12:
    Island
    Fertile Thicket
    Grave Birthing
--> Tajuru Warcaller

Pack 3 pick 13:
    Mountain
    Stonefury
--> Jaddi Offshoot

Pack 3 pick 14:
    Plains
--> Reclaiming Vines

Pack 3 pick 15:
--> Molten Nursery

