Event #: 1234567
Time:    10/14/2015 1:23:45 PM
Players:
--> MrMarlon
    player2
    player3
    player4
    player5
    player6
    player7
    player8

------ BFZ ------ 

Pack 1 pick 1:
    Island
    Culling Drone
    Ondu Champion
    Kitesail Scout
--> Eldrazi Skyspawner
    Tajuru Beastmaster
    Shatterskull Recruit
    Mind Raker
    Valakut Predator
    Mire's Malice
    Sure Strike
    Jaddi Offshoot
    Pathway Arrows
    Skitterskin
    Sanctum of Ugin

Pack 1 pick 2:
    Forest
    Kitesail Scout
    Swell of Growth
    Silent Skimmer
    Voracious Null
    Skyline Cascade
    Felidar Cub
    Giant Mantis
    Scour from Existence
    Oracle of Dust
    Call the Scions
--> Brood Monitor
    Retreat to Coralhelm
    Smoldering Marsh

Pack 1 pick 3:
    Mountain
--> Unnatural Aggression
    Benthic Infiltrator
    Murk Strider
    Oran-Rief Invoker
    Reckless Cohort
    Ondu Champion
    Brilliant Spectrum
    Ruin Processor
    Transgress the Mind
    Blighted Gorge
    Ondu Rising
    Exert Influence

Pack 1 pick 4:
    Mountain
    Mind Raker
    Swarm Surge
    Plummet
    Dispel
    Valakut Invoker
    Mortuary Mire
--> Smite the Monstrous
    Nirkana Assassin
    Reckless Cohort
    Oracle of Dust
    Blighted Cataract

Pack 1 pick 5:
    Plummet
    Reckless Cohort
    Tajuru Beastmaster
    Tajuru Stalwart
--> Evolving Wilds
    Ruin Processor
    Courier Griffin
    Sure Strike
    Ondu Greathorn
    Ulamog's Reclaimer
    Skitterskin

Pack 1 pick 6:
    Swamp
    Unnatural Aggression
    Shatterskull Recruit
    Tajuru Beastmaster
    Goblin War Paint
    Valakut Invoker
    Lavastep Raider
    Natural Connection
    Reclaiming Vines
--> Angel of Renewal

Pack 1 pick 7:
    Mountain
    Oran-Rief Invoker
    Tandem Tactics
    Spell Shrivel
--> Kor Castigator
    Giant Mantis
    Salvage Drone
    Evolving Wilds
    Fertile Thicket

Pack 1 pick 8:
    Forest
    Hedron Blade
    Angelic Gift
--> Unnatural Aggression
    Salvage Drone
    Brilliant Spectrum
    Silent Skimmer
    Prism Array

Pack 1 pick 9:
    Island
    Kitesail Scout
    Mire's Malice
    Sure Strike
    Jaddi Offshoot
--> Skitterskin
    Sanctum of Ugin

Pack 1 pick 10:
    Forest
    Kitesail Scout
    Voracious Null
    Skyline Cascade
    Felidar Cub
--> Giant Mantis

Pack 1 pick 11:
    Mountain
    Reckless Cohort
    Brilliant Spectrum
    Transgress the Mind
--> Ondu Rising

Pack 1 pick 12:
    Mountain
    Dispel
    Mortuary Mire
--> Nirkana Assassin

Pack 1 pick 13:
    Reckless Cohort
    Ondu Greathorn
--> Ulamog's Reclaimer

Pack 1 pick 14:
    Swamp
--> Lavastep Raider

Pack 1 pick 15:
--> Mountain

------ BFZ ------ 

Pack 2 pick 1:
    Mountain
    Plummet
    Looming Spires
    Incubator Drone
    Tightening Coils
    Dutiful Return
    Grave Birthing
    Altar's Reap
    Boiling Earth
    Broodhunter Wurm
    Valakut Predator
    Retreat to Valakut
    Infuse with the Elements
    Hagra Sharpshooter
--> Endless One

Pack 2 pick 2:
    Plains
    Ondu Greathorn
--> Lifespring Druid
    Shadow Glider
    Looming Spires
    Skyline Cascade
    Cloud Manta
    Reckless Cohort
    Blisterpod
    Swell of Growth
    Benthic Infiltrator
    Skitterskin
    Jaddi Offshoot
    Aligned Hedron Network

Pack 2 pick 3:
    Plains
    Makindi Sliderunner
    Tandem Tactics
    Seek the Wilds
    Ghostly Sentinel
    Clutch of Currents
    Earthen Arms
    Fortified Rampart
    Belligerent Whiptail
    Blighted Gorge
--> Stasis Snare
    Slab Hammer
    Ruinous Path

Pack 2 pick 4:
    Swamp
    Felidar Cub
    Goblin War Paint
    Sheer Drop
    Reclaiming Vines
    Cliffside Lookout
    Ghostly Sentinel
    Fortified Rampart
    Brilliant Spectrum
--> Lifespring Druid
    Jaddi Offshoot
    Barrage Tyrant

Pack 2 pick 5:
    Swamp
    Culling Drone
    Sure Strike
    Looming Spires
    Natural Connection
    Angelic Gift
    Spell Shrivel
    Volcanic Upheaval
    Void Attendant
    Blighted Fen
--> Veteran Warleader

Pack 2 pick 6:
    Island
    Nirkana Assassin
    Dominator Drone
    Earthen Arms
    Cloud Manta
    Murk Strider
--> Oran-Rief Invoker
    Swarm Surge
    Crumble to Dust
    Skitterskin

Pack 2 pick 7:
    Swamp
    Coralhelm Guide
--> Sheer Drop
    Clutch of Currents
    Skyline Cascade
    Fortified Rampart
    Vampiric Rites
    Forerunner of Slaughter
    Exert Influence

Pack 2 pick 8:
    Forest
    Tajuru Stalwart
    Anticipate
    Culling Drone
    Goblin War Paint
--> Snapping Gnarlid
    Coralhelm Guide
    Blighted Gorge

Pack 2 pick 9:
    Mountain
    Looming Spires
    Dutiful Return
    Altar's Reap
    Retreat to Valakut
--> Infuse with the Elements
    Hagra Sharpshooter

Pack 2 pick 10:
    Plains
--> Ondu Greathorn
    Looming Spires
    Skyline Cascade
    Reckless Cohort
    Jaddi Offshoot

Pack 2 pick 11:
    Plains
    Tandem Tactics
--> Ghostly Sentinel
    Earthen Arms
    Blighted Gorge

Pack 2 pick 12:
    Swamp
    Felidar Cub
    Cliffside Lookout
--> Fortified Rampart

Pack 2 pick 13:
--> Angelic Gift
    Spell Shrivel
    Volcanic Upheaval

Pack 2 pick 14:
    Island
--> Crumble to Dust

Pack 2 pick 15:
--> Swamp

------ BFZ ------ 

Pack 3 pick 1:
    Mountain
    Courier Griffin
    Murk Strider
    Tandem Tactics
    Reclaiming Vines
    Nirkana Assassin
    Makindi Patrol
    Stone Haven Medic
    Reckless Cohort
    Kitesail Scout
    Mind Raker
    Processor Assault
--> Resolute Blademaster
    Blighted Cataract
    Barrage Tyrant

Pack 3 pick 2:
    Swamp
    Volcanic Upheaval
    Belligerent Whiptail
    Evolving Wilds
    Stone Haven Medic
    Kor Castigator
    Ghostly Sentinel
    Giant Mantis
    Swarm Surge
    Makindi Sliderunner
    Eldrazi Devastator
    Titan's Presence
--> Catacomb Sifter
    Conduit of Ruin

Pack 3 pick 3:
    Forest
--> Complete Disregard
    Murk Strider
    Spell Shrivel
    Kozilek's Sentinel
    Cloud Manta
    Makindi Sliderunner
    Silent Skimmer
    Roilmage's Trick
    Cliffside Lookout
    Belligerent Whiptail
    Rising Miasma
    Dampening Pulse

Pack 3 pick 4:
    Mountain
    Territorial Baloth
    Fortified Rampart
    Unnatural Aggression
    Shadow Glider
    Angelic Gift
--> Lithomancer's Focus
    Kitesail Scout
    Goblin War Paint
    Stone Haven Medic
    Coastal Discovery
    Retreat to Coralhelm

Pack 3 pick 5:
    Swamp
    Incubator Drone
    Kalastria Nightwatch
    Tajuru Beastmaster
    Sure Strike
    Touch of the Void
    Lavastep Raider
    Dominator Drone
    Turn Against
    Blighted Steppe
--> Canopy Vista

Pack 3 pick 6:
    Forest
    Oran-Rief Invoker
    Mortuary Mire
    Clutch of Currents
    Mire's Malice
    Kozilek's Sentinel
    Earthen Arms
    Zulaport Cutthroat
    Forerunner of Slaughter
--> Kor Entanglers

Pack 3 pick 7:
    Forest
    Belligerent Whiptail
    Oracle of Dust
    Fertile Thicket
--> Shadow Glider
    Valakut Invoker
    Looming Spires
    Bloodbond Vampire
    Blighted Fen

Pack 3 pick 8:
    Plains
    Grave Birthing
--> Outnumber
    Nirkana Assassin
    Mortuary Mire
    Ghostly Sentinel
    Tandem Tactics
    Coastal Discovery

Pack 3 pick 9:
    Mountain
--> Courier Griffin
    Tandem Tactics
    Reclaiming Vines
    Stone Haven Medic
    Kitesail Scout
    Blighted Cataract

Pack 3 pick 10:
    Swamp
    Volcanic Upheaval
    Belligerent Whiptail
    Stone Haven Medic
--> Ghostly Sentinel
    Swarm Surge

Pack 3 pick 11:
    Spell Shrivel
    Cloud Manta
    Roilmage's Trick
    Belligerent Whiptail
--> Rising Miasma

Pack 3 pick 12:
    Mountain
    Kitesail Scout
--> Stone Haven Medic
    Retreat to Coralhelm

Pack 3 pick 13:
    Swamp
--> Kalastria Nightwatch
    Lavastep Raider

Pack 3 pick 14:
    Forest
--> Mire's Malice

Pack 3 pick 15:
--> Forest

