Event #: 1254
Time:    2016/10/12 下午 08:19:57
Players:
    IlBauchi
--> edenbeast
    ChargingB
    Fastfake
    Hikaru-53
    Digwen
    Porkocop
    robat

--: Territorial Gorger

--: Fairgrounds Warden

------ KLD ------ 

Pack 1 pick 1:
    Giant Spectacle
    Renegade Freighter
    Dukhara Scavenger
    Night Market Lookout
    Demolish
    Inspired Charge
    Propeller Pioneer
    Appetite for the Unnatural
    Aether Theorist
    Prakhata Pillar-Bug
    Fairgrounds Warden
    Armorcraft Judge
    Make Obsolete
--> Territorial Gorger
    Plains

--: Midnight Oil

Pack 1 pick 2:
    Prakhata Pillar-Bug
    Cathartic Reunion
    Hijack
    Wild Wanderer
    Die Young
    Curio Vendor
    Dhund Operative
    Night Market Lookout
    Bastion Mastodon
    Perpetual Timepiece
    Demolition Stomper
    Engineered Might
--> Midnight Oil
    Forest

--: Narnam Cobra

Pack 1 pick 3:
    Narnam Cobra
    Hunt the Weak
    Aether Tradewinds
    Aether Theorist
    Fortuitous Find
    Eddytrail Hawk
    Hijack
    Sage of Shaila's Claim
--> Riparian Tiger
    Renegade Tactics
    Ovalchase Dragster
    Contraband Kingpin
    Forest

--: Insidious Will

Pack 1 pick 4:
    Thriving Rats
    Aether Theorist
    Cogworker's Puzzleknot
    Aviary Mechanic
    Commencement of Festivities
    Larger Than Life
    Herald of the Fair
--> Sky Skiff
    Servo Exhibition
    Foundry Inspector
    Insidious Will
    Swamp

--: Tezzeret's Ambition

Pack 1 pick 5:
    Tezzeret's Ambition
    Skyswirl Harrier
    Nimble Innovator
--> Spontaneous Artist
    Wayward Giant
    Maulfist Squad
    Dukhara Scavenger
    Cogworker's Puzzleknot
    Engineered Might
    Ovalchase Dragster
    Plains

--: Fireforger's Puzzleknot

Pack 1 pick 6:
    Fireforger's Puzzleknot
    Weldfast Monitor
    Lawless Broker
    Prakhata Pillar-Bug
    Eddytrail Hawk
    Aether Tradewinds
    Hazardous Conditions
--> Blossoming Defense
    Harsh Scrutiny
    Swamp

--: Tezzeret's Ambition

Pack 1 pick 7:
    Tezzeret's Ambition
    Fireforger's Puzzleknot
    Pressure Point
    Built to Smash
    Larger Than Life
--> Highspire Artisan
    Workshop Assistant
    Aether Theorist
    Mountain

--: Select for Inspection

Pack 1 pick 8:
    Select for Inspection
    Night Market Lookout
    Aether Tradewinds
    Ninth Bridge Patrol
    Demolish
    Diabolic Tutor
--> Creeping Mold
    Island

--: Giant Spectacle

Pack 1 pick 9:
    Giant Spectacle
    Dukhara Scavenger
    Night Market Lookout
    Demolish
    Inspired Charge
--> Appetite for the Unnatural
    Plains

--: Prakhata Pillar-Bug

Pack 1 pick 10:
--> Prakhata Pillar-Bug
    Hijack
    Curio Vendor
    Night Market Lookout
    Perpetual Timepiece
    Forest

--: Aether Tradewinds

Pack 1 pick 11:
    Aether Tradewinds
    Fortuitous Find
--> Hijack
    Renegade Tactics
    Forest

--: Cogworker's Puzzleknot

Pack 1 pick 12:
--> Cogworker's Puzzleknot
    Commencement of Festivities
    Herald of the Fair
    Swamp

--: Tezzeret's Ambition

Pack 1 pick 13:
    Tezzeret's Ambition
--> Cogworker's Puzzleknot
    Plains

--: Fireforger's Puzzleknot

Pack 1 pick 14:
--> Fireforger's Puzzleknot
    Swamp

--: Mountain

Pack 1 pick 15:
--> Mountain

--: Inventors' Fair

--: Nature's Way

------ KLD ------ 

Pack 2 pick 1:
    Terror of the Fairgrounds
    Hunt the Weak
    Larger Than Life
    Skyswirl Harrier
    Self-Assembler
    Failed Inspection
    Dukhara Scavenger
    Glint-Sleeve Artisan
    Dramatic Reversal
    Chandra's Pyrohelix
    Minister of Inquiries
    Ceremonious Rejection
--> Nature's Way
    Inventors' Fair
    Mountain

--: Fleetwheel Cruiser

Pack 2 pick 2:
    Night Market Lookout
    Select for Inspection
    Impeccable Timing
    Thriving Grubs
    Aether Tradewinds
    Fortuitous Find
    Hunt the Weak
    Renegade Freighter
    Acrobatic Maneuver
    Dukhara Peafowl
    Whirlermaker
    Brazen Scourge
--> Fleetwheel Cruiser
    Plains

--: Animation Module

Pack 2 pick 3:
    Select for Inspection
    Terror of the Fairgrounds
    Tezzeret's Ambition
    Fortuitous Find
    Metalspinner's Puzzleknot
    Glassblower's Puzzleknot
    Giant Spectacle
    Torch Gauntlet
    Glint-Nest Crane
    Whirler Virtuoso
    Underhanded Designs
--> Animation Module
    Forest

--: Padeem, Consul of Innovation

Pack 2 pick 4:
    Ruinous Gremlin
    Nimble Innovator
    Tasseled Dromedary
    Self-Assembler
    Ornamental Courage
    Giant Spectacle
    Larger Than Life
    Start Your Engines
    Era of Innovation
    Consulate Surveillance
--> Padeem, Consul of Innovation
    Plains

--: Weldfast Wingsmith

Pack 2 pick 5:
    Weldfast Wingsmith
    Attune with Aether
    Tidy Conclusion
    Fragmentize
    Wild Wanderer
    Dukhara Scavenger
    Built to Smash
    Eager Construct
--> Salivating Gremlins
    Sequestered Stash
    Island

--: Torch Gauntlet

Pack 2 pick 6:
    Torch Gauntlet
    Woodweaver's Puzzleknot
    Skyswirl Harrier
    Built to Smash
    Ornamental Courage
    Dramatic Reversal
    Metalspinner's Puzzleknot
--> Eager Construct
    Diabolic Tutor
    Mountain

--: Select for Inspection

--: Weldfast Monitor

--: Wayward Giant

--: Weldfast Monitor

--: Wayward Giant

--: Whirlermaker

--: Wayward Giant

--: Weldfast Monitor

--: Wayward Giant

--: Weldfast Monitor

Pack 2 pick 7:
    Select for Inspection
    Commencement of Festivities
    Pressure Point
    Weldfast Monitor
--> Wayward Giant
    Curio Vendor
    Wild Wanderer
    Whirlermaker
    Island

--: Fortuitous Find

Pack 2 pick 8:
    Fortuitous Find
    Failed Inspection
    Dramatic Reversal
    Dukhara Peafowl
    Nimble Innovator
    Incendiary Sabotage
--> Aethertorch Renegade
    Island

--: Terror of the Fairgrounds

Pack 2 pick 9:
--> Terror of the Fairgrounds
    Larger Than Life
    Failed Inspection
    Dukhara Scavenger
    Dramatic Reversal
    Ceremonious Rejection
    Mountain

--: Night Market Lookout

Pack 2 pick 10:
    Night Market Lookout
    Select for Inspection
--> Thriving Grubs
    Aether Tradewinds
    Fortuitous Find
    Plains

--: Select for Inspection

Pack 2 pick 11:
    Select for Inspection
    Terror of the Fairgrounds
    Glassblower's Puzzleknot
--> Giant Spectacle
    Forest

--: Ruinous Gremlin

Pack 2 pick 12:
--> Ruinous Gremlin
    Giant Spectacle
    Start Your Engines
    Plains

--: Dukhara Scavenger

Pack 2 pick 13:
    Dukhara Scavenger
--> Built to Smash
    Island

--: Dramatic Reversal

Pack 2 pick 14:
--> Dramatic Reversal
    Mountain

--: Island

Pack 2 pick 15:
--> Island

--: Skysovereign, Consul Flagship

--: Skysovereign, Consul Flagship

------ KLD ------ 

Pack 3 pick 1:
    Thriving Grubs
    Weldfast Wingsmith
    Weldfast Monitor
    Workshop Assistant
    Eddytrail Hawk
    Malfunction
    Kujar Seedsculptor
    Torch Gauntlet
    Aviary Mechanic
    Ambitious Aetherborn
    Essence Extraction
    Aether Hub
    Aether Meltdown
--> Skysovereign, Consul Flagship
    Swamp

--: Metallurgic Summonings

--: Metallurgic Summonings

Pack 3 pick 2:
    Commencement of Festivities
    Prakhata Club Security
    Die Young
    Built to Last
    Herald of the Fair
    Dramatic Reversal
    Thriving Ibex
    Sage of Shaila's Claim
    Thriving Grubs
    Giant Spectacle
    Perpetual Timepiece
    Demolition Stomper
--> Metallurgic Summonings
    Plains

--: Panharmonicon

Pack 3 pick 3:
    Inspired Charge
    Eddytrail Hawk
    Aradara Express
    Subtle Strike
    Wild Wanderer
    Tezzeret's Ambition
    Ruinous Gremlin
    Accomplished Automaton
    Tasseled Dromedary
    Inventor's Goggles
    Consul's Shieldguard
--> Panharmonicon
    Plains

--: Madcap Experiment

Pack 3 pick 4:
    Prophetic Prism
    Revolutionary Rebuff
    Vedalken Blademaster
    Giant Spectacle
--> Attune with Aether
    Dukhara Peafowl
    Failed Inspection
    Glint-Sleeve Artisan
    Ninth Bridge Patrol
    Creeping Mold
    Madcap Experiment
    Mountain

--: Fortuitous Find

--: Glimmer of Genius

Pack 3 pick 5:
    Fortuitous Find
    Dramatic Reversal
    Ninth Bridge Patrol
    Larger Than Life
    Demolish
    Inspired Charge
--> Salivating Gremlins
    Consulate Skygate
    Woodweaver's Puzzleknot
    Glimmer of Genius
    Island

--: Inspired Charge

Pack 3 pick 6:
    Inspired Charge
    Self-Assembler
    Tezzeret's Ambition
    Glassblower's Puzzleknot
    Giant Spectacle
    Foundry Screecher
    Kujar Seedsculptor
    Bastion Mastodon
--> Voltaic Brawler
    Plains

--: Thriving Rats

Pack 3 pick 7:
    Thriving Rats
    Night Market Lookout
--> Reckless Fireweaver
    Thriving Turtle
    Torch Gauntlet
    Thriving Ibex
    Contraband Kingpin
    Cloudblazer
    Forest

--: Spontaneous Artist

--: Spontaneous Artist

--: Spark of Creativity

Pack 3 pick 8:
--> Spontaneous Artist
    Wind Drake
    Built to Smash
    Select for Inspection
    Pressure Point
    Hijack
    Spark of Creativity
    Forest

--: Weldfast Wingsmith

Pack 3 pick 9:
    Weldfast Wingsmith
--> Weldfast Monitor
    Workshop Assistant
    Malfunction
    Torch Gauntlet
    Aether Meltdown
    Swamp

--: Commencement of Festivities

Pack 3 pick 10:
    Commencement of Festivities
    Built to Last
    Dramatic Reversal
    Perpetual Timepiece
--> Demolition Stomper
    Plains

--: Eddytrail Hawk

Pack 3 pick 11:
    Eddytrail Hawk
    Tezzeret's Ambition
--> Ruinous Gremlin
    Tasseled Dromedary
    Plains

--: Vedalken Blademaster

Pack 3 pick 12:
--> Vedalken Blademaster
    Giant Spectacle
    Failed Inspection
    Mountain

--: Dramatic Reversal

Pack 3 pick 13:
    Dramatic Reversal
--> Woodweaver's Puzzleknot
    Island

--: Giant Spectacle

Pack 3 pick 14:
--> Giant Spectacle
    Plains

--: Forest

Pack 3 pick 15:
--> Forest

