Event #: 1376
Time:    2016-11-20 21:16:41
Players:
    kantine
    Alvalo
    UMadGames
    Lantto
    Jonathan Lobo
    ShrewLover
--> Bluedawn
    Nulyan

--: Combustible Gearhulk

--: Iron League Steed

--: Iron League Steed

------ KLD ------ 

Pack 1 pick 1:
    Peema Outrider
    Weldfast Wingsmith
    Larger Than Life
    Eager Construct
    Narnam Cobra
    Thriving Grubs
    Thriving Rats
    Wily Bandar
    Inventor's Goggles
    Glint-Sleeve Artisan
--> Iron League Steed
    Speedway Fanatic
    Morbid Curiosity
    Combustible Gearhulk
    Mountain

--: Inspiring Vantage

--: Glint-Sleeve Artisan

--: Glint-Sleeve Artisan

Pack 1 pick 2:
--> Glint-Sleeve Artisan
    Dramatic Reversal
    Maulfist Squad
    Wild Wanderer
    Inspired Charge
    Ruinous Gremlin
    Thriving Rats
    Spireside Infiltrator
    Tasseled Dromedary
    Hijack
    Harsh Scrutiny
    Elegant Edgecrafters
    Inspiring Vantage
    Island

--: Thriving Grubs

--: Eager Construct

--: Eager Construct

Pack 1 pick 3:
    Thriving Grubs
    Eddytrail Hawk
    Weldfast Monitor
    Self-Assembler
    Appetite for the Unnatural
    Impeccable Timing
    Thriving Rats
    Thriving Ibex
--> Eager Construct
    Nimble Innovator
    Speedway Fanatic
    Morbid Curiosity
    Island

--: Vedalken Blademaster

--: Attune with Aether

--: Attune with Aether

Pack 1 pick 4:
    Vedalken Blademaster
    Built to Last
    Dukhara Scavenger
    Kujar Seedsculptor
    Prakhata Pillar-Bug
    Appetite for the Unnatural
--> Attune with Aether
    Highspire Artisan
    Consulate Skygate
    Aethertorch Renegade
    Start Your Engines
    Forest

--: Lost Legacy

--: Built to Last

--: Built to Last

Pack 1 pick 5:
    Dukhara Scavenger
--> Built to Last
    Salivating Gremlins
    Woodweaver's Puzzleknot
    Curio Vendor
    Commencement of Festivities
    Select for Inspection
    Terror of the Fairgrounds
    Sequestered Stash
    Lost Legacy
    Forest

--: Built to Smash

--: Restoration Gearsmith

--: Restoration Gearsmith

Pack 1 pick 6:
    Built to Smash
    Aether Tradewinds
    Aviary Mechanic
    Malfunction
    Ruinous Gremlin
    Prakhata Club Security
    Mind Rot
--> Restoration Gearsmith
    Perpetual Timepiece
    Swamp

--: Giant Spectacle

--: Ovalchase Dragster

--: Ovalchase Dragster

Pack 1 pick 7:
    Giant Spectacle
    Tezzeret's Ambition
    Fragmentize
    Maulfist Squad
    Highspire Artisan
    Accomplished Automaton
    Engineered Might
--> Ovalchase Dragster
    Mountain

--: Prakhata Club Security

--: Spireside Infiltrator

--: Spireside Infiltrator

Pack 1 pick 8:
    Prakhata Club Security
    Failed Inspection
    Fragmentize
    Tezzeret's Ambition
--> Spireside Infiltrator
    Nimble Innovator
    Hazardous Conditions
    Island

--: Weldfast Wingsmith

--: Speedway Fanatic

--: Speedway Fanatic

--: Speedway Fanatic

--: Speedway Fanatic

Pack 1 pick 9:
    Weldfast Wingsmith
    Larger Than Life
    Thriving Rats
    Wily Bandar
--> Speedway Fanatic
    Morbid Curiosity
    Mountain

--: Dramatic Reversal

--: Spireside Infiltrator

--: Spireside Infiltrator

Pack 1 pick 10:
    Dramatic Reversal
    Ruinous Gremlin
--> Spireside Infiltrator
    Tasseled Dromedary
    Hijack
    Island

--: Eddytrail Hawk

--: Eddytrail Hawk

Pack 1 pick 11:
--> Eddytrail Hawk
    Thriving Ibex
    Nimble Innovator
    Morbid Curiosity
    Island

--: Vedalken Blademaster

Pack 1 pick 12:
    Vedalken Blademaster
    Dukhara Scavenger
--> Start Your Engines
    Forest

--: Dukhara Scavenger

Pack 1 pick 13:
    Dukhara Scavenger
--> Terror of the Fairgrounds
    Forest

--: Prakhata Club Security

Pack 1 pick 14:
--> Prakhata Club Security
    Swamp

--: Giant Spectacle

Pack 1 pick 15:
--> Giant Spectacle

--: Saheeli Rai

--: Furious Reprisal

--: Revoke Privileges

--: Revoke Privileges

------ KLD ------ 

Pack 2 pick 1:
    Impeccable Timing
    Spireside Infiltrator
    Subtle Strike
    Curio Vendor
--> Revoke Privileges
    Ambitious Aetherborn
    Hunt the Weak
    Built to Smash
    Hijack
    Sky Skiff
    Creeping Mold
    Fretwork Colony
    Furious Reprisal
    Saheeli Rai
    Forest

--: Aethersquall Ancient

--: Aerial Responder

--: Aerial Responder

Pack 2 pick 2:
    Cowl Prowler
    Hunt the Weak
    Sky Skiff
    Demolish
    Built to Last
    Larger Than Life
    Thriving Grubs
    Weldfast Wingsmith
    Accomplished Automaton
--> Aerial Responder
    Spark of Creativity
    Fabrication Module
    Aethersquall Ancient
    Mountain

--: Appetite for the Unnatural

--: Spontaneous Artist

--: Spontaneous Artist

Pack 2 pick 3:
    Appetite for the Unnatural
    Mind Rot
    Inventor's Goggles
    Sage of Shaila's Claim
    Larger Than Life
    Lawless Broker
    Pressure Point
    Hightide Hermit
--> Spontaneous Artist
    Hazardous Conditions
    Blossoming Defense
    Harsh Scrutiny
    Island

--: Aetherflux Reservoir

--: Visionary Augmenter

--: Visionary Augmenter

Pack 2 pick 4:
    Kujar Seedsculptor
    Weldfast Wingsmith
    Spireside Infiltrator
    Ambitious Aetherborn
    Torch Gauntlet
    Cogworker's Puzzleknot
    Prakhata Club Security
    Skyswirl Harrier
--> Visionary Augmenter
    Diabolic Tutor
    Aetherflux Reservoir
    Plains

--: Ruinous Gremlin

--: Fairgrounds Warden

--: Fairgrounds Warden

Pack 2 pick 5:
    Ruinous Gremlin
    Attune with Aether
    Ambitious Aetherborn
    Hightide Hermit
    Giant Spectacle
    Aether Tradewinds
    Ornamental Courage
    Aviary Mechanic
    Malfunction
--> Fairgrounds Warden
    Swamp

--: Appetite for the Unnatural

--: Bastion Mastodon

--: Bastion Mastodon

Pack 2 pick 6:
    Appetite for the Unnatural
    Rush of Vitality
    Hightide Hermit
    Dramatic Reversal
    Pressure Point
    Workshop Assistant
    Cowl Prowler
--> Bastion Mastodon
    Disappearing Act
    Plains

--: Terror of the Fairgrounds

--: Bastion Mastodon

Pack 2 pick 7:
    Terror of the Fairgrounds
    Dhund Operative
    Commencement of Festivities
    Bastion Mastodon
    Hightide Hermit
    Fragmentize
    Salivating Gremlins
--> Weaponcraft Enthusiast
    Plains

--: Failed Inspection

--: Accomplished Automaton

Pack 2 pick 8:
    Failed Inspection
    Prakhata Club Security
    Ornamental Courage
    Thriving Turtle
    Malfunction
--> Torch Gauntlet
    Accomplished Automaton
    Swamp

--: Spireside Infiltrator

Pack 2 pick 9:
--> Spireside Infiltrator
    Curio Vendor
    Ambitious Aetherborn
    Hijack
    Creeping Mold
    Fretwork Colony
    Forest

--: Cowl Prowler

Pack 2 pick 10:
    Cowl Prowler
--> Demolish
    Larger Than Life
    Weldfast Wingsmith
    Accomplished Automaton
    Mountain

--: Mind Rot

--: Harsh Scrutiny

--: Pressure Point

Pack 2 pick 11:
    Mind Rot
    Larger Than Life
    Pressure Point
--> Harsh Scrutiny
    Island

--: Weldfast Wingsmith

Pack 2 pick 12:
    Weldfast Wingsmith
--> Torch Gauntlet
    Diabolic Tutor
    Plains

--: Hightide Hermit

Pack 2 pick 13:
    Hightide Hermit
--> Giant Spectacle
    Swamp

--: Dramatic Reversal

Pack 2 pick 14:
--> Dramatic Reversal
    Plains

--: Plains

Pack 2 pick 15:
--> Plains

--: Inspiring Vantage

------ KLD ------ 

Pack 3 pick 1:
    Dukhara Scavenger
    Larger Than Life
    Workshop Assistant
    Self-Assembler
    Herald of the Fair
    Vedalken Blademaster
    Wild Wanderer
--> Renegade Freighter
    Giant Spectacle
    Salivating Gremlins
    Essence Extraction
    Aether Hub
    Aether Meltdown
    Inspiring Vantage
    Plains

--: Prophetic Prism

Pack 3 pick 2:
    Prophetic Prism
    Inventor's Goggles
    Aradara Express
    Attune with Aether
    Spireside Infiltrator
    Spontaneous Artist
    Die Young
    Narnam Cobra
    Glint-Sleeve Artisan
    Aether Tradewinds
--> Ovalchase Dragster
    Contraband Kingpin
    Cloudblazer
    Swamp

--: Prakhata Pillar-Bug

Pack 3 pick 3:
    Prakhata Pillar-Bug
    Eager Construct
    Vedalken Blademaster
    Take Down
    Tasseled Dromedary
    Weldfast Wingsmith
--> Glint-Sleeve Artisan
    Mind Rot
    Subtle Strike
    Giant Spectacle
    Ballista Charger
    Durable Handicraft
    Plains

--: Lost Legacy

Pack 3 pick 4:
    Malfunction
--> Fireforger's Puzzleknot
    Aradara Express
    Spireside Infiltrator
    Live Fast
    Kujar Seedsculptor
    Torch Gauntlet
    Maulfist Squad
    Consulate Surveillance
    Voltaic Brawler
    Lost Legacy
    Swamp

--: Gonti, Lord of Luxury

--: Ovalchase Daredevil

Pack 3 pick 5:
    Nimble Innovator
    Torch Gauntlet
    Thriving Turtle
    Acrobatic Maneuver
    Prakhata Pillar-Bug
    Commencement of Festivities
    Wayward Giant
    Fortuitous Find
--> Ovalchase Daredevil
    Gonti, Lord of Luxury
    Plains

--: Ornamental Courage

--: Ninth Bridge Patrol

Pack 3 pick 6:
    Ornamental Courage
--> Ninth Bridge Patrol
    Maulfist Squad
    Mind Rot
    Dukhara Peafowl
    Foundry Screecher
    Giant Spectacle
    Ghirapur Guide
    Brazen Scourge
    Forest

--: Fateful Showdown

--: Dhund Operative

--: Fateful Showdown

--: Consul's Shieldguard

--: Consul's Shieldguard

Pack 3 pick 7:
    Dhund Operative
    Demolish
    Tezzeret's Ambition
    Fragmentize
    Giant Spectacle
    Make Obsolete
--> Consul's Shieldguard
    Fateful Showdown
    Forest

--: Torch Gauntlet

--: Quicksmith Genius

--: Consulate Skygate

--: Consulate Skygate

Pack 3 pick 8:
    Torch Gauntlet
--> Consulate Skygate
    Accomplished Automaton
    Live Fast
    Giant Spectacle
    Quicksmith Genius
    Incendiary Sabotage
    Forest

--: Dukhara Scavenger

Pack 3 pick 9:
    Dukhara Scavenger
    Larger Than Life
    Workshop Assistant
--> Herald of the Fair
    Vedalken Blademaster
    Giant Spectacle
    Plains

--: Inventor's Goggles

--: Aradara Express

--: Inventor's Goggles

--: Inventor's Goggles

Pack 3 pick 10:
--> Inventor's Goggles
    Aradara Express
    Spireside Infiltrator
    Spontaneous Artist
    Contraband Kingpin
    Swamp

--: Tasseled Dromedary

Pack 3 pick 11:
    Tasseled Dromedary
    Weldfast Wingsmith
    Mind Rot
--> Giant Spectacle
    Plains

--: Torch Gauntlet

Pack 3 pick 12:
    Torch Gauntlet
--> Maulfist Squad
    Consulate Surveillance
    Swamp

--: Torch Gauntlet

Pack 3 pick 13:
    Torch Gauntlet
--> Commencement of Festivities
    Plains

--: Giant Spectacle

Pack 3 pick 14:
--> Giant Spectacle
    Forest

--: Forest

Pack 3 pick 15:
--> Forest

