Event #: 1409016
Time:    10/14/2015 1:23:45 PM
Players:
--> MrMarlon
    player2
    player3
    player4
    player5
    player6
    player7
    player8

------ BFZ ------ 

Pack 1 pick 1:
    Forest
    Dutiful Return
    Grave Birthing
    Angelic Gift
    Voracious Null
    Belligerent Whiptail
    Brilliant Spectrum
    Touch of the Void
    Inspired Charge
    Eldrazi Devastator
    Dispel
    Unified Front
    Skyrider Elf
    Transgress the Mind
--> Planar Outburst

Pack 1 pick 2:
    Forest
    Anticipate
    Oracle of Dust
    Courier Griffin
    Spell Shrivel
    Complete Disregard
--> Smite the Monstrous
    Makindi Sliderunner
    Volcanic Upheaval
    Voracious Null
    Kor Castigator
    Retreat to Hagra
    Serene Steward
    Retreat to Kazandu

Pack 1 pick 3:
    Swamp
--> Eldrazi Skyspawner
    Inspired Charge
    Dominator Drone
    Wave-Wing Elemental
    Lifespring Druid
    Anticipate
    Unnatural Aggression
    Incubator Drone
    Lavastep Raider
    Plated Crusher
    Skitterskin
    Painful Truths

Pack 1 pick 4:
    Mountain
    Ondu Greathorn
--> Shadow Glider
    Broodhunter Wurm
    Sandstone Bridge
    Bone Splinters
    Mist Intruder
    Tajuru Stalwart
    Anticipate
    Angelic Gift
    Grove Rumbler
    Processor Assault

Pack 1 pick 5:
    Plains
    Tajuru Stalwart
    Cliffside Lookout
    Murk Strider
    Plummet
    Nirkana Assassin
    Call the Scions
    Tightening Coils
    Territorial Baloth
--> Blighted Steppe
    Molten Nursery

Pack 1 pick 6:
    Mountain
    Kitesail Scout
    Plummet
    Lavastep Raider
    Skyline Cascade
    Hedron Blade
    Inspired Charge
    Anticipate
--> Bone Splinters
    Angelic Gift

Pack 1 pick 7:
    Swamp
    Swarm Surge
--> Lifespring Druid
    Voracious Null
    Makindi Sliderunner
    Demon's Grasp
    Dominator Drone
    Valakut Invoker
    Reckless Cohort

Pack 1 pick 8:
    Forest
--> Unnatural Aggression
    Call the Scions
    Salvage Drone
    Plummet
    Sylvan Scrying
    Jaddi Offshoot
    Prairie Stream

Pack 1 pick 9:
    Forest
    Dutiful Return
    Voracious Null
    Belligerent Whiptail
    Brilliant Spectrum
--> Inspired Charge
    Dispel

Pack 1 pick 10:
    Forest
    Anticipate
--> Spell Shrivel
    Makindi Sliderunner
    Volcanic Upheaval
    Voracious Null

Pack 1 pick 11:
    Swamp
--> Wave-Wing Elemental
    Anticipate
    Unnatural Aggression
    Lavastep Raider

Pack 1 pick 12:
    Mountain
    Anticipate
--> Angelic Gift
    Processor Assault

Pack 1 pick 13:
    Plummet
--> Tightening Coils
    Molten Nursery

Pack 1 pick 14:
    Kitesail Scout
--> Inspired Charge

Pack 1 pick 15:
--> Swamp

------ BFZ ------ 

Pack 2 pick 1:
    Mountain
    Cloud Manta
    Volcanic Upheaval
    Salvage Drone
    Ondu Greathorn
    Complete Disregard
    Shatterskull Recruit
    Territorial Baloth
    Fertile Thicket
    Scour from Existence
    Gideon's Reproach
    Vampiric Rites
    Retreat to Coralhelm
    Brood Monitor
--> Noyan Dar, Roil Shaper

Pack 2 pick 2:
    Forest
    Clutch of Currents
    Sandstone Bridge
    Grave Birthing
    Ghostly Sentinel
    Hedron Blade
    Shadow Glider
    Benthic Infiltrator
    Voracious Null
    Reclaiming Vines
    Sheer Drop
    Bloodbond Vampire
--> Stasis Snare
    Brood Monitor

Pack 2 pick 3:
    Island
    Grave Birthing
    Rush of Ice
    Boiling Earth
    Oracle of Dust
    Murk Strider
    Tajuru Stalwart
--> Gideon's Reproach
    Salvage Drone
    Swarm Surge
    Tajuru Beastmaster
    Carrier Thrall
    Skitterskin

Pack 2 pick 4:
    Forest
    Dispel
    Oracle of Dust
    Sludge Crawler
    Giant Mantis
    Altar's Reap
    Felidar Cub
    Bone Splinters
    Oran-Rief Invoker
--> Kozilek's Channeler
    Sylvan Scrying
    Blighted Woodland

Pack 2 pick 5:
    Mountain
    Mire's Malice
    Nettle Drone
    Wave-Wing Elemental
    Brilliant Spectrum
    Shatterskull Recruit
--> Shadow Glider
    Territorial Baloth
    Grovetender Druids
    Bloodbond Vampire
    Veteran Warleader

Pack 2 pick 6:
    Forest
    Makindi Sliderunner
    Sandstone Bridge
    Belligerent Whiptail
--> Fortified Rampart
    Plummet
    Salvage Drone
    Valakut Predator
    Seek the Wilds
    Sludge Crawler

Pack 2 pick 7:
    Forest
    Altar's Reap
    Reclaiming Vines
    Felidar Cub
    Dutiful Return
--> Tightening Coils
    Mortuary Mire
    Valakut Invoker
    Transgress the Mind

Pack 2 pick 8:
    Plains
    Goblin War Paint
    Brilliant Spectrum
    Looming Spires
--> Dispel
    Kitesail Scout
    Lavastep Raider
    Jaddi Offshoot

Pack 2 pick 9:
    Mountain
    Volcanic Upheaval
    Shatterskull Recruit
    Fertile Thicket
--> Scour from Existence
    Vampiric Rites
    Retreat to Coralhelm

Pack 2 pick 10:
    Forest
--> Clutch of Currents
    Sandstone Bridge
    Grave Birthing
    Ghostly Sentinel
    Voracious Null

Pack 2 pick 11:
    Island
--> Rush of Ice
    Oracle of Dust
    Salvage Drone
    Tajuru Beastmaster

Pack 2 pick 12:
    Forest
    Dispel
--> Altar's Reap
    Sylvan Scrying

Pack 2 pick 13:
    Mountain
--> Brilliant Spectrum
    Territorial Baloth

Pack 2 pick 14:
    Forest
--> Seek the Wilds

Pack 2 pick 15:
--> Forest

------ BFZ ------ 

Pack 3 pick 1:
    Swamp
    Nirkana Assassin
    Broodhunter Wurm
    Salvage Drone
    Stonefury
    Ruin Processor
    Seek the Wilds
    Dutiful Return
    Reclaiming Vines
    Kozilek's Channeler
    Bone Splinters
    Plated Crusher
    Grovetender Druids
--> Coastal Discovery
    Beastcaller Savant

Pack 3 pick 2:
    Plains
    Snapping Gnarlid
    Mist Intruder
    Dutiful Return
    Mortuary Mire
    Mire's Malice
--> Rush of Ice
    Sure Strike
    Nirkana Assassin
    Eldrazi Devastator
    Tajuru Beastmaster
    Murasa Ranger
    Rot Shambler
    Sylvan Scrying

Pack 3 pick 3:
    Swamp
    Dutiful Return
    Salvage Drone
    Inspired Charge
    Reclaiming Vines
    Earthen Arms
--> Ondu Greathorn
    Dispel
    Dominator Drone
    Spawning Bed
    Titan's Presence
    Jaddi Offshoot
    Akoum Hellkite

Pack 3 pick 4:
    Island
    Natural Connection
    Volcanic Upheaval
    Reclaiming Vines
    Skyline Cascade
    Eldrazi Devastator
    Hedron Blade
    Roilmage's Trick
    Dispel
    Vampiric Rites
--> Encircling Fissure
    Akoum Stonewaker

Pack 3 pick 5:
    Forest
    Makindi Sliderunner
    Eyeless Watcher
    Kalastria Nightwatch
    Valakut Invoker
    Volcanic Upheaval
    Kozilek's Sentinel
--> Tightening Coils
    Sylvan Scrying
    Akoum Stonewaker
    Exert Influence

Pack 3 pick 6:
    Island
    Shatterskull Recruit
    Sure Strike
    Salvage Drone
--> Felidar Cub
    Hedron Blade
    Tightening Coils
    Nirkana Assassin
    Earthen Arms
    Akoum Stonewaker

Pack 3 pick 7:
    Plains
    Territorial Baloth
    Touch of the Void
    Natural Connection
    Looming Spires
    Scour from Existence
    Vestige of Emrakul
--> Anticipate
    Roilmage's Trick

Pack 3 pick 8:
    Mountain
    Coralhelm Guide
    Salvage Drone
    Belligerent Whiptail
    Makindi Sliderunner
    Wave-Wing Elemental
    Sylvan Scrying
--> Horribly Awry

Pack 3 pick 9:
    Swamp
    Broodhunter Wurm
--> Salvage Drone
    Stonefury
    Seek the Wilds
    Reclaiming Vines
    Grovetender Druids

Pack 3 pick 10:
    Plains
    Dutiful Return
    Eldrazi Devastator
    Tajuru Beastmaster
--> Murasa Ranger
    Sylvan Scrying

Pack 3 pick 11:
    Swamp
    Inspired Charge
--> Reclaiming Vines
    Dispel
    Jaddi Offshoot

Pack 3 pick 12:
    Island
    Volcanic Upheaval
--> Reclaiming Vines
    Dispel

Pack 3 pick 13:
    Forest
--> Volcanic Upheaval
    Sylvan Scrying

Pack 3 pick 14:
    Island
--> Hedron Blade

Pack 3 pick 15:
--> Plains

