Event #: 1500293
Time:    10/14/2015 1:23:45 PM
Players:
--> MrMarlon
    player2
    player3
    player4
    player5
    player6
    player7
    player8

------ BFZ ------ 

Pack 1 pick 1:
    Island
    Giant Mantis
    Tandem Tactics
    Kalastria Healer
    Smite the Monstrous
    Skyline Cascade
    Eldrazi Skyspawner
    Brilliant Spectrum
    Murk Strider
    Boiling Earth
    Sheer Drop
    Turn Against
    Roil's Retribution
    Horribly Awry
--> Fathom Feeder

Pack 1 pick 2:
    Forest
    Benthic Infiltrator
    Dominator Drone
    Anticipate
    Angelic Gift
    Grave Birthing
    Stone Haven Medic
    Territorial Baloth
    Shatterskull Recruit
    Vestige of Emrakul
    Makindi Patrol
    Blighted Fen
--> Halimar Tidecaller
    Conduit of Ruin

Pack 1 pick 3:
    Swamp
    Tajuru Stalwart
    Hedron Blade
    Coralhelm Guide
    Reckless Cohort
    Reclaiming Vines
    Roilmage's Trick
    Stonefury
    Ruin Processor
    Shatterskull Recruit
    Rush of Ice
--> Carrier Thrall
    Roil's Retribution

Pack 1 pick 4:
    Island
    Call the Scions
    Unnatural Aggression
    Reckless Cohort
    Ruin Processor
    Stone Haven Medic
    Kitesail Scout
    Nirkana Assassin
--> Kozilek's Channeler
    Shadow Glider
    Jaddi Offshoot
    Unified Front

Pack 1 pick 5:
    Plains
    Inspired Charge
    Nirkana Assassin
    Swell of Growth
    Mire's Malice
    Reckless Cohort
    Ruin Processor
    Scour from Existence
    Shatterskull Recruit
    Broodhunter Wurm
--> Tide Drifter

Pack 1 pick 6:
    Salvage Drone
    Spell Shrivel
    Felidar Cub
    Inspired Charge
    Wave-Wing Elemental
    Grave Birthing
    Sure Strike
    Unified Front
--> Carrier Thrall
    Blighted Steppe

Pack 1 pick 7:
    Mountain
    Swarm Surge
    Sure Strike
    Kozilek's Sentinel
    Kitesail Scout
    Dutiful Return
    Lithomancer's Focus
    Carrier Thrall
--> Pilgrim's Eye

Pack 1 pick 8:
    Swamp
    Altar's Reap
--> Incubator Drone
    Inspired Charge
    Mire's Malice
    Geyserfield Stalker
    Brilliant Spectrum
    Blighted Steppe

Pack 1 pick 9:
    Island
    Giant Mantis
    Tandem Tactics
    Skyline Cascade
--> Brilliant Spectrum
    Boiling Earth
    Roil's Retribution

Pack 1 pick 10:
    Forest
    Anticipate
    Angelic Gift
--> Grave Birthing
    Shatterskull Recruit
    Blighted Fen

Pack 1 pick 11:
    Swamp
    Hedron Blade
    Reckless Cohort
    Reclaiming Vines
--> Roilmage's Trick

Pack 1 pick 12:
    Island
--> Call the Scions
    Stone Haven Medic
    Kitesail Scout

Pack 1 pick 13:
    Plains
--> Mire's Malice
    Reckless Cohort

Pack 1 pick 14:
--> Grave Birthing
    Blighted Steppe

Pack 1 pick 15:
--> Kitesail Scout

------ BFZ ------ 

Pack 2 pick 1:
    Plains
    Felidar Cub
    Kozilek's Sentinel
    Boiling Earth
--> Cloud Manta
    Voracious Null
    Territorial Baloth
    Giant Mantis
    Spell Shrivel
    Inspired Charge
    Goblin War Paint
    Angel of Renewal
    Infuse with the Elements
    Plated Crusher
    Lantern Scout

Pack 2 pick 2:
    Watery Grave
    Makindi Patrol
    Demon's Grasp
    Ghostly Sentinel
    Voracious Null
    Giant Mantis
    Gideon's Reproach
    Plummet
    Seek the Wilds
    Shatterskull Recruit
    Skyline Cascade
    Pathway Arrows
--> Zulaport Cutthroat
    Blighted Gorge

Pack 2 pick 3:
    Mountain
    Looming Spires
    Voracious Null
    Anticipate
    Call the Scions
    Kitesail Scout
    Inspired Charge
    Ondu Greathorn
    Territorial Baloth
    Sheer Drop
--> Ruin Processor
    Infuse with the Elements
    Grovetender Druids

Pack 2 pick 4:
    Plains
    Plummet
    Natural Connection
--> Sludge Crawler
    Mind Raker
    Mire's Malice
    Brilliant Spectrum
    Nettle Drone
    Spell Shrivel
    Blighted Gorge
    Angel of Renewal
    Carrier Thrall

Pack 2 pick 5:
    Island
    Sandstone Bridge
    Geyserfield Stalker
    Voracious Null
    Lavastep Raider
    Nirkana Assassin
    Plummet
    Broodhunter Wurm
--> Kalastria Healer
    Brilliant Spectrum
    Crumble to Dust

Pack 2 pick 6:
    Island
    Kitesail Scout
    Seek the Wilds
    Shatterskull Recruit
    Unnatural Aggression
    Fertile Thicket
--> Altar's Reap
    Firemantle Mage
    Unified Front
    Ally Encampment

Pack 2 pick 7:
    Plains
    Looming Spires
    Swarm Surge
    Tajuru Stalwart
    Ghostly Sentinel
--> Ulamog's Reclaimer
    Firemantle Mage
    Cryptic Cruiser
    March from the Tomb

Pack 2 pick 8:
    Forest
    Salvage Drone
    Grave Birthing
--> Demon's Grasp
    Oracle of Dust
    Shadow Glider
    Lifespring Druid
    Roil Spout

Pack 2 pick 9:
    Plains
    Boiling Earth
    Voracious Null
--> Spell Shrivel
    Inspired Charge
    Goblin War Paint
    Infuse with the Elements

Pack 2 pick 10:
--> Demon's Grasp
    Voracious Null
    Plummet
    Seek the Wilds
    Skyline Cascade
    Pathway Arrows

Pack 2 pick 11:
    Mountain
    Voracious Null
    Kitesail Scout
    Inspired Charge
--> Grovetender Druids

Pack 2 pick 12:
    Plains
--> Natural Connection
    Mire's Malice
    Brilliant Spectrum

Pack 2 pick 13:
    Island
    Brilliant Spectrum
--> Crumble to Dust

Pack 2 pick 14:
    Kitesail Scout
--> Seek the Wilds

Pack 2 pick 15:
--> Firemantle Mage

------ BFZ ------ 

Pack 3 pick 1:
    Island
    Inspired Charge
    Rush of Ice
    Reclaiming Vines
    Stone Haven Medic
    Territorial Baloth
    Kalastria Healer
    Mortuary Mire
    Sheer Drop
    Makindi Patrol
    Seek the Wilds
    Encircling Fissure
--> Vampiric Rites
    Windrider Patrol
    Cinder Glade

Pack 3 pick 2:
    Mountain
    Ondu Champion
    Mire's Malice
    Kozilek's Channeler
    Eldrazi Devastator
    Blisterpod
    Broodhunter Wurm
    Brilliant Spectrum
    Dutiful Return
    Sludge Crawler
    Stasis Snare
    Bloodbond Vampire
--> Grip of Desolation
    Defiant Bloodlord

Pack 3 pick 3:
    Swamp
    Broodhunter Wurm
    Tightening Coils
    Geyserfield Stalker
    Anticipate
    Wave-Wing Elemental
    Clutch of Currents
    Rush of Ice
    Mire's Malice
    Sandstone Bridge
    Territorial Baloth
--> Dampening Pulse
    Blighted Gorge

Pack 3 pick 4:
    Godless Shrine
    Kalastria Nightwatch
    Lavastep Raider
--> Mind Raker
    Brilliant Spectrum
    Fertile Thicket
    Geyserfield Stalker
    Kalastria Healer
    Felidar Cub
    Gideon's Reproach
    Touch of the Void
    Rolling Thunder

Pack 3 pick 5:
    Sacred Foundry
    Sludge Crawler
    Broodhunter Wurm
    Fortified Rampart
    Swarm Surge
    Kitesail Scout
    Boiling Earth
    Oracle of Dust
    Voracious Null
    Inspired Charge
--> Rising Miasma

Pack 3 pick 6:
    Plains
    Eldrazi Devastator
--> Wave-Wing Elemental
    Voracious Null
    Swarm Surge
    Outnumber
    Spell Shrivel
    Eyeless Watcher
    Tunneling Geopede
    Grovetender Druids

Pack 3 pick 7:
    Mountain
    Rush of Ice
    Swarm Surge
    Valakut Invoker
    Scour from Existence
    Ruin Processor
--> Voracious Null
    Boiling Earth
    Pathway Arrows

Pack 3 pick 8:
    Mountain
    Blisterpod
    Altar's Reap
    Sure Strike
    Broodhunter Wurm
    Ondu Champion
--> Swarm Surge
    Processor Assault

Pack 3 pick 9:
    Island
    Inspired Charge
--> Rush of Ice
    Reclaiming Vines
    Territorial Baloth
    Seek the Wilds
    Cinder Glade

Pack 3 pick 10:
    Mountain
    Mire's Malice
    Broodhunter Wurm
    Brilliant Spectrum
    Dutiful Return
--> Sludge Crawler

Pack 3 pick 11:
    Swamp
    Broodhunter Wurm
--> Tightening Coils
    Mire's Malice
    Sandstone Bridge

Pack 3 pick 12:
    Godless Shrine
    Lavastep Raider
    Brilliant Spectrum
--> Geyserfield Stalker

Pack 3 pick 13:
    Broodhunter Wurm
--> Fortified Rampart
    Kitesail Scout

Pack 3 pick 14:
    Plains
--> Grovetender Druids

Pack 3 pick 15:
--> Mountain

