Event #: 1859175
Time:    10/14/2015 1:23:45 PM
Players:
--> MrMarlon
    player2
    player3
    player4
    player5
    player6
    player7
    player8

------ BFZ ------ 

Pack 1 pick 1:
    Island
    Salvage Drone
    Makindi Patrol
    Unnatural Aggression
    Valakut Predator
    Snapping Gnarlid
    Courier Griffin
    Reclaiming Vines
    Reckless Cohort
    Swarm Surge
    Kalastria Healer
    Drana's Emissary
    Blighted Woodland
    Roil's Retribution
--> Akoum Firebird

Pack 1 pick 2:
    Plains
    Makindi Patrol
    Fertile Thicket
    Unnatural Aggression
    Eldrazi Skyspawner
    Benthic Infiltrator
    Clutch of Currents
    Hedron Blade
    Reckless Cohort
    Looming Spires
    Lifespring Druid
--> Grip of Desolation
    Encircling Fissure
    Coastal Discovery

Pack 1 pick 3:
    Forest
    Broodhunter Wurm
--> Kozilek's Sentinel
    Geyserfield Stalker
    Bone Splinters
    Cloud Manta
    Cliffside Lookout
    Lithomancer's Focus
    Valakut Predator
    Evolving Wilds
    Shatterskull Recruit
    Catacomb Sifter
    Roil Spout

Pack 1 pick 4:
    Plains
--> Lifespring Druid
    Courier Griffin
    Ondu Greathorn
    Shatterskull Recruit
    Seek the Wilds
    Sure Strike
    Natural Connection
    Tandem Tactics
    Silent Skimmer
    Oran-Rief Invoker
    Ulamog's Nullifier

Pack 1 pick 5:
    Forest
    Clutch of Currents
    Murk Strider
    Grave Birthing
    Stone Haven Medic
    Swell of Growth
    Wave-Wing Elemental
    Mist Intruder
    Goblin War Paint
--> Firemantle Mage
    Jaddi Offshoot

Pack 1 pick 6:
    Swamp
    Mind Raker
    Wave-Wing Elemental
    Lavastep Raider
    Angelic Gift
--> Eyeless Watcher
    Giant Mantis
    Sandstone Bridge
    Sylvan Scrying
    Bring to Light

Pack 1 pick 7:
    Plains
    Felidar Cub
    Salvage Drone
    Cliffside Lookout
--> Unnatural Aggression
    Lithomancer's Focus
    Territorial Baloth
    Snapping Gnarlid
    Expedition Envoy

Pack 1 pick 8:
    Forest
    Swell of Growth
    Voracious Null
    Kitesail Scout
    Fortified Rampart
    Earthen Arms
    Bone Splinters
--> Murasa Ranger

Pack 1 pick 9:
    Island
    Makindi Patrol
--> Unnatural Aggression
    Reclaiming Vines
    Swarm Surge
    Kalastria Healer
    Blighted Woodland

Pack 1 pick 10:
    Plains
    Fertile Thicket
    Unnatural Aggression
    Clutch of Currents
    Hedron Blade
--> Lifespring Druid

Pack 1 pick 11:
    Forest
    Broodhunter Wurm
    Geyserfield Stalker
--> Bone Splinters
    Cliffside Lookout

Pack 1 pick 12:
    Plains
    Seek the Wilds
    Natural Connection
--> Oran-Rief Invoker

Pack 1 pick 13:
    Forest
--> Swell of Growth
    Wave-Wing Elemental

Pack 1 pick 14:
    Swamp
--> Giant Mantis

Pack 1 pick 15:
--> Plains

------ BFZ ------ 

Pack 2 pick 1:
    Swamp
    Giant Mantis
    Eldrazi Skyspawner
    Sheer Drop
    Altar's Reap
    Bone Splinters
    Mist Intruder
    Benthic Infiltrator
    Ghostly Sentinel
    Salvage Drone
    Boiling Earth
    Retreat to Coralhelm
--> Pilgrim's Eye
    Encircling Fissure
    Smoldering Marsh

Pack 2 pick 2:
    Island
    Angelic Gift
    Scour from Existence
    Kitesail Scout
    Volcanic Upheaval
    Sure Strike
--> Lifespring Druid
    Eyeless Watcher
    Nirkana Assassin
    Altar's Reap
    Tide Drifter
    Skitterskin
    Retreat to Coralhelm
    Ugin's Insight

Pack 2 pick 3:
    Island
    Inspired Charge
    Fertile Thicket
    Sure Strike
    Kalastria Nightwatch
    Scour from Existence
    Belligerent Whiptail
    Lithomancer's Focus
    Dominator Drone
    Stone Haven Medic
    Mortuary Mire
--> Firemantle Mage
    Gruesome Slaughter

Pack 2 pick 4:
    Island
    Lavastep Raider
    Nirkana Assassin
    Cliffside Lookout
--> Oran-Rief Invoker
    Reckless Cohort
    Dispel
    Valakut Predator
    Felidar Cub
    Blighted Cataract
    Dampening Pulse
    Rising Miasma

Pack 2 pick 5:
    Plains
    Geyserfield Stalker
    Lavastep Raider
    Kitesail Scout
    Fortified Rampart
    Oracle of Dust
    Felidar Cub
    Tajuru Stalwart
--> Lifespring Druid
    Makindi Sliderunner
    March from the Tomb

Pack 2 pick 6:
    Island
    Territorial Baloth
    Nettle Drone
    Oran-Rief Invoker
    Mind Raker
    Benthic Infiltrator
    Shatterskull Recruit
    Jaddi Offshoot
    Crumble to Dust
--> Brood Monitor

Pack 2 pick 7:
    Island
    Sludge Crawler
    Belligerent Whiptail
    Voracious Null
    Valakut Predator
    Angelic Gift
    Infuse with the Elements
    Ulamog's Nullifier
--> Beastcaller Savant

Pack 2 pick 8:
    Broodhunter Wurm
    Volcanic Upheaval
--> Ruin Processor
    Roilmage's Trick
    Geyserfield Stalker
    Infuse with the Elements
    Malakir Familiar
    Retreat to Valakut

Pack 2 pick 9:
    Swamp
    Giant Mantis
    Altar's Reap
    Bone Splinters
    Salvage Drone
--> Boiling Earth
    Retreat to Coralhelm

Pack 2 pick 10:
    Island
    Kitesail Scout
    Volcanic Upheaval
--> Eyeless Watcher
    Skitterskin
    Retreat to Coralhelm

Pack 2 pick 11:
    Island
    Sure Strike
    Kalastria Nightwatch
--> Belligerent Whiptail
    Mortuary Mire

Pack 2 pick 12:
    Island
--> Lavastep Raider
    Dispel
    Felidar Cub

Pack 2 pick 13:
    Plains
    Geyserfield Stalker
--> Lavastep Raider

Pack 2 pick 14:
    Island
--> Crumble to Dust

Pack 2 pick 15:
--> Island

------ BFZ ------ 

Pack 3 pick 1:
    Plains
    Swell of Growth
    Complete Disregard
    Boiling Earth
    Mist Intruder
    Rush of Ice
    Mire's Malice
    Wave-Wing Elemental
    Sandstone Bridge
    Blisterpod
    Makindi Sliderunner
--> Vile Aggregate
    Adverse Conditions
    Tajuru Warcaller
    Conduit of Ruin

Pack 3 pick 2:
    Swamp
    Wave-Wing Elemental
    Spell Shrivel
    Natural Connection
    Dutiful Return
    Vestige of Emrakul
    Reckless Cohort
    Kitesail Scout
    Seek the Wilds
    Ondu Greathorn
    Brilliant Spectrum
    Tide Drifter
    Roil's Retribution
--> Oran-Rief Hydra

Pack 3 pick 3:
    Mountain
    Belligerent Whiptail
    Earthen Arms
    Shadow Glider
    Makindi Sliderunner
    Lavastep Raider
    Voracious Null
    Gideon's Reproach
    Looming Spires
    Kalastria Healer
--> Plated Crusher
    Blighted Fen
    Beastcaller Savant

Pack 3 pick 4:
    Forest
    Grave Birthing
    Rush of Ice
    Seek the Wilds
--> Tajuru Beastmaster
    Kalastria Nightwatch
    Fortified Rampart
    Coralhelm Guide
    Dispel
    Skitterskin
    Blighted Woodland
    Halimar Tidecaller

Pack 3 pick 5:
    Forest
--> Rush of Ice
    Lavastep Raider
    Cloud Manta
    Wave-Wing Elemental
    Natural Connection
    Volcanic Upheaval
    Skyline Cascade
    Jaddi Offshoot
    Rot Shambler
    Noyan Dar, Roil Shaper

Pack 3 pick 6:
    Mountain
    Sludge Crawler
    Geyserfield Stalker
    Boiling Earth
--> Kozilek's Sentinel
    Lifespring Druid
    Lithomancer's Focus
    Crumble to Dust
    Retreat to Coralhelm
    Grovetender Druids

Pack 3 pick 7:
    Mountain
    Makindi Sliderunner
    Plummet
--> Tajuru Stalwart
    Kalastria Nightwatch
    Inspired Charge
    Oracle of Dust
    Blighted Fen
    Retreat to Coralhelm

Pack 3 pick 8:
    Island
    Voracious Null
    Natural Connection
    Fertile Thicket
    Clutch of Currents
--> Tajuru Beastmaster
    Bloodbond Vampire
    Cryptic Cruiser

Pack 3 pick 9:
    Plains
    Swell of Growth
    Boiling Earth
    Mist Intruder
    Mire's Malice
    Wave-Wing Elemental
--> Blisterpod

Pack 3 pick 10:
    Swamp
    Wave-Wing Elemental
    Natural Connection
    Kitesail Scout
    Seek the Wilds
--> Brilliant Spectrum

Pack 3 pick 11:
    Mountain
--> Belligerent Whiptail
    Earthen Arms
    Lavastep Raider
    Voracious Null

Pack 3 pick 12:
    Forest
--> Rush of Ice
    Seek the Wilds
    Fortified Rampart

Pack 3 pick 13:
    Forest
    Lavastep Raider
--> Volcanic Upheaval

Pack 3 pick 14:
    Mountain
--> Geyserfield Stalker

Pack 3 pick 15:
--> Mountain

