Event #: 2129174
Time:    10/14/2015 1:23:45 PM
Players:
--> MrMarlon
    player2
    player3
    player4
    player5
    player6
    player7
    player8

------ BFZ ------ 

Pack 1 pick 1:
    Forest
    Mire's Malice
    Broodhunter Wurm
    Benthic Infiltrator
    Kozilek's Channeler
    Inspired Charge
    Dominator Drone
    Valakut Predator
    Salvage Drone
    Ghostly Sentinel
    Looming Spires
    Ulamog's Nullifier
    Akoum Stonewaker
    Bloodbond Vampire
--> Ugin's Insight

Pack 1 pick 2:
    Forest
    Looming Spires
    Cliffside Lookout
    Rush of Ice
    Seek the Wilds
    Sure Strike
    Tajuru Stalwart
    Kor Castigator
    Dominator Drone
    Plummet
    Call the Scions
--> Blighted Cataract
    Carrier Thrall
    Defiant Bloodlord

Pack 1 pick 3:
    Plains
    Lifespring Druid
    Kalastria Healer
    Earthen Arms
    Sandstone Bridge
    Swell of Growth
    Volcanic Upheaval
    Tajuru Stalwart
    Giant Mantis
    Scour from Existence
    Firemantle Mage
    Horribly Awry
--> Sunken Hollow

Pack 1 pick 4:
    Swamp
    Swell of Growth
    Murk Strider
    Shatterskull Recruit
    Territorial Baloth
    Valakut Invoker
    Silent Skimmer
    Salvage Drone
    Gideon's Reproach
    Blighted Steppe
    Molten Nursery
--> Exert Influence

Pack 1 pick 5:
    Swamp
    Tightening Coils
    Shatterskull Recruit
    Earthen Arms
    Giant Mantis
    Angelic Gift
    Looming Spires
    Mortuary Mire
    Dispel
--> Turn Against
    Ulamog's Reclaimer

Pack 1 pick 6:
    Swamp
    Tajuru Stalwart
    Reclaiming Vines
    Reckless Cohort
    Kor Castigator
    Courier Griffin
    Lithomancer's Focus
    Sludge Crawler
--> Pilgrim's Eye
    Tunneling Geopede

Pack 1 pick 7:
    Plains
    Rush of Ice
    Volcanic Upheaval
    Fertile Thicket
    Mortuary Mire
    Swarm Surge
    Spell Shrivel
--> Turn Against
    Adverse Conditions

Pack 1 pick 8:
    Swamp
    Angelic Gift
    Salvage Drone
--> Eldrazi Skyspawner
    Spawning Bed
    Skitterskin
    Pathway Arrows
    Shrine of the Forsaken Gods

Pack 1 pick 9:
    Forest
    Mire's Malice
    Dominator Drone
    Valakut Predator
    Salvage Drone
    Looming Spires
--> Ulamog's Nullifier

Pack 1 pick 10:
    Forest
    Looming Spires
    Rush of Ice
    Seek the Wilds
    Dominator Drone
--> Carrier Thrall

Pack 1 pick 11:
    Plains
    Kalastria Healer
    Sandstone Bridge
    Volcanic Upheaval
--> Horribly Awry

Pack 1 pick 12:
    Swamp
--> Valakut Invoker
    Blighted Steppe
    Molten Nursery

Pack 1 pick 13:
    Swamp
--> Tightening Coils
    Angelic Gift

Pack 1 pick 14:
--> Reckless Cohort
    Lithomancer's Focus

Pack 1 pick 15:
--> Rush of Ice

------ BFZ ------ 

Pack 2 pick 1:
    Mountain
    Roilmage's Trick
--> Outnumber
    Ondu Champion
    Wave-Wing Elemental
    Seek the Wilds
    Looming Spires
    Angelic Gift
    Geyserfield Stalker
    Shadow Glider
    Swell of Growth
    Chasm Guide
    Retreat to Emeria
    Hagra Sharpshooter
    Sunken Hollow

Pack 2 pick 2:
    Swamp
    Clutch of Currents
    Valakut Invoker
    Coralhelm Guide
    Gideon's Reproach
    Makindi Sliderunner
    Volcanic Upheaval
    Outnumber
    Shatterskull Recruit
    Kalastria Healer
    Ondu Rising
    Horribly Awry
    Dampening Pulse
--> Ruinous Path

Pack 2 pick 3:
    Island
    Giant Mantis
    Broodhunter Wurm
    Valakut Predator
    Kalastria Nightwatch
    Cloud Manta
--> Demon's Grasp
    Blisterpod
    Gideon's Reproach
    Titan's Presence
    Angel of Renewal
    Pathway Arrows
    Zada, Hedron Grinder

Pack 2 pick 4:
    Swamp
    Altar's Reap
    Snapping Gnarlid
    Anticipate
    Eldrazi Skyspawner
    Sandstone Bridge
    Angelic Gift
    Belligerent Whiptail
    Spawning Bed
    Retreat to Kazandu
--> Vile Aggregate
    Veteran Warleader

Pack 2 pick 5:
    Island
    Angelic Gift
    Unnatural Aggression
    Goblin War Paint
    Seek the Wilds
--> Belligerent Whiptail
    Roilmage's Trick
    Ondu Champion
    Retreat to Hagra
    Roil Spout
    Guul Draz Overseer

Pack 2 pick 6:
    Arid Mesa
    Stonefury
    Earthen Arms
    Oran-Rief Invoker
    Fertile Thicket
    Felidar Cub
    Stone Haven Medic
    Outnumber
    Blighted Fen
--> Grip of Desolation

Pack 2 pick 7:
    Plains
    Fertile Thicket
    Inspired Charge
    Looming Spires
    Spell Shrivel
    Forerunner of Slaughter
    Retreat to Emeria
    Blighted Cataract
--> Akoum Firebird

Pack 2 pick 8:
    Mountain
    Smite the Monstrous
    Felidar Cub
    Earthen Arms
    Looming Spires
    Sludge Crawler
--> Clutch of Currents
    Retreat to Hagra

Pack 2 pick 9:
    Mountain
    Seek the Wilds
    Looming Spires
    Angelic Gift
    Chasm Guide
    Retreat to Emeria
--> Sunken Hollow

Pack 2 pick 10:
    Swamp
    Clutch of Currents
    Valakut Invoker
    Makindi Sliderunner
    Volcanic Upheaval
--> Outnumber

Pack 2 pick 11:
    Island
    Valakut Predator
    Gideon's Reproach
    Pathway Arrows
--> Zada, Hedron Grinder

Pack 2 pick 12:
    Swamp
    Sandstone Bridge
    Angelic Gift
--> Spawning Bed

Pack 2 pick 13:
    Angelic Gift
    Goblin War Paint
--> Roil Spout

Pack 2 pick 14:
    Stone Haven Medic
--> Outnumber

Pack 2 pick 15:
--> Forerunner of Slaughter

------ BFZ ------ 

Pack 3 pick 1:
--> Forest
    Coralhelm Guide
    Ruin Processor
    Tightening Coils
    Stonefury
    Cliffside Lookout
    Fortified Rampart
    Kalastria Nightwatch
    Ondu Greathorn
    Ondu Champion
    Valakut Predator
    Firemantle Mage
    Vampiric Rites
    Blighted Steppe
    March from the Tomb

Pack 3 pick 2:
    Plains
    Demon's Grasp
    Altar's Reap
    Nettle Drone
    Spell Shrivel
    Bone Splinters
    Ondu Greathorn
    Dispel
    Boiling Earth
--> Outnumber
    Roil Spout
    Deathless Behemoth
    Encircling Fissure
    From Beyond

Pack 3 pick 3:
    Forest
    Demon's Grasp
    Touch of the Void
    Seek the Wilds
    Natural Connection
    Valakut Predator
    Kitesail Scout
    Goblin War Paint
    Belligerent Whiptail
    Lavastep Raider
    Stasis Snare
    Rising Miasma
--> Fathom Feeder

Pack 3 pick 4:
    Swamp
    Mist Intruder
    Volcanic Upheaval
    Makindi Sliderunner
    Shatterskull Recruit
--> Complete Disregard
    Dispel
    Valakut Predator
    Clutch of Currents
    Processor Assault
    Tide Drifter
    Canopy Vista

Pack 3 pick 5:
    Mountain
--> Nettle Drone
    Stone Haven Medic
    Mortuary Mire
    Goblin War Paint
    Gideon's Reproach
    Sure Strike
    Catacomb Sifter
    Malakir Familiar
    Retreat to Emeria
    Munda, Ambush Leader

Pack 3 pick 6:
    Mountain
    Dominator Drone
    Ondu Champion
    Kalastria Healer
    Anticipate
    Reclaiming Vines
    Valakut Predator
--> Grip of Desolation
    Roil Spout
    Shambling Vent

Pack 3 pick 7:
    Mountain
    Vestige of Emrakul
    Seek the Wilds
    Ondu Champion
    Reclaiming Vines
    Sludge Crawler
    Culling Drone
--> Molten Nursery
    Brutal Expulsion

Pack 3 pick 8:
    Forest
    Demon's Grasp
    Rush of Ice
    Gideon's Reproach
--> Outnumber
    Mortuary Mire
    Mind Raker
    Tunneling Geopede

Pack 3 pick 9:
--> Stonefury
    Cliffside Lookout
    Fortified Rampart
    Valakut Predator
    Firemantle Mage
    Vampiric Rites
    March from the Tomb

Pack 3 pick 10:
    Plains
--> Altar's Reap
    Dispel
    Boiling Earth
    Roil Spout
    Encircling Fissure

Pack 3 pick 11:
--> Valakut Predator
    Goblin War Paint
    Belligerent Whiptail
    Lavastep Raider
    Stasis Snare

Pack 3 pick 12:
    Volcanic Upheaval
    Shatterskull Recruit
    Valakut Predator
--> Clutch of Currents

Pack 3 pick 13:
    Goblin War Paint
    Gideon's Reproach
--> Munda, Ambush Leader

Pack 3 pick 14:
--> Valakut Predator
    Roil Spout

Pack 3 pick 15:
--> Brutal Expulsion

