Event #: 2151293
Time:    10/14/2015 1:23:45 PM
Players:
--> MrMarlon
    player2
    player3
    player4
    player5
    player6
    player7
    player8

------ BFZ ------ 

Pack 1 pick 1:
    Island
    Snapping Gnarlid
    Lithomancer's Focus
    Fortified Rampart
    Tajuru Beastmaster
    Hedron Blade
    Eyeless Watcher
    Wave-Wing Elemental
    Gideon's Reproach
    Stonefury
    Giant Mantis
    Slab Hammer
    Titan's Presence
    Firemantle Mage
--> Ugin's Insight

Pack 1 pick 2:
    Island
    Blisterpod
    Shadow Glider
    Altar's Reap
    Unnatural Aggression
    Kalastria Nightwatch
    Angelic Gift
    Makindi Patrol
    Mortuary Mire
    Salvage Drone
    Incubator Drone
    Turn Against
    Drana's Emissary
--> Oran-Rief Hydra

Pack 1 pick 3:
    Island
    Volcanic Upheaval
    Nettle Drone
    Culling Drone
    Coralhelm Guide
    Mist Intruder
    Unnatural Aggression
    Kalastria Nightwatch
    Reclaiming Vines
    Ghostly Sentinel
    Pathway Arrows
    Sylvan Scrying
--> Grove Rumbler

Pack 1 pick 4:
    Island
--> Eyeless Watcher
    Giant Mantis
    Altar's Reap
    Kitesail Scout
    Stone Haven Medic
    Murk Strider
    Silent Skimmer
    Seek the Wilds
    Ulamog's Nullifier
    Spawning Bed
    Bring to Light

Pack 1 pick 5:
    Island
--> Tajuru Beastmaster
    Lavastep Raider
    Swarm Surge
    Tajuru Stalwart
    Cliffside Lookout
    Eldrazi Devastator
    Roilmage's Trick
    Sludge Crawler
    Ghostly Sentinel
    Crumble to Dust

Pack 1 pick 6:
    Island
    Territorial Baloth
    Sure Strike
    Lavastep Raider
    Shatterskull Recruit
    Eyeless Watcher
    Salvage Drone
--> Clutch of Currents
    Incubator Drone
    Lumbering Falls

Pack 1 pick 7:
    Forest
--> Ruin Processor
    Fertile Thicket
    Sandstone Bridge
    Tandem Tactics
    Oracle of Dust
    Salvage Drone
    Retreat to Kazandu
    Transgress the Mind

Pack 1 pick 8:
    Plains
    Shatterskull Recruit
    Scour from Existence
    Roilmage's Trick
    Sludge Crawler
--> Blisterpod
    Altar's Reap
    Void Attendant

Pack 1 pick 9:
    Island
    Lithomancer's Focus
--> Tajuru Beastmaster
    Hedron Blade
    Wave-Wing Elemental
    Giant Mantis
    Slab Hammer

Pack 1 pick 10:
    Island
--> Blisterpod
    Altar's Reap
    Kalastria Nightwatch
    Angelic Gift
    Mortuary Mire

Pack 1 pick 11:
    Island
    Volcanic Upheaval
--> Reclaiming Vines
    Pathway Arrows
    Sylvan Scrying

Pack 1 pick 12:
    Island
    Altar's Reap
    Kitesail Scout
--> Bring to Light

Pack 1 pick 13:
    Island
--> Roilmage's Trick
    Crumble to Dust

Pack 1 pick 14:
    Island
--> Lavastep Raider

Pack 1 pick 15:
--> Forest

------ BFZ ------ 

Pack 2 pick 1:
    Swamp
    Shadow Glider
    Tightening Coils
    Ruin Processor
    Stonefury
    Incubator Drone
--> Clutch of Currents
    Anticipate
    Plummet
    Geyserfield Stalker
    Snapping Gnarlid
    Vile Aggregate
    Roil's Retribution
    Herald of Kozilek
    Sire of Stagnation

Pack 2 pick 2:
    Plains
    Sure Strike
    Roilmage's Trick
--> Lifespring Druid
    Culling Drone
    Boiling Earth
    Salvage Drone
    Voracious Null
    Rush of Ice
    Anticipate
    Dampening Pulse
    Skyrider Elf
    Hagra Sharpshooter
    Guul Draz Overseer

Pack 2 pick 3:
    Swamp
    Stone Haven Medic
    Coralhelm Guide
    Earthen Arms
    Cliffside Lookout
    Goblin War Paint
    Valakut Invoker
--> Oran-Rief Invoker
    Eldrazi Devastator
    Lithomancer's Focus
    Jaddi Offshoot
    Angel of Renewal
    Hagra Sharpshooter

Pack 2 pick 4:
    Mountain
    Looming Spires
    Dispel
    Earthen Arms
--> Mist Intruder
    Eldrazi Devastator
    Gideon's Reproach
    Anticipate
    Grovetender Druids
    Grove Rumbler
    Retreat to Kazandu
    Shrine of the Forsaken Gods

Pack 2 pick 5:
--> Tajuru Stalwart
    Voracious Null
    Shatterskull Recruit
    Ruin Processor
    Spell Shrivel
    Dispel
    Bone Splinters
    Kor Castigator
    Molten Nursery
    Murasa Ranger
    Gruesome Slaughter

Pack 2 pick 6:
    Plains
    Anticipate
    Reckless Cohort
    Mire's Malice
    Altar's Reap
    Angelic Gift
    Dominator Drone
--> Benthic Infiltrator
    Lavastep Raider
    Blighted Gorge

Pack 2 pick 7:
    Plains
--> Coralhelm Guide
    Demon's Grasp
    Broodhunter Wurm
    Kitesail Scout
    Natural Connection
    Scour from Existence
    Sylvan Scrying
    Scatter to the Winds

Pack 2 pick 8:
    Forest
--> Rush of Ice
    Kalastria Healer
    Scour from Existence
    Shatterskull Recruit
    Sludge Crawler
    Scythe Leopard
    Akoum Stonewaker

Pack 2 pick 9:
    Swamp
    Tightening Coils
--> Incubator Drone
    Anticipate
    Plummet
    Snapping Gnarlid
    Herald of Kozilek

Pack 2 pick 10:
    Plains
    Roilmage's Trick
    Boiling Earth
    Salvage Drone
    Voracious Null
--> Rush of Ice

Pack 2 pick 11:
    Swamp
    Stone Haven Medic
    Goblin War Paint
--> Eldrazi Devastator
    Jaddi Offshoot

Pack 2 pick 12:
    Mountain
    Looming Spires
--> Grove Rumbler
    Shrine of the Forsaken Gods

Pack 2 pick 13:
    Dispel
--> Bone Splinters
    Molten Nursery

Pack 2 pick 14:
--> Plains
    Lavastep Raider

Pack 2 pick 15:
--> Plains

------ BFZ ------ 

Pack 3 pick 1:
    Island
    Mortuary Mire
    Ghostly Sentinel
    Cliffside Lookout
    Altar's Reap
    Sludge Crawler
    Gideon's Reproach
    Goblin War Paint
    Demon's Grasp
    Nettle Drone
    Skyline Cascade
    Crumble to Dust
    Herald of Kozilek
    Catacomb Sifter
--> Conduit of Ruin

Pack 3 pick 2:
    Swamp
    Oracle of Dust
    Inspired Charge
    Scour from Existence
    Nirkana Assassin
    Outnumber
    Dutiful Return
    Culling Drone
--> Eldrazi Skyspawner
    Kitesail Scout
    Blighted Cataract
    Skyrider Elf
    Grove Rumbler
    Munda, Ambush Leader

Pack 3 pick 3:
    Forest
    Stonefury
    Demon's Grasp
    Reclaiming Vines
--> Coralhelm Guide
    Ghostly Sentinel
    Fertile Thicket
    Skyline Cascade
    Goblin War Paint
    Retreat to Coralhelm
    Firemantle Mage
    Rolling Thunder
    Radiant Flames

Pack 3 pick 4:
    Forest
    Reclaiming Vines
    Seek the Wilds
    Salvage Drone
    Altar's Reap
    Kozilek's Sentinel
    Complete Disregard
--> Coralhelm Guide
    Plummet
    Ulamog's Reclaimer
    Infuse with the Elements
    Wasteland Strangler

Pack 3 pick 5:
    Mountain
    Complete Disregard
    Inspired Charge
    Giant Mantis
    Dispel
    Seek the Wilds
    Belligerent Whiptail
    Brilliant Spectrum
    Volcanic Upheaval
    Ruin Processor
--> Dampening Pulse

Pack 3 pick 6:
    Forest
--> Eyeless Watcher
    Belligerent Whiptail
    Evolving Wilds
    Lavastep Raider
    Scour from Existence
    Ondu Champion
    Skitterskin
    Molten Nursery
    Gruesome Slaughter

Pack 3 pick 7:
    Mountain
--> Call the Scions
    Vestige of Emrakul
    Kitesail Scout
    Dutiful Return
    Stone Haven Medic
    Brilliant Spectrum
    Earthen Arms
    Crumble to Dust

Pack 3 pick 8:
    Plains
    Kalastria Healer
    Natural Connection
    Altar's Reap
    Earthen Arms
    Goblin War Paint
--> Retreat to Kazandu
    Sanctum of Ugin

Pack 3 pick 9:
    Island
    Mortuary Mire
    Altar's Reap
    Sludge Crawler
    Goblin War Paint
    Crumble to Dust
--> Catacomb Sifter

Pack 3 pick 10:
    Swamp
--> Oracle of Dust
    Inspired Charge
    Dutiful Return
    Kitesail Scout
    Grove Rumbler

Pack 3 pick 11:
    Forest
    Stonefury
    Demon's Grasp
    Goblin War Paint
--> Retreat to Coralhelm

Pack 3 pick 12:
    Forest
    Reclaiming Vines
--> Salvage Drone
    Altar's Reap

Pack 3 pick 13:
    Mountain
--> Brilliant Spectrum
    Volcanic Upheaval

Pack 3 pick 14:
    Forest
--> Lavastep Raider

Pack 3 pick 15:
--> Mountain

