Event #: 3293804
Time:    1/13/2012 3:06:33 PM
Players: 
    Luminux
    bratschnik
    amakickyou
    TheCapm
--> MechaTech
    letec03
    JonB93
    Normie
 
------ ISD ------
 
Pack 1 pick 1:
    Smite the Monstrous
    Nightbird's Clutches
    Thraben Sentry
    Spider Spawning
    Moonmist
    Moment of Heroism
    Bramblecrush
    Rooftop Storm
    Curiosity
--> Geist-Honored Monk (FOIL)
    Darkthicket Wolf
    Walking Corpse
    Shimmering Grotto
    Spidery Grasp
    Mountain
 
Pack 1 pick 2:
--> Avacynian Priest
    Stitcher's Apprentice
    Cobbled Wings
    Woodland Sleuth
    Village Ironsmith
    Markov Patrician
    Curse of the Nightly Hunt
    Unburial Rites
    Murder of Crows
    Curse of the Bloody Tome
    Traitorous Blood
    Silverchase Fox
    Forest
    Bloodcrazed Neonate
 
Pack 1 pick 3:
    Ghoulcaller's Chant
    Cellar Door
    Sharpened Pitchfork
    Stitched Drake
--> Bonds of Faith
    Grizzled Outcasts
    Elder Cathar
    Grave Bramble
    Mulch
    Doomed Traveler
    Lost in the Mist
    Island
    Curse of the Pierced Heart
 
Pack 1 pick 4:
    Ghoulcaller's Chant
    Screeching Bat
    Silver-Inlaid Dagger
    Wooden Stake
    Lumberknot
    Laboratory Maniac
    Festerhide Boar
    Hysterical Blindness
    Spidery Grasp
    Plains
--> Voiceless Spirit
    One-Eyed Scarecrow
 
Pack 1 pick 5:
--> Invisible Stalker
    Silent Departure
    Dead Weight
    Sharpened Pitchfork
    Riot Devils
    Selfless Cathar
    Night Revelers
    Spectral Flight
    Somberwald Spider
    Doomed Traveler
    Swamp
 
Pack 1 pick 6:
    Nightbird's Clutches
    Skirsdag Cultist
    Bramblecrush
    Spare from Evil
    Lumberknot
    Walking Corpse
--> Dream Twist
    Corpse Lunge
    Mountain
    Vampiric Fury
 
Pack 1 pick 7:
    Ghostly Possession
    Riot Devils
    Hollowhenge Scavenger
--> Curse of the Bloody Tome
    Hysterical Blindness
    Somberwald Spider
    Island
    Gnaw to the Bone
    Memory's Journey
 
Pack 1 pick 8:
    Frightful Delusion
    Make a Wish
--> Diregraf Ghoul
    Vampire Interloper
    Ashmouth Hound
    Island
    Gruesome Deformity
    Gnaw to the Bone
 
Pack 1 pick 9:
    Nightbird's Clutches
    Moonmist
    Bramblecrush
    Rooftop Storm
    Curiosity
--> Shimmering Grotto
    Mountain
 
Pack 1 pick 10:
--> Cobbled Wings
    Woodland Sleuth
    Curse of the Nightly Hunt
    Traitorous Blood
    Forest
    Bloodcrazed Neonate
 
Pack 1 pick 11:
--> Ghoulcaller's Chant
    Cellar Door
    Grave Bramble
    Island
    Curse of the Pierced Heart
 
Pack 1 pick 12:
    Ghoulcaller's Chant
--> Lumberknot
    Hysterical Blindness
    Plains
 
Pack 1 pick 13:
--> Night Revelers
    Somberwald Spider
    Swamp
 
Pack 1 pick 14:
    Mountain
--> Vampiric Fury
 
Pack 1 pick 15:
--> Island
 
------ ISD ------
 
Pack 2 pick 1:
    Butcher's Cleaver
    Bonds of Faith
--> Thraben Sentry
    Diregraf Ghoul
    Thraben Purebloods
    Orchard Spirit
    Ancient Grudge
    Naturalize
    Rally the Peasants
    Avacyn's Pilgrim
    Armored Skaab
    Plains
    Elder of Laurels
    Vampiric Fury
    One-Eyed Scarecrow
 
Pack 2 pick 2:
--> Cloistered Youth
    Sensory Deprivation
    Hollowhenge Scavenger
    Tribute to Hunger
    Thraben Purebloods
    Think Twice
    Furor of the Bitten
    Abbey Griffin
    Infernal Plunge
    Feeling of Dread
    Darkthicket Wolf
    Disciple of Griselbrand
    Mountain
    Ranger's Guile
 
Pack 2 pick 3:
    Stitched Drake
    Village Ironsmith
    Skaab Goliath
    Kindercatch
    Crossway Vampire
--> Brimstone Volley
    Selhoff Occultist
    Claustrophobia
    Lost in the Mist
    Burning Vengeance
    Intangible Virtue
    Plains
    Manor Skeleton
 
Pack 2 pick 4:
    Ghost Quarter
    Moon Heron
    Screeching Bat
    Pitchburn Devils
    Stromkirk Patrol
    Think Twice
    Furor of the Bitten
--> Battleground Geist
    Ghoulcaller's Bell
    Dream Twist
    Island
    Maw of the Mire
 
Pack 2 pick 5:
    Ghoulraiser
    Travel Preparations
    Trepanation Blade
    Sensory Deprivation
    Bump in the Night
    Moment of Heroism
--> Fortress Crab
    Caravan Vigil
    Ghoulcaller's Bell
    Dissipate
    Plains
 
Pack 2 pick 6:
    Ghoulcaller's Chant
--> Festerhide Boar
    Hysterical Blindness
    Caravan Vigil
    Infernal Plunge
    Rotting Fensnake
    Full Moon's Rise
    Hanweir Watchkeep
    Forest
    Ranger's Guile
 
Pack 2 pick 7:
    Graveyard Shovel
    Wooden Stake
    Altar's Reap
--> Urgent Exorcism
    Rooftop Storm
    Mountain
    Manor Skeleton
    Boneyard Wurm
    Curse of the Pierced Heart
 
Pack 2 pick 8:
    Kessig Wolf
--> Unruly Mob
    Graveyard Shovel
    Urgent Exorcism
    Selhoff Occultist
    Rakish Heir
    Naturalize
    Island
 
Pack 2 pick 9:
    Thraben Purebloods
    Ancient Grudge
    Naturalize
--> Rally the Peasants
    Plains
    Vampiric Fury
    One-Eyed Scarecrow
 
Pack 2 pick 10:
--> Sensory Deprivation
    Thraben Purebloods
    Furor of the Bitten
    Infernal Plunge
    Disciple of Griselbrand
    Mountain
 
Pack 2 pick 11:
    Kindercatch
--> Selhoff Occultist
    Lost in the Mist
    Plains
    Manor Skeleton
 
Pack 2 pick 12:
    Furor of the Bitten
--> Ghoulcaller's Bell
    Island
    Maw of the Mire
 
Pack 2 pick 13:
--> Sensory Deprivation
    Ghoulcaller's Bell
    Plains
 
Pack 2 pick 14:
    Infernal Plunge
--> Forest
 
Pack 2 pick 15:
--> Mountain
 
------ ISD ------
 
Pack 3 pick 1:
    Travel Preparations
    Kessig Wolf
    Riot Devils
    Village Ironsmith
    Elder Cathar
    Village Bell-Ringer
    Falkenrath Noble
    Forbidden Alchemy
    Altar's Reap
    Curiosity
    Spectral Flight
    Rakish Heir
    Brain Weevil
    Island
--> Grimgrin, Corpse-Born
 
Pack 3 pick 2:
    Feral Ridgewolf
    Ghostly Possession
    Tormented Pariah
    Altar's Reap
    Kindercatch
    Moan of the Unhallowed
    Grave Bramble
    Traitorous Blood
--> Battleground Geist
    Creeping Renaissance
    Swamp
    Gruesome Deformity
    Typhoid Rats
    Village Cannibals
 
Pack 3 pick 3:
    Ghost Quarter
    Cobbled Wings
    Woodland Sleuth
--> Bonds of Faith
    Tormented Pariah
    Nevermore
    Wooden Stake
    Crossway Vampire
    Mulch
    Curse of Oblivion
    Rally the Peasants
    Plains
    Curse of the Pierced Heart
 
Pack 3 pick 4:
    Ghoulcaller's Chant
    Inquisitor's Flail
    Villagers of Estwald
    Urgent Exorcism
    Scourge of Geier Reach
--> Laboratory Maniac
    Festerhide Boar
    Hysterical Blindness
    Spidery Grasp
    Mountain
    Manor Skeleton
    One-Eyed Scarecrow
 
Pack 3 pick 5:
    Bramblecrush
    Curiosity
    Spectral Flight
    Fortress Crab
--> Orchard Spirit
    Brain Weevil
    Ancient Grudge
    Traveler's Amulet
    Corpse Lunge
    Plains
    Tree of Redemption
 
Pack 3 pick 6:
    Ghoulraiser
    Cobbled Wings
    Night Revelers
    Curse of the Bloody Tome
    Burning Vengeance
    Intangible Virtue
--> Past in Flames
    Mountain
    Ranger's Guile
    Bloodcrazed Neonate
 
Pack 3 pick 7:
    Prey Upon
    Delver of Secrets
    Demonmail Hauberk
--> Abbey Griffin
    Infernal Plunge
    Doomed Traveler
    Lost in the Mist
    Plains
    Bloodcrazed Neonate
 
Pack 3 pick 8:
    Riot Devils
    Tormented Pariah
    Bramblecrush
--> Lumberknot
    Somberwald Spider
    Island
    Gnaw to the Bone
    Curse of the Pierced Heart
 
Pack 3 pick 9:
    Kessig Wolf
    Altar's Reap
    Curiosity
--> Spectral Flight
    Rakish Heir
    Brain Weevil
    Island
 
Pack 3 pick 10:
    Ghostly Possession
    Kindercatch
    Grave Bramble
--> Traitorous Blood
    Swamp
    Gruesome Deformity
 
Pack 3 pick 11:
--> Woodland Sleuth
    Wooden Stake
    Curse of Oblivion
    Plains
    Curse of the Pierced Heart
 
Pack 3 pick 12:
--> Inquisitor's Flail
    Hysterical Blindness
    Mountain
    Manor Skeleton
 
Pack 3 pick 13:
--> Spectral Flight
    Brain Weevil
    Plains
 
Pack 3 pick 14:
--> Curse of the Bloody Tome
    Mountain
 
Pack 3 pick 15:
--> Plains
 
