Event #: 3716355
Time:    4/10/2012 7:19:58 PM
Players: 
    dakroll
    Terratyrant
    biggins
    Luciferase
    DraftMagic
    FusseL
    zaphb
--> malthrin
 
------ DKA ------
 
Pack 1 pick 1:
    Stormbound Geist
    Silverclaw Griffin
    Spiteful Shadows
    Executioner's Hood
    Bar the Door
    Dawntreader Elk
    Sanctuary Cat
    Niblis of the Mist
    Bone to Ash
    Curse of Exhaustion
    Tracker's Instincts
    Immerwolf
    Afflicted Deserter
--> Geralf's Messenger
    Swamp
 
Pack 1 pick 2:
    Crushing Vines
    Erdwal Ripper
    Stormbound Geist
    Silverclaw Griffin
    Spiteful Shadows
    Gather the Townsfolk
    Sightless Ghoul
--> Fires of Undeath
    Falkenrath Torturer
    Markov Warlord
    Faith's Shield
    Niblis of the Urn
    Afflicted Deserter
    Swamp
 
Pack 1 pick 3:
    Haunted Fengraf
    Favor of the Woods
    Torch Fiend
    Artful Dodge
    Gravepurge
    Wrack with Madness
    Saving Grasp
    Undying Evil
    Scorch the Fields
--> Stromkirk Captain
    Niblis of the Urn
    Hinterland Hermit
    Forest
 
Pack 1 pick 4:
    Forge Devil
--> Death's Caress
    Russet Wolves
    Hollowhenge Beast
    Kessig Recluse
    Fling
    Midnight Guard
    Chant of the Skifsang
    Curse of Exhaustion
    Blood Feud
    Scorned Villager
    Island
 
Pack 1 pick 5:
    Stormbound Geist
    Favor of the Woods
    Bar the Door
--> Forge Devil
    Divination
    Sanctuary Cat
    Kessig Recluse
    Fling
    Blood Feud
    Sudden Disappearance
    Island
 
Pack 1 pick 6:
    Crushing Vines
    Skillful Lunge
    Torch Fiend
    Niblis of the Mist
    Saving Grasp
    Evolving Wilds
    Avacyn's Collar
    Shattered Perception
--> Skirsdag Flayer
    Plains
 
Pack 1 pick 7:
--> Faithless Looting
    Headless Skaab
    Silverclaw Griffin
    Hollowhenge Beast
    Young Wolf
    Faith's Shield
    Thraben Heretic
    Alpha Brawl
    Forest
 
Pack 1 pick 8:
    Nephalia Seakite
    Ray of Revelation
    Clinging Mists
--> Death's Caress
    Talons of Falkenrath
    Falkenrath Torturer
    Shattered Perception
    Swamp
 
Pack 1 pick 9:
    Spiteful Shadows
    Bar the Door
    Sanctuary Cat
    Curse of Exhaustion
    Tracker's Instincts
--> Afflicted Deserter
    Swamp
 
Pack 1 pick 10:
    Erdwal Ripper
    Silverclaw Griffin
    Spiteful Shadows
--> Falkenrath Torturer
    Afflicted Deserter
    Swamp
 
Pack 1 pick 11:
    Haunted Fengraf
    Favor of the Woods
--> Gravepurge
    Scorch the Fields
    Forest
 
Pack 1 pick 12:
--> Russet Wolves
    Hollowhenge Beast
    Blood Feud
    Island
 
Pack 1 pick 13:
    Favor of the Woods
--> Bar the Door
    Island
 
Pack 1 pick 14:
--> Shattered Perception
    Plains
 
Pack 1 pick 15:
--> Forest
 
------ ISD ------
 
Pack 2 pick 1:
    Somberwald Spider
    Riot Devils
    Altar's Reap
    Forbidden Alchemy
    Elder Cathar
    Typhoid Rats
    Harvest Pyre
    Mulch
    Smite the Monstrous
    Curiosity
    Lantern Spirit
    Purify the Grave
    Sulfur Falls
--> Bloodline Keeper
    Forest
 
Pack 2 pick 2:
    Bump in the Night
    Nightbird's Clutches
    Traveler's Amulet
    Ambush Viper
    Infernal Plunge
    Think Twice
    Village Bell-Ringer
    Caravan Vigil
    Hamlet Captain
    Bitterheart Witch
    Rage Thrower
--> Falkenrath Marauders
    Grizzled Outcasts
    Forest
 
Pack 2 pick 3:
    Unruly Mob
    Skeletal Grimace
    Gruesome Deformity
    Claustrophobia
    Curse of the Pierced Heart
    Urgent Exorcism
    Manor Skeleton
    Spidery Grasp
    Curse of the Nightly Hunt
    Rakish Heir
    Graveyard Shovel
--> Screeching Bat
    Plains
 
Pack 2 pick 4:
    Spare from Evil
--> Nightbird's Clutches
    Ambush Viper
    Dream Twist
    Village Bell-Ringer
    Spectral Flight
    Brain Weevil
    Night Revelers
    Ranger's Guile
    Spider Spawning
    Demonmail Hauberk
    Plains
 
Pack 2 pick 5:
    Manor Skeleton
    Stitched Drake
    Naturalize
    Spare from Evil
    Moon Heron
    Night Terrors
--> Diregraf Ghoul
    Ghost Quarter
    Murder of Crows
    Grizzled Outcasts
    Swamp
 
Pack 2 pick 6:
    Grave Bramble
    Bloodcrazed Neonate
    Frightful Delusion
    Cobbled Wings
    Skeletal Grimace
    Urgent Exorcism
--> Vampire Interloper
    Lumberknot
    Cellar Door
    Plains
 
Pack 2 pick 7:
    Spare from Evil
    Moon Heron
    Night Revelers
    Spectral Flight
    Rotting Fensnake
    Caravan Vigil
    Battleground Geist
--> Unbreathing Horde
    Mountain
 
Pack 2 pick 8:
    Moonmist
    Ghostly Possession
    Ghoulcaller's Bell
    Maw of the Mire
--> Corpse Lunge
    Runic Repetition
    Cellar Door
    Forest
 
Pack 2 pick 9:
    Somberwald Spider
    Altar's Reap
--> Typhoid Rats
    Mulch
    Curiosity
    Purify the Grave
    Forest
 
Pack 2 pick 10:
--> Bump in the Night
    Nightbird's Clutches
    Infernal Plunge
    Bitterheart Witch
    Grizzled Outcasts
    Forest
 
Pack 2 pick 11:
--> Skeletal Grimace
    Gruesome Deformity
    Curse of the Nightly Hunt
    Graveyard Shovel
    Plains
 
Pack 2 pick 12:
    Spectral Flight
    Brain Weevil
--> Night Revelers
    Plains
 
Pack 2 pick 13:
--> Manor Skeleton
    Spare from Evil
    Swamp
 
Pack 2 pick 14:
--> Frightful Delusion
    Plains
 
Pack 2 pick 15:
--> Mountain
 
------ ISD ------
 
Pack 3 pick 1:
    Avacyn's Pilgrim
    Night Terrors
    Fortress Crab
    Feeling of Dread
    Brain Weevil
    Sensory Deprivation
    Shimmering Grotto
    Stromkirk Patrol
    Night Revelers
    Midnight Haunting
    Murder of Crows
    Silver-Inlaid Dagger
--> Isolated Chapel
    Ulvenwald Mystics
    Mountain
 
Pack 3 pick 2:
    Riot Devils
    Curse of the Bloody Tome
    Kindercatch
    Feral Ridgewolf
    Altar's Reap
    Chapel Geist
    Travel Preparations
    Think Twice
    Ranger's Guile
    Memory's Journey
    Desperate Ravings
--> Moan of the Unhallowed
    Grizzled Outcasts
    Swamp
 
Pack 3 pick 3:
    Curse of Oblivion
--> Victim of Night
    Somberwald Spider
    Hysterical Blindness
    Traitorous Blood
    Markov Patrician
    Stitcher's Apprentice
    Mulch
    Boneyard Wurm
    Paraselene
    Gallows Warden
    Hanweir Watchkeep
    Island
 
Pack 3 pick 4:
    Gruesome Deformity
    Grave Bramble
    Avacynian Priest
--> Bloodcrazed Neonate
    Silverchase Fox
    Ghoulraiser
    Abbey Griffin
    Prey Upon
    Boneyard Wurm
    Scourge of Geier Reach
    Gutter Grime
    Forest
 
Pack 3 pick 5:
    Avacyn's Pilgrim
    Ancient Grudge
    Thraben Purebloods
    Orchard Spirit
--> Furor of the Bitten
    Abbey Griffin
    Sensory Deprivation
    Infernal Plunge
    Stromkirk Patrol
    Lantern Spirit
    Forest
 
Pack 3 pick 6:
    Cobbled Wings
--> Rakish Heir (FOIL)
    Curse of Oblivion
    Crossway Vampire
    Pitchburn Devils
    Prey Upon
    Lumberknot
    Rage Thrower
    Village Ironsmith
    Island
 
Pack 3 pick 7:
    Frightful Delusion
    Selfless Cathar
    Think Twice
--> Pitchburn Devils
    Village Bell-Ringer
    Unburial Rites
    Rolling Temblor
    Thraben Sentry
    Island
 
Pack 3 pick 8:
    Kindercatch
    Crossway Vampire
--> Kessig Wolf
    Infernal Plunge
    Ranger's Guile
    Stromkirk Patrol
    Grizzled Outcasts
    Forest
 
Pack 3 pick 9:
--> Avacyn's Pilgrim
    Fortress Crab
    Sensory Deprivation
    Shimmering Grotto
    Stromkirk Patrol
    Night Revelers
    Mountain
 
Pack 3 pick 10:
--> Riot Devils
    Kindercatch
    Ranger's Guile
    Memory's Journey
    Desperate Ravings
    Swamp
 
Pack 3 pick 11:
    Curse of Oblivion
--> Somberwald Spider
    Mulch
    Boneyard Wurm
    Island
 
Pack 3 pick 12:
    Grave Bramble
--> Prey Upon
    Boneyard Wurm
    Forest
 
Pack 3 pick 13:
--> Ancient Grudge
    Infernal Plunge
    Forest
 
Pack 3 pick 14:
--> Curse of Oblivion
    Island
 
Pack 3 pick 15:
--> Frightful Delusion
 
