Event #: 3734108
Time:    4/14/2012 12:09:16 PM
Players: 
    ProtossX
    SHI5N
    Youngfate
    darkt1de
    kenshinh
    andpin
--> malthrin
    Akairosenka
 
------ DKA ------
 
Pack 1 pick 1:
    Artful Dodge
    Hollowhenge Beast
    Nephalia Seakite
    Ray of Revelation
    Clinging Mists
    Bone to Ash
    Wrack with Madness
    Divination
    Somberwald Dryad
    Deadly Allure
    Avacyn's Collar
    Village Survivors
    Afflicted Deserter
--> Gravecrawler
    Forest
 
Pack 1 pick 2:
    Ray of Revelation
    Haunted Fengraf
    Faithless Looting
    Headless Skaab
    Young Wolf
    Evolving Wilds
    Griptide
    Wrack with Madness
    Grim Flowering
    Curse of Exhaustion
    Shattered Perception
--> Scorned Villager
    Grim Backwoods
    Plains
 
Pack 1 pick 3:
    Nearheath Stalker
    Gruesome Discovery
    Thought Scour
    Heavy Mattock
    Fling
    Sightless Ghoul
    Ulvenwald Bear
    Hollowhenge Spirit
    Burning Oil
    Chill of Foreboding
--> Loyal Cathar
    Curse of Echoes
    Plains
 
Pack 1 pick 4:
    Nephalia Seakite
    Wild Hunger
    Ray of Revelation
    Haunted Fengraf
    Talons of Falkenrath
--> Gather the Townsfolk
    Falkenrath Torturer
    Heavy Mattock
    Markov Warlord
    Warden of the Wall
    Altar of the Lost
    Plains
 
Pack 1 pick 5:
    Russet Wolves
    Artful Dodge
    Hollowhenge Beast
    Ray of Revelation
    Sanctuary Cat
--> Niblis of the Mist
    Thraben Heretic (FOIL)
    Wrack with Madness
    Harrowing Journey
    Chalice of Life
    Plains
 
Pack 1 pick 6:
--> Skillful Lunge
    Haunted Fengraf
    Favor of the Woods
    Torch Fiend
    Artful Dodge
    Saving Grasp
    Talons of Falkenrath
    Curse of Thirst
    Secrets of the Dead
    Swamp
 
Pack 1 pick 7:
    Gravetiller Wurm (FOIL)
    Wild Hunger
    Skillful Lunge
    Haunted Fengraf
    Favor of the Woods
    Sightless Ghoul
    Elgaud Inquisitor
--> Village Survivors
    Swamp
 
Pack 1 pick 8:
    Shriekgeist
    Clinging Mists
    Scorch the Fields
    Sanctuary Cat
--> Kessig Recluse
    Heckling Fiends
    Altar of the Lost
    Island
 
Pack 1 pick 9:
    Artful Dodge
--> Hollowhenge Beast
    Ray of Revelation
    Clinging Mists
    Divination
    Deadly Allure
    Forest
 
Pack 1 pick 10:
--> Ray of Revelation
    Haunted Fengraf
    Grim Flowering
    Curse of Exhaustion
    Shattered Perception
    Plains
 
Pack 1 pick 11:
    Gruesome Discovery
    Thought Scour
--> Heavy Mattock
    Chill of Foreboding
    Plains
 
Pack 1 pick 12:
--> Ray of Revelation
    Talons of Falkenrath
    Heavy Mattock
    Plains
 
Pack 1 pick 13:
    Artful Dodge
--> Sanctuary Cat
    Plains
 
Pack 1 pick 14:
--> Favor of the Woods
    Swamp
 
Pack 1 pick 15:
--> Favor of the Woods
 
------ ISD ------
 
Pack 2 pick 1:
    Riot Devils
    Altar's Reap
    Forbidden Alchemy
    Elder Cathar
    Kessig Wolf
    Vampiric Fury
    Deranged Assistant
    Gnaw to the Bone
    Ghostly Possession
--> Slayer of the Wicked
    Make a Wish
    Abattoir Ghoul
    Sulfur Falls
    Delver of Secrets
    Forest
 
Pack 2 pick 2:
    Gnaw to the Bone
    Vampire Interloper
    Curse of the Pierced Heart
    Urgent Exorcism
    Traveler's Amulet
--> Avacyn's Pilgrim
    Abbey Griffin (FOIL)
    Thraben Purebloods
    Village Cannibals
    Paraselene
    Gallows Warden
    Hinterland Harbor
    Villagers of Estwald
    Forest
 
Pack 2 pick 3:
    Ashmouth Hound
--> Doomed Traveler
    Selfless Cathar
    Dead Weight
    Somberwald Spider
    Makeshift Mauler
    Bump in the Night
    Nightbird's Clutches
    Traveler's Amulet
    Runic Repetition
    Rally the Peasants
    Reckless Waif
    Island
 
Pack 2 pick 4:
--> Silverchase Fox
    Unruly Mob
    Skeletal Grimace
    Festerhide Boar
    Brain Weevil
    Rotting Fensnake
    Ghoulraiser
    Spectral Flight
    Curse of the Nightly Hunt
    Runic Repetition
    Tormented Pariah
    Swamp
 
Pack 2 pick 5:
    Wooden Stake
--> Festerhide Boar
    Hysterical Blindness
    Ghoulcaller's Chant
    Sensory Deprivation
    Shimmering Grotto
    Stromkirk Patrol
    Night Revelers
    Ghost Quarter
    Gallows Warden
    Mountain
 
Pack 2 pick 6:
    Naturalize
--> Rebuke
    Purify the Grave (FOIL)
    Maw of the Mire
    Ghoulcaller's Bell
    Battleground Geist
    Morkrut Banshee
    Sulfur Falls
    Delver of Secrets
    Island
 
Pack 2 pick 7:
    Selfless Cathar
    Somberwald Spider
    Maw of the Mire
    Thraben Purebloods
    Furor of the Bitten
    Feeling of Dread
    Cellar Door
--> Past in Flames
    Mountain
 
Pack 2 pick 8:
    Lost in the Mist
    Unruly Mob
    Skeletal Grimace
    Harvest Pyre
    Mulch
--> Smite the Monstrous
    Memory's Journey
    Island
 
Pack 2 pick 9:
    Altar's Reap
    Vampiric Fury
    Gnaw to the Bone
    Ghostly Possession
--> Make a Wish
    Delver of Secrets
    Forest
 
Pack 2 pick 10:
    Gnaw to the Bone
    Curse of the Pierced Heart
--> Urgent Exorcism
    Thraben Purebloods
    Paraselene
    Forest
 
Pack 2 pick 11:
    Bump in the Night
    Nightbird's Clutches
    Runic Repetition
--> Rally the Peasants
    Island
 
Pack 2 pick 12:
--> Skeletal Grimace
    Curse of the Nightly Hunt
    Runic Repetition
    Swamp
 
Pack 2 pick 13:
--> Wooden Stake
    Hysterical Blindness
    Mountain
 
Pack 2 pick 14:
--> Maw of the Mire
    Island
 
Pack 2 pick 15:
--> Mountain
 
------ ISD ------
 
Pack 3 pick 1:
    Ghostly Possession
    Rebuke
    Typhoid Rats
    Traitorous Blood
    Markov Patrician
--> Darkthicket Wolf
    Ambush Viper
    Spare from Evil
    Moon Heron
    Mask of Avacyn
    Rolling Temblor
    Make a Wish
    Splinterfright
    Villagers of Estwald
    Plains
 
Pack 3 pick 2:
--> Avacynian Priest
    Riot Devils
    Curse of the Bloody Tome
    Walking Corpse
    Smite the Monstrous
    Spidery Grasp
    Selhoff Occultist
    Brimstone Volley
    Manor Skeleton
    Trepanation Blade
    Tribute to Hunger
    Rooftop Storm
    Thraben Sentry
    Mountain
 
Pack 3 pick 3:
    Silverchase Fox
    Unruly Mob
    Skeletal Grimace
    Festerhide Boar
    Gruesome Deformity
    Sensory Deprivation
--> Travel Preparations
    Ghoulraiser
    Chapel Geist
    Rolling Temblor
    Cellar Door
    Villagers of Estwald
    Island
 
Pack 3 pick 4:
    Curse of Oblivion
    Crossway Vampire
    Wooden Stake
    Ghoulcaller's Chant
    Moonmist
    One-Eyed Scarecrow
    Ghostly Possession
    Runic Repetition
    Disciple of Griselbrand
    Lantern Spirit
--> Thraben Sentry
    Plains
 
Pack 3 pick 5:
    Moonmist
    One-Eyed Scarecrow
    Ghostly Possession
    Bump in the Night
    Maw of the Mire
    Thraben Purebloods
    Grasp of Phantoms
    Invisible Stalker
    Scourge of Geier Reach
--> Villagers of Estwald
    Plains
 
Pack 3 pick 6:
    Frightful Delusion
    Cobbled Wings
    Skeletal Grimace
    Infernal Plunge
    Think Twice
--> Village Bell-Ringer
    Caravan Vigil
    Curse of the Nightly Hunt
    Tormented Pariah
    Mountain
 
Pack 3 pick 7:
    Dream Twist
    Night Terrors
    Forest (FOIL)
    Night Revelers
    Spectral Flight
--> Spider Spawning
    Battleground Geist
    Hinterland Harbor
    Forest
 
Pack 3 pick 8:
    Bump in the Night
    Nightbird's Clutches
    Sensory Deprivation
    Shimmering Grotto
    Stromkirk Patrol
    Paraselene
--> Gallows Warden
    Swamp
 
Pack 3 pick 9:
    Ghostly Possession
    Rebuke
    Traitorous Blood
--> Spare from Evil
    Mask of Avacyn
    Make a Wish
    Plains
 
Pack 3 pick 10:
--> Riot Devils
    Curse of the Bloody Tome
    Manor Skeleton
    Trepanation Blade
    Rooftop Storm
    Mountain
 
Pack 3 pick 11:
--> Unruly Mob
    Skeletal Grimace
    Gruesome Deformity
    Cellar Door
    Island
 
Pack 3 pick 12:
    Curse of Oblivion
--> Ghostly Possession
    Runic Repetition
    Plains
 
Pack 3 pick 13:
--> Ghostly Possession
    Bump in the Night
    Plains
 
Pack 3 pick 14:
--> Infernal Plunge
    Mountain
 
Pack 3 pick 15:
--> Forest
 
