Event #: 3746913
Time:    4/16/2012 9:23:28 PM
Players: 
    Fasquickie
    tsagona
    Froggert1218
    griffinferis
    MiloDaGreat
--> jayg
    Stone_Age
    DJMystic234
 
------ DKA ------
 
Pack 1 pick 1:
    Elgaud Inquisitor (FOIL)
    Executioner's Hood
    Forge Devil
    Fling
    Midnight Guard
    Chant of the Skifsang
    Highborn Ghoul
    Talons of Falkenrath
    Gather the Townsfolk
--> Lingering Souls
    Harrowing Journey
    Gavony Ironwright
    Lambholt Elder (FOIL)
    Lost in the Woods
    Mountain
 
Pack 1 pick 2:
    Torch Fiend
    Gravepurge
    Nephalia Seakite
    Ray of Revelation
    Young Wolf
    Evolving Wilds
    Griptide
    Wrack with Madness
    Deadly Allure
    Heckling Fiends
    Farbog Boneflinger
    Chosen of Markov
--> Fiend of the Shadows
    Island
 
Pack 1 pick 3:
    Silverclaw Griffin (FOIL)
    Gruesome Discovery
    Screeching Skaab
    Nearheath Stalker
    Crushing Vines
    Griptide
    Elgaud Inquisitor
    Kessig Recluse
    Fires of Undeath
    Stromkirk Captain
--> Wakedancer
    Increasing Vengeance
    Forest
 
Pack 1 pick 4:
    Crushing Vines
    Stormbound Geist
--> Silverclaw Griffin
    Spiteful Shadows
    Kessig Recluse
    Young Wolf
    Chant of the Skifsang
    Markov Warlord
    Secrets of the Dead
    Blood Feud
    Chalice of Life
    Island
 
Pack 1 pick 5:
    Burden of Guilt
--> Death's Caress
    Nearheath Stalker
    Gruesome Discovery
    Thought Scour
    Sightless Ghoul
    Ulvenwald Bear
    Hollowhenge Beast (FOIL)
    Tower Geist
    Chill of Foreboding
    Swamp
 
Pack 1 pick 6:
    Nearheath Stalker
    Crushing Vines
    Erdwal Ripper
--> Silverclaw Griffin
    Griptide
    Elgaud Inquisitor
    Kessig Recluse
    Curse of Exhaustion
    Tracker's Instincts
    Plains
 
Pack 1 pick 7:
    Favor of the Woods
    Bar the Door
    Russet Wolves
    Sanctuary Cat
    Wrack with Madness
    Tracker's Instincts
    Wakedancer
--> Loyal Cathar
    Plains
 
Pack 1 pick 8:
    Black Cat
    Clinging Mists
    Sanctuary Cat
    Kessig Recluse
    Fling
    Midnight Guard
--> Harrowing Journey
    Mountain
 
Pack 1 pick 9:
    Executioner's Hood
    Forge Devil
    Fling
--> Midnight Guard
    Talons of Falkenrath
    Harrowing Journey
    Mountain
 
Pack 1 pick 10:
    Torch Fiend
--> Gravepurge
    Ray of Revelation
    Wrack with Madness
    Deadly Allure
    Island
 
Pack 1 pick 11:
--> Gruesome Discovery
    Nearheath Stalker
    Crushing Vines
    Kessig Recluse
    Forest
 
Pack 1 pick 12:
--> Crushing Vines
    Spiteful Shadows
    Secrets of the Dead
    Island
 
Pack 1 pick 13:
    Gruesome Discovery
--> Sightless Ghoul
    Swamp
 
Pack 1 pick 14:
--> Curse of Exhaustion
    Plains
 
Pack 1 pick 15:
--> Plains
 
------ ISD ------
 
Pack 2 pick 1:
    Feral Ridgewolf
    Altar's Reap
    Gruesome Deformity
    Grave Bramble
    Avacynian Priest
    Spidery Grasp
    Selhoff Occultist
    Brimstone Volley
    Manor Skeleton
--> Fiend Hunter
    Ghost Quarter
    Intangible Virtue
    Balefire Dragon
    Villagers of Estwald
    Swamp
 
Pack 2 pick 2:
    Hysterical Blindness
--> Avacynian Priest
    Riot Devils
    Curse of the Bloody Tome
    Kindercatch
    Ghoulcaller's Bell
    Makeshift Mauler
    Spare from Evil
    Geistflame
    Bitterheart Witch
    Morkrut Banshee
    Murder of Crows
    Creepy Doll
    Island
 
Pack 2 pick 3:
    Shimmering Grotto
    Moonmist
    Spectral Rider (FOIL)
    Night Terrors
    Furor of the Bitten
    Makeshift Mauler
    Feeling of Dread
    Nightbird's Clutches
--> Unburial Rites
    Scourge of Geier Reach
    Hollowhenge Scavenger
    Civilized Scholar
    Forest
 
Pack 2 pick 4:
    Moment of Heroism
    Maw of the Mire
    Orchard Spirit
--> Chapel Geist
    Pitchburn Devils
    Caravan Vigil
    Abbey Griffin
    Runic Repetition
    Hamlet Captain
    Geistcatcher's Rig
    Tormented Pariah
    Plains
 
Pack 2 pick 5:
    Ancient Grudge
    Traveler's Amulet
    Corpse Lunge
    Thraben Purebloods
    Ranger's Guile
    Abbey Griffin
    Infernal Plunge
    Desperate Ravings
    Graveyard Shovel
--> Cloistered Youth
    Forest
 
Pack 2 pick 6:
    Festerhide Boar
--> Voiceless Spirit
    Ghoulcaller's Chant
    Ranger's Guile
    Ghoulraiser
    Abbey Griffin
    Inquisitor's Flail
    Murder of Crows
    Village Ironsmith
    Swamp
 
Pack 2 pick 7:
    Gnaw to the Bone
    Ghostly Possession
--> Rebuke
    Moment of Heroism
    Makeshift Mauler
    Bump in the Night
    Nightbird's Clutches
    Bramblecrush
    Plains
 
Pack 2 pick 8:
    Nightbird's Clutches
    Dream Twist
    Night Terrors
    Night Revelers
    Spectral Flight
--> Village Cannibals
    Rage Thrower
    Plains
 
Pack 2 pick 9:
    Altar's Reap
    Gruesome Deformity
    Grave Bramble
--> Manor Skeleton
    Ghost Quarter
    Intangible Virtue
    Swamp
 
Pack 2 pick 10:
    Hysterical Blindness
    Riot Devils
    Ghoulcaller's Bell
--> Spare from Evil
    Bitterheart Witch
    Island
 
Pack 2 pick 11:
--> Shimmering Grotto
    Furor of the Bitten
    Nightbird's Clutches
    Hollowhenge Scavenger
    Forest
 
Pack 2 pick 12:
--> Moment of Heroism
    Maw of the Mire
    Runic Repetition
    Plains
 
Pack 2 pick 13:
    Infernal Plunge
--> Graveyard Shovel
    Forest
 
Pack 2 pick 14:
--> Ghoulcaller's Chant
    Swamp
 
Pack 2 pick 15:
--> Plains
 
------ ISD ------
 
Pack 3 pick 1:
    Bump in the Night
    Moment of Heroism
    Fortress Crab
    Traveler's Amulet
    Avacyn's Pilgrim
    Ranger's Guile
    Silent Departure
    Ghoulraiser
    Abbey Griffin
--> Sharpened Pitchfork
    Boneyard Wurm
    Rakish Heir
    Essence of the Wild
    Villagers of Estwald
    Island
 
Pack 3 pick 2:
    Manor Skeleton (FOIL)
    Dead Weight
    Somberwald Spider
    Riot Devils
    Altar's Reap
    Vampiric Fury
    Naturalize
    Typhoid Rats
    Harvest Pyre
    Rolling Temblor
--> Slayer of the Wicked
    Wreath of Geists
    Gatstaf Shepherd
    Forest
 
Pack 3 pick 3:
    Feral Ridgewolf
    Altar's Reap
    Gruesome Deformity
    Grave Bramble
    Avacynian Priest
    Avacyn's Pilgrim
    Night Terrors
    Fortress Crab
    Feeling of Dread
    Diregraf Ghoul
--> Moan of the Unhallowed
    Tormented Pariah
    Forest
 
Pack 3 pick 4:
    Claustrophobia
    Kindercatch
    Crossway Vampire
    Lost in the Mist
    Kessig Wolf
    Traitorous Blood
    Moonmist
    One-Eyed Scarecrow
    Markov Patrician
--> Village Cannibals
    Cloistered Youth
    Mountain
 
Pack 3 pick 5:
    Elder Cathar
    Kessig Wolf
    Wooden Stake
    Festerhide Boar
--> Smite the Monstrous
    Armored Skaab
    Nightbird's Clutches (FOIL)
    Unburial Rites
    Hollowhenge Scavenger
    Nevermore
    Island
 
Pack 3 pick 6:
    Silverchase Fox
--> Unruly Mob
    Skeletal Grimace
    Festerhide Boar
    Spidery Grasp
    One-Eyed Scarecrow
    Curse of the Nightly Hunt
    Paraselene
    Rooftop Storm
    Island
 
Pack 3 pick 7:
    Moonmist
    Smite the Monstrous
    Spidery Grasp
--> Corpse Lunge
    Ancient Grudge
    Ghoulcaller's Bell
    Battleground Geist
    Intangible Virtue
    Plains
 
Pack 3 pick 8:
    Curse of the Pierced Heart
    Manor Skeleton
    Dream Twist
    Ghoulcaller's Bell
    Maw of the Mire
--> Corpse Lunge
    Unbreathing Horde
    Mountain
 
Pack 3 pick 9:
    Bump in the Night
--> Moment of Heroism
    Fortress Crab
    Ranger's Guile
    Ghoulraiser
    Abbey Griffin
    Island
 
Pack 3 pick 10:
    Manor Skeleton (FOIL)
--> Altar's Reap
    Vampiric Fury
    Naturalize
    Harvest Pyre
    Forest
 
Pack 3 pick 11:
    Altar's Reap
    Gruesome Deformity
    Night Terrors
--> Feeling of Dread
    Forest
 
Pack 3 pick 12:
    Kindercatch
    Crossway Vampire
--> Traitorous Blood
    Mountain
 
Pack 3 pick 13:
    Armored Skaab
--> Nevermore
    Island
 
Pack 3 pick 14:
--> Skeletal Grimace
    Island
 
Pack 3 pick 15:
--> Plains
 
