Event #: 3747494
Time:    4/16/2012 8:31:58 PM
Players: 
    happyfuntime
    frump
--> bqlohr
    omegawhitemage
    Jiggy4452
    Walkingdead0340
    dxstarriver
    Alakaiser
 
------ DKA ------
 
Pack 1 pick 1:
    Spiteful Shadows
    Executioner's Hood
    Bar the Door
    Thought Scour
    Hunger of the Howlpack
    Chant of the Skifsang
    Highborn Ghoul
    Talons of Falkenrath
    Gather the Townsfolk
    Drogskol Captain
    Curse of Thirst
    Burning Oil
    Loyal Cathar
--> Falkenrath Aristocrat
    Forest
 
Pack 1 pick 2:
    Gravepurge
    Nephalia Seakite
    Wild Hunger
    Ray of Revelation
    Haunted Fengraf
    Falkenrath Torturer
    Torch Fiend (FOIL)
    Sanctuary Cat
    Niblis of the Mist
--> Lingering Souls
    Curse of Thirst
    Gavony Ironwright
    Wolfbitten Captive
    Mountain
 
Pack 1 pick 3:
    Torch Fiend
    Gravepurge
    Nephalia Seakite
    Wild Hunger
    Ray of Revelation
    Sightless Ghoul
    Falkenrath Torturer
    Dawntreader Elk
    Markov Warlord
    Chill of Foreboding
--> Skirsdag Flayer
    Curse of Misfortunes
    Forest
 
Pack 1 pick 4:
    Clinging Mists
    Executioner's Hood
    Forge Devil
    Headless Skaab
    Griptide
    Wrack with Madness
    Saving Grasp
    Undying Evil
--> Pyreheart Wolf
    Wolfhunter's Quiver
    Soul Seizer
    Island
 
Pack 1 pick 5:
    Black Cat
--> Burden of Guilt
    Faithless Looting
    Clinging Mists
    Evolving Wilds
    Griptide
    Faith's Shield (FOIL)
    Harrowing Journey
    Chalice of Life
    Jar of Eyeballs
    Island
 
Pack 1 pick 6:
    Break of Day
    Hunger of the Howlpack
    Screeching Skaab
    Favor of the Woods
    Sightless Ghoul
    Niblis of the Mist
    Harrowing Journey
    Wolfhunter's Quiver
--> Farbog Boneflinger
    Swamp
 
Pack 1 pick 7:
--> Skillful Lunge
    Haunted Fengraf
    Favor of the Woods
    Artful Dodge
    Chant of the Skifsang
    Grim Flowering
    Shattered Perception
    Séance
    Swamp
 
Pack 1 pick 8:
    Bar the Door
    Russet Wolves
    Black Cat
    Heavy Mattock
--> Evolving Wilds
    Heckling Fiends
    Chosen of Markov
    Island
 
Pack 1 pick 9:
    Spiteful Shadows
    Executioner's Hood
    Bar the Door
--> Chant of the Skifsang
    Talons of Falkenrath
    Curse of Thirst
    Forest
 
Pack 1 pick 10:
    Ray of Revelation
    Haunted Fengraf
--> Falkenrath Torturer
    Sanctuary Cat
    Curse of Thirst
    Mountain
 
Pack 1 pick 11:
    Gravepurge
    Ray of Revelation
    Sightless Ghoul
--> Curse of Misfortunes
    Forest
 
Pack 1 pick 12:
    Executioner's Hood
    Saving Grasp
--> Wolfhunter's Quiver
    Island
 
Pack 1 pick 13:
    Clinging Mists
--> Harrowing Journey
    Island
 
Pack 1 pick 14:
--> Sightless Ghoul
    Swamp
 
Pack 1 pick 15:
--> Swamp
 
------ ISD ------
 
Pack 2 pick 1:
    Claustrophobia
    Kindercatch
    Crossway Vampire
    Lost in the Mist
    Kessig Wolf
    Silverchase Fox
    Curse of the Pierced Heart
    Urgent Exorcism
    Manor Skeleton
--> Midnight Haunting
    Moan of the Unhallowed
    Battleground Geist
    Laboratory Maniac
    Ulvenwald Mystics
    Mountain
 
Pack 2 pick 2:
    Kindercatch
    Crossway Vampire
    Lost in the Mist
    Selhoff Occultist
    Traitorous Blood
    Moonmist
    One-Eyed Scarecrow
    Markov Patrician
    Ghostly Possession
--> Falkenrath Noble
    Wreath of Geists
    Full Moon's Rise
    Daybreak Ranger
    Plains
 
Pack 2 pick 3:
    Spare from Evil
    Moon Heron
    Night Terrors
    Furor of the Bitten
    Makeshift Mauler
    Caravan Vigil
    Sensory Deprivation
    Travel Preparations
    Ghoulraiser
    Geistcatcher's Rig
--> Morkrut Banshee
    Hanweir Watchkeep
    Swamp
 
Pack 2 pick 4:
    Bloodcrazed Neonate
    Silverchase Fox
    Curse of the Bloody Tome
    Cobbled Wings
    Woodland Sleuth
    Manor Skeleton
    Stitched Drake
    Harvest Pyre
--> Tribute to Hunger
    Hinterland Harbor
    Villagers of Estwald
    Island
 
Pack 2 pick 5:
    Riot Devils
    Kindercatch
    Feral Ridgewolf
    Ranger's Guile
    Silent Departure
    Ghoulraiser
    Abbey Griffin
    Trepanation Blade
--> Diregraf Ghoul
    Creepy Doll
    Swamp
 
Pack 2 pick 6:
    Deranged Assistant
--> Brimstone Volley
    Gnaw to the Bone
    Fortress Crab
    Orchard Spirit
    Ancient Grudge
    Traveler's Amulet
    Curiosity
    Villagers of Estwald
    Island
 
Pack 2 pick 7:
--> Silverchase Fox
    Skeletal Grimace
    Festerhide Boar
    Night Terrors
    Fortress Crab
    Feeling of Dread
    Burning Vengeance
    Lumberknot
    Mountain
 
Pack 2 pick 8:
    Somberwald Spider
    Riot Devils
    Altar's Reap
    Armored Skaab
--> Unburial Rites
    Rolling Temblor
    Grizzled Outcasts
    Island
 
Pack 2 pick 9:
    Kindercatch
    Lost in the Mist
    Curse of the Pierced Heart
--> Urgent Exorcism
    Manor Skeleton
    Laboratory Maniac
    Mountain
 
Pack 2 pick 10:
    Kindercatch
    Crossway Vampire
--> Traitorous Blood
    Moonmist
    Ghostly Possession
    Plains
 
Pack 2 pick 11:
--> Spare from Evil
    Night Terrors
    Furor of the Bitten
    Caravan Vigil
    Swamp
 
Pack 2 pick 12:
    Curse of the Bloody Tome
    Woodland Sleuth
--> Manor Skeleton
    Island
 
Pack 2 pick 13:
    Riot Devils
--> Ghoulraiser
    Swamp
 
Pack 2 pick 14:
--> Deranged Assistant
    Island
 
Pack 2 pick 15:
--> Mountain
 
------ ISD ------
 
Pack 3 pick 1:
    Curse of Oblivion
    Crossway Vampire
    Wooden Stake
    Ghoulcaller's Chant
    Doomed Traveler
    Silent Departure
    Think Twice
    Pitchburn Devils
    Village Bell-Ringer
    Demonmail Hauberk
    Disciple of Griselbrand
    Silver-Inlaid Dagger
--> Dearly Departed
    Delver of Secrets
    Swamp
 
Pack 3 pick 2:
    Bump in the Night
    Moment of Heroism
    Fortress Crab
--> Traveler's Amulet
    Avacyn's Pilgrim
    Brain Weevil
    Sensory Deprivation
    Shimmering Grotto
    Stromkirk Patrol
    Grasp of Phantoms
    Mask of Avacyn
    Gallows Warden
    Gatstaf Shepherd
    Island
 
Pack 3 pick 3:
    Unruly Mob
    Skeletal Grimace
    Festerhide Boar
    Maw of the Mire
    Thraben Purebloods
    Furor of the Bitten
    Darkthicket Wolf
    Fortress Crab
    Memory's Journey
    Hamlet Captain
--> Intangible Virtue
    Village Ironsmith
    Forest
 
Pack 3 pick 4:
    Elder Cathar
    Kessig Wolf
    Wooden Stake
    Festerhide Boar
    Naturalize
    Typhoid Rats
    Mulch
    Disciple of Griselbrand
    Spider Spawning
    Rage Thrower
--> Screeching Bat
    Forest
 
Pack 3 pick 5:
    Forbidden Alchemy
    Elder Cathar
    Wooden Stake
    Festerhide Boar
    Silent Departure
    Think Twice
    Pitchburn Devils
    Tribute to Hunger
    Hollowhenge Scavenger
--> Screeching Bat
    Swamp
 
Pack 3 pick 6:
    Crossway Vampire
    Wooden Stake
    Ghoulcaller's Chant
    Urgent Exorcism
--> Vampire Interloper
    Selhoff Occultist
    Traitorous Blood
    Moonmist
    Ghost Quarter
    Mountain
 
Pack 3 pick 7:
    Frightful Delusion
    Cobbled Wings
    Skeletal Grimace
--> Voiceless Spirit
    Deranged Assistant
    Gnaw to the Bone
    Grasp of Phantoms
    Inquisitor's Flail
    Swamp
 
Pack 3 pick 8:
    Gruesome Deformity
    Frightful Delusion
    One-Eyed Scarecrow
    Armored Skaab
--> Bonds of Faith
    Vampiric Fury
    Make a Wish
    Swamp
 
Pack 3 pick 9:
    Curse of Oblivion
    Crossway Vampire
    Wooden Stake
    Ghoulcaller's Chant
    Demonmail Hauberk
--> Disciple of Griselbrand
    Swamp
 
Pack 3 pick 10:
    Bump in the Night
    Fortress Crab
    Brain Weevil
    Stromkirk Patrol
--> Mask of Avacyn
    Island
 
Pack 3 pick 11:
    Skeletal Grimace
--> Maw of the Mire
    Furor of the Bitten
    Memory's Journey
    Forest
 
Pack 3 pick 12:
    Wooden Stake
--> Naturalize
    Mulch
    Forest
 
Pack 3 pick 13:
--> Forbidden Alchemy
    Hollowhenge Scavenger
    Swamp
 
Pack 3 pick 14:
--> Ghost Quarter
    Mountain
 
Pack 3 pick 15:
--> Swamp
 
