Event #: 3761221
Time:    4/19/2012 8:21:48 PM
Players: 
    GishGame
    misplayking
    Joky
    PAJETFAN89
    akyl
--> malthrin
    nunnyabusiness
    biggertricks
 
------ DKA ------
 
Pack 1 pick 1:
    Ray of Revelation
    Haunted Fengraf
--> Tragic Slip
    Faithless Looting
    Headless Skaab
    Saving Grasp
    Undying Evil
    Scorch the Fields
    Somberwald Dryad
    Wolfhunter's Quiver
    Deadly Allure
    Shattered Perception
    Lambholt Elder (FOIL)
    Markov Blademaster
    Mountain
 
Pack 1 pick 2:
    Wild Hunger
    Skillful Lunge
    Haunted Fengraf
    Evolving Wilds
    Talons of Falkenrath
    Reap the Seagraf
    Midnight Guard
    Ulvenwald Bear
    Undying Evil
    Harrowing Journey
--> Drogskol Captain
    Wakedancer
    Loyal Cathar
    Plains
 
Pack 1 pick 3:
    Forge Devil
    Headless Skaab
--> Tragic Slip
    Crushing Vines
    Skillful Lunge
    Falkenrath Torturer
    Heavy Mattock
    Young Wolf
    Evolving Wilds
    Curse of Thirst
    Shattered Perception
    Loyal Cathar
    Plains
 
Pack 1 pick 4:
--> Tragic Slip
    Faithless Looting
    Headless Skaab
    Silverclaw Griffin
    Shriekgeist
    Bone to Ash
    Sightless Ghoul
    Fires of Undeath
    Farbog Boneflinger
    Stromkirk Captain
    Elbrus, the Binding Blade
    Mountain
 
Pack 1 pick 5:
    Torch Fiend
    Gravepurge
--> Nephalia Seakite
    Wild Hunger
    Ray of Revelation
    Griptide
    Saving Grasp
    Undying Evil
    Mystic Retrieval
    Chosen of Markov
    Island
 
Pack 1 pick 6:
    Artful Dodge
    Ray of Revelation
    Clinging Mists
    Heavy Mattock
    Fling
    Sightless Ghoul
    Tracker's Instincts
    Hinterland Hermit
--> Increasing Vengeance
    Mountain
 
Pack 1 pick 7:
    Bar the Door
    Thought Scour
    Russet Wolves
    Black Cat
    Sanctuary Cat
    Fling
--> Hinterland Hermit
    Grim Backwoods
    Mountain
 
Pack 1 pick 8:
    Faithless Looting
    Clinging Mists
    Executioner's Hood
    Chant of the Skifsang
    Talons of Falkenrath
    Chill of Foreboding
--> Blood Feud
    Forest
 
Pack 1 pick 9:
    Ray of Revelation
    Haunted Fengraf
--> Faithless Looting
    Saving Grasp
    Scorch the Fields
    Shattered Perception
    Mountain
 
Pack 1 pick 10:
--> Wild Hunger
    Skillful Lunge
    Haunted Fengraf
    Talons of Falkenrath
    Undying Evil
    Plains
 
Pack 1 pick 11:
--> Headless Skaab
    Heavy Mattock
    Curse of Thirst
    Shattered Perception
    Plains
 
Pack 1 pick 12:
--> Faithless Looting
    Headless Skaab
    Bone to Ash
    Mountain
 
Pack 1 pick 13:
--> Torch Fiend
    Saving Grasp
    Island
 
Pack 1 pick 14:
--> Tracker's Instincts
    Mountain
 
Pack 1 pick 15:
--> Mountain
 
------ ISD ------
 
Pack 2 pick 1:
    Cobbled Wings
    Woodland Sleuth
    Curse of Oblivion
    Crossway Vampire
    Wooden Stake
    Infernal Plunge
    Stromkirk Patrol
    Pitchburn Devils
    Prey Upon
    Ghost Quarter
    Spectral Rider
    Make a Wish
--> Kessig Cagebreakers
    Delver of Secrets
    Forest
 
Pack 2 pick 2:
    Bump in the Night
    Nightbird's Clutches
    Traveler's Amulet
--> Darkthicket Wolf
    Travel Preparations
    Village Bell-Ringer
    Spectral Flight
    Brain Weevil
    Memory's Journey
    Hamlet Captain
    Full Moon's Rise
    Stony Silence
    Villagers of Estwald
    Mountain
 
Pack 2 pick 3:
    Somberwald Spider
    Hysterical Blindness
    Riot Devils
    Stitcher's Apprentice
    Walking Corpse
    Vampiric Fury
    Deranged Assistant
    Trepanation Blade
    Diregraf Ghoul
--> Rage Thrower
    Unbreathing Horde
    Delver of Secrets
    Mountain
 
Pack 2 pick 4:
    Skeletal Grimace
    Voiceless Spirit
--> Victim of Night
    Kindercatch
    Ranger's Guile
    Ghoulraiser
    Abbey Griffin
    Curse of the Nightly Hunt
    Unburial Rites
    Rally the Peasants
    Delver of Secrets
    Forest
 
Pack 2 pick 5:
    Avacynian Priest
    Bloodcrazed Neonate
    Silverchase Fox
    Curse of the Bloody Tome
    Cobbled Wings
--> Typhoid Rats
    Traitorous Blood
    Grasp of Phantoms
    Graveyard Shovel
    Nephalia Drownyard
    Island
 
Pack 2 pick 6:
    Ghoulcaller's Chant
    Doomed Traveler
    Lost in the Mist
    Elder Cathar
    Grave Bramble
    Curse of the Pierced Heart
    Shimmering Grotto
    Moonmist
--> Lumberknot
    Plains
 
Pack 2 pick 7:
    Urgent Exorcism
    Paraselene (FOIL)
    Selhoff Occultist
--> Traitorous Blood
    Moonmist
    Spare from Evil
    Night Terrors
    Back from the Brink
    Plains
 
Pack 2 pick 8:
    Armored Skaab
    Vampiric Fury
    Fortress Crab
    Orchard Spirit
    Curiosity
    Bramblecrush
--> Tormented Pariah
    Swamp
 
Pack 2 pick 9:
    Cobbled Wings
    Woodland Sleuth
    Curse of Oblivion
    Wooden Stake
    Infernal Plunge
--> Ghost Quarter
    Make a Wish
 
Pack 2 pick 10:
    Nightbird's Clutches
--> Travel Preparations
    Memory's Journey
    Full Moon's Rise
    Stony Silence
    Mountain
 
Pack 2 pick 11:
    Hysterical Blindness
--> Riot Devils
    Walking Corpse
    Vampiric Fury
    Mountain
 
Pack 2 pick 12:
    Kindercatch
    Curse of the Nightly Hunt
--> Rally the Peasants
    Forest
 
Pack 2 pick 13:
    Curse of the Bloody Tome
--> Cobbled Wings
    Island
 
Pack 2 pick 14:
--> Lost in the Mist
    Plains
 
Pack 2 pick 15:
--> Plains
 
------ ISD ------
 
Pack 3 pick 1:
    Bloodcrazed Neonate
    Frightful Delusion
    Cobbled Wings
    Walking Corpse
    Smite the Monstrous
    Spidery Grasp
    Selhoff Occultist
--> Brimstone Volley
    Manor Skeleton
    Bitterheart Witch
    Grasp of Phantoms
    Graveyard Shovel
    Dearly Departed
    Tormented Pariah
    Island
 
Pack 3 pick 2:
    Somberwald Spider
    Hysterical Blindness
    Riot Devils
    Curse of the Bloody Tome
    Deranged Assistant
    Gnaw to the Bone
    Ghostly Possession
    Rebuke
    Burning Vengeance
    Battleground Geist
    Intangible Virtue
    Gutter Grime
--> Villagers of Estwald
    Forest
 
Pack 3 pick 3:
    Furor of the Bitten
    Makeshift Mauler
    Feeling of Dread
    Nightbird's Clutches
--> Darkthicket Wolf
    Infernal Plunge
    Think Twice
    Village Bell-Ringer
    Inquisitor's Flail
    Curiosity
    Bramblecrush
    Civilized Scholar
    Swamp
 
Pack 3 pick 4:
    Doomed Traveler
    Selfless Cathar
    Somberwald Spider
    Riot Devils
    Caravan Vigil
    Sensory Deprivation
    Ghoulraiser
    Village Cannibals
    Skaab Goliath
--> Curse of Death's Hold
    Delver of Secrets
    Forest
 
Pack 3 pick 5:
    Maw of the Mire
    Corpse Lunge
    Spare from Evil
    Nightbird's Clutches
--> Ranger's Guile
    Sensory Deprivation
    Desperate Ravings
    Dissipate
    Cellar Door
    Civilized Scholar
    Swamp
 
Pack 3 pick 6:
    Grave Bramble
    Bloodcrazed Neonate
    Curse of the Bloody Tome
--> Markov Patrician
    Stitcher's Apprentice
    Mulch
    Stitched Drake
    Diregraf Ghoul
    Laboratory Maniac
    Mountain
 
Pack 3 pick 7:
--> Ancient Grudge
    Trepanation Blade (FOIL)
    Corpse Lunge
    Thraben Purebloods
    Think Twice
    Trepanation Blade
    Endless Ranks of the Dead
    Civilized Scholar
    Mountain
 
Pack 3 pick 8:
    Mulch
    Curse of the Pierced Heart
--> Shimmering Grotto
    Night Terrors
    Fortress Crab
    Curse of the Nightly Hunt
    Paraselene
    Mountain
 
Pack 3 pick 9:
    Frightful Delusion
    Cobbled Wings
    Selhoff Occultist
    Manor Skeleton
--> Bitterheart Witch
    Graveyard Shovel
    Island
 
Pack 3 pick 10:
    Hysterical Blindness
    Curse of the Bloody Tome
    Deranged Assistant
--> Gnaw to the Bone
    Burning Vengeance
    Forest
 
Pack 3 pick 11:
--> Nightbird's Clutches
    Infernal Plunge
    Curiosity
    Bramblecrush
    Swamp
 
Pack 3 pick 12:
--> Riot Devils
    Sensory Deprivation
    Village Cannibals
    Forest
 
Pack 3 pick 13:
--> Maw of the Mire
    Cellar Door
    Swamp
 
Pack 3 pick 14:
--> Stitcher's Apprentice
    Mountain
 
Pack 3 pick 15:
--> Mountain
 
