Event #: 3761821
Time:    4/19/2012 10:59:19 PM
Players: 
    Black Pariah
    Methical2
    Skaterx999
    subzero9700
    Sentinelowl
--> jayg
    OlaftheHairy
    Conis
 
------ DKA ------
 
Pack 1 pick 1:
    Nearheath Stalker
    Gruesome Discovery
    Thought Scour
    Wild Hunger
    Skillful Lunge
    Young Wolf
    Chant of the Skifsang
    Dawntreader Elk
    Reap the Seagraf
    Deadly Allure
    Hollowhenge Spirit
    Mystic Retrieval
    Soul Seizer
--> Havengul Runebinder
    Island
 
Pack 1 pick 2:
    Gravepurge
--> Nephalia Seakite
    Wild Hunger
    Ray of Revelation
    Haunted Fengraf
    Sanctuary Cat
    Niblis of the Mist
    Bone to Ash
    Wrack with Madness
    Deadly Allure
    Avacyn's Collar
    Gavony Ironwright
    Lambholt Elder
    Plains
 
Pack 1 pick 3:
    Nephalia Seakite
    Wild Hunger
    Ray of Revelation
    Haunted Fengraf
    Bone to Ash
    Wrack with Madness
    Divination
    Somberwald Dryad
--> Tower Geist
    Shattered Perception
    Skirsdag Flayer
    Scorned Villager
    Island
 
Pack 1 pick 4:
    Hunger of the Howlpack
--> Stormbound Geist
    Screeching Skaab
    Favor of the Woods
    Bar the Door
    Highborn Ghoul
    Saving Grasp
    Evolving Wilds
    Talons of Falkenrath
    Blood Feud
    Afflicted Deserter
    Mountain
 
Pack 1 pick 5:
    Favor of the Woods
    Torch Fiend
    Artful Dodge
    Gravepurge
    Break of Day
    Kessig Recluse
    Fling
--> Highborn Ghoul (FOIL)
    Mystic Retrieval
    Hinterland Hermit
    Mountain
 
Pack 1 pick 6:
    Spiteful Shadows
    Executioner's Hood
    Bar the Door
    Falkenrath Torturer
    Heavy Mattock
    Young Wolf
--> Evolving Wilds
    Grim Flowering
    Alpha Brawl
    Plains
 
Pack 1 pick 7:
    Gruesome Discovery
    Thought Scour
    Skillful Lunge
    Haunted Fengraf
--> Reap the Seagraf
    Scorch the Fields
    Heckling Fiends
    Shattered Perception
    Plains
 
Pack 1 pick 8:
    Faithless Looting
    Shriekgeist
    Hollowhenge Beast
    Fling
--> Sightless Ghoul
    Ulvenwald Bear
    Alpha Brawl
    Plains
 
Pack 1 pick 9:
    Nearheath Stalker
    Gruesome Discovery
--> Thought Scour
    Reap the Seagraf
    Deadly Allure
    Mystic Retrieval
    Island
 
Pack 1 pick 10:
    Gravepurge
    Ray of Revelation
    Haunted Fengraf
--> Bone to Ash
    Deadly Allure
    Plains
 
Pack 1 pick 11:
    Wild Hunger
    Haunted Fengraf
--> Divination
    Shattered Perception
    Island
 
Pack 1 pick 12:
    Favor of the Woods
    Talons of Falkenrath
--> Blood Feud
    Mountain
 
Pack 1 pick 13:
    Favor of the Woods
--> Torch Fiend
    Mountain
 
Pack 1 pick 14:
--> Spiteful Shadows
    Plains
 
Pack 1 pick 15:
--> Scorch the Fields
 
------ ISD ------
 
Pack 2 pick 1:
    Hysterical Blindness
    Avacynian Priest
    Riot Devils
    Curse of the Bloody Tome
    Kindercatch
    Ghostly Possession
    Rebuke
    Typhoid Rats
    Rebuke (FOIL)
--> Unburial Rites
    Cellar Door
    Gallows Warden
    Unbreathing Horde
    Reckless Waif
    Island
 
Pack 2 pick 2:
    Feeling of Dread
--> Corpse Lunge
    Ancient Grudge
    Ambush Viper
    Ghoulcaller's Bell
    Caravan Vigil
    Infernal Plunge
    Ranger's Guile
    Stromkirk Patrol
    Hamlet Captain
    Curse of the Nightly Hunt
    Kessig Cagebreakers
    Tormented Pariah
    Forest
 
Pack 2 pick 3:
    Curse of Oblivion
    Crossway Vampire
    Wooden Stake
    Ghoulcaller's Chant
    Prey Upon
    Brain Weevil
    Rotting Fensnake
--> Ghoulraiser
    Inquisitor's Flail
    Curiosity
    Rage Thrower
    Gatstaf Shepherd
    Forest
 
Pack 2 pick 4:
    Silverchase Fox
    Curse of the Bloody Tome
    Cobbled Wings
    Woodland Sleuth
    Markov Patrician
    Stitcher's Apprentice
    Mulch
--> Stitched Drake
    Sharpened Pitchfork
    Graveyard Shovel
    Delver of Secrets
    Mountain
 
Pack 2 pick 5:
    Stitcher's Apprentice
    Vampiric Fury
    Deranged Assistant
    Gnaw to the Bone
    Dream Twist
    Night Terrors
    Fortress Crab
    Memory's Journey
    Rage Thrower
--> Civilized Scholar
    Mountain
 
Pack 2 pick 6:
    Feral Ridgewolf
    Selfless Cathar
    Curse of Oblivion
    Somberwald Spider
    Corpse Lunge
    Thraben Purebloods
    Inquisitor's Flail
--> Geistcatcher's Rig
    Delver of Secrets
    Swamp
 
Pack 2 pick 7:
    Mulch
--> Smite the Monstrous
    Bump in the Night
    Maw of the Mire
    Thraben Purebloods
    Furor of the Bitten
    Bitterheart Witch
    Grizzled Outcasts
    Plains
 
Pack 2 pick 8:
    Dream Twist
    Ghoulcaller's Bell
    Maw of the Mire
    Spectral Flight
    Caravan Vigil
    Disciple of Griselbrand
--> Delver of Secrets
    Mountain
 
Pack 2 pick 9:
    Hysterical Blindness
    Curse of the Bloody Tome
    Kindercatch
    Ghostly Possession
    Cellar Door
--> Unbreathing Horde
    Island
 
Pack 2 pick 10:
    Ancient Grudge
    Caravan Vigil
    Infernal Plunge
--> Ranger's Guile
    Curse of the Nightly Hunt
    Forest
 
Pack 2 pick 11:
    Curse of Oblivion
    Ghoulcaller's Chant
--> Rotting Fensnake
    Inquisitor's Flail
    Forest
 
Pack 2 pick 12:
    Woodland Sleuth
--> Mulch
    Graveyard Shovel
    Mountain
 
Pack 2 pick 13:
    Vampiric Fury
--> Memory's Journey
    Mountain
 
Pack 2 pick 14:
--> Curse of Oblivion
    Swamp
 
Pack 2 pick 15:
--> Plains
 
------ ISD ------
 
Pack 3 pick 1:
    Lost in the Mist
    Elder Cathar
    Grave Bramble
    Smite the Monstrous
    Spidery Grasp
    Selhoff Occultist
    Brimstone Volley
    Manor Skeleton
    Stitched Drake
    Skaab Goliath
    Burning Vengeance
    Rally the Peasants
--> Mikaeus, the Lunarch
    Kruin Outlaw
    Island
 
Pack 3 pick 2:
--> Victim of Night
    Claustrophobia
    Kindercatch
    Crossway Vampire
    Lost in the Mist
    Night Revelers
    Chapel Geist
    Travel Preparations
    Think Twice
    Curiosity
    Slayer of the Wicked
    Skirsdag Cultist
    Reckless Waif
    Island
 
Pack 3 pick 3:
    Selfless Cathar
    Dead Weight
    Somberwald Spider
    Riot Devils
    Altar's Reap
    Infernal Plunge
    Think Twice
    Village Bell-Ringer
    Dissipate
    Butcher's Cleaver
--> Murder of Crows
    Endless Ranks of the Dead
    Island
 
Pack 3 pick 4:
--> Victim of Night
    Kindercatch
    Crossway Vampire
    Village Bell-Ringer
    Spectral Flight
    Brain Weevil
    Night Revelers
    Tribute to Hunger
    Hollowhenge Scavenger
    Unbreathing Horde
    Instigator Gang
    Island
 
Pack 3 pick 5:
    Curse of the Pierced Heart
    Shimmering Grotto
    Moonmist
--> Walking Corpse
    Bump in the Night
    Traveler's Amulet
    Spider Spawning
    Village Cannibals
    Full Moon's Rise
    Tormented Pariah
    Plains
 
Pack 3 pick 6:
    Harvest Pyre
    Naturalize
    Urgent Exorcism
    Avacyn's Pilgrim
    Ancient Grudge
    Thraben Purebloods
    Orchard Spirit
    Furor of the Bitten
--> Battleground Geist
    Swamp
 
Pack 3 pick 7:
    Traitorous Blood
    One-Eyed Scarecrow
    Markov Patrician
    Moment of Heroism
    Ghoulcaller's Bell
    Paraselene
--> Back from the Brink
    Village Ironsmith
    Swamp
 
Pack 3 pick 8:
    Curse of the Bloody Tome
    Cobbled Wings
    Mulch
--> Stitched Drake
    Curse of the Pierced Heart
    Make a Wish
    Stensia Bloodhall
    Forest
 
Pack 3 pick 9:
    Lost in the Mist
    Grave Bramble
    Smite the Monstrous
    Manor Skeleton
--> Skaab Goliath
    Burning Vengeance
    Island
 
Pack 3 pick 10:
    Kindercatch
    Crossway Vampire
--> Lost in the Mist
    Night Revelers
    Skirsdag Cultist
    Island
 
Pack 3 pick 11:
    Riot Devils
    Altar's Reap
    Infernal Plunge
--> Endless Ranks of the Dead
    Island
 
Pack 3 pick 12:
    Kindercatch
    Brain Weevil
    Night Revelers
--> Unbreathing Horde
 
Pack 3 pick 13:
--> Bump in the Night
    Full Moon's Rise
    Plains
 
Pack 3 pick 14:
--> Furor of the Bitten
    Swamp
 
Pack 3 pick 15:
--> Swamp
 
