Event #: 3774699
Time:    4/22/2012 3:20:29 PM
Players: 
    GoLucky
    jubblernut2
    Yotiansoldier1182
    rolandofeld
    DANREL
--> malthrin
    Entytled2Octopus
    shimrra
 
------ DKA ------
 
Pack 1 pick 1:
    Clinging Mists
    Executioner's Hood
    Forge Devil
    Headless Skaab
    Tragic Slip
    Sanctuary Cat
    Niblis of the Mist
    Bone to Ash
    Wrack with Madness
    Hollowhenge Spirit
    Diregraf Captain
--> Strangleroot Geist
    Mondronen Shaman
    Grim Backwoods
    Swamp
 
Pack 1 pick 2:
    Nearheath Stalker
    Crushing Vines
    Erdwal Ripper
    Stormbound Geist
    Silverclaw Griffin
    Griptide
    Wrack with Madness
    Undying Evil
    Tracker's Instincts
    Relentless Skaabs
    Chill of Foreboding
    Loyal Cathar
--> Hellrider
    Forest
 
Pack 1 pick 3:
    Break of Day
    Hunger of the Howlpack
    Stormbound Geist
    Screeching Skaab
    Favor of the Woods
    Griptide
    Elgaud Inquisitor
    Fires of Undeath
--> Markov Warlord
    Niblis of the Breath
    Shattered Perception
    Chosen of Markov
    Forest
 
Pack 1 pick 4:
    Spiteful Shadows
    Executioner's Hood
    Bar the Door
    Hunger of the Howlpack
    Scorch the Fields
--> Somberwald Dryad
    Bone to Ash
    Harrowing Journey
    Village Survivors
    Chosen of Markov
    Sudden Disappearance
    Plains
 
Pack 1 pick 5:
    Crushing Vines
--> Erdwal Ripper
    Silverclaw Griffin
    Spiteful Shadows
    Saving Grasp
    Scorch the Fields
    Vengeful Vampire
    Gravetiller Wurm
    Chosen of Markov
    Alpha Brawl
    Plains
 
Pack 1 pick 6:
    Ray of Revelation
    Haunted Fengraf
    Faithless Looting
    Sightless Ghoul
--> Ulvenwald Bear
    Niblis of the Mist
    Curse of Exhaustion
    Tracker's Instincts
    Counterlash
    Forest
 
Pack 1 pick 7:
    Spiteful Shadows
    Executioner's Hood
    Scorch the Fields
    Bone to Ash
    Tracker's Instincts
    Gavony Ironwright
    Secrets of the Dead
--> Hinterland Hermit
    Island
 
Pack 1 pick 8:
    Crushing Vines
--> Torch Fiend
    Gravepurge
    Divination
    Heavy Mattock
    Fling
    Curse of Thirst
    Mountain
 
Pack 1 pick 9:
    Clinging Mists
    Executioner's Hood
--> Forge Devil
    Headless Skaab
    Sanctuary Cat
    Bone to Ash
    Swamp
 
Pack 1 pick 10:
    Nearheath Stalker
--> Crushing Vines
    Silverclaw Griffin
    Undying Evil
    Chill of Foreboding
    Forest
 
Pack 1 pick 11:
    Break of Day
--> Hunger of the Howlpack
    Favor of the Woods
    Shattered Perception
    Forest
 
Pack 1 pick 12:
    Spiteful Shadows
    Bar the Door
--> Scorch the Fields
    Plains
 
Pack 1 pick 13:
    Spiteful Shadows
--> Scorch the Fields
    Plains
 
Pack 1 pick 14:
--> Haunted Fengraf
    Forest
 
Pack 1 pick 15:
--> Spiteful Shadows
 
------ ISD ------
 
Pack 2 pick 1:
    Avacyn's Pilgrim
    Bump in the Night
    Maw of the Mire
    Thraben Purebloods
    Sensory Deprivation
    Shimmering Grotto
    Stromkirk Patrol
    Night Revelers
    Chapel Geist
    Dissipate
    Butcher's Cleaver
    Battleground Geist
--> Manor Gargoyle
    Civilized Scholar
    Plains
 
Pack 2 pick 2:
    Somberwald Spider
    Hysterical Blindness
    Avacynian Priest
    Riot Devils
    Curse of the Bloody Tome
    Pitchburn Devils
    Village Bell-Ringer
    Prey Upon
    Brain Weevil
    Bitterheart Witch
    Rage Thrower
    Abattoir Ghoul
--> Reckless Waif
    Swamp
 
Pack 2 pick 3:
--> Avacyn's Pilgrim
    Night Terrors
    Fortress Crab
    Feeling of Dread
    Spectral Flight
    Brain Weevil
    Night Revelers
    Ranger's Guile
    Falkenrath Noble
    Rakish Heir
    Moldgraf Monstrosity
    Thraben Sentry
    Island
 
Pack 2 pick 4:
    Urgent Exorcism
    Frightful Delusion (FOIL)
--> Spidery Grasp
    Spare from Evil
    Moon Heron
    Night Terrors
    Furor of the Bitten
    Makeshift Mauler
    Memory's Journey
    Purify the Grave
    Thraben Sentry
    Mountain
 
Pack 2 pick 5:
    Wooden Stake
    Festerhide Boar
    Hysterical Blindness
    Voiceless Spirit
    Ghoulcaller's Chant
    Urgent Exorcism
    Spidery Grasp
    One-Eyed Scarecrow
--> Into the Maw of Hell
    Wreath of Geists
    Forest
 
Pack 2 pick 6:
    Feral Ridgewolf
    Curse of Oblivion
    Victim of Night
    Somberwald Spider
    Maw of the Mire
    Orchard Spirit
    Ghoulcaller's Bell
    Stony Silence
--> Village Ironsmith
    Plains
 
Pack 2 pick 7:
    Curse of the Pierced Heart
    Ghoulcaller's Bell
    Makeshift Mauler
    Spare from Evil
--> Boneyard Wurm
    Desperate Ravings
    Rally the Peasants
    Delver of Secrets
    Forest
 
Pack 2 pick 8:
    Bump in the Night
    Maw of the Mire
    Thraben Purebloods
--> Ranger's Guile
    Abbey Griffin
    Inquisitor's Flail
    Curiosity
    Swamp
 
Pack 2 pick 9:
    Bump in the Night
    Maw of the Mire
    Thraben Purebloods
    Sensory Deprivation
    Dissipate
--> Butcher's Cleaver
    Plains
 
Pack 2 pick 10:
    Somberwald Spider
    Hysterical Blindness
    Brain Weevil
    Bitterheart Witch
--> Rage Thrower
    Swamp
 
Pack 2 pick 11:
    Feeling of Dread
    Spectral Flight
    Brain Weevil
--> Ranger's Guile
    Island
 
Pack 2 pick 12:
    Frightful Delusion (FOIL)
--> Furor of the Bitten
    Purify the Grave
    Mountain
 
Pack 2 pick 13:
    Ghoulcaller's Chant
--> Wreath of Geists
    Forest
 
Pack 2 pick 14:
--> Maw of the Mire
    Plains
 
Pack 2 pick 15:
--> Forest
 
------ ISD ------
 
Pack 3 pick 1:
    Kessig Wolf
    Silverchase Fox
    Unruly Mob
    Skeletal Grimace
--> Festerhide Boar
    Manor Skeleton
    Stitched Drake
    Abbey Griffin (FOIL)
    Naturalize
    Lumberknot
    Village Cannibals
    Lantern Spirit
    Back from the Brink
    Grizzled Outcasts
    Plains
 
Pack 3 pick 2:
    Bonds of Faith
    Shimmering Grotto
--> Moonmist
    Walking Corpse
    Traveler's Amulet
    Corpse Lunge
    Thraben Purebloods
    Dream Twist
    Memory's Journey
    Battleground Geist
    Intangible Virtue
    Sulfur Falls
    Screeching Bat
    Plains
 
Pack 3 pick 3:
    Ancient Grudge
    Thraben Purebloods
--> Orchard Spirit
    Furor of the Bitten
    Dream Twist
    Night Revelers
    Spectral Flight
    Rotting Fensnake
    Caravan Vigil
    Curse of the Nightly Hunt
    Wreath of Geists
    Screeching Bat
    Mountain
 
Pack 3 pick 4:
    Unruly Mob
--> Ashmouth Hound
    Woodland Sleuth
    Forbidden Alchemy
    Feral Ridgewolf
    Armored Skaab
    Vampiric Fury
    Unburial Rites
    Full Moon's Rise
    Lantern Spirit
    Woodland Cemetery
    Plains
 
Pack 3 pick 5:
    Riot Devils
    Altar's Reap
    Island (FOIL)
    Elder Cathar
--> Kessig Wolf
    Night Terrors
    Moment of Heroism
    Bump in the Night
    Skaab Goliath
    Gallows Warden
    Swamp
 
Pack 3 pick 6:
    Gnaw to the Bone
    Ghostly Possession
    Rebuke
    Typhoid Rats
    Fortress Crab
--> Orchard Spirit
    Ancient Grudge
    Demonmail Hauberk
    Bramblecrush
    Mountain
 
Pack 3 pick 7:
--> Bloodcrazed Neonate
    Frightful Delusion
    Cobbled Wings
    Skeletal Grimace
    Smite the Monstrous
    Spidery Grasp
    Selhoff Occultist
    Trepanation Blade
    Mountain
 
Pack 3 pick 8:
    Smite the Monstrous (FOIL)
    Vampiric Fury
--> Naturalize
    Spare from Evil
    Moon Heron
    Sharpened Pitchfork
    Hollowhenge Scavenger
    Island
 
Pack 3 pick 9:
    Skeletal Grimace
    Manor Skeleton
    Abbey Griffin (FOIL)
--> Lumberknot
    Back from the Brink
    Grizzled Outcasts
    Plains
 
Pack 3 pick 10:
    Corpse Lunge
--> Thraben Purebloods
    Dream Twist
    Memory's Journey
    Intangible Virtue
    Plains
 
Pack 3 pick 11:
    Thraben Purebloods
--> Night Revelers
    Curse of the Nightly Hunt
    Wreath of Geists
    Mountain
 
Pack 3 pick 12:
--> Armored Skaab
    Vampiric Fury
    Full Moon's Rise
    Plains
 
Pack 3 pick 13:
    Altar's Reap
--> Night Terrors
    Swamp
 
Pack 3 pick 14:
--> Ghostly Possession
    Mountain
 
Pack 3 pick 15:
--> Mountain
 
