Event #: 3775971
Time:    4/22/2012 5:33:52 PM
Players: 
    duckhunter4242
--> bqlohr
    leonidastheking
    Tougas88
    Rousseau
    CardMechanic
    RicoSuave
    unc40pilot
 
------ DKA ------
 
Pack 1 pick 1:
    Screeching Skaab
    Nearheath Stalker
    Crushing Vines
    Erdwal Ripper
    Stormbound Geist
    Evolving Wilds
    Talons of Falkenrath
    Reap the Seagraf
    Midnight Guard
    Harrowing Journey
    Wolfhunter's Quiver
    Chill of Foreboding
    Scorned Villager
--> Feed the Pack
    Plains
 
Pack 1 pick 2:
    Nephalia Seakite
    Ray of Revelation
    Clinging Mists
    Burden of Guilt
    Death's Caress
    Falkenrath Torturer
    Dawntreader Elk
    Sanctuary Cat
    Niblis of the Mist
    Drogskol Captain
--> Strangleroot Geist
    Gavony Ironwright
    Zombie Apocalypse
    Swamp
 
Pack 1 pick 3:
    Haunted Fengraf
    Favor of the Woods
    Torch Fiend
    Artful Dodge
    Gravepurge
    Heavy Mattock
    Sightless Ghoul
--> Ulvenwald Bear
    Diregraf Captain
    Shattered Perception
    Skirsdag Flayer
    Chalice of Life
    Forest
 
Pack 1 pick 4:
    Gruesome Discovery
    Thought Scour
--> Wild Hunger
    Skillful Lunge
    Haunted Fengraf
    Divination
    Somberwald Dryad
    Heavy Mattock
    Hollowhenge Spirit
    Wakedancer
    Elbrus, the Binding Blade
    Forest
 
Pack 1 pick 5:
    Nearheath Stalker
    Gruesome Discovery
--> Wild Hunger
    Skillful Lunge
    Headless Skaab (FOIL)
    Divination
    Somberwald Dryad
    Curse of Thirst
    Tracker's Instincts
    Secrets of the Dead
    Mountain
 
Pack 1 pick 6:
    Stormbound Geist
    Silverclaw Griffin
    Spiteful Shadows
    Executioner's Hood
    Evolving Wilds
    Reap the Seagraf
    Midnight Guard
    Wakedancer
--> Loyal Cathar
    Island
 
Pack 1 pick 7:
    Silverclaw Griffin
    Spiteful Shadows
    Executioner's Hood
    Bar the Door
--> Ulvenwald Bear
    Undying Evil
    Gravepurge (FOIL)
    Deadly Allure
    Increasing Ambition
 
Pack 1 pick 8:
    Wild Hunger
    Ray of Revelation
    Haunted Fengraf
    Chant of the Skifsang
    Highborn Ghoul
    Talons of Falkenrath
--> Blood Feud
    Island
 
Pack 1 pick 9:
--> Nearheath Stalker
    Crushing Vines
    Talons of Falkenrath
    Reap the Seagraf
    Harrowing Journey
    Wolfhunter's Quiver
    Plains
 
Pack 1 pick 10:
    Ray of Revelation
    Clinging Mists
    Falkenrath Torturer
--> Dawntreader Elk
    Gavony Ironwright
    Swamp
 
Pack 1 pick 11:
--> Favor of the Woods
    Artful Dodge
    Sightless Ghoul
    Shattered Perception
    Forest
 
Pack 1 pick 12:
    Gruesome Discovery
--> Somberwald Dryad
    Heavy Mattock
    Forest
 
Pack 1 pick 13:
    Curse of Thirst
--> Secrets of the Dead
    Mountain
 
Pack 1 pick 14:
--> Spiteful Shadows
    Island
 
Pack 1 pick 15:
--> Spiteful Shadows
 
------ ISD ------
 
Pack 2 pick 1:
    Forbidden Alchemy
    Feral Ridgewolf
    Selfless Cathar
    Curse of Oblivion
    Victim of Night
    Typhoid Rats
    Harvest Pyre
    Mulch
    Smite the Monstrous
    Inquisitor's Flail
    Gallows Warden
    Moan of the Unhallowed
    Undead Alchemist
--> Villagers of Estwald
    Island
 
Pack 2 pick 2:
    Skeletal Grimace
    Victim of Night
    Claustrophobia
    Kindercatch
    Spidery Grasp
    Selhoff Occultist
    Brimstone Volley
    Manor Skeleton
    Midnight Haunting
    Demonmail Hauberk
    Rally the Peasants
--> Reaper from the Abyss
    Village Ironsmith
    Mountain
 
Pack 2 pick 3:
    Ghoulcaller's Chant
    Dead Weight
    Ashmouth Hound
    Woodland Sleuth
    Urgent Exorcism
    Manor Skeleton
    Spidery Grasp
    Curse of the Nightly Hunt
    Unburial Rites
    Murder of Crows
    Stony Silence
--> Gatstaf Shepherd
    Swamp
 
Pack 2 pick 4:
    Voiceless Spirit
    Ghoulcaller's Chant
--> Ashmouth Hound
    Rotting Fensnake
    Ghoulraiser
    Spectral Flight
    Chapel Geist
    Spectral Rider
    Curse of the Nightly Hunt
    Invisible Stalker
    Endless Ranks of the Dead
    Forest
 
Pack 2 pick 5:
--> Crossway Vampire
    Wooden Stake
    Ghoulcaller's Chant
    Lost in the Mist
    Ghoulcaller's Bell
    Maw of the Mire
    Corpse Lunge
    Rolling Temblor
    Dissipate
    Stony Silence
    Plains
 
Pack 2 pick 6:
    Riot Devils
    Altar's Reap
    Moonmist
    One-Eyed Scarecrow
    Ghostly Possession
    Deranged Assistant
    Bitterheart Witch
    Endless Ranks of the Dead
--> Tormented Pariah
    Mountain
 
Pack 2 pick 7:
    Gnaw to the Bone
    Curse of the Pierced Heart
    Nightbird's Clutches
    Ambush Viper
    Spare from Evil
    Inquisitor's Flail
--> Kessig Wolf Run
    Reckless Waif
    Forest
 
Pack 2 pick 8:
    Woodland Sleuth
    Curse of Oblivion
    Vampiric Fury
    Naturalize
    Typhoid Rats
    Runic Repetition
--> Hollowhenge Scavenger
    Plains
 
Pack 2 pick 9:
--> Feral Ridgewolf
    Curse of Oblivion
    Typhoid Rats
    Mulch
    Smite the Monstrous
    Inquisitor's Flail
    Island
 
Pack 2 pick 10:
    Skeletal Grimace
--> Victim of Night
    Kindercatch
    Spidery Grasp
    Village Ironsmith
    Mountain
 
Pack 2 pick 11:
--> Woodland Sleuth
    Manor Skeleton
    Curse of the Nightly Hunt
    Stony Silence
    Swamp
 
Pack 2 pick 12:
    Ghoulcaller's Chant
--> Rotting Fensnake
    Curse of the Nightly Hunt
    Forest
 
Pack 2 pick 13:
--> Maw of the Mire
    Stony Silence
    Plains
 
Pack 2 pick 14:
--> Ghostly Possession
    Mountain
 
Pack 2 pick 15:
--> Forest
 
------ ISD ------
 
Pack 3 pick 1:
    Skeletal Grimace
    Festerhide Boar
    Gruesome Deformity
    Claustrophobia
    Frightful Delusion
    Stitched Drake
    Harvest Pyre
    Naturalize
    Rebuke
    Boneyard Wurm
    Memory's Journey
    Make a Wish
--> Curse of Death's Hold
    Grizzled Outcasts
    Plains
 
Pack 3 pick 2:
--> Geistflame
    Night Terrors
    Moment of Heroism
    Makeshift Mauler
    Bump in the Night
    Spectral Flight
    Brain Weevil
    Night Revelers
    Ranger's Guile
    Desperate Ravings
    Dissipate
    Silver-Inlaid Dagger
    Village Ironsmith
    Forest
 
Pack 3 pick 3:
    Maw of the Mire
--> Orchard Spirit
    Ghoulcaller's Bell
    Makeshift Mauler
    Spare from Evil
    Night Revelers
    Spectral Flight
    Rotting Fensnake
    Caravan Vigil
    Sharpened Pitchfork
    Paraselene
    Civilized Scholar
    Plains
 
Pack 3 pick 4:
    Kindercatch
    Feral Ridgewolf
    Altar's Reap
    Gruesome Deformity
    Stitcher's Apprentice
    Walking Corpse
    Vampiric Fury
    Deranged Assistant
    Cellar Door
    Nevermore
--> Ulvenwald Mystics
    Forest
 
Pack 3 pick 5:
    Smite the Monstrous
    Spidery Grasp
    Manor Skeleton
    Spare from Evil
    Nightbird's Clutches
--> Ambush Viper
    Sharpened Pitchfork
    Boneyard Wurm
    Graveyard Shovel
    Unbreathing Horde
    Mountain
 
Pack 3 pick 6:
    Grave Bramble
    Bloodcrazed Neonate
    Silverchase Fox
    Chapel Geist
    Travel Preparations
    Think Twice
    Ranger's Guile
--> Unburial Rites
    Make a Wish
    Plains
 
Pack 3 pick 7:
    Urgent Exorcism
    Vampire Interloper
    Skaab Goliath (FOIL)
    Spare from Evil
--> Avacyn's Pilgrim
    Curiosity
    Rage Thrower
    Stony Silence
    Mountain
 
Pack 3 pick 8:
    Wooden Stake
--> Festerhide Boar
    Hysterical Blindness
    Gnaw to the Bone
    Urgent Exorcism
    Lumberknot
    Gutter Grime
    Island
 
Pack 3 pick 9:
    Skeletal Grimace
    Gruesome Deformity
    Naturalize
    Boneyard Wurm
    Make a Wish
--> Grizzled Outcasts
    Plains
 
Pack 3 pick 10:
    Night Terrors
    Moment of Heroism
    Bump in the Night
    Night Revelers
--> Ranger's Guile
    Forest
 
Pack 3 pick 11:
    Maw of the Mire
    Rotting Fensnake
--> Caravan Vigil
    Paraselene
    Plains
 
Pack 3 pick 12:
    Gruesome Deformity
    Vampiric Fury
--> Nevermore
    Forest
 
Pack 3 pick 13:
    Graveyard Shovel
--> Unbreathing Horde
    Mountain
 
Pack 3 pick 14:
--> Make a Wish
    Plains
 
Pack 3 pick 15:
--> Mountain
 
