Event #: 3776291
Time:    4/22/2012 10:00:18 PM
Players: 
    Amanuensis
    Terrybar
    bigdaddy66
    huhong
    nyclipper
    etstarke
--> malthrin
    Rego
 
------ DKA ------
 
Pack 1 pick 1:
    Nearheath Stalker
    Crushing Vines
    Erdwal Ripper
    Stormbound Geist
    Silverclaw Griffin
    Midnight Guard
    Ulvenwald Bear
    Undying Evil
    Griptide
    Markov Warlord
--> Niblis of the Breath
    Chill of Foreboding
    Afflicted Deserter
    Grim Backwoods
    Forest
 
Pack 1 pick 2:
    Haunted Fengraf
    Faithless Looting
    Headless Skaab
    Silverclaw Griffin
    Evolving Wilds
    Griptide
    Wrack with Madness
    Saving Grasp
    Tower Geist
    Mystic Retrieval
    Village Survivors
    Loyal Cathar
--> Flayer of the Hatebound
    Island
 
Pack 1 pick 3:
    Gravepurge
    Break of Day
    Gruesome Discovery
    Screeching Skaab
    Nearheath Stalker
    Talons of Falkenrath
    Reap the Seagraf
    Midnight Guard
    Ulvenwald Bear
    Avacyn's Collar
--> Skirsdag Flayer
    Alpha Brawl
    Forest
 
Pack 1 pick 4:
    Ray of Revelation
    Haunted Fengraf
    Faithless Looting
    Headless Skaab
    Heavy Mattock
    Young Wolf
    Evolving Wilds
--> Griptide
    Curse of Thirst
    Thraben Heretic
    Counterlash
    Plains
 
Pack 1 pick 5:
    Shriekgeist
    Hollowhenge Beast
    Spiteful Shadows
    Erdwal Ripper
    Black Cat
--> Undying Evil
    Scorch the Fields
    Bone to Ash
    Secrets of the Dead
    Chosen of Markov
    Swamp
 
Pack 1 pick 6:
    Black Cat
    Shriekgeist
--> Faithless Looting
    Clinging Mists
    Divination
    Sanctuary Cat
    Fling
    Tracker's Instincts
    Afflicted Deserter
    Mountain
 
Pack 1 pick 7:
    Skillful Lunge
    Haunted Fengraf
    Favor of the Woods
    Torch Fiend
    Artful Dodge
    Saving Grasp
--> Relentless Skaabs
    Hinterland Hermit
    Mountain
 
Pack 1 pick 8:
    Skillful Lunge
    Torch Fiend
    Gravepurge
    Talons of Falkenrath
    Falkenrath Torturer
    Curse of Exhaustion
--> Chalice of Life
    Forest
 
Pack 1 pick 9:
--> Nearheath Stalker
    Crushing Vines
    Erdwal Ripper
    Undying Evil
    Chill of Foreboding
    Afflicted Deserter
    Forest
 
Pack 1 pick 10:
    Haunted Fengraf
    Faithless Looting
--> Wrack with Madness
    Saving Grasp
    Mystic Retrieval
    Island
 
Pack 1 pick 11:
    Break of Day
    Gruesome Discovery
    Talons of Falkenrath
--> Alpha Brawl
    Forest
 
Pack 1 pick 12:
--> Haunted Fengraf
    Heavy Mattock
    Curse of Thirst
    Plains
 
Pack 1 pick 13:
    Spiteful Shadows
--> Secrets of the Dead
    Swamp
 
Pack 1 pick 14:
--> Clinging Mists
    Mountain
 
Pack 1 pick 15:
--> Mountain
 
------ ISD ------
 
Pack 2 pick 1:
    Forbidden Alchemy
    Elder Cathar
    Kessig Wolf
    Wooden Stake
    Festerhide Boar
    Manor Skeleton
    Spidery Grasp
    One-Eyed Scarecrow
    Armored Skaab
    Trepanation Blade
    Diregraf Ghoul
    Abattoir Ghoul
--> Sever the Bloodline
    Delver of Secrets
    Island
 
Pack 2 pick 2:
    Feral Ridgewolf
    Altar's Reap
    Gruesome Deformity
    Grave Bramble
    Avacynian Priest
    Travel Preparations
--> Think Twice
    Ranger's Guile
    Abbey Griffin
    Midnight Haunting
    Memory's Journey
    Paraselene
    Villagers of Estwald
    Island
 
Pack 2 pick 3:
    Frightful Delusion
    Cobbled Wings
    Skeletal Grimace
    Voiceless Spirit
    Victim of Night
    Sensory Deprivation
    Infernal Plunge
    Stromkirk Patrol
    Pitchburn Devils
    Inquisitor's Flail
    Curiosity
--> Galvanic Juggernaut
    Plains
 
Pack 2 pick 4:
--> Walking Corpse
    Vampiric Fury
    Ghoulcaller's Bell
    Maw of the Mire
    Corpse Lunge
    Spare from Evil
    Nightbird's Clutches
    Curse of the Nightly Hunt
    Runic Repetition
    Rally the Peasants
    Thraben Sentry
    Island
 
Pack 2 pick 5:
    Selfless Cathar
--> Dead Weight
    Somberwald Spider
    Riot Devils
    Altar's Reap
    Pitchburn Devils
    Dead Weight (FOIL)
    Brain Weevil
    Cellar Door
    Make a Wish
    Plains
 
Pack 2 pick 6:
    Silverchase Fox
    Unruly Mob
    Skeletal Grimace
    Rebuke
    Urgent Exorcism
--> Vampire Interloper
    Traitorous Blood
    Paraselene
    Gallows Warden
    Forest
 
Pack 2 pick 7:
    Hysterical Blindness
    Riot Devils
    Curse of the Bloody Tome
    Moment of Heroism
    Bump in the Night
    Nightbird's Clutches
    Demonmail Hauberk
--> Village Ironsmith
    Mountain
 
Pack 2 pick 8:
    Thraben Purebloods
    Furor of the Bitten
    Ghoulraiser
--> Burning Vengeance
    Lumberknot
    Gallows Warden
    Village Ironsmith
    Swamp
 
Pack 2 pick 9:
--> Forbidden Alchemy
    Elder Cathar
    Wooden Stake
    Manor Skeleton
    Spidery Grasp
    Trepanation Blade
    Island
 
Pack 2 pick 10:
    Altar's Reap
    Gruesome Deformity
    Abbey Griffin
--> Memory's Journey
    Paraselene
    Island
 
Pack 2 pick 11:
    Skeletal Grimace
    Infernal Plunge
    Stromkirk Patrol
--> Curiosity
    Plains
 
Pack 2 pick 12:
    Vampiric Fury
--> Ghoulcaller's Bell
    Maw of the Mire
    Island
 
Pack 2 pick 13:
--> Altar's Reap
    Make a Wish
    Plains
 
Pack 2 pick 14:
--> Paraselene
    Forest
 
Pack 2 pick 15:
--> Mountain
 
------ ISD ------
 
Pack 3 pick 1:
    Festerhide Boar
    Hysterical Blindness
    Voiceless Spirit
    Ghoulcaller's Chant
    Dead Weight
    Armored Skaab
    Bonds of Faith
    Vampiric Fury
    Naturalize
    Village Cannibals
    Make a Wish
    Invisible Stalker
    Stromkirk Noble
--> Bloodline Keeper
    Mountain
 
Pack 3 pick 2:
    Claustrophobia
    Kindercatch
    Crossway Vampire
    Lost in the Mist
    Kessig Wolf
    Manor Skeleton
    Stitched Drake
    Harvest Pyre
    Naturalize
--> Burning Vengeance
    Mausoleum Guard
    Scourge of Geier Reach
    Thraben Sentry
    Mountain
 
Pack 3 pick 3:
    Hysterical Blindness
    Avacynian Priest
    Riot Devils
    Curse of the Bloody Tome
    Kindercatch
    Rebuke
--> Typhoid Rats
    Traitorous Blood
    Markov Patrician
    Inquisitor's Flail
    Hollowhenge Scavenger
    Witchbane Orb
    Plains
 
Pack 3 pick 4:
    Vampiric Fury
--> Deranged Assistant
    Gnaw to the Bone
    Ghostly Possession
    Makeshift Mauler
    Feeling of Dread
    Nightbird's Clutches
    Ghost Quarter
    Graveyard Shovel
    Heartless Summoning
    Delver of Secrets
    Swamp
 
Pack 3 pick 5:
    Avacynian Priest
    Bloodcrazed Neonate
    Silverchase Fox
    Curse of the Bloody Tome
    Cobbled Wings
--> Skirsdag Cultist (FOIL)
    Village Bell-Ringer
    Brain Weevil
    Purify the Grave
    Grizzled Outcasts
    Plains
 
Pack 3 pick 6:
    Ambush Viper
    Dream Twist
    Night Terrors
    Infernal Plunge
    Ranger's Guile
    Stromkirk Patrol
    Think Twice
    Disciple of Griselbrand
--> Morkrut Banshee
    Swamp
 
Pack 3 pick 7:
    Curse of the Pierced Heart
    Urgent Exorcism
    Manor Skeleton
    Spidery Grasp
--> One-Eyed Scarecrow
    Fortress Crab
    Ancient Grudge
    Trepanation Blade
    Island
 
Pack 3 pick 8:
--> Feral Ridgewolf
    Selfless Cathar
    Curse of Oblivion
    Somberwald Spider
    Spare from Evil
    Lumberknot
    Bitterheart Witch
    Forest
 
Pack 3 pick 9:
    Festerhide Boar
    Hysterical Blindness
    Ghoulcaller's Chant
--> Armored Skaab
    Vampiric Fury
    Make a Wish
    Mountain
 
Pack 3 pick 10:
    Crossway Vampire
    Lost in the Mist
    Kessig Wolf
    Manor Skeleton
--> Harvest Pyre
    Mountain
 
Pack 3 pick 11:
    Hysterical Blindness
--> Riot Devils
    Curse of the Bloody Tome
    Inquisitor's Flail
    Plains
 
Pack 3 pick 12:
    Vampiric Fury
    Ghostly Possession
--> Nightbird's Clutches
    Swamp
 
Pack 3 pick 13:
    Curse of the Bloody Tome
--> Purify the Grave
    Plains
 
Pack 3 pick 14:
--> Infernal Plunge
    Swamp
 
Pack 3 pick 15:
--> Island
 
