Event #: 3776693
Time:    4/22/2012 11:52:08 PM
Players: 
    FireKraag
    jasinviso
    TriangularCube
    falz3333
--> malthrin
    houhau
    nunnyabusiness
    OUIOUIOUI
 
------ DKA ------
 
Pack 1 pick 1:
    Hunger of the Howlpack
    Russet Wolves
    Black Cat
    Shriekgeist
    Burden of Guilt
    Chant of the Skifsang
    Highborn Ghoul
    Talons of Falkenrath
    Gather the Townsfolk
    Wolfhunter's Quiver
    Tower Geist
    Immerwolf
    Lambholt Elder
--> Beguiler of Wills
    Mountain
 
Pack 1 pick 2:
    Erdwal Ripper
    Black Cat
    Break of Day
    Hunger of the Howlpack
--> Stormbound Geist
    Bone to Ash
    Wrack with Madness
    Divination
    Somberwald Dryad
    Harrowing Journey
    Vengeful Vampire
    Thraben Heretic
    Soul Seizer
    Forest
 
Pack 1 pick 3:
    Crushing Vines
    Skillful Lunge
    Torch Fiend
    Gravepurge
--> Griptide
    Wrack with Madness
    Saving Grasp
    Undying Evil
    Curse of Thirst
    Secrets of the Dead
    Hinterland Hermit
    Jar of Eyeballs
    Plains
 
Pack 1 pick 4:
    Faithless Looting
    Executioner's Hood
    Forge Devil
--> Headless Skaab
    Heavy Mattock
    Young Wolf
    Evolving Wilds
    Faith's Shield
    Gavony Ironwright
    Chosen of Markov
    Curse of Misfortunes
    Forest
 
Pack 1 pick 5:
    Headless Skaab
    Crushing Vines
    Skillful Lunge
    Torch Fiend
    Evolving Wilds
--> Griptide
    Wrack with Madness
    Gravetiller Wurm
    Chill of Foreboding
    Chosen of Markov
    Forest
 
Pack 1 pick 6:
    Favor of the Woods
    Bar the Door
    Forge Devil
    Heavy Mattock
    Fling
    Sightless Ghoul
    Grim Flowering
--> Skirsdag Flayer
    Scorned Villager
    Plains
 
Pack 1 pick 7:
    Russet Wolves
    Artful Dodge
    Hollowhenge Beast
    Sightless Ghoul
--> Thraben Heretic
    Chill of Foreboding
    Chosen of Markov
    Increasing Vengeance
    Plains
 
Pack 1 pick 8:
    Forge Devil
    Russet Wolves
    Artful Dodge
    Heavy Mattock
    Fling
    Sightless Ghoul
--> Warden of the Wall
    Forest
 
Pack 1 pick 9:
    Hunger of the Howlpack
    Russet Wolves
    Black Cat
    Shriekgeist
--> Chant of the Skifsang
    Talons of Falkenrath
    Mountain
 
Pack 1 pick 10:
    Erdwal Ripper
    Black Cat
    Break of Day
--> Bone to Ash
    Harrowing Journey
    Forest
 
Pack 1 pick 11:
    Crushing Vines
--> Torch Fiend
    Gravepurge
    Curse of Thirst
    Plains
 
Pack 1 pick 12:
    Executioner's Hood
    Heavy Mattock
--> Curse of Misfortunes
    Forest
 
Pack 1 pick 13:
    Crushing Vines
--> Skillful Lunge
    Forest
 
Pack 1 pick 14:
--> Heavy Mattock
    Plains
 
Pack 1 pick 15:
--> Plains
 
------ ISD ------
 
Pack 2 pick 1:
    Kessig Wolf
    Wooden Stake
    Festerhide Boar
    Hysterical Blindness
    Voiceless Spirit
    Chapel Geist
    Silent Departure
    Night Revelers
    Spectral Flight
    Butcher's Cleaver
--> Murder of Crows
    Intangible Virtue
    Gutter Grime
    Instigator Gang
    Forest
 
Pack 2 pick 2:
    Manor Skeleton
    Spidery Grasp
    One-Eyed Scarecrow
--> Armored Skaab
    Nightbird's Clutches
    Rolling Temblor (FOIL)
    Moment of Heroism
    Maw of the Mire
    Orchard Spirit
    Boneyard Wurm
    Hollowhenge Scavenger
    Geistcatcher's Rig
    Stensia Bloodhall
    Swamp
 
Pack 2 pick 3:
    Corpse Lunge
    Geistflame
    Thraben Purebloods
    Dream Twist
    Avacyn's Pilgrim
    Stromkirk Patrol
--> Silent Departure
    Think Twice
    Pitchburn Devils
    Burning Vengeance
    Mausoleum Guard
    Hanweir Watchkeep
    Island
 
Pack 2 pick 4:
    Thraben Purebloods
    Furor of the Bitten
--> Feeling of Dread
    Fortress Crab
    Rotting Fensnake
    Caravan Vigil
    Infernal Plunge
    Ranger's Guile
    Into the Maw of Hell
    Lumberknot
    Grizzled Outcasts
    Swamp
 
Pack 2 pick 5:
    Bloodcrazed Neonate
--> Silverchase Fox
    Curse of the Bloody Tome
    Cobbled Wings
    Ranger's Guile
    Abbey Griffin
    Sensory Deprivation
    Spider Spawning
    Demonmail Hauberk
    Rage Thrower
    Mountain
 
Pack 2 pick 6:
    Feral Ridgewolf
    Selfless Cathar
    Curse of Oblivion
    Somberwald Spider
--> Stitcher's Apprentice
    Walking Corpse
    Vampiric Fury
    Bitterheart Witch
    Bramblecrush
    Mountain
 
Pack 2 pick 7:
    Festerhide Boar
    Gruesome Deformity
--> Claustrophobia
    Frightful Delusion
    Abbey Griffin
    Infernal Plunge
    Think Twice
    Trepanation Blade
    Mountain
 
Pack 2 pick 8:
    Ghoulcaller's Chant
    Unruly Mob
    Woodland Sleuth
--> Forbidden Alchemy
    Mulch
    Cellar Door
    Make a Wish
    Island
 
Pack 2 pick 9:
    Wooden Stake
    Hysterical Blindness
--> Chapel Geist
    Night Revelers
    Spectral Flight
    Gutter Grime
    Forest
 
Pack 2 pick 10:
    Manor Skeleton
--> One-Eyed Scarecrow
    Maw of the Mire
    Boneyard Wurm
    Hollowhenge Scavenger
    Swamp
 
Pack 2 pick 11:
    Corpse Lunge
    Thraben Purebloods
    Stromkirk Patrol
--> Think Twice
    Island
 
Pack 2 pick 12:
--> Thraben Purebloods
    Infernal Plunge
    Ranger's Guile
    Swamp
 
Pack 2 pick 13:
    Bloodcrazed Neonate
--> Curse of the Bloody Tome
    Cobbled Wings
 
Pack 2 pick 14:
--> Curse of Oblivion
    Mountain
 
Pack 2 pick 15:
--> Mountain
 
------ ISD ------
 
Pack 3 pick 1:
    Thraben Purebloods (FOIL)
    Victim of Night
    Claustrophobia
    Kindercatch
    Crossway Vampire
    Travel Preparations
    Village Bell-Ringer
    Spectral Flight
    Brain Weevil
    Bitterheart Witch
--> Fiend Hunter
    Full Moon's Rise
    Skirsdag High Priest
    Grizzled Outcasts
    Forest
 
Pack 3 pick 2:
    Stitched Drake
    Harvest Pyre
    Naturalize
    Rebuke
    Blazing Torch (FOIL)
    Traveler's Amulet
    Ambush Viper
    Spare from Evil
    Ghost Quarter
    Rally the Peasants
    Battleground Geist
    Heretic's Punishment
--> Cloistered Youth
    Plains
 
Pack 3 pick 3:
    Festerhide Boar
    Gruesome Deformity
    Frightful Delusion
    Ashmouth Hound
    Vampire Interloper
    Selhoff Occultist
    Traitorous Blood
    Moonmist
    Sharpened Pitchfork
    Inquisitor's Flail
    Lantern Spirit
--> Moorland Haunt
    Mountain
 
Pack 3 pick 4:
    Lost in the Mist
    Kessig Wolf
--> Silverchase Fox
    Unruly Mob
    Skeletal Grimace
    Vampire Interloper
    Purify the Grave (FOIL)
    Traitorous Blood
    Moonmist
    Bramblecrush
    Nevermore
    Swamp
 
Pack 3 pick 5:
    Night Terrors
    Infernal Plunge
    Stromkirk Patrol
    Pitchburn Devils
--> Prey Upon
    Rotting Fensnake
    Into the Maw of Hell
    Make a Wish
    Creeping Renaissance
    Hanweir Watchkeep
    Island
 
Pack 3 pick 6:
--> Doomed Traveler
    Selfless Cathar
    Somberwald Spider
    Riot Devils
    One-Eyed Scarecrow
    Markov Patrician
    Ghostly Possession
    Blazing Torch
    Purify the Grave
    Plains
 
Pack 3 pick 7:
    Wooden Stake
    Ghoulcaller's Chant
    Lost in the Mist
    Moment of Heroism
--> Makeshift Mauler
    Bump in the Night
    Nightbird's Clutches
    Runic Repetition
    Swamp
 
Pack 3 pick 8:
    Altar's Reap
--> Forbidden Alchemy
    Kessig Wolf
    Wooden Stake
    Gnaw to the Bone
    Curse of the Pierced Heart
    Wreath of Geists
    Swamp
 
Pack 3 pick 9:
    Thraben Purebloods (FOIL)
    Kindercatch
--> Crossway Vampire
    Brain Weevil
    Bitterheart Witch
    Full Moon's Rise
    Forest
 
Pack 3 pick 10:
    Naturalize
    Ambush Viper
    Spare from Evil
    Ghost Quarter
--> Battleground Geist
    Plains
 
Pack 3 pick 11:
    Gruesome Deformity
    Moonmist
    Inquisitor's Flail
--> Lantern Spirit
    Mountain
 
Pack 3 pick 12:
--> Lost in the Mist
    Skeletal Grimace
    Moonmist
    Swamp
 
Pack 3 pick 13:
--> Night Terrors
    Infernal Plunge
    Island
 
Pack 3 pick 14:
--> Ghostly Possession
    Plains
 
Pack 3 pick 15:
--> Swamp
 
