Event #: 3780682
Time:    4/23/2012 10:11:40 PM
Players: 
    ChelePapaya
    Felipus2
--> jayg
    Rabbelman
    muzicman
    intimidatingant
    Slayerwolf
    Reicheru
 
------ DKA ------
 
Pack 1 pick 1:
    Forge Devil
    Death's Caress
    Russet Wolves
    Artful Dodge
    Hollowhenge Beast
    Griptide
    Elgaud Inquisitor
    Kessig Recluse
    Fires of Undeath
--> Lingering Souls
    Strangleroot Geist
    Skirsdag Flayer
    Loyal Cathar
    Thraben Doomsayer
    Swamp
 
Pack 1 pick 2:
    Russet Wolves
    Black Cat
    Shriekgeist
    Faithless Looting
    Saving Grasp
    Undying Evil
    Scorch the Fields
    Somberwald Dryad
--> Diregraf Captain
    Pyreheart Wolf
    Secrets of the Dead
    Chosen of Markov
    Counterlash
    Plains
 
Pack 1 pick 3:
    Forge Devil
    Headless Skaab
    Crushing Vines
    Sightless Ghoul
    Fires of Undeath
    Falkenrath Torturer
    Dawntreader Elk
--> Tower Geist
    Hollowhenge Spirit
    Skirsdag Flayer
    Scorned Villager
    Counterlash
    Plains
 
Pack 1 pick 4:
    Haunted Fengraf
    Favor of the Woods
    Torch Fiend
    Artful Dodge
    Gravepurge
    Chant of the Skifsang
    Highborn Ghoul
    Curse of Exhaustion
--> Vengeful Vampire
    Altar of the Lost
    Scorned Villager
    Island
 
Pack 1 pick 5:
    Torch Fiend
    Gravepurge
    Ray of Revelation
--> Bone to Ash
    Divination
    Somberwald Dryad
    Faith's Shield
    Gravetiller Wurm
    Shattered Perception
    Sudden Disappearance
    Swamp
 
Pack 1 pick 6:
    Nephalia Seakite
    Ray of Revelation
    Clinging Mists
    Burden of Guilt
    Young Wolf
    Chant of the Skifsang
    Chill of Foreboding
    Blood Feud
--> Soul Seizer
    Swamp
 
Pack 1 pick 7:
    Ray of Revelation
    Haunted Fengraf
    Bone to Ash
    Wrack with Madness
--> Divination
    Fling
    Curse of Thirst
    Gravetiller Wurm
    Mountain
 
Pack 1 pick 8:
    Skillful Lunge
    Torch Fiend
--> Gravepurge
    Falkenrath Torturer
    Sanctuary Cat
    Faith's Shield
    Curse of Bloodletting
    Swamp
 
Pack 1 pick 9:
    Russet Wolves
    Artful Dodge
    Hollowhenge Beast
--> Griptide
    Elgaud Inquisitor
    Skirsdag Flayer
    Swamp
 
Pack 1 pick 10:
    Russet Wolves
    Scorch the Fields
    Secrets of the Dead
--> Chosen of Markov
    Counterlash
    Plains
 
Pack 1 pick 11:
--> Headless Skaab
    Crushing Vines
    Falkenrath Torturer
    Counterlash
    Plains
 
Pack 1 pick 12:
    Haunted Fengraf
--> Artful Dodge
    Curse of Exhaustion
    Island
 
Pack 1 pick 13:
--> Gravepurge
    Shattered Perception
    Swamp
 
Pack 1 pick 14:
--> Ray of Revelation
    Swamp
 
Pack 1 pick 15:
--> Mountain
 
------ ISD ------
 
Pack 2 pick 1:
    Gruesome Deformity
    Grave Bramble
    Avacynian Priest
    Bloodcrazed Neonate
    Silverchase Fox
    Feeling of Dread
    Nightbird's Clutches
    Darkthicket Wolf
    Moment of Heroism
    Memory's Journey
    Desperate Ravings
    Make a Wish
--> Evil Twin
    Screeching Bat
    Island
 
Pack 2 pick 2:
    Ghoulcaller's Chant
--> Dead Weight
    Unruly Mob
    Typhoid Rats
    Traitorous Blood
    Markov Patrician
    Stitcher's Apprentice
    Mulch
    Stitched Drake
    Fiend Hunter
    Sharpened Pitchfork
    Paraselene
    Curse of Death's Hold
    Island
 
Pack 2 pick 3:
    Curse of the Bloody Tome
    Cobbled Wings
    Woodland Sleuth
    Curse of Oblivion
    Rebuke
    Urgent Exorcism
--> Vampire Interloper
    Selhoff Occultist
    Trepanation Blade
    Battleground Geist
    Intangible Virtue
    Thraben Sentry
    Plains
 
Pack 2 pick 4:
    Lost in the Mist
    Kessig Wolf
    Silverchase Fox
    Vampire Interloper
    Curse of the Pierced Heart
    Urgent Exorcism
    Manor Skeleton
    Spidery Grasp
    Disciple of Griselbrand
    Hollowhenge Scavenger
--> Screeching Bat
    Plains
 
Pack 2 pick 5:
    Frightful Delusion
    Ashmouth Hound
    Selfless Cathar
    Dead Weight
    Silent Departure
    Ghoulraiser
    Abbey Griffin
    Bitterheart Witch
--> Angel of Flight Alabaster
    Grizzled Outcasts
    Plains
 
Pack 2 pick 6:
    Ghostly Possession
--> Deranged Assistant
    Gnaw to the Bone
    Maw of the Mire
    Thraben Purebloods
    Furor of the Bitten
    Feeling of Dread
    Curse of the Nightly Hunt
    Runic Repetition
    Forest
 
Pack 2 pick 7:
    Night Terrors
    Moment of Heroism
--> Makeshift Mauler
    Bump in the Night
    Infernal Plunge
    Stromkirk Patrol
    Silent Departure
    Bramblecrush
    Mountain
 
Pack 2 pick 8:
--> Armored Skaab
    Vampiric Fury
    Naturalize
    Fortress Crab
    Ancient Grudge
    Demonmail Hauberk
    Paraselene
    Island
 
Pack 2 pick 9:
    Gruesome Deformity
    Grave Bramble
--> Moment of Heroism
    Memory's Journey
    Desperate Ravings
    Make a Wish
    Island
 
Pack 2 pick 10:
    Ghoulcaller's Chant
    Markov Patrician
--> Stitcher's Apprentice
    Mulch
    Paraselene
    Island
 
Pack 2 pick 11:
    Curse of the Bloody Tome
    Woodland Sleuth
    Curse of Oblivion
--> Urgent Exorcism
    Plains
 
Pack 2 pick 12:
--> Lost in the Mist
    Curse of the Pierced Heart
    Urgent Exorcism
    Plains
 
Pack 2 pick 13:
--> Frightful Delusion
    Bitterheart Witch
    Plains
 
Pack 2 pick 14:
--> Runic Repetition
    Forest
 
Pack 2 pick 15:
--> Mountain
 
------ ISD ------
 
Pack 3 pick 1:
    Gruesome Deformity
    Grave Bramble
    Avacynian Priest
    Bloodcrazed Neonate
    Silverchase Fox
    Curse of the Bloody Tome
    Brimstone Volley
    Manor Skeleton
--> Stitched Drake
    Into the Maw of Hell
    Lumberknot
    Rally the Peasants
    Moldgraf Monstrosity
    Mayor of Avabruck
    Swamp
 
Pack 3 pick 2:
--> Forbidden Alchemy
    Feral Ridgewolf
    Curse of Oblivion
    Victim of Night
    Typhoid Rats
    Traitorous Blood
    Markov Patrician
    Stitcher's Apprentice
    Skaab Goliath
    Scourge of Geier Reach
    Hollowhenge Scavenger
    Heartless Summoning
    Grizzled Outcasts
    Island
 
Pack 3 pick 3:
    Kindercatch
    Feral Ridgewolf
    Altar's Reap
    Mulch
    Curse of the Pierced Heart
    Bonds of Faith
    Shimmering Grotto
    Moonmist
    Midnight Haunting
--> Morkrut Banshee
    Gavony Township
    Thraben Sentry
    Mountain
 
Pack 3 pick 4:
    Curse of Oblivion
    Somberwald Spider
    Hysterical Blindness
--> Walking Corpse
    Smite the Monstrous
    Spidery Grasp
    Selhoff Occultist
    Ghost Quarter
    Geistcatcher's Rig
    Champion of the Parish
    Screeching Bat
    Plains
 
Pack 3 pick 5:
    Cobbled Wings
    Woodland Sleuth
    Curse of Oblivion
--> Night Terrors
    Makeshift Mauler
    Bump in the Night
    Bitterheart Witch
    Cellar Door
    Gallows Warden
    Grizzled Outcasts
    Mountain
 
Pack 3 pick 6:
--> Moon Heron
    Night Terrors
    Furor of the Bitten
    Makeshift Mauler
    Pitchburn Devils
    Caravan Vigil
    Boneyard Wurm
    Skirsdag Cultist
    Cellar Door
    Plains
 
Pack 3 pick 7:
    Grave Bramble
    Frightful Delusion
    Cobbled Wings
    Skeletal Grimace
    Moonmist
    One-Eyed Scarecrow
--> Grasp of Phantoms
    Graveyard Shovel
    Swamp
 
Pack 3 pick 8:
--> Wooden Stake
    Doomed Traveler
    Lost in the Mist
    Naturalize
    Urgent Exorcism
    Inquisitor's Flail
    Make a Wish
    Forest
 
Pack 3 pick 9:
    Gruesome Deformity
    Grave Bramble
    Bloodcrazed Neonate
    Silverchase Fox
--> Manor Skeleton
    Rally the Peasants
    Swamp
 
Pack 3 pick 10:
    Curse of Oblivion
    Markov Patrician
--> Skaab Goliath
    Hollowhenge Scavenger
    Grizzled Outcasts
    Island
 
Pack 3 pick 11:
    Kindercatch
--> Altar's Reap
    Curse of the Pierced Heart
    Moonmist
    Mountain
 
Pack 3 pick 12:
    Curse of Oblivion
    Somberwald Spider
--> Hysterical Blindness
    Plains
 
Pack 3 pick 13:
--> Curse of Oblivion
    Bump in the Night
    Mountain
 
Pack 3 pick 14:
--> Night Terrors
    Plains
 
Pack 3 pick 15:
--> Swamp
 
