Event #: 3787651
Time:    4/25/2012 6:56:59 PM
Players: 
    rredding
    Goats_Gone_Wild
    1plus1equals3
    Diotima
    ShirkerDragon
    csaint718
--> malthrin
    MajikalMe
 
------ DKA ------
 
Pack 1 pick 1:
    Hollowhenge Beast
    Spiteful Shadows
    Erdwal Ripper
    Black Cat
    Break of Day
    Midnight Guard
    Ulvenwald Bear
    Undying Evil
    Griptide
--> Pyreheart Wolf
    Wolfhunter's Quiver
    Chill of Foreboding
    Scorned Villager
    Havengul Runebinder
    Forest
 
Pack 1 pick 2:
    Shriekgeist
    Hollowhenge Beast
    Spiteful Shadows
    Erdwal Ripper
    Black Cat
    Talons of Falkenrath
    Reap the Seagraf
    Midnight Guard
    Ulvenwald Bear
    Tower Geist
    Deadly Allure
    Altar of the Lost
--> Lambholt Elder
    Mountain
 
Pack 1 pick 3:
    Nephalia Seakite
--> Wild Hunger
    Ray of Revelation
    Haunted Fengraf
    Tragic Slip
    Niblis of the Mist
    Highborn Ghoul
    Saving Grasp
    Evolving Wilds
    Hollowhenge Spirit
    Thraben Heretic
    Chalice of Life
    Mountain
 
Pack 1 pick 4:
--> Faithless Looting
    Headless Skaab
    Silverclaw Griffin
    Shriekgeist
    Hollowhenge Beast
    Talons of Falkenrath
    Reap the Seagraf
    Midnight Guard
    Diregraf Captain
    Chosen of Markov
    Counterlash
    Forest
 
Pack 1 pick 5:
    Spiteful Shadows
    Erdwal Ripper
    Black Cat
    Break of Day
    Griptide
    Elgaud Inquisitor
    Kessig Recluse
    Curse of Thirst
    Gavony Ironwright
--> Hinterland Hermit
    Plains
 
Pack 1 pick 6:
    Bar the Door
    Forge Devil
    Death's Caress
    Russet Wolves
    Artful Dodge
--> Markov Warlord
    Faith's Shield
    Shattered Perception
    Loyal Cathar
    Plains
 
Pack 1 pick 7:
    Gruesome Discovery
    Thought Scour
    Skillful Lunge
    Haunted Fengraf
    Talons of Falkenrath
    Gather the Townsfolk
    Falkenrath Torturer
--> Avacyn's Collar
    Plains
 
Pack 1 pick 8:
--> Hunger of the Howlpack
    Stormbound Geist
    Favor of the Woods
    Bar the Door
    Tower Geist
    Blood Feud
    Shattered Perception
    Plains
 
Pack 1 pick 9:
    Spiteful Shadows
    Black Cat
    Break of Day
--> Ulvenwald Bear
    Griptide
    Chill of Foreboding
    Forest
 
Pack 1 pick 10:
    Shriekgeist
    Spiteful Shadows
    Talons of Falkenrath
--> Reap the Seagraf
    Altar of the Lost
    Mountain
 
Pack 1 pick 11:
    Ray of Revelation
    Haunted Fengraf
--> Niblis of the Mist
    Saving Grasp
    Mountain
 
Pack 1 pick 12:
    Shriekgeist
    Talons of Falkenrath
--> Reap the Seagraf
    Forest
 
Pack 1 pick 13:
--> Break of Day
    Curse of Thirst
    Plains
 
Pack 1 pick 14:
--> Artful Dodge
    Plains
 
Pack 1 pick 15:
--> Plains
 
------ ISD ------
 
Pack 2 pick 1:
    Vampiric Fury
    Deranged Assistant
    Gnaw to the Bone
    Ghostly Possession
    Fortress Crab
    Traveler's Amulet
--> Galvanic Juggernaut (FOIL)
    Ancient Grudge
    Thraben Purebloods
    Sharpened Pitchfork
    Tribute to Hunger
    Murder of Crows
    Bloodgift Demon
    Tormented Pariah
    Forest
 
Pack 2 pick 2:
    Spidery Grasp
    Selhoff Occultist
--> Brimstone Volley
    Manor Skeleton
    Thraben Purebloods
    Furor of the Bitten
    Feeling of Dread
    Darkthicket Wolf
    Desperate Ravings
    Cellar Door
    Make a Wish
    Nephalia Drownyard
    Delver of Secrets
    Island
 
Pack 2 pick 3:
    Geistflame
    Avacyn's Pilgrim
    Bump in the Night
    Maw of the Mire
    Think Twice
    Pitchburn Devils
    Village Bell-Ringer
--> Prey Upon
    Mask of Avacyn
    Rolling Temblor
    Hollowhenge Scavenger
    Delver of Secrets
    Island
 
Pack 2 pick 4:
--> Festerhide Boar
    Hysterical Blindness
    Voiceless Spirit
    Ghoulcaller's Chant
    Ghostly Possession
    Blazing Torch
    Deranged Assistant
    Lumberknot
    Bitterheart Witch
    Graveyard Shovel
    Delver of Secrets
    Swamp
 
Pack 2 pick 5:
    Selfless Cathar
    Curse of Oblivion
    Victim of Night
--> Somberwald Spider
    Hysterical Blindness
    Gnaw to the Bone
    Curse of the Pierced Heart
    Urgent Exorcism
    Inquisitor's Flail
    Hollowhenge Scavenger
    Forest
 
Pack 2 pick 6:
    Curse of the Bloody Tome
    Cobbled Wings
    Curse of Oblivion
    Vampiric Fury
    Naturalize
    Typhoid Rats
--> Harvest Pyre
    Runic Repetition
    Disciple of Griselbrand
    Forest
 
Pack 2 pick 7:
    Riot Devils
    Curse of the Bloody Tome
    Kindercatch
    Feral Ridgewolf
--> Pitchburn Devils
    Memory's Journey (FOIL)
    Memory's Journey
    Paraselene
    Plains
 
Pack 2 pick 8:
    Curse of the Bloody Tome
    Cobbled Wings
--> Furor of the Bitten (FOIL)
    Stitcher's Apprentice
    Walking Corpse
    Wreath of Geists
    Back from the Brink
    Mountain
 
Pack 2 pick 9:
    Vampiric Fury
    Gnaw to the Bone
    Ghostly Possession
    Fortress Crab
--> Ancient Grudge
    Thraben Purebloods
    Forest
 
Pack 2 pick 10:
    Manor Skeleton
    Thraben Purebloods
    Desperate Ravings
    Make a Wish
--> Nephalia Drownyard
    Island
 
Pack 2 pick 11:
    Bump in the Night
    Maw of the Mire
    Village Bell-Ringer
--> Rolling Temblor
    Island
 
Pack 2 pick 12:
    Ghostly Possession
--> Bitterheart Witch
    Graveyard Shovel
    Swamp
 
Pack 2 pick 13:
    Curse of Oblivion
--> Inquisitor's Flail
    Forest
 
Pack 2 pick 14:
--> Vampiric Fury
    Forest
 
Pack 2 pick 15:
--> Paraselene
 
------ ISD ------
 
Pack 3 pick 1:
    Manor Skeleton
    Spidery Grasp
    One-Eyed Scarecrow
    Armored Skaab
    Bonds of Faith
    Ambush Viper
    Ghoulcaller's Bell
    Bump in the Night
    Moment of Heroism
    Hamlet Captain
    Curse of the Nightly Hunt
    Purify the Grave
    Skirsdag High Priest
--> Villagers of Estwald
    Island
 
Pack 3 pick 2:
    Woodland Sleuth
    Curse of Oblivion
    Crossway Vampire
    Wooden Stake
    Ghoulcaller's Chant
    Rebuke
    Typhoid Rats
    Traitorous Blood
    Markov Patrician
    Inquisitor's Flail
    Curiosity
--> Silver-Inlaid Dagger
    Civilized Scholar
    Plains
 
Pack 3 pick 3:
    Claustrophobia
    Kindercatch
    Crossway Vampire
    Lost in the Mist
    Kessig Wolf
    Mulch
    Stitched Drake
    Curse of the Pierced Heart
    Dissipate
    Geistcatcher's Rig
    Divine Reckoning
--> Daybreak Ranger
    Swamp
 
Pack 3 pick 4:
    Claustrophobia
    Kindercatch
    Crossway Vampire
    Lost in the Mist
    Kessig Wolf
    Shimmering Grotto
    Moonmist
    Burning Vengeance
    Wreath of Geists
--> Kessig Wolf Run
    Grizzled Outcasts
    Mountain
 
Pack 3 pick 5:
    Night Terrors
    Fortress Crab
    Feeling of Dread
    Corpse Lunge
    Ancient Grudge
    Chapel Geist
    Think Twice
    Ranger's Guile
--> Into the Maw of Hell
    Intangible Virtue
    Island
 
Pack 3 pick 6:
    Silverchase Fox
    Unruly Mob
    Skeletal Grimace
    Gruesome Deformity
    Brain Weevil
    Rotting Fensnake
    Ghoulraiser
    Stony Silence
--> Tormented Pariah
    Mountain
 
Pack 3 pick 7:
    Plains (FOIL)
    Unruly Mob
    Silent Departure
    Ghoulraiser
    Abbey Griffin
    Curiosity
    Make a Wish
--> Tormented Pariah
    Swamp
 
Pack 3 pick 8:
    Unruly Mob
--> Woodland Sleuth
    Feral Ridgewolf
    Sensory Deprivation
    Infernal Plunge
    Stromkirk Patrol
    Creeping Renaissance
    Mountain
 
Pack 3 pick 9:
    Manor Skeleton
    Armored Skaab
    Ghoulcaller's Bell
--> Hamlet Captain
    Curse of the Nightly Hunt
    Purify the Grave
    Island
 
Pack 3 pick 10:
    Curse of Oblivion
--> Wooden Stake
    Ghoulcaller's Chant
    Inquisitor's Flail
    Curiosity
    Plains
 
Pack 3 pick 11:
--> Claustrophobia
    Lost in the Mist
    Mulch
    Dissipate
    Swamp
 
Pack 3 pick 12:
    Lost in the Mist
--> Moonmist
    Burning Vengeance
    Mountain
 
Pack 3 pick 13:
    Night Terrors
--> Intangible Virtue
    Island
 
Pack 3 pick 14:
--> Brain Weevil
    Mountain
 
Pack 3 pick 15:
--> Swamp
 
