Event #: 3817405
Time:    5/2/2012 8:48:30 PM
Players: 
    Paanika
    thebigO
    CarlosElSalvador
--> Eminai
    I_DEEED_IT
    cymerdown
    DMR4inman
    TheWalrussCard
 
------ UZ ------
 
Pack 1 pick 1:
    Honor of the Pure
--> Show and Tell
    Abyssal Persecutor
    Pyrokinesis
    Eternal Witness
    Batterskull
    Hallowed Fountain
    Bituminous Blast
    Vulshok Refugee
    Sphinx of Jwar Isle
    Angel of Despair
    Stunted Growth
    Skeletal Vampire
    Living Death
    Bane of the Living
 
Pack 1 pick 2:
    Mother of Runes
    Force Spike
--> Bitterblossom
    Jackal Pup
    Wickerbough Elder
    Smokestack
    Godless Shrine
    Falkenrath Aristocrat
    Pithing Needle
    Death Cloud
    Hero of Oxid Ridge
    Aven Mindcensor
    Life from the Loam
    Molten Rain
 
Pack 1 pick 3:
    Lingering Souls
    Time Warp
    Inquisition of Kozilek
    Devastating Dreams
    Yavimaya Elder
    Cursed Scroll
    City of Traitors
--> Dream Halls
    Obstinate Baloth
    Banefire
    Riftwing Cloudskate
    Goblin Goon
    Æther Adept
 
Pack 1 pick 4:
    Armageddon
    Greater Gargadon
    Indrik Stomphowler
    Black Vise
    Taiga
    Sarkhan the Mad
    Priest of Urabrask
    Unearth
--> Bogardan Hellkite
    Narcolepsy
    Flickerwisp
    Ethersworn Canonist
 
Pack 1 pick 5:
    Oblivion Ring
    Time Spiral
    Imperial Seal
    Kargan Dragonlord
    Green Sun's Zenith
    Void
    Ratchet Bomb
--> Cruel Ultimatum
    Cursecatcher
    Strangleroot Geist
    Burning of Xinye
 
Pack 1 pick 6:
    Mikaeus, the Lunarch
    Wheel of Fortune
    Overgrown Tomb
--> Nicol Bolas, Planeswalker
    Platinum Angel
    Loyal Retainers
    Brainstorm
    Cloudgoat Ranger
    Orcish Lumberjack
    Tidings
 
Pack 1 pick 7:
    Condemn
    Mogg War Marshal
    Blastoderm
    Mindslaver
    Putrid Leech
    Loam Lion
    Eight-and-a-Half-Tails
    Rampant Growth
--> Innocent Blood
 
Pack 1 pick 8:
--> Scroll Rack
    Temple Garden
    Turnabout
    Momentary Blink
    Terror
    Thornling
    Gideon's Lawkeeper
    Kami of Ancient Law
 
Pack 1 pick 9:
    Honor of the Pure
    Vulshok Refugee
--> Angel of Despair
    Stunted Growth
    Skeletal Vampire
    Living Death
    Bane of the Living
 
Pack 1 pick 10:
    Force Spike
    Jackal Pup
    Smokestack
--> Godless Shrine
    Pithing Needle
    Molten Rain
 
Pack 1 pick 11:
    Inquisition of Kozilek
--> City of Traitors
    Obstinate Baloth
    Goblin Goon
    Æther Adept
 
Pack 1 pick 12:
    Armageddon
    Black Vise
--> Priest of Urabrask
    Ethersworn Canonist
 
Pack 1 pick 13:
    Time Spiral
--> Cursecatcher
    Burning of Xinye
 
Pack 1 pick 14:
    Loyal Retainers
--> Orcish Lumberjack
 
Pack 1 pick 15:
--> Putrid Leech
 
------ UZ ------
 
Pack 2 pick 1:
    Loyal Cathar
    Sower of Temptation
    Sinkhole
    Grim Lavamancer
    Harmonize
    Shrine of Burning Rage
    Volcanic Island
    Venser, the Sojourner
    Spellskite
    Grim Backwoods
    Rout
    Calciderm
    Troll Ascetic
--> Exhume
    Enclave Cryptologist
 
Pack 2 pick 2:
    Brine Elemental
    Bloodgift Demon
    Sulfuric Vortex
    Explore
    Myr Battlesphere
    Tectonic Edge
    Mortify
    Ideas Unbound
    Kjeldoran Outpost
    Day of Judgment
    Ninja of the Deep Hours
    Waterfront Bouncer
--> Buried Alive
    Avalanche Riders
 
Pack 2 pick 3:
    Wall of Reverence
    Old Man of the Sea
    Stupor
    Keldon Marauders
    Everflowing Chalice
    Marsh Flats
    Spiritmonger
    Woodland Cemetery
    Phantom Centaur
--> Nightscape Familiar
    Lead the Stampede
    Memory Lapse
    Deep Analysis
 
Pack 2 pick 4:
    Mentor of the Meek
    Counterspell
    Phyrexian Rager
    Natural Order
--> Steam Vents
    Trygon Predator
    Tumble Magnet
    Agony Warp
    Ambition's Cost
    Slith Firewalker
    Tithe
    Ravenous Baboons
 
Pack 2 pick 5:
    Braids, Cabal Minion
    Ball Lightning
    Hystrodon
    Phyrexian Revoker
--> Polluted Delta
    Moment's Peace
    Ghitu Encampment
    Opt
    Moldervine Cloak
    Akroma, Angel of Fury
    Repeal
 
Pack 2 pick 6:
    Serendib Efreet
    Memory Jar
--> Creeping Tar Pit
    Realm Razer
    Pillage
    Voidslime
    Ember Hauler
    Mana Tithe
    Fertile Ground
    Jokulhaups
 
Pack 2 pick 7:
    Future Sight
    Magma Jet
    Call of the Herd
    Lion's Eye Diamond
--> Sphinx of the Steel Wind
    Deathmark
    Keiga, the Tide Star
    Augury Adept
    Quirion Dryad
 
Pack 2 pick 8:
    Primal Command
--> Ulamog, the Infinite Gyre
    Ankh of Mishra
    Hinterland Harbor
    Hallowed Burial
    Summoning Trap
    Korlash, Heir to Blackblade
    Voidmage Prodigy
 
Pack 2 pick 9:
    Loyal Cathar
    Venser, the Sojourner
    Spellskite
    Grim Backwoods
    Rout
    Calciderm
--> Enclave Cryptologist
 
Pack 2 pick 10:
    Brine Elemental
    Tectonic Edge
--> Ideas Unbound
    Ninja of the Deep Hours
    Waterfront Bouncer
    Avalanche Riders
 
Pack 2 pick 11:
    Old Man of the Sea
    Everflowing Chalice
    Spiritmonger
    Lead the Stampede
--> Deep Analysis
 
Pack 2 pick 12:
    Mentor of the Meek
--> Agony Warp
    Ambition's Cost
    Tithe
 
Pack 2 pick 13:
--> Phyrexian Revoker
    Moment's Peace
    Ghitu Encampment
 
Pack 2 pick 14:
--> Memory Jar
    Jokulhaups
 
Pack 2 pick 15:
--> Future Sight
 
------ CSP ------
 
Pack 3 pick 1:
    Mirran Crusader
    Daze
    Nezumi Shortfang
    Gamble
    Rofellos, Llanowar Emissary
--> Coldsteel Heart
    Windswept Heath
    Tidehollow Sculler
    Razormane Masticore
    Dragonskull Summit
    Pyroclasm
    Torch Fiend
    Steppe Lynx
    Sakura-Tribe Elder
    Sarcomancy
 
Pack 3 pick 2:
    Elspeth Tirel
    Treachery
--> Liliana of the Veil
    Survival of the Fittest
    Sword of Feast and Famine
    Barbarian Ring
    Fire/Ice
    Eldrazi Monument
    Mutavault
    Terminate
    Parallax Wave
    Visara the Dreadful
    Rude Awakening
    Xiahou Dun, the One-Eyed
 
Pack 3 pick 3:
    Balance
    Vendilion Clique
    Phyrexian Obliterator
    Sword of Light and Shadow
    Bayou
    Grimgrin, Corpse-Born
    Reveillark
    Drowned Catacomb
    Ponder
    Daybreak Ranger
    Capsize
--> Entomb
    Celestial Purge
 
Pack 3 pick 4:
    Path to Exile
--> Thirst for Knowledge
    Chaos Warp
    Lightning Greaves
    Psychatog
    Phyrexian Processor
    Rootbound Crag
    Earthquake
    Jungle Lion
    Aftershock
    Dissipate
    Wildfire
 
Pack 3 pick 5:
    Miscalculation
    Tendrils of Agony
    Terastodon
    Crucible of Worlds
--> Watery Grave
    Doran, the Siege Tower
    Mortarpod
    Tattermunge Maniac
    Vines of Vastwood
    Sea Gate Oracle
    Wispmare
 
Pack 3 pick 6:
    Thalia, Guardian of Thraben
    Chrome Mox
    Raging Ravine
    Undermine
    Vampire Nighthawk
    Ancient Grudge
    Firemane Angel
    Soltari Monk
--> Reanimate
    Joraga Treespeaker
 
Pack 3 pick 7:
    Elite Vanguard
    Price of Progress
    Tooth and Nail
    Ruhan of the Fomori
    Red Elemental Blast
    Zombie Cutthroat
    Act of Aggression
--> Court Hussar
    Corpse Dance
 
Pack 3 pick 8:
    Catastrophe
    Firestorm
    Wasteland
    Absorb
    Naturalize
    Treetop Village
    Brooding Saurian
--> Opportunity
 
Pack 3 pick 9:
    Daze
--> Gamble
    Tidehollow Sculler
    Razormane Masticore
    Pyroclasm
    Steppe Lynx
    Sarcomancy
 
Pack 3 pick 10:
    Survival of the Fittest
    Barbarian Ring
    Fire/Ice
    Mutavault
    Parallax Wave
--> Xiahou Dun, the One-Eyed
 
Pack 3 pick 11:
    Balance
    Grimgrin, Corpse-Born
--> Drowned Catacomb
    Ponder
    Capsize
 
Pack 3 pick 12:
    Chaos Warp
--> Psychatog
    Jungle Lion
    Wildfire
 
Pack 3 pick 13:
    Crucible of Worlds
--> Doran, the Siege Tower
    Wispmare
 
Pack 3 pick 14:
--> Firemane Angel
    Soltari Monk
 
Pack 3 pick 15:
--> Zombie Cutthroat
 
