Event #: 3821938
Time:    5/3/2012 7:25:34 PM
Players: 
    bigmt24
    jsteverino
    NoHeavenNoHell
    lhea
    DocDavis
--> malthrin
    w1r3d0n3
    Jedic
 
------ DKA ------
 
Pack 1 pick 1:
    Burden of Guilt
    Death's Caress
    Nearheath Stalker
    Gruesome Discovery
    Thought Scour
    Somberwald Dryad
    Heavy Mattock
    Fling
    Sightless Ghoul
    Niblis of the Breath
    Skirsdag Flayer
    Stromkirk Captain
    Elbrus, the Binding Blade
--> Thraben Doomsayer
    Swamp
 
Pack 1 pick 2:
--> Requiem Angel (FOIL)
    Black Cat
    Break of Day
    Hunger of the Howlpack
    Stormbound Geist
    Undying Evil
    Scorch the Fields
    Somberwald Dryad
    Bone to Ash
    Markov Warlord
    Burning Oil
    Chill of Foreboding
    Scorned Villager
    Mountain
 
Pack 1 pick 3:
    Crushing Vines
    Warden of the Wall (FOIL)
    Torch Fiend
    Gravepurge
--> Nephalia Seakite
    Midnight Guard
    Chant of the Skifsang
    Talons of Falkenrath
    Heckling Fiends
    Tower Geist
    Stromkirk Captain
    Chalice of Life
    Plains
 
Pack 1 pick 4:
    Gruesome Discovery
    Screeching Skaab
    Nearheath Stalker
    Crushing Vines
    Erdwal Ripper
    Saving Grasp
--> Evolving Wilds
    Talons of Falkenrath
    Reap the Seagraf
    Grim Flowering
    Markov Warlord
    Plains
 
Pack 1 pick 5:
    Executioner's Hood
    Bar the Door
    Thought Scour
    Hunger of the Howlpack
    Russet Wolves
    Chant of the Skifsang
    Dawntreader Elk
    Curse of Exhaustion
    Chalice of Life
--> Sudden Disappearance
    Mountain
 
Pack 1 pick 6:
    Spiteful Shadows
    Erdwal Ripper
    Black Cat
    Break of Day
    Wrack with Madness
--> Saving Grasp
    Undying Evil
    Scorch the Fields
    Wolfhunter's Quiver
    Forest
 
Pack 1 pick 7:
    Grim Backwoods (FOIL)
    Clinging Mists
    Executioner's Hood
    Forge Devil
    Scorch the Fields
--> Divination
    Tracker's Instincts
    Grim Backwoods
    Plains
 
Pack 1 pick 8:
    Artful Dodge
    Hollowhenge Beast
    Ray of Revelation
    Clinging Mists
--> Bone to Ash
    Shattered Perception
    Hinterland Hermit
    Island
 
Pack 1 pick 9:
    Nearheath Stalker
    Gruesome Discovery
    Somberwald Dryad
    Heavy Mattock
--> Niblis of the Breath
    Elbrus, the Binding Blade
    Swamp
 
Pack 1 pick 10:
    Break of Day
    Hunger of the Howlpack
    Scorch the Fields
    Bone to Ash
--> Chill of Foreboding
    Mountain
 
Pack 1 pick 11:
--> Warden of the Wall (FOIL)
    Talons of Falkenrath
    Heckling Fiends
    Chalice of Life
    Plains
 
Pack 1 pick 12:
--> Saving Grasp
    Talons of Falkenrath
    Grim Flowering
    Plains
 
Pack 1 pick 13:
--> Bar the Door
    Curse of Exhaustion
    Mountain
 
Pack 1 pick 14:
--> Spiteful Shadows
    Forest
 
Pack 1 pick 15:
--> Plains
 
------ ISD ------
 
Pack 2 pick 1:
    Ghostly Possession
    Blazing Torch
    Deranged Assistant
    Brimstone Volley
    Naturalize (FOIL)
    Ancient Grudge
    Ambush Viper
    Ghoulcaller's Bell
    Bump in the Night
    Ghost Quarter
--> Spectral Rider
    Gallows Warden
    Curse of Stalked Prey
    Village Ironsmith
    Swamp
 
Pack 2 pick 2:
    Cobbled Wings
    Woodland Sleuth
    Curse of Oblivion
    Crossway Vampire
    Wooden Stake
--> Divine Reckoning (FOIL)
    Ghoulraiser
    Chapel Geist
    Silent Departure
    Unburial Rites
    Gallows Warden
    Make a Wish
    Laboratory Maniac
    Swamp
 
Pack 2 pick 3:
    Gruesome Deformity
    Frightful Delusion
    Ashmouth Hound
--> Sensory Deprivation
    Shimmering Grotto
    Stromkirk Patrol
    Night Revelers
    Rolling Temblor
    Dissipate
    Hollowhenge Scavenger
    Back from the Brink
    Thraben Sentry
    Forest
 
Pack 2 pick 4:
    Grave Bramble
--> Avacynian Priest
    Silverchase Fox
    Curse of the Bloody Tome
    Naturalize
    Typhoid Rats
    Harvest Pyre
    Mulch
    Hamlet Captain
    Curse of the Nightly Hunt
    Cellar Door
    Island
 
Pack 2 pick 5:
--> Moment of Heroism
    Fortress Crab
    Traveler's Amulet
    Village Bell-Ringer
    Spectral Flight
    Brain Weevil
    Night Revelers
    Ranger's Guile
    Into the Maw of Hell
    Wreath of Geists
    Mountain
 
Pack 2 pick 6:
    Fortress Crab
    Orchard Spirit
    Ancient Grudge
    Pitchburn Devils
    Abbey Griffin
    Brain Weevil
    Mask of Avacyn
--> Silver-Inlaid Dagger
    Laboratory Maniac
    Mountain
 
Pack 2 pick 7:
    Ashmouth Hound
--> Selfless Cathar
    Somberwald Spider
    Darkthicket Wolf
    Spare from Evil
    Boneyard Wurm
    Memory's Journey
    Bramblecrush
    Island
 
Pack 2 pick 8:
    Kindercatch
    Altar's Reap
    Gruesome Deformity
    Curse of the Pierced Heart
    Urgent Exorcism
    Curse of the Nightly Hunt
--> Cloistered Youth
    Swamp
 
Pack 2 pick 9:
    Ghostly Possession
    Naturalize (FOIL)
    Ghoulcaller's Bell
    Bump in the Night
    Ghost Quarter
--> Gallows Warden
    Swamp
 
Pack 2 pick 10:
    Woodland Sleuth
    Curse of Oblivion
--> Wooden Stake
    Gallows Warden
    Make a Wish
    Swamp
 
Pack 2 pick 11:
    Gruesome Deformity
    Night Revelers
--> Rolling Temblor
    Hollowhenge Scavenger
    Forest
 
Pack 2 pick 12:
--> Silverchase Fox
    Curse of the Bloody Tome
    Mulch
    Island
 
Pack 2 pick 13:
    Brain Weevil
--> Ranger's Guile
    Mountain
 
Pack 2 pick 14:
--> Brain Weevil
    Mountain
 
Pack 2 pick 15:
--> Island
 
------ ISD ------
 
Pack 3 pick 1:
    Dead Weight
    Unruly Mob
    Ashmouth Hound
    Woodland Sleuth
    Forbidden Alchemy
    One-Eyed Scarecrow
    Markov Patrician
    Mountain (FOIL)
    Blazing Torch
    Trepanation Blade
    Burning Vengeance
--> Invisible Stalker
    Devil's Play
    Gatstaf Shepherd
    Forest
 
Pack 3 pick 2:
    Doomed Traveler
    Selfless Cathar
    Somberwald Spider
    Riot Devils
    Shimmering Grotto
    Moonmist
    Ghoulcaller's Chant (FOIL)
    Smite the Monstrous
    Trepanation Blade
    Paraselene
--> Lantern Spirit
    Nephalia Drownyard
    Ulvenwald Mystics
    Plains
 
Pack 3 pick 3:
    Woodland Sleuth
    Curse of Oblivion
    Crossway Vampire
    Wooden Stake
    Ghoulcaller's Chant
    Infernal Plunge
    Ranger's Guile
--> Silent Departure
    Spider Spawning
    Intangible Virtue
    Gutter Grime
    Ulvenwald Mystics
    Forest
 
Pack 3 pick 4:
--> Claustrophobia
    Kindercatch
    Crossway Vampire
    Lost in the Mist
    Typhoid Rats
    Traitorous Blood
    Markov Patrician
    Spider Spawning
    Village Cannibals
    Rally the Peasants
    Gutter Grime
    Island
 
Pack 3 pick 5:
    Feral Ridgewolf
    Curse of Oblivion
    Somberwald Spider
    Hysterical Blindness
--> Deranged Assistant
    Gnaw to the Bone
    Lumberknot
    Scourge of Geier Reach
    Nevermore
    Villagers of Estwald
    Plains
 
Pack 3 pick 6:
    Bloodcrazed Neonate
    Silverchase Fox
    Curse of the Bloody Tome
    Cobbled Wings
    One-Eyed Scarecrow
    Armored Skaab
--> Bonds of Faith
    Runic Repetition
    Parallel Lives
    Mountain
 
Pack 3 pick 7:
    Feral Ridgewolf
    Altar's Reap
    Gruesome Deformity
    Grave Bramble
    Urgent Exorcism
    One-Eyed Scarecrow
    Runic Repetition
--> Laboratory Maniac
    Island
 
Pack 3 pick 8:
    Kindercatch
    Crossway Vampire
    Lost in the Mist
    Vampiric Fury
    Gnaw to the Bone
    Runic Repetition
--> Dearly Departed
    Plains
 
Pack 3 pick 9:
--> Unruly Mob
    Ashmouth Hound
    Woodland Sleuth
    Mountain (FOIL)
    Trepanation Blade
    Burning Vengeance
    Forest
 
Pack 3 pick 10:
    Selfless Cathar
    Riot Devils
--> Smite the Monstrous
    Paraselene
    Ulvenwald Mystics
    Plains
 
Pack 3 pick 11:
    Woodland Sleuth
    Curse of Oblivion
--> Wooden Stake
    Infernal Plunge
    Forest
 
Pack 3 pick 12:
    Kindercatch
    Lost in the Mist
--> Rally the Peasants
    Island
 
Pack 3 pick 13:
    Curse of Oblivion
--> Hysterical Blindness
    Plains
 
Pack 3 pick 14:
--> Runic Repetition
    Mountain
 
Pack 3 pick 15:
--> Island
 
