Event #: 3833436
Time:    5/6/2012 12:41:14 PM
Players: 
    Honzick
    maz686
    Kaltaen
    zachhooper88
    switch55
    MTG_FTW
--> malthrin
    IKW
 
------ DKA ------
 
Pack 1 pick 1:
    Gravepurge
--> Nephalia Seakite
    Wild Hunger
    Ray of Revelation
    Haunted Fengraf
    Undying Evil
    Scorch the Fields
    Somberwald Dryad
    Bone to Ash
    Harrowing Journey
    Gavony Ironwright
    Secrets of the Dead
    Hinterland Hermit
    Curse of Misfortunes
    Swamp
 
Pack 1 pick 2:
    Bar the Door
    Thought Scour
    Hunger of the Howlpack
    Russet Wolves
    Black Cat
    Kessig Recluse
    Fling
    Midnight Guard
    Chant of the Skifsang
    Vengeful Vampire
--> Niblis of the Urn
    Chosen of Markov (FOIL)
    Lost in the Woods
    Mountain
 
Pack 1 pick 3:
--> Stormbound Geist
    Silverclaw Griffin
    Spiteful Shadows
    Executioner's Hood
    Bar the Door
    Divination
    Sanctuary Cat
    Kessig Recluse
    Fling
    Warden of the Wall
    Stromkirk Captain
    Chalice of Life
    Mountain
 
Pack 1 pick 4:
    Gravepurge
    Break of Day
    Gruesome Discovery
    Screeching Skaab
    Nearheath Stalker
--> Elgaud Inquisitor
    Kessig Recluse
    Young Wolf
    Gravetiller Wurm
    Secrets of the Dead
    Afflicted Deserter
    Plains
 
Pack 1 pick 5:
    Break of Day
    Hunger of the Howlpack
--> Stormbound Geist
    Screeching Skaab
    Favor of the Woods
    Bone to Ash
    Wrack with Madness
    Erdwal Ripper (FOIL)
    Secrets of the Dead
    Blood Feud
    Forest
 
Pack 1 pick 6:
--> Call to the Kindred (FOIL)
    Gravepurge
    Ray of Revelation
    Wrack with Madness
    Saving Grasp
    Undying Evil
    Scorch the Fields
    Curse of Exhaustion
    Chosen of Markov
    Island
 
Pack 1 pick 7:
--> Silverclaw Griffin
    Spiteful Shadows
    Executioner's Hood
    Scorch the Fields
    Divination
    Sanctuary Cat
    Harrowing Journey
    Chosen of Markov
    Swamp
 
Pack 1 pick 8:
    Hunger of the Howlpack
    Undying Evil (FOIL)
    Bar the Door
    Wrack with Madness
--> Divination
    Somberwald Dryad
    Heavy Mattock
    Plains
 
Pack 1 pick 9:
--> Ray of Revelation
    Haunted Fengraf
    Scorch the Fields
    Somberwald Dryad
    Secrets of the Dead
    Curse of Misfortunes
    Swamp
 
Pack 1 pick 10:
    Bar the Door
    Hunger of the Howlpack
    Russet Wolves
--> Chant of the Skifsang
    Lost in the Woods
    Mountain
 
Pack 1 pick 11:
    Spiteful Shadows
    Executioner's Hood
    Bar the Door
--> Sanctuary Cat
    Mountain
 
Pack 1 pick 12:
--> Break of Day
    Nearheath Stalker
    Secrets of the Dead
    Plains
 
Pack 1 pick 13:
    Favor of the Woods
--> Secrets of the Dead
    Forest
 
Pack 1 pick 14:
--> Curse of Exhaustion
    Island
 
Pack 1 pick 15:
--> Swamp
 
------ ISD ------
 
Pack 2 pick 1:
    Makeshift Mauler
    Spare from Evil
    Geistflame
    Moon Heron
    Avacyn's Pilgrim
    Night Revelers
    Ranger's Guile
--> Silent Departure
    Ghoulraiser
    Unburial Rites
    Rally the Peasants
    Battleground Geist
    Angel of Flight Alabaster
    Village Ironsmith
    Forest
 
Pack 2 pick 2:
    Unruly Mob
    Skeletal Grimace
    Festerhide Boar
    Gruesome Deformity
    Claustrophobia
    Smite the Monstrous (FOIL)
    Moonmist
    One-Eyed Scarecrow
    Demonmail Hauberk
    Mausoleum Guard
    Invisible Stalker
--> Geist-Honored Monk
    Cloistered Youth
    Island
 
Pack 2 pick 3:
    Elder Cathar
    Grave Bramble
    Bloodcrazed Neonate
    Frightful Delusion
    Cobbled Wings
    Manor Skeleton
    Stitched Drake
    Harvest Pyre
--> Grasp of Phantoms
    Silver-Inlaid Dagger
    Nevermore
    Tormented Pariah
    Island
 
Pack 2 pick 4:
    Traveler's Amulet
    Darkthicket Wolf
    Ambush Viper
    Think Twice
    Ranger's Guile
    Abbey Griffin
    Sensory Deprivation
    Infernal Plunge
    Mausoleum Guard
--> Midnight Haunting
    Silver-Inlaid Dagger
    Island
 
Pack 2 pick 5:
--> Voiceless Spirit
    Ghoulcaller's Chant
    Unruly Mob
    Caravan Vigil
    Sensory Deprivation
    Travel Preparations
    Ghoulraiser
    Rolling Temblor
    Dissipate
    Rooftop Storm
    Forest
 
Pack 2 pick 6:
    Harvest Pyre
    Mulch
    Smite the Monstrous
    Maw of the Mire
    Thraben Purebloods
    Abbey Griffin (FOIL)
    Feeling of Dread
--> Fiend Hunter
    Ghost Quarter
    Swamp
 
Pack 2 pick 7:
--> Claustrophobia
    Kindercatch
    Caravan Vigil
    Infernal Plunge
    Ranger's Guile
    Runic Repetition
    Hamlet Captain
    Moldgraf Monstrosity
    Mountain
 
Pack 2 pick 8:
    Woodland Sleuth
    Curse of Oblivion
--> Stitcher's Apprentice
    Mulch
    Curse of the Pierced Heart
    Curse of the Nightly Hunt
    Rally the Peasants
    Plains
 
Pack 2 pick 9:
    Makeshift Mauler
    Spare from Evil
    Avacyn's Pilgrim
    Ranger's Guile
    Unburial Rites
--> Rally the Peasants
    Forest
 
Pack 2 pick 10:
    Skeletal Grimace
    Gruesome Deformity
    Smite the Monstrous (FOIL)
    Moonmist
--> Cloistered Youth
    Island
 
Pack 2 pick 11:
    Grave Bramble
    Frightful Delusion
    Cobbled Wings
--> Nevermore
    Island
 
Pack 2 pick 12:
--> Think Twice
    Ranger's Guile
    Infernal Plunge
    Island
 
Pack 2 pick 13:
    Caravan Vigil
--> Sensory Deprivation
    Forest
 
Pack 2 pick 14:
--> Mulch
    Swamp
 
Pack 2 pick 15:
--> Mountain
 
------ ISD ------
 
Pack 3 pick 1:
    Forbidden Alchemy
    Feral Ridgewolf
    Selfless Cathar
    Curse of Oblivion
    Victim of Night
    Selfless Cathar (FOIL)
    Vampiric Fury
--> Deranged Assistant
    Gnaw to the Bone
    Trepanation Blade
    Burning Vengeance
    Wreath of Geists
    Nevermore
    Gatstaf Shepherd
    Island
 
Pack 3 pick 2:
    Doomed Traveler
    Selfless Cathar
    Dead Weight
    Gnaw to the Bone
    Vampire Interloper
    Curse of the Pierced Heart
    Urgent Exorcism
    Manor Skeleton
    Rolling Temblor
    Dissipate
    Scourge of Geier Reach
--> Snapcaster Mage
    Reckless Waif
    Swamp
 
Pack 3 pick 3:
    Wooden Stake
    Festerhide Boar
    Hysterical Blindness
--> Voiceless Spirit
    Abbey Griffin
    Brain Weevil
    Sensory Deprivation
    Shimmering Grotto
    Desperate Ravings
    Cellar Door
    Make a Wish
    Creeping Renaissance
    Swamp
 
Pack 3 pick 4:
    Ancient Grudge
    Thraben Purebloods
    Orchard Spirit
    Furor of the Bitten
    Dream Twist
    Spectral Flight
    Chapel Geist
    Pitchburn Devils
    Caravan Vigil
--> Fiend Hunter
    Intangible Virtue
    Plains
 
Pack 3 pick 5:
    Gruesome Deformity
    Grave Bramble
    Bloodcrazed Neonate
--> Silverchase Fox
    Shimmering Grotto
    Moonmist
    Smite the Monstrous
    Curse of the Nightly Hunt
    Purify the Grave
    Thraben Sentry
    Swamp
 
Pack 3 pick 6:
    Curse of the Bloody Tome
    Cobbled Wings
    Woodland Sleuth
    Curse of Oblivion
    Crossway Vampire
--> Village Bell-Ringer
    Spectral Flight
    Brain Weevil
    Rolling Temblor
    Mountain
 
Pack 3 pick 7:
    Curse of the Bloody Tome
    Kindercatch
    Feral Ridgewolf
    Night Terrors
    Furor of the Bitten
    Memory's Journey
--> Paraselene
    Creepy Doll
    Island
 
Pack 3 pick 8:
    Traveler's Amulet
--> Spare from Evil
    Infernal Plunge
    Pitchburn Devils
    Inquisitor's Flail
    Hollowhenge Scavenger
    Grizzled Outcasts
    Plains
 
Pack 3 pick 9:
    Feral Ridgewolf
    Selfless Cathar
    Curse of Oblivion
    Burning Vengeance
    Wreath of Geists
--> Nevermore
    Island
 
Pack 3 pick 10:
    Selfless Cathar
    Curse of the Pierced Heart
--> Urgent Exorcism
    Manor Skeleton
    Rolling Temblor
    Swamp
 
Pack 3 pick 11:
--> Wooden Stake
    Hysterical Blindness
    Make a Wish
    Creeping Renaissance
    Swamp
 
Pack 3 pick 12:
    Thraben Purebloods
    Caravan Vigil
--> Intangible Virtue
    Plains
 
Pack 3 pick 13:
--> Gruesome Deformity
    Curse of the Nightly Hunt
    Swamp
 
Pack 3 pick 14:
--> Curse of Oblivion
    Mountain
 
Pack 3 pick 15:
--> Island
 
