Event #: 3896557
Time:    5/24/2012 7:06:52 PM
Players: 
    diesel0607
    EvilManager
    FlufflePuff
    Sliverking16
    ma3
    nathankellar
--> malthrin
    holyhells
 
------ AVR ------
 
Pack 1 pick 1:
    Mist Raven
    Soulcage Fiend
    Banners Raised
    Rotcrown Ghoul
    Demolish
    Leap of Faith
    Diregraf Escort
    Vanguard's Shield
    Misthollow Griffin (FOIL)
    Alchemist's Apprentice
    Vanishment
    Goldnight Commander
    Defy Death
--> Gisela, Blade of Goldnight
    Island
 
Pack 1 pick 2:
    Crypt Creeper
    Elgaud Shieldmate
    Dangerous Wager
    Outwit
    Vanguard's Shield
    Scroll of Griselbrand
    Undead Executioner
    Midvast Protector
--> Scalding Devil
    Aggravate
    Haunted Guardian
    Nephalia Smuggler
    Lone Revenant
    Island
 
Pack 1 pick 3:
--> Hanweir Lancer
    Cloudshift
    Narstad Scrapper
    Grounded
    Borderland Ranger
    Essence Harvest
    Alchemist's Apprentice
    Moonlight Geist
    Death Wind
    Marrow Bats
    Howlgeist
    Appetite for Brains
    Swamp
 
Pack 1 pick 4:
    Voice of the Provinces
--> Seraph of Dawn
    Abundant Growth
    Narstad Scrapper
    Peel from Reality
    Mad Prophet
    Mental Agony
    Ghostform
    Zealous Strike
    Ghostly Touch
    Homicidal Seclusion
    Forest
 
Pack 1 pick 5:
    Scroll of Avacyn
    Terrifying Presence
--> Riot Ringleader
    Ghostly Flicker
    Unhallowed Pact
    Spectral Prison
    Call to Serve
    Peel from Reality
    Marrow Bats
    Kessig Malcontents
    Plains
 
Pack 1 pick 6:
    Wildwood Geist
    Battle Hymn
    Natural End
    Swamp (FOIL)
--> Moorland Inquisitor
    Searchlight Geist
    Unhallowed Pact
    Spectral Prison
    Call to Serve
    Mountain
 
Pack 1 pick 7:
    Bloodflow Connoisseur
    Natural End
    Bladed Bracers
--> Farbog Explorer
    Leap of Faith
    Somberwald Vigilante
    Into the Void
    Haunted Guardian
    Swamp
 
Pack 1 pick 8:
    Voice of the Provinces
    Scroll of Avacyn
    Zealous Strike
--> Mad Prophet
    Sheltering Word
    Mass Appeal
    Kessig Malcontents
    Forest
 
Pack 1 pick 9:
    Rotcrown Ghoul
--> Demolish
    Leap of Faith
    Diregraf Escort
    Vanguard's Shield
    Alchemist's Apprentice
    Island
 
Pack 1 pick 10:
    Crypt Creeper
    Dangerous Wager
    Outwit
    Scroll of Griselbrand
--> Aggravate
    Island
 
Pack 1 pick 11:
    Narstad Scrapper
    Essence Harvest
--> Moonlight Geist
    Appetite for Brains
    Swamp
 
Pack 1 pick 12:
--> Narstad Scrapper
    Mental Agony
    Ghostform
    Forest
 
Pack 1 pick 13:
--> Scroll of Avacyn
    Unhallowed Pact
    Plains
 
Pack 1 pick 14:
--> Battle Hymn
    Mountain
 
Pack 1 pick 15:
--> Swamp
 
------ AVR ------
 
Pack 2 pick 1:
    Malicious Intent
    Elgaud Shieldmate
    Hunted Ghoul
    Trusted Forcemage
    Midnight Duelist
--> Guise of Fire
    Unhallowed Pact
    Heirs of Stromkirk
    Crippling Chill
    Snare the Skies
    Angelic Armaments
    Favorable Winds
    Tandem Lookout
    Treacherous Pit-Dweller
    Mountain
 
Pack 2 pick 2:
    Flowering Lumberknot
    Malicious Intent
    Elgaud Shieldmate
    Hunted Ghoul
    Thatcher Revolt
    Midvast Protector
    Polluted Dead
    Wingcrafter
    Renegade Demon
    Borderland Ranger
    Vessel of Endless Rest
--> Goldnight Redeemer
    Triumph of Ferocity
    Swamp
 
Pack 2 pick 3:
    Riot Ringleader
    Grave Exchange
    Ghostly Flicker
    Righteous Blow
    Spectral Prison
    Call to Serve
    Mental Agony
    Raging Poltergeist
    Peel from Reality
--> Goldnight Commander
    Vessel of Endless Rest
    Triumph of Cruelty
    Island
 
Pack 2 pick 4:
    Geist Trappers
    Butcher Ghoul
    Midnight Duelist
    Battle Hymn
    Havengul Skaab
    Angelic Wall
--> Righteous Blow
    Scroll of Avacyn
    Terrifying Presence
    Evernight Shade
    Second Guess
    Forest
 
Pack 2 pick 5:
    Dangerous Wager
    Outwit
    Hunted Ghoul
    Maalfeld Twins (FOIL)
    Wildwood Geist
    Cursebreak
    Ghostform
    Devout Chaplain
--> Stonewright
    Reforge the Soul
    Swamp
 
Pack 2 pick 6:
    Spectral Gateguards
    Terrifying Presence
    Cloudshift
    Moonlight Geist
    Polluted Dead
    Bladed Bracers
    Wingcrafter
--> Lightning Prowess
    Tormentor's Trident
    Swamp
 
Pack 2 pick 7:
--> Thraben Valiant
    Guise of Fire
    Trusted Forcemage
    Pathbreaker Wurm
    Crippling Chill
    Cursebreak
    Mad Prophet
    Gloomwidow
    Mountain
 
Pack 2 pick 8:
    Grave Exchange
    Dreadwaters
    Necrobite
--> Zealous Strike
    Sheltering Word
    Yew Spirit
    Rain of Thorns
    Mountain
 
Pack 2 pick 9:
    Malicious Intent
    Hunted Ghoul
    Unhallowed Pact
--> Crippling Chill
    Snare the Skies
    Favorable Winds
    Mountain
 
Pack 2 pick 10:
    Flowering Lumberknot
    Malicious Intent
--> Midvast Protector
    Polluted Dead
    Wingcrafter
    Swamp
 
Pack 2 pick 11:
    Ghostly Flicker
--> Call to Serve
    Mental Agony
    Raging Poltergeist
    Island
 
Pack 2 pick 12:
    Battle Hymn
--> Scroll of Avacyn
    Terrifying Presence
    Forest
 
Pack 2 pick 13:
--> Dangerous Wager
    Hunted Ghoul
    Swamp
 
Pack 2 pick 14:
--> Polluted Dead
    Swamp
 
Pack 2 pick 15:
--> Mountain
 
------ AVR ------
 
Pack 3 pick 1:
    Bloodflow Connoisseur
    Fleeting Distraction
    Uncanny Speed
--> Cathedral Sanctifier
    Geist Trappers
    Lair Delve
    Zealous Strike
    Mad Prophet
    Sheltering Word
    Crippling Chill
    Vigilante Justice
    Vanishment
    Defy Death
    Stolen Goods
    Plains
 
Pack 3 pick 2:
    Nettle Swine
    Gryff Vanguard
    Banners Raised
--> Moorland Inquisitor
    Outwit
    Thraben Valiant
    Unhallowed Pact
    Spectral Prison
    Joint Assault
    Call to Serve
    Into the Void
    Defy Death
    Reforge the Soul
    Island
 
Pack 3 pick 3:
    Scroll of Avacyn
--> Hanweir Lancer
    Righteous Blow
    Narstad Scrapper
    Moonlight Geist
    Death Wind
    Burn at the Stake (FOIL)
    Diregraf Escort
    Second Guess
    Corpse Traders
    Builder's Blessing
    Slayers' Stronghold
    Forest
 
Pack 3 pick 4:
    Ghostly Flicker
--> Spectral Gateguards
    Terrifying Presence
    Zealous Strike
    Unhallowed Pact
    Heirs of Stromkirk
    Crippling Chill
    Snare the Skies
    Cursebreak
    Blood Artist
    Barter in Blood
    Plains
 
Pack 3 pick 5:
    Moorland Inquisitor
    Outwit
    Thraben Valiant
    Bloodflow Connoisseur
    Wildwood Geist
    Battle Hymn
    Bone Splinters
--> Fervent Cathar
    Amass the Components
    Voice of the Provinces
    Fettergeist
 
Pack 3 pick 6:
    Angelic Wall
    Natural End
    Butcher Ghoul
--> Cathedral Sanctifier
    Unhallowed Pact
    Heirs of Stromkirk
    Crippling Chill
    Commander's Authority
    Druids' Repository
    Island
 
Pack 3 pick 7:
    Dangerous Wager
    Havengul Skaab
    Uncanny Speed
    Lair Delve
    Nettle Swine
--> Cursebreak
    Aggravate
    Haunted Guardian
    Plains
 
Pack 3 pick 8:
    Predator's Gambit
    Cloudshift
    Snare the Skies
    Mental Agony
    Devout Chaplain
    Lightning Prowess
--> Tormentor's Trident
    Wild Defiance
 
Pack 3 pick 9:
    Fleeting Distraction
    Uncanny Speed
    Lair Delve
    Zealous Strike
    Sheltering Word
    Crippling Chill
--> Vigilante Justice
 
Pack 3 pick 10:
--> Nettle Swine
    Banners Raised
    Outwit
    Joint Assault
    Call to Serve
    Island
 
Pack 3 pick 11:
--> Righteous Blow
    Diregraf Escort
    Second Guess
    Builder's Blessing
    Forest
 
Pack 3 pick 12:
    Ghostly Flicker
    Unhallowed Pact
--> Snare the Skies
    Plains
 
Pack 3 pick 13:
--> Thraben Valiant
    Battle Hymn
    Voice of the Provinces
 
Pack 3 pick 14:
--> Commander's Authority
    Island
 
Pack 3 pick 15:
--> Uncanny Speed
 
