Event #: 3920988
Time:    5/30/2012 8:48:51 PM
Players: 
    asr83
    mikelung
    King_Yoshi
    majorje86
    CHROMATONE
--> bqlohr
    corysober
    jburdeezy
 
------ AVR ------
 
Pack 1 pick 1:
    Malicious Intent
    Pathbreaker Wurm
    Mist Raven (FOIL)
    Angelic Wall
    Natural End
    Mist Raven
    Unhallowed Pact
    Raging Poltergeist
    Peel from Reality
    Cursebreak
    Vigilante Justice
    Vanishment
    Angel's Tomb
--> Dread Slaver
    Swamp
 
Pack 1 pick 2:
    Butcher Ghoul
    Midnight Duelist
    Battle Hymn
    Havengul Skaab
    Death Wind
    Angel's Mercy
    Thatcher Revolt
    Diregraf Escort
    Seraph Sanctuary
    Undead Executioner
    Aggravate
    Builder's Blessing
--> Homicidal Seclusion
    Plains
 
Pack 1 pick 3:
    Righteous Blow
    Grounded
    Dreadwaters
    Bone Splinters
    Pillar of Flame
    Joint Assault
    Ghostform
    Necrobite
    Zealous Strike
    Goldnight Commander
    Bower Passage
--> Demonic Rising
    Mountain
 
Pack 1 pick 4:
    Angelic Wall
    Crypt Creeper
    Flowering Lumberknot
    Gryff Vanguard
    Banners Raised
    Snare the Skies
    Mental Agony
    Raging Poltergeist
    Zealous Strike
    Lightning Prowess
--> Barter in Blood
    Swamp
 
Pack 1 pick 5:
    Dangerous Wager
    Havengul Skaab
    Demolish
    Vanguard's Shield
    Scrapskin Drake
    Scroll of Griselbrand
--> Undead Executioner
    Vigilante Justice
    Appetite for Brains
    Otherworld Atlas
    Plains
 
Pack 1 pick 6:
--> Righteous Blow
    Scroll of Avacyn
    Terrifying Presence
    Riot Ringleader
    Polluted Dead
    Renegade Demon
    Galvanic Alchemist
    Somberwald Vigilante
    Gloomwidow
    Plains
 
Pack 1 pick 7:
    Ghoulflesh
    Wingcrafter
    Demolish
    Leap of Faith
    Diregraf Escort
    Vanguard's Shield
--> Homicidal Seclusion
    Archangel
    Plains
 
Pack 1 pick 8:
    Battle Hymn
    Havengul Skaab
    Angelic Wall
    Flowering Lumberknot
    Joint Assault
    Ghostform
--> Necrobite
    Island
 
Pack 1 pick 9:
    Malicious Intent
    Natural End
    Unhallowed Pact
    Raging Poltergeist
--> Peel from Reality
    Cursebreak
    Swamp
 
Pack 1 pick 10:
    Battle Hymn
--> Havengul Skaab
    Angel's Mercy
    Seraph Sanctuary
    Aggravate
    Plains
 
Pack 1 pick 11:
    Grounded
    Dreadwaters
--> Ghostform
    Bower Passage
    Mountain
 
Pack 1 pick 12:
    Flowering Lumberknot
--> Mental Agony
    Raging Poltergeist
    Swamp
 
Pack 1 pick 13:
    Dangerous Wager
--> Demolish
    Plains
 
Pack 1 pick 14:
--> Renegade Demon
    Plains
 
Pack 1 pick 15:
--> Plains
 
------ AVR ------
 
Pack 2 pick 1:
    Bone Splinters
    Amass the Components
    Spectral Gateguards
    Riot Ringleader
    Mental Agony
    Unhallowed Pact
    Raging Poltergeist
    Peel from Reality
    Cursebreak
    Pillar of Flame
    Holy Justiciar
    Evernight Shade
    Latch Seeker
--> Spirit Away
    Swamp
 
Pack 2 pick 2:
    Nettle Swine
    Gryff Vanguard
    Banners Raised
    Moorland Inquisitor
    Outwit
    Thraben Valiant
    Seraph of Dawn
    Grave Exchange
    Dreadwaters
    Amass the Components
--> Angelic Armaments
    Thunderous Wrath
    Archangel
    Mountain
 
Pack 2 pick 3:
    Terrifying Presence
--> Bone Splinters
    Fervent Cathar
    Amass the Components
    Sheltering Word
    Call to Serve
    Heirs of Stromkirk
    Peel from Reality
    Spectral Prison
    Defang
    Vorstclaw
    Falkenrath Exterminator
    Mountain
 
Pack 2 pick 4:
    Narstad Scrapper
    Grave Exchange
    Spectral Gateguards
    Geist Snatch
    Scalding Devil
    Wandering Wolf
    Essence Harvest
--> Alchemist's Apprentice
    Holy Justiciar
    Maalfeld Twins
    Kessig Malcontents
    Island
 
Pack 2 pick 5:
    Nettle Swine
--> Crypt Creeper
    Elgaud Shieldmate
    Dangerous Wager
    Outwit
    Hunted Ghoul
    Grave Exchange
    Ghostly Flicker
    Grounded
    Commander's Authority
    Mountain
 
Pack 2 pick 6:
    Cloudshift
--> Ghoulflesh
    Heirs of Stromkirk
    Sheltering Word
    Defang
    Unhallowed Pact
    Vessel of Endless Rest
    Appetite for Brains
    Wild Defiance
    Swamp
 
Pack 2 pick 7:
    Dreadwaters
--> Bone Splinters
    Farbog Explorer
    Leap of Faith
    Somberwald Vigilante
    Essence Harvest
    Rush of Blood
    Haunted Guardian
    Plains
 
Pack 2 pick 8:
    Malicious Intent
    Hunted Ghoul
    Scalding Devil
--> Alchemist's Apprentice
    Renegade Demon
    Tyrant of Discord (FOIL)
    Seraph Sanctuary
    Island
 
Pack 2 pick 9:
    Mental Agony
    Unhallowed Pact
    Raging Poltergeist
    Cursebreak
    Holy Justiciar
--> Evernight Shade
    Swamp
 
Pack 2 pick 10:
    Banners Raised
    Outwit
--> Grave Exchange
    Dreadwaters
    Archangel
    Mountain
 
Pack 2 pick 11:
    Terrifying Presence
--> Amass the Components
    Sheltering Word
    Call to Serve
    Mountain
 
Pack 2 pick 12:
    Narstad Scrapper
    Grave Exchange
--> Scalding Devil
    Island
 
Pack 2 pick 13:
    Outwit
--> Hunted Ghoul
    Mountain
 
Pack 2 pick 14:
--> Sheltering Word
    Swamp
 
Pack 2 pick 15:
--> Plains
 
------ AVR ------
 
Pack 3 pick 1:
    Trusted Forcemage
    Midnight Duelist
    Guise of Fire
    Bloodflow Connoisseur
    Fleeting Distraction
    Uncanny Speed
--> Crippling Chill
    Snare the Skies
    Cursebreak
    Raging Poltergeist
    Devout Chaplain
    Stonewright
    Lightning Mauler
    Lunar Mystic
    Island
 
Pack 3 pick 2:
    Ghoulflesh
    Ghostly Flicker
    Spectral Gateguards
    Demolish
    Leap of Faith
    Diregraf Escort
    Vanguard's Shield
    Scalding Devil
    Alchemist's Apprentice
    Blood Artist
--> Tandem Lookout
    Triumph of Cruelty
    Exquisite Blood
    Plains
 
Pack 3 pick 3:
    Soulcage Fiend
    Uncanny Speed
    Lair Delve
    Nettle Swine
    Crypt Creeper
    Elgaud Shieldmate
    Cursebreak
    Mad Prophet
    Scroll of Griselbrand
    Necrobite
    Stonewright
--> Nephalia Smuggler
    Swamp
 
Pack 3 pick 4:
    Fleeting Distraction
    Moorland Inquisitor
    Searchlight Geist
    Malicious Intent
    Pathbreaker Wurm
    Rotcrown Ghoul
    Joint Assault
    Call to Serve
    Peel from Reality
    Gang of Devils
--> Barter in Blood
    Island
 
Pack 3 pick 5:
    Banishing Stroke (FOIL)
    Natural End
    Butcher Ghoul
    Cathedral Sanctifier
    Abundant Growth
    Narstad Scrapper
    Geist Snatch
--> Into the Void
    Defy Death
    Havengul Vampire
    Mountain
 
Pack 3 pick 6:
    Rotcrown Ghoul
    Thraben Valiant
    Guise of Fire
    Renegade Demon
--> Driver of the Dead
    Seraph Sanctuary
    Corpse Traders
    Tormentor's Trident
    Vexing Devil
    Forest
 
Pack 3 pick 7:
    Thunderbolt
    Cathedral Sanctifier
    Flowering Lumberknot
    Somberwald Vigilante
    Appetite for Brains (FOIL)
    Polluted Dead
--> Vessel of Endless Rest
    Rush of Blood
    Forest
 
Pack 3 pick 8:
    Terrifying Presence
    Cloudshift
    Predator's Gambit
    Necrobite
    Defang
    Ghostform
--> Pillar of Flame
    Swamp
 
Pack 3 pick 9:
    Guise of Fire
--> Bloodflow Connoisseur
    Fleeting Distraction
    Uncanny Speed
    Cursebreak
    Raging Poltergeist
    Island
 
Pack 3 pick 10:
--> Ghoulflesh
    Demolish
    Leap of Faith
    Vanguard's Shield
    Triumph of Cruelty
    Plains
 
Pack 3 pick 11:
    Uncanny Speed
--> Crypt Creeper
    Scroll of Griselbrand
    Necrobite
    Swamp
 
Pack 3 pick 12:
    Fleeting Distraction
--> Searchlight Geist
    Rotcrown Ghoul
    Island
 
Pack 3 pick 13:
    Narstad Scrapper
--> Geist Snatch
    Mountain
 
Pack 3 pick 14:
--> Rotcrown Ghoul
    Forest
 
Pack 3 pick 15:
--> Forest
 
