Event #: 3930899
Time:    6/2/2012 1:38:29 PM
Players: 
    Saint Cornelius
    umarn
    hairy_monster
    Kaltaen
    marzial
    r0b2k
    BitShuffle
--> malthrin
 
------ AVR ------
 
Pack 1 pick 1:
    Bloodflow Connoisseur
    Wildwood Geist
    Battle Hymn
    Natural End
    Fleeting Distraction
    Moorland Inquisitor
    Unhallowed Pact
    Heirs of Stromkirk
    Crippling Chill
    Snare the Skies
    Mass Appeal
    Holy Justiciar
    Archangel
--> Temporal Mastery
    Swamp
 
Pack 1 pick 2:
--> Seraph of Dawn
    Kruin Striker
    Abundant Growth
    Predator's Gambit
    Demolish
    Vanguard's Shield
    Scrapskin Drake
    Pillar of Flame (FOIL)
    Undead Executioner
    Midvast Protector
    Gang of Devils
    Haunted Guardian
    Angel of Glory's Rise
    Swamp
 
Pack 1 pick 3:
    Guise of Fire
--> Trusted Forcemage
    Searchlight Geist
    Pathbreaker Wurm
    Gryff Vanguard
    Dangerous Wager
    Cursebreak
    Joint Assault
    Ghostform
    Vorstclaw
    Vigilante Justice
    Barter in Blood
    Swamp
 
Pack 1 pick 4:
--> Mist Raven
    Thunderbolt
    Butcher Ghoul
    Cathedral Sanctifier
    Polluted Dead
    Wingcrafter
    Renegade Demon
    Galvanic Alchemist
    Somberwald Vigilante
    Gang of Devils
    Tandem Lookout
    Plains
 
Pack 1 pick 5:
    Righteous Blow
    Narstad Scrapper
    Grave Exchange
    Nightshade Peddler
    Polluted Dead
    Bladed Bracers
--> Wingcrafter
    Rush of Blood
    Yew Spirit
    Bower Passage
    Island
 
Pack 1 pick 6:
--> Wildwood Geist
    Butcher Ghoul
    Midnight Duelist
    Battle Hymn
    Unhallowed Pact
    Spectral Prison
    Joint Assault
    Call to Serve
    Maalfeld Twins
    Swamp
 
Pack 1 pick 7:
    Geist Snatch
--> Cloudshift
    Ghoulflesh
    Necrobite
    Zealous Strike
    Sheltering Word
    Defang
    Killing Wave
    Mountain
 
Pack 1 pick 8:
    Malicious Intent
    Rotcrown Ghoul
--> Angelic Wall
    Natural End
    Predator's Gambit
    Grounded
    Scroll of Avacyn
    Forest
 
Pack 1 pick 9:
    Bloodflow Connoisseur
    Battle Hymn
    Natural End
--> Fleeting Distraction
    Unhallowed Pact
    Mass Appeal
    Swamp
 
Pack 1 pick 10:
    Predator's Gambit
    Demolish
    Vanguard's Shield
    Midvast Protector
--> Haunted Guardian
    Swamp
 
Pack 1 pick 11:
    Dangerous Wager
    Cursebreak
--> Ghostform
    Vigilante Justice
    Swamp
 
Pack 1 pick 12:
    Polluted Dead
    Renegade Demon
--> Galvanic Alchemist
    Plains
 
Pack 1 pick 13:
--> Polluted Dead
    Rush of Blood
    Island
 
Pack 1 pick 14:
--> Unhallowed Pact
    Swamp
 
Pack 1 pick 15:
--> Mountain
 
------ AVR ------
 
Pack 2 pick 1:
    Grave Exchange
    Ghostly Flicker
    Righteous Blow
    Grounded
    Peel from Reality
    Cursebreak
    Pillar of Flame
    Joint Assault
    Ghostform
    Necrobite
    Second Guess
    Havengul Vampire
    Haunted Guardian
--> Cavern of Souls
    Forest
 
Pack 2 pick 2:
    Thraben Valiant
    Guise of Fire
--> Trusted Forcemage
    Alchemist's Apprentice
    Renegade Demon
    Driver of the Dead
    Angel's Mercy
    Seraph Sanctuary
    Timberland Guide
    Goldnight Commander
    Commander's Authority
    Rain of Thorns
    Conjurer's Closet
    Island
 
Pack 2 pick 3:
    Pathbreaker Wurm
--> Gryff Vanguard
    Dangerous Wager
    Havengul Skaab
    Soulcage Fiend
    Uncanny Speed
    Spectral Prison
    Defang
    Snare the Skies
    Mental Agony
    Appetite for Brains
    Desolate Lighthouse
    Mountain
 
Pack 2 pick 4:
    Midnight Duelist
    Guise of Fire
    Bloodflow Connoisseur
--> Fleeting Distraction
    Uncanny Speed
    Cathedral Sanctifier
    Cursebreak
    Mad Prophet
    Goldnight Redeemer
    Angelic Armaments
    Defy Death
    Mountain
 
Pack 2 pick 5:
    Bloodflow Connoisseur
    Wildwood Geist
    Battle Hymn
    Natural End
--> Scrapskin Drake
    Bladed Bracers
    Farbog Explorer
    Leap of Faith
    Somberwald Vigilante
    Triumph of Cruelty
    Island
 
Pack 2 pick 6:
    Dangerous Wager
    Outwit
    Hunted Ghoul
--> Wildwood Geist
    Narstad Scrapper
    Grave Exchange
    Spectral Gateguards
    Geist Snatch
    Builder's Blessing
    Island
 
Pack 2 pick 7:
    Terrifying Presence
    Cloudshift
    Predator's Gambit
    Seraph Sanctuary
    Demolish
    Vanguard's Shield
--> Vanishment
    Stolen Goods
    Mountain
 
Pack 2 pick 8:
    Natural End
    Midvast Protector
    Polluted Dead
    Renegade Demon
    Mass Appeal
--> Tormentor's Trident
    Appetite for Brains
    Plains
 
Pack 2 pick 9:
    Grave Exchange
--> Ghostly Flicker
    Grounded
    Cursebreak
    Ghostform
    Second Guess
    Forest
 
Pack 2 pick 10:
    Thraben Valiant
--> Driver of the Dead
    Angel's Mercy
    Seraph Sanctuary
    Rain of Thorns
    Island
 
Pack 2 pick 11:
    Dangerous Wager
    Havengul Skaab
    Uncanny Speed
--> Mental Agony
    Mountain
 
Pack 2 pick 12:
    Midnight Duelist
--> Uncanny Speed
    Cursebreak
    Mountain
 
Pack 2 pick 13:
    Battle Hymn
--> Leap of Faith
    Island
 
Pack 2 pick 14:
--> Hunted Ghoul
    Island
 
Pack 2 pick 15:
--> Mountain
 
------ AVR ------
 
Pack 3 pick 1:
    Natural End
    Fleeting Distraction
    Moorland Inquisitor
    Searchlight Geist
    Seraph Sanctuary
    Undead Executioner
    Scrapskin Drake
    Bladed Bracers
    Farbog Explorer
--> Wandering Wolf
    Mass Appeal
    Holy Justiciar
    Archangel
    Dark Impostor
    Swamp
 
Pack 3 pick 2:
--> Mist Raven
    Thunderbolt
    Butcher Ghoul
    Cathedral Sanctifier
    Flowering Lumberknot
    Malicious Intent
    Zealous Strike
    Sheltering Word
    Crippling Chill
    Gang of Devils
    Nearheath Pilgrim
    Tandem Lookout
    Arcane Melee
    Plains
 
Pack 3 pick 3:
    Righteous Blow
    Grounded
    Dreadwaters
    Bone Splinters
    Nightshade Peddler
    Polluted Dead
    Bladed Bracers
--> Wingcrafter
    Demolish
    Favorable Winds
    Triumph of Cruelty
    Druids' Repository
    Forest
 
Pack 3 pick 4:
    Cloudshift
    Narstad Scrapper
    Grounded
    Farbog Explorer
    Nightshade Peddler
    Midvast Protector
    Polluted Dead
--> Into the Void
    Blood Artist
    Tormentor's Trident
    Reforge the Soul
    Forest
 
Pack 3 pick 5:
    Banners Raised
    Rotcrown Ghoul
    Thraben Valiant
    Guise of Fire
    Searchlight Geist
    Ghoulflesh
    Spectral Gateguards
    Goldnight Redeemer
--> Homicidal Seclusion
    Gallows at Willow Hill
    Island
 
Pack 3 pick 6:
    Lair Delve
--> Nettle Swine
    Leap of Faith
    Diregraf Escort
    Vanguard's Shield
    Alchemist's Apprentice
    Renegade Demon
    Corpse Traders
    Appetite for Brains
    Mountain
 
Pack 3 pick 7:
    Terrifying Presence
    Amass the Components
--> Alchemist's Apprentice
    Angel's Mercy
    Reforge the Soul (FOIL)
    Second Guess
    Ghostly Touch
    Bower Passage
    Mountain
 
Pack 3 pick 8:
    Malicious Intent
    Rotcrown Ghoul
--> Natural End
    Leap of Faith
    Essence Harvest
    Driver of the Dead
    Galvanic Alchemist
    Mountain
 
Pack 3 pick 9:
    Natural End
--> Fleeting Distraction
    Seraph Sanctuary
    Undead Executioner
    Mass Appeal
    Archangel
    Swamp
 
Pack 3 pick 10:
    Cathedral Sanctifier
    Malicious Intent
--> Sheltering Word
    Gang of Devils
    Arcane Melee
    Plains
 
Pack 3 pick 11:
    Grounded
    Dreadwaters
--> Polluted Dead
    Demolish
    Forest
 
Pack 3 pick 12:
--> Narstad Scrapper
    Midvast Protector
    Polluted Dead
    Forest
 
Pack 3 pick 13:
--> Rotcrown Ghoul
    Spectral Gateguards
    Island
 
Pack 3 pick 14:
--> Vanguard's Shield
    Mountain
 
Pack 3 pick 15:
--> Mountain
 
