Event #: 3952592
Time:    6/7/2012 9:44:31 PM
Players: 
    Volvic08
    imabigboy
--> bqlohr
    PhyrexianPants
    kvikk86
    PurpleHerb
    Olgrot
    BigHugh4Athene
 
------ AVR ------
 
Pack 1 pick 1:
    Borderland Ranger
    Scalding Devil
    Geist Trappers
    Wandering Wolf
    Lightning Prowess
    Uncanny Speed (FOIL)
    Banishing Stroke
    Nephalia Smuggler
    Undead Executioner
    Wildwood Geist
    Mountain
    Essence Harvest
    Butcher Ghoul
--> Cathars' Crusade
    Midvast Protector
 
Pack 1 pick 2:
    Abundant Growth
    Scrapskin Drake
    Timberland Guide
    Demolish
--> Kruin Striker
    Druids' Repository
    Seraph Sanctuary
    Scroll of Griselbrand
    Vanguard's Shield
    Forest
    Demonic Taskmaster
    Predator's Gambit
    Vorstclaw
    Triumph of Ferocity
 
Pack 1 pick 3:
    Desolate Lighthouse
    Thraben Valiant
    Bone Splinters
    Dreadwaters
    Banners Raised
    Geist Snatch
    Outwit
    Angel's Tomb
--> Hanweir Lancer
    Bloodflow Connoisseur
    Swamp
    Predator's Gambit (FOIL)
    Vorstclaw
 
Pack 1 pick 4:
    Nettle Swine
    Grounded
    Outwit
    Hunted Ghoul
    Crypt Creeper
    Scroll of Avacyn
--> Kessig Malcontents
    Voice of the Provinces
    Dangerous Wager
    Swamp
    Infinite Reflection
    Devout Chaplain
 
Pack 1 pick 5:
    Bladed Bracers
--> Stonewright
    Wingcrafter
    Leap of Faith
    Demolish
    Diregraf Escort
    Galvanic Alchemist (FOIL)
    Forest
    Triumph of Cruelty
    Grave Exchange
    Reforge the Soul
 
Pack 1 pick 6:
    Thraben Valiant
    Dreadwaters
    Banners Raised
--> Vigilante Justice
    Rotcrown Ghoul
    Soulcage Fiend
    Voice of the Provinces
    Swamp
    Lair Delve
    Commander's Authority
 
Pack 1 pick 7:
    Ghoulflesh
    Guise of Fire
    Searchlight Geist
--> Spectral Gateguards
    Rotcrown Ghoul
    Mass Appeal
    Ghostly Flicker
    Pathbreaker Wurm
    Mountain
 
Pack 1 pick 8:
    Unhallowed Pact
    Conjurer's Closet (FOIL)
    Cursebreak
--> Righteous Blow
    Island
    Snare the Skies
    Grave Exchange
    Human Frailty
 
Pack 1 pick 9:
--> Scalding Devil
    Geist Trappers
    Uncanny Speed (FOIL)
    Wildwood Geist
    Mountain
    Essence Harvest
    Butcher Ghoul
 
Pack 1 pick 10:
--> Druids' Repository
    Seraph Sanctuary
    Scroll of Griselbrand
    Vanguard's Shield
    Forest
    Predator's Gambit
 
Pack 1 pick 11:
    Dreadwaters
    Banners Raised
--> Geist Snatch
    Swamp
    Predator's Gambit (FOIL)
 
Pack 1 pick 12:
    Grounded
--> Outwit
    Hunted Ghoul
    Swamp
 
Pack 1 pick 13:
--> Leap of Faith
    Forest
    Triumph of Cruelty
 
Pack 1 pick 14:
--> Dreadwaters
    Swamp
 
Pack 1 pick 15:
--> Mountain
 
------ AVR ------
 
Pack 2 pick 1:
--> Thatcher Revolt
    Goldnight Redeemer
    Homicidal Seclusion
    Angel's Mercy
    Havengul Skaab
    Crypt Creeper
    Diregraf Escort
    Undead Executioner
    Seraph Sanctuary
    Death Wind
    Island
    Battle Hymn
    Infinite Reflection
    Angelic Wall
    Vorstclaw
 
Pack 2 pick 2:
    Thraben Valiant
    Driver of the Dead
    Latch Seeker
    Somberwald Vigilante
    Goldnight Commander
    Timberland Guide
    Outwit
    Defang (FOIL)
    Farbog Explorer
    Vanishment
    Galvanic Alchemist
    Mountain
    Essence Harvest
--> Silverblade Paladin
 
Pack 2 pick 3:
    Elgaud Shieldmate
    Nettle Swine
    Sheltering Word
    Latch Seeker
    Zealous Strike
    Crippling Chill
    Uncanny Speed
--> Mad Prophet
    Dangerous Wager
    Island
    Lair Delve
    Triumph of Cruelty
    Into the Void
 
Pack 2 pick 4:
    Thunderbolt (FOIL)
    Sheltering Word
    Dreadwaters
    Zealous Strike
    Angelic Armaments
    Kruin Striker
--> Kessig Malcontents
    Exquisite Blood
    Voice of the Provinces
    Necrobite
    Heirs of Stromkirk
    Swamp
 
Pack 2 pick 5:
    Thatcher Revolt
    Driver of the Dead
    Cloudshift
    Grounded
    Timberland Guide
    Kruin Striker
--> Havengul Vampire
    Galvanic Alchemist
    Island
    Wild Defiance
    Narstad Scrapper
 
Pack 2 pick 6:
    Driver of the Dead
--> Cloudshift
    Angel's Mercy
    Timberland Guide
    Demolish
    Terrifying Presence
    Seraph Sanctuary
    Vanguard's Shield
    Plains
    Predator's Gambit
 
Pack 2 pick 7:
    Bladed Bracers
    Demolish
--> Fervent Cathar
    Ghostly Flicker
    Death Wind
    Plains
    Predator's Gambit
    Aggravate
    Polluted Dead
 
Pack 2 pick 8:
    Midnight Duelist
--> Somberwald Vigilante
    Nightshade Peddler
    Hunted Ghoul
    Galvanic Alchemist
    Mountain
    Polluted Dead
    Malicious Intent
 
Pack 2 pick 9:
    Angel's Mercy
    Havengul Skaab
--> Crypt Creeper
    Diregraf Escort
    Seraph Sanctuary
    Island
    Battle Hymn
 
Pack 2 pick 10:
--> Thraben Valiant
    Driver of the Dead
    Somberwald Vigilante
    Outwit
    Galvanic Alchemist
    Mountain
 
Pack 2 pick 11:
    Sheltering Word
    Uncanny Speed
--> Dangerous Wager
    Island
    Lair Delve
 
Pack 2 pick 12:
    Sheltering Word
--> Zealous Strike
    Voice of the Provinces
    Swamp
 
Pack 2 pick 13:
--> Driver of the Dead
    Grounded
    Island
 
Pack 2 pick 14:
--> Angel's Mercy
    Plains
 
Pack 2 pick 15:
--> Plains
 
------ AVR ------
 
Pack 3 pick 1:
    Borderland Ranger
    Searchlight Geist
    Somberwald Vigilante
    Nightshade Peddler
    Rotcrown Ghoul
    Pathbreaker Wurm
    Kessig Malcontents (FOIL)
    Rain of Thorns
    Rush of Blood
    Galvanic Alchemist
    Plains
    Moonlight Geist
    Malicious Intent
    Gloomwidow
--> Moonsilver Spear
 
Pack 3 pick 2:
    Bladed Bracers
    Defy Death
--> Emancipation Angel
    Leap of Faith
    Somberwald Vigilante
    Wandering Wolf
    Rotcrown Ghoul
    Natural End
    Farbog Explorer
    Gang of Devils
    Plains
    Essence Harvest
    Mist Raven
    Angelic Wall
 
Pack 3 pick 3:
    Borderland Ranger
    Bone Splinters
    Alchemist's Apprentice
    Angel's Mercy
    Terrifying Presence
    Vanishment
    Archangel
    Death Wind
    Plains
    Amass the Components
    Essence Harvest
--> Moonlight Geist
    Appetite for Brains
 
Pack 3 pick 4:
    Mental Agony
    Spectral Prison
    Maalfeld Twins
    Second Guess
    Natural End
--> Defang
    Cathedral Sanctifier
    Swamp
    Snare the Skies
    Butcher Ghoul
    Angelic Wall
    Human Frailty
 
Pack 3 pick 5:
    Bladed Bracers
    Corpse Traders
    Wingcrafter
    Bone Splinters
    Dreadwaters
    Grounded
    Somberwald Vigilante
--> Righteous Blow
    Island
    Polluted Dead
    Moonlight Geist
 
Pack 3 pick 6:
    Thraben Valiant
    Ghoulflesh
    Outwit
--> Hanweir Lancer
    Natural End
    Favorable Winds
    Bloodflow Connoisseur
    Mountain
    Battle Hymn
    Predator's Gambit
 
Pack 3 pick 7:
    Ghoulflesh
    Ghostform
    Cloudshift
    Geist Snatch
--> Cursebreak
    Necrobite
    Mountain
    Swamp (FOIL)
    Demonic Taskmaster
 
Pack 3 pick 8:
--> Cloudshift
    Grounded
    Hunted Ghoul
    Flowering Lumberknot
    Forest
    Predator's Gambit
    Aggravate
    Malicious Intent
 
Pack 3 pick 9:
    Somberwald Vigilante
    Rotcrown Ghoul
--> Pathbreaker Wurm
    Rain of Thorns
    Rush of Blood
    Plains
    Malicious Intent
 
Pack 3 pick 10:
    Bladed Bracers
    Leap of Faith
    Rotcrown Ghoul
--> Gang of Devils
    Plains
    Essence Harvest
 
Pack 3 pick 11:
    Angel's Mercy
--> Archangel
    Plains
    Essence Harvest
    Appetite for Brains
 
Pack 3 pick 12:
    Mental Agony
    Second Guess
    Swamp
--> Snare the Skies
 
Pack 3 pick 13:
    Grounded
    Island
--> Polluted Dead
 
Pack 3 pick 14:
    Mountain
--> Battle Hymn
 
Pack 3 pick 15:
--> Mountain
 
