Event #: 3958264
Time:    6/9/2012 11:47:14 AM
Players: 
    NDM
    K_Mogg
    polpol
    youtaro
    Norncross
--> malthrin
    Pacificdrift
    powuhofPIE
 
------ AVR ------
 
Pack 1 pick 1:
    Ghoulflesh
    Riot Ringleader
    Thunderbolt
    Cloudshift
--> Riders of Gavony
    Abundant Growth
    Geist Trappers
    Holy Justiciar
    Outwit
    Hunted Ghoul
    Dangerous Wager
    Wildwood Geist
    Archangel
    Mountain
    Appetite for Brains
 
Pack 1 pick 2:
    Tormentor's Trident
    Midnight Duelist
    Guise of Fire
    Ghostform
    Joint Assault
--> Trusted Forcemage
    Defang
    Uncanny Speed
    Fleeting Distraction
    Necrobite
    Bloodflow Connoisseur
    Plains
    Falkenrath Exterminator
    Into the Void
 
Pack 1 pick 3:
    Bladed Bracers
    Abundant Growth
    Geist Snatch
    Leap of Faith
    Somberwald Vigilante
    Wandering Wolf
--> Seraph of Dawn
    Farbog Explorer
    Primal Surge
    Plains
    Essence Harvest
    Triumph of Cruelty
    Narstad Scrapper
 
Pack 1 pick 4:
    Driver of the Dead
    Bladed Bracers (FOIL)
    Corpse Traders
    Angel's Mercy
--> Timberland Guide
    Demolish
    Uncanny Speed
    Crypt Creeper
    Rain of Thorns
    Seraph Sanctuary
    Island
    Haunted Guardian
 
Pack 1 pick 5:
    Sheltering Word
    Searchlight Geist
    Second Guess
    Havengul Skaab
--> Pathbreaker Wurm
    Soulcage Fiend
    Marrow Bats (FOIL)
    Heirs of Stromkirk
    Dangerous Wager
    Plains
    Commander's Authority
 
Pack 1 pick 6:
    Builder's Blessing
    Dreadwaters
    Grounded
    Angelic Armaments
    Natural End
    Fleeting Distraction
    Righteous Blow
--> Moorland Inquisitor
    Forest
    Battle Hymn
 
Pack 1 pick 7:
    Scalding Devil
    Alchemist's Apprentice
    Stern Mentor
    Scroll of Avacyn
    Gang of Devils
--> Voice of the Provinces
    Island
    Essence Harvest
    Midvast Protector
 
Pack 1 pick 8:
    Thraben Valiant
    Outwit
    Fervent Cathar
    Ghostly Flicker
    Voice of the Provinces
    Mountain
    Battle Hymn
--> Devout Chaplain
 
Pack 1 pick 9:
--> Cloudshift
    Outwit
    Hunted Ghoul
    Dangerous Wager
    Wildwood Geist
    Mountain
    Appetite for Brains
 
Pack 1 pick 10:
    Midnight Duelist
--> Guise of Fire
    Ghostform
    Uncanny Speed
    Fleeting Distraction
    Plains
 
Pack 1 pick 11:
--> Bladed Bracers
    Leap of Faith
    Plains
    Triumph of Cruelty
    Narstad Scrapper
 
Pack 1 pick 12:
--> Angel's Mercy
    Demolish
    Seraph Sanctuary
    Island
 
Pack 1 pick 13:
    Second Guess
    Plains
--> Commander's Authority
 
Pack 1 pick 14:
    Forest
--> Battle Hymn
 
Pack 1 pick 15:
--> Island
 
------ AVR ------
 
Pack 2 pick 1:
    Yew Spirit
    Renegade Demon
    Scalding Devil
    Latch Seeker
    Grounded
    Leap of Faith
    Conjurer's Closet
    Alchemist's Apprentice
    Ghostly Flicker
    Diregraf Escort
--> Righteous Blow
    Vanguard's Shield
    Forest
    Triumph of Cruelty
    Grave Exchange
 
Pack 2 pick 2:
    Wingcrafter
    Builder's Blessing
    Leap of Faith
    Demolish
    Uncanny Speed
--> Wolfir Avenger
    Kessig Malcontents (FOIL)
    Diregraf Escort
    Soulcage Fiend
    Vanguard's Shield
    Death Wind
    Plains
    Lair Delve
    Aggravate
 
Pack 2 pick 3:
    Yew Spirit
    Thraben Valiant
--> Nettle Swine
    Banners Raised
    Crippling Chill
    Outwit
    Mad Prophet
    Cursebreak
    Rain of Thorns
    Scroll of Griselbrand
    Rush of Blood
    Swamp
    Lone Revenant
 
Pack 2 pick 4:
    Bladed Bracers
    Searchlight Geist
    Somberwald Vigilante
    Second Guess
    Pathbreaker Wurm
    Dangerous Wager
    Forest
--> Eaten by Spiders
    Treacherous Pit-Dweller
    Polluted Dead
    Ghostly Touch
    Appetite for Brains (FOIL)
 
Pack 2 pick 5:
    Elgaud Shieldmate
    Crippling Chill
    Outwit
--> Angel's Tomb
    Crypt Creeper
    Cursebreak
    Heirs of Stromkirk
    Dangerous Wager
    Flowering Lumberknot (FOIL)
    Swamp
    Snare the Skies
 
Pack 2 pick 6:
    Ghostform
--> Joint Assault
    Rotcrown Ghoul
    Natural End
    Pathbreaker Wurm
    Favorable Winds
    Necrobite
    Island
    Angelic Wall
    Malicious Intent
 
Pack 2 pick 7:
--> Thraben Valiant
    Bone Splinters
    Banners Raised
    Rotcrown Ghoul
    Terrifying Presence
    Soulcage Fiend
    Mountain
    Amass the Components
    Human Frailty
 
Pack 2 pick 8:
    Spectral Prison
--> Call to Serve
    Uncanny Speed
    Fleeting Distraction
    Rush of Blood
    Bloodflow Connoisseur
    Island
    Lair Delve
 
Pack 2 pick 9:
--> Yew Spirit
    Grounded
    Leap of Faith
    Ghostly Flicker
    Vanguard's Shield
    Forest
    Triumph of Cruelty
 
Pack 2 pick 10:
    Builder's Blessing
--> Leap of Faith
    Demolish
    Vanguard's Shield
    Plains
    Lair Delve
 
Pack 2 pick 11:
    Banners Raised
    Outwit
--> Cursebreak
    Rain of Thorns
    Swamp
 
Pack 2 pick 12:
--> Second Guess
    Dangerous Wager
    Forest
    Polluted Dead
 
Pack 2 pick 13:
    Outwit
--> Cursebreak
    Swamp
 
Pack 2 pick 14:
    Island
--> Malicious Intent
 
Pack 2 pick 15:
--> Mountain
 
------ AVR ------
 
Pack 3 pick 1:
    Elgaud Shieldmate
    Thunderbolt
    Cloudshift
    Terrifying Presence
    Fervent Cathar
    Cathedral Sanctifier
    Flowering Lumberknot
    Mountain
    Eaten by Spiders
    Butcher Ghoul
    Predator's Gambit
    Tyrant of Discord
    Malicious Intent
    Vorstclaw
--> Triumph of Ferocity
 
Pack 3 pick 2:
--> Gallows at Willow Hill
    Ghoulflesh
    Ghostform
    Barter in Blood
    Pillar of Flame
    Abundant Growth
    Holy Justiciar
    Joint Assault
    Defang
    Mass Appeal
    Necrobite
    Raging Poltergeist
    Mountain
    Predator's Gambit
 
Pack 3 pick 3:
    Mental Agony
    Unhallowed Pact
    Ghostform
    Zealous Strike
    Geist Snatch
    Spectral Gateguards
    Mad Prophet
    Banishing Stroke
    Nephalia Smuggler
    Swamp
    Snare the Skies
    Narstad Scrapper
--> Gloomwidow
 
Pack 3 pick 4:
--> Borderland Ranger
    Ghoulflesh
    Corpse Traders
    Wingcrafter
    Cloudshift
    Somberwald Vigilante
    Archangel
    Galvanic Alchemist
    Forest
    Misthollow Griffin
    Moonlight Geist
    Narstad Scrapper
 
Pack 3 pick 5:
    Thatcher Revolt
    Scrapskin Drake
    Angel's Mercy
    Natural End
    Lightning Prowess
    Diregraf Escort
    Fleeting Distraction
    Seraph Sanctuary
--> Moorland Inquisitor
    Forest
    Haunted Guardian
 
Pack 3 pick 6:
    Dreadwaters
    Alchemist's Apprentice
--> Wandering Wolf
    Kessig Malcontents
    Plains
    Amass the Components
    Essence Harvest
    Moonlight Geist
    Grave Exchange
    Vorstclaw
 
Pack 3 pick 7:
    Spectral Prison
    Sheltering Word
--> Spectral Gateguards
    Natural End (FOIL)
    Call to Serve
    Ghostly Flicker
    Vessel of Endless Rest
    Heirs of Stromkirk
    Mountain
 
Pack 3 pick 8:
    Scrapskin Drake
    Demolish
    Havengul Skaab
    Crypt Creeper
    Scroll of Griselbrand
    Vanguard's Shield
    Plains
--> Angelic Wall
 
Pack 3 pick 9:
    Thunderbolt
    Terrifying Presence
    Flowering Lumberknot
    Mountain
--> Eaten by Spiders
    Malicious Intent
    Vorstclaw
 
Pack 3 pick 10:
    Ghostform
--> Joint Assault
    Necrobite
    Raging Poltergeist
    Mountain
    Predator's Gambit
 
Pack 3 pick 11:
    Mental Agony
    Ghostform
    Geist Snatch
    Swamp
--> Narstad Scrapper
 
Pack 3 pick 12:
--> Ghoulflesh
    Archangel
    Forest
    Narstad Scrapper
 
Pack 3 pick 13:
    Angel's Mercy
--> Seraph Sanctuary
    Forest
 
Pack 3 pick 14:
    Plains
--> Essence Harvest
 
Pack 3 pick 15:
--> Mountain
 
