Event #: 3959888
Time:    6/9/2012 5:31:36 PM
Players: 
    Aug.22HB
    Br0wnB0mb3r
    Donkosaur
    gumbokiller
    jacksun23
--> bqlohr
    GlimpseOfRandomness
    Ronniejames
 
------ AVR ------
 
Pack 1 pick 1:
    Thraben Valiant
    Driver of the Dead
    Gryff Vanguard
--> Latch Seeker
    Banners Raised
    Somberwald Vigilante
    Timberland Guide
    Outwit
    Galvanic Alchemist
    Moorland Inquisitor
    Swamp
    Demonic Taskmaster
    Essence Harvest
    Tyrant of Discord
    Vorstclaw
 
Pack 1 pick 2:
    Bladed Bracers
    Leap of Faith
    Somberwald Vigilante
    Scrapskin Drake
    Wandering Wolf
    Stern Mentor
    Natural End
    Farbog Explorer
    Fleeting Distraction
    Wildwood Geist
    Mountain
    Battle Hymn
    Misthollow Griffin
--> Into the Void
 
Pack 1 pick 3:
    Yew Spirit
    Mental Agony
    Unhallowed Pact
    Builder's Blessing
    Ghostform
    Zealous Strike
--> Crippling Chill
    Terrifying Presence
    Scroll of Avacyn
    Evernight Shade
    Righteous Blow
    Heirs of Stromkirk
    Mountain
 
Pack 1 pick 4:
    Bladed Bracers (FOIL)
--> Wingcrafter
    Leap of Faith
    Geist Trappers
    Uncanny Speed
    Cathedral Sanctifier
    Diregraf Escort
    Vanguard's Shield
    Plains
    Eaten by Spiders
    Lair Delve
    Triumph of Ferocity
 
Pack 1 pick 5:
    Midnight Duelist
    Goldnight Redeemer
    Guise of Fire
    Spectral Gateguards
    Hunted Ghoul
--> Trusted Forcemage
    Angelic Armaments
    Fleeting Distraction
    Bloodflow Connoisseur
    Forest
    Amass the Components
 
Pack 1 pick 6:
    Geist Snatch
    Leap of Faith
    Spectral Gateguards
    Demolish
--> Terrifying Presence
    Diregraf Escort
    Vanguard's Shield
    Island
    Triumph of Cruelty
    Ghostly Touch
 
Pack 1 pick 7:
--> Joint Assault
    Natural End
    Cursebreak
    Fleeting Distraction
    Raging Poltergeist
    Mountain
    Battle Hymn
    Snare the Skies
    Ghostly Touch
 
Pack 1 pick 8:
--> Thraben Valiant
    Guise of Fire
    Ghostform
    Banners Raised
    Zealous Strike
    Rotcrown Ghoul
    Necrobite
    Swamp
 
Pack 1 pick 9:
    Banners Raised
    Somberwald Vigilante
    Outwit
--> Galvanic Alchemist
    Swamp
    Essence Harvest
    Tyrant of Discord
 
Pack 1 pick 10:
    Bladed Bracers
    Leap of Faith
    Somberwald Vigilante
--> Natural End
    Mountain
    Battle Hymn
 
Pack 1 pick 11:
    Unhallowed Pact
--> Ghostform
    Terrifying Presence
    Scroll of Avacyn
    Mountain
 
Pack 1 pick 12:
    Diregraf Escort
    Plains
--> Eaten by Spiders
    Lair Delve
 
Pack 1 pick 13:
    Hunted Ghoul
--> Fleeting Distraction
    Forest
 
Pack 1 pick 14:
--> Vanguard's Shield
    Island
 
Pack 1 pick 15:
--> Mountain
 
------ AVR ------
 
Pack 2 pick 1:
    Ghoulflesh
    Ghostform
    Pillar of Flame
    Spectral Gateguards
    Crippling Chill
    Stern Mentor
    Defang
--> Druid's Familiar
    Kruin Striker
    Ghostly Flicker
    Cursebreak
    Gloom Surgeon
    Necrobite
    Forest
    Aggravate
 
Pack 2 pick 2:
    Descent into Madness
    Yew Spirit
    Mental Agony
    Spectral Prison
    Elgaud Shieldmate
    Thunderbolt
    Call to Serve
--> Vanishment
    Cathedral Sanctifier
    Flowering Lumberknot
    Swamp
    Butcher Ghoul
    Triumph of Cruelty
    Malicious Intent
 
Pack 2 pick 3:
    Renegade Demon
    Driver of the Dead
    Midnight Duelist
    Angel's Mercy
    Timberland Guide
    Demolish
    Havengul Skaab
    Howlgeist
--> Nephalia Smuggler
    Slayers' Stronghold
    Seraph Sanctuary
    Forest
    Battle Hymn
 
Pack 2 pick 4:
    Borderland Ranger
    Scalding Devil
    Dreadwaters
    Alchemist's Apprentice
    Wandering Wolf
    Howlgeist
    Blood Artist
    Island
    Essence Harvest
--> Revenge of the Hunted
    Falkenrath Exterminator
    Grave Exchange
 
Pack 2 pick 5:
    Defy Death
    Nettle Swine
    Nightshade Peddler
    Second Guess
    Crypt Creeper
    Soulcage Fiend (FOIL)
    Death Wind
    Plains
    Polluted Dead
--> Tibalt, the Fiend-Blooded
    Moonlight Geist
 
Pack 2 pick 6:
    Scalding Devil
    Thunderous Wrath
--> Abundant Growth
    Kruin Striker
    Scroll of Griselbrand
    Vanguard's Shield
    Plains
    Burn at the Stake
    Predator's Gambit
    Appetite for Brains
 
Pack 2 pick 7:
    Thatcher Revolt
    Banners Raised
--> Blessings of Nature
    Nightshade Peddler
    Timberland Guide
    Soulcage Fiend
    Plains
    Lair Delve
    Midvast Protector
 
Pack 2 pick 8:
    Renegade Demon
    Somberwald Vigilante
    Terrifying Presence
    Fervent Cathar
--> Ghostly Flicker
    Galvanic Alchemist
    Island
    Polluted Dead
 
Pack 2 pick 9:
    Ghoulflesh
    Spectral Gateguards
--> Ghostly Flicker
    Cursebreak
    Necrobite
    Forest
    Aggravate
 
Pack 2 pick 10:
    Descent into Madness
--> Yew Spirit
    Flowering Lumberknot
    Swamp
    Triumph of Cruelty
    Malicious Intent
 
Pack 2 pick 11:
    Angel's Mercy
    Demolish
--> Havengul Skaab
    Forest
    Battle Hymn
 
Pack 2 pick 12:
    Scalding Devil
    Dreadwaters
    Island
--> Essence Harvest
 
Pack 2 pick 13:
    Second Guess
--> Crypt Creeper
    Plains
 
Pack 2 pick 14:
--> Scroll of Griselbrand
    Plains
 
Pack 2 pick 15:
--> Plains
 
------ AVR ------
 
Pack 3 pick 1:
    Borderland Ranger
    Nettle Swine
    Holy Justiciar
    Alchemist's Apprentice
--> Wandering Wolf
    Otherworld Atlas
    Call to Serve (FOIL)
    Mass Appeal
    Crypt Creeper
    Death Wind
    Flowering Lumberknot
    Island
    Essence Harvest
    Moonlight Geist
    Triumph of Ferocity
 
Pack 3 pick 2:
    Corpse Traders
    Midnight Duelist
    Geist Trappers
    Second Guess
    Fervent Cathar
    Havengul Skaab
    Ghostly Flicker
    Primal Surge
    Voice of the Provinces
--> Wildwood Geist
    Forest
    Battle Hymn
    Butcher Ghoul
    Predator's Gambit
 
Pack 3 pick 3:
    Renegade Demon
    Driver of the Dead
    Scalding Devil
    Tormentor's Trident
    Grounded
--> Alchemist's Apprentice
    Angel's Mercy
    Ghostly Flicker
    Favorable Winds
    Seraph Sanctuary
    Island
    Lunar Mystic
    Reforge the Soul (FOIL)
 
Pack 3 pick 4:
    Spectral Prison
    Unhallowed Pact
    Bone Splinters
    Dreadwaters
    Pillar of Flame
    Geist Snatch
    Goldnight Commander
    Joint Assault
    Defang
    Gang of Devils
    Mountain
--> Somberwald Sage
 
Pack 3 pick 5:
    Bladed Bracers
    Abundant Growth
    Geist Snatch
    Leap of Faith
    Holy Justiciar
    Scrapskin Drake
--> Wandering Wolf
    Seraph of Dawn
    Farbog Explorer
    Island
    Narstad Scrapper
 
Pack 3 pick 6:
    Unhallowed Pact
    Grounded
    Joint Assault
    Kruin Striker
    Scroll of Avacyn
    Cursebreak
--> Peel from Reality
    Voice of the Provinces
    Raging Poltergeist
    Mountain
 
Pack 3 pick 7:
    Stonewright
    Thunderbolt
    Outwit
    Hunted Ghoul
    Call to Serve
    Dangerous Wager
    Swamp
--> Snare the Skies
    Reforge the Soul
 
Pack 3 pick 8:
    Rotcrown Ghoul
    Natural End
--> Havengul Vampire
    Gang of Devils
    Seraph Sanctuary (FOIL)
    Plains
    Polluted Dead
    Midvast Protector
 
Pack 3 pick 9:
--> Alchemist's Apprentice
    Otherworld Atlas
    Call to Serve (FOIL)
    Crypt Creeper
    Flowering Lumberknot
    Island
    Essence Harvest
 
Pack 3 pick 10:
--> Geist Trappers
    Second Guess
    Havengul Skaab
    Ghostly Flicker
    Forest
    Battle Hymn
 
Pack 3 pick 11:
    Grounded
    Angel's Mercy
--> Ghostly Flicker
    Seraph Sanctuary
    Island
 
Pack 3 pick 12:
    Unhallowed Pact
    Dreadwaters
--> Gang of Devils
    Mountain
 
Pack 3 pick 13:
--> Bladed Bracers
    Leap of Faith
    Island
 
Pack 3 pick 14:
--> Grounded
    Mountain
 
Pack 3 pick 15:
--> Swamp
 
