Event #: 3969042
Time:    6/11/2012 8:29:38 PM
Players: 
    rrifman
    trious
    Frubsquared
    phof
--> vanick
    mnl471
    tyiron1
    phol
 
------ AVR ------
 
Pack 1 pick 1:
    Elgaud Shieldmate
    Riot Ringleader
    Hunted Ghoul
    Terrifying Presence
    Stern Mentor
    Fettergeist (FOIL)
    Druid's Familiar
    Ghostly Flicker
    Evernight Shade
    Cathedral Sanctifier
--> Demonlord of Ashmouth
    Flowering Lumberknot
    Forest
    Predator's Gambit
    Malicious Intent
 
Pack 1 pick 2:
    Bladed Bracers
    Elgaud Shieldmate
    Stonewright
    Wingcrafter
    Leap of Faith
    Hunted Ghoul
    Demolish
    Trusted Forcemage
    Stern Mentor
    Angel of Jubilation
    Forest
--> Demonic Taskmaster
    Polluted Dead
    Malicious Intent
 
Pack 1 pick 3:
    Ghoulflesh
--> Corpse Traders
    Emancipation Angel
    Leap of Faith
    Somberwald Vigilante
    Spectral Gateguards
    Timberland Guide
    Kruin Striker
    Ghostly Flicker
    Banishing Stroke
    Galvanic Alchemist
    Island
    Essence Harvest
 
Pack 1 pick 4:
    Defy Death
    Scalding Devil
    Midnight Duelist
    Guise of Fire
    Scrapskin Drake
    Blessings of Nature
    Undead Executioner
    Scroll of Griselbrand
--> Bloodflow Connoisseur
    Vanguard's Shield
    Plains
    Midvast Protector
 
Pack 1 pick 5:
    Thatcher Revolt
--> Alchemist's Apprentice
    Angel's Mercy
    Terrifying Presence
    Angelic Armaments
    Scroll of Avacyn
    Righteous Blow
    Island
    Eaten by Spiders
    Moonlight Geist
    Commander's Authority
 
Pack 1 pick 6:
    Thatcher Revolt
    Ghoulflesh
    Nightshade Peddler
    Timberland Guide
    Farbog Explorer
    Galvanic Alchemist
    Island
    Treacherous Pit-Dweller
--> Predator's Gambit
    Midvast Protector
 
Pack 1 pick 7:
    Thraben Valiant
--> Maalfeld Twins
    Banners Raised
    Angel's Mercy
    Rotcrown Ghoul
    Soulcage Fiend
    Mountain
    Essence Harvest
    Moonlight Geist
 
Pack 1 pick 8:
    Driver of the Dead
    Leap of Faith
--> Somberwald Vigilante
    Havengul Skaab
    Dangerous Wager
    Plains
    Essence Harvest
    Bower Passage
 
Pack 1 pick 9:
--> Hunted Ghoul
    Terrifying Presence
    Ghostly Flicker
    Cathedral Sanctifier
    Forest
    Predator's Gambit
    Malicious Intent
 
Pack 1 pick 10:
    Leap of Faith
--> Hunted Ghoul
    Demolish
    Forest
    Polluted Dead
    Malicious Intent
 
Pack 1 pick 11:
    Leap of Faith
    Somberwald Vigilante
--> Ghostly Flicker
    Island
    Essence Harvest
 
Pack 1 pick 12:
    Scalding Devil
    Guise of Fire
--> Scroll of Griselbrand
    Plains
 
Pack 1 pick 13:
    Angel's Mercy
--> Terrifying Presence
    Island
 
Pack 1 pick 14:
    Island
--> Midvast Protector
 
Pack 1 pick 15:
--> Banners Raised
 
------ AVR ------
 
Pack 2 pick 1:
    Nettle Swine
    Gryff Vanguard
    Ghostform
    Latch Seeker
    Banners Raised
    Joint Assault
    Second Guess
    Defang
    Crypt Creeper
    Necrobite
    Flowering Lumberknot
    Moorland Inquisitor
    Swamp
--> Cathars' Crusade
    Triumph of Cruelty
 
Pack 2 pick 2:
    Gallows at Willow Hill
    Renegade Demon
    Borderland Ranger
    Wingcrafter
--> Midnight Duelist
    Somberwald Vigilante
    Havengul Skaab
    Galvanic Alchemist
    Plains
    Battle Hymn
    Polluted Dead
    Angelic Wall
    Gloomwidow
    Bower Passage
 
Pack 2 pick 3:
--> Spectral Prison
    Unhallowed Pact
    Bone Splinters
    Holy Justiciar
    Terrifying Presence
    Call to Serve
    Fervent Cathar
    Peel from Reality
    Havengul Vampire
    Mountain
    Amass the Components
    Snare the Skies
    Wild Defiance (FOIL)
 
Pack 2 pick 4:
    Bladed Bracers
    Defy Death
    Wingcrafter
    Spectral Gateguards
    Nightshade Peddler
    Ghostly Flicker
    Island
    Infinite Reflection
    Polluted Dead
    Moonlight Geist
    Grave Exchange
--> Human Frailty
 
Pack 2 pick 5:
    Grounded
    Searchlight Geist
    Natural End
    Scroll of Avacyn
    Fleeting Distraction
--> Blood Artist
    Wildwood Geist
    Moorland Inquisitor
    Forest
    Battle Hymn
    Devout Chaplain
 
Pack 2 pick 6:
    Bladed Bracers
    Guise of Fire
    Scrapskin Drake
--> Angel's Tomb
    Angelic Armaments
    Favorable Winds
    Diregraf Escort
    Undead Executioner
    Seraph Sanctuary
    Forest
 
Pack 2 pick 7:
    Renegade Demon
    Geist Snatch
    Spectral Gateguards
    Second Guess
--> Evernight Shade
    Galvanic Alchemist
    Island
    Grave Exchange
    Narstad Scrapper
 
Pack 2 pick 8:
    Thatcher Revolt
    Rotcrown Ghoul
    Angel's Tomb
    Plains
    Polluted Dead
    Angelic Wall
--> Midvast Protector
    Malicious Intent
 
Pack 2 pick 9:
    Gryff Vanguard
    Ghostform
    Banners Raised
    Second Guess
    Necrobite
    Swamp
--> Triumph of Cruelty
 
Pack 2 pick 10:
    Havengul Skaab
    Plains
    Battle Hymn
--> Polluted Dead
    Angelic Wall
    Bower Passage
 
Pack 2 pick 11:
    Unhallowed Pact
--> Bone Splinters
    Terrifying Presence
    Mountain
    Snare the Skies
 
Pack 2 pick 12:
    Spectral Gateguards
--> Ghostly Flicker
    Island
    Polluted Dead
 
Pack 2 pick 13:
    Grounded
    Forest
--> Battle Hymn
 
Pack 2 pick 14:
--> Seraph Sanctuary
    Forest
 
Pack 2 pick 15:
--> Island
 
------ AVR ------
 
Pack 3 pick 1:
    Gryff Vanguard
    Goldnight Redeemer
    Searchlight Geist
    Spectral Gateguards
    Trusted Forcemage
    Terrifying Presence
    Fervent Cathar
    Havengul Skaab
    Ghostly Flicker
    Pathbreaker Wurm
    Vessel of Endless Rest
--> Dark Impostor
    Dangerous Wager
    Plains
    Commander's Authority
 
Pack 3 pick 2:
    Thatcher Revolt
    Nettle Swine
    Wingcrafter
    Gryff Vanguard
    Latch Seeker
    Banners Raised
    Nightshade Peddler
    Second Guess
    Vanishment (FOIL)
--> Moorland Inquisitor
    Swamp
    Polluted Dead
    Triumph of Cruelty
    Midvast Protector
 
Pack 3 pick 3:
    Renegade Demon
    Borderland Ranger
    Somberwald Vigilante
    Spectral Gateguards
    Nightshade Peddler
    Kruin Striker
    Wolfir Avenger
    Ghostly Flicker
    Galvanic Alchemist
    Mountain
--> Moonlight Geist
    Commander's Authority
    Ghostly Touch
 
Pack 3 pick 4:
    Thunderbolt
    Crippling Chill
    Stern Mentor
    Natural End
    Cursebreak
    Cathedral Sanctifier
    Heirs of Stromkirk
    Flowering Lumberknot
    Mountain
    Snare the Skies
--> Mist Raven
    Descendants' Path
 
Pack 3 pick 5:
    Gallows at Willow Hill
    Dreadwaters
--> Homicidal Seclusion
    Blessings of Nature
    Havengul Skaab
    Uncanny Speed
    Dangerous Wager
    Island
    Lair Delve
    Essence Harvest (FOIL)
    Grave Exchange
 
Pack 3 pick 6:
    Midnight Duelist
--> Hunted Ghoul
    Demolish
    Banishing Stroke
    Scroll of Griselbrand
    Vanguard's Shield
    Plains
    Malicious Intent
    Ghostly Touch
    Vorstclaw
 
Pack 3 pick 7:
    Dreadwaters
    Mad Prophet
    Cursebreak
    Scroll of Griselbrand
    Righteous Blow
--> Necrobite
    Mountain
    Commander's Authority
    Ghostly Touch
 
Pack 3 pick 8:
--> Mental Agony
    Dreadwaters
    Zealous Strike
    Scroll of Avacyn
    Rite of Ruin
    Raging Poltergeist
    Mountain
    Snare the Skies
 
Pack 3 pick 9:
    Spectral Gateguards
    Terrifying Presence
    Havengul Skaab
--> Ghostly Flicker
    Dangerous Wager
    Plains
    Commander's Authority
 
Pack 3 pick 10:
    Banners Raised
    Second Guess
    Swamp
    Polluted Dead
--> Triumph of Cruelty
    Midvast Protector
 
Pack 3 pick 11:
    Renegade Demon
    Somberwald Vigilante
    Mountain
    Commander's Authority
--> Ghostly Touch
 
Pack 3 pick 12:
    Cursebreak
--> Cathedral Sanctifier
    Mountain
    Snare the Skies
 
Pack 3 pick 13:
--> Havengul Skaab
    Uncanny Speed
    Island
 
Pack 3 pick 14:
    Plains
--> Malicious Intent
 
Pack 3 pick 15:
--> Mountain
 
