Event #: 3972549
Time:    6/12/2012 7:38:04 PM
Players: 
    Blay
    Arashi
    Baedecker
    batum88
--> malthrin
    firebrand22
    Dementoid
    timetolove
 
------ AVR ------
 
Pack 1 pick 1:
    Gallows at Willow Hill
    Thatcher Revolt
    Ghoulflesh
    Wingcrafter
    Spectral Gateguards
--> Nightshade Peddler
    Kruin Striker
    Ghostly Flicker
    Farbog Explorer
    Nearheath Pilgrim
    Gang of Devils
    Swamp
    Polluted Dead
    Falkenrath Exterminator
    Midvast Protector
 
Pack 1 pick 2:
    Mental Agony
    Tormentor's Trident
    Joint Assault
--> Hanweir Lancer
    Call to Serve
    Mad Prophet
    Peel from Reality
    Righteous Blow
    Forest (FOIL)
    Island
    Snare the Skies
    Aggravate
    Wild Defiance
    Grave Exchange
 
Pack 1 pick 3:
    Elgaud Shieldmate
    Ghoulflesh
    Midnight Duelist
    Guise of Fire
    Cloudshift
    Geist Snatch
    Hunted Ghoul
--> Hanweir Lancer
    Bloodflow Connoisseur
    Island
    Demonic Taskmaster
    Commander's Authority
    Vorstclaw
 
Pack 1 pick 4:
    Mental Agony
    Spectral Prison
    Unhallowed Pact
    Sheltering Word
    Dreadwaters
    Crippling Chill
    Call to Serve
    Scroll of Avacyn
    Righteous Blow
    Plains
--> Amass the Components
    Devout Chaplain
 
Pack 1 pick 5:
--> Riot Ringleader
    Guise of Fire
    Barter in Blood
    Searchlight Geist
    Terrifying Presence
    Ghostly Flicker
    Pathbreaker Wurm
    Dangerous Wager
    Island
    Demonic Taskmaster
    Predator's Gambit
 
Pack 1 pick 6:
    Yew Spirit
--> Stonewright
    Ghostform
    Cloudshift
    Grounded
    Defang
    Cursebreak
    Necrobite
    Plains
    Narstad Scrapper
 
Pack 1 pick 7:
--> Thunderbolt
    Hunted Ghoul
    Cursebreak
    Raging Poltergeist
    Wildwood Geist
    Plains
    Butcher Ghoul
    Descendants' Path
    Haunted Guardian
 
Pack 1 pick 8:
    Ghoulflesh
    Ghostform
    Sheltering Word
    Geist Snatch
    Necrobite
    Island
    Triumph of Cruelty
--> Narstad Scrapper
 
Pack 1 pick 9:
    Gallows at Willow Hill
    Ghoulflesh
    Spectral Gateguards
    Ghostly Flicker
--> Gang of Devils
    Swamp
    Midvast Protector
 
Pack 1 pick 10:
    Mental Agony
    Forest (FOIL)
    Island
--> Snare the Skies
    Aggravate
    Grave Exchange
 
Pack 1 pick 11:
    Geist Snatch
    Hunted Ghoul
    Bloodflow Connoisseur
    Island
--> Demonic Taskmaster
 
Pack 1 pick 12:
    Unhallowed Pact
--> Sheltering Word
    Dreadwaters
    Plains
 
Pack 1 pick 13:
    Dangerous Wager
    Island
--> Predator's Gambit
 
Pack 1 pick 14:
--> Ghostform
    Plains
 
Pack 1 pick 15:
--> Plains
 
------ AVR ------
 
Pack 2 pick 1:
    Driver of the Dead
    Leap of Faith
    Geist Trappers
    Somberwald Vigilante
    Wandering Wolf
    Uncanny Speed
    Farbog Explorer
    Cathedral Sanctifier
    Fleeting Distraction
    Rain of Thorns
    Swamp
    Captain of the Mists
--> Captain of the Mists (FOIL)
    Ghostly Touch
    Haunted Guardian
 
Pack 2 pick 2:
    Thraben Valiant
    Spectral Prison
    Unhallowed Pact
    Otherworld Atlas
    Second Guess
    Natural End
    Defang
    Fleeting Distraction
--> Bloodflow Connoisseur
    Wildwood Geist
    Plains
    Battle Hymn
    Ghostly Touch
    Triumph of Ferocity
 
Pack 2 pick 3:
    Scalding Devil
    Goldnight Redeemer
    Abundant Growth
    Leap of Faith
    Alchemist's Apprentice
    Demolish
--> Fervent Cathar
    Diregraf Escort
    Havengul Vampire
    Voice of the Provinces
    Vanguard's Shield
    Forest
    Vorstclaw
 
Pack 2 pick 4:
    Bladed Bracers
    Conjurer's Closet
    Vigilante Justice
--> Scrapskin Drake
    Spectral Gateguards
    Ghostly Flicker
    Diregraf Escort
    Undead Executioner
    Seraph Sanctuary
    Mountain
    Grave Exchange
    Bower Passage
 
Pack 2 pick 5:
    Spectral Prison
    Unhallowed Pact
    Builder's Blessing
    Sheltering Word
    Cloudshift
    Joint Assault
    Terrifying Presence
    Defang
    Vessel of Endless Rest
    Forest
--> Predator's Gambit
 
Pack 2 pick 6:
    Renegade Demon
    Builder's Blessing
    Outwit
    Hunted Ghoul
--> Rite of Ruin
    Diregraf Escort
    Vanguard's Shield
    Dangerous Wager
    Wildwood Geist
    Plains
 
Pack 2 pick 7:
    Cloudshift
    Grounded
    Scroll of Avacyn
    Undead Executioner
    Scroll of Griselbrand
    Vanguard's Shield
    Forest
    Eaten by Spiders
--> Predator's Gambit
 
Pack 2 pick 8:
    Grounded
    Banners Raised
    Searchlight Geist
--> Homicidal Seclusion
    Rotcrown Ghoul
    Scroll of Avacyn
    Righteous Blow
    Plains
 
Pack 2 pick 9:
    Leap of Faith
    Geist Trappers
--> Fleeting Distraction
    Rain of Thorns
    Swamp
    Ghostly Touch
    Haunted Guardian
 
Pack 2 pick 10:
--> Unhallowed Pact
    Second Guess
    Natural End
    Wildwood Geist
    Plains
    Battle Hymn
 
Pack 2 pick 11:
--> Scalding Devil
    Leap of Faith
    Diregraf Escort
    Vanguard's Shield
    Forest
 
Pack 2 pick 12:
--> Conjurer's Closet
    Diregraf Escort
    Seraph Sanctuary
    Mountain
 
Pack 2 pick 13:
    Unhallowed Pact
--> Builder's Blessing
    Forest
 
Pack 2 pick 14:
--> Outwit
    Plains
 
Pack 2 pick 15:
--> Forest
 
------ AVR ------
 
Pack 3 pick 1:
    Borderland Ranger
    Corpse Traders
    Alchemist's Apprentice
    Angel's Mercy
    Rotcrown Ghoul
    Second Guess
    Natural End
    Pathbreaker Wurm
--> Dark Impostor
    Tandem Lookout
    Death Wind
    Swamp
    Essence Harvest
    Moonlight Geist
    Angelic Wall
 
Pack 3 pick 2:
    Corpse Traders
    Midnight Duelist
    Dreadwaters
    Maalfeld Twins
    Geist Trappers
    Seraph of Dawn
    Havengul Skaab
--> Demonlord of Ashmouth
    Voice of the Provinces
    Island
    Battle Hymn
    Butcher Ghoul
    Into the Void
    Angelic Wall
 
Pack 3 pick 3:
    Renegade Demon
    Somberwald Vigilante
    Stern Mentor
    Angelic Armaments
    Havengul Skaab
    Uncanny Speed
    Favorable Winds
    Dual Casting
--> Soulcage Fiend
    Galvanic Alchemist
    Swamp
    Lair Delve
    Polluted Dead
 
Pack 3 pick 4:
    Desolate Lighthouse
    Spectral Prison
    Bone Splinters
    Dreadwaters
    Grounded
    Call to Serve
    Defang
    Peel from Reality
--> Heirs of Stromkirk
    Plains
    Snare the Skies
    Triumph of Cruelty
 
Pack 3 pick 5:
    Renegade Demon
    Driver of the Dead
    Banners Raised
    Angel's Mercy
    Outwit
--> Demolish
    Seraph Sanctuary
    Rush of Blood
    Moorland Inquisitor
    Mountain
    Commander's Authority
 
Pack 3 pick 6:
    Ghostform
    Zealous Strike
    Geist Trappers
    Uncanny Speed
    Cathedral Sanctifier
    Soulcage Fiend
    Rush of Blood
--> Necrobite
    Mountain
    Lair Delve
 
Pack 3 pick 7:
    Sheltering Word
    Holy Justiciar
    Cathedral Sanctifier
    Scroll of Griselbrand
    Necrobite
    Flowering Lumberknot
    Forest
--> Butcher Ghoul
    Malicious Intent
 
Pack 3 pick 8:
    Spectral Gateguards
    Ghostly Flicker
--> Crypt Creeper
    Vessel of Endless Rest
    Flowering Lumberknot
    Swamp
    Battle Hymn
    Angelic Wall
 
Pack 3 pick 9:
--> Corpse Traders
    Angel's Mercy
    Rotcrown Ghoul
    Second Guess
    Natural End
    Swamp
    Essence Harvest
 
Pack 3 pick 10:
--> Corpse Traders
    Midnight Duelist
    Dreadwaters
    Havengul Skaab
    Island
    Battle Hymn
 
Pack 3 pick 11:
    Renegade Demon
    Havengul Skaab
--> Uncanny Speed
    Swamp
    Polluted Dead
 
Pack 3 pick 12:
    Dreadwaters
    Grounded
    Plains
--> Triumph of Cruelty
 
Pack 3 pick 13:
--> Outwit
    Seraph Sanctuary
    Mountain
 
Pack 3 pick 14:
--> Uncanny Speed
    Mountain
 
Pack 3 pick 15:
--> Forest
 
