Event #: 3976473
Time:    6/13/2012 9:28:25 PM
Players: 
    deagledan
    RedCrosse
    Dark_RICHual
    Boanerges
    GJarkeld
    tehSkiver
--> thornmallow
    orolo
 
------ AVR ------
 
Pack 1 pick 1:
    Bone Splinters
    Tormentor's Trident
    Sheltering Word
    Spectral Gateguards
    Call to Serve
    Scroll of Avacyn
    Favorable Winds
    Peel from Reality
    Scroll of Griselbrand
    Necrobite
    Heirs of Stromkirk
--> Tandem Lookout
    Swamp
    Amass the Components
    Treacherous Pit-Dweller
 
Pack 1 pick 2:
    Elgaud Shieldmate
    Thunderbolt
    Sheltering Word
    Zealous Strike
    Outwit
    Hunted Ghoul
    Defang
    Heirs of Stromkirk
    Dangerous Wager
    Wildwood Geist
    Swamp
--> Lightning Mauler
    Ghostly Touch
    Vorstclaw
 
Pack 1 pick 3:
    Mental Agony
    Ghostform
--> Latch Seeker
    Zealous Strike
    Howlgeist
    Scroll of Avacyn
    Mad Prophet
    Peel from Reality
    Marrow Bats
    Righteous Blow
    Island
    Snare the Skies
    Narstad Scrapper
 
Pack 1 pick 4:
--> Wingcrafter
    Bone Splinters
    Leap of Faith
    Demolish
    Evernight Shade
    Diregraf Escort
    Rain of Thorns
    Voice of the Provinces
    Vanguard's Shield
    Forest
    Amass the Components
    Descendants' Path
 
Pack 1 pick 5:
    Desolate Lighthouse
    Thraben Valiant
--> Thunderous Wrath
    Banners Raised
    Geist Snatch
    Spectral Gateguards
    Rotcrown Ghoul
    Soulcage Fiend
    Swamp
    Lair Delve
    Grave Exchange
 
Pack 1 pick 6:
    Thraben Valiant
--> Spectral Prison
    Unhallowed Pact
    Guise of Fire
    Banners Raised
    Joint Assault
    Call to Serve
    Soulcage Fiend
    Seraph Sanctuary (FOIL)
    Mountain
 
Pack 1 pick 7:
    Grounded
--> Kruin Striker
    Undead Executioner
    Voice of the Provinces
    Archangel
    Plains
    Essence Harvest
    Midvast Protector
    Narstad Scrapper
 
Pack 1 pick 8:
    Driver of the Dead
--> Elgaud Shieldmate
    Midnight Duelist
    Hunted Ghoul
    Farbog Explorer
    Galvanic Alchemist
    Mountain
    Essence Harvest
 
Pack 1 pick 9:
    Sheltering Word
    Scroll of Avacyn
    Favorable Winds
    Scroll of Griselbrand
    Necrobite
    Swamp
--> Amass the Components
 
Pack 1 pick 10:
    Sheltering Word
    Outwit
    Hunted Ghoul
    Dangerous Wager
--> Wildwood Geist
    Swamp
 
Pack 1 pick 11:
    Mental Agony
    Ghostform
    Scroll of Avacyn
    Island
--> Narstad Scrapper
 
Pack 1 pick 12:
    Leap of Faith
--> Diregraf Escort
    Vanguard's Shield
    Forest
 
Pack 1 pick 13:
    Banners Raised
--> Rotcrown Ghoul
    Swamp
 
Pack 1 pick 14:
--> Banners Raised
    Mountain
 
Pack 1 pick 15:
--> Grounded
 
------ AVR ------
 
Pack 2 pick 1:
    Desolate Lighthouse (FOIL)
    Bone Splinters
    Midnight Duelist
    Thunderbolt
    Cloudshift
    Geist Snatch
    Geist Trappers
    Blessings of Nature
    Hunted Ghoul
--> Hanweir Lancer
    Vanishment
    Dual Casting
    Vessel of Endless Rest
    Forest
    Butcher Ghoul
 
Pack 2 pick 2:
    Thatcher Revolt
    Bone Splinters
    Barter in Blood
    Nightshade Peddler
    Timberland Guide
--> Kruin Striker
    Scroll of Avacyn
    Farbog Explorer
    Voice of the Provinces
    Galvanic Alchemist
    Plains
    Aggravate
    Descendants' Path
    Midvast Protector
 
Pack 2 pick 3:
    Borderland Ranger
    Scalding Devil
--> Riot Ringleader
    Builder's Blessing
    Maalfeld Twins
    Alchemist's Apprentice
    Spectral Gateguards
    Wandering Wolf
    Island
    Amass the Components
    Essence Harvest
    Moonlight Geist
    Grave Exchange
 
Pack 2 pick 4:
    Builder's Blessing
--> Thunderbolt
    Dread Slaver
    Joint Assault
    Defang
    Cathedral Sanctifier
    Rush of Blood
    Necrobite
    Raging Poltergeist
    Flowering Lumberknot
    Swamp
    Malicious Intent
 
Pack 2 pick 5:
    Renegade Demon
    Driver of the Dead
    Scalding Devil
--> Alchemist's Apprentice
    Angel's Mercy
    Second Guess
    Stern Mentor
    Uncanny Speed
    Cathedral Sanctifier
    Swamp
    Lair Delve
 
Pack 2 pick 6:
    Unhallowed Pact
    Bone Splinters
    Zealous Strike
    Geist Snatch
    Terrifying Presence
--> Fervent Cathar
    Cursebreak
    Favorable Winds
    Mountain
    Snare the Skies
 
Pack 2 pick 7:
    Renegade Demon
    Driver of the Dead
    Searchlight Geist
--> Alchemist's Apprentice
    Angel's Mercy
    Pathbreaker Wurm
    Rain of Thorns
    Seraph Sanctuary
    Forest
 
Pack 2 pick 8:
--> Thatcher Revolt
    Renegade Demon
    Corpse Traders
    Voice of the Provinces
    Island
    Polluted Dead
    Midvast Protector
    Commander's Authority
 
Pack 2 pick 9:
    Bone Splinters
    Midnight Duelist
    Cloudshift
--> Geist Snatch
    Hunted Ghoul
    Dual Casting
    Forest
 
Pack 2 pick 10:
    Scroll of Avacyn
    Voice of the Provinces
    Plains
    Aggravate
--> Descendants' Path
    Midvast Protector
 
Pack 2 pick 11:
--> Scalding Devil
    Builder's Blessing
    Spectral Gateguards
    Island
    Essence Harvest
 
Pack 2 pick 12:
    Builder's Blessing
--> Rush of Blood
    Swamp
    Malicious Intent
 
Pack 2 pick 13:
    Angel's Mercy
--> Uncanny Speed
    Swamp
 
Pack 2 pick 14:
--> Favorable Winds
    Mountain
 
Pack 2 pick 15:
--> Forest
 
------ AVR ------
 
Pack 3 pick 1:
    Mental Agony
    Defy Death
    Ghostform
    Zealous Strike
--> Hanweir Lancer
    Wolfir Avenger
    Scroll of Avacyn
    Peel from Reality
    Havengul Vampire
    Righteous Blow
    Forest
    Snare the Skies
    Wild Defiance
    Wild Defiance (FOIL)
    Narstad Scrapper
 
Pack 3 pick 2:
    Bladed Bracers
--> Stonewright
    Midnight Duelist
    Guise of Fire
    Somberwald Vigilante
    Nightshade Peddler
    Fleeting Distraction
    Bloodflow Connoisseur
    Archangel
    Galvanic Alchemist
    Plains
    Polluted Dead
    Moonlight Geist
    Triumph of Ferocity
 
Pack 3 pick 3:
    Mental Agony
    Spectral Prison
    Unhallowed Pact
    Dreadwaters
    Call to Serve
--> Peel from Reality
    Marrow Bats
    Righteous Blow
    Raging Poltergeist
    Mountain
    Grave Exchange
    Gloomwidow
    Bower Passage
 
Pack 3 pick 4:
    Borderland Ranger
    Alchemist's Apprentice
    Vigilante Justice
    Angel's Mercy
    Rotcrown Ghoul
    Natural End
    Pathbreaker Wurm
--> Vanishment
    Plains
    Essence Harvest
    Moonlight Geist
    Angelic Wall
 
Pack 3 pick 5:
    Thraben Valiant
    Mental Agony
    Maalfeld Twins
    Banners Raised
    Conjurer's Closet
    Outwit
--> Mad Prophet
    Wildwood Geist
    Swamp
    Snare the Skies
    Grave Exchange (FOIL)
 
Pack 3 pick 6:
--> Tormentor's Trident
    Sheltering Word
    Banners Raised
    Zealous Strike
    Crippling Chill
    Outwit
    Mad Prophet
    Favorable Winds
    Flowering Lumberknot
    Swamp
 
Pack 3 pick 7:
    Ghostform
    Grounded
    Homicidal Seclusion
--> Hanweir Lancer
    Mad Prophet
    Cursebreak
    Scroll of Griselbrand
    Mountain
    Narstad Scrapper
 
Pack 3 pick 8:
    Bladed Bracers
    Ghoulflesh
--> Kruin Striker
    Rite of Ruin
    Diregraf Escort
    Seraph Sanctuary
    Island
    Predator's Gambit
 
Pack 3 pick 9:
    Mental Agony
--> Ghostform
    Zealous Strike
    Scroll of Avacyn
    Forest
    Wild Defiance
    Wild Defiance (FOIL)
 
Pack 3 pick 10:
--> Bladed Bracers
    Midnight Duelist
    Guise of Fire
    Plains
    Polluted Dead
    Moonlight Geist
 
Pack 3 pick 11:
--> Mental Agony
    Unhallowed Pact
    Dreadwaters
    Mountain
    Bower Passage
 
Pack 3 pick 12:
--> Vigilante Justice
    Angel's Mercy
    Plains
    Essence Harvest
 
Pack 3 pick 13:
--> Banners Raised
    Outwit
    Swamp
 
Pack 3 pick 14:
--> Banners Raised
    Swamp
 
Pack 3 pick 15:
--> Mountain
 
