Event #: 3980740
Time:    6/14/2012 7:23:01 PM
Players: 
--> bqlohr
    luxu
    000MTG000
    skulldeath
    bubbas19
    Kurtis
    diotheworld
    chrismc77
 
------ AVR ------
 
Pack 1 pick 1:
    Thraben Valiant
    Guise of Fire
    Sheltering Word
    Banners Raised
    Rotcrown Ghoul
    Mad Prophet
    Soulcage Fiend
    Havengul Vampire
    Scroll of Griselbrand
    Necrobite
    Swamp
--> Mist Raven
    Lone Revenant
    Devout Chaplain
    Haunted Guardian
 
Pack 1 pick 2:
    Thatcher Revolt
    Homicidal Seclusion
    Nightshade Peddler
--> Timberland Guide
    Angel's Tomb
    Natural End
    Farbog Explorer
    Fleeting Distraction
    Moorland Inquisitor
    Forest
    Battle Hymn
    Demonic Taskmaster
    Polluted Dead
    Midvast Protector
 
Pack 1 pick 3:
--> Borderland Ranger
    Tormentor's Trident
    Dreadwaters
    Alchemist's Apprentice
    Angel's Mercy
    Nearheath Pilgrim
    Voice of the Provinces
    Death Wind
    Island
    Amass the Components
    Essence Harvest
    Descendants' Path
    Moonlight Geist
 
Pack 1 pick 4:
    Thunderbolt
    Pillar of Flame
    Stern Mentor
    Natural End
    Cursebreak
    Cathedral Sanctifier
--> Peel from Reality
    Raging Poltergeist
    Swamp
    Butcher Ghoul
    Angelic Wall
    Vorstclaw
 
Pack 1 pick 5:
    Midnight Duelist
    Maalfeld Twins
--> Geist Trappers
    Demolish
    Seraph Sanctuary
    Scroll of Griselbrand
    Vanguard's Shield
    Wildwood Geist
    Forest
    Butcher Ghoul
    Vorstclaw
 
Pack 1 pick 6:
    Builder's Blessing
    Midnight Duelist
    Cloudshift
    Spectral Gateguards
    Hunted Ghoul
    Terrifying Presence
    Fervent Cathar
--> Flowering Lumberknot
    Forest
    Malicious Intent
 
Pack 1 pick 7:
    Ghostform
    Zealous Strike
    Uncanny Speed
    Crypt Creeper
    Necrobite
    Dangerous Wager
    Island
--> Lair Delve
    Narstad Scrapper (FOIL)
 
Pack 1 pick 8:
    Unhallowed Pact
    Second Guess
--> Havengul Skaab
    Uncanny Speed
    Soulcage Fiend
    Dangerous Wager
    Plains
    Lair Delve
 
Pack 1 pick 9:
    Guise of Fire
--> Sheltering Word
    Banners Raised
    Rotcrown Ghoul
    Scroll of Griselbrand
    Necrobite
    Swamp
 
Pack 1 pick 10:
--> Natural End
    Fleeting Distraction
    Forest
    Battle Hymn
    Polluted Dead
    Midvast Protector
 
Pack 1 pick 11:
--> Tormentor's Trident
    Dreadwaters
    Angel's Mercy
    Island
    Essence Harvest
 
Pack 1 pick 12:
--> Natural End
    Cursebreak
    Raging Poltergeist
    Swamp
 
Pack 1 pick 13:
--> Demolish
    Seraph Sanctuary
    Forest
 
Pack 1 pick 14:
    Forest
--> Malicious Intent
 
Pack 1 pick 15:
--> Island
 
------ AVR ------
 
Pack 2 pick 1:
    Desolate Lighthouse
    Bladed Bracers
--> Wingcrafter
    Latch Seeker
    Abundant Growth
    Nightshade Peddler
    Demolish
    Seraph of Dawn
    Havengul Vampire
    Voice of the Provinces
    Death Wind
    Island
    Polluted Dead
    Narstad Scrapper
    Human Frailty
 
Pack 2 pick 2:
    Driver of the Dead
    Grounded
    Angel's Mercy
    Timberland Guide
    Demolish
    Hanweir Lancer
    Scroll of Avacyn
    Seraph Sanctuary
    Rush of Blood
    Vanguard's Shield
    Island
    Predator's Gambit
--> Gloomwidow
    Bower Passage
 
Pack 2 pick 3:
    Driver of the Dead
    Ghoulflesh
    Cloudshift
    Leap of Faith
    Somberwald Vigilante
    Timberland Guide
--> Nephalia Smuggler
    Galvanic Alchemist
    Island
    Essence Harvest
    Predator's Gambit
    Gloomwidow
    Appetite for Brains
 
Pack 2 pick 4:
    Defy Death
    Riot Ringleader
    Somberwald Vigilante
    Nightshade Peddler
    Ghostly Flicker
--> Howlgeist
    Blood Artist
    Galvanic Alchemist
    Island
    Polluted Dead
    Moonlight Geist
    Grave Exchange
 
Pack 2 pick 5:
    Renegade Demon
    Geist Trappers
--> Blessings of Nature
    Nightshade Peddler
    Uncanny Speed
    Cathedral Sanctifier
    Plains
    Plains (FOIL)
    Lair Delve
    Polluted Dead
    Midvast Protector
 
Pack 2 pick 6:
    Bladed Bracers
    Corpse Traders
    Leap of Faith
    Demolish
    Second Guess
    Uncanny Speed
--> Diregraf Escort
    Soulcage Fiend
    Plains
    Lair Delve
 
Pack 2 pick 7:
    Scalding Devil
    Ghostly Flicker
    Kessig Malcontents
--> Nephalia Smuggler
    Undead Executioner
    Plains
    Essence Harvest
    Predator's Gambit
    Midvast Protector
 
Pack 2 pick 8:
    Unhallowed Pact
    Ghostform
--> Mass Appeal
    Uncanny Speed
    Crypt Creeper
    Dangerous Wager
    Swamp
    Lair Delve
 
Pack 2 pick 9:
    Bladed Bracers
--> Abundant Growth
    Demolish
    Island
    Polluted Dead
    Narstad Scrapper
    Human Frailty
 
Pack 2 pick 10:
    Grounded
    Angel's Mercy
    Seraph Sanctuary
--> Rush of Blood
    Vanguard's Shield
    Island
 
Pack 2 pick 11:
    Driver of the Dead
    Leap of Faith
--> Somberwald Vigilante
    Island
    Predator's Gambit
 
Pack 2 pick 12:
    Somberwald Vigilante
    Island
    Polluted Dead
--> Moonlight Geist
 
Pack 2 pick 13:
    Plains
--> Lair Delve
    Polluted Dead
 
Pack 2 pick 14:
--> Second Guess
    Plains
 
Pack 2 pick 15:
--> Ghostly Flicker
 
------ AVR ------
 
Pack 3 pick 1:
    Thraben Valiant
    Driver of the Dead
    Builder's Blessing
    Leap of Faith
    Somberwald Vigilante
    Outwit
--> Wandering Wolf
    Lightning Prowess
    Dark Impostor
    Bloodflow Connoisseur
    Wildwood Geist
    Galvanic Alchemist
    Mountain
    Essence Harvest
    Devout Chaplain
 
Pack 3 pick 2:
    Ghoulflesh
    Abundant Growth
    Holy Justiciar
--> Crippling Chill
    Joint Assault
    Kruin Striker
    Cursebreak
    Evernight Shade
    Necrobite
    Raging Poltergeist
    Mountain
    Snare the Skies
    Predator's Gambit
    Bower Passage
 
Pack 3 pick 3:
    Corpse Traders
    Bone Splinters
    Midnight Duelist
    Guise of Fire
    Barter in Blood
    Spectral Gateguards
    Hunted Ghoul
    Scroll of Avacyn
    Fleeting Distraction
    Bloodflow Connoisseur
    Forest
    Amass the Components
--> Into the Void
 
Pack 3 pick 4:
    Mental Agony
    Thunderbolt
    Zealous Strike
    Outwit
    Outwit (FOIL)
    Hunted Ghoul
    Crypt Creeper
    Mad Prophet
    Raging Poltergeist
    Dangerous Wager
    Swamp
--> Triumph of Ferocity
 
Pack 3 pick 5:
    Bladed Bracers
    Midnight Duelist
    Havengul Skaab
    Diregraf Escort
    Gang of Devils
    Undead Executioner
    Seraph Sanctuary
    Plains
    Battle Hymn
--> Burn at the Stake
    Angelic Wall
 
Pack 3 pick 6:
    Renegade Demon
    Driver of the Dead
    Scalding Devil
--> Riot Ringleader
    Dreadwaters
    Angel's Mercy
    Rite of Ruin
    Vanguard's Shield
    Island
    Grave Exchange
 
Pack 3 pick 7:
--> Thunderbolt
    Cloudshift
    Grounded
    Geist Trappers
    Outwit
    Hunted Ghoul
    Wildwood Geist
    Forest
    Narstad Scrapper
 
Pack 3 pick 8:
    Spectral Prison
    Unhallowed Pact
    Banners Raised
--> Fettergeist
    Cathedral Sanctifier
    Soulcage Fiend
    Swamp
    Lair Delve
 
Pack 3 pick 9:
    Driver of the Dead
    Builder's Blessing
    Leap of Faith
    Somberwald Vigilante
--> Bloodflow Connoisseur
    Mountain
    Devout Chaplain
 
Pack 3 pick 10:
    Cursebreak
    Raging Poltergeist
    Mountain
--> Snare the Skies
    Predator's Gambit
    Bower Passage
 
Pack 3 pick 11:
    Corpse Traders
    Hunted Ghoul
--> Fleeting Distraction
    Bloodflow Connoisseur
    Forest
 
Pack 3 pick 12:
--> Outwit
    Raging Poltergeist
    Dangerous Wager
    Swamp
 
Pack 3 pick 13:
--> Seraph Sanctuary
    Plains
    Battle Hymn
 
Pack 3 pick 14:
--> Angel's Mercy
    Island
 
Pack 3 pick 15:
--> Forest
 
