Event #: 3982964
Time:    6/15/2012 10:23:15 AM
Players: 
    milhouse46
    Mafigon
    Oraymw
    sckchu
    Bubbley_Bubble
    rongstad4GB
    Sessrumnir
    MagicPlayer11118946534
 
------ AVR ------
 
Pack 1 pick 1:
    Driver of the Dead
    Latch Seeker
    Leap of Faith
    Somberwald Vigilante
--> Gisela, Blade of Goldnight
    Spectral Gateguards
    Wandering Wolf
    Terrifying Presence
    Fervent Cathar
    Ghostly Flicker
    Nearheath Pilgrim
    Gang of Devils
    Galvanic Alchemist
    Mountain
    Essence Harvest
 
Pack 1 pick 2:
    Midnight Duelist
    Geist Trappers
    Holy Justiciar
    Scrapskin Drake
--> Timberland Guide
    Demolish
    Mass Appeal
    Undead Executioner
    Scroll of Griselbrand
    Vanguard's Shield
    Wildwood Geist
    Forest
    Butcher Ghoul
    Falkenrath Exterminator
 
Pack 1 pick 3:
    Stonewright
    Abundant Growth
    Crippling Chill
--> Joint Assault
    Fervent Cathar
    Cursebreak
    Gloom Surgeon
    Voice of the Provinces
    Necrobite
    Raging Poltergeist
    Mountain
    Snare the Skies
    Bower Passage
 
Pack 1 pick 4:
    Searchlight Geist
    Alchemist's Apprentice
    Angel's Mercy
    Favorable Winds
    Fleeting Distraction
    Death Wind
--> Moorland Inquisitor
    Plains
    Essence Harvest
    Malicious Intent
    Triumph of Ferocity
    Human Frailty
 
Pack 1 pick 5:
    Midnight Duelist
    Guise of Fire
--> Abundant Growth
    Otherworld Atlas
    Uncanny Speed
    Cathedral Sanctifier
    Fleeting Distraction
    Bloodflow Connoisseur
    Island
    Predator's Gambit
    Bower Passage
 
Pack 1 pick 6:
    Midnight Duelist
    Guise of Fire
--> Joint Assault
    Hunted Ghoul
    Cursebreak
    Raging Poltergeist
    Bloodflow Connoisseur
    Plains
    Snare the Skies
    Haunted Guardian
 
Pack 1 pick 7:
    Bladed Bracers
--> Geist Trappers
    Nightshade Peddler
    Demolish
    Soulcage Fiend
    Blood Artist
    Swamp
    Lair Delve
    Polluted Dead
 
Pack 1 pick 8:
--> Bladed Bracers
    Banners Raised
    Rotcrown Ghoul
    Second Guess
    Soulcage Fiend
    Mountain
    Polluted Dead
    Commander's Authority
 
Pack 1 pick 9:
    Driver of the Dead
    Leap of Faith
    Somberwald Vigilante
    Ghostly Flicker
--> Galvanic Alchemist
    Mountain
    Essence Harvest
 
Pack 1 pick 10:
    Midnight Duelist
--> Holy Justiciar
    Demolish
    Scroll of Griselbrand
    Vanguard's Shield
    Forest
 
Pack 1 pick 11:
--> Cursebreak
    Necrobite
    Raging Poltergeist
    Mountain
    Bower Passage
 
Pack 1 pick 12:
--> Angel's Mercy
    Plains
    Essence Harvest
    Malicious Intent
 
Pack 1 pick 13:
--> Uncanny Speed
    Island
    Bower Passage
 
Pack 1 pick 14:
    Hunted Ghoul
--> Plains
 
Pack 1 pick 15:
--> Swamp
 
------ AVR ------
 
Pack 2 pick 1:
    Bladed Bracers
    Bone Splinters
    Leap of Faith
    Scrapskin Drake
    Wandering Wolf
    Stern Mentor
    Scroll of Avacyn
    Farbog Explorer
    Vanishment
    Vessel of Endless Rest
    Undead Executioner
    Voice of the Provinces
    Plains
    Amass the Components
--> Silverblade Paladin
 
Pack 2 pick 2:
    Spectral Prison
    Geist Snatch
    Spectral Gateguards
    Call to Serve
    Defang
    Howlgeist
    Kessig Malcontents
--> Nearheath Pilgrim
    Peel from Reality
    Heirs of Stromkirk
    Swamp
    Snare the Skies
    Grave Exchange
    Narstad Scrapper
 
Pack 2 pick 3:
    Mental Agony
    Spectral Prison
    Ghoulflesh
    Unhallowed Pact
    Sheltering Word
    Abundant Growth
    Angel's Tomb
--> Hanweir Lancer
    Call to Serve
    Blood Artist
    Swamp
    Treacherous Pit-Dweller
    Predator's Gambit
 
Pack 2 pick 4:
    Desolate Lighthouse
--> Thraben Valiant
    Outwit
    Natural End
    Bloodflow Connoisseur
    Wildwood Geist
    Archangel
    Forest
    Battle Hymn
    Grave Exchange
    Narstad Scrapper
    Appetite for Brains
 
Pack 2 pick 5:
    Ghoulflesh
    Defy Death
    Thunderbolt
    Geist Snatch
--> Geist Trappers
    Outwit
    Hunted Ghoul
    Dual Casting
    Wildwood Geist
    Forest
    Narstad Scrapper
 
Pack 2 pick 6:
    Rotcrown Ghoul
    Angelic Armaments
    Cursebreak
    Rain of Thorns
    Raging Poltergeist
    Alchemist's Refuge
--> Moorland Inquisitor
    Island
    Angelic Wall
    Malicious Intent
 
Pack 2 pick 7:
    Gallows at Willow Hill
    Renegade Demon
    Ghoulflesh
    Corpse Traders
--> Cloudshift
    Mountain (FOIL)
    Plains
    Polluted Dead
    Midvast Protector
 
Pack 2 pick 8:
    Dreadwaters
    Banners Raised
    Geist Trappers
    Rotcrown Ghoul
    Scroll of Avacyn
    Mountain
    Lair Delve
--> Devout Chaplain
 
Pack 2 pick 9:
    Bladed Bracers
    Leap of Faith
    Scroll of Avacyn
--> Vessel of Endless Rest
    Voice of the Provinces
    Plains
    Amass the Components
 
Pack 2 pick 10:
    Geist Snatch
--> Spectral Gateguards
    Call to Serve
    Swamp
    Snare the Skies
    Narstad Scrapper
 
Pack 2 pick 11:
    Mental Agony
    Unhallowed Pact
    Sheltering Word
--> Call to Serve
    Swamp
 
Pack 2 pick 12:
    Outwit
    Forest
    Battle Hymn
--> Appetite for Brains
 
Pack 2 pick 13:
    Outwit
    Forest
--> Narstad Scrapper
 
Pack 2 pick 14:
    Island
--> Malicious Intent
 
Pack 2 pick 15:
--> Plains
 
------ AVR ------
 
Pack 3 pick 1:
    Spectral Prison
    Unhallowed Pact
--> Angel of Glory's Rise
    Midnight Duelist
    Guise of Fire
    Pillar of Flame
    Lightning Prowess
    Defang
    Uncanny Speed
    Cathedral Sanctifier
    Fleeting Distraction
    Bloodflow Connoisseur
    Island
    Into the Void
    Bower Passage
 
Pack 3 pick 2:
    Mental Agony
    Nettle Swine
    Zealous Strike
    Homicidal Seclusion
--> Druid's Familiar
    Havengul Skaab
    Crypt Creeper
    Mad Prophet
    Raging Poltergeist
    Flowering Lumberknot
    Island
    Battle Hymn
    Into the Void
    Angelic Wall
 
Pack 3 pick 3:
    Harvester of Souls
    Sheltering Word
    Zealous Strike
    Spectral Gateguards
    Joint Assault
    Ghostly Flicker
    Favorable Winds
--> Banishing Stroke
    Necrobite
    Heirs of Stromkirk
    Heirs of Stromkirk (FOIL)
    Swamp
    Grave Exchange
 
Pack 3 pick 4:
    Nettle Swine
    Ghostform
    Banners Raised
    Crippling Chill
    Defang
    Crypt Creeper
    Rain of Thorns
--> Flowering Lumberknot
    Moorland Inquisitor
    Swamp
    Captain of the Mists
    Haunted Guardian
 
Pack 3 pick 5:
    Sheltering Word
--> Cloudshift
    Grounded
    Call to Serve
    Lightning Prowess
    Scroll of Avacyn
    Cursebreak
    Scroll of Griselbrand
    Necrobite
    Mountain
    Predator's Gambit
 
Pack 3 pick 6:
    Midnight Duelist
    Angel's Mercy
    Demolish
    Havengul Skaab
    Seraph Sanctuary
    Vanguard's Shield
    Plains
    Battle Hymn
    Triumph of Cruelty
--> Angelic Wall
 
Pack 3 pick 7:
--> Tormentor's Trident
    Guise of Fire
    Sheltering Word
    Searchlight Geist
    Pathbreaker Wurm
    Scroll of Griselbrand
    Necrobite
    Dangerous Wager
    Plains
 
Pack 3 pick 8:
    Renegade Demon
    Driver of the Dead
    Tormentor's Trident
    Terrifying Presence
--> Diregraf Escort
    Vanguard's Shield
    Island
    Predator's Gambit
 
Pack 3 pick 9:
    Unhallowed Pact
    Midnight Duelist
--> Guise of Fire
    Uncanny Speed
    Bloodflow Connoisseur
    Island
    Bower Passage
 
Pack 3 pick 10:
    Mental Agony
    Crypt Creeper
    Raging Poltergeist
--> Flowering Lumberknot
    Island
    Battle Hymn
 
Pack 3 pick 11:
    Ghostly Flicker
    Favorable Winds
    Necrobite
    Swamp
--> Grave Exchange
 
Pack 3 pick 12:
    Ghostform
    Banners Raised
--> Crypt Creeper
    Swamp
 
Pack 3 pick 13:
    Grounded
--> Scroll of Griselbrand
    Mountain
 
Pack 3 pick 14:
    Vanguard's Shield
--> Battle Hymn
 
Pack 3 pick 15:
--> Plains
 
