Event #: 4009195
Time:    6/21/2012 9:03:05 PM
Players: 
    420raver
    MagicPlayer22400
    psew
    jburdeezy
--> malthrin
    africangore
    changeling316
    Kbc
 
------ AVR ------
 
Pack 1 pick 1:
    Nettle Swine
    Gryff Vanguard
    Banners Raised
    Crippling Chill
    Fettergeist
    Howlgeist
    Crypt Creeper
    Mad Prophet
    Cursebreak
--> Ulvenwald Tracker
    Scroll of Griselbrand (FOIL)
    Blood Artist
    Flowering Lumberknot
    Swamp
    Angelic Wall
 
Pack 1 pick 2:
    Desolate Lighthouse
    Thatcher Revolt (FOIL)
    Bone Splinters
    Riot Ringleader
    Somberwald Vigilante
    Spectral Gateguards
--> Nightshade Peddler
    Angel's Tomb
    Lightning Prowess
    Galvanic Alchemist
    Island
    Polluted Dead
    Moonlight Geist
    Bower Passage
 
Pack 1 pick 3:
    Thraben Valiant
--> Nettle Swine
    Emancipation Angel
    Ghostform
    Pillar of Flame
    Banners Raised
    Joint Assault
    Outwit
    Cursebreak
    Slayers' Stronghold
    Moorland Inquisitor
    Swamp
    Human Frailty
 
Pack 1 pick 4:
    Midnight Duelist
--> Geist Trappers
    Alchemist's Apprentice
    Vigilante Justice
    Wildwood Geist
    Forest
    Battle Hymn
    Essence Harvest
    Butcher Ghoul
    Moonlight Geist
    Vorstclaw
    Haunted Guardian
 
Pack 1 pick 5:
    Driver of the Dead
    Searchlight Geist
    Angel's Mercy
--> Timberland Guide
    Demolish
    Pathbreaker Wurm
    Seraph Sanctuary
    Vanguard's Shield
    Forest
    Lunar Mystic
    Devout Chaplain
 
Pack 1 pick 6:
    Thatcher Revolt
    Scrapskin Drake
    Angel's Mercy
    Havengul Skaab
    Diregraf Escort
    Vessel of Endless Rest
    Seraph Sanctuary
--> Flowering Lumberknot
    Plains
    Angelic Wall
 
Pack 1 pick 7:
    Sheltering Word
    Zealous Strike
    Spectral Gateguards
    Second Guess
--> Fervent Cathar
    Ghostly Flicker
    Necrobite
    Heirs of Stromkirk
    Mountain
 
Pack 1 pick 8:
    Bladed Bracers
    Leap of Faith
    Demolish
    Natural End
    Diregraf Escort
    Fleeting Distraction
    Plains
--> Falkenrath Exterminator
 
Pack 1 pick 9:
    Banners Raised
    Crippling Chill
--> Mad Prophet
    Cursebreak
    Scroll of Griselbrand (FOIL)
    Flowering Lumberknot
    Swamp
 
Pack 1 pick 10:
--> Somberwald Vigilante
    Spectral Gateguards
    Galvanic Alchemist
    Island
    Polluted Dead
    Bower Passage
 
Pack 1 pick 11:
    Ghostform
--> Banners Raised
    Outwit
    Cursebreak
    Swamp
 
Pack 1 pick 12:
    Midnight Duelist
    Forest
--> Battle Hymn
    Essence Harvest
 
Pack 1 pick 13:
    Seraph Sanctuary
--> Vanguard's Shield
    Forest
 
Pack 1 pick 14:
    Seraph Sanctuary
--> Plains
 
Pack 1 pick 15:
--> Mountain
 
------ AVR ------
 
Pack 2 pick 1:
    Spirit Away
    Cloudshift
    Grounded
    Natural End
--> Wolfir Avenger
    Scroll of Avacyn
    Fleeting Distraction
    Bloodflow Connoisseur
    Wildwood Geist
    Moorland Inquisitor
    Forest
    Battle Hymn
    Predator's Gambit
    Aggravate
    Commander's Authority
 
Pack 2 pick 2:
    Elgaud Shieldmate
    Midnight Duelist
    Dreadwaters
    Maalfeld Twins
    Hunted Ghoul
--> Fervent Cathar
    Voice of the Provinces
    Blood Artist
    Flowering Lumberknot
    Forest
    Amass the Components
    Stolen Goods
    Into the Void
    Malicious Intent
 
Pack 2 pick 3:
    Mental Agony
    Bone Splinters
    Ghostform
    Zealous Strike
    Geist Snatch
    Spectral Gateguards
    Terrifying Presence
    Evernight Shade
    Peel from Reality
    Mountain
    Snare the Skies
--> Reforge the Soul
    Appetite for Brains
 
Pack 2 pick 4:
--> Nettle Swine
    Harvester of Souls
    Sheltering Word
    Stern Mentor
    Havengul Skaab
    Uncanny Speed
    Mad Prophet
    Soulcage Fiend
    Dangerous Wager
    Island
    Demonic Taskmaster
    Lair Delve
 
Pack 2 pick 5:
    Thraben Valiant
    Guise of Fire
    Banners Raised
--> Abundant Growth
    Rotcrown Ghoul
    Soulcage Fiend
    Archangel
    Mountain
    Aggravate
    Grave Exchange
    Appetite for Brains
 
Pack 2 pick 6:
    Ghoulflesh
    Builder's Blessing
    Ghostform
--> Joint Assault
    Cursebreak
    Necrobite
    Raging Poltergeist
    Mountain
    Eaten by Spiders
    Narstad Scrapper
 
Pack 2 pick 7:
    Dreadwaters
    Geist Snatch
    Outwit
--> Hanweir Lancer
    Bloodflow Connoisseur
    Wildwood Geist
    Archangel
    Forest
    Battle Hymn
 
Pack 2 pick 8:
    Mental Agony
    Geist Snatch
    Defang
    Mass Appeal
--> Raging Poltergeist
    Swamp
    Snare the Skies
    Ghostly Touch
 
Pack 2 pick 9:
    Grounded
    Scroll of Avacyn
    Forest
    Battle Hymn
    Predator's Gambit
--> Aggravate
    Commander's Authority
 
Pack 2 pick 10:
    Midnight Duelist
    Dreadwaters
--> Maalfeld Twins
    Hunted Ghoul
    Forest
    Malicious Intent
 
Pack 2 pick 11:
    Mental Agony
    Ghostform
    Geist Snatch
--> Evernight Shade
    Mountain
 
Pack 2 pick 12:
    Sheltering Word
    Dangerous Wager
    Island
--> Lair Delve
 
Pack 2 pick 13:
    Rotcrown Ghoul
    Mountain
--> Aggravate
 
Pack 2 pick 14:
--> Cursebreak
    Mountain
 
Pack 2 pick 15:
--> Forest
 
------ AVR ------
 
Pack 3 pick 1:
    Builder's Blessing
    Sheltering Word
    Banners Raised
--> Geist Trappers
    Call to Serve
    Cathedral Sanctifier
    Vessel of Endless Rest
    Soulcage Fiend
    Necrobite
    Heirs of Stromkirk
    Mountain
    Eaten by Spiders
    Lair Delve
    Mist Raven
    Wild Defiance
 
Pack 3 pick 2:
    Thatcher Revolt
    Searchlight Geist
    Nightshade Peddler
--> Timberland Guide
    Rotcrown Ghoul
    Howlgeist
    Pathbreaker Wurm
    Farbog Explorer
    Marrow Bats
    Galvanic Alchemist
    Plains
    Eaten by Spiders
    Tyrant of Discord
    Malicious Intent
 
Pack 3 pick 3:
    Elgaud Shieldmate
    Ghostform (FOIL)
    Leap of Faith
    Goldnight Commander
    Scrapskin Drake
    Outwit
    Wandering Wolf
    Farbog Explorer
    Gang of Devils
    Rain of Thorns
    Dangerous Wager
    Mountain
--> Silverblade Paladin
 
Pack 3 pick 4:
    Elgaud Shieldmate
    Goldnight Redeemer
    Thunderbolt
    Abundant Growth
    Outwit
    Hunted Ghoul
    Fervent Cathar
    Crypt Creeper
--> Havengul Vampire
    Voice of the Provinces
    Dangerous Wager
    Mountain
 
Pack 3 pick 5:
    Driver of the Dead
    Builder's Blessing
    Geist Trappers
    Somberwald Vigilante
--> Timberland Guide
    Hunted Ghoul
    Farbog Explorer
    Wildwood Geist
    Forest
    Snare the Skies (FOIL)
    Essence Harvest
 
Pack 3 pick 6:
    Thatcher Revolt
--> Nettle Swine
    Angel's Mercy
    Stern Mentor
    Havengul Skaab
    Uncanny Speed
    Diregraf Escort
    Seraph Sanctuary
    Swamp
    Lair Delve
 
Pack 3 pick 7:
    Ghoulflesh
    Geist Snatch
    Leap of Faith
    Somberwald Vigilante
--> Wandering Wolf
    Rush of Blood
    Island
    Essence Harvest
    Triumph of Cruelty
 
Pack 3 pick 8:
    Dreadwaters
    Lightning Prowess
    Scroll of Avacyn
--> Kessig Malcontents
    Undead Executioner
    Scroll of Griselbrand
    Plains
    Midvast Protector
 
Pack 3 pick 9:
    Builder's Blessing
    Sheltering Word
    Banners Raised
    Call to Serve
    Necrobite
    Mountain
--> Lair Delve
 
Pack 3 pick 10:
    Thatcher Revolt
    Rotcrown Ghoul
    Plains
--> Eaten by Spiders
    Tyrant of Discord
    Malicious Intent
 
Pack 3 pick 11:
--> Elgaud Shieldmate
    Ghostform (FOIL)
    Leap of Faith
    Outwit
    Mountain
 
Pack 3 pick 12:
    Outwit
    Hunted Ghoul
--> Dangerous Wager
    Mountain
 
Pack 3 pick 13:
    Somberwald Vigilante
    Forest
--> Essence Harvest
 
Pack 3 pick 14:
--> Angel's Mercy
    Swamp
 
Pack 3 pick 15:
--> Island
 
