Event #: 4017760
Time:    6/23/2012 9:30:07 PM
Players: 
    lehviput
    yama0428
--> bqlohr
    narsnarf
    PhyrexianPants
    Chapel1138
    Coogi
    FFMirhi
 
------ AVR ------
 
Pack 1 pick 1:
    Thraben Valiant
    Scalding Devil
    Thunderous Wrath
    Leap of Faith
    Alchemist's Apprentice
    Blessings of Nature
    Outwit
    Demolish
    Mass Appeal
    Diregraf Escort
    Bloodflow Connoisseur
    Vanguard's Shield
    Wildwood Geist
    Mountain
--> Bonfire of the Damned
 
Pack 1 pick 2:
    Barter in Blood
    Banners Raised
    Angel's Tomb
    Terrifying Presence
    Defang (FOIL)
    Scroll of Avacyn
--> Zealous Conscripts
    Cathedral Sanctifier
    Soulcage Fiend
    Righteous Blow
    Swamp
    Amass the Components
    Demonic Taskmaster
    Lair Delve
 
Pack 1 pick 3:
    Elgaud Shieldmate
    Ghoulflesh
    Nettle Swine
    Geist Snatch
--> Kruin Striker
    Uncanny Speed
    Ghostly Flicker
    Crypt Creeper
    Vessel of Endless Rest
    Rush of Blood
    Dangerous Wager
    Swamp
    Lair Delve
 
Pack 1 pick 4:
    Mental Agony
    Spectral Prison
    Searchlight Geist
--> Vigilante Justice
    Stern Mentor
    Call to Serve
    Havengul Skaab
    Pathbreaker Wurm
    Soulcage Fiend
    Dangerous Wager
    Plains
    Reforge the Soul
 
Pack 1 pick 5:
    Unhallowed Pact
    Ghostform
    Dreadwaters
    Zealous Strike
    Crippling Chill
    Gang of Devils
    Voice of the Provinces
    Heirs of Stromkirk
--> Tandem Lookout
    Swamp
    Amass the Components
 
Pack 1 pick 6:
    Driver of the Dead
    Midnight Duelist
--> Guise of Fire
    Leap of Faith
    Somberwald Vigilante
    Hunted Ghoul
    Vessel of Endless Rest
    Plains
    Essence Harvest
    Commander's Authority
 
Pack 1 pick 7:
--> Riot Ringleader
    Nightshade Peddler
    Fervent Cathar
    Ghostly Flicker
    Farbog Explorer
    Havengul Vampire
    Forest
    Predator's Gambit
    Midvast Protector
 
Pack 1 pick 8:
    Grounded
    Otherworld Atlas
    Havengul Skaab
    Island
    Battle Hymn
    Triumph of Cruelty
--> Angelic Wall
    Narstad Scrapper
 
Pack 1 pick 9:
--> Scalding Devil
    Leap of Faith
    Outwit
    Demolish
    Mass Appeal
    Vanguard's Shield
    Mountain
 
Pack 1 pick 10:
    Banners Raised
    Terrifying Presence
--> Cathedral Sanctifier
    Soulcage Fiend
    Swamp
    Lair Delve
 
Pack 1 pick 11:
--> Ghoulflesh
    Uncanny Speed
    Dangerous Wager
    Swamp
    Lair Delve
 
Pack 1 pick 12:
    Mental Agony
    Dangerous Wager
    Plains
--> Reforge the Soul
 
Pack 1 pick 13:
--> Unhallowed Pact
    Dreadwaters
    Swamp
 
Pack 1 pick 14:
--> Leap of Faith
    Plains
 
Pack 1 pick 15:
--> Forest
 
------ AVR ------
 
Pack 2 pick 1:
    Elgaud Shieldmate
    Unhallowed Pact
    Nettle Swine
    Builder's Blessing
    Ghostform
    Zealous Strike
    Uncanny Speed
    Crypt Creeper
    Vessel of Endless Rest
--> Herald of War
    Rush of Blood
    Heirs of Stromkirk
    Dangerous Wager
    Swamp
    Lair Delve
 
Pack 2 pick 2:
--> Thatcher Revolt
    Wingcrafter
    Thunderbolt
    Nightshade Peddler
    Outwit
    Hunted Ghoul
    Angel's Tomb
    Second Guess
    Farbog Explorer
    Wildwood Geist
    Forest
    Polluted Dead
    Midvast Protector
    Human Frailty
 
Pack 2 pick 3:
    Driver of the Dead
    Dreadwaters
    Abundant Growth
    Leap of Faith
    Somberwald Vigilante
--> Goldnight Commander
    Timberland Guide
    Seraph of Dawn
    Kruin Striker
    Vanishment
    Galvanic Alchemist
    Island
    Essence Harvest
 
Pack 2 pick 4:
    Borderland Ranger
    Searchlight Geist
    Alchemist's Apprentice
    Angel's Mercy
    Natural End
    Fleeting Distraction
    Death Wind
    Plains
    Essence Harvest
--> Falkenrath Exterminator
    Moonlight Geist
    Into the Void
 
Pack 2 pick 5:
    Spectral Prison
    Corpse Traders
    Bone Splinters
    Cloudshift
    Geist Snatch
    Stern Mentor
--> Hanweir Lancer
    Call to Serve
    Peel from Reality
    Swamp
    Snare the Skies
 
Pack 2 pick 6:
    Mental Agony
    Geist Snatch
    Joint Assault
    Terrifying Presence
    Call to Serve
--> Mad Prophet
    Favorable Winds
    Mountain
    Snare the Skies
    Grave Exchange
 
Pack 2 pick 7:
    Spectral Prison
    Defang
    Uncanny Speed
    Peel from Reality
    Fleeting Distraction
--> Heirs of Stromkirk
    Swamp
    Lair Delve
    Haunted Guardian
 
Pack 2 pick 8:
    Ghoulflesh
--> Cloudshift
    Geist Snatch
    Nightshade Peddler
    Rain of Thorns
    Galvanic Alchemist
    Island
    Midvast Protector
 
Pack 2 pick 9:
    Unhallowed Pact
--> Builder's Blessing
    Ghostform
    Rush of Blood
    Dangerous Wager
    Swamp
    Lair Delve
 
Pack 2 pick 10:
    Hunted Ghoul
    Second Guess
    Wildwood Geist
    Forest
    Polluted Dead
--> Midvast Protector
 
Pack 2 pick 11:
    Dreadwaters
--> Abundant Growth
    Leap of Faith
    Island
    Essence Harvest
 
Pack 2 pick 12:
    Angel's Mercy
--> Fleeting Distraction
    Plains
    Essence Harvest
 
Pack 2 pick 13:
--> Geist Snatch
    Swamp
    Snare the Skies
 
Pack 2 pick 14:
--> Mental Agony
    Mountain
 
Pack 2 pick 15:
--> Swamp
 
------ AVR ------
 
Pack 3 pick 1:
    Spectral Prison
    Unhallowed Pact
    Latch Seeker
    Barter in Blood
--> Pillar of Flame
    Banners Raised
    Geist Trappers
    Defang
    Cathedral Sanctifier
    Soulcage Fiend
    Swamp
    Demonic Taskmaster
    Lair Delve
    Mist Raven
    Captain of the Mists
 
Pack 3 pick 2:
    Borderland Ranger
    Scalding Devil
    Builder's Blessing
    Guise of Fire
    Wandering Wolf
--> Druid's Familiar
    Uncanny Speed
    Scroll of Avacyn (FOIL)
    Fleeting Distraction
    Undead Executioner
    Killing Wave
    Plains
    Essence Harvest
    Midvast Protector
 
Pack 3 pick 3:
    Ghoulflesh
    Stonewright
    Maalfeld Twins
    Abundant Growth
    Geist Snatch
--> Kessig Malcontents
    Seraph Sanctuary
    Scroll of Griselbrand
    Vanguard's Shield
    Island
    Island (FOIL)
    Narstad Scrapper
    Vexing Devil
 
Pack 3 pick 4:
    Elgaud Shieldmate
    Grounded
    Hunted Ghoul
--> Fervent Cathar
    Mass Appeal
    Dual Casting
    Flowering Lumberknot
    Forest
    Eaten by Spiders
    Predator's Gambit
    Aggravate
    Malicious Intent
 
Pack 3 pick 5:
    Tormentor's Trident
    Leap of Faith
--> Vigilante Justice
    Demolish
    Natural End
    Rite of Ruin
    Diregraf Escort
    Fleeting Distraction
    Wildwood Geist
    Forest
    Battle Hymn
 
Pack 3 pick 6:
    Ghostform
    Sheltering Word
    Zealous Strike
    Kruin Striker
    Ghostly Flicker
    Necrobite
    Heirs of Stromkirk
    Mountain
--> Falkenrath Exterminator
    Ghostly Touch
 
Pack 3 pick 7:
--> Thatcher Revolt
    Angel's Mercy
    Lightning Prowess
    Scroll of Avacyn
    Diregraf Escort
    Island
    Devout Chaplain
    Moonlight Geist
    Narstad Scrapper
 
Pack 3 pick 8:
    Grounded
    Somberwald Vigilante
--> Kruin Striker
    Voice of the Provinces
    Galvanic Alchemist
    Plains
    Narstad Scrapper
    Bower Passage
 
Pack 3 pick 9:
    Spectral Prison
    Unhallowed Pact
--> Barter in Blood
    Banners Raised
    Soulcage Fiend
    Swamp
    Lair Delve
 
Pack 3 pick 10:
    Scalding Devil
    Uncanny Speed
--> Scroll of Avacyn (FOIL)
    Fleeting Distraction
    Plains
    Essence Harvest
 
Pack 3 pick 11:
    Geist Snatch
    Seraph Sanctuary
    Vanguard's Shield
    Island
--> Island (FOIL)
 
Pack 3 pick 12:
    Mass Appeal
    Forest
--> Aggravate
    Malicious Intent
 
Pack 3 pick 13:
--> Demolish
    Forest
    Battle Hymn
 
Pack 3 pick 14:
--> Sheltering Word
    Mountain
 
Pack 3 pick 15:
--> Island
 
