Event #: 4036139
Time:    6/28/2012 7:46:53 PM
Players: 
    Reya1928
    bastiaant
    Airborne
    HalFord
--> malthrin
    BiGxSHOOTER
    Dementoid
    Daryonic
 
------ AVR ------
 
Pack 1 pick 1:
    Flowering Lumberknot
    Malicious Intent
    Elgaud Shieldmate
    Hunted Ghoul
    Trusted Forcemage
    Midnight Duelist
    Righteous Blow
    Grounded
    Dreadwaters
    Bone Splinters
    Goldnight Commander
    Gang of Devils
    Lightning Mauler
--> Somberwald Sage
    Forest
 
Pack 1 pick 2:
    Pathbreaker Wurm
    Rotcrown Ghoul
    Angelic Wall
    Natural End
--> Wandering Wolf
    Leap of Faith
    Somberwald Vigilante
    Essence Harvest
    Driver of the Dead
    Vorstclaw
    Triumph of Cruelty
    Lightning Mauler
    Alchemist's Refuge
    Island
 
Pack 1 pick 3:
    Battle Hymn
    Natural End
    Fleeting Distraction
    Moorland Inquisitor
    Searchlight Geist
    Malicious Intent
    Cursebreak
    Mad Prophet
    Scroll of Griselbrand
    Necrobite
    Human Frailty
--> Goldnight Redeemer
    Plains
 
Pack 1 pick 4:
    Guise of Fire
    Bloodflow Connoisseur
    Fleeting Distraction
    Uncanny Speed
    Essence Harvest
    Driver of the Dead
--> Timberland Guide
    Farbog Explorer
    Defy Death
    Triumph of Cruelty
    Druids' Repository
    Plains
 
Pack 1 pick 5:
    Battle Hymn
    Havengul Skaab
    Angelic Wall
    Flowering Lumberknot
    Sheltering Word
--> Defang
    Unhallowed Pact
    Gang of Devils
    Builder's Blessing
    Lunar Mystic
    Island
 
Pack 1 pick 6:
    Outwit
    Bloodflow Connoisseur
--> Wildwood Geist
    Essence Harvest
    Alchemist's Apprentice
    Angel's Mercy
    Thatcher Revolt
    Demonic Taskmaster
    Havengul Vampire
    Mountain
 
Pack 1 pick 7:
    Searchlight Geist
--> Pathbreaker Wurm
    Polluted Dead
    Bladed Bracers
    Wingcrafter
    Marrow Bats
    Eaten by Spiders
    Rite of Ruin
    Forest
 
Pack 1 pick 8:
    Cathedral Sanctifier
--> Lair Delve
    Soulcage Fiend
    Banners Raised
    Ghostform
    Commander's Authority
    Rain of Thorns
    Swamp
 
Pack 1 pick 9:
--> Flowering Lumberknot
    Malicious Intent
    Hunted Ghoul
    Midnight Duelist
    Grounded
    Dreadwaters
    Forest
 
Pack 1 pick 10:
    Rotcrown Ghoul
--> Natural End
    Leap of Faith
    Essence Harvest
    Triumph of Cruelty
    Island
 
Pack 1 pick 11:
    Battle Hymn
--> Natural End
    Malicious Intent
    Scroll of Griselbrand
    Plains
 
Pack 1 pick 12:
    Uncanny Speed
--> Essence Harvest
    Triumph of Cruelty
    Plains
 
Pack 1 pick 13:
    Battle Hymn
--> Unhallowed Pact
    Island
 
Pack 1 pick 14:
--> Angel's Mercy
    Mountain
 
Pack 1 pick 15:
--> Forest
 
------ AVR ------
 
Pack 2 pick 1:
    Crypt Creeper
    Elgaud Shieldmate
    Dangerous Wager
    Outwit
    Hunted Ghoul
    Thunderbolt
    Terrifying Presence
    Bone Splinters
    Fervent Cathar
    Amass the Components
    Evernight Shade
    Latch Seeker
    Havengul Vampire
--> Descendants' Path
    Mountain
 
Pack 2 pick 2:
    Wildwood Geist
    Geist Trappers
    Butcher Ghoul
    Midnight Duelist
    Renegade Demon
    Driver of the Dead
    Angel's Mercy
    Seraph Sanctuary
    Timberland Guide
    Demolish
--> Druid's Familiar
    Into the Void
    Stern Mentor
    Forest
 
Pack 2 pick 3:
    Abundant Growth
    Riot Ringleader
    Grave Exchange
    Crippling Chill
    Geist Snatch (FOIL)
    Mad Prophet
    Scroll of Griselbrand
    Necrobite
    Sheltering Word
--> Howlgeist
    Haunted Guardian
    Devastation Tide
    Mountain
 
Pack 2 pick 4:
    Terrifying Presence
    Ghostly Flicker
    Predator's Gambit
    Wingcrafter
    Demolish
    Leap of Faith
    Diregraf Escort
    Vanguard's Shield
    Second Guess
    Corpse Traders
--> Archangel
    Island
 
Pack 2 pick 5:
    Dreadwaters
    Bone Splinters
    Geist Snatch
    Necrobite
--> Defang
    Ghostform
    Crippling Chill
    Mass Appeal
    Aggravate
    Descent into Madness
    Island
 
Pack 2 pick 6:
    Grounded
--> Scroll of Avacyn
    Demolish
    Leap of Faith
    Diregraf Escort
    Vanguard's Shield
    Scalding Devil
    Alchemist's Apprentice
    Builder's Blessing
    Plains
 
Pack 2 pick 7:
    Geist Snatch
    Polluted Dead
    Wingcrafter
    Renegade Demon
    Galvanic Alchemist
    Tormentor's Trident
    Appetite for Brains
--> Conjurer's Closet
    Plains
 
Pack 2 pick 8:
    Predator's Gambit
    Spectral Prison
--> Joint Assault
    Peel from Reality
    Snare the Skies
    Rush of Blood
    Maalfeld Twins
    Swamp
 
Pack 2 pick 9:
    Crypt Creeper
    Dangerous Wager
    Outwit
    Hunted Ghoul
--> Terrifying Presence
    Amass the Components
    Mountain
 
Pack 2 pick 10:
    Midnight Duelist
    Renegade Demon
--> Angel's Mercy
    Seraph Sanctuary
    Demolish
    Forest
 
Pack 2 pick 11:
    Geist Snatch (FOIL)
    Scroll of Griselbrand
    Sheltering Word
--> Haunted Guardian
    Mountain
 
Pack 2 pick 12:
    Leap of Faith
--> Diregraf Escort
    Second Guess
    Island
 
Pack 2 pick 13:
    Dreadwaters
--> Geist Snatch
    Island
 
Pack 2 pick 14:
--> Leap of Faith
    Plains
 
Pack 2 pick 15:
--> Plains
 
------ AVR ------
 
Pack 3 pick 1:
    Spectral Gateguards
    Riot Ringleader
    Grave Exchange
    Ghostly Flicker
    Heirs of Stromkirk
    Crippling Chill
    Snare the Skies
    Cursebreak
    Raging Poltergeist
    Joint Assault
    Gloomwidow
    Tandem Lookout
    Bower Passage
--> Champion of Lambholt
    Mountain
 
Pack 3 pick 2:
--> Angelic Wall
    Aggravate (FOIL)
    Thunderbolt
    Butcher Ghoul
    Cathedral Sanctifier
    Mental Agony
    Ghostform
    Zealous Strike
    Unhallowed Pact
    Favorable Winds
    Marrow Bats
    Tormentor's Trident
    Dual Casting
    Swamp
 
Pack 3 pick 3:
    Dangerous Wager
    Havengul Skaab
    Soulcage Fiend
    Uncanny Speed
    Lair Delve
--> Nettle Swine
    Unhallowed Pact
    Raging Poltergeist
    Peel from Reality
    Cursebreak
    Thunderous Wrath
    Angel's Tomb
    Island
 
Pack 3 pick 4:
    Kruin Striker
    Ghostly Flicker
--> Spectral Gateguards
    Mad Prophet
    Sheltering Word
    Crippling Chill
    Spectral Prison
    Call to Serve
    Second Guess
    Nephalia Smuggler
    Wild Defiance
    Swamp
 
Pack 3 pick 5:
    Scroll of Avacyn
    Bone Splinters
    Amass the Components
    Bladed Bracers
--> Farbog Explorer
    Wandering Wolf
    Leap of Faith
    Somberwald Vigilante
    Archangel
    Deadeye Navigator
    Island
 
Pack 3 pick 6:
    Voice of the Provinces
    Dreadwaters
    Vanguard's Shield
    Scrapskin Drake
    Scroll of Griselbrand
    Midvast Protector
    Rain of Thorns
--> Banishing Stroke
    Exquisite Blood
    Plains
 
Pack 3 pick 7:
    Crypt Creeper
    Flowering Lumberknot
    Banners Raised
--> Cloudshift
    Ghoulflesh
    Abundant Growth
    Devout Chaplain
    Defy Death
    Swamp
 
Pack 3 pick 8:
    Banners Raised
    Outwit
    Thraben Valiant
    Cloudshift
--> Narstad Scrapper
    Grounded
    Bower Passage
    Mountain
 
Pack 3 pick 9:
    Crippling Chill
    Snare the Skies
    Cursebreak
    Raging Poltergeist
--> Gloomwidow
    Bower Passage
    Mountain
 
Pack 3 pick 10:
    Cathedral Sanctifier
    Ghostform
--> Zealous Strike
    Unhallowed Pact
    Dual Casting
    Swamp
 
Pack 3 pick 11:
    Dangerous Wager
    Uncanny Speed
--> Lair Delve
    Unhallowed Pact
    Island
 
Pack 3 pick 12:
    Sheltering Word
--> Call to Serve
    Second Guess
    Swamp
 
Pack 3 pick 13:
--> Scroll of Avacyn
    Leap of Faith
    Island
 
Pack 3 pick 14:
--> Vanguard's Shield
    Plains
 
Pack 3 pick 15:
--> Swamp
 
