Event #: 4803379
Time:    25-Dec-12 20:58:38
Players: 
    AntonJ
--> Heeswijk
    nepomuk
    PTshackett
    Thinkpad
    Amelioration
    Mezmify
    baussarpif
 
------ EVE ------
 
Pack 1 pick 1:
    Terminus
    Glen Elendra Archmage
    Oona's Prowler
    Chain Lightning
    Plow Under
    Basalt Monolith
    Karakas
    Stillmoon Cavalier
    Time Spiral
--> Figure of Destiny
    Faithless Looting
    Seething Song
    Treachery
    Hypnotic Specter
    Wake Thrasher
 
Pack 1 pick 2:
    Elite Vanguard
    Gatekeeper of Malakir
    Greater Gargadon
    Oracle of Mul Daya
    Solemn Simulacrum
    Godless Shrine
    Vraska the Unseen
    Blood Crypt
    Genesis
    Watery Grave
--> Hero of Bladehold
    Wickerbough Elder
    Bayou
    Golgari Signet
 
Pack 1 pick 3:
    Flickerwisp
    Force Spike
    Lightning Bolt
    Thragtusk
--> Umezawa's Jitte
    Gruul Turf
    Tidehollow Sculler
    Recurring Nightmare
    Elspeth Tirel
    Acidic Slime
    Kami of Ancient Law
    Goblin Ruinblaster
    Thundermaw Hellkite
 
Pack 1 pick 4:
    Soltari Champion
    Dungeon Geists
    Ink-Eyes, Servant of Oni
    Ancient Grudge
    Thornscape Battlemage
    Sensei's Divining Top
    Qasali Pridemage
--> Vindicate
    Masticore
    Coalition Relic
    Spikeshot Elder
    Izzet Charm
 
Pack 1 pick 5:
--> Lingering Souls
    Serendib Efreet
    Dismember
    Reckless Charge
    Emrakul, the Aeons Torn
    Sulfurous Springs
    Cold-Eyed Selkie
    Phyrexian Obliterator
    Sun Titan
    Rude Awakening
    Avalanche Riders
 
Pack 1 pick 6:
--> Ajani Goldmane
    Bane of the Living
    Zealous Conscripts
    Wild Nacatl
    Ghitu Encampment
    Grand Arbiter Augustin IV
    Lotus Bloom
    Tin Street Hooligan
    Lightning Greaves
    Phyrexian Revoker
 
Pack 1 pick 7:
--> Glorious Anthem
    Consuming Vapors
    Kird Ape
    Armada Wurm
    Mind Stone
    Burning of Xinye
    Day of Judgment
    Genesis Wave
    Pristine Talisman
 
Pack 1 pick 8:
--> Cloudgoat Ranger
    Turnabout
    Price of Progress
    Awakening Zone
    Bloodgift Demon
    Dream Halls
    Paladin en-Vec
    Eureka
 
Pack 1 pick 9:
    Oona's Prowler
    Basalt Monolith
    Karakas
--> Stillmoon Cavalier
    Faithless Looting
    Seething Song
    Hypnotic Specter
 
Pack 1 pick 10:
--> Elite Vanguard
    Gatekeeper of Malakir
    Greater Gargadon
    Wickerbough Elder
    Bayou
    Golgari Signet
 
Pack 1 pick 11:
--> Flickerwisp
    Gruul Turf
    Kami of Ancient Law
    Goblin Ruinblaster
    Thundermaw Hellkite
 
Pack 1 pick 12:
--> Soltari Champion
    Thornscape Battlemage
    Qasali Pridemage
    Izzet Charm
 
Pack 1 pick 13:
    Reckless Charge
--> Phyrexian Obliterator
    Rude Awakening
 
Pack 1 pick 14:
--> Wild Nacatl
    Ghitu Encampment
 
Pack 1 pick 15:
--> Armada Wurm
 
------ NPH ------
 
Pack 2 pick 1:
    Whipcorder
    Bribery
    Bloodghast
    Mizzium Mortars
    Wall of Blossoms
    Smokestack
    Thawing Glaciers
    Firespout
    Char
    Meloku the Clouded Mirror
    Vesuvan Shapeshifter
--> Sword of War and Peace
    Rakdos Cackler
    Simic Sky Swallower
    Llanowar Elves
 
Pack 2 pick 2:
    Catastrophe
    Willbender
    Ultimate Price
    Chandra, the Firebrand
    Green Sun's Zenith
    Chrome Mox
    Llanowar Wastes
    Maelstrom Pulse
    Ravenous Baboons
    Gloom Surgeon
--> Silverblade Paladin
    Maze of Ith
    Boros Garrison
    Metalworker
 
Pack 2 pick 3:
--> Stoneforge Mystic
    Vampire Nighthawk
    Sulfuric Vortex
    Sword of Body and Mind
    Mishra's Workshop
    Firemane Angel
    Trinket Mage
    Steppe Lynx
    Stormblood Berserker
    Siege-Gang Commander
    Man-o'-War
    Thunderscape Battlemage
    Headhunter
 
Pack 2 pick 4:
    Ajani, Caller of the Pride
    Mystical Tutor
    Woodfall Primus
    Underground River
    Abrupt Decay
    Elesh Norn, Grand Cenobite
    Steam Vents
    Tarmogoyf
    Black Knight
    Diabolic Edict
    Loam Lion
--> Armageddon
 
Pack 2 pick 5:
    Emeria Angel
    Daze
    Yawgmoth's Will
    Arc Trail
    Rancor
    Memory Jar
    Adarkar Wastes
    Sundering Titan
    Obstinate Baloth
--> Gideon's Lawkeeper
    Weathered Wayfarer
 
Pack 2 pick 6:
--> Exalted Angel
    Harmonize
    Lion's Eye Diamond
    Teetering Peaks
    Sphinx of the Steel Wind
    Trygon Predator
    Hellrider
    Ball Lightning
    Plague Sliver
    Sower of Temptation
 
Pack 2 pick 7:
    Akroma, Angel of Wrath
    Entomb
    Regrowth
    Golgari Rot Farm
    Vengevine
--> Scrubland
    Wall of Omens
    Tundra
    Boros Signet
 
Pack 2 pick 8:
    Parallax Wave
    Mesmeric Fiend
    Magma Jet
    Vinelasher Kudzu
    Ulamog, the Infinite Gyre
    Edric, Spymaster of Trest
--> Mirran Crusader
    Arid Mesa
 
Pack 2 pick 9:
--> Whipcorder
    Bloodghast
    Smokestack
    Thawing Glaciers
    Char
    Rakdos Cackler
    Simic Sky Swallower
 
Pack 2 pick 10:
--> Chrome Mox
    Llanowar Wastes
    Maelstrom Pulse
    Ravenous Baboons
    Gloom Surgeon
    Maze of Ith
 
Pack 2 pick 11:
    Firemane Angel
--> Steppe Lynx
    Stormblood Berserker
    Thunderscape Battlemage
    Headhunter
 
Pack 2 pick 12:
    Ajani, Caller of the Pride
    Abrupt Decay
    Diabolic Edict
--> Loam Lion
 
Pack 2 pick 13:
    Emeria Angel
    Rancor
--> Weathered Wayfarer
 
Pack 2 pick 14:
    Teetering Peaks
--> Plague Sliver
 
Pack 2 pick 15:
--> Akroma, Angel of Wrath
 
------ MOR ------
 
Pack 3 pick 1:
    Moat
    Mana Leak
--> Bitterblossom
    Plated Geopede
    Primeval Titan
    Sword of Fire and Ice
    Mishra's Factory
    Pernicious Deed
    Gideon Jura
    Orzhov Basilica
    Ulvenwald Tracker
    Bone Shredder
    Diregraf Ghoul
    Miscalculation
    Ethersworn Canonist
 
Pack 3 pick 2:
    Disenchant
    Brainstorm
    Corpse Dance
    Mogg War Marshal
    Yavimaya Elder
--> Strip Mine
    Prophetic Bolt
    Strangleroot Geist
    Kargan Dragonlord
    Mana Vault
    Agony Warp
    Selesnya Signet
    Worn Powerstone
    Thran Dynamo
 
Pack 3 pick 3:
    Blade Splicer
    Sphinx of Jwar Isle
    Animate Dead
    Ember Hauler
    Avacyn's Pilgrim
    Breeding Pool
    Dreg Mangler
    Flinthoof Boar
    Koth of the Hammer
--> Nearheath Pilgrim
    Niv-Mizzet, Dracogenius
    Gilded Lotus
    Precursor Golem
 
Pack 3 pick 4:
    Isamaru, Hound of Konda
    Inkwell Leviathan
    Hymn to Tourach
    Earthquake
    Plateau
    Bloodbraid Elf
--> Swords to Plowshares
    Sacred Foundry
    Avenger of Zendikar
    Nekrataal
    Porcelain Legionnaire
    Elspeth, Knight-Errant
 
Pack 3 pick 5:
    Baneslayer Angel
--> Dark Confidant
    Wildfire
    Channel
    Treetop Village
    Tattermunge Maniac
    Eternal Dragon
    Putrid Imp
    Master of the Wild Hunt
    Akroma's Vengeance
    Chandra's Phoenix
 
Pack 3 pick 6:
--> Mana Tithe
    Chaos Warp
    Ratchet Bomb
    Temple Garden
    Mirari's Wake
    Careful Consideration
    Reveillark
    Duress
    Molten Rain
    Sheoldred, Whispering One
 
Pack 3 pick 7:
    Okiba-Gang Shinobi
    Naturalize
    Kozilek, Butcher of Truth
--> Caves of Koilos
    Falkenrath Aristocrat
    Dust Bowl
    Thrun, the Last Troll
    Keldon Marauders
    Battlefield Forge
 
Pack 3 pick 8:
--> Mirror Entity
    Memory Lapse
    Pyroclasm
    Restock
    Supreme Verdict
    Shadowmage Infiltrator
    Scroll Rack
    Devil's Play
 
Pack 3 pick 9:
    Moat
    Plated Geopede
    Mishra's Factory
    Orzhov Basilica
    Bone Shredder
    Diregraf Ghoul
--> Ethersworn Canonist
 
Pack 3 pick 10:
--> Disenchant
    Corpse Dance
    Mogg War Marshal
    Prophetic Bolt
    Agony Warp
    Thran Dynamo
 
Pack 3 pick 11:
    Sphinx of Jwar Isle
--> Ember Hauler
    Dreg Mangler
    Flinthoof Boar
    Gilded Lotus
 
