Event #: 5002861
Time:    2/9/2013 2:40:37 PM
Players: 
    bsugrad
    strshptrooper
    MiniK
    jonnywest
    bcoutlander
--> malthrin
    mordimer
    LordCommanderSnow
 
------ GTC ------
 
Pack 1 pick 1:
    Angelic Edict
    Devour Flesh
    Predator's Rapport
    Spell Rupture
    Slate Street Ruffian
    Ember Beast
    Gruul Guildgate
    Wildwood Rebirth
    Martial Glory
    Shambleshark
    Dimir Charm
--> Truefire Paladin
    Murder Investigation
    Lord of the Void
    Mountain
 
Pack 1 pick 2:
    Aerial Maneuver
    Spire Tracer
    Shadow Slice
--> Warmind Infantry
    Scatter Arc
    Furious Resistance
    Forced Adaptation
    Millennial Gargoyle
    Beckon Apparition
    Drakewing Krasis
    Duskmantle Guildmage
    Fortress Cyclops
    Ætherize
    Island
 
Pack 1 pick 3:
    Leyline Phantom
    Aerial Maneuver
    Basilica Screecher
    Syndicate Enforcer
    Simic Guildgate
    Basilica Guards
--> Ember Beast
    Skygames
    Executioner's Swing
    Bioshift
    Vizkopa Confessor
    Viashino Shanktail
    Island
 
Pack 1 pick 4:
    Towering Thunderfist
    Way of the Thief
--> Spire Tracer
    Balustrade Spy
    Ivy Lane Denizen
    Death's Approach
    Sage's Row Denizen
    Purge the Profane
    Gruul Charm
    Thrull Parasite
    Skarrg Goliath
    Mountain
 
Pack 1 pick 5:
    Slate Street Ruffian (FOIL)
--> Crocanura
    Shielded Passage
    Riot Gear
    Forced Adaptation
    Keymaster Rogue
    Horror of the Dim
    Shattering Blow
    Ordruun Veteran
    Hindervines
    Swamp
 
Pack 1 pick 6:
    Devour Flesh
    Predator's Rapport
    Slate Street Ruffian
    Executioner's Swing (FOIL)
--> Adaptive Snapjaw
    Bomber Corps
    Midnight Recovery
    Ruination Wurm
    Crackling Perimeter
    Mountain
 
Pack 1 pick 7:
--> Disciple of the Old Ways
    Scatter Arc
    Structural Collapse
    Bomber Corps
    Midnight Recovery
    Hydroform
    Tower Defense
    Illusionist's Bracers
    Plains
 
Pack 1 pick 8:
    Shadow Slice
--> Slaughterhorn
    Assault Griffin
    Adaptive Snapjaw
    Skinbrand Goblin
    Psychic Strike
    Coerced Confession
    Swamp
 
Pack 1 pick 9:
    Devour Flesh
    Predator's Rapport
    Spell Rupture
    Slate Street Ruffian
    Wildwood Rebirth
--> Martial Glory
    Mountain
 
Pack 1 pick 10:
--> Spire Tracer
    Scatter Arc
    Furious Resistance
    Forced Adaptation
    Duskmantle Guildmage
    Island
 
Pack 1 pick 11:
    Syndicate Enforcer
    Skygames
--> Executioner's Swing
    Bioshift
    Island
 
Pack 1 pick 12:
    Way of the Thief
    Sage's Row Denizen
--> Skarrg Goliath
    Mountain
 
Pack 1 pick 13:
--> Forced Adaptation
    Shattering Blow
    Swamp
 
Pack 1 pick 14:
--> Predator's Rapport
    Mountain
 
Pack 1 pick 15:
--> Plains
 
------ GTC ------
 
Pack 2 pick 1:
    Disciple of the Old Ways
    Massive Raid
    Metropolis Sprite
    Millennial Gargoyle
    Act of Treason
    Forced Adaptation
    Nav Squad Commandos
    Sage's Row Denizen
    Primal Visitation
    Deathcult Rogue
    Bane Alley Broker
    Wight of Precinct Six
--> Crowned Ceratok
    Blind Obedience
    Swamp
 
Pack 2 pick 2:
    Syndic of Tithes
    Knight Watch
    Gutter Skulk
--> Disciple of the Old Ways
    Naturalize
    Armored Transport
    Totally Lost
    Boros Guildgate
    Shambleshark
    Gruul Guildgate (FOIL)
    Urbis Protector
    Bane Alley Broker
    Righteous Charge
    Forest
 
Pack 2 pick 3:
    Cloudfin Raptor
    Predator's Rapport
    Contaminated Ground
    Gruul Guildgate
    Court Street Denizen
    Naturalize
    Armored Transport
    Totally Lost
    Paranoid Delusions
--> Zhur-Taa Swine
    Elusive Krasis
    Serene Remembrance
    Plains
 
Pack 2 pick 4:
    Scorchwalker
    Leyline Phantom
    Syndic of Tithes
    Razortip Whip
    Madcap Skills
    Guildscorn Ward
    Beckon Apparition
--> Zhur-Taa Swine
    Urban Evolution
    Crackling Perimeter
    Incursion Specialist
    Forest
 
Pack 2 pick 5:
    Scatter Arc
    Structural Collapse
    Angelic Edict
    Shadow Alley Denizen
    Assault Griffin
    Adaptive Snapjaw
    Deathcult Rogue
--> Pit Fight
    Nimbus Swimmer
    Fortress Cyclops
    Plains
 
Pack 2 pick 6:
    Way of the Thief
    Tin Street Market
    Keymaster Rogue
    Nav Squad Commandos
--> Madcap Skills
    Balustrade Spy
    Ivy Lane Denizen
    Hydroform
    Gateway Shade
    Forest
 
Pack 2 pick 7:
    Metropolis Sprite
--> Slaughterhorn
    Furious Resistance
    Riot Gear
    Ivy Lane Denizen
    Clinging Anemones
    Horror of the Dim
    Bioshift
    Island
 
Pack 2 pick 8:
    Tin Street Market
    Skyblinder Staff
    Last Thoughts
--> Gruul Guildgate
    Purge the Profane
    Dinrova Horror
    Hellraiser Goblin
    Plains
 
Pack 2 pick 9:
    Metropolis Sprite
--> Millennial Gargoyle
    Forced Adaptation
    Nav Squad Commandos
    Sage's Row Denizen
    Primal Visitation
    Swamp
 
Pack 2 pick 10:
    Knight Watch
    Gutter Skulk
--> Naturalize
    Armored Transport
    Totally Lost
    Forest
 
Pack 2 pick 11:
    Predator's Rapport
    Naturalize
--> Totally Lost
    Serene Remembrance
    Plains
 
Pack 2 pick 12:
--> Leyline Phantom
    Razortip Whip
    Crackling Perimeter
    Forest
 
Pack 2 pick 13:
    Structural Collapse
--> Adaptive Snapjaw
    Plains
 
Pack 2 pick 14:
--> Tin Street Market
    Forest
 
Pack 2 pick 15:
--> Island
 
------ GTC ------
 
Pack 3 pick 1:
    Structural Collapse
    Gutter Skulk
    Frilled Oculus
    Basilica Guards
    Spell Rupture
    Simic Guildgate
    Zarichi Tiger
    Bomber Corps
--> Mugging
    Executioner's Swing
    Zameck Guildmage
    Serene Remembrance
    Cinder Elemental
    Lazav, Dimir Mastermind
    Swamp
 
Pack 3 pick 2:
    Devour Flesh
    Tin Street Market
    Keymaster Rogue
    Horror of the Dim
    Guildscorn Ward
    Razortip Whip
    Clinging Anemones
    Mortus Strider
    Ruination Wurm
    Burning-Tree Emissary
    Righteous Charge
    Knight of Obligation
--> Firemane Avenger
    Plains
 
Pack 3 pick 3:
    Syndic of Tithes
    Knight Watch
    Gutter Skulk
    Simic Guildgate
    Basilica Guards
--> Ember Beast
    Skygames
    Slate Street Ruffian
    Paranoid Delusions
    Agoraphobia
    One Thousand Lashes
    Mental Vapors
    Forest
 
Pack 3 pick 4:
--> Massive Raid
    Knight Watch
    Burst of Strength
    Prophetic Prism
    Orzhov Guildgate
    Totally Lost
    Assault Griffin
    Mortus Strider
    Shambleshark
    Vizkopa Guildmage
    Smog Elemental
    Mountain
 
Pack 3 pick 5:
    Scorchwalker
    Death's Approach
    Sage's Row Denizen
    Skyblinder Staff
    Nav Squad Commandos
    Verdant Haven
--> Mugging
    Orzhov Charm
    Mark for Death
    Debtor's Pulpit
    Island
 
Pack 3 pick 6:
--> Disciple of the Old Ways
    Massive Raid
    Nav Squad Commandos
    Verdant Haven
    Horror of the Dim
    Madcap Skills
    Wojek Halberdiers
    Mortus Strider
    Simic Keyrune
    Swamp
 
Pack 3 pick 7:
    Shielded Passage
--> Act of Treason
    Riot Gear
    Verdant Haven
    Martial Glory
    Psychic Strike
    Dimir Charm
    Simic Fluxmage
    Swamp
 
Pack 3 pick 8:
    Knight Watch
--> Greenside Watcher
    Assault Griffin
    Skyblinder Staff
    Primal Visitation
    Frenzied Tilling
    Illness in the Ranks
    Mountain
 
Pack 3 pick 9:
    Structural Collapse
    Gutter Skulk
    Spell Rupture
    Simic Guildgate
    Serene Remembrance
--> Cinder Elemental
    Swamp
 
Pack 3 pick 10:
    Tin Street Market
    Horror of the Dim
    Razortip Whip
    Clinging Anemones
--> Ruination Wurm
    Plains
 
Pack 3 pick 11:
--> Knight Watch
    Gutter Skulk
    Skygames
    Paranoid Delusions
    Forest
 
Pack 3 pick 12:
--> Prophetic Prism
    Totally Lost
    Mortus Strider
    Mountain
 
Pack 3 pick 13:
--> Scorchwalker
    Skyblinder Staff
    Island
 
Pack 3 pick 14:
--> Verdant Haven
    Swamp
 
Pack 3 pick 15:
--> Swamp
 
