Event #: 5004036
Time:    2/9/2013 8:23:53 PM
Players: 
    Gobley
    jerton
    bob takashi
    Sitruk
    warrenghoover
--> malthrin
    Geminisa
    LongLostTurtle
 
------ GTC ------
 
Pack 1 pick 1:
    Contaminated Ground
    Greenside Watcher
    Way of the Thief
    Tin Street Market
    Shielded Passage
    Razortip Whip
    Furious Resistance
    Keymaster Rogue
--> Mugging
    Executioner's Swing
    Simic Keyrune
    Gateway Shade
    Miming Slime
    Merciless Eviction
    Island
 
Pack 1 pick 2:
    Cloudfin Raptor
    Aerial Maneuver
    Spire Tracer
    Prophetic Prism
    Orzhov Guildgate
    Totally Lost
    Assault Griffin
    Skyblinder Staff
    Drakewing Krasis
    Martial Glory
--> Ground Assault
    Dimir Keyrune
    Dying Wish
    Mountain
 
Pack 1 pick 3:
--> Daring Skyjek
    Towering Thunderfist
    Hands of Binding
    Assault Griffin
    Skyblinder Staff
    Skinbrand Goblin
    Last Thoughts
    Gruul Guildgate
    Primal Visitation
    Deathcult Rogue
    Crowned Ceratok
    Soul Ransom
    Island
 
Pack 1 pick 4:
    Gutter Skulk
--> Frilled Oculus
    Scab-Clan Charger
    Death's Approach
    Sage's Row Denizen
    Skyblinder Staff
    Nav Squad Commandos
    Executioner's Swing
    Bioshift
    Gateway Shade
    Mindeye Drake
    Plains
 
Pack 1 pick 5:
    Aerial Maneuver
--> Disciple of the Old Ways
    Foundry Street Denizen
    Corpse Blockade
    Armored Transport
    Syndicate Enforcer
    Psychic Strike
    Bioshift
    Vizkopa Confessor
    Alpha Authority
    Plains
 
Pack 1 pick 6:
    Aerial Maneuver
    Basilica Screecher
    Burst of Strength
    Orzhov Guildgate
    Totally Lost
    Ruination Wurm
    Beckon Apparition
    Merfolk of the Depths
--> Rust Scarab
    Plains
 
Pack 1 pick 7:
    Metropolis Sprite
    Devour Flesh
    Slate Street Ruffian
    Gruul Guildgate
    Wildwood Rebirth
    Beckon Apparition
--> Simic Charm
    Smog Elemental
    Island
 
Pack 1 pick 8:
    Way of the Thief
    Tin Street Market
    Foundry Street Denizen
    Skygames
    Primal Visitation
--> Elusive Krasis
    Hellraiser Goblin
    Swamp
 
Pack 1 pick 9:
    Contaminated Ground
--> Way of the Thief
    Tin Street Market
    Shielded Passage
    Razortip Whip
    Furious Resistance
    Island
 
Pack 1 pick 10:
    Aerial Maneuver
--> Prophetic Prism
    Totally Lost
    Skyblinder Staff
    Dimir Keyrune
    Mountain
 
Pack 1 pick 11:
--> Towering Thunderfist
    Skyblinder Staff
    Last Thoughts
    Primal Visitation
    Island
 
Pack 1 pick 12:
--> Gutter Skulk
    Skyblinder Staff
    Bioshift
    Plains
 
Pack 1 pick 13:
    Foundry Street Denizen
--> Bioshift
    Plains
 
Pack 1 pick 14:
--> Beckon Apparition
    Plains
 
Pack 1 pick 15:
--> Island
 
------ GTC ------
 
Pack 2 pick 1:
    Dutiful Thrull
--> Cloudfin Raptor
    Predator's Rapport
    Orzhov Guildgate
    Foundry Street Denizen (FOIL)
    Bomber Corps
    Midnight Recovery
    Last Thoughts
    Psychic Strike
    Bioshift
    Killing Glare
    Boros Elite
    Wight of Precinct Six
    Crypt Ghast
    Mountain
 
Pack 2 pick 2:
    Gutter Skulk
    Frilled Oculus
    Scab-Clan Charger
    Shielded Passage
    Act of Treason
    Riot Gear
    Verdant Haven
    Keymaster Rogue
    Paranoid Delusions
--> Drakewing Krasis
    Dimir Keyrune
    Ordruun Veteran
    Hold the Gates
    Plains
 
Pack 2 pick 3:
    Contaminated Ground
    Scorchwalker
    Daring Skyjek
    Naturalize
    Spell Rupture
    Slate Street Ruffian
    Ember Beast
    Zhur-Taa Swine
    Martial Glory
--> Ghor-Clan Rampager
    Homing Lightning
    Gridlock
    Forest
 
Pack 2 pick 4:
    Frilled Oculus
    Slaughterhorn
    Gruul Guildgate
    Wildwood Rebirth
    Foundry Street Denizen
    Armored Transport
    Purge the Profane
    Cartel Aristocrat
    Skullcrack
    Incursion Specialist
--> Mystic Genesis
    Plains
 
Pack 2 pick 5:
--> Warmind Infantry
    Scatter Arc
    Foundry Street Denizen
    Armored Transport
    Syndicate Enforcer
    Burst of Strength
    Ruination Wurm
    Paranoid Delusions
    Truefire Paladin
    Illness in the Ranks
    Forest
 
Pack 2 pick 6:
    Greenside Watcher
    Way of the Thief
    Tin Street Market
--> Ember Beast
    Plains (FOIL)
    Slate Street Ruffian
    Purge the Profane
    Vizkopa Confessor
    Viashino Shanktail
    Swamp
 
Pack 2 pick 7:
    Way of the Thief
--> Spire Tracer
    Zarichi Tiger
    Bomber Corps
    Court Street Denizen
    Wildwood Rebirth
    Dimir Guildgate
    Fortress Cyclops
    Swamp
 
Pack 2 pick 8:
    Smite
--> Gruul Guildgate
    Naturalize
    Armored Transport
    Totally Lost
    Contaminated Ground (FOIL)
    Simic Fluxmage
    Plains
 
Pack 2 pick 9:
--> Dutiful Thrull
    Predator's Rapport
    Foundry Street Denizen (FOIL)
    Midnight Recovery
    Last Thoughts
    Bioshift
    Mountain
 
Pack 2 pick 10:
    Gutter Skulk
    Shielded Passage
--> Riot Gear
    Paranoid Delusions
    Ordruun Veteran
    Plains
 
Pack 2 pick 11:
    Contaminated Ground
    Naturalize
    Spell Rupture
--> Ember Beast
    Forest
 
Pack 2 pick 12:
    Wildwood Rebirth
    Foundry Street Denizen
--> Purge the Profane
    Plains
 
Pack 2 pick 13:
    Foundry Street Denizen
--> Ruination Wurm
    Forest
 
Pack 2 pick 14:
--> Tin Street Market
    Swamp
 
Pack 2 pick 15:
--> Swamp
 
------ GTC ------
 
Pack 3 pick 1:
--> Cloudfin Raptor
    Aerial Maneuver
    Spire Tracer
    Skygames
    Corpse Blockade
    Burst of Strength
    Prophetic Prism
    Orzhov Guildgate
    Hydroform
    Ruination Wurm
    Vizkopa Guildmage
    Frenzied Tilling
    Rapid Hybridization
    Spark Trooper
    Mountain
 
Pack 3 pick 2:
    Massive Raid
    Knight Watch
    Contaminated Ground
    Boros Guildgate
    Assault Griffin
    Adaptive Snapjaw
    Skinbrand Goblin
    Syndicate Enforcer
    Primal Visitation
    Wojek Halberdiers
--> Nimbus Swimmer
    Hindervines
    Righteous Charge
    Island
 
Pack 3 pick 3:
    Smite
    Slaughterhorn
    Structural Collapse
    Naturalize
    Armored Transport
    Totally Lost
    Boros Guildgate
    Assault Griffin
    Paranoid Delusions
--> Zameck Guildmage
    Sapphire Drake
    Alms Beast
    Forest
 
Pack 3 pick 4:
    Metropolis Sprite
    Skyblinder Staff
    Skinbrand Goblin
    Last Thoughts
    Gruul Guildgate
    Court Street Denizen
--> Drakewing Krasis
    Martial Glory
    Urbis Protector
    Thrull Parasite
    Ripscale Predator
    Island
 
Pack 3 pick 5:
    Smite
--> Slaughterhorn
    Structural Collapse
    Syndicate Enforcer
    Burst of Strength
    Basilica Guards
    Spell Rupture
    Executioner's Swing
    Coerced Confession
    Firefist Striker
    Forest
 
Pack 3 pick 6:
--> Crocanura
    Metropolis Sprite
    Razortip Whip
    Clinging Anemones
    Furious Resistance
    Forced Adaptation
    Millennial Gargoyle
    Bioshift
    Hellraiser Goblin
    Mountain
 
Pack 3 pick 7:
    Tin Street Market
    Bomber Corps
    Midnight Recovery
    Dimir Guildgate
    Psychic Strike
    Shattering Blow
    Boros Elite
--> Biovisionary
    Swamp
 
Pack 3 pick 8:
    Dutiful Thrull
    Syndicate Enforcer
    Burst of Strength
    Spell Rupture
--> Shambleshark
    Shattering Blow
    Tower Defense
    Island
 
Pack 3 pick 9:
    Skygames
--> Burst of Strength
    Prophetic Prism
    Orzhov Guildgate
    Hydroform
    Ruination Wurm
    Mountain
 
Pack 3 pick 10:
    Knight Watch
    Contaminated Ground
--> Adaptive Snapjaw
    Primal Visitation
    Righteous Charge
    Island
 
Pack 3 pick 11:
    Smite
    Structural Collapse
    Naturalize
--> Totally Lost
    Forest
 
Pack 3 pick 12:
--> Metropolis Sprite
    Skyblinder Staff
    Court Street Denizen
    Island
 
Pack 3 pick 13:
    Structural Collapse
--> Syndicate Enforcer
    Forest
 
Pack 3 pick 14:
--> Furious Resistance
    Mountain
 
Pack 3 pick 15:
--> Swamp
 
