Event #: 5004466
Time:    2/9/2013 7:41:18 PM
Players: 
    burninthefires
    Yuu
    shadowswithin
    03caddycts
--> bqlohr
    merubhanot
    elldog369
    snarfve
 
------ GTC ------
 
Pack 1 pick 1:
    Scorchwalker
    Daring Skyjek
    Frilled Oculus
    Nav Squad Commandos
    Sage's Row Denizen
    Razortip Whip
    Madcap Skills
    Death's Approach
--> Grisly Spectacle
    Executioner's Swing
    Duskmantle Guildmage
    Ordruun Veteran
    Hold the Gates
    Skarrg Goliath
    Forest
 
Pack 1 pick 2:
    Scorchwalker
    Daring Skyjek
    Frilled Oculus
    Court Street Denizen
    Wildwood Rebirth
    Prophetic Prism
    Midnight Recovery
    Primal Visitation
    Wojek Halberdiers
    Cartel Aristocrat
    Wasteland Viper
    Smog Elemental
--> Sepulchral Primordial
    Forest
 
Pack 1 pick 3:
    Warmind Infantry
    Scatter Arc
    Smite
    Boros Guildgate
    Skygames
    Corpse Blockade
    Burst of Strength
    Prophetic Prism
--> Kingpin's Pet
    Coerced Confession
    Urban Evolution
    Tower Defense
    Forest
 
Pack 1 pick 4:
    Basilica Screecher
    Disciple of the Old Ways
    Massive Raid
    Syndicate Enforcer
    Simic Guildgate
    Basilica Guards
    Ember Beast
    Skygames
    Deathcult Rogue
    Urbis Protector
--> Orzhov Charm
    Plains
 
Pack 1 pick 5:
    Hands of Binding
    Massive Raid
    Bomber Corps
    Midnight Recovery
    Last Thoughts
    Dimir Guildgate
    Naturalize
    Beckon Apparition
--> Holy Mantle
    Mental Vapors
    Plains
 
Pack 1 pick 6:
    Cloudfin Raptor
    Aerial Maneuver
    Spire Tracer
    Ivy Lane Denizen
    Death's Approach
    Sage's Row Denizen
    Skyblinder Staff
    Zhur-Taa Swine
--> Ogre Slumlord
    Mountain
 
Pack 1 pick 7:
    Massive Raid
    Metropolis Sprite
    Forest (FOIL)
    Predator's Rapport
--> Millennial Gargoyle
    Shielded Passage
    Hydroform
    Ripscale Predator
    Island
 
Pack 1 pick 8:
    Predator's Rapport
    Contaminated Ground
    Last Thoughts
    Naturalize
--> Armored Transport
    Hydroform
    Elusive Krasis
    Mountain
 
Pack 1 pick 9:
    Frilled Oculus
    Nav Squad Commandos
    Sage's Row Denizen
    Razortip Whip
--> Death's Approach
    Hold the Gates
    Forest
 
Pack 1 pick 10:
    Frilled Oculus
    Wildwood Rebirth
    Midnight Recovery
    Primal Visitation
--> Cartel Aristocrat
    Forest
 
Pack 1 pick 11:
    Scatter Arc
    Skygames
    Coerced Confession
--> Tower Defense
    Forest
 
Pack 1 pick 12:
--> Syndicate Enforcer
    Simic Guildgate
    Skygames
    Plains
 
Pack 1 pick 13:
--> Midnight Recovery
    Mental Vapors
    Plains
 
Pack 1 pick 14:
--> Skyblinder Staff
    Mountain
 
Pack 1 pick 15:
--> Island
 
------ GTC ------
 
Pack 2 pick 1:
    Shadow Slice
    Slaughterhorn
    Dutiful Thrull
--> Assault Griffin
    Skyblinder Staff
    Skinbrand Goblin
    Last Thoughts
    Gruul Guildgate
    Wojek Halberdiers
    Mortus Strider
    Dinrova Horror
    Crowned Ceratok
    Hellraiser Goblin
    Realmwright
    Plains
 
Pack 2 pick 2:
    Scorchwalker
    Leyline Phantom
--> Syndic of Tithes
    Shadow Alley Denizen
    Act of Treason
    Riot Gear
    Verdant Haven
    Keymaster Rogue
    Executioner's Swing
    Primal Visitation
    Orzhov Keyrune
    Mental Vapors
    Diluvian Primordial
    Swamp
 
Pack 2 pick 3:
    Metropolis Sprite
--> Angelic Edict
    Devour Flesh
    Shielded Passage
    Razortip Whip
    Furious Resistance
    Keymaster Rogue
    Death's Approach
    Killing Glare
    Burning-Tree Emissary
    Undercity Informer
    Stolen Identity
    Swamp
 
Pack 2 pick 4:
    Frilled Oculus
    Scab-Clan Charger
    Millennial Gargoyle
    Verdant Haven
    Sage's Row Denizen
    Wojek Halberdiers
    Hydroform
--> Bane Alley Broker
    Murder Investigation
    Hindervines
    Fathom Mage
    Island
 
Pack 2 pick 5:
    Ivy Lane Denizen (FOIL)
    Scatter Arc
    Riot Gear
    Verdant Haven
--> Nav Squad Commandos
    Madcap Skills
    Zhur-Taa Swine
    Martial Glory
    Alpha Authority
    Sylvan Primordial
    Plains
 
Pack 2 pick 6:
    Metropolis Sprite
    Act of Treason
--> Shielded Passage
    Riot Gear
    Forced Adaptation
    Pit Fight
    Gruul Charm
    Wasteland Viper
    Mindeye Drake
    Swamp
 
Pack 2 pick 7:
    Spire Tracer
    Midnight Recovery
    Foundry Street Denizen
--> Zarichi Tiger
    Boros Guildgate
    Skygames
    Bioshift
    Agoraphobia
    Forest
 
Pack 2 pick 8:
    Hands of Binding
    Greenside Watcher
    Bomber Corps
    Wildwood Rebirth
--> Prophetic Prism
    Primal Visitation
    Voidwalk
    Swamp
 
Pack 2 pick 9:
--> Dutiful Thrull
    Skyblinder Staff
    Last Thoughts
    Gruul Guildgate
    Mortus Strider
    Hellraiser Goblin
    Plains
 
Pack 2 pick 10:
--> Leyline Phantom
    Riot Gear
    Verdant Haven
    Primal Visitation
    Mental Vapors
    Swamp
 
Pack 2 pick 11:
    Metropolis Sprite
    Shielded Passage
    Razortip Whip
--> Death's Approach
    Swamp
 
Pack 2 pick 12:
    Verdant Haven
    Sage's Row Denizen
--> Hindervines
    Island
 
Pack 2 pick 13:
--> Scatter Arc
    Verdant Haven
    Plains
 
Pack 2 pick 14:
--> Forced Adaptation
    Swamp
 
Pack 2 pick 15:
--> Forest
 
------ GTC ------
 
Pack 3 pick 1:
    Devour Flesh
    Tin Street Market
    Cloudfin Raptor
    Shielded Passage
    Riot Gear
    Forced Adaptation
    Keymaster Rogue
    Horror of the Dim
    Primal Visitation
--> Deathcult Rogue
    Dimir Charm
    Sapphire Drake
    Skullcrack
    Simic Manipulator
    Mountain
 
Pack 3 pick 2:
    Warmind Infantry
    Scatter Arc
--> Smite
    Guildscorn Ward
    Razortip Whip
    Clinging Anemones
    Furious Resistance
    Forced Adaptation
    Beckon Apparition
    Zhur-Taa Swine
    Ordruun Veteran
    Wasteland Viper
    Gateway Shade
    Plains
 
Pack 3 pick 3:
    Structural Collapse
    Angelic Edict
    Shadow Alley Denizen
    Assault Griffin
    Adaptive Snapjaw
    Syndicate Enforcer
    Dimir Guildgate (FOIL)
--> Kingpin's Pet
    Hydroform
    Fortress Cyclops
    Urban Evolution
    Tower Defense
    Forest
 
Pack 3 pick 4:
    Predator's Rapport
    Scorchwalker
    Leyline Phantom
    Syndic of Tithes
    Midnight Recovery
    Last Thoughts
    Psychic Strike
    Shattering Blow
--> One Thousand Lashes
    Call of the Nightwing
    Hold the Gates
    Mountain
 
Pack 3 pick 5:
    Spire Tracer
--> Syndic of Tithes
    Knight Watch
    Syndicate Enforcer
    Simic Guildgate
    Basilica Guards
    Skygames
    Beckon Apparition
    Illness in the Ranks
    Undercity Plague
    Swamp
 
Pack 3 pick 6:
    Hands of Binding
--> Corpse Blockade
    Burst of Strength
    Orzhov Guildgate
    Totally Lost
    Purge the Profane
    Coerced Confession
    Zameck Guildmage
    Undercity Informer
    Island
 
Pack 3 pick 7:
--> Basilica Screecher
    Last Thoughts
    Dimir Guildgate
    Naturalize
    Spell Rupture
    Slate Street Ruffian
    Drakewing Krasis
    Smog Elemental
    Island
 
Pack 3 pick 8:
--> Towering Thunderfist
    Way of the Thief
    Guildscorn Ward
    Furious Resistance
    Naturalize (FOIL)
    Shambleshark
    Frenzied Tilling
    Island
 
Pack 3 pick 9:
    Tin Street Market
    Cloudfin Raptor
    Shielded Passage
--> Keymaster Rogue
    Horror of the Dim
    Primal Visitation
    Mountain
 
Pack 3 pick 10:
    Scatter Arc
    Guildscorn Ward
    Razortip Whip
    Furious Resistance
--> Beckon Apparition
    Plains
 
Pack 3 pick 11:
    Structural Collapse
--> Shadow Alley Denizen
    Hydroform
    Tower Defense
    Forest
 
Pack 3 pick 12:
    Predator's Rapport
    Leyline Phantom
--> Midnight Recovery
    Mountain
 
Pack 3 pick 13:
    Skygames
--> Illness in the Ranks
    Swamp
 
Pack 3 pick 14:
--> Undercity Informer
    Island
 
Pack 3 pick 15:
--> Island
 
