Event #: 5007132
Time:    2/10/2013 2:20:15 PM
Players: 
    Nebula_dragon
    cjtraxler
--> Arentios
    willyboy1357
    JoshJosh
    creeddc
    zero19831031
    CursedWave
 
------ GTC ------
 
Pack 1 pick 1:
    Hands of Binding
    Massive Raid
    Knight Watch
    Contaminated Ground
    Naturalize
    Spell Rupture
    Slate Street Ruffian
    Ember Beast
    Mortus Strider
    Shambleshark
    Dinrova Horror
    Gruul Keyrune
    Wight of Precinct Six
--> Spark Trooper
    Island
 
Pack 1 pick 2:
    Basilica Screecher
    Way of the Thief
    Spire Tracer
    Clinging Anemones
    Furious Resistance
    Forced Adaptation
    Millennial Gargoyle
    Shielded Passage
--> Drakewing Krasis
    Purge the Profane
    Frenzied Tilling
    Tower Defense
    Debtor's Pulpit
    Island
 
Pack 1 pick 3:
    Dutiful Thrull
--> Cloudfin Raptor
    Predator's Rapport
    Contaminated Ground
    Scorchwalker
    Wildwood Rebirth
    Dimir Guildgate
    Prophetic Prism
    Zhur-Taa Swine
    Mugging
    One Thousand Lashes
    Skullcrack
    Mountain
 
Pack 1 pick 4:
    Leyline Phantom
    Aerial Maneuver
--> Basilica Screecher
    Forced Adaptation
    Millennial Gargoyle
    Shielded Passage
    Act of Treason
    Riot Gear
    Mortus Strider
    Vizkopa Confessor
    Urbis Protector
    Plains
 
Pack 1 pick 5:
    Metropolis Sprite
    Smite
--> Slaughterhorn
    Armored Transport
    Totally Lost
    Boros Guildgate
    Assault Griffin
    Adaptive Snapjaw
    Skyknight Legionnaire
    Paranoid Delusions
    Plains
 
Pack 1 pick 6:
    Disciple of the Old Ways
    Massive Raid
    Metropolis Sprite
    Naturalize
    Armored Transport
    Totally Lost
    Boros Guildgate
--> Shambleshark
    Knight of Obligation
    Island
 
Pack 1 pick 7:
    Shadow Alley Denizen
    Guildscorn Ward
    Clinging Anemones
    Millennial Gargoyle
    Act of Treason
    Bioshift
--> Skullcrack
    Gateway Shade
    Forest
 
Pack 1 pick 8:
    Spire Tracer
    Shadow Slice
--> Last Thoughts
    Dimir Guildgate
    Hydroform
    Ruination Wurm
    Illness in the Ranks
    Forest
 
Pack 1 pick 9:
    Knight Watch
    Contaminated Ground
    Naturalize
    Spell Rupture
    Mortus Strider
--> Shambleshark
    Island
 
Pack 1 pick 10:
    Way of the Thief
    Clinging Anemones
    Shielded Passage
    Purge the Profane
--> Frenzied Tilling
    Island
 
Pack 1 pick 11:
    Predator's Rapport
    Contaminated Ground
    Dimir Guildgate
--> Skullcrack
    Mountain
 
Pack 1 pick 12:
--> Forced Adaptation
    Riot Gear
    Mortus Strider
    Plains
 
Pack 1 pick 13:
    Armored Transport
--> Paranoid Delusions
    Plains
 
Pack 1 pick 14:
--> Naturalize
    Island
 
Pack 1 pick 15:
--> Forest
 
------ GTC ------
 
Pack 2 pick 1:
    Syndic of Tithes
    Knight Watch
    Gutter Skulk
    Corpse Blockade
    Burst of Strength
    Prophetic Prism
    Orzhov Guildgate
    Totally Lost
    Ruination Wurm
    Paranoid Delusions
    Sunhome Guildmage
    Agoraphobia
    Ætherize
--> Stolen Identity
    Swamp
 
Pack 2 pick 2:
    Basilica Screecher
    Way of the Thief
    Spire Tracer
    Balustrade Spy
    Shielded Passage
    Riot Gear
    Forced Adaptation
    Keymaster Rogue
    Grisly Spectacle
    Purge the Profane
--> Burning-Tree Emissary
    Knight of Obligation
    Cinder Elemental
    Island
 
Pack 2 pick 3:
    Daring Skyjek
    Frilled Oculus
    Shadow Slice
    Forced Adaptation
--> Keymaster Rogue
    Horror of the Dim
    Guildscorn Ward
    Razortip Whip
    Kingpin's Pet
    Pit Fight
    Burning-Tree Emissary
    Bane Alley Broker
    Forest
 
Pack 2 pick 4:
    Frilled Oculus
    Daring Skyjek
    Towering Thunderfist
    Razortip Whip
    Death's Approach
    Balustrade Spy
    Paranoid Delusions
--> Drakewing Krasis
    Rust Scarab
    Ordruun Veteran
    Illusionist's Bracers
    Island
 
Pack 2 pick 5:
    Scorchwalker
    Leyline Phantom
    Assault Griffin
--> Adaptive Snapjaw
    Skinbrand Goblin
    Syndicate Enforcer
    Simic Guildgate
    Mortus Strider
    Skyknight Legionnaire
    Boros Charm
    Mountain
 
Pack 2 pick 6:
    Knight Watch
    Syndicate Enforcer
    Burst of Strength
    Basilica Guards
    Spell Rupture
    Kingpin's Pet
    Hydroform
--> Urban Evolution
    Gridlock
    Island
 
Pack 2 pick 7:
    Scatter Arc
    Horror of the Dim
    Shielded Passage
    Razortip Whip
    Furious Resistance
--> Keymaster Rogue
    Shattering Blow
    Serene Remembrance
    Plains
 
Pack 2 pick 8:
--> Scatter Arc
    Structural Collapse
    Horror of the Dim
    Guildscorn Ward
    Razortip Whip
    Furious Resistance
    Murder Investigation
    Mountain
 
Pack 2 pick 9:
    Knight Watch
    Corpse Blockade
    Burst of Strength
--> Totally Lost
    Paranoid Delusions
    Agoraphobia
    Swamp
 
Pack 2 pick 10:
    Balustrade Spy
    Shielded Passage
--> Riot Gear
    Forced Adaptation
    Purge the Profane
    Island
 
Pack 2 pick 11:
--> Shadow Slice
    Horror of the Dim
    Guildscorn Ward
    Razortip Whip
    Forest
 
Pack 2 pick 12:
    Razortip Whip
--> Death's Approach
    Balustrade Spy
    Island
 
Pack 2 pick 13:
--> Simic Guildgate
    Mortus Strider
    Mountain
 
Pack 2 pick 14:
--> Hydroform
    Island
 
Pack 2 pick 15:
--> Plains
 
------ GTC ------
 
Pack 3 pick 1:
    Metropolis Sprite
    Smite
    Slaughterhorn
    Structural Collapse
    Gutter Skulk
    Forced Adaptation
    Nav Squad Commandos
    Sage's Row Denizen
    Mugging
    Executioner's Swing
    Gruul Charm
    Dimir Keyrune
    Righteous Charge
--> Aurelia, the Warleader
    Plains
 
Pack 3 pick 2:
    Disciple of the Old Ways
    Scatter Arc
    Structural Collapse
    Act of Treason
    Riot Gear
    Verdant Haven
--> Keymaster Rogue
    Nav Squad Commandos
    Hydroform
    Ordruun Veteran
    Thrull Parasite
    Ripscale Predator
    Biovisionary
    Mountain
 
Pack 3 pick 3:
    Angelic Edict
    Shadow Alley Denizen
--> Scab-Clan Charger
    Zarichi Tiger
    Skygames
    Corpse Blockade
    Burst of Strength
    Executioner's Swing
    Bioshift
    Killing Glare
    Crackling Perimeter
    Signal the Clans
    Forest
 
Pack 3 pick 4:
    Riot Gear (FOIL)
--> Ivy Lane Denizen
    Death's Approach
    Sage's Row Denizen
    Skyblinder Staff
    Nav Squad Commandos
    Kingpin's Pet
    Hydroform
    Frenzied Tilling
    Serene Remembrance
    Voidwalk
    Forest
 
Pack 3 pick 5:
    Devour Flesh
    Predator's Rapport
    Skyblinder Staff
    Verdant Haven
    Horror of the Dim
    Beckon Apparition
    Zhur-Taa Swine
--> Simic Charm
    Simic Fluxmage
    Wasteland Viper
    Swamp
 
Pack 3 pick 6:
--> Scorchwalker
    Leyline Phantom
    Last Thoughts
    Gruul Guildgate
    Naturalize
    Psychic Strike
    Primal Visitation
    Dimir Charm
    Thespian's Stage
    Mountain
 
Pack 3 pick 7:
    Tin Street Market
    Guildscorn Ward
    Furious Resistance
    Riot Gear
    Ivy Lane Denizen
    Clinging Anemones
    Beckon Apparition
--> Simic Keyrune
    Mountain
 
Pack 3 pick 8:
    Greenside Watcher
--> Devour Flesh
    Basilica Guards
    Ember Beast
    Skygames
    Slate Street Ruffian
    Orzhov Guildgate
    Swamp
 
Pack 3 pick 9:
--> Metropolis Sprite
    Structural Collapse
    Forced Adaptation
    Nav Squad Commandos
    Sage's Row Denizen
    Gruul Charm
    Plains
 
Pack 3 pick 10:
    Scatter Arc
    Structural Collapse
--> Riot Gear
    Verdant Haven
    Nav Squad Commandos
    Mountain
 
Pack 3 pick 11:
--> Shadow Alley Denizen
    Skygames
    Corpse Blockade
    Bioshift
    Forest
 
Pack 3 pick 12:
--> Skyblinder Staff
    Frenzied Tilling
    Serene Remembrance
    Forest
 
Pack 3 pick 13:
    Predator's Rapport
--> Horror of the Dim
    Swamp
 
Pack 3 pick 14:
    Leyline Phantom
--> Mountain
 
Pack 3 pick 15:
--> Mountain
 
