Event #: 5007402
Time:    2/10/2013 3:32:19 PM
Players: 
    Thomas_wot
    BigChris
    heinzj
    Golfinhos S.A
    Cvalenti90
    ZeeSeeS
--> malthrin
    SqueeSpleenSpoon
 
------ GTC ------
 
Pack 1 pick 1:
--> Slaughterhorn
    Dutiful Thrull
    Towering Thunderfist
    Ivy Lane Denizen
    Guildscorn Ward
    Clinging Anemones
    Deathcult Rogue (FOIL)
    Act of Treason
    Beckon Apparition
    Deathcult Rogue
    Simic Charm
    Cinder Elemental
    Mindeye Drake
    Mystic Genesis
    Forest
 
Pack 1 pick 2:
    Metropolis Sprite
    Smite
    Slaughterhorn
    Basilica Guards
    Ember Beast
    Skygames
    Slate Street Ruffian
    Orzhov Guildgate
    Bioshift
    Grisly Spectacle
--> Arrows of Justice
    Urban Evolution
    Rapid Hybridization
    Mountain
 
Pack 1 pick 3:
    Shadow Alley Denizen
    Scab-Clan Charger
    Leyline Phantom
    Adaptive Snapjaw
    Skinbrand Goblin
    Syndicate Enforcer
    Simic Guildgate
    Primal Visitation
--> Wojek Halberdiers
    Coerced Confession
    Ordruun Veteran
    Hold the Gates
    Mountain
 
Pack 1 pick 4:
    Knight Watch
    Gutter Skulk
    Forced Adaptation
    Nav Squad Commandos
    Sage's Row Denizen
    Razortip Whip
    Shattering Blow
--> Kingpin's Pet
    Orzhov Keyrune
    Murder Investigation
    Undercity Informer
    Island
 
Pack 1 pick 5:
    Tin Street Market
    Dutiful Thrull
    Simic Guildgate
    Zarichi Tiger
    Bomber Corps
--> Court Street Denizen
    Wildwood Rebirth
    Paranoid Delusions
    Simic Charm
    Righteous Charge
    Island
 
Pack 1 pick 6:
    Metropolis Sprite
    Smite
    Slaughterhorn
    Shielded Passage
    Razortip Whip
    Furious Resistance
    Purge the Profane
    Voidwalk
--> Holy Mantle
    Swamp
 
Pack 1 pick 7:
    Shadow Alley Denizen
    Scab-Clan Charger
    Leyline Phantom
    Aerial Maneuver
    Last Thoughts
--> Executioner's Swing
    Mental Vapors
    Mark for Death
    Mountain
 
Pack 1 pick 8:
    Predator's Rapport
    Contaminated Ground
    Skyblinder Staff
    Verdant Haven
--> Horror of the Dim
    Mental Vapors
    Tower Defense
    Swamp
 
Pack 1 pick 9:
--> Dutiful Thrull
    Ivy Lane Denizen
    Guildscorn Ward
    Clinging Anemones
    Act of Treason
    Beckon Apparition
    Forest
 
Pack 1 pick 10:
--> Smite
    Skygames
    Orzhov Guildgate
    Bioshift
    Urban Evolution
    Mountain
 
Pack 1 pick 11:
    Leyline Phantom
--> Syndicate Enforcer
    Primal Visitation
    Hold the Gates
    Mountain
 
Pack 1 pick 12:
    Forced Adaptation
--> Nav Squad Commandos
    Shattering Blow
    Island
 
Pack 1 pick 13:
    Tin Street Market
--> Wildwood Rebirth
    Island
 
Pack 1 pick 14:
--> Furious Resistance
    Swamp
 
Pack 1 pick 15:
--> Mountain
 
------ GTC ------
 
Pack 2 pick 1:
    Hands of Binding
    Greenside Watcher
    Devour Flesh
    Last Thoughts
    Dimir Guildgate
    Naturalize
    Spell Rupture
    Slate Street Ruffian
    Executioner's Swing
    Bioshift
    Zameck Guildmage
    Gift of Orzhova
    Hindervines
--> Gideon, Champion of Justice
    Plains
 
Pack 2 pick 2:
    Scorchwalker
    Leyline Phantom
--> Syndic of Tithes
    Assault Griffin
    Adaptive Snapjaw
    Skinbrand Goblin
    Syndicate Enforcer
    Simic Guildgate
    Beckon Apparition
    Zhur-Taa Swine
    Call of the Nightwing
    Guardian of the Gateless
    Wasteland Viper
    Island
 
Pack 2 pick 3:
    Tin Street Market
    Cloudfin Raptor
    Aerial Maneuver
--> Balustrade Spy
    Shielded Passage
    Riot Gear
    Forced Adaptation
    Keymaster Rogue
    Wojek Halberdiers
    Mortus Strider
    Gridlock
    Mark for Death
    Island
 
Pack 2 pick 4:
    Scorchwalker
    Leyline Phantom
--> Syndic of Tithes
    Shadow Alley Denizen
    Crocanura
    Clinging Anemones
    Horror of the Dim
    Zhur-Taa Swine
    Martial Glory
    Agoraphobia
    Serene Remembrance
    Island
 
Pack 2 pick 5:
    Scatter Arc
    Structural Collapse
    Orzhov Guildgate
    Totally Lost
--> Assault Griffin
    Skyblinder Staff
    Wojek Halberdiers
    Hydroform
    Dinrova Horror
    Boros Charm
    Swamp
 
Pack 2 pick 6:
    Forest (FOIL)
    Predator's Rapport
    Death's Approach
    Balustrade Spy
    Guildscorn Ward
    Furious Resistance
    Psychic Strike
    Bioshift
--> Knight of Obligation
    Plains
 
Pack 2 pick 7:
    Structural Collapse
--> Gutter Skulk
    Frilled Oculus
    Slate Street Ruffian
    Adaptive Snapjaw
    Midnight Recovery
    Shattering Blow
    Five-Alarm Fire
    Mountain
 
Pack 2 pick 8:
    Scatter Arc
    Structural Collapse
    Naturalize
    Totally Lost
    Gruul Charm
--> Dimir Keyrune
    Crackling Perimeter
    Swamp
 
Pack 2 pick 9:
--> Dimir Guildgate
    Naturalize
    Spell Rupture
    Slate Street Ruffian
    Bioshift
    Hindervines
    Plains
 
Pack 2 pick 10:
    Scorchwalker
    Adaptive Snapjaw
--> Syndicate Enforcer
    Beckon Apparition
    Zhur-Taa Swine
    Island
 
Pack 2 pick 11:
    Tin Street Market
--> Aerial Maneuver
    Mortus Strider
    Mark for Death
    Island
 
Pack 2 pick 12:
--> Leyline Phantom
    Clinging Anemones
    Serene Remembrance
    Island
 
Pack 2 pick 13:
    Structural Collapse
--> Skyblinder Staff
    Swamp
 
Pack 2 pick 14:
--> Guildscorn Ward
    Plains
 
Pack 2 pick 15:
--> Mountain
 
------ GTC ------
 
Pack 3 pick 1:
    Basilica Screecher
    Way of the Thief
    Spire Tracer
    Skyblinder Staff
    Skinbrand Goblin
    Last Thoughts
    Gruul Guildgate
    Court Street Denizen
    Hydroform
    Ruination Wurm
--> Arrows of Justice
    Homing Lightning
    Sapphire Drake
    Alms Beast
    Plains
 
Pack 3 pick 2:
    Tin Street Market
    Dutiful Thrull
    Cloudfin Raptor
    Foundry Street Denizen
    Zarichi Tiger
    Boros Guildgate
    Skygames
    Corpse Blockade
    Mugging
--> Executioner's Swing
    Dimir Charm
    Frenzied Tilling
    Knight of Obligation
    Island
 
Pack 3 pick 3:
    Disciple of the Old Ways
    Massive Raid
    Metropolis Sprite
--> Court Street Denizen
    Naturalize
    Armored Transport
    Totally Lost
    Boros Guildgate
    Primal Visitation
    Nimbus Swimmer
    Vizkopa Confessor
    Immortal Servitude
    Forest
 
Pack 3 pick 4:
    Hands of Binding
    Greenside Watcher
--> Devour Flesh
    Horror of the Dim
    Shielded Passage
    Razortip Whip
    Furious Resistance
    Keymaster Rogue
    Merfolk of the Depths
    Ground Assault
    Hold the Gates
    Island
 
Pack 3 pick 5:
    Scatter Arc
--> Smite
    Crocanura
    Horror of the Dim
    Guildscorn Ward
    Razortip Whip
    Clinging Anemones
    Furious Resistance
    Drakewing Krasis
    Martial Glory
    Mountain
 
Pack 3 pick 6:
    Aerial Maneuver
    Disciple of the Old Ways
    Massive Raid
--> Basilica Guards
    Skygames
    Mugging
    Purge the Profane
    Dying Wish
    Gruul Ragebeast
    Forest
 
Pack 3 pick 7:
--> Daring Skyjek
    Frilled Oculus
    Burst of Strength
    Prophetic Prism
    Orzhov Guildgate
    Totally Lost
    Assault Griffin
    Gateway Shade
    Mountain
 
Pack 3 pick 8:
    Boros Guildgate
    Skygames
    Corpse Blockade
    Burst of Strength
    Prophetic Prism
    Purge the Profane
--> Knight of Obligation
    Plains
 
Pack 3 pick 9:
    Way of the Thief
    Skyblinder Staff
    Last Thoughts
    Gruul Guildgate
--> Court Street Denizen
    Hydroform
    Plains
 
Pack 3 pick 10:
    Tin Street Market
--> Dutiful Thrull
    Zarichi Tiger
    Skygames
    Frenzied Tilling
    Island
 
Pack 3 pick 11:
    Naturalize
    Armored Transport
--> Totally Lost
    Primal Visitation
    Forest
 
Pack 3 pick 12:
    Shielded Passage
    Razortip Whip
--> Merfolk of the Depths
    Island
 
Pack 3 pick 13:
    Guildscorn Ward
--> Razortip Whip
    Mountain
 
Pack 3 pick 14:
--> Dying Wish
    Forest
 
Pack 3 pick 15:
--> Mountain
 
