Event #: 5007054
Time:    2/10/2013 2:00:19 PM
Players: 
    Tempch
    JanF
    Lordnorth
    Cyrus
    wonmanlee
    ThomasC13
    Inn3rs3lf
--> malthrin
 
------ GTC ------
 
Pack 1 pick 1:
    Spire Tracer
    Shadow Slice
    Clinging Anemones (FOIL)
    Midnight Recovery
    Foundry Street Denizen
    Zarichi Tiger
    Boros Guildgate
    Skygames
--> Mugging
    Kingpin's Pet
    Killing Glare
    Crackling Perimeter
    Crowned Ceratok
    Mystic Genesis
    Forest
 
Pack 1 pick 2:
    Slaughterhorn
    Dutiful Thrull
    Towering Thunderfist
    Skygames
    Slate Street Ruffian
    Orzhov Guildgate
    Adaptive Snapjaw
    Bomber Corps
    Executioner's Swing
    Primal Visitation
    Orzhov Keyrune
--> Holy Mantle
    Mental Vapors
    Plains
 
Pack 1 pick 3:
    Leyline Phantom
    Aerial Maneuver
    Basilica Screecher
    Corpse Blockade
    Burst of Strength
    Prophetic Prism
    Orzhov Guildgate
    Totally Lost
    Purge the Profane
    Shambleshark
--> Ground Assault
    Dimir Keyrune
    Forest
 
Pack 1 pick 4:
    Disciple of the Old Ways
    Massive Raid
    Metropolis Sprite
    Assault Griffin
    Skyblinder Staff
--> Skinbrand Goblin
    Last Thoughts
    Gruul Guildgate
    Shattering Blow
    Nimbus Swimmer
    Gateway Shade
    Plains
 
Pack 1 pick 5:
    Shadow Alley Denizen
    Scab-Clan Charger
    Foundry Street Denizen
    Zarichi Tiger
    Boros Guildgate
    Skygames
    Martial Glory
--> Rust Scarab
    Serene Remembrance
    Hellraiser Goblin
    Mountain
 
Pack 1 pick 6:
    Towering Thunderfist
--> Skinbrand Goblin
    Last Thoughts
    Plains (FOIL)
    Court Street Denizen
    Naturalize
    Mortus Strider
    Gruul Keyrune
    Crackling Perimeter
    Island
 
Pack 1 pick 7:
    Massive Raid
    Knight Watch
    Contaminated Ground
    Skyblinder Staff
--> Skinbrand Goblin
    Last Thoughts
    Shattering Blow
    Drakewing Krasis
    Island
 
Pack 1 pick 8:
    Structural Collapse
    Naturalize
--> Ember Beast
    Gruul Guildgate
    Martial Glory
    Psychic Strike
    Tower Defense
    Plains
 
Pack 1 pick 9:
    Spire Tracer
    Midnight Recovery
    Foundry Street Denizen
    Skygames
    Crackling Perimeter
--> Crowned Ceratok
    Forest
 
Pack 1 pick 10:
--> Slaughterhorn
    Towering Thunderfist
    Skygames
    Adaptive Snapjaw
    Primal Visitation
    Plains
 
Pack 1 pick 11:
    Leyline Phantom
--> Burst of Strength
    Totally Lost
    Purge the Profane
    Forest
 
Pack 1 pick 12:
    Skyblinder Staff
--> Last Thoughts
    Shattering Blow
    Plains
 
Pack 1 pick 13:
--> Skygames
    Serene Remembrance
    Mountain
 
Pack 1 pick 14:
--> Plains (FOIL)
    Island
 
Pack 1 pick 15:
--> Last Thoughts
 
------ GTC ------
 
Pack 2 pick 1:
    Basilica Screecher
    Way of the Thief
    Spire Tracer
    Syndic of Tithes
    Knight Watch
    Nav Squad Commandos
    Verdant Haven
    Horror of the Dim
    Purge the Profane
    Psychic Strike
    Truefire Paladin
    Simic Keyrune
    Illness in the Ranks
--> Godless Shrine
    Island
 
Pack 2 pick 2:
    Angelic Edict
    Contaminated Ground (FOIL)
    Scab-Clan Charger
    Spell Rupture
    Simic Guildgate
    Zarichi Tiger
    Bomber Corps
    Court Street Denizen
    Bioshift
--> Gruul Charm
    Mark for Death
    Illness in the Ranks
    Diluvian Primordial
    Forest
 
Pack 2 pick 3:
    Scorchwalker
    Leyline Phantom
    Assault Griffin
    Adaptive Snapjaw
--> Skinbrand Goblin
    Syndicate Enforcer
    Simic Guildgate
    Bioshift
    Wojek Halberdiers
    Dinrova Horror
    Gruul Keyrune
    Voidwalk
    Swamp
 
Pack 2 pick 4:
    Cloudfin Raptor
    Aerial Maneuver
--> Spire Tracer
    Armored Transport
    Totally Lost
    Boros Guildgate
    Assault Griffin
    Adaptive Snapjaw
    Wojek Halberdiers
    Dimir Charm
    Boros Keyrune
    Mountain
 
Pack 2 pick 5:
    Greenside Watcher
    Tin Street Market
--> Ivy Lane Denizen
    Clinging Anemones
    Horror of the Dim
    Shielded Passage
    Razortip Whip
    Shambleshark
    Primal Visitation
    Duskmantle Guildmage
    Swamp
 
Pack 2 pick 6:
    Crocanura
--> Ember Beast
    Skygames
    Slate Street Ruffian
    Orzhov Guildgate
    Mortus Strider
    Ruination Wurm
    Ripscale Predator
    Mental Vapors
    Mountain
 
Pack 2 pick 7:
--> Slaughterhorn
    Adaptive Snapjaw
    Midnight Recovery
    Last Thoughts
    Dimir Guildgate
    Beckon Apparition
    Merfolk of the Depths
    Miming Slime
    Forest
 
Pack 2 pick 8:
--> Crocanura
    Corpse Blockade
    Burst of Strength
    Prophetic Prism
    Totally Lost
    Psychic Strike
    Dying Wish
    Plains
 
Pack 2 pick 9:
    Way of the Thief
--> Spire Tracer
    Verdant Haven
    Horror of the Dim
    Purge the Profane
    Simic Keyrune
    Island
 
Pack 2 pick 10:
--> Scab-Clan Charger
    Spell Rupture
    Bioshift
    Mark for Death
    Illness in the Ranks
    Forest
 
Pack 2 pick 11:
    Leyline Phantom
--> Adaptive Snapjaw
    Simic Guildgate
    Voidwalk
    Swamp
 
Pack 2 pick 12:
--> Aerial Maneuver
    Totally Lost
    Adaptive Snapjaw
    Mountain
 
Pack 2 pick 13:
    Tin Street Market
--> Razortip Whip
    Swamp
 
Pack 2 pick 14:
--> Skygames
    Mountain
 
Pack 2 pick 15:
--> Forest
 
------ GTC ------
 
Pack 3 pick 1:
    Gutter Skulk
    Frilled Oculus
    Scab-Clan Charger
    Totally Lost
    Assault Griffin
    Skyblinder Staff
    Skinbrand Goblin
    Last Thoughts
    Paranoid Delusions
    Wojek Halberdiers
--> Arrows of Justice
    Merfolk of the Depths
    Debtor's Pulpit
    Five-Alarm Fire
    Island
 
Pack 3 pick 2:
    Way of the Thief
    Tin Street Market
    Dutiful Thrull
    Boros Guildgate
    Assault Griffin
    Adaptive Snapjaw
--> Skinbrand Goblin
    Syndicate Enforcer
    Skyknight Legionnaire
    Bioshift
    Ordruun Veteran
    Urban Evolution
    Alpha Authority
    Swamp
 
Pack 3 pick 3:
    Metropolis Sprite
    Devour Flesh
    Forced Adaptation
    Millennial Gargoyle
    Shielded Passage
    Act of Treason
    Riot Gear
    Wojek Halberdiers
--> Mugging
    Gridlock
    Skullcrack
    Unexpected Results
    Island
 
Pack 3 pick 4:
    Frilled Oculus
    Scab-Clan Charger
    Foundry Street Denizen
    Zarichi Tiger
    Boros Guildgate
    Skygames
    Corpse Blockade
    Shattering Blow
--> Burning-Tree Emissary
    Dimir Keyrune
    Ætherize
    Island
 
Pack 3 pick 5:
--> Spire Tracer
    Knight Watch
    Horror of the Dim
    Guildscorn Ward
    Razortip Whip
    Clinging Anemones
    Furious Resistance
    Hydroform
    Rapid Hybridization
    Ripscale Predator
    Swamp
 
Pack 3 pick 6:
    Towering Thunderfist
    Verdant Haven
    Horror of the Dim
--> Madcap Skills
    Ivy Lane Denizen
    Guildscorn Ward
    Pit Fight
    Nimbus Swimmer
    Truefire Paladin
    Swamp
 
Pack 3 pick 7:
    Scatter Arc
    Structural Collapse
    Spell Rupture
    Simic Guildgate
    Bomber Corps
--> Primal Visitation
    Frenzied Tilling
    Simic Fluxmage
    Forest
 
Pack 3 pick 8:
--> Warmind Infantry
    Skygames
    Corpse Blockade
    Burst of Strength
    Prophetic Prism
    Shattering Blow
    Drakewing Krasis
    Forest
 
Pack 3 pick 9:
    Totally Lost
    Skyblinder Staff
--> Skinbrand Goblin
    Last Thoughts
    Merfolk of the Depths
    Debtor's Pulpit
    Island
 
Pack 3 pick 10:
    Way of the Thief
    Tin Street Market
--> Boros Guildgate
    Bioshift
    Alpha Authority
    Swamp
 
Pack 3 pick 11:
--> Devour Flesh
    Forced Adaptation
    Shielded Passage
    Riot Gear
    Island
 
Pack 3 pick 12:
--> Scab-Clan Charger
    Foundry Street Denizen
    Shattering Blow
    Island
 
Pack 3 pick 13:
--> Razortip Whip
    Hydroform
    Swamp
 
Pack 3 pick 14:
--> Verdant Haven
    Swamp
 
Pack 3 pick 15:
--> Forest
 
