Event #: 5008465
Time:    2/10/2013 8:29:01 PM
Players: 
    PLAN_B
    BOBtheRock
    LeoBloom
    destiny
    willyboy1357
    hombreVerde
--> malthrin
    Raveness
 
------ GTC ------
 
Pack 1 pick 1:
    Towering Thunderfist
    Basilica Screecher
    Way of the Thief
    Skinbrand Goblin
    Syndicate Enforcer
    Simic Guildgate
    Basilica Guards
    Ember Beast
    Ruination Wurm
    Paranoid Delusions
    Vizkopa Guildmage
    Crackling Perimeter
    Wight of Precinct Six
--> Whispering Madness
    Mountain
 
Pack 1 pick 2:
    Scab-Clan Charger
    Leyline Phantom
    Aerial Maneuver
    Millennial Gargoyle
    Shielded Passage
    Act of Treason
    Riot Gear
    Verdant Haven
    Mugging
    Purge the Profane
    Burning-Tree Emissary
    Incursion Specialist
--> Luminate Primordial
    Island
 
Pack 1 pick 3:
    Knight Watch
    Contaminated Ground
    Greenside Watcher
    Way of the Thief
    Assault Griffin
    Skyblinder Staff
    Skinbrand Goblin
    Last Thoughts
    Zhur-Taa Swine
--> Mugging
    Ordruun Veteran
    Tower Defense
    Forest
 
Pack 1 pick 4:
    Structural Collapse
    Shadow Alley Denizen
    Shielded Passage
    Riot Gear
    Forced Adaptation
    Keymaster Rogue
    Horror of the Dim
    Primal Visitation
--> Deathcult Rogue
    Serene Remembrance
    Voidwalk
    Island
 
Pack 1 pick 5:
    Slaughterhorn
    Structural Collapse
--> Gutter Skulk
    Horror of the Dim
    Guildscorn Ward
    Clinging Anemones
    Executioner's Swing
    Bioshift
    Illness in the Ranks
    Serene Remembrance
    Swamp
 
Pack 1 pick 6:
    Scorchwalker
    Frilled Oculus
    Armored Transport
    Totally Lost
    Boros Guildgate
    Assault Griffin
--> Psychic Strike
    Shattering Blow
    Murder Investigation
    Island
 
Pack 1 pick 7:
    Metropolis Sprite
    Keymaster Rogue
--> Balustrade Spy
    Ivy Lane Denizen
    Zhur-Taa Swine
    Martial Glory
    Rust Scarab
    Simic Charm
    Mountain
 
Pack 1 pick 8:
    Tin Street Market
    Midnight Recovery
    Foundry Street Denizen
    Boros Guildgate
    Skygames
    Martial Glory
--> Simic Fluxmage
    Plains
 
Pack 1 pick 9:
    Towering Thunderfist
    Way of the Thief
    Syndicate Enforcer
    Ruination Wurm
--> Paranoid Delusions
    Crackling Perimeter
    Mountain
 
Pack 1 pick 10:
--> Leyline Phantom
    Shielded Passage
    Riot Gear
    Verdant Haven
    Purge the Profane
    Island
 
Pack 1 pick 11:
    Contaminated Ground
    Way of the Thief
--> Skyblinder Staff
    Tower Defense
    Forest
 
Pack 1 pick 12:
    Structural Collapse
--> Shielded Passage
    Serene Remembrance
    Island
 
Pack 1 pick 13:
    Structural Collapse
--> Illness in the Ranks
    Swamp
 
Pack 1 pick 14:
--> Armored Transport
    Island
 
Pack 1 pick 15:
--> Mountain
 
------ GTC ------
 
Pack 2 pick 1:
--> Basilica Screecher
    Disciple of the Old Ways
    Massive Raid
    Naturalize
    Spell Rupture
    Slate Street Ruffian
    Ember Beast
    Gruul Guildgate
    Psychic Strike
    Bioshift
    Bane Alley Broker
    Ordruun Veteran
    Righteous Charge
    Hellkite Tyrant
    Swamp
 
Pack 2 pick 2:
    Frilled Oculus
    Daring Skyjek
--> Corpse Blockade
    Armored Transport
    Syndicate Enforcer
    Burst of Strength
    Basilica Guards
    Pit Fight
    Skyknight Legionnaire
    Boros Keyrune
    Urbis Protector
    Mark for Death
    Treasury Thrull
    Mountain
 
Pack 2 pick 3:
    Shadow Slice
    Dutiful Thrull
    Shielded Passage
    Razortip Whip
    Furious Resistance
    Keymaster Rogue
--> Death's Approach
    Drakewing Krasis
    Purge the Profane
    Agoraphobia
    Cartel Aristocrat
    Hellraiser Goblin
    Swamp
 
Pack 2 pick 4:
    Towering Thunderfist
    Hands of Binding
    Skyblinder Staff
    Nav Squad Commandos
    Verdant Haven
    Horror of the Dim
    Madcap Skills
    Beckon Apparition
--> Deathcult Rogue
    Illness in the Ranks
    Luminate Primordial
    Forest
 
Pack 2 pick 5:
--> Hands of Binding
    Massive Raid
    Furious Resistance
    Riot Gear
    Ivy Lane Denizen
    Clinging Anemones
    Horror of the Dim
    Paranoid Delusions
    Boros Elite
    Wasteland Viper
    Mountain
 
Pack 2 pick 6:
    Aerial Maneuver
    Spire Tracer
    Razortip Whip
    Death's Approach
--> Balustrade Spy
    Guildscorn Ward
    Psychic Strike
    Primal Visitation
    Mental Vapors
    Island
 
Pack 2 pick 7:
--> Gutter Skulk
    Scatter Arc
    Skygames
    Orzhov Guildgate
    Adaptive Snapjaw
    Executioner's Swing
    Zameck Guildmage
    Dying Wish
    Plains
 
Pack 2 pick 8:
--> Frilled Oculus
    Court Street Denizen
    Wildwood Rebirth
    Mortus Strider
    Nimbus Swimmer
    Vizkopa Confessor
    Mark for Death
    Mountain
 
Pack 2 pick 9:
    Naturalize
    Spell Rupture
    Gruul Guildgate
--> Psychic Strike
    Bioshift
    Righteous Charge
    Swamp
 
Pack 2 pick 10:
    Armored Transport
    Burst of Strength
    Boros Keyrune
--> Urbis Protector
    Mark for Death
    Mountain
 
Pack 2 pick 11:
    Shielded Passage
    Razortip Whip
    Furious Resistance
--> Purge the Profane
    Swamp
 
Pack 2 pick 12:
    Skyblinder Staff
--> Horror of the Dim
    Illness in the Ranks
    Forest
 
Pack 2 pick 13:
    Furious Resistance
--> Horror of the Dim
    Mountain
 
Pack 2 pick 14:
--> Razortip Whip
    Island
 
Pack 2 pick 15:
--> Plains
 
------ GTC ------
 
Pack 3 pick 1:
    Towering Thunderfist
    Hands of Binding
    Greenside Watcher
    Millennial Gargoyle
    Act of Treason
    Forced Adaptation
    Nav Squad Commandos
--> Sage's Row Denizen
    Ruination Wurm
    Beckon Apparition
    Gruul Charm
    Debtor's Pulpit
    Voidwalk
    Assemble the Legion
    Forest
 
Pack 3 pick 2:
    Scab-Clan Charger
--> Leyline Phantom
    Aerial Maneuver
    Midnight Recovery
    Last Thoughts
    Dimir Guildgate
    Naturalize
    Spell Rupture
    Martial Glory
    Shambleshark
    Gruul Keyrune
    Arrows of Justice
    Smog Elemental
    Swamp
 
Pack 3 pick 3:
    Spire Tracer
    Syndic of Tithes
    Knight Watch
    Millennial Gargoyle
    Verdant Haven
    Sage's Row Denizen
    Act of Treason
    Balustrade Spy
    Wojek Halberdiers
    Hydroform
--> Duskmantle Guildmage
    Guardian of the Gateless
    Forest
 
Pack 3 pick 4:
--> Basilica Screecher
    Disciple of the Old Ways
    Guildscorn Ward
    Razortip Whip
    Clinging Anemones
    Furious Resistance
    Forced Adaptation
    Beckon Apparition
    Zhur-Taa Swine
    Vizkopa Confessor
    Mental Vapors
    Mountain
 
Pack 3 pick 5:
    Way of the Thief
    Tin Street Market
    Dutiful Thrull
    Cloudfin Raptor
    Syndicate Enforcer
    Simic Guildgate
    Basilica Guards
--> Ætherize
    Thrull Parasite
    Biovisionary
    Plains
 
Pack 3 pick 6:
    Scatter Arc
    Corpse Blockade
    Burst of Strength
    Prophetic Prism
    Orzhov Guildgate
--> Totally Lost
    Hydroform
    Merfolk of the Depths
    Smog Elemental
    Swamp
 
Pack 3 pick 7:
    Towering Thunderfist
--> Basilica Screecher
    Way of the Thief
    Horror of the Dim
    Guildscorn Ward
    Shattering Blow
    Kingpin's Pet
    Viashino Shanktail
    Mountain
 
Pack 3 pick 8:
    Knight Watch
    Contaminated Ground
    Greenside Watcher
    Totally Lost
--> Paranoid Delusions
    Drakewing Krasis
    Boros Keyrune
    Forest
 
Pack 3 pick 9:
    Greenside Watcher
    Millennial Gargoyle
    Nav Squad Commandos
    Ruination Wurm
    Beckon Apparition
--> Gruul Charm
    Forest
 
Pack 3 pick 10:
    Aerial Maneuver
    Midnight Recovery
--> Last Thoughts
    Naturalize
    Shambleshark
    Swamp
 
Pack 3 pick 11:
    Knight Watch
--> Millennial Gargoyle
    Verdant Haven
    Hydroform
    Forest
 
Pack 3 pick 12:
    Guildscorn Ward
--> Razortip Whip
    Mental Vapors
    Mountain
 
Pack 3 pick 13:
    Tin Street Market
--> Dutiful Thrull
    Plains
 
Pack 3 pick 14:
--> Corpse Blockade
    Swamp
 
Pack 3 pick 15:
--> Mountain
 
