Event #: 5017197
Time:    2/12/2013 6:57:12 PM
Players: 
    Palomides
    MyEvilSide
    curatoo7
    FuriousAnger
--> malthrin
    Martybhoy
    BigLurch22
    ShatteredSphere
 
------ GTC ------
 
Pack 1 pick 1:
    Warmind Infantry
    Metropolis Sprite
    Smite
    Foundry Street Denizen
    Corpse Blockade
    Armored Transport
    Syndicate Enforcer
    Burst of Strength
    Grisly Spectacle
    Executioner's Swing
--> Ground Assault
    Duskmantle Guildmage
    Ripscale Predator
    Whispering Madness
    Mountain
 
Pack 1 pick 2:
    Warmind Infantry
    Scatter Arc
    Smite
    Naturalize
    Armored Transport
    Totally Lost
    Boros Guildgate
    Assault Griffin
    Mugging
    Executioner's Swing
    Boros Keyrune
    Murder Investigation
--> Rubblebelt Raiders
    Forest
 
Pack 1 pick 3:
    Shadow Alley Denizen
--> Scab-Clan Charger
    Leyline Phantom
    Aerial Maneuver
    Horror of the Dim
    Spell Rupture (FOIL)
    Razortip Whip
    Clinging Anemones
    Kingpin's Pet
    Urban Evolution
    Serene Remembrance
    Mark for Death
    Mountain
 
Pack 1 pick 4:
    Towering Thunderfist
    Hands of Binding
    Greenside Watcher
    Simic Guildgate
    Basilica Guards
    Ember Beast
    Skygames
    Slate Street Ruffian
--> Zhur-Taa Swine
    Martial Glory
    Gateway Shade
    Island
 
Pack 1 pick 5:
    Basilica Screecher
--> Disciple of the Old Ways
    Massive Raid
    Zarichi Tiger
    Bomber Corps
    Court Street Denizen
    Wildwood Rebirth
    Dimir Guildgate
    Beckon Apparition
    Hold the Gates
    Forest
 
Pack 1 pick 6:
    Frilled Oculus
    Court Street Denizen
    Wildwood Rebirth
    Dimir Guildgate
--> Prophetic Prism
    Midnight Recovery
    Shambleshark
    Hellraiser Goblin
    Thespian's Stage
    Plains
 
Pack 1 pick 7:
    Structural Collapse
    Gutter Skulk
--> Gruul Guildgate
    Naturalize
    Armored Transport
    Purge the Profane
    Tower Defense
    Debtor's Pulpit
    Forest
 
Pack 1 pick 8:
    Knight Watch
    Gutter Skulk
    Corpse Blockade
    Armored Transport
    Syndicate Enforcer
--> Burst of Strength
    Executioner's Swing
    Island
 
Pack 1 pick 9:
    Metropolis Sprite
--> Smite
    Corpse Blockade
    Armored Transport
    Executioner's Swing
    Whispering Madness
    Mountain
 
Pack 1 pick 10:
    Scatter Arc
--> Smite
    Armored Transport
    Boros Keyrune
    Murder Investigation
    Forest
 
Pack 1 pick 11:
--> Leyline Phantom
    Aerial Maneuver
    Spell Rupture (FOIL)
    Razortip Whip
    Mountain
 
Pack 1 pick 12:
--> Simic Guildgate
    Skygames
    Slate Street Ruffian
    Island
 
Pack 1 pick 13:
--> Beckon Apparition
    Hold the Gates
    Forest
 
Pack 1 pick 14:
--> Wildwood Rebirth
    Plains
 
Pack 1 pick 15:
--> Forest
 
------ GTC ------
 
Pack 2 pick 1:
    Metropolis Sprite
    Angelic Edict
    Devour Flesh
    Verdant Haven
    Sage's Row Denizen
    Act of Treason
    Balustrade Spy
    Shielded Passage
    Hydroform
    Ruination Wurm
--> Rust Scarab
    Dying Wish
    Hindervines
    Biovisionary
    Plains
 
Pack 2 pick 2:
    Warmind Infantry
    Scatter Arc
    Smite
    Gruul Guildgate
    Wildwood Rebirth
    Foundry Street Denizen
    Corpse Blockade
    Armored Transport
    Deathcult Rogue
--> Pit Fight
    Killing Glare
    Urbis Protector
    Ripscale Predator
    Forest
 
Pack 2 pick 3:
    Cloudfin Raptor
    Predator's Rapport
    Contaminated Ground
    Scorchwalker
    Skygames
    Corpse Blockade
    Burst of Strength
    Prophetic Prism
    Drakewing Krasis
    Martial Glory
--> Skarrg Guildmage
    Hindervines
    Mountain
 
Pack 2 pick 4:
--> Scab-Clan Charger
    Leyline Phantom
    Aerial Maneuver
    Razortip Whip
    Furious Resistance
    Keymaster Rogue
    Death's Approach
    Millennial Gargoyle
    Pit Fight
    Cartel Aristocrat
    Undercity Informer
    Mountain
 
Pack 2 pick 5:
    Scatter Arc
    Structural Collapse
    Shadow Alley Denizen
    Spell Rupture
    Simic Guildgate
    Paranoid Delusions
    Drakewing Krasis
    Merfolk of the Depths
    Mindeye Drake
--> Ooze Flux
    Swamp
 
Pack 2 pick 6:
    Predator's Rapport
    Leyline Phantom
    Midnight Recovery
    Last Thoughts
    Dimir Guildgate
    Naturalize
--> Ruination Wurm
    Paranoid Delusions
    Debtor's Pulpit
    Island
 
Pack 2 pick 7:
    Tin Street Market
    Orzhov Guildgate
--> Adaptive Snapjaw
    Midnight Recovery
    Last Thoughts
    Purge the Profane
    Merfolk of the Depths
    Ætherize
    Swamp
 
Pack 2 pick 8:
    Shadow Alley Denizen
    Spell Rupture
--> Gruul Guildgate
    Wildwood Rebirth
    Hydroform
    Orzhov Keyrune
    Voidwalk
    Swamp
 
Pack 2 pick 9:
    Sage's Row Denizen
    Hydroform
--> Ruination Wurm
    Dying Wish
    Hindervines
    Biovisionary
    Plains
 
Pack 2 pick 10:
    Scatter Arc
    Smite
    Wildwood Rebirth
--> Armored Transport
    Ripscale Predator
    Forest
 
Pack 2 pick 11:
    Predator's Rapport
    Contaminated Ground
    Skygames
--> Hindervines
    Mountain
 
Pack 2 pick 12:
    Leyline Phantom
    Razortip Whip
--> Furious Resistance
    Mountain
 
Pack 2 pick 13:
    Structural Collapse
--> Merfolk of the Depths
    Swamp
 
Pack 2 pick 14:
--> Dimir Guildgate
    Island
 
Pack 2 pick 15:
--> Swamp
 
------ GTC ------
 
Pack 3 pick 1:
--> Crocanura
    Hands of Binding
    Massive Raid
    Syndicate Enforcer
    Burst of Strength
    Basilica Guards
    Spell Rupture
    Simic Guildgate
    Executioner's Swing
    Bioshift
    Sunhome Guildmage
    Orzhov Charm
    Guardian of the Gateless
    Diluvian Primordial
    Plains
 
Pack 3 pick 2:
    Towering Thunderfist
    Basilica Screecher
    Way of the Thief
    Skyblinder Staff
    Skinbrand Goblin
    Last Thoughts
    Gruul Guildgate
    Court Street Denizen
    Kingpin's Pet
    Hydroform
    Zameck Guildmage
    Boros Charm
--> Crowned Ceratok
    Plains
 
Pack 3 pick 3:
--> Crocanura
    Massive Raid
    Skinbrand Goblin
    Syndicate Enforcer
    Simic Guildgate
    Basilica Guards
    Paranoid Delusions
    Drakewing Krasis
    Gruul Charm
    Crackling Perimeter
    Dying Wish
    Firemane Avenger
    Plains
 
Pack 3 pick 4:
    Gutter Skulk
--> Disciple of the Old Ways
    Scatter Arc
    Structural Collapse
    Angelic Edict
    Riot Gear
    Forced Adaptation
    Zhur-Taa Swine
    Mugging
    Frenzied Tilling
    Illness in the Ranks
    Swamp
 
Pack 3 pick 5:
--> Warmind Infantry
    Metropolis Sprite
    Smite
    Totally Lost
    Assault Griffin
    Skyblinder Staff
    Skinbrand Goblin
    Last Thoughts
    Primal Visitation
    Boros Keyrune
    Mountain
 
Pack 3 pick 6:
    Way of the Thief
    Tin Street Market
--> Dutiful Thrull
    Midnight Recovery
    Foundry Street Denizen
    Zarichi Tiger
    Ruination Wurm
    Beckon Apparition
    Wight of Precinct Six
    Swamp
 
Pack 3 pick 7:
    Angelic Edict
    Devour Flesh
    Skygames
    Slate Street Ruffian
    Orzhov Guildgate
--> Adaptive Snapjaw
    Purge the Profane
    Urbis Protector
    Plains
 
Pack 3 pick 8:
    Structural Collapse
    Gutter Skulk
    Spell Rupture
    Zarichi Tiger
--> Bomber Corps
    Primal Visitation
    Coerced Confession
    Forest
 
Pack 3 pick 9:
    Syndicate Enforcer
--> Burst of Strength
    Spell Rupture
    Simic Guildgate
    Executioner's Swing
    Bioshift
    Plains
 
Pack 3 pick 10:
--> Towering Thunderfist
    Skyblinder Staff
    Last Thoughts
    Court Street Denizen
    Hydroform
    Plains
 
Pack 3 pick 11:
--> Skinbrand Goblin
    Simic Guildgate
    Crackling Perimeter
    Dying Wish
    Plains
 
Pack 3 pick 12:
--> Gutter Skulk
    Scatter Arc
    Structural Collapse
    Swamp
 
Pack 3 pick 13:
    Skyblinder Staff
--> Primal Visitation
    Mountain
 
Pack 3 pick 14:
--> Tin Street Market
    Swamp
 
Pack 3 pick 15:
--> Plains
 
