Event #: 5020500
Time:    2/13/2013 1:33:52 PM
Players: 
    Ilsensine
    Procrastination
    Darkwood82
    Bigesmalls
--> MechaTech
    JediDro
    BlakeNJudge
    Mr_Mediocre_SM
 
------ GTC ------
 
Pack 1 pick 1:
    Scatter Arc
    Smite
    Crocanura
    Guildscorn Ward
    Clinging Anemones
    Millennial Gargoyle
    Act of Treason
    Forced Adaptation
    Psychic Strike
    Primal Visitation
--> Homing Lightning
    Viashino Shanktail
    Incursion Specialist
    Merciless Eviction
    Plains
 
Pack 1 pick 2:
    Greenside Watcher
    Devour Flesh
    Tin Street Market
--> Cloudfin Raptor
    Simic Guildgate (FOIL)
    Simic Guildgate
    Basilica Guards
    Ember Beast
    Ruination Wurm
    Beckon Apparition
    Gridlock
    Mark for Death
    Sylvan Primordial
    Mountain
 
Pack 1 pick 3:
--> Slaughterhorn
    Dutiful Thrull
    Towering Thunderfist
    Clinging Anemones
    Horror of the Dim
    Shielded Passage
    Razortip Whip
    Furious Resistance
    Drakewing Krasis
    Purge the Profane
    Urbis Protector
    Hellraiser Goblin
    Island
 
Pack 1 pick 4:
    Contaminated Ground
    Greenside Watcher
    Way of the Thief
    Nav Squad Commandos
    Sage's Row Denizen
    Razortip Whip
    Death's Approach
    Structural Collapse (FOIL)
    Paranoid Delusions
--> Burning-Tree Emissary
    Boros Elite
    Swamp
 
Pack 1 pick 5:
    Scorchwalker
    Leyline Phantom
    Nav Squad Commandos
--> Madcap Skills
    Ivy Lane Denizen
    Death's Approach
    Shambleshark
    Shattering Blow
    Simic Keyrune
    Voidwalk
    Forest
 
Pack 1 pick 6:
    Daring Skyjek
    Frilled Oculus
    Shadow Slice
    Corpse Blockade
    Armored Transport
    Burst of Strength
    Shattering Blow
--> Elusive Krasis
    Rapid Hybridization
    Plains
 
Pack 1 pick 7:
    Warmind Infantry
    Syndicate Enforcer
    Basilica Guards
--> Ember Beast
    Skygames
    Paranoid Delusions
    Wojek Halberdiers
    Dimir Keyrune
    Plains
 
Pack 1 pick 8:
    Disciple of the Old Ways
    Massive Raid
    Court Street Denizen
    Naturalize
    Armored Transport
--> Mugging
    Zameck Guildmage
    Island
 
Pack 1 pick 9:
    Scatter Arc
    Guildscorn Ward
--> Act of Treason
    Forced Adaptation
    Primal Visitation
    Incursion Specialist
    Plains
 
Pack 1 pick 10:
    Tin Street Market
    Simic Guildgate
    Ember Beast
    Ruination Wurm
--> Mark for Death
    Mountain
 
Pack 1 pick 11:
    Horror of the Dim
    Shielded Passage
    Razortip Whip
--> Furious Resistance
    Island
 
Pack 1 pick 12:
    Contaminated Ground
    Razortip Whip
--> Structural Collapse (FOIL)
    Swamp
 
Pack 1 pick 13:
    Leyline Phantom
--> Shambleshark
    Forest
 
Pack 1 pick 14:
--> Burst of Strength
    Plains
 
Pack 1 pick 15:
--> Plains
 
------ GTC ------
 
Pack 2 pick 1:
    Hands of Binding
--> Massive Raid
    Knight Watch
    Wildwood Rebirth
    Foundry Street Denizen
    Corpse Blockade
    Armored Transport
    Syndicate Enforcer
    Bioshift
    Grisly Spectacle
    Vizkopa Guildmage
    Frenzied Tilling
    Debtor's Pulpit
    Immortal Servitude
    Island
 
Pack 2 pick 2:
    Predator's Rapport
    Contaminated Ground
    Scorchwalker
    Balustrade Spy
    Guildscorn Ward
    Furious Resistance
    Riot Gear
--> Ivy Lane Denizen
    Kingpin's Pet
    Pit Fight
    Dinrova Horror
    Undercity Informer
    Biovisionary
    Forest
 
Pack 2 pick 3:
    Predator's Rapport
--> Scorchwalker
    Leyline Phantom
    Totally Lost
    Boros Guildgate
    Assault Griffin
    Adaptive Snapjaw
    Skinbrand Goblin
    Shattering Blow
    Gift of Orzhova
    Cartel Aristocrat
    Skullcrack
    Mountain
 
Pack 2 pick 4:
--> Adaptive Snapjaw (FOIL)
    Shadow Slice
    Bomber Corps
    Court Street Denizen
    Wildwood Rebirth
    Dimir Guildgate
    Prophetic Prism
    Beckon Apparition
    Deathcult Rogue
    Miming Slime
    Thespian's Stage
    Plains
 
Pack 2 pick 5:
    Syndic of Tithes
    Shadow Alley Denizen
    Crocanura
    Guildscorn Ward
    Clinging Anemones
    Millennial Gargoyle
    Purge the Profane
    Ruination Wurm
--> Ground Assault
    Righteous Charge
    Forest
 
Pack 2 pick 6:
    Metropolis Sprite
    Skyblinder Staff
    Nav Squad Commandos
    Horror of the Dim
--> Pit Fight
    Psychic Strike
    Simic Keyrune
    Viashino Shanktail
    Boros Elite
    Swamp
 
Pack 2 pick 7:
    Leyline Phantom
    Aerial Maneuver
    Skyblinder Staff
--> Skinbrand Goblin
    Last Thoughts
    Psychic Strike
    Bioshift
    Dying Wish
    Island
 
Pack 2 pick 8:
    Predator's Rapport
--> Naturalize
    Armored Transport
    Totally Lost
    Purge the Profane
    Merfolk of the Depths
    Serene Remembrance
    Mountain
 
Pack 2 pick 9:
    Foundry Street Denizen
    Corpse Blockade
    Armored Transport
    Syndicate Enforcer
    Bioshift
--> Frenzied Tilling
    Island
 
Pack 2 pick 10:
    Predator's Rapport
    Contaminated Ground
    Guildscorn Ward
    Furious Resistance
--> Riot Gear
    Forest
 
Pack 2 pick 11:
    Predator's Rapport
    Leyline Phantom
--> Skinbrand Goblin
    Shattering Blow
    Mountain
 
Pack 2 pick 12:
    Shadow Slice
--> Bomber Corps
    Wildwood Rebirth
    Plains
 
Pack 2 pick 13:
--> Guildscorn Ward
    Purge the Profane
    Forest
 
Pack 2 pick 14:
--> Horror of the Dim
    Swamp
 
Pack 2 pick 15:
--> Island
 
------ GTC ------
 
Pack 3 pick 1:
    Slaughterhorn
    Structural Collapse
    Gutter Skulk
    Frilled Oculus
    Verdant Haven
    Horror of the Dim
    Madcap Skills
    Ivy Lane Denizen
    Executioner's Swing
    Bioshift
    Coerced Confession
    Mental Vapors
    Firefist Striker
--> Stomping Ground
    Island
 
Pack 3 pick 2:
    Shadow Alley Denizen
--> Crocanura
    Warmind Infantry
    Metropolis Sprite
    Smite
    Sage's Row Denizen
    Skyblinder Staff
    Nav Squad Commandos
    Deathcult Rogue
    Pit Fight
    Agoraphobia
    Vizkopa Guildmage
    Guardian of the Gateless
    Plains
 
Pack 3 pick 3:
--> Disciple of the Old Ways
    Massive Raid
    Metropolis Sprite
    Shielded Passage
    Act of Treason
    Verdant Haven
    Keymaster Rogue
    Zhur-Taa Swine
    Martial Glory
    Dimir Keyrune
    Ordruun Veteran
    Mystic Genesis
    Swamp
 
Pack 3 pick 4:
    Spire Tracer
    Shadow Slice
    Warmind Infantry
    Skygames
    Slate Street Ruffian
    Adaptive Snapjaw
    Bomber Corps
    Drakewing Krasis
    Martial Glory
    Smog Elemental
--> Experiment One
    Forest
 
Pack 3 pick 5:
    Predator's Rapport
    Scorchwalker
    Razortip Whip
    Furious Resistance
    Millennial Gargoyle
--> Pit Fight
    Skyknight Legionnaire
    Nimbus Swimmer
    Mental Vapors
    Tower Defense
    Forest
 
Pack 3 pick 6:
    Tin Street Market
    Slate Street Ruffian
    Ember Beast
    Wildwood Rebirth
    Foundry Street Denizen
    Zhur-Taa Swine
--> Mugging
    Fortress Cyclops
    Righteous Charge
    Mountain
 
Pack 3 pick 7:
--> Slaughterhorn
    Dutiful Thrull
    Towering Thunderfist
    Act of Treason
    Shielded Passage
    Hydroform
    Ruination Wurm
    Boros Elite
    Island
 
Pack 3 pick 8:
--> Scab-Clan Charger
    Towering Thunderfist
    Adaptive Snapjaw
    Bomber Corps
    Primal Visitation
    Coerced Confession
    Illness in the Ranks
    Swamp
 
Pack 3 pick 9:
    Slaughterhorn
    Structural Collapse
    Horror of the Dim
    Bioshift
    Coerced Confession
--> Firefist Striker
    Island
 
Pack 3 pick 10:
    Shadow Alley Denizen
--> Warmind Infantry
    Metropolis Sprite
    Skyblinder Staff
    Nav Squad Commandos
    Plains
 
Pack 3 pick 11:
--> Massive Raid
    Metropolis Sprite
    Shielded Passage
    Act of Treason
    Swamp
 
Pack 3 pick 12:
--> Spire Tracer
    Skygames
    Slate Street Ruffian
    Forest
 
Pack 3 pick 13:
--> Predator's Rapport
    Razortip Whip
    Forest
 
Pack 3 pick 14:
--> Tin Street Market
    Mountain
 
Pack 3 pick 15:
--> Island
 
