Event #: 5033898
Time:    2/16/2013 1:11:04 PM
Players: 
    slava
    hades1134
    emrys1985
    rumalrobert
    Karamba
    JCuff
    kinkyle
--> malthrin
 
------ GTC ------
 
Pack 1 pick 1:
    Scorchwalker
    Leyline Phantom
--> Syndic of Tithes
    Drakewing Krasis (FOIL)
    Adaptive Snapjaw
    Skinbrand Goblin
    Syndicate Enforcer
    Simic Guildgate
    Executioner's Swing
    Paranoid Delusions
    Vizkopa Confessor
    Viashino Shanktail
    Wight of Precinct Six
    Soul Ransom
    Island
 
Pack 1 pick 2:
    Spire Tracer
    Shadow Slice
    Warmind Infantry
    Orzhov Guildgate
    Adaptive Snapjaw
    Bomber Corps
    Midnight Recovery
    Last Thoughts
    Hydroform
--> Grisly Spectacle
    Dinrova Horror
    Incursion Specialist
    Thespian's Stage
    Swamp
 
Pack 1 pick 3:
    Dutiful Thrull
    Towering Thunderfist
    Ivy Lane Denizen
    Guildscorn Ward
    Clinging Anemones
    Millennial Gargoyle
    Act of Treason
    Pit Fight
--> Executioner's Swing
    Dimir Keyrune
    Gridlock
    Mark for Death
    Forest
 
Pack 1 pick 4:
    Greenside Watcher
    Devour Flesh
    Tin Street Market
    Naturalize
    Spell Rupture
    Slate Street Ruffian
    Ember Beast
--> Kingpin's Pet
    Mortus Strider
    Truefire Paladin
    Cinder Elemental
    Island
 
Pack 1 pick 5:
    Predator's Rapport
    Horror of the Dim
    Naturalize (FOIL)
    Razortip Whip
    Furious Resistance
    Keymaster Rogue
    Hydroform
    Skyknight Legionnaire
    Merfolk of the Depths
--> Bane Alley Broker
    Plains
 
Pack 1 pick 6:
--> Shadow Alley Denizen
    Warmind Infantry
    Forced Adaptation
    Keymaster Rogue
    Horror of the Dim
    Guildscorn Ward
    Razortip Whip
    Drakewing Krasis
    Pit Fight
    Swamp
 
Pack 1 pick 7:
    Massive Raid
    Knight Watch
    Naturalize
    Spell Rupture
    Slate Street Ruffian
    Ember Beast
    Merfolk of the Depths
--> Whispering Madness
    Forest
 
Pack 1 pick 8:
    Scorchwalker
    Leyline Phantom
    Way of the Thief (FOIL)
--> Court Street Denizen
    Naturalize
    Paranoid Delusions
    Viashino Shanktail
    Island
 
Pack 1 pick 9:
    Scorchwalker
    Leyline Phantom
    Skinbrand Goblin
--> Syndicate Enforcer
    Paranoid Delusions
    Vizkopa Confessor
    Island
 
Pack 1 pick 10:
    Adaptive Snapjaw
    Bomber Corps
    Midnight Recovery
    Hydroform
--> Thespian's Stage
    Swamp
 
Pack 1 pick 11:
--> Dutiful Thrull
    Towering Thunderfist
    Guildscorn Ward
    Mark for Death
    Forest
 
Pack 1 pick 12:
    Tin Street Market
    Slate Street Ruffian
--> Ember Beast
    Island
 
Pack 1 pick 13:
    Predator's Rapport
--> Razortip Whip
    Plains
 
Pack 1 pick 14:
--> Razortip Whip
    Swamp
 
Pack 1 pick 15:
--> Forest
 
------ GTC ------
 
Pack 2 pick 1:
    Predator's Rapport
    Contaminated Ground
    Scorchwalker
    Skyblinder Staff
    Nav Squad Commandos
    Incursion Specialist (FOIL)
    Horror of the Dim
    Madcap Skills
    Purge the Profane
    Shambleshark
    Frenzied Tilling
    Mental Vapors
    Firefist Striker
--> Crypt Ghast
    Swamp
 
Pack 2 pick 2:
    Knight Watch (FOIL)
    Gutter Skulk
    Frilled Oculus
    Clinging Anemones
    Furious Resistance
    Forced Adaptation
    Millennial Gargoyle
    Shielded Passage
    Deathcult Rogue
    Hydroform
--> Orzhov Charm
    Murder Investigation
    Molten Primordial
    Forest
 
Pack 2 pick 3:
    Metropolis Sprite
    Smite
    Slaughterhorn
    Armored Transport
    Totally Lost
    Boros Guildgate
    Assault Griffin
    Adaptive Snapjaw
    Pit Fight
    Rust Scarab
    Wight of Precinct Six
--> Alms Beast
    Mountain
 
Pack 2 pick 4:
    Metropolis Sprite
    Slaughterhorn
--> Basilica Guards
    Ember Beast
    Skygames
    Slate Street Ruffian
    Orzhov Guildgate
    Beckon Apparition
    Dinrova Horror
    Simic Charm
    Sapphire Drake
    Mountain
 
Pack 2 pick 5:
    Scab-Clan Charger
--> Daring Skyjek
    Towering Thunderfist
    Hands of Binding
    Syndicate Enforcer
    Simic Guildgate
    Purge the Profane
    Ruination Wurm
    Nimbus Swimmer
    Boros Keyrune
    Plains
 
Pack 2 pick 6:
    Structural Collapse
    Forest (FOIL)
    Frilled Oculus
    Shielded Passage
--> Riot Gear
    Forced Adaptation
    Drakewing Krasis
    Crackling Perimeter
    Alpha Authority
    Forest
 
Pack 2 pick 7:
--> Devour Flesh
    Predator's Rapport
    Sage's Row Denizen
    Act of Treason
    Shielded Passage
    Riot Gear
    Mental Vapors
    Tower Defense
    Plains
 
Pack 2 pick 8:
    Predator's Rapport
    Contaminated Ground
    Verdant Haven
    Nav Squad Commandos
    Bioshift
    Dying Wish
--> Simic Fluxmage
    Swamp
 
Pack 2 pick 9:
    Predator's Rapport
    Contaminated Ground
    Skyblinder Staff
--> Horror of the Dim
    Frenzied Tilling
    Mental Vapors
    Swamp
 
Pack 2 pick 10:
    Furious Resistance
    Forced Adaptation
    Shielded Passage
    Hydroform
--> Murder Investigation
    Forest
 
Pack 2 pick 11:
    Armored Transport
--> Boros Guildgate
    Adaptive Snapjaw
    Rust Scarab
    Mountain
 
Pack 2 pick 12:
    Skygames
    Slate Street Ruffian
--> Beckon Apparition
    Mountain
 
Pack 2 pick 13:
    Towering Thunderfist
--> Purge the Profane
    Plains
 
Pack 2 pick 14:
--> Structural Collapse
    Forest
 
Pack 2 pick 15:
--> Plains
 
------ GTC ------
 
Pack 3 pick 1:
    Purge the Profane (FOIL)
    Dutiful Thrull
    Cloudfin Raptor
    Bomber Corps
    Midnight Recovery
    Last Thoughts
    Dimir Guildgate
    Naturalize
    Martial Glory
    Psychic Strike
--> One Thousand Lashes
    Gruul Keyrune
    Boros Elite
    Clan Defiance
    Island
 
Pack 3 pick 2:
    Mark for Death (FOIL)
    Massive Raid
    Metropolis Sprite
    Prophetic Prism
    Orzhov Guildgate
    Totally Lost
    Assault Griffin
    Skyblinder Staff
    Primal Visitation
    Kingpin's Pet
--> Killing Glare
    Righteous Charge
    High Priest of Penance
    Forest
 
Pack 3 pick 3:
    Dying Wish (FOIL)
    Dutiful Thrull
    Cloudfin Raptor
    Spell Rupture
    Simic Guildgate
    Zarichi Tiger
    Bomber Corps
    Court Street Denizen
    Martial Glory
--> Grisly Spectacle
    Call of the Nightwing
    Nimbus Swimmer
    Island
 
Pack 3 pick 4:
    Contaminated Ground
    Greenside Watcher
    Way of the Thief
--> Balustrade Spy
    Death's Approach
    Sage's Row Denizen
    Bioshift
    Zhur-Taa Swine
    Ground Assault
    Voidwalk
    Holy Mantle
    Plains
 
Pack 3 pick 5:
    Slaughterhorn
    Dutiful Thrull
    Towering Thunderfist
--> Death's Approach
    Sage's Row Denizen
    Skyblinder Staff
    Nav Squad Commandos
    Executioner's Swing
    Paranoid Delusions
    Call of the Nightwing
    Forest
 
Pack 3 pick 6:
    Basilica Screecher
    Way of the Thief
    Spire Tracer
--> Syndic of Tithes
    Knight Watch
    Forced Adaptation
    Nav Squad Commandos
    Sage's Row Denizen
    Bioshift
    Plains
 
Pack 3 pick 7:
--> Daring Skyjek
    Shadow Slice
    Wildwood Rebirth
    Dimir Guildgate
    Prophetic Prism
    Foundry Street Denizen
    Shattering Blow
    Hindervines
    Mountain
 
Pack 3 pick 8:
    Scatter Arc
    Structural Collapse
    Razortip Whip
    Mortus Strider
    Ruination Wurm
--> Fortress Cyclops
    Hold the Gates
    Island
 
Pack 3 pick 9:
    Purge the Profane (FOIL)
    Bomber Corps
    Midnight Recovery
    Last Thoughts
    Naturalize
--> Boros Elite
    Island
 
Pack 3 pick 10:
    Mark for Death (FOIL)
    Orzhov Guildgate
--> Assault Griffin
    Skyblinder Staff
    Righteous Charge
    Forest
 
Pack 3 pick 11:
    Dying Wish (FOIL)
    Spell Rupture
    Zarichi Tiger
--> Martial Glory
    Island
 
Pack 3 pick 12:
--> Way of the Thief
    Bioshift
    Voidwalk
    Plains
 
Pack 3 pick 13:
    Nav Squad Commandos
--> Paranoid Delusions
    Forest
 
Pack 3 pick 14:
--> Bioshift
    Plains
 
Pack 3 pick 15:
--> Mountain
 
