Event #: 5033890
Time:    2/16/2013 1:08:56 PM
Players: 
    amerikanjezus
    FlamingSheep
    greenmagex2517
    Bebop86
--> Arentios
    cooljavi
    Plottdog2213
    Logikx
 
------ GTC ------
 
Pack 1 pick 1:
    Basilica Screecher
    Disciple of the Old Ways
--> Massive Raid
    Metropolis Sprite
    Ember Beast
    Skygames
    Slate Street Ruffian
    Orzhov Guildgate
    Purge the Profane
    Ruination Wurm
    Frenzied Tilling
    Smog Elemental
    Boros Elite
    Immortal Servitude
    Forest
 
Pack 1 pick 2:
--> Massive Raid
    Knight Watch
    Contaminated Ground
    Dimir Guildgate
    Naturalize
    Spell Rupture
    Slate Street Ruffian
    Ember Beast
    Executioner's Swing
    Primal Visitation
    Call of the Nightwing
    Nimbus Swimmer
    Holy Mantle
    Forest
 
Pack 1 pick 3:
--> Massive Raid
    Metropolis Sprite
    Prophetic Prism
    Midnight Recovery
    Foundry Street Denizen
    Zarichi Tiger
    Boros Guildgate
    Ruination Wurm
    Shattering Blow
    Dimir Charm
    Merfolk of the Depths
    Undercity Informer
    Forest
 
Pack 1 pick 4:
    Spire Tracer
    Knight Watch
    Burst of Strength
    Prophetic Prism
    Orzhov Guildgate
    Totally Lost
    Assault Griffin
--> Zhur-Taa Swine
    Vizkopa Confessor
    Miming Slime
    Five-Alarm Fire
    Plains
 
Pack 1 pick 5:
    Predator's Rapport
    Contaminated Ground
    Foundry Street Denizen
    Corpse Blockade
    Armored Transport
--> Burst of Strength
    Beckon Apparition
    Merfolk of the Depths
    Rapid Hybridization
    Gateway Shade
    Island
 
Pack 1 pick 6:
    Structural Collapse
    Shadow Alley Denizen
    Naturalize
    Armored Transport
    Totally Lost
--> Boros Guildgate
    Assault Griffin
    Dimir Charm
    Alpha Authority
    Swamp
 
Pack 1 pick 7:
--> Scab-Clan Charger
    Leyline Phantom
    Adaptive Snapjaw
    Skinbrand Goblin
    Simic Guildgate
    Basilica Guards
    Shattering Blow
    Crackling Perimeter
    Mountain
 
Pack 1 pick 8:
    Structural Collapse
    Gutter Skulk
    Frilled Oculus
--> Scab-Clan Charger
    Last Thoughts
    Gruul Guildgate
    Purge the Profane
    Mountain
 
Pack 1 pick 9:
    Skygames
    Slate Street Ruffian
    Orzhov Guildgate
    Purge the Profane
    Frenzied Tilling
--> Immortal Servitude
    Forest
 
Pack 1 pick 10:
    Knight Watch
    Contaminated Ground
--> Naturalize
    Executioner's Swing
    Primal Visitation
    Forest
 
Pack 1 pick 11:
    Midnight Recovery
    Foundry Street Denizen
--> Ruination Wurm
    Shattering Blow
    Forest
 
Pack 1 pick 12:
--> Spire Tracer
    Knight Watch
    Five-Alarm Fire
    Plains
 
Pack 1 pick 13:
    Predator's Rapport
    Contaminated Ground
--> Beckon Apparition
 
Pack 1 pick 14:
--> Structural Collapse
    Swamp
 
Pack 1 pick 15:
--> Crackling Perimeter
 
------ GTC ------
 
Pack 2 pick 1:
    Scatter Arc
    Structural Collapse
    Angelic Edict
    Shadow Alley Denizen
    Scab-Clan Charger
    Bane Alley Broker (FOIL)
    Sage's Row Denizen
    Act of Treason
    Skyknight Legionnaire
    Beckon Apparition
    Gift of Orzhova
    Illness in the Ranks
    Experiment One
--> Clan Defiance
    Swamp
 
Pack 2 pick 2:
    Cloudfin Raptor
    Aerial Maneuver
    Spire Tracer
    Riot Gear
    Verdant Haven
    Keymaster Rogue
    Nav Squad Commandos
    Madcap Skills
    Purge the Profane
    Shambleshark
    Ordruun Veteran
    Incursion Specialist
--> Experiment One
    Island
 
Pack 2 pick 3:
    Shadow Slice
    Warmind Infantry
    Scatter Arc
    Orzhov Guildgate
    Adaptive Snapjaw
    Bomber Corps
    Midnight Recovery
    Last Thoughts
--> Skarrg Guildmage
    Boros Keyrune
    Cinder Elemental
    Gruul Ragebeast
    Swamp
 
Pack 2 pick 4:
    Dutiful Thrull
    Towering Thunderfist
    Basilica Screecher
    Riot Gear
    Ivy Lane Denizen
    Clinging Anemones
    Horror of the Dim
    Shielded Passage
--> Mugging
    Dimir Keyrune
    Miming Slime
    Forest
 
Pack 2 pick 5:
    Scorchwalker
    Frilled Oculus
    Basilica Guards
    Spell Rupture
    Simic Guildgate
    Zarichi Tiger
--> Bomber Corps
    Martial Glory
    Ordruun Veteran
    Simic Keyrune
    Swamp
 
Pack 2 pick 6:
    Contaminated Ground
    Scorchwalker
    Daring Skyjek
    Guildscorn Ward
    Furious Resistance
--> Zhur-Taa Swine
    Mortus Strider
    Cartel Aristocrat
    Hellraiser Goblin
    Swamp
 
Pack 2 pick 7:
    Spire Tracer
    Zarichi Tiger
--> Bomber Corps
    Wildwood Rebirth
    Executioner's Swing
    Fortress Cyclops
    Mark for Death
    Thespian's Stage
    Plains
 
Pack 2 pick 8:
    Greenside Watcher
    Devour Flesh
    Tin Street Market
    Naturalize
--> Armored Transport
    Assault Griffin
    Martial Glory
    Plains
 
Pack 2 pick 9:
    Scatter Arc
    Structural Collapse
    Angelic Edict
--> Act of Treason
    Beckon Apparition
    Illness in the Ranks
    Swamp
 
Pack 2 pick 10:
    Aerial Maneuver
    Spire Tracer
--> Riot Gear
    Purge the Profane
    Ordruun Veteran
    Island
 
Pack 2 pick 11:
    Bomber Corps
    Midnight Recovery
    Boros Keyrune
--> Cinder Elemental
    Swamp
 
Pack 2 pick 12:
    Clinging Anemones
    Shielded Passage
--> Miming Slime
    Forest
 
Pack 2 pick 13:
    Ordruun Veteran
--> Simic Keyrune
    Swamp
 
Pack 2 pick 14:
--> Guildscorn Ward
    Swamp
 
Pack 2 pick 15:
--> Plains
 
------ GTC ------
 
Pack 3 pick 1:
    Angelic Edict
    Devour Flesh
    Predator's Rapport
--> Scorchwalker
    Leyline Phantom
    Adaptive Snapjaw
    Bomber Corps
    Midnight Recovery
    Paranoid Delusions
    Wojek Halberdiers
    Cartel Aristocrat
    Wasteland Viper
    Mindeye Drake
    Diluvian Primordial
    Plains
 
Pack 3 pick 2:
    Greenside Watcher
    Way of the Thief
    Tin Street Market
--> Act of Treason
    Forced Adaptation
    Skyknight Legionnaire (FOIL)
    Sage's Row Denizen
    Razortip Whip
    Martial Glory
    Simic Keyrune
    Mental Vapors
    Firefist Striker
    Sepulchral Primordial
    Plains
 
Pack 3 pick 3:
    Dutiful Thrull
    Predator's Rapport
    Gruul Guildgate
    Wildwood Rebirth
    Foundry Street Denizen
    Corpse Blockade
    Armored Transport
    Shambleshark
    Beckon Apparition
    Frenzied Tilling
--> Wasteland Viper
    Realmwright
    Island
 
Pack 3 pick 4:
    Shadow Slice
    Dutiful Thrull
    Court Street Denizen
    Wildwood Rebirth
    Dimir Guildgate
    Prophetic Prism
    Midnight Recovery
    Primal Visitation
--> Sunhome Guildmage
    Call of the Nightwing
    Dying Wish
    Mountain
 
Pack 3 pick 5:
--> Devour Flesh
    Predator's Rapport
    Scorchwalker
    Horror of the Dim
    Guildscorn Ward
    Razortip Whip
    Clinging Anemones
    Kingpin's Pet
    Mortus Strider
    Thrull Parasite
    Plains
 
Pack 3 pick 6:
    Tin Street Market
    Dutiful Thrull
    Slate Street Ruffian
--> Ember Beast
    Wildwood Rebirth
    Mortus Strider
    Ruination Wurm
    Dimir Keyrune
    Hold the Gates
    Plains
 
Pack 3 pick 7:
    Warmind Infantry
    Scatter Arc
    Adaptive Snapjaw
    Basilica Guards
    Shattering Blow
--> Gruul Keyrune
    Mark for Death
    Ooze Flux
    Swamp
 
Pack 3 pick 8:
    Leyline Phantom
    Skygames
    Corpse Blockade
--> Burst of Strength
    Prophetic Prism
    Orzhov Guildgate
    Primal Visitation
    Island
 
Pack 3 pick 9:
    Predator's Rapport
    Adaptive Snapjaw
--> Bomber Corps
    Midnight Recovery
    Paranoid Delusions
    Cartel Aristocrat
    Plains
 
Pack 3 pick 10:
    Way of the Thief
    Tin Street Market
    Forced Adaptation
    Razortip Whip
--> Firefist Striker
    Plains
 
Pack 3 pick 11:
    Predator's Rapport
    Foundry Street Denizen
--> Beckon Apparition
    Frenzied Tilling
    Island
 
Pack 3 pick 12:
--> Midnight Recovery
    Primal Visitation
    Dying Wish
    Mountain
 
Pack 3 pick 13:
    Predator's Rapport
--> Guildscorn Ward
    Razortip Whip
 
Pack 3 pick 14:
--> Wildwood Rebirth
    Plains
 
Pack 3 pick 15:
--> Swamp
 
