Event #: 5034401
Time:    2/16/2013 3:18:40 PM
Players: 
    Raptor.45
    BlizzyB
    moicanorj
    petritis
    kinkyle
--> malthrin
    Wooglie
    olorin87
 
------ GTC ------
 
Pack 1 pick 1:
    Angelic Edict
    Devour Flesh
    Predator's Rapport
    Balustrade Spy
    Guildscorn Ward
    Furious Resistance
    Riot Gear
    Ivy Lane Denizen
    Purge the Profane
    Ruination Wurm
    Rust Scarab
    Righteous Charge
    Gridlock
--> Simic Manipulator
    Island
 
Pack 1 pick 2:
--> Syndic of Tithes
    Knight Watch
    Gutter Skulk
    Sage's Row Denizen
    Razortip Whip
    Madcap Skills
    Death's Approach
    Paranoid Delusions
    Zhur-Taa Swine
    Vizkopa Confessor
    Holy Mantle
    Rapid Hybridization
    Skarrg Goliath
    Swamp
 
Pack 1 pick 3:
    Predator's Rapport
    Scorchwalker
    Leyline Phantom
    Skyblinder Staff
    Skinbrand Goblin
    Last Thoughts
    Gruul Guildgate
    Mortus Strider
    Boros Keyrune
--> Zameck Guildmage
    Gridlock
    Whispering Madness
    Swamp
 
Pack 1 pick 4:
    Scorchwalker
--> Frilled Oculus
    Naturalize
    Spell Rupture
    Ember Beast
    Gruul Guildgate
    Martial Glory
    Psychic Strike
    Dinrova Horror
    Alpha Authority
    Smog Elemental
    Forest
 
Pack 1 pick 5:
    Gutter Skulk
    Disciple of the Old Ways
    Scatter Arc
    Dimir Guildgate
    Midnight Recovery
    Foundry Street Denizen
    Zarichi Tiger
--> Drakewing Krasis
    Pit Fight
    Dimir Keyrune
    Mountain
 
Pack 1 pick 6:
    Disciple of the Old Ways
    Metropolis Sprite
    Prophetic Prism
    Midnight Recovery
    Foundry Street Denizen
    Shattering Blow
--> Drakewing Krasis
    Merfolk of the Depths
    Hold the Gates
    Plains
 
Pack 1 pick 7:
    Structural Collapse
    Shadow Alley Denizen
    Razortip Whip
    Furious Resistance
--> Keymaster Rogue
    Millennial Gargoyle
    Fortress Cyclops
    Mindeye Drake
    Forest
 
Pack 1 pick 8:
    Shadow Slice
    Keymaster Rogue
    Horror of the Dim
    Guildscorn Ward
    Razortip Whip
    Clinging Anemones
--> Simic Charm
    Forest
 
Pack 1 pick 9:
    Predator's Rapport
    Guildscorn Ward
    Riot Gear
    Purge the Profane
    Rust Scarab
--> Gridlock
    Island
 
Pack 1 pick 10:
    Gutter Skulk
    Sage's Row Denizen
    Razortip Whip
    Paranoid Delusions
--> Rapid Hybridization
    Swamp
 
Pack 1 pick 11:
    Predator's Rapport
--> Leyline Phantom
    Mortus Strider
    Gridlock
    Swamp
 
Pack 1 pick 12:
--> Naturalize
    Spell Rupture
    Alpha Authority
    Forest
 
Pack 1 pick 13:
    Scatter Arc
--> Dimir Guildgate
    Mountain
 
Pack 1 pick 14:
--> Shattering Blow
    Plains
 
Pack 1 pick 15:
--> Forest
 
------ GTC ------
 
Pack 2 pick 1:
    Scab-Clan Charger
    Leyline Phantom
    Aerial Maneuver
    Basilica Screecher
    Immortal Servitude (FOIL)
    Skygames
    Corpse Blockade
    Burst of Strength
    Deathcult Rogue
    Hydroform
    Dimir Charm
    Murder Investigation
    Guardian of the Gateless
--> Rubblebelt Raiders
    Plains
 
Pack 2 pick 2:
    Scab-Clan Charger
    Daring Skyjek
    Towering Thunderfist
    Skinbrand Goblin
    Last Thoughts
    Gruul Guildgate
    Court Street Denizen
    Naturalize
--> Shambleshark
    Beckon Apparition
    Burning-Tree Emissary
    Duskmantle Guildmage
    Debtor's Pulpit
    Island
 
Pack 2 pick 3:
    Greenside Watcher
    Devour Flesh
    Balustrade Spy
    Shielded Passage
    Riot Gear
    Forced Adaptation
--> Zhur-Taa Swine
    Mortus Strider
    Coerced Confession
    Fortress Cyclops
    Wight of Precinct Six
    Biovisionary
    Swamp
 
Pack 2 pick 4:
    Way of the Thief
    Tin Street Market
    Dutiful Thrull
--> Adaptive Snapjaw
    Bomber Corps
    Midnight Recovery
    Last Thoughts
    Mortus Strider
    Ruination Wurm
    Orzhov Keyrune
    Signal the Clans
    Swamp
 
Pack 2 pick 5:
    Frilled Oculus
    Scab-Clan Charger
    Adaptive Snapjaw
    Skinbrand Goblin
    Syndicate Enforcer
    Simic Guildgate
    Bioshift
    Zhur-Taa Swine
--> Elusive Krasis
    Skullcrack
    Island
 
Pack 2 pick 6:
    Devour Flesh
    Tin Street Market
    Basilica Guards
    Skygames
    Slate Street Ruffian
    Purge the Profane
--> Shambleshark
    Rust Scarab
    Incursion Specialist
    Mountain
 
Pack 2 pick 7:
    Angelic Edict
    Prophetic Prism
    Orzhov Guildgate
    Totally Lost
    Ruination Wurm
    Shattering Blow
--> Urban Evolution
    Orzhov Keyrune
    Island
 
Pack 2 pick 8:
    Smite
--> Crocanura
    Syndicate Enforcer
    Simic Guildgate
    Paranoid Delusions
    Drakewing Krasis
    Thrull Parasite
    Plains
 
Pack 2 pick 9:
--> Leyline Phantom
    Basilica Screecher
    Skygames
    Corpse Blockade
    Hydroform
    Murder Investigation
    Plains
 
Pack 2 pick 10:
--> Scab-Clan Charger
    Last Thoughts
    Naturalize
    Beckon Apparition
    Debtor's Pulpit
    Island
 
Pack 2 pick 11:
    Forced Adaptation
    Mortus Strider
    Coerced Confession
--> Biovisionary
    Swamp
 
Pack 2 pick 12:
--> Way of the Thief
    Midnight Recovery
    Last Thoughts
    Swamp
 
Pack 2 pick 13:
--> Adaptive Snapjaw
    Bioshift
    Island
 
Pack 2 pick 14:
--> Skygames
    Mountain
 
Pack 2 pick 15:
--> Island
 
------ GTC ------
 
Pack 3 pick 1:
    Structural Collapse
    Gutter Skulk
    Frilled Oculus
    Keymaster Rogue
    Death's Approach
    Millennial Gargoyle
    Verdant Haven
    Sage's Row Denizen
--> Deathcult Rogue
    Martial Glory
    Cartel Aristocrat
    Tower Defense
    Boros Elite
    Sepulchral Primordial
    Plains
 
Pack 3 pick 2:
    Scorchwalker
    Leyline Phantom
    Zarichi Tiger
    Boros Guildgate
    Skygames
    Corpse Blockade
    Burst of Strength
    Paranoid Delusions
    Wojek Halberdiers
    Agoraphobia
    Experiment One
    Simic Fluxmage
--> Prime Speaker Zegana
    Swamp
 
Pack 3 pick 3:
--> Slaughterhorn
    Ordruun Veteran (FOIL)
    Gutter Skulk
    Riot Gear
    Forced Adaptation
    Keymaster Rogue
    Horror of the Dim
    Guildscorn Ward
    Psychic Strike
    Coerced Confession
    Sapphire Drake
    Crackling Perimeter
    Plains
 
Pack 3 pick 4:
    Disciple of the Old Ways
    Scatter Arc
    Structural Collapse
    Burst of Strength
    Disciple of the Old Ways (FOIL)
--> Simic Guildgate
    Zarichi Tiger
    Mugging
    Call of the Nightwing
    Ripscale Predator
    Glaring Spotlight
    Mountain
 
Pack 3 pick 5:
    Towering Thunderfist
    Basilica Screecher
    Way of the Thief
    Simic Guildgate
    Zarichi Tiger
    Bomber Corps
    Court Street Denizen
    Simic Keyrune
--> Rapid Hybridization
    Undercity Plague
    Island
 
Pack 3 pick 6:
    Towering Thunderfist
    Way of the Thief
    Wildwood Rebirth
    Foundry Street Denizen
    Corpse Blockade
    Armored Transport
    Syndicate Enforcer
    Hydroform
--> Nimbus Swimmer
    Island
 
Pack 3 pick 7:
    Aerial Maneuver
    Spire Tracer
    Shielded Passage
    Riot Gear
    Verdant Haven
    Keymaster Rogue
    Shattering Blow
--> Deathcult Rogue
    Forest
 
Pack 3 pick 8:
    Scatter Arc
    Smite
--> Crocanura
    Hands of Binding
    Nav Squad Commandos
    Executioner's Swing
    Vizkopa Guildmage
    Plains
 
Pack 3 pick 9:
    Structural Collapse
    Gutter Skulk
--> Frilled Oculus
    Keymaster Rogue
    Verdant Haven
    Sage's Row Denizen
    Plains
 
Pack 3 pick 10:
--> Leyline Phantom
    Zarichi Tiger
    Boros Guildgate
    Skygames
    Paranoid Delusions
    Swamp
 
Pack 3 pick 11:
    Horror of the Dim
    Guildscorn Ward
--> Psychic Strike
    Coerced Confession
    Plains
 
Pack 3 pick 12:
    Structural Collapse
--> Burst of Strength
    Zarichi Tiger
    Mountain
 
Pack 3 pick 13:
    Zarichi Tiger
--> Simic Keyrune
    Island
 
Pack 3 pick 14:
--> Hydroform
    Island
 
Pack 3 pick 15:
--> Forest
 
