Event #: 5041360
Time:    2/17/2013 9:49:24 PM
Players: 
    crazyshorts
    bo99bell
    xTambox
    MrArmadillo
--> malthrin
    __matsugan
    toruneco
    olorin87
 
------ GTC ------
 
Pack 1 pick 1:
    Contaminated Ground
    Scorchwalker
    Daring Skyjek
    Forced Adaptation
    Millennial Gargoyle
    Shielded Passage
    Act of Treason
    Skygames (FOIL)
    Psychic Strike
    Bioshift
    Skarrg Guildmage
    Alpha Authority
    Ætherize
--> Firemane Avenger
    Forest
 
Pack 1 pick 2:
    Contaminated Ground
    Scorchwalker
--> Daring Skyjek
    Madcap Skills
    Balustrade Spy
    Ivy Lane Denizen
    Death's Approach
    Sage's Row Denizen
    Kingpin's Pet
    Pit Fight
    Crackling Perimeter
    Hellraiser Goblin
    Sylvan Primordial
    Forest
 
Pack 1 pick 3:
    Aerial Maneuver
    Disciple of the Old Ways
    Massive Raid
    Wildwood Rebirth
    Dimir Guildgate
    Prophetic Prism
    Midnight Recovery
    Primal Visitation
    Deathcult Rogue
    Orzhov Keyrune
    Mental Vapors
--> Stolen Identity
    Plains
 
Pack 1 pick 4:
    Frilled Oculus
    Shadow Slice
    Slaughterhorn
    Corpse Blockade
    Syndicate Enforcer
    Burst of Strength
    Psychic Strike
    Shattering Blow
--> Burning-Tree Emissary
    Dying Wish
    Whispering Madness
    Plains
 
Pack 1 pick 5:
    Metropolis Sprite
--> Angelic Edict
    Predator's Rapport
    Scorchwalker
    Foundry Street Denizen
    Zarichi Tiger
    Boros Guildgate
    Martial Glory
    Shambleshark
    Thespian's Stage
    Island
 
Pack 1 pick 6:
--> Smite
    Crocanura
    Shielded Passage
    Riot Gear
    Forced Adaptation
    Keymaster Rogue
    Shattering Blow
    Cartel Aristocrat
    Hellraiser Goblin
    Plains
 
Pack 1 pick 7:
    Predator's Rapport
    Scorchwalker
    Leyline Phantom
    Shadow Alley Denizen
    Totally Lost
--> Assault Griffin
    Skyblinder Staff
    Martial Glory
    Swamp
 
Pack 1 pick 8:
    Spire Tracer
    Forced Adaptation
    Horror of the Dim
    Guildscorn Ward
    Razortip Whip
--> Ripscale Predator
    Mental Vapors
    Mountain
 
Pack 1 pick 9:
    Contaminated Ground
--> Scorchwalker
    Shielded Passage
    Skygames (FOIL)
    Bioshift
    Alpha Authority
    Forest
 
Pack 1 pick 10:
    Contaminated Ground
    Scorchwalker
    Ivy Lane Denizen
    Crackling Perimeter
--> Hellraiser Goblin
    Forest
 
Pack 1 pick 11:
    Wildwood Rebirth
    Midnight Recovery
--> Primal Visitation
    Mental Vapors
    Plains
 
Pack 1 pick 12:
--> Shadow Slice
    Shattering Blow
    Dying Wish
    Plains
 
Pack 1 pick 13:
    Predator's Rapport
--> Thespian's Stage
    Island
 
Pack 1 pick 14:
--> Riot Gear
    Plains
 
Pack 1 pick 15:
--> Swamp
 
------ GTC ------
 
Pack 2 pick 1:
--> Smite
    Crocanura
    Hands of Binding
    Clinging Anemones
    Furious Resistance
    Dutiful Thrull (FOIL)
    Millennial Gargoyle
    Shielded Passage
    Psychic Strike
    Primal Visitation
    Vizkopa Guildmage
    Tower Defense
    Sapphire Drake
    Crypt Ghast
    Plains
 
Pack 2 pick 2:
    Greenside Watcher
    Way of the Thief
    Tin Street Market
    Horror of the Dim
    Guildscorn Ward
    Razortip Whip
    Clinging Anemones
    Furious Resistance
    Primal Visitation
--> Wojek Halberdiers
    Burning-Tree Emissary
    Gateway Shade
    Wrecking Ogre
    Swamp
 
Pack 2 pick 3:
    Dutiful Thrull
    Madcap Skills (FOIL)
    Predator's Rapport
    Adaptive Snapjaw
    Bomber Corps
    Midnight Recovery
    Last Thoughts
--> Mugging
    Purge the Profane
    Vizkopa Confessor
    Dinrova Horror
    Miming Slime
    Mountain
 
Pack 2 pick 4:
    Frilled Oculus
    Scab-Clan Charger
    Totally Lost
--> Assault Griffin
    Skyblinder Staff
    Skinbrand Goblin
    Last Thoughts
    Executioner's Swing
    Vizkopa Guildmage
    Viashino Shanktail
    Incursion Specialist
    Plains
 
Pack 2 pick 5:
    Leyline Phantom
    Shadow Alley Denizen
    Razortip Whip
    Madcap Skills
    Death's Approach
    Beckon Apparition
    Zhur-Taa Swine
    Merfolk of the Depths
    Hindervines
--> Luminate Primordial
    Swamp
 
Pack 2 pick 6:
    Dutiful Thrull
    Towering Thunderfist
    Skyblinder Staff
    Nav Squad Commandos
    Verdant Haven
    Horror of the Dim
--> Madcap Skills
    Purge the Profane
    Ordruun Veteran
    Island
 
Pack 2 pick 7:
    Devour Flesh
    Tin Street Market
    Skinbrand Goblin
    Syndicate Enforcer
    Simic Guildgate
--> Wojek Halberdiers
    Coerced Confession
    Voidwalk
    Swamp
 
Pack 2 pick 8:
    Scatter Arc
    Structural Collapse
--> Act of Treason
    Forced Adaptation
    Nav Squad Commandos
    Hydroform
    Smog Elemental
    Mountain
 
Pack 2 pick 9:
    Clinging Anemones
--> Furious Resistance
    Shielded Passage
    Psychic Strike
    Primal Visitation
    Tower Defense
    Plains
 
Pack 2 pick 10:
    Tin Street Market
    Guildscorn Ward
--> Razortip Whip
    Clinging Anemones
    Primal Visitation
    Swamp
 
Pack 2 pick 11:
    Predator's Rapport
    Adaptive Snapjaw
    Midnight Recovery
--> Purge the Profane
    Mountain
 
Pack 2 pick 12:
    Skyblinder Staff
    Last Thoughts
--> Incursion Specialist
    Plains
 
Pack 2 pick 13:
--> Razortip Whip
    Merfolk of the Depths
    Swamp
 
Pack 2 pick 14:
--> Skyblinder Staff
    Island
 
Pack 2 pick 15:
--> Swamp
 
------ GTC ------
 
Pack 3 pick 1:
    Massive Raid
    Knight Watch
    Contaminated Ground
    Simic Guildgate
    Basilica Guards
    Ember Beast
    Skygames
    Slate Street Ruffian
    Mortus Strider
    Shambleshark
    Gruul Keyrune
    Crackling Perimeter
--> Knight of Obligation
    Glaring Spotlight
    Island
 
Pack 3 pick 2:
--> Daring Skyjek
    Towering Thunderfist
    Hands of Binding
    Horror of the Dim
    Shielded Passage
    Razortip Whip
    Furious Resistance
    Keymaster Rogue
    Paranoid Delusions
    Drakewing Krasis
    Dimir Keyrune
    Boros Elite
    Undercity Informer
    Island
 
Pack 3 pick 3:
    Massive Raid
    Metropolis Sprite
--> Angelic Edict
    Devour Flesh
    Corpse Blockade
    Burst of Strength
    Prophetic Prism
    Orzhov Guildgate
    Psychic Strike
    Bioshift
    Simic Keyrune
    Illness in the Ranks
    Island
 
Pack 3 pick 4:
    Slaughterhorn
    Structural Collapse
    Furious Resistance
    Keymaster Rogue
    Death's Approach
--> Millennial Gargoyle
    Verdant Haven
    Shambleshark
    Shattering Blow
    Dimir Keyrune
    Gateway Shade
    Forest
 
Pack 3 pick 5:
    Massive Raid
    Knight Watch
    Contaminated Ground
    Midnight Recovery
    Dimir Guildgate
    Naturalize
    Hydroform
    Frenzied Tilling
    Smog Elemental
--> Boros Elite
    Island
 
Pack 3 pick 6:
    Dutiful Thrull
    Predator's Rapport
    Slate Street Ruffian
--> Ember Beast
    Gruul Guildgate
    Wildwood Rebirth
    Foundry Street Denizen
    Zhur-Taa Swine
    Murder Investigation
    Mountain
 
Pack 3 pick 7:
    Greenside Watcher
    Way of the Thief
    Tin Street Market
    Riot Gear
    Nav Squad Commandos
--> Skyknight Legionnaire
    Paranoid Delusions
    Urban Evolution
    Swamp
 
Pack 3 pick 8:
    Shadow Slice
    Dimir Guildgate
    Naturalize
    Spell Rupture
    Slate Street Ruffian
--> Martial Glory
    Mark for Death
    Plains
 
Pack 3 pick 9:
--> Knight Watch
    Contaminated Ground
    Skygames
    Gruul Keyrune
    Crackling Perimeter
    Glaring Spotlight
    Island
 
Pack 3 pick 10:
--> Towering Thunderfist
    Shielded Passage
    Razortip Whip
    Furious Resistance
    Paranoid Delusions
    Island
 
Pack 3 pick 11:
--> Burst of Strength
    Bioshift
    Simic Keyrune
    Illness in the Ranks
    Island
 
Pack 3 pick 12:
    Structural Collapse
--> Furious Resistance
    Keymaster Rogue
    Forest
 
Pack 3 pick 13:
    Contaminated Ground
--> Frenzied Tilling
    Island
 
Pack 3 pick 14:
--> Murder Investigation
    Mountain
 
Pack 3 pick 15:
--> Swamp
 
