Event #: 5069087
Time:    2/23/2013 2:25:15 PM
Players: 
    Dragrage
    Ces
--> Arentios
    spencer1248
    jackstah
    Golonka
    Toastiboy
    Rukif
 
------ GTC ------
 
Pack 1 pick 1:
    Crocanura
    Hands of Binding
    Massive Raid
    Knight Watch
    Adaptive Snapjaw
    Bomber Corps
    Midnight Recovery
    Last Thoughts
    Martial Glory
--> Grisly Spectacle
    Vizkopa Confessor
    Experiment One
    Simic Fluxmage
    Soul Ransom
    Swamp
 
Pack 1 pick 2:
    Slaughterhorn
    Dutiful Thrull
    Towering Thunderfist
--> Basilica Screecher
    Way of the Thief
    Spell Rupture
    Simic Guildgate
    Zarichi Tiger
    Executioner's Swing
    Primal Visitation
    Merfolk of the Depths
    Thrull Parasite
    Whispering Madness
    Island
 
Pack 1 pick 3:
    Knight Watch
    Gutter Skulk
    Disciple of the Old Ways
    Nav Squad Commandos
    Madcap Skills
    Balustrade Spy
    Beckon Apparition
    Drakewing Krasis
    Dimir Charm
    Murder Investigation
    Incursion Specialist
--> High Priest of Penance
    Mountain
 
Pack 1 pick 4:
    Cloudfin Raptor
    Predator's Rapport
--> Contaminated Ground
    Slate Street Ruffian
    Ember Beast
    Gruul Guildgate
    Wildwood Rebirth
    Foundry Street Denizen
    Shattering Blow
    Urbis Protector
    Five-Alarm Fire
    Forest
 
Pack 1 pick 5:
    Disciple of the Old Ways
    Massive Raid
--> Nav Squad Commandos
    Verdant Haven
    Horror of the Dim
    Madcap Skills
    Ivy Lane Denizen
    Hydroform
    Skullcrack
    Mystic Genesis
    Island
 
Pack 1 pick 6:
    Scatter Arc
    Structural Collapse
--> Shadow Alley Denizen
    Ivy Lane Denizen
    Death's Approach
    Sage's Row Denizen
    Skyblinder Staff
    Psychic Strike
    Dimir Keyrune
    Forest
 
Pack 1 pick 7:
    Tin Street Market
    Verdant Haven
    Sage's Row Denizen
    Act of Treason
    Shielded Passage
--> Cartel Aristocrat
    Gridlock
    Skullcrack
    Forest
 
Pack 1 pick 8:
    Shadow Slice
    Skygames
    Slate Street Ruffian
--> Orzhov Guildgate
    Purge the Profane
    Psychic Strike
    Hold the Gates
    Plains
 
Pack 1 pick 9:
    Crocanura
    Knight Watch
    Adaptive Snapjaw
--> Midnight Recovery
    Last Thoughts
    Martial Glory
    Swamp
 
Pack 1 pick 10:
--> Dutiful Thrull
    Way of the Thief
    Spell Rupture
    Zarichi Tiger
    Primal Visitation
    Island
 
Pack 1 pick 11:
--> Knight Watch
    Gutter Skulk
    Beckon Apparition
    Murder Investigation
    Mountain
 
Pack 1 pick 12:
    Predator's Rapport
--> Foundry Street Denizen
    Five-Alarm Fire
    Forest
 
Pack 1 pick 13:
--> Hydroform
    Skullcrack
    Island
 
Pack 1 pick 14:
--> Structural Collapse
    Forest
 
Pack 1 pick 15:
--> Forest
 
------ GTC ------
 
Pack 2 pick 1:
    Predator's Rapport
    Contaminated Ground
    Zarichi Tiger (FOIL)
    Orzhov Guildgate
    Adaptive Snapjaw
    Bomber Corps
    Midnight Recovery
    Last Thoughts
    Grisly Spectacle
    Mugging
    Zameck Guildmage
    Gift of Orzhova
    Hellraiser Goblin
--> Treasury Thrull
    Forest
 
Pack 2 pick 2:
    Slaughterhorn
    Dutiful Thrull
    Towering Thunderfist
    Ember Beast
    Skygames
    Slate Street Ruffian
    Orzhov Guildgate
    Adaptive Snapjaw
    Mugging
--> Kingpin's Pet
    Coerced Confession
    Ordruun Veteran
    Ætherize
    Island
 
Pack 2 pick 3:
    Structural Collapse
    Gutter Skulk
    Prophetic Prism
    Orzhov Guildgate
    Totally Lost
    Assault Griffin
    Skyblinder Staff
    Purge the Profane
    Ruination Wurm
    Hold the Gates
--> Gateway Shade
    Thespian's Stage
    Island
 
Pack 2 pick 4:
    Tin Street Market
    Aerial Maneuver
    Razortip Whip
    Death's Approach
    Balustrade Spy
    Guildscorn Ward
    Bioshift
    Wojek Halberdiers
--> Orzhov Keyrune
    Mark for Death
    Illness in the Ranks
    Forest
 
Pack 2 pick 5:
    Scatter Arc
--> Smite
    Hands of Binding
    Syndicate Enforcer
    Simic Guildgate
    Shambleshark
    Beckon Apparition
    Dimir Charm
    Cartel Aristocrat
    Sepulchral Primordial
    Island
 
Pack 2 pick 6:
--> Contaminated Ground
    Way of the Thief
    Naturalize
    Armored Transport
    Totally Lost
    Martial Glory
    Psychic Strike
    Agoraphobia
    Rapid Hybridization
    Swamp
 
Pack 2 pick 7:
    Predator's Rapport
    Contaminated Ground
    Skinbrand Goblin
    Simic Guildgate
    Basilica Guards
    Hydroform
    Gateway Shade
--> Spark Trooper
    Forest
 
Pack 2 pick 8:
    Scatter Arc
    Structural Collapse
    Furious Resistance
    Shielded Passage
--> Shattering Blow
    Serene Remembrance
    Voidwalk
    Forest
 
Pack 2 pick 9:
    Predator's Rapport
    Contaminated Ground
--> Zarichi Tiger (FOIL)
    Bomber Corps
    Midnight Recovery
    Last Thoughts
    Forest
 
Pack 2 pick 10:
    Towering Thunderfist
    Skygames
--> Slate Street Ruffian
    Adaptive Snapjaw
    Coerced Confession
    Island
 
Pack 2 pick 11:
    Structural Collapse
    Skyblinder Staff
--> Ruination Wurm
    Hold the Gates
    Island
 
Pack 2 pick 12:
    Tin Street Market
--> Guildscorn Ward
    Bioshift
    Forest
 
Pack 2 pick 13:
    Scatter Arc
--> Beckon Apparition
    Island
 
Pack 2 pick 14:
--> Naturalize
    Swamp
 
Pack 2 pick 15:
--> Forest
 
------ GTC ------
 
Pack 3 pick 1:
    Leyline Phantom
    Aerial Maneuver
--> Basilica Screecher
    Riot Gear
    Verdant Haven
    Keymaster Rogue
    Nav Squad Commandos
    Madcap Skills
    Shambleshark
    Primal Visitation
    Urban Evolution
    Experiment One
    Viashino Shanktail
    Wrecking Ogre
    Island
 
Pack 3 pick 2:
    Tin Street Market
    Dutiful Thrull
    Cloudfin Raptor
    Furious Resistance
    Riot Gear
    Ivy Lane Denizen
    Clinging Anemones
    Horror of the Dim
    Primal Visitation
--> Kingpin's Pet
    Gruul Charm
    Crackling Perimeter
    Alpha Authority
    Mountain
 
Pack 3 pick 3:
    Scorchwalker
    Leyline Phantom
    Shadow Alley Denizen
    Nav Squad Commandos
    Verdant Haven
    Horror of the Dim
    Bioshift
--> Zhur-Taa Swine
    Burning-Tree Emissary
    Bane Alley Broker
    Firefist Striker
    Hellkite Tyrant
    Forest
 
Pack 3 pick 4:
    Crocanura
    Hands of Binding
    Massive Raid
    Knight Watch
    Last Thoughts
    Gruul Guildgate
    Court Street Denizen
    Beckon Apparition
    Merfolk of the Depths
--> Thrull Parasite
    Righteous Charge
    Island
 
Pack 3 pick 5:
    Angelic Edict
    Shadow Alley Denizen
    Burst of Strength
    Basilica Guards
    Spell Rupture
    Simic Guildgate
--> Kingpin's Pet
    Mortus Strider
    Frenzied Tilling
    Smog Elemental
    Plains
 
Pack 3 pick 6:
    Spire Tracer
    Shadow Slice
    Scatter Arc
    Totally Lost
--> Assault Griffin
    Skyblinder Staff
    Skinbrand Goblin
    Mortus Strider
    Hellraiser Goblin
    Plains
 
Pack 3 pick 7:
    Towering Thunderfist
    Dimir Guildgate
    Naturalize
    Spell Rupture
--> Slate Street Ruffian
    Ember Beast
    Coerced Confession
    Murder Investigation
    Island
 
Pack 3 pick 8:
    Knight Watch
--> Midnight Recovery
    Last Thoughts
    Dimir Guildgate
    Shattering Blow
    Homing Lightning
    Mark for Death
    Mountain
 
Pack 3 pick 9:
    Aerial Maneuver
    Riot Gear
    Verdant Haven
    Keymaster Rogue
--> Nav Squad Commandos
    Primal Visitation
    Island
 
Pack 3 pick 10:
    Tin Street Market
--> Dutiful Thrull
    Furious Resistance
    Primal Visitation
    Crackling Perimeter
    Mountain
 
Pack 3 pick 11:
    Leyline Phantom
    Nav Squad Commandos
    Horror of the Dim
--> Hellkite Tyrant
    Forest
 
Pack 3 pick 12:
--> Knight Watch
    Last Thoughts
    Beckon Apparition
    Island
 
Pack 3 pick 13:
--> Shadow Alley Denizen
    Mortus Strider
    Plains
 
Pack 3 pick 14:
--> Skyblinder Staff
    Plains
 
Pack 3 pick 15:
--> Island
 
