Event #: 5076127
Time:    2/24/2013 9:25:05 PM
Players: 
    aubartender
    CountrytimeCrusher
    koba
    mrjile
--> malthrin
    Vin_Skully
    ranogoro
    nanorobotbrew
 
------ GTC ------
 
Pack 1 pick 1:
    Way of the Thief
    Zhur-Taa Swine (FOIL)
    Syndic of Tithes
    Guildscorn Ward
    Razortip Whip
    Clinging Anemones
    Furious Resistance
    Forced Adaptation
    Executioner's Swing
    Bioshift
    Zameck Guildmage
    Ground Assault
    Mindeye Drake
--> Frontline Medic
    Forest
 
Pack 1 pick 2:
    Contaminated Ground
    Scorchwalker
--> Daring Skyjek
    Foundry Street Denizen
    Zarichi Tiger
    Boros Guildgate
    Skygames
    Corpse Blockade
    Grisly Spectacle
    Purge the Profane
    Vizkopa Confessor
    Simic Charm
    Gridlock
    Island
 
Pack 1 pick 3:
    Massive Raid
    Metropolis Sprite
    Angelic Edict
    Horror of the Dim
    Madcap Skills
    Ivy Lane Denizen
    Guildscorn Ward
    Clinging Anemones
    Mortus Strider
--> Skyknight Legionnaire
    Ordruun Veteran
    Gateway Shade
    Mountain
 
Pack 1 pick 4:
    Dutiful Thrull
    Towering Thunderfist
    Burst of Strength
    Prophetic Prism
    Orzhov Guildgate
    Totally Lost
--> Assault Griffin
    Unexpected Results (FOIL)
    Pit Fight
    Urbis Protector
    Tower Defense
    Mountain
 
Pack 1 pick 5:
    Way of the Thief
    Spire Tracer
    Riot Gear
    Verdant Haven
    Keymaster Rogue
    Nav Squad Commandos
--> Madcap Skills
    Executioner's Swing
    Skullcrack
    Debtor's Pulpit
    Forest
 
Pack 1 pick 6:
    Crocanura
    Hands of Binding
    Simic Guildgate
    Zarichi Tiger
--> Bomber Corps
    Primal Visitation
    Merfolk of the Depths
    Hold the Gates
    Signal the Clans
    Swamp
 
Pack 1 pick 7:
    Slaughterhorn
    Structural Collapse
--> Gutter Skulk
    Frilled Oculus
    Last Thoughts
    Dimir Guildgate
    Naturalize
    Biovisionary
    Swamp
 
Pack 1 pick 8:
    Greenside Watcher
    Way of the Thief
    Tin Street Market
    Wildwood Rebirth
--> Prophetic Prism
    Midnight Recovery
    Bioshift
    Forest
 
Pack 1 pick 9:
    Guildscorn Ward
    Razortip Whip
    Clinging Anemones
--> Furious Resistance
    Forced Adaptation
    Bioshift
    Forest
 
Pack 1 pick 10:
--> Foundry Street Denizen
    Zarichi Tiger
    Skygames
    Purge the Profane
    Gridlock
    Island
 
Pack 1 pick 11:
    Horror of the Dim
--> Guildscorn Ward
    Clinging Anemones
    Mortus Strider
    Mountain
 
Pack 1 pick 12:
--> Burst of Strength
    Totally Lost
    Tower Defense
    Mountain
 
Pack 1 pick 13:
--> Riot Gear
    Keymaster Rogue
    Forest
 
Pack 1 pick 14:
--> Merfolk of the Depths
    Swamp
 
Pack 1 pick 15:
--> Swamp
 
------ GTC ------
 
Pack 2 pick 1:
    Greenside Watcher
    Way of the Thief
    Tin Street Market
    Naturalize
    Spell Rupture
    Slate Street Ruffian
--> Ember Beast
    Gruul Guildgate
    Ruination Wurm
    Beckon Apparition
    Merfolk of the Depths
    Rust Scarab
    Mark for Death
    Soul Ransom
    Forest
 
Pack 2 pick 2:
    Smite
    Slaughterhorn
    Structural Collapse
--> Act of Treason
    Riot Gear
    Verdant Haven
    Keymaster Rogue
    Nav Squad Commandos
    Psychic Strike
    Bioshift
    Dinrova Horror
    Dimir Keyrune
    Wight of Precinct Six
    Swamp
 
Pack 2 pick 3:
    Greenside Watcher
    Tin Street Market
    Ivy Lane Denizen
    Guildscorn Ward
    Clinging Anemones
    Millennial Gargoyle
    Act of Treason
    Purge the Profane
    Homing Lightning
--> Knight of Obligation
    Cinder Elemental
    Skarrg Goliath
    Forest
 
Pack 2 pick 4:
    Way of the Thief
    Spire Tracer
--> Syndic of Tithes
    Horror of the Dim
    Shielded Passage
    Razortip Whip
    Furious Resistance
    Keymaster Rogue
    Zhur-Taa Swine
    Simic Keyrune
    Smog Elemental
    Forest
 
Pack 2 pick 5:
    Greenside Watcher
    Way of the Thief
    Tin Street Market
--> Armored Transport
    Syndicate Enforcer
    Burst of Strength
    Basilica Guards
    Spell Rupture
    Mark for Death
    Smog Elemental
    Forest
 
Pack 2 pick 6:
    Warmind Infantry
    Metropolis Sprite
--> Assault Griffin
    Adaptive Snapjaw
    Skinbrand Goblin
    Syndicate Enforcer
    Purge the Profane
    Burning-Tree Emissary
    Serene Remembrance
    Island
 
Pack 2 pick 7:
    Shadow Slice
--> Slaughterhorn
    Guildscorn Ward
    Furious Resistance
    Riot Gear
    Ivy Lane Denizen
    Clinging Anemones
    Hydroform
    Swamp
 
Pack 2 pick 8:
    Aerial Maneuver
    Spire Tracer
    Skyblinder Staff
    Nav Squad Commandos
    Righteous Charge (FOIL)
--> Pit Fight
    Mental Vapors
    Island
 
Pack 2 pick 9:
    Way of the Thief
    Tin Street Market
    Naturalize
    Beckon Apparition
    Merfolk of the Depths
--> Mark for Death
    Forest
 
Pack 2 pick 10:
    Structural Collapse
    Riot Gear
    Psychic Strike
    Bioshift
--> Wight of Precinct Six
    Swamp
 
Pack 2 pick 11:
--> Greenside Watcher
    Tin Street Market
    Guildscorn Ward
    Purge the Profane
    Forest
 
Pack 2 pick 12:
--> Shielded Passage
    Razortip Whip
    Furious Resistance
    Forest
 
Pack 2 pick 13:
    Way of the Thief
--> Tin Street Market
    Forest
 
Pack 2 pick 14:
--> Serene Remembrance
    Island
 
Pack 2 pick 15:
--> Swamp
 
------ GTC ------
 
Pack 3 pick 1:
    Scatter Arc
    Structural Collapse
    Angelic Edict
    Forced Adaptation
    Keymaster Rogue
    Horror of the Dim
    Guildscorn Ward
    Razortip Whip
    Beckon Apparition
    Deathcult Rogue
    Rust Scarab
    Sapphire Drake
    Murder Investigation
--> Spark Trooper
    Island
 
Pack 3 pick 2:
    Scatter Arc
    Structural Collapse
    Angelic Edict
    Shadow Alley Denizen
    Midnight Recovery
    Foundry Street Denizen
    Zarichi Tiger
    Boros Guildgate
    Psychic Strike
    Shattering Blow
    Coerced Confession
    Dimir Keyrune
--> Boros Elite
    Island
 
Pack 3 pick 3:
    Gutter Skulk
    Frilled Oculus
    Scab-Clan Charger
--> Ember Beast
    Skygames
    Slate Street Ruffian
    Orzhov Guildgate
    Zhur-Taa Swine
    Martial Glory
    Voidwalk
    Incursion Specialist
    Signal the Clans
    Mountain
 
Pack 3 pick 4:
    Contaminated Ground
    Scorchwalker
    Simic Guildgate
    Zarichi Tiger
--> Bomber Corps
    Court Street Denizen
    Wildwood Rebirth
    Mortus Strider
    Boros Keyrune
    Zameck Guildmage
    Miming Slime
    Island
 
Pack 3 pick 5:
    Shadow Slice
    Warmind Infantry
    Scatter Arc
    Forced Adaptation
    Nav Squad Commandos
    Sage's Row Denizen
    Razortip Whip
--> Wojek Halberdiers
    Hydroform
    Illness in the Ranks
    Island
 
Pack 3 pick 6:
    Gutter Skulk
    Disciple of the Old Ways
    Skygames
    Corpse Blockade
    Burst of Strength
    Pit Fight
--> Skyknight Legionnaire
    Elusive Krasis
    Hold the Gates
    Plains
 
Pack 3 pick 7:
    Clinging Anemones
    Furious Resistance
    Forced Adaptation
--> Millennial Gargoyle
    Shielded Passage
    Primal Visitation
    Simic Keyrune
    Dying Wish
    Plains
 
Pack 3 pick 8:
    Predator's Rapport
    Clinging Anemones
    Shielded Passage
    Razortip Whip
    Beckon Apparition
--> Hellraiser Goblin
    Unexpected Results
    Plains
 
Pack 3 pick 9:
    Scatter Arc
    Structural Collapse
    Forced Adaptation
    Horror of the Dim
    Guildscorn Ward
--> Razortip Whip
    Island
 
Pack 3 pick 10:
    Scatter Arc
    Structural Collapse
    Midnight Recovery
    Shattering Blow
--> Coerced Confession
    Island
 
Pack 3 pick 11:
--> Scab-Clan Charger
    Skygames
    Slate Street Ruffian
    Signal the Clans
    Mountain
 
Pack 3 pick 12:
--> Zarichi Tiger
    Wildwood Rebirth
    Mortus Strider
    Island
 
Pack 3 pick 13:
    Forced Adaptation
--> Razortip Whip
    Island
 
Pack 3 pick 14:
--> Skygames
    Plains
 
Pack 3 pick 15:
--> Plains
 
