Event #: 5084415
Time:    2/26/2013 2:22:43 PM
Players: 
    Pitborn
    RockChalk
    DeckBox
--> MechaTech
    Spindryft
    damnitbiscuits
    Nezoia
    ZeroMane420
 
------ GTC ------
 
Pack 1 pick 1:
    Hands of Binding
    Greenside Watcher
    Devour Flesh
    Corpse Blockade
--> Molten Primordial (FOIL)
    Prophetic Prism
    Orzhov Guildgate
    Totally Lost
    Hydroform
    Skyknight Legionnaire
    Rust Scarab
    Agoraphobia
    Firefist Striker
    Ooze Flux
    Swamp
 
Pack 1 pick 2:
    Structural Collapse
    Metropolis Sprite (FOIL)
    Frilled Oculus
    Midnight Recovery
    Foundry Street Denizen
    Zarichi Tiger
    Boros Guildgate
    Skygames
    Martial Glory
    Psychic Strike
    Call of the Nightwing
--> Arrows of Justice
    Guardian of the Gateless
    Plains
 
Pack 1 pick 3:
--> Syndic of Tithes
    Knight Watch
    Gutter Skulk
    Last Thoughts
    Dimir Guildgate
    Naturalize
    Spell Rupture
    Slate Street Ruffian
    Bioshift
    Zhur-Taa Swine
    Mindeye Drake
    Guardian of the Gateless
    Swamp
 
Pack 1 pick 4:
    Scorchwalker
    Leyline Phantom
    Syndic of Tithes
    Balustrade Spy
    Ivy Lane Denizen
    Death's Approach
    Sage's Row Denizen
    Skyblinder Staff
    Drakewing Krasis
    Call of the Nightwing
--> Holy Mantle
    Swamp
 
Pack 1 pick 5:
    Dutiful Thrull
    Towering Thunderfist
    Assault Griffin
    Adaptive Snapjaw
--> Skinbrand Goblin
    Syndicate Enforcer
    Simic Guildgate
    Executioner's Swing
    Primal Visitation
    Rapid Hybridization
    Plains
 
Pack 1 pick 6:
--> Daring Skyjek
    Towering Thunderfist
    Guildscorn Ward
    Clinging Anemones
    Millennial Gargoyle
    Act of Treason
    Forced Adaptation
    Mortus Strider
    Shambleshark
    Island
 
Pack 1 pick 7:
    Frilled Oculus
    Shadow Slice
    Shielded Passage
--> Act of Treason
    Riot Gear
    Keymaster Rogue
    Primal Visitation
    Mental Vapors
    Forest
 
Pack 1 pick 8:
    Predator's Rapport
    Contaminated Ground
    Scorchwalker
    Simic Guildgate
--> Basilica Guards
    Skygames
    Mortus Strider
    Mountain
 
Pack 1 pick 9:
--> Greenside Watcher
    Corpse Blockade
    Prophetic Prism
    Totally Lost
    Hydroform
    Agoraphobia
    Swamp
 
Pack 1 pick 10:
    Structural Collapse
    Midnight Recovery
    Zarichi Tiger
--> Boros Guildgate
    Skygames
    Plains
 
Pack 1 pick 11:
    Last Thoughts
--> Naturalize
    Spell Rupture
    Bioshift
    Swamp
 
Pack 1 pick 12:
--> Leyline Phantom
    Death's Approach
    Skyblinder Staff
    Swamp
 
Pack 1 pick 13:
--> Executioner's Swing
    Primal Visitation
    Plains
 
Pack 1 pick 14:
--> Guildscorn Ward
    Island
 
Pack 1 pick 15:
--> Forest
 
------ GTC ------
 
Pack 2 pick 1:
    Shadow Alley Denizen
    Crocanura
    Warmind Infantry
    Bomber Corps
    Court Street Denizen
    Wildwood Rebirth
    Dimir Guildgate
    Prophetic Prism
    Bioshift (FOIL)
    Ruination Wurm
    Ghor-Clan Rampager
    Voidwalk
--> Knight of Obligation
    High Priest of Penance
    Mountain
 
Pack 2 pick 2:
    Smite
    Crocanura
    Hands of Binding
    Balustrade Spy
    Angelic Edict (FOIL)
    Furious Resistance
    Riot Gear
    Ivy Lane Denizen
    Zhur-Taa Swine
    Martial Glory
    Ground Assault
    Gateway Shade
--> Wrecking Ogre
    Plains
 
Pack 2 pick 3:
    Scorchwalker
    Leyline Phantom
    Plains (FOIL)
    Keymaster Rogue
    Horror of the Dim
    Guildscorn Ward
    Razortip Whip
    Psychic Strike
    Bioshift
--> One Thousand Lashes
    Murder Investigation
    Hindervines
    Swamp
 
Pack 2 pick 4:
    Crocanura
--> Warmind Infantry
    Dimir Guildgate
    Naturalize
    Spell Rupture
    Slate Street Ruffian
    Ember Beast
    Psychic Strike
    Shattering Blow
    Ordruun Veteran
    Alpha Authority
    Mountain
 
Pack 2 pick 5:
    Contaminated Ground
    Scorchwalker
    Keymaster Rogue
    Death's Approach
    Millennial Gargoyle
--> Verdant Haven
    Frilled Oculus (FOIL)
    Bioshift
    Alpha Authority
    Sapphire Drake
    Forest
 
Pack 2 pick 6:
    Shadow Slice
    Dutiful Thrull
    Towering Thunderfist
    Last Thoughts
    Gruul Guildgate
    Pit Fight
--> Skyknight Legionnaire
    Elusive Krasis
    Simic Keyrune
    Plains
 
Pack 2 pick 7:
    Massive Raid
    Contaminated Ground
    Midnight Recovery
    Foundry Street Denizen
--> Boros Guildgate
    Mortus Strider
    Frenzied Tilling
    Ooze Flux
    Island
 
Pack 2 pick 8:
    Crocanura
    Death's Approach
    Millennial Gargoyle
    Verdant Haven
--> Pit Fight
    Mark for Death
    Illness in the Ranks
    Plains
 
Pack 2 pick 9:
    Shadow Alley Denizen
--> Bomber Corps
    Wildwood Rebirth
    Bioshift (FOIL)
    Ruination Wurm
    Voidwalk
    Mountain
 
Pack 2 pick 10:
    Furious Resistance
    Riot Gear
    Ivy Lane Denizen
    Martial Glory
--> Ground Assault
    Plains
 
Pack 2 pick 11:
    Plains (FOIL)
    Guildscorn Ward
--> Bioshift
    Hindervines
    Swamp
 
Pack 2 pick 12:
    Naturalize
    Shattering Blow
--> Alpha Authority
    Mountain
 
Pack 2 pick 13:
    Contaminated Ground
--> Bioshift
    Forest
 
Pack 2 pick 14:
--> Last Thoughts
    Plains
 
Pack 2 pick 15:
--> Island
 
------ GTC ------
 
Pack 3 pick 1:
--> Crocanura
    Warmind Infantry
    Metropolis Sprite
    Ember Beast
    Skygames
    Slate Street Ruffian
    Orzhov Guildgate
    Adaptive Snapjaw
    Zhur-Taa Swine
    Martial Glory
    Gruul Keyrune
    Dimir Charm
    Sapphire Drake
    Undercity Plague
    Mountain
 
Pack 3 pick 2:
    Smite
    Slaughterhorn
    Structural Collapse
    Clinging Anemones
--> Ground Assault (FOIL)
    Forced Adaptation
    Millennial Gargoyle
    Shielded Passage
    Grisly Spectacle
    Purge the Profane
    Simic Charm
    Skullcrack
    Righteous Charge
    Forest
 
Pack 3 pick 3:
--> Greenside Watcher
    Way of the Thief
    Tin Street Market
    Clinging Anemones
    Horror of the Dim
    Incursion Specialist (FOIL)
    Razortip Whip
    Furious Resistance
    Shambleshark
    Shattering Blow
    Dimir Keyrune
    Sepulchral Primordial
    Swamp
 
Pack 3 pick 4:
    Shadow Slice
--> Slaughterhorn
    Devour Flesh (FOIL)
    Towering Thunderfist
    Act of Treason
    Balustrade Spy
    Shielded Passage
    Mortus Strider
    Gift of Orzhova
    Crackling Perimeter
    Thespian's Stage
    Plains
 
Pack 3 pick 5:
    Daring Skyjek
    Hands of Binding
    Death's Approach
    Skyblinder Staff
    Nav Squad Commandos
    Hydroform
--> Homing Lightning
    Orzhov Keyrune
    Viashino Shanktail
    Unexpected Results
    Island
 
Pack 3 pick 6:
    Scatter Arc
    Structural Collapse
--> Angelic Edict
    Shielded Passage
    Razortip Whip
    Keymaster Rogue
    Death's Approach
    Shattering Blow
    Gateway Shade
    Mountain
 
Pack 3 pick 7:
    Dutiful Thrull
    Predator's Rapport
    Last Thoughts
    Gruul Guildgate
    Mark for Death (FOIL)
    Naturalize
--> Pit Fight
    Smog Elemental
    Mountain
 
Pack 3 pick 8:
    Aerial Maneuver
--> Disciple of the Old Ways
    Simic Guildgate
    Skygames
    Slate Street Ruffian
    Hydroform
    Mindeye Drake
    Forest
 
Pack 3 pick 9:
    Ember Beast
    Skygames
    Adaptive Snapjaw
--> Zhur-Taa Swine
    Martial Glory
    Sapphire Drake
    Mountain
 
Pack 3 pick 10:
    Structural Collapse
    Clinging Anemones
--> Forced Adaptation
    Shielded Passage
    Righteous Charge
    Forest
 
Pack 3 pick 11:
--> Tin Street Market
    Clinging Anemones
    Horror of the Dim
    Shattering Blow
    Swamp
 
Pack 3 pick 12:
--> Shielded Passage
    Mortus Strider
    Crackling Perimeter
    Plains
 
Pack 3 pick 13:
    Skyblinder Staff
--> Hydroform
    Island
 
Pack 3 pick 14:
--> Structural Collapse
    Mountain
 
Pack 3 pick 15:
--> Mountain
 
