Event #: 5090666
Time:    2/28/2013 4:22:12 PM
Players: 
    gonza.
    lester85
    philb311
    caiqi
    Jalapano
--> Astrograft
    pwy02
    asldhjkf12
 
------ GTC ------
 
Pack 1 pick 1:
    Leyline Phantom
    Aerial Maneuver
    Basilica Screecher
    Death's Approach
    Sage's Row Denizen
    Skyblinder Staff
    Nav Squad Commandos
    Verdant Haven
--> Grisly Spectacle
    Purge the Profane
    Simic Keyrune
    Orzhov Charm
    Viashino Shanktail
    Blind Obedience
    Mountain
 
Pack 1 pick 2:
    Knight Watch
    Gutter Skulk
    Disciple of the Old Ways
    Armored Transport
    Totally Lost
    Boros Guildgate
    Assault Griffin
    Adaptive Snapjaw
    Deathcult Rogue
    Martial Glory
    Elusive Krasis
--> Skarrg Guildmage
    Hold the Gates
    Plains
 
Pack 1 pick 3:
    Illness in the Ranks (FOIL)
    Way of the Thief
    Spire Tracer
    Millennial Gargoyle
    Shielded Passage
    Act of Treason
    Riot Gear
    Verdant Haven
    Primal Visitation
--> Gruul Charm
    Hindervines
    Gateway Shade
    Forest
 
Pack 1 pick 4:
    Aerial Maneuver
--> Spire Tracer
    Shadow Slice
    Skyblinder Staff
    Last Thoughts
    Gruul Guildgate
    Shattering Blow
    Deathcult Rogue
    Duskmantle Guildmage
    Fortress Cyclops
    Crackling Perimeter
    Swamp
 
Pack 1 pick 5:
    Structural Collapse
    Shadow Alley Denizen
--> Scab-Clan Charger
    Leyline Phantom
    Guildscorn Ward
    Clinging Anemones
    Millennial Gargoyle
    Psychic Strike
    Gruul Keyrune
    Crowned Ceratok
    Swamp
 
Pack 1 pick 6:
    Aerial Maneuver
--> Spire Tracer
    Shadow Slice
    Boros Guildgate
    Adaptive Snapjaw
    Syndicate Enforcer
    Paranoid Delusions
    Merfolk of the Depths
    Incursion Specialist
    Swamp
 
Pack 1 pick 7:
    Dutiful Thrull (FOIL)
    Way of the Thief
    Midnight Recovery
    Last Thoughts
    Dimir Guildgate
--> Naturalize
    Bioshift
    Mental Vapors
    Mountain
 
Pack 1 pick 8:
    Frilled Oculus
    Shadow Slice
    Balustrade Spy
    Shielded Passage
    Predator's Rapport (FOIL)
--> Ruination Wurm
    Paranoid Delusions
    Swamp
 
Pack 1 pick 9:
    Leyline Phantom
    Aerial Maneuver
    Sage's Row Denizen
    Skyblinder Staff
    Purge the Profane
--> Simic Keyrune
    Mountain
 
Pack 1 pick 10:
    Knight Watch
--> Armored Transport
    Totally Lost
    Boros Guildgate
    Hold the Gates
    Plains
 
Pack 1 pick 11:
    Way of the Thief
    Shielded Passage
--> Primal Visitation
    Hindervines
    Forest
 
Pack 1 pick 12:
    Last Thoughts
--> Shattering Blow
    Crackling Perimeter
    Swamp
 
Pack 1 pick 13:
    Structural Collapse
--> Shadow Alley Denizen
    Swamp
 
Pack 1 pick 14:
--> Paranoid Delusions
    Swamp
 
Pack 1 pick 15:
--> Mountain
 
------ GTC ------
 
Pack 2 pick 1:
--> Slaughterhorn
    Structural Collapse
    Gutter Skulk
    Simic Guildgate
    Zarichi Tiger
    Bomber Corps
    Court Street Denizen
    Wildwood Rebirth
    Deathcult Rogue
    Martial Glory
    Zameck Guildmage
    Hindervines
    Mindeye Drake
    Treasury Thrull
    Mountain
 
Pack 2 pick 2:
    Daring Skyjek
    Frilled Oculus
    Shadow Slice
    Guildscorn Ward
    Razortip Whip
    Clinging Anemones
    Furious Resistance
    Forced Adaptation
    Shattering Blow
    Kingpin's Pet
    Urban Evolution
    Simic Fluxmage
--> Wasteland Viper
    Swamp
 
Pack 2 pick 3:
    Way of the Thief
    Spire Tracer
--> Forced Adaptation
    Keymaster Rogue
    Horror of the Dim
    Guildscorn Ward
    Razortip Whip
    Executioner's Swing
    Primal Visitation
    Cartel Aristocrat
    Crackling Perimeter
    Dying Wish
    Forest
 
Pack 2 pick 4:
    Tin Street Market
    Cloudfin Raptor
    Aerial Maneuver
    Spire Tracer
    Skygames
    Corpse Blockade
--> Burst of Strength
    Bioshift
    Duskmantle Guildmage
    Gridlock
    Skullcrack
    Island
 
Pack 2 pick 5:
    Scatter Arc
    Smite
--> Crocanura
    Wildwood Rebirth
    Prophetic Prism
    Midnight Recovery
    Foundry Street Denizen
    Skyknight Legionnaire
    Paranoid Delusions
    Zameck Guildmage
    Swamp
 
Pack 2 pick 6:
    Shadow Alley Denizen
--> Scab-Clan Charger
    Adaptive Snapjaw
    Midnight Recovery
    Last Thoughts
    Dimir Guildgate
    Martial Glory
    Nimbus Swimmer
    Skullcrack
    Swamp
 
Pack 2 pick 7:
    Dutiful Thrull
    Towering Thunderfist
    Last Thoughts
    Naturalize
    Hydroform
    Vizkopa Confessor
--> Dinrova Horror
    Murder Investigation
    Mountain
 
Pack 2 pick 8:
    Scatter Arc
    Structural Collapse
    Keymaster Rogue
    Nav Squad Commandos
    Balustrade Spy
--> Ivy Lane Denizen
    Bioshift
    Island
 
Pack 2 pick 9:
    Structural Collapse
    Gutter Skulk
    Simic Guildgate
    Zarichi Tiger
--> Wildwood Rebirth
    Zameck Guildmage
    Mountain
 
Pack 2 pick 10:
    Guildscorn Ward
    Razortip Whip
    Shattering Blow
    Urban Evolution
--> Simic Fluxmage
    Swamp
 
Pack 2 pick 11:
    Guildscorn Ward
--> Razortip Whip
    Primal Visitation
    Crackling Perimeter
    Forest
 
Pack 2 pick 12:
    Tin Street Market
    Skygames
--> Bioshift
    Island
 
Pack 2 pick 13:
    Scatter Arc
--> Paranoid Delusions
    Swamp
 
Pack 2 pick 14:
--> Shadow Alley Denizen
    Swamp
 
Pack 2 pick 15:
--> Mountain
 
------ GTC ------
 
Pack 3 pick 1:
    Hands of Binding
--> Greenside Watcher
    Devour Flesh
    Tin Street Market
    Burst of Strength
    Basilica Guards
    Spell Rupture
    Simic Guildgate
    Psychic Strike
    Primal Visitation
    Coerced Confession
    Incursion Specialist
    Knight of Obligation
    Lazav, Dimir Mastermind
    Plains
 
Pack 3 pick 2:
    Cloudfin Raptor
    Aerial Maneuver
    Spire Tracer
    Shadow Slice
    Zarichi Tiger
    Bomber Corps
    Court Street Denizen
    Kingpin's Pet
    Hydroform
    Dimir Keyrune
--> Cinder Elemental
    Guardian of the Gateless
    Merciless Eviction
    Island
 
Pack 3 pick 3:
    Contaminated Ground
    Greenside Watcher
    Way of the Thief
    Zarichi Tiger
    Boros Guildgate
    Skygames
    Corpse Blockade
    Burst of Strength
    Kingpin's Pet
--> Gruul Charm
    Tower Defense
    Consuming Aberration
    Forest
 
Pack 3 pick 4:
    Scab-Clan Charger
    Towering Thunderfist
    Shielded Passage
    Razortip Whip
    Furious Resistance
    Keymaster Rogue
    Death's Approach
    Beckon Apparition
    Zhur-Taa Swine
    Orzhov Keyrune
--> Ground Assault
    Forest
 
Pack 3 pick 5:
    Predator's Rapport
    Contaminated Ground
    Court Street Denizen
    Naturalize
    Totally Lost
    Boros Guildgate
    Hydroform
    Ruination Wurm
    Frenzied Tilling
--> Crowned Ceratok
    Island
 
Pack 3 pick 6:
    Predator's Rapport
    Contaminated Ground
    Prophetic Prism
    Orzhov Guildgate
    Totally Lost
    Skyblinder Staff
    Drakewing Krasis
    Purge the Profane
--> Sapphire Drake
    Island
 
Pack 3 pick 7:
    Devour Flesh
    Predator's Rapport
    Horror of the Dim
--> Ivy Lane Denizen
    Guildscorn Ward
    Clinging Anemones
    Righteous Charge
    Ætherize
    Plains
 
Pack 3 pick 8:
    Shadow Slice
    Scatter Arc
--> Crocanura
    Orzhov Guildgate
    Totally Lost
    Coerced Confession
    Hold the Gates
    Swamp
 
Pack 3 pick 9:
    Hands of Binding
    Tin Street Market
    Spell Rupture
--> Simic Guildgate
    Psychic Strike
    Primal Visitation
    Plains
 
Pack 3 pick 10:
--> Aerial Maneuver
    Shadow Slice
    Zarichi Tiger
    Hydroform
    Dimir Keyrune
    Island
 
Pack 3 pick 11:
    Contaminated Ground
    Way of the Thief
    Skygames
--> Tower Defense
    Forest
 
Pack 3 pick 12:
--> Shielded Passage
    Furious Resistance
    Keymaster Rogue
    Forest
 
Pack 3 pick 13:
    Predator's Rapport
--> Naturalize
    Island
 
Pack 3 pick 14:
--> Predator's Rapport
    Island
 
Pack 3 pick 15:
--> Plains
 
