Event #: 5090067
Time:    2/27/2013 10:05:24 PM
Players: 
    Terrybar
    Tujay
    Bloodted
    feeshermon
    TheMummy
    nalgae
--> malthrin
    wowhitlock
 
------ GTC ------
 
Pack 1 pick 1:
    Leyline Phantom
    Syndic of Tithes
    Shadow Alley Denizen
    Horror of the Dim
    Shielded Passage
    Razortip Whip
    Furious Resistance
    Keymaster Rogue
    Mortus Strider
    Skyknight Legionnaire
    Orzhov Keyrune
    Gateway Shade
    Mindeye Drake
--> Ogre Slumlord
    Plains
 
Pack 1 pick 2:
--> Basilica Screecher
    Way of the Thief
    Spire Tracer
    Assault Griffin
    Skinbrand Goblin
    Syndicate Enforcer
    Simic Guildgate
    Hydroform
    Ruination Wurm
    Frenzied Tilling
    Ordruun Veteran
    Alpha Authority
    Immortal Servitude
    Mountain
 
Pack 1 pick 3:
    Smite
    Structural Collapse
    Death's Approach
    Millennial Gargoyle
    Verdant Haven
--> Sage's Row Denizen
    Act of Treason
    Executioner's Swing
    Duskmantle Guildmage
    Ripscale Predator
    Guardian of the Gateless
    Diluvian Primordial
    Swamp
 
Pack 1 pick 4:
--> Hands of Binding
    Massive Raid
    Knight Watch
    Act of Treason
    Riot Gear
    Verdant Haven
    Keymaster Rogue
    Nav Squad Commandos
    Hydroform
    Urbis Protector
    Alpha Authority
    Mountain
 
Pack 1 pick 5:
    Predator's Rapport
    Contaminated Ground
    Scorchwalker
    Guildscorn Ward
    Clinging Anemones
    Millennial Gargoyle
    Act of Treason
    Paranoid Delusions
--> Rapid Hybridization
    Crackling Perimeter
    Plains
 
Pack 1 pick 6:
    Structural Collapse
--> Gutter Skulk
    Burst of Strength
    Spell Rupture
    Simic Guildgate
    Zarichi Tiger
    Executioner's Swing
    Bioshift
    Rust Scarab
    Mountain
 
Pack 1 pick 7:
    Aerial Maneuver
    Bomber Corps
    Midnight Recovery
    Last Thoughts
    Dimir Guildgate
    Purge the Profane
--> Agoraphobia
    Mark for Death
    Swamp
 
Pack 1 pick 8:
    Aerial Maneuver
    Spire Tracer
--> Shadow Slice
    Prophetic Prism
    Midnight Recovery
    Foundry Street Denizen
    Martial Glory
    Island
 
Pack 1 pick 9:
    Shadow Alley Denizen
    Horror of the Dim
    Shielded Passage
    Razortip Whip
--> Mortus Strider
    Gateway Shade
    Plains
 
Pack 1 pick 10:
--> Way of the Thief
    Spire Tracer
    Hydroform
    Ruination Wurm
    Frenzied Tilling
    Mountain
 
Pack 1 pick 11:
    Smite
    Structural Collapse
--> Millennial Gargoyle
    Ripscale Predator
    Swamp
 
Pack 1 pick 12:
--> Nav Squad Commandos
    Hydroform
    Alpha Authority
    Mountain
 
Pack 1 pick 13:
    Guildscorn Ward
--> Crackling Perimeter
    Plains
 
Pack 1 pick 14:
--> Structural Collapse
    Mountain
 
Pack 1 pick 15:
--> Swamp
 
------ GTC ------
 
Pack 2 pick 1:
    Slaughterhorn
    Dutiful Thrull
    Towering Thunderfist
    Forced Adaptation
    Nav Squad Commandos
--> Sage's Row Denizen
    Razortip Whip
    Madcap Skills
    Beckon Apparition
    Deathcult Rogue
    Dimir Keyrune
    Smog Elemental
    Experiment One
    Illusionist's Bracers
    Swamp
 
Pack 2 pick 2:
    Shadow Alley Denizen
    Crocanura
    Warmind Infantry
    Wildwood Rebirth
    Foundry Street Denizen
    Corpse Blockade
    Armored Transport
--> Syndicate Enforcer
    Shambleshark
    Shattering Blow
    Boros Charm
    Rapid Hybridization
    Treasury Thrull
    Island
 
Pack 2 pick 3:
    Way of the Thief
    Spire Tracer
    Ivy Lane Denizen
    Guildscorn Ward
    Clinging Anemones
    Razortip Whip (FOIL)
    Act of Treason
    Ruination Wurm
    Paranoid Delusions
    Urbis Protector
--> Debtor's Pulpit
    Serene Remembrance
    Forest
 
Pack 2 pick 4:
    Shadow Alley Denizen
    Scab-Clan Charger
    Ivy Lane Denizen
    Clinging Anemones
    Horror of the Dim
    Shielded Passage
    Razortip Whip
    Primal Visitation
    Wojek Halberdiers
    Cartel Aristocrat
--> Incursion Specialist
    Island
 
Pack 2 pick 5:
    Smite
    Slaughterhorn
    Forced Adaptation
--> Keymaster Rogue
    Horror of the Dim
    Guildscorn Ward
    Razortip Whip
    Pit Fight
    Fortress Cyclops
    Dying Wish
    Swamp
 
Pack 2 pick 6:
    Midnight Recovery
    Last Thoughts
    Dimir Guildgate
    Naturalize
    Spell Rupture
    Bioshift
    Frenzied Tilling
--> Rapid Hybridization
    Rubblehulk
    Island
 
Pack 2 pick 7:
    Disciple of the Old Ways
    Scatter Arc
    Structural Collapse
    Skygames
    Slate Street Ruffian
--> Orzhov Guildgate
    Mortus Strider
    Mental Vapors
    Plains
 
Pack 2 pick 8:
--> Devour Flesh
    Tin Street Market
    Bomber Corps
    Wildwood Rebirth
    Dimir Guildgate
    Ruination Wurm
    Beckon Apparition
    Plains
 
Pack 2 pick 9:
    Towering Thunderfist
    Forced Adaptation
    Razortip Whip
    Beckon Apparition
--> Smog Elemental
    Illusionist's Bracers
    Swamp
 
Pack 2 pick 10:
    Shadow Alley Denizen
    Wildwood Rebirth
--> Corpse Blockade
    Armored Transport
    Shattering Blow
    Island
 
Pack 2 pick 11:
    Guildscorn Ward
    Razortip Whip (FOIL)
--> Paranoid Delusions
    Serene Remembrance
    Forest
 
Pack 2 pick 12:
--> Shielded Passage
    Razortip Whip
    Primal Visitation
    Island
 
Pack 2 pick 13:
    Guildscorn Ward
--> Dying Wish
    Swamp
 
Pack 2 pick 14:
--> Bioshift
    Island
 
Pack 2 pick 15:
--> Plains
 
------ GTC ------
 
Pack 3 pick 1:
    Devour Flesh
    Predator's Rapport
    Scorchwalker
    Skygames
    Slate Street Ruffian
    Structural Collapse (FOIL)
    Adaptive Snapjaw
    Bomber Corps
    Beckon Apparition
    Zhur-Taa Swine
--> Dimir Charm
    Simic Fluxmage
    Wasteland Viper
    Whispering Madness
    Forest
 
Pack 3 pick 2:
    Massive Raid
    Metropolis Sprite
    Angelic Edict
    Guildscorn Ward
    Furious Resistance
    Riot Gear
    Ivy Lane Denizen
    Clinging Anemones
    Martial Glory
    Homing Lightning
    Alpha Authority
    Holy Mantle
--> Crypt Ghast
    Mountain
 
Pack 3 pick 3:
    Daring Skyjek
    Frilled Oculus
    Shadow Slice
    Skyblinder Staff
    Nav Squad Commandos
    Verdant Haven
    Horror of the Dim
    Madcap Skills
    Psychic Strike
    Shattering Blow
    Urban Evolution
--> Merciless Eviction
    Swamp
 
Pack 3 pick 4:
    Mountain (FOIL)
    Devour Flesh
    Predator's Rapport
    Naturalize
    Spell Rupture
    Slate Street Ruffian
    Ember Beast
    Gruul Guildgate
    Gift of Orzhova
    Dimir Charm
--> Lazav, Dimir Mastermind
    Forest
 
Pack 3 pick 5:
    Shadow Alley Denizen
    Scab-Clan Charger
    Leyline Phantom
    Razortip Whip
    Death's Approach
--> Balustrade Spy
    Executioner's Swing
    Vizkopa Confessor
    Thrull Parasite
    Voidwalk
    Island
 
Pack 3 pick 6:
    Scab-Clan Charger
    Towering Thunderfist
--> Clinging Anemones
    Furious Resistance
    Forced Adaptation
    Shielded Passage
    Mortus Strider
    Murder Investigation
    Gridlock
    Forest
 
Pack 3 pick 7:
    Knight Watch
    Gutter Skulk
    Scatter Arc
    Structural Collapse
    Forced Adaptation
    Nav Squad Commandos
    Hydroform
--> Call of the Nightwing
    Plains
 
Pack 3 pick 8:
    Gutter Skulk
    Death's Approach
--> Balustrade Spy
    Smog Elemental (FOIL)
    Furious Resistance
    Riot Gear
    Shattering Blow
    Forest
 
Pack 3 pick 9:
    Predator's Rapport
    Skygames
    Slate Street Ruffian
    Structural Collapse (FOIL)
    Beckon Apparition
--> Whispering Madness
    Forest
 
Pack 3 pick 10:
--> Massive Raid
    Guildscorn Ward
    Furious Resistance
    Riot Gear
    Alpha Authority
    Mountain
 
Pack 3 pick 11:
--> Shadow Slice
    Skyblinder Staff
    Horror of the Dim
    Shattering Blow
    Swamp
 
Pack 3 pick 12:
    Mountain (FOIL)
    Predator's Rapport
--> Slate Street Ruffian
    Forest
 
Pack 3 pick 13:
    Razortip Whip
--> Voidwalk
    Island
 
Pack 3 pick 14:
--> Shielded Passage
    Forest
 
Pack 3 pick 15:
--> Plains
 
