Event #: 5110099
Time:    3/3/2013 2:51:00 PM
Players: 
    Homestyle
    carrod65
    Haugwash
    BardaMagic
--> malthrin
    DixonCox
    loonymushroom
    bri
 
------ GTC ------
 
Pack 1 pick 1:
    Predator's Rapport
    Contaminated Ground
    Scorchwalker
    Last Thoughts
    Gruul Guildgate
    Court Street Denizen
    Naturalize
    Armored Transport
    Skyknight Legionnaire
    Bioshift
    Arrows of Justice
    Coerced Confession
    Miming Slime
--> Clan Defiance
    Swamp
 
Pack 1 pick 2:
    Daring Skyjek
    Frilled Oculus
    Shadow Slice
    Bomber Corps
    Court Street Denizen
    Wildwood Rebirth
    Dimir Guildgate
    Prophetic Prism
    Hydroform
--> Skyknight Legionnaire
    Burning-Tree Emissary
    Wight of Precinct Six
    Crowned Ceratok
    Mountain
 
Pack 1 pick 3:
    Shadow Alley Denizen
    Crocanura
--> Warmind Infantry
    Burst of Strength
    Thespian's Stage (FOIL)
    Spell Rupture
    Simic Guildgate
    Shambleshark
    Beckon Apparition
    Cartel Aristocrat
    Illness in the Ranks
    Serene Remembrance
    Mountain
 
Pack 1 pick 4:
    Shadow Slice
--> Warmind Infantry
    Scatter Arc
    Skinbrand Goblin
    Last Thoughts
    Court Street Denizen
    Naturalize
    Pit Fight
    Vizkopa Confessor
    Urban Evolution
    Voidwalk
    Mountain
 
Pack 1 pick 5:
    Aerial Maneuver
    Spire Tracer
    Shadow Slice
    Armored Transport
    Totally Lost
    Boros Guildgate
    Assault Griffin
    Adaptive Snapjaw
--> Pit Fight
    Smog Elemental
    Mountain
 
Pack 1 pick 6:
    Contaminated Ground
    Way of the Thief
    Skygames
    Slate Street Ruffian
    Adaptive Snapjaw
--> Ruination Wurm
    Paranoid Delusions
    Urbis Protector
    Crackling Perimeter
    Island
 
Pack 1 pick 7:
    Knight Watch
    Razortip Whip
    Furious Resistance
    Keymaster Rogue
    Death's Approach
--> Millennial Gargoyle
    Deathcult Rogue
    Urbis Protector
    Forest
 
Pack 1 pick 8:
--> Scab-Clan Charger
    Towering Thunderfist
    Riot Gear
    Clinging Anemones
    Horror of the Dim
    Shielded Passage
    Purge the Profane
    Plains
 
Pack 1 pick 9:
    Predator's Rapport
    Contaminated Ground
    Naturalize
--> Armored Transport
    Bioshift
    Coerced Confession
    Swamp
 
Pack 1 pick 10:
--> Bomber Corps
    Court Street Denizen
    Wildwood Rebirth
    Dimir Guildgate
    Hydroform
    Mountain
 
Pack 1 pick 11:
    Shadow Alley Denizen
--> Spell Rupture
    Illness in the Ranks
    Serene Remembrance
    Mountain
 
Pack 1 pick 12:
    Scatter Arc
--> Last Thoughts
    Court Street Denizen
    Mountain
 
Pack 1 pick 13:
--> Spire Tracer
    Armored Transport
    Mountain
 
Pack 1 pick 14:
--> Contaminated Ground
    Island
 
Pack 1 pick 15:
--> Forest
 
------ GTC ------
 
Pack 2 pick 1:
    Predator's Rapport
    Scorchwalker
    Leyline Phantom
    Horror of the Dim
    Madcap Skills
    Ivy Lane Denizen
    Guildscorn Ward
    Clinging Anemones
    Wojek Halberdiers
    Mortus Strider
    Killing Glare
    Boros Elite
--> Wasteland Viper
    Blind Obedience
    Island
 
Pack 2 pick 2:
    Tin Street Market
    Cloudfin Raptor
    Predator's Rapport
    Contaminated Ground
    Bomber Corps
    Midnight Recovery
    Last Thoughts
    Wojek Halberdiers
    Hydroform
    Boros Keyrune
    Dinrova Horror
    Experiment One
--> Rubblebelt Raiders
    Swamp
 
Pack 2 pick 3:
    Knight Watch
    Gutter Skulk
--> Disciple of the Old Ways
    Corpse Blockade
    Armored Transport
    Syndicate Enforcer
    Burst of Strength
    Bioshift
    Zhur-Taa Swine
    Call of the Nightwing
    Simic Fluxmage
    Gruul Ragebeast
    Island
 
Pack 2 pick 4:
    Way of the Thief
    Spire Tracer
    Shielded Passage
--> Act of Treason
    Riot Gear
    Verdant Haven
    Psychic Strike
    Ordruun Veteran
    Murder Investigation
    Crackling Perimeter
    Illusionist's Bracers
    Plains
 
Pack 2 pick 5:
    Angelic Edict
    Naturalize
    Spell Rupture
    Slate Street Ruffian
--> Ember Beast
    Gruul Guildgate
    Primal Visitation
    Rust Scarab
    Righteous Charge
    Sylvan Primordial
    Island
 
Pack 2 pick 6:
--> Scab-Clan Charger
    Towering Thunderfist
    Wildwood Rebirth
    Dimir Guildgate
    Midnight Recovery
    Skyknight Legionnaire
    Bioshift
    Gruul Keyrune
    Mark for Death
    Plains
 
Pack 2 pick 7:
    Towering Thunderfist
    Greenside Watcher
--> Skinbrand Goblin
    Gruul Guildgate
    Court Street Denizen
    Naturalize
    Paranoid Delusions
    Merfolk of the Depths
    Island
 
Pack 2 pick 8:
    Knight Watch
    Contaminated Ground
    Skinbrand Goblin
--> Ember Beast
    Deathcult Rogue
    Hydroform
    Mental Vapors
    Plains
 
Pack 2 pick 9:
    Predator's Rapport
--> Scorchwalker
    Leyline Phantom
    Horror of the Dim
    Guildscorn Ward
    Clinging Anemones
    Island
 
Pack 2 pick 10:
    Tin Street Market
--> Predator's Rapport
    Contaminated Ground
    Midnight Recovery
    Last Thoughts
    Swamp
 
Pack 2 pick 11:
    Armored Transport
    Burst of Strength
    Bioshift
--> Zhur-Taa Swine
    Island
 
Pack 2 pick 12:
--> Way of the Thief
    Riot Gear
    Crackling Perimeter
    Plains
 
Pack 2 pick 13:
--> Naturalize
    Primal Visitation
    Island
 
Pack 2 pick 14:
--> Wildwood Rebirth
    Plains
 
Pack 2 pick 15:
--> Island
 
------ GTC ------
 
Pack 3 pick 1:
    Syndic of Tithes
    Shadow Alley Denizen
    Crocanura
    Zarichi Tiger
    Boros Guildgate
    Skygames
    Corpse Blockade
    Burst of Strength
    Ruination Wurm
    Beckon Apparition
    Gift of Orzhova
    Homing Lightning
--> Firefist Striker
    Duskmantle Seer
    Swamp
 
Pack 3 pick 2:
    Scorchwalker
    Leyline Phantom
    Syndic of Tithes
    Wildwood Rebirth
--> Foundry Street Denizen
    Corpse Blockade
    Armored Transport
    Syndicate Enforcer
    Deathcult Rogue
    Martial Glory
    Agoraphobia
    Vizkopa Guildmage
    Ætherize
    Swamp
 
Pack 3 pick 3:
    Crocanura
    Hands of Binding
    Massive Raid
--> Skinbrand Goblin
    Syndicate Enforcer
    Simic Guildgate
    Basilica Guards
    Ember Beast
    Drakewing Krasis
    Purge the Profane
    Gift of Orzhova
    Righteous Charge
    Plains
 
Pack 3 pick 4:
--> Smite
    Hands of Binding
    Armored Transport
    Totally Lost
    Boros Guildgate
    Assault Griffin
    Adaptive Snapjaw
    Skyknight Legionnaire
    Beckon Apparition
    Ripscale Predator
    Boros Elite
    Forest
 
Pack 3 pick 5:
--> Warmind Infantry
    Millennial Gargoyle
    Forced Adaptation
    Nav Squad Commandos
    Sage's Row Denizen
    Drakewing Krasis
    Martial Glory
    Cartel Aristocrat
    Hindervines
    Mindeye Drake
    Mountain
 
Pack 3 pick 6:
    Massive Raid
    Death's Approach
    Sage's Row Denizen
    Skyblinder Staff
    Nav Squad Commandos
    Deathcult Rogue
--> Pit Fight
    Mental Vapors
    Merciless Eviction
    Forest
 
Pack 3 pick 7:
    Structural Collapse
    Shadow Alley Denizen
    Keymaster Rogue
    Nav Squad Commandos
--> Madcap Skills
    Purge the Profane
    Dying Wish
    Serene Remembrance
    Swamp
 
Pack 3 pick 8:
    Frilled Oculus
    Scab-Clan Charger
    Razortip Whip
    Balustrade Spy
    Guildscorn Ward
    Hydroform
--> Hellraiser Goblin
    Plains
 
Pack 3 pick 9:
    Shadow Alley Denizen
    Zarichi Tiger
    Skygames
    Corpse Blockade
--> Burst of Strength
    Beckon Apparition
    Swamp
 
Pack 3 pick 10:
    Scorchwalker
    Leyline Phantom
    Wildwood Rebirth
    Corpse Blockade
--> Syndicate Enforcer
    Swamp
 
Pack 3 pick 11:
    Syndicate Enforcer
--> Ember Beast
    Purge the Profane
    Righteous Charge
    Plains
 
Pack 3 pick 12:
--> Armored Transport
    Adaptive Snapjaw
    Beckon Apparition
    Forest
 
Pack 3 pick 13:
--> Forced Adaptation
    Hindervines
    Mountain
 
Pack 3 pick 14:
--> Skyblinder Staff
    Forest
 
Pack 3 pick 15:
--> Swamp
 
