Event #: 5117338
Time:    3/4/2013 8:34:19 PM
Players: 
    hinigurth
    bigunit3000
    deadpool171
    kingofNEKO
--> malthrin
    StellaHazelburke
    evocarti
    Lonwei
 
------ GTC ------
 
Pack 1 pick 1:
    Massive Raid
    Knight Watch
    Contaminated Ground
    Millennial Gargoyle
    Act of Treason
    Forced Adaptation
    Simic Guildgate (FOIL)
--> Sage's Row Denizen
    Hydroform
    Ruination Wurm
    Urbis Protector
    Righteous Charge
    Ætherize
    Unexpected Results
    Swamp
 
Pack 1 pick 2:
    Gutter Skulk
    Frilled Oculus
    Scab-Clan Charger
    Daring Skyjek
    Towering Thunderfist
    Millennial Gargoyle
    Shielded Passage
    Act of Treason
    Kingpin's Pet
    Hydroform
    Sunhome Guildmage
    Mindeye Drake
--> Undercity Informer
    Swamp
 
Pack 1 pick 3:
    Way of the Thief
    Spire Tracer
    Syndic of Tithes
    Skinbrand Goblin
    Last Thoughts
    Gruul Guildgate
    Court Street Denizen
    Structural Collapse (FOIL)
--> Psychic Strike
    Bioshift
    Mark for Death
    Ooze Flux
    Swamp
 
Pack 1 pick 4:
    Hands of Binding
    Greenside Watcher
--> Devour Flesh
    Tin Street Market
    Riot Gear
    Verdant Haven
    Keymaster Rogue
    Nav Squad Commandos
    Paranoid Delusions
    Gruul Charm
    Hold the Gates
    Mountain
 
Pack 1 pick 5:
    Scatter Arc
    Structural Collapse
    Angelic Edict
    Armored Transport
    Totally Lost
    Boros Guildgate
    Assault Griffin
--> Grisly Spectacle
    Purge the Profane
    Debtor's Pulpit
    Forest
 
Pack 1 pick 6:
    Way of the Thief
    Spire Tracer
    Assault Griffin
    Adaptive Snapjaw
    Skinbrand Goblin
    Syndicate Enforcer
    Simic Guildgate
--> Kingpin's Pet
    Agoraphobia
    Swamp
 
Pack 1 pick 7:
    Aerial Maneuver
    Disciple of the Old Ways
    Skinbrand Goblin
--> Syndicate Enforcer
    Simic Guildgate
    Ember Beast
    Pit Fight
    Rust Scarab
    Island
 
Pack 1 pick 8:
    Metropolis Sprite
    Millennial Gargoyle
    Shielded Passage
    Riot Gear
    Verdant Haven
    Shambleshark
--> Mindeye Drake
    Forest
 
Pack 1 pick 9:
    Contaminated Ground
    Forced Adaptation
    Simic Guildgate (FOIL)
    Hydroform
    Ruination Wurm
--> Righteous Charge
    Swamp
 
Pack 1 pick 10:
    Gutter Skulk
    Millennial Gargoyle
    Shielded Passage
    Hydroform
--> Mindeye Drake
    Swamp
 
Pack 1 pick 11:
    Last Thoughts
    Structural Collapse (FOIL)
    Bioshift
--> Ooze Flux
    Swamp
 
Pack 1 pick 12:
    Tin Street Market
    Riot Gear
--> Keymaster Rogue
    Mountain
 
Pack 1 pick 13:
--> Scatter Arc
    Structural Collapse
    Forest
 
Pack 1 pick 14:
--> Way of the Thief
    Swamp
 
Pack 1 pick 15:
--> Island
 
------ GTC ------
 
Pack 2 pick 1:
    Massive Raid
    Metropolis Sprite
    Angelic Edict
    Millennial Gargoyle
    Verdant Haven
--> Sage's Row Denizen
    Act of Treason
    Balustrade Spy
    Executioner's Swing
    Bioshift
    Nimbus Swimmer
    Voidwalk
    Ripscale Predator
    Assemble the Legion
    Swamp
 
Pack 2 pick 2:
    Crocanura
    Warmind Infantry
--> Metropolis Sprite
    Midnight Recovery
    Last Thoughts
    Dimir Guildgate
    Naturalize
    Spell Rupture
    Drakewing Krasis
    Martial Glory
    Gruul Keyrune
    Vizkopa Guildmage
    Cinder Elemental
    Plains
 
Pack 2 pick 3:
    Daring Skyjek
    Towering Thunderfist
    Hands of Binding
    Wildwood Rebirth
    Corpse Blockade
    Armored Transport
    Syndicate Enforcer
    Bioshift
--> Grisly Spectacle
    One Thousand Lashes
    Call of the Nightwing
    Thrull Parasite
    Swamp
 
Pack 2 pick 4:
    Crocanura
    Hands of Binding
    Corpse Blockade
    Armored Transport
    Syndicate Enforcer
    Basilica Guards
--> Psychic Strike
    Shattering Blow
    Simic Keyrune
    Cartel Aristocrat
    Voidwalk
    Island
 
Pack 2 pick 5:
    Metropolis Sprite
    Angelic Edict
--> Devour Flesh
    Burst of Strength
    Orzhov Guildgate
    Totally Lost
    Assault Griffin
    Zhur-Taa Swine
    Duskmantle Guildmage
    Boros Elite
    Swamp
 
Pack 2 pick 6:
--> Devour Flesh
    Predator's Rapport
    Dimir Guildgate
    Naturalize
    Slate Street Ruffian
    Ember Beast
    Pit Fight
    Burning-Tree Emissary
    Rapid Hybridization
    Mountain
 
Pack 2 pick 7:
    Greenside Watcher
    Way of the Thief
    Tin Street Market
    Dutiful Thrull
    Razortip Whip (FOIL)
    Boros Guildgate
    Shattering Blow
--> Dimir Charm
    Mountain
 
Pack 2 pick 8:
--> Cloudfin Raptor
    Burst of Strength
    Spell Rupture
    Simic Guildgate
    Paranoid Delusions
    Drakewing Krasis
    Frenzied Tilling
    Forest
 
Pack 2 pick 9:
    Metropolis Sprite
    Millennial Gargoyle
    Verdant Haven
--> Balustrade Spy
    Bioshift
    Voidwalk
    Swamp
 
Pack 2 pick 10:
    Midnight Recovery
    Last Thoughts
--> Dimir Guildgate
    Spell Rupture
    Gruul Keyrune
    Plains
 
Pack 2 pick 11:
    Wildwood Rebirth
    Corpse Blockade
    Bioshift
--> Call of the Nightwing
    Swamp
 
Pack 2 pick 12:
--> Corpse Blockade
    Shattering Blow
    Voidwalk
    Island
 
Pack 2 pick 13:
    Totally Lost
--> Duskmantle Guildmage
    Swamp
 
Pack 2 pick 14:
--> Slate Street Ruffian
    Mountain
 
Pack 2 pick 15:
--> Mountain
 
------ GTC ------
 
Pack 3 pick 1:
    Shadow Alley Denizen
    Scab-Clan Charger
    Leyline Phantom
    Boros Guildgate
    Assault Griffin
    Adaptive Snapjaw
    Skinbrand Goblin
    Syndicate Enforcer
    Bioshift
--> Grisly Spectacle
    Orzhov Keyrune
    Thrull Parasite
    Righteous Charge
    Sepulchral Primordial
    Plains
 
Pack 3 pick 2:
--> Basilica Screecher
    Disciple of the Old Ways
    Massive Raid
    Foundry Street Denizen
    Zarichi Tiger
    Boros Guildgate
    Skygames
    Corpse Blockade
    Skyknight Legionnaire
    Paranoid Delusions
    Frenzied Tilling
    Alpha Authority
    Viashino Shanktail
    Island
 
Pack 3 pick 3:
    Dutiful Thrull
    Towering Thunderfist
--> Basilica Screecher
    Bomber Corps
    Midnight Recovery
    Last Thoughts
    Dimir Guildgate
    Naturalize
    Wojek Halberdiers
    Mortus Strider
    Ordruun Veteran
    Hold the Gates
    Island
 
Pack 3 pick 4:
    Corpse Blockade (FOIL)
    Towering Thunderfist
    Guildscorn Ward
    Clinging Anemones
    Millennial Gargoyle
    Act of Treason
    Primal Visitation
--> Deathcult Rogue
    Urban Evolution
    Firefist Striker
    Hindervines
    Island
 
Pack 3 pick 5:
    Scatter Arc
    Structural Collapse
    Gruul Guildgate
    Court Street Denizen
    Naturalize
    Armored Transport
    Totally Lost
--> Mortus Strider
    Skyknight Legionnaire
    Illness in the Ranks
    Forest
 
Pack 3 pick 6:
    Greenside Watcher
    Way of the Thief
    Tin Street Market
    Forced Adaptation
    Nav Squad Commandos
--> Sage's Row Denizen
    Shambleshark
    Shattering Blow
    Coerced Confession
    Mountain
 
Pack 3 pick 7:
    Gutter Skulk
    Frilled Oculus
    Midnight Recovery
    Foundry Street Denizen
    Zarichi Tiger
    Mortus Strider
    Shambleshark
--> Ætherize
    Swamp
 
Pack 3 pick 8:
    Shadow Slice
    Warmind Infantry
    Scatter Arc
    Death's Approach
--> Sage's Row Denizen
    Serene Remembrance
    Diluvian Primordial
    Plains
 
Pack 3 pick 9:
    Shadow Alley Denizen
    Boros Guildgate
--> Assault Griffin
    Syndicate Enforcer
    Bioshift
    Righteous Charge
    Plains
 
Pack 3 pick 10:
--> Foundry Street Denizen
    Skygames
    Corpse Blockade
    Paranoid Delusions
    Frenzied Tilling
    Island
 
Pack 3 pick 11:
    Towering Thunderfist
    Midnight Recovery
    Last Thoughts
--> Mortus Strider
    Island
 
Pack 3 pick 12:
    Guildscorn Ward
--> Primal Visitation
    Hindervines
    Island
 
Pack 3 pick 13:
--> Scatter Arc
    Structural Collapse
    Forest
 
Pack 3 pick 14:
--> Tin Street Market
    Mountain
 
Pack 3 pick 15:
--> Swamp
 
