Event #: 5143505
Time:    3/9/2013 5:32:21 PM
Players: 
    holz
    Polenta
    585610
--> malthrin
    THXrhys
    mordimer
    TheGiantDwarf
    DBRHerrLich
 
------ GTC ------
 
Pack 1 pick 1:
    Knight Watch
    Gutter Skulk
    Disciple of the Old Ways
    Forced Adaptation
    Keymaster Rogue
    Horror of the Dim
    Guildscorn Ward
    Corpse Blockade (FOIL)
    Hydroform
    Skyknight Legionnaire
    Call of the Nightwing
    Truefire Paladin
    Simic Fluxmage
--> Frontline Medic
    Forest
 
Pack 1 pick 2:
    Dutiful Thrull
--> Cloudfin Raptor
    Predator's Rapport
    Orzhov Guildgate
    Totally Lost
    Assault Griffin
    Skyblinder Staff
    Skinbrand Goblin
    Urbis Protector (FOIL)
    Primal Visitation
    Dinrova Horror
    Boros Charm
    Mental Vapors
    Forest
 
Pack 1 pick 3:
    Massive Raid
    Metropolis Sprite
    Angelic Edict
    Act of Treason
    Riot Gear
    Verdant Haven
    Keymaster Rogue
    Nav Squad Commandos
    Shattering Blow
--> Drakewing Krasis
    Crackling Perimeter
    Skullcrack
    Mountain
 
Pack 1 pick 4:
    Leyline Phantom
    Syndic of Tithes
    Shadow Alley Denizen
    Horror of the Dim
    Ivy Lane Denizen
    Guildscorn Ward
    Clinging Anemones
--> Kingpin's Pet
    Mortus Strider
    Cartel Aristocrat
    Simic Fluxmage
    Plains
 
Pack 1 pick 5:
--> Smite
    Crocanura
    Massive Raid
    Knight Watch
    Furious Resistance
    Riot Gear
    Ivy Lane Denizen
    Shattering Blow
    Deathcult Rogue
    Dinrova Horror
    Swamp
 
Pack 1 pick 6:
    Aerial Maneuver
    Spire Tracer
--> Court Street Denizen
    Wildwood Rebirth
    Dimir Guildgate
    Midnight Recovery
    Shattering Blow
    Voidwalk
    Realmwright
    Plains
 
Pack 1 pick 7:
    Shadow Alley Denizen
    Scab-Clan Charger
    Leyline Phantom
    Clinging Anemones
    Furious Resistance
--> Millennial Gargoyle
    Shielded Passage
    Molten Primordial
    Island
 
Pack 1 pick 8:
    Way of the Thief
    Spire Tracer
    Skyblinder Staff
--> Skinbrand Goblin
    Gruul Guildgate
    Primal Visitation
    Illness in the Ranks
    Mountain
 
Pack 1 pick 9:
    Knight Watch
--> Gutter Skulk
    Forced Adaptation
    Keymaster Rogue
    Horror of the Dim
    Guildscorn Ward
    Forest
 
Pack 1 pick 10:
    Predator's Rapport
--> Assault Griffin
    Skyblinder Staff
    Primal Visitation
    Mental Vapors
    Forest
 
Pack 1 pick 11:
    Riot Gear
    Shattering Blow
    Crackling Perimeter
--> Skullcrack
    Mountain
 
Pack 1 pick 12:
--> Shadow Alley Denizen
    Horror of the Dim
    Mortus Strider
    Plains
 
Pack 1 pick 13:
--> Riot Gear
    Shattering Blow
    Swamp
 
Pack 1 pick 14:
--> Shattering Blow
    Plains
 
Pack 1 pick 15:
--> Island
 
------ GTC ------
 
Pack 2 pick 1:
    Scab-Clan Charger
--> Daring Skyjek
    Towering Thunderfist
    Hands of Binding
    Greenside Watcher
    Bomber Corps
    Midnight Recovery
    Last Thoughts
    Ruination Wurm
    Beckon Apparition
    Dimir Charm
    Murder Investigation
    Cinder Elemental
    Thespian's Stage
    Mountain
 
Pack 2 pick 2:
    Cloudfin Raptor
    Aerial Maneuver
    Spire Tracer
    Corpse Blockade
    Armored Transport
--> Syndicate Enforcer
    Burst of Strength
    Basilica Guards
    Zhur-Taa Swine
    Mortus Strider
    Rust Scarab
    Simic Keyrune
    Alpha Authority
    Plains
 
Pack 2 pick 3:
    Frilled Oculus
--> Shadow Slice
    Slaughterhorn
    Clinging Anemones
    Horror of the Dim
    Shielded Passage
    Razortip Whip
    Ruination Wurm
    Shattering Blow
    Gruul Keyrune
    Dying Wish
    Hindervines
    Swamp
 
Pack 2 pick 4:
    Massive Raid
--> Knight Watch
    Contaminated Ground
    Ruination Wurm (FOIL)
    Nav Squad Commandos
    Sage's Row Denizen
    Razortip Whip
    Madcap Skills
    Paranoid Delusions
    Fortress Cyclops
    Smog Elemental
    Mountain
 
Pack 2 pick 5:
    Predator's Rapport
    Scorchwalker
    Ember Beast
    Skygames
    Zarichi Tiger (FOIL)
    Orzhov Guildgate
    Purge the Profane
    Ruination Wurm
--> Boros Elite
    Gruul Ragebeast
    Forest
 
Pack 2 pick 6:
    Warmind Infantry
    Metropolis Sprite
--> Smite
    Skinbrand Goblin
    Syndicate Enforcer
    Ember Beast
    Executioner's Swing
    Bioshift
    Ripscale Predator
    Island
 
Pack 2 pick 7:
    Shadow Slice
    Slaughterhorn
    Last Thoughts
    Gruul Guildgate
    Naturalize
--> Armored Transport
    Wasteland Viper
    Ooze Flux
    Island
 
Pack 2 pick 8:
    Massive Raid
    Foundry Street Denizen
--> Zarichi Tiger
    Skygames
    Paranoid Delusions
    Frenzied Tilling
    Whispering Madness
    Swamp
 
Pack 2 pick 9:
    Scab-Clan Charger
--> Midnight Recovery
    Last Thoughts
    Ruination Wurm
    Murder Investigation
    Thespian's Stage
    Mountain
 
Pack 2 pick 10:
--> Corpse Blockade
    Burst of Strength
    Mortus Strider
    Simic Keyrune
    Alpha Authority
    Plains
 
Pack 2 pick 11:
    Clinging Anemones
--> Razortip Whip
    Shattering Blow
    Hindervines
    Swamp
 
Pack 2 pick 12:
    Massive Raid
--> Razortip Whip
    Paranoid Delusions
    Mountain
 
Pack 2 pick 13:
--> Predator's Rapport
    Skygames
    Forest
 
Pack 2 pick 14:
--> Bioshift
    Island
 
Pack 2 pick 15:
--> Naturalize
 
------ GTC ------
 
Pack 3 pick 1:
    Massive Raid
    Metropolis Sprite
    Angelic Edict
    Horror of the Dim
    Guildscorn Ward
    Razortip Whip
    Clinging Anemones
    Furious Resistance
    Martial Glory
--> Grisly Spectacle
    Burning-Tree Emissary
    Hellraiser Goblin
    Knight of Obligation
    Biovisionary
    Mountain
 
Pack 3 pick 2:
    Crocanura
    Hands of Binding
    Massive Raid
    Gruul Guildgate
    Wildwood Rebirth
    Foundry Street Denizen
    Corpse Blockade
    Armored Transport
    Skyknight Legionnaire
    Paranoid Delusions
    Elusive Krasis
    Undercity Informer
--> Angelic Skirmisher
    Swamp
 
Pack 3 pick 3:
    Way of the Thief
    Tin Street Market
    Wildwood Rebirth
    Dimir Guildgate
--> Prophetic Prism
    Midnight Recovery
    Foundry Street Denizen
    Drakewing Krasis
    Pit Fight
    Nimbus Swimmer
    Ripscale Predator
    Glaring Spotlight
    Forest
 
Pack 3 pick 4:
    Shadow Slice
    Millennial Gargoyle (FOIL)
    Ivy Lane Denizen
    Guildscorn Ward
    Clinging Anemones
    Millennial Gargoyle
    Act of Treason
    Skyknight Legionnaire
    Bioshift
--> Cartel Aristocrat
    Holy Mantle
    Island
 
Pack 3 pick 5:
    Shadow Slice
    Slaughterhorn
--> Dutiful Thrull
    Sage's Row Denizen
    Razortip Whip
    Death's Approach
    Balustrade Spy
    Ruination Wurm
    Paranoid Delusions
    Diluvian Primordial
    Swamp
 
Pack 3 pick 6:
    Island (FOIL)
    Way of the Thief
    Prophetic Prism
    Midnight Recovery
    Zarichi Tiger
    Boros Guildgate
    Hydroform
    Homing Lightning
--> Debtor's Pulpit
    Mountain
 
Pack 3 pick 7:
    Towering Thunderfist
    Greenside Watcher
    Tin Street Market
    Gruul Guildgate
    Wildwood Rebirth
    Foundry Street Denizen
    Beckon Apparition
--> Blind Obedience
    Forest
 
Pack 3 pick 8:
    Knight Watch
    Furious Resistance
    Riot Gear
    Clinging Anemones
    Executioner's Swing
--> Cartel Aristocrat
    Voidwalk
    Forest
 
Pack 3 pick 9:
--> Massive Raid
    Horror of the Dim
    Guildscorn Ward
    Razortip Whip
    Furious Resistance
    Biovisionary
    Mountain
 
Pack 3 pick 10:
--> Massive Raid
    Gruul Guildgate
    Wildwood Rebirth
    Corpse Blockade
    Paranoid Delusions
    Swamp
 
Pack 3 pick 11:
    Tin Street Market
    Wildwood Rebirth
    Midnight Recovery
--> Foundry Street Denizen
    Forest
 
Pack 3 pick 12:
--> Shadow Slice
    Guildscorn Ward
    Bioshift
    Island
 
Pack 3 pick 13:
    Razortip Whip
--> Paranoid Delusions
    Swamp
 
Pack 3 pick 14:
--> Island (FOIL)
    Mountain
 
Pack 3 pick 15:
--> Forest
 
