Event #: 5144754
Time:    3/9/2013 10:12:31 PM
Players: 
    Robthaham
    Rocker332
    kingofNEKO
    ZeeSeeS
--> malthrin
    spitfyuh
    Georen
    Cacao
 
------ GTC ------
 
Pack 1 pick 1:
    Shadow Slice
--> Slaughterhorn
    Dutiful Thrull
    Shielded Passage
    Act of Treason
    Riot Gear
    Verdant Haven
    Keymaster Rogue
    Mortus Strider
    Ruination Wurm
    Urban Evolution
    Debtor's Pulpit
    Voidwalk
    Molten Primordial
    Plains
 
Pack 1 pick 2:
--> Syndic of Tithes
    Shadow Alley Denizen
    Crocanura
    Riot Gear
    Ivy Lane Denizen
    Clinging Anemones
    Horror of the Dim
    Shielded Passage
    Deathcult Rogue
    Hydroform
    Orzhov Charm
    Murder Investigation
    Hindervines
    Mountain
 
Pack 1 pick 3:
    Slaughterhorn
    Dutiful Thrull
    Towering Thunderfist
--> Basilica Screecher
    Skyblinder Staff
    Nav Squad Commandos
    Verdant Haven
    Horror of the Dim
    Deathcult Rogue
    Martial Glory
    Wasteland Viper
    Crypt Ghast
    Plains
 
Pack 1 pick 4:
    Warmind Infantry
    Metropolis Sprite
--> Smite
    Spell Rupture
    Simic Guildgate
    Zarichi Tiger
    Ruination Wurm
    Shattering Blow
    Coerced Confession
    Simic Fluxmage
    Undercity Informer
    Forest
 
Pack 1 pick 5:
    Warmind Infantry
    Scatter Arc
--> Smite
    Prophetic Prism
    Totally Lost
    Assault Griffin
    Skyblinder Staff
    Martial Glory
    Rust Scarab
    Ætherize
    Plains
 
Pack 1 pick 6:
    Aerial Maneuver
    Act of Treason
    Forced Adaptation
    Sage's Row Denizen
    Razortip Whip
    Simic Charm
    Tower Defense
--> Debtor's Pulpit
    Diluvian Primordial
    Forest
 
Pack 1 pick 7:
    Aerial Maneuver
    Spire Tracer
--> Shadow Slice
    Riot Gear
    Horror of the Dim
    Guildscorn Ward
    Bioshift
    Incursion Specialist
    Forest
 
Pack 1 pick 8:
    Towering Thunderfist
    Hands of Binding
    Corpse Blockade
--> Armored Transport
    Hydroform
    Dimir Charm
    Thespian's Stage
    Island
 
Pack 1 pick 9:
--> Shielded Passage
    Act of Treason
    Riot Gear
    Mortus Strider
    Debtor's Pulpit
    Voidwalk
    Plains
 
Pack 1 pick 10:
    Clinging Anemones
--> Horror of the Dim
    Hydroform
    Murder Investigation
    Hindervines
    Mountain
 
Pack 1 pick 11:
    Skyblinder Staff
--> Nav Squad Commandos
    Horror of the Dim
    Martial Glory
    Plains
 
Pack 1 pick 12:
--> Zarichi Tiger
    Shattering Blow
    Coerced Confession
    Forest
 
Pack 1 pick 13:
    Scatter Arc
--> Skyblinder Staff
    Plains
 
Pack 1 pick 14:
--> Razortip Whip
    Forest
 
Pack 1 pick 15:
--> Forest
 
------ GTC ------
 
Pack 2 pick 1:
    Warmind Infantry
    Metropolis Sprite
--> Smite
    Slaughterhorn
    Structural Collapse
    Dimir Guildgate
    Naturalize
    Spell Rupture
    Martial Glory
    Psychic Strike
    Skarrg Guildmage
    Vizkopa Confessor
    Gateway Shade
    Mind Grind
    Forest
 
Pack 2 pick 2:
    Dutiful Thrull
    Cloudfin Raptor
    Predator's Rapport
    Syndicate Enforcer
    Simic Guildgate
    Basilica Guards
    Ember Beast
    Hydroform
--> Grisly Spectacle
    Gruul Charm
    Hindervines
    Cinder Elemental
    Biovisionary
    Mountain
 
Pack 2 pick 3:
--> Daring Skyjek
    Towering Thunderfist
    Syndicate Enforcer
    Burst of Strength
    Basilica Guards
    Spell Rupture
    Simic Guildgate
    Hydroform
    Vizkopa Guildmage
    Coerced Confession
    Dying Wish
    Five-Alarm Fire
    Island
 
Pack 2 pick 4:
    Contaminated Ground
    Greenside Watcher
    Way of the Thief
    Furious Resistance
    Riot Gear
    Ivy Lane Denizen
    Clinging Anemones
    Horror of the Dim
    Primal Visitation
--> Boros Keyrune
    Molten Primordial
    Island
 
Pack 2 pick 5:
    Massive Raid
--> Angelic Edict
    Clinging Anemones
    Millennial Gargoyle
    Act of Treason
    Forced Adaptation
    Mugging
    Sapphire Drake
    Wasteland Viper
    Biomass Mutation
    Island
 
Pack 2 pick 6:
    Shadow Alley Denizen
    Spell Rupture
--> Slate Street Ruffian
    Ember Beast
    Gruul Guildgate
    Wildwood Rebirth
    Purge the Profane
    Shambleshark
    Boros Charm
    Forest
 
Pack 2 pick 7:
    Shadow Alley Denizen
    Nav Squad Commandos
    Sage's Row Denizen
    Razortip Whip
--> Death's Approach
    Mystic Genesis (FOIL)
    Simic Charm
    Mindeye Drake
    Mountain
 
Pack 2 pick 8:
    Boros Guildgate
    Adaptive Snapjaw
    Skinbrand Goblin
--> Syndicate Enforcer
    Bioshift
    Boros Charm
    Mark for Death
    Forest
 
Pack 2 pick 9:
    Metropolis Sprite
    Structural Collapse
    Naturalize
    Martial Glory
    Psychic Strike
--> Gateway Shade
    Forest
 
Pack 2 pick 10:
--> Dutiful Thrull
    Predator's Rapport
    Hydroform
    Hindervines
    Biovisionary
    Mountain
 
Pack 2 pick 11:
    Towering Thunderfist
    Hydroform
    Coerced Confession
--> Dying Wish
    Island
 
Pack 2 pick 12:
    Clinging Anemones
--> Horror of the Dim
    Primal Visitation
    Island
 
Pack 2 pick 13:
--> Millennial Gargoyle
    Act of Treason
    Island
 
Pack 2 pick 14:
--> Purge the Profane
    Forest
 
Pack 2 pick 15:
--> Mountain
 
------ GTC ------
 
Pack 3 pick 1:
    Slaughterhorn
    Dutiful Thrull
    Towering Thunderfist
    Millennial Gargoyle
    Verdant Haven
    Sage's Row Denizen
    Act of Treason
    Balustrade Spy
    Pit Fight
    Psychic Strike
    Homing Lightning
    Alpha Authority
    Sapphire Drake
--> Foundry Champion
    Plains
 
Pack 3 pick 2:
    Slaughterhorn
--> Dutiful Thrull
    Towering Thunderfist
    Keymaster Rogue
    Horror of the Dim
    Guildscorn Ward
    Razortip Whip
    Mugging (FOIL)
    Skyknight Legionnaire
    Beckon Apparition
    Illness in the Ranks
    Boros Elite
    Simic Manipulator
    Plains
 
Pack 3 pick 3:
    Structural Collapse
    Gutter Skulk
    Frilled Oculus
    Guildscorn Ward
    Furious Resistance
    Riot Gear
    Ivy Lane Denizen
    Paranoid Delusions
    Wojek Halberdiers
    Orzhov Keyrune
--> Wight of Precinct Six
    Illusionist's Bracers
    Plains
 
Pack 3 pick 4:
    Knight Watch
    Gutter Skulk
    Furious Resistance
    Forced Adaptation
    Millennial Gargoyle
    Shielded Passage
    Act of Treason
    Shattering Blow
    Boros Keyrune
--> Undercity Informer
    Unexpected Results
    Swamp
 
Pack 3 pick 5:
    Spire Tracer
--> Shadow Slice
    Keymaster Rogue
    Millennial Gargoyle
    Verdant Haven
    Sage's Row Denizen
    Shambleshark
    Beckon Apparition
    Mental Vapors
    Biovisionary
    Forest
 
Pack 3 pick 6:
    Frilled Oculus
    Shadow Slice
    Skyblinder Staff
    Last Thoughts
    Gruul Guildgate
--> Court Street Denizen
    Drakewing Krasis
    Simic Keyrune
    Mark for Death
    Forest
 
Pack 3 pick 7:
    Towering Thunderfist
    Death's Approach
--> Balustrade Spy
    Guildscorn Ward
    Bioshift
    Wojek Halberdiers
    Mindeye Drake
    Undercity Informer
    Swamp
 
Pack 3 pick 8:
    Scatter Arc
    Structural Collapse
    Skinbrand Goblin
--> Syndicate Enforcer
    Mortus Strider
    Righteous Charge
    Thespian's Stage
    Mountain
 
Pack 3 pick 9:
    Towering Thunderfist
    Millennial Gargoyle
    Verdant Haven
    Act of Treason
    Psychic Strike
--> Sapphire Drake
    Plains
 
Pack 3 pick 10:
    Towering Thunderfist
--> Keymaster Rogue
    Horror of the Dim
    Guildscorn Ward
    Razortip Whip
    Plains
 
Pack 3 pick 11:
    Structural Collapse
    Guildscorn Ward
    Furious Resistance
--> Riot Gear
    Plains
 
Pack 3 pick 12:
    Furious Resistance
--> Millennial Gargoyle
    Shattering Blow
    Swamp
 
Pack 3 pick 13:
--> Keymaster Rogue
    Mental Vapors
    Forest
 
Pack 3 pick 14:
--> Skyblinder Staff
    Forest
 
Pack 3 pick 15:
--> Swamp
 
