Event #: 5160718
Time:    3/12/2013 9:46:18 PM
Players: 
    Thorazine
    msyymgt
--> malthrin
    larochelle
    MrLight
    paulenj68
    SpigFinity
    Toodles1313
 
------ GTC ------
 
Pack 1 pick 1:
    Scab-Clan Charger
--> Daring Skyjek
    Towering Thunderfist
    Simic Guildgate
    Zarichi Tiger
    Bomber Corps
    Court Street Denizen
    Wildwood Rebirth
    Ruination Wurm
    Paranoid Delusions
    Bane Alley Broker
    Fortress Cyclops
    Dying Wish
    Watery Grave
    Forest
 
Pack 1 pick 2:
    Scab-Clan Charger
--> Daring Skyjek
    Towering Thunderfist
    Wildwood Rebirth
    Foundry Street Denizen
    Metropolis Sprite (FOIL)
    Armored Transport
    Syndicate Enforcer
    Shambleshark
    Shattering Blow
    Call of the Nightwing
    Illness in the Ranks
    Rubblehulk
    Forest
 
Pack 1 pick 3:
    Basilica Screecher
    Way of the Thief
    Spire Tracer
    Skinbrand Goblin
    Last Thoughts
    Gruul Guildgate
    Court Street Denizen
    Naturalize
--> Kingpin's Pet
    Elusive Krasis
    Sapphire Drake
    Stolen Identity
    Forest
 
Pack 1 pick 4:
    Angelic Edict
    Shadow Alley Denizen
    Verdant Haven
    Sage's Row Denizen
    Gutter Skulk (FOIL)
--> Balustrade Spy
    Shielded Passage
    Ruination Wurm
    Paranoid Delusions
    Crackling Perimeter
    Dying Wish
    Swamp
 
Pack 1 pick 5:
    Contaminated Ground
    Greenside Watcher
    Way of the Thief
    Guildscorn Ward
    Furious Resistance
    Riot Gear
    Clinging Anemones
    Beckon Apparition
--> Dimir Keyrune
    Skullcrack
    Forest
 
Pack 1 pick 6:
    Tin Street Market
    Aerial Maneuver
    Spire Tracer
    Burst of Strength
    Spell Rupture
    Simic Guildgate
--> Executioner's Swing
    Bioshift
    Miming Slime
    Island
 
Pack 1 pick 7:
    Shadow Slice
    Court Street Denizen
    Naturalize
    Armored Transport
    Totally Lost
    Boros Guildgate
--> Gift of Orzhova
    Ætherize
    Swamp
 
Pack 1 pick 8:
    Shadow Alley Denizen
    Nav Squad Commandos
    Bioshift (FOIL)
--> Death's Approach
    Psychic Strike
    Bioshift
    Sylvan Primordial
    Island
 
Pack 1 pick 9:
    Towering Thunderfist
    Simic Guildgate
    Wildwood Rebirth
    Paranoid Delusions
--> Fortress Cyclops
    Dying Wish
    Forest
 
Pack 1 pick 10:
    Towering Thunderfist
    Wildwood Rebirth
    Metropolis Sprite (FOIL)
    Shattering Blow
--> Illness in the Ranks
    Forest
 
Pack 1 pick 11:
    Way of the Thief
    Last Thoughts
    Gruul Guildgate
--> Naturalize
    Forest
 
Pack 1 pick 12:
--> Shadow Alley Denizen
    Crackling Perimeter
    Dying Wish
    Swamp
 
Pack 1 pick 13:
    Guildscorn Ward
--> Riot Gear
    Forest
 
Pack 1 pick 14:
--> Tin Street Market
    Island
 
Pack 1 pick 15:
--> Swamp
 
------ GTC ------
 
Pack 2 pick 1:
    Scorchwalker
    Leyline Phantom
--> Syndic of Tithes
    Adaptive Snapjaw
    Bomber Corps
    Midnight Recovery
    Last Thoughts
    Dimir Guildgate
    Mugging
    Purge the Profane
    Gruul Keyrune
    Skullcrack
    Hellraiser Goblin
    Thespian's Stage
    Plains
 
Pack 2 pick 2:
    Disciple of the Old Ways
    Scatter Arc
    Structural Collapse
    Angelic Edict
    Shadow Alley Denizen
    Horror of the Dim
    Guildscorn Ward
    Razortip Whip
    Hydroform
    Ruination Wurm
    Boros Keyrune
--> Orzhov Charm
    Murder Investigation
    Island
 
Pack 2 pick 3:
    Hands of Binding
    Greenside Watcher
    Devour Flesh
    Madcap Skills
    Ivy Lane Denizen
    Guildscorn Ward
    Clinging Anemones
    Millennial Gargoyle
--> Deathcult Rogue
    Dimir Keyrune
    Serene Remembrance
    Mark for Death
    Plains
 
Pack 2 pick 4:
    Hands of Binding
    Massive Raid
    Knight Watch
--> Prophetic Prism
    Orzhov Guildgate
    Totally Lost
    Martial Glory
    Shambleshark
    Dimir Charm
    Righteous Charge
    Five-Alarm Fire
    Mountain
 
Pack 2 pick 5:
    Hands of Binding
    Greenside Watcher
    Devour Flesh
    Sage's Row Denizen
    Razortip Whip
    Madcap Skills
--> Death's Approach
    Wojek Halberdiers
    Hydroform
    Hellraiser Goblin
    Plains
 
Pack 2 pick 6:
    Greenside Watcher
    Way of the Thief
    Forced Adaptation
--> Nav Squad Commandos
    Sage's Row Denizen
    Razortip Whip
    Martial Glory
    Fortress Cyclops
    Hold the Gates
    Forest
 
Pack 2 pick 7:
    Massive Raid
    Wildwood Rebirth
    Dimir Guildgate
    Prophetic Prism
    Midnight Recovery
    Foundry Street Denizen
    Ruination Wurm
--> Dimir Charm
    Mountain
 
Pack 2 pick 8:
--> Shadow Slice
    Orzhov Guildgate
    Totally Lost
    Skyblinder Staff
    Paranoid Delusions
    Tower Defense
    Realmwright
    Swamp
 
Pack 2 pick 9:
--> Midnight Recovery
    Last Thoughts
    Gruul Keyrune
    Skullcrack
    Hellraiser Goblin
    Thespian's Stage
    Plains
 
Pack 2 pick 10:
    Scatter Arc
    Structural Collapse
--> Horror of the Dim
    Guildscorn Ward
    Razortip Whip
    Island
 
Pack 2 pick 11:
--> Greenside Watcher
    Clinging Anemones
    Serene Remembrance
    Mark for Death
    Plains
 
Pack 2 pick 12:
--> Hands of Binding
    Martial Glory
    Five-Alarm Fire
    Mountain
 
Pack 2 pick 13:
--> Razortip Whip
    Hydroform
    Plains
 
Pack 2 pick 14:
--> Razortip Whip
    Forest
 
Pack 2 pick 15:
--> Mountain
 
------ GTC ------
 
Pack 3 pick 1:
    Crocanura
    Warmind Infantry
    Metropolis Sprite
    Smite
    Slaughterhorn
    Shielded Passage
    Act of Treason
    Riot Gear
    Zhur-Taa Swine
    Mortus Strider
    Boros Keyrune
    Mindeye Drake
--> Guardian of the Gateless
    Spark Trooper
    Swamp
 
Pack 3 pick 2:
--> Syndic of Tithes
    Knight Watch
    Gutter Skulk
    Razortip Whip
    Furious Resistance
    Keymaster Rogue
    Death's Approach
    Millennial Gargoyle
    Psychic Strike
    Shattering Blow
    Ordruun Veteran
    Simic Charm
    Biovisionary
    Plains
 
Pack 3 pick 3:
    Predator's Rapport
    Contaminated Ground
    Scorchwalker
    Madcap Skills
    Death's Approach
    Balustrade Spy
    Guildscorn Ward
    Furious Resistance
--> Kingpin's Pet
    Hydroform
    Orzhov Keyrune
    Mental Vapors
    Island
 
Pack 3 pick 4:
    Structural Collapse
    Gutter Skulk
    Scab-Clan Charger
    Verdant Haven
    Keymaster Rogue
    Nav Squad Commandos
    Island (FOIL)
    Bioshift
    Viashino Shanktail
--> Wight of Precinct Six
    Crypt Ghast
    Mountain
 
Pack 3 pick 5:
    Structural Collapse
    Gutter Skulk
    Frilled Oculus
    Scab-Clan Charger
    Slate Street Ruffian
    Orzhov Guildgate
    Swamp (FOIL)
    Primal Visitation
--> Kingpin's Pet
    Bane Alley Broker
    Mountain
 
Pack 3 pick 6:
    Smite
    Hands of Binding
    Ivy Lane Denizen
    Sage's Row Denizen
    Skyblinder Staff
    Nav Squad Commandos
    Beckon Apparition
--> Gift of Orzhova
    Incursion Specialist
    Swamp
 
Pack 3 pick 7:
--> Massive Raid
    Contaminated Ground
    Burst of Strength
    Spell Rupture
    Simic Guildgate
    Hydroform
    Illness in the Ranks
    Thespian's Stage
    Mountain
 
Pack 3 pick 8:
    Shadow Alley Denizen
    Horror of the Dim
--> Shielded Passage
    Razortip Whip
    Keymaster Rogue
    Shattering Blow
    Hold the Gates
    Swamp
 
Pack 3 pick 9:
    Warmind Infantry
    Shielded Passage
    Riot Gear
    Zhur-Taa Swine
    Mortus Strider
--> Mindeye Drake
    Swamp
 
Pack 3 pick 10:
--> Knight Watch
    Razortip Whip
    Furious Resistance
    Psychic Strike
    Shattering Blow
    Plains
 
Pack 3 pick 11:
--> Predator's Rapport
    Contaminated Ground
    Guildscorn Ward
    Hydroform
    Island
 
Pack 3 pick 12:
    Verdant Haven
--> Keymaster Rogue
    Bioshift
    Mountain
 
Pack 3 pick 13:
    Structural Collapse
--> Primal Visitation
    Mountain
 
Pack 3 pick 14:
--> Skyblinder Staff
    Swamp
 
Pack 3 pick 15:
--> Mountain
 
