Event #: 5162420
Time:    3/13/2013 6:31:32 PM
Players: 
    ChrisBoozer
    Failbot
    Teprok
--> tsunamishadow
    RhinoBat
    blazers1977
    Quazy
    Ceracha
 
------ NPH ------
 
Pack 1 pick 1:
    Treachery
    Force Spike
    Seething Song
    Char
    Grand Arbiter Augustin IV
    Wake Thrasher
    Plated Geopede
    Terastodon
    Consuming Vapors
--> Karn Liberated
    Orzhov Basilica
    Stormblood Berserker
    Karakas
    Terminus
    Winter Orb
 
Pack 1 pick 2:
    Natural Order
    Shadowmage Infiltrator
--> Sword of Light and Shadow
    Breeding Pool
    Ancestral Vision
    Stillmoon Cavalier
    Loam Lion
    Venser, the Sojourner
    Phyrexian Revoker
    Blade Splicer
    Chandra, the Firebrand
    Liliana of the Veil
    Gloom Surgeon
    Niv-Mizzet, Dracogenius
 
Pack 1 pick 3:
    Living Death
    Weathered Wayfarer
    Crucible of Worlds
    Rude Awakening
    Rift Bolt
    Careful Consideration
    Tarmogoyf
    Adarkar Wastes
    Emeria Angel
    Call of the Herd
--> Flametongue Kavu
    Birds of Paradise
    Control Magic
 
Pack 1 pick 4:
    Exploration
    Kami of Ancient Law
    Remand
    Electrolyze
    Riftwing Cloudskate
    Flickerwisp
    Demonic Tutor
    Pristine Talisman
    Gruul Turf
--> Sylvan Library
    Flinthoof Boar
    Mana Crypt
 
Pack 1 pick 5:
    Mirror Entity
    Shriekmaw
--> Firespout
    Into the Roil
    Goblin Ruinblaster
    Emrakul, the Aeons Torn
    Vengevine
    Obstinate Baloth
    Jackal Pup
    Devil's Play
    Fyndhorn Elves
 
Pack 1 pick 6:
    Disenchant
    Sneak Attack
    Fire/Ice
    Bonesplitter
    Angel of Despair
    Oona's Prowler
    Agony Warp
    Vindicate
--> Guul Draz Assassin
    Orzhov Signet
 
Pack 1 pick 7:
    Rout
    Watery Grave
    Mogg War Marshal
    Tidehollow Sculler
    Hypnotic Specter
    Kargan Dragonlord
    Badlands
    Stunted Growth
--> Golgari Signet
 
Pack 1 pick 8:
    Okiba-Gang Shinobi
    Phyrexian Arena
    Indrik Stomphowler
    Brushland
    Figure of Destiny
    Chain Lightning
    Thalia, Guardian of Thraben
--> Vraska the Unseen
 
Pack 1 pick 9:
    Force Spike
    Seething Song
    Wake Thrasher
    Plated Geopede
--> Consuming Vapors
    Stormblood Berserker
    Karakas
 
Pack 1 pick 10:
    Shadowmage Infiltrator
    Loam Lion
    Phyrexian Revoker
    Blade Splicer
    Chandra, the Firebrand
--> Gloom Surgeon
 
Pack 1 pick 11:
    Living Death
    Weathered Wayfarer
    Crucible of Worlds
    Rude Awakening
--> Rift Bolt
 
Pack 1 pick 12:
    Exploration
    Riftwing Cloudskate
    Pristine Talisman
--> Gruul Turf
 
Pack 1 pick 13:
    Goblin Ruinblaster
--> Obstinate Baloth
    Jackal Pup
 
Pack 1 pick 14:
    Disenchant
--> Oona's Prowler
 
Pack 1 pick 15:
--> Hypnotic Specter
 
------ MBS ------
 
Pack 2 pick 1:
    Intuition
    Upheaval
    Polluted Delta
    Wooded Foothills
    Momentary Blink
    Windbrisk Heights
    Smash to Smithereens
    Knight of the Reliquary
    Lotus Cobra
    Verdant Catacombs
    Nevinyrral's Disk
    Precursor Golem
--> Phyrexian Rager
    Gideon's Lawkeeper
    Nearheath Pilgrim
 
Pack 2 pick 2:
    Ravenous Baboons
    Entomb
    Mind's Desire
    Molten Rain
    Epochrasite
    Thoughtseize
    Serendib Efreet
    Edric, Spymaster of Trest
    Izzet Boilerworks
    Rakdos Carnarium
    Oblivion Ring
    Inferno Titan
--> Wolfir Silverheart
    Griselbrand
 
Pack 2 pick 3:
    Voidmage Prodigy
    Bloodstained Mire
    Sensei's Divining Top
    Ohran Viper
--> Damnation
    Mind Stone
    Paladin en-Vec
    Cloudgoat Ranger
    Qasali Pridemage
    Oust
    Sword of War and Peace
    Incinerate
    Grim Lavamancer
 
Pack 2 pick 4:
    Glorious Anthem
    Graveborn Muse
    Mirari's Wake
    Vampire Nighthawk
    Genesis Wave
    Scavenging Ooze
    Day of Judgment
    Gravecrawler
    Basalt Monolith
    Tropical Island
    Old Man of the Sea
--> Bonfire of the Damned
 
Pack 2 pick 5:
    Catastrophe
    Memory Jar
    Pernicious Deed
    Nezumi Shortfang
    Looter il-Kor
    Llanowar Wastes
    Joraga Treespeaker
    Savannah
    Lightning Mauler
    Knight of Glory
--> Thragtusk
 
Pack 2 pick 6:
    Thunderscape Battlemage
--> Dark Confidant
    Battlefield Forge
    Wickerbough Elder
    Cold-Eyed Selkie
    Burning of Xinye
    Molten-Tail Masticore
    Elite Vanguard
    Kird Ape
    Avacyn's Pilgrim
 
Pack 2 pick 7:
    Firestorm
--> Bone Shredder
    Masticore
    Void
    Simic Sky Swallower
    Ancient Grudge
    Ethersworn Canonist
    Dark Ritual
    Diregraf Ghoul
 
Pack 2 pick 8:
--> Reanimate
    Turnabout
    Headhunter
    All Suns' Dawn
    Manriki-Gusari
    Lightning Helix
    Fireblast
    Mishra's Workshop
 
Pack 2 pick 9:
    Windbrisk Heights
    Knight of the Reliquary
--> Lotus Cobra
    Verdant Catacombs
    Precursor Golem
    Gideon's Lawkeeper
    Nearheath Pilgrim
 
Pack 2 pick 10:
    Ravenous Baboons
    Entomb
    Molten Rain
    Epochrasite
    Thoughtseize
--> Rakdos Carnarium
 
Pack 2 pick 11:
    Voidmage Prodigy
--> Mind Stone
    Paladin en-Vec
    Qasali Pridemage
    Incinerate
 
Pack 2 pick 12:
    Genesis Wave
--> Day of Judgment
    Gravecrawler
    Old Man of the Sea
 
Pack 2 pick 13:
--> Nezumi Shortfang
    Llanowar Wastes
    Lightning Mauler
 
Pack 2 pick 14:
--> Thunderscape Battlemage
    Molten-Tail Masticore
 
Pack 2 pick 15:
--> Firestorm
 
------ TSP ------
 
Pack 3 pick 1:
    Sarcomancy
    Avalanche Riders
    Willbender
    Plow Under
    Vedalken Shackles
--> Lotus Bloom
    Vesuvan Shapeshifter
    Sulfurous Springs
    Reveillark
    Scalding Tarn
    All Is Dust
    Sun Titan
    Chaos Warp
    Lingering Souls
    Supreme Verdict
 
Pack 3 pick 2:
    Corpse Dance
    Opposition
    Restock
    Sacred Foundry
    Mulldrifter
    Shelldock Isle
    Ranger of Eos
    Earthquake
    Necropotence
--> Skinrender
    Bloodgift Demon
    Faithless Looting
    Dreg Mangler
    Simic Signet
 
Pack 3 pick 3:
    Stomping Ground
    Tin Street Hooligan
    Slaughter Pact
    Tattermunge Maniac
    Path to Exile
    Akroma, Angel of Wrath
    Wall of Omens
    Ratchet Bomb
    Dimir Aqueduct
    Golgari Rot Farm
    Survival of the Fittest
    Zealous Conscripts
--> Mox Jet
 
Pack 3 pick 4:
    Exhume
    Ravages of War
--> Broodmate Dragon
    Tendrils of Agony
    Land Tax
    Arc Trail
    Tezzeret, Agent of Bolas
    Phyrexian Obliterator
    Naturalize
    Animate Dead
    Hellrider
    Lake of the Dead
 
Pack 3 pick 5:
    Mox Diamond
    Magma Jet
    Savannah Lions
    Empty the Warrens
    Taurean Mauler
    Inkwell Leviathan
--> Yavimaya Elder
    Chandra Nalaar
    Dismember
    Delver of Secrets
    Overgrown Tomb
 
Pack 3 pick 6:
    Mystical Tutor
    Firebolt
    Nezumi Graverobber
    Keldon Marauders
    Caves of Koilos
    Wild Nacatl
--> Urabrask the Hidden
    Birthing Pod
    Izzet Charm
    Dreadbore
 
Pack 3 pick 7:
    Memory Lapse
    Parallax Wave
    Razormane Masticore
    Plague Sliver
    Ember Hauler
    Koth of the Hammer
--> Go for the Throat
    Azorius Chancery
    Boros Signet
 
Pack 3 pick 8:
    Worn Powerstone
    Putrid Imp
    Gifts Ungiven
    Trygon Predator
    Mana Tithe
    Acidic Slime
--> Garruk, Primal Hunter
    Brimstone Volley
 
Pack 3 pick 9:
    Sarcomancy
    Avalanche Riders
    Vedalken Shackles
    Vesuvan Shapeshifter
--> Sulfurous Springs
    Reveillark
    Chaos Warp
 
Pack 3 pick 10:
    Restock
    Sacred Foundry
    Ranger of Eos
    Earthquake
    Necropotence
--> Dreg Mangler
 
Pack 3 pick 11:
    Tin Street Hooligan
    Slaughter Pact
    Tattermunge Maniac
    Ratchet Bomb
--> Golgari Rot Farm
 
Pack 3 pick 12:
    Tendrils of Agony
    Land Tax
    Arc Trail
--> Lake of the Dead
 
Pack 3 pick 13:
    Empty the Warrens
    Chandra Nalaar
--> Overgrown Tomb
 
Pack 3 pick 14:
    Nezumi Graverobber
--> Dreadbore
 
Pack 3 pick 15:
--> Plague Sliver
 
