Event #: 5183310
Time:    3/17/2013 2:02:16 PM
Players: 
    ThePickle
    jolio78
    EHC88
    disco_steve
    goregrinding
    OnimOne
--> malthrin
    champstark
 
------ GTC ------
 
Pack 1 pick 1:
    Swamp
    Scatter Arc
--> Boros Charm
    Warmind Infantry
    Smite
    Ivy Lane Denizen
    Keymaster Rogue
    Madcap Skills
    Holy Mantle
    Nav Squad Commandos
    Shattering Blow
    Ruination Wurm
    Mental Vapors
    Balustrade Spy
    Illusionist's Bracers
 
Pack 1 pick 2:
    Plains
    Duskmantle Guildmage
    Scatter Arc
    Gutter Skulk
    Disciple of the Old Ways
    Razortip Whip
    Furious Resistance
    Death's Approach
    Keymaster Rogue
--> Wojek Halberdiers
    Cinder Elemental
    Guardian of the Gateless
    Shielded Passage
    Paranoid Delusions
 
Pack 1 pick 3:
    Island
    Mugging
    Frilled Oculus
    Death's Approach
    Scorchwalker
    Madcap Skills
--> Daring Skyjek
    Guildscorn Ward
    Dinrova Horror
    Contaminated Ground
    Balustrade Spy
    Serene Remembrance
    Illness in the Ranks
 
Pack 1 pick 4:
    Plains
    Sage's Row Denizen
    Ivy Lane Denizen
    Death's Approach
--> Wojek Halberdiers
    Mortus Strider
    Devour Flesh
    Skyblinder Staff
    Gateway Shade
    Greenside Watcher
    Tin Street Market
    Balustrade Spy
 
Pack 1 pick 5:
    Forest
    Dimir Guildgate
    Way of the Thief
    Prophetic Prism
    Spire Tracer
--> Court Street Denizen
    Ruination Wurm
    Hydroform
    Midnight Recovery
    Wildwood Rebirth
    Whispering Madness
 
Pack 1 pick 6:
    Island
    Simic Guildgate
    Experiment One
    Adaptive Snapjaw
--> Assault Griffin
    Spire Tracer
    Merfolk of the Depths
    Hydroform
    Shadow Slice
    Aerial Maneuver
 
Pack 1 pick 7:
    Forest
    Dimir Guildgate
    Towering Thunderfist
--> Cinder Elemental
    Ætherize
    Last Thoughts
    Naturalize
    Primal Visitation
    Greenside Watcher
 
Pack 1 pick 8:
    Forest
    Ivy Lane Denizen
    Coerced Confession
--> Towering Thunderfist
    Guildscorn Ward
    Hands of Binding
    Executioner's Swing
    Greenside Watcher
 
Pack 1 pick 9:
    Swamp
    Scatter Arc
    Ivy Lane Denizen
    Keymaster Rogue
--> Shattering Blow
    Ruination Wurm
    Mental Vapors
 
Pack 1 pick 10:
    Plains
    Scatter Arc
    Razortip Whip
--> Furious Resistance
    Keymaster Rogue
    Paranoid Delusions
 
Pack 1 pick 11:
    Island
--> Frilled Oculus
    Contaminated Ground
    Serene Remembrance
    Illness in the Ranks
 
Pack 1 pick 12:
    Plains
    Mortus Strider
    Skyblinder Staff
--> Tin Street Market
 
Pack 1 pick 13:
    Forest
--> Way of the Thief
    Hydroform
 
Pack 1 pick 14:
    Island
--> Hydroform
 
Pack 1 pick 15:
--> Forest
 
------ GTC ------
 
Pack 2 pick 1:
    Mountain
    Simic Fluxmage
--> Ember Beast
    Massive Raid
    Crocanura
    Orzhov Guildgate
    Rust Scarab
    Skygames
    Basilica Guards
    Hands of Binding
    Undercity Informer
    Slate Street Ruffian
    Mortus Strider
    Treasury Thrull
    Kingpin's Pet
 
Pack 2 pick 2:
    Swamp
    Gruul Guildgate
    Dutiful Thrull
    Foundry Street Denizen
    Psychic Strike
--> Ember Beast
    Corpse Blockade
    Elusive Krasis
    Mark for Death
    Shadow Slice
    Slaughterhorn
    Wildwood Rebirth
    Gruul Ragebeast
    Pit Fight
 
Pack 2 pick 3:
    Mountain
    Disciple of the Old Ways
    Prophetic Prism
    Burst of Strength
--> Assault Griffin
    Orzhov Guildgate
    Miming Slime
    Purge the Profane
    Basilica Screecher
    Totally Lost
    Aerial Maneuver
    Soul Ransom
    Call of the Nightwing
 
Pack 2 pick 4:
    Mountain
    Dimir Guildgate
    Spell Rupture
    Hands of Binding
    Zameck Guildmage
    Slate Street Ruffian
    Last Thoughts
--> Alms Beast
    Naturalize
    Primal Visitation
    Skullcrack
    Killing Glare (FOIL)
 
Pack 2 pick 5:
    Forest
    Dimir Charm
    Drakewing Krasis
--> Gift of Orzhova
    Armored Transport
    Towering Thunderfist
    Hands of Binding
    Totally Lost
    Naturalize
    Dying Wish
    Greenside Watcher
 
Pack 2 pick 6:
    Plains
    Gutter Skulk
    Riot Gear
--> Knight Watch
    Gridlock
    Shattering Blow
    Shielded Passage
    Forced Adaptation
    Kingpin's Pet
    Balustrade Spy
 
Pack 2 pick 7:
    Mountain
--> Riot Gear
    Way of the Thief
    Furious Resistance
    Drakewing Krasis
    Horror of the Dim
    Shattering Blow
    Clinging Anemones
    Voidwalk
 
Pack 2 pick 8:
    Plains
    Leyline Phantom
    Rust Scarab
    Thespian's Stage
    Last Thoughts
--> Devour Flesh
    Predator's Rapport
    Skyblinder Staff
 
Pack 2 pick 9:
    Mountain
--> Orzhov Guildgate
    Skygames
    Hands of Binding
    Undercity Informer
    Slate Street Ruffian
    Mortus Strider
 
Pack 2 pick 10:
    Swamp
    Psychic Strike
    Elusive Krasis
--> Mark for Death
    Shadow Slice
    Wildwood Rebirth
 
Pack 2 pick 11:
    Mountain
--> Orzhov Guildgate
    Purge the Profane
    Totally Lost
    Aerial Maneuver
 
Pack 2 pick 12:
    Mountain
    Dimir Guildgate
    Last Thoughts
--> Primal Visitation
 
Pack 2 pick 13:
    Forest
--> Totally Lost
    Naturalize
 
Pack 2 pick 14:
    Plains
--> Shattering Blow
 
Pack 2 pick 15:
--> Mountain
 
------ GTC ------
 
Pack 3 pick 1:
    Island
    Simic Guildgate
    Angelic Edict
    One Thousand Lashes
    Zarichi Tiger
    Bomber Corps
    Court Street Denizen
    Shadow Alley Denizen
    Hindervines (FOIL)
    Grisly Spectacle
    Five-Alarm Fire
    Hydroform
    Ripscale Predator
    Wildwood Rebirth
--> Truefire Paladin
 
Pack 3 pick 2:
    Swamp
    Gruul Guildgate
--> Sunhome Guildmage
    Gutter Skulk
    Mugging
    Structural Collapse
    Skinbrand Goblin
    Frenzied Tilling
    Assault Griffin
    Grisly Spectacle
    Hold the Gates
    Last Thoughts
    Slaughterhorn
    Skyblinder Staff
 
Pack 3 pick 3:
    Plains
    Orzhov Keyrune
    Riot Gear
    Cloudfin Raptor
    Millennial Gargoyle
    Verdant Haven
--> Act of Treason
    Shielded Passage
    Voidwalk
    Devour Flesh
    Beckon Apparition
    Tin Street Market
    Serene Remembrance
 
Pack 3 pick 4:
    Island
--> Warmind Infantry
    Urban Evolution
    Smite
    Bioshift
    Keymaster Rogue
    Horror of the Dim
    Miming Slime
    Shielded Passage
    Fortress Cyclops
    Forced Adaptation
    Sylvan Primordial
 
Pack 3 pick 5:
    Mountain
    Dimir Guildgate
    Disciple of the Old Ways
    Zarichi Tiger
    Foundry Street Denizen
    Cartel Aristocrat
    Massive Raid
    Tower Defense
    Stolen Identity
    Midnight Recovery
--> Martial Glory
 
Pack 3 pick 6:
    Mountain
    Razortip Whip
--> Frilled Oculus
    Furious Resistance
    Guildscorn Ward
    Clinging Anemones
    Murder Investigation
    Forced Adaptation
    Paranoid Delusions
    Crackling Perimeter
 
Pack 3 pick 7:
    Forest
    Verdant Haven
    Sage's Row Denizen
    Shambleshark
--> Knight Watch
    Contaminated Ground
    Primal Visitation
    Skyblinder Staff
    Greenside Watcher
 
Pack 3 pick 8:
    Swamp
--> Razortip Whip
    Leyline Phantom
    Horror of the Dim
    Guildscorn Ward
    Tower Defense
    Clinging Anemones
    Primal Visitation
 
Pack 3 pick 9:
    Island
    Simic Guildgate
    Shadow Alley Denizen
    Hindervines (FOIL)
    Hydroform
--> Ripscale Predator
    Wildwood Rebirth
 
Pack 3 pick 10:
    Swamp
    Structural Collapse
    Frenzied Tilling
--> Hold the Gates
    Last Thoughts
    Skyblinder Staff
 
Pack 3 pick 11:
    Plains
--> Riot Gear
    Voidwalk
    Tin Street Market
    Serene Remembrance
 
Pack 3 pick 12:
    Island
    Bioshift
--> Shielded Passage
    Forced Adaptation
 
Pack 3 pick 13:
    Mountain
    Tower Defense
--> Midnight Recovery
 
Pack 3 pick 14:
    Mountain
--> Crackling Perimeter
 
Pack 3 pick 15:
--> Forest
 
