Event #: 5223776
Time:    3/25/2013 9:22:22 PM
Players: 
    mgunsta
    granpachook
    Nomnomnomitron
    Che88
    TaylorMade87
--> malthrin
    DiceGypsy
    ancientsituation
 
------ GTC ------
 
Pack 1 pick 1:
    Island
    Duskmantle Guildmage
    Riot Gear
    Warmind Infantry
    Burning-Tree Emissary
    Furious Resistance
    Death's Approach
    Shambleshark
    Spire Tracer
    Guildscorn Ward
    Smog Elemental
    Mortus Strider
    Shadow Slice
--> Balustrade Spy
    Illusionist's Bracers
 
Pack 1 pick 2:
    Plains
    Boros Guildgate
    Cloudfin Raptor
    Assault Griffin
    Shambleshark (FOIL)
    Armored Transport
    Rust Scarab
    Totally Lost
    Wasteland Viper
    Naturalize
--> Kingpin's Pet
    Aerial Maneuver
    Tin Street Market
    Crackling Perimeter
 
Pack 1 pick 3:
    Plains
    Cloudfin Raptor
    Psychic Strike
    Ember Beast
    Skygames
    Crowned Ceratok
    Slate Street Ruffian
    Hold the Gates
--> Devour Flesh
    Primal Visitation
    Aerial Maneuver
    Greenside Watcher
    Tin Street Market
 
Pack 1 pick 4:
    Island
    Gruul Guildgate
    Dimir Charm
    Bioshift
    Skinbrand Goblin
    Crocanura
    Court Street Denizen
    Shadow Alley Denizen
--> Executioner's Swing
    Last Thoughts
    Voidwalk
    Naturalize
 
Pack 1 pick 5:
    Swamp
    Dimir Guildgate
    Zarichi Tiger
    Leyline Phantom
    Gift of Orzhova
    Court Street Denizen
    Gridlock
--> Basilica Screecher
    Wildwood Rebirth
    Beckon Apparition
    Aerial Maneuver
 
Pack 1 pick 6:
    Swamp
    Riot Gear
    Furious Resistance
--> Smite
    Horror of the Dim
    Mortus Strider
    Clinging Anemones
    Mental Vapors
    Ripscale Predator
    Metropolis Sprite
 
Pack 1 pick 7:
    Swamp
    Scatter Arc
    Orzhov Keyrune
    Coerced Confession
--> Orzhov Guildgate
    Midnight Recovery
    Last Thoughts
    Murder Investigation
    Paranoid Delusions
 
Pack 1 pick 8:
    Island
    Sage's Row Denizen
--> Death's Approach
    Shadow Alley Denizen
    Hindervines
    Martial Glory
    Balustrade Spy
    Molten Primordial
 
Pack 1 pick 9:
    Island
    Furious Resistance
--> Death's Approach
    Guildscorn Ward
    Mortus Strider
    Shadow Slice
    Illusionist's Bracers
 
Pack 1 pick 10:
    Plains
    Shambleshark (FOIL)
    Naturalize
--> Aerial Maneuver
    Tin Street Market
    Crackling Perimeter
 
Pack 1 pick 11:
    Plains
--> Psychic Strike
    Skygames
    Hold the Gates
    Tin Street Market
 
Pack 1 pick 12:
    Island
    Bioshift
--> Shadow Alley Denizen
    Voidwalk
 
Pack 1 pick 13:
    Swamp
    Wildwood Rebirth
--> Beckon Apparition
 
Pack 1 pick 14:
    Swamp
--> Mental Vapors
 
Pack 1 pick 15:
--> Swamp
 
------ GTC ------
 
Pack 2 pick 1:
    Island
    Sunhome Guildmage
    Warmind Infantry
    Prophetic Prism
    Burst of Strength
    Thrull Parasite
    Corpse Blockade
    Drakewing Krasis
    Crocanura
    Orzhov Guildgate
    Shadow Alley Denizen
    Skygames
    Ordruun Veteran
--> Duskmantle Seer
    Paranoid Delusions
 
Pack 2 pick 2:
    Mountain
    Mugging
    Millennial Gargoyle
    Verdant Haven
    Sage's Row Denizen
    Zhur-Taa Swine
    Massive Raid
    Act of Treason
    Knight Watch
    Hands of Binding
    Balustrade Spy
    Crackling Perimeter
--> Killing Glare
    Sepulchral Primordial
 
Pack 2 pick 3:
    Mountain
    Gruul Keyrune
    Way of the Thief
    Dutiful Thrull
--> One Thousand Lashes
    Millennial Gargoyle
    Wojek Halberdiers
    Act of Treason
    Towering Thunderfist
    Shielded Passage
    Basilica Screecher
    Hydroform
    Voidwalk
 
Pack 2 pick 4:
    Plains
    Dimir Keyrune
    Mugging
    Leyline Phantom
    Millennial Gargoyle
    Scorchwalker
    Act of Treason
    Guildscorn Ward
    Knight of Obligation
    Executioner's Swing
    Clinging Anemones
--> Syndic of Tithes
 
Pack 2 pick 5:
    Plains
    Dutiful Thrull
    Millennial Gargoyle
    Verdant Haven
    Furious Resistance
--> Death's Approach
    Holy Mantle
    Fortress Cyclops
    Mark for Death
    Martial Glory
    Tin Street Market
 
Pack 2 pick 6:
    Plains
    Riot Gear
    Dutiful Thrull
--> Psychic Strike
    Horror of the Dim
    Ordruun Veteran
    Shattering Blow
    Shielded Passage
    Gateway Shade
    Tin Street Market
 
Pack 2 pick 7:
    Plains
    Razortip Whip
    Deathcult Rogue
    Leyline Phantom
    Death's Approach
    Scorchwalker
    Guildscorn Ward
    Mark for Death
--> Balustrade Spy
 
Pack 2 pick 8:
    Forest
--> Psychic Strike
    Bioshift
    Orzhov Guildgate
    Guildscorn Ward (FOIL)
    Skygames
    Contaminated Ground
    Mental Vapors
 
Pack 2 pick 9:
    Island
--> Prophetic Prism
    Corpse Blockade
    Orzhov Guildgate
    Shadow Alley Denizen
    Skygames
    Paranoid Delusions
 
Pack 2 pick 10:
    Mountain
    Millennial Gargoyle
    Verdant Haven
    Knight Watch
    Crackling Perimeter
--> Sepulchral Primordial
 
Pack 2 pick 11:
    Mountain
    Way of the Thief
--> Dutiful Thrull
    Shielded Passage
    Voidwalk
 
Pack 2 pick 12:
    Plains
--> Millennial Gargoyle
    Act of Treason
    Guildscorn Ward
 
Pack 2 pick 13:
    Plains
--> Furious Resistance
    Tin Street Market
 
Pack 2 pick 14:
    Plains
--> Tin Street Market
 
Pack 2 pick 15:
--> Plains
 
------ GTC ------
 
Pack 3 pick 1:
    Mountain
    Boros Guildgate
    Gutter Skulk
--> One Thousand Lashes
    Frilled Oculus
    Structural Collapse
    Adaptive Snapjaw
    Frenzied Tilling
    Assault Griffin
    Armored Transport
    Undercity Informer
    Totally Lost
    Fathom Mage (FOIL)
    Thespian's Stage
    Beckon Apparition
 
Pack 3 pick 2:
    Forest
    Gruul Guildgate
    Cartel Aristocrat
    Towering Thunderfist
    Court Street Denizen
    Hands of Binding
    Guardian of the Gateless
    Ruination Wurm
    Elusive Krasis
    Hydroform
    Last Thoughts
    Devour Flesh
    Greenside Watcher
--> Blind Obedience
 
Pack 3 pick 3:
    Swamp
    Simic Guildgate
    Scatter Arc
    Vizkopa Guildmage
    Smite
    Adaptive Snapjaw
    Skinbrand Goblin
    Frenzied Tilling
    Crocanura
--> Basilica Guards
    Hellraiser Goblin
    Clan Defiance
    Primal Visitation
 
Pack 3 pick 4:
    Island
--> Dimir Guildgate
    Bomber Corps
    Miming Slime
    Vizkopa Confessor
    Purge the Profane
    Ghor-Clan Rampager
    Midnight Recovery
    Contaminated Ground
    Last Thoughts
    Naturalize
    Predator's Rapport
 
Pack 3 pick 5:
    Plains
    Simic Guildgate
    Scatter Arc
    Boros Keyrune
    Syndicate Enforcer
    Burst of Strength
    Structural Collapse
    Spell Rupture
--> Basilica Guards
    Realmwright
    Primal Visitation
 
Pack 3 pick 6:
    Forest
    Dimir Guildgate
    Way of the Thief
    Spell Rupture
    Slate Street Ruffian
    Contaminated Ground
    Naturalize
    Dying Wish
--> Kingpin's Pet
    Greenside Watcher
 
Pack 3 pick 7:
    Island
    Razortip Whip
    Furious Resistance
--> Death's Approach
    Keymaster Rogue
    Unexpected Results
    Shielded Passage
    Hydroform
    Shadow Slice
 
Pack 3 pick 8:
    Forest
    Zarichi Tiger
    Prophetic Prism
    Coerced Confession
    Bioshift
--> Wight of Precinct Six
    Midnight Recovery
    Predator's Rapport
 
Pack 3 pick 9:
    Mountain
    Boros Guildgate
--> Gutter Skulk
    Structural Collapse
    Frenzied Tilling
    Totally Lost
    Beckon Apparition
 
Pack 3 pick 10:
    Forest
--> Cartel Aristocrat
    Ruination Wurm
    Hydroform
    Last Thoughts
    Greenside Watcher
 
Pack 3 pick 11:
    Swamp
    Simic Guildgate
--> Vizkopa Guildmage
    Frenzied Tilling
    Primal Visitation
 
Pack 3 pick 12:
    Island
--> Purge the Profane
    Midnight Recovery
    Contaminated Ground
 
Pack 3 pick 13:
    Plains
--> Burst of Strength
    Primal Visitation
 
Pack 3 pick 14:
    Forest
--> Dying Wish
 
Pack 3 pick 15:
--> Island
 
