Event #: 5246306
Time:    3/30/2013 1:25:31 PM
Players: 
    dunkapotimus
    Scarbuddy
    tombomb
    kero4
--> bqlohr
    Lemondarkcider15
    whytookay
    xdrako
 
------ GTC ------
 
Pack 1 pick 1:
    Forest
    Vizkopa Guildmage
    Scab-Clan Charger
    Ember Beast
    Adaptive Snapjaw
    Coerced Confession
    Drakewing Krasis
    Daring Skyjek
    Orzhov Guildgate
    Towering Thunderfist
    Skygames
    Hellraiser Goblin
    Shattering Blow
    Slate Street Ruffian
--> Soul Ransom
 
Pack 1 pick 2:
    Plains
    Riot Gear
--> Thrull Parasite
    Keymaster Rogue
    Horror of the Dim
    Guildscorn Ward
    Hands of Binding
    Zameck Guildmage
    Purge the Profane
    Ruination Wurm
    Righteous Charge
    Devour Flesh
    Forced Adaptation
    Greenside Watcher
 
Pack 1 pick 3:
    Forest
    Angelic Edict
    Razortip Whip
    Sage's Row Denizen
    Cartel Aristocrat
    Massive Raid
    Shambleshark
    Act of Treason
    Nav Squad Commandos
    Firefist Striker
    Mortus Strider
--> Metropolis Sprite
    Forced Adaptation
 
Pack 1 pick 4:
    Island
    Mugging
    Leyline Phantom
    Furious Resistance
    Death's Approach
    Guildscorn Ward
    Shadow Alley Denizen
    Mindeye Drake
    Unexpected Results
    Purge the Profane
    Gateway Shade
--> Balustrade Spy
 
Pack 1 pick 5:
    Island
    Simic Keyrune
    Dutiful Thrull
    Prophetic Prism
    Burst of Strength
    Orzhov Guildgate
--> Incursion Specialist
    Shattering Blow
    Contaminated Ground
    Predator's Rapport
    Skarrg Goliath
 
Pack 1 pick 6:
    Swamp
    Frilled Oculus
    Assault Griffin
    Purge the Profane
    Ruination Wurm
    Totally Lost
    Shadow Slice
    Last Thoughts
    Skyblinder Staff
--> Soul Ransom
 
Pack 1 pick 7:
    Plains
    Gruul Guildgate
    Scorchwalker
    Armored Transport
    Last Thoughts
    Naturalize
--> Devour Flesh
    Predator's Rapport
    Primal Visitation
 
Pack 1 pick 8:
    Swamp
    Leyline Phantom
    Guildscorn Ward
    Tower Defense
    Shadow Alley Denizen
    Clinging Anemones
    Hydroform
--> Call of the Nightwing
 
Pack 1 pick 9:
    Forest
    Adaptive Snapjaw
    Coerced Confession
--> Orzhov Guildgate
    Skygames
    Shattering Blow
    Slate Street Ruffian
 
Pack 1 pick 10:
    Plains
    Riot Gear
--> Horror of the Dim
    Guildscorn Ward
    Ruination Wurm
    Forced Adaptation
 
Pack 1 pick 11:
    Forest
    Razortip Whip
    Nav Squad Commandos
--> Mortus Strider
    Forced Adaptation
 
Pack 1 pick 12:
    Island
    Guildscorn Ward
    Shadow Alley Denizen
--> Gateway Shade
 
Pack 1 pick 13:
    Island
--> Shattering Blow
    Predator's Rapport
 
Pack 1 pick 14:
    Swamp
--> Ruination Wurm
 
Pack 1 pick 15:
--> Predator's Rapport
 
------ GTC ------
 
Pack 2 pick 1:
    Plains
    Gutter Skulk
    Disciple of the Old Ways
    Verdant Haven
    Keymaster Rogue
    Madcap Skills
    Knight Watch
    Nav Squad Commandos
    Smog Elemental
    Wasteland Viper
    Kingpin's Pet
    Balustrade Spy
    Truefire Paladin
--> Sepulchral Primordial
    Pit Fight
 
Pack 2 pick 2:
    Plains
    Rubblebelt Raiders
    Gruul Charm
    Dimir Keyrune
    Dutiful Thrull
    Syndicate Enforcer
--> Cloudfin Raptor
    Burst of Strength
    Spell Rupture
    Shambleshark
    Armored Transport
    Alpha Authority
    Beckon Apparition
    Tin Street Market
 
Pack 2 pick 3:
    Island
    Riot Gear
    Verdant Haven
    Zhur-Taa Swine
--> Keymaster Rogue
    Scorchwalker
    Act of Treason
    Ordruun Veteran
    Vizkopa Confessor
    Shielded Passage
    Mortus Strider
    Contaminated Ground
    Predator's Rapport
 
Pack 2 pick 4:
    Mountain
    Verdant Haven
    Sage's Row Denizen
    Massive Raid
    Act of Treason
    Crocanura
    Knight Watch
    Incursion Specialist
    Hands of Binding
--> Mind Grind
    Merfolk of the Depths
    Mortus Strider
 
Pack 2 pick 5:
    Island
    Razortip Whip
    Psychic Strike
    Keymaster Rogue
--> Bane Alley Broker
    Horror of the Dim
    Guildscorn Ward
    Clinging Anemones
    Contaminated Ground
    Primal Visitation
    Serene Remembrance
 
Pack 2 pick 6:
    Swamp
    Simic Guildgate
    Zarichi Tiger
    Frilled Oculus
    Bioshift
    Daring Skyjek
--> Dinrova Horror
    Hold the Gates
    Shadow Slice
    Wildwood Rebirth
 
Pack 2 pick 7:
    Swamp
    Leyline Phantom
--> Sage's Row Denizen
    Ivy Lane Denizen
    Urbis Protector
    Nav Squad Commandos
    Shadow Alley Denizen
    Purge the Profane
    Skyblinder Staff
 
Pack 2 pick 8:
    Island
    Scatter Arc
    Boros Keyrune
    Structural Collapse
    Skygames
    Beckon Apparition
--> Consuming Aberration
    Killing Glare (FOIL)
 
Pack 2 pick 9:
    Plains
--> Gutter Skulk
    Disciple of the Old Ways
    Verdant Haven
    Keymaster Rogue
    Nav Squad Commandos
    Smog Elemental
 
Pack 2 pick 10:
    Plains
--> Dimir Keyrune
    Burst of Strength
    Spell Rupture
    Beckon Apparition
    Tin Street Market
 
Pack 2 pick 11:
    Island
    Riot Gear
--> Shielded Passage
    Contaminated Ground
    Predator's Rapport
 
Pack 2 pick 12:
    Mountain
--> Sage's Row Denizen
    Incursion Specialist
    Merfolk of the Depths
 
Pack 2 pick 13:
    Island
--> Razortip Whip
    Guildscorn Ward
 
Pack 2 pick 14:
    Swamp
--> Bioshift
 
Pack 2 pick 15:
--> Swamp
 
------ GTC ------
 
Pack 3 pick 1:
    Island
    Dimir Guildgate
    Gruul Keyrune
--> Cloudfin Raptor
    Bomber Corps
    Wojek Halberdiers
    Knight of Obligation
    Midnight Recovery
    Last Thoughts
    Naturalize
    Paranoid Delusions
    Gateway Shade
    Aerial Maneuver
    Tin Street Market
    Undercity Plague
 
Pack 3 pick 2:
    Swamp
    Boros Keyrune
    Syndicate Enforcer
    Foundry Street Denizen
    Frilled Oculus
    Corpse Blockade
    Armored Transport
    Nimbus Swimmer
    Prime Speaker Zegana
    Hydroform
    Shadow Slice
    Slaughterhorn
    Kingpin's Pet
--> Soul Ransom (FOIL)
 
Pack 3 pick 3:
    Plains
    Adaptive Snapjaw
--> Gift of Orzhova
    Shambleshark
    Orzhov Guildgate
    Towering Thunderfist
    Urbis Protector
    Hands of Binding
    Shattering Blow
    Viashino Shanktail
    Slate Street Ruffian
    Mystic Genesis
    Greenside Watcher
 
Pack 3 pick 4:
    Swamp
    Simic Charm
    Razortip Whip
    Millennial Gargoyle
    Furious Resistance
    Spire Tracer
    Miming Slime
--> Grisly Spectacle
    Clinging Anemones
    Hydroform
    Shadow Slice
    Forced Adaptation
 
Pack 3 pick 5:
    Forest
    Riot Gear
    Way of the Thief
    Ruination Wurm
    Shielded Passage
    Contaminated Ground
    Forced Adaptation
    Tin Street Market
--> Balustrade Spy
    Crackling Perimeter
    Skullcrack
 
Pack 3 pick 6:
    Plains
    Gruul Guildgate
    Debtor's Pulpit
    Dutiful Thrull
--> Ember Beast
    Spell Rupture
    Rust Scarab
    Slate Street Ruffian
    Naturalize
    Predator's Rapport
 
Pack 3 pick 7:
    Forest
    Simic Guildgate
    Gutter Skulk
    Syndicate Enforcer
    Alpha Authority
    Skygames
    Purge the Profane
--> Grisly Spectacle
    Killing Glare
 
Pack 3 pick 8:
    Mountain
    Gruul Guildgate
    Scatter Arc
    Ember Beast
    Spell Rupture
--> Executioner's Swing
    Slate Street Ruffian
    Primal Visitation
 
Pack 3 pick 9:
    Island
    Midnight Recovery
    Last Thoughts
    Naturalize
    Paranoid Delusions
--> Gateway Shade
    Tin Street Market
 
Pack 3 pick 10:
    Swamp
    Syndicate Enforcer
    Corpse Blockade
    Nimbus Swimmer
    Hydroform
--> Shadow Slice
 
Pack 3 pick 11:
    Plains
    Adaptive Snapjaw
    Urbis Protector
--> Hands of Binding
    Shattering Blow
 
Pack 3 pick 12:
    Razortip Whip
--> Clinging Anemones
    Hydroform
    Forced Adaptation
 
Pack 3 pick 13:
    Forest
--> Way of the Thief
    Crackling Perimeter
 
Pack 3 pick 14:
    Plains
--> Predator's Rapport
 
Pack 3 pick 15:
--> Forest
 
