Event #: 5250726
Time:    3/31/2013 1:06:11 PM
Players: 
    Yedraw
    LukeWalton
    I_am_Dudeman
    artywu
--> malthrin
    giromon
    Giddeh
    RedHerring
 
------ GTC ------
 
Pack 1 pick 1:
    Swamp
    Gruul Charm
    Cloudfin Raptor
    Millennial Gargoyle
    Skinbrand Goblin (FOIL)
    Act of Treason
    Crowned Ceratok
    Mark for Death
    Clinging Anemones
--> Assemble the Legion
    Forced Adaptation
    Primal Visitation
    Kingpin's Pet
    Aerial Maneuver
    Tin Street Market
 
Pack 1 pick 2:
    Island
    Gruul Keyrune
    Leyline Phantom
    Verdant Haven
    Scorchwalker
    Ground Assault
--> Wojek Halberdiers
    Horror of the Dim
    Nav Squad Commandos
    Hellraiser Goblin
    Syndic of Tithes
    Predator's Rapport
    Paranoid Delusions
    Skyblinder Staff
 
Pack 1 pick 3:
    Forest
    Scatter Arc
--> Smite
    Ember Beast
    Cartel Aristocrat
    Orzhov Guildgate
    Tower Defense
    Skygames
    Basilica Guards
    Executioner's Swing
    Slate Street Ruffian
    Paranoid Delusions
    Skullcrack
 
Pack 1 pick 4:
    Island
    Scab-Clan Charger
    Psychic Strike
    Madcap Skills
    Towering Thunderfist
    Guildscorn Ward
    Hands of Binding
    Dinrova Horror
    Thespian's Stage
--> Martial Glory
    Greenside Watcher
    Serene Remembrance
 
Pack 1 pick 5:
    Swamp
    Dimir Guildgate
    Leyline Phantom
    Spell Rupture
    Miming Slime
    Rust Scarab
--> Executioner's Swing
    Realmwright
    Midnight Recovery
    Last Thoughts
    Naturalize
 
Pack 1 pick 6:
    Mountain
--> Zarichi Tiger
    Burst of Strength
    Spell Rupture
    Bane Alley Broker
    Ætherize
    Shattering Blow
    Ruination Wurm
    Contaminated Ground
    Predator's Rapport
 
Pack 1 pick 7:
    Mountain
    Gruul Guildgate
--> Foundry Street Denizen
    Bioshift
    Shadow Alley Denizen
    Ætherize
    Ruination Wurm (FOIL)
    Wildwood Rebirth
    Illness in the Ranks
 
Pack 1 pick 8:
    Mountain
    Simic Guildgate
    Syndicate Enforcer
    Adaptive Snapjaw
--> Assault Griffin
    Spire Tracer
    Shadow Slice
    Call of the Nightwing
 
Pack 1 pick 9:
    Swamp
    Millennial Gargoyle
    Mark for Death
    Clinging Anemones
    Primal Visitation
--> Aerial Maneuver
    Tin Street Market
 
Pack 1 pick 10:
    Island
    Horror of the Dim
--> Nav Squad Commandos
    Predator's Rapport
    Paranoid Delusions
    Skyblinder Staff
 
Pack 1 pick 11:
    Forest
    Scatter Arc
    Tower Defense
    Skygames
--> Slate Street Ruffian
 
Pack 1 pick 12:
    Island
--> Psychic Strike
    Guildscorn Ward
    Serene Remembrance
 
Pack 1 pick 13:
    Swamp
--> Spell Rupture
    Last Thoughts
 
Pack 1 pick 14:
    Mountain
--> Contaminated Ground
 
Pack 1 pick 15:
--> Mountain
 
------ GTC ------
 
Pack 2 pick 1:
    Plains
    Simic Guildgate
    Boros Charm
    Disciple of the Old Ways
    Ember Beast
--> Skinbrand Goblin
    Massive Raid
    Shambleshark
    Basilica Guards
    Sapphire Drake
    Purge the Profane
    Ghor-Clan Rampager
    High Priest of Penance
    Metropolis Sprite
    Ogre Slumlord (FOIL)
 
Pack 2 pick 2:
    Island
    Bomber Corps
    Adaptive Snapjaw
    Coerced Confession
    Zhur-Taa Swine
    Orzhov Guildgate
    Spire Tracer
    Miming Slime
    Smog Elemental
    Slate Street Ruffian
    Basilica Screecher
    Immortal Servitude (FOIL)
--> Syndic of Tithes
    Paranoid Delusions
 
Pack 2 pick 3:
    Swamp
    Simic Guildgate
--> Warmind Infantry
    Zarichi Tiger
    Burst of Strength
    Spell Rupture
    Crocanura
    Holy Mantle
    Shadow Alley Denizen
    Basilica Guards
    Wight of Precinct Six
    Immortal Servitude
    Hydroform
 
Pack 2 pick 4:
    Forest
    Boros Keyrune
    Syndicate Enforcer
    Burst of Strength
    Corpse Blockade
    Basilica Guards
--> Cinder Elemental
    Mindeye Drake
    Ruination Wurm
    Mortus Strider
    Immortal Servitude
    Metropolis Sprite
 
Pack 2 pick 5:
    Swamp
--> Debtor's Pulpit
    Dutiful Thrull
    Foundry Street Denizen
    Corpse Blockade
    Frenzied Tilling
    Urbis Protector
    Miming Slime (FOIL)
    Hydroform
    Wildwood Rebirth
    Tin Street Market
 
Pack 2 pick 6:
    Mountain
    Dimir Guildgate
    Debtor's Pulpit
    Foundry Street Denizen
--> Skyknight Legionnaire
    Spire Tracer
    Hydroform
    Midnight Recovery
    Shadow Slice
    Wildwood Rebirth
 
Pack 2 pick 7:
    Swamp
    Scatter Arc
    Prophetic Prism
    Millennial Gargoyle (FOIL)
    Structural Collapse
--> Orzhov Guildgate
    Purge the Profane
    Totally Lost
    Skarrg Goliath
 
Pack 2 pick 8:
    Island
--> Gruul Guildgate
    Zhur-Taa Swine
    Smog Elemental
    Hands of Binding
    Mortus Strider
    Last Thoughts
    Skyblinder Staff
 
Pack 2 pick 9:
    Plains
    Simic Guildgate
--> Massive Raid
    Shambleshark
    Basilica Guards
    Purge the Profane
    Metropolis Sprite
 
Pack 2 pick 10:
    Island
--> Adaptive Snapjaw
    Coerced Confession
    Smog Elemental
    Slate Street Ruffian
    Paranoid Delusions
 
Pack 2 pick 11:
    Swamp
    Simic Guildgate
--> Spell Rupture
    Shadow Alley Denizen
    Hydroform
 
Pack 2 pick 12:
    Forest
--> Syndicate Enforcer
    Corpse Blockade
    Ruination Wurm
 
Pack 2 pick 13:
    Swamp
    Hydroform
--> Tin Street Market
 
Pack 2 pick 14:
    Mountain
--> Hydroform
 
Pack 2 pick 15:
--> Swamp
 
------ GTC ------
 
Pack 3 pick 1:
    Forest
    Boros Guildgate
    Simic Fluxmage
    Frilled Oculus
    Adaptive Snapjaw
    Skinbrand Goblin
    Assault Griffin
    Daring Skyjek
    Rust Scarab
    Totally Lost
    Shadow Slice
    Primal Visitation
    Kingpin's Pet
    Agoraphobia
--> Angelic Skirmisher
 
Pack 3 pick 2:
    Swamp
    Sage's Row Denizen
    Ivy Lane Denizen
    Gridlock
    Hindervines
--> Ghor-Clan Rampager
    Mortus Strider
    Metropolis Sprite (FOIL)
    Devour Flesh
    Ogre Slumlord
    Kingpin's Pet
    Skyblinder Staff
    Greenside Watcher
    Balustrade Spy
 
Pack 3 pick 3:
    Island
    Gutter Skulk
    Way of the Thief
    Burst of Strength
    Corpse Blockade
--> Wojek Halberdiers
    Knight Watch
    Skygames
    Hellraiser Goblin
    Ordruun Veteran (FOIL)
    Syndic of Tithes
    Ripscale Predator
    Agoraphobia
 
Pack 3 pick 4:
    Plains
    Orzhov Keyrune
    Angelic Edict
    Sage's Row Denizen
    Ivy Lane Denizen
    Death's Approach
    Massive Raid
    Alpha Authority
--> Homing Lightning
    Purge the Profane
    Ruination Wurm
    Devour Flesh
 
Pack 3 pick 5:
    Mountain
    Gruul Guildgate
    Dimir Charm
    Angelic Edict
    Bioshift
    Zhur-Taa Swine
--> Court Street Denizen
    Shadow Alley Denizen
    Last Thoughts
    Naturalize
    Gateway Shade
 
Pack 3 pick 6:
    Plains
    Urban Evolution
    Prophetic Prism
    Burst of Strength
    Shambleshark
--> Towering Thunderfist
    Totally Lost
    Ripscale Predator
    Dying Wish
    Beckon Apparition
 
Pack 3 pick 7:
    Plains
    Simic Guildgate
    Dutiful Thrull
    Syndicate Enforcer
--> Towering Thunderfist
    Skygames
    Basilica Guards
    Hydroform
    Serene Remembrance
 
Pack 3 pick 8:
    Swamp
    Bioshift
--> Armored Transport
    Hindervines
    Righteous Charge
    Naturalize
    Aerial Maneuver
    Tin Street Market
 
Pack 3 pick 9:
    Forest
    Boros Guildgate
--> Frilled Oculus
    Adaptive Snapjaw
    Totally Lost
    Shadow Slice
    Primal Visitation
 
Pack 3 pick 10:
    Swamp
--> Sage's Row Denizen
    Gridlock
    Hindervines
    Mortus Strider
    Skyblinder Staff
 
Pack 3 pick 11:
    Island
    Gutter Skulk
    Burst of Strength
--> Corpse Blockade
    Skygames
 
Pack 3 pick 12:
    Plains
    Sage's Row Denizen
--> Purge the Profane
    Ruination Wurm
 
Pack 3 pick 13:
    Mountain
    Bioshift
--> Last Thoughts
 
Pack 3 pick 14:
    Plains
--> Dying Wish
 
Pack 3 pick 15:
--> Plains
 
