Event #: 5256933
Time:    4/2/2013 1:11:14 AM
Players: 
    cstelzer
    NegPL
    dochenba
    jasonad75
--> Alakai
    Exokell
    Diegojoder
    simonP
 
------ GTC ------
 
Pack 1 pick 1:
    Plains
    Boros Guildgate
    Coerced Confession
    Scorchwalker
    Wojek Halberdiers
    Armored Transport
    Court Street Denizen
    Mindeye Drake
--> Firefist Striker
    Totally Lost
    Naturalize
    Devour Flesh
    Predator's Rapport
    Paranoid Delusions
    Undercity Plague
 
Pack 1 pick 2:
    Mountain
    Simic Keyrune
    Gutter Skulk
    Millennial Gargoyle
    Structural Collapse
    Act of Treason
    Guildscorn Ward
    Mindeye Drake
    Ruination Wurm
    Clinging Anemones
--> Slaughterhorn
    Forced Adaptation
    Beckon Apparition
    Illusionist's Bracers
 
Pack 1 pick 3:
    Swamp
    Gruul Guildgate
--> Warmind Infantry
    Foundry Street Denizen
    Smite
    Ember Beast
    Miming Slime
    Slate Street Ruffian
    Mortus Strider
    Wildwood Rebirth
    Metropolis Sprite
    Gateway Shade
    Soul Ransom
 
Pack 1 pick 4:
    Island
    Syndicate Enforcer
--> Cloudfin Raptor
    Burst of Strength
    Bioshift
    Corpse Blockade
    Armored Transport
    Spire Tracer
    Basilica Guards
    Dinrova Horror
    Glaring Spotlight
    Aerial Maneuver
 
Pack 1 pick 5:
    Forest
    Sage's Row Denizen
    Ivy Lane Denizen
    Death's Approach
    Coerced Confession
--> Shambleshark
    Shattering Blow
    Rapid Hybridization
    Metropolis Sprite
    Devour Flesh
    Skyblinder Staff
 
Pack 1 pick 6:
    Mountain
--> Disciple of the Old Ways
    Bomber Corps
    Adaptive Snapjaw
    Orzhov Guildgate
    Skygames
    Purge the Profane
    Slate Street Ruffian
    Basilica Screecher
    Agoraphobia
 
Pack 1 pick 7:
    Mountain
    Dutiful Thrull
    Razortip Whip
    Cartel Aristocrat
    Horror of the Dim
    Guildscorn Ward
    Mortus Strider
    Clinging Anemones
--> Slaughterhorn
 
Pack 1 pick 8:
    Mountain
    Gutter Skulk
--> Scab-Clan Charger
    Adaptive Snapjaw
    Rust Scarab
    Skygames
    Gridlock
    Murder Investigation
 
Pack 1 pick 9:
    Plains
    Boros Guildgate
    Coerced Confession
    Armored Transport
--> Totally Lost
    Naturalize
    Paranoid Delusions
 
Pack 1 pick 10:
    Mountain
    Structural Collapse
    Guildscorn Ward
    Ruination Wurm
    Forced Adaptation
--> Illusionist's Bracers
 
Pack 1 pick 11:
    Swamp
    Gruul Guildgate
--> Mortus Strider
    Wildwood Rebirth
    Gateway Shade
 
Pack 1 pick 12:
    Island
--> Burst of Strength
    Bioshift
    Corpse Blockade
 
Pack 1 pick 13:
    Forest
--> Coerced Confession
    Shattering Blow
 
Pack 1 pick 14:
    Mountain
--> Skygames
 
Pack 1 pick 15:
--> Mountain
 
------ GTC ------
 
Pack 2 pick 1:
    Island
    Dimir Guildgate
    Scatter Arc
    Angelic Edict
    Mugging
    Prophetic Prism
    Bomber Corps
    Structural Collapse
    Gift of Orzhova
    Urbis Protector
    Court Street Denizen
    Tower Defense
    Wildwood Rebirth
    Kingpin's Pet
--> Rubblehulk
 
Pack 2 pick 2:
    Swamp
    Simic Guildgate
    Sunhome Guildmage
    Warmind Infantry
    Structural Collapse
    Smite
    Ember Beast
    Basilica Guards
    Elusive Krasis
    Wight of Precinct Six
    Mark for Death (FOIL)
    Slaughterhorn
--> Metropolis Sprite
    Primal Visitation
 
Pack 2 pick 3:
    Plains
    Dimir Guildgate
    Gruul Keyrune
    Leyline Phantom
    Spell Rupture
    Scorchwalker
    Five-Alarm Fire
    Midnight Recovery
    Last Thoughts
    Naturalize
    Predator's Rapport
    Dying Wish
--> Pit Fight
 
Pack 2 pick 4:
    Island
    Gruul Guildgate
    Duskmantle Guildmage
    Dutiful Thrull
    Boros Elite
    Skinbrand Goblin
    Hydroform
    Last Thoughts
    Naturalize
    Predator's Rapport
--> Wrecking Ogre
    Serene Remembrance
 
Pack 2 pick 5:
    Swamp
    Boros Keyrune
    Bomber Corps
    Psychic Strike
    Adaptive Snapjaw
    Midnight Recovery
    Shadow Slice
    Last Thoughts
--> Slaughterhorn
    Mental Vapors
    Martial Glory
 
Pack 2 pick 6:
    Mountain
    Gruul Guildgate
    Dutiful Thrull
--> Ember Beast
    Spell Rupture
    Towering Thunderfist
    Slate Street Ruffian
    Mark for Death
    Naturalize
    Primal Visitation
 
Pack 2 pick 7:
    Swamp
    Riot Gear
    Scab-Clan Charger
    Leyline Phantom
--> Zhur-Taa Swine
    Madcap Skills
    Alpha Authority
    Martial Glory
    Aerial Maneuver
 
Pack 2 pick 8:
    Island
    Leyline Phantom
    Adaptive Snapjaw
--> Skinbrand Goblin
    Urbis Protector
    Shadow Alley Denizen
    Hellraiser Goblin
    Hydroform
 
Pack 2 pick 9:
    Island
    Scatter Arc
    Prophetic Prism
--> Bomber Corps
    Structural Collapse
    Court Street Denizen
    Wildwood Rebirth
 
Pack 2 pick 10:
    Swamp
    Warmind Infantry
    Structural Collapse
    Mark for Death (FOIL)
--> Slaughterhorn
    Primal Visitation
 
Pack 2 pick 11:
    Plains
    Leyline Phantom
--> Naturalize
    Predator's Rapport
    Dying Wish
 
Pack 2 pick 12:
    Island
--> Hydroform
    Naturalize
    Predator's Rapport
 
Pack 2 pick 13:
    Swamp
--> Bomber Corps
    Last Thoughts
 
Pack 2 pick 14:
    Mountain
--> Primal Visitation
 
Pack 2 pick 15:
--> Swamp
 
------ GTC ------
 
Pack 3 pick 1:
    Plains
    Simic Guildgate
    Dutiful Thrull
    Syndicate Enforcer
    One Thousand Lashes
    Cloudfin Raptor
    Adaptive Snapjaw
--> Skinbrand Goblin
    Assault Griffin
    Ruination Wurm
    Mortus Strider
    Hold the Gates
    Deathpact Angel
    Predator's Rapport
    Agoraphobia
 
Pack 3 pick 2:
    Forest
    Godless Shrine
    Simic Fluxmage
    Way of the Thief
    Syndicate Enforcer
--> Foundry Street Denizen
    Corpse Blockade
    Armored Transport
    Zameck Guildmage
    Hydroform
    Syndic of Tithes
    Wildwood Rebirth
    Dying Wish (FOIL)
    Gateway Shade
 
Pack 3 pick 3:
    Mountain
    Dimir Guildgate
    Foundry Street Denizen
    Prophetic Prism
--> Experiment One
    Smog Elemental
    Hands of Binding
    Vizkopa Confessor
    High Priest of Penance
    Midnight Recovery
    Last Thoughts (FOIL)
    Wildwood Rebirth
    Paranoid Delusions
 
Pack 3 pick 4:
    Swamp
    Boros Guildgate
    Orzhov Charm
    Zarichi Tiger
--> Foundry Street Denizen
    Leyline Phantom
    Psychic Strike
    Shadow Alley Denizen
    Skygames
    Midnight Recovery
    Rapid Hybridization
    Sylvan Primordial
 
Pack 3 pick 5:
    Plains
    Gruul Guildgate (FOIL)
    Scatter Arc
--> Gruul Charm
    Gutter Skulk
    Disciple of the Old Ways
    Millennial Gargoyle
    Act of Treason
    Urbis Protector
    Shielded Passage
    Forced Adaptation
 
Pack 3 pick 6:
    Forest
    Syndicate Enforcer
    Scab-Clan Charger
    Frilled Oculus
--> Burst of Strength
    Corpse Blockade
    Armored Transport
    Basilica Guards
    Gridlock
    Executioner's Swing (FOIL)
 
Pack 3 pick 7:
    Swamp (FOIL)
    Island
--> Gruul Keyrune
    Alpha Authority
    Skygames
    Basilica Guards
    Slate Street Ruffian
    Contaminated Ground
    Beckon Apparition
 
Pack 3 pick 8:
    Island
--> Ivy Lane Denizen
    Bioshift
    Horror of the Dim
    Nav Squad Commandos
    Hindervines
    Fortress Cyclops
    Righteous Charge
 
Pack 3 pick 9:
    Plains
    Simic Guildgate
    Dutiful Thrull
    Adaptive Snapjaw
--> Ruination Wurm
    Mortus Strider
    Predator's Rapport
 
Pack 3 pick 10:
    Forest
    Way of the Thief
    Armored Transport
    Hydroform
--> Wildwood Rebirth
    Dying Wish (FOIL)
 
Pack 3 pick 11:
    Mountain
--> Dimir Guildgate
    Midnight Recovery
    Last Thoughts (FOIL)
    Wildwood Rebirth
 
Pack 3 pick 12:
    Swamp
    Leyline Phantom
    Skygames
--> Midnight Recovery
 
Pack 3 pick 13:
    Plains
--> Scatter Arc
    Shielded Passage
 
Pack 3 pick 14:
    Forest
--> Corpse Blockade
 
Pack 3 pick 15:
--> Island
 
