Event #: 5277638
Time:    4/6/2013 1:56:24 PM
Players: 
    ihatetombrady
    SerG86
    calhoujd
    Brood88
    elasticity
    3noiv
--> malthrin
    croce3099
 
------ GTC ------
 
Pack 1 pick 1:
    Mountain
    Boros Guildgate
    Scatter Arc
    Gutter Skulk
    Disciple of the Old Ways
    Syndicate Enforcer
    Adaptive Snapjaw
    Skinbrand Goblin
    Assault Griffin
    Holy Mantle
    Zameck Guildmage
    Grisly Spectacle
    Hold the Gates
    Hydroform
--> Angelic Skirmisher
 
Pack 1 pick 2:
    Swamp
    Scab-Clan Charger
    Boros Elite
    Millennial Gargoyle
    Verdant Haven
    Furious Resistance
    Death's Approach
--> Skyknight Legionnaire
    Keymaster Rogue
    Daring Skyjek
    Towering Thunderfist
    Homing Lightning
    Wight of Precinct Six
    Beckon Apparition
 
Pack 1 pick 3:
    Swamp
    Boros Guildgate
    Zarichi Tiger
    Foundry Street Denizen
    Prophetic Prism
--> Zhur-Taa Swine
    Knight Watch
    Cinder Elemental
    Midnight Recovery
    Contaminated Ground
    Paranoid Delusions
    Greenside Watcher
    Agoraphobia
 
Pack 1 pick 4:
    Mountain
    Simic Fluxmage
    Gutter Skulk
    Syndicate Enforcer
    Burst of Strength
    Corpse Blockade
--> Shambleshark
    Armored Transport
    Knight Watch
    Rust Scarab
    Wasteland Viper
    Primal Visitation
 
Pack 1 pick 5:
    Mountain
    Dimir Guildgate
    Cloudfin Raptor
    Ember Beast
    Spell Rupture
--> Drakewing Krasis
    Slate Street Ruffian
    Naturalize
    Beckon Apparition
    Tin Street Market
    Crackling Perimeter
 
Pack 1 pick 6:
    Swamp
    Dimir Keyrune
    Assault Griffin
    Orzhov Guildgate
    Gridlock
    Totally Lost
    Fortress Cyclops
--> Metropolis Sprite
    Martial Glory
    Skyblinder Staff
 
Pack 1 pick 7:
    Mountain
    Plains (FOIL)
    Simic Guildgate
    Debtor's Pulpit
    Syndicate Enforcer
    Burst of Strength
--> Spell Rupture
    Hands of Binding
    Hydroform
 
Pack 1 pick 8:
    Island
    Scatter Arc
    Razortip Whip
--> Shambleshark
    Guildscorn Ward
    Nimbus Swimmer
    Forced Adaptation
    Primal Visitation
 
Pack 1 pick 9:
    Mountain
    Boros Guildgate
    Scatter Arc
    Adaptive Snapjaw
    Assault Griffin
--> Zameck Guildmage
    Hydroform
 
Pack 1 pick 10:
    Swamp
--> Millennial Gargoyle
    Verdant Haven
    Furious Resistance
    Towering Thunderfist
    Beckon Apparition
 
Pack 1 pick 11:
    Swamp
--> Foundry Street Denizen
    Knight Watch
    Midnight Recovery
    Contaminated Ground
 
Pack 1 pick 12:
    Mountain
--> Simic Fluxmage
    Armored Transport
    Primal Visitation
 
Pack 1 pick 13:
    Mountain
--> Tin Street Market
    Crackling Perimeter
 
Pack 1 pick 14:
    Swamp
--> Skyblinder Staff
 
Pack 1 pick 15:
--> Mountain
 
------ GTC ------
 
Pack 2 pick 1:
    Mountain
    Riot Gear
    Leyline Phantom
    Furious Resistance
    Death's Approach
    Bioshift
    Skyknight Legionnaire
    Scorchwalker
    Guildscorn Ward
    Hindervines
--> Elusive Krasis
    Righteous Charge
    Assemble the Legion
    Syndic of Tithes
    Balustrade Spy
 
Pack 2 pick 2:
    Swamp
    Boros Guildgate
    Zarichi Tiger
    Foundry Street Denizen
    Prophetic Prism
    Frenzied Tilling
    Massive Raid
    Wojek Halberdiers
    Knight Watch
    Cinder Elemental
    Hands of Binding
    Righteous Charge (FOIL)
    Ripscale Predator
--> Master Biomancer
 
Pack 2 pick 3:
    Plains
    Simic Guildgate
    Scatter Arc
    Syndicate Enforcer
    Burst of Strength
    Smite
--> Spell Rupture
    Basilica Guards
    Knight of Obligation
    Merfolk of the Depths
    Primal Visitation
    Kingpin's Pet
    Arrows of Justice
 
Pack 2 pick 4:
    Island
    Leyline Phantom
    Boros Elite
    Verdant Haven
--> Drakewing Krasis
    Ground Assault
    Horror of the Dim
    Nav Squad Commandos
    Wasteland Viper
    Skyblinder Staff
    Beckon Apparition
    Aerial Maneuver
 
Pack 2 pick 5:
    Swamp
    Boros Guildgate
--> Disciple of the Old Ways
    Dutiful Thrull (FOIL)
    Adaptive Snapjaw
    Massive Raid
    Shattering Blow
    Ruination Wurm
    Totally Lost
    Realmwright
    Gateway Shade
 
Pack 2 pick 6:
    Plains
    Warmind Infantry
    Foundry Street Denizen
    Burst of Strength
    Corpse Blockade
    Wojek Halberdiers
--> Armored Transport
    Smog Elemental
    Merfolk of the Depths
    Shadow Slice
 
Pack 2 pick 7:
    Mountain
    Gutter Skulk
--> Assault Griffin
    Bane Alley Broker
    Orzhov Guildgate
    Knight Watch
    Totally Lost
    Paranoid Delusions
    Skyblinder Staff
 
Pack 2 pick 8:
    Forest
    Razortip Whip
    Furious Resistance
--> Tower Defense
    Purge the Profane
    Shielded Passage
    Mental Vapors
    Tin Street Market
 
Pack 2 pick 9:
    Mountain
--> Leyline Phantom
    Furious Resistance
    Bioshift
    Guildscorn Ward
    Hindervines
    Righteous Charge
 
Pack 2 pick 10:
    Swamp
    Boros Guildgate
    Frenzied Tilling
--> Massive Raid
    Knight Watch
    Righteous Charge (FOIL)
 
Pack 2 pick 11:
    Plains
--> Simic Guildgate
    Scatter Arc
    Merfolk of the Depths
    Primal Visitation
 
Pack 2 pick 12:
    Island
    Verdant Haven
    Skyblinder Staff
--> Aerial Maneuver
 
Pack 2 pick 13:
    Swamp
    Boros Guildgate
--> Totally Lost
 
Pack 2 pick 14:
    Plains
--> Merfolk of the Depths
 
Pack 2 pick 15:
--> Mountain
 
------ GTC ------
 
Pack 3 pick 1:
    Island
    Dimir Charm
    Boros Keyrune
    Bomber Corps
    Psychic Strike
    Smite
    Adaptive Snapjaw
    Orzhov Guildgate
    Miming Slime
    Purge the Profane
    Slate Street Ruffian
    Midnight Recovery
    Thespian's Stage
--> Slaughterhorn
    Metropolis Sprite
 
Pack 3 pick 2:
    Plains
    Gruul Guildgate
--> Scab-Clan Charger
    Skyknight Legionnaire
    Frenzied Tilling
    Armored Transport
    Court Street Denizen
    Shadow Alley Denizen
    Firefist Striker
    Hellraiser Goblin
    Last Thoughts
    Naturalize
    Beckon Apparition
    Whispering Madness
 
Pack 3 pick 3:
    Plains
    Simic Guildgate
    Angelic Edict
    Syndicate Enforcer
--> Scab-Clan Charger
    Adaptive Snapjaw
    Skinbrand Goblin
    Miming Slime
    Shadow Alley Denizen
    Basilica Guards
    Smog Elemental
    Ruination Wurm
    Mortus Strider
 
Pack 3 pick 4:
    Swamp
    Orzhov Keyrune
    Riot Gear
    Scab-Clan Charger
    Furious Resistance
    Psychic Strike
    Ivy Lane Denizen
    Daring Skyjek
    Towering Thunderfist
    Guildscorn Ward
    Clinging Anemones
--> Pit Fight
 
Pack 3 pick 5:
    Plains
    Mountain (FOIL)
    Verdant Haven
    Ivy Lane Denizen
    Wojek Halberdiers
    Madcap Skills
    Horror of the Dim
    Guildscorn Ward
    Shadow Alley Denizen
    Righteous Charge
--> Rapid Hybridization
 
Pack 3 pick 6:
    Swamp
    Riot Gear
    Way of the Thief
--> Keymaster Rogue
    Spire Tracer
    Nav Squad Commandos
    Shattering Blow
    Righteous Charge
    Biovisionary
    Skullcrack
 
Pack 3 pick 7:
    Mountain
    Angelic Edict
--> Ivy Lane Denizen
    Death's Approach
    Nav Squad Commandos
    Gridlock
    Hindervines
    Predator's Rapport
    Skyblinder Staff
 
Pack 3 pick 8:
    Forest
    Foundry Street Denizen
    Leyline Phantom (FOIL)
--> Shambleshark
    Zameck Guildmage
    Contaminated Ground
    Predator's Rapport
    Beckon Apparition
 
Pack 3 pick 9:
    Island
    Boros Keyrune
    Adaptive Snapjaw
    Purge the Profane
    Midnight Recovery
    Thespian's Stage
--> Metropolis Sprite
 
Pack 3 pick 10:
    Plains
    Frenzied Tilling
    Armored Transport
    Hellraiser Goblin
    Last Thoughts
--> Naturalize
 
Pack 3 pick 11:
    Plains
    Simic Guildgate
--> Miming Slime
    Shadow Alley Denizen
    Ruination Wurm
 
Pack 3 pick 12:
    Swamp
    Furious Resistance
    Guildscorn Ward
--> Clinging Anemones
 
Pack 3 pick 13:
    Plains
--> Horror of the Dim
    Guildscorn Ward
 
Pack 3 pick 14:
    Swamp
--> Righteous Charge
 
Pack 3 pick 15:
--> Mountain
 
