Event #: 5281972
Time:    4/7/2013 1:22:47 PM
Players: 
    biggamejdb
    FalcotheLegend
    yaldaboath
    akidderz
--> malthrin
    frizzell66
    Absoluteown
    Moralelastix
 
------ GTC ------
 
Pack 1 pick 1:
    Mountain
--> Gyre Sage
    Simic Fluxmage
    Gutter Skulk
    Scab-Clan Charger
    Frilled Oculus
    Urban Evolution
    Millennial Gargoyle
    Burst of Strength (FOIL)
    Furious Resistance
    Act of Treason
    Purge the Profane
    Ruination Wurm
    Rapid Hybridization
    Forced Adaptation
 
Pack 1 pick 2:
    Mountain
    Dutiful Thrull
    Razortip Whip
    Furious Resistance
    Bioshift
--> Wojek Halberdiers
    Horror of the Dim
    Towering Thunderfist
    Urbis Protector
    Cinder Elemental
    Homing Lightning
    Shielded Passage
    Clinging Anemones
    Skarrg Goliath
 
Pack 1 pick 3:
    Island
    Skinbrand Goblin
    Frenzied Tilling
    Assault Griffin
    Spire Tracer
--> Firefist Striker
    Totally Lost
    Shadow Slice
    Last Thoughts
    Primal Visitation
    Skyblinder Staff
    Gateway Shade
    Aerial Maneuver
 
Pack 1 pick 4:
    Plains
    Dimir Charm
    Riot Gear
    Verdant Haven
    Keymaster Rogue
    Madcap Skills
    Urbis Protector
    Nav Squad Commandos
--> Wasteland Viper
    Hydroform
    Greenside Watcher
    Tin Street Market
 
Pack 1 pick 5:
    Swamp
    Boros Guildgate
    Zarichi Tiger
    Foundry Street Denizen
    Prophetic Prism
    Structural Collapse
    Tower Defense
    Ordruun Veteran
    Shattering Blow
--> Zameck Guildmage (FOIL)
    Midnight Recovery
 
Pack 1 pick 6:
    Forest
    Riot Gear
--> Zhur-Taa Swine
    Act of Treason
    Shielded Passage
    Mark for Death
    Predator's Rapport
    Forced Adaptation
    Paranoid Delusions
    Illusionist's Bracers
 
Pack 1 pick 7:
    Mountain
    Gruul Guildgate
--> Shambleshark
    Armored Transport
    Crocanura
    Court Street Denizen
    Totally Lost
    Naturalize
    Beckon Apparition
 
Pack 1 pick 8:
    Swamp
    Scatter Arc
    Act of Treason
    Urbis Protector
--> Hellraiser Goblin
    Purge the Profane
    Clinging Anemones
    Forced Adaptation
 
Pack 1 pick 9:
    Mountain
    Burst of Strength (FOIL)
    Furious Resistance
    Act of Treason
    Purge the Profane
--> Ruination Wurm
    Forced Adaptation
 
Pack 1 pick 10:
    Mountain
    Razortip Whip
    Furious Resistance
    Bioshift
    Shielded Passage
--> Clinging Anemones
 
Pack 1 pick 11:
    Island
    Frenzied Tilling
    Spire Tracer
    Totally Lost
--> Primal Visitation
 
Pack 1 pick 12:
    Plains
    Nav Squad Commandos
--> Hydroform
    Tin Street Market
 
Pack 1 pick 13:
    Swamp
    Structural Collapse
--> Shattering Blow
 
Pack 1 pick 14:
    Forest
--> Predator's Rapport
 
Pack 1 pick 15:
--> Mountain
 
------ GTC ------
 
Pack 2 pick 1:
    Forest
    Verdant Haven
    Ivy Lane Denizen
    Zhur-Taa Swine
    Madcap Skills
    Horror of the Dim
    Knight Watch
    Nav Squad Commandos
    Gridlock
    Mortus Strider
    Crypt Ghast
    Contaminated Ground
    Murder Investigation
--> Arrows of Justice
    Greenside Watcher
 
Pack 2 pick 2:
    Plains
    Gruul Guildgate
    Scatter Arc
    Orzhov Keyrune
    Gutter Skulk
--> Disciple of the Old Ways
    Ember Beast
    Drakewing Krasis
    Knight Watch
    Slate Street Ruffian
    Rapid Hybridization
    Wildwood Rebirth
    Beckon Apparition
    Crackling Perimeter
 
Pack 2 pick 3:
    Island
    Boros Keyrune
    Riot Gear
    Urban Evolution
    Furious Resistance
--> Shambleshark
    Guildscorn Ward
    Shattering Blow
    Fathom Mage
    Contaminated Ground
    Predator's Rapport
    Gateway Shade
    Balustrade Spy
 
Pack 2 pick 4:
    Island
    Simic Keyrune
    Millennial Gargoyle
    Act of Treason
    Alpha Authority
    Guildscorn Ward
--> Sapphire Drake
    Mystic Genesis
    Hold the Gates (FOIL)
    Clinging Anemones
    Contaminated Ground
    Forced Adaptation
 
Pack 2 pick 5:
    Forest
    Orzhov Charm
    Razortip Whip
--> Leyline Phantom
    Furious Resistance
    Death's Approach
    Coerced Confession
    Keymaster Rogue
    Guardian of the Gateless
    Shielded Passage
    Predator's Rapport
 
Pack 2 pick 6:
    Island
    Duskmantle Guildmage
    Razortip Whip
    Psychic Strike
    Keymaster Rogue
    Horror of the Dim
    Guildscorn Ward
    Clinging Anemones
    Metropolis Sprite
--> Molten Primordial
 
Pack 2 pick 7:
    Forest
    Boros Keyrune
    Gutter Skulk
    Knight Watch
--> Spire Tracer
    Skygames
    Basilica Guards
    Mind Grind
    Beckon Apparition
 
Pack 2 pick 8:
    Forest
    Way of the Thief
    Spire Tracer
--> Ruination Wurm
    Mortus Strider
    Midnight Recovery
    Last Thoughts
    Naturalize
 
Pack 2 pick 9:
    Forest
--> Verdant Haven
    Horror of the Dim
    Knight Watch
    Mortus Strider
    Contaminated Ground
    Murder Investigation
 
Pack 2 pick 10:
    Plains
    Scatter Arc
    Slate Street Ruffian
--> Wildwood Rebirth
    Beckon Apparition
    Crackling Perimeter
 
Pack 2 pick 11:
    Island
    Guildscorn Ward
    Shattering Blow
    Contaminated Ground
--> Predator's Rapport
 
Pack 2 pick 12:
    Island
    Guildscorn Ward
    Contaminated Ground
--> Forced Adaptation
 
Pack 2 pick 13:
    Coerced Confession
--> Shielded Passage
    Predator's Rapport
 
Pack 2 pick 14:
--> Horror of the Dim
    Guildscorn Ward
 
Pack 2 pick 15:
--> Skygames
 
------ GTC ------
 
Pack 3 pick 1:
    Mountain
    Sunhome Guildmage
    Riot Gear
    Way of the Thief
--> Verdant Haven
    Psychic Strike
    Keymaster Rogue
    Act of Treason
    Towering Thunderfist
    Nav Squad Commandos
    Purge the Profane
    Basilica Screecher
    Crypt Ghast
    Murder Investigation
    Crackling Perimeter
 
Pack 3 pick 2:
    Island
    Boros Guildgate
    Zarichi Tiger
    Foundry Street Denizen
    Bioshift
    Corpse Blockade
    Wojek Halberdiers
    Spire Tracer
    Skygames
--> Nimbus Swimmer
    Shadow Slice
    Aerial Maneuver
    Whispering Madness
    Skullcrack
 
Pack 3 pick 3:
    Mountain
    Orzhov Keyrune
    Way of the Thief
--> Mugging
    Verdant Haven
    Sage's Row Denizen
    Death's Approach
    Towering Thunderfist
    Nav Squad Commandos
    Viashino Shanktail
    Basilica Screecher
    Skyblinder Staff
    Arrows of Justice
 
Pack 3 pick 4:
    Plains
    Scatter Arc
    Gutter Skulk
--> Disciple of the Old Ways
    Sage's Row Denizen
    Ivy Lane Denizen
    Madcap Skills
    Voidwalk
    Martial Glory
    Balustrade Spy
    Serene Remembrance
    Illusionist's Bracers
 
Pack 3 pick 5:
    Plains
    Debtor's Pulpit
    Riot Gear
--> Cloudfin Raptor
    Sage's Row Denizen
    Act of Treason
    Miming Slime
    Shielded Passage
    Devour Flesh
    Paranoid Delusions
    Tin Street Market
 
Pack 3 pick 6:
    Forest
    Furious Resistance
    Knight Watch
    Shattering Blow
--> Ruination Wurm
    Shielded Passage
    Clinging Anemones
    Contaminated Ground
    Forced Adaptation
    Greenside Watcher
 
Pack 3 pick 7:
    Swamp
    Gruul Guildgate
--> Mugging
    Frenzied Tilling
    Nimbus Swimmer
    Spark Trooper
    Shadow Slice
    Last Thoughts
    Skyblinder Staff
 
Pack 3 pick 8:
    Forest
    Boros Guildgate
    Bioshift
    Knight Watch
    Spire Tracer
    Totally Lost
--> Naturalize
    Dying Wish
 
Pack 3 pick 9:
    Mountain
    Way of the Thief
--> Psychic Strike
    Towering Thunderfist
    Purge the Profane
    Murder Investigation
    Crackling Perimeter
 
Pack 3 pick 10:
    Island
    Boros Guildgate
    Zarichi Tiger
    Bioshift
    Skygames
--> Aerial Maneuver
 
Pack 3 pick 11:
    Mountain
    Way of the Thief
--> Verdant Haven
    Towering Thunderfist
    Skyblinder Staff
 
Pack 3 pick 12:
    Plains
--> Scatter Arc
    Voidwalk
    Serene Remembrance
 
Pack 3 pick 13:
    Plains
--> Riot Gear
    Tin Street Market
 
Pack 3 pick 14:
    Forest
--> Furious Resistance
 
Pack 3 pick 15:
--> Swamp
 
