Event #: 5422360
Time:    5/14/2013 8:50:31 PM
Players: 
    dworkin
    Kaltaen
    Baron_Higbee
--> bqlohr
    Macadosche
    Cl3an
    chuck3411
    Juised
 
------ DGM ------
 
Pack 1 pick 1:
    Sunspire Gatekeepers
--> Ral Zarek
    Mending Touch
    Runner's Bane
    Gruul War Chant
    Beetleform Mage
    Pilfered Plans
    Simic Guildgate
    Battering Krasis
    Maw of the Obzedat
    Blast of Genius
    Rakdos Cluestone
    Simic Cluestone
    Drown in Filth
    Maze Sentinel
 
Pack 1 pick 2:
    Lyev Decree
--> Warped Physique
    Weapon Surge
    Zhur-Taa Druid
    Thrashing Mossdog
    Hidden Strings
    Rakdos Drake
    Izzet Guildgate
    Korozda Gorgon
    Boros Cluestone
    Orzhov Cluestone
    Tithe Drinker
    Smelt-Ward Gatekeepers
    Toil/Trouble
 
Pack 1 pick 3:
    Lyev Decree
--> Warped Physique
    Weapon Surge
    Zhur-Taa Druid
    Thrashing Mossdog
    Hidden Strings
    Rakdos Drake
    Boros Guildgate
    Spike Jester
    Boros Cluestone
    Orzhov Cluestone
    Tithe Drinker
    Smelt-Ward Gatekeepers
 
Pack 1 pick 4:
    Lyev Decree
    Phytoburst
    Haazda Snare Squad
    Showstopper
    Armored Wolf-Rider
--> Dimir Guildgate (FOIL)
    Azorius Guildgate
    Species Gorger
    Orzhov Cluestone
    Maze Rusher
    Maze Abomination
    Opal Lake Gatekeepers
 
Pack 1 pick 5:
    Hired Torturer
    Mending Touch
    Steeple Roc
    Simic Guildgate
--> Rakdos Cluestone
    Golgari Cluestone
    Azorius Cluestone
    Uncovered Clues
    Maze Abomination
    Maze Glider
    Protect/Serve
 
Pack 1 pick 6:
    Riot Piker
    Clear a Path
    Runner's Bane
    Steeple Roc
    Wake the Reflections
    Rakdos Drake
    Debt to the Deathless
--> Blast of Genius
    Boros Cluestone
    Wind Drake
 
Pack 1 pick 7:
    Riot Piker
    Awe for the Guilds
    Simic Cluestone
    Mindstatic
    Drown in Filth
--> Woodlot Crawler
    Maze Sentinel
    Maze Behemoth
    Wear/Tear
 
Pack 1 pick 8:
    Riot Piker
    Scab-Clan Giant
    Awe for the Guilds
--> Morgue Burst
    Simic Cluestone
    Mindstatic
    Drown in Filth
    Maze Behemoth
 
Pack 1 pick 9:
    Mending Touch
--> Runner's Bane
    Pilfered Plans
    Blast of Genius
    Simic Cluestone
    Drown in Filth
    Maze Sentinel
 
Pack 1 pick 10:
    Lyev Decree
    Zhur-Taa Druid
    Hidden Strings
--> Izzet Guildgate
    Boros Cluestone
    Smelt-Ward Gatekeepers
 
Pack 1 pick 11:
    Lyev Decree
    Weapon Surge
    Hidden Strings
    Boros Cluestone
--> Smelt-Ward Gatekeepers
 
Pack 1 pick 12:
    Azorius Guildgate
    Orzhov Cluestone
    Maze Rusher
--> Opal Lake Gatekeepers
 
Pack 1 pick 13:
    Mending Touch
--> Uncovered Clues
    Maze Glider
 
Pack 1 pick 14:
--> Runner's Bane
    Boros Cluestone
 
Pack 1 pick 15:
--> Awe for the Guilds
 
------ GTC ------
 
Pack 2 pick 1:
    Swamp
    Dimir Guildgate
    Simic Fluxmage
    Way of the Thief
    Dutiful Thrull
--> Mugging
    Ember Beast
    Spell Rupture
    Wojek Halberdiers
    Homing Lightning
    Hindervines
    Slate Street Ruffian
    Fathom Mage
    Naturalize
    Tin Street Market
 
Pack 2 pick 2:
    Swamp
    Dimir Guildgate
    Simic Charm
    Psychic Strike
    Ember Beast
    Spell Rupture
    Tower Defense
    Hands of Binding
    Slate Street Ruffian
    Fortress Cyclops
    Naturalize
--> Devour Flesh
    Greenside Watcher
    Pit Fight
 
Pack 2 pick 3:
    Mountain
    Simic Guildgate
    Vizkopa Guildmage
    Zarichi Tiger
    Bomber Corps
    Spell Rupture
    Bioshift
    Skyknight Legionnaire
    Court Street Denizen
    Rust Scarab
    Shadow Alley Denizen
    Mind Grind
--> Soul Ransom (FOIL)
 
Pack 2 pick 4:
    Swamp
    Razortip Whip
    Leyline Phantom
    Furious Resistance
    Scorchwalker
    Guildscorn Ward
    Ætherize
    Clinging Anemones
    Mental Vapors
    Predator's Rapport
    Martial Glory
--> Diluvian Primordial
 
Pack 2 pick 5:
    Plains
    Scatter Arc
--> Warmind Infantry
    Smite
    Orzhov Guildgate
    Skygames
    Ordruun Veteran
    Slate Street Ruffian
    Mortus Strider
    Hold the Gates
    Kingpin's Pet
 
Pack 2 pick 6:
    Island
    Angelic Edict
    Keymaster Rogue
    Massive Raid
    Horror of the Dim
    Alpha Authority
    Vizkopa Confessor
--> Metropolis Sprite
    Forced Adaptation
    Beckon Apparition
 
Pack 2 pick 7:
    Plains
--> Dimir Guildgate
    Orzhov Keyrune
    Structural Collapse (FOIL)
    Spell Rupture
    Massive Raid
    Unexpected Results
    Midnight Recovery
    Martial Glory
 
Pack 2 pick 8:
    Swamp
    Syndicate Enforcer
    Leyline Phantom
    Burst of Strength
    Scorchwalker
    Armored Transport
--> Mortus Strider
    Predator's Rapport
 
Pack 2 pick 9:
    Swamp
    Way of the Thief
    Dutiful Thrull
--> Spell Rupture
    Wojek Halberdiers
    Hindervines
    Tin Street Market
 
Pack 2 pick 10:
    Swamp
--> Ember Beast
    Spell Rupture
    Tower Defense
    Fortress Cyclops
    Naturalize
 
Pack 2 pick 11:
    Mountain
    Zarichi Tiger
--> Bomber Corps
    Spell Rupture
    Bioshift
 
Pack 2 pick 12:
    Swamp
    Razortip Whip
--> Furious Resistance
    Guildscorn Ward
 
Pack 2 pick 13:
    Plains
    Scatter Arc
--> Orzhov Guildgate
 
Pack 2 pick 14:
    Island
--> Forced Adaptation
 
Pack 2 pick 15:
--> Plains
 
------ RTR ------
 
Pack 3 pick 1:
    Korozda Monitor
    Fencing Ace
    Stab Wound
    Vitu-Ghazi Guildmage
    Teleportal
    Island
    Knightly Valor
    Runewing
    Paralyzing Grasp
    Perilous Shadow (FOIL)
    Catacomb Slug
    Axebane Stag
    Common Bond
    Golgari Longlegs
--> Chaos Imps
 
Pack 3 pick 2:
    Mizzium Skin
    Assassin's Strike
    Electrickery (FOIL)
    Annihilating Fire
    Korozda Monitor
    Aerial Predation
    Selesnya Guildgate
    Selesnya Charm
--> Frostburn Weird
    Swamp
    Stealer of Secrets
    Dead Reveler
    Spawn of Rix Maadi
    Slum Reaper
 
Pack 3 pick 3:
    Aquus Steed
    Concordia Pegasus
    Downsize
    Drainpipe Vermin
    Rakdos Guildgate
--> Frostburn Weird
    Island
    Ethereal Armor
    Doorkeeper
    Racecourse Fury
    Pursuit of Flight
    Axebane Guardian
    Common Bond
 
Pack 3 pick 4:
    Crosstown Courier
    Dynacharge
    Azorius Guildgate
    Lyev Skyknight
    Izzet Keyrune
    Swamp
    Giant Growth
    Runewing
    Perilous Shadow
    Transguild Promenade
    Bazaar Krovod
--> Sphinx of the Chimes
 
Pack 3 pick 5:
    Avenging Arrow
    Crosstown Courier
    Downsize
    Cremate
    Launch Party
    Dark Revenant
    Plains
    Bellows Lizard
    Hussar Patrol
    Soul Tithe
--> Epic Experiment
 
Pack 3 pick 6:
    Trained Caracal
--> Izzet Charm
    Slaughter Games
    Island
    Dispel
    Chronic Flooding
    Batterhorn
    Horncaller's Chant
    Coursers' Accord
    Essence Backlash
 
Pack 3 pick 7:
    Concordia Pegasus
    Cancel
    Counterflux
    Island
    Isperia's Skywatch
    Bellows Lizard
    Dramatic Rescue
    Destroy the Evidence
--> Nivix Guildmage
 
Pack 3 pick 8:
    Tenement Crasher
    Electrickery
    Forest
--> Stealer of Secrets
    Cobblebrute
    Druid's Deliverance
    Psychic Spiral
    New Prahv Guildmage
 
Pack 3 pick 9:
    Teleportal
    Island
--> Runewing
    Perilous Shadow (FOIL)
    Catacomb Slug
    Axebane Stag
    Common Bond
 
Pack 3 pick 10:
    Mizzium Skin
    Korozda Monitor
    Aerial Predation
    Selesnya Guildgate
    Swamp
--> Stealer of Secrets
 
Pack 3 pick 11:
    Aquus Steed
    Drainpipe Vermin
    Island
--> Doorkeeper
    Racecourse Fury
 
Pack 3 pick 12:
    Crosstown Courier
--> Izzet Keyrune
    Swamp
    Bazaar Krovod
 
Pack 3 pick 13:
    Crosstown Courier
--> Downsize
    Plains
 
Pack 3 pick 14:
    Chronic Flooding
--> Essence Backlash
 
Pack 3 pick 15:
--> Destroy the Evidence
 
