Event #: 5478592
Time:    5/26/2013 10:30:22 AM
Players: 
    Bruygom
    weldin
    Yoyamime
--> bqlohr
    ShootingROCCAT
    Japaleno
    tmpayeras1
    Zibod
 
------ GTC ------
 
Pack 1 pick 1:
    Mountain
    Riot Gear
    Way of the Thief
    Dutiful Thrull
    Ivy Lane Denizen
    Gift of Orzhova
    Towering Thunderfist
    Spire Tracer
    Knight of Obligation
    Knight of Obligation (FOIL)
    Executioner's Swing
    Grisly Spectacle
    Clinging Anemones
    Gateway Shade
--> Hellkite Tyrant
 
Pack 1 pick 2:
    Plains
    Simic Fluxmage
--> Boros Charm
    Zarichi Tiger
    Cloudfin Raptor
    Bomber Corps
    Shambleshark
    Court Street Denizen
    Mortus Strider
    Nimbus Swimmer
    Wildwood Rebirth
    Devour Flesh
    Greenside Watcher
    Tin Street Market
 
Pack 1 pick 3:
    Mountain
    Gruul Guildgate
    Debtor's Pulpit
    Gutter Skulk
    Frilled Oculus
--> Ember Beast
    Spell Rupture
    Drakewing Krasis
    Urbis Protector
    Purge the Profane
    Slate Street Ruffian
    Alms Beast
    Wildwood Rebirth
 
Pack 1 pick 4:
    Plains
--> Mugging
    Leyline Phantom
    Verdant Haven
    Sage's Row Denizen
    Zhur-Taa Swine
    Scorchwalker
    Act of Treason
    Shadow Alley Denizen
    Mark for Death
    Skarrg Goliath
    Serene Remembrance
 
Pack 1 pick 5:
    Swamp
    Simic Guildgate
--> Skarrg Guildmage
    Zarichi Tiger
    Bomber Corps
    Smite
    Crocanura
    Court Street Denizen
    Hold the Gates
    Wildwood Rebirth
    Primal Visitation
 
Pack 1 pick 6:
    Island
    Scatter Arc
    Debtor's Pulpit
    Warmind Infantry
--> Wojek Halberdiers
    Spire Tracer
    Tower Defense
    Vizkopa Confessor
    Primal Visitation
    Aerial Maneuver
 
Pack 1 pick 7:
    Mountain
    Riot Gear
    Verdant Haven
    Massive Raid
    Act of Treason
    Knight Watch
    Shielded Passage
    Contaminated Ground
--> Martial Glory
 
Pack 1 pick 8:
    Plains
    Simic Keyrune
    Dutiful Thrull
--> Madcap Skills
    Horror of the Dim
    Nav Squad Commandos
    Biomass Mutation
    Predator's Rapport
 
Pack 1 pick 9:
    Mountain
    Riot Gear
    Dutiful Thrull
    Knight of Obligation
--> Knight of Obligation (FOIL)
    Clinging Anemones
    Gateway Shade
 
Pack 1 pick 10:
    Plains
    Zarichi Tiger
    Shambleshark
    Wildwood Rebirth
--> Greenside Watcher
    Tin Street Market
 
Pack 1 pick 11:
    Mountain
    Debtor's Pulpit
--> Gutter Skulk
    Urbis Protector
    Wildwood Rebirth
 
Pack 1 pick 12:
    Plains
--> Act of Treason
    Mark for Death
    Serene Remembrance
 
Pack 1 pick 13:
--> Bomber Corps
    Hold the Gates
    Primal Visitation
 
Pack 1 pick 14:
    Island
--> Aerial Maneuver
 
Pack 1 pick 15:
--> Mountain
 
------ GTC ------
 
Pack 2 pick 1:
    Swamp
    Disciple of the Old Ways
    Bomber Corps
    Adaptive Snapjaw
--> Skyknight Legionnaire
    Bane Alley Broker
    Orzhov Guildgate
    Ordruun Veteran
    Basilica Screecher
    Mortus Strider
    Deathpact Angel
    Midnight Recovery
    Rapid Hybridization
    Last Thoughts
    Aerial Maneuver
 
Pack 2 pick 2:
    Island
    Dimir Guildgate
    Simic Keyrune (FOIL)
--> Warmind Infantry
    Crocanura
    Cinder Elemental
    Guardian of the Gateless
    Vizkopa Confessor
    Midnight Recovery
    Last Thoughts
    Naturalize
    Metropolis Sprite
    Kingpin's Pet
    Pit Fight
 
Pack 2 pick 3:
    Mountain
    Simic Charm
    Riot Gear
--> Angelic Edict
    Coerced Confession
    Bioshift
    Massive Raid
    Act of Treason
    Undercity Informer
    Shielded Passage
    Metropolis Sprite
    Forced Adaptation
    Balustrade Spy
 
Pack 2 pick 4:
    Forest
    Duskmantle Guildmage
    Way of the Thief
    Razortip Whip
    Sage's Row Denizen
    Death's Approach
--> Wojek Halberdiers
    Madcap Skills
    Spire Tracer
    Nav Squad Commandos
    Incursion Specialist
    Mortus Strider
 
Pack 2 pick 5:
    Island
    Scatter Arc
    Riot Gear
    Furious Resistance
    Structural Collapse
    Guildscorn Ward
    Sapphire Drake
--> Fortress Cyclops
    Martial Glory
    Skullcrack
    Diluvian Primordial
 
Pack 2 pick 6:
    Swamp
    Leyline Phantom
--> Ember Beast
    Coerced Confession
    Orzhov Guildgate
    Shadow Alley Denizen
    Skygames
    Knight of Obligation
    Slate Street Ruffian
    Primal Visitation
 
Pack 2 pick 7:
    Plains
    Simic Guildgate
    Scatter Arc
    Angelic Edict
    Structural Collapse
    Alpha Authority
    Skygames
    Shielded Passage (FOIL)
--> Five-Alarm Fire
 
Pack 2 pick 8:
    Plains
    Gutter Skulk
    Disciple of the Old Ways
--> Knight Watch
    Rust Scarab
    Hindervines
    Ruination Wurm
    Beckon Apparition
 
Pack 2 pick 9:
    Swamp
    Disciple of the Old Ways
--> Bomber Corps
    Mortus Strider
    Midnight Recovery
    Last Thoughts
    Aerial Maneuver
 
Pack 2 pick 10:
    Island
    Simic Keyrune (FOIL)
--> Cinder Elemental
    Midnight Recovery
    Last Thoughts
    Naturalize
 
Pack 2 pick 11:
    Mountain
    Riot Gear
    Bioshift
--> Massive Raid
    Act of Treason
 
Pack 2 pick 12:
    Forest
    Razortip Whip
--> Death's Approach
    Incursion Specialist
 
Pack 2 pick 13:
--> Furious Resistance
    Structural Collapse
    Guildscorn Ward
 
Pack 2 pick 14:
    Swamp
--> Skygames
 
Pack 2 pick 15:
--> Plains
 
------ GTC ------
 
Pack 3 pick 1:
    Mountain
    Dimir Keyrune
    Sage's Row Denizen
    Psychic Strike
    Ivy Lane Denizen
    Death's Approach
    Bioshift
    Massive Raid
    Knight Watch
    Mindeye Drake
    Guardian of the Gateless
--> Assemble the Legion
    Contaminated Ground
    Skyblinder Staff
    Balustrade Spy
 
Pack 3 pick 2:
    Plains
    Cloudfin Raptor
    Burst of Strength
    Spell Rupture
    Ground Assault
    Wojek Halberdiers
    Spire Tracer
    Basilica Guards
    Hydroform
    Ripscale Predator
    Devour Flesh
    Aerial Maneuver
    Tin Street Market
--> Aurelia's Fury
 
Pack 3 pick 3:
    Mountain
    Boros Guildgate
    Dutiful Thrull
    Bioshift
--> Assault Griffin
    Armored Transport
    Towering Thunderfist
    Crowned Ceratok
    Merfolk of the Depths
    Executioner's Swing
    Totally Lost
    Murder Investigation
    Naturalize
 
Pack 3 pick 4:
    Swamp
    Deathcult Rogue
    Frilled Oculus
    Millennial Gargoyle
    Act of Treason
    Guildscorn Ward
    Wight of Precinct Six
    Clinging Anemones
    Shadow Slice
    Forced Adaptation
--> Arrows of Justice
    Pit Fight
 
Pack 3 pick 5:
    Forest
    Gruul Keyrune
    Angelic Edict
    Millennial Gargoyle
    Death's Approach
--> Skyknight Legionnaire
    Keymaster Rogue
    Massive Raid
    Metropolis Sprite
    Predator's Rapport
    Illness in the Ranks
 
Pack 3 pick 6:
    Forest
    Syndicate Enforcer
    Foundry Street Denizen
    Corpse Blockade
--> Daring Skyjek
    Towering Thunderfist
    Hellraiser Goblin
    Ruination Wurm
    Voidwalk
    Greenside Watcher
 
Pack 3 pick 7:
    Swamp
    Boros Guildgate
--> Mugging
    Zarichi Tiger
    Foundry Street Denizen
    Smite
    Skygames
    Purge the Profane
    Gateway Shade
 
Pack 3 pick 8:
    Plains
    Orzhov Keyrune
    Leyline Phantom
    Drakewing Krasis
    Keymaster Rogue
    Shadow Alley Denizen
--> Homing Lightning
    Clinging Anemones
 
Pack 3 pick 9:
    Mountain
--> Death's Approach
    Bioshift
    Massive Raid
    Knight Watch
    Contaminated Ground
    Skyblinder Staff
 
Pack 3 pick 10:
    Plains
--> Wojek Halberdiers
    Spire Tracer
    Hydroform
    Aerial Maneuver
    Tin Street Market
 
Pack 3 pick 11:
    Mountain
    Towering Thunderfist
    Merfolk of the Depths
    Murder Investigation
--> Naturalize
 
Pack 3 pick 12:
    Swamp
    Act of Treason
    Guildscorn Ward
--> Pit Fight
 
Pack 3 pick 13:
    Forest
--> Massive Raid
    Illness in the Ranks
 
Pack 3 pick 14:
    Forest
--> Foundry Street Denizen
 
Pack 3 pick 15:
--> Swamp
 
