Event #: 5543193
Time:    6/8/2013 4:39:52 PM
Players: 
    TheRoboGeisha
    YourTexasRangers
    nShaken
--> malthrin
    karlkrak
    NightLord71
    Luifon
    buresbl
 
------ DGM ------
 
Pack 1 pick 1:
    Ubul Sar Gatekeepers
    Dimir Cluestone
    Boros Mastiff
    Uncovered Clues
    Rubblebelt Maaka
--> Viashino Firstblade
    Weapon Surge
    Zhur-Taa Druid
    Lyev Decree
    Maze Abomination
    Ascended Lawmage
    Maw of the Obzedat
    Gleam of Battle
    Teysa, Envoy of Ghosts
    Izzet Guildgate
 
Pack 1 pick 2:
    Armored Wolf-Rider
    Izzet Cluestone
--> Rubblebelt Maaka
    Hired Torturer
    Murmuring Phantasm
    Gruul Cluestone
    Maze Sentinel
    Pilfered Plans
    Rakdos Cluestone
    Battering Krasis
    Haunter of Nightveil
    Protect/Serve
    Possibility Storm
    Rakdos Guildgate
 
Pack 1 pick 3:
    Smelt-Ward Gatekeepers
    Steeple Roc
    Mending Touch
    Uncovered Clues
    Golgari Cluestone
    Azorius Cluestone
    Crypt Incursion
    Deputy of Acquittals
    Riot Control
    Wind Drake
    Feral Animist
--> Catch/Release
    Simic Guildgate
 
Pack 1 pick 4:
    Mindstatic
    Mutant's Prey
    Sunspire Gatekeepers
    Golgari Cluestone
    Deputy of Acquittals
    Gruul Cluestone
    Crypt Incursion
    Opal Lake Gatekeepers
    Protect/Serve
    Scab-Clan Giant
--> Blast of Genius
    Selesnya Guildgate
 
Pack 1 pick 5:
    Smelt-Ward Gatekeepers
    Steeple Roc
    Mending Touch
    Uncovered Clues
    Wake the Reflections (FOIL)
    Azorius Cluestone
    Crypt Incursion
    Deputy of Acquittals
    Riot Control
--> Wind Drake
    Showstopper
 
Pack 1 pick 6:
    Maze Behemoth
    Hidden Strings
    Boros Cluestone
    Orzhov Cluestone
    Rakdos Drake
--> Maze Glider
    Rakdos Cluestone
    Saruli Gatekeepers
    Awe for the Guilds
    Rakdos Guildgate
 
Pack 1 pick 7:
    Smelt-Ward Gatekeepers
    Steeple Roc
    Mending Touch
    Uncovered Clues
    Golgari Cluestone
    Azorius Cluestone
    Crypt Incursion
    Riot Control
--> Armed/Dangerous
 
Pack 1 pick 8:
    Maze Behemoth
    Mindstatic
--> Riot Piker
    Drown in Filth
    Sinister Possession
    Maze Glider
    Selesnya Cluestone
    Clear a Path
 
Pack 1 pick 9:
    Boros Mastiff
    Uncovered Clues
--> Weapon Surge
    Lyev Decree
    Maze Abomination
    Maw of the Obzedat
    Gleam of Battle
 
Pack 1 pick 10:
    Izzet Cluestone
--> Murmuring Phantasm
    Maze Sentinel
    Rakdos Cluestone
    Protect/Serve
    Possibility Storm
 
Pack 1 pick 11:
    Mending Touch
--> Uncovered Clues
    Golgari Cluestone
    Crypt Incursion
    Riot Control
 
Pack 1 pick 12:
    Mindstatic
    Mutant's Prey
    Crypt Incursion
--> Protect/Serve
 
Pack 1 pick 13:
    Mending Touch
--> Uncovered Clues
    Crypt Incursion
 
Pack 1 pick 14:
--> Hidden Strings
    Awe for the Guilds
 
Pack 1 pick 15:
--> Uncovered Clues
 
------ GTC ------
 
Pack 2 pick 1:
    Leyline Phantom
    Syndic of Tithes
    Shadow Alley Denizen
    Crocanura
    Warmind Infantry
    Razortip Whip
    Furious Resistance
    Keymaster Rogue
    Beckon Apparition
    Deathcult Rogue
    Agoraphobia
    Ripscale Predator
    Undercity Informer
--> Domri Rade
    Forest
 
Pack 2 pick 2:
    Aerial Maneuver
    Basilica Screecher
    Disciple of the Old Ways
    Spell Rupture
    Slate Street Ruffian
--> Ember Beast
    Wildwood Rebirth
    Shambleshark
    Shattering Blow
    Arrows of Justice
    Merfolk of the Depths
    Crackling Perimeter
    Whispering Madness
    Plains
 
Pack 2 pick 3:
    Shadow Alley Denizen
    Scab-Clan Charger
    Leyline Phantom
    Death's Approach
    Verdant Haven
    Sage's Row Denizen
    Act of Treason
    Drakewing Krasis
    Purge the Profane
    Righteous Charge
--> Viashino Shanktail
    Spark Trooper
    Forest
 
Pack 2 pick 4:
    Daring Skyjek
    Towering Thunderfist
    Hands of Binding
    Verdant Haven
    Keymaster Rogue
    Nav Squad Commandos
--> Madcap Skills
    Bioshift
    Elusive Krasis
    Mark for Death
    Nightveil Specter
    Swamp
 
Pack 2 pick 5:
    Knight Watch
    Gutter Skulk
    Scatter Arc
    Structural Collapse
    Guildscorn Ward
    Furious Resistance
    Riot Gear
    Martial Glory
    Vizkopa Confessor
--> Five-Alarm Fire
    Mountain
 
Pack 2 pick 6:
    Hands of Binding
    Greenside Watcher
    Guildscorn Ward
    Furious Resistance
    Riot Gear
    Ivy Lane Denizen
    Primal Visitation
    Gruul Charm
--> Wasteland Viper
    Swamp
 
Pack 2 pick 7:
    Towering Thunderfist
    Way of the Thief
    Naturalize
    Armored Transport
    Totally Lost
--> Ruination Wurm
    Beckon Apparition
    Whispering Madness
    Island
 
Pack 2 pick 8:
    Undercity Plague (FOIL)
    Hands of Binding
--> Massive Raid
    Midnight Recovery
    Foundry Street Denizen
    Zarichi Tiger
    Skygames
    Plains
 
Pack 2 pick 9:
    Shadow Alley Denizen
    Razortip Whip
    Furious Resistance
--> Keymaster Rogue
    Beckon Apparition
    Ripscale Predator
    Forest
 
Pack 2 pick 10:
    Slate Street Ruffian
    Wildwood Rebirth
    Shattering Blow
    Merfolk of the Depths
--> Whispering Madness
    Plains
 
Pack 2 pick 11:
    Shadow Alley Denizen
--> Act of Treason
    Purge the Profane
    Righteous Charge
    Forest
 
Pack 2 pick 12:
    Hands of Binding
    Bioshift
--> Mark for Death
    Swamp
 
Pack 2 pick 13:
    Riot Gear
--> Martial Glory
    Mountain
 
Pack 2 pick 14:
--> Furious Resistance
    Swamp
 
Pack 2 pick 15:
--> Island
 
------ RTR ------
 
Pack 3 pick 1:
    Inspiration
    Druid's Deliverance
    Ethereal Armor
    Inaction Injunction
--> Drudge Beetle
    Rakdos Guildgate
    Voidwielder
    Selesnya Sentry
    Auger Spree
    Common Bond
    Bazaar Krovod
    Ultimate Price
    Rix Maadi Guildmage
    Worldspine Wurm
    Forest
 
Pack 3 pick 2:
    Drainpipe Vermin
    Swift Justice
    Horncaller's Chant
    Ogre Jailbreaker
    Batterhorn
    Seller of Songbirds
    Sewer Shambler
    Sundering Growth
    Auger Spree
    Sphere of Safety
    Racecourse Fury
--> Rakdos Cackler
    Grave Betrayal
    Forest
 
Pack 3 pick 3:
    Cancel
    Bellows Lizard
    Armory Guard
    Rakdos Guildgate
    Selesnya Sentry
    Ogre Jailbreaker
    Batterhorn
    Trestle Troll
    Auger Spree
    Phantom General
--> Gobbling Ooze
    Hellhole Flailer
    Island
 
Pack 3 pick 4:
    Rootborn Defenses
    Urban Burgeoning
    Mizzium Skin
    Centaur's Herald
    Destroy the Evidence
    Tower Drake
    Knightly Valor
    Goblin Electromancer
--> Golgari Decoy
    Azorius Charm
    Mana Bloom
    Island
 
Pack 3 pick 5:
    Druid's Deliverance
--> Electrickery
    Crosstown Courier
    Launch Party
    Selesnya Sentry
    Axebane Stag (FOIL)
    Trestle Troll
    Goblin Electromancer
    Civic Saber
    Call of the Conclave
    Mountain
 
Pack 3 pick 6:
    Electrickery
    Crosstown Courier
    Bellows Lizard
    Stonefare Crocodile
--> Gore-House Chainwalker
    Inaction Injunction
    Spawn of Rix Maadi
    Shrieking Affliction
    Racecourse Fury
    Mountain
 
Pack 3 pick 7:
    Axebane Stag
    Catacomb Slug
    Doorkeeper
--> Lobber Crew
    Seller of Songbirds
    Grisly Salvage
    Minotaur Aggressor
    Nivix Guildmage
    Plains
 
Pack 3 pick 8:
    Survey the Wreckage
    Axebane Stag
    Deviant Glee
--> Avenging Arrow
    Selesnya Guildgate
    Grim Roustabout
    Rites of Reaping
    Mountain
 
Pack 3 pick 9:
    Inspiration
--> Druid's Deliverance
    Ethereal Armor
    Selesnya Sentry
    Common Bond
    Bazaar Krovod
    Forest
 
Pack 3 pick 10:
    Drainpipe Vermin
    Horncaller's Chant
    Sundering Growth
--> Sphere of Safety
    Racecourse Fury
    Forest
 
Pack 3 pick 11:
    Cancel
--> Bellows Lizard
    Selesnya Sentry
    Batterhorn
    Island
 
Pack 3 pick 12:
--> Rootborn Defenses
    Urban Burgeoning
    Mizzium Skin
    Island
 
Pack 3 pick 13:
    Druid's Deliverance
--> Goblin Electromancer
    Mountain
 
Pack 3 pick 14:
--> Racecourse Fury
    Mountain
 
Pack 3 pick 15:
--> Plains
 
