Event #: 5607737
Time:    6/22/2013 3:07:43 PM
Players: 
    J.Giesen
    merrickthebrave
    malz77
    Planeswalker2010
--> malthrin
    1866
    Nightmare303
    Lawre
 
------ DGM ------
 
Pack 1 pick 1:
    Boros Mastiff
    Phytoburst
    Smelt-Ward Gatekeepers
    Armored Wolf-Rider
    Izzet Cluestone
    Notion Thief (FOIL)
    Opal Lake Gatekeepers
    Lyev Decree
    Pilfered Plans
    Sinister Possession
    Feral Animist
    Showstopper
    Rot Farm Skeleton
--> Pyrewild Shaman
    Orzhov Guildgate
 
Pack 1 pick 2:
    Haazda Snare Squad
    Maze Behemoth
    Mindstatic
    Simic Cluestone
    Riot Piker
    Drown in Filth
--> Zhur-Taa Druid
    Lyev Decree
    Maze Abomination
    Maze Glider
    Maw of the Obzedat
    Feral Animist
    Blast of Genius
    Gruul Guildgate
 
Pack 1 pick 3:
    Nivix Cyclops
    Izzet Cluestone
    Mutant's Prey
    Steeple Roc
    Armored Wolf-Rider (FOIL)
    Opal Lake Gatekeepers
    Kraul Warrior
    Wake the Reflections
    Awe for the Guilds
    Battering Krasis
    Maw of the Obzedat
--> Gruul War Chant
    Plasm Capture
 
Pack 1 pick 4:
    Ubul Sar Gatekeepers
    Dimir Cluestone
    Boros Mastiff
    Uncovered Clues
--> Rubblebelt Maaka
    Viashino Firstblade
    Rakdos Cluestone
    Awe for the Guilds
    Crypt Incursion
    Spike Jester
    Rot Farm Skeleton
    Rakdos Guildgate
 
Pack 1 pick 5:
    Haazda Snare Squad
    Maze Behemoth
    Mindstatic
    Simic Cluestone
    Riot Piker
    Drown in Filth
--> Zhur-Taa Druid
    Lyev Decree
    Maze Abomination
    Maze Glider
    Rot Farm Skeleton
 
Pack 1 pick 6:
    Maze Rusher
    Bane Alley Blackguard
    Orzhov Cluestone
    Phytoburst
    Haazda Snare Squad
    Clear a Path
    Weapon Surge
    Saruli Gatekeepers
    Goblin Test Pilot
--> Boros Guildgate
 
Pack 1 pick 7:
--> Armored Wolf-Rider
    Azorius Cluestone
    Hidden Strings
    Murmuring Phantasm
    Riot Control
    Deputy of Acquittals
    Crypt Incursion
    Down/Dirty
    Melek, Izzet Paragon
 
Pack 1 pick 8:
    Maze Rusher
    Bane Alley Blackguard
    Orzhov Cluestone
    Phytoburst
    Haazda Snare Squad
    Clear a Path
    Weapon Surge
--> Zhur-Taa Ancient
 
Pack 1 pick 9:
    Phytoburst
    Smelt-Ward Gatekeepers
--> Armored Wolf-Rider
    Izzet Cluestone
    Lyev Decree
    Sinister Possession
    Showstopper
 
Pack 1 pick 10:
    Mindstatic
    Simic Cluestone
--> Riot Piker
    Drown in Filth
    Lyev Decree
    Feral Animist
 
Pack 1 pick 11:
    Izzet Cluestone
    Mutant's Prey
    Opal Lake Gatekeepers
    Wake the Reflections
--> Awe for the Guilds
 
Pack 1 pick 12:
    Dimir Cluestone
    Rakdos Cluestone
--> Awe for the Guilds
    Crypt Incursion
 
Pack 1 pick 13:
    Mindstatic
    Drown in Filth
--> Lyev Decree
 
Pack 1 pick 14:
--> Clear a Path
    Goblin Test Pilot
 
Pack 1 pick 15:
--> Hidden Strings
 
------ GTC ------
 
Pack 2 pick 1:
    Structural Collapse
    Gutter Skulk
    Frilled Oculus
    Foundry Street Denizen
    Zarichi Tiger
    Boros Guildgate
    Skygames
    Corpse Blockade
    Bioshift
    Wojek Halberdiers
--> Sunhome Guildmage
    Sapphire Drake
    Knight of Obligation
    Stolen Identity
    Island
 
Pack 2 pick 2:
    Gutter Skulk
--> Disciple of the Old Ways
    Scatter Arc
    Structural Collapse
    Death's Approach
    Sage's Row Denizen
    Skyblinder Staff
    Nav Squad Commandos
    Wojek Halberdiers
    Mugging
    Dinrova Horror
    Ætherize
    Thrull Parasite
    Forest
 
Pack 2 pick 3:
    Daring Skyjek
    Towering Thunderfist
--> Ivy Lane Denizen
    Clinging Anemones
    Horror of the Dim
    Shielded Passage
    Razortip Whip
    Deathcult Rogue
    Martial Glory
    Urbis Protector
    Mindeye Drake
    Undercity Informer
    Swamp
 
Pack 2 pick 4:
    Shadow Alley Denizen
--> Crocanura
    Wildwood Rebirth
    Dimir Guildgate
    Prophetic Prism
    Midnight Recovery
    Shattering Blow
    Simic Keyrune
    Orzhov Charm
    Hindervines
    Realmwright
    Forest
 
Pack 2 pick 5:
    Hands of Binding
--> Greenside Watcher
    Burst of Strength
    Prophetic Prism
    Orzhov Guildgate
    Totally Lost
    Assault Griffin
    Beckon Apparition
    Call of the Nightwing
    Skullcrack
    Mountain
 
Pack 2 pick 6:
    Shadow Alley Denizen
    Leyline Phantom
    Wildwood Rebirth
    Foundry Street Denizen
    Corpse Blockade
    Purge the Profane
    Psychic Strike
--> Gruul Keyrune
    Mindeye Drake
    Plains
 
Pack 2 pick 7:
--> Tin Street Market
    Aerial Maneuver
    Furious Resistance
    Millennial Gargoyle
    Verdant Haven
    Mortus Strider
    Orzhov Keyrune
    Hold the Gates
    Forest
 
Pack 2 pick 8:
    Leyline Phantom
    Aerial Maneuver
    Millennial Gargoyle
    Shielded Passage
    Riot Gear
    Beckon Apparition
--> Fortress Cyclops
    Island
 
Pack 2 pick 9:
    Structural Collapse
    Foundry Street Denizen
    Zarichi Tiger
    Skygames
    Bioshift
--> Wojek Halberdiers
    Island
 
Pack 2 pick 10:
    Scatter Arc
    Structural Collapse
    Skyblinder Staff
--> Nav Squad Commandos
    Dinrova Horror
    Forest
 
Pack 2 pick 11:
    Clinging Anemones
    Shielded Passage
    Razortip Whip
--> Martial Glory
    Swamp
 
Pack 2 pick 12:
--> Wildwood Rebirth
    Midnight Recovery
    Hindervines
    Forest
 
Pack 2 pick 13:
--> Totally Lost
    Beckon Apparition
    Mountain
 
Pack 2 pick 14:
--> Purge the Profane
    Plains
 
Pack 2 pick 15:
--> Forest
 
------ RTR ------
 
Pack 3 pick 1:
    Rootborn Defenses
    Dispel
    Golgari Guildgate
--> Centaur's Herald
    Perilous Shadow
    Tenement Crasher
    Sunspire Griffin
    Azorius Guildgate
    Spawn of Rix Maadi
    Frostburn Weird
    Zanikev Locust
    Lyev Skyknight
    Soulsworn Spirit
    Death's Presence
    Mountain
 
Pack 3 pick 2:
    Swift Justice
    Horncaller's Chant
    Cancel
    Dead Reveler
    Annihilating Fire
    Korozda Monitor
    Rites of Reaping (FOIL)
    Tenement Crasher
    Common Bond
    Golgari Longlegs
    Gobbling Ooze
--> Street Spasm
    Rakdos Ringleader
    Swamp
 
Pack 3 pick 3:
    Urban Burgeoning
    Inspiration
    Trained Caracal
--> Gore-House Chainwalker
    Gatecreeper Vine
    Azorius Arrester
    Izzet Guildgate
    Daggerdrome Imp
    Rakdos Shred-Freak
    Search Warrant
    Faerie Impostor
    Dark Revenant
    Forest
 
Pack 3 pick 4:
    Chronic Flooding
--> Giant Growth
    Traitorous Instinct
    Rakdos Guildgate
    Selesnya Sentry
    Ogre Jailbreaker
    Batterhorn
    Sundering Growth
    Minotaur Aggressor
    Golgari Keyrune
    Pithing Needle
    Swamp
 
Pack 3 pick 5:
    Crosstown Courier
    Launch Party
    Bellows Lizard
    Dispel
    Batterhorn
    Inaction Injunction
    Transguild Promenade
    Oak Street Innkeeper
    Judge's Familiar
--> Rakdos Cackler
    Plains
 
Pack 3 pick 6:
    Ethereal Armor
    Paralyzing Grasp
    Chorus of Might
    Mind Rot
    Axebane Guardian
    Keening Apparition
    Spawn of Rix Maadi
--> Minotaur Aggressor
    Golgari Charm
    Forest
 
Pack 3 pick 7:
    Catacomb Slug
    Launch Party
    Rootborn Defenses
--> Viashino Racketeer
    Sewer Shambler
    Dramatic Rescue
    Soul Tithe
    Thoughtflare
    Swamp
 
Pack 3 pick 8:
--> Traitorous Instinct
    Inspiration
    Stealer of Secrets
    Vassal Soul
    Azorius Justiciar
    Rakdos Ragemutt
    Search the City
    Plains
 
Pack 3 pick 9:
    Rootborn Defenses
    Dispel
    Perilous Shadow
--> Tenement Crasher
    Azorius Guildgate
    Death's Presence
    Mountain
 
Pack 3 pick 10:
    Horncaller's Chant
    Cancel
    Rites of Reaping (FOIL)
--> Tenement Crasher
    Gobbling Ooze
    Swamp
 
Pack 3 pick 11:
    Urban Burgeoning
    Trained Caracal
--> Izzet Guildgate
    Search Warrant
    Forest
 
Pack 3 pick 12:
    Chronic Flooding
--> Rakdos Guildgate
    Batterhorn
    Swamp
 
Pack 3 pick 13:
--> Crosstown Courier
    Bellows Lizard
    Plains
 
Pack 3 pick 14:
--> Keening Apparition
    Forest
 
Pack 3 pick 15:
--> Swamp
 
