Event #: 5607148
Time:    6/22/2013 12:27:52 PM
Players: 
    Rogue Angel
    DaMao1
    Fadedposterchild
    cptblacksparrow
--> malthrin
    Darksorin
    srich0215
    JERM9
 
------ DGM ------
 
Pack 1 pick 1:
    Izzet Cluestone
    Mutant's Prey
    Steeple Roc
    Riot Piker
    Boros Cluestone
    Rakdos Drake
    Opal Lake Gatekeepers
    Kraul Warrior
    Wake the Reflections
    Awe for the Guilds
    Bronzebeak Moa
    Haunter of Nightveil
    Goblin Test Pilot
--> Ætherling
    Simic Guildgate
 
Pack 1 pick 2:
--> Runner's Bane
    Viashino Firstblade
    Mindstatic
    Mutant's Prey
    Sunspire Gatekeepers
    Golgari Cluestone
    Battering Krasis
    Morgue Burst
    Maze Sentinel
    Sinister Possession
    Feral Animist
    Rot Farm Skeleton
    Bred for the Hunt
    Notion Thief
 
Pack 1 pick 3:
    Mending Touch
    Simic Cluestone
--> Runner's Bane
    Beetleform Mage
    Maze Rusher
    Sinister Possession
    Kraul Warrior
    Zhur-Taa Druid
    Wake the Reflections
    Toil/Trouble
    Down/Dirty
    Blaze Commando
    Orzhov Guildgate
 
Pack 1 pick 4:
    Hidden Strings (FOIL)
    Viashino Firstblade
    Mindstatic
    Mutant's Prey
    Sunspire Gatekeepers
    Golgari Cluestone
    Battering Krasis
    Morgue Burst
    Maze Sentinel
    Sinister Possession
--> Ascended Lawmage
    Azorius Guildgate
 
Pack 1 pick 5:
    Tithe Drinker
    Smelt-Ward Gatekeepers
    Mending Touch
    Uncovered Clues
    Golgari Cluestone
    Fatal Fumes
    Murmuring Phantasm
    Gruul Cluestone
    Maze Sentinel
    Toil/Trouble
--> Dimir Guildgate
 
Pack 1 pick 6:
    Maze Behemoth
    Hidden Strings
    Boros Cluestone
    Orzhov Cluestone
    Riot Control
    Wind Drake
    Morgue Burst
    Thrashing Mossdog
--> Jelenn Sphinx
    Restore the Peace
 
Pack 1 pick 7:
    Azorius Cluestone
    Hidden Strings
    Ubul Sar Gatekeepers
    Riot Control
--> Deputy of Acquittals
    Gruul Cluestone
    Crypt Incursion
    Down/Dirty
    Bred for the Hunt
 
Pack 1 pick 8:
    Mindstatic
    Simic Cluestone
    Riot Piker
--> Dimir Cluestone
    Weapon Surge
    Lyev Decree
    Maze Abomination
    Gleam of Battle
 
Pack 1 pick 9:
--> Izzet Cluestone
    Mutant's Prey
    Riot Piker
    Boros Cluestone
    Wake the Reflections
    Awe for the Guilds
    Goblin Test Pilot
 
Pack 1 pick 10:
    Mutant's Prey
    Golgari Cluestone
--> Maze Sentinel
    Sinister Possession
    Rot Farm Skeleton
    Bred for the Hunt
 
Pack 1 pick 11:
    Mending Touch
    Maze Rusher
    Sinister Possession
    Wake the Reflections
--> Down/Dirty
 
Pack 1 pick 12:
--> Mindstatic
    Mutant's Prey
    Maze Sentinel
    Sinister Possession
 
Pack 1 pick 13:
    Mending Touch
--> Murmuring Phantasm
    Maze Sentinel
 
Pack 1 pick 14:
--> Orzhov Cluestone
    Riot Control
 
Pack 1 pick 15:
--> Riot Control
 
------ GTC ------
 
Pack 2 pick 1:
    Predator's Rapport
    Contaminated Ground
    Scorchwalker
    Simic Guildgate
    Zarichi Tiger
    Bomber Corps
    Court Street Denizen
    Wildwood Rebirth
    Psychic Strike
    Shattering Blow
    Boros Charm
    Nimbus Swimmer
    Wight of Precinct Six
--> Obzedat, Ghost Council
    Plains
 
Pack 2 pick 2:
    Shielded Passage (FOIL)
--> Smite
    Slaughterhorn
    Ember Beast
    Gruul Guildgate
    Wildwood Rebirth
    Foundry Street Denizen
    Corpse Blockade
    Paranoid Delusions
    Drakewing Krasis
    Simic Charm
    Miming Slime
    Nightveil Specter
    Island
 
Pack 2 pick 3:
    Disciple of the Old Ways
    Massive Raid
    Metropolis Sprite
    Wildwood Rebirth
    Foundry Street Denizen
    Corpse Blockade
    Armored Transport
    Syndicate Enforcer
    Martial Glory
    Simic Charm
    Mental Vapors
--> Simic Manipulator
    Swamp
 
Pack 2 pick 4:
    Greenside Watcher
    Way of the Thief
    Tin Street Market
    Dutiful Thrull
    Burst of Strength
--> Basilica Guards
    Spell Rupture
    Kingpin's Pet
    Pit Fight
    Dimir Keyrune
    Boros Elite
    Forest
 
Pack 2 pick 5:
    Scab-Clan Charger
    Towering Thunderfist
    Court Street Denizen
    Naturalize
    Armored Transport
--> Totally Lost
    Boros Guildgate
    Beckon Apparition
    Gruul Charm
    Hold the Gates
    Mountain
 
Pack 2 pick 6:
    Devour Flesh
    Predator's Rapport
    Syndicate Enforcer
    Simic Guildgate
--> Basilica Guards
    Ember Beast
    Skygames
    Mortus Strider
    Murder Investigation
    Mountain
 
Pack 2 pick 7:
    Tin Street Market
    Aerial Maneuver
    Ember Beast
    Skygames
    Slate Street Ruffian
--> Orzhov Guildgate
    Psychic Strike
    Primal Visitation
    Plains
 
Pack 2 pick 8:
    Tin Street Market
    Dutiful Thrull
    Act of Treason
    Balustrade Spy
    Skinbrand Goblin (FOIL)
    Riot Gear
--> Urbis Protector
    Forest
 
Pack 2 pick 9:
    Predator's Rapport
    Contaminated Ground
--> Scorchwalker
    Bomber Corps
    Wildwood Rebirth
    Shattering Blow
    Plains
 
Pack 2 pick 10:
--> Shielded Passage (FOIL)
    Wildwood Rebirth
    Foundry Street Denizen
    Paranoid Delusions
    Miming Slime
    Island
 
Pack 2 pick 11:
    Foundry Street Denizen
    Corpse Blockade
--> Armored Transport
    Mental Vapors
    Swamp
 
Pack 2 pick 12:
    Tin Street Market
    Spell Rupture
--> Dimir Keyrune
    Forest
 
Pack 2 pick 13:
--> Armored Transport
    Beckon Apparition
    Mountain
 
Pack 2 pick 14:
--> Skygames
    Mountain
 
Pack 2 pick 15:
--> Plains
 
------ RTR ------
 
Pack 3 pick 1:
    Paralyzing Grasp
    Axebane Stag
    Catacomb Slug
--> Sunspire Griffin
    Selesnya Guildgate
    Korozda Monitor
    Runewing
    Stab Wound
    Dramatic Rescue
    Golgari Longlegs
    Shrieking Affliction
    Azorius Justiciar
    Dryad Militant
    Steam Vents
    Swamp
 
Pack 3 pick 2:
    Crosstown Courier
    Launch Party
    Avenging Arrow
    Centaur's Herald
    Dead Reveler
    Stealer of Secrets
    Knightly Valor
    Splatter Thug
    Grisly Salvage
--> Frostburn Weird
    Rogue's Passage
    Azorius Keyrune
    Dreg Mangler
    Plains
 
Pack 3 pick 3:
    Giant Growth
    Crosstown Courier
    Dynacharge
    Mind Rot
    Seller of Songbirds
--> Voidwielder
    Golgari Longlegs
    Search Warrant
    Rogue's Passage
    Vandalblast
    Selesnya Keyrune
    Firemind's Foresight
    Swamp
 
Pack 3 pick 4:
    Paralyzing Grasp
    Chorus of Might
    Eyes in the Skies
    Mind Rot
--> Keening Apparition
    Viashino Racketeer
    Vassal Soul
    Skull Rend
    Savage Surge
    Hover Barrier
    Blistercoil Weird
    Plains
 
Pack 3 pick 5:
    Axebane Stag
    Deviant Glee
    Avenging Arrow
    Runewing
--> Knightly Valor
    Towering Indrik
    Stealer of Secrets
    Spawn of Rix Maadi
    Coursers' Accord
    Soul Tithe
    Plains
 
Pack 3 pick 6:
    Axebane Stag
    Deviant Glee
    Avenging Arrow
    Korozda Monitor
    Trostani's Judgment
    Tenement Crasher
    Grim Roustabout
--> Tower Drake
    Bazaar Krovod
    Plains
 
Pack 3 pick 7:
    Chorus of Might
    Traitorous Instinct
    Inspiration
    Druid's Deliverance
--> Isperia's Skywatch
    Rubbleback Rhino
    Trestle Troll
    Oak Street Innkeeper
    Plains
 
Pack 3 pick 8:
    Catacomb Slug
    Survey the Wreckage
    Batterhorn
    Seller of Songbirds
--> Dramatic Rescue
    Coursers' Accord
    Security Blockade
    Forest
 
Pack 3 pick 9:
    Axebane Stag
    Catacomb Slug
    Korozda Monitor
    Runewing
--> Dramatic Rescue
    Shrieking Affliction
    Swamp
 
Pack 3 pick 10:
    Crosstown Courier
--> Avenging Arrow
    Stealer of Secrets
    Grisly Salvage
    Rogue's Passage
    Plains
 
Pack 3 pick 11:
    Crosstown Courier
--> Mind Rot
    Search Warrant
    Firemind's Foresight
    Swamp
 
Pack 3 pick 12:
--> Mind Rot
    Viashino Racketeer
    Blistercoil Weird
    Plains
 
Pack 3 pick 13:
--> Runewing
    Soul Tithe
    Plains
 
Pack 3 pick 14:
--> Bazaar Krovod
    Plains
 
Pack 3 pick 15:
--> Plains
 
