Event #: 5608333
Time:    6/22/2013 5:34:49 PM
Players: 
    Teefers
    Iyanden
    Tommyfreak
    makotohh
--> malthrin
    AltonHall
    TBOMIT
    50_shades_of_mana
 
------ DGM ------
 
Pack 1 pick 1:
    Orzhov Cluestone
    Phytoburst
    Haazda Snare Squad
    Beetleform Mage (FOIL)
    Azorius Cluestone
    Hidden Strings
    Punish the Enemy
    Deputy of Acquittals
    Gruul Cluestone
    Crypt Incursion
    Alive/Well
    Goblin Test Pilot
    Blast of Genius
--> Lavinia of the Tenth
    Dimir Guildgate
 
Pack 1 pick 2:
    Orzhov Cluestone
    Rakdos Drake
    Smelt-Ward Gatekeepers
    Fatal Fumes
    Murmuring Phantasm
    Gruul Cluestone
    Maze Sentinel
    Pilfered Plans
    Rakdos Cluestone
    Armed/Dangerous
--> Spike Jester
    Wear/Tear
    Breaking/Entering
    Boros Guildgate
 
Pack 1 pick 3:
    Sunspire Gatekeepers
    Simic Cluestone
--> Runner's Bane
    Beetleform Mage
    Maze Rusher
    Bane Alley Blackguard
    Weapon Surge
    Saruli Gatekeepers
    Murmuring Phantasm
    Riot Control
    Armed/Dangerous
    Wear/Tear
    Dimir Guildgate
 
Pack 1 pick 4:
    Viashino Firstblade
    Mindstatic
    Mutant's Prey
    Sunspire Gatekeepers
    Golgari Cluestone
    Beetleform Mage
    Thrashing Mossdog
    Weapon Surge
    Zhur-Taa Druid
    Lyev Decree
--> Carnage Gladiator
    Golgari Guildgate
 
Pack 1 pick 5:
    Armored Wolf-Rider
    Izzet Cluestone
    Mindstatic (FOIL)
    Hired Torturer
    Drown in Filth
    Mending Touch
    Wake the Reflections
--> Wind Drake
    Clear a Path
    Wear/Tear
    Krasis Incubation
 
Pack 1 pick 6:
    Uncovered Clues
    Viashino Firstblade
    Maze Behemoth
    Hidden Strings
    Boros Cluestone
    Wind Drake
    Morgue Burst
    Thrashing Mossdog
--> Ascended Lawmage
    Korozda Gorgon
 
Pack 1 pick 7:
    Orzhov Cluestone
    Smelt-Ward Gatekeepers
    Murmuring Phantasm
    Gruul Cluestone
    Maze Sentinel
    Pilfered Plans
    Rakdos Cluestone
--> Jelenn Sphinx
    Bred for the Hunt
 
Pack 1 pick 8:
    Phytoburst
--> Haazda Snare Squad
    Armored Wolf-Rider
    Azorius Cluestone
    Hidden Strings
    Deputy of Acquittals
    Gruul Cluestone
    Crypt Incursion
 
Pack 1 pick 9:
    Orzhov Cluestone
    Azorius Cluestone
    Hidden Strings
--> Deputy of Acquittals
    Gruul Cluestone
    Crypt Incursion
    Goblin Test Pilot
 
Pack 1 pick 10:
    Orzhov Cluestone
--> Murmuring Phantasm
    Gruul Cluestone
    Maze Sentinel
    Rakdos Cluestone
    Wear/Tear
 
Pack 1 pick 11:
    Simic Cluestone
    Maze Rusher
--> Murmuring Phantasm
    Riot Control
    Wear/Tear
 
Pack 1 pick 12:
--> Mindstatic
    Mutant's Prey
    Golgari Cluestone
    Lyev Decree
 
Pack 1 pick 13:
    Mending Touch
--> Wake the Reflections
    Clear a Path
 
Pack 1 pick 14:
    Uncovered Clues
--> Hidden Strings
 
Pack 1 pick 15:
--> Bred for the Hunt
 
------ GTC ------
 
Pack 2 pick 1:
    Crocanura
    Warmind Infantry
    Metropolis Sprite
    Smite
    Slaughterhorn
    Guildscorn Ward
    Furious Resistance
    Riot Gear
    Shattering Blow
    Deathcult Rogue
    Dinrova Horror
    Elusive Krasis
    Cinder Elemental
--> Angelic Skirmisher
    Plains
 
Pack 2 pick 2:
    Crocanura
    Warmind Infantry
    Metropolis Sprite
    Smite
    Gruul Guildgate
    Court Street Denizen
    Naturalize
    Armored Transport
    Paranoid Delusions
    Wojek Halberdiers
    Frenzied Tilling
    Illness in the Ranks
--> Guardian of the Gateless
    Plains
 
Pack 2 pick 3:
    Shadow Slice
    Scatter Arc
    Horror of the Dim
    Guildscorn Ward
    Razortip Whip
    Clinging Anemones
    Furious Resistance
    Zhur-Taa Swine
    Mortus Strider
    Crackling Perimeter
    Alpha Authority
--> Blind Obedience
    Plains
 
Pack 2 pick 4:
    Structural Collapse
    Gutter Skulk
--> Frilled Oculus
    Scab-Clan Charger
    Ivy Lane Denizen
    Clinging Anemones
    Horror of the Dim
    Shielded Passage
    Pit Fight
    Executioner's Swing
    Crackling Perimeter
    Island
 
Pack 2 pick 5:
    Scatter Arc
    Structural Collapse
--> Angelic Edict
    Clinging Anemones
    Millennial Gargoyle
    Act of Treason
    Forced Adaptation
    Nav Squad Commandos
    Urbis Protector
    Gateway Shade
    Plains
 
Pack 2 pick 6:
    Aerial Maneuver
--> Totally Lost
    Boros Guildgate
    Adaptive Snapjaw
    Beckon Apparition
    Drakewing Krasis
    One Thousand Lashes
    Skullcrack
    Treasury Thrull
    Forest
 
Pack 2 pick 7:
    Massive Raid
    Knight Watch
    Contaminated Ground
--> Millennial Gargoyle
    Shielded Passage
    Riot Gear
    Mental Vapors
    Mark for Death
    Swamp
 
Pack 2 pick 8:
    Way of the Thief
    Horror of the Dim
    Guildscorn Ward
    Kingpin's Pet
    Mortus Strider
--> Truefire Paladin
    Hellraiser Goblin
    Mountain
 
Pack 2 pick 9:
--> Metropolis Sprite
    Guildscorn Ward
    Furious Resistance
    Riot Gear
    Shattering Blow
    Elusive Krasis
    Plains
 
Pack 2 pick 10:
--> Metropolis Sprite
    Naturalize
    Armored Transport
    Frenzied Tilling
    Illness in the Ranks
    Plains
 
Pack 2 pick 11:
--> Shadow Slice
    Scatter Arc
    Horror of the Dim
    Mortus Strider
    Plains
 
Pack 2 pick 12:
    Structural Collapse
--> Clinging Anemones
    Horror of the Dim
    Island
 
Pack 2 pick 13:
    Scatter Arc
--> Clinging Anemones
    Plains
 
Pack 2 pick 14:
--> Beckon Apparition
    Forest
 
Pack 2 pick 15:
--> Contaminated Ground
 
------ RTR ------
 
Pack 3 pick 1:
    Dynacharge
    Ethereal Armor
    Paralyzing Grasp
    Doorkeeper
    Lobber Crew
    Mind Rot
    Seller of Songbirds
    Voidwielder
    Essence Backlash
    Centaur Healer
    Oak Street Innkeeper
    Selesnya Keyrune
--> Soulsworn Spirit
    Azor's Elocutors
    Mountain
 
Pack 3 pick 2:
    Pursuit of Flight
    Trained Caracal
    Chronic Flooding
    Doorkeeper
    Mind Rot
    Seller of Songbirds
--> Voidwielder
    Centaur Healer
    Spawn of Rix Maadi
    Seek the Horizon
    Psychic Spiral
    Dreg Mangler
    Pithing Needle
    Island
 
Pack 3 pick 3:
    Dispel
    Golgari Guildgate
    Deviant Glee
    Gatecreeper Vine
    Viashino Racketeer
    Cremate
--> Selesnya Sentry
    Downsize
    Goblin Electromancer
    Common Bond
    Pyroconvergence
    Izzet Charm
    Mountain
 
Pack 3 pick 4:
    Crosstown Courier
    Launch Party
    Axebane Guardian
    Keening Apparition
    Viashino Racketeer
    Sewer Shambler
    Drudge Beetle
    Transguild Promenade
--> Dramatic Rescue
    Judge's Familiar
    Rakdos Ringleader
    Forest
 
Pack 3 pick 5:
    Cancel
    Bellows Lizard
    Armory Guard
--> Seller of Songbirds
    Electrickery (FOIL)
    Gatecreeper Vine
    Golgari Longlegs
    Skull Rend
    Soul Tithe
    Treasured Find
    Swamp
 
Pack 3 pick 6:
    Swift Justice
    Druid's Deliverance
    Guild Feud (FOIL)
    Annihilating Fire
    Centaur's Herald
    Dead Reveler
--> Knightly Valor
    Search Warrant
    Goblin Rally
    Mountain
 
Pack 3 pick 7:
    Catacomb Slug
    Rootborn Defenses
    Urban Burgeoning
    Mizzium Skin
--> Dramatic Rescue
    Aquus Steed
    Bazaar Krovod
    Teleportal
    Swamp
 
Pack 3 pick 8:
    Electrickery
    Selesnya Guildgate
    Hussar Patrol
    Spawn of Rix Maadi
    Gobbling Ooze
    Izzet Keyrune
--> Lyev Skyknight
    Plains
 
Pack 3 pick 9:
    Ethereal Armor
    Mind Rot
--> Seller of Songbirds
    Essence Backlash
    Oak Street Innkeeper
    Selesnya Keyrune
    Mountain
 
Pack 3 pick 10:
    Pursuit of Flight
    Trained Caracal
    Chronic Flooding
--> Mind Rot
    Seek the Horizon
    Island
 
Pack 3 pick 11:
--> Dispel
    Cremate
    Downsize
    Pyroconvergence
    Mountain
 
Pack 3 pick 12:
    Axebane Guardian
--> Judge's Familiar
    Rakdos Ringleader
    Forest
 
Pack 3 pick 13:
    Skull Rend
--> Soul Tithe
    Swamp
 
Pack 3 pick 14:
--> Search Warrant
    Mountain
 
Pack 3 pick 15:
--> Swamp
 
