Event #: 5609301
Time:    6/22/2013 10:20:11 PM
Players: 
    Cronic_Moronic
    djkavu
    Ethae
    HangJebat
    xRexx
    northnorthwest
--> malthrin
    goyo315
 
------ MMA ------
 
Pack 1 pick 1:
    Faerie Macabre
    Frogmite
    Amrou Scout
    Latchkey Faerie
    Hammerheim Deadeye
    Nantuko Shaman
    Thallid
    Petals of Insight
    Thallid Shell-Dweller
    Grapeshot
    Riftsweeper
    Desperate Ritual
    Myr Retriever
--> Kokusho, the Evening Star
    Crush Underfoot (FOIL)
 
Pack 1 pick 2:
    Hillcomber Giant
    Petals of Insight
    Torrent of Stone
--> Durkwood Baloth
    Echoing Truth
    Fury Charm
    Raven's Crime
    Sporoloth Ancient
    Saltfield Recluse
    Careful Consideration
    Grinning Ignus
    Narcomoeba
    Ethersworn Canonist
    Deepcavern Imp (FOIL)
 
Pack 1 pick 3:
    Æthersnipe
    Deepcavern Imp
    Court Homunculus
    Kithkin Greatheart
    Faerie Mechanist
    Warren Weirding
    Otherworldly Journey
    Mogg War Marshal
    Sylvan Bounty
    Relic of Progenitus
    Trygon Predator
    Kataki, War's Wage
--> Sporesower Thallid (FOIL)
 
Pack 1 pick 4:
    Thallid Germinator
    Dampen Thought
    Arcbound Wanderer
    Warren Weirding
    Arcbound Stinger
    Stingscourger
    Faerie Mechanist
    Gleam of Resistance
    Paradise Mantle
--> Vivid Grove
    Stir the Pride
    Pestermite (FOIL)
 
Pack 1 pick 5:
    Torrent of Stone
    Blightspeaker
    Erratic Mutation
    Thallid
--> Durkwood Baloth
    Glacial Ray
    Peer Through Depths
    Sanctum Gargoyle
    Walker of the Grove
    Etched Oracle
    Thallid Germinator (FOIL)
 
Pack 1 pick 6:
    Ivory Giant
    Thallid
    Petals of Insight
    Stinkdrinker Daredevil
--> Absorb Vis
    Syphon Life
    Test of Faith
    Incremental Growth
    Glimmervoid
    Fury Charm (FOIL)
 
Pack 1 pick 7:
    Reach Through Mists
    Amrou Seekers
    Arcbound Wanderer
--> Penumbra Spider
    Festering Goblin
    Hana Kami
    Petals of Insight
    Dispeller's Capsule
    Grand Arbiter Augustin IV
 
Pack 1 pick 8:
    Hammerheim Deadeye
    Thundering Giant
    Dispeller's Capsule
    Logic Knot
--> Auntie's Snitch
    Plumeveil
    Stir the Pride
    Stinkdrinker Daredevil (FOIL)
 
Pack 1 pick 9:
    Frogmite
    Hammerheim Deadeye
--> Thallid
    Petals of Insight
    Desperate Ritual
    Myr Retriever
    Crush Underfoot (FOIL)
 
Pack 1 pick 10:
    Petals of Insight
    Fury Charm
--> Raven's Crime
    Saltfield Recluse
    Narcomoeba
    Ethersworn Canonist
 
Pack 1 pick 11:
--> Deepcavern Imp
    Court Homunculus
    Faerie Mechanist
    Otherworldly Journey
    Kataki, War's Wage
 
Pack 1 pick 12:
--> Dampen Thought
    Arcbound Stinger
    Gleam of Resistance
    Paradise Mantle
 
Pack 1 pick 13:
    Peer Through Depths
    Walker of the Grove
--> Thallid Germinator (FOIL)
 
Pack 1 pick 14:
    Stinkdrinker Daredevil
--> Syphon Life
 
Pack 1 pick 15:
--> Hana Kami
 
------ MMA ------
 
Pack 2 pick 1:
    Nantuko Shaman
    Avian Changeling
    Frogmite
    Vedalken Dismisser
    Skyreach Manta
    Dreamspoiler Witches
    Perilous Research
    Saltfield Recluse
    Street Wraith
    Myr Enforcer
    Mad Auntie
--> Sporesower Thallid
    Feudkiller's Verdict
    Angel's Grace
    Dispeller's Capsule (FOIL)
 
Pack 2 pick 2:
    Veteran Armorer
    War-Spike Changeling
    Errant Ephemeron
    Moldervine Cloak
    Death Denied
    Cenn's Enlistment
    Mogg War Marshal
    Etherium Sculptor
--> Kodama's Reach
    Take Possession
    Pardic Dragon
    Mulldrifter
    Arcbound Ravager
    Faerie Macabre (FOIL)
 
Pack 2 pick 3:
    Thallid Shell-Dweller
    Blinding Beam
    Pyrite Spellbomb
    Fury Charm
    Peppersmoke
    Sanctum Gargoyle
    Bonesplitter
    Crush Underfoot
    Æther Spellbomb
    Desperate Ritual
    Krosan Grip
--> Life from the Loam
    War-Spike Changeling (FOIL)
 
Pack 2 pick 4:
    Pyrite Spellbomb
    Dispeller's Capsule
    Spellstutter Sprite
    Blind-Spot Giant
    Sylvan Bounty
    Mothdust Changeling
    Cenn's Enlistment
--> Drag Down
    Cloudgoat Ranger
    Thirst for Knowledge
    Path to Exile
    Sanctum Gargoyle (FOIL)
 
Pack 2 pick 5:
    Greater Mossdog
    Latchkey Faerie
    Faerie Macabre
    Veteran Armorer
    Durkwood Baloth
    Street Wraith
    Pallid Mycoderm
    Lightning Helix
    Vivid Marsh
    Cold-Eyed Selkie
--> Durkwood Baloth (FOIL)
 
Pack 2 pick 6:
    Greater Mossdog
    Faerie Macabre
    Frogmite
    Saltfield Recluse
    Raven's Crime
    Walker of the Grove
--> Tromp the Domains
    Vivid Meadow
    Blood Moon
    Skyreach Manta (FOIL)
 
Pack 2 pick 7:
    Dispeller's Capsule
    Pallid Mycoderm
    Peppersmoke
    Echoing Truth
    Sanctum Gargoyle
    Myr Enforcer
--> Tribal Flames
    Sandsower
    Terashi's Grasp
 
Pack 2 pick 8:
--> Stinkweed Imp
    Æthersnipe
    Thallid Germinator
    Blinding Beam
    Festering Goblin
    Logic Knot
    Spell Snare
    Reach of Branches
 
Pack 2 pick 9:
    Frogmite
    Dreamspoiler Witches
    Perilous Research
    Saltfield Recluse
--> Street Wraith
    Angel's Grace
    Dispeller's Capsule (FOIL)
 
Pack 2 pick 10:
--> Death Denied
    Cenn's Enlistment
    Etherium Sculptor
    Take Possession
    Pardic Dragon
    Faerie Macabre (FOIL)
 
Pack 2 pick 11:
    Peppersmoke
    Sanctum Gargoyle
    Crush Underfoot
--> Krosan Grip
    War-Spike Changeling (FOIL)
 
Pack 2 pick 12:
    Blind-Spot Giant
--> Sylvan Bounty
    Mothdust Changeling
    Cenn's Enlistment
 
Pack 2 pick 13:
    Faerie Macabre
--> Street Wraith
    Pallid Mycoderm
 
Pack 2 pick 14:
--> Raven's Crime
    Blood Moon
 
Pack 2 pick 15:
--> Terashi's Grasp
 
------ MMA ------
 
Pack 3 pick 1:
    Stinkweed Imp
    Vedalken Dismisser
--> Penumbra Spider
    Kithkin Greatheart
    Mogg War Marshal
    Etherium Sculptor
    Kodama's Reach
    Rift Elemental
    Search for Tomorrow
    Otherworldly Journey
    Flickerwisp
    Reach of Branches
    Myr Retriever
    Reveillark
    Auriok Salvagers (FOIL)
 
Pack 3 pick 2:
    Vedalken Dismisser
    Penumbra Spider
    Kithkin Greatheart
    Empty the Warrens
    Thieving Sprite
    Greater Mossdog
    Glacial Ray
    Perilous Research
    Æther Spellbomb
    Peppersmoke
    Masked Admirers
    Vivid Creek
--> Horobi's Whisper
    Arcbound Worker (FOIL)
 
Pack 3 pick 3:
    War-Spike Changeling
    Errant Ephemeron
    Giant Dustwasp
    Deepcavern Imp
    Lava Spike
    Blightspeaker
    Logic Knot
    Fiery Fall
    Citanul Woodreaders
    Mind Funeral
    Thirst for Knowledge
--> Phthisis
    Imperiosaur (FOIL)
 
Pack 3 pick 4:
    Facevaulter
    Hana Kami
    Rift Elemental
--> Search for Tomorrow
    Otherworldly Journey
    Absorb Vis
    Mothdust Changeling
    Blind-Spot Giant
    Meadowboon
    Manamorphose
    Feudkiller's Verdict
    Adarkar Valkyrie
 
Pack 3 pick 5:
--> Thallid
    Facevaulter
    Ivory Giant
    Syphon Life
    Test of Faith
    Echoing Courage
    Stinkdrinker Daredevil
    Careful Consideration
    Plumeveil
    Extirpate
    Latchkey Faerie (FOIL)
 
Pack 3 pick 6:
--> Giant Dustwasp
    Thundering Giant
    Warren Pilferers
    Skyreach Manta
    Citanul Woodreaders
    Blinding Beam
    Take Possession
    Thundercloud Shaman
    Pact of Negation
    Tar Pitcher (FOIL)
 
Pack 3 pick 7:
    Skyreach Manta
    Dreamspoiler Witches
    Reach Through Mists
    Arcbound Wanderer
    Fury Charm
    Raven's Crime
    Sporoloth Ancient
--> Dakmor Salvage
    Sandsower (FOIL)
 
Pack 3 pick 8:
    Brute Force
--> Stinkweed Imp
    Æthersnipe
    Walker of the Grove
    Crush Underfoot
    Raven's Crime
    Sandsower
    Squee, Goblin Nabob
 
Pack 3 pick 9:
    Vedalken Dismisser
    Kithkin Greatheart
    Rift Elemental
    Otherworldly Journey
--> Flickerwisp
    Reach of Branches
    Myr Retriever
 
Pack 3 pick 10:
    Vedalken Dismisser
    Kithkin Greatheart
--> Greater Mossdog
    Perilous Research
    Peppersmoke
    Arcbound Worker (FOIL)
 
Pack 3 pick 11:
    War-Spike Changeling
--> Deepcavern Imp
    Citanul Woodreaders
    Mind Funeral
    Thirst for Knowledge
 
Pack 3 pick 12:
--> Facevaulter
    Hana Kami
    Rift Elemental
    Mothdust Changeling
 
Pack 3 pick 13:
    Facevaulter
--> Syphon Life
    Echoing Courage
 
Pack 3 pick 14:
    Thundering Giant
--> Tar Pitcher (FOIL)
 
Pack 3 pick 15:
--> Sandsower (FOIL)
 
