Event #: 5639874
Time:    6/29/2013 5:38:10 PM
Players: 
    G8rtim
    TheBand
--> malthrin
    ahsung
    timhows
    faisal
    EmteeAK
    KillerIvan
 
------ DGM ------
 
Pack 1 pick 1:
    Smelt-Ward Gatekeepers
    Armored Wolf-Rider
    Izzet Cluestone
    Rubblebelt Maaka
    Punish the Enemy
    Deputy of Acquittals
    Gruul Cluestone
    Crypt Incursion
    Opal Lake Gatekeepers
    Kraul Warrior
    Restore the Peace
    Maw of the Obzedat
    Wear/Tear
--> Pontiff of Blight
    Azorius Guildgate
 
Pack 1 pick 2:
    Rubblebelt Maaka
    Hired Torturer
    Drown in Filth
    Mending Touch
    Sunspire Gatekeepers
    Wake the Reflections
    Awe for the Guilds
    Battering Krasis
    Morgue Burst
    Maze Sentinel
    Spike Jester
    Give/Take
    Renegade Krasis
--> Azorius Guildgate
 
Pack 1 pick 3:
    Runner's Bane
    Beetleform Mage
    Maze Rusher
    Bane Alley Blackguard
    Orzhov Cluestone
    Phytoburst
    Sinister Possession
    Maze Glider
    Selesnya Cluestone
    Clear a Path (FOIL)
--> Sin Collector
    Korozda Gorgon
    Dimir Guildgate
 
Pack 1 pick 4:
    Rubblebelt Maaka
    Viashino Firstblade
    Maze Behemoth
    Hidden Strings
    Boros Cluestone
    Orzhov Cluestone
    Pilfered Plans
    Sinister Possession
--> Kraul Warrior
    Armed/Dangerous
    Species Gorger
    Plasm Capture
 
Pack 1 pick 5:
    Izzet Cluestone
    Mutant's Prey
    Steeple Roc
    Riot Piker
    Boros Cluestone
    Maze Abomination
    Rakdos Cluestone
    Saruli Gatekeepers
--> Warped Physique
    Toil/Trouble
    Renounce the Guilds
 
Pack 1 pick 6:
    Beetleform Mage
    Bane Alley Blackguard
    Dimir Cluestone
--> Tithe Drinker
    Wind Drake
    Morgue Burst
    Thrashing Mossdog
    Fatal Fumes
    Murmuring Phantasm
    Orzhov Guildgate
 
Pack 1 pick 7:
    Viashino Firstblade
    Maze Behemoth
    Hidden Strings
    Boros Cluestone
    Orzhov Cluestone
    Sinister Possession
--> Blast of Genius
    Debt to the Deathless
    Boros Guildgate
 
Pack 1 pick 8:
    Drown in Filth
    Dimir Cluestone
    Boros Mastiff
    Uncovered Clues
    Maze Abomination
    Selesnya Cluestone
    Lyev Decree
--> Orzhov Guildgate
 
Pack 1 pick 9:
    Smelt-Ward Gatekeepers
    Deputy of Acquittals
    Crypt Incursion
    Opal Lake Gatekeepers
    Restore the Peace
--> Maw of the Obzedat
    Wear/Tear
 
Pack 1 pick 10:
--> Hired Torturer
    Drown in Filth
    Mending Touch
    Awe for the Guilds
    Morgue Burst
    Maze Sentinel
 
Pack 1 pick 11:
    Maze Rusher
    Bane Alley Blackguard
    Sinister Possession
--> Maze Glider
    Clear a Path (FOIL)
 
Pack 1 pick 12:
    Viashino Firstblade
    Hidden Strings
--> Boros Cluestone
    Sinister Possession
 
Pack 1 pick 13:
--> Steeple Roc
    Rakdos Cluestone
    Toil/Trouble
 
Pack 1 pick 14:
--> Bane Alley Blackguard
    Morgue Burst
 
Pack 1 pick 15:
--> Sinister Possession
 
------ GTC ------
 
Pack 2 pick 1:
    Crocanura
    Warmind Infantry
    Metropolis Sprite
--> Smite
    Slaughterhorn
    Horror of the Dim
    Shielded Passage
    Razortip Whip
    Drakewing Krasis
    Pit Fight
    Cartel Aristocrat
    Gruul Charm
    Mental Vapors
    Ooze Flux
    Forest
 
Pack 2 pick 2:
--> Basilica Screecher
    Disciple of the Old Ways
    Massive Raid
    Metropolis Sprite
    Angelic Edict
    Court Street Denizen
    Wildwood Rebirth
    Dimir Guildgate
    Skyknight Legionnaire
    Bioshift
    Duskmantle Guildmage
    Mindeye Drake
    Hellraiser Goblin
    Island
 
Pack 2 pick 3:
    Scatter Arc
    Structural Collapse
    Angelic Edict
    Corpse Blockade
    Armored Transport
    Syndicate Enforcer
    Burst of Strength
--> Basilica Guards
    Beckon Apparition
    Arrows of Justice
    Mark for Death
    Debtor's Pulpit
    Forest
 
Pack 2 pick 4:
    Gutter Skulk
    Disciple of the Old Ways
    Scatter Arc
    Court Street Denizen
    Naturalize
    Armored Transport
    Totally Lost
    Ruination Wurm
    Beckon Apparition
--> Orzhov Charm
    Gridlock
    Mountain
 
Pack 2 pick 5:
    Shadow Slice
    Scatter Arc
    Spell Rupture
    Zarichi Tiger
    Bomber Corps
    Hydroform
--> Bane Alley Broker
    Murder Investigation
    Cinder Elemental
    Molten Primordial
    Forest
 
Pack 2 pick 6:
    Way of the Thief
    Skygames
    Corpse Blockade
    Burst of Strength
--> Executioner's Swing
    Bioshift
    Boros Keyrune
    Dimir Keyrune
    Undercity Plague
    Island
 
Pack 2 pick 7:
    Predator's Rapport
    Scorchwalker
    Midnight Recovery
    Foundry Street Denizen
--> Zarichi Tiger
    Rust Scarab
    Ordruun Veteran
    Voidwalk
    Swamp
 
Pack 2 pick 8:
    Structural Collapse
    Furious Resistance
    Death's Approach
    Millennial Gargoyle
    Beckon Apparition
--> Agoraphobia
    Urbis Protector
    Plains
 
Pack 2 pick 9:
    Horror of the Dim
    Shielded Passage
    Razortip Whip
--> Gruul Charm
    Mental Vapors
    Ooze Flux
    Forest
 
Pack 2 pick 10:
    Massive Raid
    Metropolis Sprite
    Wildwood Rebirth
    Bioshift
--> Duskmantle Guildmage
    Island
 
Pack 2 pick 11:
    Structural Collapse
    Beckon Apparition
    Mark for Death
--> Debtor's Pulpit
    Forest
 
Pack 2 pick 12:
    Scatter Arc
--> Armored Transport
    Beckon Apparition
    Mountain
 
Pack 2 pick 13:
--> Scatter Arc
    Murder Investigation
    Forest
 
Pack 2 pick 14:
--> Skygames
    Island
 
Pack 2 pick 15:
--> Swamp
 
------ RTR ------
 
Pack 3 pick 1:
    Axebane Stag
    Deviant Glee
    Avenging Arrow
    Sunspire Griffin
    Selesnya Guildgate
    Korozda Monitor
    Runewing
--> Stab Wound
    Frostburn Weird
    Sundering Growth
    Thrill-Kill Assassin
    Hellhole Flailer
    New Prahv Guildmage
    Wayfaring Temple
    Forest
 
Pack 3 pick 2:
    Mizzium Skin
    Dynacharge
    Ethereal Armor
--> Azorius Arrester
    Izzet Guildgate
    Daggerdrome Imp
    Isperia's Skywatch
    Coursers' Accord
    Essence Backlash
    Minotaur Aggressor
    Rites of Reaping
    Vitu-Ghazi Guildmage
    Wild Beastmaster
    Swamp
 
Pack 3 pick 3:
    Swift Justice
    Druid's Deliverance
    Electrickery
    Mind Rot
    Keening Apparition
    Viashino Racketeer
    Sewer Shambler
    Rakdos Shred-Freak
    Search Warrant
--> Thrill-Kill Assassin
    Pyroconvergence
    Fall of the Gavel
    Mountain
 
Pack 3 pick 4:
    Paralyzing Grasp
    Chorus of Might
    Eyes in the Skies
    Stealer of Secrets
    Grim Roustabout
    Azorius Guildgate
    Sluiceway Scorpion
    Dramatic Rescue
    Vandalblast
    Bazaar Krovod
--> Underworld Connections
    Mountain
 
Pack 3 pick 5:
    Crosstown Courier
    Drudge Beetle
    Doorkeeper
    Mind Rot
--> Seller of Songbirds
    Sluiceway Scorpion
    Chemister's Trick
    Oak Street Innkeeper
    Rogue's Passage
    Teleportal
    Forest
 
Pack 3 pick 6:
    Swift Justice
    Druid's Deliverance
    Electrickery
--> Azorius Arrester
    Mind Rot
    Chemister's Trick
    Golgari Longlegs
    Savage Surge
    Sphere of Safety
    Mountain
 
Pack 3 pick 7:
    Axebane Stag
    Cremate
    Batterhorn
    Inaction Injunction
    Skull Rend
    Goblin Electromancer
--> Dark Revenant
    Heroes' Reunion
    Forest
 
Pack 3 pick 8:
    Aerial Predation
    Mizzium Skin
--> Azorius Guildgate
    Korozda Monitor
    Essence Backlash
    Hussar Patrol
    Gobbling Ooze
    Swamp
 
Pack 3 pick 9:
    Axebane Stag
    Deviant Glee
    Korozda Monitor
    Runewing
    Sundering Growth
--> New Prahv Guildmage
    Forest
 
Pack 3 pick 10:
--> Mizzium Skin
    Ethereal Armor
    Essence Backlash
    Minotaur Aggressor
    Rites of Reaping
    Swamp
 
Pack 3 pick 11:
--> Viashino Racketeer
    Search Warrant
    Pyroconvergence
    Fall of the Gavel
    Mountain
 
Pack 3 pick 12:
--> Dramatic Rescue
    Vandalblast
    Bazaar Krovod
    Mountain
 
Pack 3 pick 13:
--> Crosstown Courier
    Chemister's Trick
    Forest
 
Pack 3 pick 14:
--> Chemister's Trick
    Mountain
 
Pack 3 pick 15:
--> Forest
 
