Event #: 5639372
Time:    6/29/2013 3:18:06 PM
Players: 
    chilltownwwjd
    matthewsmeg
    LastFlowers
    ManaStarved420
--> malthrin
    PapaRar
    raffal1
    buresbl
 
------ DGM ------
 
Pack 1 pick 1:
    Maze Rusher
    Boros Mastiff
    Phytoburst
    Smelt-Ward Gatekeepers
    Fatal Fumes
    Lyev Decree (FOIL)
    Saruli Gatekeepers
    Murmuring Phantasm
    Riot Control
--> Punish the Enemy
    Toil/Trouble
    Bronzebeak Moa
    Bred for the Hunt
    Renounce the Guilds
    Dimir Guildgate
 
Pack 1 pick 2:
    Maze Behemoth
    Mindstatic
    Simic Cluestone
    Riot Piker
    Drown in Filth
    Ubul Sar Gatekeepers
    Gruul Cluestone
    Maze Sentinel
    Pilfered Plans
    Rakdos Cluestone
    Warped Physique
    Toil/Trouble
    Possibility Storm
--> Izzet Guildgate
 
Pack 1 pick 3:
    Riot Piker
    Boros Cluestone
    Rakdos Drake
    Runner's Bane
    Viashino Firstblade
    Mindstatic
    Lyev Decree
    Maze Abomination
    Maze Glider
    Rakdos Cluestone
    Jelenn Sphinx
--> Haunter of Nightveil
    Orzhov Guildgate
 
Pack 1 pick 4:
    Smelt-Ward Gatekeepers
    Armored Wolf-Rider
    Izzet Cluestone
    Rubblebelt Maaka
    Hired Torturer
    Thrashing Mossdog (FOIL)
    Gruul Cluestone
    Crypt Incursion
    Opal Lake Gatekeepers
    Kraul Warrior
    Blaze Commando
--> Fluxcharger
 
Pack 1 pick 5:
    Steeple Roc
    Riot Piker
    Rakdos Drake
    Runner's Bane
    Lyev Decree
    Maze Abomination
    Rakdos Cluestone
--> Spike Jester
    Korozda Gorgon
    Gleam of Battle
    Gruul Guildgate
 
Pack 1 pick 6:
    Mending Touch
    Uncovered Clues
    Golgari Cluestone
    Azorius Cluestone
    Hired Torturer
--> Zhur-Taa Druid
    Wake the Reflections
    Clear a Path
    Rot Farm Skeleton
    Azorius Guildgate
 
Pack 1 pick 7:
    Dimir Cluestone
    Boros Mastiff
    Uncovered Clues
    Maze Behemoth
    Battering Krasis
    Maze Abomination
    Selesnya Cluestone
--> Opal Lake Gatekeepers
    Beck/Call
 
Pack 1 pick 8:
    Maze Rusher
    Boros Mastiff
    Phytoburst
--> Fatal Fumes
    Haazda Snare Squad (FOIL)
    Murmuring Phantasm
    Riot Control
    Bred for the Hunt
 
Pack 1 pick 9:
    Maze Rusher
    Phytoburst
    Lyev Decree (FOIL)
    Saruli Gatekeepers
--> Murmuring Phantasm
    Riot Control
    Bred for the Hunt
 
Pack 1 pick 10:
    Maze Behemoth
    Mindstatic
    Drown in Filth
    Maze Sentinel
--> Pilfered Plans
    Possibility Storm
 
Pack 1 pick 11:
    Riot Piker
    Boros Cluestone
--> Runner's Bane
    Mindstatic
    Lyev Decree
 
Pack 1 pick 12:
    Smelt-Ward Gatekeepers
--> Izzet Cluestone
    Gruul Cluestone
    Crypt Incursion
 
Pack 1 pick 13:
--> Runner's Bane
    Lyev Decree
    Maze Abomination
 
Pack 1 pick 14:
    Wake the Reflections
--> Clear a Path
 
Pack 1 pick 15:
--> Uncovered Clues
 
------ GTC ------
 
Pack 2 pick 1:
    Basilica Screecher
    Disciple of the Old Ways
    Massive Raid
    Metropolis Sprite
    Angelic Edict
    Spell Rupture
    Slate Street Ruffian
    Ember Beast
    Drakewing Krasis
    Purge the Profane
    Frenzied Tilling
--> Dinrova Horror
    Skullcrack
    Gruul Ragebeast
    Island
 
Pack 2 pick 2:
    Devour Flesh
    Tin Street Market
--> Cloudfin Raptor
    Gruul Guildgate
    Court Street Denizen
    Naturalize
    Armored Transport
    Totally Lost
    Skyknight Legionnaire
    Bioshift
    Cartel Aristocrat
    Debtor's Pulpit
    Undercity Informer
    Mountain
 
Pack 2 pick 3:
    Warmind Infantry
    Scatter Arc
    Smite
    Keymaster Rogue
    Horror of the Dim
    Guildscorn Ward
    Razortip Whip
    Clinging Anemones
    Paranoid Delusions
--> Thrull Parasite
    Righteous Charge
    Skarrg Goliath
    Plains
 
Pack 2 pick 4:
    Slaughterhorn
    Structural Collapse
--> Gutter Skulk
    Shielded Passage
    Razortip Whip
    Furious Resistance
    Keymaster Rogue
    Hydroform
    Gridlock
    Illness in the Ranks
    Blind Obedience
    Island
 
Pack 2 pick 5:
    Hands of Binding
    Massive Raid
    Adaptive Snapjaw
    Skinbrand Goblin
    Syndicate Enforcer
    Simic Guildgate
    Basilica Guards
    Kingpin's Pet
--> Agoraphobia
    Mindeye Drake
    Island
 
Pack 2 pick 6:
    Shadow Slice
    Dutiful Thrull
--> Dimir Guildgate
    Naturalize
    Spell Rupture
    Mortus Strider
    Vizkopa Guildmage
    Coerced Confession
    Incursion Specialist
    Plains
 
Pack 2 pick 7:
--> Smite
    Slaughterhorn
    Structural Collapse
    Midnight Recovery
    Foundry Street Denizen
    Zarichi Tiger
    Primal Visitation
    Hold the Gates
    Plains
 
Pack 2 pick 8:
    Towering Thunderfist
    Hands of Binding
--> Totally Lost
    Assault Griffin
    Skyblinder Staff
    Last Thoughts
    Beckon Apparition
    Swamp
 
Pack 2 pick 9:
    Angelic Edict
--> Spell Rupture
    Slate Street Ruffian
    Purge the Profane
    Frenzied Tilling
    Skullcrack
    Island
 
Pack 2 pick 10:
    Tin Street Market
    Court Street Denizen
    Armored Transport
    Bioshift
--> Debtor's Pulpit
    Mountain
 
Pack 2 pick 11:
    Scatter Arc
    Guildscorn Ward
    Razortip Whip
--> Clinging Anemones
    Plains
 
Pack 2 pick 12:
    Structural Collapse
    Razortip Whip
--> Hydroform
    Island
 
Pack 2 pick 13:
--> Simic Guildgate
    Basilica Guards
    Island
 
Pack 2 pick 14:
--> Mortus Strider
    Plains
 
Pack 2 pick 15:
--> Plains
 
------ RTR ------
 
Pack 3 pick 1:
    Horncaller's Chant
    Cancel
    Bellows Lizard
--> Lobber Crew
    Concordia Pegasus
    Destroy the Evidence
    Stonefare Crocodile
    Gore-House Chainwalker
    Centaur Healer
    Grisly Salvage
    Oak Street Innkeeper
    Rakdos Ringleader
    Slime Molding
    Rest in Peace
    Swamp
 
Pack 3 pick 2:
    Trained Caracal
    Survey the Wreckage
    Aerial Predation
    Gatecreeper Vine
    Azorius Arrester
--> Izzet Guildgate
    Daggerdrome Imp
    Isperia's Skywatch
    Sluiceway Scorpion
    Spawn of Rix Maadi
    Soul Tithe
    Tavern Swindler
    Judge's Familiar
    Plains
 
Pack 3 pick 3:
    Giant Growth
    Crosstown Courier
    Dispel (FOIL)
    Terrus Wurm
    Golgari Guildgate
    Knightly Valor
    Annihilating Fire
--> Stab Wound
    Grisly Salvage
    Transguild Promenade
    Tablet of the Guilds
    Golgari Decoy
    Swamp
 
Pack 3 pick 4:
    Axebane Stag
    Deviant Glee
    Avenging Arrow
    Stealer of Secrets
    Azorius Guildgate
    Tenement Crasher
    Firemind's Foresight (FOIL)
    Golgari Longlegs
    Skull Rend
    Psychic Spiral
--> Nivix Guildmage
    Plains
 
Pack 3 pick 5:
    Cancel
    Swift Justice
    Druid's Deliverance
    Electrickery
    Towering Indrik
    Azorius Guildgate
    Tower Drake
    Skull Rend
    Phantom General
--> Thrill-Kill Assassin
    Mountain
 
Pack 3 pick 6:
    Mizzium Skin
    Dynacharge
    Ethereal Armor
    Keening Apparition
    Viashino Racketeer
--> Doorkeeper
    Spawn of Rix Maadi
    Coursers' Accord
    Goblin Rally
    Mountain
 
Pack 3 pick 7:
    Ethereal Armor
    Drainpipe Vermin
    Stealer of Secrets
    Knightly Valor
    Grim Roustabout
--> Essence Backlash
    Centaur Healer
    Izzet Keyrune
    Island
 
Pack 3 pick 8:
    Armory Guard
    Urban Burgeoning
--> Inspiration
    Tenement Crasher
    Korozda Monitor
    Sundering Growth
    Vandalblast
    Forest
 
Pack 3 pick 9:
    Horncaller's Chant
    Bellows Lizard
    Destroy the Evidence
    Grisly Salvage
    Oak Street Innkeeper
--> Rakdos Ringleader
    Swamp
 
Pack 3 pick 10:
    Trained Caracal
    Survey the Wreckage
    Sluiceway Scorpion
    Tavern Swindler
--> Judge's Familiar
    Plains
 
Pack 3 pick 11:
    Crosstown Courier
--> Dispel (FOIL)
    Grisly Salvage
    Tablet of the Guilds
    Swamp
 
Pack 3 pick 12:
    Axebane Stag
    Firemind's Foresight (FOIL)
--> Psychic Spiral
    Plains
 
Pack 3 pick 13:
    Druid's Deliverance
--> Electrickery
    Mountain
 
Pack 3 pick 14:
--> Mizzium Skin
    Mountain
 
Pack 3 pick 15:
--> Island
 
