Event #: 5643863
Time:    6/30/2013 3:15:05 PM
Players: 
    Wayfield
    Beaumont
    Ouryu
--> malthrin
    one2bjonezn
    Tractorage
    sorokyl
    Susil
 
------ DGM ------
 
Pack 1 pick 1:
    Boros Cluestone
    Rakdos Drake
    Runner's Bane
    Viashino Firstblade
    Maze Abomination
    Selesnya Cluestone
    Opal Lake Gatekeepers
    Lyev Decree
    Pilfered Plans
    Sinister Possession
--> Unflinching Courage
    Ascended Lawmage
    Fluxcharger
    Teysa, Envoy of Ghosts
    Golgari Guildgate
 
Pack 1 pick 2:
    Nivix Cyclops
    Maze Rusher
    Boros Mastiff
    Phytoburst
    Smelt-Ward Gatekeepers
--> Zhur-Taa Druid
    Rakdos Guildgate (FOIL)
    Maze Abomination
    Maze Glider
    Rakdos Cluestone
    Woodlot Crawler
    Profit/Loss
    Blast of Genius
    Rakdos Guildgate
 
Pack 1 pick 3:
--> Armored Wolf-Rider
    Izzet Cluestone
    Hired Torturer
    Drown in Filth
    Mending Touch
    Saruli Gatekeepers
    Awe for the Guilds
    Crypt Incursion
    Deputy of Acquittals
    Feral Animist
    Showstopper
    Down/Dirty
    Obzedat's Aid
 
Pack 1 pick 4:
    Mindstatic
    Uncovered Clues (FOIL)
    Sunspire Gatekeepers
    Golgari Cluestone
--> Kraul Warrior
    Wake the Reflections
    Wind Drake
    Clear a Path
    Maw of the Obzedat
    Give/Take
    Rot Farm Skeleton
    Ready/Willing
 
Pack 1 pick 5:
    Boros Cluestone
    Rakdos Drake
    Runner's Bane
    Maze Abomination
    Selesnya Cluestone
    Opal Lake Gatekeepers
    Lyev Decree
    Pilfered Plans
    Sinister Possession
    Trait Doctoring
--> Selesnya Guildgate
 
Pack 1 pick 6:
    Boros Cluestone
    Obzedat's Aid (FOIL)
    Viashino Firstblade
    Maze Abomination
    Selesnya Cluestone
    Opal Lake Gatekeepers
    Lyev Decree
    Pilfered Plans
    Sinister Possession
--> Give/Take
 
Pack 1 pick 7:
    Simic Cluestone
--> Riot Piker
    Drown in Filth
    Dimir Cluestone
    Riot Control
    Gruul Cluestone
    Carnage Gladiator
    Down/Dirty
    Bred for the Hunt
 
Pack 1 pick 8:
    Bane Alley Blackguard
    Dimir Cluestone
    Tithe Drinker
    Maze Behemoth
    Mindstatic
--> Weapon Surge
    Murmuring Phantasm
    Goblin Test Pilot
 
Pack 1 pick 9:
--> Boros Cluestone
    Runner's Bane
    Maze Abomination
    Opal Lake Gatekeepers
    Lyev Decree
    Pilfered Plans
    Sinister Possession
 
Pack 1 pick 10:
    Nivix Cyclops
    Maze Rusher
--> Phytoburst
    Smelt-Ward Gatekeepers
    Maze Glider
    Rakdos Cluestone
 
Pack 1 pick 11:
--> Izzet Cluestone
    Drown in Filth
    Awe for the Guilds
    Crypt Incursion
    Showstopper
 
Pack 1 pick 12:
    Mindstatic
    Uncovered Clues (FOIL)
    Clear a Path
--> Rot Farm Skeleton
 
Pack 1 pick 13:
--> Pilfered Plans
    Sinister Possession
    Trait Doctoring
 
Pack 1 pick 14:
--> Maze Abomination
    Sinister Possession
 
Pack 1 pick 15:
--> Drown in Filth
 
------ GTC ------
 
Pack 2 pick 1:
    Way of the Thief
    Tin Street Market
    Dutiful Thrull
    Riot Gear
    Ivy Lane Denizen
    Clinging Anemones
    Horror of the Dim
    Shielded Passage
    Purge the Profane
    Ground Assault (FOIL)
    Skarrg Guildmage
    Gruul Charm
--> Experiment One
    Stomping Ground
    Swamp
 
Pack 2 pick 2:
    Warmind Infantry
    Scatter Arc
--> Crocanura
    Armored Transport
    Totally Lost
    Boros Guildgate
    Assault Griffin
    Bioshift
    Zhur-Taa Swine
    Ordruun Veteran
    Serene Remembrance
    Incursion Specialist
    Sylvan Primordial
    Plains
 
Pack 2 pick 3:
--> Syndic of Tithes
    Shadow Alley Denizen
    Crocanura
    Wildwood Rebirth
    Dimir Guildgate
    Prophetic Prism
    Midnight Recovery
    Foundry Street Denizen
    Skyknight Legionnaire
    Beckon Apparition
    Agoraphobia
    One Thousand Lashes
    Mountain
 
Pack 2 pick 4:
    Shadow Slice
--> Slaughterhorn
    Dutiful Thrull
    Adaptive Snapjaw
    Martial Glory (FOIL)
    Syndicate Enforcer
    Simic Guildgate
    Basilica Guards
    Drakewing Krasis
    Viashino Shanktail
    Stolen Identity
    Plains
 
Pack 2 pick 5:
    Towering Thunderfist
    Hands of Binding
    Prophetic Prism
    Midnight Recovery
    Foundry Street Denizen
    Zarichi Tiger
    Hydroform
    Tower Defense
    Wight of Precinct Six
--> Glaring Spotlight
    Swamp
 
Pack 2 pick 6:
    Warmind Infantry
    Smite
--> Ivy Lane Denizen
    Death's Approach
    Sage's Row Denizen
    Skyblinder Staff
    Shattering Blow
    Drakewing Krasis
    Mindeye Drake
    Forest
 
Pack 2 pick 7:
    Predator's Rapport
    Contaminated Ground
    Razortip Whip
    Furious Resistance
    Shattering Blow
    Coerced Confession
    Voidwalk
--> Signal the Clans
    Mountain
 
Pack 2 pick 8:
    Way of the Thief
    Clinging Anemones
    Horror of the Dim
--> Shielded Passage
    Razortip Whip
    Furious Resistance
    Beckon Apparition
    Island
 
Pack 2 pick 9:
    Way of the Thief
    Tin Street Market
--> Riot Gear
    Clinging Anemones
    Horror of the Dim
    Shielded Passage
    Swamp
 
Pack 2 pick 10:
    Warmind Infantry
    Scatter Arc
--> Armored Transport
    Bioshift
    Serene Remembrance
    Plains
 
Pack 2 pick 11:
    Shadow Alley Denizen
--> Prophetic Prism
    Midnight Recovery
    Beckon Apparition
    Mountain
 
Pack 2 pick 12:
    Shadow Slice
--> Adaptive Snapjaw
    Syndicate Enforcer
    Plains
 
Pack 2 pick 13:
    Hydroform
--> Tower Defense
    Swamp
 
Pack 2 pick 14:
--> Shattering Blow
    Forest
 
Pack 2 pick 15:
--> Mountain
 
------ RTR ------
 
Pack 3 pick 1:
    Crosstown Courier
    Dynacharge
    Terrus Wurm
    Towering Indrik
    Azorius Guildgate
    Tower Drake
    Dead Reveler
    Trostani's Judgment
    Trestle Troll
    Auger Spree
    Tablet of the Guilds
    Hellhole Flailer
    Blistercoil Weird
--> Martial Law
    Island
 
Pack 3 pick 2:
    Dynacharge
    Ethereal Armor
    Paralyzing Grasp
    Izzet Guildgate
    Daggerdrome Imp
    Isperia's Skywatch
    Lobber Crew
    Concordia Pegasus
    Golgari Longlegs
    Skull Rend
    Seek the Horizon
    Skyline Predator
--> Wild Beastmaster
    Mountain
 
Pack 3 pick 3:
    Golgari Guildgate
    Cancel
    Swift Justice
    Sewer Shambler
    Doorkeeper
    Lobber Crew
    Mind Rot
    Essence Backlash
    Sluiceway Scorpion
    Faerie Impostor
    Seek the Horizon
--> Cyclonic Rift
    Swamp
 
Pack 3 pick 4:
    Druid's Deliverance
    Electrickery
    Crosstown Courier
    Stealer of Secrets
    Selesnya Guildgate
    Dead Reveler
--> Korozda Monitor
    Dramatic Rescue
    Rakdos Shred-Freak
    Shrieking Affliction
    Rakdos Charm
    Mountain
 
Pack 3 pick 5:
    Urban Burgeoning
    Inspiration
    Destroy the Evidence (FOIL)
    Stealer of Secrets
    Grim Roustabout
    Tenement Crasher
    Common Bond
    Gobbling Ooze
--> Dryad Militant
    Izzet Staticaster
    Forest
 
Pack 3 pick 6:
    Crosstown Courier
    Dynacharge
    Terrus Wurm
    Destroy the Evidence
    Search Warrant
    Tavern Swindler
    Pyroconvergence
    Izzet Staticaster
--> Volatile Rig
    Island
 
Pack 3 pick 7:
    Survey the Wreckage
    Aerial Predation
    Chronic Flooding
    Drainpipe Vermin
    Runewing
    Frostburn Weird
    Trestle Troll
--> Oak Street Innkeeper
    Plains
 
Pack 3 pick 8:
--> Aerial Predation
    Mizzium Skin
    Catacomb Slug
    Batterhorn
    Oak Street Innkeeper
    Sphere of Safety
    Blistercoil Weird
    Swamp
 
Pack 3 pick 9:
    Crosstown Courier
    Terrus Wurm
--> Azorius Guildgate
    Trestle Troll
    Tablet of the Guilds
    Hellhole Flailer
    Island
 
Pack 3 pick 10:
    Dynacharge
--> Ethereal Armor
    Paralyzing Grasp
    Skull Rend
    Seek the Horizon
    Mountain
 
Pack 3 pick 11:
--> Golgari Guildgate
    Cancel
    Doorkeeper
    Essence Backlash
    Swamp
 
Pack 3 pick 12:
--> Druid's Deliverance
    Crosstown Courier
    Rakdos Charm
    Mountain
 
Pack 3 pick 13:
--> Urban Burgeoning
    Destroy the Evidence (FOIL)
    Forest
 
Pack 3 pick 14:
--> Search Warrant
    Island
 
Pack 3 pick 15:
--> Plains
 
