Event #: 5706203
Time:    7/15/2013 6:57:35 PM
Players: 
    Riden
    warrenghoover
--> malthrin
    Diahane89
    Coast
    guygaiden
    Sh55Ironman
    Chrisssypooo
 
------ DGM ------
 
Pack 1 pick 1:
    Boros Mastiff
    Uncovered Clues
    Rubblebelt Maaka
    Viashino Firstblade
    Maze Behemoth
    Hidden Strings
    Kraul Warrior
    Wake the Reflections
    Awe for the Guilds
    Battering Krasis
    Alive/Well
    Warleader's Helix
    Gleam of Battle
--> Lavinia of the Tenth
    Dimir Guildgate
 
Pack 1 pick 2:
    Maze Rusher
    Boros Mastiff
    Phytoburst
    Smelt-Ward Gatekeepers
    Zhur-Taa Druid
    Lyev Decree
    Maze Abomination
    Maze Glider
    Rakdos Cluestone
    Saruli Gatekeepers
--> Far/Away
    Carnage Gladiator
    Krasis Incubation
    Izzet Guildgate
 
Pack 1 pick 3:
    Mutant's Prey
    Rakdos Drake (FOIL)
    Golgari Cluestone
    Kraul Warrior
    Zhur-Taa Druid
    Wake the Reflections
    Wind Drake
    Clear a Path
    Fatal Fumes
    Showstopper
--> Warped Physique
    Korozda Gorgon
    Azorius Guildgate
 
Pack 1 pick 4:
--> Boros Mastiff
    Uncovered Clues
    Rubblebelt Maaka
    Viashino Firstblade
    Maze Behemoth
    Hidden Strings
    Wake the Reflections
    Awe for the Guilds
    Battering Krasis
    Protect/Serve
    Blaze Commando
    Rakdos Guildgate
 
Pack 1 pick 5:
    Maze Rusher
    Phytoburst
    Smelt-Ward Gatekeepers
    Zhur-Taa Druid
    Lyev Decree
    Maze Abomination
    Maze Glider
    Rakdos Cluestone
    Saruli Gatekeepers
    Alive/Well
--> Orzhov Guildgate
 
Pack 1 pick 6:
    Mutant's Prey
    Sunspire Gatekeepers
    Golgari Cluestone
    Zhur-Taa Druid
    Wake the Reflections
--> Wind Drake
    Clear a Path
    Fatal Fumes
    Debt to the Deathless
    Simic Guildgate
 
Pack 1 pick 7:
    Bane Alley Blackguard
    Orzhov Cluestone
    Phytoburst
    Murmuring Phantasm
    Gruul Cluestone
    Maze Sentinel
--> Pilfered Plans
    Restore the Peace
    Goblin Test Pilot
 
Pack 1 pick 8:
    Maze Rusher
    Phytoburst
    Smelt-Ward Gatekeepers
    Lyev Decree
    Maze Abomination
    Maze Glider
    Rakdos Cluestone
--> Maw of the Obzedat
 
Pack 1 pick 9:
    Uncovered Clues
--> Viashino Firstblade
    Maze Behemoth
    Hidden Strings
    Wake the Reflections
    Awe for the Guilds
    Gleam of Battle
 
Pack 1 pick 10:
    Maze Rusher
    Smelt-Ward Gatekeepers
    Lyev Decree
    Maze Abomination
--> Maze Glider
    Rakdos Cluestone
 
Pack 1 pick 11:
--> Rakdos Drake (FOIL)
    Golgari Cluestone
    Wake the Reflections
    Clear a Path
    Showstopper
 
Pack 1 pick 12:
    Uncovered Clues
--> Viashino Firstblade
    Wake the Reflections
    Awe for the Guilds
 
Pack 1 pick 13:
    Phytoburst
    Smelt-Ward Gatekeepers
--> Maze Abomination
 
Pack 1 pick 14:
    Wake the Reflections
--> Clear a Path
 
Pack 1 pick 15:
--> Restore the Peace
 
------ GTC ------
 
Pack 2 pick 1:
    Aerial Maneuver
    Spire Tracer
    Shadow Slice
    Warmind Infantry
    Scatter Arc
    Furious Resistance
    Keymaster Rogue
    Death's Approach
    Mortus Strider
    Ruination Wurm
    Vizkopa Confessor
--> Dinrova Horror
    Thrull Parasite
    Soul Ransom
    Island
 
Pack 2 pick 2:
--> Daring Skyjek
    Frilled Oculus
    Shadow Slice
    Slaughterhorn
    Dutiful Thrull
    Slate Street Ruffian
    Ember Beast
    Gruul Guildgate
    Executioner's Swing
    Paranoid Delusions
    Duskmantle Guildmage
    Firefist Striker
    Alpha Authority
    Island
 
Pack 2 pick 3:
--> Smite
    Crocanura
    Hands of Binding
    Millennial Gargoyle
    Verdant Haven
    Sage's Row Denizen
    Dutiful Thrull (FOIL)
    Beckon Apparition
    Drakewing Krasis
    Ripscale Predator
    Murder Investigation
    Illusionist's Bracers
    Swamp
 
Pack 2 pick 4:
    Way of the Thief
    Tin Street Market
    Dutiful Thrull
    Basilica Guards
    Ember Beast
    Skygames
    Slate Street Ruffian
    Primal Visitation
--> Kingpin's Pet
    Dimir Keyrune
    Simic Fluxmage
    Forest
 
Pack 2 pick 5:
    Devour Flesh
    Midnight Recovery
    Foundry Street Denizen
    Zarichi Tiger
    Boros Guildgate
    Skygames
    Wojek Halberdiers
    Gruul Charm
--> Urbis Protector
    Hindervines
    Mountain
 
Pack 2 pick 6:
--> Basilica Screecher
    Massive Raid
    Verdant Haven
    Keymaster Rogue
    Nav Squad Commandos
    Balustrade Spy
    Hydroform
    Frenzied Tilling
    Illness in the Ranks
    Swamp
 
Pack 2 pick 7:
    Structural Collapse
    Millennial Gargoyle
    Shielded Passage
    Act of Treason
    Riot Gear
    Purge the Profane
    Simic Keyrune
--> Mindeye Drake
    Plains
 
Pack 2 pick 8:
--> Gutter Skulk
    Disciple of the Old Ways
    Scatter Arc
    Spell Rupture
    Zarichi Tiger
    Hydroform
    Mind Grind
    Forest
 
Pack 2 pick 9:
    Shadow Slice
    Scatter Arc
    Mortus Strider
    Ruination Wurm
    Vizkopa Confessor
--> Thrull Parasite
    Island
 
Pack 2 pick 10:
    Shadow Slice
    Dutiful Thrull
    Slate Street Ruffian
--> Executioner's Swing
    Paranoid Delusions
    Island
 
Pack 2 pick 11:
    Millennial Gargoyle
--> Dutiful Thrull (FOIL)
    Beckon Apparition
    Murder Investigation
    Swamp
 
Pack 2 pick 12:
--> Dutiful Thrull
    Skygames
    Primal Visitation
    Forest
 
Pack 2 pick 13:
--> Devour Flesh
    Foundry Street Denizen
    Mountain
 
Pack 2 pick 14:
--> Hydroform
    Swamp
 
Pack 2 pick 15:
--> Plains
 
------ RTR ------
 
Pack 3 pick 1:
    Horncaller's Chant
    Cancel
    Bellows Lizard
    Armory Guard
    Aerial Predation
    Knightly Valor
    Annihilating Fire
--> Stab Wound
    Rakdos Shred-Freak
    Sundering Growth
    Tavern Swindler
    Dryad Militant
    Teleportal
    Abrupt Decay
    Forest
 
Pack 3 pick 2:
    Launch Party
    Rootborn Defenses
    Urban Burgeoning
    Korozda Monitor
    Trostani's Judgment
    Tenement Crasher
    Grim Roustabout
    Tower Drake
    Auger Spree
    Chemister's Trick
    Zanikev Locust
    Rakdos Charm
--> Desecration Demon
    Forest
 
Pack 3 pick 3:
    Armory Guard
    Urban Burgeoning
    Inspiration
    Grim Roustabout
    Runewing
--> Sunspire Griffin
    Hussar Patrol
    Spawn of Rix Maadi
    Vandalblast
    Azorius Keyrune
    Hellhole Flailer
    Slaughter Games
    Island
 
Pack 3 pick 4:
    Terrus Wurm
    Cancel
    Tenement Crasher
    Runewing
    Perilous Shadow
--> Annihilating Fire
    Rakdos Shred-Freak
    Search Warrant
    Goblin Rally
    Nivix Guildmage
    Death's Presence
    Plains
 
Pack 3 pick 5:
    Dynacharge
    Terrus Wurm
    Golgari Guildgate
    Island (FOIL)
    Selesnya Guildgate
--> Grim Roustabout
    Towering Indrik
    Chemister's Trick
    Guttersnipe
    Blistercoil Weird
    Plains
 
Pack 3 pick 6:
    Chronic Flooding
    Drainpipe Vermin
--> Swift Justice
    Splatter Thug
    Destroy the Evidence
    Tower Drake
    Dramatic Rescue
    Soul Tithe
    Heroes' Reunion
    Mountain
 
Pack 3 pick 7:
    Dispel
    Golgari Guildgate
    Deviant Glee
    Batterhorn
    Rakdos Guildgate
--> Sundering Growth
    Sluiceway Scorpion
    Pyroconvergence
    Plains
 
Pack 3 pick 8:
    Mizzium Skin
    Dynacharge
    Ethereal Armor
    Mind Rot
--> Dramatic Rescue
    Sphere of Safety
    Golgari Charm
    Plains
 
Pack 3 pick 9:
    Bellows Lizard
    Armory Guard
    Rakdos Shred-Freak
    Sundering Growth
    Tavern Swindler
--> Teleportal
    Forest
 
Pack 3 pick 10:
    Urban Burgeoning
    Grim Roustabout
    Chemister's Trick
--> Zanikev Locust
    Rakdos Charm
    Forest
 
Pack 3 pick 11:
    Urban Burgeoning
    Spawn of Rix Maadi
    Vandalblast
--> Azorius Keyrune
    Island
 
Pack 3 pick 12:
    Terrus Wurm
--> Tenement Crasher
    Search Warrant
    Plains
 
Pack 3 pick 13:
    Island (FOIL)
--> Chemister's Trick
    Plains
 
Pack 3 pick 14:
--> Heroes' Reunion
    Mountain
 
Pack 3 pick 15:
--> Plains
 
