Event #: 5734854
Time:    7/23/2013 12:13:41 PM
Players: 
    joey1572
    exvsmunkybauer
    JSHonigmann
--> Alakai
    grater_hellion
    Willain
    Tupi
    Iridius
 
------ SOM ------
 
Pack 1 pick 1:
    Stoneforge Mystic
    Thirst for Knowledge
    Grave Titan
    Magma Jet
    Eternal Witness
    Underground Sea
    Epochrasite
    Corrupt
    Search for Tomorrow
    Plateau
    Angel of Serenity
--> Koth of the Hammer
    All Is Dust
    Dismember
    Æther Vial
 
Pack 1 pick 2:
    Elite Vanguard
    Negate
--> Profane Command
    Thunderblust
    Krosan Grip
    Teetering Peaks
    Mirari's Wake
    Molten-Tail Masticore
    Preordain
    Wild Nacatl
    Porcelain Legionnaire
    Seaside Citadel
    Progenitus
    Huntmaster of the Fells
 
Pack 1 pick 3:
    Mana Tithe
    Looter il-Kor
    Mark of Mutiny
    Fertile Ground
    Sulfur Falls
    Phantasmal Image
--> Sulfuric Vortex
    Winter Orb
    Sorin's Thirst
    Wall of Roots
    Trygon Predator
    Wall of Reverence
    Plated Geopede
 
Pack 1 pick 4:
    Akroma's Vengeance
    Ancient Grudge
    Obstinate Baloth
--> Ghitu Encampment
    Karakas
    Mystic Snake
    Cloudgoat Ranger
    Kird Ape
    Pithing Needle
    Dark Ritual
    Hystrodon
    Dragonskull Summit
 
Pack 1 pick 5:
    Leonin Relic-Warder
    Voidmage Prodigy
--> Priest of Urabrask
    Indrik Stomphowler
    Bayou
    Reckless Charge
    Nevinyrral's Disk
    Thalia, Guardian of Thraben
    Flinthoof Boar
    Izzet Charm
    Merciless Eviction
 
Pack 1 pick 6:
    Decree of Justice
    Tin Street Hooligan
    Dryad Sophisticate
    Flood Plain
    Wall of Blossoms
    Spell Pierce
    Fetid Heath
    Manriki-Gusari
--> Countryside Crusher
    Devoted Druid
 
Pack 1 pick 7:
    Path to Exile
    Vampire Lacerator
    Azorius Chancery
    Zo-Zu the Punisher
    Edge of Autumn
    Calciderm
    Marsh Flats
--> Gore-House Chainwalker
    Seething Song
 
Pack 1 pick 8:
--> Sarcomancy
    Desperate Ravings
    Izzet Boilerworks
    Godless Shrine
    Glorious Anthem
    Volcanic Fallout
    Obzedat, Ghost Council
    Cursed Scroll
 
Pack 1 pick 9:
    Thirst for Knowledge
    Epochrasite
    Corrupt
    Plateau
    Angel of Serenity
    All Is Dust
--> Æther Vial
 
Pack 1 pick 10:
    Elite Vanguard
    Thunderblust
    Krosan Grip
--> Teetering Peaks
    Wild Nacatl
    Porcelain Legionnaire
 
Pack 1 pick 11:
    Mana Tithe
--> Mark of Mutiny
    Sulfur Falls
    Winter Orb
    Trygon Predator
 
Pack 1 pick 12:
--> Ancient Grudge
    Cloudgoat Ranger
    Pithing Needle
    Hystrodon
 
Pack 1 pick 13:
    Leonin Relic-Warder
--> Flinthoof Boar
    Merciless Eviction
 
Pack 1 pick 14:
    Fetid Heath
--> Manriki-Gusari
 
Pack 1 pick 15:
--> Calciderm
 
------ RTR ------
 
Pack 2 pick 1:
    Lingering Souls
    Tidings
    Gatekeeper of Malakir
--> Mizzium Mortars
    Thrun, the Last Troll
    Stomping Ground
    Thragtusk
    Mishra's Factory
    Duress
    Capsize
    Putrid Leech
    Karn Liberated
    Goblin Welder
    Cascade Bluffs
    Orzhov Basilica
 
Pack 2 pick 2:
    Linvala, Keeper of Silence
    Pact of Negation
    Smother
    Skullcrack
    Sakura-Tribe Elder
    Arid Mesa
--> Shrine of Burning Rage
    Worn Powerstone
    Firebolt
    Wooded Bastion
    Black Sun's Zenith
    Sea Gate Oracle
    Nightveil Specter
    Coalition Relic
 
Pack 2 pick 3:
    Emeria Angel
    Legacy's Allure
    Makeshift Mannequin
--> Hellspark Elemental
    Llanowar Elves
    Sunpetal Grove
    Giant Solifuge
    Repeal
    Nostalgic Dreams
    Oblivion Stone
    Balance
    Caves of Koilos
    Edric, Spymaster of Trest
 
Pack 2 pick 4:
    Hand of Honor
    Brainstorm
    Spinning Darkness
    Gamble
    Garruk, Primal Hunter
    Grasslands
    Gilded Lotus
--> Keldon Champion
    Hallowed Fountain
    Spreading Seas
    Lotus Bloom
    Thran Dynamo
 
Pack 2 pick 5:
    Jotun Grunt
    Guul Draz Assassin
--> Ball Lightning
    Deranged Hermit
    Halimar Depths
    Forbid
    Elves of Deep Shadow
    Visara the Dreadful
    Gideon, Champion of Justice
    Lightning Helix
    Esper Charm
 
Pack 2 pick 6:
    Hallowed Burial
    Skeletal Vampire
    Banefire
    Wolfir Silverheart
    Domri Rade
    Palladium Myr
--> Staggershock
    Woodfall Primus
    Nezumi Graverobber
    Myr Battlesphere
 
Pack 2 pick 7:
    Braids, Cabal Minion
    Gathan Raiders
    Birthing Pod
    Molten Rain
    Cataclysm
    Chord of Calling
    Vindicate
--> Zealous Conscripts
    Smash to Smithereens
 
Pack 2 pick 8:
    Spectral Procession
    Frenzied Goblin
    Yeva, Nature's Herald
    Ultimate Price
    Underground River
    Essence Scatter
--> Rakdos Cackler
    Relic of Progenitus
 
Pack 2 pick 9:
--> Gatekeeper of Malakir
    Thrun, the Last Troll
    Duress
    Putrid Leech
    Goblin Welder
    Cascade Bluffs
    Orzhov Basilica
 
Pack 2 pick 10:
    Pact of Negation
    Smother
    Skullcrack
    Worn Powerstone
--> Firebolt
    Nightveil Specter
 
Pack 2 pick 11:
--> Legacy's Allure
    Sunpetal Grove
    Oblivion Stone
    Caves of Koilos
    Edric, Spymaster of Trest
 
Pack 2 pick 12:
    Spinning Darkness
--> Gamble
    Gilded Lotus
    Spreading Seas
 
Pack 2 pick 13:
    Jotun Grunt
    Deranged Hermit
--> Lightning Helix
 
Pack 2 pick 14:
--> Wolfir Silverheart
    Nezumi Graverobber
 
Pack 2 pick 15:
--> Gathan Raiders
 
------ ISD ------
 
Pack 3 pick 1:
    Paladin en-Vec
    Wake Thrasher
    Living Death
--> Stromkirk Noble
    Birds of Paradise
    Academy Ruins
    Genesis Wave
    Yavimaya Elder
    Hand of Cruelty
    Mother of Runes
    Dimir Aqueduct
    Memory Jar
    Meloku the Clouded Mirror
    Moment's Peace
    Wood Elves
 
Pack 3 pick 2:
    Swords to Plowshares
    Delver of Secrets
--> Recurring Nightmare
    Red Elemental Blast
    Scavenging Ooze
    Rakdos Carnarium
    Baleful Strix
    Loam Lion
    Pillage
    Niv-Mizzet, Dracogenius
    Vampiric Tutor
    Explore
    Overgrown Tomb
    Arcane Sanctum
 
Pack 3 pick 3:
    Enlightened Tutor
    Vesuvan Shapeshifter
    Graveborn Muse
--> Grim Lavamancer
    Fauna Shaman
    Drowned Catacomb
    Fyndhorn Elves
    Nekrataal
    Dismiss
    Mystic Gate
    Firestorm
    Naturalize
    Troll Ascetic
 
Pack 3 pick 4:
    Celestial Purge
    Thunderscape Battlemage
    Kodama's Reach
    Savage Lands
    Stirring Wildwood
    Strip Mine
    Silver Knight
--> Flame Javelin
    Dimir Charm
    Rofellos, Llanowar Emissary
    Clifftop Retreat
    Breeding Pool
 
Pack 3 pick 5:
    Knight of the White Orchid
    Sakashima's Student
    Entomb
--> Goblin Patrol
    Blood Crypt
    Wasteland
    Force Spike
    Precursor Golem
    Pristine Angel
    Thawing Glaciers
    Ral Zarek
 
Pack 3 pick 6:
    Knight of Glory
    Old Man of the Sea
    Persecute
--> Goblin Guide
    Windbrisk Heights
    Scroll Rack
    Harmonize
    Gravecrawler
    Savannah
    Kitchen Finks
 
Pack 3 pick 7:
    Liliana Vess
    Greater Gargadon
    Lavaclaw Reaches
    Ohran Viper
    Momentary Blink
    Daze
--> Stormblood Berserker
    City of Brass
    Scrubland
 
Pack 3 pick 8:
    Phantasmal Bear
    Taurean Mauler
    Rishadan Port
--> Arc Trail
    Strangleroot Geist
    Sign in Blood
    Ajani, Caller of the Pride
    Sacred Foundry
 
Pack 3 pick 9:
    Paladin en-Vec
    Academy Ruins
    Genesis Wave
--> Yavimaya Elder
    Dimir Aqueduct
    Memory Jar
    Moment's Peace
 
Pack 3 pick 10:
    Red Elemental Blast
    Rakdos Carnarium
    Baleful Strix
    Loam Lion
--> Pillage
    Arcane Sanctum
 
Pack 3 pick 11:
    Enlightened Tutor
    Drowned Catacomb
    Dismiss
    Firestorm
--> Troll Ascetic
 
Pack 3 pick 12:
    Stirring Wildwood
    Dimir Charm
--> Clifftop Retreat
    Breeding Pool
 
Pack 3 pick 13:
--> Entomb
    Pristine Angel
    Thawing Glaciers
 
Pack 3 pick 14:
--> Knight of Glory
    Windbrisk Heights
 
Pack 3 pick 15:
--> Scrubland
 
