Event #: 5750112
Time:    7/27/2013 7:44:31 PM
Players: 
    noiboy77
    juza10
    ashgrabbr
    powersc
--> malthrin
    inactionjackson
    NoEqual
    Contrail
 
------ M14 ------
 
Pack 1 pick 1:
    Marauding Maulhorn
    Trollhide
    Naturalize
    Angelic Wall
    Blood Bairn
    Smelt
    Thunder Strike
    Sliver Construct
    Gladecover Scout (FOIL)
    Disperse
    Accorder's Shield
    Manaweft Sliver
    Artificer's Hex
--> Mutavault
    Swamp
 
Pack 1 pick 2:
    Wring Flesh
    Rootwalla
--> Messenger Drake
    Siege Mastodon
    Wild Guess
    Canyon Minotaur
    Charging Griffin
    Sporemound
    Groundshaker Sliver
    Griffin Sentinel
    Shimmering Grotto
    Spell Blast
    Enlarge
    Mountain
 
Pack 1 pick 3:
--> Essence Scatter
    Seismic Stomp
    Undead Minotaur
    Frost Breath
    Solemn Offering
    Divine Favor
    Gladecover Scout
    Dragon Hatchling
    Merfolk Spy
    Staff of the Death Magus
    Stonehorn Chanter
    Colossal Whale
    Island
 
Pack 1 pick 4:
    Fog
    Trollhide
    Capashen Knight
    Corpse Hauler
    Cyclops Tyrant
--> Divination
    Siege Mastodon
    Lava Axe
    Archaeomancer
    Encroaching Wastes
    Molten Birth
    Forest
 
Pack 1 pick 5:
    Angelic Wall
    Fog
    Seismic Stomp
--> Divination
    Festering Newt
    Dark Favor
    Show of Valor
    Demolish
    Gnawing Zombie
    Fleshpulper Giant
    Mountain
 
Pack 1 pick 6:
    Festering Newt
    Ranger's Guile
--> Pitchburn Devils
    Lay of the Land
    Divine Favor
    Dragon Hatchling
    Merfolk Spy
    Staff of the Sun Magus
    Dark Prophecy
    Forest
 
Pack 1 pick 7:
    Corpse Hauler
    Cyclops Tyrant
--> Divination
    Plummet
    Blur Sliver
    Shrivel
    Fortify
    Goblin Shortcutter
    Forest
 
Pack 1 pick 8:
    Plummet
    Master of Diversion
    Shadowborn Apostle
--> Time Ebb
    Altar's Reap
    Molten Birth
    Bubbling Cauldron
    Swamp
 
Pack 1 pick 9:
    Naturalize
    Angelic Wall
--> Blood Bairn
    Smelt
    Accorder's Shield
    Artificer's Hex
    Swamp
 
Pack 1 pick 10:
    Siege Mastodon
    Sporemound
    Groundshaker Sliver
--> Shimmering Grotto
    Spell Blast
    Mountain
 
Pack 1 pick 11:
--> Seismic Stomp
    Solemn Offering
    Gladecover Scout
    Staff of the Death Magus
    Island
 
Pack 1 pick 12:
    Fog
    Encroaching Wastes
--> Molten Birth
    Forest
 
Pack 1 pick 13:
--> Seismic Stomp
    Demolish
    Mountain
 
Pack 1 pick 14:
--> Staff of the Sun Magus
    Forest
 
Pack 1 pick 15:
--> Forest
 
------ M14 ------
 
Pack 2 pick 1:
    Frost Breath
    Plummet
    Master of Diversion
    Shock
    Shadowborn Apostle
    Time Ebb
    Griffin Sentinel
    Tome Scour
    Minotaur Abomination
    Sensory Deprivation
--> Flames of the Firebrand
    Tenacious Dead
    Fleshpulper Giant
    Silence
    Island
 
Pack 2 pick 2:
    Accursed Spirit
    Frost Breath
    Sentinel Sliver
    Shadowborn Apostle
    Striking Sliver
    Celestial Flare
    Gladecover Scout
--> Trained Condor
    Altar's Reap
    Dragon Hatchling
    Blightcaster
    Congregate
    Quicken
    Plains
 
Pack 2 pick 3:
    Hunt the Weak
    Demolish
    Rootwalla
    Show of Valor
    Shrivel
    Coral Merfolk
    Striking Sliver
--> Seacoast Drake
    Solemn Offering
    Congregate
    Wall of Frost
    Planar Cleansing
    Plains
 
Pack 2 pick 4:
    Time Ebb
    Smelt
    Ranger's Guile
    Accursed Spirit
--> Trained Condor
    Altar's Reap
    Dragon Hatchling
    Hive Stirrings
    Staff of the Wild Magus
    Brave the Elements
    Staff of the Sun Magus
    Forest
 
Pack 2 pick 5:
    Corpse Hauler
    Suntail Hawk
    Festering Newt
    Ranger's Guile
    Mark of the Vampire
    Trained Condor
    Shrivel
    Accorder's Shield
    Young Pyromancer
--> Tidebinder Mage
    Forest
 
Pack 2 pick 6:
--> Nephalia Seakite
    Dark Favor
    Hive Stirrings
    Sliver Construct
    Scroll Thief
    Quag Sickness
    Academy Raider
    Volcanic Geyser
    Staff of the Wild Magus
    Island
 
Pack 2 pick 7:
    Armored Cancrix
    Dawnstrike Paladin
    Sliver Construct
--> Scroll Thief
    Academy Raider
    Solemn Offering
    Bubbling Cauldron
    Sengir Vampire
    Plains
 
Pack 2 pick 8:
    Duress
    Lava Axe
    Wring Flesh
    Pillarfield Ox
--> Disperse
    Encroaching Wastes
    Into the Wilds
    Swamp
 
Pack 2 pick 9:
    Frost Breath
    Shadowborn Apostle
--> Time Ebb
    Tome Scour
    Minotaur Abomination
    Silence
    Island
 
Pack 2 pick 10:
    Frost Breath
    Shadowborn Apostle
    Altar's Reap
    Congregate
--> Quicken
    Plains
 
Pack 2 pick 11:
    Demolish
    Show of Valor
--> Coral Merfolk
    Congregate
    Plains
 
Pack 2 pick 12:
--> Smelt
    Staff of the Wild Magus
    Staff of the Sun Magus
    Forest
 
Pack 2 pick 13:
    Suntail Hawk
--> Shrivel
    Forest
 
Pack 2 pick 14:
--> Sliver Construct
    Island
 
Pack 2 pick 15:
--> Plains
 
------ M14 ------
 
Pack 3 pick 1:
    Archaeomancer
    Duress
    Siege Mastodon
    Lightning Talons
    Fortify
    Elvish Mystic
    Shrivel
    Coral Merfolk
    Striking Sliver
    Seacoast Drake
    Steelform Sliver
    Corrupt
--> Air Servant
    Savage Summoning
    Plains
 
Pack 3 pick 2:
    Divination
    Festering Newt
    Master of Diversion
--> Time Ebb
    Smelt
    Ranger's Guile
    Demolish
    Archaeomancer
    Giant Spider
    Lightning Talons
    Darksteel Ingot
    Voracious Wurm
    Trading Post
    Forest
 
Pack 3 pick 3:
    Naturalize
    Zephyr Charge
    Sentinel Sliver
    Blood Bairn
--> Claustrophobia
    Wild Guess
    Disperse
    Sporemound
    Tome Scour
    Staff of the Death Magus
    Vampire Warlord
    Blessing
    Swamp
 
Pack 3 pick 4:
    Frost Breath
    Shadowborn Apostle
--> Marauding Maulhorn
    Cyclops Tyrant (FOIL)
    Naturalize
    Sporemound
    Act of Treason
    Wild Guess
    Opportunity
    Angelic Accord
    Bramblecrush
    Island
 
Pack 3 pick 5:
--> Negate
    Child of Night
    Lay of the Land
    Capashen Knight
    Solemn Offering
    Predatory Sliver
    Merfolk Spy
    Blightcaster (FOIL)
    Shimmering Grotto
    Dragon Egg
    Forest
 
Pack 3 pick 6:
    Duress
    Pay No Heed
    Armored Cancrix
--> Seacoast Drake
    Divine Favor
    Mind Rot
    Millstone
    Corrupt
    Angelic Accord
    Island
 
Pack 3 pick 7:
    Rootwalla
    Dawnstrike Paladin
    Armored Cancrix
    Hive Stirrings
    Goblin Shortcutter
--> Scroll Thief
    Windstorm
    Traumatize
    Island
 
Pack 3 pick 8:
    Smelt
    Negate
    Lay of the Land
    Pay No Heed
    Vile Rebirth
--> Nephalia Seakite
    Glimpse the Future
    Mountain
 
Pack 3 pick 9:
    Archaeomancer
    Duress
    Siege Mastodon
    Fortify
    Shrivel
--> Coral Merfolk
    Plains
 
Pack 3 pick 10:
    Festering Newt
    Smelt
    Ranger's Guile
    Demolish
--> Archaeomancer
    Forest
 
Pack 3 pick 11:
    Zephyr Charge
    Wild Guess
    Staff of the Death Magus
--> Blessing
    Swamp
 
Pack 3 pick 12:
--> Frost Breath
    Shadowborn Apostle
    Wild Guess
    Island
 
Pack 3 pick 13:
--> Lay of the Land
    Solemn Offering
    Forest
 
Pack 3 pick 14:
--> Armored Cancrix
    Island
 
Pack 3 pick 15:
--> Island
 
