Event #: 5756266
Time:    7/29/2013 4:12:10 PM
Players: 
    Astardis
    Coltsfan
    BungooStacker
--> Alakai
    frzpop
    pockenmensch
    BRitsch
    vpap99
 
------ M14 ------
 
Pack 1 pick 1:
    Frost Breath
    Sentinel Sliver
    Shadowborn Apostle
    Marauding Maulhorn
    Shrivel
    Fortify
    Predatory Sliver
    Seacoast Drake
    Goblin Shortcutter
    Divine Favor
--> Manaweft Sliver
    Staff of the Mind Magus
    Barrage of Expendables
    Indestructibility
    Plains
 
Pack 1 pick 2:
    Verdant Haven
--> Child of Night
    Angelic Wall
    Fog
    Seismic Stomp
    Divination
    Auramancer
    Cancel
    Giant Growth
    Plains (FOIL)
    Blightcaster
    Wall of Swords
    Burning Earth
    Swamp
 
Pack 1 pick 3:
    Sentinel Sliver
    Blood Bairn
    Shock
    Claustrophobia
    Fog
    Trollhide
    Brindle Boar
    Duress
    Pay No Heed
    Armored Cancrix
--> Corrupt
    Dragon Egg
    Mountain
 
Pack 1 pick 4:
    Shadowborn Apostle
    Time Ebb
    Soulmender
--> Verdant Haven
    Claustrophobia
    Marauding Maulhorn
    Canyon Minotaur
    Groundshaker Sliver
    Staff of the Flame Magus
    Brave the Elements
    Darksteel Forge
    Swamp
 
Pack 1 pick 5:
    Armored Cancrix
    Regathan Firecat
--> Hunt the Weak
    Seacoast Drake
    Solemn Offering
    Gladecover Scout
    Dragon Hatchling
    Encroaching Wastes
    Congregate
    Dismiss into Dream
    Plains
 
Pack 1 pick 6:
--> Shock
    Shadowborn Apostle
    Time Ebb
    Soulmender
    Minotaur Abomination
    Thunder Strike
    Cancel
    Sensory Deprivation
    Rod of Ruin
    Island
 
Pack 1 pick 7:
    Dark Favor
    Hunt the Weak
    Regathan Firecat
--> Liturgy of Blood
    Mind Rot
    Striking Sliver
    Gladecover Scout
    Illusionary Armor
    Island
 
Pack 1 pick 8:
    Lava Axe
--> Brindle Boar
    Coral Merfolk
    Striking Sliver
    Seacoast Drake
    Solemn Offering
    Glimpse the Future
    Plains
 
Pack 1 pick 9:
--> Frost Breath
    Shadowborn Apostle
    Shrivel
    Goblin Shortcutter
    Divine Favor
    Staff of the Mind Magus
    Plains
 
Pack 1 pick 10:
--> Verdant Haven
    Angelic Wall
    Fog
    Cancel
    Plains (FOIL)
    Swamp
 
Pack 1 pick 11:
    Fog
--> Duress
    Pay No Heed
    Armored Cancrix
    Mountain
 
Pack 1 pick 12:
--> Shadowborn Apostle
    Soulmender
    Staff of the Flame Magus
    Swamp
 
Pack 1 pick 13:
    Encroaching Wastes
--> Congregate
    Plains
 
Pack 1 pick 14:
--> Shadowborn Apostle
    Island
 
Pack 1 pick 15:
--> Island
 
------ M14 ------
 
Pack 2 pick 1:
    Trollhide
    Naturalize
    Angelic Wall
    Blood Bairn
    Smelt
    Negate
    Minotaur Abomination
    Griffin Sentinel
    Sensory Deprivation
    Giant Growth
--> Flames of the Firebrand
    Water Servant
    Blessing
    Seraph of the Sword
    Swamp
 
Pack 2 pick 2:
--> Undead Minotaur
    Pitchburn Devils
    Verdant Haven
    Child of Night
    Angelic Wall
    Advocate of the Beast
    Blur Sliver
    Shrivel
    Fortify
    Bubbling Cauldron
    Congregate
    Wall of Frost
    Grim Return
    Island
 
Pack 2 pick 3:
    Vile Rebirth
    Messenger Drake
    Dark Favor
    Show of Valor
    Wild Guess
    Canyon Minotaur
    Charging Griffin
    Sporemound
    Groundshaker Sliver
    Griffin Sentinel
--> Kalonian Tusker
    Fleshpulper Giant
    Swamp
 
Pack 2 pick 4:
    Festering Newt
    Master of Diversion
    Time Ebb
    Smelt
    Ranger's Guile
--> Accursed Spirit
    Lightning Talons
    Vile Rebirth
    Staff of the Wild Magus
    Accorder's Shield
    Phantom Warrior
    Forest
 
Pack 2 pick 5:
    Marauding Maulhorn
    Corpse Hauler
    Suntail Hawk
    Festering Newt
    Lightning Talons
--> Rootwalla
    Staff of the Death Magus
    Staff of the Mind Magus
    Bramblecrush
    Sanguine Bond
    Mountain
 
Pack 2 pick 6:
    Blood Bairn
    Smelt
--> Child of Night
    Lay of the Land
    Capashen Knight
    Nephalia Seakite
    Hunt the Weak
    Demolish
    Staff of the Flame Magus
    Mountain
 
Pack 2 pick 7:
    Armored Cancrix
    Duress
    Griffin Sentinel
    Sliver Construct
    Auramancer
--> Nightwing Shade
    Accorder's Shield
    Staff of the Sun Magus
    Mountain
 
Pack 2 pick 8:
    Frost Breath
    Plummet
    Altar's Reap
    Dragon Hatchling
    Hive Stirrings
--> Advocate of the Beast
    Sliver Construct
    Plains
 
Pack 2 pick 9:
    Naturalize
    Angelic Wall
    Smelt
    Negate
--> Minotaur Abomination
    Griffin Sentinel
    Swamp
 
Pack 2 pick 10:
--> Verdant Haven
    Blur Sliver
    Shrivel
    Fortify
    Congregate
    Island
 
Pack 2 pick 11:
    Vile Rebirth
    Wild Guess
--> Sporemound
    Groundshaker Sliver
    Swamp
 
Pack 2 pick 12:
--> Ranger's Guile
    Vile Rebirth
    Accorder's Shield
    Forest
 
Pack 2 pick 13:
--> Staff of the Death Magus
    Staff of the Mind Magus
    Mountain
 
Pack 2 pick 14:
--> Smelt
    Mountain
 
Pack 2 pick 15:
--> Mountain
 
------ M14 ------
 
Pack 3 pick 1:
    Dawnstrike Paladin
    Elixir of Immortality (FOIL)
    Lava Axe
--> Wring Flesh
    Deadly Recluse
    Striking Sliver
    Celestial Flare
    Gladecover Scout
    Trained Condor
    Altar's Reap
    Fireshrieker
    Staff of the Sun Magus
    Dragon Egg
    Savage Summoning
    Plains
 
Pack 3 pick 2:
    Show of Valor
    Siege Mastodon
    Lava Axe
    Archaeomancer
    Canyon Minotaur
    Griffin Sentinel
    Tome Scour
--> Minotaur Abomination
    Act of Treason
    Millstone
    Artificer's Hex
    Windstorm
    Goblin Diplomats
    Swamp
 
Pack 3 pick 3:
    Archaeomancer
    Duress
    Siege Mastodon
    Thunder Strike
    Pillarfield Ox
    Nightwing Shade
--> Deathgaze Cockatrice
    Cancel
    Wild Guess
    Steelform Sliver
    Diabolic Tutor
    Quicken
    Mountain
 
Pack 3 pick 4:
    Smelt
    Armored Cancrix (FOIL)
    Frost Breath
--> Predatory Sliver
    Goblin Shortcutter
    Divine Favor
    Mind Rot
    Rod of Ruin
    Glimpse the Future
    Stonehorn Chanter
    Strionic Resonator
    Forest
 
Pack 3 pick 5:
    Corpse Hauler
    Suntail Hawk
    Ranger's Guile
    Mark of the Vampire
    Blur Sliver
--> Pacifism
    Fortify
    Elvish Mystic
    Shrivel
    Awaken the Ancient
    Forest
 
Pack 3 pick 6:
    Zephyr Charge
    Undead Minotaur
    Academy Raider
    Coral Merfolk
    Hive Stirrings
--> Elvish Mystic
    Goblin Shortcutter
    Spell Blast
    Darksteel Ingot
    Plains
 
Pack 3 pick 7:
    Dark Favor
    Demolish
    Academy Raider
    Solemn Offering
--> Predatory Sliver
    Merfolk Spy
    Vampire Warlord
    Fleshpulper Giant
    Island
 
Pack 3 pick 8:
    Seismic Stomp
    Undead Minotaur
    Frost Breath
    Dragon Hatchling
    Hive Stirrings
    Sliver Construct
--> Voracious Wurm
    Forest
 
Pack 3 pick 9:
--> Dawnstrike Paladin
    Lava Axe
    Striking Sliver
    Gladecover Scout
    Altar's Reap
    Staff of the Sun Magus
    Plains
 
Pack 3 pick 10:
    Lava Axe
--> Canyon Minotaur
    Tome Scour
    Millstone
    Artificer's Hex
    Swamp
 
Pack 3 pick 11:
    Siege Mastodon
    Pillarfield Ox
    Cancel
--> Quicken
    Mountain
 
Pack 3 pick 12:
    Smelt
--> Mind Rot
    Strionic Resonator
    Forest
 
Pack 3 pick 13:
    Blur Sliver
--> Fortify
    Forest
 
Pack 3 pick 14:
--> Coral Merfolk
    Plains
 
Pack 3 pick 15:
--> Island
 
