Event #: 5759355
Time:    7/29/2013 9:44:09 PM
Players:
    TheReaper89
    KaZzu
    Razberry910
--> Kinch
    Ramone89
    OFWGKTA666
    mtgopope
    Alcapownage

------ M14 ------ 

Pack 1 pick 1:
    Lay of the Land
    Capashen Knight
    Essence Scatter
    Seismic Stomp
    Undead Minotaur
    Frost Breath
    Griffin Sentinel
    Thunder Strike
    Sliver Construct
    Auramancer
    Staff of the Flame Magus
    Howl of the Night Pack
    Vial of Poison
--> Shivan Dragon
    Mountain

Pack 1 pick 2:
    Blood Bairn
    Smelt
    Negate
    Child of Night
    Mark of the Vampire
    Blur Sliver
    Fortify
    Elvish Mystic
    Shrivel
    Molten Birth
    Dragon Egg
--> Air Servant
    Dark Prophecy
    Island

Pack 1 pick 3:
    Shadowborn Apostle
    Time Ebb
    Soulmender
    Verdant Haven
    Merfolk Spy
--> Liturgy of Blood
    Altar's Reap
    Mark of the Vampire
    Staff of the Death Magus
    Vampire Warlord
    Stonehorn Chanter
    Sanguine Bond
    Plains

Pack 1 pick 4:
    Festering Newt
    Master of Diversion
    Time Ebb
    Smelt
    Celestial Flare
    Gladecover Scout
--> Trained Condor
    Altar's Reap
    Dragon Hatchling
    Hive Stirrings
    Encroaching Wastes
    Swamp

Pack 1 pick 5:
    Sentinel Sliver
    Shadowborn Apostle
    Trollhide
    Naturalize
    Angelic Wall
    Wring Flesh
--> Messenger Drake
    Siege Mastodon
    Staff of the Death Magus
    Windstorm
    Plains

Pack 1 pick 6:
    Giant Spider
    Armored Cancrix
    Dawnstrike Paladin
    Wild Guess
    Pillarfield Ox
    Groundshaker Sliver
--> Charging Griffin
    Disperse
    Rod of Ruin
    Mountain

Pack 1 pick 7:
    Duress
    Pay No Heed
    Armored Cancrix
    Cancel
    Wild Guess
--> Canyon Minotaur
    Groundshaker Sliver
    Artificer's Hex
    Forest

Pack 1 pick 8:
    Suntail Hawk
--> Essence Scatter
    Groundshaker Sliver
    Minotaur Abomination
    Thunder Strike
    Cancel
    Glimpse the Future
    Mountain

Pack 1 pick 9:
    Lay of the Land
    Capashen Knight
    Seismic Stomp
    Undead Minotaur
--> Frost Breath
    Staff of the Flame Magus
    Mountain

Pack 1 pick 10:
    Blood Bairn
    Smelt
    Negate
--> Mark of the Vampire
    Shrivel
    Island

Pack 1 pick 11:
    Shadowborn Apostle
    Merfolk Spy
--> Altar's Reap
    Staff of the Death Magus
    Plains

Pack 1 pick 12:
--> Smelt
    Gladecover Scout
    Encroaching Wastes
    Swamp

Pack 1 pick 13:
--> Shadowborn Apostle
    Staff of the Death Magus
    Plains

Pack 1 pick 14:
--> Wild Guess
    Mountain

Pack 1 pick 15:
--> Forest

------ M14 ------ 

Pack 2 pick 1:
    Blood Bairn
    Shock
--> Claustrophobia
    Fog
    Trollhide
    Capashen Knight
    Deathgaze Cockatrice
    Wild Guess
    Disperse
    Sporemound
    Blightcaster
    Wall of Swords
    Vial of Poison
    Strionic Resonator
    Swamp

Pack 2 pick 2:
    Fog
    Trollhide
    Capashen Knight
    Corpse Hauler
    Cyclops Tyrant
    Divination
    Pillarfield Ox
    Groundshaker Sliver
    Nightwing Shade
--> Charging Griffin
    Gnawing Zombie
    Fleshpulper Giant
    Brave the Elements
    Mountain

Pack 2 pick 3:
    Plummet
    Suntail Hawk
    Zephyr Charge
    Undead Minotaur
    Pitchburn Devils
    Divine Favor
    Mind Rot
--> Deadly Recluse
    Striking Sliver
    Bubbling Cauldron
    Sengir Vampire
    Angelic Accord
    Plains

Pack 2 pick 4:
    Undead Minotaur
    Griffin Sentinel
    Verdant Haven
    Mind Rot
    Deadly Recluse
    Striking Sliver
    Celestial Flare
    Gladecover Scout
--> Trained Condor
    Manaweft Sliver
    Staff of the Mind Magus
    Plains

Pack 2 pick 5:
    Regathan Firecat
    Pay No Heed
    Vile Rebirth
    Coral Merfolk
    Mind Rot
    Hive Stirrings
    Elvish Mystic
--> Scroll Thief
    Encroaching Wastes
    Staff of the Sun Magus
    Island

Pack 2 pick 6:
    Pay No Heed
    Lava Axe
    Lightning Talons
    Fortify
--> Seacoast Drake
    Goblin Shortcutter
    Divine Favor
    Voracious Wurm
    Blessing
    Island

Pack 2 pick 7:
--> Dawnstrike Paladin
    Duress
    Lava Axe
    Shrivel
    Fortify
    Seacoast Drake
    Spell Blast
    Quicken
    Swamp

Pack 2 pick 8:
    Seismic Stomp
    Plummet
--> Master of Diversion
    Duress
    Lava Axe
    Brindle Boar
    Diabolic Tutor
    Forest

Pack 2 pick 9:
    Blood Bairn
    Fog
    Capashen Knight
--> Disperse
    Blightcaster
    Strionic Resonator
    Swamp

Pack 2 pick 10:
    Fog
    Cyclops Tyrant
    Groundshaker Sliver
--> Nightwing Shade
    Fleshpulper Giant
    Mountain

Pack 2 pick 11:
--> Plummet
    Zephyr Charge
    Mind Rot
    Angelic Accord
    Plains

Pack 2 pick 12:
--> Mind Rot
    Gladecover Scout
    Staff of the Mind Magus
    Plains

Pack 2 pick 13:
--> Coral Merfolk
    Mind Rot
    Island

Pack 2 pick 14:
--> Pay No Heed
    Island

Pack 2 pick 15:
--> Swamp

------ M14 ------ 

Pack 3 pick 1:
    Vile Rebirth
    Dawnstrike Paladin
    Nephalia Seakite
    Dark Favor
    Disperse
    Negate
    Act of Treason
    Giant Growth
    Tome Scour
    Charging Griffin
    Blightcaster
    Accorder's Shield
    Young Pyromancer
--> Garruk, Caller of Beasts
    Forest

Pack 3 pick 2:
    Hunt the Weak
    Demolish
    Rootwalla
    Opportunity
    Act of Treason
    Auramancer
    Cancel
    Giant Growth
    Pillarfield Ox
    Millstone
    Corrupt
--> Water Servant
    Oath of the Ancient Wood
    Mountain

Pack 3 pick 3:
    Demolish
    Archaeomancer
    Lightning Talons
    Coral Merfolk
    Striking Sliver
    Solemn Offering
    Quag Sickness
--> Divine Favor
    Bubbling Cauldron
    Vampire Warlord
    Stonehorn Chanter
    Wild Ricochet
    Swamp

Pack 3 pick 4:
    Corpse Hauler
    Cyclops Tyrant
    Divination
    Plummet
    Suntail Hawk
    Zephyr Charge
--> Messenger Drake
    Show of Valor
    Staff of the Wild Magus
    Accorder's Shield
    Barrage of Expendables
    Forest

Pack 3 pick 5:
    Soulmender
--> Accursed Spirit
    Cyclops Tyrant
    Negate
    Naturalize
    Zephyr Charge
    Show of Valor
    Demolish
    Giant Spider
    Armored Cancrix
    Plains

Pack 3 pick 6:
    Dawnstrike Paladin
    Armored Cancrix
    Tome Scour
    Canyon Minotaur
    Minotaur Abomination
    Griffin Sentinel
    Sensory Deprivation
    Wall of Frost
--> Doom Blade
    Mountain

Pack 3 pick 7:
--> Claustrophobia
    Marauding Maulhorn
    Corpse Hauler
    Gladecover Scout
    Dragon Hatchling
    Merfolk Spy
    Altar's Reap
    Brave the Elements
    Island

Pack 3 pick 8:
    Plummet
    Shadowborn Apostle
--> Time Ebb
    Soulmender
    Millstone
    Elixir of Immortality
    Door of Destinies
    Plains

Pack 3 pick 9:
    Vile Rebirth
    Dark Favor
--> Negate
    Tome Scour
    Blightcaster
    Accorder's Shield
    Forest

Pack 3 pick 10:
    Demolish
    Cancel
    Giant Growth
--> Pillarfield Ox
    Corrupt
    Mountain

Pack 3 pick 11:
    Demolish
--> Coral Merfolk
    Bubbling Cauldron
    Stonehorn Chanter
    Swamp

Pack 3 pick 12:
    Corpse Hauler
    Zephyr Charge
--> Accorder's Shield
    Forest

Pack 3 pick 13:
--> Negate
    Zephyr Charge
    Plains

Pack 3 pick 14:
--> Tome Scour
    Mountain

Pack 3 pick 15:
--> Island

