Event #: 5760700
Time:    7/30/2013 4:20:20 PM
Players: 
    duke12
    Angel_of_Death_22
    987789987
    Born_of_Fire
    Dathanja
--> Llowle
    Tko
    chaunen
 
------ M14 ------
 
Pack 1 pick 1:
    Suntail Hawk
    Festering Newt
    Ranger's Guile
    Pitchburn Devils
    Blur Sliver
    Pacifism
    Fortify
    Elvish Mystic
    Shrivel
    Coral Merfolk
--> Blightcaster
    Stonehorn Chanter
    Staff of the Sun Magus
    Door of Destinies
    Swamp
 
Pack 1 pick 2:
    Divination
    Festering Newt
    Master of Diversion
    Time Ebb
    Scroll Thief
    Celestial Flare
    Advocate of the Beast
    Trained Condor
    Blur Sliver
    Opportunity
    Encroaching Wastes
    Barrage of Expendables
--> Bogbrew Witch
    Swamp
 
Pack 1 pick 3:
    Nephalia Seakite
    Dark Favor
    Hunt the Weak
--> Chandra's Outrage
    Disperse
    Canyon Minotaur
    Griffin Sentinel
    Tome Scour
    Minotaur Abomination
    Sensory Deprivation
    Tenacious Dead
    Glimpse the Future
    Plains
 
Pack 1 pick 4:
    Blood Bairn
    Shock
    Fog
    Trollhide
    Capashen Knight
    Duress
    Pay No Heed
    Armored Cancrix
--> Chandra's Outrage
    Shimmering Grotto
    Barrage of Expendables
    Swamp
 
Pack 1 pick 5:
    Time Ebb
    Smelt
    Ranger's Guile
    Elvish Mystic
    Goblin Shortcutter
    Scroll Thief
--> Mark of the Vampire
    Advocate of the Beast
    Accorder's Shield
    Staff of the Sun Magus
    Mountain
 
Pack 1 pick 6:
    Dark Favor
    Show of Valor
    Demolish
    Pillarfield Ox
    Wild Guess
    Disperse
    Tome Scour
--> Shiv's Embrace
    Staff of the Wild Magus
    Plains
 
Pack 1 pick 7:
    Cyclops Tyrant
    Plummet
    Suntail Hawk
    Zephyr Charge
--> Undead Minotaur
    Act of Treason
    Spell Blast
    Vial of Poison
    Forest
 
Pack 1 pick 8:
    Smelt
--> Frost Breath
    Shadowborn Apostle
    Canyon Minotaur
    Minotaur Abomination
    Griffin Sentinel
    Staff of the Mind Magus
    Forest
 
Pack 1 pick 9:
    Suntail Hawk
--> Blur Sliver
    Fortify
    Shrivel
    Coral Merfolk
    Staff of the Sun Magus
    Swamp
 
Pack 1 pick 10:
    Divination
--> Festering Newt
    Master of Diversion
    Encroaching Wastes
    Barrage of Expendables
    Swamp
 
Pack 1 pick 11:
    Canyon Minotaur
    Tome Scour
    Minotaur Abomination
--> Sensory Deprivation
    Plains
 
Pack 1 pick 12:
    Fog
--> Duress
    Pay No Heed
    Swamp
 
Pack 1 pick 13:
--> Smelt
    Staff of the Sun Magus
    Mountain
 
Pack 1 pick 14:
--> Demolish
    Plains
 
Pack 1 pick 15:
--> Forest
 
------ M14 ------
 
Pack 2 pick 1:
    Pay No Heed
    Rumbling Baloth
    Lava Axe
    Lightning Talons
    Groundshaker Sliver
    Groundshaker Sliver (FOIL)
    Thunder Strike
    Sliver Construct
    Auramancer
    Disperse
    Manaweft Sliver
    Staff of the Death Magus
    Stonehorn Chanter
--> Kalonian Hydra
    Island
 
Pack 2 pick 2:
    Hunt the Weak
--> Chandra's Outrage
    Regathan Firecat
    Rumbling Baloth
    Trained Condor
    Blur Sliver
    Shrivel
    Fortify
    Predatory Sliver
    Seacoast Drake
    Opportunity
    Angelic Accord
    Into the Wilds
    Forest
 
Pack 2 pick 3:
    Frost Breath
    Plummet
    Master of Diversion
--> Shock
    Shadowborn Apostle
    Academy Raider
    Solemn Offering
    Predatory Sliver
    Merfolk Spy
    Bubbling Cauldron
    Fleshpulper Giant
    Air Servant
    Plains
 
Pack 2 pick 4:
    Armored Cancrix
--> Chandra's Outrage
    Wring Flesh
    Rootwalla
    Sensory Deprivation
    Auramancer
    Sporemound
    Act of Treason
    Wild Guess
    Molten Birth
    Wall of Frost
    Forest
 
Pack 2 pick 5:
    Fog
    Trollhide
    Capashen Knight
    Corpse Hauler
--> Dragon Hatchling
    Merfolk Spy
    Altar's Reap
    Darksteel Ingot
    Blessing
    Guardian of the Ages
    Swamp
 
Pack 2 pick 6:
    Cyclops Tyrant
    Divination
    Plummet
    Divine Favor
    Gladecover Scout
--> Dragon Hatchling
    Merfolk Spy
    Altar's Reap
    Spell Blast
    Mountain
 
Pack 2 pick 7:
    Negate
--> Child of Night
    Lay of the Land
    Capashen Knight
    Mind Rot
    Gladecover Scout
    Staff of the Flame Magus
    Congregate
    Swamp
 
Pack 2 pick 8:
    Siege Mastodon
    Lightning Talons
    Vile Rebirth
    Zephyr Charge (FOIL)
    Coral Merfolk
    Mind Rot
--> Goblin Shortcutter
    Mountain
 
Pack 2 pick 9:
    Pay No Heed
    Lava Axe
    Lightning Talons
    Groundshaker Sliver
--> Thunder Strike
    Staff of the Death Magus
    Island
 
Pack 2 pick 10:
    Hunt the Weak
--> Regathan Firecat
    Trained Condor
    Shrivel
    Fortify
    Forest
 
Pack 2 pick 11:
    Frost Breath
    Shadowborn Apostle
    Merfolk Spy
--> Fleshpulper Giant
    Plains
 
Pack 2 pick 12:
    Armored Cancrix
    Wild Guess
--> Molten Birth
    Forest
 
Pack 2 pick 13:
    Merfolk Spy
--> Altar's Reap
    Swamp
 
Pack 2 pick 14:
--> Cyclops Tyrant
    Mountain
 
Pack 2 pick 15:
--> Swamp
 
------ M14 ------
 
Pack 3 pick 1:
    Plummet
    Suntail Hawk
    Zephyr Charge
    Undead Minotaur
    Solemn Offering
    Quag Sickness
    Divine Favor
    Gladecover Scout
    Dragon Hatchling
    Merfolk Spy
    Spell Blast
--> Gnawing Zombie
    Vial of Poison
    Colossal Whale
    Forest
 
Pack 3 pick 2:
    Regathan Firecat
    Pay No Heed
    Vile Rebirth
    Nephalia Seakite
    Giant Growth
    Thunder Strike
    Pillarfield Ox
    Nightwing Shade
    Deathgaze Cockatrice
    Cancel
--> Flames of the Firebrand
    Bramblecrush
    Wild Ricochet
    Plains
 
Pack 3 pick 3:
--> Chandra's Outrage
    Dark Favor
    Giant Spider
    Wring Flesh
    Sliver Construct
    Quag Sickness
    Academy Raider
    Solemn Offering
    Predatory Sliver
    Rod of Ruin
    Windstorm
    Elite Arcanist
    Forest
 
Pack 3 pick 4:
    Lightning Talons
    Vile Rebirth
    Striking Sliver
    Seacoast Drake
    Solemn Offering
    Quag Sickness
    Divine Favor
    Gladecover Scout
    Accorder's Shield
    Millstone
--> Dragon Egg
    Mountain
 
Pack 3 pick 5:
    Regathan Firecat
    Show of Valor
    Shrivel
    Coral Merfolk
    Striking Sliver
    Seacoast Drake
    Solemn Offering
    Quag Sickness
--> Molten Birth
    Elixir of Immortality
    Forest
 
Pack 3 pick 6:
    Cyclops Tyrant
    Negate
    Naturalize
    Zephyr Charge
--> Nightwing Shade
    Act of Treason
    Tome Scour
    Millstone
    Brave the Elements
    Plains
 
Pack 3 pick 7:
    Brindle Boar
    Pay No Heed
    Armored Cancrix
    Fortify
--> Goblin Shortcutter
    Divine Favor
    Liturgy of Blood
    Enlarge
    Island
 
Pack 3 pick 8:
    Lay of the Land
    Soulmender
--> Cyclops Tyrant
    Negate
    Archaeomancer
    Duress
    Siege Mastodon
    Forest
 
Pack 3 pick 9:
    Suntail Hawk
    Zephyr Charge
    Divine Favor
    Dragon Hatchling
    Merfolk Spy
--> Vial of Poison
    Forest
 
Pack 3 pick 10:
--> Regathan Firecat
    Pay No Heed
    Thunder Strike
    Pillarfield Ox
    Wild Ricochet
    Plains
 
Pack 3 pick 11:
    Wring Flesh
--> Academy Raider
    Solemn Offering
    Windstorm
    Forest
 
Pack 3 pick 12:
--> Lightning Talons
    Gladecover Scout
    Accorder's Shield
    Mountain
 
Pack 3 pick 13:
--> Regathan Firecat
    Coral Merfolk
    Forest
 
Pack 3 pick 14:
--> Zephyr Charge
    Plains
 
Pack 3 pick 15:
--> Island
 
