Event #: 5765459
Time:    7/31/2013 7:49:20 PM
Players: 
    patbot
    st.anger
    xiasy
    envision
--> Llowle
    ProfessorX
    alicodendrochit
    Bosstaishi
 
------ M14 ------
 
Pack 1 pick 1:
    Naturalize
    Angelic Wall
    Blood Bairn
    Smelt
    Negate
    Child of Night
    Lava Axe
    Lightning Talons
    Nephalia Seakite
    Rootwalla
    Woodborn Behemoth
--> Serra Angel
    Fleshpulper Giant
    Witchstalker
    Forest
 
Pack 1 pick 2:
    Suntail Hawk
    Zephyr Charge
    Undead Minotaur
    Pitchburn Devils
    Liturgy of Blood
    Mind Rot
    Deadly Recluse
    Striking Sliver
--> Celestial Flare
    Gladecover Scout
    Blightcaster
    Wall of Swords
    Water Servant
    Mountain
 
Pack 1 pick 3:
    Naturalize
    Zephyr Charge
    Sentinel Sliver
    Blood Bairn
    Merfolk Spy
    Liturgy of Blood
    Altar's Reap
--> Pacifism
    Deadly Recluse
    Academy Raider
    Fleshpulper Giant
    Elite Arcanist
    Forest
 
Pack 1 pick 4:
    Messenger Drake
    Dark Favor
    Show of Valor
    Demolish
    Gladecover Scout
    Dragon Hatchling
    Merfolk Spy
    Altar's Reap
    Staff of the Death Magus
--> Enlarge
    Rise of the Dark Realms
    Island
 
Pack 1 pick 5:
    Verdant Haven
    Angelic Wall
    Fog
    Trained Condor
    Altar's Reap
    Dragon Hatchling
    Hive Stirrings
    Sliver Construct
--> Volcanic Geyser
    Windstorm
    Forest
 
Pack 1 pick 6:
--> Shock
    Claustrophobia
    Fog
    Altar's Reap
    Academy Raider
    Coral Merfolk
    Mind Rot
    Glimpse the Future
    Volcanic Geyser
    Forest
 
Pack 1 pick 7:
    Fog
--> Celestial Flare
    Trained Condor
    Blur Sliver
    Shrivel (FOIL)
    Spell Blast
    Darksteel Ingot
    Stonehorn Chanter
    Island
 
Pack 1 pick 8:
--> Seacoast Drake (FOIL)
    Shadowborn Apostle
    Soulmender
    Duress
    Lava Axe
    Staff of the Flame Magus
    Artificer's Hex
    Forest
 
Pack 1 pick 9:
    Naturalize
    Smelt
    Negate
--> Child of Night
    Lava Axe
    Fleshpulper Giant
    Forest
 
Pack 1 pick 10:
    Zephyr Charge
    Undead Minotaur
    Mind Rot
    Gladecover Scout
--> Blightcaster
    Mountain
 
Pack 1 pick 11:
    Zephyr Charge
    Merfolk Spy
    Altar's Reap
--> Fleshpulper Giant
    Forest
 
Pack 1 pick 12:
--> Demolish
    Merfolk Spy
    Staff of the Death Magus
    Island
 
Pack 1 pick 13:
--> Dragon Hatchling
    Windstorm
    Forest
 
Pack 1 pick 14:
--> Glimpse the Future
    Forest
 
Pack 1 pick 15:
--> Island
 
------ M14 ------
 
Pack 2 pick 1:
    Divination
    Festering Newt
    Master of Diversion
    Time Ebb
    Scroll Thief
    Quag Sickness
    Academy Raider
    Solemn Offering
    Predatory Sliver
    Merfolk Spy
    Staff of the Wild Magus
    Accorder's Shield
    Blessing
--> Scavenging Ooze
    Plains
 
Pack 2 pick 2:
    Messenger Drake
    Siege Mastodon
    Demolish
    Archaeomancer
    Sensory Deprivation
--> Auramancer
    Sporemound
    Deathgaze Cockatrice
    Act of Treason
    Wild Guess
    Millstone
    Congregate
    Wall of Frost
    Mountain
 
Pack 2 pick 3:
    Nephalia Seakite
    Dark Favor
    Hunt the Weak
    Chandra's Outrage
    Mark of the Vampire
    Blur Sliver
    Pacifism
    Fortify
    Elvish Mystic
    Shrivel
--> Young Pyromancer
    Vial of Poison
    Island
 
Pack 2 pick 4:
    Undead Minotaur
    Frost Breath
    Plummet
--> Master of Diversion
    Shadowborn Apostle
    Griffin Sentinel
    Thunder Strike
    Sliver Construct
    Auramancer
    Gnawing Zombie
    Wall of Swords
    Swamp
 
Pack 2 pick 5:
--> Marauding Maulhorn
    Naturalize
    Angelic Wall
    Blood Bairn
    Smelt
    Siege Mastodon
    Brindle Boar
    Vile Rebirth
    Steelform Sliver
    Angelic Accord
    Forest
 
Pack 2 pick 6:
    Time Ebb
    Soulmender
--> Marauding Maulhorn
    Corpse Hauler
    Brindle Boar
    Duress
    Pay No Heed
    Staff of the Death Magus
    Bramblecrush
    Forest
 
Pack 2 pick 7:
    Wring Flesh
--> Regathan Firecat
    Pay No Heed
    Artificer's Hex (FOIL)
    Sensory Deprivation
    Staff of the Mind Magus
    Barrage of Expendables
    Dark Prophecy
    Swamp
 
Pack 2 pick 8:
    Corpse Hauler
    Cyclops Tyrant
    Plummet
--> Deathgaze Cockatrice
    Wild Guess
    Disperse
    Sporemound
    Island
 
Pack 2 pick 9:
    Academy Raider
--> Solemn Offering
    Merfolk Spy
    Staff of the Wild Magus
    Accorder's Shield
    Blessing
    Plains
 
Pack 2 pick 10:
    Siege Mastodon
    Demolish
    Sensory Deprivation
    Wild Guess
--> Congregate
    Mountain
 
Pack 2 pick 11:
    Dark Favor
--> Fortify
    Shrivel
    Vial of Poison
    Island
 
Pack 2 pick 12:
    Undead Minotaur
    Shadowborn Apostle
--> Thunder Strike
    Swamp
 
Pack 2 pick 13:
    Smelt
--> Angelic Accord
    Forest
 
Pack 2 pick 14:
--> Staff of the Death Magus
    Forest
 
Pack 2 pick 15:
--> Swamp
 
------ M14 ------
 
Pack 3 pick 1:
    Giant Spider
    Wring Flesh
    Pay No Heed
    Rumbling Baloth
    Cancel
    Wild Guess
    Canyon Minotaur
    Charging Griffin
    Sporemound
    Groundshaker Sliver
    Glimpse the Future
    Fireshrieker
    Warden of Evos Isle
--> Trading Post
    Mountain
 
Pack 3 pick 2:
    Hunt the Weak
    Show of Valor
    Siege Mastodon
    Lava Axe
    Disperse
    Act of Treason
    Giant Growth
    Tome Scour
    Charging Griffin
    Rod of Ruin
--> Shiv's Embrace
    Angelic Accord
    Jace's Mindseeker
    Mountain
 
Pack 3 pick 3:
    Regathan Firecat
    Rumbling Baloth
    Archaeomancer
    Duress
    Canyon Minotaur
    Griffin Sentinel
    Tome Scour
    Minotaur Abomination
    Sensory Deprivation
    Act of Treason
--> Flames of the Firebrand
    Barrage of Expendables
    Mountain
 
Pack 3 pick 4:
    Duress
    Lava Axe
    Hive Stirrings
    Elvish Mystic
    Goblin Shortcutter
    Scroll Thief
    Mark of the Vampire
--> Celestial Flare
    Illusionary Armor
    Brave the Elements
    Thorncaster Sliver
    Plains
 
Pack 3 pick 5:
    Frost Breath
    Shadowborn Apostle
    Marauding Maulhorn
    Thunder Strike
--> Pillarfield Ox
    Nightwing Shade
    Deathgaze Cockatrice
    Encroaching Wastes
    Rod of Ruin
    Howl of the Night Pack
    Swamp
 
Pack 3 pick 6:
    Rootwalla
    Show of Valor
--> Chandra's Outrage
    Dark Favor
    Striking Sliver
    Celestial Flare
    Altar's Reap
    Opportunity
    Diabolic Tutor
    Island
 
Pack 3 pick 7:
    Armored Cancrix
--> Regathan Firecat
    Academy Raider
    Solemn Offering
    Merfolk Spy
    Blur Sliver
    Staff of the Flame Magus
    Staff of the Sun Magus
    Island
 
Pack 3 pick 8:
    Lightning Talons
    Coral Merfolk
    Mind Rot
    Hive Stirrings
--> Goblin Shortcutter
    Shimmering Grotto
    Diabolic Tutor
    Plains
 
Pack 3 pick 9:
    Wring Flesh
    Pay No Heed
    Wild Guess
--> Canyon Minotaur
    Sporemound
    Glimpse the Future
    Mountain
 
Pack 3 pick 10:
    Siege Mastodon
    Lava Axe
    Tome Scour
    Rod of Ruin
--> Angelic Accord
    Mountain
 
Pack 3 pick 11:
    Canyon Minotaur
    Tome Scour
    Minotaur Abomination
--> Barrage of Expendables
    Mountain
 
Pack 3 pick 12:
    Duress
    Lava Axe
--> Goblin Shortcutter
    Plains
 
Pack 3 pick 13:
    Shadowborn Apostle
--> Encroaching Wastes
    Swamp
 
Pack 3 pick 14:
--> Altar's Reap
    Island
 
Pack 3 pick 15:
--> Island
 
