Event #: 5765923
Time:    7/31/2013 10:03:05 PM
Players: 
    jack84
--> Llowle
    Embrocate
    magic-BEN
    cant_afford
    Draysor
    FinbAAr
    Tjeerd
 
------ M14 ------
 
Pack 1 pick 1:
    Soulmender
    Verdant Haven
--> Claustrophobia
    Marauding Maulhorn
    Scroll Thief
    Quag Sickness
    Academy Raider
    Solemn Offering
    Predatory Sliver
    Merfolk Spy
    Opportunity
    Encroaching Wastes
    Howl of the Night Pack
    Garruk's Horde
    Plains
 
Pack 1 pick 2:
    Blood Bairn
    Smelt
    Negate
    Child of Night
    Lay of the Land
    Capashen Knight
    Rootwalla
--> Messenger Drake
    Siege Mastodon
    Demolish
    Spell Blast
    Battle Sliver
    Phantom Warrior
    Island
 
Pack 1 pick 3:
    Pay No Heed
    Battle Sliver (FOIL)
    Wring Flesh
    Charging Griffin
    Sporemound
    Groundshaker Sliver
    Griffin Sentinel
    Thunder Strike
    Sliver Construct
    Shimmering Grotto
    Bramblecrush
--> Awaken the Ancient
    Plains
 
Pack 1 pick 4:
    Siege Mastodon
    Swamp (FOIL)
--> Giant Spider
    Auramancer
    Disperse
    Nightwing Shade
    Act of Treason
    Giant Growth
    Wall of Swords
    Rod of Ruin
    Barrage of Expendables
    Swamp
 
Pack 1 pick 5:
    Smelt
    Ranger's Guile
    Accursed Spirit
--> Frost Breath
    Shadowborn Apostle
    Lightning Talons
    Brindle Boar
    Vile Rebirth
    Millstone
    Staff of the Sun Magus
    Mountain
 
Pack 1 pick 6:
    Pay No Heed
    Bramblecrush (FOIL)
--> Wring Flesh
    Sporemound
    Groundshaker Sliver
    Griffin Sentinel
    Thunder Strike
    Sliver Construct
    Staff of the Wild Magus
    Mountain
 
Pack 1 pick 7:
    Armored Cancrix
    Duress
    Nightwing Shade
--> Canyon Minotaur
    Tome Scour
    Artificer's Hex
    Congregate
    Sanguine Bond
    Mountain
 
Pack 1 pick 8:
    Armored Cancrix
    Regathan Firecat
--> Sensory Deprivation
    Thunder Strike
    Pillarfield Ox
    Nightwing Shade
    Bubbling Cauldron
    Mountain
 
Pack 1 pick 9:
    Soulmender
    Verdant Haven
--> Academy Raider
    Solemn Offering
    Merfolk Spy
    Encroaching Wastes
    Plains
 
Pack 1 pick 10:
--> Blood Bairn
    Smelt
    Negate
    Siege Mastodon
    Demolish
    Island
 
Pack 1 pick 11:
    Pay No Heed
    Groundshaker Sliver
    Thunder Strike
--> Shimmering Grotto
    Plains
 
Pack 1 pick 12:
    Siege Mastodon
    Swamp (FOIL)
--> Rod of Ruin
    Swamp
 
Pack 1 pick 13:
    Shadowborn Apostle
--> Vile Rebirth
    Mountain
 
Pack 1 pick 14:
--> Pay No Heed
    Mountain
 
Pack 1 pick 15:
--> Artificer's Hex
 
------ M14 ------
 
Pack 2 pick 1:
    Smelt
    Negate
    Child of Night
    Lay of the Land
    Mind Rot
    Hive Stirrings
    Staff of the Mind Magus (FOIL)
    Goblin Shortcutter
--> Scroll Thief
    Mark of the Vampire
    Banisher Priest
    Shimmering Grotto
    Bramblecrush
    Bonescythe Sliver
    Plains
 
Pack 2 pick 2:
    Shock
--> Claustrophobia
    Fog
    Trollhide
    Dragon Hatchling
    Hive Stirrings
    Advocate of the Beast
    Sliver Construct
    Quag Sickness
    Steelform Sliver
    Corrupt
    Windstorm
    Ratchet Bomb
    Plains
 
Pack 2 pick 3:
    Corpse Hauler
    Suntail Hawk
    Festering Newt
    Ranger's Guile
    Pitchburn Devils
    Essence Scatter
    Auramancer
    Disperse
    Nightwing Shade
    Act of Treason
    Fireshrieker
--> Young Pyromancer
    Swamp
 
Pack 2 pick 4:
--> Marauding Maulhorn
    Trollhide
    Naturalize
    Angelic Wall
    Blood Bairn
    Altar's Reap
    Academy Raider
    Coral Merfolk
    Corrupt
    Angelic Accord
    Oath of the Ancient Wood
    Forest
 
Pack 2 pick 5:
    Demolish
    Rootwalla
    Show of Valor
    Chandra's Outrage
    Cancel
    Giant Growth
    Pillarfield Ox
    Wild Guess
--> Flames of the Firebrand
    Dragon Egg
    Mountain
 
Pack 2 pick 6:
    Shadowborn Apostle
    Marauding Maulhorn
    Naturalize
    Shrivel
    Fortify
    Predatory Sliver
--> Goblin Shortcutter
    Illusionary Armor
    Battle Sliver
    Forest
 
Pack 2 pick 7:
    Child of Night
    Lay of the Land
    Capashen Knight
    Seismic Stomp
    Undead Minotaur
    Cancel
    Wild Guess
--> Gnawing Zombie
    Swamp
 
Pack 2 pick 8:
    Lightning Talons
    Vile Rebirth
    Fortify
--> Elvish Mystic
    Shrivel
    Rod of Ruin
    Glimpse the Future
    Island
 
Pack 2 pick 9:
    Smelt
    Lay of the Land
    Mind Rot
    Staff of the Mind Magus (FOIL)
    Mark of the Vampire
--> Shimmering Grotto
    Plains
 
Pack 2 pick 10:
    Fog
--> Trollhide
    Hive Stirrings
    Sliver Construct
    Quag Sickness
    Plains
 
Pack 2 pick 11:
    Corpse Hauler
--> Festering Newt
    Disperse
    Nightwing Shade
    Swamp
 
Pack 2 pick 12:
    Blood Bairn
--> Altar's Reap
    Corrupt
    Forest
 
Pack 2 pick 13:
    Demolish
--> Wild Guess
    Mountain
 
Pack 2 pick 14:
--> Fortify
    Forest
 
Pack 2 pick 15:
--> Swamp
 
------ M14 ------
 
Pack 3 pick 1:
    Angelic Wall
    Blood Bairn
    Smelt
    Negate
--> Liturgy of Blood
    Mind Rot
    Deadly Recluse
    Striking Sliver
    Celestial Flare
    Gladecover Scout
    Fireshrieker
    Darksteel Ingot
    Artificer's Hex
    Silence
    Plains
 
Pack 3 pick 2:
--> Pitchburn Devils
    Verdant Haven
    Child of Night
    Angelic Wall
    Elvish Mystic
    Shrivel
    Coral Merfolk
    Striking Sliver
    Seacoast Drake
    Solemn Offering
    Staff of the Death Magus
    Blessing
    Ring of Three Wishes
    Forest
 
Pack 3 pick 3:
    Cyclops Tyrant
    Negate
    Naturalize
    Zephyr Charge
    Blood Bairn
    Dark Favor
    Giant Spider
    Wring Flesh
    Pay No Heed
    Shimmering Grotto
--> Water Servant
    Sengir Vampire
    Forest
 
Pack 3 pick 4:
    Zephyr Charge
    Undead Minotaur
    Verdant Haven
    Fortify
    Elvish Mystic
    Shrivel
--> Coral Merfolk
    Striking Sliver
    Vampire Warlord
    Staff of the Flame Magus
    Barrage of Expendables
    Forest
 
Pack 3 pick 5:
    Dark Favor
    Hunt the Weak
--> Regathan Firecat
    Quag Sickness
    Divine Favor
    Gladecover Scout
    Dragon Hatchling
    Merfolk Spy
    Vampire Warlord
    Diabolic Tutor
    Plains
 
Pack 3 pick 6:
    Shadowborn Apostle
    Time Ebb
    Soulmender
    Lava Axe
    Wring Flesh
    Brindle Boar
    Regathan Firecat
    Wall of Swords
--> Wall of Frost
    Forest
 
Pack 3 pick 7:
--> Frost Breath
    Plummet
    Shadowborn Apostle
    Time Ebb
    Siege Mastodon
    Demolish
    Bubbling Cauldron
    Stonehorn Chanter
    Forest
 
Pack 3 pick 8:
    Fog
    Divination
    Festering Newt
--> Time Ebb
    Tome Scour
    Minotaur Abomination
    Encroaching Wastes
    Island
 
Pack 3 pick 9:
    Blood Bairn
    Smelt
    Negate
--> Gladecover Scout
    Artificer's Hex
    Silence
    Plains
 
Pack 3 pick 10:
    Angelic Wall
    Shrivel
--> Coral Merfolk
    Solemn Offering
    Staff of the Death Magus
    Forest
 
Pack 3 pick 11:
--> Negate
    Zephyr Charge
    Dark Favor
    Pay No Heed
    Forest
 
Pack 3 pick 12:
    Zephyr Charge
--> Shrivel
    Staff of the Flame Magus
    Forest
 
Pack 3 pick 13:
--> Gladecover Scout
    Merfolk Spy
    Plains
 
Pack 3 pick 14:
--> Shadowborn Apostle
    Forest
 
Pack 3 pick 15:
--> Forest
 
