Event #: 5768815
Time:    8/1/2013 12:33:08 PM
Players: 
    jwo5
    elcsum
    Rusty1211
--> Llowle
    Zoltantf
    yellowcow
    Xecksy
    Lonestar91
 
------ M14 ------
 
Pack 1 pick 1:
    Shock
    Claustrophobia
    Fog
    Trollhide
    Capashen Knight
    Corpse Hauler
    Sporemound
    Tome Scour
    Canyon Minotaur
    Minotaur Abomination
    Rod of Ruin
    Glimpse the Future
    Vial of Poison
--> Bonescythe Sliver
    Plains
 
Pack 1 pick 2:
    Festering Newt
    Ranger's Guile
--> Pitchburn Devils
    Essence Scatter
    Lay of the Land
    Soulmender
    Cancel
    Sensory Deprivation
    Auramancer
    Sporemound
    Spell Blast
    Darksteel Ingot
    Congregate
    Island
 
Pack 1 pick 3:
    Messenger Drake
    Siege Mastodon
    Demolish
    Archaeomancer
    Advocate of the Beast
    Trained Condor
    Blur Sliver
    Shrivel
    Fortify
--> Predatory Sliver
    Molten Birth
    Angelic Accord
    Swamp
 
Pack 1 pick 4:
    Frost Breath
    Shadowborn Apostle
    Seacoast Drake
    Solemn Offering
    Quag Sickness
    Divine Favor
    Gladecover Scout
    Dragon Hatchling
--> Molten Birth
    Barrage of Expendables
    Angelic Accord
    Swamp
 
Pack 1 pick 5:
    Naturalize
    Angelic Wall
    Blood Bairn
    Smelt
    Negate
    Wild Guess
    Pillarfield Ox
--> Groundshaker Sliver
    Staff of the Flame Magus
    Bramblecrush
    Forest
 
Pack 1 pick 6:
    Soulmender
    Cyclops Tyrant
    Negate
--> Striking Sliver
    Gladecover Scout
    Mountain (FOIL)
    Altar's Reap
    Voracious Wurm
    Fleshpulper Giant
    Swamp
 
Pack 1 pick 7:
    Regathan Firecat
    Archaeomancer
    Duress
    Dragon Hatchling
--> Hive Stirrings
    Advocate of the Beast
    Sliver Construct
    Scroll Thief
    Mountain
 
Pack 1 pick 8:
    Naturalize
    Zephyr Charge
--> Sentinel Sliver
    Mind Rot
    Striking Sliver
    Gladecover Scout
    Bubbling Cauldron
    Mountain
 
Pack 1 pick 9:
    Fog
    Tome Scour
    Canyon Minotaur
    Minotaur Abomination
    Glimpse the Future
--> Vial of Poison
    Plains
 
Pack 1 pick 10:
--> Festering Newt
    Lay of the Land
    Cancel
    Sensory Deprivation
    Spell Blast
    Island
 
Pack 1 pick 11:
    Demolish
    Archaeomancer
    Shrivel
--> Fortify
    Swamp
 
Pack 1 pick 12:
    Shadowborn Apostle
--> Solemn Offering
    Gladecover Scout
    Swamp
 
Pack 1 pick 13:
--> Smelt
    Staff of the Flame Magus
    Forest
 
Pack 1 pick 14:
    Mountain (FOIL)
--> Swamp
 
Pack 1 pick 15:
--> Mountain
 
------ M14 ------
 
Pack 2 pick 1:
    Time Ebb
    Soulmender
    Verdant Haven
    Claustrophobia
    Marauding Maulhorn
    Corpse Hauler
    Nephalia Seakite
    Dark Favor
    Hunt the Weak
--> Chandra's Outrage
    Fireshrieker
    Darksteel Ingot
    Artificer's Hex
    Witchstalker
    Forest
 
Pack 2 pick 2:
    Essence Scatter
    Lay of the Land
    Soulmender
    Accursed Spirit
    Cyclops Tyrant
    Negate
    Groundshaker Sliver
    Griffin Sentinel
    Thunder Strike
    Shiv's Embrace
    Staff of the Wild Magus
    Air Servant
--> Seraph of the Sword
    Swamp
 
Pack 2 pick 3:
    Wring Flesh
    Brindle Boar
    Regathan Firecat
    Pay No Heed
    Blur Sliver
    Shrivel
    Fortify
--> Predatory Sliver
    Seacoast Drake
    Shimmering Grotto
    Elixir of Immortality
    Artificer's Hex
    Plains
 
Pack 2 pick 4:
    Vile Rebirth
--> Hunt the Weak
    Demolish
    Act of Treason
    Wild Guess
    Pillarfield Ox
    Groundshaker Sliver
    Nightwing Shade
    Voracious Wurm
    Wall of Frost
    Fleshpulper Giant
    Swamp
 
Pack 2 pick 5:
    Suntail Hawk
    Zephyr Charge
    Undead Minotaur
    Verdant Haven
    Child of Night
    Armored Cancrix
--> Regathan Firecat
    Messenger Drake
    Windstorm
    Blessing
    Mountain
 
Pack 2 pick 6:
    Festering Newt
--> Master of Diversion
    Time Ebb
    Smelt
    Accursed Spirit
    Pillarfield Ox
    Deathgaze Cockatrice
    Wild Guess
    Staff of the Death Magus
    Island
 
Pack 2 pick 7:
--> Master of Diversion
    Shadowborn Apostle
    Soulmender
    Verdant Haven
    Duress
    Lava Axe
    Millstone
    Bramblecrush
    Mountain
 
Pack 2 pick 8:
    Archaeomancer
    Duress
--> Celestial Flare
    Shrivel
    Spell Blast
    Gnawing Zombie
    Ajani's Chosen
    Island
 
Pack 2 pick 9:
    Time Ebb
    Verdant Haven
    Corpse Hauler
    Nephalia Seakite
--> Darksteel Ingot
    Artificer's Hex
    Forest
 
Pack 2 pick 10:
--> Essence Scatter
    Lay of the Land
    Soulmender
    Negate
    Staff of the Wild Magus
    Swamp
 
Pack 2 pick 11:
    Pay No Heed
    Shrivel
--> Fortify
    Artificer's Hex
    Plains
 
Pack 2 pick 12:
--> Demolish
    Wild Guess
    Fleshpulper Giant
    Swamp
 
Pack 2 pick 13:
--> Suntail Hawk
    Zephyr Charge
    Mountain
 
Pack 2 pick 14:
--> Staff of the Death Magus
    Island
 
Pack 2 pick 15:
--> Mountain
 
------ M14 ------
 
Pack 3 pick 1:
    Claustrophobia
    Marauding Maulhorn
    Corpse Hauler
    Devout Invocation (FOIL)
    Elvish Mystic
    Goblin Shortcutter
    Scroll Thief
    Mark of the Vampire
    Celestial Flare
    Advocate of the Beast
    Corrupt
--> Banisher Priest
    Phantom Warrior
    Devout Invocation
    Forest
 
Pack 3 pick 2:
    Angelic Wall
    Fog
    Seismic Stomp
    Divination
    Advocate of the Beast
    Sliver Construct
    Scroll Thief
    Quag Sickness
    Academy Raider
    Solemn Offering
    Shimmering Grotto
--> Steelform Sliver
    Young Pyromancer
    Forest
 
Pack 3 pick 3:
    Naturalize
    Zephyr Charge
--> Sentinel Sliver
    Blood Bairn
    Messenger Drake
    Dark Favor
    Show of Valor
    Demolish
    Opportunity
    Encroaching Wastes
    Howl of the Night Pack
    Bogbrew Witch
    Forest
 
Pack 3 pick 4:
    Angelic Wall
    Blood Bairn
    Smelt
    Negate
    Child of Night
--> Elvish Mystic
    Shrivel
    Coral Merfolk
    Staff of the Flame Magus
    Blightcaster
    Bramblecrush
    Forest
 
Pack 3 pick 5:
    Messenger Drake
    Siege Mastodon
    Demolish
    Liturgy of Blood
    Altar's Reap
--> Pacifism
    Coral Merfolk
    Woodborn Behemoth
    Warden of Evos Isle
    Traumatize
    Island
 
Pack 3 pick 6:
    Shadowborn Apostle
    Naturalize
    Armored Cancrix
    Wring Flesh
    Brindle Boar (FOIL)
--> Bubbling Cauldron
    Vampire Warlord
    Staff of the Mind Magus
    Pyromancer's Gauntlet
    Mountain
 
Pack 3 pick 7:
    Naturalize
    Angelic Wall
    Coral Merfolk
--> Striking Sliver
    Seacoast Drake
    Solemn Offering
    Howl of the Night Pack
    Burning Earth
    Mountain
 
Pack 3 pick 8:
    Archaeomancer
    Duress
    Disperse
    Tome Scour
    Minotaur Abomination
--> Barrage of Expendables
    Angelic Accord
    Swamp
 
Pack 3 pick 9:
    Claustrophobia
    Marauding Maulhorn
    Corpse Hauler
--> Goblin Shortcutter
    Scroll Thief
    Phantom Warrior
    Forest
 
Pack 3 pick 10:
    Fog
    Scroll Thief
    Academy Raider
    Solemn Offering
--> Shimmering Grotto
    Forest
 
Pack 3 pick 11:
    Zephyr Charge
--> Show of Valor
    Demolish
    Encroaching Wastes
    Forest
 
Pack 3 pick 12:
    Smelt
--> Coral Merfolk
    Staff of the Flame Magus
    Forest
 
Pack 3 pick 13:
    Demolish
--> Altar's Reap
    Island
 
Pack 3 pick 14:
--> Staff of the Mind Magus
    Mountain
 
Pack 3 pick 15:
--> Mountain
 
