Event #: 5781115
Time:    8/3/2013 8:45:14 PM
Players: 
    Wolverox
    Djibril
    matthewsmeg
    StevenPope
    ISONOTAMA
    Wooldaddy
--> malthrin
    Drewski2167
 
------ M14 ------
 
Pack 1 pick 1:
    Messenger Drake
    Dark Favor
    Show of Valor
    Demolish
    Griffin Sentinel
    Thunder Strike
    Sliver Construct
    Auramancer
    Disperse
    Nightwing Shade
    Rod of Ruin
    Shiv's Embrace
--> Warden of Evos Isle
    Oath of the Ancient Wood
    Swamp
 
Pack 1 pick 2:
    Time Ebb
    Soulmender
    Verdant Haven
--> Claustrophobia
    Marauding Maulhorn
    Corpse Hauler
    Groundshaker Sliver
    Nightwing Shade
    Charging Griffin
    Disperse
    Millstone
    Banisher Priest
    Congregate
    Plains
 
Pack 1 pick 3:
    Corpse Hauler
    Cyclops Tyrant
    Divination
    Plummet
    Shrivel
    Fortify
    Predatory Sliver
    Seacoast Drake
    Divine Favor
    Wall of Swords
    Fleshpulper Giant
--> Air Servant
    Swamp
 
Pack 1 pick 4:
    Ranger's Guile
    Accursed Spirit
    Frost Breath
    Sentinel Sliver
    Shadowborn Apostle
    Marauding Maulhorn
    Rumbling Baloth
    Archaeomancer
    Duress
    Woodborn Behemoth
--> Water Servant
    Mountain
 
Pack 1 pick 5:
    Negate
    Child of Night
    Lay of the Land
    Capashen Knight
--> Essence Scatter
    Charging Griffin
    Sporemound
    Gnawing Zombie
    Wall of Swords
    Howl of the Night Pack
    Island
 
Pack 1 pick 6:
    Armored Cancrix
    Dawnstrike Paladin
    Duress
    Nightwing Shade
    Giant Growth
    Tome Scour
    Groundshaker Sliver
    Manaweft Sliver
--> Opportunity
    Plains
 
Pack 1 pick 7:
    Shadowborn Apostle
    Shrivel
    Coral Merfolk
    Striking Sliver
--> Seacoast Drake
    Solemn Offering
    Staff of the Flame Magus
    Bramblecrush
    Mountain
 
Pack 1 pick 8:
    Shadowborn Apostle
    Verdant Haven
    Fortify
    Shrivel
    Coral Merfolk
--> Seacoast Drake
    Traumatize
    Forest
 
Pack 1 pick 9:
    Dark Favor
    Show of Valor
    Demolish
--> Disperse
    Nightwing Shade
    Rod of Ruin
    Swamp
 
Pack 1 pick 10:
    Soulmender
    Nightwing Shade
--> Disperse
    Millstone
    Congregate
    Plains
 
Pack 1 pick 11:
    Shrivel
    Fortify
--> Seacoast Drake
    Divine Favor
    Swamp
 
Pack 1 pick 12:
--> Frost Breath
    Shadowborn Apostle
    Duress
    Mountain
 
Pack 1 pick 13:
--> Lay of the Land
    Capashen Knight
    Island
 
Pack 1 pick 14:
--> Tome Scour
    Plains
 
Pack 1 pick 15:
--> Mountain
 
------ M14 ------
 
Pack 2 pick 1:
--> Nephalia Seakite
    Dark Favor
    Hunt the Weak
    Chandra's Outrage
    Thunder Strike
    Pillarfield Ox
    Nightwing Shade
    Deathgaze Cockatrice
    Cancel
    Wild Guess
    Glimpse the Future
    Fireshrieker
    Enlarge
    Ajani, Caller of the Pride
    Swamp
 
Pack 2 pick 2:
    Naturalize
    Zephyr Charge
    Sentinel Sliver
    Blood Bairn
    Shock
--> Claustrophobia
    Cancel
    Giant Growth
    Pillarfield Ox
    Darksteel Ingot
    Howl of the Night Pack
    Vial of Poison
    Door of Destinies
    Plains
 
Pack 2 pick 3:
    Suntail Hawk
    Zephyr Charge
    Undead Minotaur
--> Pitchburn Devils
    Verdant Haven
    Child of Night
    Thunder Strike
    Sliver Construct
    Disperse
    Accorder's Shield
    Stonehorn Chanter
    Staff of the Sun Magus
    Forest
 
Pack 2 pick 4:
    Goblin Shortcutter (FOIL)
    Accursed Spirit
    Cyclops Tyrant
    Negate
    Academy Raider
    Coral Merfolk
    Mind Rot
    Hive Stirrings
--> Volcanic Geyser
    Dragon Egg
    Dismiss into Dream
    Mountain
 
Pack 2 pick 5:
    Frost Breath
    Sentinel Sliver
    Shadowborn Apostle
    Marauding Maulhorn
--> Scroll Thief
    Academy Raider
    Solemn Offering
    Steelform Sliver
    Blessing
    Young Pyromancer
    Mountain
 
Pack 2 pick 6:
    Brindle Boar
    Duress
    Pay No Heed
    Elvish Mystic
    Goblin Shortcutter
--> Scroll Thief
    Advocate of the Beast
    Illusionary Armor
    Stonehorn Chanter
    Forest
 
Pack 2 pick 7:
    Lay of the Land
    Frost Breath
    Dark Favor
    Wring Flesh
    Pay No Heed
--> Vampire Warlord
    Angelic Accord
    Staff of the Mind Magus
    Swamp
 
Pack 2 pick 8:
--> Armored Cancrix
    Wring Flesh
    Rootwalla
    Disperse
    Sporemound
    Tome Scour
    Canyon Minotaur
    Island
 
Pack 2 pick 9:
    Dark Favor
    Thunder Strike
    Pillarfield Ox
--> Cancel
    Wild Guess
    Glimpse the Future
    Swamp
 
Pack 2 pick 10:
    Naturalize
    Zephyr Charge
--> Cancel
    Darksteel Ingot
    Vial of Poison
    Plains
 
Pack 2 pick 11:
    Zephyr Charge
    Verdant Haven
--> Thunder Strike
    Staff of the Sun Magus
    Forest
 
Pack 2 pick 12:
    Cyclops Tyrant
--> Coral Merfolk
    Mind Rot
    Mountain
 
Pack 2 pick 13:
    Shadowborn Apostle
--> Solemn Offering
    Mountain
 
Pack 2 pick 14:
--> Pay No Heed
    Forest
 
Pack 2 pick 15:
--> Swamp
 
------ M14 ------
 
Pack 3 pick 1:
    Seismic Stomp
    Undead Minotaur
    Frost Breath
    Plummet
    Master of Diversion
--> Shock
    Giant Spider
    Armored Cancrix
    Rumbling Baloth
    Dawnstrike Paladin
    Manaweft Sliver
    Staff of the Death Magus
    Fleshpulper Giant
    Into the Wilds
    Mountain
 
Pack 3 pick 2:
    Plummet
    Suntail Hawk
    Zephyr Charge
    Undead Minotaur
--> Trained Condor
    Blur Sliver
    Shrivel
    Fortify
    Predatory Sliver
    Seacoast Drake
    Gnawing Zombie
    Brave the Elements
    Lifebane Zombie
    Mountain
 
Pack 3 pick 3:
    Pay No Heed
    Vile Rebirth
--> Nephalia Seakite
    Merfolk Spy
    Mark of the Vampire
    Pacifism
    Fortify
    Elvish Mystic
    Corrupt
    Staff of the Death Magus
    Vial of Poison
    Elite Arcanist
    Forest
 
Pack 3 pick 4:
    Verdant Haven
    Child of Night
    Angelic Wall
    Sliver Construct
--> Scroll Thief
    Quag Sickness
    Academy Raider
    Solemn Offering
    Predatory Sliver
    Kalonian Tusker
    Staff of the Mind Magus
    Plains
 
Pack 3 pick 5:
    Soulmender
    Accursed Spirit
    Cyclops Tyrant
    Negate
    Merfolk Spy
    Altar's Reap
--> Deadly Recluse
    Illusionary Armor
    Stonehorn Chanter
    Quicken
    Forest
 
Pack 3 pick 6:
    Rumbling Baloth
    Dawnstrike Paladin
    Duress
    Nightwing Shade
    Predatory Sliver (FOIL)
    Giant Growth
    Tome Scour
    Groundshaker Sliver
--> Water Servant
    Mountain
 
Pack 3 pick 7:
    Divination
    Suntail Hawk
    Zephyr Charge
--> Nephalia Seakite
    Rootwalla
    Armored Cancrix
    Staff of the Wild Magus
    Diabolic Tutor
    Mountain
 
Pack 3 pick 8:
--> Claustrophobia
    Corpse Hauler
    Festering Newt
    Ranger's Guile
    Tome Scour
    Charging Griffin
    Angelic Accord
    Island
 
Pack 3 pick 9:
    Undead Minotaur
--> Frost Breath
    Plummet
    Armored Cancrix
    Dawnstrike Paladin
    Staff of the Death Magus
    Mountain
 
Pack 3 pick 10:
    Plummet
    Zephyr Charge
    Undead Minotaur
    Fortify
--> Seacoast Drake
    Mountain
 
Pack 3 pick 11:
--> Pay No Heed
    Vile Rebirth
    Merfolk Spy
    Staff of the Death Magus
    Forest
 
Pack 3 pick 12:
    Verdant Haven
--> Child of Night
    Angelic Wall
    Plains
 
Pack 3 pick 13:
--> Cyclops Tyrant
    Merfolk Spy
    Forest
 
Pack 3 pick 14:
--> Groundshaker Sliver
    Mountain
 
Pack 3 pick 15:
--> Mountain
 
