Event #: 5812698
Time:    8/10/2013 12:05:47 PM
Players: 
    DaJinn
    wonginabox
    Slade222
    DrSideShoBobNic
    yuz0627
--> malthrin
    martinyu
    Triffix
 
------ M14 ------
 
Pack 1 pick 1:
    Shadowborn Apostle
    Marauding Maulhorn
    Trollhide
    Naturalize
    Angelic Wall
    Quag Sickness
    Divine Favor
    Gladecover Scout
    Dragon Hatchling
    Merfolk Spy
--> Serra Angel
    Brave the Elements
    Staff of the Sun Magus
    Tidebinder Mage
    Mountain
 
Pack 1 pick 2:
    Capashen Knight
    Corpse Hauler
    Cyclops Tyrant
    Divination
    Scroll Thief
    Quag Sickness
    Academy Raider
    Solemn Offering
    Predatory Sliver
    Merfolk Spy
    Shimmering Grotto
    Blessing
--> Jace's Mindseeker
    Island
 
Pack 1 pick 3:
    Blood Bairn
    Smelt
    Negate
    Child of Night
    Lay of the Land
    Capashen Knight
    Minotaur Abomination
    Sensory Deprivation
    Act of Treason
    Auramancer
--> Angelic Accord
    Bramblecrush
    Plains
 
Pack 1 pick 4:
    Rumbling Baloth
    Dawnstrike Paladin
    Duress
    Lava Axe
    Dragon Hatchling
    Merfolk Spy
    Altar's Reap
--> Pacifism
    Staff of the Flame Magus
    Blightcaster
    Ring of Three Wishes
    Swamp
 
Pack 1 pick 5:
    Verdant Haven
--> Claustrophobia
    Corpse Hauler
    Suntail Hawk
    Festering Newt
    Sporemound
    Tome Scour
    Canyon Minotaur
    Minotaur Abomination
    Fleshpulper Giant
    Plains
 
Pack 1 pick 6:
    Seismic Stomp
    Divination
    Festering Newt
    Sporemound (FOIL)
    Smelt
    Lightning Talons
    Vile Rebirth
    Dawnstrike Paladin
--> Trading Post
    Island
 
Pack 1 pick 7:
    Accursed Spirit
    Frost Breath
    Shadowborn Apostle
--> Sensory Deprivation
    Thunder Strike
    Pillarfield Ox
    Accorder's Shield
    Congregate
    Mountain
 
Pack 1 pick 8:
    Wring Flesh
    Pay No Heed
    Cancel
    Wild Guess
    Canyon Minotaur
--> Charging Griffin
    Millstone
    Forest
 
Pack 1 pick 9:
    Shadowborn Apostle
    Angelic Wall
    Divine Favor
    Merfolk Spy
--> Brave the Elements
    Staff of the Sun Magus
    Mountain
 
Pack 1 pick 10:
    Divination
--> Scroll Thief
    Solemn Offering
    Merfolk Spy
    Blessing
    Island
 
Pack 1 pick 11:
    Smelt
    Negate
    Minotaur Abomination
--> Sensory Deprivation
    Plains
 
Pack 1 pick 12:
--> Duress
    Merfolk Spy
    Staff of the Flame Magus
    Swamp
 
Pack 1 pick 13:
    Tome Scour
--> Minotaur Abomination
    Plains
 
Pack 1 pick 14:
--> Vile Rebirth
    Island
 
Pack 1 pick 15:
--> Mountain
 
------ M14 ------
 
Pack 2 pick 1:
    Shadowborn Apostle
    Time Ebb
    Soulmender
    Verdant Haven
--> Claustrophobia
    Marauding Maulhorn
    Sporemound
    Groundshaker Sliver
    Griffin Sentinel
    Thunder Strike
    Darksteel Ingot
    Steelform Sliver
    Vial of Poison
    Thorncaster Sliver
    Forest
 
Pack 2 pick 2:
    Child of Night
    Lay of the Land
    Capashen Knight
--> Essence Scatter
    Seismic Stomp
    Undead Minotaur
    Vile Rebirth
    Nephalia Seakite
    Hunt the Weak
    Demolish
    Tenacious Dead
    Glimpse the Future
    Nightmare
    Island
 
Pack 2 pick 3:
    Frost Breath
    Plummet
    Master of Diversion
    Shock
    Elvish Mystic
    Goblin Shortcutter
    Scroll Thief
    Celestial Flare
    Advocate of the Beast
--> Air Servant
    Stonehorn Chanter
    Galerider Sliver
    Swamp
 
Pack 2 pick 4:
    Brindle Boar
    Vile Rebirth
--> Messenger Drake
    Dark Favor
    Disperse
    Tome Scour
    Canyon Minotaur
    Minotaur Abomination
    Griffin Sentinel
    Barrage of Expendables
    Planar Cleansing
    Forest
 
Pack 2 pick 5:
    Naturalize
    Angelic Wall
    Smelt
    Academy Raider
--> Coral Merfolk
    Mind Rot
    Hive Stirrings
    Woodborn Behemoth
    Artificer's Hex
    Windstorm
    Plains
 
Pack 2 pick 6:
    Angelic Wall
    Fog
    Divination
    Festering Newt
    Show of Valor
    Demolish
    Armored Cancrix
    Molten Birth
--> Bubbling Cauldron
    Plains
 
Pack 2 pick 7:
    Smelt
    Coral Merfolk
    Verdant Haven (FOIL)
--> Solemn Offering
    Divine Favor
    Vampire Warlord
    Staff of the Mind Magus
    Dismiss into Dream
    Island
 
Pack 2 pick 8:
--> Negate
    Naturalize
    Zephyr Charge
    Tome Scour
    Minotaur Abomination
    Encroaching Wastes
    Rod of Ruin
    Forest
 
Pack 2 pick 9:
    Shadowborn Apostle
    Soulmender
    Groundshaker Sliver
--> Griffin Sentinel
    Thunder Strike
    Vial of Poison
    Forest
 
Pack 2 pick 10:
--> Lay of the Land
    Undead Minotaur
    Vile Rebirth
    Demolish
    Glimpse the Future
    Island
 
Pack 2 pick 11:
    Plummet
    Goblin Shortcutter
--> Celestial Flare
    Stonehorn Chanter
    Swamp
 
Pack 2 pick 12:
    Vile Rebirth
--> Dark Favor
    Minotaur Abomination
    Forest
 
Pack 2 pick 13:
--> Angelic Wall
    Smelt
    Plains
 
Pack 2 pick 14:
--> Festering Newt
    Plains
 
Pack 2 pick 15:
--> Island
 
------ M14 ------
 
Pack 3 pick 1:
    Nephalia Seakite
    Dark Favor
    Hunt the Weak
    Chandra's Outrage
    Liturgy of Blood
    Altar's Reap
    Pacifism
    Deadly Recluse
    Academy Raider
    Coral Merfolk
    Encroaching Wastes
    Molten Birth
    Sengir Vampire
--> Mutavault
    Forest
 
Pack 3 pick 2:
    Undead Minotaur
    Verdant Haven
    Child of Night
    Angelic Wall
    Fog
    Act of Treason
    Wild Guess
    Pillarfield Ox
    Groundshaker Sliver
    Gnawing Zombie
--> Wall of Swords
    Blessing
    Savage Summoning
    Forest
 
Pack 3 pick 3:
    Divination
    Plummet
    Suntail Hawk
    Zephyr Charge
    Advocate of the Beast
    Sliver Construct
--> Scroll Thief
    Academy Raider
    Solemn Offering
    Tenacious Dead
    Enlarge
    Into the Wilds
    Swamp
 
Pack 3 pick 4:
    Rootwalla
    Show of Valor
    Dark Favor
    Trained Condor
    Blur Sliver
    Shrivel
    Fortify
    Seacoast Drake
    Illusionary Armor
    Howl of the Night Pack
--> Ajani's Chosen
    Mountain
 
Pack 3 pick 5:
    Giant Spider
    Wring Flesh
    Pay No Heed
    Rumbling Baloth
    Smelt (FOIL)
--> Disperse
    Act of Treason
    Giant Growth
    Spell Blast
    Quicken
    Plains
 
Pack 3 pick 6:
    Ranger's Guile
--> Frost Breath
    Shrivel
    Coral Merfolk
    Striking Sliver
    Seacoast Drake
    Staff of the Death Magus
    Vampire Warlord
    Fleshpulper Giant
    Swamp
 
Pack 3 pick 7:
    Corpse Hauler
    Suntail Hawk
    Festering Newt
    Ranger's Guile
--> Essence Scatter
    Lava Axe
    Gnawing Zombie
    Shiv's Embrace
    Island
 
Pack 3 pick 8:
    Siege Mastodon
    Lava Axe
    Cancel
    Sensory Deprivation
--> Auramancer
    Glimpse the Future
    Staff of the Mind Magus
    Plains
 
Pack 3 pick 9:
--> Nephalia Seakite
    Dark Favor
    Altar's Reap
    Academy Raider
    Coral Merfolk
    Encroaching Wastes
    Forest
 
Pack 3 pick 10:
    Undead Minotaur
--> Angelic Wall
    Fog
    Wild Guess
    Pillarfield Ox
    Forest
 
Pack 3 pick 11:
--> Divination
    Suntail Hawk
    Zephyr Charge
    Sliver Construct
    Swamp
 
Pack 3 pick 12:
    Dark Favor
    Shrivel
--> Illusionary Armor
    Mountain
 
Pack 3 pick 13:
--> Pay No Heed
    Smelt (FOIL)
    Plains
 
Pack 3 pick 14:
--> Staff of the Death Magus
    Swamp
 
Pack 3 pick 15:
--> Island
 
