Event #: 5828397
Time:    8/13/2013 1:02:06 PM
Players:
    LeviTheUnthinkable2
    didoun
    Velona
    CunniJA
    Plugh
    TheBroken1
    Ajcapra
--> ThatAngryDwarf

------ M14 ------ 

Pack 1 pick 1:
    Claustrophobia
--> Marauding Maulhorn
    Corpse Hauler
    Suntail Hawk
    Festering Newt
    Ranger's Guile
    Cancel
    Wild Guess
    Canyon Minotaur
    Charging Griffin
    Steelform Sliver
    Brave the Elements
    Staff of the Sun Magus
    Dark Prophecy
    Swamp

Pack 1 pick 2:
    Lay of the Land
    Capashen Knight
    Essence Scatter
    Seismic Stomp
    Blur Sliver
    Shrivel
    Fortify
    Predatory Sliver
    Seacoast Drake
    Goblin Shortcutter
    Encroaching Wastes
    Molten Birth
--> Dragon Egg
    Swamp

Pack 1 pick 3:
    Nephalia Seakite
--> Rootwalla
    Dawnstrike Paladin
    Armored Cancrix
    Act of Treason
    Wild Guess
    Pillarfield Ox
    Groundshaker Sliver
    Nightwing Shade
    Charging Griffin
    Staff of the Death Magus
    Howl of the Night Pack
    Island

Pack 1 pick 4:
    Plummet
    Suntail Hawk
    Zephyr Charge
    Mark of the Vampire
    Blur Sliver
    Fortify
--> Elvish Mystic
    Shrivel
    Shimmering Grotto
    Dragon Egg
    Rise of the Dark Realms
    Forest

Pack 1 pick 5:
    Lay of the Land
    Capashen Knight
    Essence Scatter
    Seismic Stomp
    Undead Minotaur
    Groundshaker Sliver
    Minotaur Abomination
--> Thunder Strike
    Encroaching Wastes
    Strionic Resonator
    Swamp

Pack 1 pick 6:
    Auramancer
    Vile Rebirth
    Dark Favor
    Cancel
    Wild Guess
    Canyon Minotaur
--> Sporemound
    Encroaching Wastes
    Phantom Warrior
    Swamp

Pack 1 pick 7:
--> Trollhide
    Naturalize
    Angelic Wall
    Goblin Shortcutter
    Divine Favor
    Mind Rot
    Striking Sliver
    Accorder's Shield
    Plains

Pack 1 pick 8:
    Soulmender
--> Cyclops Tyrant
    Naturalize
    Zephyr Charge
    Pay No Heed
    Armored Cancrix
    Staff of the Mind Magus
    Forest

Pack 1 pick 9:
    Corpse Hauler
    Suntail Hawk
--> Ranger's Guile
    Cancel
    Wild Guess
    Staff of the Sun Magus
    Swamp

Pack 1 pick 10:
--> Lay of the Land
    Seismic Stomp
    Fortify
    Seacoast Drake
    Encroaching Wastes
    Swamp

Pack 1 pick 11:
    Armored Cancrix
    Wild Guess
--> Pillarfield Ox
    Staff of the Death Magus
    Island

Pack 1 pick 12:
--> Suntail Hawk
    Zephyr Charge
    Shimmering Grotto
    Forest

Pack 1 pick 13:
--> Seismic Stomp
    Encroaching Wastes
    Swamp

Pack 1 pick 14:
--> Vile Rebirth
    Swamp

Pack 1 pick 15:
--> Plains

------ M14 ------ 

Pack 2 pick 1:
    Fog
    Seismic Stomp
    Divination
    Festering Newt
    Master of Diversion
--> Deadly Recluse
    Academy Raider
    Coral Merfolk
    Mind Rot
    Hive Stirrings
    Molten Birth
    Vial of Poison
    Young Pyromancer
    Dismiss into Dream
    Swamp

Pack 2 pick 2:
--> Rumbling Baloth
    Archaeomancer
    Duress
    Siege Mastodon
    Sensory Deprivation
    Giant Growth
    Thunder Strike
    Pillarfield Ox
    Nightwing Shade
    Deathgaze Cockatrice
    Tenacious Dead
    Blessing
    Indestructibility
    Mountain

Pack 2 pick 3:
    Angelic Wall
    Smelt
    Negate
--> Academy Raider
    Coral Merfolk
    Mind Rot
    Hive Stirrings
    Elvish Mystic
    Staff of the Death Magus
    Vampire Warlord
    Stonehorn Chanter
    Wild Ricochet
    Plains

Pack 2 pick 4:
    Wring Flesh
--> Rootwalla
    Messenger Drake
    Scroll Thief
    Academy Raider
    Solemn Offering
    Predatory Sliver
    Merfolk Spy
    Manaweft Sliver
    Congregate
    Sanguine Bond
    Island

Pack 2 pick 5:
--> Lightning Talons
    Vile Rebirth
    Dawnstrike Paladin
    Coral Merfolk
    Striking Sliver
    Seacoast Drake
    Solemn Offering
    Divine Favor
    Corrupt
    Stonehorn Chanter
    Plains

Pack 2 pick 6:
--> Plummet
    Master of Diversion
    Shadowborn Apostle
    Soulmender
    Lightning Talons
    Nephalia Seakite
    Divination
    Blessing
    Awaken the Ancient
    Forest

Pack 2 pick 7:
    Dark Favor
    Show of Valor
--> Giant Spider
    Merfolk Spy
    Blur Sliver
    Fortify
    Darksteel Ingot
    Quicken
    Island

Pack 2 pick 8:
    Siege Mastodon
    Demolish
    Pillarfield Ox
    Wild Guess
    Sporemound
--> Windstorm
    Trading Post
    Mountain

Pack 2 pick 9:
    Fog
--> Seismic Stomp
    Coral Merfolk
    Hive Stirrings
    Vial of Poison
    Dismiss into Dream
    Swamp

Pack 2 pick 10:
    Duress
    Siege Mastodon
--> Sensory Deprivation
    Pillarfield Ox
    Blessing
    Mountain

Pack 2 pick 11:
--> Smelt
    Coral Merfolk
    Staff of the Death Magus
    Stonehorn Chanter
    Plains

Pack 2 pick 12:
--> Academy Raider
    Solemn Offering
    Merfolk Spy
    Island

Pack 2 pick 13:
    Coral Merfolk
--> Solemn Offering
    Plains

Pack 2 pick 14:
--> Soulmender
    Forest

Pack 2 pick 15:
--> Island

------ M14 ------ 

Pack 3 pick 1:
    Giant Spider
    Wring Flesh
    Pay No Heed
    Rumbling Baloth
    Cancel
    Sensory Deprivation
    Auramancer
    Sporemound
    Deathgaze Cockatrice
    Act of Treason
--> Kalonian Tusker
    Sengir Vampire
    Windstorm
    Savage Summoning
    Mountain

Pack 3 pick 2:
    Sentinel Sliver
    Shadowborn Apostle
    Marauding Maulhorn
    Trollhide
    Naturalize
    Merfolk Spy
    Liturgy of Blood
    Altar's Reap
--> Deadly Recluse
    Shiv's Embrace
    Manaweft Sliver
    Diabolic Tutor
    Grim Return
    Forest

Pack 3 pick 3:
    Armored Cancrix
    Regathan Firecat
    Messenger Drake
    Hunt the Weak
    Mind Rot
--> Deadly Recluse
    Striking Sliver
    Celestial Flare
    Gladecover Scout
    Spell Blast
    Darksteel Ingot
    Wall of Frost
    Island

Pack 3 pick 4:
    Seismic Stomp
    Undead Minotaur
    Frost Breath
    Plummet
    Master of Diversion
    Shock
--> Lightning Talons
    Brindle Boar
    Vile Rebirth
    Messenger Drake
    Glimpse the Future
    Forest

Pack 3 pick 5:
--> Cyclops Tyrant
    Divination
    Plummet
    Suntail Hawk
    Show of Valor
    Demolish
    Armored Cancrix
    Rod of Ruin
    Glimpse the Future
    Elixir of Immortality
    Mountain

Pack 3 pick 6:
    Wring Flesh
    Brindle Boar
    Regathan Firecat
    Pay No Heed
    Auramancer
    Disperse
    Nightwing Shade
    Tome Scour
--> Fleshpulper Giant
    Swamp

Pack 3 pick 7:
    Time Ebb
    Smelt
--> Ranger's Guile
    Goblin Shortcutter
    Scroll Thief
    Mark of the Vampire
    Bubbling Cauldron
    Vampire Warlord
    Mountain

Pack 3 pick 8:
    Pitchburn Devils
    Verdant Haven
    Angelic Wall
    Dragon Hatchling
    Merfolk Spy
    Staff of the Death Magus
--> Howl of the Night Pack
    Island

Pack 3 pick 9:
--> Giant Spider
    Pay No Heed
    Cancel
    Auramancer
    Sporemound
    Windstorm
    Mountain

Pack 3 pick 10:
    Sentinel Sliver
    Shadowborn Apostle
--> Naturalize
    Merfolk Spy
    Diabolic Tutor
    Forest

Pack 3 pick 11:
    Armored Cancrix
--> Regathan Firecat
    Spell Blast
    Darksteel Ingot
    Island

Pack 3 pick 12:
    Frost Breath
--> Plummet
    Glimpse the Future
    Forest

Pack 3 pick 13:
    Suntail Hawk
--> Demolish
    Mountain

Pack 3 pick 14:
--> Tome Scour
    Swamp

Pack 3 pick 15:
--> Mountain

