Event #: 5847700
Time:    8/17/2013 2:55:41 PM
Players: 
    george_01
    Butterhook
    fifoualex4
    ollulana
    delitax505
--> malthrin
    TheSimulacra
    tomkwu
 
------ M14 ------
 
Pack 1 pick 1:
    Tome Scour
    Disperse
    Canyon Minotaur
    Griffin Sentinel
    Brindle Boar
--> Air Servant (FOIL)
    Nightwing Shade
    Wring Flesh
    Mountain
    Charging Griffin
    Young Pyromancer
    Regathan Firecat
    Fiendslayer Paladin
    Gnawing Zombie
    Vial of Poison
 
Pack 1 pick 2:
    Wall of Swords
    Mind Rot
    Howl of the Night Pack
    Deadly Recluse
    Silence
    Forest
    Goblin Shortcutter
    Divine Favor
    Pitchburn Devils
    Verdant Haven
    Undead Minotaur
    Zephyr Charge
--> Seacoast Drake
    Gnawing Zombie
 
Pack 1 pick 3:
--> Pacifism
    Coral Merfolk
    Shrivel
    Phantom Warrior
    Frost Breath
    Mountain
    Ranger's Guile
    Vampire Warlord
    Accursed Spirit
    Striking Sliver
    Elvish Mystic
    Sentinel Sliver
    Fortify
 
Pack 1 pick 4:
    Cancel
    Canyon Minotaur
    Duress
    Brindle Boar
    Armored Cancrix
    Nightwing Shade
    Pay No Heed
    Swamp
    Wild Guess
--> Charging Griffin
    Illusionary Armor
    Dismiss into Dream
 
Pack 1 pick 5:
    Windstorm
    Shrivel
    Armored Cancrix
    Island
    Dawnstrike Paladin
    Blur Sliver
    Advocate of the Beast
    Artificer's Hex
    Regathan Firecat
--> Predatory Sliver
    Fortify
 
Pack 1 pick 6:
    Cancel
    Thunder Strike
    Brindle Boar
    Auramancer
    Swamp
--> Sensory Deprivation
    Vile Rebirth
    Fleshpulper Giant
    Deathgaze Cockatrice
    Lightning Talons
 
Pack 1 pick 7:
    Suntail Hawk
--> Divination
    Mountain
    Plummet
    Dark Favor
    Pitchburn Devils
    Staff of the Flame Magus
    Regathan Firecat
    Zephyr Charge
 
Pack 1 pick 8:
--> Congregate
    Duress
    Siege Mastodon
    Gladecover Scout
    Plains
    Dragon Hatchling
    Artificer's Hex
    Millstone
 
Pack 1 pick 9:
    Tome Scour
    Canyon Minotaur
--> Griffin Sentinel
    Brindle Boar
    Mountain
    Regathan Firecat
    Vial of Poison
 
Pack 1 pick 10:
    Mind Rot
    Silence
    Forest
    Divine Favor
    Verdant Haven
--> Zephyr Charge
 
Pack 1 pick 11:
--> Coral Merfolk
    Mountain
    Ranger's Guile
    Striking Sliver
    Fortify
 
Pack 1 pick 12:
    Armored Cancrix
--> Pay No Heed
    Swamp
    Wild Guess
 
Pack 1 pick 13:
--> Shrivel
    Island
    Artificer's Hex
 
Pack 1 pick 14:
    Swamp
--> Fleshpulper Giant
 
Pack 1 pick 15:
--> Mountain
 
------ M14 ------
 
Pack 2 pick 1:
    Giant Growth
    Griffin Sentinel
    Mountain
    Siege Mastodon
    Pillarfield Ox
    Thunder Strike
--> Air Servant
    Nightwing Shade
    Sensory Deprivation
    Show of Valor
    Stonehorn Chanter
    Hunt the Weak
    Messenger Drake
    Voracious Wurm
    Seraph of the Sword
 
Pack 2 pick 2:
    Rootwalla
    Negate
    Chandra's Outrage
    Wring Flesh
    Shimmering Grotto
    Flames of the Firebrand
    Cyclops Tyrant
    Soulmender
--> Scourge of Valkas
    Fleshpulper Giant
    Accursed Spirit
    Mountain
    Lay of the Land
    Naturalize
 
Pack 2 pick 3:
    Tome Scour
    Time Ebb
    Wall of Frost
    Divination
    Island
    Charging Griffin
    Master of Diversion
    Seismic Stomp
    Minotaur Abomination
    Groundshaker Sliver
    Festering Newt
--> Banisher Priest
    Oath of the Ancient Wood (FOIL)
 
Pack 2 pick 4:
--> Scroll Thief
    Quag Sickness
    Fog
    Island
    Angelic Wall
    Manaweft Sliver
    Advocate of the Beast
    Hive Stirrings
    Seismic Stomp
    Academy Raider
    Sliver Construct
    Child of Night
 
Pack 2 pick 5:
    Tome Scour
    Suntail Hawk
    Canyon Minotaur
--> Divination
    Plummet
    Swamp
    Cyclops Tyrant
    Staff of the Flame Magus
    Corpse Hauler
    Minotaur Abomination
    Capashen Knight
 
Pack 2 pick 6:
    Mind Rot
    Coral Merfolk
    Goblin Shortcutter
--> Scroll Thief
    Armored Cancrix
    Pay No Heed
    Wring Flesh
    Island
    Hive Stirrings
    Elvish Mystic
 
Pack 2 pick 7:
    Suntail Hawk
    Merfolk Spy
    Quag Sickness
    Dragon Hatchling
--> Trading Post
    Plains
    Corpse Hauler
    Bubbling Cauldron
    Barrage of Expendables
 
Pack 2 pick 8:
    Indestructibility
    Goblin Shortcutter
    Brave the Elements
    Scroll Thief
    Forest
--> Celestial Flare
    Zephyr Charge
    Sentinel Sliver
 
Pack 2 pick 9:
    Mountain
    Siege Mastodon
    Pillarfield Ox
    Nightwing Shade
--> Sensory Deprivation
    Stonehorn Chanter
    Voracious Wurm
 
Pack 2 pick 10:
--> Shimmering Grotto
    Cyclops Tyrant
    Soulmender
    Fleshpulper Giant
    Mountain
    Naturalize
 
Pack 2 pick 11:
    Tome Scour
    Island
--> Master of Diversion
    Seismic Stomp
    Groundshaker Sliver
 
Pack 2 pick 12:
    Fog
    Island
--> Angelic Wall
    Seismic Stomp
 
Pack 2 pick 13:
--> Tome Scour
    Swamp
    Staff of the Flame Magus
 
Pack 2 pick 14:
--> Pay No Heed
    Island
 
Pack 2 pick 15:
--> Plains
 
------ M14 ------
 
Pack 3 pick 1:
    Griffin Sentinel
    Thunder Strike
    Trollhide
    Sengir Vampire
    Fog
    Island
--> Claustrophobia
    Cyclops Tyrant
    Syphon Sliver
    Angelic Accord
    Corpse Hauler
    Molten Birth
    Groundshaker Sliver
    Sporemound
    Capashen Knight
 
Pack 3 pick 2:
    Giant Growth
    Disperse
    Act of Treason
    Nightwing Shade
    Swamp
    Auramancer
    Bramblecrush
    Dawnstrike Paladin
--> Nephalia Seakite
    Vile Rebirth
    Vampire Warlord
    Sliver Construct
    Bubbling Cauldron
    Lightning Talons
 
Pack 3 pick 3:
--> Essence Scatter
    Pillarfield Ox
    Plummet
    Frost Breath
    Swamp
    Wild Guess
    Blessing
    Master of Diversion
    Undead Minotaur
    Awaken the Ancient
    Seismic Stomp
    Groundshaker Sliver
    Spell Blast
 
Pack 3 pick 4:
    Windstorm
    Duress
    Coral Merfolk
    Shrivel
    Armored Cancrix
    Traumatize
    Island
    Dawnstrike Paladin
    Steelform Sliver
    Striking Sliver
    Elvish Mystic
--> Seacoast Drake
 
Pack 3 pick 5:
    Mind Rot
    Forest
    Elixir of Immortality
    Accorder's Shield
    Divine Favor
    Fog
    Angelic Wall
--> Celestial Flare
    Striking Sliver
    Burning Earth
    Child of Night
 
Pack 3 pick 6:
    Congregate
    Negate
    Lava Axe
    Forest
--> Nephalia Seakite
    Cyclops Tyrant
    Megantic Sliver
    Zephyr Charge
    Lightning Talons
    Naturalize
 
Pack 3 pick 7:
--> Giant Growth
    Suntail Hawk
    Silence
    Pillarfield Ox
    Accorder's Shield
    Island
    Ranger's Guile
    Manaweft Sliver
    Corpse Hauler
 
Pack 3 pick 8:
    Plains
    Goblin Shortcutter
    Trollhide
    Fog
--> Battle Sliver
    Hive Stirrings
    Zephyr Charge (FOIL)
    Elvish Mystic
 
Pack 3 pick 9:
--> Griffin Sentinel
    Fog
    Island
    Cyclops Tyrant
    Corpse Hauler
    Groundshaker Sliver
    Capashen Knight
 
Pack 3 pick 10:
    Swamp
--> Auramancer
    Bramblecrush
    Dawnstrike Paladin
    Vile Rebirth
    Sliver Construct
 
Pack 3 pick 11:
    Swamp
    Wild Guess
    Seismic Stomp
--> Groundshaker Sliver
    Spell Blast
 
Pack 3 pick 12:
--> Coral Merfolk
    Armored Cancrix
    Traumatize
    Island
 
Pack 3 pick 13:
    Forest
--> Divine Favor
    Fog
 
Pack 3 pick 14:
    Forest
--> Zephyr Charge
 
Pack 3 pick 15:
--> Island
 
