Event #: 5866015
Time:    8/20/2013 8:36:27 PM
Players:
    Phlibbit
    dklfighter
    Bob the Destroyer
--> ThatAngryDwarf
    Wolfmeister920
    alfabot
    Longshank
    byrne

------ M14 ------ 

Pack 1 pick 1:
    Time Ebb
    Act of Treason
    Sanguine Bond
    Forest
    Auramancer
    Frost Breath
    Sensory Deprivation
    Ranger's Guile
    Smelt
--> Kalonian Tusker
    Stonehorn Chanter
    Accursed Spirit
    Minotaur Abomination
    Sentinel Sliver
    Opportunity

Pack 1 pick 2:
    Mind Rot
    Giant Spider
    Coral Merfolk
    Siege Mastodon
    Goblin Shortcutter
    Demolish
    Scroll Thief
    Air Servant
    Swamp
    Archaeomancer
    Staff of the Wild Magus
    Dragon Egg
    Hive Stirrings
--> Elvish Mystic

Pack 1 pick 3:
--> Rootwalla
    Suntail Hawk
    Plummet
    Wring Flesh
    Pitchburn Devils
    Plains
    Verdant Haven
    Battle Sliver
    Undead Minotaur
    Artificer's Hex
    Messenger Drake
    Zephyr Charge
    Blightcaster

Pack 1 pick 4:
    Time Ebb
    Giant Spider
    Demolish
    Dark Favor
    Island
    Show of Valor
    Verdant Haven
    Soulmender
    Staff of the Flame Magus
    Vampire Warlord
--> Marauding Maulhorn
    Shadowborn Apostle

Pack 1 pick 5:
--> Giant Growth
    Rod of Ruin
    Siege Mastodon
    Pillarfield Ox
    Plains
    Show of Valor
    Wild Guess
    Staff of the Sun Magus
    Hunt the Weak
    Messenger Drake
    Encroaching Wastes

Pack 1 pick 6:
    Mind Rot
--> Deadly Recluse
    Windstorm
    Goblin Shortcutter
    Armored Cancrix
    Divine Favor
    Pay No Heed
    Forest
    Staff of the Flame Magus
    Voracious Wurm

Pack 1 pick 7:
    Mind Rot
--> Deadly Recluse
    Plummet
    Gladecover Scout
    Frost Breath
    Plains
    Master of Diversion
    Undead Minotaur
    Bubbling Cauldron

Pack 1 pick 8:
    Plains
    Brindle Boar
    Auramancer
--> Wring Flesh
    Sensory Deprivation
    Staff of the Sun Magus
    Staff of the Sun Magus
    Regathan Firecat

Pack 1 pick 9:
    Sanguine Bond
    Forest
    Sensory Deprivation
--> Ranger's Guile
    Smelt
    Stonehorn Chanter
    Minotaur Abomination

Pack 1 pick 10:
--> Mind Rot
    Coral Merfolk
    Siege Mastodon
    Demolish
    Swamp
    Staff of the Wild Magus

Pack 1 pick 11:
    Suntail Hawk
--> Plummet
    Plains
    Verdant Haven
    Artificer's Hex

Pack 1 pick 12:
    Island
--> Verdant Haven
    Staff of the Flame Magus
    Shadowborn Apostle

Pack 1 pick 13:
    Plains
    Staff of the Sun Magus
--> Encroaching Wastes

Pack 1 pick 14:
--> Armored Cancrix
    Forest

Pack 1 pick 15:
--> Plains

------ M14 ------ 

Pack 2 pick 1:
    Giant Growth
    Disperse
    Act of Treason
    Brindle Boar
    Nightwing Shade
    Auramancer
    Forest
--> Briarpack Alpha
    Vile Rebirth
    Molten Birth
    Messenger Drake
    Sliver Construct
    Ajani's Chosen
    Lightning Talons
    Barrage of Expendables

Pack 2 pick 2:
    Essence Scatter
    Indestructibility
    Shrivel
    Frost Breath
--> Sengir Vampire
    Mountain
    Blur Sliver
    Tenacious Dead
    Undead Minotaur
    Seismic Stomp
    Seacoast Drake
    Capashen Knight
    Predatory Sliver
    Fortify

Pack 2 pick 3:
    Tome Scour
    Congregate
    Disperse
    Canyon Minotaur
    Griffin Sentinel
    Forest
    Duress
    Brindle Boar
    Armored Cancrix
    Pay No Heed
    Minotaur Abomination
--> Voracious Wurm
    Darksteel Ingot

Pack 2 pick 4:
    Trollhide
    Frost Breath
    Dark Favor
    Plains
    Hunt the Weak
--> Marauding Maulhorn
    Regathan Firecat
    Awaken the Ancient
    Accursed Spirit
    Shadowborn Apostle
    Illusionary Armor
    Sentinel Sliver

Pack 2 pick 5:
    Lava Axe
    Duress
    Glimpse the Future
    Brindle Boar
--> Trollhide
    Island
    Angelic Wall
    Archaeomancer
    Shadowborn Apostle
    Blood Bairn
    Naturalize

Pack 2 pick 6:
    Lava Axe
    Solemn Offering
    Siege Mastodon
    Swamp
    Gladecover Scout
    Divine Favor
--> Bramblecrush
    Dragon Hatchling
    Show of Valor
    Seacoast Drake

Pack 2 pick 7:
    Tome Scour
--> Giant Spider
    Congregate
    Griffin Sentinel
    Nightwing Shade
    Pay No Heed
    Plains
    Artificer's Hex
    Savage Summoning

Pack 2 pick 8:
    Corrupt
    Duress
    Siege Mastodon
    Brave the Elements
    Divine Favor
    Swamp
--> Rumbling Baloth
    Fortify

Pack 2 pick 9:
--> Act of Treason
    Brindle Boar
    Auramancer
    Forest
    Vile Rebirth
    Sliver Construct
    Lightning Talons

Pack 2 pick 10:
    Shrivel
    Mountain
    Undead Minotaur
--> Seismic Stomp
    Capashen Knight
    Fortify

Pack 2 pick 11:
    Tome Scour
    Congregate
    Forest
--> Pay No Heed
    Minotaur Abomination

Pack 2 pick 12:
    Dark Favor
    Plains
--> Regathan Firecat
    Illusionary Armor

Pack 2 pick 13:
--> Duress
    Glimpse the Future
    Island

Pack 2 pick 14:
--> Siege Mastodon
    Swamp

Pack 2 pick 15:
--> Tome Scour

------ M14 ------ 

Pack 3 pick 1:
    Essence Scatter
    Wall of Frost
    Gladecover Scout
--> Pitchburn Devils
    Altar's Reap
    Ranger's Guile
    Dragon Hatchling
    Trained Condor
    Celestial Flare
    Hive Stirrings
    Vampire Warlord
    Mountain
    Lay of the Land
    Liliana's Reaver
    Serra Angel

Pack 3 pick 2:
    Doom Blade
    Solemn Offering
    Scroll Thief
    Quag Sickness
    Traumatize
    Dark Favor
    Forest
    Dawnstrike Paladin
    Nephalia Seakite
--> Advocate of the Beast
    Hunt the Weak
    Molten Birth
    Sliver Construct
    Encroaching Wastes

Pack 3 pick 3:
    Shrivel
    Plummet
    Forest
--> Briarpack Alpha
    Trained Condor
    Master of Diversion
    Celestial Flare
    Advocate of the Beast
    Molten Birth
    Shadowborn Apostle
    Ajani's Chosen
    Barrage of Expendables
    Fortify

Pack 3 pick 4:
    Suntail Hawk
    Forest
    Solemn Offering
    Merfolk Spy
    Elixir of Immortality
    Plummet
    Mark of the Vampire
    Steelform Sliver
    Undead Minotaur
--> Academy Raider
    Zephyr Charge
    Darksteel Ingot

Pack 3 pick 5:
--> Rootwalla
    Corrupt
    Brave the Elements
    Pillarfield Ox
    Demolish
    Nightwing Shade
    Swamp
    Wild Guess
    Steelform Sliver
    Hunt the Weak
    Darksteel Forge

Pack 3 pick 6:
    Diabolic Tutor
    Suntail Hawk
--> Howl of the Night Pack
    Altar's Reap
    Swamp
    Ranger's Guile
    Dragon Hatchling
    Advocate of the Beast
    Corpse Hauler
    Blightcaster

Pack 3 pick 7:
    Time Ebb
--> Canyon Minotaur
    Griffin Sentinel
    Island
    Charging Griffin
    Soulmender
    Staff of the Flame Magus
    Vampire Warlord
    Illusionary Armor

Pack 3 pick 8:
    Forest
    Solemn Offering
    Coral Merfolk
    Shrivel
    Dark Favor
    Show of Valor
    Vile Rebirth
--> Voracious Wurm

Pack 3 pick 9:
    Gladecover Scout
    Altar's Reap
    Ranger's Guile
    Dragon Hatchling
    Vampire Warlord
    Mountain
--> Lay of the Land

Pack 3 pick 10:
    Solemn Offering
    Traumatize
    Dark Favor
    Forest
--> Hunt the Weak
    Encroaching Wastes

Pack 3 pick 11:
--> Plummet
    Forest
    Master of Diversion
    Shadowborn Apostle
    Fortify

Pack 3 pick 12:
    Forest
    Solemn Offering
--> Plummet
    Zephyr Charge

Pack 3 pick 13:
    Brave the Elements
--> Demolish
    Swamp

Pack 3 pick 14:
    Swamp
--> Ranger's Guile

Pack 3 pick 15:
--> Island

