Event #: 5871558
Time:    8/22/2013 3:02:52 PM
Players: 
    quantumpunk23
    Jacob2000
    PwnceDeLeon
    Nsammael
--> ThatAngryDwarf
    hoffeecraw
    GoblinMountaineer
    Necoiar
 
------ M14 ------
 
Pack 1 pick 1:
    Hunt the Weak
    Demolish
    Rootwalla
    Show of Valor
    Hive Stirrings
    Advocate of the Beast
    Sliver Construct
    Scroll Thief
    Quag Sickness
    Academy Raider
    Darksteel Ingot
    Elixir of Immortality
    Brave the Elements
--> Fiendslayer Paladin
    Plains
 
Pack 1 pick 2:
    Pitchburn Devils
    Verdant Haven
    Child of Night
    Angelic Wall
    Fog
    Seismic Stomp
    Deathgaze Cockatrice
    Wild Guess
    Disperse
    Sporemound
    Fireshrieker
--> Woodborn Behemoth
    Blessing
    Plains
 
Pack 1 pick 3:
    Shadowborn Apostle
    Time Ebb
    Verdant Haven
--> Claustrophobia
    Marauding Maulhorn
    Griffin Sentinel
    Thunder Strike
    Sliver Construct
    Auramancer
    Encroaching Wastes
    Molten Birth
    Dragon Egg
    Plains
 
Pack 1 pick 4:
    Fog
    Seismic Stomp
--> Divination
    Festering Newt
    Master of Diversion
    Time Ebb
    Pillarfield Ox
    Groundshaker Sliver
    Nightwing Shade
    Charging Griffin
    Shimmering Grotto
    Island
 
Pack 1 pick 5:
    Giant Spider
    Armored Cancrix
    Dawnstrike Paladin
--> Trained Condor
    Blur Sliver
    Shrivel
    Seacoast Drake
    Artificer's Hex
    Windstorm
    Goblin Diplomats
    Forest
 
Pack 1 pick 6:
    Lava Axe
    Lightning Talons
    Rootwalla
    Wild Guess
    Pillarfield Ox
    Nightwing Shade
    Molten Birth (FOIL)
    Illusionary Armor
--> Fireshrieker
    Plains
 
Pack 1 pick 7:
    Undead Minotaur
    Frost Breath
    Plummet
    Master of Diversion
    Shadowborn Apostle
--> Sensory Deprivation
    Glimpse the Future
    Bramblecrush
    Forest
 
Pack 1 pick 8:
    Fog
    Corpse Hauler
    Minotaur Abomination
    Thunder Strike
--> Cancel
    Voracious Wurm
    Phantom Warrior
    Island
 
Pack 1 pick 9:
    Demolish
    Rootwalla
    Show of Valor
--> Scroll Thief
    Darksteel Ingot
    Brave the Elements
    Plains
 
Pack 1 pick 10:
    Angelic Wall
    Fog
    Seismic Stomp
    Wild Guess
--> Disperse
    Plains
 
Pack 1 pick 11:
    Shadowborn Apostle
--> Time Ebb
    Encroaching Wastes
    Dragon Egg
    Plains
 
Pack 1 pick 12:
    Fog
    Seismic Stomp
--> Shimmering Grotto
    Island
 
Pack 1 pick 13:
    Armored Cancrix
--> Artificer's Hex
    Forest
 
Pack 1 pick 14:
--> Wild Guess
    Plains
 
Pack 1 pick 15:
--> Forest
 
------ M14 ------
 
Pack 2 pick 1:
    Naturalize
    Zephyr Charge
    Sentinel Sliver
    Blood Bairn
    Shock
    Claustrophobia
    Disperse
    Canyon Minotaur
    Griffin Sentinel
    Tome Scour
    Staff of the Wild Magus
--> Air Servant
    Diabolic Tutor
    Imposing Sovereign
    Plains
 
Pack 2 pick 2:
    Nephalia Seakite
    Rootwalla
    Dawnstrike Paladin
    Armored Cancrix
    Fortify
--> Elvish Mystic
    Shrivel
    Coral Merfolk
    Striking Sliver
    Seacoast Drake
    Illusionary Armor
    Blessing
    Quicken
    Plains
 
Pack 2 pick 3:
    Naturalize
    Angelic Wall
    Smelt
--> Negate
    Thunder Strike
    Pillarfield Ox
    Nightwing Shade
    Deathgaze Cockatrice
    Wall of Swords
    Staff of the Mind Magus
    Bramblecrush
    Galerider Sliver
    Plains
 
Pack 2 pick 4:
    Lay of the Land
    Capashen Knight
--> Essence Scatter
    Seismic Stomp
    Scroll Thief
    Mark of the Vampire
    Celestial Flare
    Advocate of the Beast
    Trained Condor
    Blur Sliver
    Millstone
    Swamp
 
Pack 2 pick 5:
    Frost Breath
--> Master of Diversion
    Shock
    Goblin Shortcutter
    Scroll Thief
    Mark of the Vampire
    Celestial Flare
    Advocate of the Beast
    Staff of the Death Magus
    Vampire Warlord
    Mountain
 
Pack 2 pick 6:
    Time Ebb
    Soulmender
    Verdant Haven
    Dawnstrike Paladin
    Armored Cancrix
    Regathan Firecat
--> Messenger Drake
    Darksteel Ingot
    Phantom Warrior
    Island
 
Pack 2 pick 7:
    Giant Spider
    Lightning Talons
    Dawnstrike Paladin
    Tome Scour
    Canyon Minotaur
    Minotaur Abomination
--> Sensory Deprivation
    Vial of Poison
    Island
 
Pack 2 pick 8:
    Suntail Hawk
    Festering Newt
    Ranger's Guile
    Mind Rot
--> Celestial Flare
    Gladecover Scout
    Artificer's Hex
    Swamp
 
Pack 2 pick 9:
    Zephyr Charge
--> Disperse
    Canyon Minotaur
    Griffin Sentinel
    Tome Scour
    Staff of the Wild Magus
    Plains
 
Pack 2 pick 10:
    Armored Cancrix
    Shrivel
    Coral Merfolk
--> Illusionary Armor
    Blessing
    Plains
 
Pack 2 pick 11:
--> Angelic Wall
    Smelt
    Pillarfield Ox
    Staff of the Mind Magus
    Plains
 
Pack 2 pick 12:
--> Capashen Knight
    Seismic Stomp
    Scroll Thief
    Swamp
 
Pack 2 pick 13:
    Staff of the Death Magus
--> Vampire Warlord
    Mountain
 
Pack 2 pick 14:
--> Armored Cancrix
    Island
 
Pack 2 pick 15:
--> Island
 
------ M14 ------
 
Pack 3 pick 1:
    Plummet
    Suntail Hawk
    Zephyr Charge
    Undead Minotaur
    Merfolk Spy
    Mark of the Vampire
    Blur Sliver
    Pacifism
    Fortify
    Elvish Mystic
    Encroaching Wastes
    Rod of Ruin
--> Water Servant
    Vastwood Hydra
    Mountain
 
Pack 3 pick 2:
    Siege Mastodon
    Lightning Talons
    Brindle Boar
    Vile Rebirth
--> Cancel
    Wild Guess
    Canyon Minotaur
    Sporemound
    Groundshaker Sliver
    Rod of Ruin
    Shiv's Embrace
    Enlarge
    Silence
    Island
 
Pack 3 pick 3:
    Pitchburn Devils
    Verdant Haven
    Child of Night
    Angelic Wall
    Solemn Offering
    Merfolk Spy
    Mark of the Vampire
    Blur Sliver
    Accorder's Shield
    Manaweft Sliver
--> Water Servant
    Syphon Sliver
    Forest
 
Pack 3 pick 4:
    Child of Night
    Lay of the Land
    Capashen Knight
    Essence Scatter
    Seismic Stomp
    Undead Minotaur
--> Messenger Drake
    Dark Favor
    Show of Valor
    Demolish
    Warden of Evos Isle
    Swamp
 
Pack 3 pick 5:
    Naturalize
    Angelic Wall
    Blood Bairn
    Smelt
    Negate
    Child of Night
--> Show of Valor
    Dark Favor
    Blightcaster
    Accorder's Shield
    Island
 
Pack 3 pick 6:
    Corpse Hauler
    Festering Newt
    Ranger's Guile
    Pitchburn Devils
    Goblin Shortcutter
    Divine Favor
    Mind Rot
--> Air Servant
    Stonehorn Chanter
    Island
 
Pack 3 pick 7:
    Siege Mastodon
    Demolish
--> Archaeomancer
    Shrivel
    Coral Merfolk
    Seacoast Drake
    Glimpse the Future
    Sengir Vampire
    Forest
 
Pack 3 pick 8:
    Duress
--> Sensory Deprivation
    Auramancer
    Cancel
    Pillarfield Ox
    Bubbling Cauldron
    Stonehorn Chanter
    Island
 
Pack 3 pick 9:
--> Zephyr Charge
    Undead Minotaur
    Merfolk Spy
    Mark of the Vampire
    Fortify
    Encroaching Wastes
    Mountain
 
Pack 3 pick 10:
--> Lightning Talons
    Vile Rebirth
    Wild Guess
    Canyon Minotaur
    Groundshaker Sliver
    Island
 
Pack 3 pick 11:
    Child of Night
    Angelic Wall
--> Merfolk Spy
    Accorder's Shield
    Forest
 
Pack 3 pick 12:
    Seismic Stomp
--> Dark Favor
    Demolish
    Swamp
 
Pack 3 pick 13:
--> Smelt
    Dark Favor
    Island
 
Pack 3 pick 14:
--> Divine Favor
    Island
 
Pack 3 pick 15:
--> Forest
 
