Event #: 5901633
Time:    8/29/2013 12:04:19 AM
Players: 
    vikke01
    carlkid13
    Scrubbi
--> Alakai
    NutiIlBiondo
    1jpstrong
    drclark80
    jwksiaw
 
------ M14 ------
 
Pack 1 pick 1:
    Duress
    Pay No Heed
    Armored Cancrix
    Chandra's Outrage
    Goblin Shortcutter
    Divine Favor
    Naturalize (FOIL)
    Mind Rot
    Deadly Recluse
    Striking Sliver
--> Serra Angel
    Flames of the Firebrand
    Barrage of Expendables
    Traumatize
    Island
 
Pack 1 pick 2:
    Suntail Hawk
    Festering Newt
    Ranger's Guile
    Pitchburn Devils
    Essence Scatter
    Lay of the Land
    Rumbling Baloth
    Dawnstrike Paladin
    Duress
    Lava Axe
    Wall of Swords
--> Young Pyromancer
    Ring of Three Wishes
    Forest
 
Pack 1 pick 3:
    Vile Rebirth
    Dawnstrike Paladin
    Nephalia Seakite
    Dark Favor
    Advocate of the Beast
    Sliver Construct
    Scroll Thief
--> Jace's Mindseeker (FOIL)
    Solemn Offering
    Staff of the Death Magus
    Vampire Warlord
    Warden of Evos Isle
    Island
 
Pack 1 pick 4:
    Brindle Boar
    Vile Rebirth
--> Messenger Drake
    Dark Favor
    Shrivel
    Coral Merfolk
    Striking Sliver
    Seacoast Drake
    Solemn Offering
    Spell Blast
    Dragon Egg
    Island
 
Pack 1 pick 5:
    Time Ebb
    Shimmering Grotto (FOIL)
    Verdant Haven
    Canyon Minotaur
--> Griffin Sentinel
    Tome Scour
    Minotaur Abomination
    Darksteel Ingot
    Voracious Wurm
    Stonehorn Chanter
    Swamp
 
Pack 1 pick 6:
    Angelic Wall
    Fog
    Seismic Stomp
    Nightwing Shade
    Act of Treason
    Tome Scour
    Staff of the Flame Magus
--> Angelic Accord
    Strionic Resonator
    Swamp
 
Pack 1 pick 7:
    Lava Axe
    Cancel
    Wild Guess
    Canyon Minotaur
--> Charging Griffin
    Groundshaker Sliver
    Staff of the Flame Magus
    Staff of the Sun Magus
    Forest
 
Pack 1 pick 8:
    Seismic Stomp
    Time Ebb
    Smelt
    Thunder Strike
    Pillarfield Ox
    Fleshpulper Giant
--> Brave the Elements
    Mountain
 
Pack 1 pick 9:
    Duress
    Pay No Heed
    Armored Cancrix
--> Divine Favor
    Naturalize (FOIL)
    Traumatize
    Island
 
Pack 1 pick 10:
    Suntail Hawk
    Ranger's Guile
    Lay of the Land
    Duress
--> Wall of Swords
    Forest
 
Pack 1 pick 11:
    Vile Rebirth
--> Scroll Thief
    Solemn Offering
    Staff of the Death Magus
    Island
 
Pack 1 pick 12:
    Coral Merfolk
--> Seacoast Drake
    Solemn Offering
    Island
 
Pack 1 pick 13:
    Tome Scour
--> Stonehorn Chanter
    Swamp
 
Pack 1 pick 14:
--> Staff of the Flame Magus
    Swamp
 
Pack 1 pick 15:
--> Staff of the Sun Magus
 
------ M14 ------
 
Pack 2 pick 1:
    Lay of the Land
    Capashen Knight
    Essence Scatter
    Seismic Stomp
    Undead Minotaur
    Frost Breath
    Archaeomancer
    Duress
    Siege Mastodon
    Lightning Talons
    Millstone
    Corrupt
    Artificer's Hex
--> Seraph of the Sword
    Forest
 
Pack 2 pick 2:
    Soulmender
    Accursed Spirit
    Cyclops Tyrant
    Negate
    Quag Sickness
    Divine Favor
    Gladecover Scout
    Dragon Hatchling
    Merfolk Spy
    Liturgy of Blood
    Staff of the Wild Magus
--> Elixir of Immortality
    Door of Destinies
    Plains
 
Pack 2 pick 3:
    Siege Mastodon
    Lava Axe
    Archaeomancer
    Brindle Boar
    Mark of the Vampire
    Blur Sliver
--> Pacifism
    Fortify
    Elvish Mystic
    Shrivel
    Shiv's Embrace
    Water Servant
    Plains
 
Pack 2 pick 4:
    Hunt the Weak
    Show of Valor
    Siege Mastodon
    Lava Axe
    Dragon Hatchling
    Hive Stirrings
    Advocate of the Beast
    Sliver Construct
--> Banisher Priest
    Battle Sliver
    Planar Cleansing
    Swamp
 
Pack 2 pick 5:
    Hunt the Weak
    Chandra's Outrage
    Regathan Firecat
    Wild Guess
    Pillarfield Ox
    Groundshaker Sliver
    Nightwing Shade
--> Charging Griffin
    Disperse
    Battle Sliver
    Mountain
 
Pack 2 pick 6:
--> Show of Valor
    Demolish
    Armored Cancrix
    Auramancer
    Cancel
    Giant Growth
    Pillarfield Ox
    Howl of the Night Pack
    Vial of Poison
    Mountain
 
Pack 2 pick 7:
    Swamp (FOIL)
    Cyclops Tyrant
    Naturalize
--> Seacoast Drake
    Solemn Offering
    Divine Favor
    Staff of the Wild Magus
    Silence
    Island
 
Pack 2 pick 8:
--> Messenger Drake (FOIL)
    Soulmender
    Scroll Thief
    Academy Raider
    Solemn Offering
    Merfolk Spy
    Spell Blast
    Forest
 
Pack 2 pick 9:
    Capashen Knight
    Seismic Stomp
--> Frost Breath
    Siege Mastodon
    Millstone
    Artificer's Hex
    Forest
 
Pack 2 pick 10:
    Soulmender
    Cyclops Tyrant
--> Divine Favor
    Merfolk Spy
    Staff of the Wild Magus
    Plains
 
Pack 2 pick 11:
--> Siege Mastodon
    Lava Axe
    Brindle Boar
    Blur Sliver
    Plains
 
Pack 2 pick 12:
    Show of Valor
    Siege Mastodon
--> Hive Stirrings
    Swamp
 
Pack 2 pick 13:
    Wild Guess
--> Pillarfield Ox
    Mountain
 
Pack 2 pick 14:
--> Vial of Poison
    Mountain
 
Pack 2 pick 15:
--> Staff of the Wild Magus
 
------ M14 ------
 
Pack 3 pick 1:
    Naturalize
    Angelic Wall
    Blood Bairn
    Smelt
    Negate
    Child of Night
    Auramancer
    Sporemound
    Deathgaze Cockatrice
    Act of Treason
--> Serra Angel
    Encroaching Wastes
    Congregate
    Indestructibility
    Swamp
 
Pack 3 pick 2:
    Wring Flesh
    Rootwalla
    Messenger Drake
    Siege Mastodon
--> Charging Griffin
    Groundshaker Sliver
    Minotaur Abomination
    Thunder Strike
    Cancel
    Sensory Deprivation
    Voracious Wurm
    Staff of the Mind Magus
    Path of Bravery
    Mountain
 
Pack 3 pick 3:
--> Master of Diversion
    Time Ebb
    Smelt
    Ranger's Guile
    Frost Breath
    Demolish
    Archaeomancer
    Giant Spider
    Lightning Talons
    Wall of Swords
    Rod of Ruin
    Bramblecrush
    Forest
 
Pack 3 pick 4:
--> Claustrophobia
    Fog
    Trollhide
    Capashen Knight
    Cyclops Tyrant
    Deathgaze Cockatrice
    Wild Guess
    Disperse
    Sporemound
    Illusionary Armor
    Barrage of Expendables
    Mountain
 
Pack 3 pick 5:
    Archaeomancer
    Brindle Boar
    Pay No Heed
--> Disperse
    Giant Growth
    Tome Scour
    Charging Griffin
    Glimpse the Future
    Artificer's Hex
    Congregate
    Forest
 
Pack 3 pick 6:
    Ranger's Guile
--> Frost Breath
    Shadowborn Apostle
    Marauding Maulhorn
    Dawnstrike Paladin
    Armored Cancrix
    Regathan Firecat
    Angelic Accord
    Bogbrew Witch
    Plains
 
Pack 3 pick 7:
    Giant Spider
    Wring Flesh
    Pay No Heed
    Predatory Sliver
--> Seacoast Drake
    Goblin Shortcutter
    Divine Favor
    Quicken
    Swamp
 
Pack 3 pick 8:
    Verdant Haven
    Angelic Wall
    Fog
--> Celestial Flare
    Shrivel
    Fortify
    Howl of the Night Pack
    Island
 
Pack 3 pick 9:
    Naturalize
    Angelic Wall
    Smelt
    Encroaching Wastes
--> Congregate
    Indestructibility
    Swamp
 
Pack 3 pick 10:
    Siege Mastodon
    Groundshaker Sliver
    Cancel
--> Sensory Deprivation
    Staff of the Mind Magus
    Mountain
 
Pack 3 pick 11:
    Smelt
    Frost Breath
    Demolish
--> Wall of Swords
    Forest
 
Pack 3 pick 12:
    Fog
--> Capashen Knight
    Wild Guess
    Mountain
 
Pack 3 pick 13:
--> Tome Scour
    Artificer's Hex
    Forest
 
Pack 3 pick 14:
--> Armored Cancrix
    Plains
 
Pack 3 pick 15:
--> Swamp
 
