Event #: 6053953
Time:    10/5/2013 12:34:02 PM
Players: 
    aznrazorex
    DeusPhaith
    pui_pp
--> malthrin
    LimeSlayer
    Sa_To_Ri
    Bottlegnomez
    jaw16
 
------ THS ------
 
Pack 1 pick 1:
    Nessian Courser
    March of the Returned
    Dragon Mantle
    Returned Centaur
    Hopeful Eidolon
    Fate Foretold
    Portent of Betrayal
    Observant Alseid
    Traveler's Amulet
    Boulderfall
    Destructive Revelry
    Artisan's Sorrow
    Shipwreck Singer
--> Nylea, God of the Hunt
    Plains
 
Pack 1 pick 2:
    Messenger's Speed
    Gods Willing
    Gray Merchant of Asphodel
    Prescient Chimera
    Rage of Purphoros
    Satyr Hedonist
    Read the Bones
    Last Breath
    Borderland Minotaur
    Scholar of Athreos
--> Keepsake Gorgon
    Triton Tactics
    Sentry of the Underworld
    Island
 
Pack 1 pick 3:
    Sip of Hemlock
    Stymied Hopes
    Ill-Tempered Cyclops
    Returned Centaur (FOIL)
    Silent Artisan
    Titan's Strength
    Traveling Philosopher
    Yoked Ox
    Boon of Erebos
    Akroan Crusader
    Witches' Eye
--> Curse of the Swine
    Island
 
Pack 1 pick 4:
    Nessian Asp
    Bronze Sable
    Ephara's Warden
    Vulpine Goliath
    Yoked Ox
--> Baleful Eidolon
    Ordeal of Purphoros (FOIL)
    Savage Surge
    Disciple of Phenax
    Mogis's Marauder
    Dark Betrayal
    Island
 
Pack 1 pick 5:
    Chosen by Heliod
    Mnemonic Wall
    Rage of Purphoros
    Feral Invocation
    Returned Centaur
    Hopeful Eidolon
    Fate Foretold
    Setessan Griffin
--> Disciple of Phenax
    Rescue from the Underworld
    Island
 
Pack 1 pick 6:
    Demolish
    Fleshmad Steed
    Benthic Giant
--> Baleful Eidolon
    Traveling Philosopher
    Two-Headed Cerberus
    Savage Surge
    Tormented Hero
    Spellheart Chimera
    Forest
 
Pack 1 pick 7:
    Viper's Kiss
    Pheres-Band Centaurs
    Aqueous Form
    Vulpine Goliath
    Yoked Ox
--> Wavecrash Triton
    Traveler's Amulet
    Destructive Revelry
    Swamp
 
Pack 1 pick 8:
--> Gods Willing
    March of the Returned
    Dragon Mantle
    Two-Headed Cerberus
    Asphodel Wanderer
    Setessan Battle Priest
    Triton Shorethief
    Forest
 
Pack 1 pick 9:
    March of the Returned
    Dragon Mantle
    Returned Centaur
--> Fate Foretold
    Portent of Betrayal
    Boulderfall
    Plains
 
Pack 1 pick 10:
    Messenger's Speed
    Gods Willing
    Satyr Hedonist
    Last Breath
--> Scholar of Athreos
    Island
 
Pack 1 pick 11:
    Returned Centaur (FOIL)
--> Silent Artisan
    Traveling Philosopher
    Witches' Eye
    Island
 
Pack 1 pick 12:
    Bronze Sable
    Vulpine Goliath
--> Dark Betrayal
    Island
 
Pack 1 pick 13:
--> Chosen by Heliod
    Mnemonic Wall
    Island
 
Pack 1 pick 14:
--> Demolish
    Forest
 
Pack 1 pick 15:
--> Swamp
 
------ THS ------
 
Pack 2 pick 1:
    Fleshmad Steed
    Cavalry Pegasus
    Nylea's Disciple
    Coastline Chimera
    Rage of Purphoros
    Satyr Hedonist
    Thassa's Bounty (FOIL)
    Last Breath
    Triton Shorethief
    Traveler's Amulet
    Dissolve
--> Burnished Hart
    Satyr Piper
    Ember Swallower
    Forest
 
Pack 2 pick 2:
    Viper's Kiss
    Lightning Strike
    Pheres-Band Centaurs
--> Baleful Eidolon
    Benthic Giant
    Annul
    Traveling Philosopher
    Wild Celebrants
    Felhide Minotaur
    Borderland Minotaur
    Battlewise Hoplite
    Triton Tactics
    Insatiable Harpy
    Swamp
 
Pack 2 pick 3:
    Minotaur Skullcleaver
    Chosen by Heliod
    Mnemonic Wall
    Unknown Shores
    Crackling Triton
    Portent of Betrayal
    Commune with the Gods
--> Returned Phalanx
    Staunch-Hearted Warrior
    Scholar of Athreos
    Hunt the Hunter
    Witches' Eye
    Island
 
Pack 2 pick 4:
    Divine Verdict
    Bronze Sable
    Lagonna-Band Elder
    Priest of Iroas
    Fade into Antiquity
    Returned Centaur
--> Griptide
    Boulderfall
    Horizon Chimera
    Ordeal of Heliod
    Favored Hoplite
    Island
 
Pack 2 pick 5:
    Mnemonic Wall
    Cavalry Pegasus
    Annul
    Titan's Strength
    Yoked Ox
    Wild Celebrants
    Sedge Scorpion
--> Scholar of Athreos
    Dark Betrayal
    Satyr Piper
    Swamp
 
Pack 2 pick 6:
--> Lash of the Whip
    Messenger's Speed
    Defend the Hearth
    Leonin Snarecaster
    Priest of Iroas
    Ray of Dissolution
    Battlewise Hoplite
    Vanquish the Foul
    Evangel of Heliod
    Plains
 
Pack 2 pick 7:
--> Nimbus Naiad
    Nylea's Disciple
    Fade into Antiquity
    Satyr Rambler
    Observant Alseid
    Coastline Chimera
    Anvilwrought Raptor
    Spellheart Chimera
    Plains
 
Pack 2 pick 8:
    Messenger's Speed
--> Mnemonic Wall
    Traveling Philosopher
    Two-Headed Cerberus
    Aqueous Form
    Silent Artisan
    Boulderfall
    Mountain
 
Pack 2 pick 9:
    Fleshmad Steed
    Cavalry Pegasus
--> Coastline Chimera
    Satyr Hedonist
    Triton Shorethief
    Satyr Piper
    Forest
 
Pack 2 pick 10:
    Benthic Giant
--> Annul
    Traveling Philosopher
    Wild Celebrants
    Battlewise Hoplite
    Swamp
 
Pack 2 pick 11:
--> Chosen by Heliod
    Mnemonic Wall
    Commune with the Gods
    Witches' Eye
    Island
 
Pack 2 pick 12:
    Lagonna-Band Elder
    Priest of Iroas
--> Favored Hoplite
    Island
 
Pack 2 pick 13:
--> Mnemonic Wall
    Yoked Ox
    Swamp
 
Pack 2 pick 14:
--> Ray of Dissolution
    Plains
 
Pack 2 pick 15:
--> Plains
 
------ THS ------
 
Pack 3 pick 1:
    Sip of Hemlock
    Bronze Sable
    Messenger's Speed
    Mnemonic Wall
    Cavalry Pegasus
    Rage of Purphoros
    Satyr Hedonist
    Cutthroat Maneuver (FOIL)
    Triton Shorethief
    Traveler's Amulet
    Centaur Battlemaster
    Satyr Piper
--> Thassa's Emissary
    Boon Satyr
    Swamp
 
Pack 3 pick 2:
    Stymied Hopes
    Nessian Courser
--> Lash of the Whip
    Satyr Rambler
    Observant Alseid
    Scourgemark
    Coastline Chimera
    Rage of Purphoros
    Setessan Griffin
    Vaporkin
    Burnished Hart
    Erebos's Emissary
    Polis Crusher
    Plains
 
Pack 3 pick 3:
    Guardians of Meletis
    Battlewise Valor
    Loathsome Catoblepas
    Coastline Chimera
--> Pharika's Cure
    Defend the Hearth
    Leonin Snarecaster
    Priest of Iroas
    Setessan Battle Priest
    Triton Shorethief
    Chronicler of Heroes
    Dissolve
    Swamp
 
Pack 3 pick 4:
    Viper's Kiss
    Pheres-Band Centaurs
    Portent of Betrayal
    Commune with the Gods
--> Returned Phalanx
    Lagonna-Band Elder
    Lost in a Labyrinth
    Deathbellow Raider
    Opaline Unicorn
    Hunt the Hunter
    Destructive Revelry
    Swamp
 
Pack 3 pick 5:
    Fleshmad Steed
    Cavalry Pegasus
    Nylea's Disciple
    Commune with the Gods
    Returned Phalanx
    Lost in a Labyrinth
--> Voyage's End
    Setessan Battle Priest
    Glare of Heresy
    Ordeal of Nylea
    Forest
 
Pack 3 pick 6:
    Stymied Hopes
    Traveling Philosopher
    Wild Celebrants
    Silent Artisan
    Time to Feed
    Blood-Toll Harpy
    Deathbellow Raider
    Savage Surge
--> Nykthos, Shrine to Nyx
    Plains
 
Pack 3 pick 7:
--> Omenspeaker
    March of the Returned
    Titan's Strength
    Benthic Giant
    Annul
    Sedge Scorpion
    Felhide Minotaur
    Peak Eruption
    Mountain
 
Pack 3 pick 8:
    Prescient Chimera
    Fleetfeather Sandals
    Aqueous Form
    Silent Artisan
    Blood-Toll Harpy
--> Shipwreck Singer
    Triton Fortune Hunter
    Island
 
Pack 3 pick 9:
    Messenger's Speed
    Mnemonic Wall
    Satyr Hedonist
    Triton Shorethief
--> Traveler's Amulet
    Satyr Piper
    Swamp
 
Pack 3 pick 10:
    Stymied Hopes
    Satyr Rambler
    Scourgemark
    Coastline Chimera
--> Vaporkin
    Plains
 
Pack 3 pick 11:
--> Guardians of Meletis
    Priest of Iroas
    Setessan Battle Priest
    Triton Shorethief
    Swamp
 
Pack 3 pick 12:
    Viper's Kiss
--> Pheres-Band Centaurs
    Commune with the Gods
    Swamp
 
Pack 3 pick 13:
--> Fleshmad Steed
    Commune with the Gods
    Forest
 
Pack 3 pick 14:
--> Silent Artisan
    Plains
 
Pack 3 pick 15:
--> Mountain
 
