Event #: 6055344
Time:    10/5/2013 7:04:48 PM
Players: 
    kake
    RockHardTen
    talloola25
    Uraku_the_Lich_Lord
    timmytron
    TheRedBard
--> malthrin
    yb4
 
------ THS ------
 
Pack 1 pick 1:
    Leafcrown Dryad
    Gods Willing
    Nessian Courser
    Scourgemark
    Griptide
    Satyr Hedonist
    Satyr Rambler
    Leonin Snarecaster
    Voyage's End
    Setessan Battle Priest
    Chronicler of Heroes
    Artisan's Sorrow
    Cutthroat Maneuver
--> Sylvan Caryatid
    Island
 
Pack 1 pick 2:
    Ill-Tempered Cyclops
    Leafcrown Dryad
    Chosen by Heliod
    Pheres-Band Centaurs
    Fade into Antiquity
    Returned Centaur
    Griptide
    Commune with the Gods
    Wavecrash Triton
    Traveler's Amulet
    Gainsay
--> Thassa's Emissary
    Flamecast Wheel
    Forest
 
Pack 1 pick 3:
    Divine Verdict
    Sip of Hemlock
    Coastline Chimera
    Observant Alseid (FOIL)
    Defend the Hearth
    Leonin Snarecaster
    Priest of Iroas
    Voyage's End
    Staunch-Hearted Warrior
    Peak Eruption
    Ordeal of Thassa
--> Dauntless Onslaught
    Swamp
 
Pack 1 pick 4:
    Leafcrown Dryad
    Chosen by Heliod
    Pheres-Band Centaurs
    Nylea's Presence
    Minotaur Skullcleaver
    Griptide
    Satyr Hedonist
    Satyr Rambler
    Felhide Minotaur
    Borderland Minotaur
--> Favored Hoplite
    Forest
 
Pack 1 pick 5:
    Pheres-Band Centaurs
    Divine Verdict
    Guardians of Meletis
    Spearpoint Oread
    Unknown Shores
    Asphodel Wanderer
    Boon of Erebos
    Akroan Crusader (FOIL)
--> Battlewise Hoplite
    Satyr Piper
    Plains
 
Pack 1 pick 6:
    Viper's Kiss
    Dragon Mantle
    Omenspeaker
    Wild Celebrants
    Benthic Giant
    Traveling Philosopher
--> Vaporkin
    Setessan Battle Priest
    Akroan Hoplite
    Shipwreck Singer
 
Pack 1 pick 7:
    Cavalry Pegasus
    Loathsome Catoblepas
    Nylea's Presence
    Thassa's Bounty
    Fade into Antiquity
    Setessan Griffin
--> Vaporkin
    Arena Athlete
    Forest
 
Pack 1 pick 8:
    Minotaur Skullcleaver
--> Chosen by Heliod
    Titan's Strength
    Traveling Philosopher
    Yoked Ox
    Benthic Giant
    Deathbellow Raider
    Mountain
 
Pack 1 pick 9:
    Nessian Courser
    Satyr Hedonist
    Satyr Rambler
    Leonin Snarecaster
--> Setessan Battle Priest
    Artisan's Sorrow
    Island
 
Pack 1 pick 10:
    Pheres-Band Centaurs
--> Fade into Antiquity
    Commune with the Gods
    Traveler's Amulet
    Flamecast Wheel
    Forest
 
Pack 1 pick 11:
--> Observant Alseid (FOIL)
    Defend the Hearth
    Priest of Iroas
    Peak Eruption
    Swamp
 
Pack 1 pick 12:
    Nylea's Presence
--> Satyr Hedonist
    Borderland Minotaur
    Forest
 
Pack 1 pick 13:
    Pheres-Band Centaurs
--> Guardians of Meletis
    Plains
 
Pack 1 pick 14:
--> Traveling Philosopher
    Setessan Battle Priest
 
Pack 1 pick 15:
--> Forest
 
------ THS ------
 
Pack 2 pick 1:
    Prescient Chimera
    Demolish
    Leafcrown Dryad
    Gods Willing
    Nessian Courser
--> Wingsteed Rider
    Two-Headed Cerberus
    Vulpine Goliath
    Triton Shorethief
    Traveler's Amulet
    Gainsay
    Stoneshock Giant
    Flamespeaker Adept
    Prophet of Kruphix
    Island
 
Pack 2 pick 2:
    Viper's Kiss
    Dragon Mantle
    Omenspeaker
    Lost in a Labyrinth (FOIL)
    Wingsteed Rider
    Breaching Hippocamp
    Vulpine Goliath
    Setessan Battle Priest
    Triton Shorethief
--> Phalanx Leader
    Pharika's Mender
    Nylea's Emissary
    Temple of Silence
    Island
 
Pack 2 pick 3:
    Pheres-Band Centaurs
    Divine Verdict
    Defend the Hearth
    Mountain (FOIL)
    Crackling Triton
    Spark Jolt
    Last Breath
    Triton Shorethief
    Cavern Lampad
--> Phalanx Leader
    Ordeal of Purphoros
    Triton Tactics
    Forest
 
Pack 2 pick 4:
    Fleshmad Steed
--> Cavalry Pegasus
    Two-Headed Cerberus
    Time to Feed
    Asphodel Wanderer
    Breaching Hippocamp
    Silent Artisan
    Akroan Crusader
    Savage Surge
    Kragma Warcaller
    Flamecast Wheel
    Island
 
Pack 2 pick 5:
    Nylea's Presence
    Minotaur Skullcleaver
--> Battlewise Valor
    Nessian Asp
    Spark Jolt
    Returned Phalanx
    Shredding Winds
    Boulderfall
    Kragma Warcaller
    Karametra's Acolyte
    Plains
 
Pack 2 pick 6:
    Dragon Mantle
    Nessian Asp
    Bronze Sable
    Traveling Philosopher
    Two-Headed Cerberus
--> Aqueous Form
    Silent Artisan
    Deathbellow Raider
    Decorated Griffin
    Swamp
 
Pack 2 pick 7:
    Priest of Iroas
    Fade into Antiquity
    Returned Centaur
    Commune with the Gods
    Traveler's Amulet
    Boulderfall
    Dark Betrayal
--> Firedrinker Satyr
    Swamp
 
Pack 2 pick 8:
    Leonin Snarecaster
--> Fate Foretold
    Thassa's Bounty
    Lagonna-Band Elder
    Shredding Winds
    Boon of Erebos
    Vanquish the Foul
    Plains
 
Pack 2 pick 9:
    Demolish
--> Nessian Courser
    Two-Headed Cerberus
    Triton Shorethief
    Traveler's Amulet
    Gainsay
    Island
 
Pack 2 pick 10:
    Viper's Kiss
--> Lost in a Labyrinth (FOIL)
    Breaching Hippocamp
    Vulpine Goliath
    Triton Shorethief
    Island
 
Pack 2 pick 11:
--> Pheres-Band Centaurs
    Defend the Hearth
    Mountain (FOIL)
    Triton Shorethief
    Forest
 
Pack 2 pick 12:
    Asphodel Wanderer
--> Silent Artisan
    Flamecast Wheel
    Island
 
Pack 2 pick 13:
--> Spark Jolt
    Boulderfall
    Plains
 
Pack 2 pick 14:
--> Bronze Sable
    Swamp
 
Pack 2 pick 15:
--> Swamp
 
------ THS ------
 
Pack 3 pick 1:
    Ill-Tempered Cyclops
    Guardians of Meletis
    Battlewise Valor
    Yoked Ox
    Baleful Eidolon
    Annul
--> Wingsteed Rider
    Wild Celebrants
    Sedge Scorpion
    Scholar of Athreos
    Karametra's Acolyte
    Thassa's Emissary
    Coordinated Assault
    Anthousa, Setessan Hero
    Forest
 
Pack 3 pick 2:
    Nessian Courser
    Lash of the Whip
    Minotaur Skullcleaver
    Returned Centaur
    Hopeful Eidolon
    Fate Foretold
    Portent of Betrayal
    Observant Alseid
    Opaline Unicorn
    Staunch-Hearted Warrior
    Purphoros's Emissary
    Flamespeaker Adept
--> Soldier of the Pantheon
    Swamp
 
Pack 3 pick 3:
    Bronze Sable
    Messenger's Speed
    Mnemonic Wall
    Two-Headed Cerberus
    Aqueous Form
    Silent Artisan
--> Wingsteed Rider
    Savage Surge
    Disciple of Phenax
    Nemesis of Mortals
    Sealock Monster
    Evangel of Heliod
    Mountain
 
Pack 3 pick 4:
--> Chosen by Heliod
    Mnemonic Wall
    Viper's Kiss
    Two-Headed Cerberus
    Vulpine Goliath
    Annul
    Titan's Strength
    Borderland Minotaur
    Scholar of Athreos
    Hunt the Hunter
    Destructive Revelry
    Mountain
 
Pack 3 pick 5:
    Fleetfeather Sandals
    Demolish
--> Annul
    Traveling Philosopher
    Wild Celebrants
    Silent Artisan
    Time to Feed
    Shredding Winds
    Sealock Monster
    Ordeal of Nylea
    Plains
 
Pack 3 pick 6:
    Loathsome Catoblepas
--> Omenspeaker
    March of the Returned
    Portent of Betrayal
    Returned Phalanx
    Lagonna-Band Elder
    Lost in a Labyrinth
    Disciple of Phenax
    Ordeal of Erebos
    Plains
 
Pack 3 pick 7:
--> Cavalry Pegasus
    Loathsome Catoblepas
    Nylea's Presence
    Spark Jolt
    Returned Phalanx
    Pharika's Cure
    Ray of Dissolution
    Ordeal of Erebos
    Forest
 
Pack 3 pick 8:
    Mnemonic Wall
--> Fate Foretold
    Portent of Betrayal
    Defend the Hearth
    Agent of Horizons
    Sedge Scorpion
    Hunt the Hunter
    Forest
 
Pack 3 pick 9:
--> Ill-Tempered Cyclops
    Yoked Ox
    Annul
    Wild Celebrants
    Scholar of Athreos
    Karametra's Acolyte
    Forest
 
Pack 3 pick 10:
    Returned Centaur
    Fate Foretold
    Portent of Betrayal
--> Observant Alseid
    Flamespeaker Adept
    Swamp
 
Pack 3 pick 11:
    Bronze Sable
    Messenger's Speed
    Mnemonic Wall
    Silent Artisan
--> Savage Surge
 
Pack 3 pick 12:
    Two-Headed Cerberus
--> Borderland Minotaur
    Hunt the Hunter
    Mountain
 
Pack 3 pick 13:
    Demolish
--> Shredding Winds
    Plains
 
Pack 3 pick 14:
--> Loathsome Catoblepas
    Plains
 
Pack 3 pick 15:
--> Forest
 
