Event #: 6102152
Time:    10/13/2013 8:14:07 PM
Players:
    soreloser420
    CoalHonorGuard
    VelvetAcid
--> ThatAngryDwarf
    KingoftheLosers
    Vern1976
    CharlieBie
    Oodelally

------ THS ------ 

Pack 1 pick 1:
    Minotaur Skullcleaver
    Chosen by Heliod
    Mnemonic Wall
    Annul
    Titan's Strength
    Yoked Ox
    Voyaging Satyr
    Wild Celebrants
    Setessan Griffin
    Disciple of Phenax
    Destructive Revelry
    Sentry of the Underworld
--> Cutthroat Maneuver
    Psychic Intrusion
    Plains

Pack 1 pick 2:
    Nessian Asp
    Bronze Sable
    Ephara's Warden
    Hopeful Eidolon
    Fate Foretold
    Portent of Betrayal
    Observant Alseid
    Defend the Hearth
    Boon of Erebos
    Akroan Crusader
--> Heliod's Emissary
    Magma Jet
    Pharika's Mender
    Plains

Pack 1 pick 3:
    Demolish
    Leafcrown Dryad
    Lost in a Labyrinth
    Pharika's Cure
    Rage of Purphoros
    Feral Invocation
    Returned Centaur
    Setessan Battle Priest
    Triton Shorethief
    Horizon Scholar
    Chronicler of Heroes
--> Thassa's Emissary
    Mountain

Pack 1 pick 4:
--> Nimbus Naiad
    Battlewise Valor
    Nessian Asp
    Viper's Kiss
    Vulpine Goliath
    Yoked Ox
    Baleful Eidolon
    Annul
    Felhide Minotaur
    Borderland Minotaur
    Ordeal of Thassa
    Mountain

Pack 1 pick 5:
    Sip of Hemlock
    Stymied Hopes
    Breaching Hippocamp
    Vulpine Goliath
    Asphodel Wanderer
    Voyaging Satyr
    Titan's Strength
    Setessan Griffin
--> Vaporkin
    Rescue from the Underworld
    Island

Pack 1 pick 6:
    Mnemonic Wall
    Cavalry Pegasus
    Spearpoint Oread
    Yoked Ox
    Annul
    Disciple of Phenax
--> Voyage's End
    Dark Betrayal
    Satyr Piper
    Swamp

Pack 1 pick 7:
    Fleetfeather Sandals
    Ill-Tempered Cyclops
    Guardians of Meletis
    Lost in a Labyrinth
    Agent of Horizons
    Fade into Antiquity
    Triton Shorethief
--> Cavern Lampad
    Island

Pack 1 pick 8:
    Bronze Sable
    Fate Foretold
--> Thassa's Bounty
    Lagonna-Band Elder
    Priest of Iroas
    Fade into Antiquity
    Scholar of Athreos
    Island

Pack 1 pick 9:
    Mnemonic Wall
    Titan's Strength
--> Yoked Ox
    Wild Celebrants
    Setessan Griffin
    Destructive Revelry
    Plains

Pack 1 pick 10:
    Bronze Sable
--> Fate Foretold
    Portent of Betrayal
    Defend the Hearth
    Boon of Erebos
    Plains

Pack 1 pick 11:
    Demolish
--> Lost in a Labyrinth
    Returned Centaur
    Triton Shorethief
    Mountain

Pack 1 pick 12:
    Viper's Kiss
--> Yoked Ox
    Felhide Minotaur
    Mountain

Pack 1 pick 13:
--> Stymied Hopes
    Asphodel Wanderer
    Island

Pack 1 pick 14:
--> Yoked Ox
    Swamp

Pack 1 pick 15:
--> Island

------ THS ------ 

Pack 2 pick 1:
    Dragon Mantle
    Omenspeaker
    Gray Merchant of Asphodel
    Leonin Snarecaster
    Feral Invocation
    Fate Foretold
    Thassa's Bounty
    Lagonna-Band Elder
    Shredding Winds
    Opaline Unicorn
    Ordeal of Erebos
    Horizon Chimera
--> Shipwreck Singer
    Steam Augury
    Forest

Pack 2 pick 2:
--> Sip of Hemlock
    Stymied Hopes
    Ill-Tempered Cyclops
    Traveling Philosopher
    Wild Celebrants
    Silent Artisan
    Time to Feed
    Blood-Toll Harpy
    Akroan Crusader
    Cavern Lampad
    Anvilwrought Raptor
    Vanquish the Foul
    Nylea's Emissary
    Island

Pack 2 pick 3:
    Chosen by Heliod
    Pheres-Band Centaurs
    Agent of Horizons
    Crackling Triton
    Spark Jolt
    Last Breath
--> Scourgemark
    Felhide Minotaur
    Shredding Winds
    Gainsay
    Witches' Eye
    Soldier of the Pantheon
    Swamp

Pack 2 pick 4:
    Loathsome Catoblepas
    Nylea's Presence
    Fleetfeather Sandals
    Demolish
    Ephara's Warden
--> Wingsteed Rider
    Wild Celebrants
    Two-Headed Cerberus
    Akroan Crusader
    Savage Surge
    Triad of Fates
    Mountain

Pack 2 pick 5:
    Battlewise Valor
    Loathsome Catoblepas
    March of the Returned
--> Observant Alseid
    Scourgemark
    Coastline Chimera
    Felhide Minotaur
    Burnished Hart
    Akroan Hoplite
    Dauntless Onslaught
    Swamp

Pack 2 pick 6:
    Omenspeaker
--> Gray Merchant of Asphodel
    Silent Artisan
    Time to Feed
    Blood-Toll Harpy
    Breaching Hippocamp
    Aqueous Form
    Boulderfall
    Prowler's Helm
    Plains

Pack 2 pick 7:
    Pheres-Band Centaurs
    Crackling Triton
    Portent of Betrayal
    Commune with the Gods
--> Returned Phalanx
    Lagonna-Band Elder
    Traveler's Amulet
    Decorated Griffin
    Island

Pack 2 pick 8:
    March of the Returned
    Pharika's Cure
    Leonin Snarecaster
    Priest of Iroas
--> Read the Bones
    Boon of Erebos
    Setessan Griffin
    Swamp

Pack 2 pick 9:
    Omenspeaker
    Leonin Snarecaster
    Feral Invocation
    Thassa's Bounty
    Shredding Winds
--> Opaline Unicorn
    Forest

Pack 2 pick 10:
    Stymied Hopes
    Traveling Philosopher
    Wild Celebrants
    Silent Artisan
--> Blood-Toll Harpy
    Island

Pack 2 pick 11:
    Pheres-Band Centaurs
    Crackling Triton
    Last Breath
--> Gainsay
    Swamp

Pack 2 pick 12:
--> Loathsome Catoblepas
    Fleetfeather Sandals
    Demolish
    Mountain

Pack 2 pick 13:
    Loathsome Catoblepas
--> March of the Returned
    Swamp

Pack 2 pick 14:
--> Breaching Hippocamp
    Plains

Pack 2 pick 15:
--> Island

------ THS ------ 

Pack 3 pick 1:
    Nessian Asp
    Bronze Sable
    Ephara's Warden
    Last Breath
    Scourgemark
    Griptide
    Satyr Hedonist
    Satyr Rambler
    Triton Shorethief
    Traveler's Amulet
    Mogis's Marauder
    Horizon Scholar
    Insatiable Harpy
--> Hero's Downfall
    Plains

Pack 3 pick 2:
    Demolish
    Ephara's Warden
    Fleshmad Steed
    Spark Jolt
    Returned Phalanx
    Coastline Chimera
    Pharika's Cure
    Ray of Dissolution
    Wavecrash Triton
--> Keepsake Gorgon
    Chronicler of Heroes
    Fanatic of Mogis
    Meletis Charlatan
    Mountain

Pack 3 pick 3:
    Messenger's Speed
--> Gray Merchant of Asphodel
    Prescient Chimera
    Returned Centaur
    Griptide
    Commune with the Gods
    Hopeful Eidolon
    Vaporkin
    Deathbellow Raider
    Tormented Hero
    Battlewise Hoplite
    Nighthowler
    Plains

Pack 3 pick 4:
    Messenger's Speed
    Mnemonic Wall
    Cavalry Pegasus
    Priest of Iroas
    Returned Centaur
    Griptide
    Commune with the Gods
--> Traveler's Amulet
    Boulderfall
    Anvilwrought Raptor
    Dark Betrayal
    Island

Pack 3 pick 5:
    Messenger's Speed
    Gods Willing
    Defend the Hearth
    Priest of Iroas
    Read the Bones
    Thassa's Bounty
    Scholar of Athreos
    Peak Eruption
    Glare of Heresy
--> Triton Fortune Hunter
    Plains

Pack 3 pick 6:
    Guardians of Meletis
    Prescient Chimera
    Benthic Giant
    Time to Feed
--> Baleful Eidolon
    Two-Headed Cerberus
    Shredding Winds
    Boulderfall
    Tormented Hero
    Swamp

Pack 3 pick 7:
    Nylea's Presence
    Minotaur Skullcleaver
--> Baleful Eidolon
    Benthic Giant
    Annul
    Wild Celebrants
    Deathbellow Raider
    Opaline Unicorn
    Mountain

Pack 3 pick 8:
    Viper's Kiss
    Satyr Hedonist
    Satyr Rambler
    Ray of Dissolution
    Wavecrash Triton
    Peak Eruption
--> Sealock Monster
    Forest

Pack 3 pick 9:
    Bronze Sable
    Scourgemark
    Satyr Hedonist
    Satyr Rambler
    Triton Shorethief
--> Traveler's Amulet
    Plains

Pack 3 pick 10:
    Demolish
    Ephara's Warden
    Fleshmad Steed
    Spark Jolt
--> Returned Phalanx
    Mountain

Pack 3 pick 11:
    Messenger's Speed
    Returned Centaur
--> Griptide
    Vaporkin
    Plains

Pack 3 pick 12:
--> Messenger's Speed
    Priest of Iroas
    Commune with the Gods
    Island

Pack 3 pick 13:
--> Messenger's Speed
    Defend the Hearth
    Plains

Pack 3 pick 14:
--> Guardians of Meletis
    Swamp

Pack 3 pick 15:
--> Mountain

