Event #: 6108163
Time:    10/14/2013 7:40:24 PM
Players: 
    RandomusNamus
    Scarfel
    Onulla
    PieMasters123
    Gmee3rd
    zpopta1
    renzlei
--> Jaithra
 
------ THS ------
 
Pack 1 pick 1:
    Fleetfeather Sandals
    Demolish
    Ephara's Warden
    Silent Artisan
    Time to Feed
    Blood-Toll Harpy
    Breaching Hippocamp
    Aqueous Form
    Savage Surge
    Opaline Unicorn
    Heliod's Emissary
    Magma Jet
    Pharika's Mender
--> Reaper of the Wilds
    Swamp
 
Pack 1 pick 2:
    Ill-Tempered Cyclops
    Leafcrown Dryad
    Chosen by Heliod
    Annul
    Titan's Strength
    Yoked Ox
    Voyaging Satyr
    Wild Celebrants
    Staunch-Hearted Warrior
    Borderland Minotaur
    Battlewise Hoplite
    Witches' Eye
--> Insatiable Harpy
    Island
 
Pack 1 pick 3:
    Pheres-Band Centaurs
--> Nylea's Presence
    Commune with the Gods
    Hopeful Eidolon
    Spark Jolt
    Returned Phalanx
    Coastline Chimera
    Scholar of Athreos
    Triton Shorethief
    Gainsay
    Stoneshock Giant
    Arena Athlete
    Swamp
 
Pack 1 pick 4:
--> Gray Merchant of Asphodel
    Prescient Chimera
    Fleetfeather Sandals
    Crackling Triton
    Commune with the Gods
    Returned Phalanx
    Lagonna-Band Elder
    Sedge Scorpion
    Boon of Erebos
    Peak Eruption
    Spellheart Chimera
    Plains
 
Pack 1 pick 5:
--> Nylea's Disciple
    Stymied Hopes
    Fate Foretold
    Portent of Betrayal
    Defend the Hearth
    Scholar of Athreos
    Felhide Minotaur
    Tormented Hero
    Battlewise Hoplite
    Decorated Griffin
    Forest
 
Pack 1 pick 6:
    Stymied Hopes (FOIL)
    Viper's Kiss
    Dragon Mantle
--> Pharika's Cure
    Defend the Hearth
    Wavecrash Triton
    Cavern Lampad
    Destructive Revelry
    Prowler's Helm
    Mountain
 
Pack 1 pick 7:
    Fleshmad Steed
    Unknown Shores
    Aqueous Form
    Asphodel Wanderer
    Savage Surge
    Setessan Griffin
--> Cutthroat Maneuver
    Satyr Piper
    Mountain
 
Pack 1 pick 8:
    Gray Merchant of Asphodel
--> Sip of Hemlock
    Priest of Iroas
    Thassa's Bounty
    Lost in a Labyrinth
    Agent of Horizons
    Boulderfall
    Forest
 
Pack 1 pick 9:
    Fleetfeather Sandals
    Demolish
    Breaching Hippocamp
    Savage Surge
    Opaline Unicorn
--> Pharika's Mender
    Swamp
 
Pack 1 pick 10:
--> Leafcrown Dryad
    Annul
    Wild Celebrants
    Borderland Minotaur
    Witches' Eye
    Island
 
Pack 1 pick 11:
--> Commune with the Gods
    Coastline Chimera
    Triton Shorethief
    Gainsay
    Swamp
 
Pack 1 pick 12:
--> Fleetfeather Sandals
    Crackling Triton
    Commune with the Gods
    Plains
 
Pack 1 pick 13:
    Stymied Hopes
--> Felhide Minotaur
    Forest
 
Pack 1 pick 14:
--> Prowler's Helm
    Mountain
 
Pack 1 pick 15:
--> Mountain
 
------ THS ------
 
Pack 2 pick 1:
    Lightning Strike
    Fleshmad Steed
    Cavalry Pegasus
    Breaching Hippocamp
    Silent Artisan
    Titan's Strength
    Traveling Philosopher
    Yoked Ox
    Cavern Lampad
    Staunch-Hearted Warrior
--> Centaur Battlemaster
    Stoneshock Giant
    Cutthroat Maneuver
    Titan of Eternal Fire
    Mountain
 
Pack 2 pick 2:
    Loathsome Catoblepas
    Omenspeaker
    March of the Returned
    Lost in a Labyrinth
    Pharika's Cure
    Rage of Purphoros
    Feral Invocation
    Returned Centaur
    Traveler's Amulet
    Akroan Crusader
    Horizon Chimera
    Sentry of the Underworld
--> Reverent Hunter
    Swamp
 
Pack 2 pick 3:
    Cavern Lampad (FOIL)
    Loathsome Catoblepas
    Nylea's Presence
--> Fade into Antiquity
    Satyr Rambler
    Scourgemark
    Coastline Chimera
    Akroan Crusader
    Chronicler of Heroes
    Artisan's Sorrow
    Warriors' Lesson
    Anger of the Gods
    Island
 
Pack 2 pick 4:
    Nessian Courser
    March of the Returned
    Dragon Mantle
    Fate Foretold
    Thassa's Bounty
    Lagonna-Band Elder
    Priest of Iroas
    Ray of Dissolution
    Ordeal of Heliod
--> Pharika's Mender
    Akroan Horse
    Forest
 
Pack 2 pick 5:
    Messenger's Speed
    Spearpoint Oread
    Vulpine Goliath
    Yoked Ox
--> Baleful Eidolon
    Annul
    Deathbellow Raider
    Borderland Minotaur
    Kragma Warcaller
    Karametra's Acolyte
    Forest
 
Pack 2 pick 6:
    Nessian Courser
    March of the Returned
    Silent Artisan
    Akroan Crusader
    Setessan Griffin
--> Nemesis of Mortals
    Coordinated Assault
    Shipwreck Singer
    Psychic Intrusion
    Forest
 
Pack 2 pick 7:
    Messenger's Speed
    Mnemonic Wall
    Benthic Giant
    Traveling Philosopher
    Wild Celebrants
    Scholar of Athreos
--> Tormented Hero
    Triton Fortune Hunter
    Plains
 
Pack 2 pick 8:
    Prescient Chimera
    Demolish
    Leafcrown Dryad
    Satyr Rambler
--> Feral Invocation
    Boulderfall
    Savage Surge
    Mountain
 
Pack 2 pick 9:
    Fleshmad Steed
    Silent Artisan
    Yoked Ox
--> Cavern Lampad
    Staunch-Hearted Warrior
    Stoneshock Giant
    Mountain
 
Pack 2 pick 10:
--> Loathsome Catoblepas
    March of the Returned
    Lost in a Labyrinth
    Traveler's Amulet
    Sentry of the Underworld
    Swamp
 
Pack 2 pick 11:
    Nylea's Presence
    Satyr Rambler
    Coastline Chimera
--> Artisan's Sorrow
    Island
 
Pack 2 pick 12:
    Fate Foretold
--> Thassa's Bounty
    Priest of Iroas
    Forest
 
Pack 2 pick 13:
    Messenger's Speed
--> Deathbellow Raider
    Forest
 
Pack 2 pick 14:
--> Setessan Griffin
    Forest
 
Pack 2 pick 15:
--> Plains
 
------ THS ------
 
Pack 3 pick 1:
    Gray Merchant of Asphodel
    Prescient Chimera
    Fleetfeather Sandals
    Feral Invocation
    Returned Centaur
    Hopeful Eidolon
    Fate Foretold
    Portent of Betrayal
    Cavern Lampad
    Sedge Scorpion
    Ordeal of Thassa
    Nemesis of Mortals
    Shipwreck Singer
--> Abhorrent Overlord
    Plains
 
Pack 3 pick 2:
    Prescient Chimera
    Demolish
--> Leafcrown Dryad
    Priest of Iroas
    Fade into Antiquity
    Returned Centaur
    Griptide
    Commune with the Gods
    Staunch-Hearted Warrior
    Boon of Erebos
    Peak Eruption
    Glare of Heresy
    Favored Hoplite
    Mountain
 
Pack 3 pick 3:
    Ill-Tempered Cyclops
    Guardians of Meletis
    Battlewise Valor
    Traveling Philosopher
    Yoked Ox
    Blood-Toll Harpy
    Benthic Giant
    Voyaging Satyr
    Felhide Minotaur
--> Ordeal of Erebos
    Triton Fortune Hunter
    Arena Athlete
    Island
 
Pack 3 pick 4:
    Swamp (FOIL)
    Agent of Horizons
    Crackling Triton
    Spark Jolt
    Last Breath
    Scourgemark
--> Boon of Erebos
    Vaporkin
    Purphoros's Emissary
    Ordeal of Erebos
    Steam Augury
    Island
 
Pack 3 pick 5:
    Fleshmad Steed
    Rage of Purphoros
    Satyr Hedonist
--> Read the Bones
    Last Breath
    Unknown Shores
    Ray of Dissolution
    Vaporkin
    Rescue from the Underworld
    Gainsay
    Mountain
 
Pack 3 pick 6:
    Chosen by Heliod
    Blood-Toll Harpy
    Voyaging Satyr
    Spearpoint Oread
    Borderland Minotaur
--> Shredding Winds
    Vanquish the Foul
    Karametra's Acolyte
    Labyrinth Champion
    Plains
 
Pack 3 pick 7:
    Messenger's Speed
    Gods Willing
    Asphodel Wanderer
    Silent Artisan
    Scholar of Athreos
    Triton Shorethief
    Flamecast Wheel
--> Pyxis of Pandemonium
    Forest
 
Pack 3 pick 8:
    Bronze Sable
    Ephara's Warden
    Stymied Hopes
    Fade into Antiquity
--> Returned Centaur
    Hunt the Hunter
    Dauntless Onslaught
    Plains
 
Pack 3 pick 9:
    Prescient Chimera
    Fleetfeather Sandals
    Returned Centaur
    Fate Foretold
--> Sedge Scorpion
    Shipwreck Singer
    Plains
 
Pack 3 pick 10:
    Demolish
    Priest of Iroas
--> Fade into Antiquity
    Returned Centaur
    Griptide
    Mountain
 
Pack 3 pick 11:
--> Guardians of Meletis
    Battlewise Valor
    Yoked Ox
    Felhide Minotaur
    Island
 
Pack 3 pick 12:
    Swamp (FOIL)
    Agent of Horizons
--> Scourgemark
    Island
 
Pack 3 pick 13:
--> Last Breath
    Gainsay
    Mountain
 
Pack 3 pick 14:
--> Karametra's Acolyte
    Plains
 
Pack 3 pick 15:
--> Forest
 
