Event #: 6108207
Time:    10/14/2013 7:46:57 PM
Players: 
    Ilpala
    DjSyNN
    XDerriphanX
    niallcmurray86
--> Arakasius
    Angry323
    BeyondTilt
    IllyriaS
 
------ THS ------
 
Pack 1 pick 1:
    Nylea's Disciple
    Lash of the Whip
    Messenger's Speed
    Yoked Ox
    Voyaging Satyr
    Wild Celebrants
    Benthic Giant
    Time to Feed
    Cavern Lampad
    Boulderfall
    Chronicler of Heroes
    Witches' Eye
    Triton Tactics
--> Hundred-Handed One
    Mountain
 
Pack 1 pick 2:
    Minotaur Skullcleaver
--> Nimbus Naiad
    Battlewise Valor
    Nessian Asp
    Satyr Hedonist
    Satyr Rambler
    Leonin Snarecaster
    Feral Invocation
    Traveler's Amulet
    Boulderfall
    Kragma Warcaller
    Karametra's Acolyte
    Sentry of the Underworld
    Swamp
 
Pack 1 pick 3:
    Nylea's Disciple
    Lash of the Whip
    Messenger's Speed
    Unknown Shores
    Aqueous Form
    Two-Headed Cerberus
    Sedge Scorpion
    Felhide Minotaur
--> Battlewise Hoplite
    Vanquish the Foul
    Flamecast Wheel
    Psychic Intrusion
    Mountain
 
Pack 1 pick 4:
    March of the Returned
    Dragon Mantle
--> Nessian Asp
    Bronze Sable
    Ephara's Warden
    Yoked Ox
    Annul
    Felhide Minotaur
    Borderland Minotaur
    Artisan's Sorrow
    Tymaret, the Murder King
    Forest
 
Pack 1 pick 5:
    Fleetfeather Sandals
    Ill-Tempered Cyclops
    Guardians of Meletis
    Vulpine Goliath
    Annul
    Fate Foretold (FOIL)
    Yoked Ox
--> Voyaging Satyr
    Deathbellow Raider
    Savage Surge
    Plains
 
Pack 1 pick 6:
    Battlewise Valor
    Loathsome Catoblepas
    Lost in a Labyrinth
    Agent of Horizons
    Fade into Antiquity
--> Observant Alseid
    Setessan Griffin
    Disciple of Phenax
    Dissolve
    Island
 
Pack 1 pick 7:
    Fleetfeather Sandals
    Ill-Tempered Cyclops
    Guardians of Meletis
    Traveling Philosopher
    Two-Headed Cerberus
    Silent Artisan
--> Voyage's End
    Glare of Heresy
    Plains
 
Pack 1 pick 8:
    Stymied Hopes
    Portent of Betrayal
    Commune with the Gods
    Returned Phalanx
--> Lagonna-Band Elder
    Lost in a Labyrinth
    Rescue from the Underworld
    Mountain
 
Pack 1 pick 9:
    Messenger's Speed
    Yoked Ox
    Wild Celebrants
    Boulderfall
--> Chronicler of Heroes
    Witches' Eye
    Mountain
 
Pack 1 pick 10:
    Minotaur Skullcleaver
    Satyr Hedonist
    Satyr Rambler
--> Feral Invocation
    Boulderfall
    Swamp
 
Pack 1 pick 11:
    Messenger's Speed
--> Unknown Shores
    Two-Headed Cerberus
    Flamecast Wheel
    Mountain
 
Pack 1 pick 12:
    March of the Returned
--> Dragon Mantle
    Bronze Sable
    Forest
 
Pack 1 pick 13:
    Yoked Ox
--> Savage Surge
    Plains
 
Pack 1 pick 14:
--> Setessan Griffin
    Island
 
Pack 1 pick 15:
--> Plains
 
------ THS ------
 
Pack 2 pick 1:
    Bronze Sable (FOIL)
    Prescient Chimera
    Demolish
    Fate Foretold
    Portent of Betrayal
--> Observant Alseid
    Defend the Hearth
    Agent of Horizons
    Akroan Crusader
    Cavern Lampad
    Tormented Hero
    Horizon Scholar
    Triton Fortune Hunter
    Reverent Hunter
    Swamp
 
Pack 2 pick 2:
    Minotaur Skullcleaver
--> Nimbus Naiad
    Battlewise Valor
    Voyaging Satyr
    Spearpoint Oread
    Unknown Shores
    Aqueous Form
    Asphodel Wanderer
    Voyage's End
    Staunch-Hearted Warrior
    Nemesis of Mortals
    Flamecast Wheel
    Shipwreck Singer
    Swamp
 
Pack 2 pick 3:
    Nylea's Presence
    Fleetfeather Sandals
    Demolish
--> Wingsteed Rider
    Two-Headed Cerberus
    Vulpine Goliath
    Annul
    Titan's Strength
    Deathbellow Raider
    Anvilwrought Raptor
    Satyr Piper
    Decorated Griffin
    Island
 
Pack 2 pick 4:
    Chosen by Heliod
    Mnemonic Wall
    Viper's Kiss
    Pharika's Cure
    Rage of Purphoros
    Feral Invocation
    Returned Centaur
    Hopeful Eidolon
    Boon of Erebos
    Setessan Griffin
--> Phalanx Leader
    Plains
 
Pack 2 pick 5:
    Viper's Kiss
    Omenspeaker
    Fade into Antiquity
    Returned Centaur
    Griptide
    Commune with the Gods
    Boon of Erebos
    Akroan Crusader
    Horizon Chimera
--> Triton Fortune Hunter
    Mountain
 
Pack 2 pick 6:
    March of the Returned
    Dragon Mantle
    Two-Headed Cerberus
    Asphodel Wanderer
--> Breaching Hippocamp
    Silent Artisan
    Setessan Griffin
    Dark Betrayal
    Satyr Piper
    Mountain
 
Pack 2 pick 7:
--> Chosen by Heliod
    Pheres-Band Centaurs
    Nylea's Presence
    Crackling Triton
    Last Breath
    Setessan Battle Priest
    Rescue from the Underworld
    Gainsay
    Island
 
Pack 2 pick 8:
    Nessian Courser
    Defend the Hearth
    Agent of Horizons
    Crackling Triton
    Spark Jolt
--> Last Breath
    Deathbellow Raider
    Swamp
 
Pack 2 pick 9:
    Bronze Sable (FOIL)
    Demolish
--> Fate Foretold
    Defend the Hearth
    Agent of Horizons
    Akroan Crusader
    Swamp
 
Pack 2 pick 10:
    Minotaur Skullcleaver
--> Battlewise Valor
    Unknown Shores
    Asphodel Wanderer
    Flamecast Wheel
    Swamp
 
Pack 2 pick 11:
    Fleetfeather Sandals
    Demolish
--> Annul
    Deathbellow Raider
    Island
 
Pack 2 pick 12:
    Viper's Kiss
--> Pharika's Cure
    Setessan Griffin
    Plains
 
Pack 2 pick 13:
--> Omenspeaker
    Commune with the Gods
    Mountain
 
Pack 2 pick 14:
--> March of the Returned
    Mountain
 
Pack 2 pick 15:
--> Island
 
------ THS ------
 
Pack 3 pick 1:
    Viper's Kiss
    Dragon Mantle
    Omenspeaker
    Gray Merchant of Asphodel
    Divine Verdict
    Fate Foretold
    Thassa's Bounty
    Lagonna-Band Elder
    Savage Surge
    Disciple of Phenax
--> Phalanx Leader
    Peak Eruption
    Cutthroat Maneuver
    Agent of the Fates
    Mountain
 
Pack 3 pick 2:
    Ephara's Warden
    Fleshmad Steed
--> Nimbus Naiad
    Read the Bones
    Thassa's Bounty
    Lost in a Labyrinth
    Agent of Horizons
    Fade into Antiquity
    Ray of Dissolution
    Centaur Battlemaster
    Keepsake Gorgon
    Flamespeaker Adept
    Prophet of Kruphix
    Swamp
 
Pack 3 pick 3:
    Chosen by Heliod
    Pheres-Band Centaurs
    Nylea's Presence
    Feral Invocation
    Fate Foretold
    Thassa's Bounty
    Lagonna-Band Elder
    Priest of Iroas
    Setessan Battle Priest
    Battlewise Valor (FOIL)
    Ordeal of Purphoros
--> Evangel of Heliod
    Island
 
Pack 3 pick 4:
    Sip of Hemlock
    Ill-Tempered Cyclops
    Wild Celebrants
    Two-Headed Cerberus
    Time to Feed
    Shredding Winds
    Boon of Erebos
    Magma Jet
    Flamespeaker Adept
    Spellheart Chimera
--> Akroan Horse
    Plains
 
Pack 3 pick 5:
    Mnemonic Wall
    Cavalry Pegasus
    Loathsome Catoblepas
    Priest of Iroas
    Fade into Antiquity
    Returned Centaur
--> Griptide
    Commune with the Gods
    Staunch-Hearted Warrior
    Firedrinker Satyr
    Plains
 
Pack 3 pick 6:
    Pheres-Band Centaurs
    Annul
--> Traveling Philosopher
    Wild Celebrants
    Silent Artisan
    Time to Feed
    Triton Shorethief
    Traveler's Amulet
    Prowler's Helm
    Island
 
Pack 3 pick 7:
    March of the Returned
    Fleshmad Steed
    Blood-Toll Harpy
    Vulpine Goliath
--> Ray of Dissolution
    Akroan Hoplite
    Shipwreck Singer
    Sentry of the Underworld
    Swamp
 
Pack 3 pick 8:
    Bronze Sable
    Ephara's Warden
    Scourgemark
    Satyr Rambler
--> Leonin Snarecaster
    Anvilwrought Raptor
    Vanquish the Foul
    Forest
 
Pack 3 pick 9:
    Viper's Kiss
    Fate Foretold
    Thassa's Bounty
--> Lagonna-Band Elder
    Savage Surge
    Peak Eruption
    Mountain
 
Pack 3 pick 10:
    Fleshmad Steed
    Thassa's Bounty
    Lost in a Labyrinth
--> Agent of Horizons
    Fade into Antiquity
    Swamp
 
Pack 3 pick 11:
--> Chosen by Heliod
    Lagonna-Band Elder
    Priest of Iroas
    Setessan Battle Priest
    Island
 
Pack 3 pick 12:
    Wild Celebrants
--> Boon of Erebos
    Flamespeaker Adept
    Plains
 
Pack 3 pick 13:
    Loathsome Catoblepas
--> Commune with the Gods
    Plains
 
Pack 3 pick 14:
--> Triton Shorethief
    Island
 
Pack 3 pick 15:
--> Swamp
 
