Event #: 6109167
Time:    10/14/2013 8:25:13 PM
Players: 
    Block
    mackdelta21
    Trickers
    duglas28
    P Fresh
--> bqlohr
    MaxGiche
    Adam44x
 
------ THS ------
 
Pack 1 pick 1:
    Loathsome Catoblepas
    Omenspeaker
    March of the Returned
    Returned Centaur
    Griptide
    Commune with the Gods
    Hopeful Eidolon
    Spark Jolt
    Opaline Unicorn
    Ray of Dissolution
    Ordeal of Heliod
--> Centaur Battlemaster
    Decorated Griffin
    Steam Augury
    Island
 
Pack 1 pick 2:
    Pheres-Band Centaurs
    Nylea's Presence
    Minotaur Skullcleaver
    Returned Phalanx
    Lagonna-Band Elder
    Lost in a Labyrinth
    Pharika's Cure
    Rage of Purphoros
    Setessan Battle Priest
    Deathbellow Raider
--> Destructive Revelry
    Phalanx Leader
    Fanatic of Mogis
    Island
 
Pack 1 pick 3:
    Lash of the Whip
    Minotaur Skullcleaver
    Chosen by Heliod
    Annul
    Traveling Philosopher
    Wild Celebrants
    Silent Artisan
--> Time to Feed
    Scholar of Athreos
    Disciple of Phenax
    Vanquish the Foul
    Karametra's Acolyte
    Forest
 
Pack 1 pick 4:
    Pheres-Band Centaurs
    Nylea's Presence
    Minotaur Skullcleaver
    Titan's Strength
    Traveling Philosopher
    Yoked Ox
    Blood-Toll Harpy
    Benthic Giant
    Staunch-Hearted Warrior
--> Destructive Revelry
    Prowler's Helm
    Swamp
 
Pack 1 pick 5:
    Pheres-Band Centaurs
    Guardians of Meletis
    Wingsteed Rider
    Wild Celebrants
    Two-Headed Cerberus
--> Time to Feed
    Voyage's End (FOIL)
    Wavecrash Triton
    Opaline Unicorn
    Glare of Heresy
    Island
 
Pack 1 pick 6:
    Cavalry Pegasus
    Loathsome Catoblepas
    Nylea's Presence
    Traveling Philosopher
--> Two-Headed Cerberus
    Aqueous Form
    Silent Artisan
    Triton Shorethief
    Flamespeaker Adept
    Island
 
Pack 1 pick 7:
    Nylea's Disciple
    Messenger's Speed
    Gods Willing
    Satyr Rambler
    Leonin Snarecaster
    Akroan Crusader
    Setessan Griffin
--> Titan of Eternal Fire
    Mountain
 
Pack 1 pick 8:
    Demolish
    Gods Willing
    Nessian Courser
    Breaching Hippocamp
    Silent Artisan
--> Titan's Strength
    Borderland Minotaur
    Swamp
 
Pack 1 pick 9:
    Loathsome Catoblepas
    March of the Returned
    Returned Centaur
    Commune with the Gods
--> Spark Jolt
    Ray of Dissolution
    Island
 
Pack 1 pick 10:
    Pheres-Band Centaurs
    Minotaur Skullcleaver
    Lost in a Labyrinth
    Setessan Battle Priest
--> Deathbellow Raider
    Island
 
Pack 1 pick 11:
    Annul
--> Wild Celebrants
    Silent Artisan
    Vanquish the Foul
    Forest
 
Pack 1 pick 12:
    Pheres-Band Centaurs
    Traveling Philosopher
--> Prowler's Helm
    Swamp
 
Pack 1 pick 13:
    Guardians of Meletis
--> Two-Headed Cerberus
    Island
 
Pack 1 pick 14:
--> Silent Artisan
    Island
 
Pack 1 pick 15:
--> Mountain
 
------ THS ------
 
Pack 2 pick 1:
--> Lightning Strike
    Fleshmad Steed
    Cavalry Pegasus
    Silent Artisan
    Time to Feed
    Blood-Toll Harpy
    Breaching Hippocamp
    Aqueous Form
    Boon of Erebos
    Vaporkin
    Anvilwrought Raptor
    Satyr Piper
    Decorated Griffin
    Nykthos, Shrine to Nyx
    Swamp
 
Pack 2 pick 2:
    Demolish
    Leafcrown Dryad
    Fade into Antiquity
    Satyr Rambler
    Observant Alseid
    Scourgemark
    Coastline Chimera
    Ray of Dissolution
    Vaporkin
    Burnished Hart
    Ordeal of Heliod
--> Nylea's Emissary
    Abhorrent Overlord
    Swamp
 
Pack 2 pick 3:
    Nylea's Presence (FOIL)
    Sip of Hemlock
    Stymied Hopes
    Unknown Shores
    Crackling Triton
    Portent of Betrayal
    Commune with the Gods
    Cavern Lampad
    Sedge Scorpion
    Rescue from the Underworld
--> Purphoros's Emissary
    Dark Betrayal
    Forest
 
Pack 2 pick 4:
--> Lightning Strike
    Fleshmad Steed
    Cavalry Pegasus
    Two-Headed Cerberus
    Aqueous Form
    Silent Artisan
    Blood-Toll Harpy
    Sedge Scorpion
    Anvilwrought Raptor
    Decorated Griffin
    Flamespeaker Adept
    Swamp
 
Pack 2 pick 5:
    March of the Returned
    Wild Celebrants
    Silent Artisan
--> Time to Feed
    Blood-Toll Harpy
    Breaching Hippocamp
    Boulderfall
    Setessan Battle Priest
    Sentry of the Underworld
    Dark Betrayal
    Mountain
 
Pack 2 pick 6:
    Bronze Sable
    Messenger's Speed
    Mnemonic Wall
    Lagonna-Band Elder
    Lost in a Labyrinth
    Pharika's Cure
--> Rage of Purphoros
    Cavern Lampad
    Artisan's Sorrow
    Plains
 
Pack 2 pick 7:
--> Nessian Asp
    Bronze Sable
    Spark Jolt
    Coastline Chimera
    Defend the Hearth
    Setessan Battle Priest
    Battlewise Hoplite
    Gainsay
    Forest
 
Pack 2 pick 8:
    Fleshmad Steed
    Nylea's Disciple
    Yoked Ox
    Benthic Giant
    Akroan Crusader
--> Karametra's Acolyte
    Sentry of the Underworld
    Mountain
 
Pack 2 pick 9:
    Fleshmad Steed
    Silent Artisan
    Blood-Toll Harpy
    Breaching Hippocamp
    Anvilwrought Raptor
--> Satyr Piper
    Swamp
 
Pack 2 pick 10:
    Demolish
    Satyr Rambler
    Coastline Chimera
    Ray of Dissolution
--> Burnished Hart
    Swamp
 
Pack 2 pick 11:
    Stymied Hopes
    Unknown Shores
    Commune with the Gods
--> Dark Betrayal
    Forest
 
Pack 2 pick 12:
    Fleshmad Steed
    Silent Artisan
--> Flamespeaker Adept
    Swamp
 
Pack 2 pick 13:
    March of the Returned
--> Boulderfall
    Mountain
 
Pack 2 pick 14:
--> Bronze Sable
    Plains
 
Pack 2 pick 15:
--> Forest
 
------ THS ------
 
Pack 3 pick 1:
    Pheres-Band Centaurs
    Divine Verdict
    Guardians of Meletis
    Silent Artisan
    Blood-Toll Harpy
--> Temple of Abandon (FOIL)
    Spearpoint Oread
    Breaching Hippocamp
    Scholar of Athreos
    Felhide Minotaur
    Dissolve
    Burnished Hart
    Pharika's Mender
    Artisan of Forms
    Island
 
Pack 3 pick 2:
    Prescient Chimera
--> Leafcrown Dryad (FOIL)
    Leafcrown Dryad
    Fade into Antiquity
    Returned Centaur
    Griptide
    Commune with the Gods
    Hopeful Eidolon
    Borderland Minotaur
    Shredding Winds
    Ordeal of Heliod
    Hunt the Hunter
    Nylea's Emissary
    Swamp
 
Pack 3 pick 3:
    Dragon Mantle
    Bronze Sable
    Thassa's Bounty
    Lost in a Labyrinth
    Agent of Horizons
    Fade into Antiquity
    Satyr Rambler
    Triton Shorethief
    Voyage's End
    Rescue from the Underworld
--> Purphoros's Emissary
    Sealock Monster
    Forest
 
Pack 3 pick 4:
    Pheres-Band Centaurs
    Divine Verdict
    Guardians of Meletis
    Titan's Strength
    Benthic Giant
    Annul
    Traveling Philosopher
    Disciple of Phenax
    Wavecrash Triton
    Glare of Heresy
--> Coordinated Assault
    Island
 
Pack 3 pick 5:
    Lash of the Whip
    Minotaur Skullcleaver
    Time to Feed
    Traveling Philosopher
--> Two-Headed Cerberus
    Aqueous Form
    Traveler's Amulet
    Akroan Crusader
    Karametra's Acolyte
    Flamecast Wheel
    Forest
 
Pack 3 pick 6:
    Loathsome Catoblepas
    Nylea's Presence
    Breaching Hippocamp
    Silent Artisan
    Traveling Philosopher
    Boulderfall
--> Sedge Scorpion
    Rescue from the Underworld
    Spellheart Chimera
    Island
 
Pack 3 pick 7:
--> Lightning Strike
    Fleshmad Steed
    Titan's Strength
    Yoked Ox
    Voyaging Satyr
    Wild Celebrants
    Benthic Giant
    Sedge Scorpion
    Swamp
 
Pack 3 pick 8:
    Demolish
    Fleshmad Steed
    Nylea's Disciple
    Defend the Hearth
    Crackling Triton
    Boulderfall
--> Savage Surge
    Swamp
 
Pack 3 pick 9:
    Pheres-Band Centaurs
    Guardians of Meletis
    Silent Artisan
    Blood-Toll Harpy
--> Breaching Hippocamp
    Felhide Minotaur
    Island
 
Pack 3 pick 10:
--> Fade into Antiquity
    Returned Centaur
    Commune with the Gods
    Shredding Winds
    Hunt the Hunter
    Swamp
 
Pack 3 pick 11:
    Thassa's Bounty
    Lost in a Labyrinth
--> Satyr Rambler
    Triton Shorethief
    Forest
 
Pack 3 pick 12:
    Benthic Giant
--> Annul
    Traveling Philosopher
    Island
 
Pack 3 pick 13:
    Aqueous Form
--> Flamecast Wheel
    Forest
 
Pack 3 pick 14:
--> Boulderfall
    Island
 
Pack 3 pick 15:
--> Swamp
 
