Event #: 6114971
Time:    10/15/2013 8:51:20 PM
Players: 
    builtiz
    LoneDragon13727
    kurosaki77
    Praxediz
--> malthrin
    mkontrov
    su5
    Deenobravo
 
------ THS ------
 
Pack 1 pick 1:
    March of the Returned
    Lightning Strike
    Fleshmad Steed
    Spearpoint Oread
    Vulpine Goliath
    Yoked Ox
    Baleful Eidolon
    Annul
    Vaporkin
    Setessan Battle Priest
    Gainsay
    Flamecast Wheel
    Erebos's Emissary
--> Temple of Silence
    Swamp
 
Pack 1 pick 2:
    Mnemonic Wall
    Cavalry Pegasus
    Loathsome Catoblepas
    Nylea's Presence
    Fade into Antiquity
    Satyr Rambler
--> Observant Alseid
    Scourgemark
    Boon of Erebos
    Akroan Crusader
    Dissolve
    Peak Eruption
    Cutthroat Maneuver
    Swamp
 
Pack 1 pick 3:
    March of the Returned
    Dragon Mantle
    Read the Bones
    Rescue from the Underworld (FOIL)
    Lost in a Labyrinth
    Agent of Horizons
    Fade into Antiquity
    Vaporkin
    Setessan Battle Priest
    Ordeal of Purphoros
    Ordeal of Thassa
--> Favored Hoplite
    Plains
 
Pack 1 pick 4:
    Guardians of Meletis
    Prescient Chimera
    Demolish
    Portent of Betrayal
    Defend the Hearth
    Agent of Horizons
    Crackling Triton
--> Vaporkin
    Kragma Warcaller
    Karametra's Acolyte
    Dark Betrayal
    Swamp
 
Pack 1 pick 5:
    Guardians of Meletis
    Prescient Chimera
    Anvilwrought Raptor (FOIL)
--> Griptide
    Satyr Hedonist
    Satyr Rambler
    Leonin Snarecaster
    Scholar of Athreos
    Anvilwrought Raptor
    Vanquish the Foul
    Swamp
 
Pack 1 pick 6:
    March of the Returned
    Dragon Mantle
    Spark Jolt
    Last Breath
    Scourgemark
    Satyr Hedonist
    Boon of Erebos
    Setessan Griffin
--> Mogis's Marauder
    Forest
 
Pack 1 pick 7:
    Pheres-Band Centaurs
    Breaching Hippocamp
    Silent Artisan
    Titan's Strength
    Yoked Ox
    Opaline Unicorn
--> Insatiable Harpy
    Arena Athlete
    Island
 
Pack 1 pick 8:
--> Lash of the Whip
    Messenger's Speed
    Read the Bones
    Unknown Shores
    Portent of Betrayal
    Felhide Minotaur
    Shredding Winds
    Forest
 
Pack 1 pick 9:
    March of the Returned
    Fleshmad Steed
    Vulpine Goliath
--> Baleful Eidolon
    Gainsay
    Flamecast Wheel
    Swamp
 
Pack 1 pick 10:
    Loathsome Catoblepas
    Nylea's Presence
--> Scourgemark
    Akroan Crusader
    Peak Eruption
    Swamp
 
Pack 1 pick 11:
    March of the Returned
--> Rescue from the Underworld (FOIL)
    Lost in a Labyrinth
    Setessan Battle Priest
    Plains
 
Pack 1 pick 12:
    Guardians of Meletis
    Defend the Hearth
--> Dark Betrayal
    Swamp
 
Pack 1 pick 13:
--> Scholar of Athreos
    Anvilwrought Raptor
    Swamp
 
Pack 1 pick 14:
--> Scourgemark
    Forest
 
Pack 1 pick 15:
--> Island
 
------ THS ------
 
Pack 2 pick 1:
    Chosen by Heliod
    Pheres-Band Centaurs
    Nylea's Presence
    Voyaging Satyr
    Spearpoint Oread
    Unknown Shores
    Aqueous Form
    Asphodel Wanderer
    Staunch-Hearted Warrior
    Scholar of Athreos
    Sea God's Revenge
--> Erebos's Emissary
    Triton Fortune Hunter
    Fleecemane Lion
    Swamp
 
Pack 2 pick 2:
    Minotaur Skullcleaver
    Nimbus Naiad
    Battlewise Valor
    Returned Phalanx
    Coastline Chimera
    Pharika's Cure
    Defend the Hearth
    Leonin Snarecaster
    Wavecrash Triton
    Traveler's Amulet
--> Sea God's Revenge
    Magma Jet
    Evangel of Heliod
    Mountain
 
Pack 2 pick 3:
    March of the Returned
    Dragon Mantle
    Nessian Asp
    Fate Foretold
    Thassa's Bounty
    Lagonna-Band Elder
    Priest of Iroas
    Fade into Antiquity
    Sedge Scorpion
    Felhide Minotaur
--> Ordeal of Thassa
    Swan Song
    Forest
 
Pack 2 pick 4:
    Hopeful Eidolon (FOIL)
    Bronze Sable
    Messenger's Speed
    Aqueous Form
    Silent Artisan
    Blood-Toll Harpy
--> Voyage's End
    Staunch-Hearted Warrior
    Chronicler of Heroes
    Arena Athlete
    Warriors' Lesson
    Island
 
Pack 2 pick 5:
    Swamp (FOIL)
    Pheres-Band Centaurs
    Nylea's Presence
    Annul
    Titan's Strength
    Yoked Ox
    Wild Celebrants
    Setessan Griffin
--> Disciple of Phenax
    Spellheart Chimera
    Swamp
 
Pack 2 pick 6:
    Stymied Hopes
    Returned Centaur
--> Griptide
    Commune with the Gods
    Spark Jolt
    Deathbellow Raider
    Savage Surge
    Ordeal of Erebos
    Horizon Chimera
    Island
 
Pack 2 pick 7:
--> Viper's Kiss
    Two-Headed Cerberus
    Vulpine Goliath
    Annul
    Shredding Winds
    Boon of Erebos
    Vanquish the Foul
    Pharika's Mender
    Forest
 
Pack 2 pick 8:
    Cavalry Pegasus
    Stymied Hopes
    Defend the Hearth
--> Traveler's Amulet
    Boulderfall
    Glare of Heresy
    Pharika's Mender
    Mountain
 
Pack 2 pick 9:
    Pheres-Band Centaurs
    Nylea's Presence
    Unknown Shores
    Asphodel Wanderer
    Staunch-Hearted Warrior
--> Scholar of Athreos
    Swamp
 
Pack 2 pick 10:
    Battlewise Valor
--> Returned Phalanx
    Defend the Hearth
    Leonin Snarecaster
    Traveler's Amulet
    Mountain
 
Pack 2 pick 11:
--> March of the Returned
    Lagonna-Band Elder
    Priest of Iroas
    Fade into Antiquity
    Forest
 
Pack 2 pick 12:
    Messenger's Speed
    Silent Artisan
--> Chronicler of Heroes
    Island
 
Pack 2 pick 13:
    Swamp (FOIL)
--> Nylea's Presence
    Swamp
 
Pack 2 pick 14:
--> Returned Centaur
    Island
 
Pack 2 pick 15:
--> Forest
 
------ THS ------
 
Pack 3 pick 1:
    Nessian Asp
    Viper's Kiss
    Dragon Mantle
    Benthic Giant
    Time to Feed
    Baleful Eidolon
    Traveling Philosopher
    Two-Headed Cerberus
    Shredding Winds
    Boulderfall
    Anvilwrought Raptor
    Flamecast Wheel
--> Shipwreck Singer
    Akroan Horse
    Forest
 
Pack 3 pick 2:
    Fleetfeather Sandals
    Ill-Tempered Cyclops
    Guardians of Meletis
    Commune with the Gods
    Returned Phalanx
    Lagonna-Band Elder
    Lost in a Labyrinth
--> Pharika's Cure
    Ray of Dissolution
    Wavecrash Triton
    Purphoros's Emissary
    Hunt the Hunter
    Insatiable Harpy
    Island
 
Pack 3 pick 3:
    Chosen by Heliod
    Mnemonic Wall
    Viper's Kiss
    Crackling Triton
    Spark Jolt
    Last Breath
    Scourgemark
    Ray of Dissolution
--> Wavecrash Triton
    Artisan's Sorrow
    Mogis's Marauder
    Witches' Eye
    Plains
 
Pack 3 pick 4:
--> Lash of the Whip
    Minotaur Skullcleaver
    Wild Celebrants
    Two-Headed Cerberus
    Time to Feed
    Asphodel Wanderer
    Savage Surge
    Disciple of Phenax
    Destructive Revelry
    Nylea's Emissary
    Dauntless Onslaught
    Forest
 
Pack 3 pick 5:
    Gray Merchant of Asphodel
    Priest of Iroas
    Read the Bones
    Thassa's Bounty
    Lost in a Labyrinth
    Agent of Horizons
    Setessan Battle Priest
    Triton Shorethief
--> Keepsake Gorgon
    Reverent Hunter
    Plains
 
Pack 3 pick 6:
--> Prescient Chimera
    Breaching Hippocamp
    Vulpine Goliath
    Asphodel Wanderer
    Titan's Strength
    Deathbellow Raider
    Akroan Hoplite
    Rescue from the Underworld
    Witches' Eye
    Plains
 
Pack 3 pick 7:
--> Gray Merchant of Asphodel
    Fleetfeather Sandals
    Returned Phalanx
    Lagonna-Band Elder
    Lost in a Labyrinth
    Pharika's Cure
    Felhide Minotaur
    Hunt the Hunter
    Plains
 
Pack 3 pick 8:
    Bronze Sable
    Ephara's Warden
    Asphodel Wanderer
    Two-Headed Cerberus
    Vulpine Goliath
    Setessan Battle Priest
--> Dark Betrayal
    Plains
 
Pack 3 pick 9:
    Viper's Kiss
    Dragon Mantle
    Two-Headed Cerberus
    Boulderfall
--> Anvilwrought Raptor
    Flamecast Wheel
    Forest
 
Pack 3 pick 10:
    Fleetfeather Sandals
    Guardians of Meletis
    Commune with the Gods
--> Returned Phalanx
    Lost in a Labyrinth
    Island
 
Pack 3 pick 11:
    Viper's Kiss
    Spark Jolt
--> Scourgemark
    Witches' Eye
    Plains
 
Pack 3 pick 12:
    Wild Celebrants
--> Two-Headed Cerberus
    Asphodel Wanderer
    Forest
 
Pack 3 pick 13:
--> Priest of Iroas
    Triton Shorethief
    Plains
 
Pack 3 pick 14:
--> Asphodel Wanderer
    Plains
 
Pack 3 pick 15:
--> Plains
 
