Event #: 6133475
Time:    10/18/2013 6:33:04 PM
Players: 
    panchosander
    tombomb
    mi5280
    Zenelly86
    RideOrDie
--> Arakasius
    Verdantx
    SpigFinity
 
------ THS ------
 
Pack 1 pick 1:
    Battlewise Valor
    Nessian Asp
    Viper's Kiss
    Portent of Betrayal
    Commune with the Gods
    Returned Phalanx
    Lagonna-Band Elder
    Lost in a Labyrinth
    Voyage's End
    Akroan Crusader
    Peak Eruption
--> Ordeal of Thassa
    Spellheart Chimera
    Reverent Hunter
    Swamp
 
Pack 1 pick 2:
    March of the Returned
    Karametra's Acolyte (FOIL)
    Spearpoint Oread
    Unknown Shores
    Aqueous Form
    Asphodel Wanderer
    Wingsteed Rider
    Shredding Winds
    Deathbellow Raider
    Heliod's Emissary
    Sealock Monster
    Ordeal of Nylea
--> Daxos of Meletis
    Swamp
 
Pack 1 pick 3:
    Demolish
    Leafcrown Dryad
    Gods Willing
    Read the Bones
    Thassa's Bounty
    Lost in a Labyrinth
    Agent of Horizons
    Fade into Antiquity
--> Vaporkin
    Chronicler of Heroes
    Artisan's Sorrow
    Arena Athlete
    Island
 
Pack 1 pick 4:
    Divine Verdict
    Sip of Hemlock
    Bronze Sable
    Pharika's Cure
    Rage of Purphoros
    Rage of Purphoros (FOIL)
    Returned Centaur
--> Hopeful Eidolon
    Ray of Dissolution
    Vaporkin
    Horizon Chimera
    Forest
 
Pack 1 pick 5:
    Ephara's Warden
    Stymied Hopes
    Fade into Antiquity
    Commune with the Gods
    Shredding Winds
    Boon of Erebos
    Anvilwrought Raptor
--> Vanquish the Foul
    Fanatic of Mogis
    Pyxis of Pandemonium
    Forest
 
Pack 1 pick 6:
    March of the Returned
--> Traveling Philosopher
    Wild Celebrants
    Silent Artisan
    Time to Feed
    Blood-Toll Harpy
    Borderland Minotaur
    Shredding Winds
    Kragma Warcaller
    Island
 
Pack 1 pick 7:
    Fleshmad Steed
--> Cavalry Pegasus
    Stymied Hopes
    Two-Headed Cerberus
    Shredding Winds
    Boulderfall
    Hunt the Hunter
    Destructive Revelry
    Swamp
 
Pack 1 pick 8:
    Loathsome Catoblepas
--> Nylea's Presence
    Fleetfeather Sandals
    Mountain (FOIL)
    Portent of Betrayal
    Defend the Hearth
    Agent of Horizons
    Island
 
Pack 1 pick 9:
    Portent of Betrayal
    Commune with the Gods
--> Lagonna-Band Elder
    Lost in a Labyrinth
    Peak Eruption
    Spellheart Chimera
    Swamp
 
Pack 1 pick 10:
    March of the Returned
--> Aqueous Form
    Asphodel Wanderer
    Shredding Winds
    Deathbellow Raider
    Swamp
 
Pack 1 pick 11:
    Demolish
--> Lost in a Labyrinth
    Fade into Antiquity
    Artisan's Sorrow
    Island
 
Pack 1 pick 12:
--> Bronze Sable
    Returned Centaur
    Ray of Dissolution
    Forest
 
Pack 1 pick 13:
--> Shredding Winds
    Pyxis of Pandemonium
    Forest
 
Pack 1 pick 14:
--> Silent Artisan
    Island
 
Pack 1 pick 15:
--> Swamp
 
------ THS ------
 
Pack 2 pick 1:
    Nylea's Presence
    Minotaur Skullcleaver
    Nimbus Naiad
    Voyaging Satyr
    Wild Celebrants
    Benthic Giant
    Time to Feed
    Baleful Eidolon
    Scholar of Athreos
    Disciple of Phenax
    Phalanx Leader
    Thassa's Emissary
    Coordinated Assault
--> Master of Waves
    Island
 
Pack 2 pick 2:
    Divine Verdict
    Guardians of Meletis
--> Prescient Chimera
    Traveling Philosopher
    Yoked Ox
    Blood-Toll Harpy
    Benthic Giant
    Voyaging Satyr
    Akroan Crusader
    Setessan Griffin
    Witches' Eye
    Insatiable Harpy
    Whip of Erebos
    Plains
 
Pack 2 pick 3:
    Bronze Sable
    Messenger's Speed
    Mnemonic Wall
    Satyr Hedonist
    Read the Bones
--> Last Breath
    Unknown Shores
    Crackling Triton
    Magma Jet
    Anvilwrought Raptor
    Pharika's Mender
    Tymaret, the Murder King
    Forest
 
Pack 2 pick 4:
    Fleshmad Steed
--> Nimbus Naiad
    Fate Foretold
    Portent of Betrayal
    Observant Alseid
    Defend the Hearth
    Agent of Horizons
    Felhide Minotaur
    Peak Eruption
    Spellheart Chimera
    Triton Tactics
    Swamp
 
Pack 2 pick 5:
    Gray Merchant of Asphodel
--> Prescient Chimera
    Fleetfeather Sandals
    Satyr Hedonist
    Satyr Rambler
    Fate Foretold
    Deathbellow Raider
    Savage Surge
    Cutthroat Maneuver
    Decorated Griffin
    Forest
 
Pack 2 pick 6:
    Divine Verdict
    Sip of Hemlock
    Satyr Rambler
    Scourgemark
    Coastline Chimera
    Rage of Purphoros
    Ray of Dissolution
--> Wavecrash Triton
    Titan of Eternal Fire
    Mountain
 
Pack 2 pick 7:
    Pheres-Band Centaurs
    Nylea's Presence
--> Leonin Snarecaster
    Priest of Iroas
    Read the Bones
    Thassa's Bounty
    Traveler's Amulet
    Boulderfall
    Island
 
Pack 2 pick 8:
    Pheres-Band Centaurs
    Satyr Hedonist
--> Read the Bones
    Unknown Shores
    Crackling Triton
    Boulderfall
    Kragma Warcaller
    Plains
 
Pack 2 pick 9:
    Wild Celebrants
    Benthic Giant
    Time to Feed
--> Baleful Eidolon
    Scholar of Athreos
    Disciple of Phenax
    Island
 
Pack 2 pick 10:
    Guardians of Meletis
    Yoked Ox
--> Blood-Toll Harpy
    Setessan Griffin
    Witches' Eye
    Plains
 
Pack 2 pick 11:
    Bronze Sable
    Messenger's Speed
    Satyr Hedonist
--> Crackling Triton
    Forest
 
Pack 2 pick 12:
--> Fleshmad Steed
    Portent of Betrayal
    Spellheart Chimera
    Swamp
 
Pack 2 pick 13:
    Fleetfeather Sandals
--> Decorated Griffin
    Forest
 
Pack 2 pick 14:
--> Scourgemark
    Mountain
 
Pack 2 pick 15:
--> Island
 
------ THS ------
 
Pack 3 pick 1:
    Ill-Tempered Cyclops
    Guardians of Meletis
--> Battlewise Valor
    Thassa's Bounty
    Lagonna-Band Elder
    Priest of Iroas
    Fade into Antiquity
    Returned Centaur
    Setessan Griffin
    Disciple of Phenax
    Akroan Hoplite
    Rescue from the Underworld
    Ordeal of Nylea
    Mistcutter Hydra
    Plains
 
Pack 3 pick 2:
    Messenger's Speed
    Gods Willing
    Gray Merchant of Asphodel
    Satyr Hedonist
    Satyr Rambler
    Leonin Snarecaster
    Feral Invocation
    Cavern Lampad
    Staunch-Hearted Warrior
    Karametra's Acolyte
    Flamespeaker Adept
    Witches' Eye
--> Bident of Thassa
    Forest
 
Pack 3 pick 3:
    Stymied Hopes
    Nessian Courser
    Breaching Hippocamp
    Rageblood Shaman (FOIL)
    Spearpoint Oread
    Vulpine Goliath
    Yoked Ox
    Setessan Battle Priest
    Traveler's Amulet
--> Ordeal of Heliod
    Coordinated Assault
    Temple of Abandon
    Mountain
 
Pack 3 pick 4:
    Mnemonic Wall
    Viper's Kiss
    Lightning Strike
    Coastline Chimera
    Defend the Hearth
    Leonin Snarecaster
    Triton Shorethief (FOIL)
    Staunch-Hearted Warrior
    Ordeal of Purphoros
--> Dauntless Onslaught
    Meletis Charlatan
    Forest
 
Pack 3 pick 5:
    Messenger's Speed
    Mnemonic Wall
    Cavalry Pegasus
--> Wingsteed Rider
    Spearpoint Oread
    Vulpine Goliath
    Deathbellow Raider
    Borderland Minotaur
    Centaur Battlemaster
    Arena Athlete
    Plains
 
Pack 3 pick 6:
--> Battlewise Valor
    Viper's Kiss
    Dragon Mantle
    Omenspeaker
    Lost in a Labyrinth
    Agent of Horizons
    Fade into Antiquity
    Savage Surge
    Horizon Chimera
    Swamp
 
Pack 3 pick 7:
    Dragon Mantle
    Traveling Philosopher
    Silent Artisan
    Savage Surge
    Opaline Unicorn
    Mogis's Marauder
--> Evangel of Heliod
    Flamecast Wheel
    Mountain
 
Pack 3 pick 8:
--> Chosen by Heliod
    Spark Jolt
    Coastline Chimera
    Pharika's Cure
    Defend the Hearth
    Setessan Battle Priest
    Prowler's Helm
    Plains
 
Pack 3 pick 9:
    Guardians of Meletis
    Thassa's Bounty
    Priest of Iroas
--> Fade into Antiquity
    Returned Centaur
    Setessan Griffin
    Plains
 
Pack 3 pick 10:
    Messenger's Speed
    Satyr Hedonist
    Satyr Rambler
--> Flamespeaker Adept
    Witches' Eye
    Forest
 
Pack 3 pick 11:
    Stymied Hopes
    Spearpoint Oread
    Vulpine Goliath
--> Yoked Ox
    Mountain
 
Pack 3 pick 12:
    Viper's Kiss
    Defend the Hearth
--> Leonin Snarecaster
    Forest
 
Pack 3 pick 13:
    Messenger's Speed
--> Deathbellow Raider
    Plains
 
Pack 3 pick 14:
--> Lost in a Labyrinth
    Swamp
 
Pack 3 pick 15:
--> Mountain
 
