Event #: 6161973
Time:    10/22/2013 10:18:47 PM
Players: 
    The french goblin
    glenlivett
    mcwerben
    MushroomBlack
    polarbearmauling
--> polsris0013
    MalakaiHelix
    Big_Game_Hunter
 
------ THS ------
 
Pack 1 pick 1:
--> Gray Merchant of Asphodel
    Divine Verdict
    Sip of Hemlock
    Rage of Purphoros
    Feral Invocation
    Baleful Eidolon (FOIL)
    Hopeful Eidolon
    Fate Foretold
    Traveler's Amulet
    Boulderfall
    Nemesis of Mortals
    Ordeal of Erebos
    Prowler's Helm
    Sylvan Caryatid
    Forest
 
Pack 1 pick 2:
--> Gray Merchant of Asphodel
    Divine Verdict
    Sip of Hemlock
    Unknown Shores
    Crackling Triton
    Portent of Betrayal
    Commune with the Gods
    Returned Phalanx
    Sedge Scorpion
    Scholar of Athreos
    Ordeal of Thassa
    Mogis's Marauder
    Sealock Monster
    Forest
 
Pack 1 pick 3:
    Loathsome Catoblepas
    Omenspeaker
    March of the Returned
    Scourgemark
    Griptide
    Satyr Rambler
    Leonin Snarecaster
    Akroan Crusader
--> Cavern Lampad
    Dissolve
    Burnished Hart
    Spellheart Chimera
    Swamp
 
Pack 1 pick 4:
    Dragon Mantle
    Bronze Sable
    Breaching Hippocamp
    Aqueous Form
    Spearpoint Oread
    Vulpine Goliath
    Setessan Griffin
    Vaporkin
    Chronicler of Heroes
    Artisan's Sorrow
--> Favored Hoplite
    Forest
 
Pack 1 pick 5:
    Bronze Sable
    Messenger's Speed
    Mnemonic Wall
    Benthic Giant
    Spearpoint Oread
    Unknown Shores
--> Aqueous Form
    Savage Surge
    Horizon Chimera
    Dark Betrayal
    Plains
 
Pack 1 pick 6:
    Fleetfeather Sandals
    Demolish
    Ephara's Warden
    Traveling Philosopher
    Yoked Ox
    Benthic Giant
    Opaline Unicorn
    Ray of Dissolution
--> Prowler's Helm
    Swamp
 
Pack 1 pick 7:
    Fleetfeather Sandals
    Demolish
    Ephara's Warden
    Two-Headed Cerberus
    Annul
    Opaline Unicorn
--> Thassa's Emissary
    Coordinated Assault
    Swamp
 
Pack 1 pick 8:
    Mnemonic Wall
    Viper's Kiss
    Pheres-Band Centaurs
    Spearpoint Oread
    Breaching Hippocamp
--> Vaporkin
    Gainsay
    Island
 
Pack 1 pick 9:
    Sip of Hemlock
    Fate Foretold
    Traveler's Amulet
    Boulderfall
--> Ordeal of Erebos
    Prowler's Helm
    Forest
 
Pack 1 pick 10:
    Unknown Shores
    Crackling Triton
    Commune with the Gods
--> Returned Phalanx
    Mogis's Marauder
    Forest
 
Pack 1 pick 11:
--> Omenspeaker
    March of the Returned
    Satyr Rambler
    Spellheart Chimera
    Swamp
 
Pack 1 pick 12:
    Bronze Sable
    Breaching Hippocamp
--> Aqueous Form
    Forest
 
Pack 1 pick 13:
    Mnemonic Wall
--> Benthic Giant
    Plains
 
Pack 1 pick 14:
--> Demolish
    Swamp
 
Pack 1 pick 15:
--> Swamp
 
------ THS ------
 
Pack 2 pick 1:
    Demolish
--> Nykthos, Shrine to Nyx (FOIL)
    Fleshmad Steed
    Blood-Toll Harpy
    Breaching Hippocamp
    Aqueous Form
    Spearpoint Oread
    Vulpine Goliath
    Borderland Minotaur
    Shredding Winds
    Sea God's Revenge
    Tormented Hero
    Erebos's Emissary
    Bident of Thassa
    Swamp
 
Pack 2 pick 2:
    Nylea's Disciple
    Stymied Hopes
    Nessian Courser
    Feral Invocation
    Fate Foretold
    Thassa's Bounty
    Lagonna-Band Elder
    Priest of Iroas
    Felhide Minotaur
    Borderland Minotaur
    Hunt the Hunter
--> Keepsake Gorgon
    Cutthroat Maneuver
    Forest
 
Pack 2 pick 3:
    Guardians of Meletis
    Battlewise Valor
    Two-Headed Cerberus
    Vulpine Goliath
    Annul
    Titan's Strength
    Yoked Ox
    Triton Shorethief
    Traveler's Amulet
    Kragma Warcaller
--> Dauntless Onslaught
    Flamespeaker Adept
    Island
 
Pack 2 pick 4:
    Stymied Hopes
    Nessian Courser
    Crackling Triton
    Spark Jolt
    Last Breath
--> Scourgemark
    Deathbellow Raider
    Opaline Unicorn
    Akroan Hoplite
    Rescue from the Underworld
    Decorated Griffin
    Forest
 
Pack 2 pick 5:
    Mnemonic Wall
    Viper's Kiss
    Pheres-Band Centaurs
    Satyr Hedonist
    Satyr Rambler
    Leonin Snarecaster
--> Cavern Lampad
    Boulderfall
    Hunt the Hunter
    Destructive Revelry
    Island
 
Pack 2 pick 6:
    Gray Merchant of Asphodel
    Prescient Chimera
    Fleetfeather Sandals
    Pharika's Cure
    Rage of Purphoros
    Returned Centaur
    Voyage's End
    Chronicler of Heroes
--> Shipwreck Singer
    Plains
 
Pack 2 pick 7:
    Bronze Sable
    Messenger's Speed
    Mnemonic Wall
    Yoked Ox
--> Baleful Eidolon
    Annul
    Deathbellow Raider
    Dark Betrayal
    Plains
 
Pack 2 pick 8:
    Ephara's Warden
    Sip of Hemlock
    Stymied Hopes
    Spark Jolt
--> Pharika's Cure
    Opaline Unicorn
    Ray of Dissolution
    Plains
 
Pack 2 pick 9:
    Demolish
    Fleshmad Steed
--> Blood-Toll Harpy
    Breaching Hippocamp
    Borderland Minotaur
    Shredding Winds
    Swamp
 
Pack 2 pick 10:
    Stymied Hopes
--> Felhide Minotaur
    Borderland Minotaur
    Hunt the Hunter
    Cutthroat Maneuver
    Forest
 
Pack 2 pick 11:
--> Annul
    Triton Shorethief
    Kragma Warcaller
    Flamespeaker Adept
    Island
 
Pack 2 pick 12:
    Spark Jolt
--> Last Breath
    Akroan Hoplite
    Forest
 
Pack 2 pick 13:
--> Viper's Kiss
    Boulderfall
    Island
 
Pack 2 pick 14:
--> Returned Centaur
    Plains
 
Pack 2 pick 15:
--> Plains
 
------ THS ------
 
Pack 3 pick 1:
    Fleetfeather Sandals
    Demolish
    Ephara's Warden
    Wingsteed Rider
    Wild Celebrants
    Two-Headed Cerberus
    Time to Feed
    Asphodel Wanderer
    Wavecrash Triton
    Traveler's Amulet
    Magma Jet
--> Thassa's Emissary
    Coordinated Assault
    Arbor Colossus
    Swamp
 
Pack 3 pick 2:
    Gods Willing
    Nessian Courser
    March of the Returned
    Priest of Iroas
    Fade into Antiquity
    Returned Centaur
    Griptide
    Commune with the Gods
--> Disciple of Phenax
    Voyage's End
    Tormented Hero
    Horizon Scholar
    Nylea's Emissary
    Mountain
 
Pack 3 pick 3:
    Loathsome Catoblepas
--> Omenspeaker
    March of the Returned
    Fate Foretold
    Portent of Betrayal
    Defend the Hearth
    Agent of Horizons
    Setessan Griffin
    Vaporkin
    Glare of Heresy
    Nemesis of Mortals
    Warriors' Lesson
    Swamp
 
Pack 3 pick 4:
    Ill-Tempered Cyclops
    Guardians of Meletis
    Battlewise Valor
    Crackling Triton (FOIL)
    Spearpoint Oread
    Unknown Shores
    Boon of Erebos
    Akroan Crusader
    Peak Eruption
--> Triton Fortune Hunter
    Arena Athlete
    Island
 
Pack 3 pick 5:
    Pheres-Band Centaurs
    Nylea's Presence
    Benthic Giant
    Annul
    Traveling Philosopher
    Wild Celebrants
    Scholar of Athreos
    Vanquish the Foul
    Witches' Eye
--> Insatiable Harpy
    Island
 
Pack 3 pick 6:
    Pheres-Band Centaurs
    Nylea's Presence
    Minotaur Skullcleaver
    Battlewise Valor
    Asphodel Wanderer
    Borderland Minotaur
--> Sedge Scorpion
    Kragma Warcaller
    Firedrinker Satyr
    Swamp
 
Pack 3 pick 7:
    Guardians of Meletis
    Prowler's Helm (FOIL)
    Demolish
    Fate Foretold
    Thassa's Bounty
    Lagonna-Band Elder
    Ordeal of Purphoros
--> Insatiable Harpy
    Swamp
 
Pack 3 pick 8:
    Bronze Sable
    Messenger's Speed
    Annul
    Silent Artisan
    Akroan Crusader
--> Cavern Lampad
    Rageblood Shaman
    Plains
 
Pack 3 pick 9:
    Fleetfeather Sandals
    Ephara's Warden
    Wild Celebrants
    Two-Headed Cerberus
    Asphodel Wanderer
--> Coordinated Assault
    Swamp
 
Pack 3 pick 10:
    March of the Returned
    Priest of Iroas
    Returned Centaur
--> Griptide
    Commune with the Gods
    Mountain
 
Pack 3 pick 11:
    Fate Foretold
    Defend the Hearth
--> Agent of Horizons
    Setessan Griffin
    Swamp
 
Pack 3 pick 12:
    Guardians of Meletis
--> Spearpoint Oread
    Peak Eruption
    Island
 
Pack 3 pick 13:
--> Nylea's Presence
    Witches' Eye
    Island
 
Pack 3 pick 14:
--> Borderland Minotaur
    Swamp
 
Pack 3 pick 15:
--> Swamp
 
