Event #: 6184906
Time:    10/26/2013 5:14:41 PM
Players: 
    Edo murasaki
    Maraxus13
    pastyandcider
    Kwebel
--> malthrin
    MushroomBlack
    Minitauro
    HAIRYTEETH69
 
------ THS ------
 
Pack 1 pick 1:
    Sip of Hemlock
    Peak Eruption (FOIL)
    Ill-Tempered Cyclops
    Crackling Triton
    Portent of Betrayal
    Commune with the Gods
    Returned Phalanx
    Lagonna-Band Elder
    Akroan Crusader
    Cavern Lampad
    Ordeal of Purphoros
    Cutthroat Maneuver
    Decorated Griffin
--> Anax and Cymede
    Forest
 
Pack 1 pick 2:
    Fleshmad Steed
    Cavalry Pegasus
    Nylea's Disciple
    Stymied Hopes
    Nessian Courser
    Vulpine Goliath
    Asphodel Wanderer
    Voyaging Satyr
--> Deathbellow Raider
    Savage Surge
    Battlewise Hoplite
    Vanquish the Foul
    Satyr Piper
    Swamp
 
Pack 1 pick 3:
    Lash of the Whip
    Minotaur Skullcleaver
    Chosen by Heliod
    Time to Feed
    Baleful Eidolon
    Traveling Philosopher
--> Two-Headed Cerberus
    Aqueous Form
    Akroan Crusader
    Savage Surge
    Glare of Heresy
    Triton Fortune Hunter
    Mountain
 
Pack 1 pick 4:
    Ephara's Warden
    Fleshmad Steed
    Nylea's Disciple
--> Wingsteed Rider
    Two-Headed Cerberus
    Vulpine Goliath
    Annul
    Felhide Minotaur
    Shredding Winds
    Horizon Chimera
    Coordinated Assault
    Swamp
 
Pack 1 pick 5:
    Bronze Sable
    Messenger's Speed
    Mnemonic Wall
    Yoked Ox
    Benthic Giant
    Voyaging Satyr
--> Spearpoint Oread
    Boon of Erebos
    Akroan Crusader
    Ordeal of Thassa
    Plains
 
Pack 1 pick 6:
    Loathsome Catoblepas
    March of the Returned
    Priest of Iroas
    Fade into Antiquity
    Returned Centaur
    Sedge Scorpion
    Scholar of Athreos
    Evangel of Heliod
--> Fanatic of Mogis
    Island
 
Pack 1 pick 7:
    Fleshmad Steed
    Nylea's Disciple
    Stymied Hopes
    Commune with the Gods
--> Spark Jolt
    Dissolve
    Peak Eruption
    Prowler's Helm
    Swamp
 
Pack 1 pick 8:
    Asphodel Wanderer
    Silent Artisan
    Traveling Philosopher
--> Setessan Battle Priest
    Triton Shorethief
    Decorated Griffin
    Flamespeaker Adept
    Mountain
 
Pack 1 pick 9:
    Peak Eruption (FOIL)
    Crackling Triton
    Commune with the Gods
    Lagonna-Band Elder
--> Akroan Crusader
    Decorated Griffin
    Forest
 
Pack 1 pick 10:
--> Fleshmad Steed
    Stymied Hopes
    Vulpine Goliath
    Savage Surge
    Satyr Piper
    Swamp
 
Pack 1 pick 11:
    Traveling Philosopher
    Aqueous Form
--> Akroan Crusader
    Glare of Heresy
    Mountain
 
Pack 1 pick 12:
    Fleshmad Steed
--> Two-Headed Cerberus
    Shredding Winds
    Swamp
 
Pack 1 pick 13:
--> Messenger's Speed
    Yoked Ox
    Plains
 
Pack 1 pick 14:
--> Priest of Iroas
    Island
 
Pack 1 pick 15:
--> Swamp
 
------ THS ------
 
Pack 2 pick 1:
    Ill-Tempered Cyclops
    Guardians of Meletis
--> Battlewise Valor
    Leonin Snarecaster
    Feral Invocation
    Fate Foretold
    Thassa's Bounty
    Lagonna-Band Elder
    Cavern Lampad
    Boulderfall
    Anvilwrought Raptor
    Centaur Battlemaster
    Sealock Monster
    Prognostic Sphinx
    Plains
 
Pack 2 pick 2:
    Lash of the Whip
    Messenger's Speed
    Gods Willing
    Ordeal of Thassa (FOIL)
    Scourgemark
    Griptide
    Satyr Hedonist
    Satyr Rambler
    Deathbellow Raider
    Opaline Unicorn
--> Heliod's Emissary
    Shipwreck Singer
    Nighthowler
    Mountain
 
Pack 2 pick 3:
    Minotaur Skullcleaver
    Battlewise Valor
--> Spearpoint Oread
    Vulpine Goliath
    Yoked Ox
    Baleful Eidolon
    Annul
    Borderland Minotaur
    Scholar of Athreos
    Chronicler of Heroes
    Ordeal of Nylea
    Polis Crusher
    Island
 
Pack 2 pick 4:
    Ephara's Warden
    Fleshmad Steed
    Blood-Toll Harpy
    Benthic Giant
    Spearpoint Oread
    Unknown Shores
    Wavecrash Triton
    Traveler's Amulet
    Peak Eruption
--> Arena Athlete
    Colossus of Akros
    Swamp
 
Pack 2 pick 5:
    Nylea's Disciple
    Lash of the Whip
    Messenger's Speed
--> Gods Willing
    Gray Merchant of Asphodel
    Satyr Rambler
    Leonin Snarecaster
    Deathbellow Raider
    Magma Jet
    Shipwreck Singer
    Mountain
 
Pack 2 pick 6:
    March of the Returned
    Returned Phalanx
    Lagonna-Band Elder
    Lost in a Labyrinth
    Pharika's Cure
    Setessan Battle Priest
    Tormented Hero
    Dark Betrayal
--> Gift of Immortality
    Island
 
Pack 2 pick 7:
--> Dragon Mantle
    Omenspeaker
    Gray Merchant of Asphodel
    Satyr Hedonist
    Satyr Rambler
    Leonin Snarecaster
    Setessan Battle Priest
    Pharika's Mender
    Mountain
 
Pack 2 pick 8:
    Chosen by Heliod
    Pheres-Band Centaurs
    Lost in a Labyrinth
    Rage of Purphoros
    Feral Invocation
    Returned Centaur
--> Fanatic of Mogis
    Plains
 
Pack 2 pick 9:
    Guardians of Meletis
    Feral Invocation
    Fate Foretold
    Lagonna-Band Elder
    Boulderfall
--> Anvilwrought Raptor
    Plains
 
Pack 2 pick 10:
    Messenger's Speed
    Scourgemark
    Satyr Hedonist
    Satyr Rambler
--> Deathbellow Raider
    Mountain
 
Pack 2 pick 11:
--> Minotaur Skullcleaver
    Yoked Ox
    Annul
    Chronicler of Heroes
    Island
 
Pack 2 pick 12:
--> Ephara's Warden
    Fleshmad Steed
    Peak Eruption
    Swamp
 
Pack 2 pick 13:
    Messenger's Speed
--> Satyr Rambler
    Mountain
 
Pack 2 pick 14:
--> March of the Returned
    Island
 
Pack 2 pick 15:
--> Mountain
 
------ THS ------
 
Pack 3 pick 1:
    Demolish
    Leafcrown Dryad
    Gods Willing
    Last Breath
    Scourgemark
    Griptide
    Satyr Hedonist
    Satyr Rambler
    Setessan Battle Priest
    Triton Shorethief
--> Ordeal of Heliod
    Hunt the Hunter
    Evangel of Heliod
    Meletis Charlatan
    Island
 
Pack 3 pick 2:
--> Dragon Mantle
    Omenspeaker
    Last Breath
    Unknown Shores
    Crackling Triton
    Portent of Betrayal
    Commune with the Gods
    Cavern Lampad
    Boulderfall
    Akroan Hoplite
    Decorated Griffin
    Flamespeaker Adept
    Anthousa, Setessan Hero
    Mountain
 
Pack 3 pick 3:
    Griptide (FOIL)
    Fleetfeather Sandals
    Demolish
    Returned Centaur
    Griptide
    Commune with the Gods
--> Hopeful Eidolon
    Spark Jolt
    Setessan Griffin
    Disciple of Phenax
    Karametra's Acolyte
    Phalanx Leader
    Island
 
Pack 3 pick 4:
    Messenger's Speed
    Mnemonic Wall
--> Cavalry Pegasus
    Feral Invocation
    Returned Centaur
    Fate Foretold
    Spearpoint Oread (FOIL)
    Disciple of Phenax
    Voyage's End
    Nemesis of Mortals
    Triton Tactics
    Plains
 
Pack 3 pick 5:
    Nylea's Disciple
    Lash of the Whip
    Messenger's Speed
    Returned Phalanx
    Coastline Chimera
    Pharika's Cure
    Defend the Hearth
--> Leonin Snarecaster
    Shredding Winds
    Boulderfall
    Mountain
 
Pack 3 pick 6:
    Omenspeaker
    Coastline Chimera
--> Pharika's Cure
    Defend the Hearth
    Leonin Snarecaster
    Triton Shorethief
    Traveler's Amulet
    Chronicler of Heroes
    Evangel of Heliod
    Island
 
Pack 3 pick 7:
--> Chosen by Heliod
    Pheres-Band Centaurs
    Defend the Hearth
    Priest of Iroas
    Thassa's Bounty
    Felhide Minotaur
    Shredding Winds
    Arena Athlete
    Plains
 
Pack 3 pick 8:
    Fleshmad Steed
--> Cavalry Pegasus
    Priest of Iroas
    Thassa's Bounty
    Lost in a Labyrinth
    Setessan Battle Priest (FOIL)
    Peak Eruption
    Swamp
 
Pack 3 pick 9:
    Demolish
    Satyr Hedonist
    Satyr Rambler
    Setessan Battle Priest
    Triton Shorethief
--> Evangel of Heliod
    Island
 
Pack 3 pick 10:
    Crackling Triton
--> Portent of Betrayal
    Boulderfall
    Akroan Hoplite
    Decorated Griffin
    Mountain
 
Pack 3 pick 11:
--> Fleetfeather Sandals
    Demolish
    Commune with the Gods
    Setessan Griffin
    Island
 
Pack 3 pick 12:
    Messenger's Speed
--> Mnemonic Wall
    Fate Foretold
    Plains
 
Pack 3 pick 13:
    Messenger's Speed
--> Boulderfall
    Mountain
 
Pack 3 pick 14:
--> Chronicler of Heroes
    Island
 
Pack 3 pick 15:
--> Plains
 
