Event #: 6186011
Time:    10/26/2013 8:28:49 PM
Players: 
    CroissantNinjaStar
    DarthVadas
    Rahrahrah
    Suace
    mtycomics
--> malthrin
    destino88
    Zabaron
 
------ THS ------
 
Pack 1 pick 1:
    Nylea's Presence
    Minotaur Skullcleaver
    Nimbus Naiad
    Thassa's Bounty
    Lost in a Labyrinth
    Agent of Horizons
    Fade into Antiquity
    Satyr Rambler
    Shredding Winds
    Boon of Erebos
    Glare of Heresy
    Destructive Revelry
--> Thassa's Emissary
    Medomai the Ageless
    Swamp
 
Pack 1 pick 2:
    Loathsome Catoblepas
    Nylea's Presence
    Fleetfeather Sandals
    Portent of Betrayal
--> Observant Alseid
    Defend the Hearth
    Agent of Horizons
    Crackling Triton
    Opaline Unicorn
    Staunch-Hearted Warrior
    Ordeal of Purphoros
    Arena Athlete
    Warriors' Lesson
    Swamp
 
Pack 1 pick 3:
    Omenspeaker
    March of the Returned
    Lightning Strike
    Fleshmad Steed
    Scourgemark
--> Griptide
    Satyr Hedonist
    Satyr Rambler
    Staunch-Hearted Warrior
    Scholar of Athreos
    Vanquish the Foul
    Erebos's Emissary
    Mountain
 
Pack 1 pick 4:
    Nylea's Presence
    Fleetfeather Sandals
    Agent of Horizons
    Fade into Antiquity
    Satyr Rambler
    Observant Alseid
    Scourgemark
    Opaline Unicorn
    Ray of Dissolution
    Peak Eruption
--> Triton Tactics
    Swamp
 
Pack 1 pick 5:
--> Nimbus Naiad
    Lash of the Whip
    Unknown Shores
    Crackling Triton
    Portent of Betrayal
    Commune with the Gods
    Returned Phalanx
    Borderland Minotaur
    Sedge Scorpion
    Decorated Griffin
    Forest
 
Pack 1 pick 6:
    Messenger's Speed
    Mnemonic Wall
    Cavalry Pegasus
    Rage of Purphoros
    Returned Centaur
    Fate Foretold
    Ray of Dissolution
    Akroan Hoplite
--> Triton Fortune Hunter
    Island
 
Pack 1 pick 7:
    Dragon Mantle
--> Omenspeaker
    Last Breath
    Unknown Shores
    Portent of Betrayal
    Traveler's Amulet
    Boulderfall
    Mogis's Marauder
    Forest
 
Pack 1 pick 8:
    Viper's Kiss
    Commune with the Gods
--> Hopeful Eidolon
    Ill-Tempered Cyclops (FOIL)
    Returned Phalanx
    Setessan Battle Priest
    Kragma Warcaller
    Island
 
Pack 1 pick 9:
    Minotaur Skullcleaver
    Thassa's Bounty
    Lost in a Labyrinth
    Satyr Rambler
--> Shredding Winds
    Glare of Heresy
    Swamp
 
Pack 1 pick 10:
    Loathsome Catoblepas
    Portent of Betrayal
    Defend the Hearth
--> Agent of Horizons
    Warriors' Lesson
    Swamp
 
Pack 1 pick 11:
    March of the Returned
--> Fleshmad Steed
    Scourgemark
    Satyr Rambler
    Mountain
 
Pack 1 pick 12:
    Satyr Rambler
--> Ray of Dissolution
    Peak Eruption
    Swamp
 
Pack 1 pick 13:
--> Portent of Betrayal
    Borderland Minotaur
    Forest
 
Pack 1 pick 14:
--> Messenger's Speed
    Island
 
Pack 1 pick 15:
--> Forest
 
------ THS ------
 
Pack 2 pick 1:
    Cavalry Pegasus
    Nylea's Disciple
    Stymied Hopes
    Nessian Courser
    Lash of the Whip
    Leonin Snarecaster
    Feral Invocation
    Fate Foretold
    Felhide Minotaur
    Borderland Minotaur
    Karametra's Acolyte
    Purphoros's Emissary
--> Nylea's Emissary
    Triad of Fates
    Forest
 
Pack 2 pick 2:
    Battlewise Valor
    Nessian Asp
    Viper's Kiss
    Observant Alseid
    Scourgemark
    Coastline Chimera
    Rage of Purphoros
    Satyr Hedonist
--> Vaporkin
    Setessan Battle Priest
    Artisan's Sorrow
    Coordinated Assault
    Spellheart Chimera
    Mountain
 
Pack 2 pick 3:
    Dragon Mantle
    Omenspeaker
    Gray Merchant of Asphodel
    Fade into Antiquity
    Returned Centaur
--> Griptide
    Commune with the Gods
    Hopeful Eidolon
    Sedge Scorpion
    Scholar of Athreos
    Dauntless Onslaught
    Agent of the Fates
    Forest
 
Pack 2 pick 4:
    Guardians of Meletis
    Loathsome Catoblepas
    Pharika's Cure
    Defend the Hearth
    Leonin Snarecaster
    Priest of Iroas
    Read the Bones
    Deathbellow Raider
--> Savage Surge
    Anvilwrought Raptor
    Insatiable Harpy
    Swamp
 
Pack 2 pick 5:
    Sip of Hemlock
    Commune with the Gods
    Returned Phalanx
    Lagonna-Band Elder
    Lost in a Labyrinth
    Pharika's Cure
    Savage Surge
    Disciple of Phenax
    Anvilwrought Raptor
--> Akroan Horse
    Plains
 
Pack 2 pick 6:
    Chosen by Heliod
    Mnemonic Wall
    Thassa's Bounty
    Fade into Antiquity
    Returned Centaur
--> Shredding Winds
    Boon of Erebos
    Ordeal of Erebos
    Witches' Eye
    Plains
 
Pack 2 pick 7:
    Sip of Hemlock
    Ill-Tempered Cyclops
    Returned Centaur
--> Fate Foretold
    Felhide Minotaur
    Shredding Winds
    Hunt the Hunter
    Destructive Revelry
    Plains
 
Pack 2 pick 8:
    Demolish
    Fleshmad Steed
--> Coastline Chimera
    Rage of Purphoros
    Satyr Hedonist
    Read the Bones
    Cutthroat Maneuver
    Mountain
 
Pack 2 pick 9:
    Stymied Hopes
--> Nessian Courser
    Lash of the Whip
    Leonin Snarecaster
    Fate Foretold
    Borderland Minotaur
    Forest
 
Pack 2 pick 10:
    Scourgemark
--> Rage of Purphoros
    Satyr Hedonist
    Setessan Battle Priest
    Spellheart Chimera
    Mountain
 
Pack 2 pick 11:
    Dragon Mantle
    Returned Centaur
    Commune with the Gods
--> Sedge Scorpion
    Forest
 
Pack 2 pick 12:
--> Pharika's Cure
    Defend the Hearth
    Anvilwrought Raptor
    Swamp
 
Pack 2 pick 13:
    Commune with the Gods
--> Lost in a Labyrinth
    Plains
 
Pack 2 pick 14:
--> Thassa's Bounty
    Plains
 
Pack 2 pick 15:
--> Plains
 
------ THS ------
 
Pack 3 pick 1:
    Prescient Chimera
    Fleetfeather Sandals
    Ill-Tempered Cyclops
    Guardians of Meletis
    Wingsteed Rider
    Spearpoint Oread
    Breaching Hippocamp
    Vulpine Goliath
    Disciple of Phenax
    Ray of Dissolution
    Tormented Hero
    Ordeal of Nylea
--> Thassa's Emissary
    Akroan Horse
    Island
 
Pack 3 pick 2:
    Lightning Strike
    Pheres-Band Centaurs
    Divine Verdict
    Wingsteed Rider
    Wild Celebrants
--> Bident of Thassa (FOIL)
    Time to Feed
    Asphodel Wanderer
    Scholar of Athreos
    Disciple of Phenax
    Burnished Hart
    Evangel of Heliod
    Fanatic of Mogis
    Swamp
 
Pack 3 pick 3:
    Gods Willing
    Gray Merchant of Asphodel
    Prescient Chimera
    Thassa's Bounty
    Priest of Iroas
    Fade into Antiquity
    Returned Centaur
    Staunch-Hearted Warrior
    Boon of Erebos
--> Horizon Chimera
    Heliod's Emissary
    Witches' Eye
    Plains
 
Pack 3 pick 4:
    Minotaur Skullcleaver
--> Nimbus Naiad
    Battlewise Valor
    Blood-Toll Harpy
    Benthic Giant
    Spearpoint Oread
    Unknown Shores
    Setessan Griffin
    Triton Shorethief
    Artisan's Sorrow
    Dauntless Onslaught
    Mountain
 
Pack 3 pick 5:
    Mnemonic Wall
    Cavalry Pegasus
    Loathsome Catoblepas
    Annul
    Titan's Strength
    Yoked Ox
    Wild Celebrants
--> Shredding Winds
    Peak Eruption
    Pyxis of Pandemonium
    Swamp
 
Pack 3 pick 6:
    Battlewise Valor
    Viper's Kiss
--> Feral Invocation
    Fate Foretold
    Thassa's Bounty
    Priest of Iroas
    Boulderfall
    Chronicler of Heroes
    Artisan's Sorrow
    Mountain
 
Pack 3 pick 7:
    Demolish
    Ephara's Warden
    Fleshmad Steed
--> Griptide
    Satyr Hedonist
    Borderland Minotaur
    Scholar of Athreos
    Cutthroat Maneuver
    Mountain
 
Pack 3 pick 8:
    Satyr Hedonist
    Read the Bones
    Last Breath
    Shredding Winds
    Boulderfall
--> Shipwreck Singer
    Sentry of the Underworld
    Plains
 
Pack 3 pick 9:
    Fleetfeather Sandals
    Ill-Tempered Cyclops
    Guardians of Meletis
    Breaching Hippocamp
--> Disciple of Phenax
    Ray of Dissolution
    Island
 
Pack 3 pick 10:
    Pheres-Band Centaurs
    Wild Celebrants
    Scholar of Athreos
--> Disciple of Phenax
    Fanatic of Mogis
    Swamp
 
Pack 3 pick 11:
--> Prescient Chimera
    Thassa's Bounty
    Fade into Antiquity
    Staunch-Hearted Warrior
    Plains
 
Pack 3 pick 12:
--> Spearpoint Oread
    Setessan Griffin
    Triton Shorethief
    Mountain
 
Pack 3 pick 13:
--> Mnemonic Wall
    Peak Eruption
    Swamp
 
Pack 3 pick 14:
--> Boulderfall
    Mountain
 
Pack 3 pick 15:
--> Mountain
 
