Event #: 6186989
Time:    10/26/2013 10:23:25 PM
Players: 
    dworkin
    NDM
    embu
    vobrewhag
--> Arakasius
    hoffnung2
    k3n5h1n
    mackasmack
 
------ THS ------
 
Pack 1 pick 1:
    Setessan Battle Priest (FOIL)
    Sip of Hemlock
    Stymied Hopes
    Spearpoint Oread
    Vulpine Goliath
    Yoked Ox
    Baleful Eidolon
    Annul
    Boon of Erebos
    Vaporkin
    Vanquish the Foul
    Akroan Hoplite
    Nylea's Emissary
--> Daxos of Meletis
    Swamp
 
Pack 1 pick 2:
    Ephara's Warden
    Sip of Hemlock
    Stymied Hopes
    Annul
    Traveling Philosopher
    Wild Celebrants
    Silent Artisan
    Rescue from the Underworld (FOIL)
    Cavern Lampad
    Rescue from the Underworld
--> Favored Hoplite
    Coordinated Assault
    Gift of Immortality
    Swamp
 
Pack 1 pick 3:
    Nylea's Disciple
    Stymied Hopes
    Returned Phalanx
    Coastline Chimera
    Pharika's Cure
    Defend the Hearth
    Leonin Snarecaster
    Deathbellow Raider
    Borderland Minotaur
--> Dissolve
    Burnished Hart
    Cutthroat Maneuver
    Plains
 
Pack 1 pick 4:
    Pheres-Band Centaurs
    Guardians of Meletis
--> Baleful Eidolon
    Benthic Giant
    Annul
    Traveling Philosopher
    Wild Celebrants
    Traveler's Amulet
    Akroan Crusader
    Gainsay
    Stoneshock Giant
    Mountain
 
Pack 1 pick 5:
    Messenger's Speed
    Mnemonic Wall
    Cavalry Pegasus
    Loathsome Catoblepas
    Nylea's Presence
    Rage of Purphoros
    Deathbellow Raider
    Borderland Minotaur
--> Ordeal of Heliod
    Erebos's Emissary
    Mountain
 
Pack 1 pick 6:
    Gray Merchant of Asphodel
    Divine Verdict
    Sip of Hemlock
    Fate Foretold
    Portent of Betrayal
--> Observant Alseid
    Defend the Hearth
    Borderland Minotaur
    Anvilwrought Raptor
    Swamp
 
Pack 1 pick 7:
--> Prescient Chimera
    Fleetfeather Sandals
    Aqueous Form
    Asphodel Wanderer
    Vulpine Goliath
    Setessan Griffin
    Spellheart Chimera
    Evangel of Heliod
    Swamp
 
Pack 1 pick 8:
    Nylea's Disciple
    Blood-Toll Harpy
    Benthic Giant
    Spearpoint Oread
    Unknown Shores
    Felhide Minotaur
--> Dissolve
    Plains
 
Pack 1 pick 9:
    Setessan Battle Priest (FOIL)
    Sip of Hemlock
    Stymied Hopes
    Yoked Ox
--> Annul
    Boon of Erebos
    Swamp
 
Pack 1 pick 10:
--> Ephara's Warden
    Stymied Hopes
    Annul
    Silent Artisan
    Rescue from the Underworld
    Swamp
 
Pack 1 pick 11:
    Stymied Hopes
    Returned Phalanx
--> Coastline Chimera
    Defend the Hearth
    Plains
 
Pack 1 pick 12:
    Benthic Giant
    Wild Celebrants
--> Gainsay
    Mountain
 
Pack 1 pick 13:
    Messenger's Speed
--> Borderland Minotaur
    Mountain
 
Pack 1 pick 14:
--> Defend the Hearth
    Swamp
 
Pack 1 pick 15:
--> Swamp
 
------ THS ------
 
Pack 2 pick 1:
    Stymied Hopes
    Nessian Courser
    Lash of the Whip
    Yoked Ox
    Blood-Toll Harpy
    Benthic Giant
    Voyaging Satyr
    Spearpoint Oread
    Sedge Scorpion
    Scholar of Athreos
--> Phalanx Leader
    Warriors' Lesson
    Cutthroat Maneuver
    Pyxis of Pandemonium
    Island
 
Pack 2 pick 2:
    Divine Verdict
    Sip of Hemlock
    Bronze Sable
    Commune with the Gods
    Returned Phalanx
    Lagonna-Band Elder
    Lost in a Labyrinth
    Ray of Dissolution
--> Vaporkin
    Mogis's Marauder
    Horizon Chimera
    Prowler's Helm
    Triad of Fates
    Swamp
 
Pack 2 pick 3:
    Fleshmad Steed
    Cavalry Pegasus
    Aqueous Form
    Silent Artisan
--> Wingsteed Rider
    Spearpoint Oread
    Ray of Dissolution
    Vaporkin
    Ordeal of Erebos
    Kragma Warcaller
    Sentry of the Underworld
    Artisan of Forms
    Forest
 
Pack 2 pick 4:
    Ill-Tempered Cyclops
    Chosen by Heliod
    Crackling Triton
    Portent of Betrayal
    Commune with the Gods
    Returned Phalanx
    Lagonna-Band Elder
    Setessan Battle Priest
    Traveler's Amulet
--> Ordeal of Thassa
    Dauntless Onslaught
    Mountain
 
Pack 2 pick 5:
    Guardians of Meletis
    Battlewise Valor
    Scourgemark
--> Griptide
    Satyr Hedonist
    Satyr Rambler
    Leonin Snarecaster
    Scholar of Athreos
    Ordeal of Erebos
    Sentry of the Underworld
    Mountain
 
Pack 2 pick 6:
    Ephara's Warden
    Fleshmad Steed
    Portent of Betrayal
--> Lagonna-Band Elder
    Lost in a Labyrinth
    Staunch-Hearted Warrior
    Chronicler of Heroes
    Dissolve
    Dark Betrayal
    Forest
 
Pack 2 pick 7:
    Battlewise Valor
    Viper's Kiss
    Fade into Antiquity
    Satyr Rambler
    Observant Alseid
    Scourgemark
    Setessan Griffin
--> Heliod's Emissary
    Plains
 
Pack 2 pick 8:
    Loathsome Catoblepas
    March of the Returned
    Spearpoint Oread
    Asphodel Wanderer
    Borderland Minotaur
--> Dissolve
    Cutthroat Maneuver
    Forest
 
Pack 2 pick 9:
    Stymied Hopes
--> Yoked Ox
    Benthic Giant
    Scholar of Athreos
    Cutthroat Maneuver
    Pyxis of Pandemonium
    Island
 
Pack 2 pick 10:
    Bronze Sable
    Commune with the Gods
    Lost in a Labyrinth
--> Ray of Dissolution
    Horizon Chimera
    Swamp
 
Pack 2 pick 11:
    Cavalry Pegasus
--> Aqueous Form
    Silent Artisan
    Sentry of the Underworld
    Forest
 
Pack 2 pick 12:
    Crackling Triton
--> Lagonna-Band Elder
    Setessan Battle Priest
    Mountain
 
Pack 2 pick 13:
    Satyr Rambler
--> Leonin Snarecaster
    Mountain
 
Pack 2 pick 14:
--> Lost in a Labyrinth
    Forest
 
Pack 2 pick 15:
--> Plains
 
------ THS ------
 
Pack 3 pick 1:
    Pheres-Band Centaurs
    Nylea's Presence
    Minotaur Skullcleaver
    Nimbus Naiad
    Baleful Eidolon
    Benthic Giant
    Annul
    Traveling Philosopher
    Deathbellow Raider
    Savage Surge
    Ordeal of Erebos
    Horizon Chimera
    Witches' Eye
--> Nykthos, Shrine to Nyx
    Forest
 
Pack 3 pick 2:
    Demolish
    Gods Willing
    Vulpine Goliath
    Annul
    Titan's Strength
    Yoked Ox
    Voyaging Satyr
    Vaporkin
    Deathbellow Raider
    Heliod's Emissary
--> Triton Tactics
    Insatiable Harpy
    Titan of Eternal Fire
    Plains
 
Pack 3 pick 3:
    Nessian Courser
    March of the Returned
    Dragon Mantle
    Griptide
    Commune with the Gods
--> Hopeful Eidolon
    Spark Jolt
    Returned Phalanx
    Borderland Minotaur
    Rescue from the Underworld
    Nylea's Emissary
    Tymaret, the Murder King
    Island
 
Pack 3 pick 4:
    Sip of Hemlock
    Stymied Hopes
    Coastline Chimera
    Pharika's Cure
    Defend the Hearth
    Leonin Snarecaster
    Triton Shorethief
    Traveler's Amulet
    Kragma Warcaller
--> Shipwreck Singer
    Steam Augury
    Mountain
 
Pack 3 pick 5:
    Bronze Sable
    Ephara's Warden
    Wild Celebrants
--> Benthic Giant
    Time to Feed
    Baleful Eidolon
    Boon of Erebos
    Setessan Griffin
    Gainsay
    Psychic Intrusion
    Swamp
 
Pack 3 pick 6:
--> Divine Verdict
    Guardians of Meletis
    Returned Phalanx
    Coastline Chimera
    Pharika's Cure
    Defend the Hearth
    Destructive Revelry
    Artisan's Sorrow
    Flamecast Wheel
    Forest
 
Pack 3 pick 7:
    Viper's Kiss
    Pheres-Band Centaurs
    Yoked Ox
    Voyaging Satyr
    Wild Celebrants
    Benthic Giant
    Ray of Dissolution
--> Glare of Heresy
    Mountain
 
Pack 3 pick 8:
    Fleshmad Steed
--> Crackling Triton
    Spark Jolt
    Scourgemark
    Boulderfall
    Destructive Revelry
    Arena Athlete
    Plains
 
Pack 3 pick 9:
    Benthic Giant
    Annul
--> Traveling Philosopher
    Deathbellow Raider
    Horizon Chimera
    Witches' Eye
    Forest
 
Pack 3 pick 10:
    Demolish
--> Vulpine Goliath
    Annul
    Titan's Strength
    Yoked Ox
    Plains
 
Pack 3 pick 11:
    March of the Returned
    Commune with the Gods
--> Spark Jolt
    Rescue from the Underworld
    Island
 
Pack 3 pick 12:
--> Stymied Hopes
    Triton Shorethief
    Steam Augury
    Mountain
 
Pack 3 pick 13:
--> Bronze Sable
    Ephara's Warden
    Swamp
 
Pack 3 pick 14:
--> Defend the Hearth
    Forest
 
Pack 3 pick 15:
--> Mountain
 
