Event #: 6231055
Time:    11/2/2013 2:49:38 PM
Players: 
    Bibble163
    maaster
    yamahama
    mrbig1479
    Mr B
    BaszskiBuble
--> malthrin
    JJMorris
 
------ THS ------
 
Pack 1 pick 1:
    Mnemonic Wall
    Viper's Kiss
    Lightning Strike
    Aqueous Form
    Spearpoint Oread
    Vulpine Goliath
    Yoked Ox
    Baleful Eidolon
    Disciple of Phenax
    Voyage's End
    Anvilwrought Raptor
    Flamecast Wheel
    Erebos's Emissary
--> Whip of Erebos
    Plains
 
Pack 1 pick 2:
    Dragon Mantle
--> Nessian Asp
    Bronze Sable
    Vulpine Goliath
    Yoked Ox
    Baleful Eidolon
    Annul
    Wingsteed Rider
    Setessan Battle Priest
    Triton Shorethief
    Phalanx Leader
    Peak Eruption
    Sealock Monster
    Forest
 
Pack 1 pick 3:
--> Lash of the Whip
    Messenger's Speed
    Gods Willing
    Asphodel Wanderer
    Two-Headed Cerberus
    Vulpine Goliath
    Annul
    Akroan Crusader
    Savage Surge
    Battlewise Hoplite
    Spellheart Chimera
    Pyxis of Pandemonium
    Forest
 
Pack 1 pick 4:
    Viper's Kiss
    Dragon Mantle
    Omenspeaker
--> Gray Merchant of Asphodel
    Divine Verdict
    Vulpine Goliath
    Annul
    Titan's Strength
    Felhide Minotaur
    Borderland Minotaur
    Chronicler of Heroes
    Forest
 
Pack 1 pick 5:
    Prescient Chimera
    Demolish
--> Leafcrown Dryad
    Time to Feed
    Breaching Hippocamp
    Aqueous Form
    Traveler's Amulet
    Rescue from the Underworld
    Sentry of the Underworld
    Temple of Abandon
    Swamp
 
Pack 1 pick 6:
    Pheres-Band Centaurs
    Dissolve (FOIL)
    Guardians of Meletis
    Commune with the Gods
    Spark Jolt
    Savage Surge
    Vanquish the Foul
    Akroan Hoplite
--> Pharika's Mender
    Island
 
Pack 1 pick 7:
--> Fleshmad Steed
    Nylea's Disciple
    Crackling Triton
    Portent of Betrayal
    Commune with the Gods
    Returned Phalanx
    Lagonna-Band Elder
    Hunt the Hunter
    Mountain
 
Pack 1 pick 8:
    Thassa's Bounty
    Lagonna-Band Elder
    Priest of Iroas
    Fade into Antiquity
    Returned Centaur
--> Sedge Scorpion
    Scholar of Athreos
    Forest
 
Pack 1 pick 9:
    Mnemonic Wall
    Aqueous Form
--> Vulpine Goliath
    Yoked Ox
    Anvilwrought Raptor
    Flamecast Wheel
    Plains
 
Pack 1 pick 10:
    Bronze Sable
--> Annul
    Setessan Battle Priest
    Triton Shorethief
    Peak Eruption
    Forest
 
Pack 1 pick 11:
    Annul
--> Akroan Crusader
    Spellheart Chimera
    Pyxis of Pandemonium
    Forest
 
Pack 1 pick 12:
--> Viper's Kiss
    Vulpine Goliath
    Borderland Minotaur
    Forest
 
Pack 1 pick 13:
    Demolish
--> Traveler's Amulet
    Swamp
 
Pack 1 pick 14:
--> Commune with the Gods
    Island
 
Pack 1 pick 15:
--> Mountain
 
------ THS ------
 
Pack 2 pick 1:
    Nimbus Naiad
    Battlewise Valor
--> Nessian Asp
    Unknown Shores
    Aqueous Form
    Asphodel Wanderer
    Wingsteed Rider
    Two-Headed Cerberus
    Staunch-Hearted Warrior
    Scholar of Athreos
    Centaur Battlemaster
    Dark Betrayal
    Satyr Piper
    Titan of Eternal Fire
    Mountain
 
Pack 2 pick 2:
    Pheres-Band Centaurs
    Divine Verdict
    Guardians of Meletis
    Leonin Snarecaster
    Feral Invocation
    Fate Foretold
    Thassa's Bounty
    Lagonna-Band Elder
    Setessan Griffin
--> Disciple of Phenax
    Magma Jet
    Coordinated Assault
    Prognostic Sphinx
    Island
 
Pack 2 pick 3:
    Bronze Sable
    Messenger's Speed
    Mnemonic Wall
--> Baleful Eidolon
    Annul
    Wild Celebrants
    Two-Headed Cerberus
    Triton Shorethief
    Cavern Lampad
    Peak Eruption
    Evangel of Heliod
    Flamecast Wheel
    Plains
 
Pack 2 pick 4:
    Guardians of Meletis
    Prescient Chimera
    Demolish
--> Leafcrown Dryad
    Silent Artisan
    Spearpoint Oread
    Deathbellow Raider
    Opaline Unicorn
    Gainsay
    Dark Betrayal
    Sealock Monster
    Swamp
 
Pack 2 pick 5:
    Rage of Purphoros (FOIL)
    Cavalry Pegasus
    Two-Headed Cerberus
    Vulpine Goliath
    Annul
    Titan's Strength
    Yoked Ox
    Voyage's End
    Staunch-Hearted Warrior
--> Nylea's Emissary
    Mountain
 
Pack 2 pick 6:
    Fleshmad Steed
--> Nylea's Disciple
    Coastline Chimera
    Rage of Purphoros
    Satyr Hedonist
    Deathbellow Raider
    Savage Surge
    Akroan Hoplite
    Warriors' Lesson
    Mountain
 
Pack 2 pick 7:
    Stymied Hopes
    Lost in a Labyrinth
    Agent of Horizons
--> Fade into Antiquity
    Boon of Erebos
    Setessan Griffin
    Sealock Monster
    Meletis Charlatan
    Plains
 
Pack 2 pick 8:
    Nylea's Disciple
    Messenger's Speed
    Lost in a Labyrinth
--> Pharika's Cure
    Rage of Purphoros
    Savage Surge
    Triton Fortune Hunter
    Mountain
 
Pack 2 pick 9:
    Asphodel Wanderer
    Staunch-Hearted Warrior
--> Centaur Battlemaster
    Dark Betrayal
    Satyr Piper
    Titan of Eternal Fire
    Mountain
 
Pack 2 pick 10:
    Pheres-Band Centaurs
    Guardians of Meletis
--> Feral Invocation
    Thassa's Bounty
    Setessan Griffin
    Island
 
Pack 2 pick 11:
--> Bronze Sable
    Messenger's Speed
    Triton Shorethief
    Flamecast Wheel
    Plains
 
Pack 2 pick 12:
--> Guardians of Meletis
    Demolish
    Gainsay
    Swamp
 
Pack 2 pick 13:
    Yoked Ox
--> Staunch-Hearted Warrior
    Mountain
 
Pack 2 pick 14:
--> Satyr Hedonist
    Mountain
 
Pack 2 pick 15:
--> Plains
 
------ THS ------
 
Pack 3 pick 1:
    Nylea's Disciple
    Stymied Hopes
--> Nessian Courser
    Traveling Philosopher
    Two-Headed Cerberus
    Aqueous Form
    Silent Artisan
    Blood-Toll Harpy
    Boon of Erebos
    Setessan Griffin
    Mogis's Marauder
    Thassa's Emissary
    Flamecast Wheel
    Titan of Eternal Fire
    Mountain
 
Pack 3 pick 2:
    Ephara's Warden
--> Sip of Hemlock
    Stymied Hopes
    Fate Foretold
    Thassa's Bounty
    Lagonna-Band Elder
    Priest of Iroas
    Fade into Antiquity
    Traveler's Amulet
    Boulderfall
    Heliod's Emissary
    Prowler's Helm
    Mistcutter Hydra
    Plains
 
Pack 3 pick 3:
    Ephara's Warden
    Sip of Hemlock
    Stymied Hopes
    Spark Jolt
    Last Breath
    Scourgemark
    Satyr Hedonist
--> Sedge Scorpion
    Scholar of Athreos
    Mogis's Marauder
    Prowler's Helm
    Reverent Hunter
    Plains
 
Pack 3 pick 4:
    Mnemonic Wall
    Viper's Kiss
    Lightning Strike
    Pheres-Band Centaurs
    Divine Verdict
    Traveling Philosopher
    Two-Headed Cerberus
    Aqueous Form
--> Shredding Winds
    Rescue from the Underworld
    Sentry of the Underworld
    Island
 
Pack 3 pick 5:
    Mnemonic Wall
    Viper's Kiss
    Spearpoint Oread
    Breaching Hippocamp
    Vulpine Goliath
    Akroan Crusader
    Vanquish the Foul
    Pharika's Mender
--> Nylea's Emissary
    Colossus of Akros
    Plains
 
Pack 3 pick 6:
    Prescient Chimera
    Demolish
    Leafcrown Dryad
--> Voyaging Satyr
    Titan's Strength
    Benthic Giant
    Annul
    Felhide Minotaur
    Borderland Minotaur
    Swamp
 
Pack 3 pick 7:
    Lash of the Whip
    Messenger's Speed
    Yoked Ox
    Benthic Giant
--> Voyaging Satyr
    Setessan Griffin
    Cutthroat Maneuver
    Satyr Piper
    Forest
 
Pack 3 pick 8:
    Messenger's Speed
    Mnemonic Wall
    Silent Artisan
    Aqueous Form
    Borderland Minotaur
    Sedge Scorpion
--> Karametra's Acolyte
    Plains
 
Pack 3 pick 9:
--> Nylea's Disciple
    Two-Headed Cerberus
    Silent Artisan
    Boon of Erebos
    Setessan Griffin
    Flamecast Wheel
    Mountain
 
Pack 3 pick 10:
    Ephara's Warden
    Stymied Hopes
    Priest of Iroas
--> Fade into Antiquity
    Boulderfall
    Plains
 
Pack 3 pick 11:
    Stymied Hopes
    Last Breath
    Scholar of Athreos
--> Prowler's Helm
    Plains
 
Pack 3 pick 12:
    Pheres-Band Centaurs
--> Divine Verdict
    Traveling Philosopher
    Island
 
Pack 3 pick 13:
    Breaching Hippocamp
--> Vulpine Goliath
    Plains
 
Pack 3 pick 14:
--> Demolish
    Swamp
 
Pack 3 pick 15:
--> Forest
 
