Event #: 6233485
Time:    11/2/2013 9:59:17 PM
Players: 
    garfielddean
    jj555s
    DeadMemories
    jckt
--> malthrin
    Voldraine
    Iolin
    UrbanSasquatch
 
------ THS ------
 
Pack 1 pick 1:
    Prescient Chimera
    Fleetfeather Sandals
    Ill-Tempered Cyclops
    Hopeful Eidolon
    Spark Jolt
    Returned Phalanx
    Tormented Hero (FOIL)
    Pharika's Cure
    Traveler's Amulet
    Akroan Crusader
    Rescue from the Underworld
    Gainsay
    Thassa's Emissary
--> Fabled Hero
    Forest
 
Pack 1 pick 2:
    Viper's Kiss
    Lightning Strike
    Pheres-Band Centaurs
    Feral Invocation
    Returned Centaur
    Hopeful Eidolon
    Portent of Betrayal
    Boulderfall
    Savage Surge
    Ordeal of Heliod
    Centaur Battlemaster
    Cutthroat Maneuver
--> Celestial Archon
    Plains
 
Pack 1 pick 3:
--> Minotaur Skullcleaver
    Chosen by Heliod
    Mnemonic Wall
    Returned Phalanx
    Lost in a Labyrinth
    Pharika's Cure
    Rage of Purphoros
    Setessan Battle Priest
    Traveler's Amulet
    Horizon Chimera
    Arena Athlete
    Warriors' Lesson
    Forest
 
Pack 1 pick 4:
    Demolish
    Leafcrown Dryad
    Scourgemark
    Griptide
    Satyr Hedonist
    Satyr Rambler
    Wavecrash Triton
    Opaline Unicorn
--> Sea God's Revenge
    Tormented Hero
    Flamespeaker Adept
    Swamp
 
Pack 1 pick 5:
--> Nimbus Naiad
    Nylea's Disciple
    Lash of the Whip
    Priest of Iroas
    Fade into Antiquity
    Returned Centaur
    Griptide
    Commune with the Gods
    Boon of Erebos
    Artisan's Sorrow
    Swamp
 
Pack 1 pick 6:
    Stymied Hopes
    Ill-Tempered Cyclops
    Spark Jolt
    Returned Phalanx
    Coastline Chimera
    Pharika's Cure
    Cavern Lampad
    Sedge Scorpion
--> Purphoros's Emissary
    Plains
 
Pack 1 pick 7:
    March of the Returned
--> Lightning Strike
    Lost in a Labyrinth
    Fade into Antiquity
    Satyr Rambler
    Scholar of Athreos
    Felhide Minotaur
    Karametra's Acolyte
    Island
 
Pack 1 pick 8:
    Loathsome Catoblepas
    Nylea's Presence
    Fleetfeather Sandals
    Demolish
--> Ephara's Warden
    Spark Jolt
    Triton Shorethief
    Island
 
Pack 1 pick 9:
    Fleetfeather Sandals
--> Ill-Tempered Cyclops
    Spark Jolt
    Returned Phalanx
    Rescue from the Underworld
    Gainsay
    Forest
 
Pack 1 pick 10:
    Viper's Kiss
    Pheres-Band Centaurs
    Returned Centaur
--> Portent of Betrayal
    Boulderfall
    Plains
 
Pack 1 pick 11:
    Mnemonic Wall
    Lost in a Labyrinth
--> Rage of Purphoros
    Setessan Battle Priest
    Forest
 
Pack 1 pick 12:
    Demolish
    Scourgemark
--> Satyr Rambler
    Swamp
 
Pack 1 pick 13:
--> Priest of Iroas
    Commune with the Gods
    Swamp
 
Pack 1 pick 14:
--> Stymied Hopes
    Plains
 
Pack 1 pick 15:
--> Island
 
------ THS ------
 
Pack 2 pick 1:
    Prescient Chimera
    Fleetfeather Sandals
    Ill-Tempered Cyclops
    Hopeful Eidolon
    Fate Foretold
    Portent of Betrayal
    Observant Alseid
    Defend the Hearth
    Akroan Crusader
    Setessan Griffin
    Mogis's Marauder
    Horizon Scholar
    Dauntless Onslaught
--> Hammer of Purphoros
    Forest
 
Pack 2 pick 2:
    Messenger's Speed
    Mnemonic Wall
    Cavalry Pegasus
    Loathsome Catoblepas
    Nylea's Presence
    Two-Headed Cerberus
    Time to Feed
    Asphodel Wanderer
    Traveler's Amulet
    Shredding Winds
    Gainsay
--> Fanatic of Mogis
    Steam Augury
    Plains
 
Pack 2 pick 3:
    Minotaur Skullcleaver
    Chosen by Heliod
    Mnemonic Wall
    Returned Phalanx
    Coastline Chimera
    Pharika's Cure
    Defend the Hearth
    Leonin Snarecaster
    Boulderfall
    Sedge Scorpion
    Ordeal of Erebos
--> Fanatic of Mogis
    Forest
 
Pack 2 pick 4:
--> Lightning Strike
    Fleshmad Steed
    Cavalry Pegasus
    Aqueous Form
    Asphodel Wanderer
    Two-Headed Cerberus
    Vulpine Goliath
    Gainsay (FOIL)
    Shredding Winds
    Sentry of the Underworld
    Cutthroat Maneuver
    Swamp
 
Pack 2 pick 5:
--> Dragon Mantle
    Omenspeaker
    Fade into Antiquity
    Satyr Rambler
    Observant Alseid
    Scourgemark
    Coastline Chimera
    Setessan Griffin
    Hunt the Hunter
    Dark Betrayal
    Mountain
 
Pack 2 pick 6:
    Demolish
    Benthic Giant (FOIL)
--> Rage of Purphoros
    Satyr Hedonist
    Read the Bones
    Last Breath
    Savage Surge
    Opaline Unicorn
    Flamecast Wheel
    Swamp
 
Pack 2 pick 7:
    Stymied Hopes
--> Ill-Tempered Cyclops
    Leafcrown Dryad
    Fate Foretold
    Portent of Betrayal
    Sedge Scorpion
    Boon of Erebos
    Nemesis of Mortals
    Plains
 
Pack 2 pick 8:
--> Minotaur Skullcleaver
    Thassa's Bounty
    Lost in a Labyrinth
    Setessan Battle Priest
    Shipwreck Singer
    Sentry of the Underworld
    Titan of Eternal Fire
    Swamp
 
Pack 2 pick 9:
--> Prescient Chimera
    Fleetfeather Sandals
    Portent of Betrayal
    Defend the Hearth
    Akroan Crusader
    Setessan Griffin
    Forest
 
Pack 2 pick 10:
    Messenger's Speed
    Loathsome Catoblepas
    Nylea's Presence
--> Two-Headed Cerberus
    Gainsay
    Plains
 
Pack 2 pick 11:
--> Minotaur Skullcleaver
    Returned Phalanx
    Defend the Hearth
    Boulderfall
    Forest
 
Pack 2 pick 12:
    Asphodel Wanderer
--> Two-Headed Cerberus
    Sentry of the Underworld
    Swamp
 
Pack 2 pick 13:
--> Satyr Rambler
    Hunt the Hunter
    Mountain
 
Pack 2 pick 14:
--> Demolish
    Swamp
 
Pack 2 pick 15:
--> Plains
 
------ THS ------
 
Pack 3 pick 1:
    Messenger's Speed
    Gods Willing
    Gray Merchant of Asphodel
    Read the Bones
    Last Breath
    Unknown Shores
    Crackling Triton
    Portent of Betrayal
    Disciple of Phenax
    Ray of Dissolution
    Gainsay
    Kragma Warcaller
--> Thassa's Emissary
    Triad of Fates
    Forest
 
Pack 3 pick 2:
    Sip of Hemlock
    Sip of Hemlock (FOIL)
    Lagonna-Band Elder
    Priest of Iroas
    Fade into Antiquity
    Returned Centaur
    Griptide
    Scholar of Athreos
    Felhide Minotaur
--> Ordeal of Purphoros
    Tormented Hero
    Arena Athlete
    Labyrinth Champion
    Forest
 
Pack 3 pick 3:
    Leafcrown Dryad
    Chosen by Heliod
    Pheres-Band Centaurs
    Nylea's Presence
    Defend the Hearth
    Leonin Snarecaster
    Priest of Iroas
    Read the Bones
    Felhide Minotaur
    Ordeal of Erebos
    Kragma Warcaller
--> Coordinated Assault
    Island
 
Pack 3 pick 4:
    Chosen by Heliod
    Mnemonic Wall
    Viper's Kiss
    Asphodel Wanderer
    Two-Headed Cerberus
    Vulpine Goliath
    Annul
--> Voyage's End
    Setessan Battle Priest
    Arena Athlete
    Pyxis of Pandemonium
    Forest
 
Pack 3 pick 5:
    Fleetfeather Sandals
    Ill-Tempered Cyclops
    Commune with the Gods
    Returned Phalanx
    Lost in a Labyrinth
    Pharika's Cure
    Mountain (FOIL)
    Opaline Unicorn
--> Coordinated Assault
    Spellheart Chimera
    Plains
 
Pack 3 pick 6:
    Messenger's Speed
    Lost in a Labyrinth
    Pharika's Cure
--> Rage of Purphoros
    Returned Centaur
    Boon of Erebos
    Artisan's Sorrow
    Warriors' Lesson
    Pharika's Mender
    Mountain
 
Pack 3 pick 7:
    Bronze Sable
    Lost in a Labyrinth
    Pharika's Cure
    Rage of Purphoros
    Returned Centaur
--> Borderland Minotaur
    Peak Eruption
    Glare of Heresy
    Forest
 
Pack 3 pick 8:
    Guardians of Meletis
--> Prescient Chimera
    Satyr Rambler
    Coastline Chimera
    Akroan Crusader
    Anvilwrought Raptor
    Psychic Intrusion
    Island
 
Pack 3 pick 9:
    Messenger's Speed
    Read the Bones
    Unknown Shores
    Crackling Triton
--> Portent of Betrayal
    Gainsay
    Forest
 
Pack 3 pick 10:
    Priest of Iroas
    Returned Centaur
    Scholar of Athreos
    Felhide Minotaur
--> Labyrinth Champion
    Forest
 
Pack 3 pick 11:
    Nylea's Presence
    Defend the Hearth
    Priest of Iroas
--> Felhide Minotaur
    Island
 
Pack 3 pick 12:
    Mnemonic Wall
    Asphodel Wanderer
--> Two-Headed Cerberus
    Forest
 
Pack 3 pick 13:
--> Fleetfeather Sandals
    Commune with the Gods
    Plains
 
Pack 3 pick 14:
--> Messenger's Speed
    Mountain
 
Pack 3 pick 15:
--> Forest
 
