Event #: 6238743
Time:    11/3/2013 3:11:59 PM
Players: 
    Voivod
    spinos82
    Benton613
    blackhawk2009
--> malthrin
    kfagerberg
    Bobstarrr
    p0ck3tz
 
------ THS ------
 
Pack 1 pick 1:
    Messenger's Speed
    Mnemonic Wall
    Cavalry Pegasus
    Aqueous Form
    Spearpoint Oread
    Vulpine Goliath
    Yoked Ox
    Baleful Eidolon
    Ray of Dissolution
    Wavecrash Triton
    Hunt the Hunter
    Shipwreck Singer
    Triton Fortune Hunter
--> Fleecemane Lion
    Swamp
 
Pack 1 pick 2:
    Lash of the Whip
    Messenger's Speed
    Gods Willing
--> Gray Merchant of Asphodel
    Yoked Ox
    Blood-Toll Harpy
    Benthic Giant
    Deathbellow Raider
    Savage Surge
    Artisan's Sorrow
    Mogis's Marauder
    Cutthroat Maneuver
    Steam Augury
    Plains
 
Pack 1 pick 3:
--> Lightning Strike
    Pheres-Band Centaurs
    Divine Verdict
    Returned Phalanx
    Lagonna-Band Elder
    Lost in a Labyrinth
    Pharika's Cure
    Rage of Purphoros
    Cavern Lampad
    Peak Eruption
    Sentry of the Underworld
    Dark Betrayal
    Swamp
 
Pack 1 pick 4:
--> Leafcrown Dryad
    Chosen by Heliod
    Pheres-Band Centaurs
    Asphodel Wanderer
    Titan's Strength
    Baleful Eidolon
    Benthic Giant
    Boon of Erebos
    Glare of Heresy
    Satyr Piper
    Thassa's Emissary
    Mountain
 
Pack 1 pick 5:
    Guardians of Meletis
--> Battlewise Valor
    Loathsome Catoblepas
    Leonin Snarecaster
    Priest of Iroas
    Read the Bones
    Thassa's Bounty
    Ray of Dissolution
    Artisan's Sorrow
    Witches' Eye
    Swamp
 
Pack 1 pick 6:
    Bronze Sable
    Ephara's Warden
    Blood-Toll Harpy
    Spearpoint Oread
    Breaching Hippocamp
    Setessan Battle Priest
    Triton Shorethief
--> Chronicler of Heroes
    Prowler's Helm
    Island
 
Pack 1 pick 7:
    Demolish
    Ephara's Warden
    Fleshmad Steed
--> Nimbus Naiad
    Griptide
    Commune with the Gods
    Scholar of Athreos
    Cutthroat Maneuver
    Forest
 
Pack 1 pick 8:
    Fleetfeather Sandals
    Annul
    Wild Celebrants
    Two-Headed Cerberus
--> Chronicler of Heroes
    Decorated Griffin
    Pyxis of Pandemonium
    Island
 
Pack 1 pick 9:
    Mnemonic Wall
    Aqueous Form
    Yoked Ox
--> Ray of Dissolution
    Wavecrash Triton
    Shipwreck Singer
    Swamp
 
Pack 1 pick 10:
    Yoked Ox
    Blood-Toll Harpy
    Benthic Giant
    Cutthroat Maneuver
--> Steam Augury
    Plains
 
Pack 1 pick 11:
    Returned Phalanx
--> Lagonna-Band Elder
    Lost in a Labyrinth
    Dark Betrayal
    Swamp
 
Pack 1 pick 12:
    Benthic Giant
    Boon of Erebos
--> Glare of Heresy
    Mountain
 
Pack 1 pick 13:
--> Thassa's Bounty
    Witches' Eye
    Swamp
 
Pack 1 pick 14:
--> Breaching Hippocamp
    Island
 
Pack 1 pick 15:
--> Forest
 
------ THS ------
 
Pack 2 pick 1:
    Omenspeaker
    Gray Merchant of Asphodel
    Divine Verdict
    Sip of Hemlock
    Scourgemark
    Coastline Chimera
    Rage of Purphoros
    Satyr Hedonist
    Borderland Minotaur
    Scholar of Athreos
--> Ordeal of Heliod
    Hunt the Hunter
    Flamespeaker Adept
    Reverent Hunter
    Island
 
Pack 2 pick 2:
    Viper's Kiss
    Dragon Mantle
    Omenspeaker
    Silent Artisan
--> Time to Feed
    Blood-Toll Harpy
    Breaching Hippocamp
    Felhide Minotaur
    Shredding Winds
    Akroan Hoplite
    Spellheart Chimera
    Evangel of Heliod
    Bident of Thassa
    Plains
 
Pack 2 pick 3:
    Chosen by Heliod
    Mnemonic Wall
    Viper's Kiss
    Last Breath
    Unknown Shores
    Crackling Triton
    Portent of Betrayal
    Commune with the Gods
    Triton Shorethief
    Traveler's Amulet
    Karametra's Acolyte
--> Phalanx Leader
    Island
 
Pack 2 pick 4:
    Demolish
--> Leafcrown Dryad
    Gods Willing
    Traveling Philosopher
    Two-Headed Cerberus
    Aqueous Form
    Silent Artisan
    Wavecrash Triton
    Traveler's Amulet
    Anvilwrought Raptor
    Arena Athlete
    Forest
 
Pack 2 pick 5:
    Agent of Horizons (FOIL)
    Gods Willing
    Observant Alseid
    Defend the Hearth
    Agent of Horizons
    Crackling Triton
    Spark Jolt
    Horizon Chimera
--> Ordeal of Heliod
    Evangel of Heliod
    Forest
 
Pack 2 pick 6:
    Ephara's Warden
    Fleshmad Steed
    Lost in a Labyrinth
    Pharika's Cure
    Returned Centaur
    Setessan Battle Priest
--> Glare of Heresy
    Destructive Revelry
    Sentry of the Underworld
    Forest
 
Pack 2 pick 7:
    Stymied Hopes
    Priest of Iroas
    Fade into Antiquity
    Returned Centaur
    Commune with the Gods
    Traveler's Amulet
    Boulderfall
--> Battlewise Hoplite
    Swamp
 
Pack 2 pick 8:
    Messenger's Speed
    Returned Phalanx
    Coastline Chimera
    Pharika's Cure
    Disciple of Phenax
--> Voyage's End
    Satyr Piper
    Plains
 
Pack 2 pick 9:
    Omenspeaker
    Scourgemark
    Satyr Hedonist
    Scholar of Athreos
--> Hunt the Hunter
    Flamespeaker Adept
    Island
 
Pack 2 pick 10:
    Viper's Kiss
    Dragon Mantle
    Omenspeaker
--> Silent Artisan
    Spellheart Chimera
    Plains
 
Pack 2 pick 11:
--> Chosen by Heliod
    Crackling Triton
    Commune with the Gods
    Triton Shorethief
    Island
 
Pack 2 pick 12:
    Demolish
--> Silent Artisan
    Wavecrash Triton
    Forest
 
Pack 2 pick 13:
--> Defend the Hearth
    Crackling Triton
    Forest
 
Pack 2 pick 14:
--> Lost in a Labyrinth
    Forest
 
Pack 2 pick 15:
--> Swamp
 
------ THS ------
 
Pack 3 pick 1:
    Chosen by Heliod
    Pheres-Band Centaurs
    Nylea's Presence
    Hopeful Eidolon
    Spark Jolt
    Returned Phalanx
    Coastline Chimera
    Pharika's Cure
    Savage Surge
    Disciple of Phenax
    Karametra's Acolyte
    Purphoros's Emissary
    Warriors' Lesson
--> Nykthos, Shrine to Nyx
    Mountain
 
Pack 3 pick 2:
    March of the Returned
    Dragon Mantle
    Nessian Asp
    Last Breath
    Scourgemark
    Triton Fortune Hunter (FOIL)
    Satyr Rambler
    Shredding Winds
    Boon of Erebos
    Centaur Battlemaster
    Stoneshock Giant
    Prowler's Helm
--> Celestial Archon
    Plains
 
Pack 3 pick 3:
    Omenspeaker
    March of the Returned
    Asphodel Wanderer
    Breaching Hippocamp
    Silent Artisan
    Titan's Strength
    Traveling Philosopher
    Vaporkin
    Deathbellow Raider
    Triton Tactics
    Insatiable Harpy
--> Spear of Heliod
    Mountain
 
Pack 3 pick 4:
    Battlewise Valor
    Loathsome Catoblepas
    Omenspeaker
--> Hopeful Eidolon
    Fate Foretold
    Portent of Betrayal
    Observant Alseid
    Wavecrash Triton
    Traveler's Amulet
    Anvilwrought Raptor
    Vanquish the Foul
    Swamp
 
Pack 3 pick 5:
    Nessian Asp
    Viper's Kiss
    Dragon Mantle
    Lost in a Labyrinth
    Fade into Antiquity
    Satyr Rambler
    Observant Alseid
    Dissolve
    Burnished Hart
--> Dauntless Onslaught
    Plains
 
Pack 3 pick 6:
    Stymied Hopes
    Disciple of Phenax (FOIL)
    Agent of Horizons
    Fade into Antiquity
    Satyr Rambler
    Borderland Minotaur
    Rescue from the Underworld
    Gainsay
--> Nylea's Emissary
    Forest
 
Pack 3 pick 7:
    Guardians of Meletis
    Prescient Chimera
    Demolish
    Returned Centaur
    Fate Foretold
    Portent of Betrayal
    Scholar of Athreos
--> Sealock Monster
    Mountain
 
Pack 3 pick 8:
    Fleetfeather Sandals
    Guardians of Meletis
    Unknown Shores
    Aqueous Form
--> Setessan Griffin
    Horizon Scholar
    Decorated Griffin
    Island
 
Pack 3 pick 9:
    Chosen by Heliod
    Pheres-Band Centaurs
    Nylea's Presence
    Returned Phalanx
    Pharika's Cure
--> Savage Surge
    Mountain
 
Pack 3 pick 10:
    Dragon Mantle
--> Last Breath
    Scourgemark
    Boon of Erebos
    Prowler's Helm
    Plains
 
Pack 3 pick 11:
    March of the Returned
    Asphodel Wanderer
    Breaching Hippocamp
--> Silent Artisan
    Mountain
 
Pack 3 pick 12:
    Loathsome Catoblepas
    Fate Foretold
--> Vanquish the Foul
    Swamp
 
Pack 3 pick 13:
--> Viper's Kiss
    Lost in a Labyrinth
    Plains
 
Pack 3 pick 14:
--> Disciple of Phenax (FOIL)
    Gainsay
 
Pack 3 pick 15:
--> Mountain
 
