Event #: 6301532
Time:    11/12/2013 10:18:52 PM
Players: 
    automaton
    laviejadiez
    xXxBlitzKxXx
--> malthrin
    jsto
    SlipperyBogle
    magicma
    Eraia
 
------ THS ------
 
Pack 1 pick 1:
    Fleetfeather Sandals
    Ill-Tempered Cyclops
    Guardians of Meletis
    Benthic Giant
    Voyaging Satyr
    Spearpoint Oread
    Unknown Shores
    Aqueous Form
    Disciple of Phenax
    Wavecrash Triton
    Phalanx Leader
    Warriors' Lesson
    Pharika's Mender
--> Bident of Thassa
    Mountain
 
Pack 1 pick 2:
    Returned Phalanx (FOIL)
    March of the Returned
--> Lightning Strike
    Fleshmad Steed
    Cavalry Pegasus
    Fade into Antiquity
    Satyr Rambler
    Observant Alseid
    Shredding Winds
    Boon of Erebos
    Akroan Hoplite
    Ordeal of Purphoros
    Arena Athlete
    Forest
 
Pack 1 pick 3:
    Divine Verdict
    Sip of Hemlock
    Bronze Sable
    Vulpine Goliath
    Yoked Ox
    Baleful Eidolon
    Annul
    Staunch-Hearted Warrior
    Borderland Minotaur
--> Ordeal of Purphoros
    Tormented Hero
    Dark Betrayal
    Swamp
 
Pack 1 pick 4:
    Dragon Mantle
    Omenspeaker
    Fade into Antiquity
    Satyr Hedonist (FOIL)
--> Griptide
    Commune with the Gods
    Wavecrash Triton
    Opaline Unicorn
    Destructive Revelry
    Sentry of the Underworld
    Ashen Rider
    Island
 
Pack 1 pick 5:
    Lash of the Whip
    Messenger's Speed
    Annul
    Wild Celebrants
--> Two-Headed Cerberus
    Akroan Crusader
    Cavern Lampad
    Spellheart Chimera
    Evangel of Heliod
    Anthousa, Setessan Hero
    Island
 
Pack 1 pick 6:
--> Minotaur Skullcleaver
    Battlewise Valor
    Crackling Triton
    Spark Jolt
    Last Breath
    Scourgemark
    Scholar of Athreos
    Burnished Hart
    Witches' Eye
    Forest
 
Pack 1 pick 7:
    Nylea's Presence
    Fleetfeather Sandals
    Demolish
    Wild Celebrants
--> Two-Headed Cerberus
    Asphodel Wanderer
    Breaching Hippocamp
    Artisan's Sorrow
    Forest
 
Pack 1 pick 8:
    Loathsome Catoblepas
    Thassa's Bounty
    Priest of Iroas
    Fade into Antiquity
    Returned Centaur
    Gainsay
--> Dark Betrayal
    Mountain
 
Pack 1 pick 9:
    Fleetfeather Sandals
--> Ill-Tempered Cyclops
    Guardians of Meletis
    Benthic Giant
    Unknown Shores
    Warriors' Lesson
    Mountain
 
Pack 1 pick 10:
    March of the Returned
    Cavalry Pegasus
    Fade into Antiquity
--> Satyr Rambler
    Shredding Winds
    Forest
 
Pack 1 pick 11:
    Bronze Sable
    Yoked Ox
--> Annul
    Dark Betrayal
    Swamp
 
Pack 1 pick 12:
    Fade into Antiquity
    Commune with the Gods
--> Destructive Revelry
    Island
 
Pack 1 pick 13:
    Messenger's Speed
--> Wild Celebrants
    Island
 
Pack 1 pick 14:
--> Witches' Eye
    Forest
 
Pack 1 pick 15:
--> Forest
 
------ THS ------
 
Pack 2 pick 1:
    Bronze Sable
    Messenger's Speed
    Mnemonic Wall
    Traveling Philosopher
    Wild Celebrants
    Silent Artisan
    Time to Feed
    Blood-Toll Harpy
    Vaporkin
--> Deathbellow Raider
    Battlewise Hoplite
    Prowler's Helm
    Favored Hoplite
    Hundred-Handed One
    Swamp
 
Pack 2 pick 2:
    Lash of the Whip
--> Minotaur Skullcleaver
    Chosen by Heliod
    Scourgemark
    Coastline Chimera
    Rage of Purphoros
    Satyr Hedonist
    Read the Bones
    Traveler's Amulet
    Boulderfall
    Nemesis of Mortals
    Ordeal of Erebos
    Satyr Piper
    Island
 
Pack 2 pick 3:
    Ephara's Warden
    Fleshmad Steed
    Nimbus Naiad
    Leonin Snarecaster
    Priest of Iroas
    Thassa's Bounty
    Lost in a Labyrinth
    Felhide Minotaur
    Magma Jet
    Rescue from the Underworld
--> Fanatic of Mogis
    Tymaret, the Murder King
    Plains
 
Pack 2 pick 4:
    Fleshmad Steed
    Nylea's Disciple
    Leonin Snarecaster
    Feral Invocation
    Fate Foretold
    Thassa's Bounty
    Boon of Erebos
    Akroan Crusader
--> Magma Jet
    Rescue from the Underworld
    Prowler's Helm
    Plains
 
Pack 2 pick 5:
    Pheres-Band Centaurs
    Nylea's Presence
    Minotaur Skullcleaver
    Defend the Hearth
    Agent of Horizons
    Spark Jolt
--> Deathbellow Raider
    Savage Surge
    Rescue from the Underworld
    Shipwreck Singer
    Forest
 
Pack 2 pick 6:
    Loathsome Catoblepas
    Omenspeaker
    March of the Returned
--> Titan's Strength
    Baleful Eidolon
    Benthic Giant
    Scholar of Athreos
    Shipwreck Singer
    Triton Fortune Hunter
    Mountain
 
Pack 2 pick 7:
    Lash of the Whip
    Messenger's Speed
    Aqueous Form
    Silent Artisan
--> Blood-Toll Harpy
    Ray of Dissolution
    Spellheart Chimera
    Evangel of Heliod
    Island
 
Pack 2 pick 8:
    Lash of the Whip
    Messenger's Speed
    Breaching Hippocamp
    Aqueous Form
    Setessan Griffin
--> Vaporkin
    Gainsay
    Island
 
Pack 2 pick 9:
    Bronze Sable
    Messenger's Speed
    Wild Celebrants
    Silent Artisan
--> Blood-Toll Harpy
    Prowler's Helm
    Swamp
 
Pack 2 pick 10:
--> Lash of the Whip
    Scourgemark
    Satyr Hedonist
    Boulderfall
    Satyr Piper
    Island
 
Pack 2 pick 11:
    Fleshmad Steed
    Priest of Iroas
    Lost in a Labyrinth
--> Tymaret, the Murder King
    Plains
 
Pack 2 pick 12:
    Fleshmad Steed
    Thassa's Bounty
--> Prowler's Helm
    Plains
 
Pack 2 pick 13:
    Defend the Hearth
--> Spark Jolt
    Forest
 
Pack 2 pick 14:
--> March of the Returned
    Mountain
 
Pack 2 pick 15:
--> Island
 
------ THS ------
 
Pack 3 pick 1:
    Lash of the Whip
    Minotaur Skullcleaver
    Chosen by Heliod
    Priest of Iroas
    Read the Bones
    Thassa's Bounty
    Lost in a Labyrinth
    Agent of Horizons
    Sedge Scorpion
    Scholar of Athreos
    Horizon Chimera
    Ordeal of Heliod
    Sentry of the Underworld
--> Nighthowler
    Island
 
Pack 3 pick 2:
    Nimbus Naiad
    Battlewise Valor
    Nessian Asp
    Annul
--> Titan's Strength
    Yoked Ox
    Voyaging Satyr
    Wild Celebrants
    Staunch-Hearted Warrior
    Scholar of Athreos
    Ordeal of Heliod
    Arena Athlete
    Sealock Monster
    Plains
 
Pack 3 pick 3:
    Pheres-Band Centaurs
    Nylea's Presence
    Minotaur Skullcleaver
    Lost in a Labyrinth
    Pharika's Cure
    Rage of Purphoros
    Feral Invocation
    Returned Centaur
    Akroan Crusader
--> Cavern Lampad
    Burnished Hart
    Insatiable Harpy
    Forest
 
Pack 3 pick 4:
    Prescient Chimera
    Fleetfeather Sandals
    Ill-Tempered Cyclops
    Priest of Iroas
    Fade into Antiquity
    Returned Centaur
    Felhide Minotaur
    Shredding Winds
--> Kragma Warcaller
    Karametra's Acolyte
    Warriors' Lesson
    Swamp
 
Pack 3 pick 5:
    Nessian Courser
    March of the Returned
    Returned Phalanx
    Lost in a Labyrinth
    Pharika's Cure
    Rage of Purphoros
--> Borderland Minotaur
    Scholar of Athreos
    Insatiable Harpy
    Firedrinker Satyr
    Plains
 
Pack 3 pick 6:
    Stymied Hopes
    Crackling Triton
--> Portent of Betrayal
    Commune with the Gods
    Returned Phalanx
    Lagonna-Band Elder
    Boon of Erebos
    Setessan Griffin
    Ordeal of Erebos
    Swamp
 
Pack 3 pick 7:
    Ill-Tempered Cyclops
    Chosen by Heliod
    Aqueous Form
    Asphodel Wanderer
    Two-Headed Cerberus
    Triton Shorethief
--> Kragma Warcaller
    Witches' Eye
    Mountain
 
Pack 3 pick 8:
    Bronze Sable
    Two-Headed Cerberus
    Annul
--> Titan's Strength
    Yoked Ox
    Triton Shorethief
    Chronicler of Heroes
    Island
 
Pack 3 pick 9:
--> Lash of the Whip
    Priest of Iroas
    Thassa's Bounty
    Lost in a Labyrinth
    Agent of Horizons
    Scholar of Athreos
    Island
 
Pack 3 pick 10:
    Annul
    Yoked Ox
    Wild Celebrants
--> Staunch-Hearted Warrior
    Scholar of Athreos
    Plains
 
Pack 3 pick 11:
    Pheres-Band Centaurs
    Lost in a Labyrinth
--> Rage of Purphoros
    Returned Centaur
    Forest
 
Pack 3 pick 12:
--> Fleetfeather Sandals
    Priest of Iroas
    Shredding Winds
    Swamp
 
Pack 3 pick 13:
--> March of the Returned
    Lost in a Labyrinth
    Plains
 
Pack 3 pick 14:
--> Crackling Triton
    Swamp
 
Pack 3 pick 15:
--> Mountain
 
