Event #: 6356880
Time:    11/22/2013 6:25:07 PM
Players:
    rightplace
    jadeblue1979
    gagagou
    glavian
--> MDGandy
    SirAnson
    ohdigeydoc
    dswift

------ THS ------ 

Pack 1 pick 1:
    Prescient Chimera
    Fleetfeather Sandals
    Ill-Tempered Cyclops
    Last Breath
    Scourgemark
    Griptide
    Satyr Hedonist
    Satyr Rambler
    Vaporkin
    Setessan Battle Priest
    Heliod's Emissary
    Magma Jet
    Dauntless Onslaught
--> Soldier of the Pantheon
    Swamp

Pack 1 pick 2:
    Cavalry Pegasus
    Loathsome Catoblepas
--> Nylea's Presence
    Fleetfeather Sandals
    Demolish
    Asphodel Wanderer
    Breaching Hippocamp
    Silent Artisan
    Setessan Battle Priest
    Deathbellow Raider
    Stoneshock Giant
    Glare of Heresy
    Cutthroat Maneuver
    Mountain

Pack 1 pick 3:
    Guardians of Meletis
    Battlewise Valor
    Loathsome Catoblepas
    Satyr Hedonist
    Satyr Rambler
    Leonin Snarecaster
    Feral Invocation
    Fate Foretold
    Setessan Battle Priest
    Triton Shorethief
    Vanquish the Foul
--> Triton Tactics
    Swamp

Pack 1 pick 4:
    Minotaur Skullcleaver
    Chosen by Heliod
    Griptide
    Commune with the Gods
    Hopeful Eidolon
    Spark Jolt
    Returned Phalanx
    Felhide Minotaur
    Shredding Winds
--> Horizon Chimera
    Sentry of the Underworld
    Island

Pack 1 pick 5:
    Chosen by Heliod
    Defend the Hearth
--> Agent of Horizons
    Crackling Triton
    Spark Jolt
    Last Breath
    Cavern Lampad
    Staunch-Hearted Warrior
    Peak Eruption
    Prowler's Helm
    Island

Pack 1 pick 6:
    Nessian Courser
    March of the Returned
    Spark Jolt
    Returned Phalanx
    Coastline Chimera
--> Voyage's End
    Setessan Battle Priest
    Stoneshock Giant
    Coordinated Assault
    Plains

Pack 1 pick 7:
--> Prescient Chimera
    Fleetfeather Sandals
    Benthic Giant
    Aqueous Form
    Shredding Winds
    Boulderfall
    Flamespeaker Adept
    Witches' Eye
    Island

Pack 1 pick 8:
    Demolish
--> Gods Willing
    Silent Artisan
    Spearpoint Oread
    Breaching Hippocamp
    Boulderfall
    Prowler's Helm
    Forest

Pack 1 pick 9:
--> Prescient Chimera
    Fleetfeather Sandals
    Last Breath
    Satyr Hedonist
    Satyr Rambler
    Setessan Battle Priest
    Swamp

Pack 1 pick 10:
    Loathsome Catoblepas
    Fleetfeather Sandals
    Demolish
--> Breaching Hippocamp
    Silent Artisan
    Mountain

Pack 1 pick 11:
    Loathsome Catoblepas
    Satyr Rambler
    Setessan Battle Priest
--> Triton Shorethief
    Swamp

Pack 1 pick 12:
    Spark Jolt
    Felhide Minotaur
--> Shredding Winds
    Island

Pack 1 pick 13:
    Defend the Hearth
--> Prowler's Helm
    Island

Pack 1 pick 14:
--> Spark Jolt
    Plains

Pack 1 pick 15:
--> Island

------ THS ------ 

Pack 2 pick 1:
--> Nessian Asp
    Bronze Sable
    Ephara's Warden
    Vulpine Goliath
    Hundred-Handed One
    Voyaging Satyr
    Titan's Strength
    Baleful Eidolon
    Disciple of Phenax
    Voyage's End
    Dissolve
    Triton Fortune Hunter
    Warriors' Lesson
    Temple of Silence
    Island

Pack 2 pick 2:
    Nylea's Disciple
    Stymied Hopes
    Nessian Courser
    Lash of the Whip
    Aqueous Form
    Asphodel Wanderer
    Wingsteed Rider
    Two-Headed Cerberus
    Ray of Dissolution
    Wavecrash Triton
--> Karametra's Acolyte
    Sealock Monster
    Pyxis of Pandemonium
    Plains

Pack 2 pick 3:
    Omenspeaker
    March of the Returned
    Lightning Strike
    Asphodel Wanderer
    Wingsteed Rider
    Two-Headed Cerberus
    Vulpine Goliath
    Annul
    Voyage's End
    Staunch-Hearted Warrior
    Insatiable Harpy
--> Nylea's Emissary
    Mountain

Pack 2 pick 4:
    Fleshmad Steed
    Cavalry Pegasus
--> Nylea's Disciple
    Thassa's Bounty
    Lagonna-Band Elder
    Priest of Iroas
    Fade into Antiquity
    Returned Centaur
    Boon of Erebos
    Akroan Crusader
    Ordeal of Thassa
    Forest

Pack 2 pick 5:
--> Omenspeaker
    Divine Verdict
    Sip of Hemlock
    Bronze Sable
    Lost in a Labyrinth
    Rage of Purphoros
    Boon of Erebos
    Setessan Griffin
    Hunt the Hunter
    Cutthroat Maneuver
    Island

Pack 2 pick 6:
    Messenger's Speed
    Gods Willing
    Wild Celebrants
    Aqueous Form
    Asphodel Wanderer
    Breaching Hippocamp
    Shredding Winds
    Artisan's Sorrow
--> Pharika's Mender
    Island

Pack 2 pick 7:
--> Nylea's Presence
    Satyr Hedonist
    Last Breath
    Unknown Shores
    Crackling Triton
    Vaporkin
    Deathbellow Raider
    Spellheart Chimera
    Forest

Pack 2 pick 8:
    Minotaur Skullcleaver
    Chosen by Heliod
    Leonin Snarecaster
    Fate Foretold
    Thassa's Bounty
--> Opaline Unicorn
    Peak Eruption
    Island

Pack 2 pick 9:
    Bronze Sable
    Ephara's Warden
    Baleful Eidolon
--> Voyage's End
    Dissolve
    Triton Fortune Hunter
    Island

Pack 2 pick 10:
    Stymied Hopes
    Aqueous Form
    Asphodel Wanderer
--> Sealock Monster
    Pyxis of Pandemonium
    Plains

Pack 2 pick 11:
--> Omenspeaker
    March of the Returned
    Asphodel Wanderer
    Annul
    Mountain

Pack 2 pick 12:
    Fleshmad Steed
--> Thassa's Bounty
    Priest of Iroas
    Forest

Pack 2 pick 13:
--> Lost in a Labyrinth
    Boon of Erebos
    Island

Pack 2 pick 14:
--> Messenger's Speed
    Island

Pack 2 pick 15:
--> Forest

------ THS ------ 

Pack 3 pick 1:
    Ephara's Warden
    Fleshmad Steed
    Nimbus Naiad
    Nylea's Disciple
    Titan's Strength
    Traveling Philosopher
    Yoked Ox
    Blood-Toll Harpy
    Savage Surge
    Setessan Griffin
    Destructive Revelry
    Artisan's Sorrow
    Satyr Piper
--> Akroan Horse
    Forest

Pack 3 pick 2:
    Gray Merchant of Asphodel
    Divine Verdict
    Sip of Hemlock
    Pharika's Cure
    Rage of Purphoros
    Feral Invocation
    Returned Centaur
    Cavern Lampad
    Sedge Scorpion
    Hunt the Hunter
    Keepsake Gorgon
    Arena Athlete
--> Medomai the Ageless
    Island

Pack 3 pick 3:
    Bronze Sable
--> Pharika's Mender
    Two-Headed Cerberus
    Aqueous Form
    Silent Artisan
    Blood-Toll Harpy
    Deathbellow Raider
    Savage Surge
    Tormented Hero
    Battlewise Hoplite
    Spellheart Chimera
    Temple of Silence
    Island

Pack 3 pick 4:
    Nessian Courser
    March of the Returned
    Read the Bones
    Thassa's Bounty
    Lost in a Labyrinth
    Agent of Horizons
    Fade into Antiquity
--> Sedge Scorpion
    Scholar of Athreos
    Chronicler of Heroes
    Erebos's Emissary
    Plains

Pack 3 pick 5:
    Stymied Hopes
    Ill-Tempered Cyclops
    Satyr Rambler
    Scourgemark
    Coastline Chimera
    Rage of Purphoros
    Akroan Crusader
    Peak Eruption
    Glare of Heresy
--> Meletis Charlatan
    Swamp

Pack 3 pick 6:
    Nimbus Naiad
    Lash of the Whip
    Defend the Hearth
--> Agent of Horizons
    Crackling Triton
    Spark Jolt
    Felhide Minotaur
    Borderland Minotaur
    Chronicler of Heroes
    Plains

Pack 3 pick 7:
    Messenger's Speed
    Cavalry Pegasus
    Breaching Hippocamp
    Aqueous Form
    Triton Shorethief
--> Traveler's Amulet
    Decorated Griffin
    Fanatic of Mogis
    Swamp

Pack 3 pick 8:
    Lash of the Whip
    Messenger's Speed
    Crackling Triton
    Spark Jolt
    Last Breath
    Scourgemark
--> Wavecrash Triton
    Plains

Pack 3 pick 9:
    Ephara's Warden
    Fleshmad Steed
    Traveling Philosopher
    Yoked Ox
--> Setessan Griffin
    Satyr Piper
    Forest

Pack 3 pick 10:
    Sip of Hemlock
    Returned Centaur
--> Cavern Lampad
    Hunt the Hunter
    Arena Athlete
    Island

Pack 3 pick 11:
--> Bronze Sable
    Silent Artisan
    Tormented Hero
    Spellheart Chimera
    Island

Pack 3 pick 12:
    March of the Returned
--> Thassa's Bounty
    Lost in a Labyrinth
    Plains

Pack 3 pick 13:
    Satyr Rambler
--> Coastline Chimera
    Swamp

Pack 3 pick 14:
--> Defend the Hearth
    Plains

Pack 3 pick 15:
--> Swamp

