Event #: 6371936
Time:    11/25/2013 12:52:36 PM
Players: 
    xcver
    Zemonck
--> MechaTech
    Hx83
    MRSmith
    shibadoge2
    oduhockey
    mizerman
 
------ THS ------
 
Pack 1 pick 1:
    Gods Willing
--> Gray Merchant of Asphodel
    Prescient Chimera
    Thassa's Bounty
    Lagonna-Band Elder
    Priest of Iroas
    Fade into Antiquity
    Returned Centaur
    Disciple of Phenax
    Voyage's End
    Anvilwrought Raptor
    Vanquish the Foul
    Arena Athlete
    Anger of the Gods
    Plains
 
Pack 1 pick 2:
    Nylea's Disciple
    Lash of the Whip
    Messenger's Speed
    Yoked Ox
    Voyaging Satyr
    Wild Celebrants
    Benthic Giant
    Time to Feed
    Sedge Scorpion
    Scholar of Athreos
--> Mogis's Marauder
    Horizon Scholar
    Artisan of Forms
    Forest
 
Pack 1 pick 3:
    Fleshmad Steed
    Cavalry Pegasus
    Nylea's Disciple
    Stymied Hopes
    Breaching Hippocamp
    Vulpine Goliath
    Messenger's Speed (FOIL)
    Deathbellow Raider
    Ordeal of Erebos
    Horizon Chimera
    Prowler's Helm
--> Nykthos, Shrine to Nyx
    Mountain
 
Pack 1 pick 4:
    Fleetfeather Sandals
    Ill-Tempered Cyclops
    Guardians of Meletis
    Vulpine Goliath
    Annul
    Titan's Strength
    Yoked Ox
--> Voyaging Satyr
    Setessan Griffin
    Disciple of Phenax
    Dark Betrayal
    Island
 
Pack 1 pick 5:
    Battlewise Valor
    Loathsome Catoblepas
    Omenspeaker
    March of the Returned
    Lightning Strike
    Spearpoint Oread
    Opaline Unicorn
    Ray of Dissolution
--> Nemesis of Mortals
    Ordeal of Nylea
    Swamp
 
Pack 1 pick 6:
    Defend the Hearth (FOIL)
    Viper's Kiss
    Dragon Mantle
    Annul
    Wild Celebrants
    Two-Headed Cerberus
--> Savage Surge
    Arena Athlete
    Warriors' Lesson
    Mountain
 
Pack 1 pick 7:
    Forest (FOIL)
    Messenger's Speed
--> Spearpoint Oread
    Unknown Shores
    Aqueous Form
    Shredding Winds
    Flamecast Wheel
    Pyxis of Pandemonium
    Plains
 
Pack 1 pick 8:
    Guardians of Meletis
    Prescient Chimera
    Demolish
--> Two-Headed Cerberus
    Aqueous Form
    Silent Artisan
    Setessan Griffin
    Swamp
 
Pack 1 pick 9:
    Thassa's Bounty
    Lagonna-Band Elder
    Priest of Iroas
--> Returned Centaur
    Anvilwrought Raptor
    Arena Athlete
    Plains
 
Pack 1 pick 10:
--> Nylea's Disciple
    Messenger's Speed
    Yoked Ox
    Wild Celebrants
    Benthic Giant
    Forest
 
Pack 1 pick 11:
    Stymied Hopes
    Breaching Hippocamp
    Messenger's Speed (FOIL)
--> Deathbellow Raider
    Mountain
 
Pack 1 pick 12:
--> Titan's Strength
    Yoked Ox
    Setessan Griffin
    Island
 
Pack 1 pick 13:
    Loathsome Catoblepas
--> March of the Returned
    Swamp
 
Pack 1 pick 14:
--> Defend the Hearth (FOIL)
    Mountain
 
Pack 1 pick 15:
--> Plains
 
------ THS ------
 
Pack 2 pick 1:
    Nylea's Presence
    Fleetfeather Sandals
    Demolish
    Yoked Ox
    Blood-Toll Harpy
    Benthic Giant
    Voyaging Satyr
    Spearpoint Oread
    Triton Shorethief
    Cavern Lampad
    Heliod's Emissary
    Witches' Eye
    Triton Tactics
--> Rageblood Shaman
    Swamp
 
Pack 2 pick 2:
    Dragon Mantle
    Bronze Sable
    Ephara's Warden
--> Sip of Hemlock
    Fade into Antiquity
    Satyr Rambler
    Observant Alseid
    Felhide Minotaur
    Borderland Minotaur
    Nemesis of Mortals
    Burnished Hart
    Spellheart Chimera
    Labyrinth Champion
    Forest
 
Pack 2 pick 3:
    Mnemonic Wall
    Viper's Kiss
    Lightning Strike
    Pheres-Band Centaurs
    Divine Verdict
--> Pharika's Cure
    Defend the Hearth
    Leonin Snarecaster
    Boon of Erebos
    Akroan Crusader
    Stoneshock Giant
    Warriors' Lesson
    Island
 
Pack 2 pick 4:
    Stymied Hopes
    Ill-Tempered Cyclops
    Scourgemark
    Coastline Chimera
    Rage of Purphoros
    Satyr Hedonist
    Shredding Winds
--> Boon of Erebos
    Rescue from the Underworld
    Evangel of Heliod
    Steam Augury
    Plains
 
Pack 2 pick 5:
--> Nessian Courser
    Lash of the Whip
    Minotaur Skullcleaver
    Hunt the Hunter (FOIL)
    Spark Jolt
    Returned Phalanx
    Coastline Chimera
    Voyage's End
    Staunch-Hearted Warrior
    Centaur Battlemaster
    Plains
 
Pack 2 pick 6:
    Fleetfeather Sandals
    Guardians of Meletis
    Traveling Philosopher
    Two-Headed Cerberus
    Aqueous Form
    Silent Artisan
    Akroan Crusader
--> Savage Surge
    Akroan Hoplite
    Island
 
Pack 2 pick 7:
    Pheres-Band Centaurs
    Coastline Chimera
    Defend the Hearth
    Leonin Snarecaster
    Priest of Iroas
    Triton Shorethief
--> Traveler's Amulet
    Satyr Piper
    Island
 
Pack 2 pick 8:
    Pheres-Band Centaurs
    Aqueous Form
--> Spearpoint Oread
    Vulpine Goliath
    Yoked Ox
    Setessan Battle Priest
    Flamecast Wheel
    Island
 
Pack 2 pick 9:
    Fleetfeather Sandals
--> Demolish
    Yoked Ox
    Benthic Giant
    Triton Shorethief
    Witches' Eye
    Swamp
 
Pack 2 pick 10:
    Bronze Sable
    Ephara's Warden
--> Fade into Antiquity
    Satyr Rambler
    Borderland Minotaur
    Forest
 
Pack 2 pick 11:
    Pheres-Band Centaurs
    Defend the Hearth
    Leonin Snarecaster
--> Akroan Crusader
    Island
 
Pack 2 pick 12:
    Coastline Chimera
--> Satyr Hedonist
    Steam Augury
    Plains
 
Pack 2 pick 13:
--> Spark Jolt
    Coastline Chimera
    Plains
 
Pack 2 pick 14:
--> Silent Artisan
    Island
 
Pack 2 pick 15:
--> Island
 
------ THS ------
 
Pack 3 pick 1:
    Nessian Courser
    Lash of the Whip
    Minotaur Skullcleaver
    Griptide
    Commune with the Gods
    Hopeful Eidolon
    Spark Jolt
    Returned Phalanx
    Borderland Minotaur
--> Sedge Scorpion
    Heliod's Emissary
    Sea God's Revenge
    Favored Hoplite
    Anax and Cymede
    Forest
 
Pack 3 pick 2:
    Nylea's Presence
    Fleetfeather Sandals
    Demolish
    Wingsteed Rider
    Two-Headed Cerberus
    Vulpine Goliath
    Annul
    Titan's Strength
    Ray of Dissolution
    Wavecrash Triton
    Glare of Heresy
--> Nylea's Emissary
    Dauntless Onslaught
    Swamp
 
Pack 3 pick 3:
    Lash of the Whip
    Messenger's Speed
    Unknown Shores
    Aqueous Form
    Asphodel Wanderer
    Wingsteed Rider
    Two-Headed Cerberus
    Setessan Battle Priest
    Gainsay
    Favored Hoplite
    Coordinated Assault
--> Arbor Colossus
    Forest
 
Pack 3 pick 4:
    Loathsome Catoblepas
    Omenspeaker
    Leonin Snarecaster
    Feral Invocation
    Fate Foretold
    Thassa's Bounty
    Wavecrash Triton
    Aqueous Form (FOIL)
    Peak Eruption
    Sealock Monster
--> Ember Swallower
    Swamp
 
Pack 3 pick 5:
    Nessian Courser
    March of the Returned
    Thassa's Bounty
    Lost in a Labyrinth
    Agent of Horizons
    Staunch-Hearted Warrior
    Scholar of Athreos
    Peak Eruption
    Glare of Heresy
--> Coordinated Assault
    Mountain
 
Pack 3 pick 6:
    Chosen by Heliod
    Mnemonic Wall
    Mnemonic Wall (FOIL)
    Benthic Giant
    Annul
--> Boon of Erebos
    Setessan Griffin
    Anvilwrought Raptor
    Dark Betrayal
    Plains
 
Pack 3 pick 7:
    Satyr Rambler
    Leonin Snarecaster
    Feral Invocation
    Fate Foretold
    Boulderfall
    Destructive Revelry
--> Artisan's Sorrow
    Witches' Eye
    Mountain
 
Pack 3 pick 8:
    Bronze Sable
    Ephara's Warden
    Asphodel Wanderer
    Voyaging Satyr
    Titan's Strength
--> Deathbellow Raider
    Spellheart Chimera
    Forest
 
Pack 3 pick 9:
    Lash of the Whip
--> Minotaur Skullcleaver
    Commune with the Gods
    Spark Jolt
    Borderland Minotaur
    Sea God's Revenge
    Forest
 
Pack 3 pick 10:
    Fleetfeather Sandals
    Demolish
    Two-Headed Cerberus
    Annul
--> Titan's Strength
    Swamp
 
Pack 3 pick 11:
    Messenger's Speed
    Unknown Shores
    Aqueous Form
--> Two-Headed Cerberus
    Forest
 
Pack 3 pick 12:
    Fate Foretold
    Thassa's Bounty
--> Peak Eruption
    Swamp
 
Pack 3 pick 13:
    Agent of Horizons
--> Peak Eruption
    Mountain
 
Pack 3 pick 14:
--> Mnemonic Wall
    Plains
 
Pack 3 pick 15:
--> Mountain
 
