Event #: 6593049
Time:    1/8/2014 11:41:09 PM
Players: 
    BlocBrasil
    El Zebio
    stodtie
    megaboudin
--> Alakai
    ekk452
    SmithB
    MBauer88
 
------ THS ------
 
Pack 1 pick 1:
    Mnemonic Wall
    Viper's Kiss
    Lightning Strike
    Blood-Toll Harpy
    Wingsteed Rider
    Spearpoint Oread
    Breaching Hippocamp
    Vulpine Goliath
    Felhide Minotaur
    Shredding Winds
--> Stoneshock Giant
    Pharika's Mender
    Dauntless Onslaught
    Nykthos, Shrine to Nyx
    Island
 
Pack 1 pick 2:
--> Gray Merchant of Asphodel
    Divine Verdict
    Sip of Hemlock
    Aqueous Form
    Spearpoint Oread
    Vulpine Goliath
    Yoked Ox
    Baleful Eidolon
    Voyage's End
    Staunch-Hearted Warrior
    Chronicler of Heroes
    Triton Tactics
    Insatiable Harpy
    Island
 
Pack 1 pick 3:
    Lash of the Whip
    Minotaur Skullcleaver
    Chosen by Heliod
--> Read the Bones
    Thassa's Bounty
    Lost in a Labyrinth
    Agent of Horizons
    Fade into Antiquity
    Ray of Dissolution
    Wavecrash Triton
    Dark Betrayal
    Steam Augury
    Plains
 
Pack 1 pick 4:
    Pheres-Band Centaurs
    Divine Verdict
    Satyr Rambler
    Scourgemark
    Coastline Chimera
    Rage of Purphoros
    Borderland Minotaur
    Scholar of Athreos
    Dissolve
    Peak Eruption
--> Coordinated Assault
    Swamp
 
Pack 1 pick 5:
    Pheres-Band Centaurs
    Nylea's Presence
--> Minotaur Skullcleaver
    Rage of Purphoros
    Feral Invocation
    Returned Centaur
    Traveler's Amulet
    Destructive Revelry
    Satyr Piper
    Meletis Charlatan
    Mountain
 
Pack 1 pick 6:
    Fleshmad Steed
    Cavalry Pegasus
    Stymied Hopes
    Defend the Hearth
    Leonin Snarecaster
    Priest of Iroas
    Savage Surge
    Anvilwrought Raptor
--> Colossus of Akros
    Forest
 
Pack 1 pick 7:
    Ephara's Warden
    Stymied Hopes
    Ill-Tempered Cyclops
    Blood-Toll Harpy
    Breaching Hippocamp
    Aqueous Form
--> Ordeal of Erebos
    Kragma Warcaller
    Island
 
Pack 1 pick 8:
    Demolish
    Asphodel Wanderer (FOIL)
--> Two-Headed Cerberus
    Silent Artisan
    Triton Shorethief
    Spellheart Chimera
    Evangel of Heliod
    Mountain
 
Pack 1 pick 9:
    Mnemonic Wall
    Viper's Kiss
--> Spearpoint Oread
    Vulpine Goliath
    Felhide Minotaur
    Shredding Winds
    Island
 
Pack 1 pick 10:
    Aqueous Form
--> Spearpoint Oread
    Vulpine Goliath
    Yoked Ox
    Staunch-Hearted Warrior
    Island
 
Pack 1 pick 11:
--> Minotaur Skullcleaver
    Thassa's Bounty
    Lost in a Labyrinth
    Fade into Antiquity
    Plains
 
Pack 1 pick 12:
--> Satyr Rambler
    Scholar of Athreos
    Peak Eruption
    Swamp
 
Pack 1 pick 13:
--> Destructive Revelry
    Satyr Piper
    Mountain
 
Pack 1 pick 14:
--> Stymied Hopes
    Forest
 
Pack 1 pick 15:
--> Island
 
------ THS ------
 
Pack 2 pick 1:
    Fleshmad Steed
    Nimbus Naiad
    Nylea's Disciple
    Crackling Triton
    Spark Jolt
    Last Breath
    Scourgemark
    Griptide
--> Felhide Minotaur
    Shredding Winds
    Rescue from the Underworld
    Gainsay
    Shipwreck Singer
    Sylvan Caryatid
    Forest
 
Pack 2 pick 2:
    Pheres-Band Centaurs
    Divine Verdict
    Guardians of Meletis
    Unknown Shores
    Crackling Triton
    Portent of Betrayal
    Commune with the Gods
    Returned Phalanx
    Deathbellow Raider
    Opaline Unicorn
    Tormented Hero
    Flamespeaker Adept
--> Tymaret, the Murder King
    Swamp
 
Pack 2 pick 3:
    Ill-Tempered Cyclops
    Titan's Strength
    Baleful Eidolon
    Benthic Giant
    Annul
    Traveling Philosopher
    Setessan Griffin
--> Disciple of Phenax
    Hunt the Hunter
    Warriors' Lesson
    Cutthroat Maneuver
    Rageblood Shaman
    Swamp
 
Pack 2 pick 4:
    Viper's Kiss
    Dragon Mantle
    Fate Foretold
    Portent of Betrayal
    Defend the Hearth
    Agent of Horizons
    Setessan Battle Priest
    Triton Shorethief
--> Tormented Hero
    Witches' Eye
    Swan Song
    Plains
 
Pack 2 pick 5:
    Divine Verdict
--> Sip of Hemlock
    Defend the Hearth
    Crackling Triton
    Spark Jolt
    Last Breath
    Borderland Minotaur
    Sedge Scorpion
    Gainsay
    Pharika's Mender
    Plains
 
Pack 2 pick 6:
    Nessian Courser
    March of the Returned
    Lagonna-Band Elder
    Lost in a Labyrinth
    Rage of Purphoros
    Feral Invocation
--> Cavern Lampad
    Boulderfall
    Sentry of the Underworld
    Forest
 
Pack 2 pick 7:
    Fleetfeather Sandals
    Mnemonic Wall (FOIL)
    Returned Centaur
    Griptide
    Commune with the Gods
    Shredding Winds
--> Boon of Erebos
    Chained to the Rocks
    Island
 
Pack 2 pick 8:
    Messenger's Speed
    Unknown Shores
    Asphodel Wanderer
    Two-Headed Cerberus
--> Felhide Minotaur
    Borderland Minotaur
    Akroan Hoplite
    Plains
 
Pack 2 pick 9:
    Fleshmad Steed
    Crackling Triton
    Spark Jolt
    Shredding Winds
    Gainsay
--> Shipwreck Singer
    Forest
 
Pack 2 pick 10:
    Pheres-Band Centaurs
    Guardians of Meletis
    Crackling Triton
--> Portent of Betrayal
    Commune with the Gods
    Swamp
 
Pack 2 pick 11:
--> Titan's Strength
    Benthic Giant
    Setessan Griffin
    Hunt the Hunter
    Swamp
 
Pack 2 pick 12:
--> Defend the Hearth
    Triton Shorethief
    Witches' Eye
    Plains
 
Pack 2 pick 13:
    Defend the Hearth
--> Spark Jolt
    Plains
 
Pack 2 pick 14:
--> Boulderfall
    Forest
 
Pack 2 pick 15:
--> Island
 
------ THS ------
 
Pack 3 pick 1:
    Nimbus Naiad
    Battlewise Valor
    Nessian Asp
    Wild Celebrants
    Silent Artisan
    Time to Feed
    Blood-Toll Harpy
    Breaching Hippocamp
    Shredding Winds
    Boulderfall
    Ordeal of Purphoros
    Decorated Griffin
    Flamespeaker Adept
--> Whip of Erebos
    Forest
 
Pack 3 pick 2:
    Prescient Chimera
    Demolish
    Leafcrown Dryad
    Asphodel Wanderer
    Titan's Strength
--> Baleful Eidolon
    Benthic Giant
    Ray of Dissolution
    Wavecrash Triton
    Battlewise Hoplite
    Spellheart Chimera
    Triton Tactics
    Akroan Horse
    Mountain
 
Pack 3 pick 3:
    Viper's Kiss
    Temple of Abandon (FOIL)
    Omenspeaker
    Annul
    Wingsteed Rider
    Wild Celebrants
    Two-Headed Cerberus
    Time to Feed
    Vaporkin
    Deathbellow Raider
    Hunt the Hunter
--> Erebos's Emissary
    Forest
 
Pack 3 pick 4:
    Stymied Hopes
    Nessian Courser
--> Lash of the Whip
    Minotaur Skullcleaver
    Chosen by Heliod
    Satyr Hedonist
    Last Breath
    Setessan Griffin
    Vaporkin
    Ordeal of Heliod
    Warriors' Lesson
    Plains
 
Pack 3 pick 5:
--> Ill-Tempered Cyclops
    Guardians of Meletis
    Vulpine Goliath
    Traveler's Amulet (FOIL)
    Titan's Strength
    Yoked Ox
    Vaporkin
    Setessan Battle Priest
    Horizon Chimera
    Titan of Eternal Fire
    Swamp
 
Pack 3 pick 6:
    Ephara's Warden
    Stymied Hopes
    Portent of Betrayal
    Commune with the Gods
    Defend the Hearth (FOIL)
    Lost in a Labyrinth
    Rescue from the Underworld
--> Purphoros's Emissary
    Arena Athlete
    Island
 
Pack 3 pick 7:
--> Dragon Mantle
    Bronze Sable
    Annul
    Wild Celebrants
    Silent Artisan
    Scholar of Athreos
    Cutthroat Maneuver
    Decorated Griffin
    Plains
 
Pack 3 pick 8:
--> Dragon Mantle
    Bronze Sable
    Breaching Hippocamp
    Vulpine Goliath
    Asphodel Wanderer
    Setessan Battle Priest
    Akroan Hoplite
    Plains
 
Pack 3 pick 9:
--> Wild Celebrants
    Silent Artisan
    Breaching Hippocamp
    Shredding Winds
    Boulderfall
    Decorated Griffin
    Forest
 
Pack 3 pick 10:
    Demolish
    Asphodel Wanderer
    Benthic Giant
    Ray of Dissolution
--> Spellheart Chimera
    Mountain
 
Pack 3 pick 11:
    Viper's Kiss
    Annul
    Wild Celebrants
--> Two-Headed Cerberus
    Forest
 
Pack 3 pick 12:
    Satyr Hedonist
--> Last Breath
    Setessan Griffin
    Plains
 
Pack 3 pick 13:
--> Guardians of Meletis
    Yoked Ox
    Swamp
 
Pack 3 pick 14:
--> Lost in a Labyrinth
    Island
 
Pack 3 pick 15:
--> Plains
 
