Event #: 6649860
Time:    1/21/2014 12:24:38 PM
Players: 
    MatsOle
    sai199orz
--> Destluck
    Jabni
    Testipouet
    Ghizmo
    matsumotius
    JayceWong
 
------ THS ------
 
Pack 1 pick 1:
    Bronze Sable
    Ephara's Warden
    Sip of Hemlock
    Rage of Purphoros
    Feral Invocation
    Returned Centaur
--> Hopeful Eidolon
    Fate Foretold
    Boulderfall
    Setessan Battle Priest
    Vanquish the Foul
    Akroan Hoplite
    Erebos's Emissary
    Psychic Intrusion
    Mountain
 
Pack 1 pick 2:
    Divine Verdict
    Sip of Hemlock
    Portent of Betrayal
    Commune with the Gods
    Returned Phalanx
    Lagonna-Band Elder
    Lost in a Labyrinth
    Wavecrash Triton
    Tormented Hero (FOIL)
--> Ordeal of Heliod
    Shipwreck Singer
    Triton Fortune Hunter
    Rageblood Shaman
    Swamp
 
Pack 1 pick 3:
    Viper's Kiss
    Dragon Mantle
    Omenspeaker
    Divine Verdict
    Thassa's Bounty
    Lagonna-Band Elder
    Priest of Iroas
    Vaporkin
    Felhide Minotaur
--> Magma Jet
    Anvilwrought Raptor
    Flamespeaker Adept
    Swamp
 
Pack 1 pick 4:
    Nylea's Disciple
    Lash of the Whip
    Messenger's Speed
--> Gods Willing
    Time to Feed
    Traveling Philosopher
    Two-Headed Cerberus
    Boulderfall
    Sedge Scorpion
    Cutthroat Maneuver
    Decorated Griffin
    Island
 
Pack 1 pick 5:
    Ill-Tempered Cyclops
    Guardians of Meletis
    Battlewise Valor
    Agent of Horizons
    Fade into Antiquity
    Satyr Rambler
    Observant Alseid
    Scourgemark
--> Akroan Crusader
    Nykthos, Shrine to Nyx
    Mountain
 
Pack 1 pick 6:
    Ill-Tempered Cyclops
    Chosen by Heliod
    Agent of Horizons
    Fade into Antiquity
    Satyr Rambler
    Omenspeaker (FOIL)
    Traveler's Amulet
    Peak Eruption
--> Coordinated Assault
    Forest
 
Pack 1 pick 7:
    Pheres-Band Centaurs
    Guardians of Meletis
    Scourgemark
    Satyr Hedonist
    Satyr Rambler
--> Akroan Crusader
    Artisan's Sorrow
    Sealock Monster
    Forest
 
Pack 1 pick 8:
--> Chosen by Heliod
    Pheres-Band Centaurs
    Nylea's Presence
    Spark Jolt
    Last Breath
    Scourgemark
    Satyr Hedonist
    Plains
 
Pack 1 pick 9:
    Bronze Sable
    Ephara's Warden
    Boulderfall
    Setessan Battle Priest
--> Akroan Hoplite
    Psychic Intrusion
    Mountain
 
Pack 1 pick 10:
    Portent of Betrayal
    Commune with the Gods
--> Lagonna-Band Elder
    Lost in a Labyrinth
    Tormented Hero (FOIL)
    Swamp
 
Pack 1 pick 11:
--> Dragon Mantle
    Thassa's Bounty
    Priest of Iroas
    Anvilwrought Raptor
    Swamp
 
Pack 1 pick 12:
--> Messenger's Speed
    Boulderfall
    Decorated Griffin
    Island
 
Pack 1 pick 13:
    Guardians of Meletis
--> Satyr Rambler
    Mountain
 
Pack 1 pick 14:
--> Satyr Rambler
    Forest
 
Pack 1 pick 15:
--> Forest
 
------ THS ------
 
Pack 2 pick 1:
    Ephara's Warden
    Sip of Hemlock
    Stymied Hopes
    Ill-Tempered Cyclops
    Ill-Tempered Cyclops (FOIL)
    Benthic Giant
    Annul
    Traveling Philosopher
    Cavern Lampad
    Sedge Scorpion
--> Phalanx Leader
    Satyr Piper
    Thassa's Emissary
    Temple of Silence
    Mountain
 
Pack 2 pick 2:
    Messenger's Speed
    Gods Willing
    Prescient Chimera
    Griptide
    Commune with the Gods
--> Hopeful Eidolon
    Spark Jolt
    Cavern Lampad
    Staunch-Hearted Warrior
    Purphoros's Emissary
    Ordeal of Nylea
    Thassa's Emissary
    Artisan of Forms
    Mountain
 
Pack 2 pick 3:
--> Minotaur Skullcleaver
    Chosen by Heliod
    Mnemonic Wall
    Lost in a Labyrinth
    Agent of Horizons
    Fade into Antiquity
    Satyr Rambler
    Observant Alseid
    Boulderfall
    Artisan of Forms (FOIL)
    Chronicler of Heroes
    Artisan's Sorrow
    Mountain
 
Pack 2 pick 4:
    Dragon Mantle
    Two-Headed Cerberus
    Time to Feed
    Asphodel Wanderer
    Breaching Hippocamp
    Silent Artisan
    Savage Surge
    Opaline Unicorn
    Anvilwrought Raptor
    Centaur Battlemaster
--> Flamespeaker Adept
    Swamp
 
Pack 2 pick 5:
    Nylea's Presence
--> Minotaur Skullcleaver
    Wild Celebrants
    Silent Artisan
    Blood-Toll Harpy
    Breaching Hippocamp
    Setessan Battle Priest
    Deathbellow Raider
    Spellheart Chimera
    Evangel of Heliod
    Plains
 
Pack 2 pick 6:
    Loathsome Catoblepas
    March of the Returned
    Read the Bones
    Thassa's Bounty
    Lost in a Labyrinth
    Fade into Antiquity
    Traveler's Amulet
    Shredding Winds
--> Ordeal of Heliod
    Plains
 
Pack 2 pick 7:
    March of the Returned
--> Two-Headed Cerberus
    Vulpine Goliath
    Annul
    Borderland Minotaur
    Shredding Winds
    Pharika's Mender
    Psychic Intrusion
    Plains
 
Pack 2 pick 8:
    Loathsome Catoblepas
    Fleetfeather Sandals
    Satyr Hedonist
    Satyr Rambler
--> Leonin Snarecaster
    Stoneshock Giant (FOIL)
    Glare of Heresy
    Plains
 
Pack 2 pick 9:
    Ephara's Warden
    Stymied Hopes
    Ill-Tempered Cyclops (FOIL)
    Annul
--> Traveling Philosopher
    Cavern Lampad
    Mountain
 
Pack 2 pick 10:
    Messenger's Speed
--> Gods Willing
    Commune with the Gods
    Spark Jolt
    Purphoros's Emissary
    Mountain
 
Pack 2 pick 11:
--> Chosen by Heliod
    Lost in a Labyrinth
    Fade into Antiquity
    Boulderfall
    Mountain
 
Pack 2 pick 12:
    Asphodel Wanderer
    Silent Artisan
--> Anvilwrought Raptor
    Swamp
 
Pack 2 pick 13:
    Silent Artisan
--> Setessan Battle Priest
    Plains
 
Pack 2 pick 14:
--> Loathsome Catoblepas
    Plains
 
Pack 2 pick 15:
--> Plains
 
------ THS ------
 
Pack 3 pick 1:
    Sip of Hemlock
    Stymied Hopes
    Ill-Tempered Cyclops
    Blood-Toll Harpy
    Breaching Hippocamp
    Aqueous Form
    Spearpoint Oread
    Vulpine Goliath
    Wavecrash Triton
    Cavern Lampad
--> Ordeal of Purphoros
    Ordeal of Thassa
    Triton Fortune Hunter
    Colossus of Akros
    Mountain
 
Pack 3 pick 2:
    Chosen by Heliod
    Pheres-Band Centaurs
    Last Breath
    Unknown Shores
    Crackling Triton
    Portent of Betrayal
    Commune with the Gods
    Felhide Minotaur
    Voyage's End
    Peak Eruption
    Ordeal of Thassa
--> Coordinated Assault
    Steam Augury
    Forest
 
Pack 3 pick 3:
    Demolish
    Gods Willing
    Blood-Toll Harpy
    Spearpoint Oread
    Breaching Hippocamp
    Vulpine Goliath
    Staunch-Hearted Warrior
    Borderland Minotaur
    Gainsay
    Prowler's Helm
--> Favored Hoplite
    Temple of Abandon
    Island
 
Pack 3 pick 4:
    Bronze Sable
    Ephara's Warden
    Portent of Betrayal
    Commune with the Gods
    Returned Phalanx
    Lost in a Labyrinth
    Opaline Unicorn
    Ray of Dissolution
    Vanquish the Foul
--> Akroan Hoplite
    Temple of Triumph
    Swamp
 
Pack 3 pick 5:
    Mnemonic Wall
    Viper's Kiss
    Satyr Rambler
    Scourgemark
    Coastline Chimera
--> Rage of Purphoros
    Boon of Erebos
    Gainsay
    Stoneshock Giant
    Sealock Monster
    Mountain
 
Pack 3 pick 6:
    Chosen by Heliod
    Pheres-Band Centaurs
    Pharika's Cure
    Feral Invocation
    Returned Centaur
    Boulderfall
--> Sedge Scorpion
    Warriors' Lesson
    Triad of Fates
    Forest
 
Pack 3 pick 7:
--> Battlewise Valor
    Viper's Kiss
    Fate Foretold
    Portent of Betrayal
    Observant Alseid
    Defend the Hearth
    Agent of Horizons
    Akroan Crusader
    Island
 
Pack 3 pick 8:
    Demolish
    Satyr Hedonist
    Unknown Shores
    Crackling Triton
    Felhide Minotaur
    Artisan's Sorrow
--> Chained to the Rocks
    Plains
 
Pack 3 pick 9:
    Stymied Hopes
    Ill-Tempered Cyclops
    Breaching Hippocamp
    Aqueous Form
--> Wavecrash Triton
    Colossus of Akros
    Mountain
 
Pack 3 pick 10:
    Pheres-Band Centaurs
--> Last Breath
    Crackling Triton
    Commune with the Gods
    Steam Augury
    Forest
 
Pack 3 pick 11:
    Demolish
    Breaching Hippocamp
    Gainsay
--> Prowler's Helm
    Island
 
Pack 3 pick 12:
--> Ephara's Warden
    Commune with the Gods
    Lost in a Labyrinth
    Swamp
 
Pack 3 pick 13:
--> Satyr Rambler
    Gainsay
    Mountain
 
Pack 3 pick 14:
--> Boulderfall
    Forest
 
Pack 3 pick 15:
--> Island
 
