Event #: 6649330
Time:    1/21/2014 9:39:30 AM
Players: 
    hogester
    SergGold
--> Destluck
    b1acky
    emirion
    Tojarra17
    bolingea
    brandonm
 
------ THS ------
 
Pack 1 pick 1:
    Cavalry Pegasus
    Loathsome Catoblepas
    Plains (FOIL)
    Baleful Eidolon
    Benthic Giant
    Annul
    Traveling Philosopher
    Wild Celebrants
    Boon of Erebos
    Vaporkin
    Karametra's Acolyte
    Dauntless Onslaught
    Witches' Eye
--> Whip of Erebos
    Swamp
 
Pack 1 pick 2:
    Gods Willing
    Nessian Courser
    March of the Returned
    Benthic Giant
    Time to Feed
--> Baleful Eidolon
    Traveling Philosopher
    Two-Headed Cerberus
    Ray of Dissolution
    Vaporkin
    Karametra's Acolyte
    Phalanx Leader
    Spellheart Chimera
    Forest
 
Pack 1 pick 3:
    Ephara's Warden
    Sip of Hemlock
    Stymied Hopes
    Ill-Tempered Cyclops
    Fade into Antiquity
    Returned Centaur
    Commune with the Gods
--> Sedge Scorpion
    Boon of Erebos
    Sentry of the Underworld
    Cutthroat Maneuver
    Temple of Silence
    Island
 
Pack 1 pick 4:
    Ill-Tempered Cyclops
    Guardians of Meletis
    Battlewise Valor
    Yoked Ox
    Annul
    Wild Celebrants
    Wavecrash Triton
    Opaline Unicorn
    Ordeal of Heliod
    Prowler's Helm
--> Favored Hoplite
    Island
 
Pack 1 pick 5:
    Loathsome Catoblepas
    Omenspeaker
    March of the Returned
    Lagonna-Band Elder
    Lost in a Labyrinth
--> Feral Invocation
    Shredding Winds
    Deathbellow Raider
    Hunt the Hunter
    Prowler's Helm
    Swamp
 
Pack 1 pick 6:
    Fleshmad Steed
    Cavalry Pegasus
    Two-Headed Cerberus
--> Time to Feed
    Asphodel Wanderer
    Breaching Hippocamp
    Silent Artisan
    Triton Shorethief
    Satyr Piper
    Mountain
 
Pack 1 pick 7:
    Viper's Kiss
    Omenspeaker
    Coastline Chimera
    Defend the Hearth
    Priest of Iroas
--> Staunch-Hearted Warrior
    Stoneshock Giant
    Flamecast Wheel
    Forest
 
Pack 1 pick 8:
--> Nylea's Disciple
    Stymied Hopes
    Returned Centaur
    Fate Foretold
    Portent of Betrayal
    Cavern Lampad
    Chained to the Rocks
    Forest
 
Pack 1 pick 9:
    Loathsome Catoblepas
    Plains (FOIL)
    Benthic Giant
    Wild Celebrants
--> Boon of Erebos
    Witches' Eye
    Swamp
 
Pack 1 pick 10:
--> Nessian Courser
    March of the Returned
    Benthic Giant
    Two-Headed Cerberus
    Spellheart Chimera
    Forest
 
Pack 1 pick 11:
--> Sip of Hemlock
    Returned Centaur
    Commune with the Gods
    Boon of Erebos
    Island
 
Pack 1 pick 12:
    Guardians of Meletis
--> Annul
    Wild Celebrants
    Island
 
Pack 1 pick 13:
    Loathsome Catoblepas
--> Shredding Winds
    Swamp
 
Pack 1 pick 14:
--> Satyr Piper
    Mountain
 
Pack 1 pick 15:
--> Forest
 
------ THS ------
 
Pack 2 pick 1:
    Pheres-Band Centaurs
    Nylea's Presence
    Minotaur Skullcleaver
    Leonin Snarecaster
    Feral Invocation
    Fate Foretold
    Thassa's Bounty
    Lagonna-Band Elder
    Staunch-Hearted Warrior
    Boon of Erebos
--> Nemesis of Mortals
    Ordeal of Erebos
    Witches' Eye
    Reverent Hunter
    Swamp
 
Pack 2 pick 2:
--> Gray Merchant of Asphodel
    Divine Verdict
    Sip of Hemlock
    Baleful Eidolon
    Traveling Philosopher
    Two-Headed Cerberus
    Aqueous Form
    Silent Artisan
    Shredding Winds
    Deathbellow Raider
    Magma Jet
    Coordinated Assault
    Akroan Horse
    Plains
 
Pack 2 pick 3:
--> Nylea's Disciple
    Lash of the Whip
    Messenger's Speed
    Breaching Hippocamp
    Aqueous Form
    Spearpoint Oread
    Vulpine Goliath
    Boulderfall
    Minotaur Skullcleaver (FOIL)
    Kragma Warcaller
    Arena Athlete
    Colossus of Akros
    Forest
 
Pack 2 pick 4:
    Prescient Chimera
    Demolish
    Scourgemark
    Satyr Hedonist
    Satyr Rambler
    Leonin Snarecaster
    Savage Surge
--> Opaline Unicorn
    Gainsay
    Kragma Warcaller
    Steam Augury
    Mountain
 
Pack 2 pick 5:
    Fleshmad Steed
    Cavalry Pegasus
    Blood-Toll Harpy
    Benthic Giant
    Spearpoint Oread
    Unknown Shores
    Opaline Unicorn
    Ray of Dissolution
    Destructive Revelry
--> Erebos's Emissary
    Mountain
 
Pack 2 pick 6:
--> Nessian Asp
    Yoked Ox
    Voyaging Satyr
    Wild Celebrants
    Benthic Giant
    Time to Feed
    Setessan Griffin
    Horizon Chimera
    Insatiable Harpy
    Mountain
 
Pack 2 pick 7:
--> Lash of the Whip
    Minotaur Skullcleaver
    Aqueous Form
    Asphodel Wanderer
    Vulpine Goliath
    Boulderfall
    Warriors' Lesson
    Titan of Eternal Fire
    Plains
 
Pack 2 pick 8:
    Viper's Kiss
    Omenspeaker
    Fade into Antiquity
    Returned Centaur
--> Commune with the Gods
    Felhide Minotaur
    Sea God's Revenge
    Forest
 
Pack 2 pick 9:
    Pheres-Band Centaurs
--> Nylea's Presence
    Thassa's Bounty
    Lagonna-Band Elder
    Boon of Erebos
    Witches' Eye
    Swamp
 
Pack 2 pick 10:
    Sip of Hemlock
--> Baleful Eidolon
    Two-Headed Cerberus
    Silent Artisan
    Shredding Winds
    Plains
 
Pack 2 pick 11:
    Messenger's Speed
    Breaching Hippocamp
    Boulderfall
--> Kragma Warcaller
    Forest
 
Pack 2 pick 12:
    Demolish
--> Scourgemark
    Satyr Hedonist
    Mountain
 
Pack 2 pick 13:
--> Fleshmad Steed
    Destructive Revelry
    Mountain
 
Pack 2 pick 14:
--> Yoked Ox
    Mountain
 
Pack 2 pick 15:
--> Plains
 
------ THS ------
 
Pack 3 pick 1:
    Prescient Chimera
    Demolish
--> Leafcrown Dryad
    Fate Foretold
    Portent of Betrayal
    Observant Alseid
    Defend the Hearth
    Agent of Horizons
    Disciple of Phenax
    Wavecrash Triton
    Horizon Scholar
    Anvilwrought Raptor
    Arena Athlete
    Medomai the Ageless
    Mountain
 
Pack 3 pick 2:
    Pheres-Band Centaurs
    Divine Verdict
    Guardians of Meletis
    Annul
    Titan's Strength
    Yoked Ox
    Voyaging Satyr
    Wild Celebrants
    Voyage's End
    Akroan Crusader
--> Rescue from the Underworld
    Dauntless Onslaught
    Temple of Mystery
    Swamp
 
Pack 3 pick 3:
    Loathsome Catoblepas
    Omenspeaker
    March of the Returned
    Satyr Hedonist
--> Read the Bones
    Last Breath
    Unknown Shores
    Crackling Triton
    Staunch-Hearted Warrior
    Borderland Minotaur
    Hunt the Hunter
    Dark Betrayal
    Swamp
 
Pack 3 pick 4:
    Sip of Hemlock
    Stymied Hopes
    Ill-Tempered Cyclops
--> Leafcrown Dryad
    Chosen by Heliod
    Griptide
    Satyr Hedonist
    Satyr Rambler
    Triton Shorethief
    Decorated Griffin
    Gift of Immortality
    Island
 
Pack 3 pick 5:
    Fleetfeather Sandals
    Demolish
    Ephara's Warden
    Fleshmad Steed
    Silent Artisan
--> Time to Feed
    Blood-Toll Harpy
    Setessan Battle Priest
    Purphoros's Emissary
    Swan Song
    Mountain
 
Pack 3 pick 6:
    Lash of the Whip
    Traveling Philosopher
    Yoked Ox
--> Blood-Toll Harpy
    Benthic Giant
    Felhide Minotaur
    Glare of Heresy
    Spellheart Chimera
    Evangel of Heliod
    Plains
 
Pack 3 pick 7:
    Pheres-Band Centaurs
    Guardians of Meletis
    Unknown Shores
    Aqueous Form
    Asphodel Wanderer
--> Savage Surge
    Setessan Griffin
    Shipwreck Singer
    Swamp
 
Pack 3 pick 8:
    Pheres-Band Centaurs
    Nylea's Presence
    Spark Jolt
--> Returned Phalanx
    Setessan Griffin
    Triton Shorethief
    Decorated Griffin
    Swamp
 
Pack 3 pick 9:
    Prescient Chimera
    Demolish
    Fate Foretold
    Defend the Hearth
--> Agent of Horizons
    Anvilwrought Raptor
    Mountain
 
Pack 3 pick 10:
    Pheres-Band Centaurs
    Guardians of Meletis
--> Annul
    Yoked Ox
    Wild Celebrants
    Swamp
 
Pack 3 pick 11:
    Loathsome Catoblepas
    March of the Returned
    Satyr Hedonist
--> Hunt the Hunter
    Swamp
 
Pack 3 pick 12:
--> Sip of Hemlock
    Satyr Hedonist
    Triton Shorethief
    Island
 
Pack 3 pick 13:
    Ephara's Warden
--> Fleshmad Steed
    Mountain
 
Pack 3 pick 14:
--> Yoked Ox
    Plains
 
Pack 3 pick 15:
--> Swamp
 
