Event #: 6652151
Time:    1/21/2014 10:12:37 PM
Players: 
    Jabrasca
    AznTimmay
    Sakst82
    g0ld
    aduchow
--> Destluck
    trukanshii
    HansZarkov
 
------ THS ------
 
Pack 1 pick 1:
    Battlewise Valor
    Nessian Asp
    Viper's Kiss
    Spark Jolt
    Returned Phalanx
    Coastline Chimera
    Pharika's Cure
    Defend the Hearth
    Setessan Griffin
    Disciple of Phenax
    Ordeal of Purphoros
    Ordeal of Thassa
    Coordinated Assault
--> Bow of Nylea
    Swamp
 
Pack 1 pick 2:
    Battlewise Valor
--> Nessian Asp
    Viper's Kiss
    Dragon Mantle
    Thassa's Bounty
    Lagonna-Band Elder
    Priest of Iroas
    Fade into Antiquity
    Staunch-Hearted Warrior
    Scholar of Athreos
    Phalanx Leader
    Peak Eruption
    Warriors' Lesson
    Swamp
 
Pack 1 pick 3:
    Messenger's Speed
    Mnemonic Wall
    Cavalry Pegasus
    Hopeful Eidolon
    Wavecrash Triton (FOIL)
--> Returned Phalanx
    Coastline Chimera
    Pharika's Cure
    Shredding Winds
    Boon of Erebos
    Mogis's Marauder
    Flamespeaker Adept
    Forest
 
Pack 1 pick 4:
    Dragon Mantle
    Omenspeaker
    Divine Verdict
    Leonin Snarecaster
    Priest of Iroas
    Read the Bones
    Thassa's Bounty
    Wavecrash Triton
    Traveler's Amulet
    Spellheart Chimera
--> Temple of Deceit
    Mountain
 
Pack 1 pick 5:
    Fleshmad Steed
    Cavalry Pegasus
    Last Breath
    Unknown Shores
    Crackling Triton
    Portent of Betrayal
    Commune with the Gods
--> Sedge Scorpion
    Felhide Minotaur
    Dissolve
    Swamp
 
Pack 1 pick 6:
    Viper's Kiss
    Pheres-Band Centaurs
    Aqueous Form
    Silent Artisan
--> Blood-Toll Harpy
    Wingsteed Rider
    Spearpoint Oread
    Setessan Griffin
    Arena Athlete
    Plains
 
Pack 1 pick 7:
    Minotaur Skullcleaver
    Wild Celebrants
    Two-Headed Cerberus
--> Time to Feed
    Asphodel Wanderer
    Akroan Crusader
    Pharika's Cure (FOIL)
    Karametra's Acolyte
    Island
 
Pack 1 pick 8:
--> Artisan's Sorrow (FOIL)
    Traveling Philosopher
    Silent Artisan
    Ray of Dissolution
    Satyr Piper
    Decorated Griffin
    Pyxis of Pandemonium
    Island
 
Pack 1 pick 9:
    Viper's Kiss
    Spark Jolt
    Defend the Hearth
    Setessan Griffin
--> Disciple of Phenax
    Coordinated Assault
    Swamp
 
Pack 1 pick 10:
--> Viper's Kiss
    Thassa's Bounty
    Lagonna-Band Elder
    Priest of Iroas
    Peak Eruption
    Swamp
 
Pack 1 pick 11:
    Messenger's Speed
--> Mnemonic Wall
    Coastline Chimera
    Flamespeaker Adept
    Forest
 
Pack 1 pick 12:
--> Leonin Snarecaster
    Priest of Iroas
    Spellheart Chimera
    Mountain
 
Pack 1 pick 13:
--> Unknown Shores
    Commune with the Gods
    Swamp
 
Pack 1 pick 14:
--> Silent Artisan
    Plains
 
Pack 1 pick 15:
--> Island
 
------ THS ------
 
Pack 2 pick 1:
    Divine Verdict
    Guardians of Meletis
    Prescient Chimera
    Feral Invocation
    Returned Centaur
    Hopeful Eidolon
    Fate Foretold
    Portent of Betrayal
    Wavecrash Triton
    Traveler's Amulet
    Gainsay
    Stoneshock Giant
--> Ordeal of Nylea
    Ashen Rider
    Island
 
Pack 2 pick 2:
    Minotaur Skullcleaver
    Chosen by Heliod
    Mnemonic Wall
    Returned Phalanx
    Lagonna-Band Elder
    Lost in a Labyrinth
    Pharika's Cure
    Rage of Purphoros
    Deathbellow Raider
    Savage Surge
    Hunt the Hunter
--> Keepsake Gorgon
    Insatiable Harpy
    Forest
 
Pack 2 pick 3:
    Stymied Hopes
--> Nessian Courser
    Lash of the Whip
    Breaching Hippocamp
    Vulpine Goliath
    Asphodel Wanderer
    Sedge Scorpion
    Scholar of Athreos
    Destructive Revelry
    Witches' Eye
    Triton Tactics
    Curse of the Swine
    Mountain
 
Pack 2 pick 4:
    Chosen by Heliod
    Pheres-Band Centaurs
    Satyr Hedonist
    Satyr Rambler
--> Feral Invocation
    Fate Foretold
    Triton Shorethief
    Traveler's Amulet
    Gainsay
    Kragma Warcaller
    Prowler's Helm
    Plains
 
Pack 2 pick 5:
    Guardians of Meletis
    Prescient Chimera
    Demolish
    Wild Celebrants
    Silent Artisan
--> Opaline Unicorn
    Ray of Dissolution
    Horizon Scholar
    Chronicler of Heroes
    Shipwreck Singer
    Island
 
Pack 2 pick 6:
    Prescient Chimera
    Fleetfeather Sandals
    Aqueous Form
    Asphodel Wanderer
    Two-Headed Cerberus
    Vulpine Goliath
    Opaline Unicorn
--> Staunch-Hearted Warrior
    Karametra's Acolyte
    Forest
 
Pack 2 pick 7:
    Fleshmad Steed
    Cavalry Pegasus
    Rage of Purphoros
    Returned Centaur
    Boulderfall
    Hunt the Hunter
    Flamespeaker Adept
--> Temple of Triumph
    Swamp
 
Pack 2 pick 8:
--> Bronze Sable
    Ephara's Warden
    Crackling Triton
    Last Breath
    Scourgemark
    Borderland Minotaur
    Steam Augury
    Mountain
 
Pack 2 pick 9:
    Guardians of Meletis
--> Feral Invocation
    Returned Centaur
    Fate Foretold
    Traveler's Amulet
    Gainsay
    Island
 
Pack 2 pick 10:
    Mnemonic Wall
    Lagonna-Band Elder
    Lost in a Labyrinth
--> Pharika's Cure
    Rage of Purphoros
    Forest
 
Pack 2 pick 11:
--> Vulpine Goliath
    Asphodel Wanderer
    Destructive Revelry
    Witches' Eye
    Mountain
 
Pack 2 pick 12:
    Pheres-Band Centaurs
--> Satyr Hedonist
    Triton Shorethief
    Plains
 
Pack 2 pick 13:
--> Demolish
    Wild Celebrants
    Island
 
Pack 2 pick 14:
--> Asphodel Wanderer
    Forest
 
Pack 2 pick 15:
--> Swamp
 
------ THS ------
 
Pack 3 pick 1:
    Omenspeaker
--> Gray Merchant of Asphodel
    Titan of Eternal Fire (FOIL)
    Sip of Hemlock
    Bronze Sable
    Returned Centaur
    Griptide
    Commune with the Gods
    Felhide Minotaur
    Borderland Minotaur
    Ordeal of Thassa
    Pharika's Mender
    Dauntless Onslaught
    Fleecemane Lion
    Mountain
 
Pack 3 pick 2:
    Messenger's Speed
    Gods Willing
--> Gray Merchant of Asphodel
    Lost in a Labyrinth
    Fade into Antiquity
    Satyr Rambler
    Observant Alseid
    Ray of Dissolution
    Wavecrash Triton
    Battlewise Hoplite
    Vanquish the Foul
    Fanatic of Mogis
    Swan Song
    Mountain
 
Pack 3 pick 3:
    Demolish
    Spearpoint Oread (FOIL)
    Gods Willing
    Breaching Hippocamp
    Vulpine Goliath
    Asphodel Wanderer
    Titan's Strength
    Shredding Winds
    Boulderfall
    Glare of Heresy
--> Prowler's Helm
    Favored Hoplite
    Swamp
 
Pack 3 pick 4:
    Demolish
    Ephara's Warden
--> Fleshmad Steed
    Defend the Hearth
    Leonin Snarecaster
    Priest of Iroas
    Thassa's Bounty
    Boulderfall
    Stoneshock Giant
    Sentry of the Underworld
    Meletis Charlatan
    Island
 
Pack 3 pick 5:
    Guardians of Meletis
    Battlewise Valor
    Loathsome Catoblepas
    Scourgemark
    Rage of Purphoros
    Satyr Hedonist
    Borderland Minotaur
--> Scholar of Athreos
    Purphoros's Emissary
    Flamecast Wheel
    Plains
 
Pack 3 pick 6:
    Nylea's Disciple
--> Blood-Toll Harpy
    Benthic Giant
    Spearpoint Oread
    Unknown Shores
    Savage Surge
    Tormented Hero
    Cutthroat Maneuver
    Decorated Griffin
    Swamp
 
Pack 3 pick 7:
    Viper's Kiss
    Pheres-Band Centaurs
    Titan's Strength
    Annul
    Akroan Crusader
--> Tormented Hero
    Coordinated Assault
    Titan of Eternal Fire
    Plains
 
Pack 3 pick 8:
    Guardians of Meletis
--> Flamecast Wheel (FOIL)
    Loathsome Catoblepas
    Portent of Betrayal
    Commune with the Gods
    Lost in a Labyrinth
    Akroan Hoplite
    Plains
 
Pack 3 pick 9:
    Titan of Eternal Fire (FOIL)
--> Sip of Hemlock
    Bronze Sable
    Returned Centaur
    Commune with the Gods
    Felhide Minotaur
    Mountain
 
Pack 3 pick 10:
    Messenger's Speed
    Lost in a Labyrinth
    Satyr Rambler
--> Observant Alseid
    Ray of Dissolution
    Mountain
 
Pack 3 pick 11:
--> Demolish
    Breaching Hippocamp
    Boulderfall
    Glare of Heresy
    Swamp
 
Pack 3 pick 12:
--> Demolish
    Defend the Hearth
    Boulderfall
    Island
 
Pack 3 pick 13:
--> Loathsome Catoblepas
    Flamecast Wheel
    Plains
 
Pack 3 pick 14:
--> Decorated Griffin
    Swamp
 
Pack 3 pick 15:
--> Plains
 
