Event #: 6678083
Time:    1/27/2014 8:13:49 PM
Players: 
    Rusty_Shackelford
    Ilyon
--> Destluck
    Destruidor
    Ordinarybeing
    omomo
    sorm
    Tenzotron
 
------ THS ------
 
Pack 1 pick 1:
    Nylea's Disciple
    Stymied Hopes
--> Nessian Courser
    Returned Phalanx
    Coastline Chimera
    Pharika's Cure
    Defend the Hearth
    Leonin Snarecaster
    Vaporkin
    Felhide Minotaur
    Gainsay
    Kragma Warcaller
    Coordinated Assault
    Firedrinker Satyr
    Plains
 
Pack 1 pick 2:
--> Lash of the Whip
    Messenger's Speed
    Gods Willing
    Commune with the Gods (FOIL)
    Thassa's Bounty
    Lagonna-Band Elder
    Priest of Iroas
    Fade into Antiquity
    Scholar of Athreos
    Triton Shorethief
    Ordeal of Purphoros
    Witches' Eye
    Meletis Charlatan
    Island
 
Pack 1 pick 3:
    Bronze Sable
    Messenger's Speed
    Mnemonic Wall
    Observant Alseid
    Defend the Hearth
    Agent of Horizons
    Crackling Triton
    Spark Jolt
    Setessan Battle Priest
--> Deathbellow Raider
    Burnished Hart
    Satyr Piper
    Swamp
 
Pack 1 pick 4:
    Fleetfeather Sandals
--> Ill-Tempered Cyclops
    Guardians of Meletis
    Coastline Chimera
    Pharika's Cure
    Defend the Hearth
    Leonin Snarecaster
    Triton Shorethief
    Glare of Heresy
    Destructive Revelry
    Witches' Eye
    Mountain
 
Pack 1 pick 5:
    Pheres-Band Centaurs
--> Minotaur Skullcleaver
    Asphodel Wanderer
    Breaching Hippocamp
    Silent Artisan
    Deathbellow Raider
    Borderland Minotaur
    Vanquish the Foul
    Flamespeaker Adept
    Spellheart Chimera
    Forest
 
Pack 1 pick 6:
    Mnemonic Wall
    Viper's Kiss
    Priest of Iroas
    Thassa's Bounty
    Lost in a Labyrinth
    Opaline Unicorn
    Ray of Dissolution
    Peak Eruption
--> Dark Betrayal
    Swamp
 
Pack 1 pick 7:
    March of the Returned
    Wild Celebrants
--> Two-Headed Cerberus
    Asphodel Wanderer
    Breaching Hippocamp
    Boulderfall
    Savage Surge
    Spellheart Chimera
    Plains
 
Pack 1 pick 8:
    Fleetfeather Sandals
    Demolish
    Ephara's Warden
--> Scourgemark
    Satyr Hedonist
    Satyr Rambler
    Hunt the Hunter
    Forest
 
Pack 1 pick 9:
    Stymied Hopes
    Returned Phalanx
    Defend the Hearth
    Leonin Snarecaster
--> Felhide Minotaur
    Gainsay
    Plains
 
Pack 1 pick 10:
    Messenger's Speed
--> Commune with the Gods (FOIL)
    Thassa's Bounty
    Priest of Iroas
    Witches' Eye
    Island
 
Pack 1 pick 11:
--> Bronze Sable
    Messenger's Speed
    Spark Jolt
    Satyr Piper
    Swamp
 
Pack 1 pick 12:
--> Defend the Hearth
    Triton Shorethief
    Witches' Eye
    Mountain
 
Pack 1 pick 13:
--> Asphodel Wanderer
    Silent Artisan
    Forest
 
Pack 1 pick 14:
--> Thassa's Bounty
    Swamp
 
Pack 1 pick 15:
--> Plains
 
------ THS ------
 
Pack 2 pick 1:
    Omenspeaker
    March of the Returned
--> Lightning Strike
    Fleshmad Steed
    Cavalry Pegasus
    Commune with the Gods
    Hopeful Eidolon
    Spark Jolt
    Akroan Crusader
    Setessan Griffin
    Magma Jet
    Rescue from the Underworld
    Favored Hoplite
    Curse of the Swine
    Forest
 
Pack 2 pick 2:
    Gods Willing
--> Gray Merchant of Asphodel
    Prescient Chimera
    Benthic Giant
    Annul
    Traveling Philosopher
    Wild Celebrants
    Silent Artisan
    Sedge Scorpion
    Boon of Erebos
    Stoneshock Giant
    Nylea's Emissary
    Daxos of Meletis
    Swamp
 
Pack 2 pick 3:
    Fleshmad Steed
    Nimbus Naiad
    Nylea's Disciple
    Traveling Philosopher
    Two-Headed Cerberus
--> Read the Bones (FOIL)
    Silent Artisan
    Traveler's Amulet
    Shredding Winds
    Destructive Revelry
    Witches' Eye
    Reaper of the Wilds
    Plains
 
Pack 2 pick 4:
    Pheres-Band Centaurs
    Divine Verdict
    Guardians of Meletis
    Traveling Philosopher
    Wild Celebrants
    Silent Artisan
    Time to Feed
--> Blood-Toll Harpy
    Wavecrash Triton
    Cavern Lampad
    Sealock Monster
    Mountain
 
Pack 2 pick 5:
    Lash of the Whip
    Messenger's Speed
    Leonin Snarecaster
    Feral Invocation
    Fate Foretold
    Thassa's Bounty
    Boulderfall
    Griptide (FOIL)
--> Tormented Hero
    Triton Tactics
    Island
 
Pack 2 pick 6:
    Prescient Chimera
    Demolish
    Fade into Antiquity
    Satyr Rambler
--> Scourgemark
    Coastline Chimera
    Boulderfall
    Sedge Scorpion
    Horizon Chimera
    Forest
 
Pack 2 pick 7:
    Loathsome Catoblepas
    Nylea's Presence
    Wild Celebrants
    Benthic Giant
--> Time to Feed
    Savage Surge
    Setessan Griffin
    Rescue from the Underworld
    Mountain
 
Pack 2 pick 8:
    Lost in a Labyrinth
--> Pharika's Cure
    Rage of Purphoros
    Feral Invocation
    Returned Centaur
    Boon of Erebos
    Karametra's Acolyte
    Plains
 
Pack 2 pick 9:
    March of the Returned
    Cavalry Pegasus
    Commune with the Gods
    Spark Jolt
    Setessan Griffin
--> Rescue from the Underworld
    Forest
 
Pack 2 pick 10:
    Benthic Giant
    Annul
    Wild Celebrants
    Silent Artisan
--> Boon of Erebos
    Swamp
 
Pack 2 pick 11:
--> Fleshmad Steed
    Silent Artisan
    Shredding Winds
    Witches' Eye
    Plains
 
Pack 2 pick 12:
    Pheres-Band Centaurs
    Guardians of Meletis
--> Cavern Lampad
    Mountain
 
Pack 2 pick 13:
    Thassa's Bounty
--> Boulderfall
    Island
 
Pack 2 pick 14:
--> Demolish
    Forest
 
Pack 2 pick 15:
--> Mountain
 
------ THS ------
 
Pack 3 pick 1:
--> Gray Merchant of Asphodel
    Divine Verdict
    Sip of Hemlock
    Two-Headed Cerberus
    Vulpine Goliath
    Annul
    Titan's Strength
    Yoked Ox
    Felhide Minotaur
    Voyage's End
    Peak Eruption
    Glare of Heresy
    Cutthroat Maneuver
    Hundred-Handed One
    Island
 
Pack 3 pick 2:
    Gods Willing
    Nessian Courser
    March of the Returned
    Breaching Hippocamp
    Aqueous Form
    Spearpoint Oread
    Vulpine Goliath
    Yoked Ox
    Scholar of Athreos
    Disciple of Phenax
    Prowler's Helm
--> Erebos's Emissary
    Boon Satyr
    Plains
 
Pack 3 pick 3:
    Ephara's Warden
    Opaline Unicorn (FOIL)
    Stymied Hopes
    Silent Artisan
    Titan's Strength
    Traveling Philosopher
    Yoked Ox
--> Blood-Toll Harpy
    Opaline Unicorn
    Flamecast Wheel
    Shipwreck Singer
    Psychic Intrusion
    Swamp
 
Pack 3 pick 4:
    Fleshmad Steed
    Cavalry Pegasus
    Stymied Hopes
    Fade into Antiquity
    Satyr Rambler
    Observant Alseid
    Cavern Lampad
--> Mogis's Marauder
    Horizon Scholar
    Sealock Monster
    Chained to the Rocks
    Plains
 
Pack 3 pick 5:
--> Minotaur Skullcleaver
    Battlewise Valor
    Nessian Asp
    Unknown Shores
    Aqueous Form
    Asphodel Wanderer
    Scholar of Athreos
    Spearpoint Oread (FOIL)
    Arena Athlete
    Titan of Eternal Fire
    Forest
 
Pack 3 pick 6:
    March of the Returned
    Priest of Iroas
--> Read the Bones
    Pharika's Cure (FOIL)
    Lost in a Labyrinth
    Traveler's Amulet
    Akroan Crusader
    Artisan's Sorrow
    Arena Athlete
    Forest
 
Pack 3 pick 7:
    Prescient Chimera
    Fleetfeather Sandals
--> Spearpoint Oread
    Breaching Hippocamp
    Vulpine Goliath
    Asphodel Wanderer
    Triton Shorethief
    Chronicler of Heroes
    Swamp
 
Pack 3 pick 8:
    Guardians of Meletis
    Loathsome Catoblepas
    Priest of Iroas
    Fade into Antiquity
    Returned Centaur
--> Boon of Erebos
    Artisan's Sorrow
    Mountain
 
Pack 3 pick 9:
    Vulpine Goliath
    Yoked Ox
    Felhide Minotaur
--> Peak Eruption
    Glare of Heresy
    Cutthroat Maneuver
    Island
 
Pack 3 pick 10:
    March of the Returned
    Breaching Hippocamp
    Vulpine Goliath
    Yoked Ox
--> Prowler's Helm
    Plains
 
Pack 3 pick 11:
    Ephara's Warden
    Silent Artisan
    Flamecast Wheel
--> Psychic Intrusion
    Swamp
 
Pack 3 pick 12:
--> Fleshmad Steed
    Fade into Antiquity
    Satyr Rambler
    Plains
 
Pack 3 pick 13:
    Unknown Shores
--> Asphodel Wanderer
    Forest
 
Pack 3 pick 14:
--> March of the Returned
    Forest
 
Pack 3 pick 15:
--> Swamp
 
