Event #: 6737755
Time:    2/12/2014 9:46:18 PM
Players: 
    BuffaloPhil
    drevopolom
    yeah1852
    vidie
    Koptilov
--> Alakai
    Optimusbutler
    Jamal_XL
 
------ THS ------
 
Pack 1 pick 1:
    Nessian Courser
    March of the Returned
    Dragon Mantle
    Wild Celebrants
    Two-Headed Cerberus
    Time to Feed
    Asphodel Wanderer
    Breaching Hippocamp
    Shredding Winds
    Ephara's Warden (FOIL)
    Ordeal of Heliod
    Favored Hoplite
    Dark Betrayal
--> Labyrinth Champion
    Island
 
Pack 1 pick 2:
    Demolish
--> Leafcrown Dryad
    Gods Willing
    Commune with the Gods
    Returned Phalanx
    Lagonna-Band Elder
    Lost in a Labyrinth
    Pharika's Cure
    Opaline Unicorn
    Ray of Dissolution
    Glare of Heresy
    Erebos's Emissary
    Tymaret, the Murder King
    Plains
 
Pack 1 pick 3:
    Gainsay (FOIL)
--> Leafcrown Dryad
    Gods Willing
    Coastline Chimera
    Rage of Purphoros
    Satyr Hedonist
    Read the Bones
    Last Breath
    Wavecrash Triton
    Traveler's Amulet
    Dissolve
    Prowler's Helm
    Plains
 
Pack 1 pick 4:
--> Phalanx Leader (FOIL)
    Fleshmad Steed
    Lash of the Whip
    Thassa's Bounty
    Lagonna-Band Elder
    Priest of Iroas
    Traveler's Amulet
    Boulderfall
    Rescue from the Underworld
    Gainsay
    Flamecast Wheel
    Plains
 
Pack 1 pick 5:
    Guardians of Meletis
    Battlewise Valor
    Loathsome Catoblepas
    Vulpine Goliath
    Asphodel Wanderer
    Titan's Strength
    Opaline Unicorn
    Mogis's Marauder
--> Nylea's Emissary
    Gift of Immortality
    Mountain
 
Pack 1 pick 6:
    Demolish
    Ephara's Warden
    Satyr Hedonist
    Satyr Rambler
    Leonin Snarecaster
--> Akroan Hoplite (FOIL)
    Scholar of Athreos
    Akroan Hoplite
    Decorated Griffin
    Plains
 
Pack 1 pick 7:
    Viper's Kiss
    Pheres-Band Centaurs
--> Agent of Horizons
    Fade into Antiquity
    Satyr Rambler
    Scourgemark
    Deathbellow Raider
    Triad of Fates
    Mountain
 
Pack 1 pick 8:
    Asphodel Wanderer
    Breaching Hippocamp
    Silent Artisan
--> Traveling Philosopher
    Akroan Crusader
    Peak Eruption
    Prowler's Helm
    Forest
 
Pack 1 pick 9:
    March of the Returned
    Wild Celebrants
    Asphodel Wanderer
--> Shredding Winds
    Ephara's Warden (FOIL)
    Dark Betrayal
    Island
 
Pack 1 pick 10:
    Demolish
    Commune with the Gods
    Lost in a Labyrinth
--> Ray of Dissolution
    Glare of Heresy
    Plains
 
Pack 1 pick 11:
    Gainsay (FOIL)
    Coastline Chimera
--> Traveler's Amulet
    Prowler's Helm
    Plains
 
Pack 1 pick 12:
    Thassa's Bounty
--> Traveler's Amulet
    Boulderfall
    Plains
 
Pack 1 pick 13:
--> Guardians of Meletis
    Asphodel Wanderer
    Mountain
 
Pack 1 pick 14:
--> Demolish
    Plains
 
Pack 1 pick 15:
--> Mountain
 
------ THS ------
 
Pack 2 pick 1:
    Nessian Courser
    March of the Returned
    Dragon Mantle
    Yoked Ox
    Blood-Toll Harpy
    Benthic Giant
    Voyaging Satyr
    Spearpoint Oread
    Vaporkin
    Deathbellow Raider
    Burnished Hart
    Triton Fortune Hunter
    Warriors' Lesson
--> Anax and Cymede
    Island
 
Pack 2 pick 2:
--> Leafcrown Dryad
    Chosen by Heliod
    Pheres-Band Centaurs
    Lagonna-Band Elder
    Lost in a Labyrinth
    Pharika's Cure
    Rage of Purphoros
    Feral Invocation
    Boon of Erebos
    Akroan Crusader
    Gainsay
    Stoneshock Giant
    Spellheart Chimera
    Forest
 
Pack 2 pick 3:
    Messenger's Speed
    Mnemonic Wall
    Cavalry Pegasus
    Spark Jolt
    Last Breath
    Scourgemark
    Griptide
    Satyr Hedonist
    Shredding Winds
    Chronicler of Heroes
    Artisan's Sorrow
--> Ordeal of Nylea
    Mountain
 
Pack 2 pick 4:
    Stymied Hopes
    Ill-Tempered Cyclops
    Unknown Shores
    Aqueous Form
    Asphodel Wanderer
    Two-Headed Cerberus
    Boon of Erebos
    Setessan Griffin
    Purphoros's Emissary
    Flamespeaker Adept
--> Boon Satyr
    Mountain
 
Pack 2 pick 5:
--> Divine Verdict
    Bronze Sable
    Baleful Eidolon
    Traveling Philosopher
    Two-Headed Cerberus
    Aqueous Form
    Felhide Minotaur
    Borderland Minotaur
    Horizon Scholar
    Decorated Griffin
    Swamp
 
Pack 2 pick 6:
    Stymied Hopes
--> Nessian Courser
    Lash of the Whip
    Scourgemark
    Coastline Chimera
    Satyr Hedonist
    Boulderfall
    Anvilwrought Raptor
    Sentry of the Underworld
    Island
 
Pack 2 pick 7:
--> Chosen by Heliod
    Pheres-Band Centaurs
    Defend the Hearth
    Triton Shorethief
    Traveler's Amulet
    Hunt the Hunter
    Destructive Revelry
    Spellheart Chimera
    Forest
 
Pack 2 pick 8:
    Messenger's Speed
    Mnemonic Wall
    Crackling Triton
    Ray of Dissolution
    Wavecrash Triton
    Anvilwrought Raptor
--> Warriors' Lesson
    Mountain
 
Pack 2 pick 9:
    March of the Returned
    Dragon Mantle
    Yoked Ox
    Benthic Giant
    Burnished Hart
--> Warriors' Lesson
    Island
 
Pack 2 pick 10:
    Pheres-Band Centaurs
    Lost in a Labyrinth
--> Boon of Erebos
    Akroan Crusader
    Spellheart Chimera
    Forest
 
Pack 2 pick 11:
    Messenger's Speed
    Spark Jolt
    Satyr Hedonist
--> Chronicler of Heroes
    Mountain
 
Pack 2 pick 12:
--> Unknown Shores
    Asphodel Wanderer
    Setessan Griffin
    Mountain
 
Pack 2 pick 13:
    Bronze Sable
--> Decorated Griffin
    Swamp
 
Pack 2 pick 14:
--> Stymied Hopes
    Island
 
Pack 2 pick 15:
--> Triton Shorethief
 
------ THS ------
 
Pack 3 pick 1:
    Fleshmad Steed
    Cavalry Pegasus
    Nylea's Disciple
    Benthic Giant
    Annul
    Swamp (FOIL)
    Wild Celebrants
    Silent Artisan
    Triton Shorethief
    Cavern Lampad
    Centaur Battlemaster
    Stoneshock Giant
    Witches' Eye
--> Spear of Heliod
    Plains
 
Pack 3 pick 2:
--> Nessian Asp
    Bronze Sable
    Ephara's Warden
    Unknown Shores
    Crackling Triton
    Portent of Betrayal
    Commune with the Gods
    Returned Phalanx
    Setessan Battle Priest
    Triton Shorethief
    Hunt the Hunter
    Satyr Piper
    Nighthowler
    Swamp
 
Pack 3 pick 3:
    Minotaur Skullcleaver
    Chosen by Heliod
    Mnemonic Wall
    Annul
    Wild Celebrants
    Two-Headed Cerberus
--> Time to Feed
    Sedge Scorpion
    Scholar of Athreos
    Dark Betrayal
    Sealock Monster
    Temple of Silence
    Swamp
 
Pack 3 pick 4:
    Nylea's Presence
    Minotaur Skullcleaver
    Vulpine Goliath
    Annul
    Titan's Strength
    Yoked Ox
    Voyaging Satyr
    Akroan Crusader
    Cavern Lampad
--> Phalanx Leader
    Sentry of the Underworld
    Plains
 
Pack 3 pick 5:
    March of the Returned
    Lightning Strike
    Spark Jolt
    Returned Phalanx
    Coastline Chimera
    Defend the Hearth
    Borderland Minotaur
    Scholar of Athreos
    Ordeal of Heliod
--> Dauntless Onslaught
    Forest
 
Pack 3 pick 6:
--> Battlewise Valor
    Viper's Kiss
    Dragon Mantle
    Rescue from the Underworld (FOIL)
    Wild Celebrants
    Benthic Giant
    Scholar of Athreos
    Ordeal of Purphoros
    Cutthroat Maneuver
    Island
 
Pack 3 pick 7:
    Chosen by Heliod
    Mnemonic Wall
    Breaching Hippocamp
    Aqueous Form
    Setessan Battle Priest
    Battlewise Hoplite
--> Vanquish the Foul
    Arena Athlete
    Swamp
 
Pack 3 pick 8:
    Divine Verdict
    Guardians of Meletis
    Prescient Chimera
--> Vulpine Goliath
    Yoked Ox
    Annul
    Setessan Griffin
    Forest
 
Pack 3 pick 9:
    Annul
    Swamp (FOIL)
    Wild Celebrants
--> Silent Artisan
    Triton Shorethief
    Witches' Eye
    Plains
 
Pack 3 pick 10:
    Ephara's Warden
    Unknown Shores
    Commune with the Gods
--> Setessan Battle Priest
    Triton Shorethief
    Swamp
 
Pack 3 pick 11:
--> Chosen by Heliod
    Annul
    Wild Celebrants
    Dark Betrayal
    Swamp
 
Pack 3 pick 12:
--> Titan's Strength
    Yoked Ox
    Akroan Crusader
    Plains
 
Pack 3 pick 13:
    March of the Returned
--> Spark Jolt
    Forest
 
Pack 3 pick 14:
--> Wild Celebrants
    Island
 
Pack 3 pick 15:
--> Swamp
 
