Event #: 6750549
Time:    2/15/2014 8:05:37 PM
Players: 
    Smdster
    luissergio82
--> malthrin
    stube
    Sieben
    S_Soh
    dabphatkid
    chknnugget
 
------ BNG ------
 
Pack 1 pick 1:
    Revoke Existence
    Nyxborn Wolf
    Mischief and Mayhem (FOIL)
    Epiphany Storm
    Servant of Tymaret
    Nyxborn Rollicker
    Karametra's Favor
    Stratus Walk
    Nyxborn Shieldmate
    Pheres-Band Tromper
    Siren of the Fanged Coast
    Archetype of Finality
    Graverobber Spider
--> Nessian Wilds Ravager
    Forest
 
Pack 1 pick 2:
    Pharagax Giant
    Great Hart
    Weight of the Underworld
    Setessan Oathsworn
    Excoriate
    Impetuous Sunchaser
    Pheres-Band Tromper
    Deepwater Hypnotist
    Crypsis
    Satyr Nyx-Smith
--> Fanatic of Xenagos
    Dawn to Dusk
    Felhide Spiritbinder
    Swamp
 
Pack 1 pick 3:
    Setessan Starbreaker
    Weight of the Underworld
    Sphinx's Disciple
    Warchanter of Mogis
    Revoke Existence
--> Pheres-Band Tromper (FOIL)
    Reckless Reveler
    Snake of the Golden Grove
    Nullify
    Cyclops of One-Eyed Pass
    Archetype of Aggression
    Eternity Snare
    Forest
 
Pack 1 pick 4:
    Eye Gouge
--> Swordwise Centaur
    Epiphany Storm
    Hold at Bay
    Marshmist Titan
    Culling Mark
    Loyal Pegasus
    Grisly Transformation
    Nyxborn Rollicker
    Thunderous Might
    Eternity Snare
    Mountain
 
Pack 1 pick 5:
    Scouring Sands
    Chorus of the Tides
    Felhide Brawler
--> Swordwise Centaur
    Stratus Walk
    Impetuous Sunchaser
    Culling Mark
    Necrobite
    Kragma Butcher
    Vortex Elemental
    Forest
 
Pack 1 pick 6:
    Revoke Existence
--> Nyxborn Wolf
    Epiphany Storm
    Servant of Tymaret
    Nyxborn Rollicker
    Karametra's Favor
    Nyxborn Shieldmate
    Sanguimancy
    Mischief and Mayhem
    Swamp
 
Pack 1 pick 7:
    Great Hart
    Satyr Wayfinder
    Nyxborn Eidolon
    Mortal's Ardor
--> Fall of the Hammer
    Cyclops of One-Eyed Pass
    Lightning Volley
    Whims of the Fates
    Swamp
 
Pack 1 pick 8:
    Chorus of the Tides
    Felhide Brawler
--> Swordwise Centaur
    Nullify
    Impetuous Sunchaser
    Culling Mark
    Necrobite
    Island
 
Pack 1 pick 9:
    Revoke Existence
    Mischief and Mayhem (FOIL)
    Epiphany Storm
    Servant of Tymaret
--> Nyxborn Rollicker
    Karametra's Favor
    Forest
 
Pack 1 pick 10:
--> Pharagax Giant
    Great Hart
    Weight of the Underworld
    Impetuous Sunchaser
    Crypsis
    Swamp
 
Pack 1 pick 11:
    Weight of the Underworld
    Warchanter of Mogis
--> Reckless Reveler
    Cyclops of One-Eyed Pass
    Forest
 
Pack 1 pick 12:
    Eye Gouge
--> Epiphany Storm
    Grisly Transformation
    Mountain
 
Pack 1 pick 13:
    Culling Mark
--> Necrobite
    Forest
 
Pack 1 pick 14:
--> Epiphany Storm
    Swamp
 
Pack 1 pick 15:
--> Swamp
 
------ THS ------
 
Pack 2 pick 1:
    Battlewise Valor
    Loathsome Catoblepas
    Omenspeaker
    Spearpoint Oread
    Breaching Hippocamp
    Vulpine Goliath
    Asphodel Wanderer
    Voyaging Satyr
    Akroan Crusader
    Savage Surge
--> Destructive Revelry
    Flamecast Wheel
    Shipwreck Singer
    Temple of Mystery
    Swamp
 
Pack 2 pick 2:
    Fleetfeather Sandals
--> Ill-Tempered Cyclops
    Guardians of Meletis
    Fade into Antiquity
    Returned Centaur
    Griptide
    Commune with the Gods
    Hopeful Eidolon
    Disciple of Phenax
    Voyage's End
    Purphoros's Emissary
    Hunt the Hunter
    Evangel of Heliod
    Island
 
Pack 2 pick 3:
    Chosen by Heliod
    Pheres-Band Centaurs
--> Nylea's Presence
    Unknown Shores
    Aqueous Form
    Asphodel Wanderer
    Wingsteed Rider
    Setessan Battle Priest
    Triton Shorethief
    Horizon Chimera
    Heliod's Emissary
    Witches' Eye
    Swamp
 
Pack 2 pick 4:
    Fleetfeather Sandals
    Demolish
    Ephara's Warden
    Fleshmad Steed
    Satyr Hedonist
    Satyr Rambler
    Leonin Snarecaster
    Ray of Dissolution
--> Nemesis of Mortals
    Dark Betrayal
    Satyr Piper
    Mountain
 
Pack 2 pick 5:
    Ill-Tempered Cyclops
    Guardians of Meletis
    Battlewise Valor
    Loathsome Catoblepas
    Omenspeaker
    Spark Jolt
    Coastline Chimera
--> Savage Surge
    Disciple of Phenax
    Dissolve
    Island
 
Pack 2 pick 6:
    Bronze Sable
    Messenger's Speed
    Blood-Toll Harpy
--> Titan's Strength (FOIL)
    Breaching Hippocamp
    Vulpine Goliath
    Scholar of Athreos
    Prowler's Helm
    Temple of Abandon
    Island
 
Pack 2 pick 7:
    Asphodel Wanderer
    Breaching Hippocamp
    Silent Artisan
    Titan's Strength
--> Deathbellow Raider
    Savage Surge
    Horizon Scholar
    Anvilwrought Raptor
    Mountain
 
Pack 2 pick 8:
    March of the Returned
    Fleshmad Steed
    Nylea's Disciple
--> Titan's Strength
    Benthic Giant
    Ray of Dissolution
    Steam Augury
    Mountain
 
Pack 2 pick 9:
    Battlewise Valor
    Loathsome Catoblepas
--> Vulpine Goliath
    Asphodel Wanderer
    Akroan Crusader
    Flamecast Wheel
    Swamp
 
Pack 2 pick 10:
    Fleetfeather Sandals
    Guardians of Meletis
    Fade into Antiquity
    Commune with the Gods
--> Hunt the Hunter
    Island
 
Pack 2 pick 11:
--> Chosen by Heliod
    Setessan Battle Priest
    Triton Shorethief
    Witches' Eye
    Swamp
 
Pack 2 pick 12:
--> Fleetfeather Sandals
    Demolish
    Satyr Piper
    Mountain
 
Pack 2 pick 13:
    Loathsome Catoblepas
--> Spark Jolt
    Island
 
Pack 2 pick 14:
--> Messenger's Speed
    Island
 
Pack 2 pick 15:
--> Mountain
 
------ THS ------
 
Pack 3 pick 1:
    Chosen by Heliod
    Mnemonic Wall
    Viper's Kiss
    Thassa's Bounty
    Lost in a Labyrinth
    Agent of Horizons
    Fade into Antiquity
    Satyr Rambler
    Triton Shorethief
    Cavern Lampad
    Gainsay
    Stoneshock Giant
--> Ordeal of Nylea
    Prophet of Kruphix
    Plains
 
Pack 3 pick 2:
--> Minotaur Skullcleaver
    Battlewise Valor
    Rage of Purphoros
    Feral Invocation
    Returned Centaur
    Hopeful Eidolon
    Fate Foretold
    Voyage's End
    Staunch-Hearted Warrior
    Sea God's Revenge
    Magma Jet
    Insatiable Harpy
    Shipbreaker Kraken
    Mountain
 
Pack 3 pick 3:
    Stymied Hopes
    Ill-Tempered Cyclops
--> Leafcrown Dryad
    Commune with the Gods
    Returned Phalanx
    Lost in a Labyrinth
    Pharika's Cure
    Shredding Winds
    Boulderfall
    Nemesis of Mortals
    Ordeal of Erebos
    Dauntless Onslaught
    Island
 
Pack 3 pick 4:
    Stymied Hopes
    Ill-Tempered Cyclops
    Hopeful Eidolon
    Fate Foretold
--> Portent of Betrayal
    Observant Alseid
    Defend the Hearth
    Vaporkin
    Deathbellow Raider
    Phalanx Leader
    Nighthowler
    Island
 
Pack 3 pick 5:
    Nylea's Disciple
    Lash of the Whip
    Messenger's Speed
    Fate Foretold
    Thassa's Bounty
    Lagonna-Band Elder
    Vaporkin
    Setessan Battle Priest
--> Purphoros's Emissary
    Dauntless Onslaught
    Forest
 
Pack 3 pick 6:
    Guardians of Meletis
    Prescient Chimera
    Demolish
    Scourgemark
    Coastline Chimera
--> Rage of Purphoros
    Voyage's End
    Setessan Battle Priest
    Artisan's Sorrow
    Flamecast Wheel
 
Pack 3 pick 7:
    Messenger's Speed
    Benthic Giant
    Baleful Eidolon
    Traveling Philosopher
    Felhide Minotaur
--> Shredding Winds
    Dissolve
    Prowler's Helm
    Pyxis of Pandemonium
 
Pack 3 pick 8:
    Traveling Philosopher
    Aqueous Form
    Triton Shorethief
    Traveler's Amulet
--> Ordeal of Heliod
    Sealock Monster
    Evangel of Heliod
    Forest
 
Pack 3 pick 9:
    Mnemonic Wall
    Thassa's Bounty
    Lost in a Labyrinth
--> Fade into Antiquity
    Satyr Rambler
    Triton Shorethief
    Gainsay
 
Pack 3 pick 10:
    Battlewise Valor
    Rage of Purphoros
--> Feral Invocation
    Returned Centaur
    Fate Foretold
    Staunch-Hearted Warrior
 
Pack 3 pick 11:
    Stymied Hopes
--> Ill-Tempered Cyclops
    Commune with the Gods
    Returned Phalanx
    Boulderfall
 
Pack 3 pick 12:
    Stymied Hopes
    Fate Foretold
--> Observant Alseid
    Defend the Hearth
 
Pack 3 pick 13:
    Messenger's Speed
    Thassa's Bounty
--> Lagonna-Band Elder
 
Pack 3 pick 14:
--> Guardians of Meletis
    Demolish
 
Pack 3 pick 15:
--> Traveling Philosopher
 
