Event #: 6888628
Time:    3/17/2014 7:54:07 PM
Players: 
    NantukoHusk
    WilliamRegal
--> Quillon
    Torvald3
    MisterHibma
    Nefirmative
    Dewgong
    KenMarkwith
 
------ BNG ------
 
Pack 1 pick 1:
    Nyxborn Triton
    Warchanter of Mogis
    Forsaken Drifters
    Revoke Existence
    Nyxborn Wolf
    Stratus Walk
    Nyxborn Shieldmate
    Pheres-Band Tromper
    Asphyxiate
    Fall of the Hammer
    Stormcaller of Keranos
    Meletis Astronomer
    Lightning Volley
--> Arbiter of the Ideal
    Mountain
 
Pack 1 pick 2:
    Evanescent Intellect
    Fearsome Temper
    Hold at Bay
    Setessan Starbreaker
    Weight of the Underworld
--> Sphinx's Disciple
    Nullify
    Cyclops of One-Eyed Pass
    Necrobite
    Sudden Storm
    Vanguard of Brimaz
    Drown in Sorrow
    Hero of Leina Tower
    Mountain
 
Pack 1 pick 3:
    Chorus of the Tides
    Felhide Brawler
    Swordwise Centaur
    Griffin Dreamfinder
    Eye Gouge
    Mortal's Resolve
    Asphyxiate
    Reckless Reveler
    Snake of the Golden Grove
    Pheres-Band Raiders
--> Ghostblade Eidolon
    Felhide Spiritbinder
    Plains
 
Pack 1 pick 4:
    Nyxborn Eidolon
    Mortal's Ardor
    Eye Gouge
--> Nyxborn Triton
    Swordwise Centaur
    Grisly Transformation
    Nyxborn Rollicker
    Sudden Storm
    Aspect of Hydra
    Nessian Demolok
    Glimpse the Sun God
    Plains
 
Pack 1 pick 5:
    Weight of the Underworld
    Excoriate
    Rise to the Challenge
    Snake of the Golden Grove
    Elite Skirmisher
--> Oreskos Sun Guide
    Nyxborn Rollicker
    Karametra's Favor
    Springleaf Drum
    Kraken of the Straits
    Swamp
 
Pack 1 pick 6:
--> Chorus of the Tides
    Griffin Dreamfinder
    Eye Gouge
    Mortal's Resolve
    Asphyxiate
    Reckless Reveler
    Snake of the Golden Grove
    Akroan Phalanx
    Sunbond
    Swamp
 
Pack 1 pick 7:
    Satyr Wayfinder
    Great Hart
    Deepwater Hypnotist
    Crypsis
--> Deepwater Hypnotist (FOIL)
    Grisly Transformation
    Thunderous Might
    Eternity Snare
    Forest
 
Pack 1 pick 8:
    Warchanter of Mogis
    Forsaken Drifters
    Warchanter of Mogis (FOIL)
--> Stratus Walk
    Peregrination
    Mischief and Mayhem
    Mindreaver
    Forest
 
Pack 1 pick 9:
    Warchanter of Mogis
    Forsaken Drifters
    Revoke Existence
    Stratus Walk
--> Meletis Astronomer
    Lightning Volley
    Mountain
 
Pack 1 pick 10:
    Evanescent Intellect
--> Hold at Bay
    Setessan Starbreaker
    Weight of the Underworld
    Cyclops of One-Eyed Pass
    Mountain
 
Pack 1 pick 11:
--> Griffin Dreamfinder
    Eye Gouge
    Reckless Reveler
    Pheres-Band Raiders
    Plains
 
Pack 1 pick 12:
--> Mortal's Ardor
    Eye Gouge
    Aspect of Hydra
    Plains
 
Pack 1 pick 13:
    Karametra's Favor
--> Springleaf Drum
    Swamp
 
Pack 1 pick 14:
--> Sunbond
    Swamp
 
Pack 1 pick 15:
--> Forest
 
------ THS ------
 
Pack 2 pick 1:
    Nylea's Presence
    Fleetfeather Sandals
    Demolish
    Traveling Philosopher
--> Prognostic Sphinx (FOIL)
    Blood-Toll Harpy
    Benthic Giant
    Voyaging Satyr
    Felhide Minotaur
    Voyage's End
    Kragma Warcaller
    Insatiable Harpy
    Arena Athlete
    Heliod, God of the Sun
    Plains
 
Pack 2 pick 2:
--> Nimbus Naiad
    Battlewise Valor
    Nessian Asp
    Viper's Kiss
    Dragon Mantle
    Pharika's Cure
    Rage of Purphoros
    Feral Invocation
    Savage Surge
    Opaline Unicorn
    Nylea's Emissary
    Favored Hoplite
    Arbor Colossus
    Island
 
Pack 2 pick 3:
    March of the Returned
    Fleshmad Steed
    Aqueous Form
    Asphodel Wanderer
    Two-Headed Cerberus
    Vulpine Goliath
    Setessan Battle Priest
    Traveler's Amulet
    Ordeal of Purphoros
    Tormented Hero
--> Dauntless Onslaught
    Fleecemane Lion
    Island
 
Pack 2 pick 4:
    Pheres-Band Centaurs
--> Divine Verdict
    Benthic Giant
    Time to Feed
    Traveling Philosopher
    Two-Headed Cerberus
    Staunch-Hearted Warrior
    Borderland Minotaur
    Gainsay
    Cutthroat Maneuver
    Temple of Abandon
    Plains
 
Pack 2 pick 5:
    Fleetfeather Sandals
    Guardians of Meletis
    Two-Headed Cerberus
    Yoked Ox
    Traveler's Amulet
    Shredding Winds
--> Battlewise Hoplite
    Dark Betrayal
    Satyr Piper
    Pyxis of Pandemonium
    Forest
 
Pack 2 pick 6:
    Ephara's Warden
    Scourgemark
--> Griptide
    Satyr Hedonist
    Satyr Rambler
    Leonin Snarecaster
    Traveler's Amulet
    Akroan Crusader
    Glare of Heresy
    Island
 
Pack 2 pick 7:
    Mnemonic Wall
    Viper's Kiss
    Silent Artisan
    Blood-Toll Harpy
    Spearpoint Oread
    Akroan Crusader
    Setessan Griffin
--> Flamecast Wheel
    Mountain
 
Pack 2 pick 8:
    Gods Willing
    Prescient Chimera
    Commune with the Gods
--> Hopeful Eidolon
    Spark Jolt
    Coastline Chimera
    Hunt the Hunter
    Mountain
 
Pack 2 pick 9:
    Nylea's Presence
    Fleetfeather Sandals
    Demolish
--> Traveling Philosopher
    Benthic Giant
    Felhide Minotaur
    Plains
 
Pack 2 pick 10:
--> Battlewise Valor
    Viper's Kiss
    Rage of Purphoros
    Feral Invocation
    Savage Surge
    Island
 
Pack 2 pick 11:
    Asphodel Wanderer
    Vulpine Goliath
    Setessan Battle Priest
--> Traveler's Amulet
    Island
 
Pack 2 pick 12:
    Pheres-Band Centaurs
    Benthic Giant
--> Gainsay
    Plains
 
Pack 2 pick 13:
    Fleetfeather Sandals
--> Yoked Ox
    Forest
 
Pack 2 pick 14:
--> Ephara's Warden
    Island
 
Pack 2 pick 15:
--> Mountain
 
------ THS ------
 
Pack 3 pick 1:
    Battlewise Valor
    Loathsome Catoblepas
    Omenspeaker
    March of the Returned
    Lightning Strike
    Voyaging Satyr
    Wild Celebrants
    Benthic Giant
    Boulderfall
    Setessan Battle Priest
    Gainsay
    Stoneshock Giant
--> Thassa's Emissary
    Chained to the Rocks
    Plains
 
Pack 3 pick 2:
    Fleetfeather Sandals
    Ill-Tempered Cyclops
    Guardians of Meletis
    Blood-Toll Harpy
    Benthic Giant
    Voyaging Satyr
    Spearpoint Oread
    Unknown Shores
    Borderland Minotaur
    Shredding Winds
    Hunt the Hunter
    Warriors' Lesson
--> Polis Crusher
    Forest
 
Pack 3 pick 3:
    Cavalry Pegasus
    Nylea's Disciple
    Stymied Hopes
    Spark Jolt
    Returned Phalanx
--> Coastline Chimera
    Pharika's Cure
    Defend the Hearth
    Boulderfall
    Savage Surge
    Chronicler of Heroes
    Spellheart Chimera
    Swamp
 
Pack 3 pick 4:
    Nessian Courser
    Lash of the Whip
    Nessian Courser (FOIL)
    Annul
    Titan's Strength
    Yoked Ox
    Wild Celebrants
    Disciple of Phenax
    Ray of Dissolution
    Artisan's Sorrow
--> Triton Tactics
    Mountain
 
Pack 3 pick 5:
    Mnemonic Wall
    Cavalry Pegasus
    Loathsome Catoblepas
    Satyr Rambler
    Leonin Snarecaster
--> Fate Foretold
    Thassa's Bounty
    Cavern Lampad
    Sedge Scorpion
    Witches' Eye
    Forest
 
Pack 3 pick 6:
    Ephara's Warden
    Fleshmad Steed
    Priest of Iroas
    Returned Centaur
    Setessan Battle Priest
    Deathbellow Raider
    Burnished Hart
    Sealock Monster
--> Tymaret, the Murder King
    Island
 
Pack 3 pick 7:
    Pheres-Band Centaurs
--> Thassa's Bounty
    Lost in a Labyrinth
    Agent of Horizons
    Fade into Antiquity
    Satyr Rambler
    Felhide Minotaur
    Anvilwrought Raptor
    Forest
 
Pack 3 pick 8:
    Bronze Sable
    Ephara's Warden
    Read the Bones
--> Last Breath
    Unknown Shores
    Portent of Betrayal
    Boulderfall
    Mountain
 
Pack 3 pick 9:
    Loathsome Catoblepas
    March of the Returned
    Wild Celebrants
    Benthic Giant
    Boulderfall
--> Gainsay
    Plains
 
Pack 3 pick 10:
    Fleetfeather Sandals
--> Benthic Giant
    Unknown Shores
    Shredding Winds
    Hunt the Hunter
    Forest
 
Pack 3 pick 11:
--> Stymied Hopes
    Defend the Hearth
    Boulderfall
    Spellheart Chimera
    Swamp
 
Pack 3 pick 12:
    Yoked Ox
    Wild Celebrants
--> Artisan's Sorrow
    Mountain
 
Pack 3 pick 13:
--> Loathsome Catoblepas
    Witches' Eye
    Forest
 
Pack 3 pick 14:
--> Ephara's Warden
    Fleshmad Steed
 
Pack 3 pick 15:
--> Forest
 
