Event #: 7086246
Time:    5/11/2014 9:11:15 PM
Players: 
    IWiZarDI
--> malthrin
    oaomcg
    rydee
    Natanael
    Dingman
    grym1
    PAJE16
 
------ JOU ------
 
Pack 1 pick 1:
--> Doomwake Giant (FOIL)
    Oakheart Dryads
    Font of Return
    Font of Fortunes
    Rise of Eagles
    Satyr Grovedancer
    Font of Ire
    Bloodcrazed Hoplite
    Oreskos Swiftclaw
    War-Wing Siren
    Crystalline Nautilus
    Riddle of Lightning
    Stormchaser Chimera
    Spawn of Thraxes
    Plains
 
Pack 1 pick 2:
    Humbler of Mortals
    Font of Return
    Aerial Formation
    Magma Spray
    Eagle of the Watch
    Font of Fertility
    Rise of Eagles
    Pheres-Band Thunderhoof
    Bladetusk Boar
    Dreadbringer Lampads
    Sightless Brawler
    Nyx-Fleece Ram
--> Doomwake Giant
    Swamp
 
Pack 1 pick 3:
    Font of Vigor
    Oakheart Dryads
--> Feast of Dreams
    Satyr Hoplite
    Akroan Mastiff
    Sigiled Starfish
    Starfall
    Cruel Feeding
    Stonewise Fortifier
    Dakra Mystic
    Underworld Coinsmith
    Bearer of the Heavens
    Swamp
 
Pack 1 pick 4:
    Rotted Hulk
    Hubris
    Pensive Minotaur
    Akroan Mastiff
    Nature's Panoply
    Mortal Obstinacy
    Pin to the Earth
    Pheres-Band Thunderhoof
    Gluttonous Cyclops
    Riptide Chimera
--> Forgeborn Oreads
    Plains
 
Pack 1 pick 5:
    Rotted Hulk
    Pensive Minotaur
    Akroan Mastiff
    Nature's Panoply
    Mortal Obstinacy
    Pheres-Band Thunderhoof
    Gluttonous Cyclops
    Phalanx Formation
    Triton Cavalry
--> Gold-Forged Sentinel
    Forest
 
Pack 1 pick 6:
    Rouse the Mob
    Armament of Nyx
    Humbler of Mortals
    Harvestguard Alseids
    Returned Reveler
    Mortal Obstinacy
    Whitewater Naiads
    Disciple of Deceit
--> Nyx-Fleece Ram
    Swamp
 
Pack 1 pick 7:
--> Harvestguard Alseids
    Returned Reveler
    Countermand
    Ravenous Leucrocota
    Flamespeaker's Will
    Oppressive Rays
    Pin to the Earth
    Goldenhide Ox
    Swamp
 
Pack 1 pick 8:
    Font of Vigor
--> Oppressive Rays
    Satyr Grovedancer
    Flurry of Horns
    Tormented Thoughts
    Chariot of Victory
    Pull from the Deep
    Mountain
 
Pack 1 pick 9:
    Font of Return
    Font of Fortunes
    Rise of Eagles
    Satyr Grovedancer
    Font of Ire
--> Crystalline Nautilus
    Plains
 
Pack 1 pick 10:
    Humbler of Mortals
    Font of Return
    Rise of Eagles
    Dreadbringer Lampads
--> Sightless Brawler
    Swamp
 
Pack 1 pick 11:
    Font of Vigor
    Starfall
--> Underworld Coinsmith
    Bearer of the Heavens
    Swamp
 
Pack 1 pick 12:
    Rotted Hulk
    Nature's Panoply
--> Mortal Obstinacy
    Plains
 
Pack 1 pick 13:
    Nature's Panoply
--> Mortal Obstinacy
    Forest
 
Pack 1 pick 14:
--> Humbler of Mortals
    Swamp
 
Pack 1 pick 15:
--> Swamp
 
------ BNG ------
 
Pack 2 pick 1:
    Servant of Tymaret
    Satyr Wayfinder
    Pharagax Giant
    Retraction Helix
    Great Hart
    Weight of the Underworld
    Karametra's Favor
    Stratus Walk
    Nyxborn Shieldmate
    Pheres-Band Tromper
    Thunder Brute
    Archetype of Courage
    Everflame Eidolon
--> Eidolon of Countless Battles
    Swamp
 
Pack 2 pick 2:
    Felhide Brawler
    Swordwise Centaur
    Griffin Dreamfinder
    Eye Gouge
    Evanescent Intellect
    Kragma Butcher
    Aspect of Hydra
    Mortal's Resolve
    Divination
--> Akroan Skyguard
    Ashiok's Adept
    Glimpse the Sun God
    Perplexing Chimera
    Mountain
 
Pack 2 pick 3:
    Warchanter of Mogis
    Forsaken Drifters
    Revoke Existence
    Nyxborn Wolf
    Evanescent Intellect
--> Grisly Transformation
    Nyxborn Rollicker
    Sudden Storm
    Aspect of Hydra
    Claim of Erebos
    Archetype of Finality
    Fated Intervention
    Forest
 
Pack 2 pick 4:
    Forsaken Drifters
--> Excoriate
    Scouring Sands
    Chorus of the Tides
    Reckless Reveler
    Snake of the Golden Grove
    Nullify
    Cyclops of One-Eyed Pass
    Necrobite
    Thassa's Rebuff
    Noble Quarry
    Forest
 
Pack 2 pick 5:
    Servant of Tymaret
    Satyr Wayfinder
    Pharagax Giant
    Great Hart
    Weight of the Underworld
    Karametra's Favor
    Stratus Walk
--> Nyxborn Shieldmate
    Black Oak of Odunos
    Ragemonger
    Forest
 
Pack 2 pick 6:
--> Nyxborn Eidolon
    Charging Badger
    Pharagax Giant
    Sphinx's Disciple
    Ephara's Radiance
    Setessan Starbreaker
    Elite Skirmisher
    Mortal's Resolve
    Siren Song Lyre
    Forest
 
Pack 2 pick 7:
    Excoriate
    Rise to the Challenge
    Cyclops of One-Eyed Pass
    Culling Mark
    Loyal Pegasus
    Archetype of Endurance
    Gorgon's Head
--> Spiteful Returned
    Plains
 
Pack 2 pick 8:
    Warchanter of Mogis
    Forsaken Drifters
    Evanescent Intellect
    Grisly Transformation
    Claim of Erebos
    Archetype of Endurance
--> Acolyte's Reward
    Swamp
 
Pack 2 pick 9:
    Pharagax Giant
    Great Hart
    Karametra's Favor
    Stratus Walk
--> Nyxborn Shieldmate
    Pheres-Band Tromper
    Swamp
 
Pack 2 pick 10:
    Felhide Brawler
--> Griffin Dreamfinder
    Eye Gouge
    Evanescent Intellect
    Aspect of Hydra
    Mountain
 
Pack 2 pick 11:
--> Forsaken Drifters
    Evanescent Intellect
    Aspect of Hydra
    Claim of Erebos
    Forest
 
Pack 2 pick 12:
--> Nullify
    Cyclops of One-Eyed Pass
    Thassa's Rebuff
    Forest
 
Pack 2 pick 13:
--> Servant of Tymaret
    Great Hart
    Forest
 
Pack 2 pick 14:
--> Charging Badger
    Forest
 
Pack 2 pick 15:
--> Plains
 
------ THS ------
 
Pack 3 pick 1:
    Dragon Mantle
    Omenspeaker
    Gray Merchant of Asphodel
--> Wingsteed Rider
    Two-Headed Cerberus
    Vulpine Goliath
    Annul
    Titan's Strength
    Wavecrash Triton
    Cavern Lampad
    Purphoros's Emissary
    Triton Fortune Hunter
    Warriors' Lesson
    Artisan of Forms
    Forest
 
Pack 3 pick 2:
    Messenger's Speed
    Mnemonic Wall
    Cavalry Pegasus
    Griptide
    Commune with the Gods
--> Hopeful Eidolon
    Spark Jolt
    Returned Phalanx
    Setessan Battle Priest
    Traveler's Amulet
    Battlewise Hoplite
    Gainsay
    Satyr Piper
    Plains
 
Pack 3 pick 3:
--> Sip of Hemlock
    Bronze Sable
    Messenger's Speed
    Mnemonic Wall
    Yoked Ox
    Voyaging Satyr
    Wild Celebrants
    Boulderfall
    Hunt the Hunter
    Destructive Revelry
    Pharika's Mender
    Ashen Rider
    Plains
 
Pack 3 pick 4:
    Battlewise Valor
    Viper's Kiss
    Yoked Ox
    Voyaging Satyr
    Wild Celebrants
    Time to Feed
--> Scholar of Athreos
    Felhide Minotaur
    Kragma Warcaller
    Dissolve
    Prowler's Helm
    Swamp
 
Pack 3 pick 5:
    Stymied Hopes
    Lash of the Whip
--> Last Breath
    Unknown Shores
    Portent of Betrayal
    Commune with the Gods
    Vulpine Goliath (FOIL)
    Deathbellow Raider
    Nemesis of Mortals
    Decorated Griffin
    Mountain
 
Pack 3 pick 6:
    March of the Returned
    Dragon Mantle
    Yoked Ox
    Blood-Toll Harpy
    Benthic Giant
    Sedge Scorpion
    Boon of Erebos
    Stoneshock Giant
--> Insatiable Harpy
    Mountain
 
Pack 3 pick 7:
    Viper's Kiss
    Pheres-Band Centaurs
    Returned Phalanx
    Lagonna-Band Elder
    Rage of Purphoros
--> Disciple of Phenax
    Horizon Chimera
    Triton Tactics
    Plains
 
Pack 3 pick 8:
    Battlewise Valor
    Viper's Kiss
    Feral Invocation
    Thassa's Bounty
--> Lagonna-Band Elder
    Ray of Dissolution
    Rescue from the Underworld
    Mountain
 
Pack 3 pick 9:
    Dragon Mantle
    Two-Headed Cerberus
    Vulpine Goliath
    Annul
--> Titan's Strength
    Warriors' Lesson
    Forest
 
Pack 3 pick 10:
    Messenger's Speed
    Mnemonic Wall
    Commune with the Gods
--> Setessan Battle Priest
    Satyr Piper
    Plains
 
Pack 3 pick 11:
    Bronze Sable
    Wild Celebrants
    Boulderfall
--> Destructive Revelry
    Plains
 
Pack 3 pick 12:
    Wild Celebrants
    Felhide Minotaur
--> Kragma Warcaller
    Swamp
 
Pack 3 pick 13:
--> Vulpine Goliath (FOIL)
    Decorated Griffin
    Mountain
 
Pack 3 pick 14:
--> Yoked Ox
    Mountain
 
Pack 3 pick 15:
--> Plains
 
