Event #: 7089629
Time:    5/12/2014 8:41:34 PM
Players: 
    nate k
    Lucky Draw
    mrgeode13
--> malthrin
    radiantforce
    chadbrochill187
    vikings7
    gene78
 
------ JOU ------
 
Pack 1 pick 1:
--> Golden Hind
    Interpret the Signs (FOIL)
    Countermand
    Pensive Minotaur
    Armament of Nyx
    Font of Fertility
    Bladetusk Boar
    Cruel Feeding
    Mortal Obstinacy
    Sigiled Starfish
    Nightmarish End
    Swarmborn Giant
    Underworld Coinsmith
    Dictate of Kruphix
    Island
 
Pack 1 pick 2:
--> Ajani's Presence
    Nature's Panoply
    Grim Guardian
    Aerial Formation
    Satyr Hoplite
    Bloodcrazed Hoplite
    Oppressive Rays
    War-Wing Siren
    Satyr Grovedancer
    Flurry of Horns
    Interpret the Signs
    Nyx-Fleece Ram
    Strength from the Fallen
    Swamp
 
Pack 1 pick 3:
    Font of Fortunes
    Sigiled Skink
    Ajani's Presence
--> Golden Hind
    Feast of Dreams
    Pin to the Earth
    Renowned Weaver
    Flurry of Horns
    Thassa's Devourer
    Gluttonous Cyclops
    Fleetfeather Cockatrice
    Spirespine
    Plains
 
Pack 1 pick 4:
    Pensive Minotaur
    Akroan Mastiff
    Nature's Panoply
    Nyx Infusion
    Godhunter Octopus
    Sigiled Skink
    Rise of Eagles
    Pheres-Band Thunderhoof
--> Bladetusk Boar
    Dreadbringer Lampads
    Dictate of the Twin Gods
    Forest
 
Pack 1 pick 5:
    Rotted Hulk
    Godhunter Octopus
    Rouse the Mob
    Font of Vigor
    Desecration Plague
    Starfall
    Cast into Darkness
    Tormented Thoughts
--> Mogis's Warhound
    Gold-Forged Sentinel
    Forest
 
Pack 1 pick 6:
    Returned Reveler
    Countermand
    Pensive Minotaur
    Armament of Nyx
--> Bladetusk Boar
    Cruel Feeding
    Mortal Obstinacy
    Squelching Leeches
    Consign to Dust
    Swamp
 
Pack 1 pick 7:
    Font of Vigor
    Kruphix's Insight
    Pharika's Chosen
    Countermand
    Lightning Diadem
--> Eagle of the Watch
    Desecration Plague
    Rollick of Abandon
    Plains
 
Pack 1 pick 8:
    Returned Reveler
    Kruphix's Insight
    Font of Ire
    Aspect of Gorgon
--> Pheres-Band Thunderhoof
    Gluttonous Cyclops
    Kiora's Dismissal
    Plains
 
Pack 1 pick 9:
    Interpret the Signs (FOIL)
    Countermand
    Pensive Minotaur
    Armament of Nyx
--> Bladetusk Boar
    Cruel Feeding
    Island
 
Pack 1 pick 10:
    Nature's Panoply
    Aerial Formation
--> Satyr Hoplite
    Flurry of Horns
    Interpret the Signs
    Swamp
 
Pack 1 pick 11:
--> Sigiled Skink
    Flurry of Horns
    Thassa's Devourer
    Gluttonous Cyclops
    Plains
 
Pack 1 pick 12:
    Pensive Minotaur
    Godhunter Octopus
--> Sigiled Skink
    Forest
 
Pack 1 pick 13:
    Godhunter Octopus
--> Starfall
    Forest
 
Pack 1 pick 14:
--> Pensive Minotaur
    Swamp
 
Pack 1 pick 15:
--> Plains
 
------ BNG ------
 
Pack 2 pick 1:
    Great Hart
    Weight of the Underworld
    Setessan Oathsworn
    Excoriate
    Rise to the Challenge
    Necrobite
--> Kragma Butcher
    Loyal Pegasus
    Elite Skirmisher
    Mortal's Resolve
    Springleaf Drum
    Meletis Astronomer
    Flitterstep Eidolon
    Mindreaver
    Mountain
 
Pack 2 pick 2:
    Nyxborn Eidolon
    Charging Badger
    Pharagax Giant
    Sphinx's Disciple
    Deepwater Hypnotist
    Crypsis
    Reckless Reveler
    Siren Song Lyre (FOIL)
--> Elite Skirmisher
    Ashiok's Adept
    Thunder Brute
    Pinnacle of Rage
    Plea for Guidance
    Mountain
 
Pack 2 pick 3:
    Bolt of Keranos
    Setessan Oathsworn
    Marshmist Titan
    Chorus of the Tides
    Mortal's Ardor
    Fearsome Temper
    Claim of Erebos
    Deepwater Hypnotist
    Nyxborn Shieldmate
--> Fall of the Hammer
    Ephara's Enlightenment
    Nessian Demolok
    Mountain
 
Pack 2 pick 4:
    Felhide Brawler
    Swordwise Centaur
    Griffin Dreamfinder
    Eye Gouge
    Evanescent Intellect
    Nyxborn Shieldmate
    Pheres-Band Tromper
--> Fall of the Hammer
    Ghostblade Eidolon
    Akroan Phalanx
    Noble Quarry
    Mountain
 
Pack 2 pick 5:
    Chorus of the Tides
    Felhide Brawler
    Griffin Dreamfinder
    Eye Gouge
    Evanescent Intellect
    Nyxborn Shieldmate
    Pheres-Band Tromper
--> Fall of the Hammer
    Skyreaping
    Fanatic of Xenagos
    Swamp
 
Pack 2 pick 6:
    Crypsis (FOIL)
    Forsaken Drifters
    Nyxborn Wolf
    Evanescent Intellect
    Reckless Reveler
    Snake of the Golden Grove
    Satyr Nyx-Smith
    Unravel the Æther
--> Everflame Eidolon
    Island
 
Pack 2 pick 7:
    Satyr Wayfinder
    Pharagax Giant
    Retraction Helix
    Karametra's Favor
--> Impetuous Sunchaser
    Culling Mark
    Pillar of War
    Archetype of Imagination
    Forest
 
Pack 2 pick 8:
    Ephara's Radiance
    Setessan Starbreaker
    Forsaken Drifters
    Scouring Sands
    Divination
--> Nyxborn Rollicker
    Karametra's Favor
    Forest
 
Pack 2 pick 9:
    Great Hart
--> Rise to the Challenge
    Necrobite
    Mortal's Resolve
    Springleaf Drum
    Mindreaver
    Mountain
 
Pack 2 pick 10:
    Charging Badger
    Reckless Reveler
    Siren Song Lyre (FOIL)
--> Thunder Brute
    Pinnacle of Rage
    Mountain
 
Pack 2 pick 11:
--> Bolt of Keranos
    Marshmist Titan
    Fearsome Temper
    Nessian Demolok
    Mountain
 
Pack 2 pick 12:
--> Felhide Brawler
    Eye Gouge
    Evanescent Intellect
    Mountain
 
Pack 2 pick 13:
--> Felhide Brawler
    Evanescent Intellect
    Swamp
 
Pack 2 pick 14:
--> Reckless Reveler
    Island
 
Pack 2 pick 15:
--> Forest
 
------ THS ------
 
Pack 3 pick 1:
    Stymied Hopes
    Nessian Courser
    Lash of the Whip
    Returned Centaur
    Hopeful Eidolon
    Fate Foretold
    Portent of Betrayal
    Observant Alseid
    Staunch-Hearted Warrior
    Scholar of Athreos
    Akroan Hoplite
--> Ordeal of Purphoros
    Dauntless Onslaught
    Sylvan Caryatid
    Mountain
 
Pack 3 pick 2:
    Ill-Tempered Cyclops
    Chosen by Heliod
    Spearpoint Oread
    Vulpine Goliath
    Yoked Ox
    Baleful Eidolon
    Annul
    Felhide Minotaur
    Kragma Warcaller (FOIL)
    Vanquish the Foul
    Satyr Piper
    Decorated Griffin
--> Thoughtseize
    Plains
 
Pack 3 pick 3:
    Fleshmad Steed
    Cavalry Pegasus
    Nylea's Disciple
    Annul
--> Titan's Strength
    Yoked Ox
    Wild Celebrants
    Akroan Crusader
    Cavern Lampad
    Vanquish the Foul
    Warriors' Lesson
    Daxos of Meletis
    Swamp
 
Pack 3 pick 4:
    Prescient Chimera
--> Fleetfeather Sandals
    Ill-Tempered Cyclops
    Commune with the Gods
    Returned Phalanx
    Lagonna-Band Elder
    Lost in a Labyrinth
    Boon of Erebos
    Setessan Griffin
    Mogis's Marauder
    Prowler's Helm
    Plains
 
Pack 3 pick 5:
    Demolish
    Nessian Courser
    March of the Returned
    Breaching Hippocamp
    Vulpine Goliath
    Asphodel Wanderer
    Traveler's Amulet
    Boulderfall
    Decorated Griffin
--> Ashen Rider
    Swamp
 
Pack 3 pick 6:
--> Minotaur Skullcleaver
    Mnemonic Wall
    Baleful Eidolon
    Two-Headed Cerberus
    Felhide Minotaur
    Borderland Minotaur
    Flamespeaker Adept
    Spellheart Chimera
    Psychic Intrusion
    Forest
 
Pack 3 pick 7:
--> Minotaur Skullcleaver
    Mnemonic Wall
    Viper's Kiss
    Defend the Hearth
    Crackling Triton
    Traveler's Amulet
    Peak Eruption
    Spellheart Chimera
    Forest
 
Pack 3 pick 8:
    Sip of Hemlock
    Priest of Iroas
    Returned Centaur
    Setessan Griffin
--> Vaporkin
    Cutthroat Maneuver
    Steam Augury
    Forest
 
Pack 3 pick 9:
    Stymied Hopes
    Nessian Courser
    Returned Centaur
    Fate Foretold
--> Portent of Betrayal
    Akroan Hoplite
    Mountain
 
Pack 3 pick 10:
--> Spearpoint Oread
    Yoked Ox
    Kragma Warcaller (FOIL)
    Vanquish the Foul
    Satyr Piper
    Plains
 
Pack 3 pick 11:
    Wild Celebrants
--> Akroan Crusader
    Vanquish the Foul
    Warriors' Lesson
    Swamp
 
Pack 3 pick 12:
--> Returned Phalanx
    Lost in a Labyrinth
    Setessan Griffin
    Plains
 
Pack 3 pick 13:
    March of the Returned
--> Boulderfall
    Swamp
 
Pack 3 pick 14:
--> Spellheart Chimera
    Forest
 
Pack 3 pick 15:
--> Forest
 
