Event #: 7093397
Time:    5/13/2014 9:24:27 PM
Players: 
    tjangaar
--> malthrin
    MrLight
    jin2836
    komnenus
    Maltanis01
    Kleves
    TarenorUR
 
------ JOU ------
 
Pack 1 pick 1:
    Armament of Nyx
--> Font of Fertility
    Rotted Hulk
    Godhunter Octopus
    Rouse the Mob
    Font of Vigor
    Dreadbringer Lampads
    Stonewise Fortifier
    Triton Shorestalker
    Renowned Weaver
    Nightmarish End
    Eidolon of Rhetoric
    Thassa's Ire
    Revel of the Fallen God
    Island
 
Pack 1 pick 2:
    Lightning Diadem
    Eagle of the Watch
    Market Festival
    Grim Guardian
    Rouse the Mob
    Rise of Eagles
    Pheres-Band Thunderhoof
    Bladetusk Boar
    Dreadbringer Lampads
    Desperate Stand
    Goldenhide Ox
    Forgeborn Oreads
--> Spawn of Thraxes
    Island
 
Pack 1 pick 3:
    Lightning Diadem
    Market Festival
    Grim Guardian
    Cloaked Siren
    Rouse the Mob
    Rise of Eagles
    Pheres-Band Thunderhoof
    Bladetusk Boar
    Dreadbringer Lampads
--> Colossal Heroics
    Quarry Colossus
    Daring Thief
    Swamp
 
Pack 1 pick 4:
    Armament of Nyx
    Humbler of Mortals
    Nyx Infusion
    Harvestguard Alseids
    Returned Reveler
    Kruphix's Insight
--> Supply-Line Cranes
    Thassa's Devourer
    Desecration Plague
    Flamespeaker's Will
    Strength from the Fallen
    Plains
 
Pack 1 pick 5:
    Armament of Nyx
    Nyx Infusion
    Returned Reveler
    Kruphix's Insight
--> Supply-Line Cranes
    Thassa's Devourer
    Desecration Plague
    Cast into Darkness (FOIL)
    Ritual of the Returned
    Dictate of the Twin Gods
    Island
 
Pack 1 pick 6:
    Font of Return
--> Magma Spray
    Desecration Plague
    Starfall
    Cast into Darkness
    Supply-Line Cranes
    Kiora's Dismissal
    Agent of Erebos
    Blinding Flare
    Forest
 
Pack 1 pick 7:
    Godhunter Octopus
--> Sigiled Skink
    Font of Vigor
    Kruphix's Insight
    Countermand
    Starfall
    Cruel Feeding
    Deserter's Quarters
    Mountain
 
Pack 1 pick 8:
    Lightning Diadem
    Market Festival
    Rouse the Mob
--> Bladetusk Boar
    Dreadbringer Lampads
    Quarry Colossus
    Cyclops of Eternal Fury
    Plains
 
Pack 1 pick 9:
    Rotted Hulk
    Godhunter Octopus
--> Rouse the Mob
    Font of Vigor
    Stonewise Fortifier
    Thassa's Ire
    Island
 
Pack 1 pick 10:
    Lightning Diadem
--> Rouse the Mob
    Rise of Eagles
    Dreadbringer Lampads
    Desperate Stand
    Island
 
Pack 1 pick 11:
    Market Festival
--> Rouse the Mob
    Rise of Eagles
    Quarry Colossus
    Swamp
 
Pack 1 pick 12:
    Kruphix's Insight
--> Thassa's Devourer
    Desecration Plague
    Plains
 
Pack 1 pick 13:
    Kruphix's Insight
--> Ritual of the Returned
    Island
 
Pack 1 pick 14:
--> Agent of Erebos
    Forest
 
Pack 1 pick 15:
--> Mountain
 
------ BNG ------
 
Pack 2 pick 1:
    Charging Badger
    Pharagax Giant
    Sphinx's Disciple
    Ephara's Radiance
    Aspect of Hydra
    Claim of Erebos
    Deepwater Hypnotist
    Nyxborn Shieldmate
--> Fall of the Hammer
    Karametra's Favor
    Satyr Nyx-Smith
    Odunos River Trawler
    God-Favored General
    Whims of the Fates
    Forest
 
Pack 2 pick 2:
    Weight of the Underworld
    Setessan Oathsworn
    Excoriate
    Nyxborn Triton
    Crypsis
    Reckless Reveler
    Grisly Transformation
    Snake of the Golden Grove
--> Elite Skirmisher
    Archetype of Endurance
    Reap What Is Sown
    Pinnacle of Rage
    Astral Cornucopia
    Island
 
Pack 2 pick 3:
    Setessan Starbreaker
    Forsaken Drifters
    Excoriate
    Scouring Sands
    Chorus of the Tides
--> Oreskos Sun Guide
    Stratus Walk
    Nullify
    Impetuous Sunchaser
    Culling Mark
    Springleaf Drum
    Archetype of Finality
    Plains
 
Pack 2 pick 4:
    Warchanter of Mogis
    Forsaken Drifters
    Revoke Existence
    Nyxborn Wolf
    Evanescent Intellect
    Epiphany Storm
--> Oreskos Sun Guide
    Karametra's Favor
    Gorgon's Head
    Thassa's Rebuff
    Siren Song Lyre
    Mountain
 
Pack 2 pick 5:
    Satyr Wayfinder
    Pharagax Giant
    Great Hart
    Divination
    Claim of Erebos
--> Impetuous Sunchaser
    Pheres-Band Tromper
    Deepwater Hypnotist
    Skyreaping
    Shrike Harpy
    Swamp
 
Pack 2 pick 6:
    Hold at Bay
    Setessan Starbreaker
    Weight of the Underworld
    Sphinx's Disciple
    Warchanter of Mogis
    Revoke Existence
    Reckless Reveler
    Gorgon's Head
--> Pinnacle of Rage
    Plains
 
Pack 2 pick 7:
--> Scouring Sands
    Charging Badger
    Floodtide Serpent
    Felhide Brawler
    Ephara's Radiance
    Snake of the Golden Grove
    Nullify
    Pheres-Band Raiders
    Mountain
 
Pack 2 pick 8:
    Hold at Bay
    Setessan Starbreaker
    Weight of the Underworld
    Sphinx's Disciple
    Warchanter of Mogis
--> Revoke Existence
    Mortal's Resolve
    Forest
 
Pack 2 pick 9:
    Charging Badger
    Sphinx's Disciple
    Ephara's Radiance
--> Aspect of Hydra
    Claim of Erebos
    Whims of the Fates
    Forest
 
Pack 2 pick 10:
    Weight of the Underworld
    Setessan Oathsworn
    Grisly Transformation
    Archetype of Endurance
--> Pinnacle of Rage
    Island
 
Pack 2 pick 11:
    Forsaken Drifters
    Nullify
    Culling Mark
--> Springleaf Drum
    Plains
 
Pack 2 pick 12:
    Evanescent Intellect
    Epiphany Storm
--> Thassa's Rebuff
    Mountain
 
Pack 2 pick 13:
    Claim of Erebos
--> Skyreaping
    Swamp
 
Pack 2 pick 14:
--> Warchanter of Mogis
    Plains
 
Pack 2 pick 15:
--> Mountain
 
------ THS ------
 
Pack 3 pick 1:
    Gods Willing
    Gray Merchant of Asphodel
    Prescient Chimera
    Scourgemark
    Coastline Chimera
    Rage of Purphoros
    Satyr Hedonist
    Read the Bones
    Setessan Battle Priest
    Rage of Purphoros (FOIL)
    Purphoros's Emissary
    Ordeal of Erebos
--> Fanatic of Mogis
    Abhorrent Overlord
    Mountain
 
Pack 3 pick 2:
    Sip of Hemlock
    Bronze Sable
    Messenger's Speed
    Mnemonic Wall
    Priest of Iroas
    Fade into Antiquity
    Returned Centaur
    Griptide
    Akroan Crusader
    Cavern Lampad
    Sea God's Revenge
    Warriors' Lesson
--> Soldier of the Pantheon
    Forest
 
Pack 3 pick 3:
    March of the Returned
    Dragon Mantle
    Nessian Asp
    Aqueous Form
    Asphodel Wanderer
    Two-Headed Cerberus
    Vulpine Goliath
    Disciple of Phenax
    Voyage's End
    Mogis's Marauder
    Prowler's Helm
--> Favored Hoplite
    Swamp
 
Pack 3 pick 4:
--> Gods Willing
    Nessian Courser
    Crackling Triton
    Spark Jolt
    Last Breath
    Scourgemark
    Griptide
    Boulderfall
    Artisan's Sorrow
    Dark Betrayal
    Shipbreaker Kraken
    Island
 
Pack 3 pick 5:
    March of the Returned
    Fleshmad Steed
    Annul
--> Wingsteed Rider
    Wild Celebrants
    Two-Headed Cerberus
    Setessan Griffin
    Vaporkin
    Erebos's Emissary
    Pharika's Mender
    Island
 
Pack 3 pick 6:
    Leafcrown Dryad
    Nessian Courser
    Feral Invocation
    Returned Centaur
    Fate Foretold
--> Portent of Betrayal
    Scholar of Athreos
    Destructive Revelry
    Artisan's Sorrow
    Island
 
Pack 3 pick 7:
    Nylea's Disciple
    Messenger's Speed
    Breaching Hippocamp
    Asphodel Wanderer
--> Titan's Strength
    Shredding Winds
    Boon of Erebos
    Witches' Eye
    Swamp
 
Pack 3 pick 8:
    Viper's Kiss
    Pheres-Band Centaurs
--> Satyr Rambler
    Shredding Winds
    Boulderfall
    Gainsay
    Stoneshock Giant
    Forest
 
Pack 3 pick 9:
    Prescient Chimera
    Scourgemark
--> Rage of Purphoros
    Satyr Hedonist
    Read the Bones
    Setessan Battle Priest
    Mountain
 
Pack 3 pick 10:
    Bronze Sable
    Messenger's Speed
--> Priest of Iroas
    Returned Centaur
    Akroan Crusader
    Forest
 
Pack 3 pick 11:
    March of the Returned
--> Dragon Mantle
    Asphodel Wanderer
    Vulpine Goliath
    Swamp
 
Pack 3 pick 12:
--> Last Breath
    Scourgemark
    Boulderfall
    Island
 
Pack 3 pick 13:
    March of the Returned
--> Wild Celebrants
    Island
 
Pack 3 pick 14:
--> Destructive Revelry
    Island
 
Pack 3 pick 15:
--> Swamp
 
