Event #: 7133873
Time:    5/25/2014 12:33:39 PM
Players: 
    dinhot
    Slavko2011
    rtmason714
--> malthrin
    pillzberrydroboy
    bluemage88
    Guilain
    ninjaorigami
 
------ JOU ------
 
Pack 1 pick 1:
    Nyx Infusion
    Harvestguard Alseids
    Returned Reveler
    Kruphix's Insight
--> Ajani's Presence
    Nature's Panoply
    Oreskos Swiftclaw
    Triton Shorestalker
    Ravenous Leucrocota
    Font of Ire
    Disciple of Deceit
    Strength from the Fallen
    Reviving Melody
    Scourge of Fleets
    Forest
 
Pack 1 pick 2:
--> Grim Guardian
    Aerial Formation
    Satyr Hoplite
    Lagonna-Band Trailblazer
    Aspect of Gorgon
    Mortal Obstinacy
    Pin to the Earth
    Pheres-Band Thunderhoof
    Gluttonous Cyclops
    Bloodcrazed Hoplite
    Phalanx Formation
    Goldenhide Ox
    Pull from the Deep
    Forest
 
Pack 1 pick 3:
    Hubris
    Satyr Hoplite
    Akroan Mastiff
    Humbler of Mortals
    Font of Return
    Starfall
    Cast into Darkness
--> Supply-Line Cranes
    Rise of Eagles
    Fleetfeather Cockatrice
    Spite of Mogis
    Agent of Erebos
    Plains
 
Pack 1 pick 4:
    Lightning Diadem
    Market Festival
    Rotted Hulk
    Hubris
    Renowned Weaver
    Thassa's Devourer
    Gluttonous Cyclops
--> Sigiled Starfish
    Nightmarish End
    Eidolon of Rhetoric
    Deserter's Quarters
    Mountain
 
Pack 1 pick 5:
--> Hubris
    Satyr Hoplite
    Humbler of Mortals
    Font of Return
    Aerial Formation
    Starfall
    Cast into Darkness
    Rise of Eagles
    Goldenhide Ox
    Nyx Weaver
    Forest
 
Pack 1 pick 6:
    Cloaked Siren
    Ravenous Leucrocota
    Flamespeaker's Will
    Aspect of Gorgon
    Oppressive Rays
    Pin to the Earth
    Armory of Iroas
    Triton Cavalry
--> Dictate of Erebos
    Forest
 
Pack 1 pick 7:
    Returned Reveler
    Countermand
    Pensive Minotaur
    Armament of Nyx
--> Font of Fertility
    Triton Shorestalker
    Renowned Weaver
    Colossal Heroics
    Swamp
 
Pack 1 pick 8:
    Font of Fertility
--> Pharika's Chosen
    Font of Fortunes
    Satyr Grovedancer
    Font of Ire
    Countermand (FOIL)
    Tormented Thoughts
    Forest
 
Pack 1 pick 9:
    Returned Reveler
    Kruphix's Insight
    Triton Shorestalker
--> Disciple of Deceit
    Strength from the Fallen
    Reviving Melody
    Forest
 
Pack 1 pick 10:
    Aspect of Gorgon
--> Pin to the Earth
    Gluttonous Cyclops
    Goldenhide Ox
    Pull from the Deep
    Forest
 
Pack 1 pick 11:
    Humbler of Mortals
    Font of Return
--> Rise of Eagles
    Agent of Erebos
    Plains
 
Pack 1 pick 12:
    Lightning Diadem
--> Rotted Hulk
    Thassa's Devourer
    Mountain
 
Pack 1 pick 13:
    Font of Return
--> Cast into Darkness
    Forest
 
Pack 1 pick 14:
--> Aspect of Gorgon
    Forest
 
Pack 1 pick 15:
--> Swamp
 
------ BNG ------
 
Pack 2 pick 1:
    Marshmist Titan
    Chorus of the Tides
    Mortal's Ardor
    Fearsome Temper
    Sudden Storm
    Great Hart (FOIL)
    Claim of Erebos
    Deepwater Hypnotist
    Nyxborn Shieldmate
    Fall of the Hammer
    Akroan Phalanx
    Vanguard of Brimaz
--> Spiteful Returned
    Temple of Malice
    Mountain
 
Pack 2 pick 2:
    Chorus of the Tides
    Mortal's Ardor
    Fearsome Temper
    Servant of Tymaret
    Sudden Storm
    Eye Gouge (FOIL)
    Claim of Erebos
    Deepwater Hypnotist
    Nyxborn Shieldmate
    Fall of the Hammer
    Reap What Is Sown
--> Aerie Worshippers
    Everflame Eidolon
    Plains
 
Pack 2 pick 3:
    Forsaken Drifters
    Excoriate
    Scouring Sands
--> Chorus of the Tides
    Felhide Brawler
    Swordwise Centaur
    Elite Skirmisher
    Oreskos Sun Guide
    Divination
    Nyxborn Rollicker
    Oracle's Insight
    Dawn to Dusk
    Island
 
Pack 2 pick 4:
    Setessan Starbreaker
    Weight of the Underworld
    Sphinx's Disciple
    Warchanter of Mogis
    Revoke Existence
    Scouring Sands
--> Oracle's Insight (FOIL)
    Cyclops of One-Eyed Pass
    Crypsis
    Skyreaping
    Forlorn Pseudamma
    Island
 
Pack 2 pick 5:
    Weight of the Underworld
    Excoriate
    Rise to the Challenge
    Warchanter of Mogis
    Culling Mark
--> Necrobite
    Forlorn Pseudamma
    Peregrination
    Sunbond
    Fated Retribution
    Mountain
 
Pack 2 pick 6:
    Floodtide Serpent
    Rise to the Challenge
    Griffin Dreamfinder
--> Divination
    Claim of Erebos
    Impetuous Sunchaser
    Pheres-Band Tromper
    Stormcaller of Keranos
    Ephara's Enlightenment
    Forest
 
Pack 2 pick 7:
    Floodtide Serpent
    Felhide Brawler
    Ephara's Radiance
    Marshmist Titan
    Culling Mark
    Grisly Transformation
    Archetype of Endurance
--> Meletis Astronomer
    Forest
 
Pack 2 pick 8:
    Eye Gouge
    Epiphany Storm
    Marshmist Titan
    Necrobite
    Grisly Transformation (FOIL)
    Black Oak of Odunos
--> Spiteful Returned
    Island
 
Pack 2 pick 9:
    Marshmist Titan
--> Chorus of the Tides
    Fearsome Temper
    Great Hart (FOIL)
    Claim of Erebos
    Deepwater Hypnotist
    Mountain
 
Pack 2 pick 10:
--> Chorus of the Tides
    Mortal's Ardor
    Eye Gouge (FOIL)
    Claim of Erebos
    Deepwater Hypnotist
    Plains
 
Pack 2 pick 11:
    Forsaken Drifters
    Scouring Sands
    Felhide Brawler
--> Divination
    Island
 
Pack 2 pick 12:
--> Weight of the Underworld
    Warchanter of Mogis
    Cyclops of One-Eyed Pass
    Island
 
Pack 2 pick 13:
--> Warchanter of Mogis
    Culling Mark
    Mountain
 
Pack 2 pick 14:
--> Claim of Erebos
    Forest
 
Pack 2 pick 15:
--> Forest
 
------ THS ------
 
Pack 3 pick 1:
    Gods Willing
    Gray Merchant of Asphodel
    Prescient Chimera
    Wingsteed Rider
    Two-Headed Cerberus
    Vulpine Goliath
    Annul
    Titan's Strength
    Scholar of Athreos
    Felhide Minotaur
    Battlewise Hoplite
    Gainsay
--> Erebos's Emissary
    Boon Satyr
    Island
 
Pack 3 pick 2:
    Guardians of Meletis
    Prescient Chimera
    Demolish
    Satyr Hedonist
    Satyr Rambler
    Leonin Snarecaster
    Feral Invocation
    Fate Foretold
    Shredding Winds
    Deathbellow Raider
    Peak Eruption
    Warriors' Lesson
--> Purphoros, God of the Forge
    Mountain
 
Pack 3 pick 3:
    Guardians of Meletis
    Prescient Chimera
    Demolish
    Asphodel Wanderer
    Voyaging Satyr
    Titan's Strength
--> Baleful Eidolon
    Benthic Giant
    Scholar of Athreos
    Triton Shorethief
    Sentry of the Underworld
    Artisan of Forms
    Forest
 
Pack 3 pick 4:
    Prescient Chimera
    Fleetfeather Sandals
    Ill-Tempered Cyclops
    Fate Foretold
    Portent of Betrayal
    Defend the Hearth
    Agent of Horizons
--> Disciple of Phenax
    Tormented Hero
    Horizon Scholar
    Satyr Piper
    Swamp
 
Pack 3 pick 5:
    Ephara's Warden
    Fleshmad Steed
    Voyaging Satyr
    Unknown Shores
--> Aqueous Form
    Asphodel Wanderer
    Traveler's Amulet
    Akroan Crusader
    Burnished Hart
    Colossus of Akros
    Forest
 
Pack 3 pick 6:
    Agent of Horizons
    Fade into Antiquity
    Satyr Rambler
    Island (FOIL)
--> Disciple of Phenax
    Ray of Dissolution
    Dissolve
    Peak Eruption
    Soldier of the Pantheon
    Forest
 
Pack 3 pick 7:
    Stymied Hopes
    Ill-Tempered Cyclops
    Leafcrown Dryad
    Commune with the Gods
    Spark Jolt
--> Returned Phalanx
    Disciple of Phenax
    Centaur Battlemaster
    Swamp
 
Pack 3 pick 8:
    Demolish
    Ephara's Warden
    Fleshmad Steed
--> Annul
    Yoked Ox
    Wild Celebrants
    Hunt the Hunter
    Forest
 
Pack 3 pick 9:
    Two-Headed Cerberus
    Annul
    Scholar of Athreos
    Felhide Minotaur
    Battlewise Hoplite
--> Gainsay
    Island
 
Pack 3 pick 10:
    Demolish
    Satyr Hedonist
    Satyr Rambler
    Peak Eruption
--> Warriors' Lesson
    Mountain
 
Pack 3 pick 11:
--> Guardians of Meletis
    Demolish
    Asphodel Wanderer
    Triton Shorethief
    Forest
 
Pack 3 pick 12:
    Fleetfeather Sandals
    Defend the Hearth
--> Agent of Horizons
    Swamp
 
Pack 3 pick 13:
--> Fleshmad Steed
    Asphodel Wanderer
    Forest
 
Pack 3 pick 14:
    Island (FOIL)
--> Forest
 
Pack 3 pick 15:
--> Swamp
 
