Event #: 7134300
Time:    5/25/2014 3:12:49 PM
Players: 
    CharlieBie
    Fizzicist
    NikkyP
--> malthrin
    TastyCakes
    Normy_Skav
    viciousid
    Ruffer
 
------ JOU ------
 
Pack 1 pick 1:
    Lagonna-Band Trailblazer
    Market Festival
    Rotted Hulk
    Hubris
    Gluttonous Cyclops
    Sigiled Starfish
    Starfall
    Cruel Feeding
    Stonewise Fortifier
    Rise of Eagles
    Bassara Tower Archer
    Desperate Stand
    Triton Cavalry
--> Pharika, God of Affliction
    Swamp
 
Pack 1 pick 2:
    Font of Return
    Font of Fortunes
    Magma Spray
    Harvestguard Alseids
    Flurry of Horns
    Dreadbringer Lampads
    Stonewise Fortifier
    Renowned Weaver
    Bladetusk Boar
    Consign to Dust
--> Spiteful Blow
    Underworld Coinsmith
    Twinflame
    Mountain
 
Pack 1 pick 3:
    Aerial Formation
    Eagle of the Watch
    Font of Fertility
--> Pharika's Chosen
    Font of Fortunes
    Ravenous Leucrocota
    Flamespeaker's Will
    Aspect of Gorgon
    Oppressive Rays
    Interpret the Signs
    Rollick of Abandon
    Reviving Melody
    Swamp
 
Pack 1 pick 4:
    Aerial Formation
    Eagle of the Watch
    Font of Fertility
    Pharika's Chosen
    Font of Fortunes
--> Ravenous Leucrocota
    Flamespeaker's Will
    Aspect of Gorgon
    Oppressive Rays
    Tormented Thoughts
    Deserter's Quarters
    Island
 
Pack 1 pick 5:
    Sigiled Skink
    Ajani's Presence
    Lightning Diadem
    Pin to the Earth
    Renowned Weaver
    Flurry of Horns
    Thassa's Devourer
    Phalanx Formation
    Nightmarish End
--> Gnarled Scarhide
    Swamp
 
Pack 1 pick 6:
    Font of Fertility
    Rotted Hulk
    Rouse the Mob
    Font of Vigor
--> Cast into Darkness
    Supply-Line Cranes
    Rise of Eagles
    Phalanx Formation
    Solidarity of Heroes
    Forest
 
Pack 1 pick 7:
--> Market Festival
    Rotted Hulk
    Gluttonous Cyclops
    Starfall
    Cruel Feeding
    Stonewise Fortifier
    Armory of Iroas
    Riddle of Lightning
    Plains
 
Pack 1 pick 8:
    Nature's Panoply
    Aerial Formation
    Satyr Hoplite
    Lagonna-Band Trailblazer
    Oppressive Rays
--> Satyr Grovedancer
    Quarry Colossus
    Forest
 
Pack 1 pick 9:
    Lagonna-Band Trailblazer
--> Rotted Hulk
    Gluttonous Cyclops
    Cruel Feeding
    Stonewise Fortifier
    Desperate Stand
    Swamp
 
Pack 1 pick 10:
    Harvestguard Alseids
    Flurry of Horns
    Dreadbringer Lampads
    Stonewise Fortifier
--> Consign to Dust
    Mountain
 
Pack 1 pick 11:
    Aspect of Gorgon
    Oppressive Rays
    Rollick of Abandon
--> Reviving Melody
    Swamp
 
Pack 1 pick 12:
    Flamespeaker's Will
    Oppressive Rays
--> Tormented Thoughts
    Island
 
Pack 1 pick 13:
    Lightning Diadem
--> Nightmarish End
    Swamp
 
Pack 1 pick 14:
    Font of Vigor
--> Forest
 
Pack 1 pick 15:
--> Plains
 
------ BNG ------
 
Pack 2 pick 1:
    Setessan Starbreaker
    Forsaken Drifters
    Excoriate
    Scouring Sands
    Chorus of the Tides
    Oreskos Sun Guide
    Divination
    Nyxborn Rollicker
    Karametra's Favor
    Whelming Wave (FOIL)
    Ephara's Enlightenment
    Acolyte's Reward
--> Bile Blight
    Forgestoker Dragon
    Swamp
 
Pack 2 pick 2:
    Felhide Brawler
    Swordwise Centaur
    Griffin Dreamfinder
    Eye Gouge
    Evanescent Intellect
    Fearsome Temper
    Nyxborn Shieldmate
    Pheres-Band Tromper
--> Asphyxiate
    Everflame Eidolon (FOIL)
    Unravel the Æther
    Pillar of War
    Dawn to Dusk
    Island
 
Pack 2 pick 3:
    Warchanter of Mogis
    Forsaken Drifters
    Revoke Existence
    Nyxborn Wolf
    Evanescent Intellect
    Epiphany Storm
--> Asphyxiate
    Akroan Skyguard
    Reckless Reveler
    Snake of the Golden Grove
    Reap What Is Sown
    Peregrination
    Forest
 
Pack 2 pick 4:
    Weight of the Underworld
--> Setessan Oathsworn
    Excoriate
    Rise to the Challenge
    Necrobite
    Kragma Butcher
    Loyal Pegasus
    Elite Skirmisher
    Mortal's Resolve
    Thunderous Might
    God-Favored General
    Mountain
 
Pack 2 pick 5:
    Hold at Bay
--> Setessan Starbreaker
    Weight of the Underworld
    Sphinx's Disciple
    Warchanter of Mogis
    Cyclops of One-Eyed Pass
    Crypsis
    Culling Mark
    Loyal Pegasus
    Flitterstep Eidolon
    Island
 
Pack 2 pick 6:
    Servant of Tymaret
    Great Hart
--> Satyr Wayfinder
    Retraction Helix
    Nyxborn Eidolon
    Cyclops of One-Eyed Pass
    Necrobite
    Sudden Storm
    Nessian Demolok
    Mountain
 
Pack 2 pick 7:
    Great Hart
--> Satyr Wayfinder
    Retraction Helix
    Nyxborn Eidolon
    Nullify
    Necrobite
    Vortex Elemental
    Sunbond
    Plains
 
Pack 2 pick 8:
    Felhide Brawler
    Griffin Dreamfinder
    Eye Gouge
    Evanescent Intellect
    Fearsome Temper
--> Asphyxiate
    Mischief and Mayhem
    Forest
 
Pack 2 pick 9:
    Setessan Starbreaker
--> Forsaken Drifters
    Scouring Sands
    Divination
    Nyxborn Rollicker
    Acolyte's Reward
    Swamp
 
Pack 2 pick 10:
--> Felhide Brawler
    Griffin Dreamfinder
    Eye Gouge
    Evanescent Intellect
    Dawn to Dusk
    Island
 
Pack 2 pick 11:
--> Forsaken Drifters
    Evanescent Intellect
    Epiphany Storm
    Reckless Reveler
    Forest
 
Pack 2 pick 12:
    Excoriate
--> Necrobite
    Thunderous Might
    Mountain
 
Pack 2 pick 13:
--> Hold at Bay
    Culling Mark
    Island
 
Pack 2 pick 14:
--> Necrobite
    Mountain
 
Pack 2 pick 15:
--> Plains
 
------ THS ------
 
Pack 3 pick 1:
    Pheres-Band Centaurs
    Nylea's Presence
    Minotaur Skullcleaver
    Defend the Hearth
--> Agent of Horizons
    Crackling Triton
    Spark Jolt
    Last Breath
    Savage Surge
    Setessan Griffin
    Battlewise Hoplite
    Vanquish the Foul
    Fanatic of Mogis
    Ember Swallower
    Plains
 
Pack 3 pick 2:
    Lash of the Whip
    Messenger's Speed
    Blood-Toll Harpy
    Breaching Hippocamp
    Aqueous Form
    Spearpoint Oread
--> Vulpine Goliath
    Vaporkin
    Felhide Minotaur
    Battlewise Hoplite
    Sentry of the Underworld
    Cutthroat Maneuver
    Temple of Mystery
    Swamp
 
Pack 3 pick 3:
    Fleshmad Steed
    Nimbus Naiad
--> Nylea's Disciple
    Pheres-Band Centaurs (FOIL)
    Commune with the Gods
    Spark Jolt
    Returned Phalanx
    Akroan Crusader
    Setessan Griffin
    Hunt the Hunter
    Triton Tactics
    Shipbreaker Kraken
    Island
 
Pack 3 pick 4:
--> Nessian Courser
    March of the Returned
    Dragon Mantle
    Satyr Hedonist
    Read the Bones
    Last Breath
    Unknown Shores
    Crackling Triton
    Borderland Minotaur
    Sedge Scorpion
    Sealock Monster
    Island
 
Pack 3 pick 5:
    Battlewise Valor
    Loathsome Catoblepas
    Omenspeaker
    March of the Returned
    Wild Celebrants
    Two-Headed Cerberus
    Opaline Unicorn
    Ray of Dissolution
    Glare of Heresy
--> Ordeal of Nylea
    Forest
 
Pack 3 pick 6:
    March of the Returned
    Lagonna-Band Elder
    Lost in a Labyrinth
--> Pharika's Cure
    Rage of Purphoros
    Feral Invocation
    Scholar of Athreos
    Horizon Chimera
    Coordinated Assault
    Island
 
Pack 3 pick 7:
    Guardians of Meletis
    Demolish
    Yoked Ox
    Wild Celebrants
    Benthic Giant
    Staunch-Hearted Warrior
    Borderland Minotaur
--> Mogis's Marauder
    Plains
 
Pack 3 pick 8:
--> Blood-Toll Harpy (FOIL)
    Aqueous Form
    Asphodel Wanderer
    Setessan Battle Priest
    Gainsay
    Satyr Piper
    Decorated Griffin
    Island
 
Pack 3 pick 9:
--> Minotaur Skullcleaver
    Defend the Hearth
    Crackling Triton
    Spark Jolt
    Setessan Griffin
    Vanquish the Foul
    Plains
 
Pack 3 pick 10:
    Lash of the Whip
    Messenger's Speed
--> Aqueous Form
    Felhide Minotaur
    Cutthroat Maneuver
    Swamp
 
Pack 3 pick 11:
    Fleshmad Steed
    Pheres-Band Centaurs (FOIL)
--> Returned Phalanx
    Hunt the Hunter
    Island
 
Pack 3 pick 12:
--> March of the Returned
    Satyr Hedonist
    Unknown Shores
    Island
 
Pack 3 pick 13:
--> March of the Returned
    Wild Celebrants
    Forest
 
Pack 3 pick 14:
--> Lost in a Labyrinth
    Island
 
Pack 3 pick 15:
--> Plains
 
