Event #: 7135361
Time:    5/25/2014 9:43:56 PM
Players: 
    devaultj
    peterrgilbertson
--> malthrin
    gorgaz
    Telemokos
    itearupyourcards
    han79
    old_gil
 
------ JOU ------
 
Pack 1 pick 1:
    Godhunter Octopus
    Sigiled Skink
    Font of Vigor
    Kruphix's Insight
    Pharika's Chosen
    Countermand
    Triton Shorestalker
    Ravenous Leucrocota
    Font of Ire
    Aspect of Gorgon
    Ritual of the Returned
    Cyclops of Eternal Fury
    Nyx-Fleece Ram
--> Temple of Epiphany
    Mountain
 
Pack 1 pick 2:
    Golden Hind
    Feast of Dreams
    Cloaked Siren
    Lightning Diadem
    Lagonna-Band Trailblazer
    Market Festival
    Bladetusk Boar
    Dreadbringer Lampads
    Supply-Line Cranes
    Thassa's Devourer
--> Mogis's Warhound
    Solidarity of Heroes
    Forgeborn Oreads
    Forest
 
Pack 1 pick 3:
    Cloaked Siren
    Rouse the Mob
    Armament of Nyx
    Humbler of Mortals
    Nyx Infusion
    War-Wing Siren
    Satyr Grovedancer
    Flurry of Horns
    Dreadbringer Lampads
    Stonewise Fortifier
    Reviving Melody
--> Gnarled Scarhide
    Mountain
 
Pack 1 pick 4:
    Golden Hind
--> Feast of Dreams
    Cloaked Siren
    Lightning Diadem
    Lagonna-Band Trailblazer
    Market Festival
    Dreadbringer Lampads
    Thassa's Devourer
    Dakra Mystic
    Spirespine
    Aegis of the Gods
    Island
 
Pack 1 pick 5:
    Akroan Mastiff
    Humbler of Mortals
    Font of Return
    Aerial Formation
--> Flurry of Horns
    Thassa's Devourer
    Stonewise Fortifier (FOIL)
    Disciple of Deceit
    Blinding Flare
    Dictate of Kruphix
    Island
 
Pack 1 pick 6:
    Font of Fertility
--> Pharika's Chosen
    Font of Fortunes
    Cruel Feeding
    Stonewise Fortifier
    Rise of Eagles
    Pheres-Band Thunderhoof
    Consign to Dust
    Chariot of Victory
    Swamp
 
Pack 1 pick 7:
    Oakheart Dryads
--> Satyr Hoplite
    Ravenous Leucrocota
    Flamespeaker's Will
    Aspect of Gorgon
    Oppressive Rays
    Pin to the Earth
    Renowned Weaver
    Forest
 
Pack 1 pick 8:
    Harvestguard Alseids
    Countermand
    Pensive Minotaur
--> Cast into Darkness
    Tormented Thoughts
    Chariot of Victory
    Strength from the Fallen
    Plains
 
Pack 1 pick 9:
    Godhunter Octopus
    Font of Vigor
    Kruphix's Insight
    Countermand
--> Aspect of Gorgon
    Ritual of the Returned
    Mountain
 
Pack 1 pick 10:
--> Lightning Diadem
    Lagonna-Band Trailblazer
    Market Festival
    Thassa's Devourer
    Solidarity of Heroes
    Forest
 
Pack 1 pick 11:
    Humbler of Mortals
    Satyr Grovedancer
--> Dreadbringer Lampads
    Reviving Melody
    Mountain
 
Pack 1 pick 12:
--> Lightning Diadem
    Market Festival
    Dreadbringer Lampads
    Island
 
Pack 1 pick 13:
--> Font of Return
    Disciple of Deceit
    Island
 
Pack 1 pick 14:
--> Consign to Dust
    Swamp
 
Pack 1 pick 15:
--> Forest
 
------ BNG ------
 
Pack 2 pick 1:
    Forsaken Drifters
    Excoriate
    Scouring Sands
    Chorus of the Tides
    Felhide Brawler
    Necrobite (FOIL)
    Stratus Walk
    Nyxborn Shieldmate
    Pheres-Band Tromper
    Asphyxiate
    Odunos River Trawler
    Sanguimancy
    Eternity Snare
--> Eidolon of Countless Battles
    Plains
 
Pack 2 pick 2:
    Forsaken Drifters
    Excoriate
    Scouring Sands
    Chorus of the Tides
    Felhide Brawler
    Swordwise Centaur
    Stratus Walk
    Nyxborn Shieldmate
    Pheres-Band Tromper
--> Asphyxiate
    Kraken of the Straits
    Archetype of Aggression
    Meletis Astronomer
    Forest
 
Pack 2 pick 3:
    Servant of Tymaret
    Great Hart
    Satyr Wayfinder
    Nyxborn Eidolon
    Aspect of Hydra
    Mortal's Resolve
    Divination
--> Akroan Skyguard
    Claim of Erebos
    Reap What Is Sown
    Noble Quarry
    Acolyte's Reward
    Mountain
 
Pack 2 pick 4:
    Nyxborn Eidolon
    Charging Badger
    Pharagax Giant
    Sphinx's Disciple
    Ephara's Radiance
    Setessan Starbreaker
    Oreskos Sun Guide
    Nyxborn Rollicker
    Karametra's Favor
    Pillar of War
--> Glimpse the Sun God
    Forest
 
Pack 2 pick 5:
    Revoke Existence
    Scouring Sands
    Charging Badger
    Floodtide Serpent
    Felhide Brawler
    Ephara's Radiance
--> Nyxborn Shieldmate
    Fall of the Hammer
    Ashiok's Adept
    Fated Infatuation
    Plains
 
Pack 2 pick 6:
    Hold at Bay
    Marshmist Titan
    Floodtide Serpent
    Griffin Dreamfinder
    Reckless Reveler
    Grisly Transformation
    Siren Song Lyre
    Archetype of Finality
--> Pain Seer
    Swamp
 
Pack 2 pick 7:
    Griffin Dreamfinder
    Eye Gouge
    Evanescent Intellect
    Fearsome Temper
    Cyclops of One-Eyed Pass
    Culling Mark
--> Loyal Pegasus
    Grisly Transformation
    Mountain
 
Pack 2 pick 8:
--> Nyxborn Eidolon
    Charging Badger
    Sphinx's Disciple
    Ephara's Radiance
    Setessan Starbreaker
    Oreskos Sun Guide
    Nyxborn Rollicker
    Mountain
 
Pack 2 pick 9:
    Forsaken Drifters
    Scouring Sands
    Felhide Brawler
--> Odunos River Trawler
    Sanguimancy
    Eternity Snare
    Plains
 
Pack 2 pick 10:
    Forsaken Drifters
    Scouring Sands
--> Felhide Brawler
    Kraken of the Straits
    Meletis Astronomer
    Forest
 
Pack 2 pick 11:
--> Great Hart
    Satyr Wayfinder
    Aspect of Hydra
    Claim of Erebos
    Mountain
 
Pack 2 pick 12:
    Charging Badger
    Ephara's Radiance
--> Pillar of War
    Forest
 
Pack 2 pick 13:
--> Felhide Brawler
    Ephara's Radiance
    Plains
 
Pack 2 pick 14:
--> Archetype of Finality
    Swamp
 
Pack 2 pick 15:
--> Evanescent Intellect
 
------ THS ------
 
Pack 3 pick 1:
    Demolish
    Ephara's Warden
    Fleshmad Steed
    Returned Centaur
    Griptide
    Commune with the Gods
    Hopeful Eidolon
    Spark Jolt
    Ray of Dissolution
    Vaporkin
--> Mogis's Marauder
    Horizon Scholar
    Cutthroat Maneuver
    Ashen Rider
    Plains
 
Pack 3 pick 2:
    Leafcrown Dryad
--> Gods Willing
    Nessian Courser
    Commune with the Gods
    Returned Phalanx
    Lagonna-Band Elder
    Lost in a Labyrinth
    Savage Surge
    Disciple of Phenax
    Burnished Hart
    Akroan Hoplite
    Shipwreck Singer
    Reverent Hunter
    Plains
 
Pack 3 pick 3:
    March of the Returned
    Fleshmad Steed
--> Blood-Toll Harpy
    Spearpoint Oread
    Breaching Hippocamp
    Vulpine Goliath
    Staunch-Hearted Warrior
    Scholar of Athreos
    Sea God's Revenge
    Magma Jet
    Triton Tactics
    Reaper of the Wilds
    Plains
 
Pack 3 pick 4:
--> Gray Merchant of Asphodel
    Prescient Chimera
    Returned Phalanx
    Coastline Chimera
    Pharika's Cure
    Defend the Hearth
    Leonin Snarecaster
    Boon of Erebos
    Setessan Griffin
    Ordeal of Thassa
    Decorated Griffin
    Swamp
 
Pack 3 pick 5:
    Bronze Sable
    Ephara's Warden
--> Sip of Hemlock
    Rage of Purphoros
    Feral Invocation
    Returned Centaur
    Opaline Unicorn
    Staunch-Hearted Warrior
    Hunt the Hunter
    Sealock Monster
    Swamp
 
Pack 3 pick 6:
    Guardians of Meletis
    Demolish
    Gods Willing
    Portent of Betrayal
    Defend the Hearth
    Staunch-Hearted Warrior
--> Boon of Erebos
    Vanquish the Foul
    Karametra's Acolyte
    Plains
 
Pack 3 pick 7:
    Messenger's Speed
    Gods Willing
    Lost in a Labyrinth
    Agent of Horizons
    Fade into Antiquity
    Satyr Rambler
--> Observant Alseid
    Karametra's Acolyte
    Swamp
 
Pack 3 pick 8:
    Nylea's Disciple
    Yoked Ox
    Wild Celebrants
    Deathbellow Raider
--> Anvilwrought Raptor
    Vanquish the Foul
    Satyr Piper
    Island
 
Pack 3 pick 9:
    Demolish
    Ephara's Warden
    Fleshmad Steed
    Returned Centaur
    Commune with the Gods
--> Cutthroat Maneuver
    Plains
 
Pack 3 pick 10:
    Commune with the Gods
    Returned Phalanx
    Lost in a Labyrinth
    Savage Surge
--> Shipwreck Singer
    Plains
 
Pack 3 pick 11:
    March of the Returned
--> Fleshmad Steed
    Vulpine Goliath
    Staunch-Hearted Warrior
    Plains
 
Pack 3 pick 12:
--> Coastline Chimera
    Defend the Hearth
    Setessan Griffin
    Swamp
 
Pack 3 pick 13:
--> Bronze Sable
    Returned Centaur
    Swamp
 
Pack 3 pick 14:
--> Defend the Hearth
    Plains
 
Pack 3 pick 15:
--> Swamp
 
