Event #: 7142123
Time:    5/27/2014 8:51:06 PM
Players: 
    Sawtooth
    mfrances100
    manofsteel00
    vision_
--> malthrin
    rockyjrwarrior
    AgntPudding
    StrixMix
 
------ JOU ------
 
Pack 1 pick 1:
    Font of Return
    Font of Fortunes
    Forgeborn Oreads (FOIL)
    Harvestguard Alseids
--> Golden Hind
    Returned Reveler
    Starfall
    Cast into Darkness
    Supply-Line Cranes
    Rise of Eagles
    Chariot of Victory
    Crystalline Nautilus
    Pull from the Deep
    Extinguish All Hope
    Island
 
Pack 1 pick 2:
--> Cloaked Siren
    Rouse the Mob
    Armament of Nyx
    Humbler of Mortals
    Nyx Infusion
    Harvestguard Alseids
    Gluttonous Cyclops
    Bloodcrazed Hoplite
    War-Wing Siren
    Sightless Brawler
    Leonin Iconoclast
    Riptide Chimera
    Polymorphous Rush
    Forest
 
Pack 1 pick 3:
    Grim Guardian
    Aerial Formation
    Satyr Hoplite
    Lagonna-Band Trailblazer
--> Oakheart Dryads
    Bladetusk Boar
    Cruel Feeding
    Mortal Obstinacy
    Desecration Plague
    Rollick of Abandon
    Nyx Weaver
    Solidarity of Heroes
    Forest
 
Pack 1 pick 4:
    Lagonna-Band Trailblazer
    Market Festival
    Rotted Hulk
    Pensive Minotaur
    Akroan Mastiff
    Thassa's Devourer
    Desecration Plague
    Humbler of Mortals (FOIL)
    Cast into Darkness
    Reprisal
--> Fleetfeather Cockatrice
    Mountain
 
Pack 1 pick 5:
    Returned Reveler
    Kruphix's Insight
--> Satyr Grovedancer
    Flurry of Horns
    Dreadbringer Lampads
    Stonewise Fortifier
    Triton Shorestalker
    Renowned Weaver
    Ritual of the Returned
    Interpret the Signs
    Forest
 
Pack 1 pick 6:
    Returned Reveler
    Kruphix's Insight
    Nature's Panoply
--> Satyr Grovedancer
    Stonewise Fortifier
    Triton Shorestalker
    Renowned Weaver
    Tormented Thoughts
    Deserter's Quarters
    Island
 
Pack 1 pick 7:
    Countermand
    Pensive Minotaur
    Font of Fertility
    Rotted Hulk
    Godhunter Octopus
    Satyr Grovedancer
    Flamespeaker's Will (FOIL)
--> Thassa's Ire
    Mountain
 
Pack 1 pick 8:
    Ajani's Presence
--> Golden Hind
    Lightning Diadem
    Rise of Eagles
    Pheres-Band Thunderhoof
    Dreadbringer Lampads
    Colossal Heroics
    Plains
 
Pack 1 pick 9:
    Font of Return
--> Font of Fortunes
    Harvestguard Alseids
    Returned Reveler
    Chariot of Victory
    Pull from the Deep
    Island
 
Pack 1 pick 10:
    Rouse the Mob
    Armament of Nyx
--> Humbler of Mortals
    Harvestguard Alseids
    Gluttonous Cyclops
    Forest
 
Pack 1 pick 11:
    Satyr Hoplite
    Cruel Feeding
--> Desecration Plague
    Solidarity of Heroes
    Forest
 
Pack 1 pick 12:
    Rotted Hulk
--> Thassa's Devourer
    Desecration Plague
    Mountain
 
Pack 1 pick 13:
    Returned Reveler
--> Kruphix's Insight
    Forest
 
Pack 1 pick 14:
--> Tormented Thoughts
    Island
 
Pack 1 pick 15:
--> Mountain
 
------ BNG ------
 
Pack 2 pick 1:
--> Nyxborn Wolf
    Evanescent Intellect
    Epiphany Storm
    Reckless Reveler (FOIL)
    Great Hart
    Satyr Wayfinder
    Necrobite
    Kragma Butcher
    Loyal Pegasus
    Elite Skirmisher
    Reap What Is Sown
    Peregrination
    Bile Blight
    Fated Infatuation
    Plains
 
Pack 2 pick 2:
    Nyxborn Triton
    Warchanter of Mogis
    Forsaken Drifters
    Revoke Existence
    Oreskos Sun Guide
    Stratus Walk
    Nullify
    Impetuous Sunchaser
    Culling Mark
    Aerie Worshippers
    Archetype of Finality
    Vortex Elemental
--> Tromokratis
    Island
 
Pack 2 pick 3:
    Scouring Sands
--> Chorus of the Tides
    Felhide Brawler
    Swordwise Centaur
    Griffin Dreamfinder
    Crypsis
    Reckless Reveler
    Grisly Transformation
    Snake of the Golden Grove
    Elite Skirmisher
    Thunder Brute
    Dawn to Dusk
    Forest
 
Pack 2 pick 4:
    Rise to the Challenge
    Griffin Dreamfinder
    Nyxborn Eidolon
    Charging Badger
    Sphinx's Disciple
    Kragma Butcher
    Aspect of Hydra
    Mortal's Resolve
    Stormcaller of Keranos
    Noble Quarry
--> Fated Intervention
    Plains
 
Pack 2 pick 5:
    Mortal's Ardor
    Fearsome Temper
    Servant of Tymaret
    Satyr Wayfinder
    Pharagax Giant
--> Retraction Helix
    Loyal Pegasus
    Grisly Transformation
    Unravel the Æther
    Spirit of the Labyrinth
    Island
 
Pack 2 pick 6:
    Felhide Brawler
    Ephara's Radiance
    Bolt of Keranos
    Marshmist Titan
    Cyclops of One-Eyed Pass
    Crypsis
    Culling Mark
    Thassa's Rebuff
--> Mischief and Mayhem
    Mountain
 
Pack 2 pick 7:
    Felhide Brawler
    Ephara's Radiance
    Marshmist Titan
--> Chorus of the Tides
    Cyclops of One-Eyed Pass
    Crypsis
    Culling Mark
    Eater of Hope
    Plains
 
Pack 2 pick 8:
    Mortal's Ardor
    Servant of Tymaret
    Satyr Wayfinder
    Pharagax Giant
    Retraction Helix
    Unravel the Æther
--> Vortex Elemental
    Swamp
 
Pack 2 pick 9:
    Evanescent Intellect
    Epiphany Storm
    Reckless Reveler (FOIL)
    Great Hart
    Reap What Is Sown
--> Peregrination
    Plains
 
Pack 2 pick 10:
    Warchanter of Mogis
    Forsaken Drifters
--> Stratus Walk
    Culling Mark
    Archetype of Finality
    Island
 
Pack 2 pick 11:
    Scouring Sands
    Crypsis
    Reckless Reveler
--> Snake of the Golden Grove
    Forest
 
Pack 2 pick 12:
    Charging Badger
--> Aspect of Hydra
    Stormcaller of Keranos
    Plains
 
Pack 2 pick 13:
    Grisly Transformation
--> Unravel the Æther
    Island
 
Pack 2 pick 14:
--> Thassa's Rebuff
    Mountain
 
Pack 2 pick 15:
--> Plains
 
------ THS ------
 
Pack 3 pick 1:
    Loathsome Catoblepas
    Omenspeaker
    March of the Returned
    Lightning Strike
    Fleshmad Steed
    Aqueous Form
    Silent Artisan
    Blood-Toll Harpy
    Sedge Scorpion
    Scholar of Athreos
    Battlewise Hoplite
    Vanquish the Foul
    Nylea's Emissary
--> Sylvan Caryatid
    Forest
 
Pack 3 pick 2:
    Prescient Chimera
    Demolish
--> Leafcrown Dryad
    Annul
    Traveling Philosopher
    Wild Celebrants
    Silent Artisan
    Time to Feed
    Borderland Minotaur
    Sedge Scorpion
    Ordeal of Heliod
    Hunt the Hunter
    Evangel of Heliod
    Forest
 
Pack 3 pick 3:
    Fleshmad Steed
--> Nylea's Disciple
    Opaline Unicorn (FOIL)
    Leonin Snarecaster
    Priest of Iroas
    Read the Bones
    Thassa's Bounty
    Opaline Unicorn
    Staunch-Hearted Warrior
    Anvilwrought Raptor
    Centaur Battlemaster
    Cutthroat Maneuver
    Plains
 
Pack 3 pick 4:
    Pheres-Band Centaurs
    Nylea's Presence
    Minotaur Skullcleaver
    Satyr Hedonist
    Satyr Rambler
    Leonin Snarecaster
    Feral Invocation
    Fate Foretold
    Felhide Minotaur
    Warriors' Lesson
--> Reverent Hunter
    Forest
 
Pack 3 pick 5:
    Messenger's Speed
    Annul
    Titan's Strength
    Yoked Ox
--> Voyaging Satyr
    Wild Celebrants
    Opaline Unicorn
    Centaur Battlemaster
    Decorated Griffin
    Anthousa, Setessan Hero
    Island
 
Pack 3 pick 6:
    Mnemonic Wall
    Viper's Kiss
    Returned Phalanx
    Lost in a Labyrinth
    Rage of Purphoros
--> Shredding Winds
    Boulderfall
    Hunt the Hunter
    Destructive Revelry
    Mountain
 
Pack 3 pick 7:
    Battlewise Valor
    Viper's Kiss
    Last Breath
    Satyr Hedonist
--> Gainsay
    Evangel of Heliod
    Flamecast Wheel
    Artisan of Forms
    Plains
 
Pack 3 pick 8:
    Guardians of Meletis
    Loathsome Catoblepas
    Fade into Antiquity
    Scourgemark
    Setessan Griffin
    Triton Shorethief
--> Colossus of Akros
    Mountain
 
Pack 3 pick 9:
    Loathsome Catoblepas
    Fleshmad Steed
    Silent Artisan
    Sedge Scorpion
    Scholar of Athreos
--> Nylea's Emissary
    Forest
 
Pack 3 pick 10:
    Demolish
    Annul
    Wild Celebrants
    Silent Artisan
--> Hunt the Hunter
    Forest
 
Pack 3 pick 11:
    Fleshmad Steed
    Priest of Iroas
--> Thassa's Bounty
    Staunch-Hearted Warrior
    Plains
 
Pack 3 pick 12:
--> Pheres-Band Centaurs
    Nylea's Presence
    Satyr Hedonist
    Forest
 
Pack 3 pick 13:
    Messenger's Speed
--> Yoked Ox
    Island
 
Pack 3 pick 14:
--> Hunt the Hunter
    Mountain
 
Pack 3 pick 15:
--> Plains
 
