Event #: 7143475
Time:    5/28/2014 9:23:56 PM
Players: 
    lilsadhu
    Gryban
    amjones
    dhurt9
    jstessen
    Lanvall
--> MrMarlon
    Ralph
 
------ JOU ------
 
Pack 1 pick 1:
    Hubris
    Pensive Minotaur
    Akroan Mastiff
    Nature's Panoply
    Ravenous Leucrocota
    Font of Ire
    Aspect of Gorgon
    Mortal Obstinacy
    Pin to the Earth
    Pheres-Band Thunderhoof
    Crystalline Nautilus
    Mogis's Warhound
    Swarmborn Giant
--> Daring Thief
    Island
 
Pack 1 pick 2:
    Pensive Minotaur
    Armament of Nyx
    Font of Fertility
    Rotted Hulk
    Godhunter Octopus
    Oppressive Rays
    Pin to the Earth
    Renowned Weaver
    Flurry of Horns
    Thassa's Devourer
    Sightless Brawler
    Gnarled Scarhide
--> Triton Cavalry
    Plains
 
Pack 1 pick 3:
    Returned Reveler
    Kruphix's Insight
    Ajani's Presence
    Nature's Panoply
    Grim Guardian
--> Aerial Formation
    Desecration Plague
    Starfall
    Cast into Darkness
    Spiteful Blow
    Cyclops of Eternal Fury
    Twinflame
    Plains
 
Pack 1 pick 4:
    Harvestguard Alseids
--> Golden Hind
    Returned Reveler
    Countermand
    Bloodcrazed Hoplite
    Oreskos Swiftclaw
    Ravenous Leucrocota
    Flamespeaker's Will
    Aspect of Gorgon
    Nessian Game Warden
    Reviving Melody
    Plains
 
Pack 1 pick 5:
    Rouse the Mob
    Armament of Nyx
    Humbler of Mortals
    Nyx Infusion
    Harvestguard Alseids
    Renowned Weaver
    Bladetusk Boar
    Cruel Feeding
    Mortal Obstinacy
--> Colossal Heroics
    Island
 
Pack 1 pick 6:
    Pensive Minotaur
    Akroan Mastiff
--> Nature's Panoply
    Font of Ire
    Aspect of Gorgon
    Mortal Obstinacy
    Pin to the Earth
    Pheres-Band Thunderhoof
    Spite of Mogis
    Forest
 
Pack 1 pick 7:
--> Pharika's Chosen
    Countermand
    Lightning Diadem
    Market Festival
    Flurry of Horns
    Dreadbringer Lampads
    Squelching Leeches
    Wildfire Cerberus
    Forest
 
Pack 1 pick 8:
    Returned Reveler
    Countermand
--> Ravenous Leucrocota
    Flamespeaker's Will
    Aspect of Gorgon
    Goldenhide Ox
    Cyclops of Eternal Fury
    Mountain
 
Pack 1 pick 9:
    Pensive Minotaur
    Nature's Panoply
--> Ravenous Leucrocota
    Font of Ire
    Aspect of Gorgon
    Pin to the Earth
    Island
 
Pack 1 pick 10:
    Pensive Minotaur
    Armament of Nyx
--> Rotted Hulk
    Godhunter Octopus
    Flurry of Horns
    Plains
 
Pack 1 pick 11:
    Returned Reveler
--> Kruphix's Insight
    Desecration Plague
    Cyclops of Eternal Fury
    Plains
 
Pack 1 pick 12:
    Returned Reveler
    Countermand
--> Reviving Melody
    Plains
 
Pack 1 pick 13:
    Rouse the Mob
--> Cruel Feeding
    Island
 
Pack 1 pick 14:
--> Spite of Mogis
    Forest
 
Pack 1 pick 15:
--> Forest
 
------ BNG ------
 
Pack 2 pick 1:
--> Nyxborn Wolf
    Evanescent Intellect
    Epiphany Storm
    Servant of Tymaret
    Kragma Butcher
    Loyal Pegasus
    Elite Skirmisher
    Mortal's Resolve
    Asphyxiate
    Akroan Skyguard
    Gorgon's Head
    Thassa's Rebuff
    Glimpse the Sun God
    Temple of Malice
    Swamp
 
Pack 2 pick 2:
    Excoriate
    Scouring Sands
    Chorus of the Tides
    Felhide Brawler
--> Swordwise Centaur
    Griffin Dreamfinder
    Grisly Transformation
    Snake of the Golden Grove
    Elite Skirmisher
    Oreskos Sun Guide
    Ornitharch
    Siren Song Lyre
    Archetype of Finality
    Island
 
Pack 2 pick 3:
    Setessan Starbreaker
    Weight of the Underworld
    Sphinx's Disciple
    Warchanter of Mogis
    Chorus of the Tides (FOIL)
--> Fall of the Hammer
    Cyclops of One-Eyed Pass
    Crypsis
    Culling Mark
    Akroan Conscriptor
    Pinnacle of Rage
    Siren of the Silent Song
    Swamp
 
Pack 2 pick 4:
    Excoriate
    Scouring Sands
    Chorus of the Tides
    Griffin Dreamfinder
    Grisly Transformation
    Snake of the Golden Grove
    Elite Skirmisher
    Oreskos Sun Guide
    Fanatic of Xenagos
    Noble Quarry
--> Fated Intervention
    Plains
 
Pack 2 pick 5:
    Excoriate
    Rise to the Challenge
    Warchanter of Mogis
    Forsaken Drifters
    Revoke Existence
    Nyxborn Shieldmate (FOIL)
    Impetuous Sunchaser
    Culling Mark
--> Necrobite
    Ghostblade Eidolon
    Island
 
Pack 2 pick 6:
    Marshmist Titan
    Chorus of the Tides
    Setessan Starbreaker (FOIL)
    Servant of Tymaret
    Aspect of Hydra
    Claim of Erebos
    Deepwater Hypnotist
    Nyxborn Shieldmate
--> Nessian Demolok
    Plains
 
Pack 2 pick 7:
    Rise to the Challenge
    Warchanter of Mogis
    Forsaken Drifters
    Revoke Existence
    Nullify
    Impetuous Sunchaser
    Culling Mark
--> Pillar of War
    Swamp
 
Pack 2 pick 8:
    Evanescent Intellect
    Epiphany Storm
    Servant of Tymaret
    Kragma Butcher
    Loyal Pegasus
--> Mortal's Resolve
    Plea for Guidance
    Mountain
 
Pack 2 pick 9:
    Epiphany Storm
--> Kragma Butcher
    Elite Skirmisher
    Mortal's Resolve
    Gorgon's Head
    Thassa's Rebuff
    Swamp
 
Pack 2 pick 10:
    Scouring Sands
    Griffin Dreamfinder
    Grisly Transformation
    Elite Skirmisher
--> Siren Song Lyre
    Island
 
Pack 2 pick 11:
--> Setessan Starbreaker
    Warchanter of Mogis
    Cyclops of One-Eyed Pass
    Culling Mark
    Swamp
 
Pack 2 pick 12:
    Griffin Dreamfinder
    Elite Skirmisher
--> Fanatic of Xenagos
    Plains
 
Pack 2 pick 13:
    Revoke Existence
--> Culling Mark
    Island
 
Pack 2 pick 14:
--> Claim of Erebos
    Plains
 
Pack 2 pick 15:
--> Swamp
 
------ THS ------
 
Pack 3 pick 1:
    Nylea's Disciple
    Lash of the Whip
    Messenger's Speed
    Spearpoint Oread
    Breaching Hippocamp
    Vulpine Goliath
    Asphodel Wanderer
    Voyaging Satyr
    Borderland Minotaur
    Shredding Winds
    Ordeal of Heliod
    Centaur Battlemaster
    Warriors' Lesson
--> Arbor Colossus
    Mountain
 
Pack 3 pick 2:
    Guardians of Meletis
    Battlewise Valor
    Loathsome Catoblepas
    Returned Centaur
    Griptide
    Commune with the Gods
    Spark Jolt
    Staunch-Hearted Warrior
    Boon of Erebos
    Keepsake Gorgon
    Chronicler of Heroes
    Shipwreck Singer
--> Mistcutter Hydra
    Island
 
Pack 3 pick 3:
--> Leafcrown Dryad
    Nessian Courser
    Scourgemark
    Coastline Chimera
    Rage of Purphoros
    Satyr Hedonist
    Read the Bones
    Boulderfall
    Plains (FOIL)
    Hunt the Hunter
    Destructive Revelry
    Triton Tactics
    Swamp
 
Pack 3 pick 4:
    Fleetfeather Sandals
--> Ill-Tempered Cyclops
    Guardians of Meletis
    Titan's Strength
    Baleful Eidolon
    Benthic Giant
    Annul
    Traveling Philosopher
    Setessan Battle Priest
    Traveler's Amulet
    Tormented Hero
    Plains
 
Pack 3 pick 5:
    Ephara's Warden
    Fleshmad Steed
    Defend the Hearth
--> Agent of Horizons
    Crackling Triton
    Spark Jolt
    Scholar of Athreos
    Felhide Minotaur
    Mogis's Marauder
    Steam Augury
    Swamp
 
Pack 3 pick 6:
    Guardians of Meletis
    Demolish
    Gainsay (FOIL)
    Asphodel Wanderer
    Breaching Hippocamp
    Silent Artisan
    Cavern Lampad
--> Purphoros's Emissary
    Witches' Eye
    Island
 
Pack 3 pick 7:
    Leafcrown Dryad
    Pheres-Band Centaurs
    Yoked Ox
    Wild Celebrants
    Dragon Mantle (FOIL)
--> Time to Feed
    Artisan's Sorrow
    Pharika's Mender
    Plains
 
Pack 3 pick 8:
    Viper's Kiss
    Commune with the Gods
    Spark Jolt
    Borderland Minotaur
    Burnished Hart
    Sentry of the Underworld
--> Temple of Mystery
    Forest
 
Pack 3 pick 9:
    Messenger's Speed
    Vulpine Goliath
    Asphodel Wanderer
    Borderland Minotaur
--> Shredding Winds
    Warriors' Lesson
    Mountain
 
Pack 3 pick 10:
    Guardians of Meletis
    Loathsome Catoblepas
--> Commune with the Gods
    Spark Jolt
    Staunch-Hearted Warrior
    Island
 
Pack 3 pick 11:
--> Rage of Purphoros
    Boulderfall
    Plains (FOIL)
    Hunt the Hunter
    Swamp
 
Pack 3 pick 12:
    Fleetfeather Sandals
    Setessan Battle Priest
--> Traveler's Amulet
    Plains
 
Pack 3 pick 13:
    Defend the Hearth
--> Spark Jolt
    Swamp
 
Pack 3 pick 14:
--> Demolish
    Island
 
Pack 3 pick 15:
--> Plains
 
