Event #: 7163648
Time:    6/3/2014 9:40:37 AM
Players: 
    Skull Champ
    PQllefar
--> thornmallow
    TheBigSmeash
    ORTHOR
    Zinkoff
    NaughtyJack
    twokingsuited
 
------ JOU ------
 
Pack 1 pick 1:
    Pensive Minotaur
    Armament of Nyx
    Font of Fertility
    Rotted Hulk
    Godhunter Octopus
    Rouse the Mob
    War-Wing Siren
    Ravenous Leucrocota
    Humbler of Mortals (FOIL)
    Aspect of Gorgon
    Thoughtrender Lamia
--> Fleetfeather Cockatrice
    Gold-Forged Sentinel
    Dictate of Kruphix
    Mountain
 
Pack 1 pick 2:
    Rouse the Mob
    Armament of Nyx
    Nyx Infusion
    Harvestguard Alseids
    Returned Reveler
    Satyr Grovedancer
    Flurry of Horns
    Dreadbringer Lampads
    Stonewise Fortifier
    Phalanx Formation
    Nyx-Fleece Ram
    Strength from the Fallen
--> Deicide
    Island
 
Pack 1 pick 3:
    Font of Fortunes
    Harvestguard Alseids
--> Golden Hind
    Returned Reveler
    Countermand
    Satyr Grovedancer
    Font of Ire
    Bloodcrazed Hoplite
    Oreskos Swiftclaw
    Kiora's Dismissal
    Armory of Iroas
    Forgeborn Oreads
    Swamp
 
Pack 1 pick 4:
    Market Festival
    Rotted Hulk
    Pensive Minotaur
    Akroan Mastiff
    Nature's Panoply
    Oreskos Swiftclaw
    Triton Shorestalker
--> Ravenous Leucrocota
    Font of Ire
    Quarry Colossus
    Dakra Mystic
    Forest
 
Pack 1 pick 5:
    Market Festival
    Rotted Hulk
    Pensive Minotaur
    Akroan Mastiff
    Nature's Panoply
    Triton Shorestalker
    Font of Ire
    Disciple of Deceit
--> Triton Cavalry
    Battlefield Thaumaturge
    Mountain
 
Pack 1 pick 6:
    Pensive Minotaur
    Font of Fertility
    Rotted Hulk
    Godhunter Octopus
    Rouse the Mob
    Flamespeaker's Will
    Aspect of Gorgon
--> Nyx Weaver
    Solidarity of Heroes
    Swamp
 
Pack 1 pick 7:
    Countermand
    Lightning Diadem
    Eagle of the Watch
    Market Festival
    Grim Guardian
    Bloodcrazed Hoplite
--> War-Wing Siren
    Ritual of the Returned
    Forest
 
Pack 1 pick 8:
    Lightning Diadem
    Supply-Line Cranes
    Thassa's Devourer
    Desecration Plague
    Flamespeaker's Will
    Cast into Darkness
--> Nyx Weaver
    Island
 
Pack 1 pick 9:
    Font of Fertility
    Rotted Hulk
    Godhunter Octopus
    Aspect of Gorgon
    Thoughtrender Lamia
--> Gold-Forged Sentinel
    Mountain
 
Pack 1 pick 10:
    Rouse the Mob
    Armament of Nyx
    Harvestguard Alseids
    Returned Reveler
--> Dreadbringer Lampads
    Island
 
Pack 1 pick 11:
--> Font of Fortunes
    Harvestguard Alseids
    Countermand
    Font of Ire
    Swamp
 
Pack 1 pick 12:
    Rotted Hulk
--> Nature's Panoply
    Font of Ire
    Forest
 
Pack 1 pick 13:
--> Nature's Panoply
    Font of Ire
    Mountain
 
Pack 1 pick 14:
--> Flamespeaker's Will
    Swamp
 
Pack 1 pick 15:
--> Forest
 
------ BNG ------
 
Pack 2 pick 1:
    Servant of Tymaret
    Satyr Wayfinder
    Pharagax Giant
    Retraction Helix
    Great Hart
    Weight of the Underworld
    Culling Mark
    Loyal Pegasus
    Grisly Transformation
    Nyxborn Rollicker
    Thunder Brute
--> Kiora's Follower
    Archetype of Finality
    Phenax, God of Deception
    Forest
 
Pack 2 pick 2:
    Forsaken Drifters
    Excoriate
    Scouring Sands
    Chorus of the Tides
    Felhide Brawler
    Swordwise Centaur
    Mortal's Resolve
    Divination
    Claim of Erebos
    Pheres-Band Raiders
--> Raised by Wolves
    Spiteful Returned
    Arbiter of the Ideal
    Mountain
 
Pack 2 pick 3:
    Weight of the Underworld
    Sphinx's Disciple
    Warchanter of Mogis
    Revoke Existence
    Scouring Sands
    Charging Badger
    Reckless Reveler
    Grisly Transformation
    Snake of the Golden Grove
    Elite Skirmisher
    Thassa's Rebuff
--> Tromokratis
    Plains
 
Pack 2 pick 4:
    Revoke Existence
    Evanescent Intellect
    Epiphany Storm
    Servant of Tymaret
    Great Hart
    Nyxborn Shieldmate
--> Karametra's Favor
    Black Oak of Odunos
    Archetype of Endurance
    Ragemonger
    Fated Infatuation
    Plains
 
Pack 2 pick 5:
--> Swordwise Centaur
    Epiphany Storm
    Hold at Bay
    Necrobite
    Kragma Butcher
    Loyal Pegasus
    Mortal's Resolve
    Asphyxiate
    Stormcaller of Keranos
    Champion of Stray Souls
    Swamp
 
Pack 2 pick 6:
    Rise to the Challenge
    Warchanter of Mogis
    Forsaken Drifters
--> Sudden Storm
    Aspect of Hydra
    Deepwater Hypnotist
    Aerie Worshippers
    Springleaf Drum
    Mindreaver
    Forest
 
Pack 2 pick 7:
    Forsaken Drifters
    Scouring Sands
--> Chorus of the Tides
    Swordwise Centaur
    Mortal's Resolve
    Divination
    Claim of Erebos
    Pinnacle of Rage
    Island
 
Pack 2 pick 8:
    Nyxborn Eidolon
    Charging Badger
    Pharagax Giant
    Sphinx's Disciple
    Ephara's Radiance
--> Setessan Starbreaker
    Plea for Guidance
    Forest
 
Pack 2 pick 9:
    Pharagax Giant
    Weight of the Underworld
    Culling Mark
    Grisly Transformation
    Thunder Brute
--> Archetype of Finality
    Forest
 
Pack 2 pick 10:
    Forsaken Drifters
    Scouring Sands
    Mortal's Resolve
    Claim of Erebos
--> Pheres-Band Raiders
    Mountain
 
Pack 2 pick 11:
    Warchanter of Mogis
    Scouring Sands
--> Charging Badger
    Grisly Transformation
    Plains
 
Pack 2 pick 12:
    Evanescent Intellect
    Epiphany Storm
--> Ragemonger
    Plains
 
Pack 2 pick 13:
    Epiphany Storm
--> Kragma Butcher
    Swamp
 
Pack 2 pick 14:
--> Warchanter of Mogis
    Forest
 
Pack 2 pick 15:
--> Island
 
------ THS ------
 
Pack 3 pick 1:
    Messenger's Speed
    Gods Willing
    Gray Merchant of Asphodel
    Returned Phalanx
    Coastline Chimera
    Pharika's Cure
    Defend the Hearth
    Leonin Snarecaster
    Setessan Battle Priest
    Triton Shorethief
    Mogis's Marauder
--> Horizon Chimera
    Triton Tactics
    Temple of Triumph
    Plains
 
Pack 3 pick 2:
    Divine Verdict
    Sip of Hemlock
    Bronze Sable
    Benthic Giant
    Annul
    Traveling Philosopher
    Wild Celebrants
    Silent Artisan
--> Sedge Scorpion
    Scholar of Athreos
    Anvilwrought Raptor
    Vanquish the Foul
    Dark Betrayal
    Plains
 
Pack 3 pick 3:
--> Guardians of Meletis
    Battlewise Valor
    Loathsome Catoblepas
    Portent of Betrayal
    Commune with the Gods
    Returned Phalanx
    Lagonna-Band Elder
    Lost in a Labyrinth
    Setessan Battle Priest
    Centaur Battlemaster
    Stoneshock Giant
    Decorated Griffin
    Swamp
 
Pack 3 pick 4:
    Nessian Courser
    March of the Returned
    Dragon Mantle
    Traveling Philosopher
    Yoked Ox
    Blood-Toll Harpy
    Benthic Giant
    Voyaging Satyr
    Destructive Revelry (FOIL)
--> Voyage's End
    Ordeal of Heliod
    Forest
 
Pack 3 pick 5:
    Viper's Kiss
    Pheres-Band Centaurs
    Read the Bones
    Last Breath
    Unknown Shores
    Crackling Triton
    Portent of Betrayal
    Ray of Dissolution
--> Karametra's Acolyte
    Purphoros's Emissary
    Island
 
Pack 3 pick 6:
    Messenger's Speed
    Keepsake Gorgon (FOIL)
--> Agent of Horizons
    Fade into Antiquity
    Satyr Rambler
    Borderland Minotaur
    Anvilwrought Raptor
    Evangel of Heliod
    Swan Song
    Plains
 
Pack 3 pick 7:
    Bronze Sable
    Ephara's Warden
    Rage of Purphoros
    Returned Centaur
    Akroan Crusader
--> Savage Surge
    Hunt the Hunter
    Triad of Fates
    Plains
 
Pack 3 pick 8:
    Loathsome Catoblepas
    Nylea's Presence
    Fleetfeather Sandals
--> Annul
    Setessan Griffin
    Karametra's Acolyte
    Pharika's Mender
    Swamp
 
Pack 3 pick 9:
    Messenger's Speed
--> Gray Merchant of Asphodel
    Returned Phalanx
    Defend the Hearth
    Setessan Battle Priest
    Triton Shorethief
    Plains
 
Pack 3 pick 10:
    Benthic Giant
    Annul
    Wild Celebrants
--> Anvilwrought Raptor
    Vanquish the Foul
    Plains
 
Pack 3 pick 11:
    Loathsome Catoblepas
--> Returned Phalanx
    Lost in a Labyrinth
    Decorated Griffin
    Swamp
 
Pack 3 pick 12:
    March of the Returned
    Yoked Ox
--> Destructive Revelry (FOIL)
    Forest
 
Pack 3 pick 13:
--> Viper's Kiss
    Unknown Shores
    Island
 
Pack 3 pick 14:
--> Messenger's Speed
    Plains
 
Pack 3 pick 15:
--> Plains
 
