Event #: 7219717
Time:    6/18/2014 9:07:02 PM
Players: 
    The_Gunslinger
    Kingchair
    Pubert
--> malthrin
    MrLight
    FreshLizard
    iamnerdy
    TylerWakefield1214
 
------ JOU ------
 
Pack 1 pick 1:
    Countermand
    Pensive Minotaur
    Armament of Nyx
    Rotted Hulk (FOIL)
    Rotted Hulk
    Godhunter Octopus
--> Sigiled Starfish
    Desecration Plague
    Starfall
    Cast into Darkness
    Goldenhide Ox
    Reprisal
    Reviving Melody
    Launch the Fleet
    Island
 
Pack 1 pick 2:
    Satyr Hoplite
    Lagonna-Band Trailblazer
    Oakheart Dryads
    Font of Return
    Oppressive Rays
    War-Wing Siren
    Satyr Grovedancer
    Flurry of Horns
    Dreadbringer Lampads
    Stonewise Fortifier
--> Hour of Need
    Quarry Colossus
    Brain Maggot
    Swamp
 
Pack 1 pick 3:
    Font of Fertility
    Pharika's Chosen
    Font of Fortunes
    Sigiled Skink
    Ajani's Presence
--> Golden Hind
    Ravenous Leucrocota
    Flamespeaker's Will
    Aspect of Gorgon
    Oppressive Rays
    Chariot of Victory
    Hall of Triumph
    Plains
 
Pack 1 pick 4:
    Font of Fortunes
    Harvestguard Alseids
--> Golden Hind
    Returned Reveler
    Triton Shorestalker
    Renowned Weaver
    Bladetusk Boar
    Cruel Feeding
    Mortal Obstinacy
    Phalanx Formation
    Strength from the Fallen
    Plains
 
Pack 1 pick 5:
    Font of Fortunes
    Harvestguard Alseids
    Returned Reveler
    Triton Shorestalker
    Renowned Weaver
    Bladetusk Boar
    Cruel Feeding
--> Dakra Mystic
    Knowledge and Power
    Reviving Melody
    Swamp
 
Pack 1 pick 6:
    Rouse the Mob
    Armament of Nyx
--> Humbler of Mortals
    Nyx Infusion
    Harvestguard Alseids
    Font of Ire
    Aspect of Gorgon
    Mortal Obstinacy
    Kiora's Dismissal
    Plains
 
Pack 1 pick 7:
    Lagonna-Band Trailblazer
    Font of Return
    Oppressive Rays
    Flurry of Horns
    Dreadbringer Lampads
--> Stonewise Fortifier
    Interpret the Signs
    Cyclops of Eternal Fury
    Plains
 
Pack 1 pick 8:
    Rouse the Mob
--> Nyx Infusion
    Font of Ire
    Aspect of Gorgon
    Mortal Obstinacy
    Disciple of Deceit
    Cyclops of Eternal Fury
    Mountain
 
Pack 1 pick 9:
    Countermand
    Pensive Minotaur
    Godhunter Octopus
    Desecration Plague
    Cast into Darkness
--> Reviving Melody
    Island
 
Pack 1 pick 10:
    Satyr Hoplite
    Lagonna-Band Trailblazer
    Font of Return
    Flurry of Horns
--> Quarry Colossus
    Swamp
 
Pack 1 pick 11:
--> Font of Fertility
    Font of Fortunes
    Flamespeaker's Will
    Aspect of Gorgon
    Plains
 
Pack 1 pick 12:
    Returned Reveler
    Triton Shorestalker
--> Mortal Obstinacy
    Plains
 
Pack 1 pick 13:
    Knowledge and Power
--> Reviving Melody
    Swamp
 
Pack 1 pick 14:
--> Font of Ire
    Plains
 
Pack 1 pick 15:
--> Plains
 
------ BNG ------
 
Pack 2 pick 1:
    Eye Gouge
    Nyxborn Triton
--> Swordwise Centaur
    Epiphany Storm
    Hold at Bay
    Marshmist Titan
    Oreskos Sun Guide
    Akroan Conscriptor (FOIL)
    Nyxborn Rollicker
    Karametra's Favor
    Reap What Is Sown
    Peregrination
    Glimpse the Sun God
    Ephara, God of the Polis
    Mountain
 
Pack 2 pick 2:
    Marshmist Titan
    Chorus of the Tides
    Mortal's Ardor
    Fearsome Temper
    Servant of Tymaret
    Satyr Wayfinder
    Mortal's Resolve
    Asphyxiate
    Reckless Reveler
    Black Oak of Odunos
    Siren Song Lyre
--> Raised by Wolves
    Herald of Torment
    Plains
 
Pack 2 pick 3:
    Nyxborn Wolf
    Floodtide Serpent
    Rise to the Challenge
    Griffin Dreamfinder
    Nyxborn Eidolon
    Charging Badger
    Stratus Walk
--> Pheres-Band Tromper
    Asphyxiate
    Thunderous Might
    Sanguimancy
    Mischief and Mayhem
    Island
 
Pack 2 pick 4:
    Floodtide Serpent
    Griffin Dreamfinder
    Nyxborn Eidolon
    Charging Badger
    Stratus Walk
--> Pheres-Band Tromper
    Asphyxiate
    Satyr Nyx-Smith
    Archetype of Finality
    Graverobber Spider
    Fate Unraveler
    Mountain
 
Pack 2 pick 5:
    Great Hart
    Satyr Wayfinder
    Nyxborn Eidolon
    Mortal's Ardor
    Reckless Reveler
    Grisly Transformation
    Snake of the Golden Grove
--> Kiora's Follower
    Thunderous Might
    Nessian Demolok
    Swamp
 
Pack 2 pick 6:
--> Swordwise Centaur
    Griffin Dreamfinder
    Eye Gouge
    Evanescent Intellect
    Hold at Bay
    Fall of the Hammer
    Karametra's Favor
    Archetype of Endurance
    Gorgon's Head
    Forest
 
Pack 2 pick 7:
    Charging Badger
    Floodtide Serpent
    Felhide Brawler
    Ephara's Radiance
    Necrobite
    Kragma Butcher
--> Loyal Pegasus
    Ragemonger
    Mountain
 
Pack 2 pick 8:
    Great Hart
    Satyr Wayfinder
    Bolt of Keranos
    Grisly Transformation
--> Snake of the Golden Grove
    Dawn to Dusk
    Perplexing Chimera
    Island
 
Pack 2 pick 9:
    Eye Gouge
    Epiphany Storm
    Hold at Bay
    Marshmist Titan
    Karametra's Favor
--> Peregrination
    Mountain
 
Pack 2 pick 10:
    Marshmist Titan
    Servant of Tymaret
    Reckless Reveler
--> Black Oak of Odunos
    Siren Song Lyre
    Plains
 
Pack 2 pick 11:
--> Floodtide Serpent
    Rise to the Challenge
    Charging Badger
    Sanguimancy
    Island
 
Pack 2 pick 12:
    Floodtide Serpent
--> Nyxborn Eidolon
    Charging Badger
    Mountain
 
Pack 2 pick 13:
--> Satyr Wayfinder
    Thunderous Might
    Swamp
 
Pack 2 pick 14:
--> Evanescent Intellect
    Forest
 
Pack 2 pick 15:
--> Mountain
 
------ THS ------
 
Pack 3 pick 1:
--> Nessian Asp
    Viper's Kiss
    Swamp (FOIL)
    Annul
    Titan's Strength
    Yoked Ox
    Voyaging Satyr
    Wild Celebrants
    Felhide Minotaur
    Voyage's End
    Ordeal of Thassa
    Triton Tactics
    Sentry of the Underworld
    Colossus of Akros
    Mountain
 
Pack 3 pick 2:
    March of the Returned
    Lightning Strike
    Fleshmad Steed
    Baleful Eidolon
    Annul
    Wingsteed Rider
    Wild Celebrants
    Two-Headed Cerberus
    Scholar of Athreos
    Felhide Minotaur
--> Ordeal of Heliod
    Coordinated Assault
    Shipwreck Singer
    Mountain
 
Pack 3 pick 3:
    Cavalry Pegasus
    Nylea's Disciple
    Stymied Hopes
    Nessian Courser
    Lash of the Whip
--> Time to Feed
    Asphodel Wanderer
    Breaching Hippocamp
    Borderland Minotaur
    Shredding Winds
    Hunt the Hunter
    Keepsake Gorgon
    Forest
 
Pack 3 pick 4:
    Minotaur Skullcleaver
--> Nimbus Naiad
    Priest of Iroas
    Thassa's Bounty
    Lost in a Labyrinth
    Agent of Horizons
    Cavern Lampad
    Sedge Scorpion
    Akroan Hoplite
    Ordeal of Purphoros
    Spellheart Chimera
    Swamp
 
Pack 3 pick 5:
--> Omenspeaker
    Divine Verdict
    Fade into Antiquity
    Observant Alseid
    Scourgemark
    Coastline Chimera
    Setessan Battle Priest
    Deathbellow Raider
    Ordeal of Erebos
    Cutthroat Maneuver
    Forest
 
Pack 3 pick 6:
    Gods Willing
--> Nessian Courser
    Commune with the Gods
    Voyaging Satyr (FOIL)
    Lagonna-Band Elder
    Lost in a Labyrinth
    Akroan Crusader
    Rescue from the Underworld
    Favored Hoplite
    Mountain
 
Pack 3 pick 7:
    Loathsome Catoblepas
    Omenspeaker
    Last Breath
    Scourgemark
    Satyr Rambler
    Cavern Lampad
--> Dissolve
    Steam Augury
    Swamp
 
Pack 3 pick 8:
    March of the Returned
    Fleshmad Steed
    Returned Phalanx
    Defend the Hearth
--> Shredding Winds
    Deathbellow Raider
    Rescue from the Underworld
    Mountain
 
Pack 3 pick 9:
    Viper's Kiss
    Annul
    Yoked Ox
    Wild Celebrants
    Felhide Minotaur
--> Colossus of Akros
    Mountain
 
Pack 3 pick 10:
    March of the Returned
    Fleshmad Steed
    Wild Celebrants
--> Two-Headed Cerberus
    Felhide Minotaur
    Mountain
 
Pack 3 pick 11:
    Stymied Hopes
    Asphodel Wanderer
    Breaching Hippocamp
--> Hunt the Hunter
    Forest
 
Pack 3 pick 12:
    Priest of Iroas
--> Thassa's Bounty
    Lost in a Labyrinth
    Swamp
 
Pack 3 pick 13:
--> Scourgemark
    Cutthroat Maneuver
    Forest
 
Pack 3 pick 14:
--> Lost in a Labyrinth
    Mountain
 
Pack 3 pick 15:
--> Swamp
 
