Event #: 7234033
Time:    6/22/2014 8:54:14 PM
Players: 
    lord_ra
    kalelkuma
    Jo3yJoJo
    lootntool
--> malthrin
    miragis
    coreyb
    deibu
 
------ JOU ------
 
Pack 1 pick 1:
    Returned Reveler
    Countermand
    Pensive Minotaur
    Armament of Nyx
    Font of Fertility
    Satyr Grovedancer
    Flurry of Horns
    Dreadbringer Lampads
    Stonewise Fortifier
    Triton Shorestalker
    Spiteful Blow
    Eidolon of Rhetoric
    Deserter's Quarters
--> Dawnbringer Charioteers
    Swamp
 
Pack 1 pick 2:
    Market Festival
    Grim Guardian
    Cloaked Siren
    Rouse the Mob
    Armament of Nyx
    Humbler of Mortals
    Dreadbringer Lampads
--> Supply-Line Cranes
    Thassa's Devourer
    Desecration Plague
    Crystalline Nautilus
    Cyclops of Eternal Fury
    Swarmborn Giant
    Mountain
 
Pack 1 pick 3:
    Hubris
    Satyr Hoplite
    Akroan Mastiff
    Humbler of Mortals
    Font of Return
    Aerial Formation
    Desecration Plague
    Starfall
    Cast into Darkness
--> Whitewater Naiads
    Swarmborn Giant
    Temple of Epiphany
    Island
 
Pack 1 pick 4:
    Aerial Formation
    Satyr Hoplite
    Lagonna-Band Trailblazer
    Font of Return
    Ravenous Leucrocota
    Font of Ire
    Aspect of Gorgon
--> Mortal Obstinacy
    Nessian Game Warden
    Knowledge and Power
    Pull from the Deep
    Swamp
 
Pack 1 pick 5:
    Eagle of the Watch
    Font of Fertility
    Pharika's Chosen
    Font of Fortunes
    Sigiled Skink
--> Supply-Line Cranes
    Rise of Eagles
    Font of Ire
    Disciple of Deceit
    Nightmarish End
    Island
 
Pack 1 pick 6:
    Akroan Mastiff
    Nyx Infusion
    Godhunter Octopus
--> Sigiled Skink
    Thassa's Devourer
    Gluttonous Cyclops
    Starfall
    Cruel Feeding
    Goldenhide Ox
    Mountain
 
Pack 1 pick 7:
    Market Festival
    Rotted Hulk
    Pensive Minotaur
    Flamespeaker's Will
    Aspect of Gorgon
--> Riddle of Lightning
    Tethmos High Priest
    Knowledge and Power
    Forest
 
Pack 1 pick 8:
    Rouse the Mob
    Armament of Nyx
    Humbler of Mortals
    Dreadbringer Lampads
--> Supply-Line Cranes
    Desecration Plague
    Thoughtrender Lamia
    Forest
 
Pack 1 pick 9:
    Returned Reveler
    Pensive Minotaur
    Armament of Nyx
--> Stonewise Fortifier
    Eidolon of Rhetoric
    Deserter's Quarters
    Swamp
 
Pack 1 pick 10:
    Market Festival
--> Rouse the Mob
    Armament of Nyx
    Dreadbringer Lampads
    Desecration Plague
    Mountain
 
Pack 1 pick 11:
    Font of Return
    Desecration Plague
--> Starfall
    Cast into Darkness
    Island
 
Pack 1 pick 12:
    Font of Return
    Aspect of Gorgon
--> Knowledge and Power
    Swamp
 
Pack 1 pick 13:
--> Font of Ire
    Disciple of Deceit
    Island
 
Pack 1 pick 14:
--> Godhunter Octopus
    Mountain
 
Pack 1 pick 15:
--> Forest
 
------ BNG ------
 
Pack 2 pick 1:
    Ephara's Radiance
    Setessan Starbreaker
    Forsaken Drifters
    Excoriate
    Scouring Sands
    Elite Skirmisher
--> Oreskos Sun Guide
    Divination
    Nyxborn Rollicker
    Karametra's Favor
    Archetype of Aggression
    Flitterstep Eidolon
    Lightning Volley
    Arbiter of the Ideal
    Plains
 
Pack 2 pick 2:
    Chorus of the Tides
    Felhide Brawler
    Swordwise Centaur
    Griffin Dreamfinder
    Eye Gouge
    Evanescent Intellect
    Stratus Walk
--> Nyxborn Shieldmate
    Pheres-Band Tromper
    Asphyxiate
    Unravel the Æther
    Pillar of War
    Siren Song Lyre
    Forest
 
Pack 2 pick 3:
    Great Hart
    Rise to the Challenge (FOIL)
    Excoriate
    Rise to the Challenge
    Culling Mark
    Necrobite
--> Kragma Butcher
    Loyal Pegasus
    Elite Skirmisher
    Siren of the Silent Song
    Dawn to Dusk
    Silent Sentinel
    Forest
 
Pack 2 pick 4:
    Felhide Brawler
    Griffin Dreamfinder
    Eye Gouge
    Evanescent Intellect
    Stratus Walk
--> Nyxborn Shieldmate
    Pheres-Band Tromper
    Asphyxiate
    Ephara's Enlightenment
    Pillar of War
    Whelming Wave
    Island
 
Pack 2 pick 5:
    Great Hart
    Weight of the Underworld
    Scouring Sands (FOIL)
    Excoriate
    Rise to the Challenge
    Culling Mark
--> Kragma Butcher
    Loyal Pegasus
    Pinnacle of Rage
    Silent Sentinel
    Mountain
 
Pack 2 pick 6:
    Marshmist Titan
    Chorus of the Tides
    Mortal's Ardor
    Aspect of Hydra
    Claim of Erebos
    Deepwater Hypnotist
    Nyxborn Shieldmate
    Kraken of the Straits
--> Acolyte's Reward
    Swamp
 
Pack 2 pick 7:
    Great Hart
    Weight of the Underworld
    Rise to the Challenge
    Culling Mark
    Necrobite
--> Kragma Butcher
    Loyal Pegasus
    Elite Skirmisher
    Island
 
Pack 2 pick 8:
    Satyr Wayfinder
    Pharagax Giant
--> Nyxborn Shieldmate (FOIL)
    Impetuous Sunchaser
    Stormcaller of Keranos
    Ephara's Enlightenment
    Pinnacle of Rage
    Mountain
 
Pack 2 pick 9:
    Ephara's Radiance
    Forsaken Drifters
    Excoriate
    Scouring Sands
--> Archetype of Aggression
    Lightning Volley
    Plains
 
Pack 2 pick 10:
    Eye Gouge
    Evanescent Intellect
    Unravel the Æther
--> Pillar of War
    Siren Song Lyre
    Forest
 
Pack 2 pick 11:
    Great Hart
    Culling Mark
    Necrobite
--> Loyal Pegasus
    Forest
 
Pack 2 pick 12:
--> Griffin Dreamfinder
    Eye Gouge
    Evanescent Intellect
    Island
 
Pack 2 pick 13:
--> Scouring Sands (FOIL)
    Culling Mark
    Mountain
 
Pack 2 pick 14:
--> Claim of Erebos
    Swamp
 
Pack 2 pick 15:
--> Island
 
------ THS ------
 
Pack 3 pick 1:
    Battlewise Valor
    Nessian Asp
    Viper's Kiss
    Fate Foretold
    Portent of Betrayal
    Observant Alseid
    Defend the Hearth
    Agent of Horizons
    Savage Surge
    Opaline Unicorn
    Glare of Heresy
    Destructive Revelry
    Coordinated Assault
--> Anax and Cymede
    Swamp
 
Pack 3 pick 2:
    Demolish
    Leafcrown Dryad
--> Gods Willing
    Satyr Hedonist
    Read the Bones
    Last Breath
    Unknown Shores
    Crackling Triton
    Shredding Winds
    Deathbellow Raider
    Purphoros's Emissary
    Ordeal of Erebos
    Sealock Monster
    Island
 
Pack 3 pick 3:
    Nylea's Disciple
    Lash of the Whip
    Voyaging Satyr
    Spearpoint Oread
    Unknown Shores
    Aqueous Form
    Asphodel Wanderer
    Setessan Battle Priest
--> Deathbellow Raider
    Rescue from the Underworld
    Ordeal of Nylea
    Thassa's Emissary
    Swamp
 
Pack 3 pick 4:
    Demolish
    Ephara's Warden
    Fleshmad Steed
    Crackling Triton
    Spark Jolt
    Scourgemark
    Setessan Griffin
    Triton Shorethief
    Akroan Hoplite
--> Ordeal of Purphoros
    Soldier of the Pantheon
    Island
 
Pack 3 pick 5:
    Bronze Sable
    Ephara's Warden
    Commune with the Gods
    Returned Phalanx
    Lost in a Labyrinth
    Cavern Lampad
    Burnished Hart
--> Ordeal of Heliod
    Prowler's Helm
    Anger of the Gods
    Mountain
 
Pack 3 pick 6:
    Messenger's Speed
    Mnemonic Wall
    Scourgemark
    Satyr Hedonist
    Leonin Snarecaster
    Triton Shorethief
    Chronicler of Heroes
    Sentry of the Underworld
--> Chained to the Rocks
    Forest
 
Pack 3 pick 7:
--> Cavalry Pegasus
    Nylea's Disciple
    Yoked Ox
    Blood-Toll Harpy
    Benthic Giant
    Boon of Erebos
    Magma Jet
    Triton Tactics
    Island
 
Pack 3 pick 8:
--> Gods Willing
    Fleetfeather Sandals
    Ill-Tempered Cyclops
    Fate Foretold
    Thassa's Bounty
    Lagonna-Band Elder
    Staunch-Hearted Warrior
    Satyr Piper
 
Pack 3 pick 9:
    Battlewise Valor
    Viper's Kiss
    Fate Foretold
--> Portent of Betrayal
    Glare of Heresy
    Destructive Revelry
    Swamp
 
Pack 3 pick 10:
    Demolish
    Satyr Hedonist
    Unknown Shores
    Shredding Winds
--> Deathbellow Raider
    Island
 
Pack 3 pick 11:
    Unknown Shores
    Asphodel Wanderer
--> Setessan Battle Priest
    Rescue from the Underworld
    Swamp
 
Pack 3 pick 12:
--> Demolish
    Ephara's Warden
    Setessan Griffin
    Island
 
Pack 3 pick 13:
--> Ephara's Warden
    Commune with the Gods
    Mountain
 
Pack 3 pick 14:
--> Messenger's Speed
    Forest
 
Pack 3 pick 15:
--> Island
 
