Event #: 7237458
Time:    6/23/2014 9:40:45 PM
Players: 
    Los 324K
--> malthrin
    ScottTB
    lovetobrew
    ZaphBranibrox
    JustaLilzBitBetter
    darksilver76
    itstinkerbell
 
------ JOU ------
 
Pack 1 pick 1:
    Lightning Diadem
    Lagonna-Band Trailblazer
    Dreadbringer Lampads (FOIL)
    Rotted Hulk
    Hubris
    Pensive Minotaur
    Rise of Eagles
    Pheres-Band Thunderhoof
    Bladetusk Boar
    Dreadbringer Lampads
    Reprisal
    Fleetfeather Cockatrice
    Spirespine
--> Dawnbringer Charioteers
    Mountain
 
Pack 1 pick 2:
    Aerial Formation
    Magma Spray
    Eagle of the Watch
    Font of Fertility
    Pharika's Chosen
    Pin to the Earth
    Renowned Weaver
    Flurry of Horns
    Thassa's Devourer
    Gluttonous Cyclops
    Kiora's Dismissal
    Thassa's Ire
--> Eidolon of the Great Revel
    Forest
 
Pack 1 pick 3:
    Nature's Panoply
--> Grim Guardian
    Aerial Formation
    Satyr Hoplite
    Lagonna-Band Trailblazer
    Dreadbringer Lampads
    Stonewise Fortifier
    Triton Shorestalker
    Renowned Weaver
    Rollick of Abandon
    Phalanx Formation
    Stormchaser Chimera
    Forest
 
Pack 1 pick 4:
    Font of Return
    Font of Fortunes
    Magma Spray
    Harvestguard Alseids
--> Golden Hind
    Bladetusk Boar
    Cruel Feeding
    Mortal Obstinacy
    Thoughtrender Lamia
    Akroan Line Breaker
    Polymorphous Rush
    Island
 
Pack 1 pick 5:
    Kruphix's Insight
    Countermand
    Lightning Diadem
    Eagle of the Watch
    Market Festival
    Cast into Darkness
    Triton Shorestalker
--> Ravenous Leucrocota
    Goldenhide Ox
    Agent of Erebos
    Plains
 
Pack 1 pick 6:
    Godhunter Octopus
    Rouse the Mob
    Font of Vigor
    Oakheart Dryads
    Rise of Eagles
    Font of Ire
    Bloodcrazed Hoplite
    Forgeborn Oreads
--> Deicide
    Mountain
 
Pack 1 pick 7:
    Returned Reveler
    Countermand
    Pensive Minotaur
    Rotted Hulk
    Desecration Plague
    Starfall
--> Cast into Darkness
    Spite of Mogis
    Mountain
 
Pack 1 pick 8:
    Lightning Diadem
    Market Festival
    Rotted Hulk
    Pensive Minotaur
--> Rise of Eagles
    Knowledge and Power
    Pull from the Deep
    Swamp
 
Pack 1 pick 9:
    Lightning Diadem
--> Lagonna-Band Trailblazer
    Dreadbringer Lampads (FOIL)
    Rotted Hulk
    Rise of Eagles
    Dreadbringer Lampads
    Mountain
 
Pack 1 pick 10:
--> Magma Spray
    Thassa's Devourer
    Gluttonous Cyclops
    Kiora's Dismissal
    Thassa's Ire
    Forest
 
Pack 1 pick 11:
    Satyr Hoplite
--> Stonewise Fortifier
    Triton Shorestalker
    Renowned Weaver
    Forest
 
Pack 1 pick 12:
    Font of Return
    Font of Fortunes
--> Thoughtrender Lamia
    Island
 
Pack 1 pick 13:
    Countermand
--> Agent of Erebos
    Plains
 
Pack 1 pick 14:
--> Godhunter Octopus
    Mountain
 
Pack 1 pick 15:
--> Mountain
 
------ BNG ------
 
Pack 2 pick 1:
    Sphinx's Disciple
    Ephara's Radiance
    Setessan Starbreaker
    Forsaken Drifters
    Excoriate
    Scouring Sands
    Cyclops of One-Eyed Pass
    Crypsis
    Culling Mark
    Loyal Pegasus
    Ashiok's Adept
    Thunder Brute
--> Bile Blight
    Whelming Wave
    Plains
 
Pack 2 pick 2:
    Epiphany Storm
    Servant of Tymaret
    Great Hart
    Satyr Wayfinder
--> Akroan Skyguard
    Claim of Erebos
    Impetuous Sunchaser
    Pheres-Band Tromper
    Deepwater Hypnotist
    Crypsis
    Oracle's Insight
    Unravel the Æther
    Graverobber Spider
    Swamp
 
Pack 2 pick 3:
    Chorus of the Tides
    Felhide Brawler
    Swordwise Centaur
    Griffin Dreamfinder
    Eye Gouge
    Evanescent Intellect
    Grisly Transformation
    Nyxborn Rollicker
--> Odunos River Trawler
    Acolyte's Reward
    Pinnacle of Rage
    Tromokratis
    Mountain
 
Pack 2 pick 4:
    Swordwise Centaur
    Epiphany Storm
    Hold at Bay
    Marshmist Titan
    Nyxborn Wolf
    Divination
    Nyxborn Rollicker
    Stratus Walk
--> Ephara's Enlightenment
    Pheres-Band Raiders
    Pinnacle of Rage
    Mountain
 
Pack 2 pick 5:
    Warchanter of Mogis
    Forsaken Drifters
    Revoke Existence
    Evanescent Intellect
    Aspect of Hydra
    Divination
    Akroan Conscriptor
--> God-Favored General
    Archetype of Finality
    Perplexing Chimera
    Swamp
 
Pack 2 pick 6:
--> Nyxborn Eidolon
    Mortal's Ardor
    Eye Gouge
    Reckless Reveler
    Grisly Transformation
    Elite Skirmisher
    Oreskos Sun Guide
    Gorgon's Head
    Thassa's Rebuff
    Island
 
Pack 2 pick 7:
    Mortal's Ardor
    Fearsome Temper
--> Servant of Tymaret
    Satyr Wayfinder
    Pharagax Giant
    Reckless Reveler
    Snake of the Golden Grove
    Skyreaping
    Forest
 
Pack 2 pick 8:
    Sphinx's Disciple
--> Warchanter of Mogis
    Revoke Existence
    Charging Badger
    Culling Mark
    Dawn to Dusk
    Sanguimancy
    Plains
 
Pack 2 pick 9:
    Sphinx's Disciple
    Ephara's Radiance
--> Forsaken Drifters
    Cyclops of One-Eyed Pass
    Culling Mark
    Thunder Brute
    Plains
 
Pack 2 pick 10:
    Epiphany Storm
--> Great Hart
    Satyr Wayfinder
    Claim of Erebos
    Unravel the Æther
    Swamp
 
Pack 2 pick 11:
    Griffin Dreamfinder
    Eye Gouge
    Evanescent Intellect
--> Acolyte's Reward
    Mountain
 
Pack 2 pick 12:
    Epiphany Storm
    Hold at Bay
--> Marshmist Titan
    Mountain
 
Pack 2 pick 13:
    Warchanter of Mogis
--> Forsaken Drifters
    Swamp
 
Pack 2 pick 14:
--> Eye Gouge
    Island
 
Pack 2 pick 15:
--> Forest
 
------ THS ------
 
Pack 3 pick 1:
    Nylea's Presence
    Minotaur Skullcleaver
    Nimbus Naiad
    Voyaging Satyr
    Spearpoint Oread
    Unknown Shores
    Aqueous Form
    Asphodel Wanderer
--> Scholar of Athreos
    Disciple of Phenax
    Dissolve
    Prowler's Helm
    Favored Hoplite
    Temple of Deceit
    Mountain
 
Pack 3 pick 2:
    Guardians of Meletis
    Battlewise Valor
    Loathsome Catoblepas
    Omenspeaker
    Crackling Triton
    Spark Jolt
--> Last Breath
    Scourgemark
    Traveler's Amulet
    Shredding Winds
    Destructive Revelry
    Artisan's Sorrow
    Labyrinth Champion
    Mountain
 
Pack 3 pick 3:
    Leafcrown Dryad
    Chosen by Heliod
    Pheres-Band Centaurs
    Spark Jolt
    Returned Phalanx
    Coastline Chimera
    Pharika's Cure
    Boulderfall
    Sedge Scorpion
--> Keepsake Gorgon
    Ordeal of Nylea
    Meletis Charlatan
    Swamp
 
Pack 3 pick 4:
--> Sip of Hemlock
    Bronze Sable
    Satyr Hedonist
    Read the Bones
    Unknown Shores
    Crackling Triton
    Staunch-Hearted Warrior
    Borderland Minotaur
    Karametra's Acolyte
    Purphoros's Emissary
    Flamespeaker Adept
    Island
 
Pack 3 pick 5:
    Fleetfeather Sandals
    Demolish
    Ephara's Warden
    Wild Celebrants
    Silent Artisan
--> Blood-Toll Harpy
    Boulderfall
    Destructive Revelry
    Flamecast Wheel
    Shipwreck Singer
    Forest
 
Pack 3 pick 6:
    Pheres-Band Centaurs
--> Divine Verdict
    Guardians of Meletis
    Annul
    Wild Celebrants
    Akroan Crusader
    Setessan Griffin
    Nylea's Emissary
    Psychic Intrusion
    Swamp
 
Pack 3 pick 7:
--> Chosen by Heliod
    Mnemonic Wall
    Fate Foretold
    Thassa's Bounty
    Setessan Griffin
    Triton Shorethief
    Gainsay
    Kragma Warcaller
    Island
 
Pack 3 pick 8:
    Minotaur Skullcleaver
    Viper's Kiss
    Spearpoint Oread
    Yoked Ox
    Staunch-Hearted Warrior
--> Boon of Erebos
    Akroan Hoplite
    Island
 
Pack 3 pick 9:
    Nylea's Presence
    Unknown Shores
    Asphodel Wanderer
--> Disciple of Phenax
    Dissolve
    Prowler's Helm
    Mountain
 
Pack 3 pick 10:
    Guardians of Meletis
    Loathsome Catoblepas
    Spark Jolt
--> Scourgemark
    Traveler's Amulet
    Mountain
 
Pack 3 pick 11:
    Chosen by Heliod
    Spark Jolt
    Boulderfall
--> Sedge Scorpion
    Swamp
 
Pack 3 pick 12:
    Unknown Shores
    Crackling Triton
--> Flamespeaker Adept
    Island
 
Pack 3 pick 13:
    Demolish
--> Flamecast Wheel
    Forest
 
Pack 3 pick 14:
--> Guardians of Meletis
    Swamp
 
Pack 3 pick 15:
--> Island
 
