Event #: 7370283
Time:    2014-08-11 00:28:00
Players:
    HornOfAmmon
--> los69
    bo99bell
    faveman54
    APAKane
    TripleD
    Fluffigt
    jpeters

------ M15 ------ 

Pack 1 pick 1:
    Crowd's Favor
    Midnight Guard
    Mind Sculpt
    Evolving Wilds
    Oreskos Swiftclaw
    Void Snare
    Black Cat
    Wall of Fire
    Runeclaw Bear
    Witch's Familiar
    Gravedigger
--> Heat Ray
    Congregate
    Resolute Archangel
    Swamp

Pack 1 pick 2:
    Kinsbaile Skirmisher
    Glacial Crasher
    Scrapyard Mongrel
    Ranger's Guile
    Marked by Honor
    Welkin Tern
    Eternal Thirst
    Generator Servant
--> Elvish Mystic
    Necromancer's Assistant
    Paragon of Fierce Defiance
    Reclamation Sage
    Return to the Ranks
    Forest

Pack 1 pick 3:
    Midnight Guard
    Encrust
    Tireless Missionaries
--> Siege Wurm
    Shadowcloak Vampire
    Carnivorous Moss-Beast
    Accursed Spirit
    Sanctified Charge
    Mind Sculpt
    Constricting Sliver
    Diffusion Sliver
    Mercurial Pretender
    Plains

Pack 1 pick 4:
    Tireless Missionaries
    Frost Lynx
    Hammerhand
    Invasive Species
    Bronze Sable
    Negate
    Necrobite
    Kapsho Kitefins
--> Roaring Primadox
    Overwhelm
    Shivan Reef
    Plains

Pack 1 pick 5:
    Hammerhand
    Oppressive Rays
    Invasive Species
    Crippling Blight
    Lava Axe
--> Will-Forged Golem
    Meditation Puzzle
    Hunter's Ambush
    Shrapnel Blast
    Back to Nature
    Island

Pack 1 pick 6:
    Coral Barrier
    Miner's Bane
    Soulmender
    Void Snare
    Typhoid Rats
    Torch Fiend
    Shaman of Spring
--> Elvish Mystic
    Gargoyle Sentinel
    Island

Pack 1 pick 7:
    Invisibility
--> Invasive Species
    Witch's Familiar
    Carrion Crow
    Blastfire Bolt
    Naturalize
    Tormod's Crypt
    Staff of the Mind Magus
    Mountain

Pack 1 pick 8:
    Necromancer's Assistant
    Invisibility
    Necromancer's Assistant
    Undergrowth Scavenger
    Blastfire Bolt
    Hunter's Ambush
--> Gather Courage
    Swamp

Pack 1 pick 9:
--> Crowd's Favor
    Mind Sculpt
    Evolving Wilds
    Void Snare
    Wall of Fire
    Witch's Familiar
    Swamp

Pack 1 pick 10:
    Glacial Crasher
--> Ranger's Guile
    Marked by Honor
    Eternal Thirst
    Necromancer's Assistant
    Forest

Pack 1 pick 11:
    Tireless Missionaries
--> Shadowcloak Vampire
    Carnivorous Moss-Beast
    Mind Sculpt
    Plains

Pack 1 pick 12:
    Tireless Missionaries
--> Bronze Sable
    Negate
    Plains

Pack 1 pick 13:
    Meditation Puzzle
--> Hunter's Ambush
    Island

Pack 1 pick 14:
--> Soulmender
    Island

Pack 1 pick 15:
--> Mountain

------ M15 ------ 

Pack 2 pick 1:
    Midnight Guard
    Encrust
    Krenko's Enforcer
    Tireless Missionaries
    Satyr Wayfinder
    Accursed Spirit
--> Covenant of Blood
    Meditation Puzzle
    Mind Sculpt
    Lava Axe
    Staff of the Flame Magus
    Paragon of Fierce Defiance
    Frenzied Goblin
    Chief Engineer
    Forest

Pack 2 pick 2:
    Clear a Path
    Razorfoot Griffin
    Hydrosurge
    Thundering Giant
--> Siege Wurm
    Shadowcloak Vampire
    Hunt the Weak
    Necrobite
    Sanctified Charge
    Mind Sculpt
    Staff of the Wild Magus
    Leeching Sliver
    Wall of Limbs
    Swamp

Pack 2 pick 3:
    Glacial Crasher
    Ephemeral Shields
    Hydrosurge
--> Netcaster Spider
    Festergloom
    Hunt the Weak
    Tyrant's Machine
    Pillar of Light
    Negate
    Blood Host
    Endless Obedience
    Diffusion Sliver
    Forest

Pack 2 pick 4:
    Aeronaut Tinkerer
    Clear a Path
    Shaman of Spring
    Fugitive Wizard
--> Child of Night
    Carnivorous Moss-Beast
    Festergloom
    First Response
    Kapsho Kitefins
    Wall of Limbs
    Chief Engineer
    Island

Pack 2 pick 5:
    Statute of Denial
    Raise the Alarm
    Coral Barrier
    Satyr Wayfinder
    Zof Shade
    Meditation Puzzle
    Negate
    Blastfire Bolt
    Dauntless River Marshal
--> Reclamation Sage
    Mountain

Pack 2 pick 6:
    Divine Favor
    Nimbus of the Isles
    Thundering Giant
    Charging Rhino
    Blastfire Bolt
    Naturalize
--> Bronze Sable
    Act on Impulse
    Sacred Armory
    Forest

Pack 2 pick 7:
    Miner's Bane
    Encrust
    Scrapyard Mongrel
--> Rotfeaster Maggot
    Tyrant's Machine
    Meditation Puzzle
    Negate
    Frenzied Goblin
    Island

Pack 2 pick 8:
    Invisibility
    Charging Rhino
    Unmake the Graves
    Lava Axe
    Naturalize
    Tyrant's Machine
--> Gather Courage
    Mountain

Pack 2 pick 9:
    Tireless Missionaries
--> Satyr Wayfinder
    Meditation Puzzle
    Mind Sculpt
    Lava Axe
    Staff of the Flame Magus
    Forest

Pack 2 pick 10:
    Hydrosurge
    Necrobite
    Mind Sculpt
    Staff of the Wild Magus
--> Wall of Limbs
    Swamp

Pack 2 pick 11:
    Glacial Crasher
    Hydrosurge
--> Negate
    Diffusion Sliver
    Forest

Pack 2 pick 12:
    Clear a Path
    Fugitive Wizard
--> Carnivorous Moss-Beast
    Island

Pack 2 pick 13:
--> Statute of Denial
    Meditation Puzzle
    Mountain

Pack 2 pick 14:
--> Naturalize
    Forest

Pack 2 pick 15:
--> Island

------ M15 ------ 

Pack 3 pick 1:
    Razorfoot Griffin
    Aeronaut Tinkerer
    Crowd's Favor
    Kinsbaile Skirmisher
    Runeclaw Bear
    Sign in Blood
--> Elvish Mystic
    Rotfeaster Maggot
    Necrobite
    Forge Devil
    Tormod's Crypt
    Military Intelligence
    Dissipate
    Sliver Hive
    Mountain

Pack 3 pick 2:
    Frost Lynx
    Hammerhand
    Statute of Denial
    Vineweft
    Necromancer's Assistant
--> Hunt the Weak
    Will-Forged Golem
    Pillar of Light
    Chronostutter
    Restock
    Constricting Sliver
    Devouring Light
    Avarice Amulet
    Forest

Pack 3 pick 3:
    Hydrosurge
    Thundering Giant
    Heliod's Pilgrim
    Carnivorous Moss-Beast
    Zof Shade
    Tyrant's Machine
    Pillar of Light
    Negate
    Chief Engineer
--> Nightfire Giant
    Shrapnel Blast
    Battle Mastery
    Mountain

Pack 3 pick 4:
    Rummaging Goblin
    Tireless Missionaries
    Vineweft
    Crippling Blight
    Hunter's Ambush
--> Will-Forged Golem
    Sanctified Charge
    Chronostutter
    Staff of the Death Magus
    Nissa's Expedition
    The Chain Veil
    Mountain

Pack 3 pick 5:
    Oppressive Rays
    Miner's Bane
    Satyr Wayfinder
--> Accursed Spirit
    Blastfire Bolt
    Hunter's Ambush
    Will-Forged Golem
    Act on Impulse
    Back to Nature
    Circle of Flame
    Swamp

Pack 3 pick 6:
    Scrapyard Mongrel
    Hydrosurge
    Ranger's Guile
    Marked by Honor
    Witch's Familiar
--> Heat Ray
    Restock
    Might Makes Right
    Waste Not
    Forest

Pack 3 pick 7:
    Fugitive Wizard
    Child of Night
    Foundry Street Denizen
    Plummet
--> Living Totem
    Feast on the Fallen
    Staff of the Sun Magus
    Yavimaya Coast
    Swamp

Pack 3 pick 8:
    Amphin Pathmage
    Void Snare
    Black Cat
    Wall of Fire
    Carnivorous Moss-Beast
    Meteorite
--> Altac Bloodseeker
    Swamp

Pack 3 pick 9:
    Aeronaut Tinkerer
--> Runeclaw Bear
    Necrobite
    Forge Devil
    Tormod's Crypt
    Dissipate
    Mountain

Pack 3 pick 10:
    Statute of Denial
    Vineweft
--> Will-Forged Golem
    Chronostutter
    Restock
    Forest

Pack 3 pick 11:
    Hydrosurge
    Carnivorous Moss-Beast
    Tyrant's Machine
--> Shrapnel Blast
    Mountain

Pack 3 pick 12:
    Vineweft
--> Chronostutter
    Staff of the Death Magus
    Mountain

Pack 3 pick 13:
--> Hunter's Ambush
    Act on Impulse
    Swamp

Pack 3 pick 14:
--> Hydrosurge
    Forest

Pack 3 pick 15:
--> Swamp

