Event #: 7402886
Time:    8/20/2014 8:07:48 PM
Players:
    galldrian
    complex_sauce
    pz619
    sebastg
    sdotcarter
--> Bortlett1
    Northhouse
    buky

------ M15 ------ 

Pack 1 pick 1:
    Oppressive Rays
    Divination
    Coral Barrier
    Ephemeral Shields
    Festergloom
    Invasive Species
    Pillar of Light
    Negate
    Flesh to Dust
    Blastfire Bolt
    Staff of the Flame Magus
--> Brood Keeper
    Reclamation Sage
    Hushwing Gryff
    Forest

Pack 1 pick 2:
    Tireless Missionaries
    Frost Lynx
    Eternal Thirst
--> Borderland Marauder
    Ranger's Guile
    Evolving Wilds
    Back to Nature
    Void Snare
    Living Totem
    Necromancer's Assistant
    Ajani's Pridemate
    Military Intelligence
    Geist of the Moors
    Forest

Pack 1 pick 3:
    Kinsbaile Skirmisher
    Glacial Crasher
    Overwhelm
    Black Cat
--> Generator Servant
    Verdant Haven
    Oreskos Swiftclaw
    Undergrowth Scavenger
    Sign in Blood
    Tormod's Crypt
    Ensoul Artifact
    Paragon of Eternal Wilds
    Mountain

Pack 1 pick 4:
    Amphin Pathmage
--> Inferno Fist
    Invisibility
    Charging Rhino
    Sign in Blood
    Mind Sculpt
    Lava Axe
    Naturalize
    Wall of Essence
    Staff of the Death Magus
    Llanowar Wastes
    Swamp

Pack 1 pick 5:
    Crowd's Favor
--> Midnight Guard
    Eternal Thirst
    Ranger's Guile
    Evolving Wilds
    Soulmender
    Undergrowth Scavenger
    Crippling Blight
    Gather Courage
    Battlefield Forge
    Island

Pack 1 pick 6:
    Glacial Crasher
    Typhoid Rats
    Foundry Street Denizen
    Ranger's Guile
--> Marked by Honor
    Crippling Blight
    Carnivorous Moss-Beast
    Blood Host
    Staff of the Flame Magus
    Mountain

Pack 1 pick 7:
--> Midnight Guard
    Encrust
    Tireless Missionaries
    Shadowcloak Vampire
    Necrobite
    Forge Devil
    Hunt the Weak
    Tyrant's Machine
    Forest

Pack 1 pick 8:
    Glacial Crasher
    Miner's Bane
    Wall of Fire
    Verdant Haven
    Marked by Honor
--> Crippling Blight
    Darksteel Citadel
    Plains

Pack 1 pick 9:
    Oppressive Rays
    Ephemeral Shields
    Festergloom
    Negate
--> Blastfire Bolt
    Staff of the Flame Magus
    Forest

Pack 1 pick 10:
    Tireless Missionaries
    Eternal Thirst
    Ranger's Guile
    Back to Nature
--> Necromancer's Assistant
    Forest

Pack 1 pick 11:
    Glacial Crasher
--> Overwhelm
    Verdant Haven
    Tormod's Crypt
    Mountain

Pack 1 pick 12:
--> Invisibility
    Mind Sculpt
    Lava Axe
    Staff of the Death Magus

Pack 1 pick 13:
    Eternal Thirst
--> Ranger's Guile
    Island

Pack 1 pick 14:
--> Staff of the Flame Magus
    Mountain

Pack 1 pick 15:
--> Forest

------ M15 ------ 

Pack 2 pick 1:
--> Goblin Roughrider
    Divine Favor
    Statute of Denial
    Black Cat
    Generator Servant
    Verdant Haven
    Oreskos Swiftclaw
    Fugitive Wizard
    Festergloom
    Charging Rhino
    Turn to Frog
    Feast on the Fallen
    Brawler's Plate
    Chief Engineer
    Swamp

Pack 2 pick 2:
    Ephemeral Shields
    Hydrosurge
    Eternal Thirst
    Generator Servant
    Plummet
    Ornithopter
    Selfless Cathar
    Peel from Reality
    Zof Shade
    Invasive Species
--> Paragon of Fierce Defiance
    Frenzied Goblin
    Necromancer's Stockpile
    Mountain

Pack 2 pick 3:
    Miner's Bane
    Kinsbaile Skirmisher
    Frost Lynx
    Void Snare
    Typhoid Rats
    Torch Fiend
    Shaman of Spring
    Selfless Cathar
    Charging Rhino
    Paragon of Fierce Defiance
    Ancient Silverback
--> Constricting Sliver
    Island

Pack 2 pick 4:
    Coral Barrier
    Rummaging Goblin
    Tireless Missionaries
    Amphin Pathmage
    Accursed Spirit
    Vineweft
    Negate
    Necrobite
    Blastfire Bolt
--> Dauntless River Marshal
    Warden of the Beyond
    Mountain

Pack 2 pick 5:
--> Hammerhand
    Peel from Reality
    Foundry Street Denizen
    Invasive Species
    Marked by Honor
    Accursed Spirit
    Runeclaw Bear
    Meteorite
    Blood Host
    Staff of the Sun Magus
    Forest

Pack 2 pick 6:
--> Sungrace Pegasus
    Clear a Path
    Witch's Familiar
    Naturalize
    Bronze Sable
    Tormod's Crypt
    Ensoul Artifact
    Endless Obedience
    Grindclock
    Plains

Pack 2 pick 7:
    Divine Favor
    Statute of Denial
    Void Snare
    Wall of Fire
--> Solemn Offering
    Necromancer's Assistant
    Staff of the Flame Magus
    Aggressive Mining
    Swamp

Pack 2 pick 8:
--> Crowd's Favor
    Unmake the Graves
    Undergrowth Scavenger
    Radiant Fountain
    Tormod's Crypt
    Military Intelligence
    Dissipate
    Mountain

Pack 2 pick 9:
    Statute of Denial
    Black Cat
    Fugitive Wizard
--> Festergloom
    Feast on the Fallen
    Chief Engineer
    Swamp

Pack 2 pick 10:
    Hydrosurge
    Eternal Thirst
--> Peel from Reality
    Zof Shade
    Necromancer's Stockpile
    Mountain

Pack 2 pick 11:
    Miner's Bane
    Torch Fiend
    Shaman of Spring
--> Selfless Cathar
    Island

Pack 2 pick 12:
--> Tireless Missionaries
    Vineweft
    Negate
    Mountain

Pack 2 pick 13:
--> Blood Host
    Staff of the Sun Magus
    Forest

Pack 2 pick 14:
--> Clear a Path
    Plains

Pack 2 pick 15:
--> Swamp

------ M15 ------ 

Pack 3 pick 1:
    Amphin Pathmage
    Inferno Fist
--> Triplicate Spirits
    Invisibility
    Rotfeaster Maggot
    Netcaster Spider
    Flesh to Dust
    Forge Devil
    Hunter's Ambush
    Bronze Sable
    Gargoyle Sentinel
    Ajani's Pridemate
    Altac Bloodseeker
    Phyrexian Revoker
    Swamp

Pack 3 pick 2:
--> Midnight Guard
    Invisibility
    Eternal Thirst
    Generator Servant
    Plummet
    Ornithopter
    Selfless Cathar
    Peel from Reality
    Living Totem
    Necromancer's Assistant
    Boonweaver Giant
    Diffusion Sliver
    Genesis Hydra
    Swamp

Pack 3 pick 3:
    Amphin Pathmage
--> Krenko's Enforcer
    Eternal Thirst
    Ranger's Guile
    Evolving Wilds
    Soulmender
    Void Snare
    Carnivorous Moss-Beast
    Accursed Spirit
    Darksteel Citadel
    Venom Sliver
    Staff of the Mind Magus
    Mountain

Pack 3 pick 4:
    Crowd's Favor
    Midnight Guard
    Fugitive Wizard
    Child of Night
    Plummet
    Evolving Wilds
--> Oreskos Swiftclaw
    Unmake the Graves
    Wall of Mulch
    Staff of the Mind Magus
    Stain the Mind
    Island

Pack 3 pick 5:
    Rummaging Goblin
    Satyr Wayfinder
    Rotfeaster Maggot
    Carnivorous Moss-Beast
    Unmake the Graves
    Tyrant's Machine
    Meditation Puzzle
    Feast on the Fallen
    Staff of the Mind Magus
--> Chord of Calling
    Swamp

Pack 3 pick 6:
    Clear a Path
--> Razorfoot Griffin
    Hydrosurge
    Typhoid Rats
    Torch Fiend
    Shaman of Spring
    Invasive Species
    Witch's Familiar
    Brood Keeper
    Island

Pack 3 pick 7:
    Invisibility
--> Sungrace Pegasus
    Divination
    Zof Shade
    Vineweft
    Chronostutter
    Wall of Essence
    Military Intelligence
    Island

Pack 3 pick 8:
--> Encrust
    Eternal Thirst
    Ranger's Guile
    Soulmender
    Necromancer's Assistant
    Undergrowth Scavenger
    Dissipate
    Plains

Pack 3 pick 9:
    Invisibility
    Rotfeaster Maggot
    Flesh to Dust
    Hunter's Ambush
    Bronze Sable
--> Altac Bloodseeker
    Swamp

Pack 3 pick 10:
    Invisibility
    Plummet
    Ornithopter
    Necromancer's Assistant
--> Boonweaver Giant
    Swamp

Pack 3 pick 11:
    Eternal Thirst
    Ranger's Guile
--> Carnivorous Moss-Beast
    Staff of the Mind Magus
    Mountain

Pack 3 pick 12:
    Fugitive Wizard
--> Unmake the Graves
    Staff of the Mind Magus
    Island

Pack 3 pick 13:
--> Meditation Puzzle
    Staff of the Mind Magus
    Swamp

Pack 3 pick 14:
--> Clear a Path
    Island

Pack 3 pick 15:
--> Island

