Event #: 7409183
Time:    8/22/2014 6:56:52 PM
Players:
    Higed
    migmedic
    lennysill
    Allegations
    randomrogue
--> Bortlett1
    BeBlain
    Dougerysteve

------ M15 ------ 

Pack 1 pick 1:
    Raise the Alarm
    Nimbus of the Isles
    Hammerhand
    Soulmender
    Welkin Tern
    Black Cat
    Generator Servant
    Verdant Haven
    Unmake the Graves
    Runeclaw Bear
    Feast on the Fallen
    Meteorite
--> Stab Wound
    Perilous Vault
    Mountain

Pack 1 pick 2:
    Frost Lynx
    Hammerhand
--> Triplicate Spirits
    Statute of Denial
    Zof Shade
    Invasive Species
    Will-Forged Golem
    Pillar of Light
    Chronostutter
    Flesh to Dust
    Kird Chieftain
    Brawler's Plate
    Yavimaya Coast
    Swamp

Pack 1 pick 3:
    Hydrosurge
    Divine Favor
    Nimbus of the Isles
--> Necromancer's Assistant
    Meditation Puzzle
    Mind Sculpt
    Lava Axe
    Hunt the Weak
    Paragon of Fierce Defiance
    Wall of Mulch
    Endless Obedience
    Waste Not
    Island

Pack 1 pick 4:
    Clear a Path
    Nimbus of the Isles
    Hammerhand
    Invasive Species
    Congregate
    Negate
--> Covenant of Blood
    Blastfire Bolt
    Hunter's Ambush
    Ajani's Pridemate
    Darksteel Citadel
    Mountain

Pack 1 pick 5:
    Oppressive Rays
    Miner's Bane
    Void Snare
--> Black Cat
    Wall of Fire
    Shaman of Spring
    Necromancer's Assistant
    Tormod's Crypt
    Ensoul Artifact
    Staff of the Mind Magus
    Mountain

Pack 1 pick 6:
    Glacial Crasher
    Scrapyard Mongrel
    Ephemeral Shields
--> Carrion Crow
    Hunt the Weak
    Necrobite
    Tireless Missionaries
    Mind Sculpt
    Rogue's Gloves
    Island

Pack 1 pick 7:
    Hydrosurge
    Divine Favor
--> Void Snare
    Black Cat
    Wall of Fire
    Carnivorous Moss-Beast
    Feast on the Fallen
    In Garruk's Wake
    Island

Pack 1 pick 8:
    Thundering Giant
    Staff of the Mind Magus
--> Soulmender
    Void Snare
    Torch Fiend
    Unmake the Graves
    Undergrowth Scavenger
    Island

Pack 1 pick 9:
    Nimbus of the Isles
    Hammerhand
    Unmake the Graves
    Runeclaw Bear
    Feast on the Fallen
--> Meteorite
    Mountain

Pack 1 pick 10:
    Hammerhand
    Statute of Denial
--> Zof Shade
    Chronostutter
    Brawler's Plate
    Swamp

Pack 1 pick 11:
    Hydrosurge
--> Meditation Puzzle
    Mind Sculpt
    Lava Axe
    Island

Pack 1 pick 12:
    Clear a Path
--> Congregate
    Hunter's Ambush
    Mountain

Pack 1 pick 13:
--> Miner's Bane
    Staff of the Mind Magus
    Mountain

Pack 1 pick 14:
--> Mind Sculpt
    Island

Pack 1 pick 15:
--> Island

------ M15 ------ 

Pack 2 pick 1:
    Heliod's Pilgrim
    Amphin Pathmage
    Inferno Fist
--> Selfless Cathar
    Peel from Reality
    Child of Night
    Wall of Fire
    Verdant Haven
    Shadowcloak Vampire
    Netcaster Spider
    Military Intelligence
    Blood Host
    Reclamation Sage
    Shield of the Avatar
    Plains

Pack 2 pick 2:
    Kinsbaile Skirmisher
    Frost Lynx
    Solemn Offering
    Research Assistant
    Mind Rot
    Torch Fiend
    Titanic Growth
    Ornithopter
    Undergrowth Scavenger
    Witch's Familiar
--> Ulcerate
    Belligerent Sliver
    Back to Nature
    Mountain

Pack 2 pick 3:
    Clear a Path
    Razorfoot Griffin
    Hydrosurge
    Thundering Giant
    Zof Shade
    Mind Sculpt
--> Covenant of Blood
    Lava Axe
    Will-Forged Golem
    Nightfire Giant
    Act on Impulse
    Ætherspouts
    Forest

Pack 2 pick 4:
    Midnight Guard
    Invisibility
    Solemn Offering
    Peel from Reality
    Typhoid Rats
    Foundry Street Denizen
    Ranger's Guile
--> Sign in Blood
    Staff of the Death Magus
    Diffusion Sliver
    Feral Incarnation
    Forest

Pack 2 pick 5:
    Goblin Kaboomist
    Selfless Cathar
    Fugitive Wizard
    Child of Night
    Plummet
    Evolving Wilds
--> Witch's Familiar
    Ensoul Artifact
    Endless Obedience
    Leeching Sliver
    Island

Pack 2 pick 6:
    Scrapyard Mongrel
    Ephemeral Shields
    Ranger's Guile
    Evolving Wilds
--> Accursed Spirit
    Vineweft
    Blood Host
    Hot Soup
    Staff of the Mind Magus
    Island

Pack 2 pick 7:
    Invisibility
    Divine Favor
    Satyr Wayfinder
    Zof Shade
    Vineweft
--> Crippling Blight
    Negate
    Staff of the Flame Magus
    Plains

Pack 2 pick 8:
    Fugitive Wizard
    Mind Rot
    Titanic Growth
    Radiant Fountain
--> Witch's Familiar
    Gather Courage
    Might Makes Right
    Mountain

Pack 2 pick 9:
    Amphin Pathmage
--> Child of Night
    Wall of Fire
    Shadowcloak Vampire
    Blood Host
    Shield of the Avatar
    Plains

Pack 2 pick 10:
    Solemn Offering
    Mind Rot
    Ornithopter
--> Witch's Familiar
    Back to Nature
    Mountain

Pack 2 pick 11:
    Clear a Path
    Hydrosurge
--> Lava Axe
    Act on Impulse
    Forest

Pack 2 pick 12:
    Invisibility
--> Solemn Offering
    Staff of the Death Magus
    Forest

Pack 2 pick 13:
    Fugitive Wizard
--> Leeching Sliver
    Island

Pack 2 pick 14:
--> Staff of the Mind Magus
    Island

Pack 2 pick 15:
--> Plains

------ M15 ------ 

Pack 3 pick 1:
    Encrust
    Krenko's Enforcer
    Tireless Missionaries
    Frost Lynx
    Living Totem
    Shadowcloak Vampire
    Negate
    Devouring Light
    Blastfire Bolt
    Radiant Fountain
    Diffusion Sliver
--> Paragon of Open Graves
    Profane Memento
    Avacyn, Guardian Angel
    Swamp

Pack 3 pick 2:
    Statute of Denial
    Lightning Strike
    Selfless Cathar
    Fugitive Wizard
    Child of Night
    Foundry Street Denizen
    Plummet
    Satyr Wayfinder
--> Rotfeaster Maggot
    Paragon of Gathering Mists
    Leeching Sliver
    Feral Incarnation
    Urborg, Tomb of Yawgmoth
    Plains

Pack 3 pick 3:
    Nimbus of the Isles
    Thundering Giant
    Midnight Guard
    Shaman of Spring
    Solemn Offering
    Research Assistant
    Mind Rot
    Torch Fiend
    Zof Shade
    Paragon of Fierce Defiance
    Venom Sliver
--> Cruel Sadist
    Swamp

Pack 3 pick 4:
    Aeronaut Tinkerer
    Peel from Reality
    Fugitive Wizard
    Child of Night
    Foundry Street Denizen
    Plummet
    Evolving Wilds
    Vineweft
--> Festergloom
    Sunblade Elf
    Shield of the Avatar
    Mountain

Pack 3 pick 5:
    Glacial Crasher
    Miner's Bane
    Heliod's Pilgrim
    Encrust
    Rotfeaster Maggot
    Festergloom
    Charging Rhino
    Hunter's Ambush
    Wall of Mulch
--> Ob Nixilis, Unshackled
    Mountain

Pack 3 pick 6:
    Statute of Denial
    Titanic Growth
    Ornithopter
    Soulmender
    Welkin Tern
    Black Cat
    Hot Soup
--> Dauntless River Marshal
    Frenzied Goblin
    Swamp

Pack 3 pick 7:
    Statute of Denial
    Fugitive Wizard
    Mind Rot
    Titanic Growth
    Radiant Fountain
--> Crippling Blight
    Runeclaw Bear
    Staff of the Mind Magus
    Swamp

Pack 3 pick 8:
    Oppressive Rays
    Undergrowth Scavenger
    Tyrant's Machine
    Chronostutter
    Wall of Mulch
    Staff of the Sun Magus
--> Sliver Hive
    Mountain

Pack 3 pick 9:
    Tireless Missionaries
--> Frost Lynx
    Negate
    Radiant Fountain
    Diffusion Sliver
    Profane Memento
    Swamp

Pack 3 pick 10:
    Statute of Denial
    Fugitive Wizard
    Plummet
    Leeching Sliver
--> Urborg, Tomb of Yawgmoth
    Plains

Pack 3 pick 11:
    Thundering Giant
    Solemn Offering
--> Mind Rot
    Torch Fiend
    Swamp

Pack 3 pick 12:
    Fugitive Wizard
    Vineweft
--> Shield of the Avatar
    Mountain

Pack 3 pick 13:
--> Glacial Crasher
    Miner's Bane
    Mountain

Pack 3 pick 14:
--> Ornithopter
    Swamp

Pack 3 pick 15:
--> Swamp

