Event #: 7457082
Time:    9/6/2014 10:14:11 PM
Players:
    barca
    Pinkvomit
    Yorkazord
    mrcoffeybean
    VibeRed
--> ThatAngryDwarf
    coolburn7642
    mrbig1479

------ M15 ------ 

Pack 1 pick 1:
    Frost Lynx
    Hammerhand
    Triplicate Spirits
    Evolving Wilds
    Soulmender
    Void Snare
    Typhoid Rats
    Torch Fiend
    Siege Wurm
    Unmake the Graves
    Paragon of Gathering Mists
    Gravedigger
    Rogue's Gloves
--> Siege Dragon
    Plains

Pack 1 pick 2:
    Thundering Giant
    Ranger's Guile
    Marked by Honor
    Welkin Tern
    Eternal Thirst
--> Generator Servant
    Plummet
    Invasive Species
    Carrion Crow
    Meteorite
    Wall of Essence
    Paragon of Eternal Wilds
    Stormtide Leviathan
    Mountain

Pack 1 pick 3:
    Heliod's Pilgrim
    Amphin Pathmage
--> Inferno Fist
    Ornithopter
    Soulmender
    Welkin Tern
    Black Cat
    Generator Servant
    Siege Wurm
    Shadowcloak Vampire
    Meteorite
    Polymorphist's Jest
    Mountain

Pack 1 pick 4:
    Coral Barrier
    Miner's Bane
    Plummet
    Ornithopter
    Peel from Reality
    Child of Night
    Crippling Blight
    Runeclaw Bear
    Staff of the Flame Magus
    Feast on the Fallen
--> Shivan Reef
    Island

Pack 1 pick 5:
    Divination
    Clear a Path
    Ranger's Guile
--> Evolving Wilds
    Void Snare
    Typhoid Rats
    Charging Rhino
    Darksteel Citadel
    Staff of the Sun Magus
    First Response
    Swamp

Pack 1 pick 6:
    Statute of Denial
    Siege Wurm
    Festergloom
    Meditation Puzzle
--> Kurkesh, Onakke Ancient
    Lava Axe
    Hot Soup
    Staff of the Sun Magus
    Kurkesh, Onakke Ancient
    Plains

Pack 1 pick 7:
    Invisibility
    Rotfeaster Maggot
--> Netcaster Spider
    Negate
    Covenant of Blood
    Blastfire Bolt
    Hunter's Ambush
    Reclamation Sage
    Swamp

Pack 1 pick 8:
    Rummaging Goblin
    Oppressive Rays
    Witch's Familiar
    Hunt the Weak
    Necrobite
--> Altac Bloodseeker
    Jalira, Master Polymorphist
    Plains

Pack 1 pick 9:
    Evolving Wilds
    Void Snare
    Typhoid Rats
    Unmake the Graves
    Paragon of Gathering Mists
--> Rogue's Gloves
    Plains

Pack 1 pick 10:
    Thundering Giant
    Ranger's Guile
    Eternal Thirst
--> Plummet
    Carrion Crow
    Mountain

Pack 1 pick 11:
    Amphin Pathmage
--> Welkin Tern
    Black Cat
    Shadowcloak Vampire
    Mountain

Pack 1 pick 12:
--> Miner's Bane
    Crippling Blight
    Staff of the Flame Magus
    Island

Pack 1 pick 13:
    Clear a Path
--> Void Snare
    Swamp

Pack 1 pick 14:
--> Statute of Denial
    Plains

Pack 1 pick 15:
--> Swamp

------ M15 ------ 

Pack 2 pick 1:
    Kinsbaile Skirmisher
    Glacial Crasher
--> Scrapyard Mongrel
    Ephemeral Shields
    Netcaster Spider
    Festergloom
    Tyrant's Machine
    Chronostutter
    Forge Devil
    Bronze Sable
    Blood Host
    Staff of the Flame Magus
    Caustic Tar
    Mercurial Pretender
    Forest

Pack 2 pick 2:
    Coral Barrier
    Rummaging Goblin
    Radiant Fountain
    Solemn Offering
    Peel from Reality
    Typhoid Rats
    Foundry Street Denizen
    Satyr Wayfinder
    Zof Shade
    Paragon of Open Graves
--> Heat Ray
    Necrogen Scudder
    Crucible of Fire
    Forest

Pack 2 pick 3:
    Xathrid Slyblade
    Hammerhand
    Ranger's Guile
    Evolving Wilds
    Soulmender
    Void Snare
    Typhoid Rats
    Runeclaw Bear
    Rotfeaster Maggot
--> Kird Chieftain
    Sunblade Elf
    Stab Wound
    Island

Pack 2 pick 4:
    Miner's Bane
    Kinsbaile Skirmisher
    Ornithopter
    Soulmender
    Welkin Tern
    Black Cat
    Carnivorous Moss-Beast
    Unmake the Graves
--> Gargoyle Sentinel
    Ulcerate
    Endless Obedience
    Swamp

Pack 2 pick 5:
    Oppressive Rays
    Coral Barrier
    Torch Fiend
--> Shaman of Spring
    Fugitive Wizard
    Vineweft
    Festergloom
    Back to Nature
    Nissa's Expedition
    Grindclock
    Swamp

Pack 2 pick 6:
    Midnight Guard
    Invisibility
    Evolving Wilds
    Oreskos Swiftclaw
    Void Snare
    Black Cat
--> Elvish Mystic
    Necromancer's Assistant
    Sacred Armory
    Swamp

Pack 2 pick 7:
    Aeronaut Tinkerer
    Clear a Path
    Shadowcloak Vampire
--> Netcaster Spider
    Forge Devil
    Hunter's Ambush
    Gravedigger
    Act on Impulse
    Island

Pack 2 pick 8:
    Statute of Denial
    Shaman of Spring
    Fugitive Wizard
--> Altac Bloodseeker
    Plummet
    Crippling Blight
    Hot Soup
    Island

Pack 2 pick 9:
    Glacial Crasher
    Tyrant's Machine
    Chronostutter
    Blood Host
    Staff of the Flame Magus
--> Mercurial Pretender
    Forest

Pack 2 pick 10:
    Coral Barrier
--> Rummaging Goblin
    Solemn Offering
    Typhoid Rats
    Zof Shade
    Forest

Pack 2 pick 11:
    Xathrid Slyblade
--> Ranger's Guile
    Void Snare
    Typhoid Rats
    Island

Pack 2 pick 12:
--> Miner's Bane
    Carnivorous Moss-Beast
    Unmake the Graves
    Swamp

Pack 2 pick 13:
    Fugitive Wizard
--> Nissa's Expedition
    Swamp

Pack 2 pick 14:
--> Void Snare
    Swamp

Pack 2 pick 15:
--> Island

------ M15 ------ 

Pack 3 pick 1:
    Crowd's Favor
    Midnight Guard
    Verdant Haven
    Oreskos Swiftclaw
    Foundry Street Denizen
    Mind Rot
    Borderland Marauder
    Titanic Growth
    Runeclaw Bear
    Witch's Familiar
--> Cone of Flame
    Gather Courage
    Profane Memento
    Stain the Mind
    Swamp

Pack 3 pick 2:
    Invisibility
    Sungrace Pegasus
    Divination
--> Siege Wurm
    Festergloom
    Sanctified Charge
    Chronostutter
    Necrobite
    Forge Devil
    Brood Keeper
    Wall of Mulch
    Belligerent Sliver
    Avarice Amulet
    Mountain

Pack 3 pick 3:
    Goblin Roughrider
    Statute of Denial
    Ornithopter
    Selfless Cathar
    Peel from Reality
    Child of Night
    Wall of Fire
    Shadowcloak Vampire
    Turn to Frog
    Brawler's Plate
    Act on Impulse
--> Sliver Hivelord
    Forest

Pack 3 pick 4:
    Glacial Crasher
    Miner's Bane
    Evolving Wilds
    Void Snare
    Black Cat
    Wall of Fire
    Invasive Species
    Witch's Familiar
    Feast on the Fallen
--> Juggernaut
    Into the Void
    Island

Pack 3 pick 5:
    Invisibility
    Verdant Haven
    Fugitive Wizard
    Mind Rot
    Titanic Growth
    Carnivorous Moss-Beast
    Accursed Spirit
    Boonweaver Giant
    Diffusion Sliver
--> Llanowar Wastes
    Mountain

Pack 3 pick 6:
    Miner's Bane
    Crowd's Favor
--> Invasive Species
    Crippling Blight
    Negate
    Necrobite
    Gargoyle Sentinel
    Staff of the Mind Magus
    Avarice Amulet
    Swamp

Pack 3 pick 7:
--> Goblin Roughrider
    Ephemeral Shields
    Wall of Fire
    Verdant Haven
    Research Assistant
    Eternal Thirst
    Carrion Crow
    Military Intelligence
    Island

Pack 3 pick 8:
    Aeronaut Tinkerer
    Crowd's Favor
    Ranger's Guile
    Eternal Thirst
    Plummet
--> Restock
    Circle of Flame
    Forest

Pack 3 pick 9:
--> Crowd's Favor
    Verdant Haven
    Mind Rot
    Runeclaw Bear
    Witch's Familiar
    Profane Memento
    Swamp

Pack 3 pick 10:
    Invisibility
--> Festergloom
    Chronostutter
    Necrobite
    Avarice Amulet
    Mountain

Pack 3 pick 11:
    Statute of Denial
--> Wall of Fire
    Shadowcloak Vampire
    Act on Impulse
    Forest

Pack 3 pick 12:
    Miner's Bane
--> Void Snare
    Witch's Familiar
    Island

Pack 3 pick 13:
    Carnivorous Moss-Beast
--> Diffusion Sliver
    Mountain

Pack 3 pick 14:
--> Staff of the Mind Magus
    Swamp

Pack 3 pick 15:
--> Island

