Event #: 7477048
Time:    2014/09/15 0:24:28
Players:
    ExplodingShark
    hamuhamuhamu
    Giarola
    madmoody
    Khiyun
--> genzo
    Neofio
    ANIM4L

------ M15 ------ 

Pack 1 pick 1:
    Aeronaut Tinkerer
    Crowd's Favor
    Mind Rot
    Torch Fiend
    Titanic Growth
    Ornithopter
    Soulmender
    Welkin Tern
    Unmake the Graves
    Runeclaw Bear
    Gargoyle Sentinel
    Restock
    Feral Incarnation
--> Master of Predicaments
    Forest

Pack 1 pick 2:
    Raise the Alarm
    Coral Barrier
    Rummaging Goblin
    Tireless Missionaries
    Shadowcloak Vampire
    Satyr Wayfinder
    Forge Devil
--> Hunt the Weak
    Tyrant's Machine
    Pillar of Light
    Shrapnel Blast
    Restock
    Sacred Armory
    Forest

Pack 1 pick 3:
--> Rummaging Goblin
    Oppressive Rays
    Goblin Roughrider
    Zof Shade
    Vineweft
    Blastfire Bolt
    Naturalize
    Bronze Sable
    Tormod's Crypt
    Ensoul Artifact
    Staff of the Mind Magus
    The Chain Veil
    Island

Pack 1 pick 4:
    Glacial Crasher
    Miner's Bane
    Invasive Species
    Crippling Blight
--> Hunt the Weak
    Necrobite
    Sanctified Charge
    Mind Sculpt
    Wall of Essence
    Staff of the Sun Magus
    Shivan Reef
    Island

Pack 1 pick 5:
--> Amphin Pathmage
    Razorfoot Griffin
    Generator Servant
    Verdant Haven
    Oreskos Swiftclaw
    Fugitive Wizard
    Accursed Spirit
    Vineweft
    Brood Keeper
    Brawler's Plate
    Forest

Pack 1 pick 6:
    Heliod's Pilgrim
    Amphin Pathmage
    Witch's Familiar
    Sanctified Charge
    Negate
    Necrobite
--> Gather Courage
    Wall of Limbs
    Battlefield Forge
    Mountain

Pack 1 pick 7:
    Statute of Denial
    Mind Rot
--> Titanic Growth
    Ornithopter
    Soulmender
    Festergloom
    Feast on the Fallen
    In Garruk's Wake
    Forest

Pack 1 pick 8:
    Ephemeral Shields
    Eternal Thirst
--> Plummet
    Ornithopter
    Vineweft
    Festergloom
    Boonweaver Giant
    Island

Pack 1 pick 9:
    Mind Rot
    Titanic Growth
    Ornithopter
    Unmake the Graves
    Runeclaw Bear
--> Restock
    Forest

Pack 1 pick 10:
    Tireless Missionaries
    Shadowcloak Vampire
    Tyrant's Machine
    Shrapnel Blast
--> Restock
    Forest

Pack 1 pick 11:
    Vineweft
--> Naturalize
    Staff of the Mind Magus
    The Chain Veil
    Island

Pack 1 pick 12:
--> Glacial Crasher
    Miner's Bane
    Mind Sculpt
    Island

Pack 1 pick 13:
    Fugitive Wizard
--> Brawler's Plate
    Forest

Pack 1 pick 14:
--> Wall of Limbs
    Mountain

Pack 1 pick 15:
--> Forest

------ M15 ------ 

Pack 2 pick 1:
    Kinsbaile Skirmisher
    Glacial Crasher
    Scrapyard Mongrel
    Ephemeral Shields
    Witch's Familiar
--> Siege Wurm
    Festergloom
    Undergrowth Scavenger
    Mind Sculpt
    Covenant of Blood
    Dauntless River Marshal
    Tormod's Crypt
    Dissipate
    Soul of Innistrad
    Plains

Pack 2 pick 2:
    Midnight Guard
    Invisibility
    Lightning Strike
    Unmake the Graves
    Undergrowth Scavenger
    Chronostutter
    Flesh to Dust
    Forge Devil
    Hunter's Ambush
    Turn to Frog
    Meteorite
    Altac Bloodseeker
--> Phytotitan
    Swamp

Pack 2 pick 3:
    Oppressive Rays
    Coral Barrier
    Miner's Bane
    Kinsbaile Skirmisher
    Shadowcloak Vampire
--> Satyr Wayfinder
    Vineweft
    Will-Forged Golem
    Pillar of Light
    Hot Soup
    Caustic Tar
    Avarice Amulet
    Swamp

Pack 2 pick 4:
    Hydrosurge
    Thundering Giant
    Eternal Thirst
    Ranger's Guile
    Evolving Wilds
    Soulmender
    Zof Shade
    Invasive Species
    Blood Host
--> Kird Chieftain
    Brawler's Plate
    Mountain

Pack 2 pick 5:
    Rummaging Goblin
    Oppressive Rays
    Typhoid Rats
    Foundry Street Denizen
    Ranger's Guile
    Hot Soup
    Runeclaw Bear
    Rotfeaster Maggot
    Wall of Mulch
--> Reclamation Sage
    Island

Pack 2 pick 6:
    Miner's Bane
    Kinsbaile Skirmisher
    Crowd's Favor
--> Siege Wurm
    Shadowcloak Vampire
    Carnivorous Moss-Beast
    Accursed Spirit
    Meditation Puzzle
    Negate
    Swamp

Pack 2 pick 7:
    Hydrosurge
    Divine Favor
    Sign in Blood
--> Invasive Species
    Lava Axe
    Meditation Puzzle
    Hunter's Ambush
    Staff of the Wild Magus
    Plains

Pack 2 pick 8:
    Tireless Missionaries
    Necromancer's Assistant
--> Satyr Wayfinder
    Radiant Fountain
    Naturalize
    Darksteel Citadel
    Warden of the Beyond
    Forest

Pack 2 pick 9:
    Glacial Crasher
    Ephemeral Shields
    Festergloom
--> Undergrowth Scavenger
    Mind Sculpt
    Tormod's Crypt
    Plains

Pack 2 pick 10:
    Invisibility
    Unmake the Graves
--> Undergrowth Scavenger
    Chronostutter
    Hunter's Ambush
    Swamp

Pack 2 pick 11:
    Miner's Bane
    Vineweft
--> Hot Soup
    Avarice Amulet
    Swamp

Pack 2 pick 12:
    Hydrosurge
    Eternal Thirst
--> Invasive Species
    Mountain

Pack 2 pick 13:
    Ranger's Guile
--> Runeclaw Bear
    Island

Pack 2 pick 14:
--> Meditation Puzzle
    Swamp

Pack 2 pick 15:
--> Plains

------ M15 ------ 

Pack 3 pick 1:
    Forest
    Thundering Giant
    Midnight Guard
    Torch Fiend
    Titanic Growth
    Ornithopter
    Soulmender
    Welkin Tern
    Shadowcloak Vampire
    Carnivorous Moss-Beast
    Staff of the Flame Magus
    Feast on the Fallen
--> Reclamation Sage
    Hushwing Gryff
    Plains

Pack 3 pick 2:
    Coral Barrier
    Miner's Bane
    Kinsbaile Skirmisher
--> Frost Lynx
    Shadowcloak Vampire
    Satyr Wayfinder
    Pillar of Light
    Chronostutter
    Flesh to Dust
    Shivan Reef
    Tormod's Crypt
    Ensoul Artifact
    Caustic Tar
    Swamp

Pack 3 pick 3:
    Crowd's Favor
    Midnight Guard
    Invisibility
    Sign in Blood
--> Invasive Species
    Naturalize
    Pillar of Light
    Mind Sculpt
    Covenant of Blood
    First Response
    Kapsho Kitefins
    Profane Memento
    Swamp

Pack 3 pick 4:
    Nimbus of the Isles
    Hammerhand
    Oppressive Rays
    Coral Barrier
--> Living Totem
    Carrion Crow
    Lava Axe
    Naturalize
    Tyrant's Machine
    Back to Nature
    Circle of Flame
    Swamp

Pack 3 pick 5:
    Clear a Path
    Eternal Thirst
    Ranger's Guile
--> Evolving Wilds
    Soulmender
    Void Snare
    Witch's Familiar
    Military Intelligence
    Darksteel Citadel
    Goblin Kaboomist
    Swamp

Pack 3 pick 6:
    Heliod's Pilgrim
    Amphin Pathmage
    Sign in Blood
--> Will-Forged Golem
    Sanctified Charge
    Chronostutter
    Necrobite
    Turn to Frog
    Stain the Mind
    Mountain

Pack 3 pick 7:
    Thundering Giant
    Midnight Guard
--> Encrust
    Black Cat
    Verdant Haven
    Fugitive Wizard
    Ensoul Artifact
    Blood Host
    Plains

Pack 3 pick 8:
    Clear a Path
    Hydrosurge
    Lava Axe
    Meditation Puzzle
    Hunter's Ambush
    Act on Impulse
--> Sliver Hive
    Mountain

Pack 3 pick 9:
    Forest
--> Ornithopter
    Shadowcloak Vampire
    Carnivorous Moss-Beast
    Staff of the Flame Magus
    Feast on the Fallen
    Plains

Pack 3 pick 10:
    Miner's Bane
    Shadowcloak Vampire
    Chronostutter
    Tormod's Crypt
--> Ensoul Artifact
    Swamp

Pack 3 pick 11:
    Invisibility
    Mind Sculpt
--> First Response
    Profane Memento
    Swamp

Pack 3 pick 12:
    Lava Axe
--> Tyrant's Machine
    Circle of Flame
    Swamp

Pack 3 pick 13:
    Clear a Path
--> Ranger's Guile
    Swamp

Pack 3 pick 14:
--> Chronostutter
    Mountain

Pack 3 pick 15:
--> Plains

