Event #: 7536193
Time:    10/9/2014 10:28:53 AM
Players:
    Caseman0202
--> _Escaffi_
    rewkon
    bbajgo
    etugoya
    CantStopFarting
    sukka
    gooroom

------ KTK ------ 

Pack 1 pick 1:
    Sage-Eye Harrier
    Mardu Warshrieker
    Feed the Clan
    Bloodfell Caves
    Jeskai Windscout
    Lens of Clarity
    Firehoof Cavalry
    Bring Low
    Glacial Stalker
    Bitter Revelation
    Sultai Flayer
--> Bellowing Saddlebrute
    Highspire Mantis
    Narset, Enlightened Master
    Plains

Pack 1 pick 2:
    Naturalize
    War Behemoth
    Bloodfire Expert
    Scaldkin
    Sultai Scavenger
    Whirlwind Adept
    Kheru Dreadmaw
    Mardu Banner
    Weave Fate
    Winterflame
    Horde Ambusher
    Abzan Falconer
--> Hooded Hydra
    Forest

Pack 1 pick 3:
    Tusked Colossodon
    Erase
    Swiftwater Cliffs
    Embodiment of Spring
--> Mardu Skullhunter
    Mardu Hateblade
    Leaping Master
    Scout the Borders
    Taigam's Scheming
    Rotting Mastodon
    Death Frenzy
    Jeskai Elder
    Plains

Pack 1 pick 4:
    Summit Prowler
    Smoke Teller
    Ainok Bond-Kin
    Bloodfire Expert
    Singing Bell Strike
--> Debilitating Injury
    Snowhorn Rider
    Throttle
    Blossoming Sands
    Abzan Guide
    Monastery Swiftspear
    Island

Pack 1 pick 5:
    Bloodfire Expert
    Shatter
    Disdainful Stroke
    Shambling Attendants
--> Mystic of the Hidden Way
    Scaldkin
    Efreet Weaponmaster
    Abzan Banner
    Master the Way
    Avalanche Tusker
    Island

Pack 1 pick 6:
    Shatter
    Tusked Colossodon
    Monastery Flock
--> Bitter Revelation
    Rugged Highlands
    Snowhorn Rider
    Jeskai Banner
    Venerable Lammasu
    Despise
    Swamp

Pack 1 pick 7:
    Sagu Archer
    Highland Game
    Embodiment of Spring
    Unyielding Krumar
    Smite the Monstrous
    Valley Dasher
    Cancel
--> Krumar Bond-Kin
    Swamp

Pack 1 pick 8:
    Trumpet Blast
    Hooting Mandrills
--> Dragonscale Boon
    Bloodfell Caves
    Rakshasa's Secret
    Rush of Battle
    Cancel
    Forest

Pack 1 pick 9:
    Feed the Clan
--> Bloodfell Caves
    Jeskai Windscout
    Lens of Clarity
    Firehoof Cavalry
    Glacial Stalker
    Plains

Pack 1 pick 10:
    Naturalize
--> Scaldkin
    Whirlwind Adept
    Kheru Dreadmaw
    Weave Fate
    Forest

Pack 1 pick 11:
    Erase
    Embodiment of Spring
    Taigam's Scheming
--> Rotting Mastodon
    Plains

Pack 1 pick 12:
    Summit Prowler
--> Singing Bell Strike
    Snowhorn Rider
    Island

Pack 1 pick 13:
    Shatter
--> Scaldkin
    Island

Pack 1 pick 14:
--> Shatter
    Swamp

Pack 1 pick 15:
--> Swamp

------ KTK ------ 

Pack 2 pick 1:
    Salt Road Patrol
    Canyon Lurkers
    Swiftwater Cliffs
    Embodiment of Spring
--> Mardu Skullhunter
    Mardu Hateblade
    Leaping Master
    Scout the Borders
    Taigam's Scheming
    Dutiful Return
    Master the Way
    Arc Lightning
    Seeker of the Way
    High Sentinels of Arashin
    Plains

Pack 2 pick 2:
    Feat of Resistance
    Canyon Lurkers
    Longshot Squad
    Scaldkin
    Krumar Bond-Kin
    Taigam's Scheming
--> Debilitating Injury
    Mardu Banner
    Throttle
    Hordeling Outburst
    Waterwhirl
    Monastery Swiftspear
    Necropolis Fiend
    Island

Pack 2 pick 3:
    Kill Shot
    Ainok Tracker
    Valley Dasher
    Dragonscale Boon
    Tranquil Cove
    Wetland Sambar
--> Savage Punch
    Bring Low
    Taigam's Scheming
    Dutiful Return
    Watcher of the Roost
    Deflecting Palm
    Mountain

Pack 2 pick 4:
    Tusked Colossodon
    Sage-Eye Harrier
    Trumpet Blast
    Kin-Tree Warden
    Scoured Barrens
    Smite the Monstrous
    Bloodfire Mentor
    Archers' Parapet
    Force Away
    Riverwheel Aerialists
--> Dead Drop
    Swamp

Pack 2 pick 5:
    Defiant Strike
    Trumpet Blast
--> Alpine Grizzly
    Salt Road Patrol
    Jeskai Windscout
    Lens of Clarity
    Firehoof Cavalry
    Scaldkin
    Krumar Bond-Kin
    Briber's Purse
    Island

Pack 2 pick 6:
    Mardu Warshrieker
    Feed the Clan
    Rush of Battle
    Highland Game
--> Dismal Backwater
    Mardu Hateblade
    Monastery Flock
    Dutiful Return
    Tomb of the Spirit Dragon
    Forest

Pack 2 pick 7:
    War Behemoth
    Swift Kick
    Archers' Parapet
--> Unyielding Krumar
    Sultai Banner
    Whirlwind Adept
    Kheru Dreadmaw
    Hordeling Outburst
    Swamp

Pack 2 pick 8:
    Swift Kick
    Mardu Hateblade
    Scout the Borders
    Singing Bell Strike
    Shambling Attendants
    Scion of Glaciers
--> Despise
    Mountain

Pack 2 pick 9:
    Canyon Lurkers
    Mardu Hateblade
--> Scout the Borders
    Taigam's Scheming
    Dutiful Return
    Master the Way
    Plains

Pack 2 pick 10:
    Canyon Lurkers
    Scaldkin
--> Krumar Bond-Kin
    Taigam's Scheming
    Mardu Banner
    Island

Pack 2 pick 11:
    Ainok Tracker
--> Wetland Sambar
    Taigam's Scheming
    Dutiful Return
    Mountain

Pack 2 pick 12:
    Tusked Colossodon
    Bloodfire Mentor
--> Archers' Parapet
    Swamp

Pack 2 pick 13:
    Lens of Clarity
--> Firehoof Cavalry
    Island

Pack 2 pick 14:
--> Feed the Clan
    Forest

Pack 2 pick 15:
--> Swamp

------ KTK ------ 

Pack 3 pick 1:
    Feat of Resistance
    Shatter
--> Awaken the Bear
    Kin-Tree Warden
    Scoured Barrens
    Smite the Monstrous
    Bloodfire Mentor
    Archers' Parapet
    Glacial Stalker
    Bitter Revelation
    Goblinslide
    Brave the Sands
    Highspire Mantis
    Kheru Lich Lord
    Swamp

Pack 3 pick 2:
    Winterflame
    Swift Kick
    Awaken the Bear
    Mystic of the Hidden Way
    Molting Snakeskin
    Taigam's Scheming
    Throttle
    Thornwood Falls
    Ponyback Brigade
    Cranial Archive
    Kheru Bloodsucker
--> Temur Charger
    Sage of the Inward Eye
    Mountain

Pack 3 pick 3:
    Dismal Backwater
    Woolly Loxodon
    Leaping Master
    Archers' Parapet
    Tranquil Cove
    Unyielding Krumar
    Sultai Banner
    Scaldkin
    Bitter Revelation
--> Heir of the Wilds
    Raiders' Spoils
    Villainous Wealth
    Mountain

Pack 3 pick 4:
    Alabaster Kirin
    Tormenting Voice
    Arrow Storm
--> Dragonscale Boon
    Bloodfell Caves
    Wetland Sambar
    Rush of Battle
    Rakshasa's Secret
    Mystic of the Hidden Way
    Stubborn Denial
    Warden of the Eye
    Plains

Pack 3 pick 5:
    Canyon Lurkers
    Defiant Strike
    Act of Treason
    Rotting Mastodon
    Singing Bell Strike
    Jeskai Banner
    Weave Fate
    Stubborn Denial
    Venerable Lammasu
--> Set Adrift
    Forest

Pack 3 pick 6:
    Feed the Clan
    Jeskai Student
    Barrage of Boulders
    Scaldkin
--> Abomination of Gudul
    Temur Banner
    Venerable Lammasu
    Blinding Spray
    Trap Essence
    Plains

Pack 3 pick 7:
    Canyon Lurkers
--> Alpine Grizzly
    Embodiment of Spring
    Arrow Storm
    Kin-Tree Warden
    Swiftwater Cliffs
    Cancel
    Mardu Charm
    Mountain

Pack 3 pick 8:
    Trumpet Blast
--> Alpine Grizzly
    Dismal Backwater
    Sultai Banner
    Siegecraft
    Blinding Spray
    Goblinslide
    Island

Pack 3 pick 9:
    Shatter
--> Kin-Tree Warden
    Smite the Monstrous
    Bloodfire Mentor
    Glacial Stalker
    Brave the Sands
    Swamp

Pack 3 pick 10:
    Swift Kick
--> Awaken the Bear
    Molting Snakeskin
    Taigam's Scheming
    Cranial Archive
    Mountain

Pack 3 pick 11:
--> Archers' Parapet
    Sultai Banner
    Scaldkin
    Bitter Revelation
    Mountain

Pack 3 pick 12:
    Tormenting Voice
--> Rush of Battle
    Stubborn Denial
    Plains

Pack 3 pick 13:
    Jeskai Banner
--> Stubborn Denial
    Forest

Pack 3 pick 14:
--> Blinding Spray
    Plains

Pack 3 pick 15:
--> Mountain

