Event #: 7604454
Time:    10/25/2014 9:26:30 PM
Players:
    ogc
    TheLostCouz3
    MoverShakerTaker
    paulenj68
--> malthrin
    Gart325
    AnarchyBurger
    Goldzone

------ KTK ------ 

Pack 1 pick 1:
    Summit Prowler
    Sagu Archer
    Kill Shot
    Barrage of Boulders
    Shambling Attendants
    Scaldkin
    Sultai Scavenger
    Whirlwind Adept
    Jungle Hollow
    Abzan Guide
    Scion of Glaciers
    Chief of the Scale
    Jeskai Elder
--> End Hostilities
    Mountain

Pack 1 pick 2:
    Alpine Grizzly
    Timely Hordemate
    Tormenting Voice
    Kin-Tree Warden
--> Scoured Barrens
    Smite the Monstrous
    Bloodfire Mentor
    Archers' Parapet
    Dutiful Return
    Crippling Chill
    Burn Away
    Scion of Glaciers
    Bear's Companion
    Plains

Pack 1 pick 3:
    Bloodfire Expert
    Sagu Archer
    Shatter
    Bitter Revelation
    Singing Bell Strike
    Snowhorn Rider
    Mardu Banner
    Throttle
--> Thornwood Falls
    Riverwheel Aerialists
    Mardu Blazebringer
    Windstorm
    Island

Pack 1 pick 4:
    Roar of Challenge
    Bloodfire Expert
    Savage Punch
    Whirlwind Adept
    Rotting Mastodon
    Abzan Banner
    Throttle
    Wind-Scarred Crag
    Ponyback Brigade
    Roar of Challenge
--> Death Frenzy
    Mountain

Pack 1 pick 5:
    Mardu Warshrieker
--> Opulent Palace
    Jeskai Student
    Barrage of Boulders
    Rakshasa's Secret
    Throttle
    Blossoming Sands
    Abzan Banner
    Mardu Charm
    Sultai Soothsayer
    Swamp

Pack 1 pick 6:
--> Alabaster Kirin
    Tormenting Voice
    Naturalize
    War Behemoth
    Kheru Dreadmaw
    Cancel
    Jeskai Banner
    Weave Fate
    Riverwheel Aerialists
    Swamp

Pack 1 pick 7:
    Ainok Tracker
    Smoke Teller
    Molting Snakeskin
--> Glacial Stalker
    Rugged Highlands
    Lens of Clarity
    Dragon Grip
    Set Adrift
    Mountain

Pack 1 pick 8:
    Ainok Tracker
    Naturalize
    Sidisi's Pet
--> Glacial Stalker
    Ponyback Brigade
    Weave Fate
    Gurmag Swiftwing
    Island

Pack 1 pick 9:
    Summit Prowler
    Sagu Archer
    Barrage of Boulders
    Shambling Attendants
    Whirlwind Adept
--> Jeskai Elder
    Mountain

Pack 1 pick 10:
    Tormenting Voice
    Kin-Tree Warden
    Bloodfire Mentor
    Dutiful Return
--> Bear's Companion
    Plains

Pack 1 pick 11:
    Shatter
    Mardu Banner
--> Riverwheel Aerialists
    Mardu Blazebringer
    Island

Pack 1 pick 12:
    Whirlwind Adept
    Rotting Mastodon
--> Abzan Banner
    Mountain

Pack 1 pick 13:
--> Rakshasa's Secret
    Abzan Banner
    Swamp

Pack 1 pick 14:
--> Cancel
    Swamp

Pack 1 pick 15:
--> Mountain

------ KTK ------ 

Pack 2 pick 1:
    Mardu Warshrieker
    Smoke Teller
    Mardu Hordechief
    Valley Dasher
    Dragonscale Boon
    Tranquil Cove
    Wetland Sambar
    Siegecraft
    Mystic of the Hidden Way
    Sidisi's Pet
    Incremental Growth
    Mer-Ek Nightblade
    Dragon's Eye Savants
--> Rakshasa Deathdealer
    Island

Pack 2 pick 2:
    Canyon Lurkers
    Alpine Grizzly
    Scout the Borders
    Bloodfell Caves
    Jeskai Windscout
    Lens of Clarity
    Firehoof Cavalry
    Bring Low
    Whirlwind Adept
    Molting Snakeskin
    Venerable Lammasu
--> Heir of the Wilds
    Ugin's Nexus
    Swamp

Pack 2 pick 3:
    Longshot Squad
    Defiant Strike
    Act of Treason
    Whirlwind Adept
    Rotting Mastodon
    Weave Fate
    Jungle Hollow
--> Abzan Guide
    Jeskai Banner
    Gurmag Swiftwing
    Temur Charger
    Flying Crane Technique
    Swamp

Pack 2 pick 4:
    Swift Kick
    Hooting Mandrills
    Act of Treason
    Rotting Mastodon
    Singing Bell Strike
    Efreet Weaponmaster
    Lens of Clarity
--> Blossoming Sands
    Brave the Sands
    Witness of the Ages
    Windstorm
    Mountain

Pack 2 pick 5:
    Barrage of Boulders
    Woolly Loxodon
    Salt Road Patrol
    Canyon Lurkers
    Sultai Scavenger
    Force Away
    Wind-Scarred Crag
    Ponyback Brigade
    Weave Fate
--> Jungle Hollow
    Swamp

Pack 2 pick 6:
    Smoke Teller
    Bloodfire Expert
    Firehoof Cavalry
    Kin-Tree Warden
    Swiftwater Cliffs
    Jeskai Windscout
--> Mystic of the Hidden Way
    Krumar Bond-Kin
    Become Immense
    Plains

Pack 2 pick 7:
--> Ainok Bond-Kin
    Shatter
    Tusked Colossodon
    Erase
    Rakshasa's Secret
    Weave Fate
    Temur Banner
    Witness of the Ages
    Mountain

Pack 2 pick 8:
--> Smoke Teller
    Sagu Archer
    Force Away
    Kheru Dreadmaw
    Efreet Weaponmaster
    Lens of Clarity
    Dragon Grip
    Forest

Pack 2 pick 9:
    Smoke Teller
    Valley Dasher
    Wetland Sambar
    Siegecraft
    Sidisi's Pet
--> Dragon's Eye Savants
    Island

Pack 2 pick 10:
--> Scout the Borders
    Firehoof Cavalry
    Whirlwind Adept
    Molting Snakeskin
    Ugin's Nexus
    Swamp

Pack 2 pick 11:
    Whirlwind Adept
    Rotting Mastodon
--> Weave Fate
    Jeskai Banner
    Swamp

Pack 2 pick 12:
--> Rotting Mastodon
    Lens of Clarity
    Brave the Sands
    Mountain

Pack 2 pick 13:
    Canyon Lurkers
--> Weave Fate
    Swamp

Pack 2 pick 14:
--> Firehoof Cavalry
    Plains

Pack 2 pick 15:
--> Mountain

------ KTK ------ 

Pack 3 pick 1:
    Hooting Mandrills
    Alabaster Kirin
    Rush of Battle
    Leaping Master
    Archers' Parapet
    Tranquil Cove
    Unyielding Krumar
    Sultai Banner
    Force Away
    Dutiful Return
    Blinding Spray
    Goblinslide
--> Dead Drop
    Dragon Throne of Tarkir
    Mountain

Pack 3 pick 2:
    Barrage of Boulders
    Savage Punch
    War Behemoth
    Embodiment of Spring
--> Monastery Flock
    Sidisi's Pet
    Scaldkin
    Krumar Bond-Kin
    Wind-Scarred Crag
    Ponyback Brigade
    Winterflame
    Hordeling Outburst
    Tomb of the Spirit Dragon
    Mountain

Pack 3 pick 3:
    Valley Dasher
    Scout the Borders
    Dismal Backwater
    Sultai Banner
    Disowned Ancestor
    Siegecraft
    Singing Bell Strike
    Debilitating Injury
    Ruthless Ripper
    Sultai Charm
    Heart-Piercer Bow
--> Kheru Spellsnatcher
    Swamp

Pack 3 pick 4:
    Barrage of Boulders
    Woolly Loxodon
    Salt Road Patrol
    Embodiment of Spring
    Mardu Skullhunter
    Mardu Hateblade
    Leaping Master
    Taigam's Scheming
    Dutiful Return
    Stubborn Denial
--> Icefeather Aven
    Island

Pack 3 pick 5:
    Hooting Mandrills
    Act of Treason
    Woolly Loxodon
    Sidisi's Pet
    Snowhorn Rider
    Mardu Banner
    Throttle
--> Thornwood Falls
    Blinding Spray
    Despise
    Plains

Pack 3 pick 6:
    Master the Way
    Disowned Ancestor
    Bloodfire Mentor
    Highland Game
--> Dismal Backwater
    Molting Snakeskin
    Timely Hordemate
    Stubborn Denial
    Hardened Scales
    Island

Pack 3 pick 7:
    Erase
    Tormenting Voice
    Glacial Stalker
    Bitter Revelation
    Thornwood Falls
    Abzan Banner
--> Opulent Palace
    Seek the Horizon
    Forest

Pack 3 pick 8:
    Swift Kick
    Rush of Battle
    Sultai Banner
    Crippling Chill
--> Rakshasa's Secret
    Dazzling Ramparts
    Hardened Scales
    Plains

Pack 3 pick 9:
--> Tranquil Cove
    Sultai Banner
    Force Away
    Dutiful Return
    Blinding Spray
    Goblinslide
    Mountain

Pack 3 pick 10:
    Barrage of Boulders
--> Embodiment of Spring
    Sidisi's Pet
    Hordeling Outburst
    Tomb of the Spirit Dragon
    Mountain

Pack 3 pick 11:
    Scout the Borders
--> Sultai Banner
    Siegecraft
    Heart-Piercer Bow
    Swamp

Pack 3 pick 12:
    Barrage of Boulders
--> Embodiment of Spring
    Dutiful Return
    Island

Pack 3 pick 13:
--> Snowhorn Rider
    Mardu Banner
    Plains

Pack 3 pick 14:
--> Molting Snakeskin
    Island

Pack 3 pick 15:
--> Forest

