Event #: 7607421
Time:    10/26/2014 1:29:46 PM
Players:
    nicholasdw
    wildcools
    Dimchik
--> malthrin
    wolverine789
    daniereski
    Irban
    ThisIsntMyName

------ KTK ------ 

Pack 1 pick 1:
    Alabaster Kirin
    Tormenting Voice
    Mardu Skullhunter
    Rush of Battle
    Leaping Master
    Archers' Parapet
    Dazzling Ramparts
    Unyielding Krumar
    Kheru Dreadmaw
    Mystic of the Hidden Way
    Hordeling Outburst
    Frontier Bivouac
    Mardu Roughrider
--> End Hostilities
    Forest

Pack 1 pick 2:
--> Mardu Hordechief
    Swift Kick
    Smite the Monstrous
    Valley Dasher
    Scout the Borders
    Taigam's Scheming
    Sultai Banner
    Disowned Ancestor
    Rotting Mastodon
    Cancel
    Roar of Challenge
    Secret Plans
    Dragon's Eye Savants
    Plains

Pack 1 pick 3:
    Summit Prowler
    Feed the Clan
--> Kill Shot
    Ainok Tracker
    Kheru Dreadmaw
    Monastery Flock
    Jeskai Banner
    Blossoming Sands
    Ponyback Brigade
    Temur Banner
    Witness of the Ages
    Retribution of the Ancients
    Island

Pack 1 pick 4:
    Hooting Mandrills
    Smite the Monstrous
    Valley Dasher
    Scout the Borders
    Dismal Backwater
    Sultai Banner
    Disowned Ancestor
    Sultai Scavenger
    Whirlwind Adept
    Windstorm
--> Dead Drop
    Mountain

Pack 1 pick 5:
    Smoke Teller
    Bloodfire Expert
    Siegecraft
    Dragonscale Boon
--> Bloodfell Caves
    Wetland Sambar
    Bitter Revelation
    Force Away
    Become Immense
    Death Frenzy
    Plains

Pack 1 pick 6:
    Summit Prowler
    Sagu Archer
--> Unyielding Krumar
    Scout the Borders
    Dismal Backwater
    Sultai Banner
    Bitter Revelation
    Singing Bell Strike
    Venerable Lammasu
    Mountain

Pack 1 pick 7:
--> Canyon Lurkers
    Siegecraft
    Kin-Tree Warden
    Bloodfire Mentor
    Molting Snakeskin
    Taigam's Scheming
    Dragon Grip
    Sultai Soothsayer
    Swamp

Pack 1 pick 8:
--> Defiant Strike
    Dutiful Return
    Bloodfire Mentor
    Highland Game
    Taigam's Scheming
    Dutiful Return
    Cranial Archive
    Forest

Pack 1 pick 9:
    Tormenting Voice
    Rush of Battle
    Archers' Parapet
    Dazzling Ramparts
--> Unyielding Krumar
    Kheru Dreadmaw
    Forest

Pack 1 pick 10:
--> Swift Kick
    Taigam's Scheming
    Sultai Banner
    Rotting Mastodon
    Cancel
    Plains

Pack 1 pick 11:
--> Feed the Clan
    Kheru Dreadmaw
    Jeskai Banner
    Temur Banner
    Island

Pack 1 pick 12:
--> Scout the Borders
    Sultai Banner
    Windstorm
    Mountain

Pack 1 pick 13:
    Siegecraft
--> Bitter Revelation
    Plains

Pack 1 pick 14:
--> Sultai Banner
    Mountain

Pack 1 pick 15:
--> Swamp

------ KTK ------ 

Pack 2 pick 1:
    Barrage of Boulders
    Woolly Loxodon
    Leaping Master
    Scout the Borders
    Bloodfell Caves
    Jeskai Windscout
    Lens of Clarity
    Firehoof Cavalry
    Cancel
    Sultai Scavenger
    Master the Way
    Mardu Blazebringer
    Sultai Charm
--> Rattleclaw Mystic
    Forest

Pack 2 pick 2:
    Tusked Colossodon
    Sage-Eye Harrier
    Trumpet Blast
    Bring Low
    Highland Game
--> Scoured Barrens
    Embodiment of Spring
    Unyielding Krumar
    Shambling Attendants
    Scaldkin
    Blinding Spray
    War-Name Aspirant
    Abzan Ascendancy
    Swamp

Pack 2 pick 3:
    Ainok Tracker
    Naturalize
    Jeskai Student
    Taigam's Scheming
--> Debilitating Injury
    Mardu Banner
    Throttle
    Thornwood Falls
    Ponyback Brigade
    Burn Away
    Heir of the Wilds
    Tomb of the Spirit Dragon
    Mountain

Pack 2 pick 4:
    Erase
    Tormenting Voice
    Longshot Squad
    Sage-Eye Harrier
    Rotting Mastodon
    Blossoming Sands
--> Abzan Guide
    Abzan Banner
    Rite of the Serpent
    Briber's Purse
    Monastery Swiftspear
    Forest

Pack 2 pick 5:
    Barrage of Boulders
    Leaping Master
    Scout the Borders
--> Bloodfell Caves
    Lens of Clarity
    Firehoof Cavalry
    Kheru Dreadmaw
    Cancel
    Dazzling Ramparts
    Quiet Contemplation
    Mountain

Pack 2 pick 6:
    Tusked Colossodon
    Hooting Mandrills
    Bitter Revelation
    Singing Bell Strike
    Jungle Hollow
    Abomination of Gudul
    Mardu Banner
--> Ruthless Ripper
    Set Adrift
    Island

Pack 2 pick 7:
    Smoke Teller
    Sagu Archer
    Krumar Bond-Kin
    Taigam's Scheming
    Abzan Banner
--> Throttle
    Blinding Spray
    Despise
    Forest

Pack 2 pick 8:
    War Behemoth
    Bloodfire Expert
    Savage Punch
--> Mardu Hateblade
    Dragonscale Boon
    Wetland Sambar
    Bitter Revelation
    Plains

Pack 2 pick 9:
    Barrage of Boulders
    Scout the Borders
    Lens of Clarity
    Firehoof Cavalry
--> Sultai Scavenger
    Sultai Charm
    Forest

Pack 2 pick 10:
    Tusked Colossodon
    Embodiment of Spring
--> Unyielding Krumar
    Shambling Attendants
    Blinding Spray
    Swamp

Pack 2 pick 11:
    Naturalize
    Taigam's Scheming
--> Mardu Banner
    Tomb of the Spirit Dragon
    Mountain

Pack 2 pick 12:
    Erase
    Abzan Banner
--> Rite of the Serpent
    Forest

Pack 2 pick 13:
    Lens of Clarity
--> Kheru Dreadmaw
    Mountain

Pack 2 pick 14:
--> Mardu Banner
    Island

Pack 2 pick 15:
--> Forest

------ KTK ------ 

Pack 3 pick 1:
    Ainok Bond-Kin
    Warden of the Eye
    Tusked Colossodon
    Erase
    Bitter Revelation
    Cancel
    Rite of the Serpent
    Rugged Highlands
    Abomination of Gudul
    Temur Banner
--> Chief of the Scale
    Stubborn Denial
    Jeskai Elder
    Utter End
    Mountain

Pack 3 pick 2:
    Ainok Tracker
    Naturalize
    Jeskai Windscout
    Disowned Ancestor
    Rush of Battle
    Bloodfire Mentor
    Highland Game
    Dismal Backwater
    Rakshasa's Secret
    Monastery Flock
--> Sandsteppe Citadel
    Kheru Bloodsucker
    Suspension Field
    Plains

Pack 3 pick 3:
    Shatter
    Tusked Colossodon
    Erase
    Singing Bell Strike
    Shambling Attendants
    Monastery Flock
    Sidisi's Pet
    Blossoming Sands
    Snowhorn Rider
--> Abzan Charm
    Tuskguard Captain
    Sultai Soothsayer
    Forest

Pack 3 pick 4:
    Naturalize
    War Behemoth
    Bloodfire Expert
    Savage Punch
    Krumar Bond-Kin
    Singing Bell Strike
    Molting Snakeskin
    Scaldkin
    Jeskai Banner
--> Mardu Charm
    Tuskguard Captain
    Swamp

Pack 3 pick 5:
    Smoke Teller
    Siegecraft
    Bring Low
    Kin-Tree Warden
--> Scoured Barrens
    Bloodfire Mentor
    Scaldkin
    Krumar Bond-Kin
    Riverwheel Aerialists
    Take Up Arms
    Swamp

Pack 3 pick 6:
    Mardu Warshrieker
    Feed the Clan
    Jeskai Student
    Embodiment of Spring
    Mardu Hateblade
    Debilitating Injury
--> Abzan Charm
    Raiders' Spoils
    Dragon Throne of Tarkir
    Island

Pack 3 pick 7:
    Act of Treason
    Sultai Banner
    Firehoof Cavalry
    Kin-Tree Warden
    Swiftwater Cliffs
    Disdainful Stroke
    Stubborn Denial
--> Venerable Lammasu
    Island

Pack 3 pick 8:
    Ainok Tracker
    Leaping Master
    Scout the Borders
    Lens of Clarity
    Firehoof Cavalry
--> Sidisi's Pet
    Scaldkin
    Swamp

Pack 3 pick 9:
    Tusked Colossodon
    Erase
    Cancel
--> Abomination of Gudul
    Temur Banner
    Stubborn Denial
    Mountain

Pack 3 pick 10:
    Naturalize
    Bloodfire Mentor
    Highland Game
    Dismal Backwater
--> Rakshasa's Secret
    Plains

Pack 3 pick 11:
    Shatter
    Tusked Colossodon
    Erase
--> Blossoming Sands
    Forest

Pack 3 pick 12:
    Naturalize
--> Savage Punch
    Jeskai Banner
    Swamp

Pack 3 pick 13:
--> Smoke Teller
    Bloodfire Mentor
    Swamp

Pack 3 pick 14:
--> Feed the Clan
    Island

Pack 3 pick 15:
--> Island

