Event #: 7816563
Time:    22.12.2014 20:48:51
Players:
    Fuz65
    j33buss
    hrpoonloue
    Bacononfire
    GerryTsLittleBro
    TomiWalamies
    Tyscantt
--> d3m0n

------ C03 ------ 

Pack 1 pick 1:
    Mother of Runes
    Armageddon
    Tamiyo, the Moon Sage
    Memory Lapse
    Putrid Imp
    Damnation
    Grim Lavamancer
    Mizzium Mortars
    Joraga Treespeaker
    Natural Order
--> Black Lotus
    Kiora, the Crashing Wave
    Æther Vial
    Bazaar of Baghdad
    Vraska the Unseen

Pack 1 pick 2:
    Mirran Crusader
    Ajani Goldmane
    Pestermite
    Remand
    Bloodghast
    Smash to Smithereens
    Goblin Guide
    Brimstone Volley
    Vengevine
    Venser, the Sojourner
    Boros Reckoner
    Null Rod
--> Underground Sea
    Volcanic Island

Pack 1 pick 3:
    Baneslayer Angel
    Nether Void
    Kira, Great Glass-Spinner
    Gifts Ungiven
    Skinrender
    Lightning Mauler
    Burning of Xinye
    Freyalise, Llanowar's Fury
--> Bloodstained Mire
    Yavimaya Coast
    Winter Orb
    Ulamog, the Infinite Gyre
    Overgrown Tomb

Pack 1 pick 4:
    Hero of Bladehold
    Oblivion Ring
--> Venser, Shaper Savant
    Repeal
    Phyrexian Negator
    Living Death
    Hellrider
    Treetop Village
    Azorius Signet
    Arid Mesa
    Sphinx of the Steel Wind
    Myr Battlesphere

Pack 1 pick 5:
    Soldier of the Pantheon
    Faith's Fetters
    Sarcomancy
    Buried Alive
    Kiki-Jiki, Mirror Breaker
    Firebolt
    Glacial Fortress
    Tropical Island
    Vindicate
    Nightveil Specter
--> Izzet Signet

Pack 1 pick 6:
    Weathered Wayfarer
--> Brainstorm
    Mesmeric Fiend
    Siege-Gang Commander
    Wildfire
    Craterhoof Behemoth
    Turnabout
    Adarkar Wastes
    Ajani Vengeant
    Rootbound Crag

Pack 1 pick 7:
    Leonin Arbiter
    Force Spike
    Vampire Nighthawk
    Arc Trail
    Life from the Loam
    Rishadan Port
--> Simic Signet
    Crucible of Worlds
    Savannah

Pack 1 pick 8:
    Isamaru, Hound of Konda
    Phantasmal Image
    Geralf's Messenger
    Land Tax
    Incinerate
    Figure of Destiny
--> Wooded Foothills
    Manriki-Gusari

Pack 1 pick 9:
    Armageddon
    Memory Lapse
    Putrid Imp
    Damnation
    Mizzium Mortars
--> Kiora, the Crashing Wave
    Æther Vial

Pack 1 pick 10:
    Mirran Crusader
    Ajani Goldmane
    Bloodghast
    Smash to Smithereens
--> Venser, the Sojourner
    Null Rod

Pack 1 pick 11:
    Nether Void
--> Gifts Ungiven
    Skinrender
    Burning of Xinye
    Yavimaya Coast

Pack 1 pick 12:
    Oblivion Ring
    Phyrexian Negator
--> Azorius Signet
    Arid Mesa

Pack 1 pick 13:
--> Sarcomancy
    Glacial Fortress
    Nightveil Specter

Pack 1 pick 14:
--> Wildfire
    Turnabout

Pack 1 pick 15:
--> Life from the Loam

------ C03 ------ 

Pack 2 pick 1:
    Cloudgoat Ranger
    Birthing Pod
    Jace, the Mind Sculptor
    Splinter Twin
    Massacre Wurm
    Tendrils of Agony
    Spikeshot Elder
    Searing Blaze
    Elvish Mystic
    Garruk, Primal Hunter
--> Library of Alexandria
    Coalition Relic
    Huntmaster of the Fells
    Underground River
    Garruk, Apex Predator

Pack 2 pick 2:
    Containment Priest
    Parallax Wave
    Delver of Secrets
    Mind's Desire
    Shriekmaw
    Animate Dead
    Magus of the Moon
    Spear of Heliod
    Scavenging Ooze
    Stunted Growth
    Mutavault
--> Hinterland Harbor
    Tidehollow Sculler
    Sulfur Falls

Pack 2 pick 3:
    Ajani, Caller of the Pride
    Trinket Mage
--> Mana Leak
    Bloodline Keeper
    Duress
    Goblin Welder
    Avacyn's Pilgrim
    Eureka
    Mishra's Workshop
    Edric, Spymaster of Trest
    Scrubland
    Sundering Titan
    Lodestone Golem

Pack 2 pick 4:
--> Elspeth Tirel
    Academy Ruins
    Nezumi Shortfang
    Woodfall Primus
    Manic Vandal
    Char
    Yavimaya Elder
    Beast Within
    Olivia Voldaren
    Sacred Foundry
    Tangle Wire
    Dimir Signet

Pack 2 pick 5:
    Enlightened Tutor
    Looter il-Kor
    Opposition
    Gravecrawler
    Necromancy
    Frenzied Goblin
    Channel
    Grim Monolith
    Godless Shrine
    Sunpetal Grove
--> Bayou

Pack 2 pick 6:
--> Ancient Grudge
    Show and Tell
    Reanimate
    Magma Jet
    Fyndhorn Elves
    Awakening Zone
    Shardless Agent
    Burning-Tree Emissary
    Gaddock Teeg
    Golgari Signet

Pack 2 pick 7:
    Wall of Omens
--> Yawgmoth's Will
    Desecration Demon
    Yawgmoth's Bargain
    Daze
    Pattern of Rebirth
    Everflowing Chalice
    Xenagos, the Reveler
    Spellskite

Pack 2 pick 8:
    Augur of Bolas
    Sheoldred, Whispering One
    Stromkirk Noble
    Rift Bolt
    Flooded Strand
    Metalworker
    Selesnya Signet
--> Skullclamp

Pack 2 pick 9:
    Splinter Twin
    Massacre Wurm
    Tendrils of Agony
    Spikeshot Elder
--> Huntmaster of the Fells
    Underground River
    Garruk, Apex Predator

Pack 2 pick 10:
    Delver of Secrets
    Mind's Desire
    Magus of the Moon
    Spear of Heliod
--> Stunted Growth
    Tidehollow Sculler

Pack 2 pick 11:
    Duress
    Goblin Welder
    Edric, Spymaster of Trest
--> Scrubland
    Lodestone Golem

Pack 2 pick 12:
    Academy Ruins
--> Nezumi Shortfang
    Manic Vandal
    Olivia Voldaren

Pack 2 pick 13:
--> Opposition
    Gravecrawler
    Channel

Pack 2 pick 14:
    Reanimate
--> Awakening Zone

Pack 2 pick 15:
--> Yawgmoth's Bargain

------ C03 ------ 

Pack 3 pick 1:
    Leonin Relic-Warder
    Porcelain Legionnaire
    Riftwing Cloudskate
    Upheaval
    Oona's Prowler
    Dark Ritual
    Gore-House Chainwalker
--> Mox Ruby
    Sylvan Caryatid
    Garruk, Caller of Beasts
    Thran Dynamo
    Boros Signet
    Orzhov Signet
    Brushland
    Molten-Tail Masticore

Pack 3 pick 2:
    Savannah Lions
--> Elspeth, Knight-Errant
    Vendilion Clique
    Timetwister
    Pack Rat
    Inferno Titan
    Through the Breach
    Arbor Elf
    Plow Under
    Geist of Saint Traft
    Lion's Eye Diamond
    Cursed Scroll
    Kozilek, Butcher of Truth
    Verdant Catacombs

Pack 3 pick 3:
    Wrath of God
    Bribery
--> Ancestral Recall
    Gatekeeper of Malakir
    Jackal Pup
    Terastodon
    Eternal Witness
    Nature's Claim
    Memory Jar
    Plateau
    Sword of Body and Mind
    Baleful Strix
    Electrolyze

Pack 3 pick 4:
    Flickerwisp
--> Balance
    Glen Elendra Archmage
    Tombstalker
    Diabolic Edict
    Kargan Dragonlord
    Sneak Attack
    Tooth and Nail
    Mishra's Factory
    Taiga
    Progenitus
    Fire/Ice

Pack 3 pick 5:
    Moat
    Talrand, Sky Summoner
--> Cryptic Command
    Phyrexian Obliterator
    Prophetic Flamespeaker
    Lightning Bolt
    Search for Tomorrow
    Badlands
    Pentad Prism
    Gruul Signet
    Watery Grave

Pack 3 pick 6:
    Spectral Procession
    Ravages of War
    Palinchron
    Brain Freeze
    Hero's Downfall
    Torch Fiend
--> Song of the Dryads
    Boros Charm
    Sin Collector
    Temple Garden

Pack 3 pick 7:
    Fact or Fiction
    Master of the Feast
    Ultimate Price
    Firedrinker Satyr
    Wheel of Fortune
    Acidic Slime
--> Misty Rainforest
    Isolated Chapel
    Shivan Reef

Pack 3 pick 8:
    Grand Architect
    Unburial Rites
    Empty the Warrens
    Teetering Peaks
    Primal Command
    Dreadbore
    Mox Diamond
--> Nicol Bolas, Planeswalker

Pack 3 pick 9:
    Leonin Relic-Warder
--> Upheaval
    Oona's Prowler
    Dark Ritual
    Thran Dynamo
    Orzhov Signet
    Molten-Tail Masticore

Pack 3 pick 10:
    Savannah Lions
    Timetwister
    Through the Breach
    Geist of Saint Traft
    Lion's Eye Diamond
--> Verdant Catacombs

Pack 3 pick 11:
    Gatekeeper of Malakir
    Jackal Pup
    Memory Jar
--> Baleful Strix
    Electrolyze

Pack 3 pick 12:
--> Flickerwisp
    Tombstalker
    Sneak Attack
    Progenitus

Pack 3 pick 13:
    Talrand, Sky Summoner
    Phyrexian Obliterator
--> Badlands

Pack 3 pick 14:
    Torch Fiend
--> Sin Collector

Pack 3 pick 15:
--> Firedrinker Satyr

