Event #: 8025155
Time:    2/26/2015 8:45:54 AM
Players:
--> Apsallar
    maidenfff
    XavierBH
    mtgGreg
    KOUSHINOBU
    MithrandirNY
    nvain
    macable

------ FRF ------ 

Pack 1 pick 1:
    Cunning Strike
    Abzan Runemark
    Rakshasa's Disdain
    Reach of Shadows
    Archers of Qarsi
    Smoldering Efreet
    Return to the Earth
    Great-Horn Krushok
    Goblin Heelcutter
    Ambush Krotiq
    Cached Defenses
    Mindscour Dragon
    Vaultbreaker
--> Crux of Fate
    Thornwood Falls

Pack 1 pick 2:
    Abzan Advantage
    Refocus
    Hooded Assassin
    Abzan Skycaptain
    Enhanced Awareness
    Typhoid Rats
    Tasigur's Cruelty
    Temur Battle Rage
    Return to the Earth
    Mardu Scout
    Dark Deal
    Abzan Kin-Guard
--> Pyrotechnics
    Tranquil Cove

Pack 1 pick 3:
    Dragon Bell Monk
    Rakshasa's Disdain
    Gurmag Angler
    Abzan Advantage
    Archers of Qarsi
    Fierce Invocation
    Feral Krushok
    Great-Horn Krushok
    Frontier Mastodon
    Sudden Reclamation
    Wardscale Dragon
--> Soulflayer
    Dismal Backwater

Pack 1 pick 4:
    Pressure Point
    Aven Skirmisher
    Ethereal Ambush
    Abzan Advantage
    Smoldering Efreet
    Hunt the Weak
    Mardu Runemark
    Formless Nurturing
    Arashin War Beast
    Neutralizing Blast
--> Pilgrim of the Fires
    Jungle Hollow

Pack 1 pick 5:
    Abzan Advantage
    Refocus
    Hooded Assassin
    Enhanced Awareness
    Tasigur's Cruelty
    Return to the Earth
    Mardu Scout
--> Battle Brawler
    Mardu Woe-Reaper
    Humble Defector
    Jungle Hollow

Pack 1 pick 6:
    Jeskai Runemark
    War Flare
    Arashin Cleric
    Whisk Away
--> Collateral Damage
    Temur Runemark
    Write into Being
    Renowned Weaponsmith
    Winds of Qal Sisma
    Rageform

Pack 1 pick 7:
    Abzan Skycaptain
    Jeskai Runemark
    War Flare
    Arashin Cleric
--> Collateral Damage
    Temur Runemark
    Write into Being
    Honor's Reward
    Bloodfell Caves

Pack 1 pick 8:
    War Flare
    Sultai Skullkeeper
--> Harsh Sustenance
    Pressure Point
    Mardu Runemark
    Ambush Krotiq
    Write into Being
    Battlefront Krushok

Pack 1 pick 9:
    Cunning Strike
    Abzan Runemark
    Rakshasa's Disdain
    Archers of Qarsi
--> Smoldering Efreet
    Ambush Krotiq
    Cached Defenses

Pack 1 pick 10:
--> Abzan Advantage
    Refocus
    Tasigur's Cruelty
    Return to the Earth
    Dark Deal
    Tranquil Cove

Pack 1 pick 11:
    Rakshasa's Disdain
    Abzan Advantage
--> Fierce Invocation
    Great-Horn Krushok
    Sudden Reclamation

Pack 1 pick 12:
--> Ethereal Ambush
    Abzan Advantage
    Arashin War Beast
    Neutralizing Blast

Pack 1 pick 13:
--> Enhanced Awareness
    Tasigur's Cruelty
    Return to the Earth

Pack 1 pick 14:
    Temur Runemark
--> Renowned Weaponsmith

Pack 1 pick 15:
--> War Flare

------ KTK ------ 

Pack 2 pick 1:
    Canyon Lurkers
    Alpine Grizzly
    Dismal Backwater
    Mardu Hateblade
    Valley Dasher
    Dragonscale Boon
    Tranquil Cove
    Wetland Sambar
    Taigam's Scheming
    Debilitating Injury
    Jeskai Charm
    Mardu Roughrider
    Tuskguard Captain
--> Bloodstained Mire
    Mountain

Pack 2 pick 2:
    Jeskai Student
    Summit Prowler
    Sagu Archer
    Kill Shot
    Monastery Flock
    Sidisi's Pet
    Treasure Cruise
    Rugged Highlands
    Efreet Weaponmaster
    Lens of Clarity
--> Mystic Monastery
    Gurmag Swiftwing
    Frontier Bivouac
    Swamp

Pack 2 pick 3:
    Mardu Hordechief
    Swift Kick
    Salt Road Patrol
    Monastery Flock
    Bitter Revelation
    Force Away
    Rakshasa's Secret
    Rugged Highlands
    Snowhorn Rider
--> Arc Lightning
    Set Adrift
    Horde Ambusher
    Forest

Pack 2 pick 4:
--> Mardu Warshrieker
    Smoke Teller
    Mardu Hordechief
    Mardu Skullhunter
    Rush of Battle
    Leaping Master
    Glacial Stalker
    Bitter Revelation
    Mardu Blazebringer
    Brave the Sands
    Windstorm
    Island

Pack 2 pick 5:
    Smoke Teller
    Ainok Bond-Kin
    Valley Dasher
    Scout the Borders
    Dismal Backwater
    Sultai Banner
    Monastery Flock
    Dutiful Return
--> Bellowing Saddlebrute
    Icefeather Aven
    Plains

Pack 2 pick 6:
--> Mardu Warshrieker
    Feed the Clan
    Jeskai Student
    Barrage of Boulders
    Dutiful Return
    Mardu Banner
    Ponyback Brigade
    Venerable Lammasu
    Heart-Piercer Bow
    Mountain

Pack 2 pick 7:
    Erase
--> Tormenting Voice
    Longshot Squad
    Sage-Eye Harrier
    Rotting Mastodon
    Cancel
    Blossoming Sands
    Snowhorn Rider
    Plains

Pack 2 pick 8:
    Feed the Clan
    Siegecraft
--> Bring Low
    Kin-Tree Warden
    Smite the Monstrous
    Sidisi's Pet
    Become Immense
    Island

Pack 2 pick 9:
    Canyon Lurkers
    Mardu Hateblade
--> Valley Dasher
    Dragonscale Boon
    Wetland Sambar
    Taigam's Scheming
    Mountain

Pack 2 pick 10:
--> Jeskai Student
    Monastery Flock
    Sidisi's Pet
    Rugged Highlands
    Lens of Clarity
    Swamp

Pack 2 pick 11:
    Swift Kick
--> Salt Road Patrol
    Rugged Highlands
    Set Adrift
    Forest

Pack 2 pick 12:
    Smoke Teller
--> Mardu Blazebringer
    Windstorm
    Island

Pack 2 pick 13:
    Sultai Banner
--> Dutiful Return
    Plains

Pack 2 pick 14:
--> Dutiful Return
    Mountain

Pack 2 pick 15:
--> Plains

------ KTK ------ 

Pack 3 pick 1:
    Tusked Colossodon
    Sage-Eye Harrier
    Trumpet Blast
    Hooting Mandrills
    Ainok Tracker
    Rakshasa's Secret
    Blossoming Sands
    Abzan Guide
    Abzan Banner
    Rite of the Serpent
--> Ruthless Ripper
    Briber's Purse
    Watcher of the Roost
    Deflecting Palm
    Mountain

Pack 3 pick 2:
    Defiant Strike
    Trumpet Blast
    Mardu Skullhunter
    Rush of Battle
    Leaping Master
    Archers' Parapet
    Tranquil Cove
    Force Away
    Kheru Dreadmaw
    Brave the Sands
--> Dead Drop
    Witness of the Ages
    Mindswipe
    Swamp

Pack 3 pick 3:
    Canyon Lurkers
    Longshot Squad
    Jeskai Windscout
    Disowned Ancestor
    Rush of Battle
    Bloodfire Mentor
    Highland Game
    Force Away
    Kheru Dreadmaw
    Mardu Blazebringer
    Ride Down
--> Bloodsoaked Champion
    Plains

Pack 3 pick 4:
--> Act of Treason
    Firehoof Cavalry
    Bring Low
    Highland Game
    Scoured Barrens
    Embodiment of Spring
    Unyielding Krumar
    Sidisi's Pet
    Dazzling Ramparts
    Nomad Outpost
    Temur Charger
    Swamp

Pack 3 pick 5:
    Barrage of Boulders
    Salt Road Patrol
    Jeskai Windscout
    Disowned Ancestor
    Rush of Battle
    Bloodfire Mentor
    Highland Game
    Scaldkin
--> Krumar Bond-Kin
    Incremental Growth
    Island

Pack 3 pick 6:
    Ainok Tracker
    Naturalize
    Unyielding Krumar
    Sultai Banner
--> Arrow Storm
    Kin-Tree Warden
    Singing Bell Strike
    Shambling Attendants
    Roar of Challenge
    Plains

Pack 3 pick 7:
--> Tormenting Voice
    Naturalize
    War Behemoth
    Cancel
    Crippling Chill
    Weave Fate
    Jungle Hollow
    Warden of the Eye
    Forest

Pack 3 pick 8:
    Tusked Colossodon
    Sage-Eye Harrier
    Scout the Borders
--> Bloodfell Caves
    Lens of Clarity
    Scaldkin
    Bitter Revelation
    Forest

Pack 3 pick 9:
    Tusked Colossodon
    Sage-Eye Harrier
    Ainok Tracker
--> Rakshasa's Secret
    Abzan Banner
    Briber's Purse
    Mountain

Pack 3 pick 10:
    Defiant Strike
    Trumpet Blast
--> Leaping Master
    Kheru Dreadmaw
    Brave the Sands
    Swamp

Pack 3 pick 11:
--> Disowned Ancestor
    Bloodfire Mentor
    Kheru Dreadmaw
    Mardu Blazebringer
    Plains

Pack 3 pick 12:
    Embodiment of Spring
--> Unyielding Krumar
    Dazzling Ramparts
    Swamp

Pack 3 pick 13:
--> Bloodfire Mentor
    Scaldkin
    Island

Pack 3 pick 14:
--> Kin-Tree Warden
    Plains

Pack 3 pick 15:
--> Forest

