Event #: 8034690
Time:    2/28/2015 11:18:10 PM
Players:
    LordoftheFjord
    TheWalkingDude
    tamedstrange
    D_Spawn
    HieiHeadshot
    slug_tmc
--> MSU_Iced_Z
    DaRogiv

------ FRF ------ 

Pack 1 pick 1:
    Abzan Skycaptain
    Enhanced Awareness
    Typhoid Rats
    Grim Contest
    Dragon Bell Monk
    Rakshasa's Disdain
    Alesha's Vanguard
    Defiant Ogre
    Whisperer of the Wilds
    Collateral Damage
    Noxious Dragon
    Shockmaw Dragon
    Hewed Stone Retainers
--> Sage-Eye Avengers
    Jungle Hollow

Pack 1 pick 2:
    Enhanced Awareness
    Typhoid Rats
    Grim Contest
    Dragon Bell Monk
    Rakshasa's Disdain
--> Silumgar, the Drifting Death
    Alesha's Vanguard
    Defiant Ogre
    Whisperer of the Wilds
    Collateral Damage
    Fearsome Awakening
    Sage's Reverie
    Mastery of the Unseen
    Tranquil Cove

Pack 1 pick 3:
--> Aven Surveyor
    Ancestral Vengeance
    War Flare
    Soul Summons
    Sultai Skullkeeper
    Smoldering Efreet
    Hunt the Weak
    Mardu Runemark
    Formless Nurturing
    Destructor Dragon
    Hewed Stone Retainers
    Temporal Trespass
    Thornwood Falls

Pack 1 pick 4:
    Sultai Runemark
--> Jeskai Sage
    Pressure Point
    Aven Skirmisher
    Archers of Qarsi
    Smoldering Efreet
    Return to the Earth
    Great-Horn Krushok
    Diplomacy of the Wastes
    Jeskai Barricade
    Hungering Yeti
    Crucible of the Spirit Dragon

Pack 1 pick 5:
    Sultai Skullkeeper
    Reach of Shadows
    Pressure Point
--> Whisk Away
    Sultai Emissary
    Tasigur's Cruelty
    Temur Battle Rage
    Return to the Earth
    Mardu Scout
    Vaultbreaker
    Thornwood Falls

Pack 1 pick 6:
    Abzan Advantage
    Will of the Naga
    Sultai Runemark
    Abzan Runemark
    Temur Runemark
--> Write into Being
    Map the Wastes
    Lightning Shrieker
    Ainok Guide
    Mardu Shadowspear

Pack 1 pick 7:
    Sultai Runemark
    Pressure Point
    Aven Skirmisher
    Archers of Qarsi
    Smoldering Efreet
    Return to the Earth
    Great-Horn Krushok
--> Dark Deal
    Scroll of the Masters

Pack 1 pick 8:
--> Lotus Path Djinn
    Ethereal Ambush
    Abzan Advantage
    Refocus
    Ambush Krotiq
    Gore Swine
    Ruthless Instincts
    Rugged Highlands

Pack 1 pick 9:
    Enhanced Awareness
    Rakshasa's Disdain
--> Alesha's Vanguard
    Defiant Ogre
    Collateral Damage
    Hewed Stone Retainers
    Jungle Hollow

Pack 1 pick 10:
    Enhanced Awareness
--> Rakshasa's Disdain
    Defiant Ogre
    Collateral Damage
    Fearsome Awakening
    Sage's Reverie

Pack 1 pick 11:
    War Flare
--> Sultai Skullkeeper
    Smoldering Efreet
    Mardu Runemark
    Formless Nurturing

Pack 1 pick 12:
--> Sultai Runemark
    Archers of Qarsi
    Smoldering Efreet
    Crucible of the Spirit Dragon

Pack 1 pick 13:
--> Sultai Skullkeeper
    Tasigur's Cruelty
    Return to the Earth

Pack 1 pick 14:
    Abzan Runemark
--> Temur Runemark

Pack 1 pick 15:
--> Great-Horn Krushok

------ KTK ------ 

Pack 2 pick 1:
    Feed the Clan
    Jeskai Student
    Barrage of Boulders
    Bloodfire Mentor
    Highland Game
    Dismal Backwater
    Mardu Hateblade
    Valley Dasher
    Shambling Attendants
    Monastery Flock
    Opulent Palace
    Seek the Horizon
--> Murderous Cut
    Jeskai Ascendancy
    Island

Pack 2 pick 2:
    Woolly Loxodon
    Salt Road Patrol
    Canyon Lurkers
    Alpine Grizzly
    Kheru Dreadmaw
    Mystic of the Hidden Way
    Rugged Highlands
    Efreet Weaponmaster
    Lens of Clarity
    Blossoming Sands
    Roar of Challenge
    Armament Corps
--> Murderous Cut
    Plains

Pack 2 pick 3:
    Trumpet Blast
    Alpine Grizzly
    Alabaster Kirin
    Tormenting Voice
    Bitter Revelation
--> Singing Bell Strike
    Snowhorn Rider
    Jeskai Banner
    Ponyback Brigade
    Dragon Grip
    Timely Hordemate
    Set Adrift
    Plains

Pack 2 pick 4:
    Erase
    Mardu Warshrieker
    Dragonscale Boon
    Wetland Sambar
    Shambling Attendants
    Bring Low
    Kin-Tree Warden
    Monastery Flock
    Dutiful Return
    Temur Charger
--> Despise
    Forest

Pack 2 pick 5:
    Canyon Lurkers
    Defiant Strike
    Act of Treason
--> Singing Bell Strike
    Shambling Attendants
    Lens of Clarity
    Blossoming Sands
    Snowhorn Rider
    Mardu Banner
    Take Up Arms
    Mountain

Pack 2 pick 6:
    Summit Prowler
    Sagu Archer
    Lens of Clarity
    Firehoof Cavalry
    Bring Low
    Highland Game
--> Sultai Scavenger
    Venerable Lammasu
    Blinding Spray
    Island

Pack 2 pick 7:
    Sagu Archer
    Kin-Tree Warden
    Disowned Ancestor
    Rush of Battle
    Rotting Mastodon
--> Disdainful Stroke
    Dazzling Ramparts
    Trap Essence
    Plains

Pack 2 pick 8:
    Longshot Squad
    Mardu Warshrieker
--> Bitter Revelation
    Singing Bell Strike
    Snowhorn Rider
    Cranial Archive
    Kheru Bloodsucker
    Forest

Pack 2 pick 9:
--> Feed the Clan
    Bloodfire Mentor
    Highland Game
    Mardu Hateblade
    Valley Dasher
    Seek the Horizon
    Island

Pack 2 pick 10:
    Canyon Lurkers
    Kheru Dreadmaw
--> Rugged Highlands
    Lens of Clarity
    Roar of Challenge
    Plains

Pack 2 pick 11:
    Trumpet Blast
    Tormenting Voice
--> Snowhorn Rider
    Dragon Grip
    Plains

Pack 2 pick 12:
    Wetland Sambar
--> Shambling Attendants
    Kin-Tree Warden
    Forest

Pack 2 pick 13:
--> Canyon Lurkers
    Lens of Clarity
    Mountain

Pack 2 pick 14:
--> Lens of Clarity
    Island

Pack 2 pick 15:
--> Plains

------ KTK ------ 

Pack 3 pick 1:
    Sage-Eye Harrier
    Trumpet Blast
    Hooting Mandrills
    Alabaster Kirin
    Molting Snakeskin
--> Taigam's Scheming
    Weave Fate
    Wind-Scarred Crag
    Abzan Guide
    Temur Banner
    Goblinslide
    Monastery Swiftspear
    Secret Plans
    Mindswipe
    Island

Pack 3 pick 2:
    Feat of Resistance
    Canyon Lurkers
    Longshot Squad
    Defiant Strike
    Rakshasa's Secret
--> Monastery Flock
    Dutiful Return
    Taigam's Scheming
    Ponyback Brigade
    Jeskai Banner
    Seek the Horizon
    Take Up Arms
    Trail of Mystery
    Island

Pack 3 pick 3:
    Erase
    Tormenting Voice
    Longshot Squad
    Dismal Backwater
    Sultai Banner
--> Disowned Ancestor
    Siegecraft
    Arrow Storm
    Krumar Bond-Kin
    Singing Bell Strike
    Ride Down
    Dragon Throne of Tarkir
    Forest

Pack 3 pick 4:
    War Behemoth
    Bloodfire Expert
    Ainok Bond-Kin
    Kheru Dreadmaw
    Monastery Flock
    Bitter Revelation
--> Force Away
    Wind-Scarred Crag
    Ponyback Brigade
    Dragon's Eye Savants
    Sage of the Inward Eye
    Plains

Pack 3 pick 5:
    Kill Shot
    Barrage of Boulders
    Scoured Barrens
    Embodiment of Spring
    Unyielding Krumar
    Smite the Monstrous
    Valley Dasher
    Scout the Borders
    Dutiful Return
--> Cranial Archive
    Mountain

Pack 3 pick 6:
    Salt Road Patrol
    Act of Treason
    Defiant Strike
    Sidisi's Pet
--> Glacial Stalker
    Thornwood Falls
    Efreet Weaponmaster
    Abzan Banner
    Dazzling Ramparts
    Plains

Pack 3 pick 7:
    Naturalize
    Jeskai Student
    Dragonscale Boon
    Bloodfell Caves
    Wetland Sambar
    Leaping Master
    Dutiful Return
--> Disdainful Stroke
    Mountain

Pack 3 pick 8:
    War Behemoth
    Tranquil Cove
--> Wetland Sambar
    Siegecraft
    Kin-Tree Warden
    Sidisi's Pet
    Scaldkin
    Forest

Pack 3 pick 9:
    Molting Snakeskin
    Weave Fate
    Temur Banner
    Goblinslide
    Secret Plans
--> Mindswipe
    Island

Pack 3 pick 10:
    Defiant Strike
--> Dutiful Return
    Taigam's Scheming
    Ponyback Brigade
    Seek the Horizon
    Island

Pack 3 pick 11:
    Tormenting Voice
    Siegecraft
    Krumar Bond-Kin
--> Singing Bell Strike
    Forest

Pack 3 pick 12:
    War Behemoth
    Kheru Dreadmaw
--> Bitter Revelation
    Plains

Pack 3 pick 13:
    Scout the Borders
--> Dutiful Return
    Mountain

Pack 3 pick 14:
--> Defiant Strike
    Plains

Pack 3 pick 15:
--> Mountain

