Event #: 8038200
Time:    3/1/2015 9:40:29 PM
Players:
    KCcheefin
    soulcypher87
    AndGrand
    4biddenDonut
    gabbagabba777
--> osufanatic64
    jhendric
    Gankmobile

------ FRF ------ 

Pack 1 pick 1:
    Abzan Skycaptain
    Enhanced Awareness
    Typhoid Rats
    Grim Contest
    Dragon Bell Monk
    Gore Swine
    Whisperer of the Wilds
    Mardu Runemark
    Ambush Krotiq
    Write into Being
    Shifting Loyalties
    Dark Deal
    Elite Scaleguard
    Mob Rule
--> Flooded Strand

Pack 1 pick 2:
    Harsh Sustenance
    Pressure Point
    Whisk Away
    Sultai Emissary
    Jeskai Runemark
    Temur Runemark
    Tasigur's Cruelty
    Mardu Scout
    Feral Krushok
    Reality Shift
    Fearsome Awakening
--> Lightform
    Sandsteppe Mastodon
    Thornwood Falls

Pack 1 pick 3:
    Rakshasa's Disdain
    Gurmag Angler
    Abzan Advantage
--> Will of the Naga
    Sultai Runemark
    Abzan Runemark
    Map the Wastes
    Collateral Damage
    Formless Nurturing
    Diplomacy of the Wastes
    Ruthless Instincts
    Rageform
    Jungle Hollow

Pack 1 pick 4:
    Harsh Sustenance
    Pressure Point
--> Whisk Away
    Sultai Emissary
    Jeskai Runemark
    Temur Runemark
    Tasigur's Cruelty
    Mardu Scout
    Feral Krushok
    Shifting Loyalties
    Qarsi High Priest
    Blossoming Sands

Pack 1 pick 5:
    Ethereal Ambush
--> Dragon Bell Monk
    Enhanced Awareness
    Great-Horn Krushok
    Ambush Krotiq
    Gore Swine
    Frontier Mastodon
    Alesha's Vanguard
    Mindscour Dragon
    Fearsome Awakening
    Arcbond

Pack 1 pick 6:
--> Refocus
    Hooded Assassin
    Great-Horn Krushok
    Frontier Mastodon
    Defiant Ogre
    Ainok Guide
    Alesha's Vanguard
    Marang River Prowler
    Lotus-Eye Mystics
    Thornwood Falls

Pack 1 pick 7:
    Pressure Point
--> Whisk Away
    Temur Runemark
    Tasigur's Cruelty
    Mardu Scout
    Feral Krushok
    Fruit of the First Tree
    Renowned Weaponsmith
    Blossoming Sands

Pack 1 pick 8:
    Sibsig Host
    Arashin Cleric
    Lightning Shrieker
    Archers of Qarsi
    Smoldering Efreet
    Return to the Earth
--> Channel Harm
    Rugged Highlands

Pack 1 pick 9:
    Enhanced Awareness
    Dragon Bell Monk
    Gore Swine
    Ambush Krotiq
--> Write into Being
    Shifting Loyalties
    Dark Deal

Pack 1 pick 10:
--> Pressure Point
    Temur Runemark
    Tasigur's Cruelty
    Feral Krushok
    Fearsome Awakening
    Thornwood Falls

Pack 1 pick 11:
--> Rakshasa's Disdain
    Sultai Runemark
    Abzan Runemark
    Collateral Damage
    Diplomacy of the Wastes

Pack 1 pick 12:
    Temur Runemark
    Tasigur's Cruelty
    Feral Krushok
--> Shifting Loyalties

Pack 1 pick 13:
--> Great-Horn Krushok
    Ambush Krotiq
    Frontier Mastodon

Pack 1 pick 14:
--> Great-Horn Krushok
    Defiant Ogre

Pack 1 pick 15:
--> Renowned Weaponsmith

------ KTK ------ 

Pack 2 pick 1:
    Mardu Warshrieker
    Smoke Teller
    Mardu Hordechief
    Ainok Tracker
    Rakshasa's Secret
    Disdainful Stroke
    Sidisi's Pet
    Glacial Stalker
    Ponyback Brigade
    Weave Fate
--> Riverwheel Aerialists
    Winterflame
    Quiet Contemplation
    Mindswipe
    Plains

Pack 2 pick 2:
    Summit Prowler
    Sagu Archer
    Kill Shot
    Barrage of Boulders
    Sultai Scavenger
    Whirlwind Adept
    Jungle Hollow
    Abzan Guide
    Jeskai Banner
    Rite of the Serpent
    Armament Corps
--> Take Up Arms
    Temur Ascendancy
    Plains

Pack 2 pick 3:
    Hooting Mandrills
    Bloodfire Mentor
    Highland Game
    Dismal Backwater
    Mardu Hateblade
    Valley Dasher
    Dragonscale Boon
    Shambling Attendants
--> Mystic of the Hidden Way
    Master the Way
    Jeskai Elder
    Rakshasa Vizier
    Mountain

Pack 2 pick 4:
    Tusked Colossodon
    Erase
    Unyielding Krumar
    Smite the Monstrous
    Valley Dasher
    Scout the Borders
    Dismal Backwater
    Bitter Revelation
    Hordeling Outburst
    Mardu Roughrider
--> Ashcloud Phoenix
    Plains

Pack 2 pick 5:
    Naturalize
--> Jeskai Windscout
    Lens of Clarity
    Firehoof Cavalry
    Bring Low
    Highland Game
    Scoured Barrens
    Mystic of the Hidden Way
    Krumar Bond-Kin
    Windstorm
    Plains

Pack 2 pick 6:
    Archers' Parapet
--> Tranquil Cove
    Unyielding Krumar
    Sultai Banner
    Firehoof Cavalry
    Taigam's Scheming
    Dutiful Return
    Dazzling Ramparts
    Death Frenzy
    Swamp

Pack 2 pick 7:
--> Mardu Hordechief
    Bloodfire Mentor
    Archers' Parapet
    Embodiment of Spring
    Mardu Skullhunter
    Monastery Flock
    Brave the Sands
    Tomb of the Spirit Dragon
    Forest

Pack 2 pick 8:
    Sage-Eye Harrier
    Wetland Sambar
    Siegecraft
    Kin-Tree Warden
--> Crippling Chill
    Kheru Dreadmaw
    Heart-Piercer Bow
    Mountain

Pack 2 pick 9:
    Smoke Teller
    Ainok Tracker
    Rakshasa's Secret
    Sidisi's Pet
--> Weave Fate
    Quiet Contemplation
    Plains

Pack 2 pick 10:
    Barrage of Boulders
    Sultai Scavenger
--> Whirlwind Adept
    Jeskai Banner
    Rite of the Serpent
    Plains

Pack 2 pick 11:
    Highland Game
--> Dismal Backwater
    Shambling Attendants
    Rakshasa Vizier
    Mountain

Pack 2 pick 12:
    Unyielding Krumar
    Scout the Borders
--> Mardu Roughrider
    Plains

Pack 2 pick 13:
--> Firehoof Cavalry
    Krumar Bond-Kin
    Plains

Pack 2 pick 14:
--> Firehoof Cavalry
    Swamp

Pack 2 pick 15:
--> Forest

------ KTK ------ 

Pack 3 pick 1:
    Defiant Strike
    Trumpet Blast
    Sultai Banner
    Disowned Ancestor
    Siegecraft
    Arrow Storm
    Dragonscale Boon
    Bloodfell Caves
    Taigam's Scheming
    Dutiful Return
    Incremental Growth
    Mer-Ek Nightblade
--> Seeker of the Way
    Kheru Lich Lord
    Swamp

Pack 3 pick 2:
    Tusked Colossodon
    Sage-Eye Harrier
    Smite the Monstrous
    Bloodfire Mentor
    Archers' Parapet
--> Swiftwater Cliffs
    Embodiment of Spring
    Mardu Skullhunter
    Glacial Stalker
    Shambling Attendants
    Kin-Tree Invocation
    Windstorm
    Dead Drop
    Swamp

Pack 3 pick 3:
    Canyon Lurkers
    Longshot Squad
    Lens of Clarity
    Firehoof Cavalry
    Bring Low
    Highland Game
    Embodiment of Spring
--> Cancel
    Debilitating Injury
    Briber's Purse
    Mardu Roughrider
    Despise
    Mountain

Pack 3 pick 4:
    Act of Treason
    Woolly Loxodon
    Defiant Strike
    Trumpet Blast
--> Crippling Chill
    Rakshasa's Secret
    Thornwood Falls
    Abomination of Gudul
    Abzan Banner
    Temur Charm
    Heir of the Wilds
    Swamp

Pack 3 pick 5:
    Shatter
    Unyielding Krumar
    Sultai Banner
    Firehoof Cavalry
    Kin-Tree Warden
    Singing Bell Strike
    Shambling Attendants
    Stubborn Denial
--> Take Up Arms
    Horde Ambusher
    Mountain

Pack 3 pick 6:
    Woolly Loxodon
    Summit Prowler
    Highland Game
    Dismal Backwater
    Mardu Hateblade
    Valley Dasher
    Taigam's Scheming
    Riverwheel Aerialists
--> Monastery Swiftspear
    Forest

Pack 3 pick 7:
    Tormenting Voice
--> Jeskai Windscout
    Disowned Ancestor
    Rush of Battle
    Bloodfire Mentor
    Disdainful Stroke
    Sidisi's Pet
    Kin-Tree Invocation
    Mountain

Pack 3 pick 8:
    Shatter
    Lens of Clarity
    Firehoof Cavalry
    Bring Low
    Highland Game
    Embodiment of Spring
--> Mardu Charm
    Plains

Pack 3 pick 9:
--> Trumpet Blast
    Sultai Banner
    Siegecraft
    Bloodfell Caves
    Taigam's Scheming
    Dutiful Return
    Swamp

Pack 3 pick 10:
--> Sage-Eye Harrier
    Bloodfire Mentor
    Mardu Skullhunter
    Shambling Attendants
    Windstorm
    Swamp

Pack 3 pick 11:
    Lens of Clarity
    Firehoof Cavalry
    Briber's Purse
--> Mardu Roughrider
    Mountain

Pack 3 pick 12:
--> Trumpet Blast
    Rakshasa's Secret
    Abzan Banner
    Swamp

Pack 3 pick 13:
--> Firehoof Cavalry
    Shambling Attendants
    Mountain

Pack 3 pick 14:
--> Taigam's Scheming
    Forest

Pack 3 pick 15:
--> Mountain

