Event #: 8039868
Time:    3/2/2015 12:02:27 PM
Players:
    thoren
    Tirentu
    WanderingOnes
    linktodeath
    PaulyW888
--> osufanatic64
    lunchbox2212
    shir kahn

------ FRF ------ 

Pack 1 pick 1:
    Crucible of the Spirit Dragon
    Sultai Runemark
    Abzan Runemark
    Aven Surveyor
    Ancestral Vengeance
    War Flare
    Bathe in Dragonfire
    Frontier Mastodon
    Defiant Ogre
    Ainok Guide
    Renowned Weaponsmith
    Shockmaw Dragon
    Wandering Champion
--> Ghastly Conscription
    Rugged Highlands

Pack 1 pick 2:
    Arashin Cleric
    Aven Surveyor
    Typhoid Rats
    Ethereal Ambush
    Collateral Damage
    Formless Nurturing
    Sandsteppe Outcast
    Temur Battle Rage
    Hunt the Weak
    Fierce Invocation
    Shifting Loyalties
--> Dark Deal
    Wild Slash
    Thornwood Falls

Pack 1 pick 3:
    Will of the Naga
--> Ancestral Vengeance
    Cunning Strike
    Abzan Runemark
    Rakshasa's Disdain
    Reach of Shadows
    Archers of Qarsi
    Smoldering Efreet
    Return to the Earth
    Great-Horn Krushok
    Fascination
    Break Through the Line
    Blossoming Sands

Pack 1 pick 4:
    Aven Skirmisher
    Lotus Path Djinn
--> Sultai Emissary
    Abzan Skycaptain
    Jeskai Runemark
    Ambush Krotiq
    Gore Swine
    Frontier Mastodon
    Alesha's Vanguard
    Friendly Fire
    Ugin's Construct
    Dismal Backwater

Pack 1 pick 5:
    Jeskai Runemark
    Jeskai Sage
    Sibsig Host
    Cunning Strike
    Ambush Krotiq
--> Write into Being
    Goblin Heelcutter
    Map the Wastes
    Frost Walker
    Hero's Blade
    Swiftwater Cliffs

Pack 1 pick 6:
    Dragon Bell Monk
    Enhanced Awareness
    Refocus
    Temur Runemark
--> Tasigur's Cruelty
    Lightning Shrieker
    Abzan Kin-Guard
    Pilgrim of the Fires
    Jeskai Barricade
    Swiftwater Cliffs

Pack 1 pick 7:
    Will of the Naga
    Sultai Runemark
    Abzan Runemark
    Ancestral Vengeance
    War Flare
    Frontier Mastodon
    Defiant Ogre
--> Vaultbreaker
    Goblin Boom Keg

Pack 1 pick 8:
    Sultai Skullkeeper
    Pressure Point
--> Whisk Away
    Gore Swine
    Mardu Runemark
    Ambush Krotiq
    Winds of Qal Sisma
    Thornwood Falls

Pack 1 pick 9:
    Crucible of the Spirit Dragon
    Sultai Runemark
    Abzan Runemark
    Defiant Ogre
    Renowned Weaponsmith
--> Shockmaw Dragon
    Rugged Highlands

Pack 1 pick 10:
    Arashin Cleric
    Ethereal Ambush
--> Collateral Damage
    Formless Nurturing
    Fierce Invocation
    Shifting Loyalties

Pack 1 pick 11:
    Cunning Strike
    Abzan Runemark
    Rakshasa's Disdain
    Archers of Qarsi
--> Fascination

Pack 1 pick 12:
    Jeskai Runemark
    Ambush Krotiq
    Frontier Mastodon
--> Friendly Fire

Pack 1 pick 13:
--> Sibsig Host
    Ambush Krotiq
    Map the Wastes

Pack 1 pick 14:
    Temur Runemark
--> Pilgrim of the Fires

Pack 1 pick 15:
--> Defiant Ogre

------ KTK ------ 

Pack 2 pick 1:
    Erase
    Mardu Warshrieker
    Smoke Teller
    Mardu Hordechief
--> Disowned Ancestor
    Whirlwind Adept
    Efreet Weaponmaster
    Lens of Clarity
    Blossoming Sands
    Snowhorn Rider
    Kin-Tree Invocation
    Mistfire Weaver
    Jeskai Elder
    Trap Essence
    Plains

Pack 2 pick 2:
    Sage-Eye Harrier
    Mardu Warshrieker
    Feed the Clan
    Jeskai Student
    Krumar Bond-Kin
--> Taigam's Scheming
    Temur Banner
    Jungle Hollow
    Abomination of Gudul
    Mardu Banner
    Goblinslide
    Abzan Battle Priest
    Tuskguard Captain
    Island

Pack 2 pick 3:
    Smoke Teller
    Ainok Bond-Kin
    Bloodfire Expert
    Sagu Archer
    Shambling Attendants
    Scaldkin
    Mardu Banner
    Weave Fate
    Rugged Highlands
    Snowhorn Rider
--> Scion of Glaciers
    Sultai Charm
    Plains

Pack 2 pick 4:
    Trumpet Blast
    Hooting Mandrills
    Summit Prowler
    Kheru Dreadmaw
    Jeskai Banner
    Rite of the Serpent
    Abomination of Gudul
--> Scion of Glaciers
    Monastery Swiftspear
    Secret Plans
    Ivorytusk Fortress
    Swamp

Pack 2 pick 5:
    Swift Kick
    Salt Road Patrol
    Kheru Dreadmaw
--> Monastery Flock
    Jeskai Banner
    Blossoming Sands
    Ponyback Brigade
    Temur Banner
    Mer-Ek Nightblade
    Crackling Doom
    Plains

Pack 2 pick 6:
    Longshot Squad
    Sage-Eye Harrier
    Lens of Clarity
    Firehoof Cavalry
    Bring Low
    Molting Snakeskin
    Taigam's Scheming
    Roar of Challenge
--> Tuskguard Captain
    Island

Pack 2 pick 7:
    Feed the Clan
    Kill Shot
    Ainok Tracker
    Smoke Teller
--> Singing Bell Strike
    Temur Banner
    Treasure Cruise
    Tomb of the Spirit Dragon
    Plains

Pack 2 pick 8:
    Tormenting Voice
    Sage-Eye Harrier
--> Rakshasa's Secret
    Disdainful Stroke
    Efreet Weaponmaster
    Abzan Banner
    Wind-Scarred Crag
    Swamp

Pack 2 pick 9:
    Whirlwind Adept
    Efreet Weaponmaster
    Lens of Clarity
    Snowhorn Rider
--> Jeskai Elder
    Trap Essence
    Plains

Pack 2 pick 10:
    Feed the Clan
--> Jeskai Student
    Temur Banner
    Mardu Banner
    Goblinslide
    Island

Pack 2 pick 11:
--> Shambling Attendants
    Scaldkin
    Mardu Banner
    Weave Fate
    Plains

Pack 2 pick 12:
    Kheru Dreadmaw
    Jeskai Banner
--> Monastery Swiftspear
    Swamp

Pack 2 pick 13:
    Jeskai Banner
--> Temur Banner
    Plains

Pack 2 pick 14:
--> Lens of Clarity
    Island

Pack 2 pick 15:
--> Plains

------ KTK ------ 

Pack 3 pick 1:
    Ainok Bond-Kin
    Bloodfire Expert
    Sagu Archer
    Feat of Resistance
    Molting Snakeskin
    Scaldkin
    Throttle
    Blossoming Sands
    Abzan Guide
    Abzan Banner
    Temur Charm
    Mardu Charm
    Heart-Piercer Bow
--> Mantis Rider
    Island

Pack 3 pick 2:
    Sagu Archer
    Kill Shot
    Forest
    Woolly Loxodon
    Kheru Dreadmaw
    Cancel
    Wind-Scarred Crag
    Abzan Guide
    Temur Banner
    Jungle Hollow
    Cranial Archive
    Bear's Companion
--> Polluted Delta
    Mountain

Pack 3 pick 3:
    Defiant Strike
    Trumpet Blast
    Alpine Grizzly
    Alabaster Kirin
    Rakshasa's Secret
--> Monastery Flock
    Temur Banner
    Rite of the Serpent
    Thornwood Falls
    Jeskai Charm
    War-Name Aspirant
    Mindswipe
    Swamp

Pack 3 pick 4:
    Defiant Strike
    Act of Treason
    Tusked Colossodon
    Dutiful Return
--> Crippling Chill
    Weave Fate
    Jungle Hollow
    Abzan Guide
    Gurmag Swiftwing
    Heir of the Wilds
    Avalanche Tusker
    Mountain

Pack 3 pick 5:
    Trumpet Blast
    Hooting Mandrills
    Summit Prowler
--> Rakshasa's Secret
    Disdainful Stroke
    Abzan Banner
    Rite of the Serpent
    Efreet Weaponmaster
    Incremental Growth
    Jeskai Charm
    Plains

Pack 3 pick 6:
    Alpine Grizzly
    Erase
    Tormenting Voice
    Longshot Squad
--> Sidisi's Pet
    Scaldkin
    Jeskai Banner
    Weave Fate
    Winterflame
    Swamp

Pack 3 pick 7:
    Woolly Loxodon
    Salt Road Patrol
    Tranquil Cove
    Wetland Sambar
    Siegecraft
    Kin-Tree Warden
    Shambling Attendants
--> Monastery Flock
    Plains

Pack 3 pick 8:
    Shatter
    Tusked Colossodon
--> Shambling Attendants
    Efreet Weaponmaster
    Lens of Clarity
    Snowhorn Rider
    Dragon Grip
    Plains

Pack 3 pick 9:
    Bloodfire Expert
--> Molting Snakeskin
    Scaldkin
    Blossoming Sands
    Abzan Banner
    Heart-Piercer Bow
    Island

Pack 3 pick 10:
    Forest
--> Kheru Dreadmaw
    Cancel
    Temur Banner
    Cranial Archive
    Mountain

Pack 3 pick 11:
    Defiant Strike
--> Trumpet Blast
    Alpine Grizzly
    Temur Banner
    Swamp

Pack 3 pick 12:
    Dutiful Return
    Weave Fate
--> Gurmag Swiftwing
    Mountain

Pack 3 pick 13:
--> Summit Prowler
    Abzan Banner
    Plains

Pack 3 pick 14:
--> Erase
    Swamp

Pack 3 pick 15:
--> Plains

