Event #: 8044342
Time:    3/3/2015 7:01:46 PM
Players:
--> osufanatic64
    Duke_Ignatz
    tkfrhtlvj
    Tenjum
    Suqleg
    frostbun
    macable
    chillichuck

------ FRF ------ 

Pack 1 pick 1:
    Harsh Sustenance
    Pressure Point
    Whisk Away
    Sultai Emissary
    Jeskai Runemark
    Sandblast
    Alesha's Vanguard
    Defiant Ogre
    Whisperer of the Wilds
    Collateral Damage
    Winds of Qal Sisma
    Friendly Fire
    Pilgrim of the Fires
--> Kolaghan, the Storm's Fury
    Thornwood Falls

Pack 1 pick 2:
    Sultai Emissary
--> Harsh Sustenance
    Abzan Skycaptain
    Jeskai Runemark
    Douse in Gloom
    War Flare
    Soul Summons
    Frontier Mastodon
    Defiant Ogre
    Ainok Guide
    Abzan Kin-Guard
    Fascination
    Rageform
    Tranquil Cove

Pack 1 pick 3:
    Typhoid Rats
    Grim Contest
    Dragon Bell Monk
    Rakshasa's Disdain
    Hunt the Weak
    Fierce Invocation
    Temur Runemark
    Tasigur's Cruelty
--> Mardu Scout
    Feral Krushok
    Qarsi High Priest
    Cached Defenses
    Shamanic Revelation

Pack 1 pick 4:
    Hooded Assassin
    Pressure Point
    Aven Skirmisher
    Lotus Path Djinn
--> Douse in Gloom
    Ambush Krotiq
    Write into Being
    Goblin Heelcutter
    Map the Wastes
    Cloudform
    Sandsteppe Mastodon
    Thornwood Falls

Pack 1 pick 5:
    Ethereal Ambush
    Abzan Advantage
    Refocus
    Enhanced Awareness
    Collateral Damage
    Formless Nurturing
    Temur Battle Rage
    Cached Defenses
    Rite of Undoing
    Pilgrim of the Fires
--> Bloodfell Caves

Pack 1 pick 6:
    Ancestral Vengeance
    War Flare
    Soul Summons
    Sultai Skullkeeper
    Ambush Krotiq
    Frontier Mastodon
    Fruit of the First Tree
    Renowned Weaponsmith
    Wardscale Dragon
--> Scoured Barrens

Pack 1 pick 7:
    Rakshasa's Disdain
    Grim Contest
    Aven Skirmisher
    Archers of Qarsi
    Fierce Invocation
--> Temur Battle Rage
    Reality Shift
    Shockmaw Dragon
    Hewed Stone Retainers

Pack 1 pick 8:
    Arashin Cleric
    Sibsig Host
    Sultai Skullkeeper
    Sultai Runemark
    Alesha's Vanguard
    Gore Swine
--> Mardu Runemark
    Goblin Boom Keg

Pack 1 pick 9:
--> Pressure Point
    Jeskai Runemark
    Defiant Ogre
    Collateral Damage
    Winds of Qal Sisma
    Friendly Fire
    Pilgrim of the Fires

Pack 1 pick 10:
    Jeskai Runemark
--> War Flare
    Frontier Mastodon
    Defiant Ogre
    Fascination
    Rageform

Pack 1 pick 11:
    Grim Contest
    Rakshasa's Disdain
--> Fierce Invocation
    Temur Runemark
    Tasigur's Cruelty

Pack 1 pick 12:
--> Aven Skirmisher
    Ambush Krotiq
    Write into Being
    Map the Wastes

Pack 1 pick 13:
    Refocus
--> Formless Nurturing
    Rite of Undoing

Pack 1 pick 14:
--> Fruit of the First Tree
    Renowned Weaponsmith

Pack 1 pick 15:
--> Rakshasa's Disdain

------ KTK ------ 

Pack 2 pick 1:
    Salt Road Patrol
    Canyon Lurkers
    Alpine Grizzly
    Dragonscale Boon
    Tranquil Cove
    Wetland Sambar
    Siegecraft
    Bring Low
    Disdainful Stroke
    Shambling Attendants
    Incremental Growth
--> Mer-Ek Nightblade
    Sultai Soothsayer
    Sage of the Inward Eye
    Plains

Pack 2 pick 2:
    Mardu Warshrieker
    Smoke Teller
    Mardu Hordechief
    Ainok Tracker
    Cancel
    Debilitating Injury
    Weave Fate
    Jungle Hollow
    Abzan Guide
    Jeskai Banner
    Blinding Spray
--> Ride Down
    Savage Knuckleblade
    Plains

Pack 2 pick 3:
    Awaken the Bear
    Swift Kick
    Hooting Mandrills
    Kheru Dreadmaw
    Monastery Flock
    Thornwood Falls
    Ponyback Brigade
    Jeskai Banner
    Weave Fate
    Winterflame
--> Hordeling Outburst
    Highspire Mantis
    Mountain

Pack 2 pick 4:
--> Mardu Warshrieker
    Feed the Clan
    Jeskai Student
    Barrage of Boulders
    Taigam's Scheming
    Rotting Mastodon
    Blossoming Sands
    Abzan Guide
    Abzan Banner
    Stubborn Denial
    Venerable Lammasu
    Island

Pack 2 pick 5:
    Act of Treason
    Tusked Colossodon
    Sage-Eye Harrier
    Trumpet Blast
    Rakshasa's Secret
    Jeskai Banner
    Blossoming Sands
--> Ponyback Brigade
    Temur Banner
    Seek the Horizon
    Mountain

Pack 2 pick 6:
    Tusked Colossodon
    Erase
--> Mardu Warshrieker
    Smoke Teller
    Dutiful Return
    Throttle
    Blossoming Sands
    Abzan Guide
    Abzan Banner
    Island

Pack 2 pick 7:
    Bloodfire Expert
    Shatter
    Monastery Flock
    Abomination of Gudul
    Temur Banner
--> Wind-Scarred Crag
    Seek the Horizon
    Trap Essence
    Mountain

Pack 2 pick 8:
    Naturalize
    War Behemoth
--> Bloodfire Expert
    Sidisi's Pet
    Efreet Weaponmaster
    Abzan Banner
    Briber's Purse
    Forest

Pack 2 pick 9:
    Dragonscale Boon
    Tranquil Cove
    Wetland Sambar
    Siegecraft
    Disdainful Stroke
--> Shambling Attendants
    Plains

Pack 2 pick 10:
    Smoke Teller
--> Ainok Tracker
    Cancel
    Weave Fate
    Jeskai Banner
    Plains

Pack 2 pick 11:
    Awaken the Bear
--> Swift Kick
    Jeskai Banner
    Weave Fate
    Mountain

Pack 2 pick 12:
    Feed the Clan
--> Rotting Mastodon
    Venerable Lammasu
    Island

Pack 2 pick 13:
    Jeskai Banner
--> Seek the Horizon
    Mountain

Pack 2 pick 14:
--> Abzan Banner
    Island

Pack 2 pick 15:
--> Mountain

------ KTK ------ 

Pack 3 pick 1:
    Swift Kick
    Awaken the Bear
    Feat of Resistance
    Canyon Lurkers
    Debilitating Injury
    Whirlwind Adept
    Temur Banner
    Rite of the Serpent
    Thornwood Falls
    Abomination of Gudul
    Dragon Grip
--> Take Up Arms
    Death Frenzy
    Meandering Towershell
    Forest

Pack 3 pick 2:
    Jeskai Student
    Barrage of Boulders
    Savage Punch
    War Behemoth
    Krumar Bond-Kin
    Taigam's Scheming
    Snowhorn Rider
    Jeskai Banner
    Blossoming Sands
--> Ponyback Brigade
    Opulent Palace
    Frontier Bivouac
    Kheru Lich Lord
    Mountain

Pack 3 pick 3:
    Defiant Strike
    Trumpet Blast
    Alpine Grizzly
    Bitter Revelation
    Cancel
    Wind-Scarred Crag
    Ponyback Brigade
    Weave Fate
    Jungle Hollow
    Mystic Monastery
    Gurmag Swiftwing
--> Seeker of the Way
    Swamp

Pack 3 pick 4:
    Sagu Archer
--> Barrage of Boulders
    Woolly Loxodon
    Monastery Flock
    Dutiful Return
    Rite of the Serpent
    Rugged Highlands
    Abomination of Gudul
    Temur Banner
    Become Immense
    Waterwhirl
    Swamp

Pack 3 pick 5:
    Erase
    Tormenting Voice
    Longshot Squad
    Sage-Eye Harrier
    Molting Snakeskin
    Treasure Cruise
--> Wind-Scarred Crag
    Snowhorn Rider
    Chief of the Edge
    Abzan Battle Priest
    Swamp

Pack 3 pick 6:
--> Kill Shot
    Barrage of Boulders
    Salt Road Patrol
    Singing Bell Strike
    Snowhorn Rider
    Throttle
    Blossoming Sands
    Jeskai Charm
    Warden of the Eye
    Mountain

Pack 3 pick 7:
    Swift Kick
    Salt Road Patrol
--> Act of Treason
    Molting Snakeskin
    Scaldkin
    Abzan Banner
    Winterflame
    Venerable Lammasu
    Mountain

Pack 3 pick 8:
--> Mardu Warshrieker
    Smoke Teller
    Ainok Tracker
    Taigam's Scheming
    Jeskai Banner
    Abomination of Gudul
    Stubborn Denial
    Island

Pack 3 pick 9:
    Swift Kick
    Awaken the Bear
    Temur Banner
    Rite of the Serpent
    Abomination of Gudul
--> Dragon Grip
    Forest

Pack 3 pick 10:
--> Jeskai Student
    Barrage of Boulders
    Taigam's Scheming
    Jeskai Banner
    Kheru Lich Lord
    Mountain

Pack 3 pick 11:
    Defiant Strike
--> Trumpet Blast
    Cancel
    Weave Fate
    Swamp

Pack 3 pick 12:
--> Dutiful Return
    Temur Banner
    Waterwhirl
    Swamp

Pack 3 pick 13:
--> Sage-Eye Harrier
    Molting Snakeskin
    Swamp

Pack 3 pick 14:
--> Singing Bell Strike
    Mountain

Pack 3 pick 15:
--> Mountain

