Event #: 8057232
Time:    3/7/2015 7:23:30 PM
Players:
    BigPappaPump
    Klezmer
    makukarbaa
    Butkiss
    cosmic dancer
    monkie
--> malthrin
    TommiHawk

------ FRF ------ 

Pack 1 pick 1:
    Aven Surveyor
    Typhoid Rats
    Ethereal Ambush
    Dragon Bell Monk
    Enhanced Awareness
    Gurmag Angler
    Ainok Guide
    Alesha's Vanguard
    Gore Swine
    Whisperer of the Wilds
    Renowned Weaponsmith
    Sibsig Muckdraggers
    Goblin Boom Keg
--> Dragonscale General
    Bloodfell Caves

Pack 1 pick 2:
    Sultai Runemark
    Jeskai Sage
    Hooded Assassin
    Pressure Point
    Aven Skirmisher
    Return to the Earth
    Great-Horn Krushok
    Goblin Heelcutter
    Ambush Krotiq
    Gore Swine
    Reality Shift
--> Valorous Stance
    Hero's Blade
    Thornwood Falls

Pack 1 pick 3:
--> Lotus Path Djinn
    Douse in Gloom
    Ethereal Ambush
    Abzan Advantage
    Refocus
    Hooded Assassin
    Frontier Mastodon
    Alesha's Vanguard
    Defiant Ogre
    Whisperer of the Wilds
    Fearsome Awakening
    Hungering Yeti
    Bloodfell Caves

Pack 1 pick 4:
    Ancestral Vengeance
    War Flare
    Soul Summons
    Sultai Skullkeeper
--> Harsh Sustenance
    Smoldering Efreet
    Hunt the Weak
    Mardu Runemark
    Formless Nurturing
    Rite of Undoing
    Diplomacy of the Wastes
    Humble Defector

Pack 1 pick 5:
    Jeskai Sage
    Sibsig Host
    Cunning Strike
    Arashin Cleric
    Feral Krushok
    Great-Horn Krushok
    Defiant Ogre
    Neutralizing Blast
--> Wandering Champion
    Vaultbreaker
    Windswept Heath

Pack 1 pick 6:
--> Soul Summons
    Will of the Naga
    Ancestral Vengeance
    Cunning Strike
    Abzan Runemark
    Mardu Runemark
    Ambush Krotiq
    Ancestral Vengeance
    Rageform
    Rugged Highlands

Pack 1 pick 7:
--> Douse in Gloom
    Abzan Advantage
    Refocus
    Hooded Assassin
    Frontier Mastodon
    Alesha's Vanguard
    Defiant Ogre
    Destructor Dragon
    Jungle Hollow

Pack 1 pick 8:
    Sibsig Host
    Tasigur's Cruelty
    Feral Krushok
    Lightning Shrieker
    Archers of Qarsi
    Smoldering Efreet
    Friendly Fire
--> Blossoming Sands

Pack 1 pick 9:
--> Dragon Bell Monk
    Enhanced Awareness
    Alesha's Vanguard
    Renowned Weaponsmith
    Sibsig Muckdraggers
    Goblin Boom Keg
    Bloodfell Caves

Pack 1 pick 10:
    Sultai Runemark
--> Hooded Assassin
    Pressure Point
    Aven Skirmisher
    Great-Horn Krushok
    Ambush Krotiq

Pack 1 pick 11:
    Abzan Advantage
    Refocus
--> Alesha's Vanguard
    Defiant Ogre
    Fearsome Awakening

Pack 1 pick 12:
--> Ancestral Vengeance
    Sultai Skullkeeper
    Smoldering Efreet
    Mardu Runemark

Pack 1 pick 13:
--> Arashin Cleric
    Great-Horn Krushok
    Neutralizing Blast

Pack 1 pick 14:
--> Ancestral Vengeance
    Mardu Runemark

Pack 1 pick 15:
--> Refocus

------ KTK ------ 

Pack 2 pick 1:
    Smoke Teller
    Mardu Hordechief
    Ainok Tracker
    Naturalize
    Cancel
    Krumar Bond-Kin
    Thornwood Falls
    Efreet Weaponmaster
    Abzan Banner
    Throttle
    Cranial Archive
    Dragon's Eye Savants
--> Suspension Field
    Jeering Instigator
    Mountain

Pack 2 pick 2:
    Alabaster Kirin
    Summit Prowler
    Feed the Clan
    Kill Shot
    Cancel
    Debilitating Injury
    Efreet Weaponmaster
    Mardu Banner
    Weave Fate
    Rugged Highlands
--> Chief of the Scale
    Nomad Outpost
    Bloodsoaked Champion
    Swamp

Pack 2 pick 3:
    Sagu Archer
    Kill Shot
    Barrage of Boulders
    Woolly Loxodon
    Kheru Dreadmaw
    Krumar Bond-Kin
    Singing Bell Strike
    Thornwood Falls
    Efreet Weaponmaster
    Blinding Spray
--> Chief of the Scale
    Seeker of the Way
    Plains

Pack 2 pick 4:
    Shatter
    Tusked Colossodon
    Erase
    Mardu Warshrieker
    Kheru Dreadmaw
    Abomination of Gudul
    Mardu Banner
    Treasure Cruise
--> Swarm of Bloodflies
    Incremental Growth
    Despise
    Island

Pack 2 pick 5:
    Erase
    Tormenting Voice
    Longshot Squad
--> Shambling Attendants
    Abomination of Gudul
    Temur Banner
    Mardu Blazebringer
    Tomb of the Spirit Dragon
    Sultai Soothsayer
    Altar of the Brood
    Mountain

Pack 2 pick 6:
    Canyon Lurkers
    Mardu Hateblade
    Leaping Master
    Scout the Borders
    Bloodfell Caves
    Molting Snakeskin
    Scaldkin
--> Timely Hordemate
    Mardu Roughrider
    Forest

Pack 2 pick 7:
--> Act of Treason
    Trumpet Blast
    Mystic of the Hidden Way
    Molting Snakeskin
    Lens of Clarity
    Snowhorn Rider
    Mardu Banner
    Master the Way
    Island

Pack 2 pick 8:
    Naturalize
    War Behemoth
--> Mardu Hateblade
    Valley Dasher
    Krumar Bond-Kin
    Briber's Purse
    Witness of the Ages
    Swamp

Pack 2 pick 9:
    Ainok Tracker
    Naturalize
    Cancel
--> Krumar Bond-Kin
    Efreet Weaponmaster
    Abzan Banner
    Mountain

Pack 2 pick 10:
    Feed the Clan
--> Kill Shot
    Cancel
    Efreet Weaponmaster
    Mardu Banner
    Swamp

Pack 2 pick 11:
    Kheru Dreadmaw
    Singing Bell Strike
    Efreet Weaponmaster
--> Blinding Spray
    Plains

Pack 2 pick 12:
    Erase
    Kheru Dreadmaw
--> Mardu Banner
    Island

Pack 2 pick 13:
    Erase
--> Temur Banner
    Mountain

Pack 2 pick 14:
--> Leaping Master
    Forest

Pack 2 pick 15:
--> Island

------ KTK ------ 

Pack 3 pick 1:
    Awaken the Bear
--> Mardu Hordechief
    Swift Kick
    Wetland Sambar
    Mardu Skullhunter
    Mardu Roughrider
    Leaping Master
    Archers' Parapet
    Whirlwind Adept
    Molting Snakeskin
    Seek the Horizon
    Death Frenzy
    Set Adrift
    Flooded Strand
    Forest

Pack 3 pick 2:
    Sage-Eye Harrier
    Mardu Warshrieker
    Feed the Clan
    Jeskai Student
    Scaldkin
    Sultai Scavenger
    Throttle
    Blossoming Sands
    Abzan Guide
    Venerable Lammasu
    Blinding Spray
    Ride Down
--> Bloodsoaked Champion
    Mountain

Pack 3 pick 3:
    Canyon Lurkers
    Longshot Squad
    Defiant Strike
    Act of Treason
    Mystic of the Hidden Way
    Krumar Bond-Kin
    Singing Bell Strike
    Molting Snakeskin
--> Throttle
    Blossoming Sands
    Gurmag Swiftwing
    Rakshasa Vizier
    Mountain

Pack 3 pick 4:
    Jeskai Student
    Barrage of Boulders
    Savage Punch
    Unyielding Krumar
    Smite the Monstrous
    Valley Dasher
    Scout the Borders
    Dismal Backwater
    Rakshasa's Secret
    Monastery Flock
--> Chief of the Edge
    Island

Pack 3 pick 5:
    Trumpet Blast
    Hooting Mandrills
--> Alabaster Kirin
    Summit Prowler
    Sidisi's Pet
    Crippling Chill
    Temur Banner
    Rite of the Serpent
    Abomination of Gudul
    Stubborn Denial
    Mountain

Pack 3 pick 6:
    Barrage of Boulders
    Salt Road Patrol
    Canyon Lurkers
    Jeskai Banner
    Rite of the Serpent
    Rugged Highlands
    Quiet Contemplation
--> Take Up Arms
    Kheru Lich Lord
    Swamp

Pack 3 pick 7:
    Tormenting Voice
    Swiftwater Cliffs
    Disowned Ancestor
--> Rush of Battle
    Bloodfire Mentor
    Monastery Flock
    Sidisi's Pet
    Avalanche Tusker
    Forest

Pack 3 pick 8:
    Longshot Squad
--> Sage-Eye Harrier
    Mardu Warshrieker
    Feed the Clan
    Abzan Banner
    Wind-Scarred Crag
    Mardu Ascendancy
    Mountain

Pack 3 pick 9:
    Swift Kick
    Whirlwind Adept
    Molting Snakeskin
    Seek the Horizon
--> Death Frenzy
    Set Adrift
    Forest

Pack 3 pick 10:
    Sage-Eye Harrier
    Feed the Clan
--> Jeskai Student
    Venerable Lammasu
    Blinding Spray
    Mountain

Pack 3 pick 11:
    Defiant Strike
--> Act of Treason
    Singing Bell Strike
    Rakshasa Vizier
    Mountain

Pack 3 pick 12:
--> Jeskai Student
    Barrage of Boulders
    Valley Dasher
    Island

Pack 3 pick 13:
--> Summit Prowler
    Temur Banner
    Mountain

Pack 3 pick 14:
--> Jeskai Banner
    Swamp

Pack 3 pick 15:
--> Forest

