Event #: 8057609
Time:    3/7/2015 9:42:20 PM
Players:
    skunkmonk
    Reader
--> malthrin
    Yeffeh
    Tseh
    JByrd141
    jgabb033
    devillock76

------ FRF ------ 

Pack 1 pick 1:
    Typhoid Rats
    Grim Contest
    Dragon Bell Monk
    Rakshasa's Disdain
    Frontier Mastodon
    Alesha's Vanguard
    Defiant Ogre
    Whisperer of the Wilds
    Collateral Damage
    Temur Runemark
    Dark Deal
    Abzan Kin-Guard
    Pyrotechnics
--> Mardu Strike Leader
    Rugged Highlands

Pack 1 pick 2:
    Ethereal Ambush
    Dragon Bell Monk
--> Enhanced Awareness
    Gurmag Angler
    Refocus
    Soul Summons
    Great-Horn Krushok
    Frontier Mastodon
    Defiant Ogre
    Battlefront Krushok
    Shifting Loyalties
    Jeskai Barricade
    Scroll of the Masters
    Scoured Barrens

Pack 1 pick 3:
    Ethereal Ambush
    Abzan Advantage
    Refocus
    Hooded Assassin
    Abzan Skycaptain
    Enhanced Awareness
    Great-Horn Krushok
    Goblin Heelcutter
    Ambush Krotiq
    Gore Swine
    Sudden Reclamation
--> Pyrotechnics
    Wind-Scarred Crag

Pack 1 pick 4:
    Ancestral Vengeance
    Cunning Strike
    Abzan Runemark
    Ainok Guide
    Alesha's Vanguard
--> Gore Swine
    Whisperer of the Wilds
    Mardu Runemark
    Ambush Krotiq
    Diplomacy of the Wastes
    Ruthless Instincts
    Friendly Fire

Pack 1 pick 5:
    Harsh Sustenance
--> Wildcall
    Sultai Emissary
    Jeskai Runemark
    Formless Nurturing
    Tasigur's Cruelty
    Temur Battle Rage
    Return to the Earth
    Marang River Prowler
    Sage's Reverie
    Blossoming Sands

Pack 1 pick 6:
    Ancestral Vengeance
    War Flare
    Soul Summons
    Sultai Skullkeeper
    Reach of Shadows
    Smoldering Efreet
    Mardu Runemark
    Marang River Prowler
    Orc Sureshot
--> Rageform

Pack 1 pick 7:
    Abzan Advantage
    Will of the Naga
    Sultai Runemark
    Abzan Runemark
    Map the Wastes
    Return to the Earth
--> Ainok Guide
    Dark Deal
    Crucible of the Spirit Dragon

Pack 1 pick 8:
    Ethereal Ambush
    Abzan Advantage
    Refocus
    Enhanced Awareness
    Great-Horn Krushok
    Ambush Krotiq
--> Gore Swine
    Shifting Loyalties

Pack 1 pick 9:
    Rakshasa's Disdain
    Frontier Mastodon
    Alesha's Vanguard
    Defiant Ogre
--> Whisperer of the Wilds
    Temur Runemark
    Dark Deal

Pack 1 pick 10:
    Gurmag Angler
    Great-Horn Krushok
--> Frontier Mastodon
    Defiant Ogre
    Shifting Loyalties
    Scroll of the Masters

Pack 1 pick 11:
    Refocus
    Enhanced Awareness
    Great-Horn Krushok
--> Ambush Krotiq
    Sudden Reclamation

Pack 1 pick 12:
    Ancestral Vengeance
--> Ambush Krotiq
    Diplomacy of the Wastes
    Friendly Fire

Pack 1 pick 13:
    Jeskai Runemark
--> Formless Nurturing
    Tasigur's Cruelty

Pack 1 pick 14:
    Ancestral Vengeance
--> Sultai Skullkeeper

Pack 1 pick 15:
--> Dark Deal

------ KTK ------ 

Pack 2 pick 1:
    Barrage of Boulders
    Siegecraft
    Embodiment of Spring
    Mardu Skullhunter
    Mardu Hateblade
    Leaping Master
    Scout the Borders
    Bloodfell Caves
    Disdainful Stroke
    Sidisi's Pet
    Mystic Monastery
    Tomb of the Spirit Dragon
--> Temur Charger
    Kheru Spellsnatcher
    Swamp

Pack 2 pick 2:
    Sage-Eye Harrier
    Trumpet Blast
--> Hooting Mandrills
    Alabaster Kirin
    Monastery Flock
    Bitter Revelation
    Throttle
    Wind-Scarred Crag
    Ponyback Brigade
    Weave Fate
    Riverwheel Aerialists
    Mardu Blazebringer
    Nomad Outpost
    Plains

Pack 2 pick 3:
    Temur Banner
    Smoke Teller
    Mardu Hordechief
    Ainok Tracker
    Shambling Attendants
    Mardu Banner
    Throttle
    Ponyback Brigade
    Sandsteppe Citadel
    Gurmag Swiftwing
--> Heir of the Wilds
    Ankle Shanker
    Forest

Pack 2 pick 4:
    Canyon Lurkers
    Longshot Squad
    Defiant Strike
    Debilitating Injury
    Whirlwind Adept
    Throttle
    Wind-Scarred Crag
    Ponyback Brigade
    Weave Fate
    Kin-Tree Invocation
--> Temur Charger
    Island

Pack 2 pick 5:
    Erase
    Tormenting Voice
--> Longshot Squad
    Sage-Eye Harrier
    Krumar Bond-Kin
    Temur Banner
    Jungle Hollow
    Abomination of Gudul
    Mardu Banner
    Murderous Cut
    Island

Pack 2 pick 6:
--> Longshot Squad
    Sage-Eye Harrier
    Shambling Attendants
    Monastery Flock
    Jeskai Banner
    Weave Fate
    Sandsteppe Citadel
    Seek the Horizon
    Secret Plans
    Island

Pack 2 pick 7:
    Smoke Teller
    Dismal Backwater
    Sultai Banner
    Disowned Ancestor
    Siegecraft
    Rotting Mastodon
    Cranial Archive
--> Bellowing Saddlebrute
    Forest

Pack 2 pick 8:
    Trumpet Blast
    Tormenting Voice
    Singing Bell Strike
    Shambling Attendants
    Temur Banner
--> Wind-Scarred Crag
    Mardu Charm
    Swamp

Pack 2 pick 9:
    Siegecraft
    Mardu Skullhunter
    Mardu Hateblade
    Scout the Borders
--> Bloodfell Caves
    Tomb of the Spirit Dragon
    Swamp

Pack 2 pick 10:
    Bitter Revelation
--> Throttle
    Ponyback Brigade
    Weave Fate
    Mardu Blazebringer
    Plains

Pack 2 pick 11:
--> Smoke Teller
    Shambling Attendants
    Mardu Banner
    Ponyback Brigade
    Forest

Pack 2 pick 12:
--> Debilitating Injury
    Throttle
    Weave Fate
    Island

Pack 2 pick 13:
--> Krumar Bond-Kin
    Temur Banner
    Island

Pack 2 pick 14:
--> Seek the Horizon
    Island

Pack 2 pick 15:
--> Forest

------ KTK ------ 

Pack 3 pick 1:
    Shatter
--> Awaken the Bear
    Mardu Hordechief
    Swift Kick
    Taigam's Scheming
    Dutiful Return
    Jeskai Banner
    Rite of the Serpent
    Rugged Highlands
    Abomination of Gudul
    Chief of the Edge
    Hordeling Outburst
    Heart-Piercer Bow
    Bloodstained Mire
    Mountain

Pack 3 pick 2:
    Mardu Hordechief
    Ainok Tracker
    Naturalize
    Jeskai Student
    Dutiful Return
    Whirlwind Adept
    Abomination of Gudul
    Abzan Banner
    Treasure Cruise
    Rugged Highlands
--> Incremental Growth
    Jeskai Charm
    Tomb of the Spirit Dragon
    Swamp

Pack 3 pick 3:
    Mardu Warshrieker
    Feed the Clan
    Jeskai Student
    Smite the Monstrous
    Bloodfire Mentor
    Archers' Parapet
    Swiftwater Cliffs
    Crippling Chill
    Rakshasa's Secret
--> Ruthless Ripper
    Death Frenzy
    Watcher of the Roost
    Forest

Pack 3 pick 4:
    Tusked Colossodon
    Erase
    Smoke Teller
    Sultai Scavenger
    Taigam's Scheming
    Temur Banner
    Rite of the Serpent
    Thornwood Falls
    Venerable Lammasu
    Sultai Soothsayer
--> Heir of the Wilds
    Swamp

Pack 3 pick 5:
    Naturalize
    Jeskai Student
    Summit Prowler
    Sagu Archer
    Molting Snakeskin
    Taigam's Scheming
    Jeskai Banner
    Weave Fate
--> Abzan Guide
    Chief of the Scale
    Swamp

Pack 3 pick 6:
    Tusked Colossodon
    Sage-Eye Harrier
    Trumpet Blast
    Sultai Scavenger
    Abzan Guide
    Jeskai Banner
    Rite of the Serpent
    Sultai Flayer
--> Bellowing Saddlebrute
    Mountain

Pack 3 pick 7:
    War Behemoth
    Swift Kick
--> Awaken the Bear
    Shambling Attendants
    Treasure Cruise
    Efreet Weaponmaster
    Abzan Banner
    Set Adrift
    Forest

Pack 3 pick 8:
--> Alpine Grizzly
    Bitter Revelation
    Singing Bell Strike
    Mardu Banner
    Throttle
    Thornwood Falls
    Ponyback Brigade
    Forest

Pack 3 pick 9:
    Shatter
    Swift Kick
    Taigam's Scheming
    Jeskai Banner
--> Rite of the Serpent
    Heart-Piercer Bow
    Mountain

Pack 3 pick 10:
    Naturalize
    Dutiful Return
    Abzan Banner
--> Treasure Cruise
    Tomb of the Spirit Dragon
    Swamp

Pack 3 pick 11:
    Feed the Clan
--> Jeskai Student
    Smite the Monstrous
    Rakshasa's Secret
    Forest

Pack 3 pick 12:
--> Smoke Teller
    Temur Banner
    Rite of the Serpent
    Swamp

Pack 3 pick 13:
    Taigam's Scheming
--> Jeskai Banner
    Swamp

Pack 3 pick 14:
--> Tusked Colossodon
    Mountain

Pack 3 pick 15:
--> Forest

