Event #: 8067345
Time:    3/10/2015 11:25:41 PM
Players:
    Walking_Planes
    S4mmich
    amjacobs
--> osufanatic64
    11hour
    Demonmoree
    Meddling_Pest
    Swill

------ FRF ------ 

Pack 1 pick 1:
    Abzan Skycaptain
    Jeskai Runemark
    Douse in Gloom
    War Flare
    Arashin Cleric
    Whisk Away
    Feral Krushok
    Great-Horn Krushok
    Bathe in Dragonfire
    Frontier Mastodon
    Battlefront Krushok
    Cloudform
    Sage's Reverie
--> Soulflayer
    Wind-Scarred Crag

Pack 1 pick 2:
    Refocus
    Hooded Assassin
    Abzan Skycaptain
    Enhanced Awareness
    Typhoid Rats
    Grim Contest
    Goblin Heelcutter
    Map the Wastes
    Collateral Damage
    Formless Nurturing
--> Orc Sureshot
    Wardscale Dragon
    Dragonrage
    Tranquil Cove

Pack 1 pick 3:
    War Flare
    Soul Summons
    Sultai Skullkeeper
    Reach of Shadows
--> Harsh Sustenance
    Pressure Point
    Great-Horn Krushok
    Ambush Krotiq
    Gore Swine
    Rite of Undoing
    Diplomacy of the Wastes
    Goblin Boom Keg
    Swiftwater Cliffs

Pack 1 pick 4:
    Sibsig Host
    Sultai Skullkeeper
    Sultai Runemark
    Hooded Assassin
    Defiant Ogre
    Ainok Guide
    Alesha's Vanguard
    Gore Swine
    Dark Deal
    Shockmaw Dragon
--> Temporal Trespass
    Dismal Backwater

Pack 1 pick 5:
    Arashin Cleric
    Typhoid Rats
    Ethereal Ambush
--> Whisperer of the Wilds
    Collateral Damage
    Temur Runemark
    Write into Being
    Winds of Qal Sisma
    Mindscour Dragon
    Lotus-Eye Mystics
    Bloodfell Caves

Pack 1 pick 6:
    Cunning Strike
--> Arashin Cleric
    Archers of Qarsi
    Ethereal Ambush
    Collateral Damage
    Temur Runemark
    Write into Being
    Fruit of the First Tree
    Arcbond
    Rugged Highlands

Pack 1 pick 7:
    Grim Contest
    Aven Skirmisher
    Sultai Emissary
--> Harsh Sustenance
    Return to the Earth
    Archers of Qarsi
    Fierce Invocation
    Sibsig Muckdraggers
    Hero's Blade

Pack 1 pick 8:
    Enhanced Awareness
--> Gurmag Angler
    Refocus
    Ancestral Vengeance
    Map the Wastes
    Lightning Shrieker
    Renowned Weaponsmith
    Sibsig Muckdraggers

Pack 1 pick 9:
--> Arashin Cleric
    Whisk Away
    Feral Krushok
    Great-Horn Krushok
    Frontier Mastodon
    Battlefront Krushok
    Sage's Reverie

Pack 1 pick 10:
    Refocus
--> Hooded Assassin
    Enhanced Awareness
    Map the Wastes
    Formless Nurturing
    Dragonrage

Pack 1 pick 11:
    Great-Horn Krushok
    Ambush Krotiq
    Rite of Undoing
--> Diplomacy of the Wastes
    Goblin Boom Keg

Pack 1 pick 12:
    Sibsig Host
    Sultai Runemark
    Defiant Ogre
--> Alesha's Vanguard

Pack 1 pick 13:
--> Arashin Cleric
    Ethereal Ambush
    Temur Runemark

Pack 1 pick 14:
--> Archers of Qarsi
    Temur Runemark

Pack 1 pick 15:
--> Archers of Qarsi

------ KTK ------ 

Pack 2 pick 1:
    Sage-Eye Harrier
    Trumpet Blast
    Hooting Mandrills
    Leaping Master
    Archers' Parapet
    Tranquil Cove
    Unyielding Krumar
    Sultai Banner
    Krumar Bond-Kin
    Taigam's Scheming
--> Chief of the Edge
    Secret Plans
    Watcher of the Roost
    Jeskai Ascendancy
    Plains

Pack 2 pick 2:
    Shatter
    Tusked Colossodon
    Erase
    Mardu Warshrieker
--> Herald of Anafenza
    Glacial Stalker
    Jeskai Banner
    Rite of the Serpent
    Rugged Highlands
    Abomination of Gudul
    Briber's Purse
    Mystic Monastery
    Bear's Companion
    Island

Pack 2 pick 3:
    War Behemoth
    Swift Kick
    Awaken the Bear
    Rakshasa's Secret
    Monastery Flock
    Abzan Guide
    Temur Banner
    Jungle Hollow
    Abomination of Gudul
    Brave the Sands
    Sultai Soothsayer
--> Surrak Dragonclaw
    Forest

Pack 2 pick 4:
--> Alabaster Kirin
    Summit Prowler
    Feed the Clan
    Debilitating Injury
    Whirlwind Adept
    Efreet Weaponmaster
    Lens of Clarity
    Blossoming Sands
    Snowhorn Rider
    Sultai Charm
    Heart-Piercer Bow
    Swamp

Pack 2 pick 5:
    Swift Kick
    Hooting Mandrills
    Salt Road Patrol
    Act of Treason
--> Abzan Guide
    Jeskai Banner
    Rite of the Serpent
    Rugged Highlands
    Dazzling Ramparts
    Windstorm
    Plains

Pack 2 pick 6:
    Jeskai Student
    Sagu Archer
    Dutiful Return
    Disdainful Stroke
    Throttle
--> Blossoming Sands
    Abzan Guide
    Abzan Banner
    Witness of the Ages
    Plains

Pack 2 pick 7:
    Act of Treason
    Defiant Strike
    Trumpet Blast
    Singing Bell Strike
    Mardu Banner
    Thornwood Falls
    Goblinslide
--> Brave the Sands
    Mountain

Pack 2 pick 8:
--> War Behemoth
    Bloodfire Expert
    Leaping Master
    Scout the Borders
    Jeskai Windscout
    Whirlwind Adept
    Dragon Throne of Tarkir
    Swamp

Pack 2 pick 9:
--> Sage-Eye Harrier
    Leaping Master
    Unyielding Krumar
    Sultai Banner
    Taigam's Scheming
    Secret Plans
    Plains

Pack 2 pick 10:
    Shatter
    Tusked Colossodon
    Erase
    Jeskai Banner
--> Rite of the Serpent
    Island

Pack 2 pick 11:
    Awaken the Bear
    Rakshasa's Secret
    Temur Banner
--> Brave the Sands
    Forest

Pack 2 pick 12:
--> Feed the Clan
    Lens of Clarity
    Heart-Piercer Bow
    Swamp

Pack 2 pick 13:
    Jeskai Banner
--> Windstorm
    Plains

Pack 2 pick 14:
--> Abzan Banner
    Plains

Pack 2 pick 15:
--> Mountain

------ KTK ------ 

Pack 3 pick 1:
    Ainok Bond-Kin
    Bloodfire Expert
    Sagu Archer
    Feat of Resistance
    Kheru Dreadmaw
    Cancel
    Wind-Scarred Crag
    Ponyback Brigade
    Weave Fate
    Jungle Hollow
    Sandsteppe Citadel
--> Gurmag Swiftwing
    Nomad Outpost
    Wooded Foothills
    Mountain

Pack 3 pick 2:
    Alpine Grizzly
    Erase
    Tormenting Voice
    Longshot Squad
    Molting Snakeskin
    Taigam's Scheming
    Weave Fate
    Rugged Highlands
    Snowhorn Rider
    Jeskai Banner
--> Kin-Tree Invocation
    Frontier Bivouac
    Heir of the Wilds
    Forest

Pack 3 pick 3:
    Woolly Loxodon
    Defiant Strike
    Trumpet Blast
    Bloodfire Mentor
    Archers' Parapet
    Swiftwater Cliffs
    Embodiment of Spring
--> Mardu Skullhunter
    Sidisi's Pet
    Glacial Stalker
    Temur Charm
    War-Name Aspirant
    Island

Pack 3 pick 4:
    Mardu Warshrieker
    Feed the Clan
    Dismal Backwater
    Sultai Banner
--> Disowned Ancestor
    Siegecraft
    Molting Snakeskin
    Glacial Stalker
    Cranial Archive
    Sultai Soothsayer
    Retribution of the Ancients
    Mountain

Pack 3 pick 5:
    Mardu Hordechief
    Swift Kick
    Hooting Mandrills
    Raiders' Spoils
    Dutiful Return
    Kheru Dreadmaw
    Temur Banner
--> Jungle Hollow
    Sandsteppe Citadel
    Kheru Bloodsucker
    Island

Pack 3 pick 6:
    Canyon Lurkers
    Longshot Squad
    Defiant Strike
    Bloodfire Mentor
    Highland Game
    Dismal Backwater
    Dutiful Return
--> Opulent Palace
    Raiders' Spoils
    Forest

Pack 3 pick 7:
    Erase
    Longshot Squad
--> Sage-Eye Harrier
    Dutiful Return
    Rugged Highlands
    Snowhorn Rider
    Jeskai Banner
    Waterwhirl
    Island

Pack 3 pick 8:
    Ainok Tracker
    Naturalize
    Summit Prowler
    Rakshasa's Secret
--> Abzan Banner
    Rite of the Serpent
    Efreet Weaponmaster
    Plains

Pack 3 pick 9:
    Bloodfire Expert
    Sagu Archer
    Kheru Dreadmaw
    Cancel
    Weave Fate
--> Sandsteppe Citadel
    Mountain

Pack 3 pick 10:
--> Longshot Squad
    Molting Snakeskin
    Taigam's Scheming
    Snowhorn Rider
    Jeskai Banner
    Forest

Pack 3 pick 11:
    Bloodfire Mentor
    Embodiment of Spring
    Sidisi's Pet
--> Temur Charm
    Island

Pack 3 pick 12:
    Sultai Banner
--> Molting Snakeskin
    Retribution of the Ancients
    Mountain

Pack 3 pick 13:
--> Kheru Dreadmaw
    Temur Banner
    Island

Pack 3 pick 14:
--> Highland Game
    Forest

Pack 3 pick 15:
--> Island

