Event #: 8081690
Time:    3/15/2015 7:42:52 PM
Players:
    merrickrius
--> osufanatic64
    Aelion
    PainAndDespair
    peace8.0
    MarcusWylde
    ZeusET
    Rubicon5

------ FRF ------ 

Pack 1 pick 1:
    Cunning Strike
    Arashin Cleric
    Aven Surveyor
    Typhoid Rats
    Ethereal Ambush
    Dragon Bell Monk
    Smoldering Efreet
    Hunt the Weak
    Mardu Runemark
    Formless Nurturing
    Cached Defenses
--> Vaultbreaker
    Goblin Boom Keg
    Crucible of the Spirit Dragon
    Thornwood Falls

Pack 1 pick 2:
    Jeskai Runemark
    Douse in Gloom
    War Flare
    Arashin Cleric
    Whisk Away
    Gore Swine
--> Whisperer of the Wilds
    Mardu Runemark
    Ambush Krotiq
    Write into Being
    Break Through the Line
    Mardu Woe-Reaper
    Scroll of the Masters
    Thornwood Falls

Pack 1 pick 3:
    Jeskai Runemark
    War Flare
    Arashin Cleric
    Whisk Away
    Gore Swine
--> Whisperer of the Wilds
    Mardu Runemark
    Ambush Krotiq
    Write into Being
    Arashin War Beast
    Neutralizing Blast
    Pilgrim of the Fires
    Swiftwater Cliffs

Pack 1 pick 4:
--> Dragon Bell Monk
    Rakshasa's Disdain
    Abzan Advantage
    Will of the Naga
    Sultai Runemark
    Lightning Shrieker
    Archers of Qarsi
    Smoldering Efreet
    Return to the Earth
    Dark Deal
    Hewed Stone Retainers
    Bloodfell Caves

Pack 1 pick 5:
    Lotus Path Djinn
    Sultai Emissary
    Harsh Sustenance
    Abzan Skycaptain
    Frontier Mastodon
    Defiant Ogre
--> Ainok Guide
    Alesha's Vanguard
    Gore Swine
    Noxious Dragon
    Swiftwater Cliffs

Pack 1 pick 6:
    Refocus
    Enhanced Awareness
    Grim Contest
    Tasigur's Cruelty
    Feral Krushok
    Lightning Shrieker
    Arashin War Beast
    Shifting Loyalties
    Hungering Yeti
--> Rugged Highlands

Pack 1 pick 7:
    Rakshasa's Disdain
    Abzan Advantage
    Sultai Runemark
    Archers of Qarsi
    Smoldering Efreet
    Return to the Earth
    Great-Horn Krushok
--> Sudden Reclamation
    Rally the Ancestors

Pack 1 pick 8:
    Abzan Runemark
    Rakshasa's Disdain
--> Grim Contest
    Archers of Qarsi
    Fierce Invocation
    Feral Krushok
    Fearsome Awakening
    Renowned Weaponsmith

Pack 1 pick 9:
    Cunning Strike
    Ethereal Ambush
    Smoldering Efreet
    Mardu Runemark
    Formless Nurturing
--> Cached Defenses
    Crucible of the Spirit Dragon

Pack 1 pick 10:
    Jeskai Runemark
    Whisk Away
--> Gore Swine
    Mardu Runemark
    Ambush Krotiq
    Scroll of the Masters

Pack 1 pick 11:
    Jeskai Runemark
    Ambush Krotiq
--> Arashin War Beast
    Neutralizing Blast
    Pilgrim of the Fires

Pack 1 pick 12:
    Rakshasa's Disdain
--> Sultai Runemark
    Archers of Qarsi
    Dark Deal

Pack 1 pick 13:
    Sultai Emissary
    Defiant Ogre
--> Gore Swine

Pack 1 pick 14:
--> Lightning Shrieker
    Arashin War Beast

Pack 1 pick 15:
--> Great-Horn Krushok

------ KTK ------ 

Pack 2 pick 1:
    Naturalize
    War Behemoth
    Bloodfire Expert
    Tranquil Cove
    Unyielding Krumar
    Sultai Banner
    Firehoof Cavalry
    Arrow Storm
    Dutiful Return
    Crippling Chill
    Roar of Challenge
--> Temur Charm
    Take Up Arms
    Deflecting Palm
    Island

Pack 2 pick 2:
    Erase
    Mardu Warshrieker
    Smoke Teller
    Mardu Hordechief
    Disdainful Stroke
    Sultai Scavenger
    Abzan Banner
    Treasure Cruise
    Rugged Highlands
    Efreet Weaponmaster
    Stubborn Denial
--> Tuskguard Captain
    Heart-Piercer Bow
    Plains

Pack 2 pick 3:
    Act of Treason
    Woolly Loxodon
    Defiant Strike
    Trumpet Blast
    Scaldkin
    Bitter Revelation
    Ponyback Brigade
    Temur Banner
    Rite of the Serpent
--> Thornwood Falls
    Incremental Growth
    Warden of the Eye
    Forest

Pack 2 pick 4:
    Ainok Tracker
    Smoke Teller
    Scout the Borders
    Jeskai Windscout
    Lens of Clarity
    Firehoof Cavalry
    Disdainful Stroke
    Sidisi's Pet
    Gurmag Swiftwing
--> Sultai Flayer
    Witness of the Ages
    Plains

Pack 2 pick 5:
    Ainok Tracker
    Naturalize
    Summit Prowler
    Taigam's Scheming
    Dutiful Return
    Lens of Clarity
    Blossoming Sands
    Snowhorn Rider
    Mardu Banner
--> Pine Walker
    Island

Pack 2 pick 6:
    Shatter
--> Swift Kick
    Scaldkin
    Throttle
    Blossoming Sands
    Abzan Guide
    Abzan Banner
    Blinding Spray
    Windstorm
    Island

Pack 2 pick 7:
    Feed the Clan
    Jeskai Student
    Barrage of Boulders
--> Savage Punch
    Monastery Flock
    Sidisi's Pet
    Thornwood Falls
    Abzan Banner
    Forest

Pack 2 pick 8:
    Salt Road Patrol
    Rakshasa's Secret
    Temur Banner
--> Abomination of Gudul
    Mardu Banner
    Cranial Archive
    Retribution of the Ancients
    Plains

Pack 2 pick 9:
    Naturalize
    War Behemoth
    Sultai Banner
    Firehoof Cavalry
    Dutiful Return
--> Roar of Challenge
    Island

Pack 2 pick 10:
    Erase
    Smoke Teller
    Efreet Weaponmaster
--> Stubborn Denial
    Heart-Piercer Bow
    Plains

Pack 2 pick 11:
--> Woolly Loxodon
    Scaldkin
    Temur Banner
    Rite of the Serpent
    Forest

Pack 2 pick 12:
--> Scout the Borders
    Lens of Clarity
    Witness of the Ages
    Plains

Pack 2 pick 13:
--> Taigam's Scheming
    Lens of Clarity
    Island

Pack 2 pick 14:
--> Windstorm
    Island

Pack 2 pick 15:
--> Forest

------ KTK ------ 

Pack 3 pick 1:
    Mardu Hordechief
    Swift Kick
    Hooting Mandrills
    Salt Road Patrol
    Singing Bell Strike
    Molting Snakeskin
--> Rugged Highlands
    Snowhorn Rider
    Jeskai Banner
    Blossoming Sands
    Mystic Monastery
    Gurmag Swiftwing
    Death Frenzy
    Kheru Lich Lord
    Mountain

Pack 3 pick 2:
    Salt Road Patrol
    Canyon Lurkers
--> Alpine Grizzly
    Erase
    Glacial Stalker
    Bitter Revelation
    Weave Fate
    Wind-Scarred Crag
    Abzan Guide
    Temur Banner
    Dragon Grip
    Mistfire Weaver
    Sultai Soothsayer
    Plains

Pack 3 pick 3:
    Tormenting Voice
    Naturalize
    War Behemoth
    Bloodfire Expert
    Sidisi's Pet
    Snowhorn Rider
    Jeskai Banner
    Blossoming Sands
    Ponyback Brigade
    Become Immense
--> Frontier Bivouac
    Mardu Roughrider
    Mountain

Pack 3 pick 4:
    Mardu Hordechief
    Naturalize
    Jeskai Student
    Scaldkin
    Jeskai Banner
--> Weave Fate
    Wind-Scarred Crag
    Abzan Guide
    Chief of the Edge
    Abzan Battle Priest
    Dead Drop
    Plains

Pack 3 pick 5:
    Savage Punch
    Ainok Bond-Kin
    Shatter
    Tusked Colossodon
    Crippling Chill
    Rotting Mastodon
    Temur Banner
    Rite of the Serpent
--> Thornwood Falls
    Jeskai Elder
    Swamp

Pack 3 pick 6:
    Erase
    Tormenting Voice
    Longshot Squad
    Monastery Flock
    Dutiful Return
--> Disdainful Stroke
    Shambling Attendants
    Thornwood Falls
    Waterwhirl
    Forest

Pack 3 pick 7:
    Erase
    Smoke Teller
    Kin-Tree Warden
    Jeskai Windscout
--> Highland Game
    Krumar Bond-Kin
    Singing Bell Strike
    Timely Hordemate
    Swamp

Pack 3 pick 8:
--> Barrage of Boulders
    Taigam's Scheming
    Rotting Mastodon
    Efreet Weaponmaster
    Abzan Banner
    Stubborn Denial
    Set Adrift
    Island

Pack 3 pick 9:
    Swift Kick
    Salt Road Patrol
--> Singing Bell Strike
    Molting Snakeskin
    Jeskai Banner
    Kheru Lich Lord
    Mountain

Pack 3 pick 10:
    Salt Road Patrol
    Erase
    Temur Banner
--> Dragon Grip
    Sultai Soothsayer
    Plains

Pack 3 pick 11:
    Tormenting Voice
    Naturalize
    Jeskai Banner
--> Become Immense
    Mountain

Pack 3 pick 12:
--> Naturalize
    Scaldkin
    Jeskai Banner
    Plains

Pack 3 pick 13:
    Shatter
--> Tusked Colossodon
    Swamp

Pack 3 pick 14:
--> Dutiful Return
    Forest

Pack 3 pick 15:
--> Erase

