Event #: 8082279
Time:    3/15/2015 11:32:32 PM
Players:
    FangoftheSol
    wolfmanking16
    Zecheus
    hannaford88
--> osufanatic64
    awesomeest
    hamsammiches
    Valkilmer

------ FRF ------ 

Pack 1 pick 1:
    Rakshasa's Disdain
    Reach of Shadows
    Grim Contest
    Aven Skirmisher
    Lotus Path Djinn
    Archers of Qarsi
    Fierce Invocation
    Feral Krushok
    Great-Horn Krushok
    Bathe in Dragonfire
    Marang River Prowler
    Goblin Boom Keg
    Valorous Stance
--> Dromoka, the Eternal
    Wooded Foothills

Pack 1 pick 2:
    Abzan Advantage
    Will of the Naga
    Sultai Runemark
    Abzan Runemark
    Aven Surveyor
--> Sandsteppe Outcast
    Smoldering Efreet
    Return to the Earth
    Great-Horn Krushok
    Goblin Heelcutter
    Reality Shift
    Grave Strength
    Hungering Yeti
    Thornwood Falls

Pack 1 pick 3:
    Sibsig Host
    Cunning Strike
    Arashin Cleric
    Aven Surveyor
--> Typhoid Rats
    Ethereal Ambush
    Write into Being
    Bathe in Dragonfire
    Map the Wastes
    Lightning Shrieker
    Fascination
    Orc Sureshot
    Swiftwater Cliffs

Pack 1 pick 4:
    Grim Contest
--> Dragon Bell Monk
    Rakshasa's Disdain
    Gurmag Angler
    Fierce Invocation
    Temur Runemark
    Tasigur's Cruelty
    Mardu Scout
    Feral Krushok
    Lightning Shrieker
    Wardscale Dragon
    Dismal Backwater

Pack 1 pick 5:
    Will of the Naga
    Ancestral Vengeance
    Cunning Strike
    Abzan Runemark
    Mardu Runemark
--> Formless Nurturing
    Temur Battle Rage
    Return to the Earth
    Mardu Scout
    Fearsome Awakening
    Swiftwater Cliffs

Pack 1 pick 6:
    Abzan Skycaptain
    Jeskai Runemark
    War Flare
    Frontier Mastodon
    Defiant Ogre
    Ainok Guide
    Alesha's Vanguard
    Mardu Shadowspear
--> Destructor Dragon
    Blossoming Sands

Pack 1 pick 7:
    Ethereal Ambush
    Abzan Advantage
    Refocus
    Abzan Skycaptain
    Enhanced Awareness
    Formless Nurturing
    Temur Battle Rage
    Neutralizing Blast
--> Blossoming Sands

Pack 1 pick 8:
    Sibsig Host
    Sultai Skullkeeper
    Sultai Runemark
--> Alesha's Vanguard
    Mardu Runemark
    Sudden Reclamation
    Hero's Blade
    Scroll of the Masters

Pack 1 pick 9:
    Rakshasa's Disdain
--> Grim Contest
    Archers of Qarsi
    Fierce Invocation
    Feral Krushok
    Great-Horn Krushok
    Goblin Boom Keg

Pack 1 pick 10:
    Sultai Runemark
--> Abzan Runemark
    Smoldering Efreet
    Return to the Earth
    Great-Horn Krushok
    Grave Strength

Pack 1 pick 11:
    Sibsig Host
--> Arashin Cleric
    Ethereal Ambush
    Lightning Shrieker
    Fascination

Pack 1 pick 12:
    Temur Runemark
    Tasigur's Cruelty
--> Feral Krushok
    Lightning Shrieker

Pack 1 pick 13:
    Ancestral Vengeance
--> Abzan Runemark
    Mardu Runemark

Pack 1 pick 14:
    Defiant Ogre
--> Ainok Guide

Pack 1 pick 15:
--> Refocus

------ KTK ------ 

Pack 2 pick 1:
    Salt Road Patrol
    Act of Treason
    Woolly Loxodon
    Arrow Storm
    Kin-Tree Warden
    Swiftwater Cliffs
    Jeskai Windscout
    Disowned Ancestor
    Cancel
    Debilitating Injury
    Burn Away
    Seeker of the Way
    Highspire Mantis
--> Sorin, Solemn Visitor
    Forest

Pack 2 pick 2:
    Alpine Grizzly
    Alabaster Kirin
    Tormenting Voice
    Naturalize
    Monastery Flock
    Dutiful Return
--> Jungle Hollow
    Abzan Guide
    Jeskai Banner
    Rite of the Serpent
    Master the Way
    Arc Lightning
    Jeskai Elder
    Swamp

Pack 2 pick 3:
    Defiant Strike
    Trumpet Blast
    Rush of Battle
    Bloodfire Mentor
    Leaping Master
    Dismal Backwater
    Mardu Hateblade
    Glacial Stalker
    Rakshasa's Secret
    Scion of Glaciers
    Mardu Roughrider
--> Tuskguard Captain
    Plains

Pack 2 pick 4:
    Bloodfire Expert
    Sagu Archer
    Dragonscale Boon
    Bloodfell Caves
    Wetland Sambar
    Mardu Skullhunter
    Rush of Battle
    Krumar Bond-Kin
--> Sandsteppe Citadel
    Seek the Horizon
    Witness of the Ages
    Forest

Pack 2 pick 5:
    Woolly Loxodon
    Salt Road Patrol
    Canyon Lurkers
--> Dragonscale Boon
    Tranquil Cove
    Wetland Sambar
    Siegecraft
    Bring Low
    Taigam's Scheming
    Dutiful Return
    Plains

Pack 2 pick 6:
    War Behemoth
    Embodiment of Spring
    Mardu Hateblade
    Leaping Master
    Scout the Borders
    Rotting Mastodon
    Cancel
--> Tuskguard Captain
    Sultai Soothsayer
    Plains

Pack 2 pick 7:
    Canyon Lurkers
    Rush of Battle
--> Highland Game
    Dismal Backwater
    Mardu Hateblade
    Rotting Mastodon
    Singing Bell Strike
    Despise
    Swamp

Pack 2 pick 8:
    Awaken the Bear
    Swift Kick
--> Shambling Attendants
    Set Adrift
    Abomination of Gudul
    Abzan Banner
    Deflecting Palm
    Mountain

Pack 2 pick 9:
    Salt Road Patrol
    Act of Treason
    Arrow Storm
    Kin-Tree Warden
    Cancel
--> Debilitating Injury
    Forest

Pack 2 pick 10:
    Naturalize
    Monastery Flock
    Dutiful Return
    Rite of the Serpent
--> Master the Way
    Swamp

Pack 2 pick 11:
    Bloodfire Mentor
    Leaping Master
--> Rakshasa's Secret
    Scion of Glaciers
    Plains

Pack 2 pick 12:
--> Sagu Archer
    Bloodfell Caves
    Seek the Horizon
    Forest

Pack 2 pick 13:
--> Siegecraft
    Taigam's Scheming
    Plains

Pack 2 pick 14:
--> Rotting Mastodon
    Plains

Pack 2 pick 15:
--> Swamp

------ KTK ------ 

Pack 3 pick 1:
    Ainok Bond-Kin
    Shatter
    Tusked Colossodon
    Erase
    Mystic of the Hidden Way
    Molting Snakeskin
    Taigam's Scheming
    Rotting Mastodon
    Rugged Highlands
    Abomination of Gudul
    Sultai Flayer
    Bellowing Saddlebrute
    Suspension Field
--> Rakshasa Deathdealer
    Plains

Pack 3 pick 2:
    Tormenting Voice
--> Longshot Squad
    Sage-Eye Harrier
    Dragonscale Boon
    Bloodfell Caves
    Wetland Sambar
    Mardu Skullhunter
    Rush of Battle
    Rakshasa's Secret
    Monastery Flock
    Goblinslide
    Brave the Sands
    Temur Charger
    Island

Pack 3 pick 3:
    Salt Road Patrol
    Canyon Lurkers
    Alpine Grizzly
    Erase
    Disdainful Stroke
    Sidisi's Pet
    Glacial Stalker
--> Blossoming Sands
    Abzan Guide
    Cranial Archive
    Quiet Contemplation
    Sultai Ascendancy
    Plains

Pack 3 pick 4:
    Defiant Strike
    Trumpet Blast
    Kin-Tree Warden
    Smite the Monstrous
    Bloodfire Mentor
--> Archers' Parapet
    Swiftwater Cliffs
    Krumar Bond-Kin
    Taigam's Scheming
    Riverwheel Aerialists
    Mardu Blazebringer
    Plains

Pack 3 pick 5:
    Tormenting Voice
    Leaping Master
    Archers' Parapet
    Unyielding Krumar
    Sultai Banner
    Firehoof Cavalry
    Dutiful Return
    Disdainful Stroke
--> Kheru Bloodsucker
    Villainous Wealth
    Mountain

Pack 3 pick 6:
    Ainok Tracker
    Naturalize
--> Jeskai Student
    Kheru Dreadmaw
    Temur Banner
    Snowhorn Rider
    Hordeling Outburst
    Brave the Sands
    Waterwhirl
    Plains

Pack 3 pick 7:
    War Behemoth
--> Dragonscale Boon
    Tranquil Cove
    Wetland Sambar
    Siegecraft
    Bring Low
    Disdainful Stroke
    Heart-Piercer Bow
    Plains

Pack 3 pick 8:
    Shatter
    Lens of Clarity
    Firehoof Cavalry
    Bring Low
--> Sultai Scavenger
    Force Away
    Venerable Lammasu
    Swamp

Pack 3 pick 9:
    Shatter
    Tusked Colossodon
    Erase
--> Molting Snakeskin
    Taigam's Scheming
    Rotting Mastodon
    Plains

Pack 3 pick 10:
    Sage-Eye Harrier
--> Dragonscale Boon
    Monastery Flock
    Goblinslide
    Brave the Sands
    Island

Pack 3 pick 11:
--> Salt Road Patrol
    Sidisi's Pet
    Cranial Archive
    Quiet Contemplation
    Plains

Pack 3 pick 12:
--> Bloodfire Mentor
    Taigam's Scheming
    Mardu Blazebringer
    Plains

Pack 3 pick 13:
    Sultai Banner
--> Dutiful Return
    Mountain

Pack 3 pick 14:
--> Ainok Tracker
    Temur Banner

Pack 3 pick 15:
--> Plains

