Event #: 8084404
Time:    3/16/2015 7:40:15 PM
Players:
    ShadowDoc
    Goldenfaith
    BuddhaBob74
    Bravialork
    Greenbean
--> osufanatic64
    Steneto
    debanad

------ FRF ------ 

Pack 1 pick 1:
    Hooded Assassin
    Pressure Point
    Aven Skirmisher
    Lotus Path Djinn
    Douse in Gloom
    Ethereal Ambush
    Archers of Qarsi
    Fierce Invocation
    Feral Krushok
    Great-Horn Krushok
    Cloudform
    Dark Deal
    Ugin's Construct
--> Arcbond
    Tranquil Cove

Pack 1 pick 2:
    Whisk Away
    Sultai Emissary
    Jeskai Runemark
    Sandblast
    Jeskai Sage
    Temur Runemark
    Tasigur's Cruelty
--> Mardu Scout
    Feral Krushok
    Lightning Shrieker
    Diplomacy of the Wastes
    Winds of Qal Sisma
    Jeskai Barricade
    Rugged Highlands

Pack 1 pick 3:
    Ancestral Vengeance
--> Cunning Strike
    Abzan Runemark
    Rakshasa's Disdain
    Reach of Shadows
    Grim Contest
    Alesha's Vanguard
    Defiant Ogre
    Whisperer of the Wilds
    Collateral Damage
    Sibsig Muckdraggers
    Arashin War Beast
    Bloodfell Caves

Pack 1 pick 4:
    Sibsig Host
    Sultai Skullkeeper
    Sultai Runemark
    Jeskai Sage
    Formless Nurturing
    Tasigur's Cruelty
    Temur Battle Rage
    Return to the Earth
    Mardu Scout
    Marang River Prowler
--> Mardu Shadowspear
    Dismal Backwater

Pack 1 pick 5:
    Soul Summons
    Sultai Skullkeeper
    Harsh Sustenance
    Collateral Damage
    Abzan Kin-Guard
    Hunt the Weak
    Fierce Invocation
    Sibsig Muckdraggers
    Arashin War Beast
--> Arcbond
    Scoured Barrens

Pack 1 pick 6:
    Dragon Bell Monk
    Enhanced Awareness
    Gurmag Angler
    Refocus
--> Soul Summons
    Ambush Krotiq
    Frontier Mastodon
    Neutralizing Blast
    Ugin's Construct
    Sage's Reverie

Pack 1 pick 7:
    Arashin Cleric
    Whisk Away
    Lightning Shrieker
    Ainok Guide
    Hunt the Weak
    Mardu Runemark
    Dark Deal
    Dragonrage
--> Bloodfell Caves

Pack 1 pick 8:
    Sultai Skullkeeper
    Pressure Point
    Collateral Damage
    Formless Nurturing
--> Temur Battle Rage
    Hunt the Weak
    Fierce Invocation
    Hero's Blade

Pack 1 pick 9:
--> Hooded Assassin
    Ethereal Ambush
    Archers of Qarsi
    Fierce Invocation
    Feral Krushok
    Great-Horn Krushok
    Dark Deal

Pack 1 pick 10:
    Jeskai Runemark
    Temur Runemark
    Tasigur's Cruelty
    Feral Krushok
--> Lightning Shrieker
    Diplomacy of the Wastes

Pack 1 pick 11:
    Ancestral Vengeance
    Abzan Runemark
    Rakshasa's Disdain
--> Alesha's Vanguard
    Defiant Ogre

Pack 1 pick 12:
    Sibsig Host
    Sultai Skullkeeper
--> Sultai Runemark
    Return to the Earth

Pack 1 pick 13:
--> Soul Summons
    Fierce Invocation
    Arashin War Beast

Pack 1 pick 14:
    Ambush Krotiq
--> Sage's Reverie

Pack 1 pick 15:
--> Lightning Shrieker

------ KTK ------ 

Pack 2 pick 1:
    Sagu Archer
    Kill Shot
    Valley Dasher
    Scout the Borders
    Dismal Backwater
    Sultai Banner
    Disowned Ancestor
    Siegecraft
    Monastery Flock
    Sidisi's Pet
    Cranial Archive
    Armament Corps
    Suspension Field
--> Dragon-Style Twins
    Plains

Pack 2 pick 2:
    Savage Punch
    War Behemoth
    Swift Kick
    Awaken the Bear
    Force Away
    Dutiful Return
    Crippling Chill
    Kheru Dreadmaw
    Snowhorn Rider
    Jeskai Banner
--> Mardu Charm
    Tomb of the Spirit Dragon
    Kheru Spellsnatcher
    Island

Pack 2 pick 3:
    Alabaster Kirin
    Naturalize
    War Behemoth
    Force Away
    Kheru Dreadmaw
    Cancel
    Krumar Bond-Kin
    Snowhorn Rider
    Smoke Teller
    Armament Corps
    Heart-Piercer Bow
--> Mardu Roughrider
    Island

Pack 2 pick 4:
    Defiant Strike
    Act of Treason
--> Disowned Ancestor
    Rush of Battle
    Bloodfire Mentor
    Highland Game
    Dismal Backwater
    Singing Bell Strike
    Molting Snakeskin
    Master the Way
    Howl of the Horde
    Forest

Pack 2 pick 5:
    Shatter
    Awaken the Bear
    Swiftwater Cliffs
    Timely Hordemate
--> Mardu Skullhunter
    Leaping Master
    Disdainful Stroke
    Shambling Attendants
    Horde Ambusher
    Hardened Scales
    Forest

Pack 2 pick 6:
    Tusked Colossodon
    Sage-Eye Harrier
    Trumpet Blast
    Scaldkin
--> Ponyback Brigade
    Temur Banner
    Rite of the Serpent
    Jeskai Charm
    Rakshasa Vizier
    Swamp

Pack 2 pick 7:
    Naturalize
--> Jeskai Student
    Summit Prowler
    Highland Game
    Embodiment of Spring
    Unyielding Krumar
    Smite the Monstrous
    Goblinslide
    Island

Pack 2 pick 8:
    Tormenting Voice
    Naturalize
    War Behemoth
--> Bloodfire Expert
    Disdainful Stroke
    Temur Banner
    Dragon's Eye Savants
    Swamp

Pack 2 pick 9:
    Sagu Archer
    Scout the Borders
--> Disowned Ancestor
    Siegecraft
    Monastery Flock
    Cranial Archive
    Plains

Pack 2 pick 10:
--> Swift Kick
    Kheru Dreadmaw
    Snowhorn Rider
    Jeskai Banner
    Tomb of the Spirit Dragon
    Island

Pack 2 pick 11:
    Naturalize
--> War Behemoth
    Kheru Dreadmaw
    Smoke Teller
    Island

Pack 2 pick 12:
    Bloodfire Mentor
    Molting Snakeskin
--> Howl of the Horde
    Forest

Pack 2 pick 13:
    Shatter
--> Leaping Master
    Forest

Pack 2 pick 14:
--> Scaldkin
    Swamp

Pack 2 pick 15:
--> Island

------ KTK ------ 

Pack 3 pick 1:
    Act of Treason
    Woolly Loxodon
    Bring Low
    Kin-Tree Warden
--> Scoured Barrens
    Abzan Ascendancy
    Bloodfire Mentor
    Archers' Parapet
    Force Away
    Rakshasa's Secret
    Briber's Purse
    Highspire Mantis
    Quiet Contemplation
    Ivorytusk Fortress
    Forest

Pack 3 pick 2:
    Bloodfire Expert
    Sagu Archer
    Disowned Ancestor
--> Rush of Battle
    Bloodfire Mentor
    Highland Game
    Dismal Backwater
    Mardu Hateblade
    Scaldkin
    Sultai Scavenger
    Master the Way
    Watcher of the Roost
    Empty the Pits
    Swamp

Pack 3 pick 3:
    Shatter
    Awaken the Bear
    Whirlwind Adept
    Kheru Dreadmaw
--> Ponyback Brigade
    Weave Fate
    Jungle Hollow
    Abzan Guide
    Kin-Tree Invocation
    Mistfire Weaver
    Temur Charger
    Retribution of the Ancients
    Swamp

Pack 3 pick 4:
    Swift Kick
    Hooting Mandrills
    Salt Road Patrol
    Dragonscale Boon
    Tranquil Cove
    Wetland Sambar
    Siegecraft
    Monastery Flock
--> Bitter Revelation
    Sultai Flayer
    Bellowing Saddlebrute
    Mountain

Pack 3 pick 5:
    Sage-Eye Harrier
    Rush of Battle
    Tranquil Cove
    Unyielding Krumar
    Sultai Banner
    Whirlwind Adept
    Rotting Mastodon
    Dazzling Ramparts
    Raiders' Spoils
--> Flying Crane Technique
    Swamp

Pack 3 pick 6:
    Ainok Tracker
    Smoke Teller
    Firehoof Cavalry
    Kin-Tree Warden
    Jeskai Windscout
    Glacial Stalker
    Abzan Charm
    Heart-Piercer Bow
--> Necropolis Fiend
    Mountain

Pack 3 pick 7:
    Swift Kick
    Scout the Borders
    Jeskai Windscout
    Lens of Clarity
--> Firehoof Cavalry
    Mystic of the Hidden Way
    Plains
    Bear's Companion
    Swamp

Pack 3 pick 8:
--> Barrage of Boulders
    Canyon Lurkers
    Scaldkin
    Krumar Bond-Kin
    Abzan Banner
    Rite of the Serpent
    Gurmag Swiftwing
    Island

Pack 3 pick 9:
    Kin-Tree Warden
--> Bloodfire Mentor
    Force Away
    Rakshasa's Secret
    Briber's Purse
    Quiet Contemplation
    Forest

Pack 3 pick 10:
    Sagu Archer
--> Disowned Ancestor
    Bloodfire Mentor
    Highland Game
    Scaldkin
    Swamp

Pack 3 pick 11:
    Shatter
--> Whirlwind Adept
    Kheru Dreadmaw
    Retribution of the Ancients
    Swamp

Pack 3 pick 12:
--> Swift Kick
    Wetland Sambar
    Siegecraft
    Mountain

Pack 3 pick 13:
--> Whirlwind Adept
    Rotting Mastodon
    Swamp

Pack 3 pick 14:
--> Smoke Teller
    Mountain

Pack 3 pick 15:
--> Swamp

