Event #: 8095433
Time:    3/20/2015 3:48:56 PM
Players:
    callmepris
    fingo
    Jay24
    smuhennos
--> Uhen
    Moe Sizlak
    Madmanole
    maniactilt24

------ C00 ------ 

Pack 1 pick 1:
    Kor Skyfisher
    Wrath of God
    Kira, Great Glass-Spinner
--> Jace Beleren
    Vampire Nighthawk
    Entomb
    Mogg Fanatic
    Manic Vandal
    Sakura-Tribe Elder
    Tooth and Nail
    Nightveil Specter
    Kiora, the Crashing Wave
    Necromancy
    Avenger of Zendikar
    Gitaxian Probe

Pack 1 pick 2:
    Spectral Procession
    Land Tax
    Frost Titan
    Preordain
    Captivating Vampire
    Doom Blade
    Goblin Guide
    Form of the Dragon
    Chameleon Colossus
    Harmonize
--> Emrakul, the Aeons Torn
    Fire/Ice
    Thran Dynamo
    Tangle Wire

Pack 1 pick 3:
    Sublime Archangel
    Terminus
    Miscalculation
    Blood Artist
--> Reanimate
    Hero of Oxid Ridge
    Rift Bolt
    Nature's Lore
    Drowned Catacomb
    Anger of the Gods
    Shivan Reef
    Dragonskull Summit
    Arid Mesa

Pack 1 pick 4:
    Eight-and-a-Half-Tails
    Leonin Relic-Warder
    Tradewind Rider
    Guul Draz Vampire
    Ashcloud Phoenix
    Burst Lightning
    Troll Ascetic
    Sphere of the Suns
    Tropical Island
    Volcanic Island
    Bonesplitter
--> Gifts Ungiven

Pack 1 pick 5:
    Frontline Medic
    Keiga, the Tide Star
    Massacre Wurm
--> Unburial Rites
    Thundermaw Hellkite
    Bonfire of the Damned
    Thrun, the Last Troll
    Primal Command
    Archangel of Thune
    Temple of Silence
    Terminate

Pack 1 pick 6:
    Martial Coup
    Meloku the Clouded Mirror
--> Into the Roil
    Krenko's Command
    Empty the Warrens
    Garruk, Caller of Beasts
    Everflowing Chalice
    Temple of Plenty
    Relic of Progenitus
    Assemble the Legion

Pack 1 pick 7:
    Raise the Alarm
    Glorious Anthem
    Hypnotic Specter
    Ultimate Price
    Mogg War Marshal
    Stoke the Flames
    Rishadan Port
--> Blood Crypt
    Lightning Helix

Pack 1 pick 8:
    Yosei, the Morning Star
    Unexpectedly Absent
    Go for the Throat
    Zealous Conscripts
    Garruk Relentless
--> Baleful Strix
    Gerrard's Verdict
    Vraska the Unseen

Pack 1 pick 9:
    Kor Skyfisher
    Vampire Nighthawk
    Mogg Fanatic
    Manic Vandal
    Tooth and Nail
--> Necromancy
    Gitaxian Probe

Pack 1 pick 10:
    Spectral Procession
    Land Tax
    Captivating Vampire
--> Goblin Guide
    Form of the Dragon
    Tangle Wire

Pack 1 pick 11:
    Sublime Archangel
    Blood Artist
    Hero of Oxid Ridge
    Rift Bolt
--> Dragonskull Summit

Pack 1 pick 12:
--> Eight-and-a-Half-Tails
    Leonin Relic-Warder
    Guul Draz Vampire
    Bonesplitter

Pack 1 pick 13:
    Frontline Medic
--> Massacre Wurm
    Terminate

Pack 1 pick 14:
    Empty the Warrens
--> Relic of Progenitus

Pack 1 pick 15:
--> Raise the Alarm

------ C00 ------ 

Pack 2 pick 1:
    Seeker of the Way
    Spear of Heliod
    Talrand, Sky Summoner
    Flickerwisp
    Dark Impostor
    Damnation
    Frenzied Goblin
    Seal of Fire
    Fyndhorn Elves
    Green Sun's Zenith
    Karplusan Forest
    Misty Rainforest
    Malicious Affliction
--> Coalition Relic
    Overgrown Tomb

Pack 2 pick 2:
    Silverblade Paladin
    Condemn
--> Mulldrifter
    Dismiss
    Gatekeeper of Malakir
    Chainer's Edict
    Kiln Fiend
    Call of the Herd
    Voyaging Satyr
    Huntmaster of the Fells
    Reflecting Pool
    Ral Zarek
    Tundra
    Garruk, Apex Predator

Pack 2 pick 3:
    Reveillark
    Dictate of Heliod
    Wood Elves
    Bloodlord of Vaasgoth
    Underworld Connections
    Goblin Bushwhacker
    Staggershock
    Explore
--> Polluted Delta
    City of Brass
    Ratchet Bomb
    Basilisk Collar
    Winter Orb

Pack 2 pick 4:
    Precinct Captain
    Council's Judgment
    Chasm Skulker
    Remove Soul
    Gravecrawler
    Slaughter Pact
    Dualcaster Mage
    Act of Aggression
--> Life from the Loam
    Madcap Skills
    Kolaghan, the Storm's Fury
    Plateau

Pack 2 pick 5:
    Hallowed Spiritkeeper
    Man-o'-War
--> Compulsive Research
    Anowon, the Ruin Sage
    River Boa
    Bloodcrazed Neonate
    Overrun
    Linvala, Keeper of Silence
    Godless Shrine
    Badlands
    Dissipate

Pack 2 pick 6:
    Champion of the Parish
    Daze
    Vampire Nocturnus
    Disfigure
    Mizzium Mortars
    Regrowth
    Kami of Ancient Law
    Nykthos, Shrine to Nyx
--> Scalding Tarn
    Grafted Wargear

Pack 2 pick 7:
    Wall of Omens
    Cyclonic Rift
    Inquisition of Kozilek
    Young Pyromancer
    Devil's Play
    Doomed Traveler
    Attrition
--> Basalt Monolith
    Temple of Malady

Pack 2 pick 8:
    Thalia, Guardian of Thraben
    Herald of Torment
    Consuming Vapors
--> Bogardan Hellkite
    Wickerbough Elder
    Eternal Dragon
    Shardless Agent
    Brago, King Eternal

Pack 2 pick 9:
    Seeker of the Way
    Spear of Heliod
    Flickerwisp
    Dark Impostor
    Frenzied Goblin
    Malicious Affliction
--> Overgrown Tomb

Pack 2 pick 10:
    Silverblade Paladin
    Condemn
    Gatekeeper of Malakir
--> Chainer's Edict
    Kiln Fiend
    Call of the Herd

Pack 2 pick 11:
--> Reveillark
    Bloodlord of Vaasgoth
    Underworld Connections
    Goblin Bushwhacker
    Basilisk Collar

Pack 2 pick 12:
    Precinct Captain
    Gravecrawler
--> Act of Aggression
    Madcap Skills

Pack 2 pick 13:
    Hallowed Spiritkeeper
    Anowon, the Ruin Sage
--> River Boa

Pack 2 pick 14:
--> Champion of the Parish
    Vampire Nocturnus

Pack 2 pick 15:
--> Doomed Traveler

------ C00 ------ 

Pack 3 pick 1:
    Accorder Paladin
    Honor of the Pure
--> Consecrated Sphinx
    Taurean Mauler
    Geralf's Messenger
    Dismember
    Scorched Rusalka
    Magma Jet
    Wild Mongrel
    Beast Within
    Karn Liberated
    Marsh Flats
    Kitchen Finks
    Detention Sphere
    Isochron Scepter

Pack 3 pick 2:
    Isamaru, Hound of Konda
    Windbrisk Heights
    Coralhelm Commander
    Condescend
--> Pack Rat
    Whip of Erebos
    Monastery Swiftspear
    Sarkhan, the Dragonspeaker
    Yavimaya Elder
    Birthing Pod
    Psychatog
    Isolated Chapel
    Blade of the Bloodchief
    Time Warp

Pack 3 pick 3:
    Elite Vanguard
    Elspeth Tirel
    Thassa, God of the Sea
    Bident of Thassa
    Pain Seer
--> Duress
    Firefist Striker
    Chandra, Pyromaster
    Scavenging Ooze
    Ulamog, the Infinite Gyre
    Brushland
    Craterhoof Behemoth
    Llanowar Wastes

Pack 3 pick 4:
    Brimaz, King of Oreskos
    Angelic Destiny
    Thieving Magpie
    Future Sight
--> Nekrataal
    Crux of Fate
    Spikeshot Elder
    Char
    Angel of Serenity
    Fires of Yavimaya
    Kiora's Follower
    Falkenrath Aristocrat

Pack 3 pick 5:
    Day of Judgment
    Serendib Efreet
    Necropolis Regent
    Lingering Souls
    Kiki-Jiki, Mirror Breaker
    Elixir of Immortality
    Bloodbraid Elf
    Mishra's Factory
    Spellskite
--> Woodfall Primus
    Boros Reckoner

Pack 3 pick 6:
    Hero of Bladehold
    Ajani, Caller of the Pride
    Remand
    Sheoldred, Whispering One
    Murderous Cut
    Chandra Nalaar
    Through the Breach
--> Scrubland
    Temple Garden
    Æther Vial

Pack 3 pick 7:
    Baneslayer Angel
    Fiend Hunter
    Opposition
--> Exhume
    Rampaging Baloths
    Far/Away
    Trygon Predator
    Izzet Charm
    Geist of Saint Traft

Pack 3 pick 8:
    Sun Titan
    Teferi, Mage of Zhalfir
    Desecration Demon
    Profane Command
    Lightning Strike
    Chord of Calling
    Temple of Malice
--> Spell Pierce

Pack 3 pick 9:
    Accorder Paladin
    Honor of the Pure
    Taurean Mauler
    Geralf's Messenger
    Scorched Rusalka
--> Beast Within
    Isochron Scepter

Pack 3 pick 10:
    Isamaru, Hound of Konda
    Coralhelm Commander
    Whip of Erebos
    Monastery Swiftspear
--> Psychatog
    Blade of the Bloodchief

Pack 3 pick 11:
    Elite Vanguard
    Bident of Thassa
    Pain Seer
    Firefist Striker
--> Craterhoof Behemoth

Pack 3 pick 12:
--> Future Sight
    Spikeshot Elder
    Fires of Yavimaya
    Falkenrath Aristocrat

Pack 3 pick 13:
    Necropolis Regent
--> Elixir of Immortality
    Boros Reckoner

Pack 3 pick 14:
--> Chandra Nalaar
    Æther Vial

Pack 3 pick 15:
--> Fiend Hunter

