Event #: 8099167
Time:    3/21/2015 11:36:35 PM
Players:
    PAJETFAN89
--> osufanatic64
    arihiko
    Ien Daor
    mutestar21
    hccga
    WortownMadman
    Chipicy

------ FRF ------ 

Pack 1 pick 1:
    Reach of Shadows
    Grim Contest
    Aven Skirmisher
    Lotus Path Djinn
    Sultai Emissary
    Harsh Sustenance
    Smoldering Efreet
    Temur Runemark
    Tasigur's Cruelty
    Mardu Scout
    Arashin War Beast
--> Lightform
    Pyrotechnics
    Temporal Trespass
    Thornwood Falls

Pack 1 pick 2:
    Typhoid Rats
    Ethereal Ambush
    Dragon Bell Monk
    Enhanced Awareness
    Gurmag Angler
    Refocus
--> Goblin Heelcutter
    Map the Wastes
    Collateral Damage
    Formless Nurturing
    Renowned Weaponsmith
    Friendly Fire
    Ugin's Construct
    Thornwood Falls

Pack 1 pick 3:
    Enhanced Awareness
    Typhoid Rats
    Grim Contest
    Rakshasa's Disdain
    Gurmag Angler
    Ainok Guide
    Sandsteppe Outcast
    Smoldering Efreet
    Hunt the Weak
--> Cloudform
    Merciless Executioner
    Temur War Shaman
    Jungle Hollow

Pack 1 pick 4:
    Enhanced Awareness
    Typhoid Rats
    Grim Contest
    Rakshasa's Disdain
    Gurmag Angler
    Ainok Guide
--> Sandsteppe Outcast
    Smoldering Efreet
    Hunt the Weak
    Marang River Prowler
    Mardu Shadowspear
    Jungle Hollow

Pack 1 pick 5:
    Soul Summons
    Will of the Naga
    Rugged Highlands
    Cunning Strike
    Abzan Runemark
    Rakshasa's Disdain
    Formless Nurturing
--> Temur Battle Rage
    Hunt the Weak
    Grave Strength
    Scoured Barrens

Pack 1 pick 6:
    Arashin Cleric
    Sibsig Host
    Sultai Skullkeeper
    Ambush Krotiq
    Frontier Mastodon
    Alesha's Vanguard
    Defiant Ogre
    Sudden Reclamation
    Hero's Blade
--> Jeskai Barricade

Pack 1 pick 7:
    Sultai Runemark
    Pressure Point
    Aven Skirmisher
    Whisperer of the Wilds
    Collateral Damage
    Temur Runemark
--> Write into Being
    Abzan Kin-Guard
    Hewed Stone Retainers

Pack 1 pick 8:
    Abzan Advantage
--> Will of the Naga
    Sultai Runemark
    Abzan Runemark
    Ancestral Vengeance
    Mardu Runemark
    Formless Nurturing
    Tasigur's Cruelty

Pack 1 pick 9:
    Grim Contest
--> Aven Skirmisher
    Smoldering Efreet
    Temur Runemark
    Tasigur's Cruelty
    Arashin War Beast
    Thornwood Falls

Pack 1 pick 10:
    Ethereal Ambush
--> Enhanced Awareness
    Map the Wastes
    Collateral Damage
    Formless Nurturing
    Friendly Fire

Pack 1 pick 11:
    Enhanced Awareness
--> Typhoid Rats
    Grim Contest
    Ainok Guide
    Smoldering Efreet

Pack 1 pick 12:
    Enhanced Awareness
--> Rakshasa's Disdain
    Smoldering Efreet
    Jungle Hollow

Pack 1 pick 13:
    Will of the Naga
--> Rakshasa's Disdain
    Grave Strength

Pack 1 pick 14:
--> Sibsig Host
    Ambush Krotiq

Pack 1 pick 15:
--> Temur Runemark

------ KTK ------ 

Pack 2 pick 1:
    Erase
    Mardu Warshrieker
    Smoke Teller
    Bring Low
    Kin-Tree Warden
    Scoured Barrens
    Smite the Monstrous
    Bloodfire Mentor
    Kheru Dreadmaw
    Cancel
    Jeskai Charm
    Windstorm
    Dead Drop
--> Siege Rhino
    Mountain

Pack 2 pick 2:
    Alabaster Kirin
    Summit Prowler
    Feed the Clan
--> Kill Shot
    Mystic of the Hidden Way
    Krumar Bond-Kin
    Temur Banner
    Treasure Cruise
    Wind-Scarred Crag
    Snowhorn Rider
    Brave the Sands
    Heart-Piercer Bow
    Rakshasa Vizier
    Forest

Pack 2 pick 3:
    Swift Kick
    Awaken the Bear
--> Feat of Resistance
    Firehoof Cavalry
    Bring Low
    Scoured Barrens
    Embodiment of Spring
    Rakshasa's Secret
    Mystic of the Hidden Way
    Riverwheel Aerialists
    Mardu Blazebringer
    Ride Down
    Island

Pack 2 pick 4:
    Savage Punch
    Shatter
    Tusked Colossodon
    Debilitating Injury
    Force Away
    Rugged Highlands
    Snowhorn Rider
    Swiftwater Cliffs
--> Blossoming Sands
    Set Adrift
    Hardened Scales
    Swamp

Pack 2 pick 5:
    Tusked Colossodon
    Sage-Eye Harrier
    Trumpet Blast
    Unyielding Krumar
    Smite the Monstrous
    Valley Dasher
    Scout the Borders
    Rotting Mastodon
--> Disdainful Stroke
    Cranial Archive
    Island

Pack 2 pick 6:
    Naturalize
    Jeskai Student
    Summit Prowler
    Sagu Archer
    Taigam's Scheming
    Dutiful Return
    Whirlwind Adept
    Molting Snakeskin
--> Jeskai Charm
    Plains

Pack 2 pick 7:
    Sage-Eye Harrier
    Mardu Warshrieker
    Feed the Clan
    Leaping Master
    Scout the Borders
    Lens of Clarity
    Kheru Dreadmaw
--> Mystic Monastery
    Island

Pack 2 pick 8:
    Bloodfire Expert
    Sagu Archer
--> Feat of Resistance
    Molting Snakeskin
    Glacial Stalker
    Mardu Banner
    Treasure Cruise
    Plains

Pack 2 pick 9:
    Erase
--> Bring Low
    Smite the Monstrous
    Bloodfire Mentor
    Kheru Dreadmaw
    Cancel
    Mountain

Pack 2 pick 10:
    Summit Prowler
    Feed the Clan
    Temur Banner
--> Snowhorn Rider
    Heart-Piercer Bow
    Forest

Pack 2 pick 11:
    Swift Kick
    Firehoof Cavalry
    Bring Low
--> Mardu Blazebringer
    Island

Pack 2 pick 12:
    Shatter
    Tusked Colossodon
--> Set Adrift
    Swamp

Pack 2 pick 13:
    Unyielding Krumar
--> Cranial Archive
    Island

Pack 2 pick 14:
--> Naturalize
    Plains

Pack 2 pick 15:
--> Island

------ KTK ------ 

Pack 3 pick 1:
    Barrage of Boulders
    Savage Punch
    War Behemoth
    Scout the Borders
    Bloodfell Caves
    Jeskai Windscout
    Lens of Clarity
    Firehoof Cavalry
    Taigam's Scheming
    Debilitating Injury
    Sultai Flayer
    Bellowing Saddlebrute
    Frontier Bivouac
--> Sage of the Inward Eye
    Forest

Pack 3 pick 2:
--> Feat of Resistance
    Canyon Lurkers
    Longshot Squad
    Defiant Strike
    Cancel
    Sultai Scavenger
    Jeskai Banner
    Rite of the Serpent
    Rugged Highlands
    Abomination of Gudul
    Briber's Purse
    Jeskai Elder
    Altar of the Brood
    Swamp

Pack 3 pick 3:
    Ainok Tracker
    Smoke Teller
    Bloodfire Expert
--> Singing Bell Strike
    Molting Snakeskin
    Scaldkin
    Bitter Revelation
    Throttle
    Blossoming Sands
    Riverwheel Aerialists
    Sultai Soothsayer
    Duneblast
    Plains

Pack 3 pick 4:
    Defiant Strike
    Trumpet Blast
    Alpine Grizzly
    Shambling Attendants
    Mystic of the Hidden Way
    Jungle Hollow
--> Efreet Weaponmaster
    Mardu Banner
    Weave Fate
    Scion of Glaciers
    Sultai Charm
    Island

Pack 3 pick 5:
--> Alabaster Kirin
    Summit Prowler
    Feed the Clan
    Sultai Scavenger
    Whirlwind Adept
    Temur Banner
    Jungle Hollow
    Abomination of Gudul
    Roar of Challenge
    Horde Ambusher
    Plains

Pack 3 pick 6:
    Alpine Grizzly
    Erase
    Tormenting Voice
    Longshot Squad
    Shambling Attendants
    Whirlwind Adept
    Lens of Clarity
    Dragon Grip
--> Frontier Bivouac
    Swamp

Pack 3 pick 7:
--> Canyon Lurkers
    Defiant Strike
    Act of Treason
    Sidisi's Pet
    Jeskai Banner
    Weave Fate
    Venerable Lammasu
    Blinding Spray
    Plains

Pack 3 pick 8:
    Sultai Banner
    Firehoof Cavalry
    Kin-Tree Warden
    Dutiful Return
--> Disdainful Stroke
    Goblinslide
    Quiet Contemplation
    Plains

Pack 3 pick 9:
    Barrage of Boulders
    Scout the Borders
    Lens of Clarity
    Firehoof Cavalry
    Taigam's Scheming
--> Frontier Bivouac
    Forest

Pack 3 pick 10:
    Cancel
    Jeskai Banner
    Abomination of Gudul
    Briber's Purse
--> Altar of the Brood
    Swamp

Pack 3 pick 11:
    Smoke Teller
    Molting Snakeskin
--> Scaldkin
    Blossoming Sands
    Plains

Pack 3 pick 12:
--> Alpine Grizzly
    Shambling Attendants
    Mardu Banner
    Island

Pack 3 pick 13:
--> Feed the Clan
    Temur Banner
    Plains

Pack 3 pick 14:
--> Lens of Clarity
    Swamp

Pack 3 pick 15:
--> Plains

