Event #: 8114587
Time:    28/03/2015 10:43:36 PM
Players:
    6trl
--> Orehcro
    Ofelia
    maciej kornobis
    Niwu
    KO_Mak
    jacksad
    Mr_Walls

------ FRF ------ 

Pack 1 pick 1:
    Ethereal Ambush
    Dragon Bell Monk
    Enhanced Awareness
    Gurmag Angler
    Refocus
    Soul Summons
    Temur Battle Rage
    Return to the Earth
    Mardu Scout
    Archers of Qarsi
    Battlefront Krushok
    Cloudform
    Ugin's Construct
--> Atarka, World Render
    Swiftwater Cliffs

Pack 1 pick 2:
    Ethereal Ambush
    Dragon Bell Monk
    Enhanced Awareness
    Gurmag Angler
    Refocus
    Soul Summons
    Temur Battle Rage
    Return to the Earth
    Mardu Scout
    Archers of Qarsi
--> Temur Sabertooth
    Fascination
    Wardscale Dragon
    Wind-Scarred Crag

