Event #: 8122757
Time:    3/31/2015 2:07:17 PM
Players:
    dumbo21
    AokiJaro
    dba2673
    amboss2
    Psavo
--> jcs0140
    Busterino
    mr_tolkien

------ C00 ------ 

Pack 1 pick 1:
    Silverblade Paladin
--> Elspeth, Knight-Errant
    Looter il-Kor
    Cyclonic Rift
    Nekrataal
    Living Death
    Goblin Bushwhacker
    Hammer of Purphoros
    Indrik Stomphowler
    Search for Tomorrow
    Kami of Ancient Law
    Caves of Koilos
    Qasali Pridemage
    Flooded Strand
    Temple of Triumph

Pack 1 pick 2:
    Gather the Townsfolk
    Condemn
    Kira, Great Glass-Spinner
    Vampire Nocturnus
    Slaughter Pact
    Mogg Fanatic
    Sarkhan, the Dragonspeaker
    Elvish Mystic
    Voyaging Satyr
    Watery Grave
    Reflecting Pool
    Malicious Affliction
--> Brago, King Eternal
    Garruk, Apex Predator

Pack 1 pick 3:
    Frontline Medic
--> Gideon Jura
    Taurean Mauler
    Bloodlord of Vaasgoth
    Doom Blade
    Cunning Sparkmage
    Manic Vandal
    Elves of Deep Shadow
    Song of the Dryads
    Breeding Pool
    Scalding Tarn
    Stromkirk Captain
    Spell Pierce

Pack 1 pick 4:
    Karmic Guide
    Crusade
    Brainstorm
    Graveborn Muse
    Into the Roil
    Frenzied Goblin
    Tarmogoyf
    Archangel of Thune
    Ancient Tomb
    Savannah
--> Adarkar Wastes
    Boros Charm

Pack 1 pick 5:
    Champion of the Parish
    Fiend Hunter
--> Old Man of the Sea
    Captivating Vampire
    Volrath's Stronghold
    Crater's Claws
    Yavimaya Elder
    Underground River
    Trygon Predator
    Prophetic Bolt
    Lightning Greaves

Pack 1 pick 6:
    Steppe Lynx
    Terminus
    Dismember
    Scorched Rusalka
    Firebolt
    Fauna Shaman
    Shadowmage Infiltrator
    Anger of the Gods
--> Glacial Fortress
    Arid Mesa

Pack 1 pick 7:
    Serendib Efreet
--> Bident of Thassa
    Disfigure
    Flame Slash
    Ascendant Evincar
    Chrome Mox
    Slagstorm
    Sundering Titan
    Deathrite Shaman

Pack 1 pick 8:
    Eight-and-a-Half-Tails
--> Forbid
    Geralf's Messenger
    Mogg War Marshal
    Empty the Warrens
    Overgrown Battlement
    Goblin Bombardment
    Forbidden Alchemy

Pack 1 pick 9:
    Silverblade Paladin
    Goblin Bushwhacker
    Hammer of Purphoros
    Indrik Stomphowler
    Kami of Ancient Law
--> Caves of Koilos
    Qasali Pridemage

Pack 1 pick 10:
    Gather the Townsfolk
    Kira, Great Glass-Spinner
    Vampire Nocturnus
    Mogg Fanatic
--> Reflecting Pool
    Malicious Affliction

Pack 1 pick 11:
    Frontline Medic
    Taurean Mauler
    Bloodlord of Vaasgoth
--> Cunning Sparkmage
    Manic Vandal

Pack 1 pick 12:
    Karmic Guide
    Crusade
    Graveborn Muse
--> Tarmogoyf

Pack 1 pick 13:
    Champion of the Parish
    Crater's Claws
--> Trygon Predator

Pack 1 pick 14:
--> Steppe Lynx
    Scorched Rusalka

Pack 1 pick 15:
--> Chrome Mox

------ C00 ------ 

Pack 2 pick 1:
    Martial Coup
--> Oblivion Ring
    Wake Thrasher
    Future Sight
    Blood Artist
    Sneak Attack
    Dragon Fodder
    Arc Trail
    Reclamation Sage
    Freyalise, Llanowar's Fury
    Emrakul, the Aeons Torn
    Mutavault
    Ratchet Bomb
    Hallowed Fountain
    Warleader's Helix

Pack 2 pick 2:
    Hero of Bladehold
    Xathrid Necromancer
--> Glen Elendra Archmage
    Wood Elves
    Vampire Hexmage
    Inquisition of Kozilek
    Bloodcrazed Neonate
    Burst Lightning
    Oracle of Mul Daya
    Green Sun's Zenith
    Stomping Ground
    Sin Collector
    Chromatic Lantern
    Basalt Monolith

Pack 2 pick 3:
--> Reveillark
    Spear of Heliod
    Deep Analysis
    Ophiomancer
    River Boa
    Firefist Striker
    Lightning Bolt
    Sakura-Tribe Elder
    Garruk, Caller of Beasts
    Temple of Abandon
    Fire/Ice
    Badlands
    Overgrown Tomb

Pack 2 pick 4:
    Mana Tithe
--> Master of Waves
    Pact of Negation
    Sheoldred, Whispering One
    Bogardan Hellkite
    Llanowar Elves
    Chord of Calling
    Nightveil Specter
    Vindicate
    Spellskite
    Temple of Enlightenment
    Battlefield Forge

Pack 2 pick 5:
    Elite Vanguard
--> Porcelain Legionnaire
    Bloodghast
    Ultimate Price
    Stormbreath Dragon
    Seal of Fire
    Stroke of Genius
    Karplusan Forest
    Mystic Snake
    Myr Battlesphere
    Sacred Foundry

Pack 2 pick 6:
--> Parallax Wave
    Thassa, God of the Sea
    Upheaval
    Guul Draz Assassin
    Duress
    Ashcloud Phoenix
    Valakut, the Molten Pinnacle
    Angel of Serenity
    Yavimaya Coast
    Craterhoof Behemoth

Pack 2 pick 7:
    Angelic Destiny
--> Tradewind Rider
    Stromkirk Noble
    Incinerate
    Rampaging Baloths
    Rootbound Crag
    Kiora's Follower
    Bonesplitter
    Loxodon Warhammer

Pack 2 pick 8:
    Yosei, the Morning Star
    Windbrisk Heights
--> Vendilion Clique
    Anowon, the Ruin Sage
    Liliana Vess
    Lightning Strike
    Isolated Chapel
    Time Warp

Pack 2 pick 9:
    Wake Thrasher
--> Future Sight
    Blood Artist
    Dragon Fodder
    Mutavault
    Ratchet Bomb
    Warleader's Helix

Pack 2 pick 10:
    Wood Elves
    Vampire Hexmage
    Bloodcrazed Neonate
    Burst Lightning
    Green Sun's Zenith
--> Sin Collector

Pack 2 pick 11:
    Spear of Heliod
    River Boa
    Firefist Striker
--> Sakura-Tribe Elder
    Temple of Abandon

Pack 2 pick 12:
--> Mana Tithe
    Bogardan Hellkite
    Vindicate
    Battlefield Forge

Pack 2 pick 13:
--> Elite Vanguard
    Seal of Fire
    Mystic Snake

Pack 2 pick 14:
    Valakut, the Molten Pinnacle
--> Yavimaya Coast

Pack 2 pick 15:
--> Stromkirk Noble

------ C00 ------ 

Pack 3 pick 1:
    Accorder Paladin
    Tempt with Vengeance
    Augur of Bolas
    Riptide Laboratory
    Necropolis Regent
    Entomb
--> Flametongue Kavu
    Rift Bolt
    Avacyn's Pilgrim
    Gaea's Cradle
    Psychatog
    Molten Rain
    Keranos, God of Storms
    Thran Dynamo
    Woodland Cemetery

Pack 3 pick 2:
--> Wall of Omens
    Momentary Blink
    Compulsive Research
    Shriekmaw
    Lingering Souls
    Hordeling Outburst
    Stoke the Flames
    Deranged Hermit
    Summoning Trap
    Xenagos, the Reveler
    Mana Confluence
    Kitchen Finks
    Basilisk Collar
    Abrupt Decay

Pack 3 pick 3:
    Soldier of the Pantheon
    Unexpectedly Absent
--> Force Spike
    Skinrender
    Crux of Fate
    Krenko's Command
    Bonfire of the Damned
    Call of the Herd
    Harmonize
    Ashiok, Nightmare Weaver
    Gerrard's Verdict
    Voice of Resurgence
    Vraska the Unseen

Pack 3 pick 4:
    Banisher Priest
--> Treachery
    Oona's Prowler
    Whip of Erebos
    Hero of Oxid Ridge
    Mentor of the Meek
    Thrun, the Last Troll
    Overrun
    Exalted Angel
    Godless Shrine
    Windswept Heath
    Dissipate

Pack 3 pick 5:
    Student of Warfare
    Armageddon
--> Legacy's Allure
    Bloodthrone Vampire
    Gore-House Chainwalker
    Char
    Boon Satyr
    Far/Away
    Tidehollow Sculler
    Precursor Golem
    Lotleth Troll

Pack 3 pick 6:
--> Elspeth Tirel
    Coralhelm Commander
    Murderous Cut
    Monastery Swiftspear
    Warden of the First Tree
    Garruk, Primal Hunter
    Temple of Deceit
    Hinterland Harbor
    Dragonskull Summit
    Llanowar Wastes

Pack 3 pick 7:
    Mardu Woe-Reaper
    Keiga, the Tide Star
    Repeal
    Sangromancer
    Skullcrack
    Life from the Loam
    Ghor-Clan Rampager
--> Geist of Saint Traft
    Gitaxian Probe

Pack 3 pick 8:
--> Mirran Crusader
    Think Twice
    Malakir Bloodwitch
    Goblin Rabblemaster
    Magma Jet
    Shardless Agent
    Attrition
    Bayou

Pack 3 pick 9:
    Accorder Paladin
    Tempt with Vengeance
--> Riptide Laboratory
    Necropolis Regent
    Rift Bolt
    Avacyn's Pilgrim
    Molten Rain

Pack 3 pick 10:
    Momentary Blink
--> Lingering Souls
    Hordeling Outburst
    Summoning Trap
    Xenagos, the Reveler
    Abrupt Decay

Pack 3 pick 11:
--> Soldier of the Pantheon
    Krenko's Command
    Call of the Herd
    Gerrard's Verdict
    Voice of Resurgence

Pack 3 pick 12:
    Mentor of the Meek
    Overrun
--> Exalted Angel
    Godless Shrine

Pack 3 pick 13:
    Bloodthrone Vampire
    Tidehollow Sculler
--> Precursor Golem

Pack 3 pick 14:
    Monastery Swiftspear
--> Hinterland Harbor

Pack 3 pick 15:
--> Mardu Woe-Reaper

