Event #: 8149059
Time:    11/04/2015 8:27:26 AM
Players:
    buzzcut_deux
    Magicdevil
    DMaster
    Slayde187
--> nicholash
    Joleo
    alfysoft
    target96

------ DTK ------ 

Pack 1 pick 1:
    Qarsi Sadist
    Sabertooth Outrider
    Champion of Arashin
    Shambling Goblin
    Tread Upon
    Updraft Elemental
    Misthoof Kirin
    Taigam's Strike
    Summit Prowler
    Spidersilk Net
    Ainok Survivalist
--> Draconic Roar
    Silumgar Monument
    Zurgo Bellstriker
    Island

Pack 1 pick 2:
    Lightwalker
--> Dutiful Attendant
    Volcanic Rush
    Dromoka Warrior
    Ainok Artillerist
    Monastery Loremaster
    Conifer Strider
    Sidisi's Faithful
    Ojutai's Breath
    Spidersilk Net
    Scaleguard Sentinels
    Orator of Ojutai
    Qarsi Deceiver
    Swamp

Pack 1 pick 3:
    Magmatic Chasm
    Center Soul
--> Coat with Venom
    Kolaghan Stormsinger
    Pinion Feast
    Palace Familiar
    Sandcrafter Mage
    Duress
    Shape the Sands
    Ojutai's Summons
    Silkwrap
    Void Squall
    Mountain

Pack 1 pick 4:
    Student of Ojutai
--> Kolaghan Skirmisher
    Kolaghan Stormsinger
    Center Soul
    Gurmag Drowner
    Stampeding Elk Herd
    Custodian of the Trove
    Fate Forgotten
    Herdchaser Dragon
    Stormcrag Elemental
    Great Teacher's Decree
    Plains

Pack 1 pick 5:
    Marsh Hulk
    Lose Calm
    Territorial Roc
    Mind Rot
--> Sprinting Warbrute
    Ancestral Statue
    Duress
    Dance of the Skywise
    Shieldhide Dragon
    Blessed Reincarnation
    Swamp

Pack 1 pick 6:
--> Hand of Silumgar
    Screamreach Brawler
    Resupply
    Gravepurge
    Dirgur Nemesis
    Custodian of the Trove
    Sandcrafter Mage
    Taigam's Strike
    Sight of the Scalelords
    Swamp

Pack 1 pick 7:
    Kindled Fury
    Aven Tactician
--> Screamreach Brawler
    Conifer Strider
    Mystic Meditation
    Spidersilk Net
    Silumgar's Scorn
    Ojutai Monument
    Swamp

Pack 1 pick 8:
    Shambling Goblin
    Sandsteppe Scavenger
    Negate
    Spidersilk Net
    Taigam's Strike
--> Void Squall
    Hedonist's Trove
    Mountain

Pack 1 pick 9:
    Shambling Goblin
    Tread Upon
    Updraft Elemental
    Taigam's Strike
--> Summit Prowler
    Spidersilk Net
    Island

Pack 1 pick 10:
--> Lightwalker
    Conifer Strider
    Sidisi's Faithful
    Spidersilk Net
    Orator of Ojutai
    Swamp

Pack 1 pick 11:
    Magmatic Chasm
--> Center Soul
    Duress
    Shape the Sands
    Mountain

Pack 1 pick 12:
--> Kolaghan Stormsinger
    Custodian of the Trove
    Fate Forgotten
    Plains

Pack 1 pick 13:
    Territorial Roc
--> Mind Rot
    Swamp

Pack 1 pick 14:
--> Resupply
    Swamp

Pack 1 pick 15:
--> Swamp

------ DTK ------ 

Pack 2 pick 1:
    Champion of Arashin
    Shambling Goblin
    Dragon Fodder
    Glaring Aegis
    Servant of the Scale
    Dirgur Nemesis
    Silumgar Butcher
    Custodian of the Trove
    Sandcrafter Mage
    Taigam's Strike
    Lightning Berserker
    Death Wind
    Dromoka Monument
--> Atarka's Command
    Island

Pack 2 pick 2:
    Dutiful Attendant
    Impact Tremors
    Student of Ojutai
    Kolaghan Skirmisher
    Sheltered Aerie
    Contradict
    Spidersilk Net
--> Twin Bolt
    Vulturous Aven
    Shape the Sands
    Salt Road Quartermasters
    Qal Sisma Behemoth
    Gudul Lurker
    Island

Pack 2 pick 3:
    Resupply
--> Hand of Silumgar
    Hardened Berserker
    Territorial Roc
    Conifer Strider
    Anticipate
    Ojutai's Summons
    Evolving Wilds
    Naturalize
    Lurking Arynx
    Dragonlord's Servant
    Silumgar Sorcerer
    Forest

Pack 2 pick 4:
    Island
    Volcanic Rush
    Coat with Venom
    Pinion Feast
    Mystic Meditation
    Evolving Wilds
    Naturalize
    Duress
--> Ukud Cobra
    Ojutai Monument
    Blood-Chin Rager
    Plains

Pack 2 pick 5:
    Kolaghan Aspirant
    Dromoka Dunecaster
    Dutiful Attendant
    Impact Tremors
    Sandsteppe Scavenger
    Ancestral Statue
    Ojutai's Breath
--> Sprinting Warbrute
    Press the Advantage
    Damnable Pact
    Plains

Pack 2 pick 6:
--> Coat with Venom
    Student of Ojutai
    Shambling Goblin
    Gurmag Drowner
    Stampeding Elk Herd
    Spidersilk Net
    Vulturous Aven
    Elusive Spellfist
    Circle of Elders
    Forest

Pack 2 pick 7:
    Mind Rot
    Resupply
--> Hand of Silumgar
    Dirgur Nemesis
    Sheltered Aerie
    Silumgar Butcher
    Shape the Sands
    Profound Journey
    Forest

Pack 2 pick 8:
    Wandering Tombshell
    Sibsig Icebreakers
    Sheltered Aerie
    Zephyr Scribe
    Taigam's Strike
    Evolving Wilds
--> Deadly Wanderings
    Mountain

Pack 2 pick 9:
    Shambling Goblin
    Servant of the Scale
--> Silumgar Butcher
    Custodian of the Trove
    Taigam's Strike
    Dromoka Monument
    Island

Pack 2 pick 10:
--> Kolaghan Skirmisher
    Sheltered Aerie
    Contradict
    Spidersilk Net
    Shape the Sands
    Island

Pack 2 pick 11:
    Resupply
    Conifer Strider
--> Ojutai's Summons
    Naturalize
    Forest

Pack 2 pick 12:
    Naturalize
--> Duress
    Ojutai Monument
    Plains

Pack 2 pick 13:
--> Dutiful Attendant
    Impact Tremors
    Plains

Pack 2 pick 14:
--> Circle of Elders
    Forest

Pack 2 pick 15:
--> Forest

------ FRF ------ 

Pack 3 pick 1:
    Enhanced Awareness
--> Gurmag Angler
    Refocus
    Soul Summons
    Will of the Naga
    Ancestral Vengeance
    Alesha's Vanguard
    Defiant Ogre
    Whisperer of the Wilds
    Forest
    Neutralizing Blast
    Mardu Shadowspear
    Friendly Fire
    Supplant Form
    Wind-Scarred Crag

Pack 3 pick 2:
    Dragon Bell Monk
    Rakshasa's Disdain
    Gurmag Angler
    Abzan Advantage
    Will of the Naga
    Sultai Runemark
    Ambush Krotiq
    Gurmag Angler
--> Goblin Heelcutter
    Map the Wastes
    Qarsi High Priest
    Sage's Reverie
    Shockmaw Dragon
    Swiftwater Cliffs

Pack 3 pick 3:
--> Reach of Shadows
    Harsh Sustenance
    Pressure Point
    Whisk Away
    Jeskai Runemark
    Hunt the Weak
    Fierce Invocation
    Temur Runemark
    Tasigur's Cruelty
    Fearsome Awakening
    Wild Slash
    Valorous Stance
    Tranquil Cove

Pack 3 pick 4:
    Aven Skirmisher
    Ethereal Ambush
    Abzan Advantage
    Great-Horn Krushok
    Frontier Mastodon
    Defiant Ogre
    Ainok Guide
    Noxious Dragon
    Channel Harm
--> Vaultbreaker
    Crucible of the Spirit Dragon
    Rugged Highlands

Pack 3 pick 5:
    Enhanced Awareness
    Refocus
    Soul Summons
    Ancestral Vengeance
--> Alesha's Vanguard
    Defiant Ogre
    Collateral Damage
    Dark Deal
    Abzan Kin-Guard
    Hungering Yeti
    Wind-Scarred Crag

Pack 3 pick 6:
    Frontier Siege
    Refocus
    Soul Summons
    Ancestral Vengeance
--> Alesha's Vanguard
    Defiant Ogre
    Collateral Damage
    Ruthless Instincts
    Jeskai Barricade
    Rugged Highlands

Pack 3 pick 7:
    Abzan Runemark
    Ancestral Vengeance
    War Flare
    Soul Summons
    Sultai Skullkeeper
    Collateral Damage
    Formless Nurturing
--> Sandsteppe Outcast
    Scoured Barrens

Pack 3 pick 8:
    Harsh Sustenance
    Whisk Away
    Jeskai Runemark
    Temur Runemark
    Tasigur's Cruelty
--> Grave Strength
    Rally the Ancestors
    Thornwood Falls

Pack 3 pick 9:
    Enhanced Awareness
    Refocus
    Will of the Naga
--> Alesha's Vanguard
    Forest
    Neutralizing Blast
    Friendly Fire

Pack 3 pick 10:
    Rakshasa's Disdain
--> Gurmag Angler
    Abzan Advantage
    Sultai Runemark
    Map the Wastes
    Sage's Reverie

Pack 3 pick 11:
--> Harsh Sustenance
    Pressure Point
    Fierce Invocation
    Temur Runemark
    Tasigur's Cruelty

Pack 3 pick 12:
    Ethereal Ambush
    Abzan Advantage
    Great-Horn Krushok
--> Channel Harm

Pack 3 pick 13:
    Refocus
--> Soul Summons
    Defiant Ogre

Pack 3 pick 14:
    Defiant Ogre
--> Jeskai Barricade

Pack 3 pick 15:
--> Ancestral Vengeance

