Event #: 8153353
Time:    12/04/2015 2:29:30 PM
Players:
    level42fool
--> nicholash
    tour2009
    ismile
    RGCMEX1
    nategao
    -Moonlight-
    TaroBoba

------ DTK ------ 

Pack 1 pick 1:
    Dragon Fodder
    Glaring Aegis
    Marsh Hulk
    Vial of Dragonfire
--> Butcher's Glee
    Ojutai Interceptor
    Herald of Dromoka
    Segmented Krotiq
    Colossodon Yearling
    Gurmag Drowner
    Press the Advantage
    Qarsi Deceiver
    Great Teacher's Decree
    Blood-Chin Fanatic
    Swamp

Pack 1 pick 2:
    Screamreach Brawler
    Resupply
    Gravepurge
    Keeper of the Lens
--> Reckless Imp
    Elusive Spellfist
    Artful Maneuver
    Aerie Bowmasters
    Tread Upon
    Negate
    Circle of Elders
    Dragonlord's Servant
    Youthful Scholar
    Mountain

Pack 1 pick 3:
    Kolaghan Stormsinger
    Student of Ojutai
    Shambling Goblin
    Fate Forgotten
--> Flatten
    Ancient Carp
    Pacifism
    Colossodon Yearling
    Gurmag Drowner
    Scion of Ugin
    Virulent Plague
    Tapestry of the Ages
    Swamp

Pack 1 pick 4:
    Qarsi Sadist
--> Sabertooth Outrider
    Champion of Arashin
    Sibsig Icebreakers
    Glade Watcher
    Monastery Loremaster
    Ancestral Statue
    Duress
    Misthoof Kirin
    Ojutai's Breath
    Ojutai Monument
    Swamp

Pack 1 pick 5:
    Volcanic Rush
    Dromoka Warrior
--> Wandering Tombshell
    Pinion Feast
    Sidisi's Faithful
    Servant of the Scale
    Dirgur Nemesis
    Ojutai's Summons
    Ancestral Statue
    Commune with Lava
    Forest

Pack 1 pick 6:
--> Hardened Berserker
    Vandalize
    Foul-Tongue Shriek
    Ojutai Interceptor
    Dragon's Eye Sentry
    Revealing Wind
    Zephyr Scribe
    Sight of the Scalelords
    Minister of Pain
    Forest

Pack 1 pick 7:
    Territorial Roc
    Foul-Tongue Shriek
--> Reduce in Stature
    Dragon's Eye Sentry
    Dirgur Nemesis
    Silumgar's Scorn
    Dromoka Monument
    Blessed Reincarnation
    Swamp

Pack 1 pick 8:
    Elusive Spellfist
    Herald of Dromoka
    Aerie Bowmasters
    Tormenting Voice
    Dromoka's Gift
--> Seismic Rupture
    Foul-Tongue Invocation
    Plains

Pack 1 pick 9:
    Glaring Aegis
--> Vial of Dragonfire
    Herald of Dromoka
    Gurmag Drowner
    Qarsi Deceiver
    Great Teacher's Decree
    Swamp

Pack 1 pick 10:
    Resupply
    Gravepurge
    Keeper of the Lens
--> Artful Maneuver
    Negate
    Mountain

Pack 1 pick 11:
    Fate Forgotten
    Ancient Carp
--> Gurmag Drowner
    Tapestry of the Ages
    Swamp

Pack 1 pick 12:
    Sibsig Icebreakers
--> Monastery Loremaster
    Ojutai Monument
    Swamp

Pack 1 pick 13:
    Sidisi's Faithful
--> Dirgur Nemesis
    Forest

Pack 1 pick 14:
--> Vandalize
    Forest

Pack 1 pick 15:
--> Swamp

------ DTK ------ 

Pack 2 pick 1:
    Kolaghan Skirmisher
    Kolaghan Aspirant
    Lightwalker
    Dutiful Attendant
    Sheltered Aerie
    Contradict
    Evolving Wilds
    Sandcrafter Mage
    Duress
    Shape the Sands
    Gate Smasher
--> Ukud Cobra
    Dragon Hunter
    Living Lore
    Forest

Pack 2 pick 2:
    Qarsi Sadist
    Sabertooth Outrider
    Champion of Arashin
    Keeper of the Lens
    Reckless Imp
    Ainok Artillerist
    Artful Maneuver
    Aerie Bowmasters
    Tread Upon
    Updraft Elemental
    Salt Road Quartermasters
    Encase in Ice
--> Crater Elemental
    Forest

Pack 2 pick 3:
    Resupply
--> Hand of Silumgar
    Hardened Berserker
    Fate Forgotten
    Forest
    Ancient Carp
    Epic Confrontation
    Glade Watcher
    Gurmag Drowner
    Ruthless Deathfang
    Learn from the Past
    Orator of Ojutai
    Swamp

Pack 2 pick 4:
    Dutiful Attendant
    Volcanic Rush
--> Tail Slash
    Glint
    Artful Maneuver
    Revealing Wind
    Vandalize
    Sheltered Aerie
    Zephyr Scribe
    Savage Ventmaw
    Belltoll Dragon
    Island

Pack 2 pick 5:
--> Lose Calm
    Territorial Roc
    Defeat
    Reduce in Stature
    Enduring Victory
    Epic Confrontation
    Tormenting Voice
    Anticipate
    Display of Dominance
    Acid-Spewer Dragon
    Mountain

Pack 2 pick 6:
--> Dutiful Attendant
    Impact Tremors
    Herdchaser Dragon
    Reduce in Stature
    Epic Confrontation
    Tormenting Voice
    Virulent Plague
    Sight Beyond Sight
    Atarka Monument
    Mountain

Pack 2 pick 7:
    Wandering Tombshell
    Pinion Feast
    Updraft Elemental
    Summit Prowler
    Spidersilk Net
    Circle of Elders
--> Rending Volley
    Minister of Pain
    Swamp

Pack 2 pick 8:
    Dromoka Warrior
    Dromoka Dunecaster
    Ainok Artillerist
    Pinion Feast
    Mystic Meditation
    Evolving Wilds
--> Kolaghan Monument
    Mountain

Pack 2 pick 9:
--> Dutiful Attendant
    Sheltered Aerie
    Duress
    Shape the Sands
    Gate Smasher
    Living Lore
    Forest

Pack 2 pick 10:
    Keeper of the Lens
    Ainok Artillerist
--> Tread Upon
    Updraft Elemental
    Encase in Ice
    Forest

Pack 2 pick 11:
    Forest
--> Ancient Carp
    Learn from the Past
    Orator of Ojutai
    Swamp

Pack 2 pick 12:
    Revealing Wind
    Vandalize
--> Belltoll Dragon
    Island

Pack 2 pick 13:
--> Defeat
    Tormenting Voice
    Mountain

Pack 2 pick 14:
--> Virulent Plague
    Mountain

Pack 2 pick 15:
--> Swamp

------ FRF ------ 

Pack 3 pick 1:
    Grim Contest
    Dragon Bell Monk
    Rakshasa's Disdain
    Gurmag Angler
    Abzan Advantage
    Will of the Naga
    Mardu Scout
    Feral Krushok
    Lightning Shrieker
    Archers of Qarsi
    Battle Brawler
    Abzan Beastmaster
--> Vaultbreaker
    Frontier Siege
    Scoured Barrens

Pack 3 pick 2:
    War Flare
    Arashin Cleric
    Whisk Away
    Sibsig Host
    Sultai Skullkeeper
    Frontier Mastodon
    Defiant Ogre
    Ainok Guide
    Alesha's Vanguard
    Ruthless Instincts
    Mistfire Adept
--> Bloodfire Enforcers
    Rally the Ancestors
    Jungle Hollow

Pack 3 pick 3:
    Sultai Runemark
    Abzan Runemark
    Aven Surveyor
    Ancestral Vengeance
    War Flare
    Soul Summons
    Gore Swine
    Return to the Earth
    Great-Horn Krushok
--> Goblin Heelcutter
    Sudden Reclamation
    Wandering Champion
    Jungle Hollow

Pack 3 pick 4:
    Ancestral Vengeance
    Cunning Strike
    Abzan Runemark
    Rakshasa's Disdain
    Grim Contest
--> Temur Battle Rage
    Return to the Earth
    Mardu Scout
    Archers of Qarsi
    Elite Scaleguard
    Dragonrage
    Blossoming Sands

Pack 3 pick 5:
    Ancestral Vengeance
    Cunning Strike
    Abzan Runemark
    Rakshasa's Disdain
    Grim Contest
    Return to the Earth
    Archers of Qarsi
    Reality Shift
    Pilgrim of the Fires
    Jeskai Barricade
--> Bloodfell Caves

Pack 3 pick 6:
    Cunning Strike
    Arashin Cleric
    Aven Surveyor
    Ethereal Ambush
    Lightning Shrieker
--> Smoldering Efreet
    Fascination
    Wandering Champion
    Temporal Trespass
    Tranquil Cove

Pack 3 pick 7:
    Pressure Point
    Aven Skirmisher
    Lotus Path Djinn
    Ethereal Ambush
    Collateral Damage
    Formless Nurturing
    Sandsteppe Outcast
--> Temur Battle Rage
    Blossoming Sands

Pack 3 pick 8:
    Arashin Cleric
    Whisk Away
    Sibsig Host
    Sultai Skullkeeper
    Frontier Mastodon
    Defiant Ogre
    Friendly Fire
--> Ugin's Construct

Pack 3 pick 9:
--> Grim Contest
    Dragon Bell Monk
    Rakshasa's Disdain
    Abzan Advantage
    Lightning Shrieker
    Archers of Qarsi
    Scoured Barrens

Pack 3 pick 10:
    War Flare
    Arashin Cleric
    Sibsig Host
    Sultai Skullkeeper
    Defiant Ogre
--> Alesha's Vanguard

Pack 3 pick 11:
    Abzan Runemark
--> War Flare
    Soul Summons
    Return to the Earth
    Great-Horn Krushok

Pack 3 pick 12:
--> Ancestral Vengeance
    Abzan Runemark
    Rakshasa's Disdain
    Archers of Qarsi

Pack 3 pick 13:
    Cunning Strike
--> Abzan Runemark
    Rakshasa's Disdain

Pack 3 pick 14:
    Cunning Strike
--> Arashin Cleric

Pack 3 pick 15:
--> Aven Skirmisher

