Event #: 8156575
Time:    4/12/2015 10:08:09 PM
Players:
    bluemage88
    hizake
--> malthrin
    alkapwnyer
    iamsteve11111
    price
    Capnmd
    ColdPopsickles

------ DTK ------ 

Pack 1 pick 1:
    Qarsi Sadist
    Lose Calm
    Flatten
    Ancient Carp
    Pacifism
--> Epic Confrontation
    Atarka Efreet
    Foul-Tongue Shriek
    Servant of the Scale
    Sidisi's Faithful
    Inspiring Call
    Death Wind
    Minister of Pain
    Blessed Reincarnation
    Mountain

Pack 1 pick 2:
    Lose Calm
    Champion of Arashin
    Gravepurge
    Dragon Fodder
    Negate
    Tread Upon
--> Sandcrafter Mage
    Duress
    Shape the Sands
    Ojutai's Summons
    Rending Volley
    Self-Inflicted Wound
    Tapestry of the Ages
    Swamp

Pack 1 pick 3:
    Gravepurge
    Dragon Fodder
    Aven Tactician
    Mind Rot
    Monastery Loremaster
    Conifer Strider
    Spidersilk Net
    Taigam's Strike
    Silumgar Butcher
    Salt Road Quartermasters
--> Qal Sisma Behemoth
    Death Wind
    Island

Pack 1 pick 4:
    Territorial Roc
    Marsh Hulk
    Kindled Fury
--> Sandstorm Charger
    Pinion Feast
    Palace Familiar
    Sandsteppe Scavenger
    Ancestral Statue
    Dance of the Skywise
    Silumgar's Scorn
    Dromoka Monument
    Swamp

Pack 1 pick 5:
    Qarsi Sadist
--> Sabertooth Outrider
    Champion of Arashin
    Vandalize
    Foul-Tongue Shriek
    Dragon's Eye Sentry
    Dirgur Nemesis
    Sheltered Aerie
    Inspiring Call
    Orator of Ojutai
    Mountain

Pack 1 pick 6:
    Kolaghan Skirmisher
    Kolaghan Stormsinger
    Center Soul
    Qarsi Sadist
    Orator of Ojutai
--> Atarka Beastbreaker
    Naturalize
    Duress
    Encase in Ice
    Mountain

Pack 1 pick 7:
    Champion of Arashin
    Gravepurge
    Dragon Fodder
    Ainok Artillerist
    Center Soul
    Spidersilk Net
    Virulent Plague
--> Dragon Hunter
    Mountain

Pack 1 pick 8:
    Coat with Venom
    Kolaghan Stormsinger
    Colossodon Yearling
    Dirgur Nemesis
    Fate Forgotten
--> Stormwing Dragon
    Silumgar Monument
    Swamp

Pack 1 pick 9:
    Qarsi Sadist
    Ancient Carp
    Foul-Tongue Shriek
--> Servant of the Scale
    Inspiring Call
    Blessed Reincarnation
    Mountain

Pack 1 pick 10:
--> Lose Calm
    Gravepurge
    Duress
    Shape the Sands
    Tapestry of the Ages
    Swamp

Pack 1 pick 11:
    Gravepurge
    Mind Rot
    Spidersilk Net
--> Taigam's Strike
    Island

Pack 1 pick 12:
    Kindled Fury
--> Sandsteppe Scavenger
    Dance of the Skywise
    Swamp

Pack 1 pick 13:
--> Vandalize
    Foul-Tongue Shriek
    Mountain

Pack 1 pick 14:
--> Kolaghan Stormsinger
    Mountain

Pack 1 pick 15:
--> Mountain

------ DTK ------ 

Pack 2 pick 1:
    Screamreach Brawler
    Lightwalker
    Wandering Tombshell
    Tail Slash
    Defeat
    Reduce in Stature
    Enduring Victory
--> Epic Confrontation
    Anticipate
    Sandsteppe Scavenger
    Press the Advantage
    Silumgar Monument
    Minister of Pain
    Hedonist's Trove
    Island

Pack 2 pick 2:
    Hand of Silumgar
    Hardened Berserker
    Territorial Roc
    Marsh Hulk
    Gurmag Drowner
    Colossodon Yearling
    Shape the Sands
    Ojutai's Breath
    Custodian of the Trove
    Summit Prowler
--> Atarka Pummeler
    Ultimate Price
    Stormrider Rig
    Swamp

Pack 2 pick 3:
    Magmatic Chasm
    Resupply
    Hand of Silumgar
--> Hardened Berserker
    Sidisi's Faithful
    Sheltered Aerie
    Evolving Wilds
    Sandcrafter Mage
    Duress
    Shape the Sands
    Enduring Scalelord
    Gate Smasher
    Swamp

Pack 2 pick 4:
    Volcanic Rush
    Dromoka Warrior
    Wandering Tombshell
    Dirgur Nemesis
    Dragon-Scarred Bear
    Custodian of the Trove
    Taigam's Strike
--> Sprinting Warbrute
    Sight of the Scalelords
    Minister of Pain
    Corpseweft
    Plains

Pack 2 pick 5:
    Sandstorm Charger
    Kolaghan Skirmisher
--> Kolaghan Aspirant
    Lightwalker
    Sidisi's Faithful
    Servant of the Scale
    Evolving Wilds
    Summit Prowler
    Naturalize
    Dragonlord's Servant
    Plains

Pack 2 pick 6:
--> Sabertooth Outrider
    Shambling Goblin
    Mystic Meditation
    Tread Upon
    Ancestral Statue
    Ojutai's Breath
    Sprinting Warbrute
    Inspiring Call
    Dragonloft Idol
    Forest

Pack 2 pick 7:
    Shambling Goblin
    Ancient Carp
--> Segmented Krotiq
    Dirgur Nemesis
    Servant of the Scale
    Battle Mastery
    Kolaghan Monument
    Atarka Monument
    Island

Pack 2 pick 8:
    Dromoka Dunecaster
    Impact Tremors
    Student of Ojutai
    Gurmag Drowner
    Conifer Strider
    Spidersilk Net
--> Stormwing Dragon
    Mountain

Pack 2 pick 9:
--> Lightwalker
    Wandering Tombshell
    Anticipate
    Press the Advantage
    Silumgar Monument
    Hedonist's Trove
    Island

Pack 2 pick 10:
    Marsh Hulk
--> Colossodon Yearling
    Shape the Sands
    Ojutai's Breath
    Custodian of the Trove
    Swamp

Pack 2 pick 11:
--> Magmatic Chasm
    Resupply
    Shape the Sands
    Gate Smasher
    Swamp

Pack 2 pick 12:
    Wandering Tombshell
--> Taigam's Strike
    Sight of the Scalelords
    Plains

Pack 2 pick 13:
--> Kolaghan Skirmisher
    Naturalize
    Plains

Pack 2 pick 14:
--> Inspiring Call
    Forest

Pack 2 pick 15:
--> Island

------ FRF ------ 

Pack 3 pick 1:
    Abzan Advantage
    Refocus
    Swamp
    Abzan Skycaptain
    Enhanced Awareness
    Typhoid Rats
    Sandsteppe Outcast
    Smoldering Efreet
    Hunt the Weak
    Mardu Runemark
    Orc Sureshot
    Valorous Stance
    Rageform
--> Mob Rule
    Blossoming Sands

Pack 3 pick 2:
    Grim Contest
    Dragon Bell Monk
    Rakshasa's Disdain
    Gurmag Angler
    Abzan Advantage
    Will of the Naga
    Formless Nurturing
    Tasigur's Cruelty
--> Temur Battle Rage
    Return to the Earth
    Destructor Dragon
    Cloudform
    Lotus-Eye Mystics
    Scoured Barrens

Pack 3 pick 3:
    Whisk Away
    Sultai Emissary
    Jeskai Runemark
    Jeskai Sage
    Gore Swine
--> Whisperer of the Wilds
    Mardu Runemark
    Ambush Krotiq
    Write into Being
    Fearsome Awakening
    Renowned Weaponsmith
    Sage's Reverie
    Jungle Hollow

Pack 3 pick 4:
    Sultai Runemark
    Abzan Runemark
    Ancestral Vengeance
    Fruit of the First Tree
    Mardu Scout
    Archers of Qarsi
    Fierce Invocation
--> Feral Krushok
    Shifting Loyalties
    Qarsi High Priest
    Honor's Reward
    Blossoming Sands

Pack 3 pick 5:
    Grim Contest
    Rakshasa's Disdain
    Gurmag Angler
    Abzan Advantage
    Will of the Naga
    Formless Nurturing
    Tasigur's Cruelty
    Return to the Earth
--> Temur Sabertooth
    Marang River Prowler
    Blossoming Sands

Pack 3 pick 6:
    Ancestral Vengeance
    Cunning Strike
    Abzan Runemark
    Rakshasa's Disdain
    Grim Contest
    Temur Runemark
    Tasigur's Cruelty
    Feral Krushok
--> Abzan Beastmaster
    Swiftwater Cliffs

Pack 3 pick 7:
    Harsh Sustenance
    Pressure Point
    Great-Horn Krushok
    Frontier Mastodon
    Defiant Ogre
    Ainok Guide
    Alesha's Vanguard
--> Atarka, World Render
    Rugged Highlands

Pack 3 pick 8:
    Abzan Advantage
    Refocus
    Hooded Assassin
    Smoldering Efreet
--> Hunt the Weak
    Fascination
    Friendly Fire
    Thornwood Falls

Pack 3 pick 9:
    Abzan Advantage
    Swamp
    Enhanced Awareness
    Smoldering Efreet
--> Hunt the Weak
    Mardu Runemark
    Rageform

Pack 3 pick 10:
    Grim Contest
    Rakshasa's Disdain
    Abzan Advantage
--> Formless Nurturing
    Tasigur's Cruelty
    Return to the Earth

Pack 3 pick 11:
--> Mardu Runemark
    Ambush Krotiq
    Fearsome Awakening
    Renowned Weaponsmith
    Sage's Reverie

Pack 3 pick 12:
--> Sultai Runemark
    Abzan Runemark
    Fruit of the First Tree
    Archers of Qarsi

Pack 3 pick 13:
--> Formless Nurturing
    Tasigur's Cruelty
    Blossoming Sands

Pack 3 pick 14:
--> Temur Runemark
    Tasigur's Cruelty

Pack 3 pick 15:
--> Rugged Highlands

