Event #: 8171672
Time:    18/04/2015 6:16:05 AM
Players:
--> nicholash
    suckatog
    xd1rtyx
    Abtibaha
    BantheishZA
    yapethus
    SvenDeWolf
    BettySwallox

------ DTK ------ 

Pack 1 pick 1:
    Magmatic Chasm
    Resupply
    Hand of Silumgar
    Hardened Berserker
    Ainok Artillerist
    Updraft Elemental
    Custodian of the Trove
    Sandcrafter Mage
    Taigam's Strike
--> Sprinting Warbrute
    Ruthless Deathfang
    Battle Mastery
    Great Teacher's Decree
    Risen Executioner
    Forest

Pack 1 pick 2:
    Magmatic Chasm
    Center Soul
    Segmented Krotiq
--> Tail Slash
    Reduce in Stature
    Enduring Victory
    Epic Confrontation
    Monastery Loremaster
    Conifer Strider
    Dromoka's Gift
    Shieldhide Dragon
    Gudul Lurker
    Hedonist's Trove
    Forest

Pack 1 pick 3:
    Champion of Arashin
    Gravepurge
    Dragon Fodder
    Sarkhan's Rage
    Vial of Dragonfire
    Butcher's Glee
    Herald of Dromoka
    Dragon-Scarred Bear
    Palace Familiar
    Scaleguard Sentinels
--> Qal Sisma Behemoth
    Qarsi Deceiver
    Mountain

Pack 1 pick 4:
    Dromoka Dunecaster
    Dutiful Attendant
    Guardian Shield-Bearer
--> Flatten
    Elusive Spellfist
    Herald of Dromoka
    Aerie Bowmasters
    Colossodon Yearling
    Dirgur Nemesis
    Scale Blessing
    Mirror Mockery
    Plains

Pack 1 pick 5:
--> Hardened Berserker
    Sandstorm Charger
    Kolaghan Skirmisher
    Tormenting Voice
    Keeper of the Lens
    Ancient Carp
    Gurmag Drowner
    Sight of the Scalelords
    Encase in Ice
    Commune with Lava
    Island

Pack 1 pick 6:
    Dromoka Dunecaster
    Sibsig Icebreakers
    Vandalize
    Fate Forgotten
    Ancient Carp
    Negate
--> Marang River Skeleton
    Ojutai Monument
    Dragon Tempest
    Swamp

Pack 1 pick 7:
    Territorial Roc
    Mind Rot
    Swamp
--> Atarka Beastbreaker
    Gurmag Drowner
    Duress
    Shape the Sands
    Savage Ventmaw
    Swamp

Pack 1 pick 8:
    Impact Tremors
    Kolaghan Stormsinger
    Sheltered Aerie
    Ojutai's Breath
    Spidersilk Net
    Taigam's Strike
--> Rending Volley
    Island

Pack 1 pick 9:
    Magmatic Chasm
    Resupply
--> Ainok Artillerist
    Updraft Elemental
    Custodian of the Trove
    Taigam's Strike
    Forest

Pack 1 pick 10:
    Center Soul
    Segmented Krotiq
--> Conifer Strider
    Gudul Lurker
    Hedonist's Trove
    Forest

Pack 1 pick 11:
    Gravepurge
--> Dragon Fodder
    Vial of Dragonfire
    Qarsi Deceiver
    Mountain

Pack 1 pick 12:
--> Guardian Shield-Bearer
    Dirgur Nemesis
    Scale Blessing
    Plains

Pack 1 pick 13:
    Keeper of the Lens
--> Ancient Carp
    Island

Pack 1 pick 14:
--> Ancient Carp
    Swamp

Pack 1 pick 15:
--> Swamp

------ DTK ------ 

Pack 2 pick 1:
    Sandstorm Charger
    Sibsig Icebreakers
    Aerie Bowmasters
    Vandalize
    Foul-Tongue Shriek
    Ojutai Interceptor
    Dragon's Eye Sentry
    Revealing Wind
    Sandsteppe Scavenger
    Negate
    Salt Road Quartermasters
    Warbringer
    Youthful Scholar
--> Foe-Razer Regent
    Forest

Pack 2 pick 2:
    Center Soul
    Qarsi Sadist
    Sabertooth Outrider
    Champion of Arashin
    Ainok Artillerist
    Monastery Loremaster
    Conifer Strider
    Sidisi's Faithful
    Ancestral Statue
    Sandcrafter Mage
    Circle of Elders
    Rending Volley
--> Ire Shaman
    Forest

Pack 2 pick 3:
    Hand of Silumgar
    Screamreach Brawler
    Resupply
    Vandalize
    Fate Forgotten
    Ancient Carp
    Pacifism
    Tread Upon
    Updraft Elemental
--> Herdchaser Dragon
    Stormcrag Elemental
    Self-Inflicted Wound
    Swamp

Pack 2 pick 4:
    Lose Calm
    Territorial Roc
    Mind Rot
--> Sarkhan's Rage
    Vial of Dragonfire
    Butcher's Glee
    Glint
    Pinion Feast
    Virulent Plague
    Surge of Righteousness
    Sunbringer's Touch
    Plains

Pack 2 pick 5:
    Qarsi Sadist
--> Sabertooth Outrider
    Tormenting Voice
    Keeper of the Lens
    Reckless Imp
    Ancient Carp
    Servant of the Scale
    Sidisi's Faithful
    Silumgar's Scorn
    Surge of Righteousness
    Island

Pack 2 pick 6:
    Impact Tremors
    Student of Ojutai
    Tormenting Voice
    Keeper of the Lens
    Reckless Imp
    Artful Maneuver
--> Glade Watcher
    Dirgur Nemesis
    Learn from the Past
    Mountain

Pack 2 pick 7:
    Territorial Roc
--> Kindled Fury
    Tormenting Voice
    Keeper of the Lens
    Reckless Imp
    Elusive Spellfist
    Sarkhan's Triumph
    Dance of the Skywise
    Forest

Pack 2 pick 8:
--> Lose Calm
    Glint
    Artful Maneuver
    Revealing Wind
    Sandsteppe Scavenger
    Learn from the Past
    Stormrider Rig
    Swamp

Pack 2 pick 9:
    Sibsig Icebreakers
    Vandalize
    Foul-Tongue Shriek
    Dragon's Eye Sentry
    Revealing Wind
--> Sandsteppe Scavenger
    Forest

Pack 2 pick 10:
    Ainok Artillerist
    Monastery Loremaster
--> Conifer Strider
    Ancestral Statue
    Rending Volley
    Forest

Pack 2 pick 11:
    Screamreach Brawler
    Resupply
    Vandalize
--> Tread Upon
    Swamp

Pack 2 pick 12:
--> Lose Calm
    Vial of Dragonfire
    Virulent Plague
    Plains

Pack 2 pick 13:
--> Tormenting Voice
    Keeper of the Lens
    Island

Pack 2 pick 14:
--> Impact Tremors
    Mountain

Pack 2 pick 15:
--> Forest

------ FRF ------ 

Pack 3 pick 1:
    Harsh Sustenance
    Abzan Skycaptain
    Jeskai Runemark
    Douse in Gloom
    War Flare
    Arashin Cleric
    Alesha's Vanguard
    Defiant Ogre
--> Whisperer of the Wilds
    Collateral Damage
    Reality Shift
    Fearsome Awakening
    Goblin Boom Keg
    Shu Yun, the Silent Tempest
    Dismal Backwater

Pack 3 pick 2:
    Whisk Away
    Sibsig Host
    Bloodfell Caves
    Sandblast
    Sultai Runemark
    Jeskai Sage
    Write into Being
    Map the Wastes
    Lightning Shrieker
--> Cached Defenses
    Rite of Undoing
    Shockmaw Dragon
    Sage-Eye Avengers
    Bloodfell Caves

Pack 3 pick 3:
    Grim Contest
    Dragon Bell Monk
    Rakshasa's Disdain
--> Temur Battle Rage
    Return to the Earth
    Mardu Scout
    Archers of Qarsi
    Fierce Invocation
    Feral Krushok
    Frost Walker
    Diplomacy of the Wastes
    Jeskai Barricade
    Thornwood Falls

Pack 3 pick 4:
    Grim Contest
    Aven Skirmisher
    Lotus Path Djinn
    Sultai Emissary
--> Goblin Heelcutter
    Ambush Krotiq
    Gore Swine
    Alesha's Vanguard
    Orc Sureshot
    Hewed Stone Retainers
    Ghastly Conscription
    Swiftwater Cliffs

Pack 3 pick 5:
    Sibsig Host
    Cunning Strike
    Arashin Cleric
    Aven Surveyor
    Typhoid Rats
    Ethereal Ambush
    Formless Nurturing
--> Ruthless Instincts
    Rite of Undoing
    Pilgrim of the Fires
    Scoured Barrens

Pack 3 pick 6:
    Dragon Bell Monk
    Enhanced Awareness
    Refocus
    Soul Summons
    Will of the Naga
    Fierce Invocation
--> Temur Runemark
    Tasigur's Cruelty
    Shifting Loyalties
    Channel Harm

Pack 3 pick 7:
    Ancestral Vengeance
    Cunning Strike
    Abzan Runemark
    Rakshasa's Disdain
    Lightning Shrieker
--> Archers of Qarsi
    Smoldering Efreet
    Plains
    Fascination

Pack 3 pick 8:
    Sibsig Host
    Sultai Skullkeeper
    Sultai Runemark
    Jeskai Sage
    Write into Being
    Map the Wastes
    Lightning Shrieker
--> Bloodfire Enforcers

Pack 3 pick 9:
    Jeskai Runemark
    War Flare
    Arashin Cleric
    Defiant Ogre
--> Collateral Damage
    Reality Shift
    Goblin Boom Keg

Pack 3 pick 10:
    Whisk Away
    Sibsig Host
    Sultai Runemark
--> Jeskai Sage
    Lightning Shrieker
    Rite of Undoing

Pack 3 pick 11:
    Grim Contest
    Rakshasa's Disdain
--> Archers of Qarsi
    Fierce Invocation
    Diplomacy of the Wastes

Pack 3 pick 12:
    Grim Contest
--> Ambush Krotiq
    Hewed Stone Retainers
    Swiftwater Cliffs

Pack 3 pick 13:
    Sibsig Host
--> Cunning Strike
    Ethereal Ambush

Pack 3 pick 14:
--> Refocus
    Shifting Loyalties

Pack 3 pick 15:
--> Rakshasa's Disdain

