Event #: 8173573
Time:    18/04/2015 7:32:16 PM
Players:
    Prometheone
    Proper33
    SilverPelt
    Baumi
    DAVIDOF1977
    takae
--> nicholash
    Zayac

------ DTK ------ 

Pack 1 pick 1:
    Kolaghan Aspirant
    Lightwalker
    Dutiful Attendant
    Volcanic Rush
    Sandsteppe Scavenger
    Negate
--> Sprinting Warbrute
    Stampeding Elk Herd
    Custodian of the Trove
    Vulturous Aven
    Dromoka Captain
    Echoes of the Kin Tree
    Atarka Monument
    Blood-Chin Fanatic
    Swamp

Pack 1 pick 2:
    Aven Tactician
    Mind Rot
    Magmatic Chasm
    Reckless Imp
    Ancient Carp
    Enduring Victory
    Segmented Krotiq
    Tail Slash
    Pinion Feast
    Mystic Meditation
    Scaleguard Sentinels
--> Qal Sisma Behemoth
    Foul-Tongue Invocation
    Forest

Pack 1 pick 3:
    Lose Calm
    Champion of Arashin
    Gravepurge
    Dragon Fodder
    Tread Upon
    Negate
    Evolving Wilds
    Summit Prowler
    Naturalize
    Ainok Survivalist
--> Draconic Roar
    Damnable Pact
    Forest

Pack 1 pick 4:
    Kolaghan Stormsinger
    Center Soul
    Qarsi Sadist
--> Sabertooth Outrider
    Pinion Feast
    Sidisi's Faithful
    Stampeding Elk Herd
    Spidersilk Net
    Misthoof Kirin
    Dragonloft Idol
    Acid-Spewer Dragon
    Plains

Pack 1 pick 5:
    Screamreach Brawler
    Resupply
    Gravepurge
--> Hardened Berserker
    Pinion Feast
    Palace Familiar
    Spidersilk Net
    Misthoof Kirin
    Scion of Ugin
    Dromoka Monument
    Swamp

Pack 1 pick 6:
    Shambling Goblin
    Impact Tremors
    Glaring Aegis
    Qarsi Sadist
--> Atarka Beastbreaker
    Mystic Meditation
    Shape the Sands
    Herdchaser Dragon
    Skywise Teachings
    Forest

Pack 1 pick 7:
    Territorial Roc
    Pinion Feast
    Taigam's Strike
--> Stampeding Elk Herd
    Ancestral Statue
    Sight of the Scalelords
    Qarsi Deceiver
    Great Teacher's Decree
    Plains

Pack 1 pick 8:
    Sandstorm Charger
    Glint
    Artful Maneuver
    Revealing Wind
    Vandalize
--> Atarka Beastbreaker
    Battle Mastery
    Plains

Pack 1 pick 9:
    Lightwalker
    Volcanic Rush
    Sandsteppe Scavenger
    Custodian of the Trove
    Echoes of the Kin Tree
--> Atarka Monument
    Swamp

Pack 1 pick 10:
    Mind Rot
    Magmatic Chasm
    Ancient Carp
--> Pinion Feast
    Mystic Meditation
    Forest

Pack 1 pick 11:
    Gravepurge
--> Tread Upon
    Negate
    Naturalize
    Forest

Pack 1 pick 12:
    Kolaghan Stormsinger
--> Pinion Feast
    Spidersilk Net
    Plains

Pack 1 pick 13:
    Resupply
--> Spidersilk Net
    Swamp

Pack 1 pick 14:
--> Shape the Sands
    Forest

Pack 1 pick 15:
--> Plains

------ DTK ------ 

Pack 2 pick 1:
    Coat with Venom
    Kolaghan Stormsinger
    Student of Ojutai
    Shambling Goblin
    Sheltered Aerie
    Monastery Loremaster
    Taigam's Strike
    Summit Prowler
    Spidersilk Net
    Twin Bolt
    Draconic Roar
    Self-Inflicted Wound
    Tapestry of the Ages
--> Avatar of the Resolute
    Mountain

Pack 2 pick 2:
    Volcanic Rush
    Dromoka Warrior
    Coat with Venom
    Kolaghan Aspirant
--> Dragon-Scarred Bear
    Anticipate
    Ancestral Statue
    Duress
    Misthoof Kirin
    Salt Road Quartermasters
    Warbringer
    Deadly Wanderings
    Blessed Reincarnation
    Plains

Pack 2 pick 3:
    Dromoka Warrior
    Wandering Tombshell
    Dromoka Dunecaster
--> Segmented Krotiq
    Contradict
    Glade Watcher
    Gurmag Drowner
    Fate Forgotten
    Sight of the Scalelords
    Dragonlord's Servant
    Qarsi Deceiver
    Living Lore
    Swamp

Pack 2 pick 4:
    Lightwalker
    Wandering Tombshell
    Volcanic Rush
    Dromoka Warrior
--> Dragon-Scarred Bear
    Palace Familiar
    Twin Bolt
    Taigam's Strike
    Silumgar Butcher
    Evolving Wilds
    Dragon Hunter
    Island

Pack 2 pick 5:
    Impact Tremors
    Student of Ojutai
    Kolaghan Skirmisher
    Kolaghan Stormsinger
--> Ainok Artillerist
    Updraft Elemental
    Ancestral Statue
    Naturalize
    Silumgar Butcher
    Display of Dominance
    Island

Pack 2 pick 6:
    Impact Tremors
    Glaring Aegis
    Elusive Spellfist
    Keeper of the Lens
--> Servant of the Scale
    Sidisi's Faithful
    Enduring Scalelord
    Scale Blessing
    Skywise Teachings
    Mountain

Pack 2 pick 7:
    Resupply
    Gravepurge
--> Ainok Artillerist
    Updraft Elemental
    Ancestral Statue
    Ojutai's Breath
    Ainok Survivalist
    Profound Journey
    Island

Pack 2 pick 8:
    Dromoka Dunecaster
    Spidersilk Net
    Taigam's Strike
    Sarkhan's Triumph
    Dance of the Skywise
--> Strongarm Monk
    Assault Formation
    Island

Pack 2 pick 9:
    Student of Ojutai
    Sheltered Aerie
--> Summit Prowler
    Spidersilk Net
    Self-Inflicted Wound
    Tapestry of the Ages
    Mountain

Pack 2 pick 10:
    Volcanic Rush
    Ancestral Statue
    Duress
--> Deadly Wanderings
    Blessed Reincarnation
    Plains

Pack 2 pick 11:
    Wandering Tombshell
    Fate Forgotten
--> Qarsi Deceiver
    Living Lore
    Swamp

Pack 2 pick 12:
    Wandering Tombshell
    Volcanic Rush
--> Taigam's Strike
    Island

Pack 2 pick 13:
--> Impact Tremors
    Ancestral Statue
    Island

Pack 2 pick 14:
--> Keeper of the Lens
    Mountain

Pack 2 pick 15:
--> Island

------ FRF ------ 

Pack 3 pick 1:
    Reach of Shadows
    Grim Contest
    Aven Skirmisher
    Lotus Path Djinn
    Sultai Emissary
    Harsh Sustenance
    Collateral Damage
    Formless Nurturing
    Sandsteppe Outcast
--> Temur Battle Rage
    Battle Brawler
    Hero's Blade
    Bloodfire Enforcers
    Daghatar the Adamant
    Wind-Scarred Crag

Pack 3 pick 2:
    Abzan Advantage
    Will of the Naga
    Sultai Runemark
    Abzan Runemark
    Ancestral Vengeance
    Lightning Shrieker
    Abzan Advantage
    Sandsteppe Outcast
    Smoldering Efreet
    Qarsi High Priest
    Hewed Stone Retainers
--> Humble Defector
    Scroll of the Masters
    Dismal Backwater

Pack 3 pick 3:
    Sandblast
    Sibsig Host
    Cunning Strike
    Arashin Cleric
    Aven Surveyor
--> Bathe in Dragonfire
    Frontier Mastodon
    Defiant Ogre
    Ainok Guide
    Sudden Reclamation
    Neutralizing Blast
    Shockmaw Dragon
    Rugged Highlands

Pack 3 pick 4:
    Typhoid Rats
    Ethereal Ambush
    Dragon Bell Monk
    Enhanced Awareness
    Gurmag Angler
    Refocus
--> Gore Swine
    Whisperer of the Wilds
    Mardu Runemark
    Arashin War Beast
    Dragonrage
    Thornwood Falls

Pack 3 pick 5:
    Hooded Assassin
    Pressure Point
    Aven Skirmisher
    Lotus Path Djinn
    Ambush Krotiq
--> Gore Swine
    Frontier Mastodon
    Fruit of the First Tree
    Reality Shift
    Break Through the Line
    Dismal Backwater

Pack 3 pick 6:
    Enhanced Awareness
    Grim Contest
    Dragon Bell Monk
    Rakshasa's Disdain
    Temur Runemark
    Write into Being
--> Map the Wastes
    Battlefront Krushok
    Shifting Loyalties
    Scoured Barrens

Pack 3 pick 7:
    Ancestral Vengeance
    Cunning Strike
    Abzan Runemark
    Rakshasa's Disdain
    Ambush Krotiq
    Map the Wastes
--> Ruthless Instincts
    Rite of Undoing
    Tranquil Cove

Pack 3 pick 8:
    Jeskai Runemark
    War Flare
    Temur Runemark
    Tasigur's Cruelty
--> Feral Krushok
    Abzan Kin-Guard
    Arcbond
    Thornwood Falls

Pack 3 pick 9:
    Aven Skirmisher
    Sultai Emissary
    Harsh Sustenance
    Collateral Damage
    Formless Nurturing
--> Bloodfire Enforcers
    Wind-Scarred Crag

Pack 3 pick 10:
    Abzan Advantage
    Abzan Runemark
    Ancestral Vengeance
    Lightning Shrieker
    Abzan Advantage
--> Scroll of the Masters

Pack 3 pick 11:
--> Sibsig Host
    Arashin Cleric
    Defiant Ogre
    Sudden Reclamation
    Neutralizing Blast

Pack 3 pick 12:
    Ethereal Ambush
    Refocus
--> Arashin War Beast
    Dragonrage

Pack 3 pick 13:
    Aven Skirmisher
--> Ambush Krotiq
    Fruit of the First Tree

Pack 3 pick 14:
    Rakshasa's Disdain
--> Temur Runemark

Pack 3 pick 15:
--> Ambush Krotiq

