Event #: 8175773
Time:    4/18/2015 8:04:58 PM
Players:
    tystalin
--> malthrin
    AcesH1gh
    thesweptunder
    ColdPopsickles
    christoprehu
    JQuill
    Marco55

------ DTK ------ 

Pack 1 pick 1:
    Magmatic Chasm
    Center Soul
--> Sarkhan's Rage
    Vial of Dragonfire
    Butcher's Glee
    Glint
    Pacifism
    Guardian Shield-Bearer
    Palace Familiar
    Twin Bolt
    Dromoka's Gift
    Seismic Rupture
    Marang River Skeleton
    Volcanic Vision
    Swamp

Pack 1 pick 2:
    Center Soul
    Qarsi Sadist
--> Sabertooth Outrider
    Champion of Arashin
    Palace Familiar
    Atarka Beastbreaker
    Evolving Wilds
    Sandcrafter Mage
    Duress
    Shape the Sands
    Lightning Berserker
    Aven Sunstriker
    Deadly Wanderings
    Forest

Pack 1 pick 3:
    Dutiful Attendant
    Volcanic Rush
    Dromoka Warrior
    Wandering Tombshell
    Sheltered Aerie
    Ojutai's Breath
    Custodian of the Trove
    Summit Prowler
    Stampeding Elk Herd
--> Atarka Pummeler
    Inspiring Call
    Dromoka Monument
    Island

Pack 1 pick 4:
    Glaring Aegis
    Lose Calm
    Territorial Roc
    Tread Upon
    Negate
    Shape the Sands
--> Ojutai's Breath
    Custodian of the Trove
    Sight of the Scalelords
    Dragonlord's Servant
    Encase in Ice
    Mountain

Pack 1 pick 5:
    Gravepurge
--> Dragon Fodder
    Aven Tactician
    Foul-Tongue Shriek
    Dragon's Eye Sentry
    Guardian Shield-Bearer
    Negate
    Glade Watcher
    Strongarm Monk
    Clone Legion
    Plains

Pack 1 pick 6:
    Sandstorm Charger
--> Kolaghan Aspirant
    Lightwalker
    Sidisi's Faithful
    Ainok Artillerist
    Summit Prowler
    Naturalize
    Display of Dominance
    Dromoka Monument
    Mountain

Pack 1 pick 7:
    Territorial Roc
--> Kindled Fury
    Vandalize
    Foul-Tongue Shriek
    Dragon's Eye Sentry
    Revealing Wind
    Keeper of the Lens
    Stormrider Rig
    Swamp

Pack 1 pick 8:
    Territorial Roc
    Mind Rot
    Kindled Fury
    Aven Tactician
    Ancestral Statue
    Naturalize
--> Dragonloft Idol
    Plains

Pack 1 pick 9:
    Magmatic Chasm
    Center Soul
    Vial of Dragonfire
    Glint
    Guardian Shield-Bearer
--> Dromoka's Gift
    Swamp

Pack 1 pick 10:
    Center Soul
    Qarsi Sadist
    Duress
    Shape the Sands
--> Lightning Berserker
    Forest

Pack 1 pick 11:
    Sheltered Aerie
--> Custodian of the Trove
    Inspiring Call
    Dromoka Monument
    Island

Pack 1 pick 12:
--> Shape the Sands
    Custodian of the Trove
    Sight of the Scalelords
    Mountain

Pack 1 pick 13:
--> Foul-Tongue Shriek
    Dragon's Eye Sentry
    Plains

Pack 1 pick 14:
--> Naturalize
    Mountain

Pack 1 pick 15:
--> Swamp

------ DTK ------ 

Pack 2 pick 1:
    Mind Rot
    Kindled Fury
    Aven Tactician
    Hand of Silumgar
    Zephyr Scribe
    Sheltered Aerie
    Shape the Sands
    Ojutai's Breath
    Custodian of the Trove
    Summit Prowler
--> Salt Road Quartermasters
    Orator of Ojutai
    Qarsi Deceiver
    Avatar of the Resolute
    Forest

Pack 2 pick 2:
    Marsh Hulk
    Kindled Fury
    Sandstorm Charger
    Sibsig Icebreakers
    Monastery Loremaster
    Conifer Strider
    Sidisi's Faithful
    Sheltered Aerie
    Silumgar Butcher
    Evolving Wilds
    Echoes of the Kin Tree
    Youthful Scholar
--> Great Teacher's Decree
    Island

Pack 2 pick 3:
    Screamreach Brawler
    Lightwalker
    Wandering Tombshell
    Tail Slash
    Defeat
    Reduce in Stature
    Enduring Victory
    Zephyr Scribe
    Pinion Feast
--> Atarka Pummeler
    Dragonloft Idol
    Marang River Skeleton
    Island

Pack 2 pick 4:
--> Hardened Berserker
    Territorial Roc
    Marsh Hulk
    Kindled Fury
    Negate
    Zephyr Scribe
    Sheltered Aerie
    Ancestral Statue
    Swift Warkite
    Sight Beyond Sight
    Damnable Pact
    Forest

Pack 2 pick 5:
    Impact Tremors
    Student of Ojutai
    Kolaghan Skirmisher
    Kolaghan Stormsinger
    Mystic Meditation
    Ainok Artillerist
    Fate Forgotten
    Taigam's Strike
    Salt Road Quartermasters
--> Qal Sisma Behemoth
    Plains

Pack 2 pick 6:
--> Dragon Fodder
    Glaring Aegis
    Marsh Hulk
    Lose Calm
    Negate
    Tread Upon
    Summit Prowler
    Spidersilk Net
    Dance of the Skywise
    Island

Pack 2 pick 7:
    Aven Tactician
    Hand of Silumgar
    Vial of Dragonfire
    Butcher's Glee
    Glint
    Guardian Shield-Bearer
--> Stormwing Dragon
    Self-Inflicted Wound
    Swamp

Pack 2 pick 8:
    Kolaghan Stormsinger
    Defeat
    Glint
    Revealing Wind
    Tread Upon
    Gate Smasher
--> Atarka Monument
    Forest

Pack 2 pick 9:
    Mind Rot
    Sheltered Aerie
    Shape the Sands
--> Ojutai's Breath
    Custodian of the Trove
    Qarsi Deceiver
    Forest

Pack 2 pick 10:
    Marsh Hulk
--> Kindled Fury
    Sibsig Icebreakers
    Sidisi's Faithful
    Sheltered Aerie
    Island

Pack 2 pick 11:
    Wandering Tombshell
--> Pinion Feast
    Dragonloft Idol
    Marang River Skeleton
    Island

Pack 2 pick 12:
    Negate
    Sheltered Aerie
--> Ancestral Statue
    Forest

Pack 2 pick 13:
    Impact Tremors
--> Taigam's Strike
    Plains

Pack 2 pick 14:
--> Dance of the Skywise
    Island

Pack 2 pick 15:
--> Swamp

------ FRF ------ 

Pack 3 pick 1:
    Reach of Shadows
    Harsh Sustenance
    Pressure Point
    Whisk Away
    Sultai Emissary
    Jeskai Runemark
    Defiant Ogre
    Whisperer of the Wilds
    Collateral Damage
    Temur Runemark
    Reality Shift
    Fearsome Awakening
    Mardu Woe-Reaper
--> Tasigur, the Golden Fang
    Swiftwater Cliffs

Pack 3 pick 2:
    Ancestral Vengeance
    War Flare
    Soul Summons
    Sultai Skullkeeper
--> Goblin Heelcutter
    Ambush Krotiq
    Gore Swine
    Frontier Mastodon
    Alesha's Vanguard
    Diplomacy of the Wastes
    Jeskai Barricade
    Break Through the Line
    Crucible of the Spirit Dragon
    Dismal Backwater

Pack 3 pick 3:
    Sultai Runemark
    Jeskai Sage
    Hooded Assassin
    Pressure Point
    Aven Skirmisher
    Lotus Path Djinn
    Write into Being
    Map the Wastes
    Collateral Damage
    Abzan Beastmaster
    Channel Harm
--> Vaultbreaker
    Scoured Barrens

Pack 3 pick 4:
    Grim Contest
    Aven Skirmisher
    Lotus Path Djinn
    Return to the Earth
    Archers of Qarsi
    Fierce Invocation
    Feral Krushok
    Great-Horn Krushok
--> Mistfire Adept
    Noxious Dragon
    Hungering Yeti
    Dismal Backwater

Pack 3 pick 5:
    Will of the Naga
    Ancestral Vengeance
    Cunning Strike
    Abzan Runemark
    Rakshasa's Disdain
    Mardu Runemark
    Tasigur's Cruelty
--> Temur Battle Rage
    Break Through the Line
    Ghastly Conscription
    Scoured Barrens

Pack 3 pick 6:
    Ancestral Vengeance
    War Flare
    Soul Summons
    Sultai Skullkeeper
    Ambush Krotiq
--> Gore Swine
    Frontier Mastodon
    Alesha's Vanguard
    Rageform
    Thornwood Falls

Pack 3 pick 7:
    Sultai Emissary
    Harsh Sustenance
    Jeskai Runemark
    Frontier Mastodon
    Defiant Ogre
    Ainok Guide
    Alesha's Vanguard
--> Humble Defector
    Wind-Scarred Crag

Pack 3 pick 8:
    Ancestral Vengeance
--> Sultai Skullkeeper
    Ambush Krotiq
    Dark Deal
    Fruit of the First Tree
    Break Through the Line
    Scroll of the Masters
    Bloodfell Caves

Pack 3 pick 9:
    Pressure Point
--> Whisk Away
    Jeskai Runemark
    Defiant Ogre
    Temur Runemark
    Fearsome Awakening
    Swiftwater Cliffs

Pack 3 pick 10:
    Ancestral Vengeance
--> Sultai Skullkeeper
    Ambush Krotiq
    Diplomacy of the Wastes
    Jeskai Barricade
    Break Through the Line

Pack 3 pick 11:
    Sultai Runemark
    Pressure Point
    Aven Skirmisher
    Map the Wastes
--> Scoured Barrens

Pack 3 pick 12:
--> Aven Skirmisher
    Return to the Earth
    Archers of Qarsi
    Great-Horn Krushok

Pack 3 pick 13:
    Ancestral Vengeance
    Tasigur's Cruelty
--> Break Through the Line

Pack 3 pick 14:
--> Soul Summons
    Ambush Krotiq

Pack 3 pick 15:
--> Defiant Ogre

