Event #: 8176266
Time:    19/04/2015 12:47:55 PM
Players:
--> nicholash
    hsa
    stormwriter
    kapurider
    PanteraCanes
    GoldishLeaf
    tub71542
    fuyowi

------ DTK ------ 

Pack 1 pick 1:
    Wandering Tombshell
    Volcanic Rush
    Tormenting Voice
    Keeper of the Lens
    Reckless Imp
    Ancient Carp
    Enduring Victory
    Segmented Krotiq
    Dirgur Nemesis
    Dragon-Scarred Bear
    Circle of Elders
    Rending Volley
--> Youthful Scholar
    Collected Company
    Swamp

Pack 1 pick 2:
    Shambling Goblin
    Dragon Fodder
    Glaring Aegis
    Atarka Efreet
    Foul-Tongue Shriek
    Reduce in Stature
    Dragon's Eye Sentry
    Guardian Shield-Bearer
    Negate
    Tread Upon
--> Ukud Cobra
    Tapestry of the Ages
    Deadly Wanderings
    Mountain

Pack 1 pick 3:
    Dutiful Attendant
    Volcanic Rush
    Dromoka Warrior
    Wandering Tombshell
    Sheltered Aerie
--> Zephyr Scribe
    Naturalize
    Duress
    Ancestral Statue
    Sandcrafter Mage
    Display of Dominance
    Sight Beyond Sight
    Mountain

Pack 1 pick 4:
    Dromoka Warrior
    Kolaghan Aspirant
    Dromoka Dunecaster
    Sheltered Aerie
    Pinion Feast
--> Palace Familiar
    Naturalize
    Duress
    Salt Road Ambushers
    Kolaghan Forerunners
    Living Lore
    Mountain

Pack 1 pick 5:
    Champion of Arashin
    Gravepurge
    Dragon Fodder
    Aven Tactician
    Colossodon Yearling
    Negate
    Shape the Sands
--> Ojutai's Breath
    Custodian of the Trove
    Encase in Ice
    Swamp

Pack 1 pick 6:
    Magmatic Chasm
    Center Soul
    Tormenting Voice
    Keeper of the Lens
--> Elusive Spellfist
    Artful Maneuver
    Sandsteppe Scavenger
    Dromoka Monument
    Hedonist's Trove
    Forest

Pack 1 pick 7:
    Resupply
    Hardened Berserker
    Territorial Roc
    Pinion Feast
--> Palace Familiar
    Spidersilk Net
    Battle Mastery
    Atarka Monument
    Forest

Pack 1 pick 8:
--> Sandstorm Charger
    Sibsig Icebreakers
    Screamreach Brawler
    Shape the Sands
    Custodian of the Trove
    Rending Volley
    Clone Legion
    Forest

Pack 1 pick 9:
    Wandering Tombshell
    Volcanic Rush
    Tormenting Voice
    Keeper of the Lens
    Ancient Carp
--> Dirgur Nemesis
    Swamp

Pack 1 pick 10:
    Shambling Goblin
--> Glaring Aegis
    Foul-Tongue Shriek
    Dragon's Eye Sentry
    Tapestry of the Ages
    Mountain

Pack 1 pick 11:
    Volcanic Rush
    Sheltered Aerie
--> Naturalize
    Duress
    Mountain

Pack 1 pick 12:
    Sheltered Aerie
    Naturalize
--> Living Lore
    Mountain

Pack 1 pick 13:
    Shape the Sands
--> Custodian of the Trove
    Swamp

Pack 1 pick 14:
--> Keeper of the Lens
    Forest

Pack 1 pick 15:
--> Forest

------ DTK ------ 

Pack 2 pick 1:
    Wandering Tombshell
    Volcanic Rush
    Dromoka Warrior
    Coat with Venom
    Colossodon Yearling
    Dirgur Nemesis
    Stampeding Elk Herd
    Spidersilk Net
    Vulturous Aven
    Misthoof Kirin
    Rakshasa Gravecaller
    Gudul Lurker
    Strongarm Monk
--> Icefall Regent
    Forest

Pack 2 pick 2:
    Kolaghan Aspirant
    Dromoka Dunecaster
    Dutiful Attendant
    Impact Tremors
    Sheltered Aerie
    Monastery Loremaster
--> Ojutai's Summons
    Evolving Wilds
    Twin Bolt
    Naturalize
    Dromoka Captain
    Atarka Monument
    Death Wind
    Forest

Pack 2 pick 3:
    Territorial Roc
    Mind Rot
    Kindled Fury
    Aven Tactician
    Sandsteppe Scavenger
    Palace Familiar
    Atarka Beastbreaker
--> Gurmag Drowner
    Spidersilk Net
    Ruthless Deathfang
    Learn from the Past
    Necromaster Dragon
    Island

Pack 2 pick 4:
    Dragon Fodder
    Mind Rot
    Magmatic Chasm
    Sheltered Aerie
    Obscuring Æther
    Silumgar Butcher
    Shape the Sands
--> Ojutai's Breath
    Custodian of the Trove
    Virulent Plague
    Sight Beyond Sight
    Mountain

Pack 2 pick 5:
    Qarsi Sadist
    Screamreach Brawler
    Shambling Goblin
    Ainok Artillerist
    Zephyr Scribe
    Custodian of the Trove
    Vulturous Aven
    Dromoka's Gift
    Seismic Rupture
--> Silumgar Spell-Eater
    Plains

Pack 2 pick 6:
    Coat with Venom
    Kolaghan Stormsinger
    Student of Ojutai
    Shambling Goblin
    Palace Familiar
    Mystic Meditation
    Ancestral Statue
--> Ruthless Deathfang
    Scion of Ugin
    Swamp

Pack 2 pick 7:
    Student of Ojutai
    Kolaghan Stormsinger
    Servant of the Scale
--> Sidisi's Faithful
    Duress
    Ancestral Statue
    Ojutai's Breath
    Dromoka Monument
    Plains

Pack 2 pick 8:
    Sibsig Icebreakers
    Magmatic Chasm
    Dirgur Nemesis
    Custodian of the Trove
--> Taigam's Strike
    Display of Dominance
    Obscuring Æther
    Swamp

Pack 2 pick 9:
    Wandering Tombshell
    Volcanic Rush
    Coat with Venom
    Dirgur Nemesis
    Spidersilk Net
--> Gudul Lurker
    Forest

Pack 2 pick 10:
    Impact Tremors
    Sheltered Aerie
--> Monastery Loremaster
    Naturalize
    Atarka Monument
    Forest

Pack 2 pick 11:
--> Mind Rot
    Sandsteppe Scavenger
    Spidersilk Net
    Learn from the Past
    Island

Pack 2 pick 12:
    Magmatic Chasm
    Sheltered Aerie
--> Virulent Plague
    Mountain

Pack 2 pick 13:
    Qarsi Sadist
--> Custodian of the Trove
    Plains

Pack 2 pick 14:
--> Mystic Meditation
    Swamp

Pack 2 pick 15:
--> Plains

------ FRF ------ 

Pack 3 pick 1:
    Cunning Strike
    Abzan Runemark
    Rakshasa's Disdain
    Reach of Shadows
    Grim Contest
    Aven Skirmisher
    Tasigur's Cruelty
--> Lotus Path Djinn
    Return to the Earth
    Mardu Scout
    Battle Brawler
    Abzan Beastmaster
    Mardu Woe-Reaper
    Yasova Dragonclaw
    Wind-Scarred Crag

Pack 3 pick 2:
    Typhoid Rats
    Ethereal Ambush
    Dragon Bell Monk
    Enhanced Awareness
    Temur Runemark
--> Write into Being
    Bathe in Dragonfire
    Map the Wastes
    Lightning Shrieker
    Ainok Guide
    Diplomacy of the Wastes
    Winds of Qal Sisma
    Break Through the Line
    Swiftwater Cliffs

Pack 3 pick 3:
--> Aven Surveyor
    Ancestral Vengeance
    War Flare
    Soul Summons
    Sultai Skullkeeper
    Archers of Qarsi
    Smoldering Efreet
    Return to the Earth
    Great-Horn Krushok
    Fascination
    Bloodfire Enforcers
    Scroll of the Masters
    Rugged Highlands

Pack 3 pick 4:
    Harsh Sustenance
    Pressure Point
--> Whisk Away
    Jeskai Runemark
    Goblin Heelcutter
    Ambush Krotiq
    Gore Swine
    Frontier Mastodon
    Noxious Dragon
    Battlefront Krushok
    Goblin Boom Keg
    Bloodfell Caves

Pack 3 pick 5:
    Jeskai Sage
    Sibsig Host
    Cunning Strike
    Arashin Cleric
--> Aven Surveyor
    Alesha's Vanguard
    Defiant Ogre
    Collateral Damage
    Shifting Loyalties
    Dragonrage
    Swiftwater Cliffs

Pack 3 pick 6:
    Jeskai Sage
    Hooded Assassin
    Aven Skirmisher
--> Lotus Path Djinn
    Alesha's Vanguard
    Mardu Runemark
    Neutralizing Blast
    Hero's Blade
    Jeskai Barricade
    Crucible of the Spirit Dragon

Pack 3 pick 7:
    Harsh Sustenance
    Jeskai Runemark
    War Flare
    Archers of Qarsi
    Fierce Invocation
    Feral Krushok
    Great-Horn Krushok
--> Frost Walker
    Grave Strength

Pack 3 pick 8:
--> Lotus Path Djinn
    Formless Nurturing
    Abzan Skycaptain
    Jeskai Runemark
    Archers of Qarsi
    Fierce Invocation
    Great-Horn Krushok
    Reality Shift

Pack 3 pick 9:
    Cunning Strike
    Abzan Runemark
    Grim Contest
    Aven Skirmisher
    Tasigur's Cruelty
--> Mardu Scout
    Wind-Scarred Crag

Pack 3 pick 10:
    Ethereal Ambush
--> Enhanced Awareness
    Temur Runemark
    Lightning Shrieker
    Ainok Guide
    Break Through the Line

Pack 3 pick 11:
    Ancestral Vengeance
--> Archers of Qarsi
    Smoldering Efreet
    Fascination
    Scroll of the Masters

Pack 3 pick 12:
--> Jeskai Runemark
    Ambush Krotiq
    Gore Swine
    Goblin Boom Keg

Pack 3 pick 13:
--> Jeskai Sage
    Cunning Strike
    Dragonrage

Pack 3 pick 14:
    Mardu Runemark
--> Crucible of the Spirit Dragon

Pack 3 pick 15:
--> Fierce Invocation

