Event #: 8186688
Time:    4/21/2015 7:03:28 PM
Players:
    rootofallgreevils
    lupen2
    Miathanus
--> Recoil
    Iamanelf
    BishCoddler
    Morphism
    Sythan

------ DTK ------ 

Pack 1 pick 1:
    Kolaghan Aspirant
    Dromoka Dunecaster
    Dutiful Attendant
    Butcher's Glee
    Glint
    Pacifism
    Guardian Shield-Bearer
    Atarka Efreet
    Contradict
    Pinion Feast
    Salt Road Quartermasters
    Qal Sisma Behemoth
    Self-Inflicted Wound
--> Deathbringer Regent
    Forest

Pack 1 pick 2:
    Wandering Tombshell
    Volcanic Rush
    Dromoka Warrior
    Coat with Venom
    Zephyr Scribe
    Sheltered Aerie
    Duress
    Ancestral Statue
    Sandcrafter Mage
    Ojutai's Breath
    Salt Road Ambushers
    Kolaghan Forerunners
--> Silumgar Spell-Eater
    Mountain

Pack 1 pick 3:
    Glaring Aegis
    Qarsi Sadist
    Lose Calm
    Champion of Arashin
    Pinion Feast
--> Palace Familiar
    Sandsteppe Scavenger
    Updraft Elemental
    Stampeding Elk Herd
    Echoes of the Kin Tree
    Sarkhan's Triumph
    Dragon Hunter
    Island

Pack 1 pick 4:
    Lightwalker
    Dutiful Attendant
    Volcanic Rush
    Dirgur Nemesis
    Sheltered Aerie
    Shape the Sands
    Evolving Wilds
    Press the Advantage
    Display of Dominance
    Graceblade Artisan
--> Myth Realized
    Swamp

Pack 1 pick 5:
    Student of Ojutai
--> Shambling Goblin
    Impact Tremors
    Artful Maneuver
    Aerie Bowmasters
    Vandalize
    Foul-Tongue Shriek
    Mystic Meditation
    Sandsteppe Scavenger
    Gate Smasher
    Mountain

Pack 1 pick 6:
    Lose Calm
    Territorial Roc
    Mind Rot
    Herald of Dromoka
    Segmented Krotiq
    Conifer Strider
--> Anticipate
    Enduring Scalelord
    Battle Mastery
    Swamp

Pack 1 pick 7:
    Sibsig Icebreakers
    Magmatic Chasm
    Monastery Loremaster
    Conifer Strider
    Shape the Sands
--> Custodian of the Trove
    Dromoka's Gift
    Seismic Rupture
    Island

Pack 1 pick 8:
    Kolaghan Stormsinger
    Shambling Goblin
    Butcher's Glee
    Segmented Krotiq
--> Sidisi's Faithful
    Sheltered Aerie
    Scaleguard Sentinels
    Island

Pack 1 pick 9:
--> Butcher's Glee
    Glint
    Guardian Shield-Bearer
    Contradict
    Pinion Feast
    Salt Road Quartermasters
    Forest

Pack 1 pick 10:
    Wandering Tombshell
    Volcanic Rush
    Sheltered Aerie
    Duress
--> Ancestral Statue
    Mountain

Pack 1 pick 11:
    Glaring Aegis
    Lose Calm
--> Pinion Feast
    Sarkhan's Triumph
    Island

Pack 1 pick 12:
    Volcanic Rush
--> Sheltered Aerie
    Shape the Sands
    Swamp

Pack 1 pick 13:
    Vandalize
--> Foul-Tongue Shriek
    Mountain

Pack 1 pick 14:
--> Segmented Krotiq
    Swamp

Pack 1 pick 15:
--> Island

------ DTK ------ 

Pack 2 pick 1:
    Dromoka Dunecaster
    Dutiful Attendant
    Impact Tremors
    Student of Ojutai
    Zephyr Scribe
    Pinion Feast
    Taigam's Strike
    Silumgar Butcher
    Evolving Wilds
    Sandcrafter Mage
    Sarkhan's Triumph
    Kolaghan Monument
--> Ultimate Price
    Pitiless Horde
    Island

Pack 2 pick 2:
    Glaring Aegis
    Qarsi Sadist
    Ojutai Interceptor
    Dragon's Eye Sentry
    Revealing Wind
    Vial of Dragonfire
    Butcher's Glee
    Palace Familiar
    Atarka Beastbreaker
--> Rakshasa Gravecaller
    Dromoka Captain
    Silumgar Monument
    Blood-Chin Fanatic
    Mountain

Pack 2 pick 3:
    Lose Calm
    Champion of Arashin
    Gravepurge
    Dragon Fodder
--> Gurmag Drowner
    Tread Upon
    Taigam's Strike
    Stampeding Elk Herd
    Rending Volley
    Dromoka's Gift
    Belltoll Dragon
    Dragon Tempest
    Forest

Pack 2 pick 4:
--> Marsh Hulk
    Kindled Fury
    Elusive Spellfist
    Herald of Dromoka
    Keeper of the Lens
    Reckless Imp
    Dirgur Nemesis
    Servant of the Scale
    Echoes of the Kin Tree
    Orator of Ojutai
    Qarsi Deceiver
    Plains

Pack 2 pick 5:
    Magmatic Chasm
    Center Soul
    Glint
    Artful Maneuver
    Revealing Wind
    Vandalize
    Fate Forgotten
--> Flatten
    Monastery Loremaster
    Gudul Lurker
    Swamp

Pack 2 pick 6:
    Wandering Tombshell
    Volcanic Rush
    Reduce in Stature
    Vial of Dragonfire
    Butcher's Glee
    Ainok Artillerist
    Zephyr Scribe
    Great Teacher's Decree
--> Youthful Scholar
    Swamp

Pack 2 pick 7:
    Territorial Roc
--> Mind Rot
    Kindled Fury
    Aven Tactician
    Dirgur Nemesis
    Shape the Sands
    Dromoka's Gift
    Seismic Rupture
    Plains

Pack 2 pick 8:
    Mind Rot
    Magmatic Chasm
    Resupply
    Colossodon Yearling
--> Gurmag Drowner
    Spidersilk Net
    Dragonlord's Servant
    Swamp

Pack 2 pick 9:
    Dromoka Dunecaster
    Impact Tremors
    Student of Ojutai
--> Zephyr Scribe
    Sarkhan's Triumph
    Kolaghan Monument
    Island

Pack 2 pick 10:
    Glaring Aegis
    Dragon's Eye Sentry
    Revealing Wind
    Vial of Dragonfire
--> Silumgar Monument
    Mountain

Pack 2 pick 11:
    Lose Calm
--> Rending Volley
    Dromoka's Gift
    Dragon Tempest
    Forest

Pack 2 pick 12:
    Keeper of the Lens
--> Dirgur Nemesis
    Servant of the Scale
    Plains

Pack 2 pick 13:
--> Glint
    Vandalize
    Swamp

Pack 2 pick 14:
--> Volcanic Rush
    Swamp

Pack 2 pick 15:
--> Plains

------ FRF ------ 

Pack 3 pick 1:
    Hooded Assassin
    Abzan Skycaptain
    Enhanced Awareness
--> Typhoid Rats
    Grim Contest
    Dragon Bell Monk
    Great-Horn Krushok
    Bathe in Dragonfire
    Frontier Mastodon
    Defiant Ogre
    Abzan Kin-Guard
    Shockmaw Dragon
    Wandering Champion
    Crucible of the Spirit Dragon
    Rugged Highlands

Pack 3 pick 2:
    Pressure Point
    Aven Skirmisher
    Douse in Gloom
    Ethereal Ambush
    Abzan Advantage
    Mardu Scout
    Archers of Qarsi
    Fierce Invocation
    Feral Krushok
    Battlefront Krushok
--> Cloudform
    Wandering Champion
    Arcbond
    Wind-Scarred Crag

Pack 3 pick 3:
    Arashin Cleric
    Typhoid Rats
    Ethereal Ambush
    Enhanced Awareness
    Lightning Shrieker
    Archers of Qarsi
    Smoldering Efreet
    Return to the Earth
--> Orc Sureshot
    Temur Sabertooth
    Mardu Woe-Reaper
    Wildcall
    Tranquil Cove

Pack 3 pick 4:
    Abzan Runemark
    Rakshasa's Disdain
    Grim Contest
    Frontier Mastodon
    Alesha's Vanguard
    Defiant Ogre
    Whisperer of the Wilds
    Battlefront Krushok
    Shifting Loyalties
    Jeskai Barricade
--> Mardu Strike Leader
    Bloodfell Caves

Pack 3 pick 5:
    Harsh Sustenance
    Pressure Point
    Map the Wastes
    Collateral Damage
    Formless Nurturing
    Sandsteppe Outcast
    Temur Battle Rage
    Hunt the Weak
--> Marang River Prowler
    Mardu Shadowspear
    Blossoming Sands

Pack 3 pick 6:
    Refocus
    Ancestral Vengeance
    Cunning Strike
    Great-Horn Krushok
    Ambush Krotiq
    Gore Swine
    Fascination
    Humble Defector
    Mob Rule
--> Thornwood Falls

Pack 3 pick 7:
    Rakshasa's Disdain
    Abzan Advantage
    Sultai Runemark
    Ainok Guide
    Alesha's Vanguard
    Gore Swine
    Whisperer of the Wilds
--> Fearsome Awakening
    Bloodfell Caves

Pack 3 pick 8:
    Sibsig Host
    Cunning Strike
    Fierce Invocation
    Temur Runemark
    Tasigur's Cruelty
    Feral Krushok
    Cached Defenses
--> Thornwood Falls

Pack 3 pick 9:
    Hooded Assassin
--> Grim Contest
    Great-Horn Krushok
    Frontier Mastodon
    Defiant Ogre
    Abzan Kin-Guard
    Rugged Highlands

Pack 3 pick 10:
    Ethereal Ambush
    Abzan Advantage
    Archers of Qarsi
    Fierce Invocation
--> Feral Krushok
    Battlefront Krushok

Pack 3 pick 11:
    Ethereal Ambush
    Lightning Shrieker
    Archers of Qarsi
    Smoldering Efreet
--> Return to the Earth

Pack 3 pick 12:
    Abzan Runemark
--> Grim Contest
    Defiant Ogre
    Battlefront Krushok

Pack 3 pick 13:
--> Map the Wastes
    Collateral Damage
    Formless Nurturing

Pack 3 pick 14:
--> Refocus
    Ambush Krotiq

Pack 3 pick 15:
--> Alesha's Vanguard

