Event #: 8221389
Time:    30.04.2015 19:31:40
Players:
    Swonder
    jason646
--> MadMetalist
    W4R4N
    DViskoe
    SpikeFanatic
    Diggyben
    Witra

------ DTK ------ 

Pack 1 pick 1:
    Impact Tremors
    Student of Ojutai
    Kolaghan Skirmisher
    Sight Beyond Sight
    Sheltered Aerie
    Contradict
    Shape the Sands
    Ojutai's Summons
    Evolving Wilds
    Summit Prowler
    Savage Ventmaw
    Lightning Berserker
    Silumgar Spell-Eater
--> Risen Executioner
    Forest

Pack 1 pick 2:
    Mind Rot
    Magmatic Chasm
    Dragon's Eye Sentry
    Revealing Wind
    Vial of Dragonfire
--> Butcher's Glee
    Glint
    Atarka Beastbreaker
    Gurmag Drowner
    Battle Mastery
    Kolaghan Monument
    Dromoka Monument
    Commune with Lava
    Forest

Pack 1 pick 3:
    Sandstorm Charger
    Kolaghan Skirmisher
    Kolaghan Aspirant
    Lightwalker
    Tread Upon
    Contradict
    Ancestral Statue
    Duress
    Misthoof Kirin
    Dromoka's Gift
    Void Squall
--> Volcanic Vision
    Swamp

Pack 1 pick 4:
    Wandering Tombshell
    Guardian Shield-Bearer
    Sarkhan's Rage
    Vial of Dragonfire
    Butcher's Glee
    Ojutai Interceptor
    Colossodon Yearling
    Dirgur Nemesis
    Gudul Lurker
    Surge of Righteousness
--> Damnable Pact
    Swamp

Pack 1 pick 5:
    Sandstorm Charger
    Sibsig Icebreakers
    Enduring Victory
    Tormenting Voice
    Keeper of the Lens
    Reckless Imp
    Elusive Spellfist
    Circle of Elders
    Dragon Hunter
--> Hedonist's Trove
    Mountain

Pack 1 pick 6:
    Impact Tremors
    Glaring Aegis
    Qarsi Sadist
--> Atarka Efreet
    Foul-Tongue Shriek
    Sidisi's Faithful
    Sarkhan's Triumph
    Dance of the Skywise
    Dragonloft Idol
    Island

Pack 1 pick 7:
--> Screamreach Brawler
    Resupply
    Ainok Artillerist
    Updraft Elemental
    Taigam's Strike
    Sprinting Warbrute
    Sight of the Scalelords
    Stormwing Dragon
    Island

Pack 1 pick 8:
    Magmatic Chasm
    Center Soul
    Revealing Wind
    Vandalize
    Fate Forgotten
--> Ancient Carp
    Contradict
    Island

Pack 1 pick 9:
    Impact Tremors
--> Kolaghan Skirmisher
    Sheltered Aerie
    Contradict
    Shape the Sands
    Lightning Berserker
    Forest

Pack 1 pick 10:
--> Mind Rot
    Magmatic Chasm
    Revealing Wind
    Kolaghan Monument
    Dromoka Monument
    Forest

Pack 1 pick 11:
    Sandstorm Charger
--> Lightwalker
    Contradict
    Duress
    Swamp

Pack 1 pick 12:
--> Wandering Tombshell
    Vial of Dragonfire
    Dirgur Nemesis
    Swamp

Pack 1 pick 13:
--> Sibsig Icebreakers
    Keeper of the Lens
    Mountain

Pack 1 pick 14:
--> Foul-Tongue Shriek
    Island

Pack 1 pick 15:
--> Island

------ DTK ------ 

Pack 2 pick 1:
    Lose Calm
    Champion of Arashin
    Dragon's Eye Sentry
    Guardian Shield-Bearer
    Sarkhan's Rage
    Vial of Dragonfire
    Butcher's Glee
    Ojutai Interceptor
    Sheltered Aerie
    Zephyr Scribe
    Salt Road Quartermasters
    Warbringer
    Encase in Ice
--> Dragonlord Kolaghan
    Swamp

Pack 2 pick 2:
    Glaring Aegis
    Qarsi Sadist
    Lose Calm
    Champion of Arashin
    Pinion Feast
    Mystic Meditation
--> Silumgar Butcher
    Evolving Wilds
    Sandcrafter Mage
    Duress
    Lurking Arynx
    Dragonlord's Servant
    Ambuscade Shaman
    Forest

Pack 2 pick 3:
    Shambling Goblin
    Dragon Fodder
    Glaring Aegis
    Artful Maneuver
--> Summit Prowler
    Vandalize
    Foul-Tongue Shriek
    Servant of the Scale
    Sidisi's Faithful
    Sight of the Scalelords
    Dragonlord's Servant
    Blood-Chin Rager
    Mountain

Pack 2 pick 4:
--> Hardened Berserker
    Sandstorm Charger
    Kolaghan Skirmisher
    Guardian Shield-Bearer
    Elusive Spellfist
    Tread Upon
    Updraft Elemental
    Scaleguard Sentinels
    Strongarm Monk
    Silumgar Spell-Eater
    Berserkers' Onslaught
    Forest

Pack 2 pick 5:
    Dutiful Attendant
    Volcanic Rush
    Wandering Tombshell
    Colossodon Yearling
    Negate
--> Twin Bolt
    Naturalize
    Duress
    Display of Dominance
    Belltoll Dragon
    Plains

Pack 2 pick 6:
    Center Soul
    Qarsi Sadist
--> Sabertooth Outrider
    Guardian Shield-Bearer
    Elusive Spellfist
    Pinion Feast
    Sidisi's Faithful
    Herdchaser Dragon
    Stormcrag Elemental
    Plains

Pack 2 pick 7:
    Gravepurge
--> Hardened Berserker
    Artful Maneuver
    Revealing Wind
    Vandalize
    Fate Forgotten
    Ancient Carp
    Sandsteppe Scavenger
    Island

Pack 2 pick 8:
--> Screamreach Brawler
    Wandering Tombshell
    Volcanic Rush
    Summit Prowler
    Spidersilk Net
    Atarka Monument
    Illusory Gains
    Mountain

Pack 2 pick 9:
--> Lose Calm
    Dragon's Eye Sentry
    Vial of Dragonfire
    Sheltered Aerie
    Zephyr Scribe
    Encase in Ice
    Swamp

Pack 2 pick 10:
    Qarsi Sadist
    Lose Calm
    Mystic Meditation
    Duress
--> Dragonlord's Servant
    Forest

Pack 2 pick 11:
--> Glaring Aegis
    Vandalize
    Foul-Tongue Shriek
    Sight of the Scalelords
    Mountain

Pack 2 pick 12:
    Tread Upon
    Updraft Elemental
--> Scaleguard Sentinels
    Forest

Pack 2 pick 13:
--> Wandering Tombshell
    Duress
    Plains

Pack 2 pick 14:
--> Sidisi's Faithful
    Plains

Pack 2 pick 15:
--> Island

------ FRF ------ 

Pack 3 pick 1:
    Lotus Path Djinn
    Sultai Emissary
    Harsh Sustenance
    Abzan Skycaptain
    Battlefront Krushok
    Douse in Gloom
    Mardu Runemark
    Ambush Krotiq
    Write into Being
--> Goblin Heelcutter
    Winds of Qal Sisma
    Break Through the Line
    Wardscale Dragon
    Rally the Ancestors
    Swiftwater Cliffs

Pack 3 pick 2:
    Cunning Strike
    Abzan Runemark
    Rakshasa's Disdain
--> Reach of Shadows
    Grim Contest
    Aven Skirmisher
    Ainok Guide
    Alesha's Vanguard
    Gore Swine
    Whisperer of the Wilds
    Fearsome Awakening
    Renowned Weaponsmith
    Jeskai Barricade
    Arcbond

Pack 3 pick 3:
    Sultai Skullkeeper
    Sandblast
    Sultai Runemark
    Jeskai Sage
    Hooded Assassin
    Fierce Invocation
    Temur Runemark
    Tasigur's Cruelty
    Mardu Scout
    Feral Krushok
--> Battle Brawler
    Hewed Stone Retainers
    Mastery of the Unseen

Pack 3 pick 4:
--> Reach of Shadows
    Harsh Sustenance
    Pressure Point
    Whisk Away
    Map the Wastes
    Lightning Shrieker
    Ainok Guide
    Sandsteppe Outcast
    Smoldering Efreet
    Hunt the Weak
    Reality Shift
    Scoured Barrens

Pack 3 pick 5:
    Cunning Strike
    Arashin Cleric
    Aven Surveyor
    Typhoid Rats
    Ethereal Ambush
    Dragon Bell Monk
    Archers of Qarsi
    Feral Krushok
    Diplomacy of the Wastes
--> Hero's Blade
    Jungle Hollow

Pack 3 pick 6:
    Rakshasa's Disdain
--> Gurmag Angler
    Abzan Advantage
    Will of the Naga
    Sultai Runemark
    Frontier Mastodon
    Alesha's Vanguard
    Defiant Ogre
    Abzan Kin-Guard
    Jungle Hollow

Pack 3 pick 7:
    Enhanced Awareness
    Refocus
    Soul Summons
    Will of the Naga
--> Ancestral Vengeance
    Great-Horn Krushok
    Defiant Ogre
    Mardu Shadowspear
    Friendly Fire

Pack 3 pick 8:
    Sultai Emissary
    Harsh Sustenance
    Jeskai Runemark
--> Mardu Runemark
    Write into Being
    Diplomacy of the Wastes
    Honor's Reward
    Thornwood Falls

Pack 3 pick 9:
    Harsh Sustenance
    Battlefront Krushok
--> Mardu Runemark
    Ambush Krotiq
    Break Through the Line
    Rally the Ancestors
    Swiftwater Cliffs

Pack 3 pick 10:
    Cunning Strike
    Abzan Runemark
    Rakshasa's Disdain
    Grim Contest
--> Fearsome Awakening
    Renowned Weaponsmith

Pack 3 pick 11:
    Sultai Skullkeeper
    Sultai Runemark
--> Hooded Assassin
    Temur Runemark
    Tasigur's Cruelty

Pack 3 pick 12:
    Harsh Sustenance
    Pressure Point
--> Whisk Away
    Lightning Shrieker

Pack 3 pick 13:
    Cunning Strike
--> Ethereal Ambush
    Archers of Qarsi

Pack 3 pick 14:
--> Rakshasa's Disdain
    Sultai Runemark

Pack 3 pick 15:
--> Soul Summons

