Event #: 8230649
Time:    5/2/2015 7:21:23 PM
Players:
    Masaharu Morinaga
    Shinhangpyo51
    pathtoexile
    Dier1337
--> malthrin
    Parrhesian
    Acores88
    nightwingplus

------ DTK ------ 

Pack 1 pick 1:
    Hand of Silumgar
    Screamreach Brawler
    Resupply
    Gravepurge
    Zephyr Scribe
    Pinion Feast
    Summit Prowler
    Naturalize
    Silumgar Butcher
    Custodian of the Trove
    Dromoka Captain
    Echoes of the Kin Tree
    Great Teacher's Decree
--> Silumgar's Command
    Forest

Pack 1 pick 2:
    Dromoka Warrior
    Coat with Venom
    Kolaghan Aspirant
    Dromoka Dunecaster
    Pinion Feast
    Sidisi's Faithful
    Shape the Sands
    Ojutai's Breath
    Custodian of the Trove
    Summit Prowler
    Salt Road Ambushers
    Stormcrag Elemental
--> Youthful Scholar
    Swamp

Pack 1 pick 3:
    Qarsi Sadist
    Lose Calm
--> Coat with Venom
    Gravepurge
    Conifer Strider
    Anticipate
    Taigam's Strike
    Ancestral Statue
    Echoes of the Kin Tree
    Silkwrap
    Qarsi Deceiver
    Berserkers' Onslaught
    Plains

Pack 1 pick 4:
    Magmatic Chasm
    Center Soul
    Coat with Venom
    Kolaghan Stormsinger
    Sandsteppe Scavenger
    Updraft Elemental
    Monastery Loremaster
    Evolving Wilds
    Summit Prowler
    Graceblade Artisan
--> Skywise Teachings
    Forest

Pack 1 pick 5:
    Volcanic Rush
    Dromoka Warrior
    Wandering Tombshell
    Dirgur Nemesis
    Impact Tremors
    Naturalize
    Custodian of the Trove
    Lightning Berserker
--> Silumgar Spell-Eater
    Hedonist's Trove
    Forest

Pack 1 pick 6:
    Impact Tremors
    Glaring Aegis
    Qarsi Sadist
--> Zephyr Scribe
    Spidersilk Net
    Taigam's Strike
    Learn from the Past
    Dromoka Monument
    Profound Journey
    Plains

Pack 1 pick 7:
    Qarsi Sadist
    Champion of Arashin
    Shambling Goblin
    Servant of the Scale
--> Contradict
    Fate Forgotten
    Taigam's Strike
    Dragonloft Idol
    Mountain

Pack 1 pick 8:
    Resupply
    Gravepurge
    Revealing Wind
    Vial of Dragonfire
    Ainok Artillerist
--> Monastery Loremaster
    Sight of the Scalelords
    Mountain

Pack 1 pick 9:
    Screamreach Brawler
    Resupply
    Gravepurge
--> Zephyr Scribe
    Naturalize
    Custodian of the Trove
    Forest

Pack 1 pick 10:
    Dromoka Dunecaster
    Sidisi's Faithful
    Shape the Sands
--> Ojutai's Breath
    Custodian of the Trove
    Swamp

Pack 1 pick 11:
--> Qarsi Sadist
    Gravepurge
    Ancestral Statue
    Qarsi Deceiver
    Plains

Pack 1 pick 12:
--> Magmatic Chasm
    Kolaghan Stormsinger
    Sandsteppe Scavenger
    Forest

Pack 1 pick 13:
    Dirgur Nemesis
--> Custodian of the Trove
    Forest

Pack 1 pick 14:
--> Spidersilk Net
    Plains

Pack 1 pick 15:
--> Mountain

------ DTK ------ 

Pack 2 pick 1:
    Territorial Roc
    Marsh Hulk
    Sarkhan's Rage
    Vial of Dragonfire
    Butcher's Glee
--> Ojutai Interceptor
    Herald of Dromoka
    Segmented Krotiq
    Dirgur Nemesis
    Dragon-Scarred Bear
    Salt Road Quartermasters
    Warbringer
    Void Squall
    Arashin Sovereign
    Swamp

Pack 2 pick 2:
    Sandstorm Charger
    Sibsig Icebreakers
    Screamreach Brawler
    Lightwalker
    Tread Upon
    Updraft Elemental
    Summit Prowler
    Spidersilk Net
--> Vulturous Aven
    Herdchaser Dragon
    Gudul Lurker
    Strongarm Monk
    Damnable Pact
    Swamp

Pack 2 pick 3:
    Lightwalker
    Dutiful Attendant
    Volcanic Rush
    Dromoka Warrior
    Sheltered Aerie
    Zephyr Scribe
    Taigam's Strike
    Summit Prowler
    Spidersilk Net
    Dromoka Captain
    Dromoka Monument
--> Dragonlord's Prerogative
    Forest

Pack 2 pick 4:
    Champion of Arashin
    Gravepurge
    Dragon Fodder
    Pinion Feast
    Mystic Meditation
--> Evolving Wilds
    Sandcrafter Mage
    Duress
    Shape the Sands
    Savage Ventmaw
    Void Squall
    Island

Pack 2 pick 5:
    Kolaghan Stormsinger
    Center Soul
    Qarsi Sadist
    Palace Familiar
--> Ojutai's Summons
    Evolving Wilds
    Naturalize
    Sarkhan's Triumph
    Kolaghan Monument
    Dragon Hunter
    Swamp

Pack 2 pick 6:
    Kolaghan Stormsinger
    Student of Ojutai
    Foul-Tongue Shriek
    Dragon's Eye Sentry
    Guardian Shield-Bearer
    Dirgur Nemesis
    Servant of the Scale
--> Youthful Scholar
    Hedonist's Trove
    Mountain

Pack 2 pick 7:
    Resupply
    Foul-Tongue Shriek
--> Reduce in Stature
    Dragon's Eye Sentry
    Sidisi's Faithful
    Servant of the Scale
    Sarkhan's Triumph
    Dance of the Skywise
    Swamp

Pack 2 pick 8:
    Dromoka Dunecaster
    Dutiful Attendant
    Impact Tremors
    Mystic Meditation
--> Evolving Wilds
    Summit Prowler
    Naturalize
    Island

Pack 2 pick 9:
    Territorial Roc
    Vial of Dragonfire
    Herald of Dromoka
--> Segmented Krotiq
    Dirgur Nemesis
    Void Squall
    Swamp

Pack 2 pick 10:
    Sibsig Icebreakers
    Lightwalker
    Updraft Elemental
    Spidersilk Net
--> Gudul Lurker
    Swamp

Pack 2 pick 11:
    Volcanic Rush
    Sheltered Aerie
--> Zephyr Scribe
    Taigam's Strike
    Forest

Pack 2 pick 12:
    Gravepurge
--> Mystic Meditation
    Shape the Sands
    Island

Pack 2 pick 13:
--> Palace Familiar
    Sarkhan's Triumph
    Swamp

Pack 2 pick 14:
--> Dragon's Eye Sentry
    Mountain

Pack 2 pick 15:
--> Swamp

------ FRF ------ 

Pack 3 pick 1:
    Lotus Path Djinn
--> Douse in Gloom
    Ethereal Ambush
    Abzan Advantage
    Return to the Earth
    Great-Horn Krushok
    Goblin Heelcutter
    Ambush Krotiq
    Gore Swine
    Frontier Mastodon
    Merciless Executioner
    Ruthless Instincts
    Lightform
    Wildcall
    Thornwood Falls

Pack 3 pick 2:
    Typhoid Rats
    Grim Contest
    Dragon Bell Monk
    Rakshasa's Disdain
--> Gurmag Angler
    Abzan Advantage
    Write into Being
    Forest
    Map the Wastes
    Lightning Shrieker
    Orc Sureshot
    Destructor Dragon
    Elite Scaleguard
    Wind-Scarred Crag

Pack 3 pick 3:
    Lotus Path Djinn
--> Douse in Gloom
    Ethereal Ambush
    Abzan Advantage
    Return to the Earth
    Great-Horn Krushok
    Ambush Krotiq
    Gore Swine
    Frontier Mastodon
    Mardu Shadowspear
    Sudden Reclamation
    Wardscale Dragon
    Tranquil Cove

Pack 3 pick 4:
    Ancestral Vengeance
    Cunning Strike
    Abzan Runemark
    Rakshasa's Disdain
--> Grim Contest
    Write into Being
    Map the Wastes
    Collateral Damage
    Fearsome Awakening
    Renowned Weaponsmith
    Rageform
    Rugged Highlands

Pack 3 pick 5:
--> Grim Contest
    Dragon Bell Monk
    Rakshasa's Disdain
    Abzan Advantage
    Will of the Naga
    Write into Being
    Map the Wastes
    Lightning Shrieker
    Qarsi High Priest
    Battlefront Krushok
    Blossoming Sands

Pack 3 pick 6:
    Sultai Runemark
--> Jeskai Sage
    Pressure Point
    Aven Skirmisher
    Lightning Shrieker
    Archers of Qarsi
    Smoldering Efreet
    Mindscour Dragon
    Friendly Fire
    Pilgrim of the Fires

Pack 3 pick 7:
    Soul Summons
    Sultai Skullkeeper
    Pressure Point
--> Whisk Away
    Mardu Runemark
    Formless Nurturing
    Tasigur's Cruelty
    Friendly Fire
    Bloodfell Caves

Pack 3 pick 8:
    Grim Contest
    Aven Skirmisher
--> Lotus Path Djinn
    Harsh Sustenance
    Formless Nurturing
    Sibsig Muckdraggers
    Hero's Blade
    Bloodfell Caves

Pack 3 pick 9:
--> Lotus Path Djinn
    Ethereal Ambush
    Abzan Advantage
    Great-Horn Krushok
    Ambush Krotiq
    Gore Swine
    Thornwood Falls

Pack 3 pick 10:
--> Grim Contest
    Rakshasa's Disdain
    Write into Being
    Forest
    Lightning Shrieker
    Wind-Scarred Crag

Pack 3 pick 11:
--> Ethereal Ambush
    Abzan Advantage
    Great-Horn Krushok
    Sudden Reclamation
    Tranquil Cove

Pack 3 pick 12:
    Ancestral Vengeance
    Cunning Strike
--> Rakshasa's Disdain
    Renowned Weaponsmith

Pack 3 pick 13:
    Rakshasa's Disdain
    Abzan Advantage
--> Write into Being

Pack 3 pick 14:
    Sultai Runemark
--> Aven Skirmisher

Pack 3 pick 15:
--> Sultai Skullkeeper

