Event #: 8328819
Time:    5/28/2015 8:18:25 PM
Players:
    IsLadyGagaIRL
    BOMB2
    Bushle
    _ANZ_
    Good_Game
    dgeary15010
--> Qunto
    CHROMATONE

------ MM2 ------ 

Pack 1 pick 1:
    Gut Shot
    Apostle's Blessing
    Dread Drone
    Brute Force
    Narcolepsy
    Scatter the Seeds
    Death Denied
    Myr Enforcer
    Sundering Vitae
    Cathodion
    Dispatch
    Selesnya Guildmage
    Etched Oracle
--> Blinkmoth Nexus
    Rakdos Carnarium

Pack 1 pick 2:
    Brute Force
--> Sunlance
    Thrummingbird
    Sign in Blood
    Goblin War Paint
    Simic Initiate
    Runed Servitor
    Telling Time
    Matca Rioters
    Izzet Boilerworks
    Spread the Sickness
    Artisan of Kozilek
    Surrakar Spellblade
    Tezzeret's Gambit

Pack 1 pick 3:
    Conclave Phalanx
    Scuttling Death
    Gorehorn Minotaurs
    Repeal
    Grim Affliction
    Fiery Fall
    Gnarlid Pack
    Sickleslicer
    Telling Time
    Plummet
--> Tezzeret's Gambit
    Novijen Sages
    Surgical Extraction

Pack 1 pick 4:
    Sunspear Shikari
    Scuttling Death
    Fortify
    Vigean Graftmage
    Instill Infection
    Fiery Fall
    Thrive
    Faerie Mechanist
    Matca Rioters
    Culling Dais
--> Ethercaste Knight
    Thrive

Pack 1 pick 5:
    Raise the Alarm
    Bone Splinters
    Cloud Elemental
--> Flayer Husk
    Goblin War Paint
    Æthersnipe
    Commune with Nature
    Overwhelm
    Devouring Greed
    All Suns' Dawn
    Dragonsoul Knight

Pack 1 pick 6:
    Viashino Slaughtermaster
    Kami of Ancient Law
    Mighty Leap
    Repeal
    Flayer Husk
    Blades of Velis Vel
    Sylvan Bounty
--> Glint Hawk Idol
    Dimir Aqueduct
    Mutagenic Growth

Pack 1 pick 7:
    Inner-Flame Igniter
    Terashi's Grasp
--> Gust-Skimmer
    Shrivel
    Blades of Velis Vel
    Tukatongue Thallid
    Aquastrand Spider
    Selesnya Sanctuary
    Brute Force

Pack 1 pick 8:
    Smokebraider
    Otherworldly Journey
    Bone Splinters
    Soulbright Flamekin
    Cathodion
    Waking Nightmare
    Sphere of the Suns
--> Frogmite

Pack 1 pick 9:
    Apostle's Blessing
    Dread Drone
    Brute Force
    Death Denied
--> Myr Enforcer
    Sundering Vitae
    Etched Oracle

Pack 1 pick 10:
    Brute Force
    Sign in Blood
    Simic Initiate
    Runed Servitor
    Telling Time
--> Surrakar Spellblade

Pack 1 pick 11:
    Conclave Phalanx
    Sickleslicer
    Telling Time
--> Plummet
    Novijen Sages

Pack 1 pick 12:
    Instill Infection
    Thrive
--> Culling Dais
    Thrive

Pack 1 pick 13:
--> Commune with Nature
    Overwhelm
    Devouring Greed

Pack 1 pick 14:
--> Blades of Velis Vel
    Sylvan Bounty

Pack 1 pick 15:
--> Inner-Flame Igniter

------ MM2 ------ 

Pack 2 pick 1:
    Vampire Lacerator
    Blood Ogre
    Raise the Alarm
    Cloud Elemental
    Grim Affliction
    Smash to Smithereens
    Gnarlid Pack
    Glint Hawk Idol
    Helium Squirter
    Kozilek's Predator
--> Hikari, Twilight Guardian
    Pillory of the Sleepless
    Cytoplast Root-Kin
    Ghost Council of Orzhova
    Electrolyze

Pack 2 pick 2:
    Smokebraider
    Otherworldly Journey
    Bone Splinters
    Cloud Elemental
    Flayer Husk
    Goblin War Paint
    Tukatongue Thallid
    Blinding Souleater
    Æthersnipe
    Tezzeret's Gambit
    Taj-Nar Swordsmith
    Lorescale Coatl
--> Eye of Ugin
    Thoughtcast

Pack 2 pick 3:
    Scuttling Death
    Gorehorn Minotaurs
    Court Homunculus
    Ghostly Changeling
    Vapor Snag
--> Thoughtcast
    Kitesail
    Wrap in Flames
    Wayfarer's Bauble
    Boros Garrison
    Pelakka Wurm
    Plaxcaster Frogling
    Aquastrand Spider

Pack 2 pick 4:
    Sunspear Shikari
    Thief of Hope
    Viashino Slaughtermaster
    Kami of Ancient Law
    Wings of Velis Vel
    Rampant Growth
--> Frogmite
    Death Denied
    Copper Carapace
    Wrap in Flames
    Expedition Map
    Glint Hawk Idol

Pack 2 pick 5:
    Plagued Rusalka
    Blood Ogre
    Mighty Leap
    Sign in Blood
    Simic Initiate
    Terashi's Grasp
    Steady Progress
    Matca Rioters
--> Darksteel Axe
    Sigil Blessing
    Vampire Outcasts

Pack 2 pick 6:
    Kami of Ancient Law
    Nameless Inversion
    Thrummingbird
    Sign in Blood
    Goblin War Paint
    Simic Initiate
    Runed Servitor
--> Vapor Snag
    Izzet Boilerworks
    Lorescale Coatl

Pack 2 pick 7:
    Burst Lightning
    Blinding Souleater
    Vigean Graftmage
    Shrivel
    Sylvan Bounty
--> Somber Hoverguard
    Rakdos Carnarium
    Inexorable Tide
    Sundering Vitae

Pack 2 pick 8:
    Soulbright Flamekin
    Thief of Hope
--> Sign in Blood
    Goblin War Paint
    Simic Initiate
    Runed Servitor
    Izzet Boilerworks
    Worldheart Phoenix

Pack 2 pick 9:
    Vampire Lacerator
    Smash to Smithereens
    Gnarlid Pack
    Glint Hawk Idol
--> Helium Squirter
    Pillory of the Sleepless
    Cytoplast Root-Kin

Pack 2 pick 10:
    Smokebraider
--> Otherworldly Journey
    Bone Splinters
    Goblin War Paint
    Lorescale Coatl
    Thoughtcast

Pack 2 pick 11:
    Scuttling Death
--> Court Homunculus
    Ghostly Changeling
    Wrap in Flames
    Plaxcaster Frogling

Pack 2 pick 12:
    Viashino Slaughtermaster
--> Wings of Velis Vel
    Death Denied
    Wrap in Flames

Pack 2 pick 13:
    Plagued Rusalka
--> Sign in Blood
    Steady Progress

Pack 2 pick 14:
--> Sign in Blood
    Goblin War Paint

Pack 2 pick 15:
--> Shrivel

------ MM2 ------ 

Pack 3 pick 1:
    Moonlit Strider
    Dread Drone
    Dragonsoul Knight
    Cloud Elemental
    Grim Affliction
    Smash to Smithereens
    Gnarlid Pack
    Glint Hawk Idol
--> Stoic Rebuttal
    Aquastrand Spider
    Deathmark
    Eldrazi Temple
    Algae Gharial
    Argent Sphinx
    Vapor Snag

Pack 3 pick 2:
--> Court Homunculus
    Ghostly Changeling
    Mighty Leap
    Gust-Skimmer
    Sign in Blood
    Tribal Flames
    Simic Initiate
    Terashi's Grasp
    Wings of Velis Vel
    Vines of Vastwood
    Restless Apparition
    Daggerclaw Imp
    Scute Mob
    Long-Forgotten Gohei

Pack 3 pick 3:
    Bone Splinters
    Sunspear Shikari
    Scuttling Death
    Steady Progress
    Kavu Primarch
    Rusted Relic
    Death Denied
    Evolving Wilds
    Sundering Vitae
    Celestial Purge
--> Ethercaste Knight
    Bloodshot Trainee
    Shrivel

Pack 3 pick 4:
    Bloodthrone Vampire
    Dragonsoul Knight
    Mighty Leap
    Repeal
--> Flayer Husk
    Blades of Velis Vel
    Sylvan Bounty
    Æthersnipe
    Plummet
    Artisan of Kozilek
    Root-Kin Ally
    Rusted Relic

Pack 3 pick 5:
    Inner-Flame Igniter
    Conclave Phalanx
    Bloodthrone Vampire
--> Thrummingbird
    Instill Infection
    Smash to Smithereens
    Thrive
    Sickleslicer
    Telling Time
    Matca Rioters
    Cloud Elemental

Pack 3 pick 6:
    Conclave Phalanx
    Bloodthrone Vampire
    Telling Time
    Myr Enforcer
--> Darksteel Citadel
    Alloy Myr
    Rusted Relic
    Azorius Chancery
    Combust
    Reassembling Skeleton

Pack 3 pick 7:
    Vampire Lacerator
    Blood Ogre
    Sickle Ripper
    Vapor Snag
--> Darksteel Citadel
    Alloy Myr
    Wrap in Flames
    Celestial Purge
    Vengeful Rebirth

Pack 3 pick 8:
    Waxmane Baku
    Ghostly Changeling
    Viashino Slaughtermaster
    Moonlit Strider
--> Somber Hoverguard
    Kavu Primarch
    Skyreach Manta
    Novijen Sages

Pack 3 pick 9:
    Dragonsoul Knight
    Cloud Elemental
    Grim Affliction
    Glint Hawk Idol
    Deathmark
    Algae Gharial
--> Vapor Snag

Pack 3 pick 10:
    Ghostly Changeling
    Sign in Blood
    Simic Initiate
    Terashi's Grasp
--> Wings of Velis Vel
    Daggerclaw Imp

Pack 3 pick 11:
    Bone Splinters
    Sunspear Shikari
    Scuttling Death
--> Rusted Relic
    Death Denied

Pack 3 pick 12:
    Bloodthrone Vampire
    Dragonsoul Knight
    Plummet
--> Root-Kin Ally

Pack 3 pick 13:
--> Inner-Flame Igniter
    Bloodthrone Vampire
    Smash to Smithereens

Pack 3 pick 14:
--> Bloodthrone Vampire
    Telling Time

Pack 3 pick 15:
--> Wrap in Flames

