Event #: 8328820
Time:    5/28/2015 8:18:54 PM
Players:
    ShineYeti
    westdakota20
--> malthrin
    kungfutrees
    bsc1212
    MarcodinidisCHL
    AJL
    yoel42

------ MM2 ------ 

Pack 1 pick 1:
    Vampire Lacerator
    Blood Ogre
    Raise the Alarm
    Terashi's Grasp
    Cloud Elemental
    Flayer Husk
    Goblin War Paint
    Tukatongue Thallid
    Scion of the Wild
    Wings of Velis Vel
--> Darksteel Axe
    Restless Apparition
    Ashenmoor Gouger
    Hurkyl's Recall
    Bone Splinters

Pack 1 pick 2:
    Duskhunter Bat
    Soulbright Flamekin
    Sickleslicer
    Mighty Leap
    Gust-Skimmer
    Sign in Blood
    Tribal Flames
    Simic Initiate
    Vines of Vastwood
    Somber Hoverguard
    Spread the Sickness
    Novijen Sages
--> Nobilis of War
    Moonlit Strider

Pack 1 pick 3:
    Dragonsoul Knight
    Skyhunter Skirmisher
    Duskhunter Bat
    Smokebraider
    Matca Rioters
    Somber Hoverguard
    Waking Nightmare
    Thoughtcast
    Runed Servitor
    Darksteel Citadel
--> Boros Swiftblade
    Artisan of Kozilek
    Instill Infection

Pack 1 pick 4:
    Soulbright Flamekin
    Conclave Phalanx
    Runed Servitor
    Mighty Leap
    Repeal
    Flayer Husk
    Blades of Velis Vel
    Sylvan Bounty
    Steady Progress
    Kozilek's Predator
--> Mutagenic Growth
    Artisan of Kozilek

Pack 1 pick 5:
    Goblin Fireslinger
    Moonlit Strider
    Plagued Rusalka
    Narcolepsy
    Scatter the Seeds
    Wrap in Flames
    Myr Enforcer
    Darksteel Citadel
    Alloy Myr
    Air Servant
--> Skyhunter Skirmisher

Pack 1 pick 6:
    Gut Shot
--> Apostle's Blessing
    Cloud Elemental
    Grim Affliction
    Smash to Smithereens
    Gnarlid Pack
    Æthersnipe
    Commune with Nature
    Vengeful Rebirth
    Sign in Blood

Pack 1 pick 7:
    Sickle Ripper
--> Inner-Flame Igniter
    Fortify
    Vigean Graftmage
    Instill Infection
    Thrive
    Rampant Growth
    Helium Squirter
    Tezzeret's Gambit

Pack 1 pick 8:
--> Brute Force
    Glint Hawk Idol
    Instill Infection
    Smash to Smithereens
    Thrive
    Telling Time
    Plummet
    Root-Kin Ally

Pack 1 pick 9:
    Vampire Lacerator
    Cloud Elemental
--> Flayer Husk
    Goblin War Paint
    Tukatongue Thallid
    Scion of the Wild
    Wings of Velis Vel

Pack 1 pick 10:
--> Mighty Leap
    Simic Initiate
    Vines of Vastwood
    Somber Hoverguard
    Novijen Sages
    Moonlit Strider

Pack 1 pick 11:
    Smokebraider
    Matca Rioters
    Waking Nightmare
--> Runed Servitor
    Darksteel Citadel

Pack 1 pick 12:
    Soulbright Flamekin
    Conclave Phalanx
--> Mighty Leap
    Blades of Velis Vel

Pack 1 pick 13:
--> Goblin Fireslinger
    Moonlit Strider
    Plagued Rusalka

Pack 1 pick 14:
--> Smash to Smithereens
    Commune with Nature

Pack 1 pick 15:
--> Thrive

------ MM2 ------ 

Pack 2 pick 1:
--> Sunspear Shikari
    Thief of Hope
    Viashino Slaughtermaster
    Kami of Ancient Law
    Commune with Nature
    Vapor Snag
    Waking Nightmare
    Sphere of the Suns
    Thoughtcast
    Kitesail
    Gruul Turf
    Deathmark
    Skarrgan Firebird
    Blinkmoth Nexus
    Incandescent Soulstoke

Pack 2 pick 2:
    Goblin Fireslinger
--> Court Homunculus
    Duskhunter Bat
    Soulbright Flamekin
    Aquastrand Spider
    Steady Progress
    Myr Enforcer
    Sundering Vitae
    Cathodion
    Ulamog's Crusher
    Dimir Aqueduct
    Electrolyze
    Drooling Groodion
    Sphere of the Suns

Pack 2 pick 3:
--> Gorehorn Minotaurs
    Court Homunculus
    Ghostly Changeling
    Narcolepsy
    Scion of the Wild
    Wayfarer's Bauble
    Kitesail
    Skyreach Manta
    Evolving Wilds
    Hikari, Twilight Guardian
    Dimir Guildmage
    Necrogenesis
    Nest Invader

Pack 2 pick 4:
    Dread Drone
--> Brute Force
    Kami of Ancient Law
    Nameless Inversion
    Aquastrand Spider
    Steady Progress
    Skyreach Manta
    Kitesail
    Cathodion
    Boros Garrison
    Pelakka Wurm
    Artisan of Kozilek

Pack 2 pick 5:
    Sickle Ripper
    Goblin Fireslinger
    Court Homunculus
    Faerie Mechanist
    Frogmite
    Darksteel Citadel
    Copper Carapace
    Izzet Boilerworks
--> Spitebellows
    Water Servant
    Simic Initiate

Pack 2 pick 6:
--> Skyhunter Skirmisher
    Dragonsoul Knight
    Apostle's Blessing
    Scion of the Wild
    Telling Time
    Copper Carapace
    Thoughtcast
    Death Denied
    Cytoplast Root-Kin
    Fortify

Pack 2 pick 7:
--> Viashino Slaughtermaster
    Kami of Ancient Law
    Vampire Lacerator
    Blood Ogre
    Matca Rioters
    Somber Hoverguard
    Qumulox
    Drooling Groodion
    Frogmite

Pack 2 pick 8:
    Terashi's Grasp
    Gust-Skimmer
    Shrivel
--> Blades of Velis Vel
    Tukatongue Thallid
    Matca Rioters
    Cytoplast Root-Kin
    Aquastrand Spider

Pack 2 pick 9:
--> Viashino Slaughtermaster
    Commune with Nature
    Vapor Snag
    Waking Nightmare
    Kitesail
    Skarrgan Firebird
    Blinkmoth Nexus

Pack 2 pick 10:
--> Goblin Fireslinger
    Duskhunter Bat
    Aquastrand Spider
    Steady Progress
    Ulamog's Crusher
    Drooling Groodion

Pack 2 pick 11:
    Wayfarer's Bauble
--> Kitesail
    Skyreach Manta
    Evolving Wilds
    Necrogenesis

Pack 2 pick 12:
    Steady Progress
    Skyreach Manta
--> Kitesail
    Artisan of Kozilek

Pack 2 pick 13:
    Goblin Fireslinger
--> Court Homunculus
    Simic Initiate

Pack 2 pick 14:
    Dragonsoul Knight
--> Fortify

Pack 2 pick 15:
--> Blood Ogre

------ MM2 ------ 

Pack 3 pick 1:
    Bone Splinters
--> Burst Lightning
    Sunspear Shikari
    Scuttling Death
    Vines of Vastwood
    Somber Hoverguard
    Commune with Nature
    Vapor Snag
    Sundering Vitae
    Frogmite
    Devouring Greed
    Reassembling Skeleton
    Tumble Magnet
    Endrek Sahr, Master Breeder
    Blinkmoth Nexus

Pack 3 pick 2:
    Gut Shot
    Apostle's Blessing
    Dread Drone
--> Brute Force
    Scion of the Wild
    Wings of Velis Vel
    Myr Enforcer
    Waking Nightmare
    Thoughtcast
    Runed Servitor
    Myrsmith
    Vengeful Rebirth
    Long-Forgotten Gohei
    Narcolepsy

Pack 3 pick 3:
    Smokebraider
    Otherworldly Journey
    Bone Splinters
    Soulbright Flamekin
    Matca Rioters
    Somber Hoverguard
    Thoughtcast
    Kitesail
    Wrap in Flames
    Wayfarer's Bauble
    Everflowing Chalice
--> Bestial Menace
    Smokebraider

Pack 3 pick 4:
--> Gorehorn Minotaurs
    Otherworldly Journey
    Plagued Rusalka
    Blood Ogre
    Rampant Growth
    Æthersnipe
    Myr Enforcer
    Darksteel Citadel
    Rusted Relic
    Selesnya Sanctuary
    Necrogenesis
    Soulbright Flamekin

Pack 3 pick 5:
    Dragonsoul Knight
    Apostle's Blessing
    Gut Shot
    Aquastrand Spider
    Telling Time
    Ulamog's Crusher
    Kitesail
--> Cathodion
    Waking Nightmare
    Incandescent Soulstoke
    Lorescale Coatl

Pack 3 pick 6:
    Inner-Flame Igniter
    Conclave Phalanx
    Bloodthrone Vampire
    Matca Rioters
    Ulamog's Crusher
    Skyreach Manta
--> Sundering Vitae
    Karplusan Strider
    Ashenmoor Gouger
    Cathodion

Pack 3 pick 7:
    Vampire Lacerator
--> Gut Shot
    Sickle Ripper
    Wings of Velis Vel
    Myr Enforcer
    Sundering Vitae
    Cathodion
    Ulamog's Crusher
    Vengeful Rebirth

Pack 3 pick 8:
    Bloodthrone Vampire
--> Burst Lightning
    Kavu Primarch
    Death Denied
    Copper Carapace
    Wrap in Flames
    Karplusan Strider
    Kami of Ancient Law

Pack 3 pick 9:
    Scuttling Death
    Vines of Vastwood
    Somber Hoverguard
    Commune with Nature
    Frogmite
--> Devouring Greed
    Reassembling Skeleton

Pack 3 pick 10:
--> Apostle's Blessing
    Wings of Velis Vel
    Waking Nightmare
    Thoughtcast
    Runed Servitor
    Vengeful Rebirth

Pack 3 pick 11:
    Smokebraider
    Soulbright Flamekin
--> Somber Hoverguard
    Kitesail
    Smokebraider

Pack 3 pick 12:
    Blood Ogre
--> Darksteel Citadel
    Necrogenesis
    Soulbright Flamekin

Pack 3 pick 13:
    Dragonsoul Knight
    Kitesail
--> Waking Nightmare

Pack 3 pick 14:
--> Ulamog's Crusher
    Karplusan Strider

Pack 3 pick 15:
--> Wings of Velis Vel

