Event #: 8331664
Time:    30/05/2015 6:19:18 AM
Players:
    KenKong82
    MesklateBrother
    bparis15
    GazNerdwarrior
    Bogwood
    Thrizy
    1jubba1
--> nicholash

------ MM2 ------ 

Pack 1 pick 1:
    Kami of Ancient Law
    Nameless Inversion
    Goblin Fireslinger
    Moonlit Strider
    Wings of Velis Vel
    Rampant Growth
    Cathodion
    Waking Nightmare
    Sphere of the Suns
    Thoughtcast
    Simic Growth Chamber
--> Spitebellows
    Kor Duelist
    Chimeric Mass
    Sunlance

Pack 1 pick 2:
    Goblin Fireslinger
    Moonlit Strider
    Sylvan Bounty
--> Arrest
    Cloud Elemental
    Grim Affliction
    Smash to Smithereens
    Gnarlid Pack
    Mana Leak
    Vines of Vastwood
    Spread the Sickness
    Algae Gharial
    Scavenger Drake
    Deathmark

Pack 1 pick 3:
    Viashino Slaughtermaster
    Kami of Ancient Law
    Simic Initiate
    Terashi's Grasp
    Cloud Elemental
    Flayer Husk
    Goblin War Paint
    Tukatongue Thallid
    Commune with Nature
    Golgari Rot Farm
    Karplusan Strider
--> Stormblood Berserker
    Vengeful Rebirth

Pack 1 pick 4:
    Gut Shot
    Waxmane Baku
    Tukatongue Thallid
    Fortify
    Repeal
    Grim Affliction
    Fiery Fall
    Gnarlid Pack
    Somber Hoverguard
--> Scion of the Wild
    Drooling Groodion
    Vines of Vastwood

Pack 1 pick 5:
    Inner-Flame Igniter
    Conclave Phalanx
    Bloodthrone Vampire
    Burst Lightning
    Steady Progress
    Kozilek's Predator
--> Scion of the Wild
    Wayfarer's Bauble
    Kitesail
    Agony Warp
    Daggerclaw Imp

Pack 1 pick 6:
    Blood Ogre
    Waxmane Baku
    Ghostly Changeling
    Viashino Slaughtermaster
    Helium Squirter
    Kavu Primarch
    Skyreach Manta
    Frogmite
    Deathmark
--> Gnarlid Pack

Pack 1 pick 7:
    Conclave Phalanx
--> Gorehorn Minotaurs
    Sickleslicer
    Vigean Graftmage
    Shrivel
    Vapor Snag
    Culling Dais
    Novijen Sages
    Death Denied

Pack 1 pick 8:
    Duskhunter Bat
    Smokebraider
    Otherworldly Journey
    Fortify
    Vigean Graftmage
    Instill Infection
    Helium Squirter
--> Reassembling Skeleton

Pack 1 pick 9:
    Kami of Ancient Law
--> Goblin Fireslinger
    Moonlit Strider
    Wings of Velis Vel
    Waking Nightmare
    Sphere of the Suns
    Thoughtcast

Pack 1 pick 10:
--> Goblin Fireslinger
    Moonlit Strider
    Cloud Elemental
    Smash to Smithereens
    Gnarlid Pack
    Vines of Vastwood

Pack 1 pick 11:
--> Viashino Slaughtermaster
    Simic Initiate
    Goblin War Paint
    Tukatongue Thallid
    Commune with Nature

Pack 1 pick 12:
    Gut Shot
    Tukatongue Thallid
    Fortify
--> Vines of Vastwood

Pack 1 pick 13:
--> Inner-Flame Igniter
    Conclave Phalanx
    Bloodthrone Vampire

Pack 1 pick 14:
    Helium Squirter
--> Frogmite

Pack 1 pick 15:
--> Vigean Graftmage

------ MM2 ------ 

Pack 2 pick 1:
    Sunspear Shikari
    Scuttling Death
    Gut Shot
    Apostle's Blessing
    Faerie Mechanist
    Vines of Vastwood
    Somber Hoverguard
    Commune with Nature
    Skyreach Manta
    Sundering Vitae
    Hikari, Twilight Guardian
    Dimir Guildmage
    Vengeful Rebirth
--> Niv-Mizzet, the Firemind
    Narcolepsy

Pack 2 pick 2:
    Moonlit Strider
    Dread Drone
--> Dragonsoul Knight
    Runed Servitor
    Mighty Leap
    Repeal
    Flayer Husk
    Blades of Velis Vel
    Æthersnipe
    Commune with Nature
    Dispatch
    Mulldrifter
    Savage Twister
    Thrummingbird

Pack 2 pick 3:
    Brute Force
    Kami of Ancient Law
    Nameless Inversion
    Sickleslicer
    Blinding Souleater
    Vigean Graftmage
    Shrivel
    Tribal Flames
    Nest Invader
    Izzet Boilerworks
    Myrsmith
    Vengeful Rebirth
--> Scion of the Wild

Pack 2 pick 4:
    Blood Ogre
    Waxmane Baku
    Viashino Slaughtermaster
    Commune with Nature
    Vapor Snag
--> Scion of the Wild
    Sundering Vitae
    Frogmite
    Myr Enforcer
    Expedition Map
    Wrecking Ball
    Bone Splinters

Pack 2 pick 5:
    Otherworldly Journey
    Simic Initiate
    Terashi's Grasp
    Cloud Elemental
    Flayer Husk
    Goblin War Paint
    Tukatongue Thallid
--> Vines of Vastwood
    Somber Hoverguard
    Skarrgan Firebird
    Moonlit Strider

Pack 2 pick 6:
    Smokebraider
    Otherworldly Journey
    Soulbright Flamekin
    Death Denied
    Copper Carapace
    Wrap in Flames
    Myr Enforcer
--> Boros Garrison
    Artisan of Kozilek
    Shrewd Hatchling

Pack 2 pick 7:
    Smokebraider
    Skyhunter Skirmisher
    Sickleslicer
    Mighty Leap
--> Gust-Skimmer
    Sign in Blood
    Helium Squirter
    Azorius Chancery
    Waking Nightmare

Pack 2 pick 8:
    Skyhunter Skirmisher
    Vapor Snag
    Waking Nightmare
    Sphere of the Suns
    Frogmite
    Darksteel Citadel
    Water Servant
--> Faerie Mechanist

Pack 2 pick 9:
    Sunspear Shikari
    Gut Shot
--> Apostle's Blessing
    Somber Hoverguard
    Commune with Nature
    Skyreach Manta
    Sundering Vitae

Pack 2 pick 10:
    Moonlit Strider
    Runed Servitor
    Mighty Leap
--> Flayer Husk
    Blades of Velis Vel
    Commune with Nature

Pack 2 pick 11:
--> Brute Force
    Sickleslicer
    Blinding Souleater
    Shrivel
    Tribal Flames

Pack 2 pick 12:
    Blood Ogre
--> Viashino Slaughtermaster
    Commune with Nature
    Frogmite

Pack 2 pick 13:
    Otherworldly Journey
--> Goblin War Paint
    Moonlit Strider

Pack 2 pick 14:
--> Soulbright Flamekin
    Copper Carapace

Pack 2 pick 15:
--> Mighty Leap

------ MM2 ------ 

Pack 3 pick 1:
    Sickle Ripper
    Goblin Fireslinger
    Court Homunculus
    Duskhunter Bat
    Steady Progress
    Kavu Primarch
    Copper Carapace
    Thoughtcast
    Alloy Myr
    Death Denied
    Celestial Purge
    Ethercaste Knight
    Root-Kin Ally
--> Mox Opal
    Ulamog's Crusher

Pack 3 pick 2:
    Ghostly Changeling
    Brute Force
    Sunlance
    Runed Servitor
    Mighty Leap
    Repeal
    Flayer Husk
    Blades of Velis Vel
    Faerie Mechanist
    Scatter the Seeds
    Remand
--> Hearthfire Hobgoblin
    Kor Duelist
    Instill Infection

Pack 3 pick 3:
    Dread Drone
    Brute Force
    Tukatongue Thallid
    Fortify
    Repeal
    Grim Affliction
    Fiery Fall
    Gnarlid Pack
    Vapor Snag
--> Scion of the Wild
    Cranial Plating
    Boros Swiftblade
    Incandescent Soulstoke

Pack 3 pick 4:
    Moonlit Strider
    Dread Drone
    Dragonsoul Knight
    Skyhunter Skirmisher
    Wings of Velis Vel
--> Rampant Growth
    Waking Nightmare
    Thoughtcast
    Runed Servitor
    Darksteel Citadel
    Agony Warp
    Daggerclaw Imp

Pack 3 pick 5:
    Vampire Lacerator
--> Blood Ogre
    Raise the Alarm
    Sickle Ripper
    Stoic Rebuttal
    Aquastrand Spider
    Myr Enforcer
    Sundering Vitae
    Cathodion
    Boros Swiftblade
    Necrogenesis

Pack 3 pick 6:
    Thief of Hope
--> Gorehorn Minotaurs
    Fortify
    Vigean Graftmage
    Instill Infection
    Telling Time
    Plummet
    Combust
    Surgical Extraction
    Darksteel Citadel

Pack 3 pick 7:
    Raise the Alarm
    Bone Splinters
    Sunspear Shikari
    Somber Hoverguard
--> Plummet
    Stoic Rebuttal
    Kavu Primarch
    Worldheart Phoenix
    Inner-Flame Igniter

Pack 3 pick 8:
    Bloodthrone Vampire
    Simic Initiate
    Terashi's Grasp
    Cloud Elemental
    Flayer Husk
--> Goblin War Paint
    Tukatongue Thallid
    Simic Initiate

Pack 3 pick 9:
    Sickle Ripper
--> Goblin Fireslinger
    Court Homunculus
    Duskhunter Bat
    Kavu Primarch
    Copper Carapace
    Death Denied

Pack 3 pick 10:
    Ghostly Changeling
--> Brute Force
    Mighty Leap
    Repeal
    Flayer Husk
    Blades of Velis Vel

Pack 3 pick 11:
    Dread Drone
--> Brute Force
    Fortify
    Gnarlid Pack
    Boros Swiftblade

Pack 3 pick 12:
    Moonlit Strider
    Waking Nightmare
    Thoughtcast
--> Runed Servitor

Pack 3 pick 13:
    Sickle Ripper
    Cathodion
--> Boros Swiftblade

Pack 3 pick 14:
    Vigean Graftmage
--> Combust

Pack 3 pick 15:
--> Worldheart Phoenix

