Event #: 8332269
Time:    5/29/2015 7:48:50 PM
Players:
    AndreNicholas
    G-Head
    CajunMan550
--> malthrin
    chickenflying
    BadgerBadgerBadger
    96pointfutura
    Ghostface_Killah

------ MM2 ------ 

Pack 1 pick 1:
    Smokebraider
    Otherworldly Journey
    Bone Splinters
    Soulbright Flamekin
    Rampant Growth
    Æthersnipe
--> Nest Invader
    Mana Leak
    Alloy Myr
    Wrap in Flames
    Golgari Rot Farm
    Taj-Nar Swordsmith
    Lorescale Coatl
    Surrakar Spellblade
    Gut Shot

Pack 1 pick 2:
    Nameless Inversion
    Inner-Flame Igniter
    Smash to Smithereens
    Thrive
    Sickleslicer
    Blinding Souleater
    Vigean Graftmage
    Shrivel
    Helium Squirter
    Kavu Primarch
    Rakdos Carnarium
    Spitebellows
--> Mirran Crusader
    Celestial Purge

Pack 1 pick 3:
    Conclave Phalanx
    Scuttling Death
    Gorehorn Minotaurs
    Court Homunculus
    Vines of Vastwood
    Vapor Snag
    Copper Carapace
    Rusted Relic
    Evolving Wilds
    Skyreach Manta
    Deathmark
--> Bestial Menace
    Kavu Primarch

Pack 1 pick 4:
    Skyhunter Skirmisher
    Duskhunter Bat
    Smash to Smithereens
    Thrive
    Sickleslicer
    Blinding Souleater
    Vigean Graftmage
    Shrivel
    Kavu Primarch
--> Narcolepsy
    Flashfreeze
    Ashenmoor Gouger

Pack 1 pick 5:
    Gut Shot
    Apostle's Blessing
    Tribal Flames
    Sylvan Bounty
--> Arrest
    Cloud Elemental
    Grim Affliction
    Matca Rioters
    Culling Dais
    Glassdust Hulk
    Root-Kin Ally

Pack 1 pick 6:
    Otherworldly Journey
    Plagued Rusalka
    Goblin War Paint
    Simic Initiate
    Mighty Leap
    Flayer Husk
--> Scatter the Seeds
    Steady Progress
    Sigil Blessing
    Reassembling Skeleton

Pack 1 pick 7:
    Inner-Flame Igniter
    Smash to Smithereens
--> Gnarlid Pack
    Glint Hawk Idol
    Terashi's Grasp
    Shrivel
    Matca Rioters
    Somber Hoverguard
    Artisan of Kozilek

Pack 1 pick 8:
    Bone Splinters
    Soulbright Flamekin
    Goblin War Paint
    Simic Initiate
    Mighty Leap
--> Scion of the Wild
    Splinter Twin
    Vigean Graftmage

Pack 1 pick 9:
    Smokebraider
--> Otherworldly Journey
    Bone Splinters
    Soulbright Flamekin
    Æthersnipe
    Wrap in Flames
    Gut Shot

Pack 1 pick 10:
    Inner-Flame Igniter
    Smash to Smithereens
    Thrive
    Vigean Graftmage
    Shrivel
--> Celestial Purge

Pack 1 pick 11:
    Conclave Phalanx
    Gorehorn Minotaurs
--> Vines of Vastwood
    Rusted Relic
    Deathmark

Pack 1 pick 12:
    Duskhunter Bat
    Thrive
    Vigean Graftmage
--> Kavu Primarch

Pack 1 pick 13:
    Apostle's Blessing
    Culling Dais
--> Root-Kin Ally

Pack 1 pick 14:
    Goblin War Paint
--> Simic Initiate

Pack 1 pick 15:
--> Shrivel

------ MM2 ------ 

Pack 2 pick 1:
    Gut Shot
    Waxmane Baku
    Sickle Ripper
    Goblin Fireslinger
    Plummet
    Faerie Mechanist
    Vines of Vastwood
    Somber Hoverguard
    Thoughtcast
    Kitesail
--> Gruul Turf
    Vengeful Rebirth
    Spectral Procession
    Surgical Extraction
    Terashi's Grasp

Pack 2 pick 2:
    Dread Drone
    Brute Force
    Smash to Smithereens
    Gnarlid Pack
    Glint Hawk Idol
    Terashi's Grasp
    Gust-Skimmer
    Shrivel
    Narcolepsy
--> Scatter the Seeds
    Selesnya Sanctuary
    Combust
    Water Servant
    Somber Hoverguard

Pack 2 pick 3:
    Duskhunter Bat
    Smokebraider
    Otherworldly Journey
    Fiery Fall
    Thrive
--> Arrest
    Thrummingbird
    Sign in Blood
    Steady Progress
    Simic Growth Chamber
    Novijen Sages
    Drooling Groodion
    Water Servant

Pack 2 pick 4:
--> Raise the Alarm
    Goblin War Paint
    Tukatongue Thallid
    Blinding Souleater
    Fortify
    Vigean Graftmage
    Instill Infection
    Izzet Boilerworks
    Worldheart Phoenix
    Kor Duelist
    Shadowmage Infiltrator
    Skyreach Manta

Pack 2 pick 5:
    Waxmane Baku
    Ghostly Changeling
    Tribal Flames
    Sylvan Bounty
    Cloud Elemental
    Grim Affliction
--> Aquastrand Spider
    Æthersnipe
    Combust
    Skarrgan Firebird
    Fiery Fall

Pack 2 pick 6:
    Sunspear Shikari
    Scuttling Death
    Goblin War Paint
    Tukatongue Thallid
    Fortify
    Vigean Graftmage
    Instill Infection
    Steady Progress
    Izzet Boilerworks
--> Algae Gharial

Pack 2 pick 7:
    Goblin War Paint
    Simic Initiate
    Runed Servitor
    Mighty Leap
    Repeal
    Flayer Husk
    Commune with Nature
--> Air Servant
    Bloodthrone Vampire

Pack 2 pick 8:
    Plagued Rusalka
    Blood Ogre
    Gnarlid Pack
    Mighty Leap
    Sign in Blood
--> Bestial Menace
    Bloodshot Trainee
    Splinter Twin

Pack 2 pick 9:
    Sickle Ripper
    Goblin Fireslinger
--> Plummet
    Thoughtcast
    Kitesail
    Surgical Extraction
    Terashi's Grasp

Pack 2 pick 10:
    Brute Force
    Smash to Smithereens
    Terashi's Grasp
    Shrivel
--> Combust
    Somber Hoverguard

Pack 2 pick 11:
    Thrive
--> Thrummingbird
    Sign in Blood
    Steady Progress
    Novijen Sages

Pack 2 pick 12:
    Tukatongue Thallid
--> Vigean Graftmage
    Worldheart Phoenix
    Skyreach Manta

Pack 2 pick 13:
    Tribal Flames
    Sylvan Bounty
--> Combust

Pack 2 pick 14:
--> Tukatongue Thallid
    Instill Infection

Pack 2 pick 15:
--> Commune with Nature

------ MM2 ------ 

Pack 3 pick 1:
    Court Homunculus
    Ghostly Changeling
    Fiery Fall
    Gnarlid Pack
    Sickleslicer
    Mighty Leap
    Gust-Skimmer
    Sign in Blood
--> Kozilek's Predator
    Mana Leak
    Pelakka Wurm
    Mortarpod
    Cytoplast Root-Kin
    Eye of Ugin
    Glint Hawk Idol

Pack 3 pick 2:
    Vampire Lacerator
    Blood Ogre
--> Raise the Alarm
    Sickle Ripper
    Matca Rioters
    Narcolepsy
    Ulamog's Crusher
    Kitesail
    Skyreach Manta
    Qumulox
    Stormblood Berserker
    Everflowing Chalice
    Etched Champion
    Dragonsoul Knight

Pack 3 pick 3:
    Gorehorn Minotaurs
    Otherworldly Journey
    Plagued Rusalka
--> Nest Invader
    Helium Squirter
    Evolving Wilds
    Sphere of the Suns
    Frogmite
    Death Denied
    Selesnya Sanctuary
    Mutagenic Growth
    Taj-Nar Swordsmith
    Arrest

Pack 3 pick 4:
    Inner-Flame Igniter
    Conclave Phalanx
    Bloodthrone Vampire
    Blades of Velis Vel
    Sylvan Bounty
    Thrummingbird
    Instill Infection
--> Scatter the Seeds
    Vapor Snag
    Agony Warp
    Drooling Groodion
    Thrive

Pack 3 pick 5:
    Kami of Ancient Law
    Goblin Fireslinger
    Thrive
--> Thrummingbird
    Sign in Blood
    Plummet
    Stoic Rebuttal
    Celestial Purge
    Ethercaste Knight
    Incandescent Soulstoke
    Dark Confidant

Pack 3 pick 6:
    Gorehorn Minotaurs
    Blades of Velis Vel
    Tukatongue Thallid
--> Fortify
    Repeal
    Aquastrand Spider
    Steady Progress
    Culling Dais
    Scute Mob
    Root-Kin Ally

Pack 3 pick 7:
    Sickle Ripper
    Smash to Smithereens
    Thrive
    Vigean Graftmage
    Shrivel
    Vines of Vastwood
    Vapor Snag
--> Root-Kin Ally
    Sign in Blood

Pack 3 pick 8:
    Plagued Rusalka
    Goblin War Paint
    Simic Initiate
    Runed Servitor
    Mighty Leap
    Repeal
--> Kavu Primarch
    Water Servant

Pack 3 pick 9:
    Fiery Fall
    Gnarlid Pack
    Mighty Leap
    Sign in Blood
--> Mortarpod
    Cytoplast Root-Kin
    Glint Hawk Idol

Pack 3 pick 10:
    Vampire Lacerator
--> Blood Ogre
    Sickle Ripper
    Matca Rioters
    Kitesail
    Dragonsoul Knight

Pack 3 pick 11:
    Otherworldly Journey
    Plagued Rusalka
    Helium Squirter
    Frogmite
--> Mutagenic Growth

Pack 3 pick 12:
    Conclave Phalanx
    Blades of Velis Vel
    Sylvan Bounty
--> Thrive

Pack 3 pick 13:
    Thrive
    Sign in Blood
--> Stoic Rebuttal

Pack 3 pick 14:
--> Tukatongue Thallid
    Steady Progress

Pack 3 pick 15:
--> Thrive

