Event #: 8334752
Time:    5/30/2015 12:42:42 PM
Players:
--> malthrin
    Bishop3100
    jmagee
    _corosuke_
    jandsilentbob321
    germanjerk
    theduboy
    Jrad77

------ MM2 ------ 

Pack 1 pick 1:
    Otherworldly Journey
    Plagued Rusalka
    Blood Ogre
    Waxmane Baku
--> Narcolepsy
    Rampant Growth
    Copper Carapace
    Wrap in Flames
    Myr Enforcer
    Darksteel Citadel
    Expedition Map
    Agony Warp
    Novijen Sages
    Niv-Mizzet, the Firemind
    Faerie Mechanist

Pack 1 pick 2:
    Gorehorn Minotaurs
    Court Homunculus
    Ghostly Changeling
    Brute Force
--> Æthersnipe
    Commune with Nature
    Matca Rioters
    Cathodion
    Waking Nightmare
    Hikari, Twilight Guardian
    Sigil Blessing
    Plaxcaster Frogling
    Daybreak Coronet
    Aquastrand Spider

Pack 1 pick 3:
    Vampire Lacerator
    Blood Ogre
    Tribal Flames
    Sylvan Bounty
--> Arrest
    Cloud Elemental
    Grim Affliction
    Smash to Smithereens
    Faerie Mechanist
    Scatter the Seeds
    Dispatch
    Midnight Banshee
    Inner-Flame Igniter

Pack 1 pick 4:
    Inner-Flame Igniter
    Raise the Alarm
    Bone Splinters
    Commune with Nature
    Waking Nightmare
    Thoughtcast
    Kitesail
--> Darksteel Axe
    Ashenmoor Gouger
    Myrsmith
    Dark Confidant
    Mutagenic Growth

Pack 1 pick 5:
    Bone Splinters
    Tribal Flames
    Simic Initiate
    Terashi's Grasp
    Cloud Elemental
    Flayer Husk
    Goblin War Paint
    Vapor Snag
--> Rampant Growth
    Karplusan Strider
    Shrivel

Pack 1 pick 6:
    Apostle's Blessing
    Vampire Lacerator
    Blades of Velis Vel
    Sylvan Bounty
--> Thrummingbird
    Instill Infection
    Smash to Smithereens
    Devouring Greed
    Long-Forgotten Gohei
    Mana Leak

Pack 1 pick 7:
    Bloodthrone Vampire
    Gnarlid Pack
--> Glint Hawk Idol
    Terashi's Grasp
    Shrivel
    Somber Hoverguard
    Plummet
    Horde of Notions
    Copper Carapace

Pack 1 pick 8:
    Apostle's Blessing
    Blades of Velis Vel
    Sylvan Bounty
--> Thrummingbird
    Instill Infection
    Smash to Smithereens
    Steady Progress
    Darksteel Citadel

Pack 1 pick 9:
    Otherworldly Journey
    Waxmane Baku
    Copper Carapace
    Wrap in Flames
--> Darksteel Citadel
    Expedition Map
    Novijen Sages

Pack 1 pick 10:
    Ghostly Changeling
    Brute Force
    Commune with Nature
    Matca Rioters
--> Cathodion
    Waking Nightmare

Pack 1 pick 11:
    Vampire Lacerator
    Sylvan Bounty
    Cloud Elemental
--> Grim Affliction
    Smash to Smithereens

Pack 1 pick 12:
    Inner-Flame Igniter
    Commune with Nature
    Waking Nightmare
--> Mutagenic Growth

Pack 1 pick 13:
    Simic Initiate
    Goblin War Paint
--> Shrivel

Pack 1 pick 14:
    Blades of Velis Vel
--> Devouring Greed

Pack 1 pick 15:
--> Plummet

------ MM2 ------ 

Pack 2 pick 1:
    Smokebraider
    Otherworldly Journey
    Blades of Velis Vel
    Tukatongue Thallid
    Fortify
    Repeal
    Grim Affliction
    Fiery Fall
    Wings of Velis Vel
    Vines of Vastwood
    Celestial Purge
    Myrsmith
    Vengeful Rebirth
--> Cryptic Command
    Sign in Blood

Pack 2 pick 2:
    Bloodthrone Vampire
    Dragonsoul Knight
    Apostle's Blessing
    Vampire Lacerator
    Helium Squirter
    Kavu Primarch
    Evolving Wilds
    Sundering Vitae
    Frogmite
    Myr Enforcer
    Celestial Purge
--> Ethercaste Knight
    Daggerclaw Imp
    Court Homunculus

Pack 2 pick 3:
    Conclave Phalanx
    Bloodthrone Vampire
    Tribal Flames
    Simic Initiate
    Terashi's Grasp
    Cloud Elemental
    Flayer Husk
    Goblin War Paint
    Æthersnipe
    Plummet
    Boros Swiftblade
--> Argent Sphinx
    Narcolepsy

Pack 2 pick 4:
    Soulbright Flamekin
    Gorehorn Minotaurs
    Telling Time
    Nest Invader
    Waking Nightmare
    Sphere of the Suns
    Frogmite
    Darksteel Citadel
    Worldheart Phoenix
--> Air Servant
    Fulminator Mage
    Frogmite

Pack 2 pick 5:
    Otherworldly Journey
    Blood Ogre
    Tukatongue Thallid
    Vigean Graftmage
    Instill Infection
    Somber Hoverguard
    Commune with Nature
--> Dispatch
    Hearthfire Hobgoblin
    Incandescent Soulstoke
    Sigil Blessing

Pack 2 pick 6:
--> Court Homunculus
    Ghostly Changeling
    Brute Force
    Steady Progress
    Wings of Velis Vel
    Scatter the Seeds
    Sundering Vitae
    Cathodion
    Worldheart Phoenix
    Incandescent Soulstoke

Pack 2 pick 7:
    Otherworldly Journey
    Thrive
    Vigean Graftmage
    Shrivel
    Stoic Rebuttal
    Aquastrand Spider
    Worldheart Phoenix
--> Sunforger
    Nest Invader

Pack 2 pick 8:
    Tukatongue Thallid
    Fortify
    Vigean Graftmage
    Instill Infection
    Telling Time
--> Remand
    Hearthfire Hobgoblin
    Vengeful Rebirth

Pack 2 pick 9:
    Otherworldly Journey
    Blades of Velis Vel
    Tukatongue Thallid
--> Repeal
    Wings of Velis Vel
    Vines of Vastwood
    Sign in Blood

Pack 2 pick 10:
    Apostle's Blessing
    Helium Squirter
    Sundering Vitae
    Celestial Purge
    Daggerclaw Imp
--> Court Homunculus

Pack 2 pick 11:
    Conclave Phalanx
    Simic Initiate
    Goblin War Paint
    Plummet
--> Boros Swiftblade

Pack 2 pick 12:
    Telling Time
    Frogmite
--> Darksteel Citadel
    Fulminator Mage

Pack 2 pick 13:
--> Vigean Graftmage
    Instill Infection
    Commune with Nature

Pack 2 pick 14:
    Steady Progress
--> Wings of Velis Vel

Pack 2 pick 15:
--> Vigean Graftmage

------ MM2 ------ 

Pack 3 pick 1:
    Moonlit Strider
    Plagued Rusalka
    Smokebraider
    Skyhunter Skirmisher
    Vapor Snag
    Kozilek's Predator
    Telling Time
    Cathodion
    Ulamog's Crusher
    Wayfarer's Bauble
--> Oblivion Ring
    Remand
    Etched Oracle
    Bitterblossom
    Æthersnipe

Pack 3 pick 2:
    Gut Shot
    Waxmane Baku
    Sickle Ripper
    Gnarlid Pack
    Sickleslicer
    Mighty Leap
--> Gust-Skimmer
    Sign in Blood
    Steady Progress
    Kavu Primarch
    Selesnya Sanctuary
    Pelakka Wurm
    Bestial Menace
    Banefire

Pack 3 pick 3:
    Goblin Fireslinger
    Tribal Flames
    Simic Initiate
    Terashi's Grasp
    Cloud Elemental
--> Flayer Husk
    Goblin War Paint
    Wings of Velis Vel
    Scatter the Seeds
    Expedition Map
    Hearthfire Hobgoblin
    Lorescale Coatl
    Tukatongue Thallid

Pack 3 pick 4:
--> Sunlance
    Thief of Hope
    Gorehorn Minotaurs
    Wings of Velis Vel
    Vines of Vastwood
    Alloy Myr
    Ulamog's Crusher
    Skyreach Manta
    Restless Apparition
    Mortarpod
    Algae Gharial
    Commune with Nature

Pack 3 pick 5:
    Smokebraider
--> Skyhunter Skirmisher
    Tribal Flames
    Sylvan Bounty
    Cloud Elemental
    Grim Affliction
    Smash to Smithereens
    Wings of Velis Vel
    Vines of Vastwood
    Novijen Sages
    Thrummingbird

Pack 3 pick 6:
    Raise the Alarm
    Inner-Flame Igniter
    Gnarlid Pack
    Mighty Leap
    Sign in Blood
    Helium Squirter
    Aquastrand Spider
    Necrogenesis
--> Water Servant
    Blades of Velis Vel

Pack 3 pick 7:
    Viashino Slaughtermaster
    Kami of Ancient Law
    Vampire Lacerator
    Vapor Snag
    Rampant Growth
--> Stoic Rebuttal
    Wayfarer's Bauble
    Combust
    Artisan of Kozilek

Pack 3 pick 8:
    Ghostly Changeling
    Thrive
--> Thrummingbird
    Sign in Blood
    Deathmark
    Vengeful Rebirth
    Leyline of Sanctity
    Waking Nightmare

Pack 3 pick 9:
    Moonlit Strider
    Smokebraider
    Vapor Snag
    Telling Time
    Ulamog's Crusher
--> Remand
    Etched Oracle

Pack 3 pick 10:
--> Gut Shot
    Waxmane Baku
    Mighty Leap
    Sign in Blood
    Steady Progress
    Kavu Primarch

Pack 3 pick 11:
    Simic Initiate
--> Cloud Elemental
    Goblin War Paint
    Wings of Velis Vel
    Tukatongue Thallid

Pack 3 pick 12:
--> Thief of Hope
    Wings of Velis Vel
    Vines of Vastwood
    Commune with Nature

Pack 3 pick 13:
--> Tribal Flames
    Wings of Velis Vel
    Novijen Sages

Pack 3 pick 14:
    Sign in Blood
--> Blades of Velis Vel

Pack 3 pick 15:
--> Artisan of Kozilek

