Event #: 8335381
Time:    5/30/2015 4:07:10 PM
Players:
    rged
    JRFearless
    fratrus
--> malthrin
    wombatcombat
    vikeTHOR
    yuki12
    watchurback741

------ MM2 ------ 

Pack 1 pick 1:
    Moonlit Strider
    Dread Drone
    Dragonsoul Knight
    Smash to Smithereens
    Gnarlid Pack
    Glint Hawk Idol
    Terashi's Grasp
    Gust-Skimmer
    Wings of Velis Vel
    Vines of Vastwood
--> Izzet Boilerworks
    Spread the Sickness
    Incandescent Soulstoke
    Surrakar Spellblade
    Somber Hoverguard

Pack 1 pick 2:
    Conclave Phalanx
    Scuttling Death
    Gorehorn Minotaurs
    Court Homunculus
    Narcolepsy
    Scatter the Seeds
    Copper Carapace
    Thoughtcast
    Alloy Myr
    Death Denied
    Simic Growth Chamber
--> Air Servant
    Eye of Ugin
    Wrap in Flames

Pack 1 pick 3:
    Ghostly Changeling
    Brute Force
--> Sunlance
    Gnarlid Pack
    Sickleslicer
    Mighty Leap
    Gust-Skimmer
    Vapor Snag
    Rampant Growth
    Karplusan Strider
    Eldrazi Temple
    Mox Opal
    Terashi's Grasp

Pack 1 pick 4:
    Vampire Lacerator
    Blood Ogre
    Raise the Alarm
    Sickle Ripper
    Somber Hoverguard
    Plummet
    Darksteel Citadel
    Alloy Myr
--> Rusted Relic
    Ulamog's Crusher
    Mutagenic Growth
    Combust

Pack 1 pick 5:
    Goblin Fireslinger
    Moonlit Strider
    Sign in Blood
    Tribal Flames
    Simic Initiate
    Terashi's Grasp
    Cloud Elemental
    Flayer Husk
--> Narcolepsy
    Algae Gharial
    Spikeshot Elder

Pack 1 pick 6:
    Inner-Flame Igniter
    Sign in Blood
    Simic Initiate
    Terashi's Grasp
--> Cloud Elemental
    Flayer Husk
    Stoic Rebuttal
    Qumulox
    Boros Swiftblade
    Sickle Ripper

Pack 1 pick 7:
    Inner-Flame Igniter
    Conclave Phalanx
    Stoic Rebuttal
    Aquastrand Spider
    Rusted Relic
--> Evolving Wilds
    Skyreach Manta
    Ulamog's Crusher
    Worldheart Phoenix

Pack 1 pick 8:
    Plagued Rusalka
    Smokebraider
    Skyhunter Skirmisher
    Bloodthrone Vampire
    Frogmite
--> Myr Enforcer
    Thoughtcast
    Qumulox

Pack 1 pick 9:
    Moonlit Strider
    Smash to Smithereens
    Terashi's Grasp
    Wings of Velis Vel
    Vines of Vastwood
    Incandescent Soulstoke
--> Surrakar Spellblade

Pack 1 pick 10:
    Conclave Phalanx
    Scuttling Death
--> Narcolepsy
    Copper Carapace
    Death Denied
    Wrap in Flames

Pack 1 pick 11:
    Brute Force
    Gnarlid Pack
    Mighty Leap
--> Karplusan Strider
    Terashi's Grasp

Pack 1 pick 12:
    Blood Ogre
    Sickle Ripper
    Plummet
--> Combust

Pack 1 pick 13:
--> Moonlit Strider
    Sign in Blood
    Terashi's Grasp

Pack 1 pick 14:
    Simic Initiate
--> Boros Swiftblade

Pack 1 pick 15:
--> Aquastrand Spider

------ MM2 ------ 

Pack 2 pick 1:
    Burst Lightning
    Sunlance
    Shrivel
    Blades of Velis Vel
    Tukatongue Thallid
    Fortify
    Repeal
    Grim Affliction
--> Narcolepsy
    Rampant Growth
    Cranial Plating
    Boros Swiftblade
    Bloodshot Trainee
    Mirror Entity
    Grim Affliction

Pack 2 pick 2:
    Skyhunter Skirmisher
    Duskhunter Bat
    Smokebraider
    Otherworldly Journey
    Helium Squirter
    Kavu Primarch
--> Æthersnipe
    Commune with Nature
    Frogmite
    Darksteel Citadel
    Glassdust Hulk
    Spectral Procession
    Nobilis of War
    Scuttling Death

Pack 2 pick 3:
    Viashino Slaughtermaster
    Kami of Ancient Law
    Shrivel
    Tribal Flames
    Sylvan Bounty
--> Cloud Elemental
    Grim Affliction
    Steady Progress
    Matca Rioters
    Rakdos Carnarium
    Worldheart Phoenix
    Plaxcaster Frogling
    Gut Shot

Pack 2 pick 4:
    Brute Force
    Kami of Ancient Law
    Nameless Inversion
    Gnarlid Pack
    Sickleslicer
    Mighty Leap
    Gust-Skimmer
    Stoic Rebuttal
    Kavu Primarch
--> Air Servant
    Ashenmoor Gouger
    Steady Progress

Pack 2 pick 5:
    Sickle Ripper
    Flayer Husk
    Blades of Velis Vel
    Sylvan Bounty
--> Thrummingbird
    Instill Infection
    Commune with Nature
    Azorius Chancery
    Combust
    Fulminator Mage
    Kozilek's Predator

Pack 2 pick 6:
    Sickle Ripper
    Goblin Fireslinger
    Goblin War Paint
    Tukatongue Thallid
    Vigean Graftmage
    Matca Rioters
    Karplusan Strider
--> Plaxcaster Frogling
    Leyline of Sanctity
    Vampire Lacerator

Pack 2 pick 7:
    Inner-Flame Igniter
    Conclave Phalanx
    Bloodthrone Vampire
    Smash to Smithereens
    Gnarlid Pack
    Terashi's Grasp
    Kavu Primarch
--> Mystic Snake
    Kavu Primarch

Pack 2 pick 8:
    Duskhunter Bat
    Fiery Fall
    Thrive
--> Thrummingbird
    Sign in Blood
    Selesnya Sanctuary
    Mutagenic Growth
    Reassembling Skeleton

Pack 2 pick 9:
    Shrivel
    Blades of Velis Vel
    Tukatongue Thallid
    Fortify
--> Grim Affliction
    Bloodshot Trainee
    Grim Affliction

Pack 2 pick 10:
    Smokebraider
    Otherworldly Journey
--> Helium Squirter
    Commune with Nature
    Glassdust Hulk
    Scuttling Death

Pack 2 pick 11:
    Shrivel
    Sylvan Bounty
--> Steady Progress
    Matca Rioters
    Worldheart Phoenix

Pack 2 pick 12:
--> Gnarlid Pack
    Sickleslicer
    Mighty Leap
    Steady Progress

Pack 2 pick 13:
--> Sickle Ripper
    Commune with Nature
    Fulminator Mage

Pack 2 pick 14:
--> Sickle Ripper
    Goblin War Paint

Pack 2 pick 15:
--> Kavu Primarch

------ MM2 ------ 

Pack 3 pick 1:
    Ghostly Changeling
    Brute Force
    Sunlance
    Nameless Inversion
    Telling Time
    Nest Invader
    Thoughtcast
    Kitesail
    Wrap in Flames
    Wayfarer's Bauble
    Overwhelm
    Devouring Greed
    Wrecking Ball
--> Ant Queen
    Dread Drone

Pack 3 pick 2:
    Dread Drone
    Brute Force
    Instill Infection
    Fiery Fall
    Thrive
    Arrest
--> Thrummingbird
    Sign in Blood
    Faerie Mechanist
    Vines of Vastwood
    Deathmark
    Everflowing Chalice
    Tezzeret the Seeker
    Skyreach Manta

Pack 3 pick 3:
    Scuttling Death
    Gut Shot
    Apostle's Blessing
    Goblin War Paint
    Tukatongue Thallid
    Blinding Souleater
    Fortify
--> Vigean Graftmage
    Æthersnipe
    Plummet
    Combust
    Kor Duelist
    Daybreak Coronet

Pack 3 pick 4:
    Apostle's Blessing
    Vampire Lacerator
    Gut Shot
    Waxmane Baku
    Helium Squirter
    Mana Leak
--> Aquastrand Spider
    Sphere of the Suns
    Frogmite
    Culling Dais
    Taj-Nar Swordsmith
    Daybreak Coronet

Pack 3 pick 5:
    Sunspear Shikari
    Thief of Hope
    Smash to Smithereens
    Thrive
    Sickleslicer
--> Vigean Graftmage
    Faerie Mechanist
    Flashfreeze
    Glassdust Hulk
    Scavenger Drake
    Sickleslicer

Pack 3 pick 6:
    Soulbright Flamekin
    Sunspear Shikari
    Thief of Hope
    Steady Progress
    Wrap in Flames
    Copper Carapace
    Hikari, Twilight Guardian
    Novijen Sages
--> Wildfire
    Sunspear Shikari

Pack 3 pick 7:
    Otherworldly Journey
    Plagued Rusalka
    Shrivel
    Tribal Flames
    Sylvan Bounty
--> Cloud Elemental
    Scion of the Wild
    Water Servant
    Ghost Council of Orzhova

Pack 3 pick 8:
    Inner-Flame Igniter
    Raise the Alarm
    Smash to Smithereens
--> Gnarlid Pack
    Glint Hawk Idol
    Terashi's Grasp
    Vampire Outcasts
    Long-Forgotten Gohei

Pack 3 pick 9:
    Ghostly Changeling
    Brute Force
    Telling Time
--> Nest Invader
    Kitesail
    Wrap in Flames
    Devouring Greed

Pack 3 pick 10:
    Dread Drone
    Brute Force
    Fiery Fall
--> Thrive
    Sign in Blood
    Everflowing Chalice

Pack 3 pick 11:
    Scuttling Death
    Gut Shot
    Goblin War Paint
--> Fortify
    Daybreak Coronet

Pack 3 pick 12:
--> Vampire Lacerator
    Gut Shot
    Helium Squirter
    Daybreak Coronet

Pack 3 pick 13:
    Sunspear Shikari
--> Thief of Hope
    Glassdust Hulk

Pack 3 pick 14:
    Sunspear Shikari
--> Sunspear Shikari

Pack 3 pick 15:
--> Shrivel

