Event #: 8338995
Time:    5/31/2015 2:37:37 PM
Players:
    Banehammer01
    bigdjr
    Blueduck70
    Asmadi42
--> malthrin
    paulbro
    SpiritDK
    arlekj

------ MM2 ------ 

Pack 1 pick 1:
    Conclave Phalanx
    Scuttling Death
    Tribal Flames
    Sylvan Bounty
--> Arrest
    Cloud Elemental
    Grim Affliction
    Smash to Smithereens
    Narcolepsy
    Scatter the Seeds
    Boros Garrison
    Overwhelm
    Bloodshot Trainee
    Vendilion Clique
    Blinding Souleater

Pack 1 pick 2:
    Ghostly Changeling
    Viashino Slaughtermaster
    Moonlit Strider
    Dread Drone
    Telling Time
    Matca Rioters
--> Wayfarer's Bauble
    Alloy Myr
    Wrap in Flames
    Copper Carapace
    Tezzeret's Gambit
    Dimir Guildmage
    Daggerclaw Imp
    Emrakul, the Aeons Torn

Pack 1 pick 3:
    Skyhunter Skirmisher
    Duskhunter Bat
    Smokebraider
    Otherworldly Journey
    Helium Squirter
    Kitesail
--> Cathodion
    Waking Nightmare
    Sphere of the Suns
    Sigil Blessing
    Reassembling Skeleton
    Ghost Council of Orzhova
    Gust-Skimmer

Pack 1 pick 4:
    Burst Lightning
    Sunspear Shikari
    Scuttling Death
    Simic Initiate
    Runed Servitor
    Mighty Leap
    Repeal
    Flayer Husk
    Nest Invader
    Mana Leak
    Restless Apparition
--> Mortarpod

Pack 1 pick 5:
    Dragonsoul Knight
    Skyhunter Skirmisher
    Duskhunter Bat
    Gnarlid Pack
--> Glint Hawk Idol
    Terashi's Grasp
    Gust-Skimmer
    Shrivel
    Somber Hoverguard
    Overwhelm
    Thief of Hope

Pack 1 pick 6:
    Brute Force
    Tribal Flames
    Simic Initiate
    Terashi's Grasp
    Cloud Elemental
--> Flayer Husk
    Goblin War Paint
    Stoic Rebuttal
    Flashfreeze
    Water Servant

Pack 1 pick 7:
    Apostle's Blessing
    Blades of Velis Vel
--> Glint Hawk Idol
    Thrummingbird
    Instill Infection
    Smash to Smithereens
    Narcolepsy
    Expedition Map
    Boros Garrison

Pack 1 pick 8:
    Gorehorn Minotaurs
    Otherworldly Journey
    Thrive
--> Blinding Souleater
    Vigean Graftmage
    Shrivel
    Vines of Vastwood
    Reassembling Skeleton

Pack 1 pick 9:
    Conclave Phalanx
--> Scuttling Death
    Sylvan Bounty
    Cloud Elemental
    Grim Affliction
    Smash to Smithereens
    Bloodshot Trainee

Pack 1 pick 10:
    Viashino Slaughtermaster
    Dread Drone
    Wrap in Flames
--> Copper Carapace
    Tezzeret's Gambit
    Dimir Guildmage

Pack 1 pick 11:
--> Duskhunter Bat
    Smokebraider
    Helium Squirter
    Kitesail
    Waking Nightmare

Pack 1 pick 12:
    Simic Initiate
    Mighty Leap
    Repeal
--> Flayer Husk

Pack 1 pick 13:
    Shrivel
--> Somber Hoverguard
    Overwhelm

Pack 1 pick 14:
    Simic Initiate
--> Flashfreeze

Pack 1 pick 15:
--> Thrummingbird

------ MM2 ------ 

Pack 2 pick 1:
    Skyhunter Skirmisher
    Bloodthrone Vampire
    Dragonsoul Knight
    Thrive
    Sickleslicer
    Blinding Souleater
    Vigean Graftmage
    Shrivel
    Kavu Primarch
    Wings of Velis Vel
--> Dispatch
    Selesnya Guildmage
    Stormblood Berserker
    Kiki-Jiki, Mirror Breaker
    Combust

Pack 2 pick 2:
    Dread Drone
    Brute Force
    Kami of Ancient Law
--> Glint Hawk Idol
    Terashi's Grasp
    Gust-Skimmer
    Shrivel
    Blades of Velis Vel
    Kozilek's Predator
    Mana Leak
    Glassdust Hulk
    Drooling Groodion
    Swans of Bryn Argoll
    Aquastrand Spider

Pack 2 pick 3:
    Goblin Fireslinger
    Moonlit Strider
    Plagued Rusalka
    Aquastrand Spider
    Telling Time
    Nest Invader
    Faerie Mechanist
    Cathodion
    Ulamog's Crusher
    Celestial Purge
--> Ethercaste Knight
    Root-Kin Ally
    Skyhunter Skirmisher

Pack 2 pick 4:
    Brute Force
--> Sunlance
    Thrive
    Thrummingbird
    Sign in Blood
    Goblin War Paint
    Kavu Primarch
    Deathmark
    Artisan of Kozilek
    Bloodshot Trainee
    Puppeteer Clique
    Dimir Guildmage

Pack 2 pick 5:
    Nameless Inversion
    Inner-Flame Igniter
    Raise the Alarm
    Vigean Graftmage
    Shrivel
    Commune with Nature
    Vapor Snag
    Algae Gharial
    Scavenger Drake
--> Mox Opal
    Thoughtcast

Pack 2 pick 6:
    Gut Shot
    Waxmane Baku
    Commune with Nature
    Stoic Rebuttal
    Frogmite
--> Myr Enforcer
    Waking Nightmare
    Thoughtcast
    Everflowing Chalice
    Thrive

Pack 2 pick 7:
    Otherworldly Journey
    Plagued Rusalka
    Commune with Nature
    Faerie Mechanist
    Matca Rioters
--> Narcolepsy
    Skyreach Manta
    Mutagenic Growth
    Ashenmoor Gouger

Pack 2 pick 8:
    Moonlit Strider
    Tukatongue Thallid
--> Blinding Souleater
    Fortify
    Vigean Graftmage
    Combust
    Bloodshot Trainee
    Fulminator Mage

Pack 2 pick 9:
    Dragonsoul Knight
    Thrive
--> Sickleslicer
    Vigean Graftmage
    Shrivel
    Wings of Velis Vel
    Combust

Pack 2 pick 10:
    Terashi's Grasp
--> Gust-Skimmer
    Shrivel
    Blades of Velis Vel
    Glassdust Hulk
    Aquastrand Spider

Pack 2 pick 11:
    Goblin Fireslinger
    Moonlit Strider
--> Faerie Mechanist
    Cathodion
    Root-Kin Ally

Pack 2 pick 12:
    Thrive
    Sign in Blood
--> Goblin War Paint
    Bloodshot Trainee

Pack 2 pick 13:
    Vigean Graftmage
--> Shrivel
    Commune with Nature

Pack 2 pick 14:
--> Frogmite
    Thrive

Pack 2 pick 15:
--> Commune with Nature

------ MM2 ------ 

Pack 3 pick 1:
    Scuttling Death
    Gorehorn Minotaurs
    Sylvan Bounty
    Glint Hawk Idol
    Thrummingbird
    Instill Infection
    Smash to Smithereens
    Thrive
    Plummet
    Faerie Mechanist
    Boros Garrison
    Pelakka Wurm
    Tumble Magnet
--> Lodestone Golem
    Hearthfire Hobgoblin

Pack 3 pick 2:
--> Court Homunculus
    Ghostly Changeling
    Brute Force
    Vines of Vastwood
    Somber Hoverguard
    Frogmite
    Darksteel Citadel
    Copper Carapace
    Thoughtcast
    Izzet Boilerworks
    Myrsmith
    Vengeful Rebirth
    Eye of Ugin
    Wayfarer's Bauble

Pack 3 pick 3:
    Sunspear Shikari
    Thief of Hope
    Blades of Velis Vel
    Fortify
    Repeal
    Grim Affliction
    Fiery Fall
--> Narcolepsy
    Gruul Turf
    Taj-Nar Swordsmith
    Necrogenesis
    Puppeteer Clique
    Izzet Boilerworks

Pack 3 pick 4:
    Blood Ogre
    Waxmane Baku
    Blades of Velis Vel
    Tukatongue Thallid
    Repeal
    Grim Affliction
    Fiery Fall
--> Mana Leak
    Sigil Blessing
    Etched Oracle
    All Is Dust
    Kavu Primarch

Pack 3 pick 5:
    Goblin Fireslinger
    Moonlit Strider
    Smokebraider
    Steady Progress
--> Rusted Relic
    Death Denied
    Evolving Wilds
    Sundering Vitae
    Culling Dais
    Ethercaste Knight
    Air Servant

Pack 3 pick 6:
    Tribal Flames
    Simic Initiate
--> Terashi's Grasp
    Cloud Elemental
    Flayer Husk
    Goblin War Paint
    Vines of Vastwood
    Helium Squirter
    Agony Warp
    Wildfire

Pack 3 pick 7:
    Bone Splinters
    Sylvan Bounty
    Cloud Elemental
    Smash to Smithereens
    Gnarlid Pack
    Wings of Velis Vel
--> Plaxcaster Frogling
    Water Servant
    Sign in Blood

Pack 3 pick 8:
    Moonlit Strider
    Dread Drone
    Telling Time
--> Myr Enforcer
    Darksteel Citadel
    Rusted Relic
    Taj-Nar Swordsmith
    Grim Affliction

Pack 3 pick 9:
    Gorehorn Minotaurs
    Sylvan Bounty
--> Glint Hawk Idol
    Thrummingbird
    Smash to Smithereens
    Thrive
    Faerie Mechanist

Pack 3 pick 10:
    Brute Force
    Somber Hoverguard
    Frogmite
    Darksteel Citadel
    Thoughtcast
--> Myrsmith

Pack 3 pick 11:
--> Thief of Hope
    Blades of Velis Vel
    Grim Affliction
    Fiery Fall
    Taj-Nar Swordsmith

Pack 3 pick 12:
    Blades of Velis Vel
--> Repeal
    Fiery Fall
    Etched Oracle

Pack 3 pick 13:
    Smokebraider
    Steady Progress
--> Ethercaste Knight

Pack 3 pick 14:
    Simic Initiate
--> Goblin War Paint

Pack 3 pick 15:
--> Wings of Velis Vel

