Event #: 8339660
Time:    5/31/2015 5:53:16 PM
Players:
--> malthrin
    LordOfWinterfell
    knight0183
    bighink73
    Cpt-Please
    dom
    Jibs
    Rud5G

------ MM2 ------ 

Pack 1 pick 1:
    Blood Ogre
    Raise the Alarm
    Sickle Ripper
    Inner-Flame Igniter
    Wings of Velis Vel
    Scatter the Seeds
    Darksteel Citadel
    Alloy Myr
    Rusted Relic
    Ulamog's Crusher
    Dimir Aqueduct
    Deathmark
--> Savage Twister
    Apocalypse Hydra
    Runed Servitor

Pack 1 pick 2:
    Dragonsoul Knight
    Skyhunter Skirmisher
    Duskhunter Bat
    Smokebraider
    Faerie Mechanist
    Scatter the Seeds
    Rusted Relic
--> Evolving Wilds
    Skyreach Manta
    Ulamog's Crusher
    Overwhelm
    Scavenger Drake
    Blinkmoth Nexus
    Myrsmith

Pack 1 pick 3:
    Smokebraider
    Skyhunter Skirmisher
    Bloodthrone Vampire
    Dragonsoul Knight
    Helium Squirter
    Aquastrand Spider
    Kitesail
    Skyreach Manta
--> Evolving Wilds
    Sphere of the Suns
    Azorius Chancery
    Plaxcaster Frogling
    Fiery Fall

Pack 1 pick 4:
    Goblin Fireslinger
    Moonlit Strider
    Plagued Rusalka
    Stoic Rebuttal
    Nest Invader
    Sundering Vitae
    Cathodion
    Ulamog's Crusher
--> Wayfarer's Bauble
    Remand
    Skarrgan Firebird
    All Suns' Dawn

Pack 1 pick 5:
    Otherworldly Journey
    Blood Ogre
    Mana Leak
    Aquastrand Spider
    Waking Nightmare
    Thoughtcast
--> Runed Servitor
    Darksteel Citadel
    Darksteel Axe
    Root-Kin Ally
    Brute Force

Pack 1 pick 6:
    Sickle Ripper
    Inner-Flame Igniter
    Conclave Phalanx
    Bloodthrone Vampire
    Wings of Velis Vel
    Wrap in Flames
--> Wayfarer's Bauble
    Rusted Relic
    Death Denied
    Artisan of Kozilek

Pack 1 pick 7:
    Gut Shot
--> Narcolepsy
    Sphere of the Suns
    Frogmite
    Darksteel Citadel
    Copper Carapace
    Algae Gharial
    Guile
    Thrive

Pack 1 pick 8:
    Vampire Lacerator
    Plummet
    Frogmite
    Death Denied
    Copper Carapace
    Wrap in Flames
    Novijen Sages
--> Rusted Relic

Pack 1 pick 9:
    Sickle Ripper
    Inner-Flame Igniter
    Wings of Velis Vel
    Darksteel Citadel
--> Rusted Relic
    Ulamog's Crusher
    Runed Servitor

Pack 1 pick 10:
    Dragonsoul Knight
    Duskhunter Bat
--> Faerie Mechanist
    Scatter the Seeds
    Ulamog's Crusher
    Blinkmoth Nexus

Pack 1 pick 11:
    Skyhunter Skirmisher
    Helium Squirter
    Kitesail
--> Skyreach Manta
    Fiery Fall

Pack 1 pick 12:
    Goblin Fireslinger
    Stoic Rebuttal
--> Sundering Vitae
    All Suns' Dawn

Pack 1 pick 13:
    Waking Nightmare
--> Thoughtcast
    Root-Kin Ally

Pack 1 pick 14:
--> Bloodthrone Vampire
    Wings of Velis Vel

Pack 1 pick 15:
--> Frogmite

------ MM2 ------ 

Pack 2 pick 1:
    Thief of Hope
    Gorehorn Minotaurs
    Otherworldly Journey
    Plagued Rusalka
    Stoic Rebuttal
    Aquastrand Spider
--> Sphere of the Suns
    Thoughtcast
    Kitesail
    Wrap in Flames
    Rakdos Carnarium
    Novijen Sages
    Wrecking Ball
    Fulminator Mage
    Vapor Snag

Pack 2 pick 2:
    Apostle's Blessing
    Dread Drone
    Brute Force
    Kami of Ancient Law
    Vapor Snag
    Rampant Growth
    Thoughtcast
    Alloy Myr
    Death Denied
    Myr Enforcer
    Cranial Plating
    Boros Swiftblade
--> Creakwood Liege
    Arrest

Pack 2 pick 3:
    Sunlance
    Thief of Hope
    Gorehorn Minotaurs
    Helium Squirter
    Kozilek's Predator
    Evolving Wilds
    Sundering Vitae
    Frogmite
    Myr Enforcer
    Celestial Purge
--> Pillory of the Sleepless
    Necrogenesis
    Inexorable Tide

Pack 2 pick 4:
    Moonlit Strider
    Dread Drone
    Dragonsoul Knight
    Skyhunter Skirmisher
    Sundering Vitae
    Frogmite
    Myr Enforcer
    Waking Nightmare
    Culling Dais
--> Vengeful Rebirth
    Kor Duelist
    Plagued Rusalka

Pack 2 pick 5:
    Ghostly Changeling
    Moonlit Strider
    Dread Drone
    Telling Time
    Nest Invader
--> Wayfarer's Bauble
    Wrap in Flames
    Copper Carapace
    Deathmark
    Leyline of Sanctity
    Gust-Skimmer

Pack 2 pick 6:
    Plagued Rusalka
    Smokebraider
    Skyhunter Skirmisher
    Bloodthrone Vampire
--> Somber Hoverguard
    Frogmite
    Death Denied
    Copper Carapace
    Wrap in Flames
    Culling Dais

Pack 2 pick 7:
    Kami of Ancient Law
    Instill Infection
--> Fiery Fall
    Thrive
    Thrummingbird
    Steady Progress
    Expedition Map
    Restless Apparition
    Mana Leak

Pack 2 pick 8:
    Dragonsoul Knight
    Apostle's Blessing
    Vampire Lacerator
    Gnarlid Pack
    Mighty Leap
    Steady Progress
    Reassembling Skeleton
--> Flayer Husk

Pack 2 pick 9:
    Otherworldly Journey
    Plagued Rusalka
    Stoic Rebuttal
    Kitesail
    Wrap in Flames
    Novijen Sages
--> Wrecking Ball

Pack 2 pick 10:
    Dread Drone
    Brute Force
--> Alloy Myr
    Death Denied
    Myr Enforcer
    Boros Swiftblade

Pack 2 pick 11:
    Helium Squirter
--> Evolving Wilds
    Frogmite
    Celestial Purge
    Necrogenesis

Pack 2 pick 12:
--> Skyhunter Skirmisher
    Frogmite
    Waking Nightmare
    Plagued Rusalka

Pack 2 pick 13:
    Wrap in Flames
--> Deathmark
    Leyline of Sanctity

Pack 2 pick 14:
--> Death Denied
    Culling Dais

Pack 2 pick 15:
--> Steady Progress

------ MM2 ------ 

Pack 3 pick 1:
    Sickle Ripper
    Goblin Fireslinger
    Court Homunculus
    Duskhunter Bat
    Mana Leak
    Commune with Nature
    Myr Enforcer
    Darksteel Citadel
    Alloy Myr
    Rusted Relic
    Golgari Rot Farm
    Devouring Greed
    Novijen Sages
--> Profane Command
    Moonlit Strider

Pack 3 pick 2:
    Scuttling Death
    Gorehorn Minotaurs
    Ghostly Changeling
    Somber Hoverguard
    Plummet
    Stoic Rebuttal
    Frogmite
    Darksteel Citadel
    Copper Carapace
    Flashfreeze
    Boros Swiftblade
    Incandescent Soulstoke
--> Tarmogoyf
    Wayfarer's Bauble

Pack 3 pick 3:
    Scuttling Death
    Gut Shot
    Apostle's Blessing
    Dread Drone
    Nest Invader
    Mana Leak
    Kitesail
    Skyreach Manta
    Evolving Wilds
--> Sphere of the Suns
    Sigil Blessing
    Surgical Extraction
    Sign in Blood

Pack 3 pick 4:
    Court Homunculus
    Ghostly Changeling
    Brute Force
    Æthersnipe
    Commune with Nature
    Copper Carapace
    Rusted Relic
    Evolving Wilds
--> Skyreach Manta
    Dimir Guildmage
    Eldrazi Temple
    Mortarpod

Pack 3 pick 5:
    Vampire Lacerator
    Blood Ogre
    Raise the Alarm
    Narcolepsy
    Scion of the Wild
    Ulamog's Crusher
    Skyreach Manta
    Sundering Vitae
    Cathodion
--> Etched Oracle
    Ethercaste Knight

Pack 3 pick 6:
    Sunspear Shikari
    Viashino Slaughtermaster
    Commune with Nature
    Ulamog's Crusher
    Skyreach Manta
    Sundering Vitae
    Expedition Map
    Lorescale Coatl
    Vendilion Clique
--> Golgari Rot Farm

Pack 3 pick 7:
    Vampire Lacerator
    Blood Ogre
    Raise the Alarm
    Scion of the Wild
    Waking Nightmare
    Sphere of the Suns
    Kitesail
--> Etched Oracle
    Repeal

Pack 3 pick 8:
    Goblin Fireslinger
    Shrivel
    Blades of Velis Vel
    Fortify
    Repeal
    Telling Time
--> Matca Rioters
    Skyhunter Skirmisher

Pack 3 pick 9:
    Sickle Ripper
    Goblin Fireslinger
    Duskhunter Bat
    Myr Enforcer
    Darksteel Citadel
--> Alloy Myr
    Novijen Sages

Pack 3 pick 10:
    Somber Hoverguard
    Plummet
    Frogmite
    Copper Carapace
--> Flashfreeze
    Boros Swiftblade

Pack 3 pick 11:
    Dread Drone
    Kitesail
--> Skyreach Manta
    Sigil Blessing
    Surgical Extraction

Pack 3 pick 12:
    Ghostly Changeling
    Copper Carapace
--> Evolving Wilds
    Eldrazi Temple

Pack 3 pick 13:
    Ulamog's Crusher
--> Skyreach Manta
    Sundering Vitae

Pack 3 pick 14:
--> Sundering Vitae
    Expedition Map

Pack 3 pick 15:
--> Waking Nightmare

