Event #: 8340125
Time:    5/31/2015 8:23:57 PM
Players:
    RealPeaches
--> malthrin
    tara
    LordOfWinterfell
    vvangoghdc
    ATOMsoukatsu
    Visual33
    Xylovenious

------ MM2 ------ 

Pack 1 pick 1:
    Bloodthrone Vampire
    Burst Lightning
--> Sunlance
    Thief of Hope
    Mana Leak
    Commune with Nature
    Frogmite
    Darksteel Citadel
    Copper Carapace
    Thoughtcast
    Glassdust Hulk
    Bloodshot Trainee
    Tumble Magnet
    Mox Opal
    Azorius Chancery

Pack 1 pick 2:
    Scuttling Death
    Gorehorn Minotaurs
    Court Homunculus
    Vigean Graftmage
    Shrivel
    Tribal Flames
    Sylvan Bounty
--> Arrest
    Wings of Velis Vel
    Rampant Growth
    Dimir Aqueduct
    Lorescale Coatl
    Wildfire
    Skyhunter Skirmisher

Pack 1 pick 3:
    Viashino Slaughtermaster
    Kami of Ancient Law
    Vampire Lacerator
    Somber Hoverguard
    Kitesail
    Cathodion
    Waking Nightmare
    Sphere of the Suns
--> Boros Garrison
    Electrolyze
    Taj-Nar Swordsmith
    Swans of Bryn Argoll
    Inner-Flame Igniter

Pack 1 pick 4:
    Conclave Phalanx
    Repeal
    Grim Affliction
    Fiery Fall
    Gnarlid Pack
    Sickleslicer
    Mighty Leap
    Æthersnipe
    Commune with Nature
    Combust
    Vampire Outcasts
--> Boros Garrison

Pack 1 pick 5:
    Goblin Fireslinger
    Court Homunculus
    Duskhunter Bat
    Vigean Graftmage
    Instill Infection
    Fiery Fall
    Thrive
    Vapor Snag
--> Kozilek's Predator
    Sigil Blessing
    Necrogenesis

Pack 1 pick 6:
    Goblin Fireslinger
    Plagued Rusalka
    Smokebraider
    Plummet
    Wings of Velis Vel
--> Skyreach Manta
    Ulamog's Crusher
    Kitesail
    Skarrgan Firebird
    Flashfreeze

Pack 1 pick 7:
    Gust-Skimmer
    Shrivel
    Blades of Velis Vel
    Tukatongue Thallid
    Fortify
    Vapor Snag
--> Azorius Chancery
    Taj-Nar Swordsmith
    Goblin War Paint

Pack 1 pick 8:
    Court Homunculus
    Brute Force
    Faerie Mechanist
    Matca Rioters
    Kitesail
    Skyreach Manta
--> Evolving Wilds
    Hurkyl's Recall

Pack 1 pick 9:
    Commune with Nature
    Frogmite
    Darksteel Citadel
    Thoughtcast
    Bloodshot Trainee
    Tumble Magnet
--> Azorius Chancery

Pack 1 pick 10:
    Vigean Graftmage
    Shrivel
--> Tribal Flames
    Sylvan Bounty
    Wings of Velis Vel
    Skyhunter Skirmisher

Pack 1 pick 11:
    Vampire Lacerator
    Kitesail
    Waking Nightmare
--> Electrolyze
    Inner-Flame Igniter

Pack 1 pick 12:
    Conclave Phalanx
    Gnarlid Pack
    Commune with Nature
--> Combust

Pack 1 pick 13:
    Vigean Graftmage
    Instill Infection
--> Sigil Blessing

Pack 1 pick 14:
--> Smokebraider
    Wings of Velis Vel

Pack 1 pick 15:
--> Fortify

------ MM2 ------ 

Pack 2 pick 1:
    Smokebraider
    Otherworldly Journey
    Cloud Elemental
    Flayer Husk
    Goblin War Paint
    Tukatongue Thallid
--> Blinding Souleater
    Fortify
    Telling Time
    Matca Rioters
    Boros Garrison
    Spread the Sickness
    Tumble Magnet
    Emrakul, the Aeons Torn
    Frogmite

Pack 2 pick 2:
    Vampire Lacerator
    Blood Ogre
    Repeal
    Grim Affliction
    Fiery Fall
    Gnarlid Pack
    Sickleslicer
    Mighty Leap
--> Nest Invader
    Helium Squirter
    Ethercaste Knight
    Scavenger Drake
    Ghost Council of Orzhova
    Duskhunter Bat

Pack 2 pick 3:
    Bloodthrone Vampire
    Burst Lightning
    Sunlance
    Sign in Blood
    Tribal Flames
    Simic Initiate
    Terashi's Grasp
    Plummet
    Faerie Mechanist
    Gruul Turf
--> Lightning Bolt
    Argent Sphinx
    Worldheart Phoenix

Pack 2 pick 4:
    Dread Drone
    Brute Force
    Kami of Ancient Law
    Nameless Inversion
    Nest Invader
    Rusted Relic
    Ulamog's Crusher
    Skyreach Manta
    Sundering Vitae
    Deathmark
    Everflowing Chalice
--> All Is Dust

Pack 2 pick 5:
    Skyhunter Skirmisher
    Bloodthrone Vampire
    Dragonsoul Knight
    Vigean Graftmage
    Shrivel
    Sylvan Bounty
    Helium Squirter
    Flashfreeze
    Boros Swiftblade
    Ashenmoor Gouger
--> Etched Monstrosity

Pack 2 pick 6:
    Otherworldly Journey
    Plagued Rusalka
    Blood Ogre
    Waxmane Baku
    Commune with Nature
--> Cathodion
    Wayfarer's Bauble
    Kitesail
    Izzet Boilerworks
    Wrecking Ball

Pack 2 pick 7:
    Inner-Flame Igniter
    Raise the Alarm
    Commune with Nature
    Stoic Rebuttal
    Darksteel Citadel
    Alloy Myr
--> Orzhov Basilica
    Kor Duelist
    Iona, Shield of Emeria

Pack 2 pick 8:
    Ghostly Changeling
    Viashino Slaughtermaster
    Vigean Graftmage
    Instill Infection
--> Scion of the Wild
    Wings of Velis Vel
    Worldheart Phoenix
    Leyline of Sanctity

Pack 2 pick 9:
    Smokebraider
    Otherworldly Journey
    Cloud Elemental
    Tukatongue Thallid
    Fortify
--> Matca Rioters
    Boros Garrison

Pack 2 pick 10:
    Vampire Lacerator
--> Fiery Fall
    Gnarlid Pack
    Mighty Leap
    Helium Squirter
    Duskhunter Bat

Pack 2 pick 11:
    Sign in Blood
--> Tribal Flames
    Simic Initiate
    Plummet
    Worldheart Phoenix

Pack 2 pick 12:
    Dread Drone
    Brute Force
--> Skyreach Manta
    Deathmark

Pack 2 pick 13:
--> Dragonsoul Knight
    Vigean Graftmage
    Helium Squirter

Pack 2 pick 14:
    Kitesail
--> Izzet Boilerworks

Pack 2 pick 15:
--> Commune with Nature

------ MM2 ------ 

Pack 3 pick 1:
    Bloodthrone Vampire
--> Burst Lightning
    Sunlance
    Gust-Skimmer
    Shrivel
    Blades of Velis Vel
    Tukatongue Thallid
    Fortify
    Somber Hoverguard
    Plummet
    Cranial Plating
    Necrogenesis
    Water Servant
    Splinter Twin
    Sunlance

Pack 3 pick 2:
--> Burst Lightning
    Scuttling Death
    Gut Shot
    Aquastrand Spider
    Steady Progress
    Wrap in Flames
    Copper Carapace
    Rusted Relic
    Evolving Wilds
    Overwhelm
    Eldrazi Temple
    Reassembling Skeleton
    Shadowmage Infiltrator
    Kitesail

Pack 3 pick 3:
    Court Homunculus
    Duskhunter Bat
    Soulbright Flamekin
    Sunspear Shikari
    Scatter the Seeds
    Vapor Snag
    Frogmite
    Darksteel Citadel
    Copper Carapace
    Thoughtcast
    Selesnya Sanctuary
    Combust
--> Bestial Menace

Pack 3 pick 4:
    Dread Drone
    Dragonsoul Knight
    Skyhunter Skirmisher
    Duskhunter Bat
    Vines of Vastwood
    Vapor Snag
    Kozilek's Predator
    Sundering Vitae
    Frogmite
--> Pelakka Wurm
    Vengeful Rebirth
    Wings of Velis Vel

Pack 3 pick 5:
    Bone Splinters
    Soulbright Flamekin
    Conclave Phalanx
    Scuttling Death
    Scion of the Wild
    Myr Enforcer
    Waking Nightmare
    Thoughtcast
--> Runed Servitor
    Pillory of the Sleepless
    Kami of Ancient Law

Pack 3 pick 6:
    Gorehorn Minotaurs
    Repeal
--> Fiery Fall
    Gnarlid Pack
    Sickleslicer
    Mighty Leap
    Kavu Primarch
    Root-Kin Ally
    Scavenger Drake
    Waking Nightmare

Pack 3 pick 7:
    Kami of Ancient Law
    Thrummingbird
    Instill Infection
    Smash to Smithereens
    Thrive
    Scion of the Wild
    Dimir Guildmage
    Vampire Outcasts
--> Æthersnipe

Pack 3 pick 8:
    Brute Force
    Repeal
    Flayer Husk
    Blades of Velis Vel
    Sylvan Bounty
--> Tezzeret's Gambit
    Novijen Sages
    Smokebraider

Pack 3 pick 9:
    Bloodthrone Vampire
--> Shrivel
    Blades of Velis Vel
    Tukatongue Thallid
    Fortify
    Water Servant
    Splinter Twin

Pack 3 pick 10:
    Gut Shot
    Wrap in Flames
    Copper Carapace
--> Evolving Wilds
    Shadowmage Infiltrator
    Kitesail

Pack 3 pick 11:
    Duskhunter Bat
    Soulbright Flamekin
    Darksteel Citadel
    Thoughtcast
--> Selesnya Sanctuary

Pack 3 pick 12:
    Dragonsoul Knight
    Vines of Vastwood
--> Sundering Vitae
    Wings of Velis Vel

Pack 3 pick 13:
    Soulbright Flamekin
    Waking Nightmare
--> Kami of Ancient Law

Pack 3 pick 14:
--> Mighty Leap
    Root-Kin Ally

Pack 3 pick 15:
--> Instill Infection

