Event #: 8343993
Time:    6/1/2015 7:55:34 PM
Players:
    mincho
    Xopar
    DeadlyWaffle
    NinjaVanish
    HashKetchum730
    TopDeckKing3
    UrzasTurtle
--> lavalout

------ MM2 ------ 

Pack 1 pick 1:
    Waxmane Baku
    Sickle Ripper
    Goblin Fireslinger
    Court Homunculus
    Scatter the Seeds
    Steady Progress
    Copper Carapace
    Thoughtcast
    Alloy Myr
    Death Denied
    Qumulox
    Boros Swiftblade
--> Bestial Menace
    Puppeteer Clique
    Combust

Pack 1 pick 2:
    Duskhunter Bat
    Soulbright Flamekin
    Sunspear Shikari
    Vigean Graftmage
    Instill Infection
    Fiery Fall
    Thrive
    Arrest
    Matca Rioters
    Somber Hoverguard
--> Golgari Rot Farm
    Karplusan Strider
    Shrewd Hatchling
    Sundering Vitae

Pack 1 pick 3:
    Sickle Ripper
    Inner-Flame Igniter
    Conclave Phalanx
    Bloodthrone Vampire
    Helium Squirter
    Aquastrand Spider
    Thoughtcast
    Alloy Myr
    Death Denied
    Myr Enforcer
--> Selesnya Sanctuary
    Eye of Ugin
    Gust-Skimmer

Pack 1 pick 4:
    Bone Splinters
    Soulbright Flamekin
--> Conclave Phalanx
    Scuttling Death
    Helium Squirter
    Waking Nightmare
    Thoughtcast
    Runed Servitor
    Darksteel Citadel
    Hearthfire Hobgoblin
    Inexorable Tide
    Ghostly Changeling

Pack 1 pick 5:
    Ghostly Changeling
    Viashino Slaughtermaster
    Moonlit Strider
    Dread Drone
    Somber Hoverguard
--> Commune with Nature
    Frogmite
    Death Denied
    Copper Carapace
    Wrap in Flames
    Eye of Ugin

Pack 1 pick 6:
    Burst Lightning
    Gorehorn Minotaurs
    Æthersnipe
    Plummet
    Sundering Vitae
    Cathodion
--> Ulamog's Crusher
    Wayfarer's Bauble
    Boros Garrison
    Artisan of Kozilek

Pack 1 pick 7:
    Inner-Flame Igniter
    Raise the Alarm
    Bone Splinters
--> Sylvan Bounty
    Cloud Elemental
    Grim Affliction
    Smash to Smithereens
    Steady Progress
    Eldrazi Temple

Pack 1 pick 8:
    Sickle Ripper
    Thrummingbird
    Sign in Blood
    Goblin War Paint
    Simic Initiate
    Runed Servitor
--> Kavu Primarch
    Vapor Snag

Pack 1 pick 9:
    Court Homunculus
    Steady Progress
--> Copper Carapace
    Thoughtcast
    Death Denied
    Qumulox
    Boros Swiftblade

Pack 1 pick 10:
    Soulbright Flamekin
    Vigean Graftmage
    Instill Infection
    Thrive
--> Matca Rioters
    Shrewd Hatchling

Pack 1 pick 11:
    Inner-Flame Igniter
    Helium Squirter
    Aquastrand Spider
    Death Denied
--> Gust-Skimmer

Pack 1 pick 12:
    Soulbright Flamekin
--> Helium Squirter
    Waking Nightmare
    Thoughtcast

Pack 1 pick 13:
    Viashino Slaughtermaster
    Death Denied
--> Wrap in Flames

Pack 1 pick 14:
    Plummet
--> Sundering Vitae

Pack 1 pick 15:
--> Steady Progress

------ MM2 ------ 

Pack 2 pick 1:
    Plagued Rusalka
    Smokebraider
    Blades of Velis Vel
    Tukatongue Thallid
    Fortify
    Repeal
    Grim Affliction
    Fiery Fall
    Narcolepsy
    Scatter the Seeds
    Golgari Rot Farm
    Deathmark
    Savage Twister
--> Profane Command
    Ulamog's Crusher

Pack 2 pick 2:
    Skyhunter Skirmisher
    Bloodthrone Vampire
    Dragonsoul Knight
    Apostle's Blessing
    Vapor Snag
    Rampant Growth
    Waking Nightmare
    Sphere of the Suns
    Frogmite
    Azorius Chancery
--> Lightning Bolt
    Eldrazi Temple
    Puppeteer Clique
    Pelakka Wurm

Pack 2 pick 3:
    Court Homunculus
    Ghostly Changeling
    Brute Force
    Sunlance
    Narcolepsy
    Scion of the Wild
    Telling Time
    Waking Nightmare
    Thoughtcast
    Celestial Purge
--> Selesnya Guildmage
    Bloodshot Trainee
    Copper Carapace

Pack 2 pick 4:
    Duskhunter Bat
    Smokebraider
    Otherworldly Journey
--> Gnarlid Pack
    Terashi's Grasp
    Gust-Skimmer
    Shrivel
    Stoic Rebuttal
    Azorius Chancery
    Combust
    Scavenger Drake
    Tumble Magnet

Pack 2 pick 5:
    Soulbright Flamekin
    Sunspear Shikari
    Thief of Hope
    Viashino Slaughtermaster
    Vapor Snag
    Rampant Growth
    Kitesail
    Cathodion
    Waking Nightmare
--> Oblivion Ring
    Glint Hawk Idol

Pack 2 pick 6:
    Ghostly Changeling
    Brute Force
--> Sunlance
    Stoic Rebuttal
    Aquastrand Spider
    Skyreach Manta
    Sundering Vitae
    Waking Nightmare
    Flashfreeze
    Thrive

Pack 2 pick 7:
    Smokebraider
    Skyhunter Skirmisher
    Bloodthrone Vampire
    Dragonsoul Knight
    Helium Squirter
--> Commune with Nature
    Devouring Greed
    Skarrgan Firebird
    Reassembling Skeleton

Pack 2 pick 8:
    Moonlit Strider
    Dread Drone
    Dragonsoul Knight
    Skyhunter Skirmisher
--> Evolving Wilds
    Sundering Vitae
    Mutagenic Growth
    Goblin Fireslinger

Pack 2 pick 9:
    Plagued Rusalka
    Smokebraider
    Blades of Velis Vel
    Tukatongue Thallid
    Fiery Fall
--> Scatter the Seeds
    Deathmark

Pack 2 pick 10:
    Skyhunter Skirmisher
    Bloodthrone Vampire
    Dragonsoul Knight
    Apostle's Blessing
    Waking Nightmare
--> Sphere of the Suns

Pack 2 pick 11:
--> Ghostly Changeling
    Telling Time
    Waking Nightmare
    Thoughtcast
    Bloodshot Trainee

Pack 2 pick 12:
    Terashi's Grasp
    Shrivel
    Stoic Rebuttal
--> Scavenger Drake

Pack 2 pick 13:
    Soulbright Flamekin
    Vapor Snag
--> Waking Nightmare

Pack 2 pick 14:
--> Sundering Vitae
    Thrive

Pack 2 pick 15:
--> Dragonsoul Knight

------ MM2 ------ 

Pack 3 pick 1:
    Sickle Ripper
    Goblin Fireslinger
--> Tribal Flames
    Simic Initiate
    Terashi's Grasp
    Cloud Elemental
    Flayer Husk
    Goblin War Paint
    Helium Squirter
    Aquastrand Spider
    Devouring Greed
    Root-Kin Ally
    Vampire Outcasts
    Indomitable Archangel
    Emrakul, the Aeons Torn

Pack 3 pick 2:
    Raise the Alarm
    Bone Splinters
    Burst Lightning
    Sunspear Shikari
    Faerie Mechanist
    Scatter the Seeds
    Rusted Relic
    Death Denied
    Evolving Wilds
    Sundering Vitae
    Tumble Magnet
--> Cytoplast Root-Kin
    Mystic Snake
    Aquastrand Spider

Pack 3 pick 3:
    Blood Ogre
    Waxmane Baku
    Blades of Velis Vel
    Sylvan Bounty
    Glint Hawk Idol
    Thrummingbird
    Instill Infection
    Smash to Smithereens
    Telling Time
    Nest Invader
    Qumulox
--> Necrogenesis
    Death Denied

Pack 3 pick 4:
    Apostle's Blessing
--> Dread Drone
    Brute Force
    Kami of Ancient Law
    Kavu Primarch
    Skyreach Manta
    Kitesail
    Cathodion
    Flashfreeze
    Wrecking Ball
    Mystic Snake
    Faerie Mechanist

Pack 3 pick 5:
    Brute Force
    Sunlance
    Inner-Flame Igniter
    Telling Time
    Nest Invader
    Thoughtcast
    Kitesail
    Wrap in Flames
    Tezzeret's Gambit
    Air Servant
--> Rakdos Carnarium

Pack 3 pick 6:
    Dragonsoul Knight
    Skyhunter Skirmisher
    Duskhunter Bat
    Smokebraider
    Vapor Snag
    Myr Enforcer
    Darksteel Citadel
    Alloy Myr
    Gruul Turf
--> Deathmark

Pack 3 pick 7:
    Scuttling Death
    Helium Squirter
--> Aquastrand Spider
    Waking Nightmare
    Overwhelm
    Scavenger Drake
    Incandescent Soulstoke
    Daybreak Coronet
    Sign in Blood

Pack 3 pick 8:
    Thief of Hope
    Viashino Slaughtermaster
    Kami of Ancient Law
--> Tukatongue Thallid
    Vigean Graftmage
    Instill Infection
    Vines of Vastwood
    Stormblood Berserker

Pack 3 pick 9:
    Goblin Fireslinger
--> Simic Initiate
    Cloud Elemental
    Goblin War Paint
    Helium Squirter
    Devouring Greed
    Root-Kin Ally

Pack 3 pick 10:
    Bone Splinters
    Sunspear Shikari
    Faerie Mechanist
--> Scatter the Seeds
    Sundering Vitae
    Aquastrand Spider

Pack 3 pick 11:
    Blood Ogre
    Blades of Velis Vel
    Instill Infection
    Smash to Smithereens
--> Death Denied

Pack 3 pick 12:
    Apostle's Blessing
    Brute Force
--> Skyreach Manta
    Kitesail

Pack 3 pick 13:
    Telling Time
--> Kitesail
    Wrap in Flames

Pack 3 pick 14:
    Skyhunter Skirmisher
--> Smokebraider

Pack 3 pick 15:
--> Waking Nightmare

