Event #: 8345722
Time:    6/2/2015 12:20:13 PM
Players:
    Nyurikst
    flywolfwar2
    lastranger8811
    d0904
    IslandsMcCloaks
--> Giraffe
    GLW
    LeviTheUnthinkable2

------ MM2 ------ 

Pack 1 pick 1:
    Duskhunter Bat
    Soulbright Flamekin
    Sunspear Shikari
    Thief of Hope
    Vines of Vastwood
    Vapor Snag
    Sphere of the Suns
    Thoughtcast
    Kitesail
    Wrap in Flames
    Qumulox
    Dimir Guildmage
    Shrewd Hatchling
--> Shadowmage Infiltrator
    Mighty Leap

Pack 1 pick 2:
    Bone Splinters
--> Burst Lightning
    Sunspear Shikari
    Scuttling Death
    Vapor Snag
    Kozilek's Predator
    Telling Time
    Matca Rioters
    Darksteel Citadel
    Simic Growth Chamber
    Necrogenesis
    Electrolyze
    Surrakar Spellblade
    Cathodion

Pack 1 pick 3:
    Duskhunter Bat
    Soulbright Flamekin
    Sunspear Shikari
    Thief of Hope
    Telling Time
    Plummet
    Cathodion
    Waking Nightmare
    Sphere of the Suns
    Frogmite
    Boros Garrison
--> Spread the Sickness
    Sylvan Bounty

Pack 1 pick 4:
    Kami of Ancient Law
    Vampire Lacerator
    Terashi's Grasp
    Cloud Elemental
    Flayer Husk
    Goblin War Paint
    Tukatongue Thallid
    Telling Time
    Celestial Purge
--> Selesnya Guildmage
    Incandescent Soulstoke
    Mortarpod

Pack 1 pick 5:
    Otherworldly Journey
--> Plagued Rusalka
    Blood Ogre
    Terashi's Grasp
    Cloud Elemental
    Flayer Husk
    Goblin War Paint
    Tukatongue Thallid
    Kor Duelist
    Horde of Notions
    Apostle's Blessing

Pack 1 pick 6:
    Dread Drone
    Brute Force
    Kami of Ancient Law
    Steady Progress
    Kavu Primarch
    Wrap in Flames
    Copper Carapace
    Rusted Relic
    Taj-Nar Swordsmith
--> Puppeteer Clique

Pack 1 pick 7:
--> Bloodthrone Vampire
    Dragonsoul Knight
    Apostle's Blessing
    Vampire Lacerator
    Stoic Rebuttal
    Aquastrand Spider
    Evolving Wilds
    Ulamog's Crusher
    Kitesail

Pack 1 pick 8:
    Blood Ogre
    Waxmane Baku
--> Ghostly Changeling
    Commune with Nature
    Stoic Rebuttal
    Aquastrand Spider
    Runed Servitor
    Eldrazi Temple

Pack 1 pick 9:
    Duskhunter Bat
    Soulbright Flamekin
--> Sunspear Shikari
    Vines of Vastwood
    Wrap in Flames
    Qumulox
    Mighty Leap

Pack 1 pick 10:
    Sunspear Shikari
    Scuttling Death
    Telling Time
    Darksteel Citadel
--> Necrogenesis
    Surrakar Spellblade

Pack 1 pick 11:
    Soulbright Flamekin
--> Sunspear Shikari
    Plummet
    Waking Nightmare
    Frogmite

Pack 1 pick 12:
    Kami of Ancient Law
--> Vampire Lacerator
    Terashi's Grasp
    Telling Time

Pack 1 pick 13:
    Terashi's Grasp
    Tukatongue Thallid
--> Kor Duelist

Pack 1 pick 14:
    Steady Progress
--> Wrap in Flames

Pack 1 pick 15:
--> Apostle's Blessing

------ MM2 ------ 

Pack 2 pick 1:
    Sickle Ripper
    Inner-Flame Igniter
    Conclave Phalanx
    Bloodthrone Vampire
    Æthersnipe
    Commune with Nature
    Faerie Mechanist
    Matca Rioters
    Darksteel Citadel
    Copper Carapace
    Gruul Turf
    Wrecking Ball
    Vengeful Rebirth
--> Lodestone Golem
    Goblin War Paint

Pack 2 pick 2:
--> Nameless Inversion
    Goblin Fireslinger
    Moonlit Strider
    Plagued Rusalka
    Steady Progress
    Matca Rioters
    Somber Hoverguard
    Alloy Myr
    Rusted Relic
    Ulamog's Crusher
    Cranial Plating
    Necrogenesis
    Kiki-Jiki, Mirror Breaker
    Karplusan Strider

Pack 2 pick 3:
    Goblin Fireslinger
    Court Homunculus
--> Sickleslicer
    Mighty Leap
    Gust-Skimmer
    Sign in Blood
    Tribal Flames
    Simic Initiate
    Nest Invader
    Mana Leak
    Izzet Boilerworks
    Worldheart Phoenix
    Thief of Hope

Pack 2 pick 4:
    Viashino Slaughtermaster
--> Moonlit Strider
    Dread Drone
    Dragonsoul Knight
    Helium Squirter
    Aquastrand Spider
    Sundering Vitae
    Ulamog's Crusher
    Overwhelm
    Ashenmoor Gouger
    Mystic Snake
    Viashino Slaughtermaster

Pack 2 pick 5:
    Smokebraider
    Skyhunter Skirmisher
--> Blinding Souleater
    Vigean Graftmage
    Shrivel
    Sylvan Bounty
    Mana Leak
    Commune with Nature
    Devouring Greed
    Bloodshot Trainee
    Conclave Phalanx

Pack 2 pick 6:
--> Otherworldly Journey
    Runed Servitor
    Mighty Leap
    Repeal
    Blades of Velis Vel
    Faerie Mechanist
    Vines of Vastwood
    Flashfreeze
    Boros Swiftblade
    Myrsmith

Pack 2 pick 7:
    Gut Shot
    Sickle Ripper
    Fortify
    Repeal
--> Grim Affliction
    Fiery Fall
    Gnarlid Pack
    Gruul Turf
    Water Servant

Pack 2 pick 8:
    Smokebraider
--> Terashi's Grasp
    Shrivel
    Blades of Velis Vel
    Tukatongue Thallid
    Plummet
    Stoic Rebuttal
    Vigean Graftmage

Pack 2 pick 9:
    Inner-Flame Igniter
    Conclave Phalanx
    Bloodthrone Vampire
    Commune with Nature
    Matca Rioters
--> Copper Carapace
    Goblin War Paint

Pack 2 pick 10:
    Goblin Fireslinger
    Steady Progress
    Ulamog's Crusher
--> Cranial Plating
    Necrogenesis
    Karplusan Strider

Pack 2 pick 11:
    Goblin Fireslinger
    Mighty Leap
    Simic Initiate
--> Mana Leak
    Worldheart Phoenix

Pack 2 pick 12:
    Viashino Slaughtermaster
--> Aquastrand Spider
    Sundering Vitae
    Overwhelm

Pack 2 pick 13:
    Commune with Nature
--> Bloodshot Trainee
    Conclave Phalanx

Pack 2 pick 14:
--> Mighty Leap
    Blades of Velis Vel

Pack 2 pick 15:
--> Sickle Ripper

------ MM2 ------ 

Pack 3 pick 1:
    Sunlance
    Nameless Inversion
    Sickleslicer
    Blinding Souleater
    Vigean Graftmage
    Shrivel
    Tribal Flames
    Sylvan Bounty
    Wings of Velis Vel
    Rampant Growth
    Selesnya Sanctuary
    Combust
    Reassembling Skeleton
--> Indomitable Archangel
    Glassdust Hulk

Pack 3 pick 2:
    Dread Drone
    Brute Force
    Kami of Ancient Law
--> Arrest
    Cloud Elemental
    Grim Affliction
    Smash to Smithereens
    Gnarlid Pack
    Faerie Mechanist
    Scatter the Seeds
    Devouring Greed
    Daggerclaw Imp
    Stormblood Berserker
    Sunspear Shikari

Pack 3 pick 3:
    Blood Ogre
    Raise the Alarm
    Sickleslicer
    Mighty Leap
    Gust-Skimmer
    Sign in Blood
    Simic Initiate
    Helium Squirter
    Kavu Primarch
--> Restless Apparition
    Cytoplast Root-Kin
    Iona, Shield of Emeria
    Tezzeret's Gambit

Pack 3 pick 4:
    Waxmane Baku
    Ghostly Changeling
    Fortify
    Vigean Graftmage
    Instill Infection
    Fiery Fall
    Thrive
    Stoic Rebuttal
    Dimir Guildmage
--> Mortarpod
    Eldrazi Temple
    Dread Drone

Pack 3 pick 5:
    Sunspear Shikari
    Gut Shot
    Apostle's Blessing
    Mana Leak
    Aquastrand Spider
    Telling Time
    Myr Enforcer
    Darksteel Citadel
    Golgari Rot Farm
    Drooling Groodion
--> Vampire Lacerator

Pack 3 pick 6:
    Goblin Fireslinger
    Court Homunculus
    Terashi's Grasp
    Shrivel
    Blades of Velis Vel
    Tukatongue Thallid
    Scion of the Wild
    Selesnya Sanctuary
--> Savage Twister
    Helium Squirter

Pack 3 pick 7:
    Blood Ogre
    Sickle Ripper
    Inner-Flame Igniter
    Matca Rioters
    Somber Hoverguard
    Death Denied
--> Dimir Aqueduct
    Mutagenic Growth
    Lodestone Myr

Pack 3 pick 8:
    Court Homunculus
    Brute Force
    Thrummingbird
    Instill Infection
--> Smash to Smithereens
    Thrive
    Scion of the Wild
    Plaxcaster Frogling

Pack 3 pick 9:
--> Sunlance
    Vigean Graftmage
    Shrivel
    Tribal Flames
    Sylvan Bounty
    Wings of Velis Vel
    Reassembling Skeleton

Pack 3 pick 10:
    Kami of Ancient Law
    Cloud Elemental
    Smash to Smithereens
    Devouring Greed
--> Daggerclaw Imp
    Sunspear Shikari

Pack 3 pick 11:
--> Raise the Alarm
    Mighty Leap
    Simic Initiate
    Helium Squirter
    Kavu Primarch

Pack 3 pick 12:
--> Ghostly Changeling
    Fortify
    Instill Infection
    Thrive

Pack 3 pick 13:
    Sunspear Shikari
    Aquastrand Spider
--> Myr Enforcer

Pack 3 pick 14:
    Goblin Fireslinger
--> Shrivel

Pack 3 pick 15:
--> Blood Ogre

