Event #: 8419017
Time:    24/06/2015 1:38:32 PM
Players:
    Swymco
    CalebD
    vinnienitro162
    yaminabe
    alexwest
--> mikerpiker
    Bendezar
    thewaca

------ MM2 ------ 

Pack 1 pick 1:
    Sunspear Shikari
    Scuttling Death
    Gut Shot
    Apostle's Blessing
--> Æthersnipe
    Commune with Nature
    Frogmite
    Myr Enforcer
    Waking Nightmare
    Thoughtcast
    Selesnya Sanctuary
    Water Servant
    Myrsmith
    Scute Mob
    Scute Mob

Pack 1 pick 2:
    Vampire Lacerator
    Gut Shot
    Waxmane Baku
    Sickle Ripper
    Stoic Rebuttal
--> Nest Invader
    Waking Nightmare
    Sphere of the Suns
    Frogmite
    Darksteel Citadel
    Azorius Chancery
    Combust
    Eldrazi Temple
    Hearthfire Hobgoblin

Pack 1 pick 3:
    Gorehorn Minotaurs
    Court Homunculus
    Ghostly Changeling
    Brute Force
--> Faerie Mechanist
    Steady Progress
    Myr Enforcer
    Waking Nightmare
    Thoughtcast
    Golgari Rot Farm
    Taj-Nar Swordsmith
    Necrogenesis
    Mox Opal

Pack 1 pick 4:
    Brute Force
    Wings of Velis Vel
    Vines of Vastwood
    Thoughtcast
    Kitesail
    Wrap in Flames
--> Wayfarer's Bauble
    Expedition Map
    Agony Warp
    Scavenger Drake
    Ulamog, the Infinite Gyre
    Flashfreeze

Pack 1 pick 5:
    Sunspear Shikari
    Thief of Hope
    Viashino Slaughtermaster
    Kami of Ancient Law
--> Æthersnipe
    Plummet
    Myr Enforcer
    Sundering Vitae
    Cathodion
    Ulamog's Crusher
    Waking Nightmare

Pack 1 pick 6:
    Viashino Slaughtermaster
    Moonlit Strider
    Dread Drone
    Dragonsoul Knight
    Helium Squirter
--> Cathodion
    Waking Nightmare
    Sphere of the Suns
    Thoughtcast
    Kami of Ancient Law

Pack 1 pick 7:
    Apostle's Blessing
    Gut Shot
    Repeal
    Fiery Fall
    Telling Time
    Matca Rioters
--> Dispatch
    Kor Duelist
    Smash to Smithereens

Pack 1 pick 8:
    Inner-Flame Igniter
    Conclave Phalanx
--> Somber Hoverguard
    Commune with Nature
    Sphere of the Suns
    Frogmite
    Death Denied
    Worldheart Phoenix

Pack 1 pick 9:
    Gut Shot
    Commune with Nature
    Frogmite
    Myr Enforcer
    Waking Nightmare
    Thoughtcast
--> Water Servant

Pack 1 pick 10:
    Gut Shot
    Sickle Ripper
--> Stoic Rebuttal
    Waking Nightmare
    Frogmite
    Eldrazi Temple

Pack 1 pick 11:
    Brute Force
    Steady Progress
--> Myr Enforcer
    Waking Nightmare
    Thoughtcast

Pack 1 pick 12:
    Wings of Velis Vel
    Wrap in Flames
--> Agony Warp
    Flashfreeze

Pack 1 pick 13:
    Plummet
--> Myr Enforcer
    Waking Nightmare

Pack 1 pick 14:
    Helium Squirter
--> Waking Nightmare

Pack 1 pick 15:
--> Gut Shot

------ MM2 ------ 

Pack 2 pick 1:
    Inner-Flame Igniter
    Conclave Phalanx
    Sickleslicer
--> Blinding Souleater
    Vigean Graftmage
    Shrivel
    Tribal Flames
    Sylvan Bounty
    Narcolepsy
    Rampant Growth
    Combust
    Algae Gharial
    Skarrgan Firebird
    Blinkmoth Nexus
    Blood Ogre

Pack 2 pick 2:
    Brute Force
    Kami of Ancient Law
    Sickleslicer
    Mighty Leap
--> Gust-Skimmer
    Sign in Blood
    Tribal Flames
    Simic Initiate
    Vapor Snag
    Scion of the Wild
    Artisan of Kozilek
    Cytoplast Root-Kin
    Fulminator Mage
    Goblin War Paint

Pack 2 pick 3:
    Conclave Phalanx
    Scuttling Death
    Gorehorn Minotaurs
--> Court Homunculus
    Scion of the Wild
    Telling Time
    Plummet
    Waking Nightmare
    Sphere of the Suns
    Qumulox
    Lorescale Coatl
    Eye of Ugin
    Court Homunculus

Pack 2 pick 4:
    Nameless Inversion
    Inner-Flame Igniter
    Raise the Alarm
    Matca Rioters
    Somber Hoverguard
    Runed Servitor
--> Darksteel Citadel
    Wayfarer's Bauble
    Alloy Myr
    Karplusan Strider
    Bestial Menace
    Kitesail

Pack 2 pick 5:
    Waxmane Baku
    Moonlit Strider
    Helium Squirter
    Kavu Primarch
    Skyreach Manta
--> Evolving Wilds
    Sphere of the Suns
    Frogmite
    Remand
    Daggerclaw Imp
    Necroskitter

Pack 2 pick 6:
    Vampire Lacerator
    Vigean Graftmage
    Instill Infection
    Fiery Fall
    Thrive
--> Mana Leak
    Commune with Nature
    Simic Growth Chamber
    Plaxcaster Frogling
    Commune with Nature

Pack 2 pick 7:
    Bone Splinters
    Soulbright Flamekin
    Fortify
    Repeal
    Grim Affliction
    Gnarlid Pack
    Wings of Velis Vel
    Qumulox
--> Dimir Guildmage

Pack 2 pick 8:
    Apostle's Blessing
    Brute Force
--> Kami of Ancient Law
    Wings of Velis Vel
    Vines of Vastwood
    Helium Squirter
    Kavu Primarch
    Golgari Rot Farm

Pack 2 pick 9:
    Inner-Flame Igniter
    Vigean Graftmage
--> Shrivel
    Sylvan Bounty
    Combust
    Skarrgan Firebird
    Blood Ogre

Pack 2 pick 10:
    Brute Force
    Mighty Leap
    Sign in Blood
    Simic Initiate
--> Vapor Snag
    Goblin War Paint

Pack 2 pick 11:
    Conclave Phalanx
    Telling Time
    Plummet
    Waking Nightmare
--> Sphere of the Suns

Pack 2 pick 12:
    Inner-Flame Igniter
    Matca Rioters
--> Somber Hoverguard
    Karplusan Strider

Pack 2 pick 13:
    Helium Squirter
    Frogmite
--> Remand

Pack 2 pick 14:
--> Thrive
    Commune with Nature

Pack 2 pick 15:
--> Wings of Velis Vel

------ MM2 ------ 

Pack 3 pick 1:
    Conclave Phalanx
    Scuttling Death
    Sickleslicer
    Mighty Leap
--> Gust-Skimmer
    Sign in Blood
    Tribal Flames
    Simic Initiate
    Mana Leak
    Commune with Nature
    Izzet Boilerworks
    Worldheart Phoenix
    Lorescale Coatl
    Nobilis of War
    Thief of Hope

Pack 3 pick 2:
    Vampire Lacerator
    Gut Shot
    Waxmane Baku
    Sickle Ripper
    Telling Time
    Nest Invader
    Kitesail
    Wrap in Flames
    Wayfarer's Bauble
    Rusted Relic
    Simic Growth Chamber
    Kor Duelist
--> Cryptic Command
    Dread Drone

Pack 3 pick 3:
    Dread Drone
    Dragonsoul Knight
    Glint Hawk Idol
    Thrummingbird
    Instill Infection
    Smash to Smithereens
    Thrive
--> Æthersnipe
    Commune with Nature
    Azorius Chancery
    Devouring Greed
    Electrolyze
    Splinter Twin

Pack 3 pick 4:
    Court Homunculus
    Duskhunter Bat
    Soulbright Flamekin
    Sunspear Shikari
    Helium Squirter
    Sundering Vitae
--> Cathodion
    Ulamog's Crusher
    Wayfarer's Bauble
    Restless Apparition
    Reassembling Skeleton
    Skyreach Manta

Pack 3 pick 5:
    Goblin Fireslinger
    Thrummingbird
    Sign in Blood
    Goblin War Paint
    Simic Initiate
--> Faerie Mechanist
    Rakdos Carnarium
    Spitebellows
    Mortarpod
    Surrakar Spellblade
    Matca Rioters

Pack 3 pick 6:
    Sickle Ripper
    Goblin Fireslinger
    Vigean Graftmage
    Shrivel
    Tribal Flames
    Sylvan Bounty
    Stoic Rebuttal
--> Tezzeret's Gambit
    Hellkite Charger
    Burst Lightning

Pack 3 pick 7:
    Blood Ogre
    Vapor Snag
    Thoughtcast
    Runed Servitor
    Darksteel Citadel
--> Wayfarer's Bauble
    Reassembling Skeleton
    Daggerclaw Imp
    Ghost Council of Orzhova

Pack 3 pick 8:
    Smokebraider
    Terashi's Grasp
    Cloud Elemental
    Goblin War Paint
    Tukatongue Thallid
    Helium Squirter
--> Dimir Guildmage
    Horde of Notions

Pack 3 pick 9:
    Conclave Phalanx
--> Scuttling Death
    Tribal Flames
    Simic Initiate
    Mana Leak
    Commune with Nature
    Worldheart Phoenix

Pack 3 pick 10:
    Gut Shot
    Sickle Ripper
--> Telling Time
    Kitesail
    Wrap in Flames
    Dread Drone

Pack 3 pick 11:
    Dragonsoul Knight
    Thrummingbird
--> Smash to Smithereens
    Thrive
    Commune with Nature

Pack 3 pick 12:
    Duskhunter Bat
    Soulbright Flamekin
    Helium Squirter
--> Skyreach Manta

Pack 3 pick 13:
--> Thrummingbird
    Goblin War Paint
    Simic Initiate

Pack 3 pick 14:
    Goblin Fireslinger
--> Stoic Rebuttal

Pack 3 pick 15:
--> Thoughtcast

