Event #: 8462388
Time:    7/8/2015 6:44:16 PM
Players:
    Xavin
    castryl
    XNFPredator
    Deimosfobos
    mythdom
    CarbonNeutral
    Remy_Lebeau
--> WeGoingSizzler

------ C03 ------ 

Pack 1 pick 1:
    Ranger of Eos
    Path to Exile
    Phantasmal Image
--> Compulsive Research
    Inquisition of Kozilek
    Dark Ritual
    Goblin Welder
    Zurgo Bellstriker
    Elves of Deep Shadow
    Avenger of Zendikar
    Narset Transcendent
    Smokestack
    Batterskull
    Polluted Delta
    Llanowar Wastes

Pack 1 pick 2:
    Leonin Arbiter
    Banishing Light
    Sower of Temptation
--> Ancestral Vision
    Puppeteer Clique
    Massacre Wurm
    Mizzium Mortars
    Prophetic Flamespeaker
    Woodfall Primus
    Sulfurous Springs
    Boros Reckoner
    Sword of Fire and Ice
    Windswept Heath
    Izzet Signet

Pack 1 pick 3:
    Mana Tithe
    Counterspell
--> Tinker
    Ultimate Price
    Recurring Nightmare
    Bonfire of the Damned
    Hero of Oxid Ridge
    Tooth and Nail
    Flooded Strand
    Battlefield Forge
    Godless Shrine
    Phyrexian Revoker
    Everflowing Chalice

Pack 1 pick 4:
    Silverblade Paladin
    Oblivion Ring
    Empty the Warrens
    Vampire Nighthawk
    Living Death
    Chain Lightning
    Kargan Dragonlord
    Master of the Wild Hunt
    Yavimaya Coast
    Stomping Ground
--> Drowned Catacomb
    Bayou

Pack 1 pick 5:
    Soldier of the Pantheon
    Faith's Fetters
--> Repeal
    Bloodsoaked Champion
    Tendrils of Agony
    Through the Breach
    Inferno Titan
    Scavenging Ooze
    Olivia Voldaren
    Tangle Wire
    Zuran Orb

Pack 1 pick 6:
    Exalted Angel
    Elspeth, Sun's Champion
    Deceiver Exarch
--> Impulse
    Hymn to Tourach
    Char
    Punishing Fire
    Sorin, Lord of Innistrad
    Gaddock Teeg
    Woodland Cemetery

Pack 1 pick 7:
    Thalia, Guardian of Thraben
--> Baneslayer Angel
    Desecration Demon
    Putrid Imp
    Searing Blaze
    Genesis Wave
    Garruk, Primal Hunter
    Winter Orb
    Mirari's Wake

Pack 1 pick 8:
--> Shelldock Isle
    Nether Void
    Bazaar of Baghdad
    Incinerate
    Koth of the Hammer
    Regrowth
    Mutavault
    Underground River

Pack 1 pick 9:
    Ranger of Eos
--> Inquisition of Kozilek
    Dark Ritual
    Goblin Welder
    Zurgo Bellstriker
    Elves of Deep Shadow
    Llanowar Wastes

Pack 1 pick 10:
    Leonin Arbiter
    Puppeteer Clique
    Mizzium Mortars
    Prophetic Flamespeaker
--> Sulfurous Springs
    Boros Reckoner

Pack 1 pick 11:
    Mana Tithe
    Hero of Oxid Ridge
    Battlefield Forge
--> Godless Shrine
    Phyrexian Revoker

Pack 1 pick 12:
    Silverblade Paladin
    Empty the Warrens
    Kargan Dragonlord
--> Yavimaya Coast

Pack 1 pick 13:
    Soldier of the Pantheon
    Bloodsoaked Champion
--> Through the Breach

Pack 1 pick 14:
    Char
--> Gaddock Teeg

Pack 1 pick 15:
--> Searing Blaze

------ C03 ------ 

Pack 2 pick 1:
    Fiend Hunter
    Disenchant
    Bribery
    Gifts Ungiven
    Damnation
--> Mind Twist
    Burst Lightning
    Hellrider
    Joraga Treespeaker
    Mox Emerald
    Adarkar Wastes
    Emrakul, the Aeons Torn
    Lightning Greaves
    Memory Jar
    Metalworker

Pack 2 pick 2:
    Secure the Wastes
    Elspeth, Knight-Errant
--> Upheaval
    Mystical Tutor
    Skinrender
    Imperial Seal
    Crater's Claws
    Wasteland
    Channel
    Fauna Shaman
    Rakdos Cackler
    Plateau
    Sin Collector
    Masticore

Pack 2 pick 3:
    Emeria Angel
    Awakening Zone
    Force Spike
    Heartbeat of Spring
    Oona's Prowler
    Firebolt
    Siege-Gang Commander
    Tarmogoyf
    Mana Confluence
--> Simic Signet
    Sword of Feast and Famine
    Temple Garden
    Abrupt Decay

Pack 2 pick 4:
    Blade Splicer
    Angel of Serenity
--> Mana Leak
    Show and Tell
    Bloodline Keeper
    Bloodghast
    Lightning Strike
    Gore-House Chainwalker
    Search for Tomorrow
    Thrun, the Last Troll
    Edric, Spymaster of Trest
    Isolated Chapel

Pack 2 pick 5:
    Student of Warfare
--> Vendilion Clique
    Mind's Desire
    Nezumi Shortfang
    Buried Alive
    Magma Jet
    Fyndhorn Elves
    Gaea's Cradle
    Jeskai Ascendancy
    Clifftop Retreat
    Xenagos, the Reveler

Pack 2 pick 6:
    Hero of Bladehold
    Trinket Mage
    Gurmag Angler
    Entomb
    Fireblast
    Thundermaw Hellkite
    Acidic Slime
    Supreme Verdict
    Sensei's Divining Top
--> Golgari Signet

Pack 2 pick 7:
    Weathered Wayfarer
    Ravages of War
    Pestermite
--> Gitaxian Probe
    Lifebane Zombie
    Animate Dead
    Shrine of Burning Rage
    Rofellos, Llanowar Emissary
    Nature's Claim

Pack 2 pick 8:
    Leonin Relic-Warder
--> Gush
    Dark Confidant
    Makeshift Mannequin
    Imperial Recruiter
    Magus of the Moon
    Progenitus
    Staff of Domination

Pack 2 pick 9:
    Fiend Hunter
    Disenchant
    Gifts Ungiven
    Burst Lightning
    Hellrider
--> Emrakul, the Aeons Torn
    Memory Jar

Pack 2 pick 10:
    Crater's Claws
--> Wasteland
    Fauna Shaman
    Rakdos Cackler
    Plateau
    Masticore

Pack 2 pick 11:
--> Force Spike
    Heartbeat of Spring
    Oona's Prowler
    Siege-Gang Commander
    Tarmogoyf

Pack 2 pick 12:
    Bloodghast
    Lightning Strike
    Gore-House Chainwalker
--> Edric, Spymaster of Trest

Pack 2 pick 13:
    Student of Warfare
    Magma Jet
--> Jeskai Ascendancy

Pack 2 pick 14:
--> Gurmag Angler
    Fireblast

Pack 2 pick 15:
--> Weathered Wayfarer

------ C03 ------ 

Pack 3 pick 1:
    Mother of Runes
    Council's Judgment
    Meloku the Clouded Mirror
    Momentary Blink
    Tombstalker
    Vampiric Tutor
    Ancient Grudge
    Delver of Secrets
    Pattern of Rebirth
    Craterhoof Behemoth
    Chrome Mox
    Shardless Agent
    Sword of Body and Mind
    Mindslaver
--> Blightsteel Colossus

Pack 3 pick 2:
    Brimaz, King of Oreskos
    Sun Titan
    Mulldrifter
--> Ancestral Recall
    Diabolic Edict
    Shallow Grave
    Kiki-Jiki, Mirror Breaker
    Strip Mine
    Sidisi, Undead Vizier
    Glacial Fortress
    Hinterland Harbor
    Wooded Foothills
    Baleful Strix
    Sphinx of the Steel Wind

Pack 3 pick 3:
    Lingering Souls
    Unexpectedly Absent
--> Cryptic Command
    Geralf's Messenger
    Corpse Dance
    Greater Gargadon
    Dismember
    Nissa, Worldwaker
    Urborg, Tomb of Yawgmoth
    Figure of Destiny
    Bloodbraid Elf
    Kitchen Finks
    Volcanic Island

Pack 3 pick 4:
    Hallowed Spiritkeeper
    Parallax Wave
--> Preordain
    Hero's Downfall
    Firestorm
    Chandra's Phoenix
    Troll Ascetic
    Geist of Saint Traft
    Lightning Helix
    Vindicate
    Isochron Scepter
    Electrolyze

Pack 3 pick 5:
    Wall of Omens
    Karakas
    Venser, Shaper Savant
    Duress
    Wheel of Fortune
    Eidolon of the Great Revel
--> Azorius Signet
    Mystic Snake
    Huntmaster of the Fells
    Nevinyrral's Disk
    Verdant Catacombs

Pack 3 pick 6:
    Ajani, Caller of the Pride
    Moat
--> Ponder
    Braids, Cabal Minion
    Brimstone Volley
    Outpost Siege
    Birds of Paradise
    Rakdos's Return
    Crucible of Worlds
    Qasali Pridemage

Pack 3 pick 7:
    Porcelain Legionnaire
    Honor of the Pure
    Volrath's Stronghold
    Searing Spear
    Goblin Guide
    Survival of the Fittest
--> Dragonskull Summit
    Lodestone Golem
    Utter End

Pack 3 pick 8:
    Banisher Priest
    Riftwing Cloudskate
--> Thoughtseize
    Daretti, Scrap Savant
    Manic Vandal
    Dreadbore
    Boros Charm
    Taiga

Pack 3 pick 9:
    Council's Judgment
    Meloku the Clouded Mirror
    Momentary Blink
--> Tombstalker
    Delver of Secrets
    Chrome Mox
    Shardless Agent

Pack 3 pick 10:
    Sun Titan
    Shallow Grave
    Glacial Fortress
    Hinterland Harbor
    Wooded Foothills
--> Sphinx of the Steel Wind

Pack 3 pick 11:
    Geralf's Messenger
    Corpse Dance
--> Greater Gargadon
    Figure of Destiny
    Bloodbraid Elf

Pack 3 pick 12:
    Parallax Wave
    Firestorm
    Chandra's Phoenix
--> Electrolyze

Pack 3 pick 13:
--> Duress
    Wheel of Fortune
    Eidolon of the Great Revel

Pack 3 pick 14:
--> Braids, Cabal Minion
    Brimstone Volley

Pack 3 pick 15:
--> Honor of the Pure

