Event #: 8508218
Time:    7/24/2015 12:33:30 PM
Players:
    akuz
    cup
    Amanderene
    smz0014
    MrArmadillo
    PhysikusAlchim
    Vilgefortz
--> Shhhh

------ ORI ------ 

Pack 1 pick 1:
    Infectious Bloodlust
    Akroan Jailer
    Valeron Wardens
    Undead Servant
    Dreadwaters
    Nissa's Pilgrimage
    Suppression Bonds
    Veteran's Sidearm
    Timberpack Wolf
    Bone to Ash
--> Whirler Rogue
    Possessed Skaab
    Enthralling Victor
    Alhammarret's Archive
    Mountain

Pack 1 pick 2:
    Dark Dabbling
    Chandra's Fury
    Titan's Strength
    Read the Bones
    Faerie Miscreant
    Nissa's Pilgrimage
    Enlightened Ascetic
    Ghirapur Gearcrafter
    Stratus Walk
    Titanic Growth
    Shadows of the Past
    Skaab Goliath
--> Sentinel of the Eternal Watch
    Forest

Pack 1 pick 3:
    Touch of Moonglove
    Subterranean Scout
    Akroan Jailer
    Call of the Full Moon
    Stratus Walk
    Pharika's Disciple
--> Knight of the Pilgrim's Road
    Nantuko Husk
    Deep-Sea Terror
    Mage-Ring Network
    Ramroller
    Thopter Engineer
    Mountain

Pack 1 pick 4:
    Act of Treason
    Shambling Ghoul
--> Separatist Voidmage
    Vine Snare
    Heavy Infantry
    Caustic Caterpillar
    Aspiring Aeronaut
    Murder Investigation
    Elemental Bond
    Fiery Conclusion
    Willbreaker
    Swamp

Pack 1 pick 5:
    Smash to Smithereens
    Healing Hands
    Infernal Scarring
    Dreadwaters
    Evolving Wilds
    Orchard Spirit
    Send to Sleep
    Valor in Akros
    Runed Servitor
--> Dark Petition
    Forest

Pack 1 pick 6:
    Thornbow Archer
    Mighty Leap
    Rabid Bloodsucker
    Reclaim
    Veteran's Sidearm
--> Aspiring Aeronaut
    Elvish Visionary
    Mage-Ring Network
    Jayemdae Tome
    Island

Pack 1 pick 7:
    Thornbow Archer
    Volcanic Rambler
    Mighty Leap
    Shambling Ghoul
    Calculated Dismissal
    Heavy Infantry
--> Screeching Skaab
    Titanic Growth
    Island

Pack 1 pick 8:
    Eyeblight Assassin
    Rabid Bloodsucker
    Reclaim
    Veteran's Sidearm
    Vastwood Gorger
--> Artificer's Epiphany
    Prism Ring
    Swamp

Pack 1 pick 9:
    Undead Servant
    Dreadwaters
    Nissa's Pilgrimage
    Veteran's Sidearm
    Bone to Ash
--> Alhammarret's Archive
    Mountain

Pack 1 pick 10:
    Dark Dabbling
    Faerie Miscreant
    Nissa's Pilgrimage
--> Enlightened Ascetic
    Stratus Walk
    Forest

Pack 1 pick 11:
    Touch of Moonglove
    Deep-Sea Terror
    Mage-Ring Network
--> Ramroller
    Mountain

Pack 1 pick 12:
    Act of Treason
    Vine Snare
--> Murder Investigation
    Swamp

Pack 1 pick 13:
--> Healing Hands
    Infernal Scarring
    Forest

Pack 1 pick 14:
--> Mage-Ring Network
    Island

Pack 1 pick 15:
--> Island

------ ORI ------ 

Pack 2 pick 1:
    Infernal Scarring
    Dragon Fodder
    Yoked Ox
    Deadbridge Shaman
    Bone to Ash
--> Swift Reckoning
    Wild Instincts
    Evolving Wilds
    Stalwart Aven
    Guardian Automaton
    Prism Ring
    Ghirapur Æther Grid
    Anchor to the Æther
    Relic Seeker
    Mountain

Pack 2 pick 2:
    Dark Dabbling
    Chandra's Fury
    Charging Griffin
    Aerial Volley
    Bone to Ash
    Aerial Volley
    Returned Centaur
    Claustrophobia
    Mantle of Webs
    Boggart Brute
    Ravaging Blaze
    Swift Reckoning
--> Sentinel of the Eternal Watch
    Island

Pack 2 pick 3:
    Yoked Ox
    Deadbridge Shaman
    Cobblebrute
    Aven Battle Priest
--> Watercourser
    Orchard Spirit
    Alchemist's Vial
    Mountain
    Bellows Lizard
    Hydrolash
    Necromantic Summons
    Enthralling Victor
    Forest

Pack 2 pick 4:
    Charging Griffin
    Macabre Waltz
    Act of Treason
    Screeching Skaab
    Elvish Visionary
    Stratus Walk
    Vastwood Gorger
    Stalwart Aven
    Guardian Automaton
--> Whirler Rogue
    Foundry of the Consuls
    Forest

Pack 2 pick 5:
    Act of Treason
    Thornbow Archer
    Volcanic Rambler
    Maritime Guard
    Timberpack Wolf
    Guardians of Meletis
    Mantle of Webs
--> Stalwart Aven
    Angel's Tomb
    Skyraker Giant
    Swamp

Pack 2 pick 6:
    Nightsnare
    Demolish
    Aspiring Aeronaut
--> Knight of the Pilgrim's Road
    Nantuko Husk
    Deep-Sea Terror
    Wild Instincts
    Skaab Goliath
    Fiery Conclusion
    Mountain

Pack 2 pick 7:
    Touch of Moonglove
    Subterranean Scout
    Akroan Jailer
    Alchemist's Vial
    Bellows Lizard
--> Topan Freeblade
    Mage-Ring Network
    Foundry of the Consuls
    Plains

Pack 2 pick 8:
    Dark Dabbling
    Infectious Bloodlust
    Akroan Jailer
    Kytheon's Tactics
--> Maritime Guard
    Hitchclaw Recluse
    Valor in Akros
    Island

Pack 2 pick 9:
    Infernal Scarring
    Yoked Ox
    Deadbridge Shaman
--> Guardian Automaton
    Prism Ring
    Ghirapur Æther Grid
    Mountain

Pack 2 pick 10:
    Dark Dabbling
    Aerial Volley
--> Bone to Ash
    Mantle of Webs
    Boggart Brute
    Island

Pack 2 pick 11:
    Deadbridge Shaman
    Alchemist's Vial
    Mountain
--> Hydrolash
    Forest

Pack 2 pick 12:
--> Charging Griffin
    Macabre Waltz
    Act of Treason
    Forest

Pack 2 pick 13:
    Act of Treason
--> Guardians of Meletis
    Swamp

Pack 2 pick 14:
--> Demolish
    Mountain

Pack 2 pick 15:
--> Plains

------ ORI ------ 

Pack 3 pick 1:
    Bounding Krasis
    Dragon Fodder
    Celestial Flare
    Dark Dabbling
    Disperse
    Caustic Caterpillar
    Nantuko Husk
    Deep-Sea Terror
    Leaf Gilder
    Guardians of Meletis
--> Patron of the Valiant
    Jhessian Thief
    Revenant
    Graveblade Marauder
    Swamp

Pack 3 pick 2:
    Healing Hands
    Infernal Scarring
    Dragon Fodder
    Heavy Infantry
    Prickleboar
    Reave Soul
    Dreadwaters
    Rhox Maulers
    Send to Sleep
    Yeva's Forcemage
    Clash of Wills
    Conclave Naturalists
--> Turn to Frog
    Mountain

Pack 3 pick 3:
--> Enshrouding Mist
    Eyeblight Assassin
    Mage-Ring Bully
    Negate
    Pharika's Disciple
    Evolving Wilds
    Stalwart Aven
    Guardian Automaton
    Leaf Gilder
    Gather the Pack
    Goblin Glory Chaser
    Enthralling Victor
    Forest

Pack 3 pick 4:
    Aven Battle Priest
    Eyeblight Assassin
    Calculated Dismissal
    Heavy Infantry
    Bonded Construct
    Prickleboar
    Aerial Volley
    Ghirapur Æther Grid
    Cruel Revival
    Possessed Skaab
--> Hallowed Moonlight
    Forest

Pack 3 pick 5:
    Yoked Ox
    Catacomb Slug
    Demolish
    Aspiring Aeronaut
    Elvish Visionary
    Bellows Lizard
    Ringwarden Owl
    Sylvan Messenger
--> Sigiled Starfish
    Tainted Remedy
    Plains

Pack 3 pick 6:
    Nightsnare
    Demolish
    Auramancer
    Kytheon's Tactics
    Read the Bones
    Faerie Miscreant
--> Negate
    War Horn
    Gnarlroot Trapper
    Plains

Pack 3 pick 7:
    Thornbow Archer
    Volcanic Rambler
    Mighty Leap
    Reclaim
    Veteran's Sidearm
    Firefiend Elemental
    Caustic Caterpillar
--> Jace's Sanctum
    Plains

Pack 3 pick 8:
    Deadbridge Shaman
    Fetid Imp
    Nivix Barrier
    Wild Instincts
    Alchemist's Vial
    Nantuko Husk
--> Hydrolash
    Forest

Pack 3 pick 9:
    Dark Dabbling
--> Disperse
    Caustic Caterpillar
    Nantuko Husk
    Deep-Sea Terror
    Revenant
    Swamp

Pack 3 pick 10:
    Healing Hands
    Infernal Scarring
    Heavy Infantry
--> Prickleboar
    Dreadwaters
    Mountain

Pack 3 pick 11:
    Mage-Ring Bully
--> Guardian Automaton
    Gather the Pack
    Enthralling Victor
    Forest

Pack 3 pick 12:
--> Aven Battle Priest
    Heavy Infantry
    Ghirapur Æther Grid
    Forest

Pack 3 pick 13:
--> Demolish
    Bellows Lizard
    Plains

Pack 3 pick 14:
--> Faerie Miscreant
    Plains

Pack 3 pick 15:
--> Plains

