Event #: 8514781
Time:    26-07-2015 21:25:31
Players:
    zulmagustar
    jonathin83
--> spribnow
    pokpokfourlife
    Veste
    FracGuru
    RobCondon
    GurtBFrobe42

------ ORI ------ 

Pack 1 pick 1:
    Catacomb Slug
    Subterranean Scout
    Auramancer
    Separatist Voidmage
    Reclaim
    Suppression Bonds
    Veteran's Sidearm
    Firefiend Elemental
    Might of the Masses
    Watercourser
--> Cruel Revival
    Sentinel of the Eternal Watch
    Jayemdae Tome
    Battlefield Forge
    Swamp

Pack 1 pick 2:
    Eyeblight Assassin
    Chandra's Fury
    Grasp of the Hieromancer
    Nightsnare
    Elvish Visionary
    Stratus Walk
    Wild Instincts
    Guardian Automaton
    Claustrophobia
    Bellows Lizard
    Ghirapur Æther Grid
    Rogue's Passage
--> Chandra's Ignition
    Mountain

Pack 1 pick 3:
    Enshrouding Mist
    Weight of the Underworld
    Lightning Javelin
--> Shambling Ghoul
    Calculated Dismissal
    Rhox Maulers
    Heavy Infantry
    Yeva's Forcemage
    Negate
    Mage-Ring Network
    Skysnare Spider
    Sigiled Starfish
    Swamp

Pack 1 pick 4:
    Weight of the Underworld
    Infectious Bloodlust
    Enshrouding Mist
--> Eyeblight Assassin
    Pharika's Disciple
    Watercourser
    Alchemist's Vial
    Ringwarden Owl
    Bellows Lizard
    Call of the Full Moon
    Dwynen's Elite
    Mountain

Pack 1 pick 5:
    Smash to Smithereens
    Healing Hands
    Infernal Scarring
    Dragon Fodder
    Hitchclaw Recluse
    Negate
--> Nantuko Husk
    Deep-Sea Terror
    Brawler's Plate
    Skyraker Giant
    Plains

Pack 1 pick 6:
--> Deadbridge Shaman
    Smash to Smithereens
    Negate
    Vastwood Gorger
    Artificer's Epiphany
    Nantuko Husk
    Deep-Sea Terror
    Sylvan Messenger
    Runed Servitor
    Island

Pack 1 pick 7:
    Aven Battle Priest
    Nightsnare
    Demolish
    Auramancer
    Timberpack Wolf
--> Evolving Wilds
    Guardian Automaton
    Bounding Krasis
    Swamp

Pack 1 pick 8:
    Catacomb Slug
    Demolish
    Aven Battle Priest
    Kytheon's Tactics
--> Evolving Wilds
    Titan's Strength
    Prism Ring
    Swamp

Pack 1 pick 9:
    Catacomb Slug
    Subterranean Scout
    Auramancer
    Reclaim
    Veteran's Sidearm
--> Battlefield Forge
    Swamp

Pack 1 pick 10:
    Chandra's Fury
--> Nightsnare
    Guardian Automaton
    Bellows Lizard
    Ghirapur Æther Grid
    Mountain

Pack 1 pick 11:
--> Calculated Dismissal
    Rhox Maulers
    Negate
    Mage-Ring Network
    Swamp

Pack 1 pick 12:
    Infectious Bloodlust
--> Alchemist's Vial
    Bellows Lizard
    Mountain

Pack 1 pick 13:
    Smash to Smithereens
--> Brawler's Plate
    Plains

Pack 1 pick 14:
--> Deep-Sea Terror
    Island

Pack 1 pick 15:
--> Swamp

------ ORI ------ 

Pack 2 pick 1:
    Chandra's Fury
    Charging Griffin
    Macabre Waltz
    Act of Treason
    Pharika's Disciple
    Screeching Skaab
    Deep-Sea Terror
    Wild Instincts
    Alchemist's Vial
    Nantuko Husk
--> Blazing Hellhound
    Shadows of the Past
    Bounding Krasis
    Nissa's Revelation
    Swamp

Pack 2 pick 2:
    Celestial Flare
    Thornbow Archer
    Volcanic Rambler
    Mighty Leap
    Elvish Visionary
    Stratus Walk
    Bellows Lizard
    Leaf Gilder
    Topan Freeblade
--> Ringwarden Owl
    Acolyte of the Inferno
    Valor in Akros
    Dwynen's Elite
    Mountain

Pack 2 pick 3:
    Volcanic Rambler
    Ampryn Tactician
--> Fetid Imp
    Smash to Smithereens
    Vastwood Gorger
    Disperse
    Caustic Caterpillar
    Send to Sleep
    Deep-Sea Terror
    Chief of the Foundry
    Tower Geist
    Somberwald Alpha
    Island

Pack 2 pick 4:
    Smash to Smithereens
    Ampryn Tactician
    Fetid Imp
--> Akroan Sergeant
    Caustic Caterpillar
    Aspiring Aeronaut
    Leaf Gilder
    Guardians of Meletis
    Returned Centaur
    Iroas's Champion
    Sigiled Starfish
    Plains

Pack 2 pick 5:
    Fetid Imp
--> Akroan Sergeant
    Yoked Ox
    Catacomb Slug
    Hitchclaw Recluse
    Bone to Ash
    Ringwarden Owl
    Boggart Brute
    Magmatic Insight
    Revenant
    Forest

Pack 2 pick 6:
    Chandra's Fury
    Grasp of the Hieromancer
    Nightsnare
    Orchard Spirit
    Send to Sleep
    Stalwart Aven
--> Returned Centaur
    Ringwarden Owl
    Mantle of Webs
    Swamp

Pack 2 pick 7:
    Enshrouding Mist
--> Eyeblight Assassin
    Screeching Skaab
    Titanic Growth
    Deep-Sea Terror
    Alchemist's Vial
    Nantuko Husk
    Magmatic Insight
    Plains

Pack 2 pick 8:
    Charging Griffin
--> Catacomb Slug
    Auramancer
    Elvish Visionary
    Artificer's Epiphany
    Alchemist's Vial
    Topan Freeblade
    Forest

Pack 2 pick 9:
    Chandra's Fury
    Charging Griffin
    Macabre Waltz
--> Act of Treason
    Deep-Sea Terror
    Alchemist's Vial
    Swamp

Pack 2 pick 10:
    Thornbow Archer
--> Volcanic Rambler
    Stratus Walk
    Bellows Lizard
    Valor in Akros
    Mountain

Pack 2 pick 11:
--> Smash to Smithereens
    Caustic Caterpillar
    Send to Sleep
    Deep-Sea Terror
    Island

Pack 2 pick 12:
    Smash to Smithereens
    Aspiring Aeronaut
--> Guardians of Meletis
    Plains

Pack 2 pick 13:
    Yoked Ox
--> Catacomb Slug
    Forest

Pack 2 pick 14:
--> Mantle of Webs
    Swamp

Pack 2 pick 15:
--> Plains

------ ORI ------ 

Pack 3 pick 1:
    Mighty Leap
    Macabre Waltz
    Volcanic Rambler
    Ampryn Tactician
    Vastwood Gorger
    Artificer's Epiphany
    Ringwarden Owl
    Bellows Lizard
    Topan Freeblade
    Returned Centaur
    Seismic Elemental
    Mage-Ring Network
--> Eyeblight Massacre
    Thopter Spy Network
    Swamp

Pack 3 pick 2:
    Deadbridge Shaman
    Cobblebrute
    Aven Battle Priest
    Nightsnare
    Orchard Spirit
    Negate
    Alchemist's Vial
    Ringwarden Owl
    Bellows Lizard
    Whirler Rogue
    Skyraker Giant
--> Throwing Knife
    Abbot of Keral Keep
    Mountain

Pack 3 pick 3:
    Aven Battle Priest
    Nightsnare
    Demolish
    Auramancer
    Nivix Barrier
    Might of the Masses
    Guardian Automaton
    Fiery Impulse
    Knight of the Pilgrim's Road
    Unholy Hunger
    Call of the Full Moon
--> Exquisite Firecraft
    Plains

Pack 3 pick 4:
    Infernal Scarring
--> Mage-Ring Bully
    Healing Hands
    Deadbridge Shaman
    Deadbridge Shaman
    Artificer's Epiphany
    Boggart Brute
    Nantuko Husk
    Deep-Sea Terror
    Sigil of Valor
    Psychic Rebuttal
    Forest

Pack 3 pick 5:
    Macabre Waltz
    Act of Treason
    Thornbow Archer
    Caustic Caterpillar
--> Unholy Hunger
    Mantle of Webs
    Guardian Automaton
    Goblin Glory Chaser
    Possessed Skaab
    Enthralling Victor
    Island

Pack 3 pick 6:
    Healing Hands
    Infernal Scarring
--> Dragon Fodder
    Yoked Ox
    Yeva's Forcemage
    Evolving Wilds
    Guardian Automaton
    Thopter Engineer
    Blightcaster
    Swamp

Pack 3 pick 7:
    Volcanic Rambler
--> Firefiend Elemental
    Reclaim
    Bonded Construct
    Maritime Guard
    Valor in Akros
    Reclusive Artificer
    Bounding Krasis
    Plains

Pack 3 pick 8:
    Touch of Moonglove
--> Subterranean Scout
    Akroan Jailer
    Dark Dabbling
    Bone to Ash
    Guardian Automaton
    Ghirapur Æther Grid
    Island

Pack 3 pick 9:
--> Macabre Waltz
    Volcanic Rambler
    Artificer's Epiphany
    Ringwarden Owl
    Bellows Lizard
    Mage-Ring Network
    Swamp

Pack 3 pick 10:
--> Cobblebrute
    Aven Battle Priest
    Nightsnare
    Alchemist's Vial
    Bellows Lizard
    Mountain

Pack 3 pick 11:
    Aven Battle Priest
--> Nightsnare
    Demolish
    Nivix Barrier
    Plains

Pack 3 pick 12:
    Infernal Scarring
--> Deadbridge Shaman
    Psychic Rebuttal
    Forest

Pack 3 pick 13:
--> Act of Treason
    Thornbow Archer
    Island

Pack 3 pick 14:
--> Infernal Scarring
    Swamp

Pack 3 pick 15:
--> Plains

