Event #: 8520666
Time:    7/28/2015 3:52:44 PM
Players:
    PastBlast
--> Shhhh
    kaarekong
    TheGamersDome
    JYURI
    Knifen
    C00lBoi
    RGPrice

------ ORI ------ 

Pack 1 pick 1:
    Enshrouding Mist
    Weight of the Underworld
    Akroan Sergeant
    Charging Griffin
    Disperse
    Hitchclaw Recluse
    Returned Centaur
    Ringwarden Owl
    Mantle of Webs
    Boggart Brute
    Shadows of the Past
    Skaab Goliath
--> Undercity Troll
    Orbs of Warding
    Swamp

Pack 1 pick 2:
    Grasp of the Hieromancer
    Touch of Moonglove
    Subterranean Scout
    Faerie Miscreant
    Nissa's Pilgrimage
    Enlightened Ascetic
    Ghirapur Gearcrafter
    Rabid Bloodsucker
    Send to Sleep
    Might of the Masses
    Valor in Akros
--> Anointer of Champions
    Blessed Spirits
    Plains

Pack 1 pick 3:
    Akroan Jailer
    Dark Dabbling
--> Separatist Voidmage
    Reclaim
    Veteran's Sidearm
    Firefiend Elemental
    Undead Servant
    Watercourser
    Aerial Volley
    Tormented Thoughts
    Zendikar Incarnate
    Zendikar's Roil
    Island

Pack 1 pick 4:
    Grasp of the Hieromancer
    Nightsnare
    Dragon Fodder
    Vine Snare
    Heavy Infantry
    Send to Sleep
    Might of the Masses
    Angel's Tomb
--> Sentinel of the Eternal Watch
    Jayemdae Tome
    Dark Petition
    Plains

Pack 1 pick 5:
    Aven Battle Priest
    Reclaim
--> Suppression Bonds
    Veteran's Sidearm
    Firefiend Elemental
    Undead Servant
    Screeching Skaab
    Vastwood Gorger
    Reclusive Artificer
    Bounding Krasis
    Mountain

Pack 1 pick 6:
    Mighty Leap
    Macabre Waltz
    Volcanic Rambler
    Ampryn Tactician
    Stratus Walk
    Titanic Growth
    Alchemist's Vial
--> Blood-Cursed Knight
    Clash of Wills
    Plains

Pack 1 pick 7:
--> Auramancer
    Weight of the Underworld
    Dreadwaters
    Kytheon's Tactics
    Evolving Wilds
    Titanic Growth
    Throwing Knife
    Gold-Forged Sentinel
    Mountain

Pack 1 pick 8:
    Cobblebrute
    Reclaim
--> Cleric of the Forward Order
    Bonded Construct
    Shambling Ghoul
    Negate
    Sylvan Messenger
    Island

Pack 1 pick 9:
--> Enshrouding Mist
    Akroan Sergeant
    Returned Centaur
    Mantle of Webs
    Shadows of the Past
    Orbs of Warding
    Swamp

Pack 1 pick 10:
    Touch of Moonglove
    Faerie Miscreant
    Nissa's Pilgrimage
--> Enlightened Ascetic
    Rabid Bloodsucker
    Plains

Pack 1 pick 11:
    Dark Dabbling
    Reclaim
--> Aerial Volley
    Tormented Thoughts
    Island

Pack 1 pick 12:
    Nightsnare
    Vine Snare
--> Heavy Infantry
    Plains

Pack 1 pick 13:
--> Aven Battle Priest
    Reclaim
    Mountain

Pack 1 pick 14:
--> Mighty Leap
    Plains

Pack 1 pick 15:
--> Mountain

------ ORI ------ 

Pack 2 pick 1:
    Infectious Bloodlust
    Enshrouding Mist
    Eyeblight Assassin
    Mage-Ring Bully
    Disperse
    Orchard Spirit
    Nantuko Husk
    Bellows Lizard
    Leaf Gilder
--> Topan Freeblade
    Murder Investigation
    Jayemdae Tome
    Malakir Cullblade
    Abbot of Keral Keep
    Forest

Pack 2 pick 2:
    Chandra's Fury
    Charging Griffin
    Macabre Waltz
    Act of Treason
    Bone to Ash
    Yeva's Forcemage
    Ringwarden Owl
    Boggart Brute
    Knight of the Pilgrim's Road
    Nantuko Husk
    Prism Ring
    Ghirapur Æther Grid
--> Sigiled Starfish
    Swamp

Pack 2 pick 3:
    Act of Treason
    Celestial Flare
    Dreadwaters
    Nissa's Pilgrimage
    Veteran's Sidearm
    Titan's Strength
    Read the Bones
    Nivix Barrier
    Timberpack Wolf
--> Citadel Castellan
    Hydrolash
    Dwynen, Gilt-Leaf Daen
    Forest

Pack 2 pick 4:
    Thornbow Archer
    Volcanic Rambler
    Scrapskin Drake
    Vine Snare
--> Cleric of the Forward Order
    Lightning Javelin
    Shambling Ghoul
    Maritime Guard
    Hitchclaw Recluse
    Chief of the Foundry
    Fleshbag Marauder
    Mountain

Pack 2 pick 5:
    Infectious Bloodlust
--> Enshrouding Mist
    Eyeblight Assassin
    Scrapskin Drake
    Vine Snare
    Lightning Javelin
    Akroan Jailer
    Send to Sleep
    Sphinx's Tutelage
    Gold-Forged Sentinel
    Plains

Pack 2 pick 6:
    Nightsnare
    Demolish
    Weight of the Underworld
    Caustic Caterpillar
--> Knight of the Pilgrim's Road
    Nantuko Husk
    Deep-Sea Terror
    Possessed Skaab
    Rogue's Passage
    Forest

Pack 2 pick 7:
    Ampryn Tactician
    Akroan Sergeant
    Yoked Ox
    Stratus Walk
    Pharika's Disciple
    Elvish Visionary
    Returned Centaur
--> Wild Instincts
    Island

Pack 2 pick 8:
    Catacomb Slug
    Demolish
--> Llanowar Empath
    Kytheon's Tactics
    Nivix Barrier
    Might of the Masses
    Call of the Full Moon
    Swamp

Pack 2 pick 9:
    Infectious Bloodlust
    Disperse
--> Orchard Spirit
    Bellows Lizard
    Murder Investigation
    Jayemdae Tome
    Forest

Pack 2 pick 10:
    Chandra's Fury
    Macabre Waltz
    Act of Treason
--> Ringwarden Owl
    Prism Ring
    Swamp

Pack 2 pick 11:
    Nissa's Pilgrimage
    Veteran's Sidearm
    Nivix Barrier
--> Timberpack Wolf
    Forest

Pack 2 pick 12:
    Volcanic Rambler
    Vine Snare
--> Hitchclaw Recluse
    Mountain

Pack 2 pick 13:
    Infectious Bloodlust
--> Vine Snare
    Plains

Pack 2 pick 14:
--> Caustic Caterpillar
    Forest

Pack 2 pick 15:
--> Island

------ ORI ------ 

Pack 3 pick 1:
    Fetid Imp
    Smash to Smithereens
    Healing Hands
    Faerie Miscreant
    Nissa's Pilgrimage
    Enlightened Ascetic
    Ghirapur Gearcrafter
    Rabid Bloodsucker
    Nivix Barrier
    Orchard Spirit
--> Conclave Naturalists
    Consecrated by Blood
    Ramroller
    Despoiler of Souls
    Island

Pack 3 pick 2:
    Dark Dabbling
    Infectious Bloodlust
    Akroan Jailer
    Calculated Dismissal
    Llanowar Empath
    Enlightened Ascetic
    Firefiend Elemental
    Rabid Bloodsucker
    Aspiring Aeronaut
    Yeva's Forcemage
    Psychic Rebuttal
    Blightcaster
--> Thopter Spy Network
    Plains

Pack 3 pick 3:
    Infectious Bloodlust
    Akroan Jailer
    Thornbow Archer
    Cobblebrute
    Bone to Ash
    Yeva's Forcemage
    Mantle of Webs
--> Stalwart Aven
    Guardian Automaton
    Fiery Impulse
    Mage-Ring Network
    Sigiled Starfish
    Swamp

Pack 3 pick 4:
    Ampryn Tactician
    Fetid Imp
    Calculated Dismissal
--> Rhox Maulers
    Heavy Infantry
    Bonded Construct
    Prickleboar
    Reave Soul
    Elvish Visionary
    Iroas's Champion
    Brawler's Plate
    Swamp

Pack 3 pick 5:
    Deadbridge Shaman
    Cobblebrute
    Aven Battle Priest
    Calculated Dismissal
    Enlightened Ascetic
    Swamp
    Rabid Bloodsucker
    Send to Sleep
--> Might of the Masses
    Valor in Akros
    Plains

Pack 3 pick 6:
    Deadbridge Shaman
    Smash to Smithereens
    Ampryn Tactician
    Might of the Masses
    Vastwood Gorger
--> Wild Instincts
    Claustrophobia
    Hydrolash
    Necromantic Summons
    Mountain

Pack 3 pick 7:
    Healing Hands
    Infernal Scarring
    Yoked Ox
    Orchard Spirit
    Deep-Sea Terror
--> Wild Instincts
    Shadows of the Past
    Zendikar's Roil
    Forest

Pack 3 pick 8:
    Healing Hands
    Calculated Dismissal
    Enlightened Ascetic
    Firefiend Elemental
    Rabid Bloodsucker
    Screeching Skaab
--> Zendikar Incarnate
    Island

Pack 3 pick 9:
    Smash to Smithereens
    Healing Hands
    Nissa's Pilgrimage
--> Enlightened Ascetic
    Rabid Bloodsucker
    Nivix Barrier
    Island

Pack 3 pick 10:
    Infectious Bloodlust
    Akroan Jailer
    Calculated Dismissal
--> Llanowar Empath
    Enlightened Ascetic
    Plains

Pack 3 pick 11:
    Cobblebrute
    Bone to Ash
    Mantle of Webs
--> Mage-Ring Network
    Swamp

Pack 3 pick 12:
    Calculated Dismissal
--> Heavy Infantry
    Brawler's Plate
    Swamp

Pack 3 pick 13:
    Aven Battle Priest
--> Swamp
    Plains

Pack 3 pick 14:
--> Vastwood Gorger
    Mountain

Pack 3 pick 15:
--> Forest

