Event #: 8531636
Time:    7/31/2015 6:48:40 PM
Players:
--> Bortlett1
    eggjay
    kingoflizards
    Xzendra
    psand1991
    michaeldlr
    Sinibus
    Jbdunn3

------ ORI ------ 

Pack 1 pick 1:
    Nightsnare
    Demolish
    Auramancer
    Weight of the Underworld
    Send to Sleep
    Yeva's Forcemage
    Nantuko Husk
    Bellows Lizard
    Leaf Gilder
    Topan Freeblade
    Chief of the Foundry
    Totem-Guide Hartebeest
    Throwing Knife
--> Hangarback Walker
    Mountain

Pack 1 pick 2:
    Nightsnare
    Demolish
    Auramancer
    Weight of the Underworld
    Maritime Guard
    Hitchclaw Recluse
    Nantuko Husk
    Bellows Lizard
    Leaf Gilder
    Topan Freeblade
    Shadows of the Past
    Undercity Troll
--> Sentinel of the Eternal Watch
    Plains

Pack 1 pick 3:
    Catacomb Slug
    Demolish
    Aven Battle Priest
    Eyeblight Assassin
    Hitchclaw Recluse
    Nivix Barrier
    Boggart Brute
    Alchemist's Vial
    Unholy Hunger
    Zendikar Incarnate
--> Jhessian Thief
    Enthralling Victor
    Island

Pack 1 pick 4:
    Akroan Sergeant
    Yoked Ox
    Catacomb Slug
    Demolish
    Send to Sleep
    Caustic Caterpillar
    Nantuko Husk
    Deep-Sea Terror
    Wild Instincts
--> Conclave Naturalists
    Shaman of the Pack
    Swamp

Pack 1 pick 5:
    Infectious Bloodlust
    Enshrouding Mist
    Eyeblight Assassin
    Mage-Ring Bully
    Negate
    Vastwood Gorger
    Boggart Brute
    Nantuko Husk
--> Seismic Elemental
    Reclusive Artificer
    Island

Pack 1 pick 6:
    Fetid Imp
    Yoked Ox
    Aerial Volley
    Maritime Guard
    Returned Centaur
    Ringwarden Owl
    Mantle of Webs
--> Joraga Invocation
    Turn to Frog
    Plains

Pack 1 pick 7:
    Chandra's Fury
    Macabre Waltz
--> Act of Treason
    Nivix Barrier
    Bone to Ash
    Guardians of Meletis
    Revenant
    Displacement Wave
    Swamp

Pack 1 pick 8:
    Yoked Ox
    Deadbridge Shaman
    Cobblebrute
    Aven Battle Priest
    Bone to Ash
    Deep-Sea Terror
--> Alchemist's Vial
    Forest

Pack 1 pick 9:
    Nightsnare
    Demolish
    Auramancer
    Send to Sleep
--> Nantuko Husk
    Bellows Lizard
    Mountain

Pack 1 pick 10:
    Nightsnare
    Demolish
    Maritime Guard
--> Hitchclaw Recluse
    Bellows Lizard
    Plains

Pack 1 pick 11:
--> Catacomb Slug
    Demolish
    Aven Battle Priest
    Nivix Barrier
    Island

Pack 1 pick 12:
    Yoked Ox
    Catacomb Slug
--> Deep-Sea Terror
    Swamp

Pack 1 pick 13:
    Infectious Bloodlust
--> Negate
    Island

Pack 1 pick 14:
--> Yoked Ox
    Plains

Pack 1 pick 15:
--> Swamp

------ ORI ------ 

Pack 2 pick 1:
    Celestial Flare
    Dark Dabbling
    Infectious Bloodlust
    Akroan Jailer
    Elvish Visionary
    Stratus Walk
    Fiery Impulse
    Knight of the Pilgrim's Road
    Nantuko Husk
    Deep-Sea Terror
    Patron of the Valiant
    Ghirapur Æther Grid
    Thopter Engineer
--> Graveblade Marauder
    Mountain

Pack 2 pick 2:
    Chandra's Fury
    Grasp of the Hieromancer
    Nightsnare
    Dragon Fodder
--> Timberpack Wolf
    Bone to Ash
    Pharika's Disciple
    Screeching Skaab
    Claustrophobia
    Guardians of Meletis
    Prism Ring
    Mage-Ring Network
    Gnarlroot Trapper
    Swamp

Pack 2 pick 3:
    Aven Battle Priest
    Eyeblight Assassin
    Chandra's Fury
    Grasp of the Hieromancer
    Aspiring Aeronaut
    Yeva's Forcemage
    Evolving Wilds
    Guardian Automaton
--> Leaf Gilder
    Ravaging Blaze
    Magmatic Insight
    Gold-Forged Sentinel
    Mountain

Pack 2 pick 4:
    Enshrouding Mist
--> Weight of the Underworld
    Akroan Sergeant
    Charging Griffin
    Aerial Volley
    Maritime Guard
    Boggart Brute
    Guardians of Meletis
    Mantle of Webs
    Necromantic Summons
    Tainted Remedy
    Island

Pack 2 pick 5:
    Celestial Flare
    Thornbow Archer
    Volcanic Rambler
--> Rhox Maulers
    Bonded Construct
    Prickleboar
    Screeching Skaab
    Sigil of Valor
    Zendikar's Roil
    Yavimaya Coast
    Mountain

Pack 2 pick 6:
    Dark Dabbling
    Chandra's Fury
    Macabre Waltz
    Stratus Walk
--> Pharika's Disciple
    Returned Centaur
    Guardian Automaton
    Claustrophobia
    Rogue's Passage
    Mountain

Pack 2 pick 7:
    Nightsnare
    Dragon Fodder
    Dark Dabbling
    Swamp
    Ringwarden Owl
    Bellows Lizard
    War Horn
--> Joraga Invocation
    Forest

Pack 2 pick 8:
    Touch of Moonglove
    Akroan Jailer
    Artificer's Epiphany
--> Timberpack Wolf
    Guardians of Meletis
    Psychic Rebuttal
    Ramroller
    Swamp

Pack 2 pick 9:
--> Dark Dabbling
    Infectious Bloodlust
    Akroan Jailer
    Knight of the Pilgrim's Road
    Deep-Sea Terror
    Ghirapur Æther Grid
    Mountain

Pack 2 pick 10:
--> Chandra's Fury
    Nightsnare
    Bone to Ash
    Prism Ring
    Mage-Ring Network
    Swamp

Pack 2 pick 11:
    Aven Battle Priest
    Chandra's Fury
--> Ravaging Blaze
    Magmatic Insight
    Mountain

Pack 2 pick 12:
--> Aerial Volley
    Guardians of Meletis
    Mantle of Webs
    Island

Pack 2 pick 13:
    Volcanic Rambler
--> Prickleboar
    Mountain

Pack 2 pick 14:
--> Dark Dabbling
    Mountain

Pack 2 pick 15:
--> Forest

------ ORI ------ 

Pack 3 pick 1:
    Catacomb Slug
    Subterranean Scout
    Auramancer
--> Kytheon, Hero of Akros
    Timberpack Wolf
    Stratus Walk
    Stalwart Aven
    Guardian Automaton
    Fiery Impulse
    Knight of the Pilgrim's Road
    Tormented Thoughts
    Fiery Conclusion
    Foundry of the Consuls
    Woodland Bellower
    Swamp

Pack 3 pick 2:
    Dragon Fodder
    Yoked Ox
    Deadbridge Shaman
    Rhox Maulers
    Evolving Wilds
    Titan's Strength
--> Read the Bones
    Screeching Skaab
    Vastwood Gorger
    Whirler Rogue
    Zendikar Incarnate
    Turn to Frog
    Mizzium Meddler
    Island

Pack 3 pick 3:
    Infectious Bloodlust
    Akroan Jailer
    Thornbow Archer
    Cobblebrute
    Hitchclaw Recluse
    Bone to Ash
    Returned Centaur
    Mantle of Webs
    Hydrolash
--> Fleshbag Marauder
    Gnarlroot Trapper
    Talent of the Telepath
    Plains

Pack 3 pick 4:
    Smash to Smithereens
    Healing Hands
    Infernal Scarring
    Dragon Fodder
    Might of the Masses
    Watercourser
    Guardian Automaton
    Fiery Impulse
    Guardian Automaton
    Sylvan Messenger
--> Foundry of the Consuls
    Mountain

Pack 3 pick 5:
    Akroan Sergeant
    Catacomb Slug
    Subterranean Scout
    Caustic Caterpillar
--> Leaf Gilder
    Alchemist's Vial
    Ringwarden Owl
    Bellows Lizard
    Chief of the Foundry
    Blightcaster
    Plains

Pack 3 pick 6:
    Mighty Leap
    Infernal Scarring
    Mage-Ring Bully
    Healing Hands
    Nivix Barrier
    Mantle of Webs
--> Unholy Hunger
    Sphinx's Tutelage
    Dwynen's Elite
    Plains

Pack 3 pick 7:
    Cobblebrute
    Aven Battle Priest
    Faerie Miscreant
    Nissa's Pilgrimage
--> Rabid Bloodsucker
    Disperse
    Caustic Caterpillar
    Prism Ring
    Swamp

Pack 3 pick 8:
    Touch of Moonglove
    Act of Treason
    Mighty Leap
--> Returned Centaur
    Claustrophobia
    Mantle of Webs
    Sigil of Valor
    Island

Pack 3 pick 9:
    Catacomb Slug
    Subterranean Scout
    Auramancer
    Stratus Walk
--> Fiery Impulse
    Tormented Thoughts
    Swamp

Pack 3 pick 10:
    Yoked Ox
--> Deadbridge Shaman
    Titan's Strength
    Screeching Skaab
    Zendikar Incarnate
    Island

Pack 3 pick 11:
    Cobblebrute
    Bone to Ash
    Mantle of Webs
--> Gnarlroot Trapper
    Plains

Pack 3 pick 12:
    Smash to Smithereens
    Healing Hands
--> Guardian Automaton
    Mountain

Pack 3 pick 13:
--> Catacomb Slug
    Bellows Lizard
    Plains

Pack 3 pick 14:
--> Healing Hands
    Plains

Pack 3 pick 15:
--> Swamp

