Event #: 8533925
Time:    8/1/2015 9:46:25 AM
Players:
    BlastedMage
    poipoi43
    RandallGraves1
    thehollow1
    Neet_Snake
    Potara
--> Bortlett1
    finitefly

------ ORI ------ 

Pack 1 pick 1:
    Deadbridge Shaman
    Smash to Smithereens
    Ampryn Tactician
    Undead Servant
    Scrapskin Drake
    Vine Snare
    Cleric of the Forward Order
--> Lightning Javelin
    Watercourser
    Elvish Visionary
    Blazing Hellhound
    Shadows of the Past
    Enthralling Victor
    Jace's Sanctum
    Plains

Pack 1 pick 2:
    Volcanic Rambler
    Ampryn Tactician
    Fetid Imp
    Read the Bones
    Calculated Dismissal
    Llanowar Empath
    Enlightened Ascetic
    Firefiend Elemental
    Pharika's Disciple
    Screeching Skaab
--> Ravaging Blaze
    Magmatic Insight
    Skyraker Giant
    Forest

Pack 1 pick 3:
    Infernal Scarring
    Grasp of the Hieromancer
    Yoked Ox
--> Deadbridge Shaman
    Vastwood Gorger
    Artificer's Epiphany
    Ringwarden Owl
    Knight of the Pilgrim's Road
    Nantuko Husk
    Hydrolash
    Necromantic Summons
    Throwing Knife
    Island

Pack 1 pick 4:
    Auramancer
    Weight of the Underworld
    Infectious Bloodlust
--> Read the Bones
    Calculated Dismissal
    Llanowar Empath
    Enlightened Ascetic
    Firefiend Elemental
    Might of the Masses
    Screeching Skaab
    Zendikar Incarnate
    Mountain

Pack 1 pick 5:
    Charging Griffin
    Catacomb Slug
    Faerie Miscreant
    Llanowar Empath
    Kytheon's Tactics
    Aerial Volley
    Maritime Guard
--> Sphinx's Tutelage
    Blightcaster
    Mizzium Meddler
    Island

Pack 1 pick 6:
    Nightsnare
--> Shambling Ghoul
    Calculated Dismissal
    Heavy Infantry
    Bonded Construct
    Vastwood Gorger
    Disperse
    Psychic Rebuttal
    Ramroller
    Forest

Pack 1 pick 7:
    Touch of Moonglove
    Caustic Caterpillar
    Aspiring Aeronaut
    Yeva's Forcemage
    Negate
--> Leaf Gilder
    Alchemist's Vial
    Ghirapur Æther Grid
    Plains

Pack 1 pick 8:
    Thornbow Archer
    Volcanic Rambler
--> Rabid Bloodsucker
    Reclaim
    Artificer's Epiphany
    Prism Ring
    Animist's Awakening
    Mountain

Pack 1 pick 9:
    Smash to Smithereens
    Vine Snare
    Watercourser
--> Elvish Visionary
    Shadows of the Past
    Jace's Sanctum
    Plains

Pack 1 pick 10:
    Volcanic Rambler
    Calculated Dismissal
--> Llanowar Empath
    Firefiend Elemental
    Screeching Skaab
    Forest

Pack 1 pick 11:
    Yoked Ox
    Vastwood Gorger
    Artificer's Epiphany
--> Ringwarden Owl
    Island

Pack 1 pick 12:
    Calculated Dismissal
    Enlightened Ascetic
--> Might of the Masses
    Mountain

Pack 1 pick 13:
    Faerie Miscreant
--> Maritime Guard
    Island

Pack 1 pick 14:
--> Nightsnare
    Forest

Pack 1 pick 15:
--> Plains

------ ORI ------ 

Pack 2 pick 1:
    Charging Griffin
    Catacomb Slug
    Subterranean Scout
    Read the Bones
    Faerie Miscreant
    Nissa's Pilgrimage
    Enlightened Ascetic
    Ghirapur Gearcrafter
    Artificer's Epiphany
    Timberpack Wolf
    Brawler's Plate
    Thunderclap Wyvern
    War Oracle
--> Starfield of Nyx
    Forest

Pack 2 pick 2:
    Yoked Ox
    Deadbridge Shaman
    Undead Servant
    War Horn
    Nissa's Pilgrimage
    Suppression Bonds
    Veteran's Sidearm
    Titan's Strength
    Pharika's Disciple
    Watercourser
    Anointer of Champions
    Jhessian Thief
--> Dwynen's Elite
    Island

Pack 2 pick 3:
    Smash to Smithereens
    Healing Hands
    Rabid Bloodsucker
    Scrapskin Drake
    Reclaim
    Cleric of the Forward Order
    Lightning Javelin
    Elvish Visionary
    Stratus Walk
    War Horn
--> Joraga Invocation
    Helm of the Gods
    Plains

Pack 2 pick 4:
    Demolish
    Auramancer
    Dreadwaters
--> Rhox Maulers
    Kytheon's Tactics
    Evolving Wilds
    Titan's Strength
    Titanic Growth
    Disperse
    Tormented Thoughts
    Murder Investigation
    Mountain

Pack 2 pick 5:
    Cobblebrute
    Enshrouding Mist
    Yeva's Forcemage
    Watercourser
    Orchard Spirit
    Negate
--> Wild Instincts
    Alchemist's Vial
    Elemental Bond
    Somberwald Alpha
    Plains

Pack 2 pick 6:
    Volcanic Rambler
    Ampryn Tactician
    Smash to Smithereens
    Vastwood Gorger
    Artificer's Epiphany
    Deep-Sea Terror
    Valor in Akros
--> Runed Servitor
    Animist's Awakening
    Forest

Pack 2 pick 7:
--> Shambling Ghoul
    Calculated Dismissal
    Heavy Infantry
    Bonded Construct
    Prickleboar
    Nivix Barrier
    Might of the Masses
    Orbs of Warding
    Island

Pack 2 pick 8:
    Volcanic Rambler
    Vine Snare
    Heavy Infantry
--> Prickleboar
    Aspiring Aeronaut
    Mage-Ring Network
    Possessed Skaab
    Plains

Pack 2 pick 9:
    Catacomb Slug
    Faerie Miscreant
--> Nissa's Pilgrimage
    Enlightened Ascetic
    Artificer's Epiphany
    Brawler's Plate
    Forest

Pack 2 pick 10:
    Yoked Ox
    Nissa's Pilgrimage
--> Veteran's Sidearm
    Titan's Strength
    Watercourser
    Island

Pack 2 pick 11:
    Smash to Smithereens
--> Healing Hands
    Reclaim
    War Horn
    Plains

Pack 2 pick 12:
    Demolish
    Dreadwaters
--> Tormented Thoughts
    Mountain

Pack 2 pick 13:
--> Cobblebrute
    Negate
    Plains

Pack 2 pick 14:
--> Artificer's Epiphany
    Forest

Pack 2 pick 15:
--> Island

------ ORI ------ 

Pack 3 pick 1:
    Aven Battle Priest
    Nightsnare
    Demolish
    Auramancer
    Negate
    Pharika's Disciple
    Returned Centaur
--> Wild Instincts
    Guardian Automaton
    Claustrophobia
    Shadows of the Past
    Skaab Goliath
    Consul's Lieutenant
    Honored Hierarch
    Plains

Pack 3 pick 2:
    Charging Griffin
    Catacomb Slug
    Subterranean Scout
    Auramancer
    Maritime Guard
--> Timberpack Wolf
    Stratus Walk
    Titanic Growth
    Nantuko Husk
    Deep-Sea Terror
    Whirler Rogue
    Sentinel of the Eternal Watch
    Ramroller
    Mountain

Pack 3 pick 3:
    Thornbow Archer
    Cobblebrute
    Enshrouding Mist
    Nivix Barrier
    Calculated Dismissal
    Llanowar Empath
    Enlightened Ascetic
    Firefiend Elemental
    Disperse
    Hitchclaw Recluse
    Valeron Wardens
--> Undercity Troll
    Island

Pack 3 pick 4:
    Nightsnare
    Dreadwaters
    Nissa's Pilgrimage
    Suppression Bonds
    Veteran's Sidearm
    Titan's Strength
    Aspiring Aeronaut
--> Yeva's Forcemage
    Anointer of Champions
    Blightcaster
    Hallowed Moonlight
    Forest

Pack 3 pick 5:
    Macabre Waltz
    Volcanic Rambler
    Rabid Bloodsucker
    Reclaim
    Veteran's Sidearm
    Firefiend Elemental
    Nivix Barrier
--> Might of the Masses
    Call of the Full Moon
    Talent of the Telepath
    Island

Pack 3 pick 6:
    Yoked Ox
    Scrapskin Drake
    Vine Snare
    Cleric of the Forward Order
    Send to Sleep
    Caustic Caterpillar
    Psychic Rebuttal
--> Zendikar's Roil
    Jace's Sanctum
    Mountain

Pack 3 pick 7:
    Celestial Flare
    Dark Dabbling
    Infectious Bloodlust
    Negate
    Guardians of Meletis
    Knight of the Pilgrim's Road
--> Eyeblight Massacre
    Foundry of the Consuls
    Plains

Pack 3 pick 8:
    Yoked Ox
    Demolish
--> Llanowar Empath
    Enlightened Ascetic
    Firefiend Elemental
    Disperse
    Valor in Akros
    Mountain

Pack 3 pick 9:
    Aven Battle Priest
    Nightsnare
    Demolish
    Auramancer
    Negate
--> Guardian Automaton
    Plains

Pack 3 pick 10:
    Catacomb Slug
    Auramancer
    Stratus Walk
    Deep-Sea Terror
--> Ramroller
    Mountain

Pack 3 pick 11:
--> Thornbow Archer
    Cobblebrute
    Calculated Dismissal
    Llanowar Empath
    Island

Pack 3 pick 12:
--> Nightsnare
    Dreadwaters
    Veteran's Sidearm
    Forest

Pack 3 pick 13:
    Reclaim
--> Nivix Barrier
    Island

Pack 3 pick 14:
--> Vine Snare
    Mountain

Pack 3 pick 15:
--> Plains

