Event #: 8539271
Time:    8/2/2015 1:46:09 PM
Players:
    Krevett
    Druatua
    lumpx
--> Incara
    NewbridgeRules
    AtomP
    GingerFinger
    kilgore2605

------ ORI ------ 

Pack 1 pick 1:
    Celestial Flare
    Thornbow Archer
    Volcanic Rambler
    Mighty Leap
    Aerial Volley
    Maritime Guard
    Leaf Gilder
    Topan Freeblade
    Ringwarden Owl
    Boggart Brute
    Murder Investigation
    Ramroller
    Possessed Skaab
--> Abbot of Keral Keep
    Island

Pack 1 pick 2:
    Aven Battle Priest
    Nightsnare
    Demolish
    Auramancer
    Negate
    Vastwood Gorger
--> Fiery Impulse
    Knight of the Pilgrim's Road
    Mountain
    Deep-Sea Terror
    Iroas's Champion
    Psychic Rebuttal
    Honored Hierarch
    Mountain

Pack 1 pick 3:
    Dragon Fodder
--> Celestial Flare
    Dark Dabbling
    Infectious Bloodlust
    Vastwood Gorger
    Artificer's Epiphany
    Alchemist's Vial
    Unholy Hunger
    Claustrophobia
    Totem-Guide Hartebeest
    Chief of the Foundry
    Tower Geist
    Island

Pack 1 pick 4:
    Volcanic Rambler
    Mighty Leap
    Reclaim
    Veteran's Sidearm
    Undead Servant
    Scrapskin Drake
    Caustic Caterpillar
    Aspiring Aeronaut
--> Conclave Naturalists
    Consecrated by Blood
    Revenant
    Forest

Pack 1 pick 5:
    Infernal Scarring
    Mage-Ring Bully
    Healing Hands
    Deadbridge Shaman
--> Yeva's Forcemage
    Negate
    Nantuko Husk
    Deep-Sea Terror
    Meteorite
    Tainted Remedy
    Plains

Pack 1 pick 6:
    Smash to Smithereens
    Ampryn Tactician
    Fetid Imp
    Vine Snare
--> Cleric of the Forward Order
    Shambling Ghoul
    Calculated Dismissal
    Disperse
    Blazing Hellhound
    Island

Pack 1 pick 7:
    Deadbridge Shaman
    Aven Battle Priest
    Nightsnare
    Might of the Masses
    Screeching Skaab
    Bellows Lizard
--> Mage-Ring Bully
    Magmatic Insight
    Island

Pack 1 pick 8:
    Akroan Jailer
    Thornbow Archer
    Nissa's Pilgrimage
    Read the Bones
    Aerial Volley
    Artificer's Epiphany
--> Necromantic Summons
    Island

Pack 1 pick 9:
--> Thornbow Archer
    Mighty Leap
    Aerial Volley
    Maritime Guard
    Ringwarden Owl
    Murder Investigation
    Island

Pack 1 pick 10:
--> Demolish
    Vastwood Gorger
    Mountain
    Deep-Sea Terror
    Psychic Rebuttal
    Mountain

Pack 1 pick 11:
    Dark Dabbling
--> Infectious Bloodlust
    Vastwood Gorger
    Artificer's Epiphany
    Island

Pack 1 pick 12:
    Reclaim
    Veteran's Sidearm
--> Revenant
    Forest

Pack 1 pick 13:
--> Healing Hands
    Tainted Remedy
    Plains

Pack 1 pick 14:
--> Vine Snare
    Island

Pack 1 pick 15:
--> Island

------ ORI ------ 

Pack 2 pick 1:
    Auramancer
    Touch of Moonglove
    Reclaim
    Cleric of the Forward Order
    Bonded Construct
    Lightning Javelin
    Shambling Ghoul
    Separatist Voidmage
    Caustic Caterpillar
    Send to Sleep
--> Joraga Invocation
    Zendikar Incarnate
    Rogue's Passage
    Vryn Wingmare
    Forest

Pack 2 pick 2:
    Mage-Ring Bully
    Grasp of the Hieromancer
    Touch of Moonglove
    Vine Snare
    Heavy Infantry
    Prickleboar
    Dreadwaters
--> Pharika's Disciple
    Watercourser
    Shadows of the Past
    Skaab Goliath
    Sigiled Starfish
    Animist's Awakening
    Plains

Pack 2 pick 3:
    Chandra's Fury
    Grasp of the Hieromancer
    Nightsnare
    Thunderclap Wyvern
    Stratus Walk
    Returned Centaur
    Ringwarden Owl
    Mantle of Webs
--> Boggart Brute
    Prism Ring
    Ghirapur Æther Grid
    Dwynen's Elite
    Plains

Pack 2 pick 4:
    Demolish
    Auramancer
    Infectious Bloodlust
    Vastwood Gorger
    Disperse
    Claustrophobia
    Mantle of Webs
    Guardians of Meletis
    Elemental Bond
    War Horn
--> Valeron Wardens
    Swamp

Pack 2 pick 5:
    Smash to Smithereens
    Ampryn Tactician
    Fetid Imp
    Akroan Sergeant
--> Timberpack Wolf
    Undead Servant
    Guardians of Meletis
    Returned Centaur
    Valor in Akros
    Rogue's Passage
    Mountain

Pack 2 pick 6:
    Yoked Ox
    Catacomb Slug
    Demolish
    Aven Battle Priest
    Screeching Skaab
--> Guardian Automaton
    Bellows Lizard
    Tormented Thoughts
    Bounding Krasis
    Forest

Pack 2 pick 7:
    Catacomb Slug
    Demolish
    Aven Battle Priest
--> Aerial Volley
    Maritime Guard
    Guardians of Meletis
    Returned Centaur
    Anchor to the Æther
    Mountain

Pack 2 pick 8:
    Weight of the Underworld
    Catacomb Slug
    Titanic Growth
    Disperse
    Deep-Sea Terror
    Evolving Wilds
--> Magmatic Insight
    Mountain

Pack 2 pick 9:
    Auramancer
    Touch of Moonglove
    Reclaim
    Caustic Caterpillar
    Send to Sleep
--> Zendikar Incarnate
    Forest

Pack 2 pick 10:
    Touch of Moonglove
    Vine Snare
--> Prickleboar
    Dreadwaters
    Watercourser
    Plains

Pack 2 pick 11:
--> Stratus Walk
    Mantle of Webs
    Prism Ring
    Ghirapur Æther Grid
    Plains

Pack 2 pick 12:
    Demolish
--> Mantle of Webs
    Elemental Bond
    Swamp

Pack 2 pick 13:
--> Smash to Smithereens
    Returned Centaur
    Mountain

Pack 2 pick 14:
--> Demolish
    Forest

Pack 2 pick 15:
--> Mountain

------ ORI ------ 

Pack 3 pick 1:
    Akroan Sergeant
    Yoked Ox
--> Rhox Maulers
    Heavy Infantry
    Bonded Construct
    Prickleboar
    Reave Soul
    Faerie Miscreant
    Hitchclaw Recluse
    Bone to Ash
    War Horn
    Zendikar's Roil
    Consul's Lieutenant
    Priest of the Blood Rite
    Swamp

Pack 3 pick 2:
    Celestial Flare
    Dark Dabbling
    Infectious Bloodlust
    Llanowar Empath
    Kytheon's Tactics
    Ghirapur Gearcrafter
    Dreadwaters
    Dreadwaters
    Orchard Spirit
    Tormented Thoughts
    Ravaging Blaze
    Shaman of the Pack
--> Embermaw Hellion
    Plains

Pack 3 pick 3:
    Infernal Scarring
--> Mage-Ring Bully
    Healing Hands
    Deadbridge Shaman
    Hitchclaw Recluse
    Nivix Barrier
    Nantuko Husk
    Deep-Sea Terror
    Leaf Gilder
    Consecrated by Blood
    Blood-Cursed Knight
    Reclusive Artificer
    Swamp

Pack 3 pick 4:
    Touch of Moonglove
    Subterranean Scout
    Akroan Jailer
    Dark Dabbling
    Yeva's Forcemage
    Watercourser
    Fiery Impulse
--> Knight of the Pilgrim's Road
    Deep-Sea Terror
    Sylvan Messenger
    Llanowar Wastes
    Forest

Pack 3 pick 5:
    Thornbow Archer
    Volcanic Rambler
    Enlightened Ascetic
    Firefiend Elemental
    Rabid Bloodsucker
    Scrapskin Drake
--> Orchard Spirit
    Negate
    Ghirapur Æther Grid
    Blessed Spirits
    Plains

Pack 3 pick 6:
    Catacomb Slug
--> Subterranean Scout
    Llanowar Empath
    Enlightened Ascetic
    Firefiend Elemental
    Rabid Bloodsucker
    Disperse
    Murder Investigation
    Elemental Bond
    Mountain

Pack 3 pick 7:
    Akroan Jailer
    Thornbow Archer
--> Cobblebrute
    Enshrouding Mist
    Caustic Caterpillar
    Guardians of Meletis
    Gather the Pack
    Shaman of the Pack
    Swamp

Pack 3 pick 8:
    Volcanic Rambler
    Ampryn Tactician
    Smash to Smithereens
    Titanic Growth
    Nivix Barrier
--> Orchard Spirit
    Meteorite
    Forest

Pack 3 pick 9:
    Yoked Ox
--> Prickleboar
    Faerie Miscreant
    Hitchclaw Recluse
    Bone to Ash
    War Horn
    Swamp

Pack 3 pick 10:
--> Infectious Bloodlust
    Kytheon's Tactics
    Dreadwaters
    Dreadwaters
    Tormented Thoughts
    Plains

Pack 3 pick 11:
--> Hitchclaw Recluse
    Nantuko Husk
    Consecrated by Blood
    Reclusive Artificer
    Swamp

Pack 3 pick 12:
    Touch of Moonglove
    Dark Dabbling
--> Sylvan Messenger
    Forest

Pack 3 pick 13:
    Thornbow Archer
--> Rabid Bloodsucker
    Plains

Pack 3 pick 14:
--> Catacomb Slug
    Mountain

Pack 3 pick 15:
--> Swamp

