Event #: 8551752
Time:    5/08/2015 9:40:32 PM
Players:
    Meshu
    ledoux
    ElCusciolo4u
    jacksonfan
    Carpetfrog
    ROUT
--> Frankquith
    Perivale

------ ORI ------ 

Pack 1 pick 1:
    Act of Treason
    Celestial Flare
    Thornbow Archer
    Volcanic Rambler
    Screeching Skaab
    Tower Geist
    Wild Instincts
    Evolving Wilds
    Stalwart Aven
    Guardian Automaton
    Iroas's Champion
--> Whirler Rogue
    Gnarlroot Trapper
    Despoiler of Souls
    Island

Pack 1 pick 2:
    Healing Hands
    Deadbridge Shaman
    Smash to Smithereens
    Ampryn Tactician
    Stratus Walk
    Vastwood Gorger
    Bellows Lizard
    Returned Centaur
--> Claustrophobia
    Totem-Guide Hartebeest
    Chief of the Foundry
    Enthralling Victor
    Herald of the Pantheon
    Plains

Pack 1 pick 3:
    Fetid Imp
    Smash to Smithereens
    Healing Hands
    Infernal Scarring
    Disperse
    Caustic Caterpillar
    Nantuko Husk
    Deep-Sea Terror
--> Leaf Gilder
    Hydrolash
    Sylvan Messenger
    Hallowed Moonlight
    Swamp

Pack 1 pick 4:
    Aven Battle Priest
    Nightsnare
    Auramancer
    Auramancer
--> Watercourser
    Orchard Spirit
    Guardian Automaton
    Bellows Lizard
    Blood-Cursed Knight
    Dwynen's Elite
    Shaman of the Pack
    Forest

Pack 1 pick 5:
    Dragon Fodder
    Yoked Ox
--> Deadbridge Shaman
    Rabid Bloodsucker
    Reclaim
    Veteran's Sidearm
    Bone to Ash
    Yeva's Forcemage
    Totem-Guide Hartebeest
    Fleshbag Marauder
    Plains

Pack 1 pick 6:
    Mighty Leap
    Infernal Scarring
    Mage-Ring Bully
    Prickleboar
    Faerie Miscreant
    Llanowar Empath
    Send to Sleep
    Caustic Caterpillar
--> Eyeblight Massacre
    Swamp

Pack 1 pick 7:
    Infectious Bloodlust
--> Eyeblight Assassin
    Negate
    Aerial Volley
    Returned Centaur
    Mantle of Webs
    Elemental Bond
    Fleshbag Marauder
    Plains

Pack 1 pick 8:
    Auramancer
    Weight of the Underworld
    Infectious Bloodlust
--> Undead Servant
    Vine Snare
    Negate
    Vastwood Gorger
    Swamp

Pack 1 pick 9:
    Thornbow Archer
    Volcanic Rambler
    Screeching Skaab
--> Evolving Wilds
    Guardian Automaton
    Gnarlroot Trapper
    Island

Pack 1 pick 10:
    Healing Hands
--> Deadbridge Shaman
    Smash to Smithereens
    Bellows Lizard
    Returned Centaur
    Plains

Pack 1 pick 11:
    Smash to Smithereens
    Healing Hands
    Infernal Scarring
--> Sylvan Messenger
    Swamp

Pack 1 pick 12:
--> Nightsnare
    Auramancer
    Bellows Lizard
    Forest

Pack 1 pick 13:
--> Rabid Bloodsucker
    Reclaim
    Plains

Pack 1 pick 14:
--> Infernal Scarring
    Swamp

Pack 1 pick 15:
--> Plains

------ ORI ------ 

Pack 2 pick 1:
    Akroan Jailer
    Dark Dabbling
    Chandra's Fury
    Charging Griffin
    Nivix Barrier
    Timberpack Wolf
    Guardians of Meletis
    Fiery Impulse
    Knight of the Pilgrim's Road
    Nantuko Husk
    Skysnare Spider
    Murder Investigation
    Gnarlroot Trapper
--> Erebos's Titan
    Swamp

Pack 2 pick 2:
    Touch of Moonglove
    Subterranean Scout
    Akroan Jailer
    Dark Dabbling
    Stratus Walk
    Pharika's Disciple
    Watercourser
--> Elvish Visionary
    Nantuko Husk
    Deep-Sea Terror
    Acolyte of the Inferno
    Valor in Akros
    Turn to Frog
    Forest

Pack 2 pick 3:
    Mighty Leap
    Macabre Waltz
    Volcanic Rambler
    Ampryn Tactician
    Screeching Skaab
    Vastwood Gorger
--> Leaf Gilder
    Ringwarden Owl
    Boggart Brute
    Call of the Full Moon
    Clash of Wills
    Reclusive Artificer
    Island

Pack 2 pick 4:
    Macabre Waltz
    Volcanic Rambler
    Ampryn Tactician
--> Read the Bones
    Faerie Miscreant
    Nissa's Pilgrimage
    Enlightened Ascetic
    Ghirapur Gearcrafter
    Send to Sleep
    Zendikar's Roil
    Shivan Reef
    Mountain

Pack 2 pick 5:
    Auramancer
    Touch of Moonglove
    Act of Treason
    Mighty Leap
    Disperse
    Orchard Spirit
    Guardian Automaton
    Bellows Lizard
    Dwynen's Elite
--> Evolutionary Leap
    Swamp

Pack 2 pick 6:
    Aven Battle Priest
--> Eyeblight Assassin
    Chandra's Fury
    Grasp of the Hieromancer
    Nivix Barrier
    Timberpack Wolf
    Ringwarden Owl
    Knight of the Pilgrim's Road
    Hydrolash
    Swamp

Pack 2 pick 7:
    Cobblebrute
    Artificer's Epiphany
    Caustic Caterpillar
    Guardians of Meletis
    Returned Centaur
    Tormented Thoughts
--> Gold-Forged Sentinel
    Bounding Krasis
    Plains

Pack 2 pick 8:
    Catacomb Slug
    Demolish
    Aven Battle Priest
    Disperse
--> Returned Centaur
    Mantle of Webs
    Willbreaker
    Plains

Pack 2 pick 9:
    Akroan Jailer
--> Dark Dabbling
    Chandra's Fury
    Nivix Barrier
    Murder Investigation
    Gnarlroot Trapper
    Swamp

Pack 2 pick 10:
--> Touch of Moonglove
    Dark Dabbling
    Stratus Walk
    Deep-Sea Terror
    Valor in Akros
    Forest

Pack 2 pick 11:
--> Macabre Waltz
    Volcanic Rambler
    Ringwarden Owl
    Clash of Wills
    Island

Pack 2 pick 12:
--> Macabre Waltz
    Volcanic Rambler
    Send to Sleep
    Mountain

Pack 2 pick 13:
--> Auramancer
    Bellows Lizard
    Swamp

Pack 2 pick 14:
--> Nivix Barrier
    Swamp

Pack 2 pick 15:
--> Plains

------ ORI ------ 

Pack 3 pick 1:
    Enshrouding Mist
    Eyeblight Assassin
    Mage-Ring Bully
    Grasp of the Hieromancer
    Artificer's Epiphany
    Timberpack Wolf
    Claustrophobia
    Guardians of Meletis
    Fiery Impulse
    Knight of the Pilgrim's Road
    Sigil of Valor
    Psychic Rebuttal
--> Jhessian Thief
    Embermaw Hellion
    Mountain

Pack 3 pick 2:
    Charging Griffin
    Catacomb Slug
    Subterranean Scout
    Dreadwaters
--> Rhox Maulers
    Kytheon's Tactics
    Evolving Wilds
    Titan's Strength
    Aspiring Aeronaut
    Titanic Growth
    Murder Investigation
    Blessed Spirits
    Vryn Wingmare
    Island

Pack 3 pick 3:
    Weight of the Underworld
    Akroan Sergeant
    Charging Griffin
    Catacomb Slug
    Faerie Miscreant
    Orchard Spirit
    Unholy Hunger
    Deep-Sea Terror
    Wild Instincts
    Alchemist's Vial
    Ravaging Blaze
--> Dwynen, Gilt-Leaf Daen
    Forest

Pack 3 pick 4:
    Dragon Fodder
    Yoked Ox
    Deadbridge Shaman
    Caustic Caterpillar
    Send to Sleep
--> Yeva's Forcemage
    Guardians of Meletis
    Fiery Impulse
    Returned Centaur
    Consecrated by Blood
    Bounding Krasis
    Mountain

Pack 3 pick 5:
    Fetid Imp
    Akroan Sergeant
    Yoked Ox
    Kytheon's Tactics
--> Undead Servant
    Dreadwaters
    Nissa's Pilgrimage
    Pharika's Disciple
    Brawler's Plate
    Foundry of the Consuls
    Forest

Pack 3 pick 6:
    Smash to Smithereens
    Healing Hands
    Infernal Scarring
    Watercourser
--> Aerial Volley
    Returned Centaur
    Ringwarden Owl
    Mantle of Webs
    Prism Ring
    Forest

Pack 3 pick 7:
    Rogue's Passage
    Aven Battle Priest
    Nightsnare
    Demolish
--> Unholy Hunger
    Blazing Hellhound
    Shadows of the Past
    Revenant
    Island

Pack 3 pick 8:
    Dark Dabbling
    Infectious Bloodlust
    Maritime Guard
--> Unholy Hunger
    Mantle of Webs
    Gather the Pack
    Goblin Glory Chaser
    Swamp

Pack 3 pick 9:
--> Eyeblight Assassin
    Mage-Ring Bully
    Artificer's Epiphany
    Guardians of Meletis
    Sigil of Valor
    Psychic Rebuttal
    Mountain

Pack 3 pick 10:
    Catacomb Slug
    Subterranean Scout
    Dreadwaters
--> Evolving Wilds
    Murder Investigation
    Island

Pack 3 pick 11:
    Weight of the Underworld
    Catacomb Slug
--> Unholy Hunger
    Deep-Sea Terror
    Forest

Pack 3 pick 12:
    Yoked Ox
    Send to Sleep
--> Consecrated by Blood
    Mountain

Pack 3 pick 13:
    Yoked Ox
--> Nissa's Pilgrimage
    Forest

Pack 3 pick 14:
--> Infernal Scarring
    Forest

Pack 3 pick 15:
--> Island

