Event #: 8561373
Time:    07/08/2015 16:02:25
Players:
--> Rzigante
    MatsOle
    doit4menow
    ProfoundHobo
    andal
    AMBArda
    LuckyNoob
    MrLe3

------ ORI ------ 

Pack 1 pick 1:
    Grasp of the Hieromancer
    Touch of Moonglove
    Shambling Ghoul
    Separatist Voidmage
    Vine Snare
    Heavy Infantry
    Prickleboar
    Reave Soul
    Nivix Barrier
    Orchard Spirit
    Swift Reckoning
--> Sentinel of the Eternal Watch
    Jayemdae Tome
    Vryn Wingmare
    Forest

Pack 1 pick 2:
    Ampryn Tactician
    Fetid Imp
    Reave Soul
    Faerie Miscreant
    Llanowar Empath
    Kytheon's Tactics
    Nightsnare
    Undead Servant
    Aspiring Aeronaut
    Yeva's Forcemage
    Mage-Ring Network
--> Skysnare Spider
    Malakir Cullblade
    Mountain

Pack 1 pick 3:
    Touch of Moonglove
    Subterranean Scout
    Akroan Jailer
    Dreadwaters
    Nissa's Pilgrimage
    Veteran's Sidearm
    Titan's Strength
    Bone to Ash
    Pharika's Disciple
    Consecrated by Blood
--> Blood-Cursed Knight
    Thunderclap Wyvern
    Forest

Pack 1 pick 4:
    Aven Battle Priest
    Eyeblight Assassin
    Chandra's Fury
    Grasp of the Hieromancer
    Nivix Barrier
    Timberpack Wolf
    Deep-Sea Terror
    Alchemist's Vial
    Gather the Pack
    War Oracle
--> Somberwald Alpha
    Swamp

Pack 1 pick 5:
    Catacomb Slug
    Demolish
    Undead Servant
    Scrapskin Drake
    Vine Snare
--> Cleric of the Forward Order
    Maritime Guard
    Island
    Valor in Akros
    Dark Petition
    Island

Pack 1 pick 6:
    Cobblebrute
    Undead Servant
    Scrapskin Drake
    Vine Snare
    Cleric of the Forward Order
    Stratus Walk
    Pharika's Disciple
    Psychic Rebuttal
--> Dwynen's Elite
    Forest

Pack 1 pick 7:
--> Enshrouding Mist
    Mage-Ring Bully
    Scrapskin Drake
    Reclaim
    Bonded Construct
    Stratus Walk
    War Horn
    Skyraker Giant
    Mountain

Pack 1 pick 8:
    Nightsnare
    Calculated Dismissal
    Heavy Infantry
--> Bonded Construct
    Prickleboar
    Bone to Ash
    Revenant
    Mountain

Pack 1 pick 9:
    Touch of Moonglove
    Vine Snare
--> Heavy Infantry
    Prickleboar
    Nivix Barrier
    Jayemdae Tome
    Forest

Pack 1 pick 10:
    Faerie Miscreant
--> Kytheon's Tactics
    Nightsnare
    Undead Servant
    Mage-Ring Network
    Mountain

Pack 1 pick 11:
    Touch of Moonglove
--> Akroan Jailer
    Dreadwaters
    Bone to Ash
    Forest

Pack 1 pick 12:
--> Aven Battle Priest
    Nivix Barrier
    Deep-Sea Terror
    Swamp

Pack 1 pick 13:
    Demolish
--> Vine Snare
    Island

Pack 1 pick 14:
--> Psychic Rebuttal
    Forest

Pack 1 pick 15:
--> Mountain

------ ORI ------ 

Pack 2 pick 1:
    Chandra's Fury
    Dark Petition
    Read the Bones
    Faerie Miscreant
    Nissa's Pilgrimage
    Enlightened Ascetic
    Ghirapur Gearcrafter
    Rabid Bloodsucker
    Maritime Guard
    Hitchclaw Recluse
    Goblin Glory Chaser
--> Sentinel of the Eternal Watch
    Ramroller
    Flameshadow Conjuring
    Island

Pack 2 pick 2:
    Demolish
    Aven Battle Priest
    Eyeblight Assassin
    Dreadwaters
    Rhox Maulers
    Kytheon's Tactics
    Evolving Wilds
    Titan's Strength
    Bone to Ash
    Yeva's Forcemage
    Call of the Full Moon
--> Knightly Valor
    Exquisite Firecraft
    Plains

Pack 2 pick 3:
    Smash to Smithereens
    Healing Hands
    Infernal Scarring
    Dragon Fodder
    Negate
    Pharika's Disciple
    Guardian Automaton
--> Leaf Gilder
    Alchemist's Vial
    Ringwarden Owl
    Blood-Cursed Knight
    Clash of Wills
    Forest

Pack 2 pick 4:
    Charging Griffin
    Macabre Waltz
    Act of Treason
    Celestial Flare
    Artificer's Epiphany
    Screeching Skaab
    Vastwood Gorger
    Mantle of Webs
--> Stalwart Aven
    Tormented Thoughts
    Willbreaker
    Island

Pack 2 pick 5:
    Yoked Ox
    Deadbridge Shaman
    Cobblebrute
    Aven Battle Priest
--> Orchard Spirit
    Nantuko Husk
    Deep-Sea Terror
    Hydrolash
    Fleshbag Marauder
    Helm of the Gods
    Plains

Pack 2 pick 6:
    Infernal Scarring
    Mage-Ring Bully
    Read the Bones
    Faerie Miscreant
    Nissa's Pilgrimage
--> Enlightened Ascetic
    Rabid Bloodsucker
    Send to Sleep
    Returned Centaur
    Mountain

Pack 2 pick 7:
    Infectious Bloodlust
    Faerie Miscreant
--> Llanowar Empath
    Kytheon's Tactics
    Undead Servant
    Maritime Guard
    Hitchclaw Recluse
    Gnarlroot Trapper
    Swamp

Pack 2 pick 8:
    Infectious Bloodlust
--> Akroan Jailer
    Thornbow Archer
    Reclaim
    Veteran's Sidearm
    Firefiend Elemental
    Artificer's Epiphany
    Mountain

Pack 2 pick 9:
    Chandra's Fury
--> Dark Petition
    Read the Bones
    Nissa's Pilgrimage
    Maritime Guard
    Flameshadow Conjuring
    Island

Pack 2 pick 10:
    Demolish
    Dreadwaters
    Kytheon's Tactics
    Bone to Ash
--> Yeva's Forcemage
    Plains

Pack 2 pick 11:
    Smash to Smithereens
    Healing Hands
--> Infernal Scarring
    Negate
    Forest

Pack 2 pick 12:
    Macabre Waltz
--> Mantle of Webs
    Tormented Thoughts
    Island

Pack 2 pick 13:
--> Cobblebrute
    Deep-Sea Terror
    Plains

Pack 2 pick 14:
--> Infernal Scarring
    Mountain

Pack 2 pick 15:
--> Swamp

------ ORI ------ 

Pack 3 pick 1:
    Nightsnare
    Dragon Fodder
    Celestial Flare
    Dark Dabbling
    Negate
    Vastwood Gorger
    Topan Freeblade
    Claustrophobia
    Guardians of Meletis
    Fiery Impulse
    Brawler's Plate
    Reclusive Artificer
    Bounding Krasis
--> Kytheon's Irregulars
    Swamp

Pack 3 pick 2:
    Mage-Ring Bully
    Healing Hands
    Deadbridge Shaman
    Scrapskin Drake
    Reclaim
--> Cleric of the Forward Order
    Bonded Construct
    Lightning Javelin
    Disperse
    Orchard Spirit
    Chief of the Foundry
    Foundry of the Consuls
    Thopter Spy Network
    Swamp

Pack 3 pick 3:
    Subterranean Scout
    Akroan Jailer
    Dark Dabbling
    Chandra's Fury
    Aspiring Aeronaut
--> Elvish Visionary
    Mantle of Webs
    Boggart Brute
    Guardians of Meletis
    Unholy Hunger
    Sphinx's Tutelage
    Turn to Frog
    Plains

Pack 3 pick 4:
    Weight of the Underworld
    Akroan Sergeant
    Charging Griffin
    Catacomb Slug
    Watercourser
--> Elvish Visionary
    Nivix Barrier
    Might of the Masses
    Knight of the Pilgrim's Road
    Sylvan Messenger
    Llanowar Wastes
    Plains

Pack 3 pick 5:
    Anchor to the Æther
    Calculated Dismissal
--> Llanowar Empath
    Enlightened Ascetic
    Firefiend Elemental
    Rabid Bloodsucker
    Artificer's Epiphany
    Caustic Caterpillar
    Tormented Thoughts
    Zendikar Incarnate
    Plains

Pack 3 pick 6:
    Subterranean Scout
    Auramancer
    Touch of Moonglove
    Screeching Skaab
    Titanic Growth
    Deep-Sea Terror
--> Wild Instincts
    Shadows of the Past
    Starfield of Nyx
    Island

Pack 3 pick 7:
    Healing Hands
    Smash to Smithereens
    Ampryn Tactician
--> Orchard Spirit
    Guardian Automaton
    Murder Investigation
    Elemental Bond
    Eyeblight Massacre
    Forest

Pack 3 pick 8:
--> Akroan Sergeant
    Reclaim
    Veteran's Sidearm
    Firefiend Elemental
    Negate
    Zendikar Incarnate
    Battlefield Forge
    Plains

Pack 3 pick 9:
    Dark Dabbling
    Negate
    Vastwood Gorger
    Guardians of Meletis
    Reclusive Artificer
--> Bounding Krasis
    Swamp

Pack 3 pick 10:
    Scrapskin Drake
    Reclaim
    Bonded Construct
    Disperse
--> Chief of the Foundry
    Swamp

Pack 3 pick 11:
    Akroan Jailer
    Chandra's Fury
    Mantle of Webs
--> Sphinx's Tutelage
    Plains

Pack 3 pick 12:
    Catacomb Slug
    Nivix Barrier
--> Sylvan Messenger
    Plains

Pack 3 pick 13:
    Tormented Thoughts
--> Zendikar Incarnate
    Plains

Pack 3 pick 14:
--> Touch of Moonglove
    Island

Pack 3 pick 15:
--> Forest

