Event #: 8578654
Time:    11-08-2015 16:17:05
Players:
    tomisil
    Ornithoptin
--> sikolio
    MyMiasma
    Smorehead
    SaltyMagic
    Anguizzz
    flopher

------ ORI ------ 

Pack 1 pick 1:
    Enshrouding Mist
    Weight of the Underworld
    Akroan Sergeant
    Charging Griffin
    Aerial Volley
    Maritime Guard
    Guardians of Meletis
--> Unholy Hunger
    Mantle of Webs
    Stalwart Aven
    Prism Ring
    Patron of the Valiant
    Fiery Conclusion
    Relic Seeker
    Island

Pack 1 pick 2:
    Smash to Smithereens
    Ampryn Tactician
    Fetid Imp
    Shaman of the Pack
    Nivix Barrier
    Orchard Spirit
    Aspiring Aeronaut
    Elvish Visionary
    Leaf Gilder
    Alchemist's Vial
    Blood-Cursed Knight
    Skyraker Giant
--> Harbinger of the Tides
    Plains

Pack 1 pick 3:
    Chandra's Fury
    Charging Griffin
    Macabre Waltz
    Act of Treason
    Watercourser
    Orchard Spirit
    Alchemist's Vial
--> Nantuko Husk
    Bellows Lizard
    Leaf Gilder
    Joraga Invocation
    Orbs of Warding
    Island

Pack 1 pick 4:
    Guardians of Meletis
    Chandra's Fury
    Veteran's Sidearm
    Titan's Strength
--> Read the Bones
    Calculated Dismissal
    Artificer's Epiphany
    Caustic Caterpillar
    Meteorite
    Angel's Tomb
    Revenant
    Swamp

Pack 1 pick 5:
    Thornbow Archer
    Volcanic Rambler
    Mighty Leap
    Infernal Scarring
    Maritime Guard
    Timberpack Wolf
    Mountain
    War Horn
    Joraga Invocation
--> Fleshbag Marauder
    Mountain

Pack 1 pick 6:
    Infectious Bloodlust
    Akroan Jailer
    Thornbow Archer
    Cobblebrute
    Orchard Spirit
    Negate
    Mantle of Webs
--> Enthralling Victor
    Malakir Cullblade
    Plains

Pack 1 pick 7:
    Yoked Ox
    Catacomb Slug
    Reclaim
    Cleric of the Forward Order
    Bonded Construct
    Shambling Ghoul
    Artificer's Epiphany
--> Runed Servitor
    Island

Pack 1 pick 8:
    Mage-Ring Bully
    Grasp of the Hieromancer
    Heavy Infantry
    Send to Sleep
--> Prickleboar
    Faerie Miscreant
    Yeva's Forcemage
    Forest

Pack 1 pick 9:
    Charging Griffin
    Aerial Volley
    Maritime Guard
--> Guardians of Meletis
    Mantle of Webs
    Prism Ring
    Island

Pack 1 pick 10:
    Nivix Barrier
    Orchard Spirit
    Alchemist's Vial
    Blood-Cursed Knight
--> Skyraker Giant
    Plains

Pack 1 pick 11:
    Macabre Waltz
--> Act of Treason
    Alchemist's Vial
    Bellows Lizard
    Island

Pack 1 pick 12:
    Chandra's Fury
    Artificer's Epiphany
--> Revenant
    Swamp

Pack 1 pick 13:
--> Thornbow Archer
    Mountain
    Mountain

Pack 1 pick 14:
--> Infectious Bloodlust
    Plains

Pack 1 pick 15:
--> Island

------ ORI ------ 

Pack 2 pick 1:
    Cobblebrute
    Aven Battle Priest
    Reclaim
    Suppression Bonds
    Veteran's Sidearm
    Firefiend Elemental
    Undead Servant
    Scrapskin Drake
    Nivix Barrier
    Might of the Masses
    Consecrated by Blood
    Reclusive Artificer
--> Gold-Forged Sentinel
    Despoiler of Souls
    Island

Pack 2 pick 2:
    Mighty Leap
    Infernal Scarring
    Rhox Maulers
    Heavy Infantry
    Bonded Construct
    Prickleboar
    Faerie Miscreant
    Maritime Guard
    Hitchclaw Recluse
    Gather the Pack
    Turn to Frog
--> Throwing Knife
    Gaea's Revenge
    Mountain

Pack 2 pick 3:
    Smash to Smithereens
    Healing Hands
    Infernal Scarring
    Artificer's Epiphany
    Stratus Walk
    Pharika's Disciple
    Boggart Brute
    Alchemist's Vial
    Skaab Goliath
    Call of the Full Moon
--> Blightcaster
    Molten Vortex
    Plains

Pack 2 pick 4:
    Fetid Imp
    Akroan Sergeant
    Yoked Ox
    Screeching Skaab
    Boggart Brute
--> Nantuko Husk
    Deep-Sea Terror
    Prism Ring
    Eyeblight Massacre
    Thunderclap Wyvern
    Displacement Wave
    Plains

Pack 2 pick 5:
    Infectious Bloodlust
    Enshrouding Mist
    Mage-Ring Bully
    Screeching Skaab
    Vastwood Gorger
    Knight of the Pilgrim's Road
    Deep-Sea Terror
--> Acolyte of the Inferno
    Necromantic Summons
    Fiery Conclusion
    Mountain

Pack 2 pick 6:
    Infectious Bloodlust
    Vine Snare
    Cleric of the Forward Order
--> Shambling Ghoul
    Calculated Dismissal
    Send to Sleep
    Caustic Caterpillar
    Sphinx's Tutelage
    Thunderclap Wyvern
    Mountain

Pack 2 pick 7:
    Catacomb Slug
--> Subterranean Scout
    Nissa's Pilgrimage
    Enlightened Ascetic
    Separatist Voidmage
    Nivix Barrier
    Ghirapur Æther Grid
    Revenant
    Swamp

Pack 2 pick 8:
    Catacomb Slug
--> Subterranean Scout
    Auramancer
    Vine Snare
    Dreadwaters
    Brawler's Plate
    The Great Aurora
    Swamp

Pack 2 pick 9:
    Cobblebrute
    Reclaim
--> Veteran's Sidearm
    Scrapskin Drake
    Nivix Barrier
    Reclusive Artificer
    Island

Pack 2 pick 10:
--> Infernal Scarring
    Heavy Infantry
    Prickleboar
    Faerie Miscreant
    Maritime Guard
    Mountain

Pack 2 pick 11:
--> Smash to Smithereens
    Healing Hands
    Artificer's Epiphany
    Stratus Walk
    Plains

Pack 2 pick 12:
--> Yoked Ox
    Screeching Skaab
    Prism Ring
    Plains

Pack 2 pick 13:
--> Mage-Ring Bully
    Screeching Skaab
    Mountain

Pack 2 pick 14:
--> Vine Snare
    Mountain

Pack 2 pick 15:
--> Swamp

------ ORI ------ 

Pack 3 pick 1:
    Grasp of the Hieromancer
    Nightsnare
    Dragon Fodder
    Celestial Flare
    Aspiring Aeronaut
    Titanic Growth
    Leaf Gilder
    Guardians of Meletis
--> Fiery Impulse
    Returned Centaur
    Patron of the Valiant
    Ghirapur Æther Grid
    War Oracle
    Caves of Koilos
    Mountain

Pack 3 pick 2:
    Dark Dabbling
    Chandra's Fury
    Kytheon's Tactics
    Evolving Wilds
    Titan's Strength
    Read the Bones
    Faerie Miscreant
    Timberpack Wolf
    Bone to Ash
    Psychic Rebuttal
    Sentinel of the Eternal Watch
    Ramroller
--> Exquisite Firecraft
    Mountain

Pack 3 pick 3:
    Nightsnare
    Demolish
    Auramancer
    Orchard Spirit
    Send to Sleep
    Alchemist's Vial
--> Nantuko Husk
    Bellows Lizard
    Leaf Gilder
    War Oracle
    Tower Geist
    Dark Petition
    Mountain

Pack 3 pick 4:
    Grasp of the Hieromancer
    Nightsnare
--> Dragon Fodder
    Nissa's Pilgrimage
    Enlightened Ascetic
    Rabid Bloodsucker
    Separatist Voidmage
    Yeva's Forcemage
    Negate
    Sylvan Messenger
    Bounding Krasis
    Forest

Pack 3 pick 5:
    Charging Griffin
--> Macabre Waltz
    Llanowar Empath
    Enlightened Ascetic
    Firefiend Elemental
    Rabid Bloodsucker
    Scrapskin Drake
    Hitchclaw Recluse
    Negate
    Jayemdae Tome
    Swamp

Pack 3 pick 6:
    Mage-Ring Bully
    Healing Hands
--> Deadbridge Shaman
    Vine Snare
    Heavy Infantry
    Prickleboar
    Dreadwaters
    Watercourser
    Angel's Tomb
    Plains

Pack 3 pick 7:
    Akroan Jailer
    Dark Dabbling
    Reclaim
    Artificer's Epiphany
--> Firefiend Elemental
    Undead Servant
    Scrapskin Drake
    Yeva's Forcemage
    Plains

Pack 3 pick 8:
--> Chandra's Fury
    Charging Griffin
    Macabre Waltz
    Dreadwaters
    Disperse
    Hitchclaw Recluse
    Gnarlroot Trapper
    Island

Pack 3 pick 9:
    Grasp of the Hieromancer
    Nightsnare
    Celestial Flare
    Aspiring Aeronaut
    Ghirapur Æther Grid
--> Caves of Koilos
    Mountain

Pack 3 pick 10:
    Dark Dabbling
    Chandra's Fury
    Faerie Miscreant
    Psychic Rebuttal
--> Ramroller
    Mountain

Pack 3 pick 11:
    Nightsnare
    Auramancer
    Send to Sleep
--> Bellows Lizard
    Mountain

Pack 3 pick 12:
--> Rabid Bloodsucker
    Negate
    Bounding Krasis
    Forest

Pack 3 pick 13:
--> Rabid Bloodsucker
    Negate
    Swamp

Pack 3 pick 14:
--> Heavy Infantry
    Plains

Pack 3 pick 15:
--> Plains

