Event #: 8629741
Time:    8/21/2015 10:41:01 AM
Players:
    ecrouchroxxx
    Komplex
    Alfe
--> megahirtz
    riggers
    tote1212
    Turnip_head
    gandalf30

------ ORI ------ 

Pack 1 pick 1:
    Volcanic Rambler
    Mighty Leap
    Infernal Scarring
    Bonded Construct
    Lightning Javelin
    Shambling Ghoul
--> Separatist Voidmage
    Vine Snare
    Bone to Ash
    Yeva's Forcemage
    Angel's Tomb
    Runed Servitor
    Blightcaster
    Orbs of Warding
    Plains

Pack 1 pick 2:
    Mage-Ring Bully
    Healing Hands
    Heavy Infantry
    Prickleboar
    Dreadwaters
    Rhox Maulers
    Kytheon's Tactics
    Maritime Guard
    Hitchclaw Recluse
--> Whirler Rogue
    Zendikar Incarnate
    Knightly Valor
    Yavimaya Coast
    Island

Pack 1 pick 3:
    Infernal Scarring
    Mage-Ring Bully
    Healing Hands
    Orchard Spirit
--> Aspiring Aeronaut
    Ringwarden Owl
    Mantle of Webs
    Boggart Brute
    Alchemist's Vial
    Sylvan Messenger
    Totem-Guide Hartebeest
    Enthralling Victor
    Forest

Pack 1 pick 4:
    Subterranean Scout
    Akroan Jailer
    Goblin Piledriver
    Aerial Volley
    Maritime Guard
    Nantuko Husk
    Deep-Sea Terror
    Guardians of Meletis
--> Patron of the Valiant
    Ghirapur Æther Grid
    Gnarlroot Trapper
    Island

Pack 1 pick 5:
    Grasp of the Hieromancer
    Touch of Moonglove
    Subterranean Scout
    Titanic Growth
    Rogue's Passage
--> Claustrophobia
    Bellows Lizard
    Returned Centaur
    War Horn
    Zendikar's Roil
    Swamp

Pack 1 pick 6:
    Celestial Flare
    Volcanic Rambler
    Mighty Leap
    Yeva's Forcemage
    Negate
    Guardians of Meletis
    Valor in Akros
--> Anointer of Champions
    Helm of the Gods
    Forest

Pack 1 pick 7:
--> Grasp of the Hieromancer
    Touch of Moonglove
    Elvish Visionary
    Nivix Barrier
    Returned Centaur
    Mantle of Webs
    Blood-Cursed Knight
    Hallowed Moonlight
    Island

Pack 1 pick 8:
    Volcanic Rambler
--> Mighty Leap
    Infernal Scarring
    Titanic Growth
    Guardians of Meletis
    Returned Centaur
    Orbs of Warding
    Swamp

Pack 1 pick 9:
    Volcanic Rambler
    Mighty Leap
--> Bonded Construct
    Vine Snare
    Bone to Ash
    Orbs of Warding
    Plains

Pack 1 pick 10:
    Healing Hands
    Heavy Infantry
    Dreadwaters
    Kytheon's Tactics
--> Maritime Guard
    Island

Pack 1 pick 11:
    Infernal Scarring
    Healing Hands
--> Ringwarden Owl
    Mantle of Webs
    Forest

Pack 1 pick 12:
    Akroan Jailer
--> Maritime Guard
    Guardians of Meletis
    Island

Pack 1 pick 13:
--> Bellows Lizard
    Returned Centaur
    Swamp

Pack 1 pick 14:
--> Valor in Akros
    Forest

Pack 1 pick 15:
--> Island

------ ORI ------ 

Pack 2 pick 1:
    Chandra's Fury
    Charging Griffin
    Macabre Waltz
    Act of Treason
    Timberpack Wolf
    Stratus Walk
    Fiery Impulse
    Returned Centaur
    Wild Instincts
    Guardian Automaton
    Sigil of Valor
    Cruel Revival
--> Blessed Spirits
    Outland Colossus
    Swamp

Pack 2 pick 2:
    Volcanic Rambler
    Ampryn Tactician
    Fetid Imp
    Smash to Smithereens
    Might of the Masses
    Screeching Skaab
    Guardians of Meletis
    Mantle of Webs
    Stalwart Aven
    Gather the Pack
    Anointer of Champions
    Rogue's Passage
--> Alhammarret, High Arbiter
    Island

Pack 2 pick 3:
    Enshrouding Mist
    Mage-Ring Bully
    Grasp of the Hieromancer
    Hitchclaw Recluse
    Bone to Ash
--> Topan Freeblade
    Ringwarden Owl
    Boggart Brute
    Knight of the Pilgrim's Road
    Mage-Ring Network
    Malakir Cullblade
    Anchor to the Æther
    Plains

Pack 2 pick 4:
    Fetid Imp
    Smash to Smithereens
    Healing Hands
    Infernal Scarring
    Timberpack Wolf
    Bone to Ash
    Bellows Lizard
    Topan Freeblade
--> Swift Reckoning
    War Oracle
    Dark Petition
    Mountain

Pack 2 pick 5:
    Healing Hands
    Infernal Scarring
    Eyeblight Assassin
    Titanic Growth
    Send to Sleep
    Guardian Automaton
    Knight of the Pilgrim's Road
    Unholy Hunger
    Meteorite
--> Tower Geist
    Swamp

Pack 2 pick 6:
    Akroan Jailer
    Thornbow Archer
--> Enshrouding Mist
    Watercourser
    Returned Centaur
    Mantle of Webs
    Jayemdae Tome
    Sigiled Starfish
    Talent of the Telepath
    Forest

Pack 2 pick 7:
    Mighty Leap
    Macabre Waltz
--> Nivix Barrier
    Returned Centaur
    Mantle of Webs
    Valor in Akros
    Reclusive Artificer
    Shivan Reef
    Plains

Pack 2 pick 8:
    Cobblebrute
    Aven Battle Priest
    Nightsnare
    Caustic Caterpillar
--> Aspiring Aeronaut
    Deep-Sea Terror
    Alchemist's Vial
    Mountain

Pack 2 pick 9:
    Chandra's Fury
    Macabre Waltz
--> Stratus Walk
    Returned Centaur
    Guardian Automaton
    Sigil of Valor
    Swamp

Pack 2 pick 10:
    Volcanic Rambler
--> Ampryn Tactician
    Screeching Skaab
    Mantle of Webs
    Gather the Pack
    Island

Pack 2 pick 11:
--> Grasp of the Hieromancer
    Bone to Ash
    Ringwarden Owl
    Mage-Ring Network
    Plains

Pack 2 pick 12:
    Smash to Smithereens
--> Healing Hands
    Infernal Scarring
    Mountain

Pack 2 pick 13:
    Healing Hands
--> Send to Sleep
    Swamp

Pack 2 pick 14:
--> Returned Centaur
    Forest

Pack 2 pick 15:
--> Plains

------ ORI ------ 

Pack 3 pick 1:
    Healing Hands
    Deadbridge Shaman
    Smash to Smithereens
    Ampryn Tactician
    Orchard Spirit
    Send to Sleep
    Might of the Masses
    Watercourser
    Guardian Automaton
--> Claustrophobia
    Sphinx's Tutelage
    Foundry of the Consuls
    Somberwald Alpha
    Honored Hierarch
    Mountain

Pack 3 pick 2:
    Chandra's Fury
    Grasp of the Hieromancer
    Nightsnare
    Vastwood Gorger
    Disperse
    Wild Instincts
    Evolving Wilds
    Stalwart Aven
    Guardian Automaton
    Blazing Hellhound
    Shadows of the Past
    Skyraker Giant
--> Kytheon's Irregulars
    Swamp

Pack 3 pick 3:
    Akroan Jailer
    Dark Dabbling
    Chandra's Fury
    Charging Griffin
    Orchard Spirit
    Send to Sleep
    Ringwarden Owl
    Mantle of Webs
    Alchemist's Vial
    Tormented Thoughts
    Murder Investigation
--> Anchor to the Æther
    Mountain

Pack 3 pick 4:
    Subterranean Scout
    Auramancer
    Touch of Moonglove
    Act of Treason
    Aerial Volley
    Maritime Guard
    Stalwart Aven
    Guardian Automaton
    Fiery Impulse
    Knight of the Pilgrim's Road
--> Jhessian Thief
    Island

Pack 3 pick 5:
    Demolish
    Auramancer
    Weight of the Underworld
    Yeva's Forcemage
    Negate
    Pharika's Disciple
--> Disperse
    Prism Ring
    Gold-Forged Sentinel
    Battlefield Forge
    Forest

Pack 3 pick 6:
    Akroan Sergeant
    Yoked Ox
    Catacomb Slug
    Aerial Volley
    Bone to Ash
    Bellows Lizard
--> Stalwart Aven
    Returned Centaur
    Ringwarden Owl
    Forest

Pack 3 pick 7:
    Catacomb Slug
    Forest
    Negate
    Guardians of Meletis
    Mantle of Webs
    Elemental Bond
--> Thunderclap Wyvern
    Tainted Remedy
    Plains

Pack 3 pick 8:
    Dark Dabbling
    Infectious Bloodlust
    Healing Hands
--> Artificer's Epiphany
    Deep-Sea Terror
    Hydrolash
    Animist's Awakening
    Swamp

Pack 3 pick 9:
    Healing Hands
    Smash to Smithereens
    Ampryn Tactician
--> Send to Sleep
    Might of the Masses
    Watercourser
    Mountain

Pack 3 pick 10:
    Grasp of the Hieromancer
    Nightsnare
    Vastwood Gorger
--> Evolving Wilds
    Guardian Automaton
    Swamp

Pack 3 pick 11:
    Akroan Jailer
    Send to Sleep
--> Ringwarden Owl
    Murder Investigation
    Mountain

Pack 3 pick 12:
--> Auramancer
    Maritime Guard
    Guardian Automaton
    Island

Pack 3 pick 13:
    Demolish
--> Prism Ring
    Forest

Pack 3 pick 14:
--> Bellows Lizard
    Forest

Pack 3 pick 15:
--> Plains

