Event #: 8661392
Time:    27/08/2015 20:23:34
Players:
    kaliki
    Kaliskaya
    pigeon_of_doom
    patrouski
    jamboking79
    Tulo
    KEN711
--> Kafilatm

------ ORI ------ 

Pack 1 pick 1:
    Celestial Flare
    Thornbow Archer
    Volcanic Rambler
    Llanowar Empath
    Volcanic Rambler
    Firefiend Elemental
    Rabid Bloodsucker
    Scrapskin Drake
    Might of the Masses
    Watercourser
    Shadows of the Past
--> Sigiled Starfish
    Revenant
    Shivan Reef
    Island

Pack 1 pick 2:
    Deadbridge Shaman
    Cobblebrute
    Aven Battle Priest
    Nightsnare
--> Pharika's Disciple
    Screeching Skaab
    Knight of the Pilgrim's Road
    Nantuko Husk
    Deep-Sea Terror
    Wild Instincts
    Meteorite
    Angel's Tomb
    Valeron Wardens
    Plains

Pack 1 pick 3:
    Grasp of the Hieromancer
    Nightsnare
    Vine Snare
    Heavy Infantry
    Prickleboar
    Dreadwaters
    Rhox Maulers
    Nivix Barrier
    Orchard Spirit
    Necromantic Summons
    Turn to Frog
--> Alhammarret, High Arbiter
    Swamp

Pack 1 pick 4:
    Eyeblight Assassin
    Mage-Ring Bully
    Grasp of the Hieromancer
    Touch of Moonglove
    Watercourser
    Elvish Visionary
    Bellows Lizard
    Leaf Gilder
--> Topan Freeblade
    Ringwarden Owl
    Reclusive Artificer
    Mountain

Pack 1 pick 5:
    Volcanic Rambler
    Mighty Leap
    Infernal Scarring
    Mage-Ring Bully
    Deep-Sea Terror
--> Leaf Gilder
    Guardians of Meletis
    War Horn
    Revenant
    Animist's Awakening
    Swamp

Pack 1 pick 6:
    Healing Hands
    Smash to Smithereens
    Veteran's Sidearm
    Read the Bones
    Disperse
    Hitchclaw Recluse
--> Conclave Naturalists
    Consecrated by Blood
    Sigil of the Empty Throne
    Mountain

Pack 1 pick 7:
    Smash to Smithereens
    Healing Hands
    Kytheon's Tactics
    Evolving Wilds
    Faerie Miscreant
    Bone to Ash
--> Yeva's Forcemage
    Brawler's Plate
    Mountain

Pack 1 pick 8:
    Weight of the Underworld
    Charging Griffin
--> Bonded Construct
    Shambling Ghoul
    Artificer's Epiphany
    Caustic Caterpillar
    Tormented Thoughts
    Forest

Pack 1 pick 9:
    Thornbow Archer
    Volcanic Rambler
    Volcanic Rambler
    Rabid Bloodsucker
--> Scrapskin Drake
    Revenant
    Island

Pack 1 pick 10:
    Nightsnare
    Screeching Skaab
    Deep-Sea Terror
    Meteorite
--> Angel's Tomb
    Plains

Pack 1 pick 11:
    Nightsnare
    Vine Snare
    Dreadwaters
--> Nivix Barrier
    Swamp

Pack 1 pick 12:
    Touch of Moonglove
    Bellows Lizard
--> Ringwarden Owl
    Mountain

Pack 1 pick 13:
--> Deep-Sea Terror
    Guardians of Meletis
    Swamp

Pack 1 pick 14:
--> Veteran's Sidearm
    Mountain

Pack 1 pick 15:
--> Mountain

------ ORI ------ 

Pack 2 pick 1:
    Chandra's Fury
    Charging Griffin
    Llanowar Empath
    Kytheon's Tactics
    Ghirapur Gearcrafter
    Undead Servant
    Dreadwaters
    Nissa's Pilgrimage
    Screeching Skaab
    Titanic Growth
    Blood-Cursed Knight
    Clash of Wills
    Rogue's Passage
--> Evolutionary Leap
    Plains

Pack 2 pick 2:
    Akroan Jailer
    Thornbow Archer
    Cobblebrute
    Enshrouding Mist
    Stratus Walk
    Vastwood Gorger
    Mantle of Webs
    Boggart Brute
    Guardians of Meletis
    Unholy Hunger
    Murder Investigation
--> Valeron Wardens
    Sentinel of the Eternal Watch
    Mountain

Pack 2 pick 3:
    Act of Treason
    Mighty Leap
    Vine Snare
    Heavy Infantry
    Prickleboar
    Reave Soul
    Dreadwaters
--> Animist's Awakening
    Might of the Masses
    Necromantic Summons
    Foundry of the Consuls
    Nissa's Revelation
    Island

Pack 2 pick 4:
    Subterranean Scout
    Akroan Jailer
    Dark Dabbling
    Heavy Infantry
    Bonded Construct
    Prickleboar
    Nivix Barrier
    Might of the Masses
    Sigil of Valor
    Enthralling Victor
--> Herald of the Pantheon
    Forest

Pack 2 pick 5:
    Macabre Waltz
    Volcanic Rambler
    Ampryn Tactician
    Veteran's Sidearm
    Undead Servant
--> Scrapskin Drake
    Negate
    Aerial Volley
    Jayemdae Tome
    Caves of Koilos
    Swamp

Pack 2 pick 6:
    Smash to Smithereens
    Infernal Scarring
    Maritime Guard
--> Hitchclaw Recluse
    Nivix Barrier
    Guardians of Meletis
    Prism Ring
    Mage-Ring Network
    Malakir Cullblade
    Mountain

Pack 2 pick 7:
    Charging Griffin
    Catacomb Slug
--> Disperse
    Ringwarden Owl
    Mantle of Webs
    Boggart Brute
    Alchemist's Vial
    Ramroller
    Plains

Pack 2 pick 8:
    Macabre Waltz
    Thornbow Archer
    Send to Sleep
    Caustic Caterpillar
--> Aspiring Aeronaut
    Mage-Ring Network
    Fiery Conclusion
    Island

Pack 2 pick 9:
    Kytheon's Tactics
    Undead Servant
    Dreadwaters
    Nissa's Pilgrimage
    Screeching Skaab
--> Clash of Wills
    Plains

Pack 2 pick 10:
    Thornbow Archer
    Cobblebrute
    Stratus Walk
    Mantle of Webs
--> Guardians of Meletis
    Mountain

Pack 2 pick 11:
    Vine Snare
    Heavy Infantry
    Dreadwaters
--> Nissa's Revelation
    Island

Pack 2 pick 12:
    Dark Dabbling
    Heavy Infantry
--> Nivix Barrier
    Forest

Pack 2 pick 13:
    Macabre Waltz
--> Jayemdae Tome
    Swamp

Pack 2 pick 14:
--> Mage-Ring Network
    Mountain

Pack 2 pick 15:
--> Plains

------ ORI ------ 

Pack 3 pick 1:
    Akroan Sergeant
    Yoked Ox
    Catacomb Slug
    Demolish
    Maritime Guard
    Timberpack Wolf
    Fiery Impulse
    Returned Centaur
    Wild Instincts
    Guardian Automaton
    Sphinx's Tutelage
--> Whirler Rogue
    Eyeblight Massacre
    Orbs of Warding
    Plains

Pack 3 pick 2:
    Infectious Bloodlust
    Enshrouding Mist
--> Llanowar Empath
    Kytheon's Tactics
    Ghirapur Gearcrafter
    Undead Servant
    Dreadwaters
    Nissa's Pilgrimage
    Vastwood Gorger
    Artificer's Epiphany
    Sigil of Valor
    Blessed Spirits
    Hixus, Prison Warden
    Swamp

Pack 3 pick 3:
    Ampryn Tactician
--> Llanowar Empath
    Enlightened Ascetic
    Firefiend Elemental
    Rabid Bloodsucker
    Scrapskin Drake
    Reclaim
    Bone to Ash
    Aerial Volley
    Meteorite
    Blazing Hellhound
    Shaman of the Pack
    Forest

Pack 3 pick 4:
    Demolish
    Auramancer
    Weight of the Underworld
    Heavy Infantry
    Bonded Construct
    Faerie Miscreant
--> Elvish Visionary
    Stratus Walk
    Patron of the Valiant
    Ghirapur Æther Grid
    Gold-Forged Sentinel
    Island

Pack 3 pick 5:
    Auramancer
    Touch of Moonglove
    Act of Treason
    Mighty Leap
    Send to Sleep
    Yeva's Forcemage
--> Watercourser
    Orchard Spirit
    Fiery Conclusion
    Tainted Remedy
    Island

Pack 3 pick 6:
    Catacomb Slug
    Touch of Moonglove
    Aspiring Aeronaut
--> Disperse
    Mantle of Webs
    Prism Ring
    Ghirapur Æther Grid
    Jayemdae Tome
    Dark Petition
    Plains

Pack 3 pick 7:
    Macabre Waltz
    Act of Treason
--> Orchard Spirit
    Send to Sleep
    Alchemist's Vial
    Ringwarden Owl
    Zendikar's Roil
    Fleshbag Marauder
    Plains

Pack 3 pick 8:
    Aven Battle Priest
    Eyeblight Assassin
    Chandra's Fury
    Bonded Construct
    Stratus Walk
--> Titanic Growth
    Tormented Thoughts
    Island

Pack 3 pick 9:
    Yoked Ox
    Catacomb Slug
    Demolish
--> Maritime Guard
    Returned Centaur
    Guardian Automaton
    Plains

Pack 3 pick 10:
    Infectious Bloodlust
    Kytheon's Tactics
    Dreadwaters
    Nissa's Pilgrimage
--> Artificer's Epiphany
    Swamp

Pack 3 pick 11:
    Rabid Bloodsucker
    Reclaim
--> Bone to Ash
    Meteorite
    Forest

Pack 3 pick 12:
    Heavy Infantry
--> Stratus Walk
    Ghirapur Æther Grid
    Island

Pack 3 pick 13:
    Touch of Moonglove
--> Send to Sleep
    Island

Pack 3 pick 14:
--> Catacomb Slug
    Plains

Pack 3 pick 15:
--> Plains

