Event #: 8697502
Time:    31/08/2015 19:21:08
Players:
    THE_NARD
    OgreGib
    Rotzki
--> thefrizzyone
    Riceylak
    Lord_Death_Man
    npearson713
    howl_from_beyond

------ ORI ------ 

Pack 1 pick 1:
    Mighty Leap
    Infernal Scarring
    Mage-Ring Bully
    Prickleboar
--> Reave Soul
    Dreadwaters
    Gideon's Phalanx
    Kytheon's Tactics
    Vastwood Gorger
    Artificer's Epiphany
    Prism Ring
    Mage-Ring Network
    Gold-Forged Sentinel
    Avaricious Dragon
    Mountain

Pack 1 pick 2:
    Act of Treason
    Celestial Flare
    Thornbow Archer
    Volcanic Rambler
    Hitchclaw Recluse
    Negate
--> Fiery Impulse
    Knight of the Pilgrim's Road
    Nantuko Husk
    Deep-Sea Terror
    Zendikar Incarnate
    Ramroller
    Llanowar Wastes
    Swamp

Pack 1 pick 3:
    Akroan Sergeant
    Yoked Ox
    Bonded Construct
    Prickleboar
    Faerie Miscreant
    Llanowar Empath
    Kytheon's Tactics
    Caustic Caterpillar
    Aspiring Aeronaut
    Zendikar Incarnate
--> Undercity Troll
    Anchor to the Æther
    Swamp

Pack 1 pick 4:
    Mage-Ring Bully
    Grasp of the Hieromancer
    Touch of Moonglove
--> Subterranean Scout
    Might of the Masses
    Orchard Spirit
    Claustrophobia
    Guardians of Meletis
    Gather the Pack
    Zendikar's Roil
    Hallowed Moonlight
    Forest

Pack 1 pick 5:
    Cobblebrute
    Bonded Construct
--> Lightning Javelin
    Separatist Voidmage
    Vine Snare
    Heavy Infantry
    Kytheon's Tactics
    Screeching Skaab
    Consecrated by Blood
    Zendikar's Roil
    Swamp

Pack 1 pick 6:
    Dark Dabbling
    Chandra's Fury
    Charging Griffin
    Macabre Waltz
    Catacomb Slug
    Nivix Barrier
--> Nantuko Husk
    Bellows Lizard
    Yavimaya Coast
    Swamp

Pack 1 pick 7:
    Charging Griffin
    Macabre Waltz
    Bonded Construct
--> Shambling Ghoul
    Vine Snare
    Heavy Infantry
    Maritime Guard
    Reclusive Artificer
    Island

Pack 1 pick 8:
--> Smash to Smithereens
    Healing Hands
    Bonded Construct
    Faerie Miscreant
    Kytheon's Tactics
    Screeching Skaab
    Revenant
    Forest

Pack 1 pick 9:
    Dreadwaters
    Kytheon's Tactics
--> Vastwood Gorger
    Artificer's Epiphany
    Prism Ring
    Mage-Ring Network
    Mountain

Pack 1 pick 10:
--> Act of Treason
    Volcanic Rambler
    Hitchclaw Recluse
    Negate
    Deep-Sea Terror
    Swamp

Pack 1 pick 11:
    Yoked Ox
--> Prickleboar
    Faerie Miscreant
    Kytheon's Tactics
    Swamp

Pack 1 pick 12:
    Touch of Moonglove
    Zendikar's Roil
--> Hallowed Moonlight
    Forest

Pack 1 pick 13:
--> Kytheon's Tactics
    Screeching Skaab
    Swamp

Pack 1 pick 14:
--> Nivix Barrier
    Swamp

Pack 1 pick 15:
--> Island

------ ORI ------ 

Pack 2 pick 1:
    Yoked Ox
    Catacomb Slug
    Demolish
    Ghirapur Gearcrafter
    Rabid Bloodsucker
    Separatist Voidmage
    Reclaim
    Suppression Bonds
    Elvish Visionary
    Nivix Barrier
    Chief of the Foundry
--> Acolyte of the Inferno
    Blessed Spirits
    Sigil of the Empty Throne
    Island

Pack 2 pick 2:
    Smash to Smithereens
    Ampryn Tactician
    Thunderclap Wyvern
--> Akroan Sergeant
    Pharika's Disciple
    Watercourser
    Wild Instincts
    Evolving Wilds
    Stalwart Aven
    Guardian Automaton
    Meteorite
    Angel's Tomb
    Tower Geist
    Plains

Pack 2 pick 3:
    Touch of Moonglove
--> Act of Treason
    Mighty Leap
    Undead Servant
    Dreadwaters
    Nissa's Pilgrimage
    Suppression Bonds
    Timberpack Wolf
    Stratus Walk
    Psychic Rebuttal
    Sigiled Starfish
    Jhessian Thief
    Mountain

Pack 2 pick 4:
    Infernal Scarring
    Dragon Fodder
    Yoked Ox
--> Deadbridge Shaman
    Elvish Visionary
    Stratus Walk
    Returned Centaur
    Ringwarden Owl
    Mantle of Webs
    Tormented Thoughts
    Jace's Sanctum
    Plains

Pack 2 pick 5:
    Infernal Scarring
--> Mage-Ring Bully
    Healing Hands
    Artificer's Epiphany
    Might of the Masses
    Leaf Gilder
    Alchemist's Vial
    Bellows Lizard
    Hydrolash
    Gnarlroot Trapper
    Plains

Pack 2 pick 6:
    Aven Battle Priest
--> Eyeblight Assassin
    Veteran's Sidearm
    Firefiend Elemental
    Undead Servant
    Vine Snare
    Might of the Masses
    Screeching Skaab
    Goblin Piledriver
    Swamp

Pack 2 pick 7:
    Chandra's Fury
    Grasp of the Hieromancer
    Nightsnare
--> Dragon Fodder
    Titanic Growth
    Leaf Gilder
    Bellows Lizard
    Brawler's Plate
    Mountain

Pack 2 pick 8:
    Weight of the Underworld
    Infectious Bloodlust
--> Prickleboar
    Dreadwaters
    Kytheon's Tactics
    Caustic Caterpillar
    Magmatic Insight
    Forest

Pack 2 pick 9:
    Yoked Ox
    Catacomb Slug
    Demolish
--> Rabid Bloodsucker
    Reclaim
    Nivix Barrier
    Island

Pack 2 pick 10:
    Smash to Smithereens
    Pharika's Disciple
    Watercourser
    Meteorite
--> Angel's Tomb
    Plains

Pack 2 pick 11:
    Touch of Moonglove
--> Undead Servant
    Dreadwaters
    Nissa's Pilgrimage
    Mountain

Pack 2 pick 12:
--> Yoked Ox
    Mantle of Webs
    Tormented Thoughts
    Plains

Pack 2 pick 13:
    Might of the Masses
--> Bellows Lizard
    Plains

Pack 2 pick 14:
--> Vine Snare
    Swamp

Pack 2 pick 15:
--> Mountain

------ ORI ------ 

Pack 3 pick 1:
    Dragon Fodder
    Celestial Flare
    Dark Dabbling
    Infectious Bloodlust
    Negate
    Aerial Volley
--> Boggart Brute
    Guardians of Meletis
    Unholy Hunger
    Mantle of Webs
    Skysnare Spider
    Murder Investigation
    Somberwald Alpha
    Managorger Hydra
    Plains

Pack 3 pick 2:
    Healing Hands
    Infernal Scarring
    Dragon Fodder
    Kytheon's Tactics
    Evolving Wilds
--> Titan's Strength
    Read the Bones
    Faerie Miscreant
    Aspiring Aeronaut
    Titanic Growth
    Reclusive Artificer
    Bounding Krasis
    The Great Aurora
    Island

Pack 3 pick 3:
    Weight of the Underworld
    Infectious Bloodlust
    Enshrouding Mist
    Eyeblight Assassin
    Watercourser
    Aerial Volley
    Knight of the Pilgrim's Road
--> Nantuko Husk
    Deep-Sea Terror
    Cruel Revival
    Malakir Cullblade
    Infinite Obliteration
    Forest

Pack 3 pick 4:
    Chandra's Fury
    Grasp of the Hieromancer
    Nightsnare
--> Ghirapur Gearcrafter
    Undead Servant
    Dreadwaters
    Nissa's Pilgrimage
    Suppression Bonds
    Send to Sleep
    Chief of the Foundry
    Tower Geist
    Forest

Pack 3 pick 5:
    Dragon Fodder
    Celestial Flare
    Veteran's Sidearm
    Titan's Strength
    Read the Bones
    Calculated Dismissal
    Enlightened Ascetic
    Might of the Masses
    Watercourser
--> Blazing Hellhound
    Plains

Pack 3 pick 6:
    Enshrouding Mist
    Weight of the Underworld
--> Akroan Sergeant
    Charging Griffin
    Nivix Barrier
    Stalwart Aven
    Guardian Automaton
    Knight of the Pilgrim's Road
    Valor in Akros
    Swamp

Pack 3 pick 7:
    Nightsnare
    Rabid Bloodsucker
    Scrapskin Drake
    Reclaim
    Watercourser
    Orchard Spirit
--> Consecrated by Blood
    Blood-Cursed Knight
    Forest

Pack 3 pick 8:
    Infectious Bloodlust
    Eyeblight Assassin
    Disperse
    Guardians of Meletis
--> Nantuko Husk
    Gather the Pack
    Goblin Piledriver
    Plains

Pack 3 pick 9:
    Dark Dabbling
--> Infectious Bloodlust
    Negate
    Guardians of Meletis
    Mantle of Webs
    Murder Investigation
    Plains

Pack 3 pick 10:
    Healing Hands
--> Infernal Scarring
    Kytheon's Tactics
    Reclusive Artificer
    Bounding Krasis
    Island

Pack 3 pick 11:
    Weight of the Underworld
--> Eyeblight Assassin
    Deep-Sea Terror
    Malakir Cullblade
    Forest

Pack 3 pick 12:
--> Undead Servant
    Dreadwaters
    Nissa's Pilgrimage
    Forest

Pack 3 pick 13:
--> Dragon Fodder
    Enlightened Ascetic
    Plains

Pack 3 pick 14:
--> Nivix Barrier
    Swamp

Pack 3 pick 15:
--> Forest

