Event #: 8701465
Time:    2015-08-31 8:42:20 PM
Players:
    Anorak92
    aluminumpenguin
    Gamer9466
    Zeridas
    Gomer7321
--> Rennihe
    gooner132
    RoyalAssassin

------ ORI ------ 

Pack 1 pick 1:
    Infernal Scarring
    Mage-Ring Bully
    Rabid Bloodsucker
    Separatist Voidmage
    Reclaim
    Suppression Bonds
    Veteran's Sidearm
    Firefiend Elemental
    Timberpack Wolf
    Bone to Ash
    Blazing Hellhound
    Shadows of the Past
    Throwing Knife
--> Exquisite Firecraft
    Swamp

Pack 1 pick 2:
    Weight of the Underworld
--> Akroan Sergeant
    Charging Griffin
    Catacomb Slug
    Yeva's Forcemage
    Maritime Guard
    Claustrophobia
    Mantle of Webs
    Boggart Brute
    Guardians of Meletis
    Brawler's Plate
    Zendikar's Roil
    Animist's Awakening
    Plains

Pack 1 pick 3:
    Nightsnare
--> Dragon Fodder
    Vryn Wingmare
    Dark Dabbling
    Orchard Spirit
    Send to Sleep
    Ringwarden Owl
    Bellows Lizard
    Returned Centaur
    Citadel Castellan
    Skaab Goliath
    Revenant
    Swamp

Pack 1 pick 4:
    Volcanic Rambler
    Mighty Leap
    Infernal Scarring
--> Mage-Ring Bully
    Titanic Growth
    Nivix Barrier
    Ringwarden Owl
    Boggart Brute
    Knight of the Pilgrim's Road
    Nantuko Husk
    Valor in Akros
    Swamp

Pack 1 pick 5:
    Akroan Jailer
    Dark Dabbling
    Chandra's Fury
    Hitchclaw Recluse
    Bone to Ash
    Nantuko Husk
    Bellows Lizard
    Blood-Cursed Knight
--> Blessed Spirits
    Valeron Wardens
    Forest

Pack 1 pick 6:
--> Fetid Imp
    Yoked Ox
    Catacomb Slug
    Stratus Walk
    Vastwood Gorger
    Alchemist's Vial
    Sigil of Valor
    Psychic Rebuttal
    The Great Aurora
    Forest

Pack 1 pick 7:
    Chandra's Fury
--> Grasp of the Hieromancer
    Shambling Ghoul
    Calculated Dismissal
    Heavy Infantry
    Bonded Construct
    Prickleboar
    Titanic Growth
    Island

Pack 1 pick 8:
    Eyeblight Assassin
    Read the Bones
    Faerie Miscreant
--> Enlightened Ascetic
    Negate
    Hydrolash
    Sylvan Messenger
    Swamp

Pack 1 pick 9:
    Infernal Scarring
    Rabid Bloodsucker
    Reclaim
--> Firefiend Elemental
    Blazing Hellhound
    Shadows of the Past
    Swamp

Pack 1 pick 10:
    Catacomb Slug
    Maritime Guard
    Mantle of Webs
--> Guardians of Meletis
    Animist's Awakening
    Plains

Pack 1 pick 11:
    Nightsnare
--> Dark Dabbling
    Bellows Lizard
    Revenant
    Swamp

Pack 1 pick 12:
    Infernal Scarring
    Nivix Barrier
--> Valor in Akros
    Swamp

Pack 1 pick 13:
    Dark Dabbling
--> Bellows Lizard
    Forest

Pack 1 pick 14:
--> Yoked Ox
    Forest

Pack 1 pick 15:
--> Island

------ ORI ------ 

Pack 2 pick 1:
    Volcanic Rambler
    Mighty Leap
    Infernal Scarring
    Read the Bones
    Calculated Dismissal
    Llanowar Empath
    Enlightened Ascetic
    Firefiend Elemental
    Pharika's Disciple
    Watercourser
    Whirler Rogue
    Blightcaster
    Jayemdae Tome
--> Sword of the Animist
    Mountain

Pack 2 pick 2:
    Demolish
    Auramancer
    Weight of the Underworld
    Infectious Bloodlust
    Caustic Caterpillar
    Aspiring Aeronaut
    Unholy Hunger
    Deep-Sea Terror
    Wild Instincts
    Alchemist's Vial
    Elemental Bond
    War Horn
--> Rogue's Passage
    Island

Pack 2 pick 3:
    Grasp of the Hieromancer
    Totem-Guide Hartebeest
    Rabid Bloodsucker
    Separatist Voidmage
    Reclaim
--> Suppression Bonds
    Veteran's Sidearm
    Firefiend Elemental
    Pharika's Disciple
    Disperse
    Consecrated by Blood
    Gnarlroot Trapper
    Mountain

Pack 2 pick 4:
    Fetid Imp
    Undead Servant
    Dreadwaters
    Nissa's Pilgrimage
    Nissa's Pilgrimage
--> Titan's Strength
    Elvish Visionary
    Artificer's Epiphany
    Prism Ring
    Ghirapur Æther Grid
    Jhessian Thief
    Forest

Pack 2 pick 5:
    Macabre Waltz
    Volcanic Rambler
    Ampryn Tactician
    Fetid Imp
    Stratus Walk
    Unholy Hunger
    Mantle of Webs
    Guardian Automaton
    Shaman of the Pack
--> Gideon's Phalanx
    Mountain

Pack 2 pick 6:
    Infectious Bloodlust
    Akroan Jailer
    Thornbow Archer
    Faerie Miscreant
    Kytheon's Tactics
    Might of the Masses
    Watercourser
    Gather the Pack
--> Goblin Piledriver
    Mountain

Pack 2 pick 7:
    Auramancer
    Weight of the Underworld
    Infectious Bloodlust
    Negate
    Aerial Volley
    Maritime Guard
--> Iroas's Champion
    Brawler's Plate
    Forest

Pack 2 pick 8:
    Deadbridge Shaman
    Smash to Smithereens
    Fetid Imp
    Returned Centaur
    Guardian Automaton
    Consecrated by Blood
--> Goblin Glory Chaser
    Island

Pack 2 pick 9:
--> Volcanic Rambler
    Infernal Scarring
    Enlightened Ascetic
    Watercourser
    Blightcaster
    Jayemdae Tome
    Mountain

Pack 2 pick 10:
--> Demolish
    Infectious Bloodlust
    Deep-Sea Terror
    Alchemist's Vial
    Elemental Bond
    Island

Pack 2 pick 11:
    Rabid Bloodsucker
    Reclaim
--> Veteran's Sidearm
    Consecrated by Blood
    Mountain

Pack 2 pick 12:
    Dreadwaters
--> Nissa's Pilgrimage
    Prism Ring
    Forest

Pack 2 pick 13:
--> Macabre Waltz
    Mantle of Webs
    Mountain

Pack 2 pick 14:
--> Infectious Bloodlust
    Mountain

Pack 2 pick 15:
--> Forest

------ ORI ------ 

Pack 3 pick 1:
    Macabre Waltz
    Act of Treason
    Celestial Flare
    Thornbow Archer
    Stratus Walk
    Vastwood Gorger
    Deep-Sea Terror
    Leaf Gilder
    Guardians of Meletis
    Fiery Impulse
    Call of the Full Moon
    Undercity Troll
    Sentinel of the Eternal Watch
--> Nissa, Vastwood Seer
    Mountain

Pack 3 pick 2:
    Auramancer
    Touch of Moonglove
    Act of Treason
    Mighty Leap
    Aspiring Aeronaut
    Elvish Visionary
--> Fiery Impulse
    Knight of the Pilgrim's Road
    Unholy Hunger
    Deep-Sea Terror
    Prism Ring
    Turn to Frog
    Erebos's Titan
    Mountain

Pack 3 pick 3:
--> Mage-Ring Bully
    Healing Hands
    Rabid Bloodsucker
    Scrapskin Drake
    Reclaim
    Bonded Construct
    Lightning Javelin
    Elvish Visionary
    Nivix Barrier
    Tormented Thoughts
    Malakir Cullblade
    Helm of the Gods
    Forest

Pack 3 pick 4:
    Macabre Waltz
    Act of Treason
--> Celestial Flare
    Thornbow Archer
    Timberpack Wolf
    Stratus Walk
    Evolving Wilds
    Guardian Automaton
    Sphinx's Tutelage
    Fiery Conclusion
    Skyraker Giant
    Swamp

Pack 3 pick 5:
    Demolish
    Aven Battle Priest
    Rabid Bloodsucker
    Reclaim
    Veteran's Sidearm
--> Firefiend Elemental
    Watercourser
    Aerial Volley
    Magmatic Insight
    Honored Hierarch
    Mountain

Pack 3 pick 6:
    Deadbridge Shaman
--> Cobblebrute
    Aven Battle Priest
    Nightsnare
    Titanic Growth
    Orchard Spirit
    Send to Sleep
    Guardians of Meletis
    Mage-Ring Network
    Island

Pack 3 pick 7:
    Macabre Waltz
    Volcanic Rambler
--> Ampryn Tactician
    Vine Snare
    Might of the Masses
    Mage-Ring Network
    Enthralling Victor
    Displacement Wave
    Forest

Pack 3 pick 8:
    Macabre Waltz
--> Volcanic Rambler
    Read the Bones
    Nissa's Pilgrimage
    Enlightened Ascetic
    Stratus Walk
    Sylvan Messenger
    Mountain

Pack 3 pick 9:
    Macabre Waltz
    Thornbow Archer
    Vastwood Gorger
    Deep-Sea Terror
    Guardians of Meletis
--> Call of the Full Moon
    Mountain

Pack 3 pick 10:
    Auramancer
    Touch of Moonglove
--> Mighty Leap
    Deep-Sea Terror
    Prism Ring
    Mountain

Pack 3 pick 11:
    Healing Hands
    Reclaim
    Tormented Thoughts
--> Helm of the Gods
    Forest

Pack 3 pick 12:
    Thornbow Archer
    Stratus Walk
--> Guardian Automaton
    Swamp

Pack 3 pick 13:
--> Demolish
    Reclaim
    Mountain

Pack 3 pick 14:
--> Mage-Ring Network
    Island

Pack 3 pick 15:
--> Forest

