Event #: 8715338
Time:    9/2/2015 4:16:19 PM
Players:
    russian magic
    Wyern
    Pulcinho
    Svansus
    bo11301
    sharkhunt3r
--> osufanatic64
    Ritsu

------ ORI ------ 

Pack 1 pick 1:
--> Subterranean Scout
    Akroan Jailer
    Dreadwaters
    Rhox Maulers
    Kytheon's Tactics
    Evolving Wilds
    Titan's Strength
    Read the Bones
    Screeching Skaab
    Vastwood Gorger
    Cruel Revival
    Valeron Wardens
    Undercity Troll
    Dark Petition
    Forest

Pack 1 pick 2:
    Dragon Fodder
--> Celestial Flare
    Scrapskin Drake
    Reclaim
    Cleric of the Forward Order
    Bonded Construct
    Lightning Javelin
    Shambling Ghoul
    Screeching Skaab
    Vastwood Gorger
    Sigil of Valor
    Anchor to the Æther
    Herald of the Pantheon
    Forest

Pack 1 pick 3:
--> Charging Griffin
    Catacomb Slug
    Calculated Dismissal
    Llanowar Empath
    Enlightened Ascetic
    Firefiend Elemental
    Rabid Bloodsucker
    Send to Sleep
    Might of the Masses
    Clash of Wills
    Anchor to the Æther
    Battlefield Forge
    Island

Pack 1 pick 4:
    Chandra's Fury
--> Grasp of the Hieromancer
    Nightsnare
    Calculated Dismissal
    Enlightened Ascetic
    Firefiend Elemental
    Rabid Bloodsucker
    Artificer's Epiphany
    Might of the Masses
    Psychic Rebuttal
    Zendikar's Roil
    Mountain

Pack 1 pick 5:
    Dark Dabbling
    Chandra's Fury
--> Charging Griffin
    Macabre Waltz
    Disperse
    Caustic Caterpillar
    Guardians of Meletis
    Returned Centaur
    Sigil of Valor
    Psychic Rebuttal
    Plains

Pack 1 pick 6:
    Cobblebrute
    Dreadwaters
    Kytheon's Tactics
    Evolving Wilds
    Titan's Strength
    Stratus Walk
--> Pharika's Disciple
    Murder Investigation
    Honored Hierarch
    Island

Pack 1 pick 7:
    Eyeblight Assassin
    Reclaim
--> Firefiend Elemental
    Undead Servant
    Screeching Skaab
    Titanic Growth
    Jayemdae Tome
    Willbreaker
    Forest

Pack 1 pick 8:
    Aven Battle Priest
    Calculated Dismissal
    Heavy Infantry
--> Bonded Construct
    Screeching Skaab
    Gather the Pack
    Reclusive Artificer
    Island

Pack 1 pick 9:
    Akroan Jailer
    Dreadwaters
    Kytheon's Tactics
--> Read the Bones
    Screeching Skaab
    Vastwood Gorger
    Forest

Pack 1 pick 10:
    Scrapskin Drake
    Bonded Construct
    Screeching Skaab
    Vastwood Gorger
--> Sigil of Valor
    Forest

Pack 1 pick 11:
    Catacomb Slug
    Rabid Bloodsucker
    Send to Sleep
--> Might of the Masses
    Island

Pack 1 pick 12:
    Nightsnare
    Enlightened Ascetic
--> Rabid Bloodsucker
    Mountain

Pack 1 pick 13:
    Returned Centaur
--> Psychic Rebuttal
    Plains

Pack 1 pick 14:
--> Dreadwaters
    Island

Pack 1 pick 15:
--> Forest

------ ORI ------ 

Pack 2 pick 1:
    Celestial Flare
    Thornbow Archer
    Volcanic Rambler
    Mighty Leap
    Disperse
    Hitchclaw Recluse
    Mantle of Webs
    Boggart Brute
    Guardians of Meletis
    Unholy Hunger
    Joraga Invocation
    Thunderclap Wyvern
    War Oracle
--> Dwynen, Gilt-Leaf Daen
    Mountain

Pack 2 pick 2:
    Ampryn Tactician
    Fetid Imp
    Akroan Sergeant
    Yoked Ox
    Stratus Walk
    Titanic Growth
    Nivix Barrier
    Orchard Spirit
    Mantle of Webs
    Stalwart Aven
    Call of the Full Moon
    Goblin Glory Chaser
--> Somberwald Alpha
    Island

Pack 2 pick 3:
    Macabre Waltz
    Act of Treason
    Calculated Dismissal
    Rhox Maulers
    Heavy Infantry
    Bonded Construct
    Prickleboar
    Negate
    Pharika's Disciple
    Gather the Pack
    Sigiled Starfish
--> Undercity Troll
    Swamp

Pack 2 pick 4:
    Infernal Scarring
    Mage-Ring Bully
    Healing Hands
    Faerie Miscreant
--> Llanowar Empath
    Kytheon's Tactics
    Ghirapur Gearcrafter
    Undead Servant
    Aerial Volley
    Magmatic Insight
    Revenant
    Forest

Pack 2 pick 5:
    Dark Dabbling
    Chandra's Fury
    Charging Griffin
    Scrapskin Drake
    Vine Snare
    Turn to Frog
    Shambling Ghoul
    Yeva's Forcemage
    Necromantic Summons
--> Nissa's Revelation
    Island

Pack 2 pick 6:
    Dark Dabbling
    Infectious Bloodlust
    Faerie Miscreant
    Llanowar Empath
    Kytheon's Tactics
    Undead Servant
    Artificer's Epiphany
    Caustic Caterpillar
--> Rogue's Passage
    Mountain

Pack 2 pick 7:
    Akroan Jailer
--> Thornbow Archer
    Dreadwaters
    Veteran's Sidearm
    Titan's Strength
    Titanic Growth
    Gold-Forged Sentinel
    Fleshbag Marauder
    Forest

Pack 2 pick 8:
    Cobblebrute
    Enshrouding Mist
    Disperse
    Guardians of Meletis
    Guardian Automaton
--> Shaman of the Pack
    Malakir Cullblade
    Plains

Pack 2 pick 9:
    Celestial Flare
    Volcanic Rambler
    Mighty Leap
    Disperse
    Mantle of Webs
--> Guardians of Meletis
    Mountain

Pack 2 pick 10:
    Yoked Ox
    Stratus Walk
--> Mantle of Webs
    Call of the Full Moon
    Goblin Glory Chaser
    Island

Pack 2 pick 11:
    Act of Treason
    Calculated Dismissal
    Heavy Infantry
--> Gather the Pack
    Swamp

Pack 2 pick 12:
--> Infernal Scarring
    Kytheon's Tactics
    Revenant
    Forest

Pack 2 pick 13:
    Dark Dabbling
--> Vine Snare
    Island

Pack 2 pick 14:
--> Infectious Bloodlust
    Mountain

Pack 2 pick 15:
--> Forest

------ ORI ------ 

Pack 3 pick 1:
--> Weight of the Underworld
    Infectious Bloodlust
    Enshrouding Mist
    Faerie Miscreant
    Nissa's Pilgrimage
    Enlightened Ascetic
    Ghirapur Gearcrafter
    Rabid Bloodsucker
    Nivix Barrier
    Might of the Masses
    Valor in Akros
    Anointer of Champions
    Skyraker Giant
    Kytheon's Irregulars
    Mountain

Pack 3 pick 2:
    Healing Hands
    Infernal Scarring
    Dragon Fodder
    Yoked Ox
    Negate
    Vastwood Gorger
    Artificer's Epiphany
--> Timberpack Wolf
    Evolving Wilds
    Consecrated by Blood
    Blood-Cursed Knight
    Enthralling Victor
    Despoiler of Souls
    Plains

Pack 3 pick 3:
    Smash to Smithereens
--> Fetid Imp
    Akroan Sergeant
    Maritime Guard
    Hitchclaw Recluse
    Nivix Barrier
    Timberpack Wolf
    Returned Centaur
    Ringwarden Owl
    Brawler's Plate
    Sphinx's Tutelage
    Molten Vortex
    Forest

Pack 3 pick 4:
    Act of Treason
    Mighty Leap
    Macabre Waltz
    Volcanic Rambler
    Bone to Ash
    Yeva's Forcemage
    Acolyte of the Inferno
    Deep-Sea Terror
    Elemental Bond
    War Horn
--> Gaea's Revenge
    Mountain

Pack 3 pick 5:
    Volcanic Rambler
    Mighty Leap
    Separatist Voidmage
    Reclaim
    Veteran's Sidearm
    Firefiend Elemental
    Watercourser
    Orchard Spirit
--> Conclave Naturalists
    Anointer of Champions
    Swamp

Pack 3 pick 6:
    Yoked Ox
    Catacomb Slug
    Demolish
    Scrapskin Drake
    Vine Snare
    Shambling Ghoul
    Bone to Ash
--> Pharika's Disciple
    Possessed Skaab
    Plains

Pack 3 pick 7:
    Aven Battle Priest
    Nightsnare
    Demolish
    Auramancer
    Watercourser
--> Ringwarden Owl
    Tormented Thoughts
    Mizzium Meddler
    Swamp

Pack 3 pick 8:
    Catacomb Slug
    Demolish
    Aven Battle Priest
    Aspiring Aeronaut
    Guardian Automaton
--> Sylvan Messenger
    Possessed Skaab
    Swamp

Pack 3 pick 9:
    Faerie Miscreant
    Nissa's Pilgrimage
    Enlightened Ascetic
    Rabid Bloodsucker
--> Might of the Masses
    Valor in Akros
    Mountain

Pack 3 pick 10:
    Healing Hands
    Infernal Scarring
    Negate
--> Vastwood Gorger
    Artificer's Epiphany
    Plains

Pack 3 pick 11:
    Smash to Smithereens
    Maritime Guard
    Nivix Barrier
--> Ringwarden Owl
    Brawler's Plate

Pack 3 pick 12:
    Volcanic Rambler
    Deep-Sea Terror
--> Elemental Bond
    Mountain

Pack 3 pick 13:
--> Volcanic Rambler
    Watercourser
    Swamp

Pack 3 pick 14:
--> Yoked Ox
    Plains

Pack 3 pick 15:
--> Swamp

