Event #: 8723606
Time:    03/09/2015 20:36:24
Players:
    Firehair
    Astral III
    Cadaverdog
    Lesale
    Jimmathy
--> thefrizzyone
    majg1989
    mindvsleg

------ ORI ------ 

Pack 1 pick 1:
    Demolish
    Auramancer
    Weight of the Underworld
    Infectious Bloodlust
    Stratus Walk
    Pharika's Disciple
    Guardian Automaton
--> Fiery Impulse
    Knight of the Pilgrim's Road
    Unholy Hunger
    Tormented Thoughts
    Tower Geist
    Gold-Forged Sentinel
    Relic Seeker
    Plains

Pack 1 pick 2:
    Charging Griffin
    Catacomb Slug
    Subterranean Scout
    Smash to Smithereens
    Watercourser
    Aerial Volley
    Knight of the Pilgrim's Road
    Nantuko Husk
    Deep-Sea Terror
--> Wild Instincts
    Clash of Wills
    Conclave Naturalists
    Animist's Awakening
    Plains

Pack 1 pick 3:
    Auramancer
    Touch of Moonglove
    Act of Treason
    Mighty Leap
    Maritime Guard
    Timberpack Wolf
--> Topan Freeblade
    Returned Centaur
    Claustrophobia
    Mantle of Webs
    Prism Ring
    Mage-Ring Network
    Mountain

Pack 1 pick 4:
    Thornbow Archer
    Volcanic Rambler
    Mighty Leap
    Infernal Scarring
    Artificer's Epiphany
    Timberpack Wolf
    Boggart Brute
--> Suppression Bonds
    Topan Freeblade
    Sphinx's Tutelage
    Graveblade Marauder
    Forest

Pack 1 pick 5:
    Enshrouding Mist
    Weight of the Underworld
    Akroan Sergeant
    Charging Griffin
    Aerial Volley
    Maritime Guard
    Nantuko Husk
    Bellows Lizard
--> Leaf Gilder
    Brawler's Plate
    Swamp

Pack 1 pick 6:
    Ampryn Tactician
    Akroan Sergeant
    Yoked Ox
--> Elvish Visionary
    Artificer's Epiphany
    Guardian Automaton
    Gnarlroot Trapper
    Fleshbag Marauder
    Hallowed Moonlight
    Island

Pack 1 pick 7:
    Mighty Leap
    Mage-Ring Bully
    Vine Snare
    Heavy Infantry
--> Prickleboar
    Dreadwaters
    Nivix Barrier
    Swamp
    Mountain

Pack 1 pick 8:
    Act of Treason
    Celestial Flare
    Thornbow Archer
    Volcanic Rambler
--> Hitchclaw Recluse
    Hitchclaw Recluse
    Brawler's Plate
    Swamp

Pack 1 pick 9:
    Demolish
--> Auramancer
    Infectious Bloodlust
    Stratus Walk
    Guardian Automaton
    Tormented Thoughts
    Plains

Pack 1 pick 10:
    Catacomb Slug
--> Subterranean Scout
    Watercourser
    Deep-Sea Terror
    Animist's Awakening
    Plains

Pack 1 pick 11:
    Touch of Moonglove
--> Mantle of Webs
    Prism Ring
    Mage-Ring Network
    Mountain

Pack 1 pick 12:
    Volcanic Rambler
--> Infernal Scarring
    Artificer's Epiphany
    Forest

Pack 1 pick 13:
--> Aerial Volley
    Bellows Lizard
    Swamp

Pack 1 pick 14:
--> Hallowed Moonlight
    Island

Pack 1 pick 15:
--> Mountain

------ ORI ------ 

Pack 2 pick 1:
    Chandra's Fury
    Charging Griffin
    Macabre Waltz
    Cleric of the Forward Order
    Bonded Construct
    Lightning Javelin
    Shambling Ghoul
    Separatist Voidmage
    Negate
    Aerial Volley
    Iroas's Champion
    Gnarlroot Trapper
    Thunderclap Wyvern
--> Pia and Kiran Nalaar
    Island

Pack 2 pick 2:
    Volcanic Rambler
    Ampryn Tactician
    Fetid Imp
    Smash to Smithereens
    Maritime Guard
    Hitchclaw Recluse
    Alchemist's Vial
    Ringwarden Owl
    Bellows Lizard
    Topan Freeblade
    War Horn
    Joraga Invocation
--> Knightly Valor
    Swamp

Pack 2 pick 3:
    Fetid Imp
    Akroan Sergeant
    Yoked Ox
    Catacomb Slug
    Screeching Skaab
    Elvish Visionary
    Guardians of Meletis
    Returned Centaur
    Artificer's Epiphany
    Elemental Bond
--> Skysnare Spider
    Valeron Wardens
    Plains

Pack 2 pick 4:
    Nightsnare
    Dark Dabbling
    Aspiring Aeronaut
    Yeva's Forcemage
--> Wild Instincts
    Evolving Wilds
    Guardian Automaton
    Runed Servitor
    Blightcaster
    Jayemdae Tome
    Infinite Obliteration
    Forest

Pack 2 pick 5:
    Deadbridge Shaman
    Cobblebrute
    Aven Battle Priest
    Nightsnare
    Artificer's Epiphany
    Guardians of Meletis
    Mantle of Webs
    Blood-Cursed Knight
    Possessed Skaab
--> Rogue's Passage
    Forest

Pack 2 pick 6:
    Charging Griffin
    Catacomb Slug
    Enlightened Ascetic
    Faerie Miscreant
    Llanowar Empath
    Kytheon's Tactics
    Bone to Ash
    Aerial Volley
--> Zendikar Incarnate
    Swamp

Pack 2 pick 7:
    Smash to Smithereens
--> Akroan Sergeant
    Disperse
    Hitchclaw Recluse
    Claustrophobia
    Bellows Lizard
    Returned Centaur
    Ghirapur Æther Grid
    Plains

Pack 2 pick 8:
    Touch of Moonglove
    Dark Dabbling
    Watercourser
    Orchard Spirit
    Alchemist's Vial
    Bellows Lizard
--> Totem-Guide Hartebeest
    Plains

Pack 2 pick 9:
--> Chandra's Fury
    Macabre Waltz
    Separatist Voidmage
    Negate
    Aerial Volley
    Gnarlroot Trapper
    Island

Pack 2 pick 10:
    Volcanic Rambler
    Maritime Guard
--> Alchemist's Vial
    Bellows Lizard
    War Horn
    Swamp

Pack 2 pick 11:
    Catacomb Slug
--> Guardians of Meletis
    Artificer's Epiphany
    Elemental Bond
    Plains

Pack 2 pick 12:
    Nightsnare
    Dark Dabbling
--> Jayemdae Tome
    Forest

Pack 2 pick 13:
--> Guardians of Meletis
    Mantle of Webs
    Forest

Pack 2 pick 14:
--> Bone to Ash
    Swamp

Pack 2 pick 15:
--> Plains

------ ORI ------ 

Pack 3 pick 1:
    Eyeblight Assassin
    Mage-Ring Bully
    Grasp of the Hieromancer
    Enlightened Ascetic
    Firefiend Elemental
    Rabid Bloodsucker
    Scrapskin Drake
    Reclaim
    Send to Sleep
--> Yeva's Forcemage
    Sylvan Messenger
    War Oracle
    Turn to Frog
    Starfield of Nyx
    Forest

Pack 3 pick 2:
    Chandra's Fury
    Charging Griffin
    Macabre Waltz
    Act of Treason
    Screeching Skaab
    Titanic Growth
    Send to Sleep
    Caustic Caterpillar
    Boggart Brute
    Knight of the Pilgrim's Road
    Runed Servitor
    Fleshbag Marauder
--> Exquisite Firecraft
    Swamp

Pack 3 pick 3:
    Grasp of the Hieromancer
    Nightsnare
    Dragon Fodder
    Celestial Flare
    Artificer's Epiphany
    Caustic Caterpillar
    Aspiring Aeronaut
    Titanic Growth
    Returned Centaur
    Ringwarden Owl
    Goblin Glory Chaser
--> Undercity Troll
    Swamp

Pack 3 pick 4:
    Aven Battle Priest
    Nightsnare
    Veteran's Sidearm
    Titan's Strength
    Read the Bones
    Calculated Dismissal
--> Llanowar Empath
    Screeching Skaab
    Vastwood Gorger
    Sigil of Valor
    Sigiled Starfish
    Swamp

Pack 3 pick 5:
    Yoked Ox
    Catacomb Slug
    Demolish
    Aven Battle Priest
    Screeching Skaab
    Titanic Growth
--> Fiery Impulse
    Deep-Sea Terror
    Hydrolash
    Thopter Engineer
    Swamp

Pack 3 pick 6:
    Mage-Ring Bully
    Watercourser
--> Elvish Visionary
    Deep-Sea Terror
    Wild Instincts
    Alchemist's Vial
    Nantuko Husk
    Murder Investigation
    Evolutionary Leap
    Plains

Pack 3 pick 7:
    Infectious Bloodlust
    Akroan Jailer
    Calculated Dismissal
    Heavy Infantry
--> Pharika's Disciple
    Murder Investigation
    Skyraker Giant
    Tainted Remedy
    Plains

Pack 3 pick 8:
    Yoked Ox
    Cobblebrute
    Artificer's Epiphany
    Might of the Masses
    Guardian Automaton
    Ghirapur Æther Grid
--> Zendikar's Roil
    Island

Pack 3 pick 9:
--> Mage-Ring Bully
    Enlightened Ascetic
    Rabid Bloodsucker
    Scrapskin Drake
    Reclaim
    Send to Sleep
    Forest

Pack 3 pick 10:
    Chandra's Fury
    Macabre Waltz
    Screeching Skaab
    Send to Sleep
--> Caustic Caterpillar
    Swamp

Pack 3 pick 11:
    Nightsnare
    Artificer's Epiphany
    Returned Centaur
--> Ringwarden Owl
    Swamp

Pack 3 pick 12:
    Aven Battle Priest
--> Nightsnare
    Screeching Skaab
    Swamp

Pack 3 pick 13:
    Catacomb Slug
--> Demolish
    Swamp

Pack 3 pick 14:
--> Deep-Sea Terror
    Plains

Pack 3 pick 15:
--> Plains

