Event #: 8724073
Time:    9/3/2015 3:34:59 PM
Players:
    Gravitylord
    Perivale
    way2tall
    DonnieFerro
    irish_wrist_watch
    xartet
--> scottm1212
    Aharonk

------ ORI ------ 

Pack 1 pick 1:
    Healing Hands
    Infernal Scarring
    Dragon Fodder
    Yoked Ox
    Aspiring Aeronaut
    Yeva's Forcemage
    Wild Instincts
    Evolving Wilds
    Stalwart Aven
    Guardian Automaton
    Brawler's Plate
--> Cruel Revival
    Malakir Cullblade
    Battlefield Forge
    Swamp

Pack 1 pick 2:
    Mountain
    Enshrouding Mist
--> Shambling Ghoul
    Calculated Dismissal
    Rhox Maulers
    Heavy Infantry
    Bonded Construct
    Prickleboar
    Negate
    Aerial Volley
    Meteorite
    Angel's Tomb
    Blightcaster
    Forest

Pack 1 pick 3:
    Eyeblight Assassin
    Mage-Ring Bully
    Grasp of the Hieromancer
    Touch of Moonglove
    Maritime Guard
    Hitchclaw Recluse
    Nantuko Husk
    Deep-Sea Terror
--> Leaf Gilder
    Guardians of Meletis
    Call of the Full Moon
    Reclusive Artificer
    Plains

Pack 1 pick 4:
    Volcanic Rambler
    Mighty Leap
    Infernal Scarring
    Mage-Ring Bully
    Stratus Walk
--> Vastwood Gorger
    Artificer's Epiphany
    Caustic Caterpillar
    Bellows Lizard
    Magmatic Insight
    Thunderclap Wyvern
    Forest

Pack 1 pick 5:
    Auramancer
    Touch of Moonglove
    Act of Treason
    Undead Servant
    Scrapskin Drake
    Vine Snare
    Watercourser
--> Elvish Visionary
    Ghirapur Æther Grid
    Yavimaya Coast
    Forest

Pack 1 pick 6:
    Akroan Jailer
    Thornbow Archer
    Cobblebrute
    Enshrouding Mist
    Bone to Ash
    Aerial Volley
    Guardian Automaton
    Shadows of the Past
--> Undercity Troll
    Plains

Pack 1 pick 7:
    Thornbow Archer
    Volcanic Rambler
    Mighty Leap
    Artificer's Epiphany
    Stratus Walk
--> Pharika's Disciple
    Bellows Lizard
    Hydrolash
    Swamp

Pack 1 pick 8:
    Dark Dabbling
    Rabid Bloodsucker
    Scrapskin Drake
    Reclaim
    Cleric of the Forward Order
    Bonded Construct
--> Hitchclaw Recluse
    Forest

Pack 1 pick 9:
    Healing Hands
    Infernal Scarring
    Yoked Ox
--> Yeva's Forcemage
    Guardian Automaton
    Brawler's Plate
    Swamp

Pack 1 pick 10:
    Mountain
    Prickleboar
    Negate
--> Aerial Volley
    Meteorite
    Forest

Pack 1 pick 11:
--> Grasp of the Hieromancer
    Touch of Moonglove
    Deep-Sea Terror
    Call of the Full Moon
    Plains

Pack 1 pick 12:
    Volcanic Rambler
    Infernal Scarring
--> Caustic Caterpillar
    Forest

Pack 1 pick 13:
    Touch of Moonglove
--> Vine Snare
    Forest

Pack 1 pick 14:
--> Aerial Volley
    Plains

Pack 1 pick 15:
--> Swamp

------ ORI ------ 

Pack 2 pick 1:
    Ampryn Tactician
    Fetid Imp
    Akroan Sergeant
    Yoked Ox
    Negate
    Pharika's Disciple
--> Unholy Hunger
    Topan Freeblade
    Claustrophobia
    Guardians of Meletis
    Iroas's Champion
    Brawler's Plate
    Somberwald Alpha
    Scab-Clan Berserker
    Swamp

Pack 2 pick 2:
    Aven Battle Priest
    Eyeblight Assassin
    Chandra's Fury
    Grasp of the Hieromancer
    Aspiring Aeronaut
    Yeva's Forcemage
    Guardians of Meletis
--> Unholy Hunger
    Mantle of Webs
    Stalwart Aven
    Chief of the Foundry
    Totem-Guide Hartebeest
    Jayemdae Tome
    Swamp

Pack 2 pick 3:
    Yoked Ox
    Catacomb Slug
    Demolish
    Send to Sleep
    Might of the Masses
    Stalwart Aven
    Returned Centaur
    Ringwarden Owl
    Mantle of Webs
    Consecrated by Blood
    Blood-Cursed Knight
--> Sentinel of the Eternal Watch
    Swamp

Pack 2 pick 4:
    Macabre Waltz
    Volcanic Rambler
    Ampryn Tactician
    Fetid Imp
    Artificer's Epiphany
    Might of the Masses
    Nantuko Husk
    Bellows Lizard
    Leaf Gilder
    Valor in Akros
--> Somberwald Alpha
    Forest

Pack 2 pick 5:
    Ampryn Tactician
    Rabid Bloodsucker
    Scrapskin Drake
    Cleric of the Forward Order
    Bonded Construct
    Lightning Javelin
    Disperse
--> Orchard Spirit
    Hydrolash
    Sylvan Messenger
    Island

Pack 2 pick 6:
    Dragon Fodder
    Celestial Flare
    Calculated Dismissal
--> Llanowar Empath
    Enlightened Ascetic
    Negate
    Pharika's Disciple
    Prism Ring
    Patron of the Valiant
    Mountain

Pack 2 pick 7:
    Infernal Scarring
    Calculated Dismissal
    Heavy Infantry
    Bonded Construct
    Prickleboar
--> Elvish Visionary
    Citadel Castellan
    Blood-Cursed Knight
    Mountain

Pack 2 pick 8:
    Celestial Flare
    Dark Dabbling
    Infectious Bloodlust
    Vine Snare
    Bone to Ash
--> Necromantic Summons
    Jayemdae Tome
    Island

Pack 2 pick 9:
    Ampryn Tactician
    Yoked Ox
    Pharika's Disciple
    Iroas's Champion
    Brawler's Plate
--> Somberwald Alpha
    Swamp

Pack 2 pick 10:
    Aven Battle Priest
    Yeva's Forcemage
    Mantle of Webs
--> Totem-Guide Hartebeest
    Jayemdae Tome
    Swamp

Pack 2 pick 11:
    Yoked Ox
    Demolish
    Mantle of Webs
--> Blood-Cursed Knight
    Swamp

Pack 2 pick 12:
    Volcanic Rambler
--> Might of the Masses
    Valor in Akros
    Forest

Pack 2 pick 13:
--> Ampryn Tactician
    Sylvan Messenger
    Island

Pack 2 pick 14:
--> Negate
    Mountain

Pack 2 pick 15:
--> Mountain

------ ORI ------ 

Pack 3 pick 1:
    Alhammarret, High Arbiter
    Mage-Ring Bully
    Healing Hands
--> Deadbridge Shaman
    Vastwood Gorger
    Disperse
    Caustic Caterpillar
    Send to Sleep
    Boggart Brute
    Guardians of Meletis
    Blood-Cursed Knight
    Clash of Wills
    Tower Geist
    Infinite Obliteration
    Island

Pack 3 pick 2:
    Eyeblight Assassin
    Mage-Ring Bully
    Grasp of the Hieromancer
    Read the Bones
    Calculated Dismissal
    Llanowar Empath
    Enlightened Ascetic
    Firefiend Elemental
    Maritime Guard
--> Timberpack Wolf
    Seismic Elemental
    Sigil of Valor
    Revenant
    Island

Pack 3 pick 3:
    Dark Dabbling
    Chandra's Fury
    Charging Griffin
    Macabre Waltz
    Nivix Barrier
    Might of the Masses
    Bellows Lizard
--> Stalwart Aven
    Returned Centaur
    Sylvan Messenger
    Gnarlroot Trapper
    Thunderclap Wyvern
    Mountain

Pack 3 pick 4:
    Auramancer
    Touch of Moonglove
    Undead Servant
    Dreadwaters
    Nissa's Pilgrimage
--> Suppression Bonds
    Veteran's Sidearm
    Titan's Strength
    Caustic Caterpillar
    Murder Investigation
    Zendikar's Roil
    Plains

Pack 3 pick 5:
    Weight of the Underworld
    Infectious Bloodlust
    Enshrouding Mist
    Artificer's Epiphany
    Timberpack Wolf
    Fiery Impulse
    Returned Centaur
--> Wild Instincts
    Guardian Automaton
    Ghirapur Æther Grid
    Plains

Pack 3 pick 6:
    Deadbridge Shaman
    Cobblebrute
    Aven Battle Priest
    Nightsnare
--> Yeva's Forcemage
    Deep-Sea Terror
    Guardians of Meletis
    Gather the Pack
    Revenant
    Mountain

Pack 3 pick 7:
    Catacomb Slug
    Subterranean Scout
    Faerie Miscreant
--> Llanowar Empath
    Kytheon's Tactics
    Vastwood Gorger
    Artificer's Epiphany
    Hydrolash
    Forest

Pack 3 pick 8:
    Dark Dabbling
    Infectious Bloodlust
    Stratus Walk
--> Titanic Growth
    Evolving Wilds
    Call of the Full Moon
    Ramroller
    Plains

Pack 3 pick 9:
    Healing Hands
--> Vastwood Gorger
    Caustic Caterpillar
    Send to Sleep
    Blood-Cursed Knight
    Infinite Obliteration
    Island

Pack 3 pick 10:
    Eyeblight Assassin
    Grasp of the Hieromancer
    Read the Bones
    Calculated Dismissal
--> Sigil of Valor
    Island

Pack 3 pick 11:
    Dark Dabbling
--> Charging Griffin
    Nivix Barrier
    Sylvan Messenger
    Mountain

Pack 3 pick 12:
    Dreadwaters
--> Caustic Caterpillar
    Murder Investigation
    Plains

Pack 3 pick 13:
    Artificer's Epiphany
--> Ghirapur Æther Grid
    Plains

Pack 3 pick 14:
--> Nightsnare
    Mountain

Pack 3 pick 15:
--> Forest

