Event #: 8759636
Time:    9/8/2015 10:17:29 PM
Players:
--> Zhakrynn
    Huntyr
    MarioLikesMovies
    Virgin4Life
    jpstache
    legend_of_bing
    zkmtg
    Strkout

------ ORI ------ 

Pack 1 pick 1:
    Subterranean Scout
    Auramancer
    Touch of Moonglove
    Read the Bones
    Faerie Miscreant
    Nissa's Pilgrimage
    Enlightened Ascetic
--> Ghirapur Gearcrafter
    Vastwood Gorger
    Artificer's Epiphany
    Angel's Tomb
    Runed Servitor
    Anchor to the Æther
    Willbreaker
    Swamp

Pack 1 pick 2:
    Healing Hands
    Deadbridge Shaman
    Smash to Smithereens
    Ampryn Tactician
    Artificer's Epiphany
    Might of the Masses
    Guardian Automaton
--> Fiery Impulse
    Unholy Hunger
    Seismic Elemental
    Mage-Ring Network
    Zendikar's Roil
    Shivan Reef
    Forest

Pack 1 pick 3:
    Infernal Scarring
    Mage-Ring Bully
    Undead Servant
    Faerie Miscreant
    Nissa's Pilgrimage
    Veteran's Sidearm
    Titan's Strength
    Pharika's Disciple
    Screeching Skaab
    Consecrated by Blood
    Goblin Glory Chaser
--> Caves of Koilos
    Mountain

Pack 1 pick 4:
    Nightsnare
    Dragon Fodder
    Shambling Ghoul
    Vine Snare
    Heavy Infantry
    Prickleboar
    Orchard Spirit
    Send to Sleep
    Magmatic Insight
    Revenant
--> Alhammarret's Archive
    Mountain

Pack 1 pick 5:
    Nightsnare
    Dragon Fodder
    Celestial Flare
    Read the Bones
    Faerie Miscreant
    Enlightened Ascetic
    Watercourser
    Orchard Spirit
    Magmatic Insight
--> Patron of the Valiant
    Mountain

Pack 1 pick 6:
    Fetid Imp
--> Akroan Sergeant
    Yoked Ox
    Shambling Ghoul
    Vine Snare
    Prickleboar
    Screeching Skaab
    Vastwood Gorger
    Sigiled Starfish
    Plains

Pack 1 pick 7:
    Dragon Fodder
    Yoked Ox
    Undead Servant
    Dreadwaters
    Nissa's Pilgrimage
    Veteran's Sidearm
--> Titan's Strength
    Tormented Thoughts
    Island

Pack 1 pick 8:
    Yoked Ox
    Deadbridge Shaman
--> Cobblebrute
    Undead Servant
    Vine Snare
    Auramancer
    Screeching Skaab
    Island

Pack 1 pick 9:
    Auramancer
    Touch of Moonglove
    Nissa's Pilgrimage
    Enlightened Ascetic
--> Vastwood Gorger
    Angel's Tomb
    Swamp

Pack 1 pick 10:
    Healing Hands
    Smash to Smithereens
--> Might of the Masses
    Guardian Automaton
    Mage-Ring Network
    Forest

Pack 1 pick 11:
    Infernal Scarring
    Undead Servant
    Veteran's Sidearm
--> Screeching Skaab
    Mountain

Pack 1 pick 12:
    Nightsnare
    Heavy Infantry
--> Magmatic Insight
    Mountain

Pack 1 pick 13:
    Nightsnare
--> Enlightened Ascetic
    Mountain

Pack 1 pick 14:
--> Yoked Ox
    Plains

Pack 1 pick 15:
--> Island

------ ORI ------ 

Pack 2 pick 1:
    Smash to Smithereens
    Healing Hands
    Infernal Scarring
    Dragon Fodder
    Nivix Barrier
    Might of the Masses
    Guardian Automaton
    Leaf Gilder
    Alchemist's Vial
    Ringwarden Owl
    Chief of the Foundry
    Totem-Guide Hartebeest
    Tower Geist
--> Molten Vortex
    Plains

Pack 2 pick 2:
    Cobblebrute
    Enshrouding Mist
    Dreadwaters
    Rhox Maulers
    Kytheon's Tactics
    Evolving Wilds
    Titan's Strength
    Yeva's Forcemage
    Maritime Guard
    Tormented Thoughts
    Murder Investigation
    Undercity Troll
--> Exquisite Firecraft
    Plains

Pack 2 pick 3:
    Demolish
    Auramancer
    Weight of the Underworld
    Orchard Spirit
    Aspiring Aeronaut
    Yeva's Forcemage
    Bellows Lizard
    Topan Freeblade
    Returned Centaur
    Skyraker Giant
--> Throwing Knife
    Animist's Awakening
    Mountain

Pack 2 pick 4:
    Infernal Scarring
    Mage-Ring Bully
    Rabid Bloodsucker
    Scrapskin Drake
    Reclaim
    Cleric of the Forward Order
    Bonded Construct
--> Lightning Javelin
    Elvish Visionary
    Gather the Pack
    Dwynen's Elite
    Mountain

Pack 2 pick 5:
    Act of Treason
    Mighty Leap
    Rabid Bloodsucker
    Reclaim
    Suppression Bonds
    Veteran's Sidearm
    Timberpack Wolf
    Stratus Walk
    Zendikar Incarnate
--> War Oracle
    Mountain

Pack 2 pick 6:
    Smash to Smithereens
    Healing Hands
    Faerie Miscreant
    Llanowar Empath
    Kytheon's Tactics
    Titanic Growth
    Valor in Akros
--> Anointer of Champions
    Tainted Remedy
    Plains

Pack 2 pick 7:
    Akroan Jailer
    Thornbow Archer
    Cobblebrute
    Enshrouding Mist
    Maritime Guard
    Bellows Lizard
--> Topan Freeblade
    Sylvan Messenger
    Plains

Pack 2 pick 8:
    Aven Battle Priest
    Nightsnare
    Calculated Dismissal
--> Heavy Infantry
    Ghirapur Æther Grid
    Caustic Caterpillar
    Valor in Akros
    Swamp

Pack 2 pick 9:
    Smash to Smithereens
    Healing Hands
    Infernal Scarring
    Nivix Barrier
    Guardian Automaton
--> Totem-Guide Hartebeest
    Plains

Pack 2 pick 10:
--> Cobblebrute
    Dreadwaters
    Kytheon's Tactics
    Tormented Thoughts
    Murder Investigation
    Plains

Pack 2 pick 11:
    Demolish
--> Auramancer
    Orchard Spirit
    Bellows Lizard
    Mountain

Pack 2 pick 12:
--> Rabid Bloodsucker
    Reclaim
    Gather the Pack
    Mountain

Pack 2 pick 13:
    Reclaim
--> Veteran's Sidearm
    Mountain

Pack 2 pick 14:
--> Valor in Akros
    Plains

Pack 2 pick 15:
--> Plains

------ ORI ------ 

Pack 3 pick 1:
    Deadbridge Shaman
    Cobblebrute
    Aven Battle Priest
    Nightsnare
    Send to Sleep
    Might of the Masses
    Fiery Impulse
    Returned Centaur
    Wild Instincts
    Guardian Automaton
    Prism Ring
    Ghirapur Æther Grid
--> Sentinel of the Eternal Watch
    Harbinger of the Tides
    Swamp

Pack 3 pick 2:
    Fetid Imp
--> Akroan Sergeant
    Yoked Ox
    Read the Bones
    Calculated Dismissal
    Llanowar Empath
    Enlightened Ascetic
    Firefiend Elemental
    Vastwood Gorger
    Artificer's Epiphany
    Hydrolash
    Throwing Knife
    Reclusive Artificer
    Plains

Pack 3 pick 3:
    Eyeblight Assassin
    Mage-Ring Bully
    Faerie Miscreant
    Llanowar Empath
    Kytheon's Tactics
    Ghirapur Gearcrafter
    Negate
    Pharika's Disciple
    Psychic Rebuttal
    Jayemdae Tome
    Malakir Cullblade
--> Scab-Clan Berserker
    Forest

Pack 3 pick 4:
    Charging Griffin
    Macabre Waltz
    Act of Treason
    Celestial Flare
    Stratus Walk
    Titanic Growth
    Guardians of Meletis
    Mantle of Webs
--> Stalwart Aven
    Brawler's Plate
    Blessed Spirits
    Island

Pack 3 pick 5:
    Subterranean Scout
    Auramancer
    Touch of Moonglove
    Undead Servant
    Scrapskin Drake
    Vine Snare
    Screeching Skaab
    War Horn
--> Thopter Engineer
    Blightcaster
    Swamp

Pack 3 pick 6:
    Grasp of the Hieromancer
    Touch of Moonglove
    Undead Servant
    Dreadwaters
    Nissa's Pilgrimage
    Veteran's Sidearm
    Titan's Strength
    Hitchclaw Recluse
--> Anointer of Champions
    Plains

Pack 3 pick 7:
    Mighty Leap
    Calculated Dismissal
    Island
    Heavy Infantry
    Bonded Construct
--> Prickleboar
    Vastwood Gorger
    Murder Investigation
    Mountain

Pack 3 pick 8:
--> Akroan Sergeant
    Catacomb Slug
    Negate
    Knight of the Pilgrim's Road
    Deep-Sea Terror
    Citadel Castellan
    Blood-Cursed Knight
    Island

Pack 3 pick 9:
    Cobblebrute
    Aven Battle Priest
    Nightsnare
    Returned Centaur
--> Guardian Automaton
    Ghirapur Æther Grid
    Swamp

Pack 3 pick 10:
    Yoked Ox
--> Enlightened Ascetic
    Vastwood Gorger
    Hydrolash
    Reclusive Artificer
    Plains

Pack 3 pick 11:
--> Mage-Ring Bully
    Kytheon's Tactics
    Psychic Rebuttal
    Jayemdae Tome
    Forest

Pack 3 pick 12:
--> Celestial Flare
    Stratus Walk
    Mantle of Webs
    Island

Pack 3 pick 13:
    Vine Snare
--> Screeching Skaab
    Swamp

Pack 3 pick 14:
--> Touch of Moonglove
    Plains

Pack 3 pick 15:
--> Mountain

