Event #: 8773806
Time:    9/12/2015 7:09:01 AM
Players:
    stolp369
    eci4
    Sidewayzracer
    Courne
    spikyninny
--> TaroBoba
    etorebirth
    imato7144

------ FRF ------ 

Pack 1 pick 1:
    Douse in Gloom
    Ethereal Ambush
    Abzan Advantage
    Refocus
    Hooded Assassin
    Abzan Skycaptain
    Collateral Damage
    Formless Nurturing
    Sandsteppe Outcast
    Temur Battle Rage
    Marang River Prowler
    Mardu Shadowspear
    Goblin Boom Keg
--> Tasigur, the Golden Fang
    Thornwood Falls

Pack 1 pick 2:
    War Flare
    Arashin Cleric
    Whisk Away
    Sibsig Host
    Sultai Skullkeeper
    Sandblast
    Alesha's Vanguard
    Gore Swine
    Whisperer of the Wilds
    Mardu Runemark
    Merciless Executioner
    Cached Defenses
--> Lightform
    Swiftwater Cliffs

Pack 1 pick 3:
    Douse in Gloom
    Ethereal Ambush
    Abzan Advantage
    Refocus
    Hooded Assassin
    Abzan Skycaptain
    Collateral Damage
    Formless Nurturing
--> Sandsteppe Outcast
    Temur Battle Rage
    Fearsome Awakening
    Dragonrage
    Tranquil Cove

Pack 1 pick 4:
    Sultai Runemark
    Jeskai Sage
    Hooded Assassin
    Pressure Point
    Aven Skirmisher
    Ambush Krotiq
    Write into Being
--> Goblin Heelcutter
    Map the Wastes
    Wandering Champion
    Vaultbreaker
    Scoured Barrens

Pack 1 pick 5:
    Ethereal Ambush
    Dragon Bell Monk
    Enhanced Awareness
    Refocus
    Lightning Shrieker
    Ainok Guide
    Smoldering Efreet
--> Mistfire Adept
    Qarsi High Priest
    Jeskai Barricade
    Scoured Barrens

Pack 1 pick 6:
    Enhanced Awareness
    Grim Contest
    Rakshasa's Disdain
    Archers of Qarsi
    Hunt the Weak
    Fierce Invocation
    Temur Runemark
    Tasigur's Cruelty
    Renowned Weaponsmith
--> Honor's Reward

Pack 1 pick 7:
    Ancestral Vengeance
    Sultai Skullkeeper
    Great-Horn Krushok
    Ambush Krotiq
    Gore Swine
    Frontier Mastodon
    Arashin War Beast
    Break Through the Line
--> Bloodfell Caves

Pack 1 pick 8:
--> Harsh Sustenance
    Pressure Point
    Alesha's Vanguard
    Defiant Ogre
    Break Through the Line
    Collateral Damage
    Pilgrim of the Fires
    Jungle Hollow

Pack 1 pick 9:
    Ethereal Ambush
--> Abzan Advantage
    Refocus
    Formless Nurturing
    Temur Battle Rage
    Mardu Shadowspear
    Goblin Boom Keg

Pack 1 pick 10:
    Sibsig Host
    Sultai Skullkeeper
--> Alesha's Vanguard
    Gore Swine
    Mardu Runemark
    Cached Defenses

Pack 1 pick 11:
    Abzan Advantage
    Refocus
    Formless Nurturing
--> Fearsome Awakening
    Dragonrage

Pack 1 pick 12:
    Sultai Runemark
--> Hooded Assassin
    Pressure Point
    Ambush Krotiq

Pack 1 pick 13:
    Ethereal Ambush
    Qarsi High Priest
--> Jeskai Barricade

Pack 1 pick 14:
    Temur Runemark
--> Renowned Weaponsmith

Pack 1 pick 15:
--> Break Through the Line

------ KTK ------ 

Pack 2 pick 1:
    Smoke Teller
    Ainok Bond-Kin
    Bloodfire Expert
    Sagu Archer
    Rakshasa's Secret
    Mystic of the Hidden Way
    Treasure Cruise
    Rugged Highlands
    Efreet Weaponmaster
    Lens of Clarity
    Chief of the Edge
    Abzan Battle Priest
    Take Up Arms
--> Anafenza, the Foremost
    Swamp

Pack 2 pick 2:
    Longshot Squad
    Defiant Strike
    Act of Treason
    Tusked Colossodon
    Sultai Scavenger
    Whirlwind Adept
    Mardu Banner
--> Necropolis Fiend
    Rugged Highlands
    Snowhorn Rider
    Timely Hordemate
    Arc Lightning
    Tuskguard Captain
    Island

Pack 2 pick 3:
    Bloodfire Expert
    Sagu Archer
    Feat of Resistance
    Shatter
    Glacial Stalker
    Weave Fate
    Wind-Scarred Crag
    Temur Banner
    Arc Lightning
    Dazzling Ramparts
    Raiders' Spoils
--> Crater's Claws
    Mountain

Pack 2 pick 4:
    Kill Shot
--> Mardu Ascendancy
    Smoke Teller
    Dutiful Return
    Crippling Chill
    Kheru Dreadmaw
    Mystic of the Hidden Way
    Lens of Clarity
    Blossoming Sands
    Waterwhirl
    Monastery Swiftspear
    Forest

Pack 2 pick 5:
    Sagu Archer
    Firehoof Cavalry
    Arrow Storm
    Kin-Tree Warden
    Swiftwater Cliffs
    Jeskai Windscout
--> Krumar Bond-Kin
    Singing Bell Strike
    Hordeling Outburst
    Raiders' Spoils
    Swamp

Pack 2 pick 6:
    Act of Treason
    Tusked Colossodon
--> Sage-Eye Harrier
    Trumpet Blast
    Singing Bell Strike
    Rugged Highlands
    Efreet Weaponmaster
    Witness of the Ages
    Warden of the Eye
    Mountain

Pack 2 pick 7:
    Canyon Lurkers
    Erase
    Tormenting Voice
    Kheru Dreadmaw
    Cancel
--> Krumar Bond-Kin
    Crippling Chill
    Rugged Highlands
    Island

Pack 2 pick 8:
    Feed the Clan
--> Rakshasa's Secret
    Disdainful Stroke
    Temur Banner
    Treasure Cruise
    Dazzling Ramparts
    Warden of the Eye
    Mountain

Pack 2 pick 9:
    Smoke Teller
    Sagu Archer
    Rakshasa's Secret
    Efreet Weaponmaster
    Lens of Clarity
--> Take Up Arms
    Swamp

Pack 2 pick 10:
    Act of Treason
    Tusked Colossodon
    Mardu Banner
--> Rugged Highlands
    Snowhorn Rider
    Island

Pack 2 pick 11:
    Shatter
--> Wind-Scarred Crag
    Temur Banner
    Dazzling Ramparts
    Mountain

Pack 2 pick 12:
    Dutiful Return
--> Crippling Chill
    Lens of Clarity
    Forest

Pack 2 pick 13:
    Firehoof Cavalry
--> Swiftwater Cliffs
    Swamp

Pack 2 pick 14:
--> Warden of the Eye
    Mountain

Pack 2 pick 15:
--> Island

------ KTK ------ 

Pack 3 pick 1:
    Mardu Warshrieker
    Feed the Clan
    Jeskai Student
    Firehoof Cavalry
    Bring Low
    Highland Game
    Scoured Barrens
    Embodiment of Spring
    Sultai Scavenger
    Whirlwind Adept
    Winterflame
    Venerable Lammasu
    Secret Plans
--> Jeering Instigator
    Forest

Pack 3 pick 2:
    Canyon Lurkers
    Alpine Grizzly
    Mardu Hateblade
    Leaping Master
    Scout the Borders
--> Bloodfell Caves
    Lens of Clarity
    Sidisi's Pet
    Glacial Stalker
    Mardu Blazebringer
    Highspire Mantis
    Horde Ambusher
    Empty the Pits
    Forest

Pack 3 pick 3:
    Awaken the Bear
--> Mardu Hordechief
    Hooting Mandrills
    Rakshasa's Secret
    Monastery Flock
    Jungle Hollow
    Abomination of Gudul
    Mardu Banner
    Treasure Cruise
    Jeskai Charm
    Pine Walker
    Take Up Arms
    Mountain

Pack 3 pick 4:
    Ainok Tracker
    Naturalize
    Jeskai Student
    Sidisi's Pet
    Scaldkin
    Jungle Hollow
    Abzan Guide
    Jeskai Banner
    Abzan Charm
    Mardu Roughrider
--> Master of Pearls
    Swamp

Pack 3 pick 5:
    Mystic Monastery
    Jeskai Student
    Summit Prowler
    Sagu Archer
    Rotting Mastodon
    Abzan Banner
--> Wind-Scarred Crag
    Abzan Charm
    Death Frenzy
    Mardu Ascendancy
    Island

Pack 3 pick 6:
    Woolly Loxodon
    Trumpet Blast
    Alpine Grizzly
    Glacial Stalker
--> Ponyback Brigade
    Jeskai Banner
    Weave Fate
    Wind-Scarred Crag
    Icefeather Aven
    Plains

Pack 3 pick 7:
--> Ainok Bond-Kin
    Mardu Hateblade
    Leaping Master
    Scout the Borders
    Lens of Clarity
    Sultai Scavenger
    Pine Walker
    Watcher of the Roost
    Swamp

Pack 3 pick 8:
    Woolly Loxodon
--> Salt Road Patrol
    Bloodfire Mentor
    Archers' Parapet
    Rakshasa's Secret
    Disdainful Stroke
    Gurmag Swiftwing
    Forest

Pack 3 pick 9:
--> Mardu Warshrieker
    Firehoof Cavalry
    Highland Game
    Embodiment of Spring
    Venerable Lammasu
    Secret Plans
    Forest

Pack 3 pick 10:
    Alpine Grizzly
--> Leaping Master
    Scout the Borders
    Lens of Clarity
    Mardu Blazebringer
    Forest

Pack 3 pick 11:
    Awaken the Bear
    Monastery Flock
    Mardu Banner
--> Treasure Cruise
    Mountain

Pack 3 pick 12:
    Naturalize
    Jeskai Student
--> Sidisi's Pet
    Swamp

Pack 3 pick 13:
--> Rotting Mastodon
    Abzan Banner
    Island

Pack 3 pick 14:
--> Glacial Stalker
    Plains

Pack 3 pick 15:
--> Swamp

