Event #: 8778517
Time:    2015-09-13 17:27:51
Players:
--> cube_envy
    AJSL
    theotherpunkfool
    Kynes
    snowshoe
    Gokussjj5
    MarduHorde
    Nordlicht_

------ ORI ------ 

Pack 1 pick 1:
    Volcanic Rambler
    Ampryn Tactician
    Fetid Imp
    Smash to Smithereens
    Artificer's Epiphany
    Might of the Masses
    Stalwart Aven
    Returned Centaur
    Ringwarden Owl
    Mantle of Webs
    Meteorite
    Angel's Tomb
    Blightcaster
--> Knight of the White Orchid
    Island

Pack 1 pick 2:
    Fetid Imp
    Akroan Sergeant
    Smash to Smithereens
    Reclaim
--> Suppression Bonds
    Veteran's Sidearm
    Firefiend Elemental
    Undead Servant
    Disperse
    Orchard Spirit
    Consecrated by Blood
    Goblin Glory Chaser
    Sigiled Starfish
    Mountain

Pack 1 pick 3:
    Akroan Jailer
    Dark Dabbling
    Chandra's Fury
    Charging Griffin
    Maritime Guard
    Hitchclaw Recluse
    Deep-Sea Terror
    Wild Instincts
    Alchemist's Vial
    Nantuko Husk
    War Horn
--> Swift Reckoning
    Mountain

Pack 1 pick 4:
    Macabre Waltz
    Dreadwaters
    Kytheon's Tactics
    Evolving Wilds
    Titan's Strength
    Read the Bones
    Bone to Ash
--> Pharika's Disciple
    Blazing Hellhound
    Shadows of the Past
    Infinite Obliteration
    Forest

Pack 1 pick 5:
--> Mighty Leap
    Infernal Scarring
    Mage-Ring Bully
    Healing Hands
    Stratus Walk
    Vastwood Gorger
    Artificer's Epiphany
    Caustic Caterpillar
    Elemental Bond
    Jayemdae Tome
    Island

Pack 1 pick 6:
    Nightsnare
    Dragon Fodder
    Calculated Dismissal
    Heavy Infantry
    Bonded Construct
    Prickleboar
    Reave Soul
    Bone to Ash
--> Yeva's Forcemage
    Island

Pack 1 pick 7:
    Deadbridge Shaman
    Smash to Smithereens
--> Ampryn Tactician
    Fetid Imp
    Nivix Barrier
    Might of the Masses
    Ringwarden Owl
    Tormented Thoughts
    Island

Pack 1 pick 8:
    Weight of the Underworld
    Dreadwaters
    Nissa's Pilgrimage
    Veteran's Sidearm
    Read the Bones
    Artificer's Epiphany
--> War Horn
    Forest

Pack 1 pick 9:
    Volcanic Rambler
    Smash to Smithereens
    Artificer's Epiphany
--> Might of the Masses
    Returned Centaur
    Ringwarden Owl
    Island

Pack 1 pick 10:
    Smash to Smithereens
    Reclaim
--> Firefiend Elemental
    Undead Servant
    Disperse
    Mountain

Pack 1 pick 11:
    Dark Dabbling
--> Chandra's Fury
    Deep-Sea Terror
    War Horn
    Mountain

Pack 1 pick 12:
    Dreadwaters
    Bone to Ash
--> Infinite Obliteration
    Forest

Pack 1 pick 13:
    Stratus Walk
--> Jayemdae Tome
    Island

Pack 1 pick 14:
--> Calculated Dismissal
    Island

Pack 1 pick 15:
--> Island

------ ORI ------ 

Pack 2 pick 1:
    Thornbow Archer
    Volcanic Rambler
    Mighty Leap
    Infernal Scarring
    Artificer's Epiphany
    Timberpack Wolf
    Stratus Walk
    Pharika's Disciple
    Bellows Lizard
--> Leaf Gilder
    Meteorite
    Blazing Hellhound
    Jayemdae Tome
    Tainted Remedy
    Plains

Pack 2 pick 2:
    Dragon Fodder
    Celestial Flare
    Dark Dabbling
    Faerie Miscreant
    Nissa's Pilgrimage
    Enlightened Ascetic
    Ghirapur Gearcrafter
    Rabid Bloodsucker
    Negate
    Pharika's Disciple
    Murder Investigation
    War Oracle
--> Somberwald Alpha
    Plains

Pack 2 pick 3:
    Mage-Ring Bully
    Grasp of the Hieromancer
    Touch of Moonglove
    Subterranean Scout
    Maritime Guard
    Hitchclaw Recluse
    Claustrophobia
    Guardians of Meletis
    Knight of the Pilgrim's Road
    Brawler's Plate
    Blessed Spirits
--> Valeron Wardens
    Swamp

Pack 2 pick 4:
    Akroan Jailer
    Dark Dabbling
    Chandra's Fury
    Separatist Voidmage
    Vine Snare
    Heavy Infantry
    Nivix Barrier
--> Timberpack Wolf
    Sylvan Messenger
    Gnarlroot Trapper
    Nissa's Revelation
    Mountain

Pack 2 pick 5:
    Touch of Moonglove
    Mighty Leap
    Macabre Waltz
    Nivix Barrier
--> Orchard Spirit
    Aspiring Aeronaut
    Elvish Visionary
    Claustrophobia
    Bellows Lizard
    Gather the Pack
    Plains

Pack 2 pick 6:
    Infectious Bloodlust
    Akroan Jailer
    Reclaim
    Veteran's Sidearm
    Undead Servant
    Disperse
--> Hitchclaw Recluse
    Elemental Bond
    Revenant
    Island

Pack 2 pick 7:
    Demolish
    Aven Battle Priest
    Dreadwaters
--> Kytheon's Tactics
    Evolving Wilds
    Send to Sleep
    Caustic Caterpillar
    Eyeblight Massacre
    Mountain

Pack 2 pick 8:
--> Ampryn Tactician
    Faerie Miscreant
    Enlightened Ascetic
    Rabid Bloodsucker
    Titanic Growth
    Skaab Goliath
    Foundry of the Consuls
    Swamp

Pack 2 pick 9:
    Thornbow Archer
    Artificer's Epiphany
    Stratus Walk
    Bellows Lizard
--> Jayemdae Tome
    Tainted Remedy
    Plains

Pack 2 pick 10:
    Dark Dabbling
    Nissa's Pilgrimage
--> Enlightened Ascetic
    Rabid Bloodsucker
    Negate
    Plains

Pack 2 pick 11:
    Touch of Moonglove
    Maritime Guard
--> Hitchclaw Recluse
    Guardians of Meletis
    Swamp

Pack 2 pick 12:
--> Vine Snare
    Nivix Barrier
    Gnarlroot Trapper
    Mountain

Pack 2 pick 13:
    Nivix Barrier
--> Gather the Pack
    Plains

Pack 2 pick 14:
    Reclaim
--> Island

Pack 2 pick 15:
--> Mountain

------ ORI ------ 

Pack 3 pick 1:
    Auramancer
    Weight of the Underworld
    Infectious Bloodlust
--> Enshrouding Mist
    Send to Sleep
    Might of the Masses
    Guardian Automaton
    Fiery Impulse
    Knight of the Pilgrim's Road
    Unholy Hunger
    Seismic Elemental
    Gnarlroot Trapper
    Fiery Conclusion
    Alhammarret, High Arbiter
    Plains

Pack 3 pick 2:
    Thornbow Archer
    Cobblebrute
    Faerie Miscreant
    Llanowar Empath
    Kytheon's Tactics
    Ghirapur Gearcrafter
    Undead Servant
    Negate
--> Vastwood Gorger
    Magmatic Insight
    Possessed Skaab
    Enthralling Victor
    Animist's Awakening
    Mountain

Pack 3 pick 3:
    Mage-Ring Bully
    Healing Hands
    Scrapskin Drake
    Reclaim
    Cleric of the Forward Order
    Bonded Construct
    Shambling Ghoul
    Watercourser
--> Elvish Visionary
    Sphinx's Tutelage
    Turn to Frog
    Disciple of the Ring
    Plains

Pack 3 pick 4:
    Act of Treason
    Thornbow Archer
    Volcanic Rambler
    Screeching Skaab
    Nantuko Husk
    Deep-Sea Terror
    Evolving Wilds
    Seismic Elemental
    Psychic Rebuttal
    Fleshbag Marauder
--> Gaea's Revenge
    Plains

Pack 3 pick 5:
    Eyeblight Assassin
    Tainted Remedy
    Grasp of the Hieromancer
--> Llanowar Empath
    Kytheon's Tactics
    Ghirapur Gearcrafter
    Undead Servant
    Aerial Volley
    Sigil of Valor
    Enthralling Victor
    Island

Pack 3 pick 6:
    Artificer's Epiphany
    Calculated Dismissal
--> Rhox Maulers
    Heavy Infantry
    Prickleboar
    Stratus Walk
    Titanic Growth
    Prism Ring
    Mage-Ring Network
    Forest

Pack 3 pick 7:
    Chandra's Fury
    Nightsnare
    Aspiring Aeronaut
--> Yeva's Forcemage
    Nantuko Husk
    Deep-Sea Terror
    Guardians of Meletis
    Hydrolash
    Forest

Pack 3 pick 8:
    Healing Hands
    Infernal Scarring
--> Kytheon's Tactics
    Undead Servant
    Screeching Skaab
    Vastwood Gorger
    Ghirapur Æther Grid
    Swamp

Pack 3 pick 9:
    Auramancer
    Weight of the Underworld
    Send to Sleep
--> Guardian Automaton
    Gnarlroot Trapper
    Fiery Conclusion
    Plains

Pack 3 pick 10:
    Thornbow Archer
    Cobblebrute
    Kytheon's Tactics
    Negate
--> Possessed Skaab
    Mountain

Pack 3 pick 11:
    Healing Hands
--> Scrapskin Drake
    Reclaim
    Sphinx's Tutelage
    Plains

Pack 3 pick 12:
    Thornbow Archer
--> Volcanic Rambler
    Psychic Rebuttal
    Plains

Pack 3 pick 13:
    Eyeblight Assassin
--> Kytheon's Tactics
    Island

Pack 3 pick 14:
    Prism Ring
--> Forest

Pack 3 pick 15:
--> Forest

