Event #: 8779835
Time:    9/13/15 5:09:20 PM
Players:
    glubbie1
    jazzdaughter
--> mull_to_3
    Blue_
    Hodlof97
    rogu3lephant
    2brutal
    crazylazy1212

------ ORI ------ 

Pack 1 pick 1:
    Weight of the Underworld
    Infectious Bloodlust
    Enshrouding Mist
    Eyeblight Assassin
    Negate
    Vastwood Gorger
    Deep-Sea Terror
    Wild Instincts
    Evolving Wilds
    Stalwart Aven
    Chief of the Foundry
    Totem-Guide Hartebeest
    Fiery Conclusion
--> Gilt-Leaf Winnower
    Mountain

Pack 1 pick 2:
    Chandra's Fury
    Grasp of the Hieromancer
    Boggart Brute
    Dragon Fodder
    Vastwood Gorger
    Artificer's Epiphany
    Guardians of Meletis
--> Fiery Impulse
    Knight of the Pilgrim's Road
    Nantuko Husk
    Sylvan Messenger
    Skyraker Giant
    Bounding Krasis
    Mountain

Pack 1 pick 3:
    Dragon Fodder
    Celestial Flare
    Dark Dabbling
    Infectious Bloodlust
    Maritime Guard
--> Wild Instincts
    Alchemist's Vial
    Nantuko Husk
    Bellows Lizard
    Brawler's Plate
    Sphinx's Tutelage
    Evolutionary Leap
    Mountain

Pack 1 pick 4:
    Smash to Smithereens
    Chandra's Fury
    Charging Griffin
    Macabre Waltz
    Vastwood Gorger
    Artificer's Epiphany
    Bellows Lizard
    Returned Centaur
    Ringwarden Owl
    Tormented Thoughts
--> Valeron Wardens
    Island

Pack 1 pick 5:
    Grasp of the Hieromancer
    Nightsnare
    Veteran's Sidearm
    Titan's Strength
    Calculated Dismissal
--> Llanowar Empath
    Enlightened Ascetic
    Bone to Ash
    Aerial Volley
    Revenant
    Swamp

Pack 1 pick 6:
    Aven Battle Priest
    Nightsnare
    Rabid Bloodsucker
    Reclaim
--> Aerial Volley
    Guardians of Meletis
    Elemental Bond
    War Horn
    Flameshadow Conjuring
    Island

Pack 1 pick 7:
    Catacomb Slug
--> Subterranean Scout
    Rabid Bloodsucker
    Reclaim
    Might of the Masses
    Screeching Skaab
    Iroas's Champion
    Psychic Rebuttal
    Swamp

Pack 1 pick 8:
    Akroan Jailer
--> Thornbow Archer
    Evolving Wilds
    Titan's Strength
    Faerie Miscreant
    Nissa's Pilgrimage
    Brawler's Plate
    Plains

Pack 1 pick 9:
    Weight of the Underworld
    Infectious Bloodlust
    Negate
    Vastwood Gorger
    Deep-Sea Terror
--> Evolving Wilds
    Mountain

Pack 1 pick 10:
    Chandra's Fury
--> Dragon Fodder
    Artificer's Epiphany
    Guardians of Meletis
    Sylvan Messenger
    Mountain

Pack 1 pick 11:
    Dark Dabbling
    Infectious Bloodlust
    Maritime Guard
--> Alchemist's Vial
    Mountain

Pack 1 pick 12:
--> Macabre Waltz
    Bellows Lizard
    Tormented Thoughts
    Island

Pack 1 pick 13:
    Nightsnare
--> Calculated Dismissal
    Swamp

Pack 1 pick 14:
--> Reclaim
    Island

Pack 1 pick 15:
--> Swamp

------ ORI ------ 

Pack 2 pick 1:
    Subterranean Scout
    Akroan Jailer
    Bonded Construct
    Prickleboar
    Reave Soul
    Faerie Miscreant
    Llanowar Empath
    Kytheon's Tactics
    Elvish Visionary
    Stratus Walk
    Murder Investigation
    Rogue's Passage
    Blessed Spirits
--> Molten Vortex
    Plains

Pack 2 pick 2:
    Akroan Jailer
    Dark Dabbling
    Chandra's Fury
    Charging Griffin
    Pharika's Disciple
    Watercourser
    Ringwarden Owl
    Bellows Lizard
    Topan Freeblade
    Returned Centaur
    Ghirapur Æther Grid
--> Cruel Revival
    Foundry of the Consuls
    Plains

Pack 2 pick 3:
    Auramancer
    Touch of Moonglove
    Act of Treason
    Mighty Leap
    Artificer's Epiphany
    Might of the Masses
    Screeching Skaab
    Vastwood Gorger
    Knight of the Pilgrim's Road
    Nantuko Husk
--> Ravaging Blaze
    Zendikar's Roil
    Swamp

Pack 2 pick 4:
    Infernal Scarring
    Yoked Ox
    Deadbridge Shaman
    Orchard Spirit
    Negate
    Deep-Sea Terror
    Guardians of Meletis
--> Fiery Impulse
    Hydrolash
    Sylvan Messenger
    Blightcaster
    Plains

Pack 2 pick 5:
    Enshrouding Mist
    Weight of the Underworld
    Bonded Construct
--> Shambling Ghoul
    Separatist Voidmage
    Vine Snare
    Heavy Infantry
    Nivix Barrier
    Orchard Spirit
    Gather the Pack
    Plains

Pack 2 pick 6:
    Celestial Flare
    Dark Dabbling
    Infectious Bloodlust
--> Reave Soul
    Dreadwaters
    Kytheon's Tactics
    Timberpack Wolf
    Stratus Walk
    Runed Servitor
    Forest

Pack 2 pick 7:
    Akroan Sergeant
    Yoked Ox
    Catacomb Slug
    Demolish
    Negate
--> Unholy Hunger
    Deep-Sea Terror
    Eyeblight Massacre
    Plains

Pack 2 pick 8:
    Healing Hands
--> Deadbridge Shaman
    Shambling Ghoul
    Calculated Dismissal
    Heavy Infantry
    Caustic Caterpillar
    Turn to Frog
    Mountain

Pack 2 pick 9:
    Bonded Construct
--> Prickleboar
    Faerie Miscreant
    Kytheon's Tactics
    Murder Investigation
    Rogue's Passage
    Plains

Pack 2 pick 10:
    Dark Dabbling
    Ringwarden Owl
    Bellows Lizard
    Ghirapur Æther Grid
--> Foundry of the Consuls
    Plains

Pack 2 pick 11:
    Touch of Moonglove
    Artificer's Epiphany
    Vastwood Gorger
--> Nantuko Husk
    Swamp

Pack 2 pick 12:
--> Negate
    Deep-Sea Terror
    Sylvan Messenger
    Plains

Pack 2 pick 13:
    Vine Snare
--> Gather the Pack
    Plains

Pack 2 pick 14:
--> Dark Dabbling
    Forest

Pack 2 pick 15:
--> Plains

------ ORI ------ 

Pack 3 pick 1:
    Smash to Smithereens
    Ampryn Tactician
    Fetid Imp
    Akroan Sergeant
    Aerial Volley
    Bone to Ash
    Alchemist's Vial
    Unholy Hunger
    Topan Freeblade
    Claustrophobia
    Joraga Invocation
    Magmatic Insight
    Jayemdae Tome
--> Archangel of Tithes
    Plains

Pack 3 pick 2:
    Act of Treason
    Celestial Flare
    Thornbow Archer
--> Ghirapur Gearcrafter
    Undead Servant
    Dreadwaters
    Nissa's Pilgrimage
    Caustic Caterpillar
    Aspiring Aeronaut
    Valor in Akros
    Anointer of Champions
    Gnarlroot Trapper
    Despoiler of Souls
    Swamp

Pack 3 pick 3:
    Macabre Waltz
    Act of Treason
    Celestial Flare
    Thornbow Archer
    Elvish Visionary
    Nivix Barrier
    Claustrophobia
    Mantle of Webs
--> Boggart Brute
    Guardians of Meletis
    Sigil of Valor
    Psychic Rebuttal
    Island

Pack 3 pick 4:
    Akroan Jailer
    Thornbow Archer
    Cobblebrute
    Firefiend Elemental
    Rabid Bloodsucker
    Scrapskin Drake
    Reclaim
    Stratus Walk
--> Seismic Elemental
    Mage-Ring Network
    Thopter Engineer
    Forest

Pack 3 pick 5:
    Weight of the Underworld
    Infectious Bloodlust
    Enshrouding Mist
--> Eyeblight Assassin
    Bone to Ash
    Returned Centaur
    Wild Instincts
    Guardian Automaton
    Shaman of the Pack
    Ramroller
    Mountain

Pack 3 pick 6:
    Akroan Sergeant
    Catacomb Slug
--> Subterranean Scout
    Aspiring Aeronaut
    Elvish Visionary
    Ringwarden Owl
    Boggart Brute
    Angel's Tomb
    Possessed Skaab
    Island

Pack 3 pick 7:
    Smash to Smithereens
    Titan's Strength
--> Read the Bones
    Artificer's Epiphany
    Nissa's Pilgrimage
    Enlightened Ascetic
    Call of the Full Moon
    Clash of Wills
    Forest

Pack 3 pick 8:
    Healing Hands
--> Deadbridge Shaman
    Read the Bones
    Calculated Dismissal
    Enlightened Ascetic
    Prism Ring
    Ghirapur Æther Grid
    Forest

Pack 3 pick 9:
    Smash to Smithereens
--> Fetid Imp
    Akroan Sergeant
    Aerial Volley
    Bone to Ash
    Jayemdae Tome
    Plains

Pack 3 pick 10:
--> Thornbow Archer
    Undead Servant
    Dreadwaters
    Nissa's Pilgrimage
    Gnarlroot Trapper
    Swamp

Pack 3 pick 11:
--> Act of Treason
    Thornbow Archer
    Nivix Barrier
    Psychic Rebuttal
    Island

Pack 3 pick 12:
--> Thornbow Archer
    Stratus Walk
    Mage-Ring Network
    Forest

Pack 3 pick 13:
    Bone to Ash
--> Returned Centaur
    Mountain

Pack 3 pick 14:
--> Catacomb Slug
    Island

Pack 3 pick 15:
--> Forest

