Event #: 8781736
Time:    14.09.2015 12:38:18
Players:
--> Jackomatrus
    Shakow
    fuyunpeng1994
    mashiro
    acro6
    Serafina
    Tractorage
    NatiMark

------ ORI ------ 

Pack 1 pick 1:
    Mighty Leap
    Macabre Waltz
    Kytheon's Tactics
    Ghirapur Gearcrafter
    Undead Servant
    Dreadwaters
    Nissa's Pilgrimage
--> Suppression Bonds
    Yeva's Forcemage
    Watercourser
    Totem-Guide Hartebeest
    Chief of the Foundry
    Reclusive Artificer
    Llanowar Wastes
    Forest

Pack 1 pick 2:
    Subterranean Scout
    Auramancer
    Enlightened Ascetic
    Firefiend Elemental
    Rabid Bloodsucker
    Scrapskin Drake
    Reclaim
    Cleric of the Forward Order
    Aerial Volley
    Negate
--> Acolyte of the Inferno
    Necromantic Summons
    Somberwald Alpha
    Mountain

Pack 1 pick 3:
    Auramancer
    Weight of the Underworld
    Infectious Bloodlust
--> Enshrouding Mist
    Elvish Visionary
    Stratus Walk
    Returned Centaur
    Ringwarden Owl
    Mantle of Webs
    Call of the Full Moon
    Goblin Glory Chaser
    Alhammarret's Archive
    Mountain

Pack 1 pick 4:
    Thornbow Archer
    Cobblebrute
    Enshrouding Mist
    Weight of the Underworld
    Titanic Growth
    Send to Sleep
    Alchemist's Vial
    Ringwarden Owl
    Bellows Lizard
    Revenant
--> Gideon's Phalanx
    Island

Pack 1 pick 5:
    Thornbow Archer
    Volcanic Rambler
    Cleric of the Forward Order
--> Lightning Javelin
    Shambling Ghoul
    Calculated Dismissal
    Heavy Infantry
    Aerial Volley
    Sigil of Valor
    Jayemdae Tome
    Forest

Pack 1 pick 6:
    Touch of Moonglove
    Subterranean Scout
    Heavy Infantry
    Prickleboar
    Dreadwaters
    Kytheon's Tactics
    Caustic Caterpillar
--> Iroas's Champion
    Psychic Rebuttal
    Plains

Pack 1 pick 7:
    Macabre Waltz
    Veteran's Sidearm
--> Firefiend Elemental
    Undead Servant
    Scrapskin Drake
    Vine Snare
    Orchard Spirit
    Fleshbag Marauder
    Mountain

Pack 1 pick 8:
    Catacomb Slug
--> Subterranean Scout
    Vastwood Gorger
    Nantuko Husk
    Deep-Sea Terror
    Tormented Thoughts
    Zendikar Incarnate
    Swamp

Pack 1 pick 9:
    Mighty Leap
    Macabre Waltz
    Kytheon's Tactics
    Nissa's Pilgrimage
    Totem-Guide Hartebeest
--> Llanowar Wastes
    Forest

Pack 1 pick 10:
    Auramancer
    Enlightened Ascetic
--> Firefiend Elemental
    Rabid Bloodsucker
    Reclaim
    Mountain

Pack 1 pick 11:
    Auramancer
    Weight of the Underworld
--> Infectious Bloodlust
    Mantle of Webs
    Mountain

Pack 1 pick 12:
--> Thornbow Archer
    Cobblebrute
    Bellows Lizard
    Island

Pack 1 pick 13:
--> Thornbow Archer
    Jayemdae Tome
    Forest

Pack 1 pick 14:
--> Psychic Rebuttal
    Plains

Pack 1 pick 15:
--> Mountain

------ ORI ------ 

Pack 2 pick 1:
    Auramancer
    Touch of Moonglove
    Act of Treason
    Bonded Construct
    Prickleboar
    Reave Soul
    Faerie Miscreant
    Llanowar Empath
    Caustic Caterpillar
    Send to Sleep
    Prism Ring
    Ghirapur Æther Grid
    Possessed Skaab
--> Exquisite Firecraft
    Mountain

Pack 2 pick 2:
    Infernal Scarring
    Dragon Fodder
    Yoked Ox
    Deadbridge Shaman
    Timberpack Wolf
    Stratus Walk
    Boggart Brute
    Guardians of Meletis
    Unholy Hunger
    Mantle of Webs
    Valor in Akros
    Runed Servitor
--> Knightly Valor
    Swamp

Pack 2 pick 3:
    Eyeblight Assassin
    Chandra's Fury
    Grasp of the Hieromancer
    Nightsnare
    Pharika's Disciple
    Wild Instincts
    Evolving Wilds
--> Stalwart Aven
    Guardian Automaton
    Meteorite
    Throwing Knife
    Outland Colossus
    Mountain

Pack 2 pick 4:
    Infectious Bloodlust
    Akroan Jailer
    Kytheon's Tactics
    Ghirapur Gearcrafter
    Undead Servant
    Dreadwaters
    Nissa's Pilgrimage
    Might of the Masses
    Screeching Skaab
    Thunderclap Wyvern
--> War Oracle
    Plains

Pack 2 pick 5:
--> Infectious Bloodlust
    Akroan Jailer
    Thornbow Archer
    Veteran's Sidearm
    Scrapskin Drake
    Vine Snare
    Elvish Visionary
    Consecrated by Blood
    Blood-Cursed Knight
    Evolutionary Leap
    Plains

Pack 2 pick 6:
    Smash to Smithereens
    Healing Hands
    Heavy Infantry
--> Prickleboar
    Rhox Maulers
    Kytheon's Tactics
    Aerial Volley
    Maritime Guard
    Zendikar Incarnate
    Island

Pack 2 pick 7:
    Thornbow Archer
    Volcanic Rambler
    Enlightened Ascetic
    Rabid Bloodsucker
    Reclaim
    Might of the Masses
--> Seismic Elemental
    Sigil of Valor
    Mountain

Pack 2 pick 8:
    Macabre Waltz
    Act of Treason
--> Celestial Flare
    Read the Bones
    Faerie Miscreant
    Nissa's Pilgrimage
    Orchard Spirit
    Swamp

Pack 2 pick 9:
--> Auramancer
    Touch of Moonglove
    Faerie Miscreant
    Caustic Caterpillar
    Send to Sleep
    Prism Ring
    Mountain

Pack 2 pick 10:
    Infernal Scarring
    Yoked Ox
    Stratus Walk
    Mantle of Webs
--> Valor in Akros
    Swamp

Pack 2 pick 11:
    Chandra's Fury
    Nightsnare
--> Pharika's Disciple
    Guardian Automaton
    Mountain

Pack 2 pick 12:
--> Akroan Jailer
    Kytheon's Tactics
    Nissa's Pilgrimage
    Plains

Pack 2 pick 13:
--> Thornbow Archer
    Vine Snare
    Plains

Pack 2 pick 14:
--> Healing Hands
    Island

Pack 2 pick 15:
--> Mountain

------ ORI ------ 

Pack 3 pick 1:
    Enshrouding Mist
    Eyeblight Assassin
    Mage-Ring Bully
    Grasp of the Hieromancer
    Bone to Ash
    Pharika's Disciple
--> Topan Freeblade
    Claustrophobia
    Guardians of Meletis
    Fiery Impulse
    Citadel Castellan
    Skaab Goliath
    Turn to Frog
    Gideon's Phalanx
    Swamp

Pack 3 pick 2:
    Mighty Leap
    Infernal Scarring
    Mage-Ring Bully
    Healing Hands
    Maritime Guard
    Hitchclaw Recluse
    Bellows Lizard
    Topan Freeblade
    Ringwarden Owl
    Chief of the Foundry
--> Acolyte of the Inferno
    Foundry of the Consuls
    Alhammarret, High Arbiter
    Plains

Pack 3 pick 3:
    Aven Battle Priest
    Eyeblight Assassin
    Chandra's Fury
    Grasp of the Hieromancer
    Stratus Walk
    Unholy Hunger
    Mantle of Webs
    Stalwart Aven
    Guardian Automaton
    Prism Ring
    Patron of the Valiant
--> Skyraker Giant
    Swamp

Pack 3 pick 4:
    Akroan Jailer
    Dark Dabbling
    Chandra's Fury
    Charging Griffin
    Screeching Skaab
    Titanic Growth
    Send to Sleep
    Caustic Caterpillar
    Citadel Castellan
    Turn to Frog
--> War Oracle
    Island

Pack 3 pick 5:
    Healing Hands
    Deadbridge Shaman
    Reclaim
--> Suppression Bonds
    Veteran's Sidearm
    Firefiend Elemental
    Disperse
    Zendikar Incarnate
    Blightcaster
    Goblin Piledriver
    Forest

Pack 3 pick 6:
    Demolish
    Aven Battle Priest
    Eyeblight Assassin
    Undead Servant
    Dreadwaters
    Nissa's Pilgrimage
--> Suppression Bonds
    Screeching Skaab
    Psychic Rebuttal
    Mountain

Pack 3 pick 7:
    Thornbow Archer
    Cobblebrute
--> Enshrouding Mist
    Veteran's Sidearm
    Calculated Dismissal
    Orchard Spirit
    Possessed Skaab
    Jace's Sanctum
    Island

Pack 3 pick 8:
    Evolving Wilds
    Touch of Moonglove
--> Subterranean Scout
    Might of the Masses
    Evolving Wilds
    Tormented Thoughts
    Murder Investigation
    Plains

Pack 3 pick 9:
--> Enshrouding Mist
    Eyeblight Assassin
    Grasp of the Hieromancer
    Bone to Ash
    Pharika's Disciple
    Citadel Castellan
    Swamp

Pack 3 pick 10:
    Infernal Scarring
--> Mage-Ring Bully
    Healing Hands
    Maritime Guard
    Bellows Lizard
    Plains

Pack 3 pick 11:
--> Aven Battle Priest
    Grasp of the Hieromancer
    Mantle of Webs
    Prism Ring
    Swamp

Pack 3 pick 12:
    Dark Dabbling
--> Charging Griffin
    Screeching Skaab
    Island

Pack 3 pick 13:
--> Healing Hands
    Reclaim
    Forest

Pack 3 pick 14:
--> Demolish
    Mountain

Pack 3 pick 15:
--> Island

