Event #: 8800083
Time:    9/18/2015 10:23:38 PM
Players:
    MikeDreborn
    macmount9
    Chadhiggins
--> osufanatic64
    Kryztuffur
    gankochan
    cgaros
    wotc_bill

------ ORI ------ 

Pack 1 pick 1:
    Charging Griffin
    Catacomb Slug
    Subterranean Scout
    Auramancer
    Pharika's Disciple
    Watercourser
    Knight of the Pilgrim's Road
    Nantuko Husk
    Deep-Sea Terror
    Leaf Gilder
    Citadel Castellan
    Skaab Goliath
--> Consul's Lieutenant
    Displacement Wave
    Forest

Pack 1 pick 2:
    Charging Griffin
    Catacomb Slug
    Grasp of the Hieromancer
    Firefiend Elemental
    Rabid Bloodsucker
    Scrapskin Drake
    Reclaim
    Cleric of the Forward Order
    Vastwood Gorger
    Artificer's Epiphany
    Call of the Full Moon
--> Goblin Glory Chaser
    Revenant
    Plains

Pack 1 pick 3:
    Infernal Scarring
    Mage-Ring Bully
    Healing Hands
    Deadbridge Shaman
    Vastwood Gorger
    Disperse
--> Topan Freeblade
    Claustrophobia
    Guardians of Meletis
    Fiery Impulse
    Blood-Cursed Knight
    Enthralling Victor
    Swamp

Pack 1 pick 4:
    Infernal Scarring
    Dragon Fodder
    Yoked Ox
    Firefiend Elemental
    Rabid Bloodsucker
    Scrapskin Drake
    Reclaim
    Caustic Caterpillar
    Aspiring Aeronaut
    Mage-Ring Network
--> Rogue's Passage
    Mountain

Pack 1 pick 5:
    Smash to Smithereens
    Ampryn Tactician
    Fetid Imp
    Akroan Sergeant
    Disperse
    Unholy Hunger
    Deep-Sea Terror
--> Wild Instincts
    Alchemist's Vial
    Dark Petition
    Swamp

Pack 1 pick 6:
    Deadbridge Shaman
    Cobblebrute
    Bonded Construct
    Shambling Ghoul
    Vine Snare
    Heavy Infantry
--> Dragon Fodder
    Meteorite
    Angel's Tomb
    Forest

Pack 1 pick 7:
--> Subterranean Scout
    Akroan Jailer
    Titan's Strength
    Faerie Miscreant
    Nissa's Pilgrimage
    Enlightened Ascetic
    Nivix Barrier
    Orbs of Warding
    Mountain

Pack 1 pick 8:
    Aven Battle Priest
    Veteran's Sidearm
    Scrapskin Drake
    Vine Snare
    Might of the Masses
--> Sigil of Valor
    Psychic Rebuttal
    Forest

Pack 1 pick 9:
--> Charging Griffin
    Catacomb Slug
    Auramancer
    Watercourser
    Nantuko Husk
    Deep-Sea Terror
    Forest

Pack 1 pick 10:
    Catacomb Slug
--> Rabid Bloodsucker
    Reclaim
    Vastwood Gorger
    Call of the Full Moon
    Plains

Pack 1 pick 11:
--> Infernal Scarring
    Healing Hands
    Vastwood Gorger
    Guardians of Meletis
    Swamp

Pack 1 pick 12:
--> Yoked Ox
    Reclaim
    Mage-Ring Network
    Mountain

Pack 1 pick 13:
--> Smash to Smithereens
    Deep-Sea Terror
    Swamp

Pack 1 pick 14:
--> Vine Snare
    Forest

Pack 1 pick 15:
--> Mountain

------ ORI ------ 

Pack 2 pick 1:
    Thornbow Archer
    Cobblebrute
    Enshrouding Mist
    Lightning Javelin
    Shambling Ghoul
    Calculated Dismissal
    Rhox Maulers
    Heavy Infantry
    Vastwood Gorger
    Artificer's Epiphany
    Iroas's Champion
    Whirler Rogue
    Somberwald Alpha
--> Molten Vortex
    Swamp

Pack 2 pick 2:
    Eyeblight Assassin
    Mage-Ring Bully
    Grasp of the Hieromancer
    Touch of Moonglove
    Aerial Volley
    Maritime Guard
    Timberpack Wolf
    Stratus Walk
    Returned Centaur
--> Ravaging Blaze
    Call of the Full Moon
    Clash of Wills
    Fleshbag Marauder
    Swamp

Pack 2 pick 3:
    Dark Dabbling
--> Chandra's Fury
    Charging Griffin
    Macabre Waltz
    Orchard Spirit
    Aspiring Aeronaut
    Mantle of Webs
    Alchemist's Vial
    Unholy Hunger
    Elemental Bond
    War Horn
    Gnarlroot Trapper
    Forest

Pack 2 pick 4:
    Act of Treason
    Celestial Flare
    Mountain
    Rabid Bloodsucker
    Separatist Voidmage
    Reclaim
    Elvish Visionary
    Artificer's Epiphany
    Murder Investigation
    Blessed Spirits
--> Scab-Clan Berserker
    Plains

Pack 2 pick 5:
    Macabre Waltz
    Volcanic Rambler
    Veteran's Sidearm
--> Titan's Strength
    Read the Bones
    Calculated Dismissal
    Veteran's Sidearm
    Might of the Masses
    Screeching Skaab
    Herald of the Pantheon
    Island

Pack 2 pick 6:
    Aven Battle Priest
    Nightsnare
    Demolish
    Auramancer
    Guardian Automaton
    Bellows Lizard
--> Stalwart Aven
    Gold-Forged Sentinel
    Animist's Awakening
    Plains

Pack 2 pick 7:
    Yoked Ox
    Bonded Construct
--> Prickleboar
    Faerie Miscreant
    Kytheon's Tactics
    Watercourser
    Jayemdae Tome
    Tainted Remedy
    Forest

Pack 2 pick 8:
--> Chandra's Fury
    Nightsnare
    Undead Servant
    Dreadwaters
    Nissa's Pilgrimage
    Maritime Guard
    Despoiler of Souls
    Island

Pack 2 pick 9:
    Thornbow Archer
    Cobblebrute
    Calculated Dismissal
    Heavy Infantry
    Vastwood Gorger
--> Iroas's Champion
    Swamp

Pack 2 pick 10:
    Grasp of the Hieromancer
    Touch of Moonglove
    Maritime Guard
    Returned Centaur
--> Call of the Full Moon
    Swamp

Pack 2 pick 11:
    Dark Dabbling
--> Macabre Waltz
    Elemental Bond
    War Horn
    Forest

Pack 2 pick 12:
    Rabid Bloodsucker
    Reclaim
--> Murder Investigation
    Plains

Pack 2 pick 13:
    Volcanic Rambler
--> Calculated Dismissal
    Island

Pack 2 pick 14:
--> Bellows Lizard
    Plains

Pack 2 pick 15:
--> Forest

------ ORI ------ 

Pack 3 pick 1:
    Smash to Smithereens
    Ampryn Tactician
    Fetid Imp
    Lightning Javelin
    Shambling Ghoul
    Calculated Dismissal
    Rhox Maulers
    Heavy Infantry
    Caustic Caterpillar
    Send to Sleep
    Tormented Thoughts
--> Skyraker Giant
    Turn to Frog
    Managorger Hydra
    Mountain

Pack 3 pick 2:
    Enshrouding Mist
    Weight of the Underworld
--> Akroan Sergeant
    Charging Griffin
    Screeching Skaab
    Titanic Growth
    Returned Centaur
    Claustrophobia
    Mantle of Webs
    Boggart Brute
    Zendikar Incarnate
    Blessed Spirits
    Harbinger of the Tides
    Island

Pack 3 pick 3:
    Infectious Bloodlust
    Akroan Jailer
    Ghirapur Gearcrafter
    Rabid Bloodsucker
    Separatist Voidmage
    Reclaim
--> Suppression Bonds
    Watercourser
    Elvish Visionary
    Throwing Knife
    Gold-Forged Sentinel
    Molten Vortex
    Forest

Pack 3 pick 4:
    Cobblebrute
--> Enshrouding Mist
    Weight of the Underworld
    Prickleboar
    Reave Soul
    Dreadwaters
    Rhox Maulers
    Kytheon's Tactics
    Elvish Visionary
    Valor in Akros
    Demonic Pact
    Plains

Pack 3 pick 5:
    Healing Hands
    Infernal Scarring
    Veteran's Sidearm
    Scrapskin Drake
    Vine Snare
    Negate
    Aerial Volley
    Angel's Tomb
--> Enthralling Victor
    Malakir Cullblade
    Plains

Pack 3 pick 6:
    Healing Hands
    Deadbridge Shaman
    Faerie Miscreant
    Nissa's Pilgrimage
    Enlightened Ascetic
    Caustic Caterpillar
    Aspiring Aeronaut
    Prism Ring
--> Battlefield Forge
    Island

Pack 3 pick 7:
    Yoked Ox
    Deadbridge Shaman
--> Cobblebrute
    Aerial Volley
    Bone to Ash
    Mantle of Webs
    Guardians of Meletis
    Psychic Rebuttal
    Plains

Pack 3 pick 8:
    Dark Dabbling
--> Infectious Bloodlust
    Akroan Jailer
    Thornbow Archer
    Timberpack Wolf
    Bone to Ash
    Screeching Skaab
    Mountain

Pack 3 pick 9:
    Smash to Smithereens
--> Ampryn Tactician
    Shambling Ghoul
    Calculated Dismissal
    Heavy Infantry
    Tormented Thoughts
    Mountain

Pack 3 pick 10:
--> Charging Griffin
    Screeching Skaab
    Titanic Growth
    Returned Centaur
    Mantle of Webs
    Island

Pack 3 pick 11:
    Akroan Jailer
    Rabid Bloodsucker
    Reclaim
--> Watercourser
    Forest

Pack 3 pick 12:
--> Cobblebrute
    Dreadwaters
    Valor in Akros
    Plains

Pack 3 pick 13:
    Veteran's Sidearm
--> Vine Snare
    Plains

Pack 3 pick 14:
--> Healing Hands
    Island

Pack 3 pick 15:
--> Plains

