Event #: 8820242
Time:    2015/09/24 21:34:01
Players:
    sakomo
    Chrislong
    Sigge1375
    Strejda
    manchit
    gubyrgnuh24
--> yoshimune
    arihiko

------ ORI ------ 

Pack 1 pick 1:
    Enshrouding Mist
    Weight of the Underworld
    Rhox Maulers
    Heavy Infantry
    Bonded Construct
    Prickleboar
    Reave Soul
    Faerie Miscreant
    Pharika's Disciple
    Disperse
--> Ravaging Blaze
    Magmatic Insight
    Knightly Valor
    Talent of the Telepath
    Forest

Pack 1 pick 2:
    Deadbridge Shaman
    Smash to Smithereens
    Ampryn Tactician
    Fetid Imp
    Timberpack Wolf
    Stratus Walk
    Boggart Brute
    Alchemist's Vial
    Unholy Hunger
    Call of the Full Moon
    Jhessian Thief
    Revenant
--> Scab-Clan Berserker
    Forest

Pack 1 pick 3:
    Subterranean Scout
    Akroan Jailer
    Dark Dabbling
    Chandra's Fury
    Caustic Caterpillar
    Aspiring Aeronaut
    Returned Centaur
--> Claustrophobia
    Mantle of Webs
    Boggart Brute
    Mage-Ring Network
    Eyeblight Massacre
    Mountain

Pack 1 pick 4:
    Deadbridge Shaman
    Cobblebrute
    Aven Battle Priest
    Nightsnare
    Elvish Visionary
    Stratus Walk
    Vastwood Gorger
    Artificer's Epiphany
    Returned Centaur
    Ghirapur Æther Grid
--> Enthralling Victor
    Plains

Pack 1 pick 5:
    Akroan Jailer
    Thornbow Archer
    Cobblebrute
    Vine Snare
    Shambling Ghoul
    Calculated Dismissal
    Yeva's Forcemage
    Negate
--> Clash of Wills
    Blightcaster
    Mountain

Pack 1 pick 6:
    Akroan Jailer
    Thornbow Archer
    Cobblebrute
    Caustic Caterpillar
    Send to Sleep
    Alchemist's Vial
--> Nantuko Husk
    Bellows Lizard
    Hydrolash
    Mountain

Pack 1 pick 7:
    Demolish
    Auramancer
    Weight of the Underworld
    Undead Servant
    Dreadwaters
    Caustic Caterpillar
--> Aspiring Aeronaut
    Meteorite
    Island

Pack 1 pick 8:
    Fetid Imp
    Scrapskin Drake
    Forest
    Bonded Construct
    Shambling Ghoul
    Stratus Walk
--> Reclusive Artificer
    Mountain

Pack 1 pick 9:
    Weight of the Underworld
    Heavy Infantry
    Bonded Construct
--> Faerie Miscreant
    Disperse
    Magmatic Insight
    Forest

Pack 1 pick 10:
    Smash to Smithereens
    Fetid Imp
--> Stratus Walk
    Alchemist's Vial
    Revenant
    Forest

Pack 1 pick 11:
    Dark Dabbling
--> Chandra's Fury
    Mantle of Webs
    Mage-Ring Network
    Mountain

Pack 1 pick 12:
    Nightsnare
--> Stratus Walk
    Ghirapur Æther Grid
    Plains

Pack 1 pick 13:
--> Thornbow Archer
    Vine Snare
    Mountain

Pack 1 pick 14:
--> Send to Sleep
    Mountain

Pack 1 pick 15:
--> Island

------ ORI ------ 

Pack 2 pick 1:
    Catacomb Slug
--> Subterranean Scout
    Separatist Voidmage
    Reclaim
    Suppression Bonds
    Veteran's Sidearm
    Firefiend Elemental
    Undead Servant
    Orchard Spirit
    Negate
    Joraga Invocation
    Zendikar Incarnate
    Gold-Forged Sentinel
    Helm of the Gods
    Plains

Pack 2 pick 2:
    Grasp of the Hieromancer
    Nightsnare
    Reclaim
    Suppression Bonds
    Alchemist's Vial
    Firefiend Elemental
    Undead Servant
    Scrapskin Drake
    Titanic Growth
    Send to Sleep
    Swift Reckoning
--> Anchor to the Æther
    Yavimaya Coast
    Island

Pack 2 pick 3:
    Charging Griffin
    Macabre Waltz
    Act of Treason
--> Faerie Miscreant
    Llanowar Empath
    Kytheon's Tactics
    Ghirapur Gearcrafter
    Undead Servant
    Yeva's Forcemage
    Negate
    War Horn
    Swift Reckoning
    Forest

Pack 2 pick 4:
    Charging Griffin
    Catacomb Slug
--> Subterranean Scout
    Hitchclaw Recluse
    Bone to Ash
    Wild Instincts
    Evolving Wilds
    Guardian Automaton
    War Horn
    Joraga Invocation
    Shaman of the Pack
    Plains

Pack 2 pick 5:
    Dark Dabbling
    Infectious Bloodlust
    Dreadwaters
    Kytheon's Tactics
    Titan's Strength
    Vastwood Gorger
--> Disperse
    Murder Investigation
    Elemental Bond
    Jace's Sanctum
    Swamp

Pack 2 pick 6:
    Eyeblight Assassin
    Grasp of the Hieromancer
    Touch of Moonglove
    Send to Sleep
--> Ringwarden Owl
    Bellows Lizard
    Blood-Cursed Knight
    Blightcaster
    Tainted Remedy
    Swamp

Pack 2 pick 7:
    Demolish
    Aven Battle Priest
    Chandra's Fury
    Nivix Barrier
    Might of the Masses
--> Screeching Skaab
    Guardians of Meletis
    Possessed Skaab
    Plains

Pack 2 pick 8:
    Infectious Bloodlust
    Enshrouding Mist
    Veteran's Sidearm
    Titan's Strength
    Calculated Dismissal
--> Disperse
    Jayemdae Tome
    Swamp

Pack 2 pick 9:
    Catacomb Slug
    Reclaim
    Veteran's Sidearm
--> Firefiend Elemental
    Undead Servant
    Negate
    Plains

Pack 2 pick 10:
    Nightsnare
    Reclaim
--> Scrapskin Drake
    Titanic Growth
    Send to Sleep
    Island

Pack 2 pick 11:
    Macabre Waltz
--> Act of Treason
    Kytheon's Tactics
    Negate
    Forest

Pack 2 pick 12:
    Catacomb Slug
    Bone to Ash
--> War Horn
    Plains

Pack 2 pick 13:
    Dark Dabbling
--> Murder Investigation
    Swamp

Pack 2 pick 14:
--> Tainted Remedy
    Swamp

Pack 2 pick 15:
--> Plains

------ ORI ------ 

Pack 3 pick 1:
    Macabre Waltz
    Act of Treason
    Celestial Flare
    Thornbow Archer
    Yeva's Forcemage
    Maritime Guard
    Stalwart Aven
    Returned Centaur
    Ringwarden Owl
    Mantle of Webs
    Blazing Hellhound
    Shadows of the Past
    Undercity Troll
--> Soulblade Djinn
    Island

Pack 3 pick 2:
    Dragon Fodder
    Celestial Flare
    Dark Dabbling
    Infectious Bloodlust
    Caustic Caterpillar
    Aspiring Aeronaut
--> Fiery Impulse
    Knight of the Pilgrim's Road
    Nantuko Husk
    Deep-Sea Terror
    Consecrated by Blood
    Goblin Glory Chaser
    Consul's Lieutenant
    Swamp

Pack 3 pick 3:
    Yoked Ox
    Catacomb Slug
    Nissa's Pilgrimage
    Enlightened Ascetic
--> Ghirapur Gearcrafter
    Rabid Bloodsucker
    Separatist Voidmage
    Pharika's Disciple
    Watercourser
    Elemental Bond
    Somberwald Alpha
    Zendikar's Roil
    Plains

Pack 3 pick 4:
    Healing Hands
    Deadbridge Shaman
--> Smash to Smithereens
    Calculated Dismissal
    Llanowar Empath
    Enlightened Ascetic
    Rabid Bloodsucker
    Aerial Volley
    Maritime Guard
    Blazing Hellhound
    Starfield of Nyx
    Swamp

Pack 3 pick 5:
    Aven Battle Priest
    Eyeblight Assassin
--> Chandra's Fury
    Grasp of the Hieromancer
    Elvish Visionary
    Artificer's Epiphany
    Unholy Hunger
    Deep-Sea Terror
    Necromantic Summons
    Rogue's Passage
    Plains

Pack 3 pick 6:
    Nightsnare
    Vine Snare
    Heavy Infantry
    Reave Soul
    Might of the Masses
    Screeching Skaab
    Tormented Thoughts
    Bounding Krasis
--> Mizzium Meddler
    Island

Pack 3 pick 7:
--> Chandra's Fury
    Charging Griffin
    Reclaim
    Shambling Ghoul
    Aerial Volley
    Bone to Ash
    Sylvan Messenger
    Totem-Guide Hartebeest
    Plains

Pack 3 pick 8:
    Fetid Imp
    Smash to Smithereens
    Heavy Infantry
    Prickleboar
--> Faerie Miscreant
    Bone to Ash
    Animist's Awakening
    Mountain

Pack 3 pick 9:
    Macabre Waltz
--> Celestial Flare
    Thornbow Archer
    Maritime Guard
    Returned Centaur
    Mantle of Webs
    Island

Pack 3 pick 10:
    Dark Dabbling
    Infectious Bloodlust
--> Aspiring Aeronaut
    Deep-Sea Terror
    Consecrated by Blood
    Swamp

Pack 3 pick 11:
    Yoked Ox
    Catacomb Slug
--> Rabid Bloodsucker
    Elemental Bond
    Plains

Pack 3 pick 12:
    Healing Hands
--> Calculated Dismissal
    Rabid Bloodsucker
    Swamp

Pack 3 pick 13:
--> Artificer's Epiphany
    Deep-Sea Terror
    Plains

Pack 3 pick 14:
--> Tormented Thoughts
    Island

Pack 3 pick 15:
--> Plains

