Event #: 8868129
Time:    10/8/2015 6:38:16 PM
Players:
    meequee
    tote1212
    Jonathan Lobo
    BazookaJoe
    Zion2
--> Brolar
    Outpost316
    Galyan

------ ORI ------ 

Pack 1 pick 1:
    Catacomb Slug
    Demolish
    Aven Battle Priest
    Eyeblight Assassin
    Hitchclaw Recluse
    Nivix Barrier
    Guardians of Meletis
--> Fiery Impulse
    Returned Centaur
    Wild Instincts
    Brawler's Plate
    Sphinx's Tutelage
    Gold-Forged Sentinel
    Alhammarret's Archive
    Plains

Pack 1 pick 2:
    Akroan Sergeant
    Charging Griffin
    Catacomb Slug
    Subterranean Scout
    Vastwood Gorger
    Artificer's Epiphany
    Guardians of Meletis
--> Fiery Impulse
    Knight of the Pilgrim's Road
    Nantuko Husk
    Call of the Full Moon
    Gnarlroot Trapper
    Fiery Conclusion
    Forest

Pack 1 pick 3:
    Fetid Imp
    Akroan Sergeant
    Reclaim
    Veteran's Sidearm
    Firefiend Elemental
    Undead Servant
    Scrapskin Drake
    Titanic Growth
    Send to Sleep
--> Chief of the Foundry
    Revenant
    Molten Vortex
    Island

Pack 1 pick 4:
    Nightsnare
    Dragon Fodder
    Dark Dabbling
    Titanic Growth
    Send to Sleep
    Nantuko Husk
    Deep-Sea Terror
    Leaf Gilder
    Guardians of Meletis
    Murder Investigation
--> Enthralling Victor
    Plains

Pack 1 pick 5:
    Catacomb Slug
    Touch of Moonglove
    Pharika's Disciple
    Disperse
    Ringwarden Owl
    Mantle of Webs
    Boggart Brute
    Alchemist's Vial
--> Zendikar Incarnate
    Caves of Koilos
    Mountain

Pack 1 pick 6:
    Healing Hands
    Deadbridge Shaman
    Smash to Smithereens
--> Orchard Spirit
    Negate
    Ringwarden Owl
    Conclave Naturalists
    Anointer of Champions
    Tower Geist
    Mountain

Pack 1 pick 7:
    Act of Treason
    Mighty Leap
    Macabre Waltz
    Volcanic Rambler
--> Hitchclaw Recluse
    Bone to Ash
    Guardians of Meletis
    Prism Ring
    Forest

Pack 1 pick 8:
    Eyeblight Assassin
    Touch of Moonglove
    Artificer's Epiphany
--> Might of the Masses
    Screeching Skaab
    Guardians of Meletis
    Valor in Akros
    Forest

Pack 1 pick 9:
    Catacomb Slug
    Demolish
--> Hitchclaw Recluse
    Nivix Barrier
    Returned Centaur
    Brawler's Plate
    Plains

Pack 1 pick 10:
--> Akroan Sergeant
    Catacomb Slug
    Vastwood Gorger
    Artificer's Epiphany
    Guardians of Meletis
    Forest

Pack 1 pick 11:
    Reclaim
    Veteran's Sidearm
--> Send to Sleep
    Revenant
    Island

Pack 1 pick 12:
    Nightsnare
--> Send to Sleep
    Deep-Sea Terror
    Plains

Pack 1 pick 13:
    Mantle of Webs
--> Alchemist's Vial
    Mountain

Pack 1 pick 14:
--> Healing Hands
    Mountain

Pack 1 pick 15:
--> Forest

------ ORI ------ 

Pack 2 pick 1:
    Act of Treason
    Celestial Flare
    Thornbow Archer
    Volcanic Rambler
    Stratus Walk
    Pharika's Disciple
    Knight of the Pilgrim's Road
    Nantuko Husk
    Deep-Sea Terror
    Leaf Gilder
    Tormented Thoughts
--> Zendikar Incarnate
    Jhessian Thief
    Demonic Pact
    Mountain

Pack 2 pick 2:
    Ampryn Tactician
    Fetid Imp
    Smash to Smithereens
    Healing Hands
    Aerial Volley
    Maritime Guard
--> Fiery Impulse
    Knight of the Pilgrim's Road
    Nantuko Husk
    Deep-Sea Terror
    Chief of the Foundry
    Totem-Guide Hartebeest
    Foundry of the Consuls
    Plains

Pack 2 pick 3:
    Infectious Bloodlust
    Enshrouding Mist
    Eyeblight Assassin
    Mage-Ring Bully
    Yeva's Forcemage
    Maritime Guard
    Knight of the Pilgrim's Road
    Deep-Sea Terror
--> Wild Instincts
    Hydrolash
    Sylvan Messenger
    Throwing Knife
    Plains

Pack 2 pick 4:
    Subterranean Scout
    Akroan Jailer
    Dark Dabbling
    Chandra's Fury
    Vastwood Gorger
    Disperse
--> Guardian Automaton
    Mantle of Webs
    Guardian Automaton
    Sigil of Valor
    Bounding Krasis
    Plains

Pack 2 pick 5:
    Weight of the Underworld
--> Akroan Sergeant
    Charging Griffin
    Yeva's Forcemage
    Negate
    Claustrophobia
    Bellows Lizard
    Returned Centaur
    Angel's Tomb
    Tainted Remedy
    Swamp

Pack 2 pick 6:
    Deadbridge Shaman
    Chandra's Fury
    Charging Griffin
    Macabre Waltz
    Artificer's Epiphany
--> Timberpack Wolf
    Ringwarden Owl
    Boggart Brute
    Murder Investigation
    Swamp

Pack 2 pick 7:
    Charging Griffin
    Macabre Waltz
--> Act of Treason
    Caustic Caterpillar
    Send to Sleep
    Knight of the Pilgrim's Road
    Deep-Sea Terror
    Psychic Rebuttal
    Island

Pack 2 pick 8:
    Infernal Scarring
    Dragon Fodder
    Yoked Ox
--> Timberpack Wolf
    Stratus Walk
    Evolving Wilds
    Guardian Automaton
    Island

Pack 2 pick 9:
    Act of Treason
    Volcanic Rambler
    Stratus Walk
--> Nantuko Husk
    Deep-Sea Terror
    Tormented Thoughts
    Mountain

Pack 2 pick 10:
    Smash to Smithereens
    Healing Hands
--> Aerial Volley
    Deep-Sea Terror
    Totem-Guide Hartebeest
    Plains

Pack 2 pick 11:
--> Infectious Bloodlust
    Deep-Sea Terror
    Hydrolash
    Sylvan Messenger
    Plains

Pack 2 pick 12:
    Akroan Jailer
--> Vastwood Gorger
    Mantle of Webs
    Plains

Pack 2 pick 13:
    Bellows Lizard
--> Tainted Remedy
    Swamp

Pack 2 pick 14:
--> Murder Investigation
    Swamp

Pack 2 pick 15:
--> Island

------ ORI ------ 

Pack 3 pick 1:
    Akroan Sergeant
    Yoked Ox
    Catacomb Slug
    Demolish
    Pharika's Disciple
    Watercourser
    Elvish Visionary
    Nivix Barrier
    Maritime Guard
--> Leaf Gilder
    Necromantic Summons
    Revenant
    Jhessian Thief
    Thopter Spy Network
    Mountain

Pack 3 pick 2:
    Infectious Bloodlust
    Akroan Jailer
    Thornbow Archer
    Cobblebrute
    Caustic Caterpillar
    Aspiring Aeronaut
    Returned Centaur
--> Wild Instincts
    Guardian Automaton
    Citadel Castellan
    Blood-Cursed Knight
    Thunderclap Wyvern
    Infinite Obliteration
    Island

Pack 3 pick 3:
    Deadbridge Shaman
    Smash to Smithereens
    Ampryn Tactician
    Nissa's Pilgrimage
    Enlightened Ascetic
    Ghirapur Gearcrafter
    Rabid Bloodsucker
    Separatist Voidmage
    Might of the Masses
    Screeching Skaab
    Totem-Guide Hartebeest
--> Somberwald Alpha
    Plains

Pack 3 pick 4:
    Ampryn Tactician
    Fetid Imp
    Akroan Sergeant
    Yoked Ox
    Aerial Volley
    Maritime Guard
    Knight of the Pilgrim's Road
    Deep-Sea Terror
--> Leaf Gilder
    Skaab Goliath
    Llanowar Wastes
    Forest

Pack 3 pick 5:
    Cobblebrute
    Aven Battle Priest
    Nightsnare
    Demolish
--> Titanic Growth
    Nivix Barrier
    Alchemist's Vial
    Ringwarden Owl
    Bellows Lizard
    Ghirapur Æther Grid
    Swamp

Pack 3 pick 6:
    Deadbridge Shaman
--> Smash to Smithereens
    Ampryn Tactician
    Fetid Imp
    Stratus Walk
    Deep-Sea Terror
    Alchemist's Vial
    Nantuko Husk
    Hydrolash
    Swamp

Pack 3 pick 7:
    Chandra's Fury
    Nightsnare
--> Dragon Fodder
    Bone to Ash
    Guardian Automaton
    Claustrophobia
    Bellows Lizard
    Mage-Ring Network
    Island

Pack 3 pick 8:
    Dark Dabbling
--> Infectious Bloodlust
    Akroan Jailer
    Screeching Skaab
    Returned Centaur
    Mantle of Webs
    Gather the Pack
    Swamp

Pack 3 pick 9:
    Yoked Ox
    Catacomb Slug
    Demolish
--> Watercourser
    Nivix Barrier
    Maritime Guard
    Mountain

Pack 3 pick 10:
    Cobblebrute
--> Caustic Caterpillar
    Returned Centaur
    Guardian Automaton
    Infinite Obliteration
    Island

Pack 3 pick 11:
--> Smash to Smithereens
    Nissa's Pilgrimage
    Enlightened Ascetic
    Screeching Skaab
    Plains

Pack 3 pick 12:
    Yoked Ox
    Maritime Guard
--> Deep-Sea Terror
    Forest

Pack 3 pick 13:
    Demolish
--> Bellows Lizard
    Swamp

Pack 3 pick 14:
--> Deep-Sea Terror
    Swamp

Pack 3 pick 15:
--> Island

