Event #: 8871527
Time:    10/9/2015 9:57:26 PM
Players:
    ENIGMATIZE
    coopergfrye
    Sotan
    nuts_galore
--> malthrin
    Worthanos
    Tempuramancer
    XXITheUniverse

------ BFZ ------ 

Pack 1 pick 1:
    Kalastria Nightwatch
    Earthen Arms
    Murk Strider
    Wave-Wing Elemental
    Fertile Thicket
    Geyserfield Stalker
    Snapping Gnarlid
    Evolving Wilds
    Felidar Cub
    Goblin War Paint
    Tide Drifter
    Infuse with the Elements
    Akoum Stonewaker
--> Serpentine Spike
    Plains

Pack 1 pick 2:
    Swell of Growth
    Mist Intruder
    Dutiful Return
    Blisterpod
    Kor Castigator
    Ondu Greathorn
    Lifespring Druid
    Ondu Champion
    Gideon's Reproach
    Angel of Renewal
    Retreat to Hagra
    Blighted Gorge
--> Radiant Flames
    Mountain

Pack 1 pick 3:
--> Incubator Drone
    Kalastria Healer
    Looming Spires
    Fertile Thicket
    Snapping Gnarlid
    Spell Shrivel
    Complete Disregard
    Scour from Existence
    Lithomancer's Focus
    Goblin War Paint
    Drana's Emissary
    Breaker of Armies
    Forest

Pack 1 pick 4:
    Brilliant Spectrum
    Altar's Reap
    Roilmage's Trick
    Stone Haven Medic
--> Kozilek's Sentinel
    Lifespring Druid
    Valakut Predator
    Valakut Invoker
    Resolute Blademaster
    Processor Assault
    Retreat to Valakut
    Swamp

Pack 1 pick 5:
    Salvage Drone
    Kalastria Healer
    Blisterpod
    Oracle of Dust
    Lithomancer's Focus
    Sure Strike
    Ondu Champion
    Makindi Sliderunner
--> Horribly Awry
    Zulaport Cutthroat
    Plains

Pack 1 pick 6:
    Altar's Reap
    Plummet
    Coralhelm Guide
    Mire's Malice
    Volcanic Upheaval
--> Kozilek's Sentinel
    Vestige of Emrakul
    Retreat to Coralhelm
    Blighted Woodland
    Island

Pack 1 pick 7:
    Clutch of Currents
    Looming Spires
    Fertile Thicket
    Spell Shrivel
    Scour from Existence
    Makindi Patrol
--> Nettle Drone
    Chasm Guide
    Plains

Pack 1 pick 8:
    Seek the Wilds
    Oracle of Dust
    Altar's Reap
    Plummet
    Lavastep Raider
    Hedron Blade
--> Valakut Invoker
    Island

Pack 1 pick 9:
    Earthen Arms
    Wave-Wing Elemental
    Fertile Thicket
    Geyserfield Stalker
    Goblin War Paint
--> Akoum Stonewaker
    Plains

Pack 1 pick 10:
    Mist Intruder
    Dutiful Return
    Blisterpod
    Ondu Champion
--> Blighted Gorge
    Mountain

Pack 1 pick 11:
    Looming Spires
--> Spell Shrivel
    Scour from Existence
    Goblin War Paint
    Forest

Pack 1 pick 12:
    Brilliant Spectrum
    Altar's Reap
--> Roilmage's Trick
    Swamp

Pack 1 pick 13:
    Blisterpod
--> Oracle of Dust
    Plains

Pack 1 pick 14:
    Volcanic Upheaval
--> Island

Pack 1 pick 15:
--> Plains

------ BFZ ------ 

Pack 2 pick 1:
--> Incubator Drone
    Kalastria Healer
    Complete Disregard
    Ruin Processor
    Skyline Cascade
    Eyeless Watcher
    Rush of Ice
    Silent Skimmer
    Shatterskull Recruit
    Felidar Cub
    Blighted Gorge
    Kor Bladewhirl
    Skyrider Elf
    Ally Encampment
    Island

Pack 2 pick 2:
    Coralhelm Guide
    Mire's Malice
    Tajuru Stalwart
    Clutch of Currents
    Fortified Rampart
--> Nettle Drone
    Cliffside Lookout
    Outnumber
    Touch of the Void
    Shadow Glider
    Slab Hammer
    Roil Spout
    Serene Steward
    Island

Pack 2 pick 3:
    Sludge Crawler
    Plummet
--> Eldrazi Skyspawner
    Hedron Blade
    Bone Splinters
    Sandstone Bridge
    Cloud Manta
    Kor Castigator
    Boiling Earth
    Bloodbond Vampire
    Kor Entanglers
    Jaddi Offshoot
    Plains

Pack 2 pick 4:
    Call the Scions
    Roilmage's Trick
    Evolving Wilds
    Shadow Glider
    Bone Splinters
    Unnatural Aggression
    Sandstone Bridge
    Lithomancer's Focus
--> Outnumber
    Expedition Envoy
    Halimar Tidecaller
    Swamp

Pack 2 pick 5:
    Reclaiming Vines
    Salvage Drone
    Swarm Surge
    Call the Scions
    Sure Strike
    Vestige of Emrakul
    Ghostly Sentinel
    Dominator Drone
--> Titan's Presence
    Molten Nursery
    Forest

Pack 2 pick 6:
    Swarm Surge
    Fortified Rampart
    Lavastep Raider
    Makindi Patrol
--> Kozilek's Sentinel
    Sheer Drop
    Void Attendant
    Grove Rumbler
    Infuse with the Elements
    Mountain

Pack 2 pick 7:
    Mind Raker
    Broodhunter Wurm
    Mortuary Mire
--> Looming Spires
    Grave Birthing
    Eyeless Watcher
    Stone Haven Medic
    Volcanic Upheaval
    Island

Pack 2 pick 8:
    Territorial Baloth
    Roilmage's Trick
    Dutiful Return
    Silent Skimmer
--> Rush of Ice
    Angelic Gift
    Lavastep Raider
    Plains

Pack 2 pick 9:
    Complete Disregard
    Skyline Cascade
    Rush of Ice
    Silent Skimmer
--> Shatterskull Recruit
    Felidar Cub
    Island

Pack 2 pick 10:
    Mire's Malice
    Fortified Rampart
--> Outnumber
    Slab Hammer
    Roil Spout
    Island

Pack 2 pick 11:
    Sludge Crawler
    Plummet
    Hedron Blade
--> Boiling Earth
    Plains

Pack 2 pick 12:
    Roilmage's Trick
--> Evolving Wilds
    Sandstone Bridge
    Swamp

Pack 2 pick 13:
    Reclaiming Vines
--> Molten Nursery
    Forest

Pack 2 pick 14:
    Lavastep Raider
--> Mountain

Pack 2 pick 15:
--> Volcanic Upheaval

------ BFZ ------ 

Pack 3 pick 1:
    Mire's Malice
    Giant Mantis
    Ruin Processor
    Skyline Cascade
    Eyeless Watcher
    Carrier Thrall
    Silent Skimmer
    Mortuary Mire
    Inspired Charge
    Volcanic Upheaval
    Plated Crusher
    Spawning Bed
--> Windrider Patrol
    Sanctum of Ugin
    Plains

Pack 3 pick 2:
    Oracle of Dust
    Voracious Null
    Fertile Thicket
    Snapping Gnarlid
--> Spell Shrivel
    Complete Disregard
    Scour from Existence
    Tajuru Beastmaster
    Inspired Charge
    Boiling Earth
    Tunneling Geopede
    Breaker of Armies
    Retreat to Valakut
    Island

Pack 3 pick 3:
    Reclaiming Vines
    Salvage Drone
    Swarm Surge
    Skyline Cascade
    Eldrazi Skyspawner
    Bone Splinters
    Broodhunter Wurm
    Felidar Cub
    Boiling Earth
    Carrier Thrall
    Grove Rumbler
--> Turn Against
    Mountain

Pack 3 pick 4:
    Brilliant Spectrum
    Altar's Reap
    Call the Scions
    Wave-Wing Elemental
    Evolving Wilds
    Silent Skimmer
    Rush of Ice
    Fortified Rampart
    Dispel
--> Adverse Conditions
    Sylvan Scrying
    Plains

Pack 3 pick 5:
    Earthen Arms
    Murk Strider
    Sludge Crawler
    Tandem Tactics
--> Outnumber
    Dominator Drone
    Ondu Champion
    Skyline Cascade
    Dampening Pulse
    Hedron Archive
    Plains

Pack 3 pick 6:
    Murk Strider
    Voracious Null
    Wave-Wing Elemental
    Evolving Wilds
    Silent Skimmer
    Rush of Ice
    Kozilek's Sentinel
--> Ulamog's Reclaimer
    Firemantle Mage
    Forest

Pack 3 pick 7:
    Culling Drone
    Giant Mantis
    Anticipate
    Mind Raker
    Fortified Rampart
    Belligerent Whiptail
--> Valakut Invoker
    Retreat to Coralhelm
    Plains

Pack 3 pick 8:
    Murk Strider
    Voracious Null
    Brilliant Spectrum
    Sure Strike
    Benthic Infiltrator
--> Kozilek's Channeler
    Processor Assault
    Island

Pack 3 pick 9:
    Mire's Malice
--> Ruin Processor
    Skyline Cascade
    Mortuary Mire
    Volcanic Upheaval
    Sanctum of Ugin
    Plains

Pack 3 pick 10:
    Oracle of Dust
    Scour from Existence
    Boiling Earth
--> Breaker of Armies
    Retreat to Valakut
    Island

Pack 3 pick 11:
    Reclaiming Vines
    Salvage Drone
--> Skyline Cascade
    Broodhunter Wurm
    Mountain

Pack 3 pick 12:
    Brilliant Spectrum
    Altar's Reap
--> Dispel
    Plains

Pack 3 pick 13:
--> Murk Strider
    Ondu Champion
    Plains

Pack 3 pick 14:
--> Voracious Null
    Forest

Pack 3 pick 15:
--> Plains

