Event #: 8871222
Time:    10/9/2015 8:00:30 PM
Players:
    furnykrasis
    narumin
    tsolias
--> malthrin
    Irenic
    jordanlovato
    Domri_Rade
    SWPC

------ BFZ ------ 

Pack 1 pick 1:
    Plummet
    Coralhelm Guide
    Mire's Malice
    Tightening Coils
    Eldrazi Devastator
    Demon's Grasp
    Looming Spires
    Mire's Malice
    Boiling Earth
    Lithomancer's Focus
    Roil's Retribution
--> Tajuru Warcaller
    Deathless Behemoth
    Scatter to the Winds
    Forest

Pack 1 pick 2:
    Blisterpod
    Oracle of Dust
    Voracious Null
    Reclaiming Vines
    Reckless Cohort
    Stone Haven Medic
    Benthic Infiltrator
    Touch of the Void
    Shadow Glider
    Stasis Snare
    Scythe Leopard
    Tide Drifter
--> Planar Outburst
    Plains

Pack 1 pick 3:
    Swell of Growth
    Fertile Thicket
    Geyserfield Stalker
    Snapping Gnarlid
    Evolving Wilds
--> Eldrazi Skyspawner
    Hedron Blade
    Belligerent Whiptail
    Angelic Gift
    Blighted Woodland
    Ulamog's Despoiler
    Forerunner of Slaughter
    Mountain

Pack 1 pick 4:
    Tajuru Stalwart
    Culling Drone
    Seek the Wilds
    Kitesail Scout
    Reckless Cohort
    Inspired Charge
    Volcanic Upheaval
    Valakut Invoker
    Processor Assault
--> Spawning Bed
    Windrider Patrol
    Swamp

Pack 1 pick 5:
    Giant Mantis
    Brilliant Spectrum
    Ruin Processor
    Bone Splinters
    Broodhunter Wurm
    Mortuary Mire
--> Tightening Coils
    Kor Castigator
    Boiling Earth
    Jaddi Offshoot
    Swamp

Pack 1 pick 6:
    Territorial Baloth
    Kalastria Nightwatch
    Swell of Growth
    Lavastep Raider
    Fortified Rampart
    Valakut Predator
    Valakut Invoker
    Expedition Envoy
--> Void Attendant
    Swamp

Pack 1 pick 7:
    Territorial Baloth
    Roilmage's Trick
    Eldrazi Devastator
    Looming Spires
    Fertile Thicket
--> Snapping Gnarlid
    Fortified Rampart
    Resolute Blademaster
    Plains

Pack 1 pick 8:
    Earthen Arms
    Sludge Crawler
    Scour from Existence
    Angelic Gift
    Belligerent Whiptail
    Blighted Cataract
--> Grove Rumbler
    Plains

Pack 1 pick 9:
    Plummet
    Mire's Malice
    Eldrazi Devastator
    Demon's Grasp
--> Boiling Earth
    Lithomancer's Focus
    Forest

Pack 1 pick 10:
    Oracle of Dust
    Voracious Null
    Reclaiming Vines
--> Reckless Cohort
    Stone Haven Medic
    Plains

Pack 1 pick 11:
    Swell of Growth
    Fertile Thicket
    Geyserfield Stalker
--> Belligerent Whiptail
    Mountain

Pack 1 pick 12:
--> Seek the Wilds
    Volcanic Upheaval
    Processor Assault
    Swamp

Pack 1 pick 13:
--> Ruin Processor
    Mortuary Mire
    Swamp

Pack 1 pick 14:
    Fortified Rampart
--> Valakut Invoker

Pack 1 pick 15:
--> Fortified Rampart

------ BFZ ------ 

Pack 2 pick 1:
    Kalastria Healer
    Blisterpod
    Oracle of Dust
    Voracious Null
    Tandem Tactics
    Shatterskull Recruit
    Tightening Coils
--> Makindi Sliderunner
    Smite the Monstrous
    Kozilek's Channeler
    Hagra Sharpshooter
    Ondu Rising
    Horribly Awry
    Guul Draz Overseer
    Swamp

Pack 2 pick 2:
    Dutiful Return
    Swell of Growth
    Dispel
--> Snapping Gnarlid
    Spell Shrivel
    Complete Disregard
    Scour from Existence
    Tajuru Beastmaster
    Volcanic Upheaval
    Angelic Gift
    Carrier Thrall
    Retreat to Coralhelm
    Vampiric Rites
    Island

Pack 2 pick 3:
    Reclaiming Vines
    Mist Intruder
    Mire's Malice
    Cloud Manta
    Sandstone Bridge
    Tajuru Beastmaster
    Demon's Grasp
    Skyline Cascade
    Felidar Cub
    Goblin War Paint
    Retreat to Emeria
--> Akoum Stonewaker
    Swamp

Pack 2 pick 4:
    Culling Drone
    Seek the Wilds
    Nirkana Assassin
    Kozilek's Sentinel
    Cryptic Cruiser
    Ondu Greathorn
    Ondu Champion
--> Makindi Sliderunner
    Gideon's Reproach
    Breaker of Armies
    Retreat to Valakut
    Plains

Pack 2 pick 5:
    Oran-Rief Invoker
    Dispel
    Mind Raker
    Mortuary Mire
    Tightening Coils
--> Looming Spires
    Grave Birthing
    Boiling Earth
    Makindi Patrol
    Blighted Cataract
    Swamp

Pack 2 pick 6:
    Plummet
    Salvage Drone
    Kalastria Healer
    Wave-Wing Elemental
    Rush of Ice
    Natural Connection
--> Belligerent Whiptail
    Transgress the Mind
    Retreat to Hagra
    Island

Pack 2 pick 7:
    Altar's Reap
    Roilmage's Trick
    Swarm Surge
    Sure Strike
    Vestige of Emrakul
--> Valakut Predator
    Shadow Glider
    Infuse with the Elements
    Swamp

Pack 2 pick 8:
    Brilliant Spectrum
    Altar's Reap
    Call the Scions
    Roilmage's Trick
    Tandem Tactics
--> Stonefury
    Smite the Monstrous
    Plains

Pack 2 pick 9:
--> Blisterpod
    Oracle of Dust
    Voracious Null
    Tandem Tactics
    Tightening Coils
    Hagra Sharpshooter
    Swamp

Pack 2 pick 10:
    Dutiful Return
--> Dispel
    Scour from Existence
    Volcanic Upheaval
    Angelic Gift
    Island

Pack 2 pick 11:
    Reclaiming Vines
    Mire's Malice
    Skyline Cascade
--> Felidar Cub
    Swamp

Pack 2 pick 12:
    Nirkana Assassin
    Ondu Champion
--> Retreat to Valakut
    Plains

Pack 2 pick 13:
    Mortuary Mire
--> Boiling Earth
    Swamp

Pack 2 pick 14:
--> Plummet
    Island

Pack 2 pick 15:
--> Swamp

------ BFZ ------ 

Pack 3 pick 1:
    Nirkana Assassin
    Seek the Wilds
    Grave Birthing
    Broodhunter Wurm
    Spell Shrivel
    Complete Disregard
    Ruin Processor
    Skyline Cascade
    Lithomancer's Focus
    Goblin War Paint
--> Vile Aggregate
    Rising Miasma
    Breaker of Armies
    Lantern Scout
    Island

Pack 3 pick 2:
    Mire's Malice
    Giant Mantis
    Unnatural Aggression
    Geyserfield Stalker
    Cloud Manta
    Sandstone Bridge
    Tajuru Beastmaster
    Shatterskull Recruit
    Lithomancer's Focus
    Ulamog's Despoiler
    Crumble to Dust
    Skyrider Elf
--> Oran-Rief Hydra
    Plains

Pack 3 pick 3:
    Nirkana Assassin
    Seek the Wilds
    Oracle of Dust
    Reckless Cohort
    Felidar Cub
    Courier Griffin
    Smite the Monstrous
    Stonefury
    Ondu Greathorn
    Blighted Gorge
--> Grove Rumbler
    Akoum Hellkite
    Forest

Pack 3 pick 4:
    Oracle of Dust
    Altar's Reap
    Plummet
    Coralhelm Guide
    Tandem Tactics
    Sure Strike
    Felidar Cub
    Kozilek's Sentinel
--> Makindi Sliderunner
    Gideon's Reproach
    Firemantle Mage
    Island

Pack 3 pick 5:
    Giant Mantis
    Mind Raker
    Eyeless Watcher
    Rush of Ice
    Silent Skimmer
    Mortuary Mire
--> Natural Connection
    Lavastep Raider
    Crumble to Dust
    Rising Miasma
    Plains

Pack 3 pick 6:
    Swarm Surge
    Call the Scions
    Murk Strider
    Shatterskull Recruit
    Touch of the Void
--> Makindi Sliderunner
    Coastal Discovery
    Pathway Arrows
    Plated Crusher
    Forest

Pack 3 pick 7:
--> Sludge Crawler
    Earthen Arms
    Bone Splinters
    Sandstone Bridge
    Scour from Existence
    Goblin War Paint
    Tandem Tactics
    Murasa Ranger
    Mountain

Pack 3 pick 8:
    Mire's Malice
    Clutch of Currents
--> Culling Drone
    Inspired Charge
    Boiling Earth
    Valakut Invoker
    Ulamog's Reclaimer
    Island

Pack 3 pick 9:
    Nirkana Assassin
    Seek the Wilds
--> Spell Shrivel
    Ruin Processor
    Skyline Cascade
    Goblin War Paint
    Island

Pack 3 pick 10:
    Mire's Malice
    Geyserfield Stalker
    Tajuru Beastmaster
--> Shatterskull Recruit
    Crumble to Dust
    Plains

Pack 3 pick 11:
    Oracle of Dust
    Reckless Cohort
    Smite the Monstrous
--> Stonefury
    Forest

Pack 3 pick 12:
--> Oracle of Dust
    Altar's Reap
    Plummet
    Island

Pack 3 pick 13:
--> Mind Raker
    Mortuary Mire
    Crumble to Dust

Pack 3 pick 14:
--> Shatterskull Recruit
    Pathway Arrows

Pack 3 pick 15:
--> Mountain

