Event #: 8873350
Time:    10/10/2015 10:55:50 AM
Players:
    gyoraibo
    MoriTakayuki
    Svansus
    purfender
    dtardif
--> malthrin
    reaper092
    Bisho77

------ BFZ ------ 

Pack 1 pick 1:
    Voracious Null
    Reclaiming Vines
    Mist Intruder
    Mire's Malice
    Tandem Tactics
    Shatterskull Recruit
    Felidar Cub
    Goblin War Paint
    Dominator Drone
    Stonefury
    Malakir Familiar
--> Ruination Guide
    Firemantle Mage
    Lumbering Falls
    Mountain

Pack 1 pick 2:
    Reclaiming Vines
    Salvage Drone
    Swarm Surge
    Call the Scions
    Tandem Tactics
--> Outnumber
    Dominator Drone
    Ondu Champion
    Ghostly Sentinel
    Benthic Infiltrator
    Kor Bladewhirl
    Rot Shambler
    Gruesome Slaughter
    Island

Pack 1 pick 3:
    Swarm Surge
    Call the Scions
    Murk Strider
    Voracious Null
    Kitesail Scout
    Belligerent Whiptail
    Kor Castigator
    Reckless Cohort
    Shadow Glider
    Stonefury
    Rising Miasma
--> Retreat to Emeria
    Island

Pack 1 pick 4:
    Plummet
    Mire's Malice
    Eyeless Watcher
    Eldrazi Devastator
    Fertile Thicket
    Geyserfield Stalker
    Tandem Tactics
    Sure Strike
    Crumble to Dust
    Horribly Awry
--> Angelic Captain
    Plains

Pack 1 pick 5:
    Dutiful Return
    Blisterpod
    Natural Connection
    Geyserfield Stalker
    Sandstone Bridge
    Makindi Patrol
--> Kozilek's Sentinel
    Sylvan Scrying
    Slab Hammer
    Bloodbond Vampire
    Island

Pack 1 pick 6:
    Voracious Null
    Oran-Rief Invoker
    Brilliant Spectrum
    Kitesail Scout
    Shatterskull Recruit
    Sure Strike
--> Herald of Kozilek
    Retreat to Valakut
    Exert Influence
    Island

Pack 1 pick 7:
    Kalastria Nightwatch
    Earthen Arms
    Murk Strider
    Sludge Crawler
    Cliffside Lookout
--> Valakut Predator
    Valakut Invoker
    Shadow Glider
    Swamp

Pack 1 pick 8:
    Seek the Wilds
    Altar's Reap
    Goblin War Paint
--> Smite the Monstrous
    Ondu Greathorn
    Expedition Envoy
    Infuse with the Elements
    Plains

Pack 1 pick 9:
    Voracious Null
    Reclaiming Vines
    Mire's Malice
--> Tandem Tactics
    Felidar Cub
    Goblin War Paint
    Mountain

Pack 1 pick 10:
    Reclaiming Vines
    Salvage Drone
    Swarm Surge
--> Tandem Tactics
    Dominator Drone
    Island

Pack 1 pick 11:
    Murk Strider
    Voracious Null
    Kitesail Scout
--> Belligerent Whiptail
    Island

Pack 1 pick 12:
    Mire's Malice
    Fertile Thicket
--> Geyserfield Stalker
    Plains

Pack 1 pick 13:
    Dutiful Return
--> Geyserfield Stalker
    Island

Pack 1 pick 14:
--> Kitesail Scout
    Island

Pack 1 pick 15:
--> Swamp

------ BFZ ------ 

Pack 2 pick 1:
    Swell of Growth
    Mist Intruder
    Dutiful Return
    Blisterpod
    Fortified Rampart
    Belligerent Whiptail
    Shadow Glider
    Lifespring Druid
    Valakut Invoker
    Ondu Greathorn
--> Tunneling Geopede
    Vampiric Rites
    Jaddi Offshoot
    Fathom Feeder
    Forest

Pack 2 pick 2:
    Plummet
    Salvage Drone
    Kalastria Healer
    Scour from Existence
    Tajuru Beastmaster
    Wave-Wing Elemental
    Evolving Wilds
    Silent Skimmer
    Belligerent Whiptail
    Vile Aggregate
--> Deathless Behemoth
    Halimar Tidecaller
    Painful Truths
    Plains

Pack 2 pick 3:
    Territorial Baloth
    Roilmage's Trick
    Dutiful Return
    Sandstone Bridge
    Cloud Manta
    Scour from Existence
    Grave Birthing
    Broodhunter Wurm
    Makindi Patrol
    Lavastep Raider
    Hagra Sharpshooter
--> Blighted Gorge
    Swamp

Pack 2 pick 4:
    Territorial Baloth
    Roilmage's Trick
    Dutiful Return
    Silent Skimmer
    Mortuary Mire
    Natural Connection
--> Tightening Coils
    Eldrazi Devastator
    Blighted Fen
    Ulamog's Despoiler
    Plated Crusher
    Plains

Pack 2 pick 5:
    Culling Drone
    Giant Mantis
    Anticipate
    Mind Raker
    Lavastep Raider
    Makindi Patrol
--> Makindi Sliderunner
    Smite the Monstrous
    Stonefury
    Hedron Archive
    Plains

Pack 2 pick 6:
    Nirkana Assassin
    Seek the Wilds
    Oracle of Dust
--> Sandstone Bridge
    Cloud Manta
    Scour from Existence
    Broodhunter Wurm
    Sylvan Scrying
    Forerunner of Slaughter
    Island

Pack 2 pick 7:
    Reclaiming Vines
    Salvage Drone
    Mind Raker
    Skyline Cascade
--> Eldrazi Skyspawner
    Ruin Processor
    Angelic Gift
    Retreat to Coralhelm
    Island

Pack 2 pick 8:
    Dispel
    Mind Raker
    Territorial Baloth
    Tajuru Beastmaster
    Skyline Cascade
    Ruin Processor
--> Chasm Guide
    Forest

Pack 2 pick 9:
    Swell of Growth
    Dutiful Return
    Fortified Rampart
--> Belligerent Whiptail
    Lifespring Druid
    Jaddi Offshoot
    Forest

Pack 2 pick 10:
    Plummet
    Salvage Drone
    Scour from Existence
    Tajuru Beastmaster
--> Wave-Wing Elemental
    Plains

Pack 2 pick 11:
    Roilmage's Trick
    Dutiful Return
    Grave Birthing
--> Broodhunter Wurm
    Swamp

Pack 2 pick 12:
    Roilmage's Trick
--> Natural Connection
    Eldrazi Devastator
    Plains

Pack 2 pick 13:
    Anticipate
--> Mind Raker
    Plains

Pack 2 pick 14:
--> Oracle of Dust
    Island

Pack 2 pick 15:
--> Skyline Cascade

------ BFZ ------ 

Pack 3 pick 1:
    Sludge Crawler
    Earthen Arms
    Incubator Drone
    Looming Spires
    Grave Birthing
    Eyeless Watcher
    Eldrazi Devastator
    Wave-Wing Elemental
    Belligerent Whiptail
    Stone Haven Medic
    Cryptic Cruiser
    Zulaport Cutthroat
    Unified Front
--> Gideon, Ally of Zendikar
    Mountain

Pack 3 pick 2:
    Brilliant Spectrum
    Altar's Reap
    Call the Scions
    Roilmage's Trick
    Goblin War Paint
    Tandem Tactics
    Sheer Drop
    Hedron Blade
    Valakut Invoker
    Courier Griffin
    Blighted Cataract
--> Retreat to Emeria
    Desolation Twin
    Swamp

Pack 3 pick 3:
    Call the Scions
    Roilmage's Trick
    Swarm Surge
    Looming Spires
    Fertile Thicket
    Snapping Gnarlid
    Spell Shrivel
    Complete Disregard
    Shatterskull Recruit
--> Kor Castigator
    Plated Crusher
    Resolute Blademaster
    Plains

Pack 3 pick 4:
    Tajuru Stalwart
    Spell Shrivel
    Ruin Processor
    Skyline Cascade
    Eyeless Watcher
    Rush of Ice
--> Outnumber
    Coastal Discovery
    Deathless Behemoth
    Ulamog's Reclaimer
    Serpentine Spike
    Island

Pack 3 pick 5:
    Tajuru Stalwart
    Snapping Gnarlid
    Evolving Wilds
    Hedron Blade
    Bone Splinters
    Unnatural Aggression
    Felidar Cub
    Kozilek's Sentinel
--> Pilgrim's Eye
    Vampiric Rites
    Plains

Pack 3 pick 6:
    Kalastria Nightwatch
    Swell of Growth
    Scour from Existence
    Tajuru Beastmaster
    Evolving Wilds
    Silent Skimmer
--> Fortified Rampart
    Lavastep Raider
    Scythe Leopard
    Island

Pack 3 pick 7:
    Swell of Growth
    Dutiful Return
    Fortified Rampart
    Makindi Patrol
--> Ghostly Sentinel
    Dominator Drone
    Crumble to Dust
    Shrine of the Forsaken Gods
    Swamp

Pack 3 pick 8:
    Territorial Baloth
    Roilmage's Trick
    Dutiful Return
    Scour from Existence
    Grave Birthing
    Broodhunter Wurm
--> Spell Shrivel
    Island

Pack 3 pick 9:
    Grave Birthing
    Eldrazi Devastator
--> Wave-Wing Elemental
    Stone Haven Medic
    Cryptic Cruiser
    Unified Front
    Mountain

Pack 3 pick 10:
    Brilliant Spectrum
    Altar's Reap
    Roilmage's Trick
    Goblin War Paint
--> Hedron Blade
    Swamp

Pack 3 pick 11:
    Roilmage's Trick
--> Looming Spires
    Fertile Thicket
    Snapping Gnarlid
    Plains

Pack 3 pick 12:
    Ruin Processor
    Skyline Cascade
--> Eyeless Watcher
    Island

Pack 3 pick 13:
    Hedron Blade
--> Unnatural Aggression
    Plains

Pack 3 pick 14:
--> Swell of Growth
    Island

Pack 3 pick 15:
--> Swamp

