Event #: 8873862
Time:    10/10/2015 1:40:35 PM
Players:
    Obzedatghost111
    slwrestler
    Spawnbroker512
--> malthrin
    Gadd
    Aroberts3
    gsk6686
    Shooter007

------ BFZ ------ 

Pack 1 pick 1:
    Plummet
    Coralhelm Guide
    Mire's Malice
    Unnatural Aggression
    Geyserfield Stalker
    Cloud Manta
    Sandstone Bridge
    Tajuru Beastmaster
    Stone Haven Medic
    Volcanic Upheaval
    Angel of Renewal
    Brood Monitor
    Breaker of Armies
--> Canopy Vista
    Plains

Pack 1 pick 2:
    Culling Drone
    Giant Mantis
    Anticipate
    Mind Raker
    Felidar Cub
    Goblin War Paint
    Ondu Champion
    Ghostly Sentinel
    Benthic Infiltrator
    Vestige of Emrakul
--> Drana's Emissary
    Molten Nursery
    Ulamog's Reclaimer
    Plains

Pack 1 pick 3:
    Kalastria Nightwatch
    Earthen Arms
    Murk Strider
    Sludge Crawler
    Kitesail Scout
    Reckless Cohort
--> Gideon's Reproach
    Touch of the Void
    Kozilek's Channeler
    Ulamog's Reclaimer
    Slab Hammer
    Plated Crusher
    Swamp

Pack 1 pick 4:
    Giant Mantis
    Brilliant Spectrum
    Tajuru Beastmaster
    Wave-Wing Elemental
    Evolving Wilds
    Silent Skimmer
    Rush of Ice
    Angelic Gift
    Belligerent Whiptail
--> Zulaport Cutthroat
    Retreat to Valakut
    Swamp

Pack 1 pick 5:
    Territorial Baloth
    Roilmage's Trick
    Dutiful Return
--> Mortuary Mire
    Tightening Coils
    Looming Spires
    Grave Birthing
    Boiling Earth
    Molten Nursery
    Sanctum of Ugin
    Swamp

Pack 1 pick 6:
--> Kalastria Healer
    Blisterpod
    Oracle of Dust
    Voracious Null
    Valakut Predator
    Sheer Drop
    Valakut Invoker
    Shadow Glider
    Forerunner of Slaughter
    Swamp

Pack 1 pick 7:
    Sludge Crawler
    Earthen Arms
    Incubator Drone
    Geyserfield Stalker
    Sandstone Bridge
    Tajuru Beastmaster
    Lithomancer's Focus
--> Encircling Fissure
    Forest

Pack 1 pick 8:
    Reclaiming Vines
    Mist Intruder
    Mire's Malice
    Courier Griffin
--> Smite the Monstrous
    Retreat to Kazandu
    Jaddi Offshoot
    Mountain

Pack 1 pick 9:
    Plummet
    Mire's Malice
    Geyserfield Stalker
--> Sandstone Bridge
    Tajuru Beastmaster
    Volcanic Upheaval
    Plains

Pack 1 pick 10:
--> Culling Drone
    Anticipate
    Goblin War Paint
    Benthic Infiltrator
    Molten Nursery
    Plains

Pack 1 pick 11:
    Murk Strider
--> Sludge Crawler
    Kitesail Scout
    Slab Hammer
    Swamp

Pack 1 pick 12:
    Brilliant Spectrum
    Wave-Wing Elemental
--> Angelic Gift
    Swamp

Pack 1 pick 13:
--> Dutiful Return
    Boiling Earth
    Swamp

Pack 1 pick 14:
--> Voracious Null
    Swamp

Pack 1 pick 15:
--> Earthen Arms

------ BFZ ------ 

Pack 2 pick 1:
    Mind Raker
    Kor Castigator
    Clutch of Currents
    Fertile Thicket
    Snapping Gnarlid
    Spell Shrivel
    Complete Disregard
    Scour from Existence
    Kor Castigator
    Sure Strike
--> Malakir Familiar
    Horribly Awry
    Forerunner of Slaughter
    Defiant Bloodlord
    Forest

Pack 2 pick 2:
    Salvage Drone
--> Kalastria Healer
    Wasteland Strangler
    Eldrazi Skyspawner
    Hedron Blade
    Bone Splinters
    Unnatural Aggression
    Sandstone Bridge
    Inspired Charge
    Volcanic Upheaval
    Roil Spout
    Akoum Stonewaker
    Barrage Tyrant
    Swamp

Pack 2 pick 3:
    Reclaiming Vines
    Salvage Drone
    Swarm Surge
    Call the Scions
    Lavastep Raider
    Fortified Rampart
    Benthic Infiltrator
    Smite the Monstrous
    Kozilek's Channeler
    Grove Rumbler
    Tide Drifter
--> Retreat to Hagra
    Island

Pack 2 pick 4:
    Reclaiming Vines
    Mist Intruder
    Mire's Malice
    Fertile Thicket
    Spell Shrivel
    Scour from Existence
    Cliffside Lookout
    Outnumber
    Blighted Fen
    Zulaport Cutthroat
--> Ally Encampment
    Swamp

Pack 2 pick 5:
    Plummet
    Coralhelm Guide
    Eldrazi Devastator
    Wave-Wing Elemental
    Fertile Thicket
    Geyserfield Stalker
--> Evolving Wilds
    Reckless Cohort
    Blighted Steppe
    Turn Against
    Island

Pack 2 pick 6:
    Brilliant Spectrum
    Altar's Reap
    Roilmage's Trick
    Fortified Rampart
    Angelic Gift
    Lavastep Raider
    Ondu Greathorn
    Tide Drifter
--> Zulaport Cutthroat
    Mountain

Pack 2 pick 7:
    Tajuru Stalwart
    Incubator Drone
    Culling Drone
    Goblin War Paint
    Ghostly Sentinel
    Benthic Infiltrator
    Smite the Monstrous
--> Coastal Discovery
    Swamp

Pack 2 pick 8:
    Plummet
    Salvage Drone
--> Mortuary Mire
    Dispel
    Tightening Coils
    Eldrazi Devastator
    Lavastep Raider
    Plains

Pack 2 pick 9:
    Mind Raker
    Fertile Thicket
--> Kor Castigator
    Sure Strike
    Horribly Awry
    Forerunner of Slaughter
    Forest

Pack 2 pick 10:
    Salvage Drone
    Hedron Blade
    Sandstone Bridge
    Volcanic Upheaval
--> Roil Spout
    Swamp

Pack 2 pick 11:
    Reclaiming Vines
    Salvage Drone
    Swarm Surge
--> Fortified Rampart
    Island

Pack 2 pick 12:
    Reclaiming Vines
    Mire's Malice
--> Cliffside Lookout
    Swamp

Pack 2 pick 13:
    Fertile Thicket
--> Geyserfield Stalker
    Island

Pack 2 pick 14:
--> Brilliant Spectrum
    Mountain

Pack 2 pick 15:
--> Ghostly Sentinel

------ BFZ ------ 

Pack 3 pick 1:
    Culling Drone
    Seek the Wilds
    Mortuary Mire
    Natural Connection
    Tightening Coils
    Eldrazi Devastator
    Demon's Grasp
    Looming Spires
    Tandem Tactics
    Outnumber
    Infuse with the Elements
--> Stasis Snare
    Rot Shambler
    Serpentine Spike
    Mountain

Pack 3 pick 2:
    Swarm Surge
    Tajuru Stalwart
    Incubator Drone
    Ruin Processor
    Skyline Cascade
    Eyeless Watcher
    Rush of Ice
    Silent Skimmer
--> Cliffside Lookout
    Goblin War Paint
    Turn Against
    Spawning Bed
    Guul Draz Overseer
    Mountain

Pack 3 pick 3:
    Altar's Reap
    Call the Scions
    Roilmage's Trick
    Swarm Surge
    Volcanic Upheaval
    Tandem Tactics
    Shatterskull Recruit
    Dominator Drone
    Stonefury
    Retreat to Valakut
    Cryptic Cruiser
--> Unified Front
    Swamp

Pack 3 pick 4:
    Oracle of Dust
    Voracious Null
    Cloud Manta
    Scour from Existence
    Grave Birthing
    Broodhunter Wurm
    Spell Shrivel
    Stone Haven Medic
    Kozilek's Sentinel
    Roil Spout
--> Encircling Fissure
    Swamp

Pack 3 pick 5:
    Territorial Baloth
    Roilmage's Trick
    Cloud Manta
    Scour from Existence
    Grave Birthing
    Spell Shrivel
--> Tandem Tactics
    Sure Strike
    Transgress the Mind
    Retreat to Hagra
    Plains

Pack 3 pick 6:
    Tajuru Beastmaster
    Wave-Wing Elemental
    Outnumber
--> Silent Skimmer
    Rush of Ice
    Inspired Charge
    Reckless Cohort
    Plated Crusher
    Resolute Blademaster
    Forest

Pack 3 pick 7:
    Swell of Growth
    Dispel
    Eldrazi Devastator
    Wave-Wing Elemental
    Fertile Thicket
    Geyserfield Stalker
    Swamp
--> Sure Strike
    Swamp

Pack 3 pick 8:
    Voracious Null
    Oran-Rief Invoker
    Brilliant Spectrum
    Vestige of Emrakul
    Courier Griffin
--> Shadow Glider
    Blighted Gorge
    Plains

Pack 3 pick 9:
--> Culling Drone
    Seek the Wilds
    Mortuary Mire
    Tightening Coils
    Eldrazi Devastator
    Looming Spires
    Mountain

Pack 3 pick 10:
    Swarm Surge
    Tajuru Stalwart
    Skyline Cascade
    Rush of Ice
--> Silent Skimmer
    Mountain

Pack 3 pick 11:
    Altar's Reap
    Roilmage's Trick
--> Swarm Surge
    Volcanic Upheaval
    Swamp

Pack 3 pick 12:
    Oracle of Dust
    Broodhunter Wurm
--> Roil Spout
    Swamp

Pack 3 pick 13:
    Roilmage's Trick
--> Spell Shrivel
    Plains

Pack 3 pick 14:
--> Tajuru Beastmaster
    Forest

Pack 3 pick 15:
--> Geyserfield Stalker

