Event #: 8874602
Time:    10/10/2015 5:37:53 PM
Players:
    yuyu
    TeamParallelGaming
    DaShakAttack
    Tainted2Tainted
--> malthrin
    OliverHyde
    wreckish
    Prometheone

------ BFZ ------ 

Pack 1 pick 1:
    Coralhelm Guide
    Mire's Malice
    Tajuru Stalwart
    Snapping Gnarlid
    Evolving Wilds
    Eldrazi Skyspawner
    Hedron Blade
    Bone Splinters
    Kitesail Scout
    Belligerent Whiptail
    Ulamog's Nullifier
    Vile Aggregate
    Bloodbond Vampire
--> Canopy Vista
    Plains

Pack 1 pick 2:
    Reclaiming Vines
    Salvage Drone
    Swarm Surge
    Call the Scions
    Fortified Rampart
    Lavastep Raider
    Vestige of Emrakul
    Courier Griffin
    Valakut Predator
    Shadow Glider
    Skitterskin
--> Blighted Woodland
    Titan's Presence
    Island

Pack 1 pick 3:
    Kalastria Nightwatch
    Earthen Arms
    Murk Strider
    Void Attendant
    Complete Disregard
    Ruin Processor
    Skyline Cascade
    Eyeless Watcher
    Felidar Cub
    Kozilek's Sentinel
--> Brood Monitor
    Retreat to Emeria
    Swamp

Pack 1 pick 4:
--> Incubator Drone
    Kalastria Healer
    Sandstone Bridge
    Tajuru Beastmaster
    Demon's Grasp
    Skyline Cascade
    Ruin Processor
    Lithomancer's Focus
    Adverse Conditions
    Hagra Sharpshooter
    Expedition Envoy
    Island

Pack 1 pick 5:
--> Oran-Rief Invoker
    Brilliant Spectrum
    Nirkana Assassin
    Seek the Wilds
    Lavastep Raider
    Cliffside Lookout
    Shadow Glider
    Encircling Fissure
    Serene Steward
    Defiant Bloodlord
    Island

Pack 1 pick 6:
    Kalastria Nightwatch
    Earthen Arms
    Scour from Existence
    Tajuru Beastmaster
    Wave-Wing Elemental
--> Silent Skimmer
    Rush of Ice
    Fortified Rampart
    Zulaport Cutthroat
    Plains

Pack 1 pick 7:
--> Swarm Surge
    Tajuru Stalwart
    Rush of Ice
    Natural Connection
    Unnatural Aggression
    Geyserfield Stalker
    Stone Haven Medic
    Retreat to Kazandu
    Mountain

Pack 1 pick 8:
    Swell of Growth
    Dutiful Return
--> Broodhunter Wurm
    Mortuary Mire
    Looming Spires
    Kitesail Scout
    Reckless Cohort
    Forest

Pack 1 pick 9:
    Mire's Malice
    Tajuru Stalwart
--> Snapping Gnarlid
    Kitesail Scout
    Belligerent Whiptail
    Bloodbond Vampire
    Plains

Pack 1 pick 10:
    Reclaiming Vines
--> Swarm Surge
    Fortified Rampart
    Lavastep Raider
    Shadow Glider
    Island

Pack 1 pick 11:
    Earthen Arms
--> Void Attendant
    Skyline Cascade
    Felidar Cub
    Swamp

Pack 1 pick 12:
    Sandstone Bridge
--> Tajuru Beastmaster
    Skyline Cascade
    Island

Pack 1 pick 13:
    Brilliant Spectrum
    Lavastep Raider
--> Cliffside Lookout

Pack 1 pick 14:
--> Earthen Arms
    Plains

Pack 1 pick 15:
--> Mountain

------ BFZ ------ 

Pack 2 pick 1:
    Salvage Drone
    Kalastria Healer
    Blisterpod
    Oracle of Dust
    Makindi Patrol
    Lavastep Raider
    Sheer Drop
    Kozilek's Channeler
    Makindi Sliderunner
    Courier Griffin
    Drana's Emissary
    Halimar Tidecaller
    Infuse with the Elements
--> From Beyond
    Swamp

Pack 2 pick 2:
    Reclaiming Vines
    Salvage Drone
    Swarm Surge
    Evolving Wilds
    Eldrazi Skyspawner
    Hedron Blade
    Bone Splinters
    Unnatural Aggression
    Makindi Patrol
    Nettle Drone
    Blighted Gorge
    Rising Miasma
--> Drowner of Hope
    Island

Pack 2 pick 3:
    Plains
    Dutiful Return
    Swell of Growth
    Dispel
    Reckless Cohort
    Felidar Cub
    Boiling Earth
    Lithomancer's Focus
    Ondu Champion
    Makindi Sliderunner
--> Rolling Thunder
    Transgress the Mind
    Plains

Pack 2 pick 4:
    Anticipate
    Mind Raker
    Territorial Baloth
    Looming Spires
    Fertile Thicket
--> Snapping Gnarlid
    Spell Shrivel
    Sure Strike
    Inspired Charge
    Blighted Steppe
    Akoum Stonewaker
    Plains

Pack 2 pick 5:
    Mind Raker
    Territorial Baloth
--> Clutch of Currents
    Kalastria Nightwatch
    Island
    Lithomancer's Focus
    Sure Strike
    Valakut Predator
    Tide Drifter
    Infuse with the Elements
    Forest

Pack 2 pick 6:
    Plummet
    Rush of Ice
    Mortuary Mire
    Natural Connection
    Tightening Coils
    Eldrazi Devastator
    Inspired Charge
    Boiling Earth
--> Blighted Woodland
    Swamp

Pack 2 pick 7:
    Voracious Null
    Reclaiming Vines
    Looming Spires
--> Snapping Gnarlid
    Spell Shrivel
    Fortified Rampart
    Molten Nursery
    Chasm Guide
    Mountain

Pack 2 pick 8:
    Earthen Arms
    Rush of Ice
    Natural Connection
    Geyserfield Stalker
--> Blighted Woodland
    Boiling Earth
    Retreat to Coralhelm
    Island

Pack 2 pick 9:
    Kalastria Healer
--> Blisterpod
    Oracle of Dust
    Makindi Patrol
    Lavastep Raider
    Infuse with the Elements
    Swamp

Pack 2 pick 10:
    Reclaiming Vines
    Swarm Surge
    Hedron Blade
    Bone Splinters
--> Blighted Gorge
    Island

Pack 2 pick 11:
    Dutiful Return
    Dispel
    Reckless Cohort
--> Boiling Earth
    Plains

Pack 2 pick 12:
--> Anticipate
    Looming Spires
    Sure Strike
    Plains

Pack 2 pick 13:
--> Kalastria Nightwatch
    Infuse with the Elements
    Forest

Pack 2 pick 14:
--> Boiling Earth
    Swamp

Pack 2 pick 15:
--> Mountain

------ BFZ ------ 

Pack 3 pick 1:
    Giant Mantis
    Anticipate
    Mind Raker
    Territorial Baloth
    Stone Haven Medic
    Shatterskull Recruit
    Lithomancer's Focus
    Goblin War Paint
    Ondu Champion
    Ghostly Sentinel
--> Rolling Thunder
    Hagra Sharpshooter
    Blighted Steppe
    Conduit of Ruin
    Swamp

Pack 3 pick 2:
    Murk Strider
    Sludge Crawler
    Plummet
    Salvage Drone
    Lavastep Raider
    Makindi Patrol
    Gideon's Reproach
    Lifespring Druid
--> Valakut Predator
    Sheer Drop
    Serene Steward
    Spawning Bed
    Windrider Patrol
    Plains

Pack 3 pick 3:
    Dutiful Return
    Blisterpod
    Anticipate
    Sludge Crawler
    Lavastep Raider
    Fortified Rampart
    Courier Griffin
--> Valakut Predator
    Shadow Glider
    Tunneling Geopede
    Halimar Tidecaller
    Roil Spout
    Mountain

Pack 3 pick 4:
    Giant Mantis
    Anticipate
    Tajuru Beastmaster
    Skyline Cascade
    Boiling Earth
    Bone Splinters
    Sure Strike
    Kitesail Scout
    Rising Miasma
    Expedition Envoy
--> Retreat to Valakut
    Island

Pack 3 pick 5:
    Oracle of Dust
    Altar's Reap
    Plummet
    Swamp
    Skyline Cascade
    Rush of Ice
    Goblin War Paint
    Tandem Tactics
--> Plated Crusher
    Aligned Hedron Network
    Island

Pack 3 pick 6:
    Roilmage's Trick
    Dutiful Return
    Swell of Growth
    Dispel
    Tandem Tactics
    Sure Strike
--> Vestige of Emrakul
    Kor Entanglers
    Prism Array
    Swamp

Pack 3 pick 7:
    Blisterpod
    Anticipate
    Wave-Wing Elemental
    Fertile Thicket
    Geyserfield Stalker
    Inspired Charge
    Volcanic Upheaval
--> Firemantle Mage
    Forest

Pack 3 pick 8:
    Mountain
    Giant Mantis
    Scour from Existence
    Wave-Wing Elemental
    Silent Skimmer
    Cliffside Lookout
--> Outnumber
    Mountain

Pack 3 pick 9:
    Mind Raker
    Lithomancer's Focus
    Goblin War Paint
--> Ondu Champion
    Ghostly Sentinel
    Blighted Steppe
    Swamp

Pack 3 pick 10:
    Sludge Crawler
--> Plummet
    Salvage Drone
    Lavastep Raider
    Makindi Patrol
    Plains

Pack 3 pick 11:
    Dutiful Return
--> Blisterpod
    Lavastep Raider
    Fortified Rampart
    Mountain

Pack 3 pick 12:
    Boiling Earth
--> Sure Strike
    Kitesail Scout
    Island

Pack 3 pick 13:
    Altar's Reap
--> Tandem Tactics
    Island

Pack 3 pick 14:
    Dispel
--> Sure Strike

Pack 3 pick 15:
--> Volcanic Upheaval

