Event #: 8875076
Time:    10/10/2015 8:24:41 PM
Players:
    homsar52
    executedtoday
    redrum89
--> malthrin
    JR11227
    emotional devastation
    Remulisk
    tdixon1127

------ BFZ ------ 

Pack 1 pick 1:
    Mind Raker
    Territorial Baloth
    Roilmage's Trick
    Dutiful Return
    Kitesail Scout
    Belligerent Whiptail
    Ghostly Sentinel
    Dominator Drone
    Valakut Predator
    Sheer Drop
    Dampening Pulse
    Retreat to Kazandu
    Skyrider Elf
--> Guardian of Tazeem
    Island

Pack 1 pick 2:
    Seek the Wilds
    Oracle of Dust
    Geyserfield Stalker
    Cloud Manta
    Forest
    Tajuru Beastmaster
    Demon's Grasp
    Skyline Cascade
    Fortified Rampart
    Lavastep Raider
--> Vile Aggregate
    Halimar Tidecaller
    Serpentine Spike
    Forest

Pack 1 pick 3:
    Oran-Rief Invoker
    Dispel
    Mind Raker
    Territorial Baloth
    Stone Haven Medic
    Volcanic Upheaval
    Ondu Greathorn
    Ondu Champion
    Makindi Sliderunner
--> Gideon's Reproach
    Slab Hammer
    Skitterskin
    Swamp

Pack 1 pick 4:
    Swell of Growth
    Dispel
    Kalastria Nightwatch
    Earthen Arms
    Stone Haven Medic
    Volcanic Upheaval
    Retreat to Valakut
--> Smite the Monstrous
    Ulamog's Despoiler
    Molten Nursery
    Grove Rumbler
    Plains

Pack 1 pick 5:
    Salvage Drone
    Kalastria Healer
--> Tightening Coils
    Looming Spires
    Grave Birthing
    Wave-Wing Elemental
    Goblin War Paint
    Kor Castigator
    Pathway Arrows
    Akoum Stonewaker
    Swamp

Pack 1 pick 6:
    Swell of Growth
    Dispel
    Kalastria Nightwatch
    Fertile Thicket
    Geyserfield Stalker
    Evolving Wilds
--> Kor Castigator
    Reckless Cohort
    Painful Truths
    Island

Pack 1 pick 7:
    Sludge Crawler
    Plummet
    Kalastria Healer
--> Lithomancer's Focus
    Goblin War Paint
    Tandem Tactics
    Sure Strike
    Hagra Sharpshooter
    Plains

Pack 1 pick 8:
--> Coralhelm Guide
    Nirkana Assassin
    Spell Shrivel
    Scour from Existence
    Wave-Wing Elemental
    Angelic Gift
    Ulamog's Nullifier
    Swamp

Pack 1 pick 9:
    Mind Raker
    Roilmage's Trick
    Dutiful Return
    Kitesail Scout
    Belligerent Whiptail
--> Dampening Pulse
    Island

Pack 1 pick 10:
    Oracle of Dust
    Geyserfield Stalker
    Forest
    Skyline Cascade
--> Fortified Rampart
    Forest

Pack 1 pick 11:
--> Dispel
    Territorial Baloth
    Stone Haven Medic
    Volcanic Upheaval
    Swamp

Pack 1 pick 12:
    Dispel
--> Kalastria Nightwatch
    Stone Haven Medic
    Plains

Pack 1 pick 13:
--> Wave-Wing Elemental
    Pathway Arrows
    Swamp

Pack 1 pick 14:
--> Dispel
    Island

Pack 1 pick 15:
--> Plains

------ BFZ ------ 

Pack 2 pick 1:
    Kalastria Healer
    Reclaiming Vines
    Salvage Drone
    Swarm Surge
    Inspired Charge
    Boiling Earth
    Makindi Patrol
    Lavastep Raider
    Ondu Greathorn
    Lifespring Druid
    Void Attendant
    Titan's Presence
--> Kor Bladewhirl
    Lumbering Falls
    Swamp

Pack 2 pick 2:
    Altar's Reap
    Plummet
    Coralhelm Guide
    Mire's Malice
    Makindi Patrol
    Shrine of the Forsaken Gods
    Lifespring Druid
    Ondu Champion
    Gideon's Reproach
    Vestige of Emrakul
    Skitterskin
    Expedition Envoy
--> Roil Spout
    Island

Pack 2 pick 3:
    Sludge Crawler
    Earthen Arms
--> Incubator Drone
    Kitesail Scout
    Shatterskull Recruit
    Kor Castigator
    Sure Strike
    Kozilek's Channeler
    Makindi Sliderunner
    Blighted Fen
    Ulamog's Despoiler
    Gruesome Slaughter
    Forest

Pack 2 pick 4:
--> Incubator Drone
    Culling Drone
    Grave Birthing
    Broodhunter Wurm
    Spell Shrivel
    Ruin Processor
    Kozilek's Sentinel
    Makindi Patrol
    Tajuru Warcaller
    Herald of Kozilek
    Retreat to Valakut
    Mountain

Pack 2 pick 5:
    Tajuru Stalwart
--> Incubator Drone
    Geyserfield Stalker
    Murasa Ranger
    Sandstone Bridge
    Tajuru Beastmaster
    Skyline Cascade
    Angelic Gift
    Nettle Drone
    Sylvan Scrying
    Plains

Pack 2 pick 6:
    Oracle of Dust
    Altar's Reap
    Skyline Cascade
    Rush of Ice
    Mortuary Mire
    Angelic Gift
    Belligerent Whiptail
    Skitterskin
--> Stasis Snare
    Mountain

Pack 2 pick 7:
    Altar's Reap
    Call the Scions
    Roilmage's Trick
    Angelic Gift
    Lavastep Raider
--> Cliffside Lookout
    Ondu Champion
    Blighted Gorge
    Island

Pack 2 pick 8:
--> Clutch of Currents
    Giant Mantis
    Anticipate
    Cliffside Lookout
    Goblin War Paint
    Courier Griffin
    Ondu Rising
    Forest

Pack 2 pick 9:
    Reclaiming Vines
    Salvage Drone
    Swarm Surge
    Inspired Charge
    Lavastep Raider
--> Ondu Greathorn
    Swamp

Pack 2 pick 10:
    Altar's Reap
    Plummet
    Coralhelm Guide
    Mire's Malice
--> Gideon's Reproach
    Island

Pack 2 pick 11:
    Kitesail Scout
    Sure Strike
--> Kozilek's Channeler
    Gruesome Slaughter
    Forest

Pack 2 pick 12:
    Broodhunter Wurm
--> Spell Shrivel
    Kozilek's Sentinel
    Mountain

Pack 2 pick 13:
--> Tajuru Beastmaster
    Angelic Gift
    Plains

Pack 2 pick 14:
--> Oracle of Dust
    Mountain

Pack 2 pick 15:
--> Island

------ BFZ ------ 

Pack 3 pick 1:
    Call the Scions
    Murk Strider
    Voracious Null
    Oran-Rief Invoker
    Fortified Rampart
    Nettle Drone
    Ondu Champion
    Gideon's Reproach
    Vestige of Emrakul
    Ghostly Sentinel
    Herald of Kozilek
    Tunneling Geopede
--> Dampening Pulse
    From Beyond
    Mountain

Pack 3 pick 2:
    Territorial Baloth
--> Clutch of Currents
    Tightening Coils
    Looming Spires
    Grave Birthing
    Anticipate
    Eldrazi Devastator
    Wave-Wing Elemental
    Stone Haven Medic
    Shatterskull Recruit
    Blighted Fen
    Deathless Behemoth
    Hagra Sharpshooter
    Swamp

Pack 3 pick 3:
    Dispel
    Kalastria Nightwatch
    Earthen Arms
    Evolving Wilds
    Silent Skimmer
    Rush of Ice
    Natural Connection
    Unnatural Aggression
--> Lithomancer's Focus
    Sure Strike
    Retreat to Coralhelm
    Herald of Kozilek
    Forest

Pack 3 pick 4:
--> Murk Strider
    Sludge Crawler
    Geyserfield Stalker
    Sandstone Bridge
    Tajuru Beastmaster
    Eyeless Watcher
    Skyline Cascade
    Kitesail Scout
    Reckless Cohort
    Chasm Guide
    Vampiric Rites
    Forest

Pack 3 pick 5:
    Plummet
--> Coralhelm Guide
    Mire's Malice
    Tajuru Stalwart
    Stone Haven Medic
    Volcanic Upheaval
    Dominator Drone
    Hedron Blade
    Bloodbond Vampire
    Kor Entanglers
    Mountain

Pack 3 pick 6:
    Reclaiming Vines
    Spell Shrivel
    Scour from Existence
    Tajuru Beastmaster
    Wave-Wing Elemental
    Fortified Rampart
    Lavastep Raider
    Slab Hammer
--> Blighted Cataract
    Island

Pack 3 pick 7:
    Oracle of Dust
    Voracious Null
    Reclaiming Vines
--> Mist Intruder
    Stone Haven Medic
    Kozilek's Sentinel
    Nettle Drone
    Ondu Greathorn
    Island

Pack 3 pick 8:
    Culling Drone
    Giant Mantis
--> Tightening Coils
    Looming Spires
    Fertile Thicket
    Tandem Tactics
    Blighted Steppe
    Mountain

Pack 3 pick 9:
    Murk Strider
    Voracious Null
    Oran-Rief Invoker
--> Fortified Rampart
    Vestige of Emrakul
    Herald of Kozilek
    Mountain

Pack 3 pick 10:
    Territorial Baloth
--> Tightening Coils
    Looming Spires
    Grave Birthing
    Stone Haven Medic
    Swamp

Pack 3 pick 11:
    Dispel
    Rush of Ice
--> Sure Strike
    Retreat to Coralhelm
    Forest

Pack 3 pick 12:
    Geyserfield Stalker
--> Skyline Cascade
    Kitesail Scout
    Forest

Pack 3 pick 13:
--> Mire's Malice
    Volcanic Upheaval
    Mountain

Pack 3 pick 14:
--> Reclaiming Vines
    Island

Pack 3 pick 15:
--> Island

