Event #: 8878664
Time:    10/11/2015 6:11:43 PM
Players:
    Durthable
--> malthrin
    AchHans
    cmanoa
    Froyo
    riot29
    Manastarvation
    arjamiester

------ BFZ ------ 

Pack 1 pick 1:
    Call the Scions
    Murk Strider
    Voracious Null
    Island
    Skyline Cascade
    Eyeless Watcher
    Rush of Ice
    Silent Skimmer
    Tandem Tactics
    Outnumber
    Skyrider Elf
--> Rolling Thunder
    Horribly Awry
    Woodland Wanderer
    Forest

Pack 1 pick 2:
    Oran-Rief Invoker
    Brilliant Spectrum
    Mortuary Mire
    Natural Connection
    Tightening Coils
    Eldrazi Devastator
    Demon's Grasp
    Looming Spires
    Swamp
    Shatterskull Recruit
--> Kor Bladewhirl
    Windrider Patrol
    Akoum Stonewaker
    Forest

Pack 1 pick 3:
    Plummet
    Coralhelm Guide
    Mire's Malice
    Unnatural Aggression
    Geyserfield Stalker
    Cloud Manta
    Sandstone Bridge
    Tajuru Beastmaster
    Reckless Cohort
    Inspired Charge
    Brood Monitor
--> Resolute Blademaster
    Forest

Pack 1 pick 4:
    Kalastria Nightwatch
    Earthen Arms
    Murk Strider
    Sludge Crawler
    Lavastep Raider
    Cliffside Lookout
    Shadow Glider
    Stonefury
    Smite the Monstrous
    Dampening Pulse
--> Roil's Retribution
    Island

Pack 1 pick 5:
    Murk Strider
    Sludge Crawler
    Demon's Grasp
    Skyline Cascade
    Eldrazi Skyspawner
    Ruin Processor
    Bone Splinters
    Broodhunter Wurm
    Angelic Gift
--> Deathless Behemoth
    Island

Pack 1 pick 6:
    Nirkana Assassin
    Seek the Wilds
    Oracle of Dust
    Altar's Reap
    Sure Strike
    Kitesail Scout
    Dominator Drone
    Valakut Predator
--> Expedition Envoy
    Mountain

Pack 1 pick 7:
    Sludge Crawler
    Earthen Arms
--> Incubator Drone
    Stone Haven Medic
    Volcanic Upheaval
    Tandem Tactics
    Slab Hammer
    Retreat to Coralhelm
    Mountain

Pack 1 pick 8:
    Nirkana Assassin
    Seek the Wilds
    Plains
    Altar's Reap
--> Sure Strike
    Ghostly Sentinel
    Jaddi Offshoot
    Forest

Pack 1 pick 9:
    Call the Scions
    Voracious Null
    Island
    Skyline Cascade
    Silent Skimmer
--> Tandem Tactics
    Forest

Pack 1 pick 10:
    Oran-Rief Invoker
    Brilliant Spectrum
    Mortuary Mire
--> Looming Spires
    Swamp
    Forest

Pack 1 pick 11:
    Plummet
    Mire's Malice
    Tajuru Beastmaster
--> Inspired Charge
    Forest

Pack 1 pick 12:
    Earthen Arms
    Lavastep Raider
--> Cliffside Lookout
    Island

Pack 1 pick 13:
    Skyline Cascade
--> Angelic Gift
    Island

Pack 1 pick 14:
--> Kitesail Scout
    Mountain

Pack 1 pick 15:
--> Stone Haven Medic

------ BFZ ------ 

Pack 2 pick 1:
    Swarm Surge
    Call the Scions
    Demon's Grasp
    Skyline Cascade
    Eldrazi Skyspawner
    Ruin Processor
    Bone Splinters
    Broodhunter Wurm
    Goblin War Paint
    Tandem Tactics
    Sylvan Scrying
--> Turn Against
    Grip of Desolation
    Beastcaller Savant
    Swamp

Pack 2 pick 2:
    Incubator Drone
    Kalastria Healer
    Reclaiming Vines
    Salvage Drone
    Reckless Cohort
    Stone Haven Medic
    Shatterskull Recruit
    Emeria Shepherd
    Benthic Infiltrator
    Makindi Sliderunner
--> Kor Bladewhirl
    Ruination Guide
    Resolute Blademaster
    Swamp

Pack 2 pick 3:
    Salvage Drone
    Kalastria Healer
    Blisterpod
    Oracle of Dust
--> Kor Castigator
    Boiling Earth
    Lithomancer's Focus
    Sure Strike
    Benthic Infiltrator
    Vestige of Emrakul
    Scythe Leopard
    Scatter to the Winds
    Forest

Pack 2 pick 4:
    Altar's Reap
    Plummet
    Eldrazi Devastator
    Wave-Wing Elemental
    Fertile Thicket
    Geyserfield Stalker
    Snapping Gnarlid
    Boiling Earth
--> Makindi Patrol
    Retreat to Coralhelm
    Unified Front
    Mountain

Pack 2 pick 5:
    Sludge Crawler
    Earthen Arms
--> Kor Castigator
    Sure Strike
    Vestige of Emrakul
    Ghostly Sentinel
    Dominator Drone
    Ulamog's Reclaimer
    Chasm Guide
    Vampiric Rites
    Plains

Pack 2 pick 6:
    Oran-Rief Invoker
    Dispel
    Skyline Cascade
    Ruin Processor
    Bone Splinters
    Angelic Gift
    Lavastep Raider
--> Angel of Renewal
    Blighted Steppe
    Island

Pack 2 pick 7:
    Anticipate
    Sludge Crawler
    Earthen Arms
    Geyserfield Stalker
    Sandstone Bridge
    Tajuru Beastmaster
--> Belligerent Whiptail
    Vampiric Rites
    Swamp

Pack 2 pick 8:
    Reclaiming Vines
    Salvage Drone
    Swarm Surge
    Inspired Charge
--> Reckless Cohort
    Boiling Earth
    Hedron Blade
    Plains

Pack 2 pick 9:
    Swarm Surge
    Call the Scions
    Skyline Cascade
    Broodhunter Wurm
    Goblin War Paint
--> Tandem Tactics
    Swamp

Pack 2 pick 10:
    Reclaiming Vines
--> Reckless Cohort
    Stone Haven Medic
    Shatterskull Recruit
    Benthic Infiltrator
    Swamp

Pack 2 pick 11:
    Salvage Drone
    Oracle of Dust
    Boiling Earth
--> Sure Strike
    Forest

Pack 2 pick 12:
    Altar's Reap
    Plummet
--> Geyserfield Stalker
    Mountain

Pack 2 pick 13:
    Earthen Arms
--> Sure Strike
    Plains

Pack 2 pick 14:
--> Angelic Gift
    Lavastep Raider

Pack 2 pick 15:
--> Earthen Arms

------ BFZ ------ 

Pack 3 pick 1:
    Call the Scions
    Roilmage's Trick
    Tajuru Beastmaster
    Wave-Wing Elemental
    Evolving Wilds
    Silent Skimmer
    Rush of Ice
    Natural Connection
    Stone Haven Medic
    Kozilek's Sentinel
    Dampening Pulse
    Ulamog's Nullifier
    Vile Aggregate
--> Sire of Stagnation
    Island

Pack 3 pick 2:
    Swell of Growth
    Dutiful Return
    Mortuary Mire
    Tightening Coils
    Looming Spires
    Grave Birthing
    Eyeless Watcher
    Tandem Tactics
--> Outnumber
    Brood Monitor
    Drana's Emissary
    Halimar Tidecaller
    Fathom Feeder
    Plains

Pack 3 pick 3:
    Mind Raker
    Territorial Baloth
    Kalastria Nightwatch
    Cliffside Lookout
    Ondu Greathorn
    Lifespring Druid
    Ondu Champion
--> Gideon's Reproach
    Cryptic Cruiser
    Blighted Woodland
    Tajuru Warcaller
    Prism Array
    Plains

Pack 3 pick 4:
    Culling Drone
    Giant Mantis
    Anticipate
    Hedron Blade
    Bone Splinters
    Unnatural Aggression
    Sandstone Bridge
--> Nettle Drone
    Cliffside Lookout
    Blighted Fen
    Brood Monitor
    Mountain

Pack 3 pick 5:
    Mire's Malice
    Tajuru Stalwart
    Eyeless Watcher
    Rush of Ice
    Silent Skimmer
    Mortuary Mire
--> Cliffside Lookout
    Volcanic Upheaval
    Bane of Bala Ged
    Retreat to Kazandu
    Swamp

Pack 3 pick 6:
    Seek the Wilds
    Coralhelm Guide
    Nirkana Assassin
    Oran-Rief Invoker
    Lavastep Raider
    Makindi Patrol
    Murasa Ranger
    Bane of Bala Ged
--> Munda, Ambush Leader
    Plains

Pack 3 pick 7:
    Blisterpod
    Eldrazi Devastator
    Wave-Wing Elemental
    Geyserfield Stalker
    Snapping Gnarlid
--> Kitesail Scout
    Shatterskull Recruit
    Molten Nursery
    Plains

Pack 3 pick 8:
    Brilliant Spectrum
    Nirkana Assassin
    Broodhunter Wurm
    Ruin Processor
    Lavastep Raider
    Slab Hammer
--> Angel of Renewal
    Swamp

Pack 3 pick 9:
    Call the Scions
    Tajuru Beastmaster
    Wave-Wing Elemental
    Natural Connection
    Stone Haven Medic
--> Kozilek's Sentinel
    Island

Pack 3 pick 10:
    Swell of Growth
    Dutiful Return
    Mortuary Mire
    Grave Birthing
--> Tandem Tactics
    Plains

Pack 3 pick 11:
    Mind Raker
    Territorial Baloth
--> Cliffside Lookout
    Lifespring Druid
    Plains

Pack 3 pick 12:
    Hedron Blade
    Bone Splinters
--> Cliffside Lookout
    Mountain

Pack 3 pick 13:
    Mire's Malice
--> Retreat to Kazandu
    Swamp

Pack 3 pick 14:
--> Seek the Wilds
    Plains

Pack 3 pick 15:
--> Molten Nursery

