Event #: 8879923
Time:    10/11/2015 9:39:12 PM
Players:
    heathcliffff
    Manacle
    SligoYanks1
    adam jansen
    Vladislavios
    ConradKolos
--> BigmacLotus
    ceph

------ BFZ ------ 

Pack 1 pick 1:
    Sludge Crawler
    Plummet
    Cloud Manta
    Sandstone Bridge
    Tajuru Beastmaster
    Demon's Grasp
    Skyline Cascade
    Eldrazi Skyspawner
    Lithomancer's Focus
    Sure Strike
    Transgress the Mind
--> Stasis Snare
    Titan's Presence
    Exert Influence
    Plains

Pack 1 pick 2:
    Seek the Wilds
    Oracle of Dust
    Altar's Reap
    Silent Skimmer
    Rush of Ice
    Natural Connection
--> Unnatural Aggression
    Geyserfield Stalker
    Cliffside Lookout
    Volcanic Upheaval
    Titan's Presence
    Molten Nursery
    Brutal Expulsion
    Forest

Pack 1 pick 3:
    Mire's Malice
    Giant Mantis
    Looming Spires
    Grave Birthing
--> Eyeless Watcher
    Eldrazi Devastator
    Wave-Wing Elemental
    Fertile Thicket
    Stone Haven Medic
    Kozilek's Sentinel
    Crumble to Dust
    Catacomb Sifter
    Plains

Pack 1 pick 4:
    Swarm Surge
    Tajuru Stalwart
    Incubator Drone
    Culling Drone
    Fortified Rampart
    Belligerent Whiptail
    Angelic Gift
    Lavastep Raider
    Makindi Sliderunner
--> Gideon's Reproach
    Blighted Cataract
    Swamp

Pack 1 pick 5:
    Reclaiming Vines
    Mist Intruder
    Mire's Malice
    Giant Mantis
    Fortified Rampart
    Nettle Drone
--> Benthic Infiltrator
    Vestige of Emrakul
    Kor Entanglers
    Roil Spout
    Island

Pack 1 pick 6:
    Seek the Wilds
    Coralhelm Guide
    Nirkana Assassin
    Geyserfield Stalker
--> Snapping Gnarlid
    Evolving Wilds
    Hedron Blade
    Cliffside Lookout
    Goblin War Paint
    Swamp

Pack 1 pick 7:
    Giant Mantis
    Anticipate
    Mind Raker
--> Territorial Baloth
    Stone Haven Medic
    Shatterskull Recruit
    Shadow Glider
    Valakut Invoker
    Forest

Pack 1 pick 8:
    Earthen Arms
    Murk Strider
    Rush of Ice
    Natural Connection
    Geyserfield Stalker
    Boiling Earth
--> Blighted Woodland
    Island

Pack 1 pick 9:
    Sludge Crawler
    Plummet
    Sandstone Bridge
--> Lithomancer's Focus
    Sure Strike
    Transgress the Mind
    Plains

Pack 1 pick 10:
    Seek the Wilds
--> Oracle of Dust
    Altar's Reap
    Geyserfield Stalker
    Volcanic Upheaval
    Forest

Pack 1 pick 11:
    Mire's Malice
    Grave Birthing
--> Stone Haven Medic
    Crumble to Dust
    Plains

Pack 1 pick 12:
    Swarm Surge
--> Angelic Gift
    Lavastep Raider
    Swamp

Pack 1 pick 13:
--> Reclaiming Vines
    Mire's Malice
    Island

Pack 1 pick 14:
--> Geyserfield Stalker
    Swamp

Pack 1 pick 15:
--> Forest

------ BFZ ------ 

Pack 2 pick 1:
    Salvage Drone
    Kalastria Healer
    Blisterpod
    Geyserfield Stalker
    Snapping Gnarlid
    Evolving Wilds
    Eldrazi Skyspawner
    Hedron Blade
    Inspired Charge
    Boiling Earth
    Turn Against
    Bloodbond Vampire
    Pilgrim's Eye
--> Noyan Dar, Roil Shaper
    Island

Pack 2 pick 2:
    Culling Drone
    Giant Mantis
    Anticipate
    Eldrazi Devastator
    Demon's Grasp
    Looming Spires
    Fertile Thicket
    Snapping Gnarlid
    Stone Haven Medic
    Volcanic Upheaval
    Tajuru Warcaller
    Malakir Familiar
--> Veteran Warleader
    Island

Pack 2 pick 3:
    Brilliant Spectrum
    Altar's Reap
    Call the Scions
    Roilmage's Trick
--> Makindi Patrol
    Nettle Drone
    Touch of the Void
    Ondu Greathorn
    Ondu Champion
    Vile Aggregate
    Skitterskin
    Dampening Pulse
    Plains

Pack 2 pick 4:
    Oran-Rief Invoker
    Dispel
    Bone Splinters
    Unnatural Aggression
    Sandstone Bridge
    Cloud Manta
    Scour from Existence
    Grave Birthing
    Outnumber
--> Retreat to Emeria
    Bloodbond Vampire
    Swamp

Pack 2 pick 5:
    Brilliant Spectrum
    Altar's Reap
    Call the Scions
    Broodhunter Wurm
--> Ruin Processor
    Skyline Cascade
    Cliffside Lookout
    Outnumber
    Malakir Familiar
    Grove Rumbler
    Plains

Pack 2 pick 6:
--> Salvage Drone
    Kalastria Healer
    Blisterpod
    Oracle of Dust
    Kitesail Scout
    Reckless Cohort
    Blighted Fen
    Scythe Leopard
    Prism Array
    Plains

Pack 2 pick 7:
    Roilmage's Trick
    Dutiful Return
    Swell of Growth
    Bone Splinters
--> Broodhunter Wurm
    Mortuary Mire
    Goblin War Paint
    Molten Nursery
    Forest

Pack 2 pick 8:
    Earthen Arms
    Incubator Drone
    Kalastria Healer
    Felidar Cub
    Boiling Earth
    Dominator Drone
--> Ghostly Sentinel
    Mountain

Pack 2 pick 9:
--> Salvage Drone
    Kalastria Healer
    Blisterpod
    Geyserfield Stalker
    Snapping Gnarlid
    Hedron Blade
    Island

Pack 2 pick 10:
    Giant Mantis
    Looming Spires
--> Snapping Gnarlid
    Stone Haven Medic
    Volcanic Upheaval
    Island

Pack 2 pick 11:
    Altar's Reap
--> Call the Scions
    Roilmage's Trick
    Ondu Champion
    Plains

Pack 2 pick 12:
    Dispel
--> Bone Splinters
    Grave Birthing
    Swamp

Pack 2 pick 13:
    Altar's Reap
--> Broodhunter Wurm
    Plains

Pack 2 pick 14:
--> Kitesail Scout
    Plains

Pack 2 pick 15:
--> Forest

------ BFZ ------ 

Pack 3 pick 1:
    Salvage Drone
    Kalastria Healer
    Eyeless Watcher
    Rush of Ice
    Silent Skimmer
    Mortuary Mire
    Natural Connection
    Tightening Coils
    Lavastep Raider
    Makindi Patrol
    Retreat to Valakut
    Cryptic Cruiser
--> Retreat to Kazandu
    Guardian of Tazeem
    Forest

Pack 3 pick 2:
    Anticipate
    Mind Raker
    Territorial Baloth
    Geyserfield Stalker
    Evolving Wilds
--> Eldrazi Skyspawner
    Hedron Blade
    Sure Strike
    Inspired Charge
    Rot Shambler
    Deathless Behemoth
    Halimar Tidecaller
    Nissa's Renewal
    Mountain

Pack 3 pick 3:
    Coralhelm Guide
    Nirkana Assassin
    Oran-Rief Invoker
    Dispel
    Felidar Cub
    Goblin War Paint
    Makindi Sliderunner
    Courier Griffin
    Earthen Arms
    Stonefury
    Zulaport Cutthroat
--> Stasis Snare
    Plains

Pack 3 pick 4:
    Roilmage's Trick
    Dutiful Return
    Swell of Growth
    Dispel
    Felidar Cub
    Goblin War Paint
    Hedron Blade
    Valakut Invoker
--> Courier Griffin
    Retreat to Coralhelm
    Hagra Sharpshooter
    Island

Pack 3 pick 5:
    Earthen Arms
    Murk Strider
    Sludge Crawler
    Plummet
    Felidar Cub
    Ondu Greathorn
    Dominator Drone
    Ondu Champion
--> Tide Drifter
    Rising Miasma
    Island

Pack 3 pick 6:
    Sludge Crawler
    Broodhunter Wurm
    Spell Shrivel
    Complete Disregard
    Skyline Cascade
--> Fortified Rampart
    Zulaport Cutthroat
    Retreat to Hagra
    Guul Draz Overseer
    Forest

Pack 3 pick 7:
    Giant Mantis
    Anticipate
    Rush of Ice
    Silent Skimmer
    Mortuary Mire
    Natural Connection
--> Tightening Coils
    Hagra Sharpshooter
    Mountain

Pack 3 pick 8:
    Altar's Reap
    Plummet
    Mire's Malice
    Goblin War Paint
    Ondu Greathorn
--> Void Attendant
    Forerunner of Slaughter
    Swamp

Pack 3 pick 9:
    Salvage Drone
    Kalastria Healer
    Rush of Ice
    Mortuary Mire
--> Natural Connection
    Retreat to Valakut
    Forest

Pack 3 pick 10:
    Mind Raker
    Geyserfield Stalker
    Hedron Blade
    Inspired Charge
--> Rot Shambler
    Mountain

Pack 3 pick 11:
    Nirkana Assassin
--> Dispel
    Goblin War Paint
    Earthen Arms
    Plains

Pack 3 pick 12:
--> Roilmage's Trick
    Dutiful Return
    Hedron Blade
    Island

Pack 3 pick 13:
--> Earthen Arms
    Sludge Crawler
    Island

Pack 3 pick 14:
--> Sludge Crawler
    Forest

Pack 3 pick 15:
--> Mountain

