Event #: 8882944
Time:    10/12/2015 6:43:37 PM
Players:
    NicoTheCheese
    Mister_Six
    dexlen23
    Atmosck
    OriginalDuster
    Xeonrf
--> Bortlett1
    crytela

------ BFZ ------ 

Pack 1 pick 1:
    Voracious Null
    Reclaiming Vines
    Mist Intruder
    Mire's Malice
    Tandem Tactics
    Outnumber
    Dominator Drone
    Stonefury
    Ghostly Sentinel
    Benthic Infiltrator
    Tajuru Warcaller
    Retreat to Valakut
    Deathless Behemoth
--> Drana, Liberator of Malakir
    Plains

Pack 1 pick 2:
    Brilliant Spectrum
    Altar's Reap
    Call the Scions
    Kitesail Scout
    Shatterskull Recruit
    Makindi Sliderunner
    Smite the Monstrous
    Kozilek's Channeler
    Vestige of Emrakul
    Herald of Kozilek
    Chasm Guide
    Ulamog's Reclaimer
--> Ruinous Path
    Swamp

Pack 1 pick 3:
    Dispel
    Mind Raker
    Territorial Baloth
    Grave Birthing
    Broodhunter Wurm
    Spell Shrivel
--> Complete Disregard
    Ruin Processor
    Fortified Rampart
    Dampening Pulse
    Infuse with the Elements
    Firemantle Mage
    Forest

Pack 1 pick 4:
    Roilmage's Trick
    Swarm Surge
    Tajuru Stalwart
    Incubator Drone
    Sure Strike
    Courier Griffin
    Shadow Glider
    Lifespring Druid
    Carrier Thrall
    Retreat to Coralhelm
--> Serene Steward
    Swamp

Pack 1 pick 5:
    Kalastria Healer
    Blisterpod
    Oracle of Dust
    Tajuru Beastmaster
--> Demon's Grasp
    Ruin Processor
    Cliffside Lookout
    Goblin War Paint
    Sylvan Scrying
    Bloodbond Vampire
    Plains

Pack 1 pick 6:
    Oracle of Dust
    Voracious Null
    Reclaiming Vines
--> Kozilek's Channeler
    Vestige of Emrakul
    Courier Griffin
    Valakut Predator
    Cryptic Cruiser
    Blighted Woodland
    Island

Pack 1 pick 7:
    Oracle of Dust
    Altar's Reap
    Plummet
    Courier Griffin
    Shadow Glider
--> Expedition Envoy
    Halimar Tidecaller
    Roil Spout
    Mountain

Pack 1 pick 8:
    Giant Mantis
    Anticipate
    Mind Raker
--> Tajuru Beastmaster
    Rush of Ice
    Stone Haven Medic
    Jaddi Offshoot
    Island

Pack 1 pick 9:
    Voracious Null
    Reclaiming Vines
    Mire's Malice
--> Tandem Tactics
    Stonefury
    Benthic Infiltrator
    Plains

Pack 1 pick 10:
    Brilliant Spectrum
--> Altar's Reap
    Call the Scions
    Kitesail Scout
    Shatterskull Recruit
    Swamp

Pack 1 pick 11:
    Territorial Baloth
    Broodhunter Wurm
--> Fortified Rampart
    Dampening Pulse
    Forest

Pack 1 pick 12:
    Roilmage's Trick
--> Swarm Surge
    Tajuru Stalwart
    Swamp

Pack 1 pick 13:
--> Blisterpod
    Sylvan Scrying
    Plains

Pack 1 pick 14:
--> Reclaiming Vines
    Island

Pack 1 pick 15:
--> Mountain

------ BFZ ------ 

Pack 2 pick 1:
    Salvage Drone
    Swarm Surge
    Call the Scions
    Murk Strider
    Angelic Gift
    Nettle Drone
    Gideon's Reproach
    Vestige of Emrakul
    Ghostly Sentinel
    Dominator Drone
    Pilgrim's Eye
    Blighted Cataract
    Turn Against
--> Hero of Goma Fada
    Mountain

Pack 2 pick 2:
    Murk Strider
    Sludge Crawler
    Plummet
    Salvage Drone
    Angelic Gift
    Plains
    Valakut Predator
    Valakut Invoker
    Shadow Glider
    Kor Bladewhirl
    Ruination Guide
    Rot Shambler
--> Prairie Stream
    Plains

Pack 2 pick 3:
    Voracious Null
    Oran-Rief Invoker
    Brilliant Spectrum
    Nirkana Assassin
    Kitesail Scout
    Valakut Predator
    Sheer Drop
    Hedron Blade
    Valakut Invoker
--> Retreat to Emeria
    Vampiric Rites
    Woodland Wanderer
    Mountain

Pack 2 pick 4:
    Oran-Rief Invoker
    Dispel
    Mind Raker
    Territorial Baloth
    Lithomancer's Focus
    Outnumber
    Dominator Drone
    Ondu Champion
    Benthic Infiltrator
--> Blighted Fen
    Plated Crusher
    Swamp

Pack 2 pick 5:
    Giant Mantis
    Anticipate
    Mind Raker
    Goblin War Paint
--> Ondu Greathorn
    Ondu Champion
    Makindi Sliderunner
    Dampening Pulse
    Ulamog's Nullifier
    Retreat to Kazandu
    Forest

Pack 2 pick 6:
    Earthen Arms
    Cliffside Lookout
    Volcanic Upheaval
    Stonefury
    Ondu Greathorn
    Lifespring Druid
    Ondu Champion
    Skitterskin
--> Deathless Behemoth
    Mountain

Pack 2 pick 7:
    Seek the Wilds
    Nirkana Assassin
    Inspired Charge
    Reckless Cohort
    Retreat to Emeria
    Ondu Greathorn
--> Stasis Snare
    Hedron Archive
    Swamp

Pack 2 pick 8:
    Earthen Arms
--> Kalastria Healer
    Stone Haven Medic
    Volcanic Upheaval
    Hedron Blade
    Blighted Woodland
    Plated Crusher
    Forest

Pack 2 pick 9:
    Salvage Drone
    Call the Scions
    Angelic Gift
--> Gideon's Reproach
    Vestige of Emrakul
    Blighted Cataract
    Mountain

Pack 2 pick 10:
    Murk Strider
--> Plummet
    Angelic Gift
    Plains
    Rot Shambler
    Plains

Pack 2 pick 11:
    Voracious Null
    Brilliant Spectrum
--> Nirkana Assassin
    Hedron Blade
    Mountain

Pack 2 pick 12:
--> Oran-Rief Invoker
    Mind Raker
    Territorial Baloth
    Swamp

Pack 2 pick 13:
--> Dampening Pulse
    Retreat to Kazandu
    Forest

Pack 2 pick 14:
--> Lifespring Druid
    Ondu Champion

Pack 2 pick 15:
--> Seek the Wilds

------ BFZ ------ 

Pack 3 pick 1:
    Sludge Crawler
    Earthen Arms
    Incubator Drone
--> Kalastria Healer
    Sure Strike
    Kitesail Scout
    Valakut Predator
    Sheer Drop
    Hedron Blade
    Valakut Invoker
    Retreat to Kazandu
    Catacomb Sifter
    Encircling Fissure
    Guul Draz Overseer
    Plains

Pack 3 pick 2:
    Nirkana Assassin
    Oran-Rief Invoker
    Mind Raker
--> Cliffside Lookout
    Volcanic Upheaval
    Stonefury
    Ondu Greathorn
    Lifespring Druid
    Ondu Champion
    Skyrider Elf
    Rolling Thunder
    Blighted Cataract
    March from the Tomb
    Forest

Pack 3 pick 3:
    Roilmage's Trick
    Dutiful Return
    Tajuru Beastmaster
    Demon's Grasp
    Ruin Processor
--> Bone Splinters
    Stone Haven Medic
    Volcanic Upheaval
    Titan's Presence
    Scythe Leopard
    Catacomb Sifter
    Aligned Hedron Network
    Plains

Pack 3 pick 4:
    Swarm Surge
    Call the Scions
    Voracious Null
    Tandem Tactics
    Valakut Predator
    Sheer Drop
    Hedron Blade
    Valakut Invoker
    Firemantle Mage
--> Malakir Familiar
    Brood Butcher
    Island

Pack 3 pick 5:
    Blisterpod
    Oracle of Dust
    Voracious Null
    Reclaiming Vines
--> Lithomancer's Focus
    Gideon's Reproach
    Lifespring Druid
    Valakut Predator
    Scythe Leopard
    Hedron Archive
    Swamp

Pack 3 pick 6:
    Altar's Reap
    Call the Scions
    Roilmage's Trick
    Felidar Cub
--> Courier Griffin
    Smite the Monstrous
    Halimar Tidecaller
    Murasa Ranger
    Sanctum of Ugin
    Mountain

Pack 3 pick 7:
    Territorial Baloth
    Clutch of Currents
--> Kalastria Nightwatch
    Hedron Blade
    Bone Splinters
    Unnatural Aggression
    Angelic Gift
    Desolation Twin
    Forest

Pack 3 pick 8:
    Reclaiming Vines
    Mire's Malice
    Giant Mantis
    Inspired Charge
    Vestige of Emrakul
--> Gideon's Reproach
    Crumble to Dust
    Mountain

Pack 3 pick 9:
    Sludge Crawler
    Earthen Arms
    Kitesail Scout
    Retreat to Kazandu
    Catacomb Sifter
--> Guul Draz Overseer
    Plains

Pack 3 pick 10:
    Oran-Rief Invoker
    Mind Raker
    Volcanic Upheaval
    Lifespring Druid
--> Skyrider Elf
    Forest

Pack 3 pick 11:
    Roilmage's Trick
--> Dutiful Return
    Tajuru Beastmaster
    Volcanic Upheaval
    Plains

Pack 3 pick 12:
    Swarm Surge
--> Tandem Tactics
    Hedron Blade
    Island

Pack 3 pick 13:
--> Voracious Null
    Scythe Leopard
    Swamp

Pack 3 pick 14:
--> Call the Scions
    Mountain

Pack 3 pick 15:
--> Hedron Blade

