Event #: 8887988
Time:    10/13/2015 6:24:52 PM
Players:
    itsabouttim
    sandkeybeachguy
    pinbacker
--> BigmacLotus
    antarm
    Marruda
    MagiCorpus
    pokermaster

------ BFZ ------ 

Pack 1 pick 1:
    Territorial Baloth
    Clutch of Currents
    Cloud Manta
    Scour from Existence
    Grave Birthing
    Broodhunter Wurm
    Spell Shrivel
    Complete Disregard
    Boiling Earth
    Lithomancer's Focus
    Murasa Ranger
    Ruination Guide
    Slab Hammer
--> Lumbering Falls
    Plains

Pack 1 pick 2:
    Kalastria Nightwatch
    Swell of Growth
    Mist Intruder
    Dutiful Return
    Outnumber
    Fortified Rampart
    Ondu Champion
    Makindi Sliderunner
    Lifespring Druid
    Skyrider Elf
--> Rolling Thunder
    Blighted Cataract
    From Beyond
    Swamp

Pack 1 pick 3:
    Mire's Malice
    Giant Mantis
    Brilliant Spectrum
    Mortuary Mire
    Tightening Coils
    Looming Spires
    Grave Birthing
    Lavastep Raider
    Cliffside Lookout
    Processor Assault
--> Blighted Fen
    Zada, Hedron Grinder
    Island

Pack 1 pick 4:
    Plummet
    Salvage Drone
    Kalastria Healer
--> Outnumber
    Angelic Gift
    Shadow Glider
    Lifespring Druid
    Valakut Invoker
    Ondu Greathorn
    Ulamog's Nullifier
    Titan's Presence
    Forest

Pack 1 pick 5:
    Mire's Malice
    Tajuru Stalwart
    Mortuary Mire
    Natural Connection
    Tightening Coils
    Looming Spires
    Goblin War Paint
    Kor Castigator
--> Retreat to Kazandu
    Ulamog's Nullifier
    Forest

Pack 1 pick 6:
    Oracle of Dust
    Plummet
    Coralhelm Guide
    Tandem Tactics
    Shatterskull Recruit
    Felidar Cub
    Ondu Greathorn
    Roil Spout
--> Brutal Expulsion
    Forest

Pack 1 pick 7:
    Anticipate
    Mind Raker
    Skyline Cascade
--> Eldrazi Skyspawner
    Bone Splinters
    Kozilek's Sentinel
    Inspired Charge
    Retreat to Coralhelm
    Mountain

Pack 1 pick 8:
    Dutiful Return
    Wave-Wing Elemental
    Rush of Ice
    Natural Connection
    Reckless Cohort
    Inspired Charge
--> Turn Against
    Forest

Pack 1 pick 9:
--> Clutch of Currents
    Cloud Manta
    Grave Birthing
    Spell Shrivel
    Boiling Earth
    Lithomancer's Focus
    Plains

Pack 1 pick 10:
    Dutiful Return
--> Outnumber
    Ondu Champion
    Skyrider Elf
    Blighted Cataract
    Swamp

Pack 1 pick 11:
    Mire's Malice
    Mortuary Mire
    Lavastep Raider
--> Processor Assault
    Island

Pack 1 pick 12:
    Plummet
    Shadow Glider
--> Valakut Invoker
    Forest

Pack 1 pick 13:
    Mortuary Mire
--> Goblin War Paint
    Forest

Pack 1 pick 14:
--> Tandem Tactics
    Forest

Pack 1 pick 15:
--> Mountain

------ BFZ ------ 

Pack 2 pick 1:
    Call the Scions
    Murk Strider
    Voracious Null
    Fertile Thicket
    Snapping Gnarlid
    Spell Shrivel
    Complete Disregard
    Scour from Existence
    Nettle Drone
    Kitesail Scout
    Rot Shambler
    Cryptic Cruiser
    Sylvan Scrying
--> Canopy Vista
    Swamp

Pack 2 pick 2:
    Earthen Arms
    Incubator Drone
    Cloud Manta
    Scour from Existence
    Grave Birthing
    Broodhunter Wurm
    Spell Shrivel
--> Complete Disregard
    Makindi Patrol
    Lavastep Raider
    Titan's Presence
    Molten Nursery
    Zulaport Cutthroat
    Mountain

Pack 2 pick 3:
    Kalastria Healer
    Blisterpod
    Demon's Grasp
    Skyline Cascade
    Ruin Processor
    Bone Splinters
    Broodhunter Wurm
    Nettle Drone
    Fortified Rampart
    Plated Crusher
    Windrider Patrol
--> Endless One
    Island

Pack 2 pick 4:
    Sludge Crawler
    Plummet
    Salvage Drone
    Unnatural Aggression
    Geyserfield Stalker
    Cloud Manta
    Sandstone Bridge
    Tajuru Beastmaster
--> Kozilek's Sentinel
    Malakir Familiar
    Horribly Awry
    Island

Pack 2 pick 5:
--> Clutch of Currents
    Giant Mantis
    Geyserfield Stalker
    Cloud Manta
    Sandstone Bridge
    Tajuru Beastmaster
    Sure Strike
    Felidar Cub
    Hagra Sharpshooter
    Expedition Envoy
    Mountain

Pack 2 pick 6:
    Kalastria Nightwatch
    Swell of Growth
    Dutiful Return
    Felidar Cub
--> Benthic Infiltrator
    Vestige of Emrakul
    Gideon's Reproach
    Tide Drifter
    Spawning Bed
    Swamp

Pack 2 pick 7:
    Altar's Reap
    Call the Scions
--> Eldrazi Devastator
    Wave-Wing Elemental
    Fertile Thicket
    Geyserfield Stalker
    Tandem Tactics
    Ondu Rising
    Plains

Pack 2 pick 8:
    Blisterpod
    Anticipate
    Ruin Processor
    Skyline Cascade
    Rush of Ice
--> Silent Skimmer
    Lavastep Raider
    Swamp

Pack 2 pick 9:
--> Murk Strider
    Voracious Null
    Fertile Thicket
    Kitesail Scout
    Rot Shambler
    Sylvan Scrying
    Swamp

Pack 2 pick 10:
    Earthen Arms
--> Incubator Drone
    Broodhunter Wurm
    Makindi Patrol
    Lavastep Raider
    Mountain

Pack 2 pick 11:
    Kalastria Healer
--> Bone Splinters
    Broodhunter Wurm
    Fortified Rampart
    Island

Pack 2 pick 12:
    Plummet
--> Salvage Drone
    Geyserfield Stalker
    Island

Pack 2 pick 13:
    Sandstone Bridge
--> Tajuru Beastmaster
    Mountain

Pack 2 pick 14:
    Dutiful Return
--> Swamp

Pack 2 pick 15:
--> Plains

------ BFZ ------ 

Pack 3 pick 1:
    Call the Scions
    Murk Strider
    Voracious Null
    Oran-Rief Invoker
    Outnumber
    Angelic Gift
    Makindi Sliderunner
    Courier Griffin
    Smite the Monstrous
--> Stonefury
    Ulamog's Reclaimer
    Unified Front
    Rot Shambler
    Prism Array
    Mountain

Pack 3 pick 2:
    Kalastria Healer
    Reclaiming Vines
    Salvage Drone
    Swarm Surge
    Volcanic Upheaval
    Angelic Gift
    Valakut Predator
    Sheer Drop
    Valakut Invoker
    Shadow Glider
    Jaddi Offshoot
    Unified Front
--> Guardian of Tazeem
    Swamp

Pack 3 pick 3:
    Culling Drone
    Seek the Wilds
    Coralhelm Guide
    Nirkana Assassin
    Sure Strike
    Inspired Charge
    Smite the Monstrous
    Touch of the Void
    Ondu Greathorn
--> Halimar Tidecaller
    Pathway Arrows
    Murasa Ranger
    Plains

Pack 3 pick 4:
    Oran-Rief Invoker
    Brilliant Spectrum
    Tajuru Beastmaster
    Wave-Wing Elemental
    Evolving Wilds
    Silent Skimmer
    Natural Connection
    Belligerent Whiptail
    Kor Castigator
--> Coastal Discovery
    Skyrider Elf
    Mountain

Pack 3 pick 5:
    Oracle of Dust
    Voracious Null
    Reclaiming Vines
--> Mist Intruder
    Belligerent Whiptail
    Angelic Gift
    Valakut Invoker
    Courier Griffin
    Touch of the Void
    Blighted Gorge
    Island

Pack 3 pick 6:
    Blisterpod
    Anticipate
    Sludge Crawler
    Hedron Blade
    Bone Splinters
    Sandstone Bridge
    Inspired Charge
    Boiling Earth
--> Drana's Emissary
    Mountain

Pack 3 pick 7:
    Earthen Arms
    Incubator Drone
    Natural Connection
    Tightening Coils
--> Eldrazi Devastator
    Looming Spires
    Cliffside Lookout
    Transgress the Mind
    Swamp

Pack 3 pick 8:
--> Dispel
    Kalastria Nightwatch
    Earthen Arms
    Volcanic Upheaval
    Stone Haven Medic
    Hedron Blade
    Bloodbond Vampire
    Island

Pack 3 pick 9:
    Murk Strider
--> Outnumber
    Angelic Gift
    Courier Griffin
    Ulamog's Reclaimer
    Prism Array
    Mountain

Pack 3 pick 10:
    Kalastria Healer
    Reclaiming Vines
    Volcanic Upheaval
    Angelic Gift
--> Valakut Invoker
    Shadow Glider

Pack 3 pick 11:
    Nirkana Assassin
--> Sure Strike
    Inspired Charge
    Ondu Greathorn
    Pathway Arrows

Pack 3 pick 12:
    Brilliant Spectrum
    Tajuru Beastmaster
--> Wave-Wing Elemental
    Kor Castigator

Pack 3 pick 13:
--> Oracle of Dust
    Voracious Null
    Angelic Gift

Pack 3 pick 14:
--> Hedron Blade
    Sandstone Bridge

Pack 3 pick 15:
--> Cliffside Lookout

