Event #: 8889898
Time:    10/14/2015 9:47:44 AM
Players:
    Azrael68
    TestUser5
    Battlesong333
--> Dicehoarder
    Micahjk
    popjon0
    ghostcactuar
    jmuhlenkamp

------ BFZ ------ 

Pack 1 pick 1:
    Territorial Baloth
    Clutch of Currents
    Eyeless Watcher
    Eldrazi Devastator
    Wave-Wing Elemental
    Fertile Thicket
    Geyserfield Stalker
    Snapping Gnarlid
    Kor Castigator
    Reckless Cohort
    Horribly Awry
    Angel of Renewal
    Retreat to Kazandu
--> Conduit of Ruin
    Swamp

Pack 1 pick 2:
    Plummet
    Coralhelm Guide
    Mire's Malice
    Courier Griffin
    Angelic Gift
    Belligerent Whiptail
--> Touch of the Void
    Shadow Glider
    Stonefury
    Smite the Monstrous
    Murasa Ranger
    Skyrider Elf
    Roil Spout
    Forest

Pack 1 pick 3:
    Swell of Growth
    Dispel
    Kalastria Nightwatch
    Earthen Arms
    Makindi Patrol
    Lavastep Raider
    Fortified Rampart
    Dominator Drone
--> Stonefury
    Carrier Thrall
    Retreat to Coralhelm
    Resolute Blademaster
    Swamp

Pack 1 pick 4:
    Roilmage's Trick
    Dutiful Return
    Swell of Growth
    Dispel
    Kitesail Scout
    Shatterskull Recruit
    Vestige of Emrakul
    Courier Griffin
    Valakut Predator
    Shadow Glider
--> Dampening Pulse
    Island

Pack 1 pick 5:
    Territorial Baloth
    Roilmage's Trick
    Dutiful Return
    Mortuary Mire
--> Tightening Coils
    Looming Spires
    Grave Birthing
    Eyeless Watcher
    Lithomancer's Focus
    Goblin War Paint
    Forest

Pack 1 pick 6:
    Dispel
    Broodhunter Wurm
    Mortuary Mire
--> Tightening Coils
    Looming Spires
    Grave Birthing
    Belligerent Whiptail
    Infuse with the Elements
    Sanctum of Ugin
    Swamp

Pack 1 pick 7:
--> Dampening Pulse
    Giant Mantis
    Anticipate
    Felidar Cub
    Kozilek's Sentinel
    Ondu Champion
    Lifespring Druid
    Sylvan Scrying
    Swamp

Pack 1 pick 8:
    Oracle of Dust
    Plummet
    Coralhelm Guide
    Angelic Gift
    Lavastep Raider
    Lifespring Druid
--> Valakut Invoker
    Island

Pack 1 pick 9:
    Territorial Baloth
--> Eldrazi Devastator
    Wave-Wing Elemental
    Fertile Thicket
    Geyserfield Stalker
    Reckless Cohort
    Swamp

Pack 1 pick 10:
    Plummet
--> Coralhelm Guide
    Courier Griffin
    Angelic Gift
    Belligerent Whiptail
    Forest

Pack 1 pick 11:
    Dispel
    Earthen Arms
    Lavastep Raider
--> Fortified Rampart
    Swamp

Pack 1 pick 12:
    Roilmage's Trick
    Dispel
--> Shatterskull Recruit
    Island

Pack 1 pick 13:
--> Dutiful Return
    Goblin War Paint
    Forest

Pack 1 pick 14:
--> Dispel
    Swamp

Pack 1 pick 15:
--> Swamp

------ BFZ ------ 

Pack 2 pick 1:
    Swarm Surge
    Call the Scions
    Scour from Existence
    Tajuru Beastmaster
    Wave-Wing Elemental
    Evolving Wilds
    Silent Skimmer
    Rush of Ice
    Fortified Rampart
    Lavastep Raider
    Grovetender Druids
--> Deathless Behemoth
    Halimar Tidecaller
    Planar Outburst
    Swamp

Pack 2 pick 2:
    Plummet
    Salvage Drone
    Kalastria Healer
    Hedron Blade
    Bone Splinters
    Unnatural Aggression
    Sandstone Bridge
    Inspired Charge
    Boiling Earth
--> Blighted Cataract
    Zulaport Cutthroat
    Unified Front
    Defiant Bloodlord
    Forest

Pack 2 pick 3:
    Anticipate
    Mind Raker
    Scour from Existence
    Tajuru Beastmaster
    Wave-Wing Elemental
--> Evolving Wilds
    Silent Skimmer
    Rush of Ice
    Tandem Tactics
    Shatterskull Recruit
    Grove Rumbler
    Akoum Stonewaker
    Forest

Pack 2 pick 4:
    Culling Drone
    Giant Mantis
    Anticipate
    Mind Raker
    Stone Haven Medic
    Shatterskull Recruit
--> Benthic Infiltrator
    Vestige of Emrakul
    Touch of the Void
    Expedition Envoy
    Retreat to Hagra
    Mountain

Pack 2 pick 5:
    Tajuru Stalwart
    Tajuru Beastmaster
    Skyline Cascade
--> Ruin Processor
    Bone Splinters
    Kor Castigator
    Reckless Cohort
    Crumble to Dust
    Retreat to Kazandu
    Skyrider Elf
    Mountain

Pack 2 pick 6:
    Voracious Null
    Reclaiming Vines
    Mire's Malice
--> Nettle Drone
    Smite the Monstrous
    Stonefury
    Ondu Greathorn
    Lifespring Druid
    Dampening Pulse
    Island

Pack 2 pick 7:
    Plummet
--> Coralhelm Guide
    Mire's Malice
    Natural Connection
    Unnatural Aggression
    Geyserfield Stalker
    Kitesail Scout
    Belligerent Whiptail
    Mountain

Pack 2 pick 8:
    Reclaiming Vines
    Looming Spires
    Fertile Thicket
    Snapping Gnarlid
--> Spell Shrivel
    Lithomancer's Focus
    Nissa's Renewal
    Swamp

Pack 2 pick 9:
    Scour from Existence
    Tajuru Beastmaster
    Wave-Wing Elemental
--> Rush of Ice
    Fortified Rampart
    Lavastep Raider
    Swamp

Pack 2 pick 10:
    Plummet
    Hedron Blade
    Bone Splinters
    Inspired Charge
--> Boiling Earth
    Forest

Pack 2 pick 11:
    Scour from Existence
    Wave-Wing Elemental
    Shatterskull Recruit
--> Akoum Stonewaker
    Forest

Pack 2 pick 12:
    Mind Raker
    Stone Haven Medic
--> Shatterskull Recruit
    Mountain

Pack 2 pick 13:
--> Reckless Cohort
    Crumble to Dust
    Mountain

Pack 2 pick 14:
--> Mire's Malice
    Island

Pack 2 pick 15:
--> Belligerent Whiptail

------ BFZ ------ 

Pack 3 pick 1:
--> Clutch of Currents
    Culling Drone
    Giant Mantis
    Looming Spires
    Fertile Thicket
    Snapping Gnarlid
    Spell Shrivel
    Complete Disregard
    Stone Haven Medic
    Volcanic Upheaval
    Blighted Steppe
    Kor Bladewhirl
    Plated Crusher
    Hero of Goma Fada
    Forest

Pack 3 pick 2:
    Dispel
    Mind Raker
    Territorial Baloth
    Fertile Thicket
    Snapping Gnarlid
    Spell Shrivel
    Complete Disregard
    Scour from Existence
    Boiling Earth
    Lithomancer's Focus
--> Grip of Desolation
    Kor Entanglers
    Adverse Conditions
    Plains

Pack 3 pick 3:
    Nirkana Assassin
    Seek the Wilds
    Oracle of Dust
    Altar's Reap
    Nettle Drone
    Ondu Greathorn
    Dominator Drone
    Ondu Champion
    Ghostly Sentinel
--> Vile Aggregate
    Rising Miasma
    Roil Spout
    Mountain

Pack 3 pick 4:
    Roilmage's Trick
    Tajuru Stalwart
--> Incubator Drone
    Angelic Gift
    Lavastep Raider
    Shadow Glider
    Dominator Drone
    Stonefury
    Ghostly Sentinel
    Void Attendant
    Veteran Warleader
    Plains

Pack 3 pick 5:
    Kalastria Nightwatch
    Swell of Growth
    Mist Intruder
    Ruin Processor
    Skyline Cascade
    Eyeless Watcher
    Rush of Ice
    Kor Castigator
    Sure Strike
--> Hedron Archive
    Swamp

Pack 3 pick 6:
    Dispel
    Kalastria Nightwatch
    Geyserfield Stalker
--> Cloud Manta
    Sandstone Bridge
    Kor Castigator
    Boiling Earth
    Transgress the Mind
    Jaddi Offshoot
    Island

Pack 3 pick 7:
    Tajuru Beastmaster
--> Skyline Cascade
    Roilmage's Trick
    Ruin Processor
    Bone Splinters
    Lithomancer's Focus
    Sure Strike
    Jaddi Offshoot
    Island

Pack 3 pick 8:
    Voracious Null
--> Reclaiming Vines
    Broodhunter Wurm
    Mortuary Mire
    Tightening Coils
    Inspired Charge
    Volcanic Upheaval
    Island

Pack 3 pick 9:
    Giant Mantis
--> Looming Spires
    Fertile Thicket
    Spell Shrivel
    Stone Haven Medic
    Volcanic Upheaval
    Forest

Pack 3 pick 10:
    Dispel
    Territorial Baloth
    Fertile Thicket
    Boiling Earth
--> Lithomancer's Focus
    Plains

Pack 3 pick 11:
    Seek the Wilds
--> Oracle of Dust
    Ondu Greathorn
    Ghostly Sentinel
    Mountain

Pack 3 pick 12:
--> Roilmage's Trick
    Lavastep Raider
    Ghostly Sentinel
    Plains

Pack 3 pick 13:
    Skyline Cascade
--> Sure Strike
    Swamp

Pack 3 pick 14:
--> Dispel
    Island

Pack 3 pick 15:
--> Island

