Event #: 8892256
Time:    10/14/2015 8:35:10 PM
Players:
    fake.out
    Geds81
    trayuk
    Buddhastyle 
    Raven1610
--> malthrin
    cry_havoc_44
    BlindBeard

------ BFZ ------ 

Pack 1 pick 1:
    Territorial Baloth
    Roilmage's Trick
    Grave Birthing
    Eyeless Watcher
    Eldrazi Devastator
    Wave-Wing Elemental
    Fertile Thicket
    Geyserfield Stalker
    Lavastep Raider
    Cliffside Lookout
--> Tide Drifter
    Infuse with the Elements
    Plated Crusher
    Sanctum of Ugin
    Plains

Pack 1 pick 2:
    Earthen Arms
    Incubator Drone
    Kalastria Healer
    Reclaiming Vines
    Goblin War Paint
    Tandem Tactics
    Kozilek's Channeler
    Ondu Greathorn
    Ondu Champion
    Transgress the Mind
    Retreat to Valakut
--> Coastal Discovery
    Desolation Twin
    Mountain

Pack 1 pick 3:
    Salvage Drone
    Swarm Surge
    Call the Scions
    Murk Strider
    Boiling Earth
    Lithomancer's Focus
    Ghostly Sentinel
--> Benthic Infiltrator
    Vestige of Emrakul
    Akoum Stonewaker
    Jaddi Offshoot
    Spawning Bed
    Forest

Pack 1 pick 4:
    Tajuru Stalwart
--> Incubator Drone
    Culling Drone
    Seek the Wilds
    Kozilek's Sentinel
    Cliffside Lookout
    Hedron Blade
    Valakut Invoker
    Benthic Infiltrator
    Retreat to Kazandu
    Skyrider Elf
    Swamp

Pack 1 pick 5:
    Brilliant Spectrum
    Altar's Reap
    Call the Scions
    Roilmage's Trick
--> Kozilek's Sentinel
    Inspired Charge
    Smite the Monstrous
    Vestige of Emrakul
    Expedition Envoy
    Void Attendant
    Mountain

Pack 1 pick 6:
    Plummet
    Salvage Drone
    Sandstone Bridge
    Scour from Existence
    Grave Birthing
    Broodhunter Wurm
--> Blighted Gorge
    Turn Against
    Vampiric Rites
    Plains

Pack 1 pick 7:
    Spell Shrivel
    Ruin Processor
    Skyline Cascade
--> Outnumber
    Angelic Gift
    Hagra Sharpshooter
    Encircling Fissure
    Zada, Hedron Grinder
    Mountain

Pack 1 pick 8:
    Dutiful Return
    Anticipate
    Volcanic Upheaval
    Tandem Tactics
    Valakut Invoker
    Dominator Drone
--> Horribly Awry
    Forest

Pack 1 pick 9:
    Roilmage's Trick
    Grave Birthing
    Fertile Thicket
    Geyserfield Stalker
--> Plated Crusher
    Sanctum of Ugin
    Plains

Pack 1 pick 10:
    Earthen Arms
    Reclaiming Vines
    Goblin War Paint
    Ondu Greathorn
--> Retreat to Valakut
    Mountain

Pack 1 pick 11:
    Swarm Surge
    Murk Strider
    Jaddi Offshoot
--> Spawning Bed
    Forest

Pack 1 pick 12:
--> Kozilek's Sentinel
    Hedron Blade
    Valakut Invoker
    Swamp

Pack 1 pick 13:
    Brilliant Spectrum
--> Roilmage's Trick
    Mountain

Pack 1 pick 14:
--> Salvage Drone
    Plains

Pack 1 pick 15:
--> Mountain

------ BFZ ------ 

Pack 2 pick 1:
    Mire's Malice
    Tajuru Stalwart
    Clutch of Currents
    Culling Drone
--> Nettle Drone
    Fortified Rampart
    Kozilek's Channeler
    Makindi Sliderunner
    Courier Griffin
    Smite the Monstrous
    Bane of Bala Ged
    Bloodbond Vampire
    Serene Steward
    Hero of Goma Fada
    Island

Pack 2 pick 2:
    Dutiful Return
    Swell of Growth
    Dispel
    Kalastria Nightwatch
    Goblin War Paint
    Tandem Tactics
--> Stonefury
    Ondu Greathorn
    Lifespring Druid
    Ondu Champion
    Bloodbond Vampire
    Kor Entanglers
    Blighted Steppe
    Plains

Pack 2 pick 3:
    Salvage Drone
    Kalastria Healer
    Blisterpod
    Bone Splinters
    Broodhunter Wurm
    Guul Draz Overseer
    Tightening Coils
    Looming Spires
    Reckless Cohort
    Stone Haven Medic
    Adverse Conditions
--> Brutal Expulsion
    Swamp

Pack 2 pick 4:
--> Murk Strider
    Voracious Null
    Grave Birthing
    Eyeless Watcher
    Eldrazi Devastator
    Wave-Wing Elemental
    Fertile Thicket
    Geyserfield Stalker
    Inspired Charge
    Carrier Thrall
    Grovetender Druids
    Forest

Pack 2 pick 5:
    Anticipate
    Sludge Crawler
    Sandstone Bridge
    Tajuru Beastmaster
    Skyline Cascade
--> Ruin Processor
    Shatterskull Recruit
    Lithomancer's Focus
    Jaddi Offshoot
    Unified Front
    Mountain

Pack 2 pick 6:
    Rush of Ice
    Silent Skimmer
    Mortuary Mire
    Natural Connection
    Eldrazi Devastator
    Belligerent Whiptail
    Stone Haven Medic
--> Cryptic Cruiser
    Blighted Woodland
    Forest

Pack 2 pick 7:
    Seek the Wilds
    Sandstone Bridge
--> Cloud Manta
    Scour from Existence
    Grave Birthing
    Lavastep Raider
    Fortified Rampart
    Roil Spout
    Mountain

Pack 2 pick 8:
    Oracle of Dust
    Voracious Null
    Sure Strike
    Inspired Charge
    Ghostly Sentinel
    Plated Crusher
--> Halimar Tidecaller
    Plains

Pack 2 pick 9:
    Mire's Malice
    Culling Drone
    Fortified Rampart
    Courier Griffin
    Smite the Monstrous
--> Bloodbond Vampire
    Island

Pack 2 pick 10:
    Dutiful Return
    Kalastria Nightwatch
    Goblin War Paint
    Ondu Greathorn
--> Blighted Steppe
    Plains

Pack 2 pick 11:
    Salvage Drone
    Bone Splinters
--> Looming Spires
    Stone Haven Medic
    Swamp

Pack 2 pick 12:
    Voracious Null
--> Grave Birthing
    Geyserfield Stalker
    Forest

Pack 2 pick 13:
    Sludge Crawler
--> Shatterskull Recruit
    Mountain

Pack 2 pick 14:
--> Silent Skimmer
    Forest

Pack 2 pick 15:
--> Mountain

------ BFZ ------ 

Pack 3 pick 1:
    Nirkana Assassin
    Oran-Rief Invoker
    Dispel
    Mind Raker
    Goblin War Paint
    Tandem Tactics
    Ondu Greathorn
    Dominator Drone
    Ondu Champion
    Ghostly Sentinel
    Rising Miasma
    Expedition Envoy
--> Ruination Guide
    Endless One
    Swamp

Pack 3 pick 2:
    Kalastria Nightwatch
    Earthen Arms
    Complete Disregard
    Scour from Existence
    Tajuru Beastmaster
    Wave-Wing Elemental
    Evolving Wilds
    Silent Skimmer
    Tandem Tactics
    Sure Strike
    Grip of Desolation
    Blighted Woodland
--> Titan's Presence
    Forest

Pack 3 pick 3:
    Voracious Null
    Reclaiming Vines
    Complete Disregard
    Scour from Existence
    Tajuru Beastmaster
    Wave-Wing Elemental
    Evolving Wilds
    Silent Skimmer
    Inspired Charge
--> Titan's Presence
    Transgress the Mind
    Ally Encampment
    Plains

Pack 3 pick 4:
    Giant Mantis
    Anticipate
    Mind Raker
    Broodhunter Wurm
    Mortuary Mire
    Tightening Coils
    Looming Spires
    Belligerent Whiptail
    Turn Against
    Ulamog's Reclaimer
--> Hedron Archive
    Island

Pack 3 pick 5:
    Coralhelm Guide
    Nirkana Assassin
    Oran-Rief Invoker
    Demon's Grasp
    Looming Spires
    Fertile Thicket
    Snapping Gnarlid
--> Spell Shrivel
    Volcanic Upheaval
    Spawning Bed
    Swamp

Pack 3 pick 6:
    Culling Drone
    Rush of Ice
    Mortuary Mire
    Hedron Blade
    Eldrazi Devastator
    Reckless Cohort
--> Processor Assault
    Retreat to Coralhelm
    Zada, Hedron Grinder
    Forest

Pack 3 pick 7:
    Dutiful Return
    Swell of Growth
    Dispel
    Looming Spires
    Fertile Thicket
--> Spell Shrivel
    Goblin War Paint
    Scythe Leopard
    Forest

Pack 3 pick 8:
    Swarm Surge
    Grave Birthing
    Eyeless Watcher
    Fertile Thicket
    Geyserfield Stalker
    Stone Haven Medic
--> Blighted Gorge
    Plains

Pack 3 pick 9:
    Dispel
    Mind Raker
    Goblin War Paint
    Tandem Tactics
    Ghostly Sentinel
--> Expedition Envoy
    Swamp

Pack 3 pick 10:
    Kalastria Nightwatch
    Scour from Existence
--> Wave-Wing Elemental
    Silent Skimmer
    Sure Strike
    Forest

Pack 3 pick 11:
    Voracious Null
    Reclaiming Vines
--> Scour from Existence
    Wave-Wing Elemental
    Plains

Pack 3 pick 12:
    Anticipate
    Mind Raker
--> Ulamog's Reclaimer
    Island

Pack 3 pick 13:
--> Fertile Thicket
    Volcanic Upheaval
    Swamp

Pack 3 pick 14:
--> Mortuary Mire
    Forest

Pack 3 pick 15:
--> Forest

