Event #: 8901862
Time:    10/17/2015 12:04:36 AM
Players:
    odium1995
    JustinTheBrute
    livinlegend26
--> nwalker
    RoryTheGreat
    pyrofreek8
    Tekunetsu
    JJJJShabadoo

------ BFZ ------ 

Pack 1 pick 1:
    Blisterpod
    Anticipate
    Rush of Ice
    Silent Skimmer
    Mortuary Mire
    Natural Connection
    Tightening Coils
    Eldrazi Devastator
    Outnumber
    Kitesail Scout
    Slab Hammer
--> Roil Spout
    Ondu Rising
    Void Winnower
    Mountain

Pack 1 pick 2:
    Swell of Growth
    Mist Intruder
    Dutiful Return
    Spell Shrivel
--> Complete Disregard
    Ruin Processor
    Skyline Cascade
    Eyeless Watcher
    Goblin War Paint
    Tandem Tactics
    Ondu Rising
    Blighted Fen
    Painful Truths
    Swamp

Pack 1 pick 3:
    Mist Intruder
    Dutiful Return
    Anticipate
    Kor Castigator
    Boiling Earth
    Benthic Infiltrator
    Vestige of Emrakul
    Gideon's Reproach
    Touch of the Void
    Firemantle Mage
    Zulaport Cutthroat
--> Retreat to Emeria
    Swamp

Pack 1 pick 4:
    Giant Mantis
    Anticipate
    Mind Raker
    Territorial Baloth
--> Nettle Drone
    Kitesail Scout
    Shadow Glider
    Stonefury
    Ghostly Sentinel
    Blighted Gorge
    Unified Front
    Forest

Pack 1 pick 5:
    Reclaiming Vines
    Salvage Drone
    Swarm Surge
    Looming Spires
    Spell Shrivel
    Sure Strike
    Inspired Charge
    Tide Drifter
    Murasa Ranger
--> Dust Stalker
    Mountain

Pack 1 pick 6:
    Culling Drone
    Sandstone Bridge
    Demon's Grasp
    Skyline Cascade
    Ruin Processor
    Volcanic Upheaval
    Angelic Gift
    Plated Crusher
--> Resolute Blademaster
    Forest

Pack 1 pick 7:
    Kalastria Nightwatch
    Swell of Growth
    Tajuru Beastmaster
    Wave-Wing Elemental
--> Silent Skimmer
    Shatterskull Recruit
    Felidar Cub
    Kor Entanglers
    Swamp

Pack 1 pick 8:
    Oracle of Dust
    Goblin War Paint
    Kor Castigator
--> Vestige of Emrakul
    Ghostly Sentinel
    Hagra Sharpshooter
    Encircling Fissure
    Plains

Pack 1 pick 9:
    Anticipate
    Mortuary Mire
    Tightening Coils
--> Outnumber
    Kitesail Scout
    Slab Hammer
    Mountain

Pack 1 pick 10:
    Dutiful Return
    Ruin Processor
    Skyline Cascade
    Goblin War Paint
--> Tandem Tactics
    Swamp

Pack 1 pick 11:
    Dutiful Return
    Kor Castigator
    Boiling Earth
--> Firemantle Mage
    Swamp

Pack 1 pick 12:
    Kitesail Scout
    Shadow Glider
--> Ghostly Sentinel
    Forest

Pack 1 pick 13:
    Reclaiming Vines
--> Looming Spires
    Mountain

Pack 1 pick 14:
    Volcanic Upheaval
--> Angelic Gift

Pack 1 pick 15:
--> Felidar Cub

------ BFZ ------ 

Pack 2 pick 1:
    Voracious Null
    Reclaiming Vines
    Mist Intruder
    Bone Splinters
    Broodhunter Wurm
    Mortuary Mire
    Tightening Coils
    Looming Spires
    Boiling Earth
    Lithomancer's Focus
    Retreat to Hagra
    Cryptic Cruiser
--> Skitterskin
    Drowner of Hope
    Plains

Pack 2 pick 2:
    Swarm Surge
    Tajuru Stalwart
    Incubator Drone
    Culling Drone
    Kozilek's Sentinel
    Makindi Patrol
    Hedron Blade
    Valakut Invoker
    Courier Griffin
    Benthic Infiltrator
    Drana's Emissary
    Carrier Thrall
--> Munda, Ambush Leader
    Swamp

Pack 2 pick 3:
    Brilliant Spectrum
    Altar's Reap
    Call the Scions
    Roilmage's Trick
    Boiling Earth
--> Makindi Patrol
    Eldrazi Devastator
    Fortified Rampart
    Lifespring Druid
    Valakut Invoker
    Skyrider Elf
    Titan's Presence
    Plains

Pack 2 pick 4:
    Call the Scions
    Murk Strider
    Scour from Existence
    Tajuru Beastmaster
    Wave-Wing Elemental
    Evolving Wilds
    Silent Skimmer
    Reckless Cohort
    Felidar Cub
    Infuse with the Elements
--> Resolute Blademaster
    Mountain

Pack 2 pick 5:
    Salvage Drone
    Swarm Surge
    Murk Strider
    Inspired Charge
    Volcanic Upheaval
--> Sheer Drop
    Makindi Sliderunner
    Courier Griffin
    Roil's Retribution
    Infuse with the Elements
    Swamp

Pack 2 pick 6:
--> Sludge Crawler
    Sandstone Bridge
    Tajuru Beastmaster
    Demon's Grasp
    Skyline Cascade
    Ruin Processor
    Shatterskull Recruit
    Felidar Cub
    Dampening Pulse
    Plains

Pack 2 pick 7:
    Voracious Null
    Oran-Rief Invoker
    Brilliant Spectrum
    Broodhunter Wurm
    Mortuary Mire
    Looming Spires
--> Stone Haven Medic
    Void Attendant
    Mountain

Pack 2 pick 8:
--> Mind Raker
    Territorial Baloth
    Looming Spires
    Fertile Thicket
    Volcanic Upheaval
    Tandem Tactics
    Dampening Pulse
    Plains

Pack 2 pick 9:
    Voracious Null
    Reclaiming Vines
    Mortuary Mire
    Looming Spires
    Boiling Earth
--> Lithomancer's Focus
    Plains

Pack 2 pick 10:
    Swarm Surge
    Tajuru Stalwart
    Hedron Blade
--> Courier Griffin
    Drana's Emissary
    Swamp

Pack 2 pick 11:
    Brilliant Spectrum
    Roilmage's Trick
    Boiling Earth
--> Valakut Invoker
    Plains

Pack 2 pick 12:
    Tajuru Beastmaster
    Wave-Wing Elemental
--> Felidar Cub
    Mountain

Pack 2 pick 13:
--> Inspired Charge
    Volcanic Upheaval
    Swamp

Pack 2 pick 14:
--> Felidar Cub
    Plains

Pack 2 pick 15:
--> Mountain

------ BFZ ------ 

Pack 3 pick 1:
    Kalastria Healer
    Reclaiming Vines
    Grave Birthing
    Eyeless Watcher
    Eldrazi Devastator
    Wave-Wing Elemental
    Fertile Thicket
    Geyserfield Stalker
    Boiling Earth
    Makindi Patrol
    Catacomb Sifter
    Windrider Patrol
    Retreat to Valakut
--> Akoum Hellkite
    Plains

Pack 3 pick 2:
    Voracious Null
    Oran-Rief Invoker
    Brilliant Spectrum
    Snapping Gnarlid
--> Evolving Wilds
    Eldrazi Skyspawner
    Hedron Blade
    Nettle Drone
    Cliffside Lookout
    Ruination Guide
    Blighted Woodland
    Bloodbond Vampire
    Guardian of Tazeem
    Swamp

Pack 3 pick 3:
    Roilmage's Trick
    Swarm Surge
    Complete Disregard
    Scour from Existence
    Tajuru Beastmaster
    Wave-Wing Elemental
    Evolving Wilds
    Volcanic Upheaval
    Angelic Gift
    Resolute Blademaster
--> Akoum Stonewaker
    Roil Spout
    Island

Pack 3 pick 4:
    Coralhelm Guide
    Nirkana Assassin
    Oran-Rief Invoker
    Dispel
    Reckless Cohort
    Stone Haven Medic
    Ondu Greathorn
--> Ondu Champion
    Hagra Sharpshooter
    Encircling Fissure
    Horribly Awry
    Island

Pack 3 pick 5:
    Territorial Baloth
    Roilmage's Trick
    Rush of Ice
    Silent Skimmer
    Mortuary Mire
    Natural Connection
    Tightening Coils
    Boiling Earth
    Lithomancer's Focus
--> Tunneling Geopede
    Mountain

Pack 3 pick 6:
    Dispel
    Kalastria Nightwatch
    Grave Birthing
    Eldrazi Devastator
    Wave-Wing Elemental
    Fertile Thicket
    Geyserfield Stalker
--> Stone Haven Medic
    Encircling Fissure
    Island

Pack 3 pick 7:
    Salvage Drone
    Scour from Existence
    Tajuru Beastmaster
    Wave-Wing Elemental
--> Evolving Wilds
    Volcanic Upheaval
    Stone Haven Medic
    Vampiric Rites
    Mountain

Pack 3 pick 8:
    Grave Birthing
    Eldrazi Devastator
--> Wave-Wing Elemental
    Fertile Thicket
    Geyserfield Stalker
    Inspired Charge
    Scythe Leopard
    Island

Pack 3 pick 9:
    Grave Birthing
    Wave-Wing Elemental
    Geyserfield Stalker
    Boiling Earth
--> Makindi Patrol
    Retreat to Valakut
    Plains

Pack 3 pick 10:
    Voracious Null
    Brilliant Spectrum
    Snapping Gnarlid
    Hedron Blade
--> Cliffside Lookout
    Swamp

Pack 3 pick 11:
--> Roilmage's Trick
    Swarm Surge
    Wave-Wing Elemental
    Angelic Gift
    Island

Pack 3 pick 12:
    Reckless Cohort
    Stone Haven Medic
--> Ondu Greathorn
    Island

Pack 3 pick 13:
    Roilmage's Trick
--> Boiling Earth
    Mountain

Pack 3 pick 14:
--> Wave-Wing Elemental
    Island

Pack 3 pick 15:
--> Wave-Wing Elemental

