Event #: 8901627
Time:    10/16/2015 8:01:14 PM
Players:
    CyberJuice19
    jandsilentbob321
    MrLight
--> BigmacLotus
    night_wing
    DrasticTKD
    NemesisParadigm
    Bonvil

------ BFZ ------ 

Pack 1 pick 1:
    Blisterpod
    Oracle of Dust
    Voracious Null
    Eldrazi Devastator
    Wave-Wing Elemental
    Fertile Thicket
    Geyserfield Stalker
    Snapping Gnarlid
    Kozilek's Sentinel
    Cliffside Lookout
    Brood Monitor
    Resolute Blademaster
    Tide Drifter
--> Brood Butcher
    Swamp

Pack 1 pick 2:
    Territorial Baloth
--> Clutch of Currents
    Looming Spires
    Fertile Thicket
    Snapping Gnarlid
    Spell Shrivel
    Scour from Existence
    Sure Strike
    Felidar Cub
    Infuse with the Elements
    Malakir Familiar
    Firemantle Mage
    Desolation Twin
    Mountain

Pack 1 pick 3:
--> Incubator Drone
    Bloodbond Vampire
    Reclaiming Vines
    Tajuru Beastmaster
    Wave-Wing Elemental
    Evolving Wilds
    Silent Skimmer
    Rush of Ice
    Fortified Rampart
    Kor Entanglers
    Murasa Ranger
    Pilgrim's Eye
    Forest

Pack 1 pick 4:
    Mire's Malice
    Giant Mantis
    Brilliant Spectrum
    Altar's Reap
    Shatterskull Recruit
    Felidar Cub
    Goblin War Paint
    Kor Castigator
--> Valakut Invoker
    Shadow Glider
    Adverse Conditions
    Plains

Pack 1 pick 5:
    Mind Raker
    Roilmage's Trick
    Eldrazi Devastator
    Wave-Wing Elemental
    Fertile Thicket
    Geyserfield Stalker
    Snapping Gnarlid
    Kitesail Scout
    Reckless Cohort
--> Ruination Guide
    Island

Pack 1 pick 6:
    Brilliant Spectrum
    Altar's Reap
    Mortuary Mire
    Tightening Coils
    Looming Spires
    Forest
    Angelic Gift
--> Coastal Discovery
    Unified Front
    Mountain

Pack 1 pick 7:
    Swarm Surge
--> Murk Strider
    Mortuary Mire
    Natural Connection
    Tightening Coils
    Eldrazi Devastator
    Fortified Rampart
    Tunneling Geopede
    Island

Pack 1 pick 8:
    Oran-Rief Invoker
    Spell Shrivel
    Mind Raker
    Territorial Baloth
    Goblin War Paint
--> Makindi Sliderunner
    Retreat to Valakut
    Forest

Pack 1 pick 9:
    Oracle of Dust
    Voracious Null
--> Wave-Wing Elemental
    Fertile Thicket
    Geyserfield Stalker
    Cliffside Lookout
    Swamp

Pack 1 pick 10:
    Territorial Baloth
    Looming Spires
    Fertile Thicket
--> Sure Strike
    Infuse with the Elements
    Mountain

Pack 1 pick 11:
    Reclaiming Vines
--> Tajuru Beastmaster
    Wave-Wing Elemental
    Rush of Ice
    Forest

Pack 1 pick 12:
    Mire's Malice
    Brilliant Spectrum
--> Goblin War Paint
    Plains

Pack 1 pick 13:
--> Geyserfield Stalker
    Kitesail Scout
    Island

Pack 1 pick 14:
--> Forest
    Mountain

Pack 1 pick 15:
--> Island

------ BFZ ------ 

Pack 2 pick 1:
    Oracle of Dust
    Voracious Null
    Reclaiming Vines
    Mist Intruder
    Angelic Gift
    Lavastep Raider
    Cliffside Lookout
    Goblin War Paint
    Sheer Drop
--> Kozilek's Channeler
    Ulamog's Despoiler
    Bloodbond Vampire
    Serene Steward
    Ugin's Insight
    Plains

Pack 2 pick 2:
    Oracle of Dust
    Altar's Reap
    Evolving Wilds
--> Eldrazi Skyspawner
    Hedron Blade
    Bone Splinters
    Unnatural Aggression
    Sandstone Bridge
    Lithomancer's Focus
    Goblin War Paint
    Cryptic Cruiser
    Blighted Woodland
    Firemantle Mage
    Forest

Pack 2 pick 3:
    Call the Scions
    Roilmage's Trick
    Natural Connection
    Unnatural Aggression
    Geyserfield Stalker
--> Cloud Manta
    Sandstone Bridge
    Tajuru Beastmaster
    Boiling Earth
    Lithomancer's Focus
    Infuse with the Elements
    Roil's Retribution
    Plains

Pack 2 pick 4:
    Brilliant Spectrum
    Nirkana Assassin
    Seek the Wilds
    Eldrazi Devastator
    Fertile Thicket
    Geyserfield Stalker
    Snapping Gnarlid
    Shatterskull Recruit
    Hagra Sharpshooter
--> Spawning Bed
    Zada, Hedron Grinder
    Forest

Pack 2 pick 5:
    Plummet
    Coralhelm Guide
    Mire's Malice
    Tajuru Stalwart
    Tandem Tactics
    Sure Strike
    Shadow Glider
--> Stonefury
    Smite the Monstrous
    Drana's Emissary
    Forest

Pack 2 pick 6:
    Earthen Arms
    Incubator Drone
    Broodhunter Wurm
    Mortuary Mire
    Looming Spires
    Grave Birthing
    Cliffside Lookout
    Volcanic Upheaval
--> Dampening Pulse
    Mountain

Pack 2 pick 7:
    Voracious Null
    Reclaiming Vines
--> Mist Intruder
    Tajuru Beastmaster
    Wave-Wing Elemental
    Volcanic Upheaval
    Tandem Tactics
    Ulamog's Nullifier
    Island

Pack 2 pick 8:
    Anticipate
    Sludge Crawler
--> Skyline Cascade
    Ruin Processor
    Void Attendant
    Grove Rumbler
    Shrine of the Forsaken Gods
    Mountain

Pack 2 pick 9:
    Voracious Null
    Reclaiming Vines
    Angelic Gift
    Lavastep Raider
    Goblin War Paint
--> Serene Steward
    Plains

Pack 2 pick 10:
--> Oracle of Dust
    Altar's Reap
    Hedron Blade
    Sandstone Bridge
    Goblin War Paint
    Forest

Pack 2 pick 11:
    Roilmage's Trick
    Sandstone Bridge
--> Boiling Earth
    Infuse with the Elements
    Plains

Pack 2 pick 12:
--> Brilliant Spectrum
    Fertile Thicket
    Geyserfield Stalker
    Forest

Pack 2 pick 13:
    Plummet
    Mire's Malice
--> Forest

Pack 2 pick 14:
    Volcanic Upheaval
--> Mountain

Pack 2 pick 15:
--> Island

------ BFZ ------ 

Pack 3 pick 1:
    Mire's Malice
    Tajuru Stalwart
    Broodhunter Wurm
    Mortuary Mire
    Tightening Coils
    Looming Spires
    Grave Birthing
    Eyeless Watcher
    Kor Castigator
    Boiling Earth
    Pathway Arrows
    Blighted Gorge
    Akoum Stonewaker
--> Smoldering Marsh
    Island

Pack 3 pick 2:
    Dispel
    Kalastria Nightwatch
    Earthen Arms
    Murk Strider
    Stone Haven Medic
--> Kozilek's Sentinel
    Benthic Infiltrator
    Vestige of Emrakul
    Gideon's Reproach
    Touch of the Void
    Sylvan Scrying
    Rot Shambler
    Ally Encampment
    Plains

Pack 3 pick 3:
--> Clutch of Currents
    Culling Drone
    Giant Mantis
    Cloud Manta
    Scour from Existence
    Grave Birthing
    Broodhunter Wurm
    Spell Shrivel
    Felidar Cub
    Kozilek's Sentinel
    Titan's Presence
    Unified Front
    Forest

Pack 3 pick 4:
    Mind Raker
    Territorial Baloth
    Complete Disregard
    Ruin Processor
    Skyline Cascade
    Rush of Ice
    Silent Skimmer
    Boiling Earth
    Akoum Stonewaker
    Retreat to Valakut
--> Coastal Discovery
    Forest

Pack 3 pick 5:
    Roilmage's Trick
    Dispel
    Lavastep Raider
    Fortified Rampart
    Ondu Greathorn
    Ondu Champion
--> Makindi Sliderunner
    Molten Nursery
    Ulamog's Reclaimer
    Rot Shambler
    Island

Pack 3 pick 6:
--> Clutch of Currents
    Culling Drone
    Giant Mantis
    Anticipate
    Sure Strike
    Ondu Greathorn
    Ghostly Sentinel
    Roil's Retribution
    Jaddi Offshoot
    Island

Pack 3 pick 7:
    Seek the Wilds
    Nirkana Assassin
    Demon's Grasp
    Skyline Cascade
    Bone Splinters
    Reckless Cohort
--> Horribly Awry
    Void Attendant
    Plains

Pack 3 pick 8:
    Oran-Rief Invoker
    Dispel
    Turn Against
--> Wave-Wing Elemental
    Boiling Earth
    Turn Against
    Prism Array
    Swamp

Pack 3 pick 9:
    Mortuary Mire
    Looming Spires
    Grave Birthing
    Boiling Earth
    Pathway Arrows
--> Blighted Gorge
    Island

Pack 3 pick 10:
    Dispel
    Kalastria Nightwatch
--> Murk Strider
    Stone Haven Medic
    Sylvan Scrying
    Plains

Pack 3 pick 11:
    Scour from Existence
    Grave Birthing
    Spell Shrivel
--> Kozilek's Sentinel
    Forest

Pack 3 pick 12:
    Mind Raker
    Skyline Cascade
--> Retreat to Valakut
    Forest

Pack 3 pick 13:
    Roilmage's Trick
--> Lavastep Raider
    Island

Pack 3 pick 14:
--> Ghostly Sentinel
    Island

Pack 3 pick 15:
--> Plains

