Event #: 8902003
Time:    17/10/2015 3:40:31 PM
Players:
    Kaleidoscope023
    cupanoodles
    nakiah
    Billyd5301
    KenKong82
--> nicholash
    duplex
    dailyllama

------ BFZ ------ 

Pack 1 pick 1:
    Giant Mantis
    Anticipate
    Mind Raker
    Fertile Thicket
    Geyserfield Stalker
    Snapping Gnarlid
    Evolving Wilds
    Eldrazi Skyspawner
    Makindi Patrol
    Kozilek's Sentinel
    Tajuru Warcaller
    Breaker of Armies
    Retreat to Valakut
--> Planar Outburst
    Plains

Pack 1 pick 2:
    Mist Intruder
    Dutiful Return
    Blisterpod
    Anticipate
    Volcanic Upheaval
    Tandem Tactics
    Shatterskull Recruit
    Felidar Cub
--> Angel of Renewal
    Ondu Greathorn
    Retreat to Emeria
    Dampening Pulse
    Tunneling Geopede
    Forest

Pack 1 pick 3:
    Culling Drone
    Seek the Wilds
    Snapping Gnarlid
    Spell Shrivel
    Scour from Existence
    Tajuru Beastmaster
    Wave-Wing Elemental
    Lavastep Raider
    Fortified Rampart
    Adverse Conditions
--> Roil's Retribution
    Void Attendant
    Mountain

Pack 1 pick 4:
    Reclaiming Vines
    Mist Intruder
    Mire's Malice
    Giant Mantis
    Tandem Tactics
    Sure Strike
    Felidar Cub
    Earthen Arms
    Hedron Blade
    Scythe Leopard
--> Encircling Fissure
    Mountain

Pack 1 pick 5:
    Dutiful Return
    Swell of Growth
    Dispel
    Kalastria Nightwatch
    Goblin War Paint
--> Tandem Tactics
    Kozilek's Channeler
    Vestige of Emrakul
    Slab Hammer
    Unified Front
    Plains

Pack 1 pick 6:
    Nirkana Assassin
    Ruin Processor
    Bone Splinters
    Broodhunter Wurm
    Mortuary Mire
    Tightening Coils
    Volcanic Upheaval
--> Angelic Gift
    Blighted Gorge
    Mountain

Pack 1 pick 7:
    Voracious Null
    Skyline Cascade
    Eyeless Watcher
--> Rush of Ice
    Mortuary Mire
    Goblin War Paint
    Pathway Arrows
    Prism Array
    Swamp

Pack 1 pick 8:
    Roilmage's Trick
    Swarm Surge
--> Sandstone Bridge
    Tajuru Beastmaster
    Skyline Cascade
    Lavastep Raider
    Infuse with the Elements
    Swamp

Pack 1 pick 9:
    Giant Mantis
--> Anticipate
    Fertile Thicket
    Geyserfield Stalker
    Kozilek's Sentinel
    Retreat to Valakut
    Plains

Pack 1 pick 10:
    Dutiful Return
    Volcanic Upheaval
    Tandem Tactics
    Shatterskull Recruit
--> Ondu Greathorn
    Forest

Pack 1 pick 11:
    Scour from Existence
    Wave-Wing Elemental
    Lavastep Raider
--> Fortified Rampart
    Mountain

Pack 1 pick 12:
    Reclaiming Vines
--> Sure Strike
    Hedron Blade
    Mountain

Pack 1 pick 13:
    Dutiful Return
--> Swell of Growth
    Goblin War Paint

Pack 1 pick 14:
    Volcanic Upheaval
--> Mountain

Pack 1 pick 15:
--> Swamp

------ BFZ ------ 

Pack 2 pick 1:
    Oracle of Dust
    Voracious Null
--> Spell Shrivel
    Complete Disregard
    Scour from Existence
    Tajuru Beastmaster
    Wave-Wing Elemental
    Evolving Wilds
    Reckless Cohort
    Felidar Cub
    Retreat to Kazandu
    Catacomb Sifter
    Malakir Familiar
    Zada, Hedron Grinder
    Swamp

Pack 2 pick 2:
    Coralhelm Guide
    Nirkana Assassin
    Oran-Rief Invoker
    Dispel
    Nettle Drone
    Cliffside Lookout
    Shadow Glider
    Stonefury
--> Smite the Monstrous
    Kozilek's Channeler
    Skitterskin
    Jaddi Offshoot
    Carrier Thrall
    Mountain

Pack 2 pick 3:
    Earthen Arms
    Murk Strider
    Sludge Crawler
    Plummet
--> Kor Castigator
    Reckless Cohort
    Gideon's Reproach
    Vestige of Emrakul
    Dominator Drone
    Carrier Thrall
    Retreat to Coralhelm
    Rot Shambler
    Swamp

Pack 2 pick 4:
    Territorial Baloth
    Kalastria Nightwatch
    Swell of Growth
    Belligerent Whiptail
    Vestige of Emrakul
--> Gideon's Reproach
    Touch of the Void
    Sheer Drop
    Breaker of Armies
    Encircling Fissure
    Scythe Leopard
    Mountain

Pack 2 pick 5:
    Tightening Coils
    Looming Spires
    Grave Birthing
    Eyeless Watcher
    Eldrazi Devastator
    Wave-Wing Elemental
    Sure Strike
--> Kitesail Scout
    Hagra Sharpshooter
    Crumble to Dust
    Island

Pack 2 pick 6:
    Swarm Surge
    Incubator Drone
    Tightening Coils
    Eldrazi Devastator
    Looming Spires
    Boiling Earth
--> Makindi Patrol
    Vile Aggregate
    Adverse Conditions
    Mountain

Pack 2 pick 7:
    Mire's Malice
    Tajuru Stalwart
    Fortified Rampart
    Lavastep Raider
    Smite the Monstrous
    Stonefury
--> Ondu Greathorn
    Desolation Twin
    Plains

Pack 2 pick 8:
    Plummet
    Hedron Blade
    Sandstone Bridge
    Scour from Existence
    Kozilek's Sentinel
--> Makindi Patrol
    Turn Against
    Island

Pack 2 pick 9:
    Voracious Null
    Scour from Existence
    Wave-Wing Elemental
    Reckless Cohort
--> Felidar Cub
    Zada, Hedron Grinder
    Swamp

Pack 2 pick 10:
--> Coralhelm Guide
    Nirkana Assassin
    Oran-Rief Invoker
    Dispel
    Nettle Drone
    Mountain

Pack 2 pick 11:
    Earthen Arms
    Plummet
    Reckless Cohort
    Dominator Drone
--> Swamp

Pack 2 pick 12:
    Territorial Baloth
--> Belligerent Whiptail
    Vestige of Emrakul
    Mountain

Pack 2 pick 13:
    Looming Spires
    Crumble to Dust
--> Island

Pack 2 pick 14:
    Swarm Surge
--> Mountain

Pack 2 pick 15:
--> Plains

------ BFZ ------ 

Pack 3 pick 1:
    Voracious Null
    Oran-Rief Invoker
    Brilliant Spectrum
    Broodhunter Wurm
    Spell Shrivel
    Complete Disregard
    Ruin Processor
    Skyline Cascade
    Boiling Earth
--> Steam Vents
    Skyrider Elf
    Rolling Thunder
    Blighted Steppe
    Lantern Scout
    Forest

Pack 3 pick 2:
    Tajuru Stalwart
    Incubator Drone
    Culling Drone
    Geyserfield Stalker
    Snapping Gnarlid
    Evolving Wilds
--> Eldrazi Skyspawner
    Hedron Blade
    Belligerent Whiptail
    Angelic Gift
    Ulamog's Nullifier
    Rising Miasma
    Angelic Captain
    Swamp

Pack 3 pick 3:
    Culling Drone
    Giant Mantis
    Scour from Existence
    Tajuru Beastmaster
    Wave-Wing Elemental
    Evolving Wilds
    Belligerent Whiptail
--> Stone Haven Medic
    Serene Steward
    Rot Shambler
    Infuse with the Elements
    Barrage Tyrant
    Island

Pack 3 pick 4:
--> Dispel
    Looming Spires
    Grave Birthing
    Eyeless Watcher
    Eldrazi Devastator
    Wave-Wing Elemental
    Fertile Thicket
    Nettle Drone
    Kitesail Scout
    Processor Assault
    Titan's Presence
    Mountain

Pack 3 pick 5:
    Reclaiming Vines
    Mire's Malice
    Giant Mantis
    Boiling Earth
    Lithomancer's Focus
--> Shadow Glider
    Valakut Invoker
    Ondu Greathorn
    Bane of Bala Ged
    Processor Assault
    Swamp

Pack 3 pick 6:
    Seek the Wilds
--> Serene Steward
    Altar's Reap
    Fertile Thicket
    Geyserfield Stalker
    Evolving Wilds
    Volcanic Upheaval
    Stone Haven Medic
    Brood Monitor
    Island

Pack 3 pick 7:
    Roilmage's Trick
    Dutiful Return
    Swell of Growth
--> Cliffside Lookout
    Volcanic Upheaval
    Angelic Gift
    Nettle Drone
    Ondu Champion
    Swamp

Pack 3 pick 8:
    Giant Mantis
    Anticipate
    Broodhunter Wurm
--> Spell Shrivel
    Belligerent Whiptail
    Angelic Gift
    Molten Nursery
    Plains

Pack 3 pick 9:
    Voracious Null
--> Oran-Rief Invoker
    Brilliant Spectrum
    Broodhunter Wurm
    Skyline Cascade
    Boiling Earth
    Forest

Pack 3 pick 10:
    Tajuru Stalwart
    Geyserfield Stalker
--> Snapping Gnarlid
    Belligerent Whiptail
    Angelic Gift
    Swamp

Pack 3 pick 11:
    Giant Mantis
    Belligerent Whiptail
    Rot Shambler
    Infuse with the Elements
--> Island

Pack 3 pick 12:
    Wave-Wing Elemental
    Kitesail Scout
    Processor Assault
--> Mountain

Pack 3 pick 13:
    Reclaiming Vines
--> Mire's Malice
    Processor Assault

Pack 3 pick 14:
    Geyserfield Stalker
--> Volcanic Upheaval

Pack 3 pick 15:
--> Volcanic Upheaval

