Event #: 8906191
Time:    10/17/2015 5:50:43 PM
Players:
    Tom_Maekl
    mollyxnfree
    greffex
    Arev
    StrifeZubia
    Coconaut
    Nozomi
--> BigmacLotus

------ BFZ ------ 

Pack 1 pick 1:
    Giant Mantis
    Brilliant Spectrum
    Altar's Reap
    Call the Scions
    Fortified Rampart
    Lavastep Raider
    Smite the Monstrous
    Kozilek's Channeler
    Touch of the Void
    Ondu Greathorn
    Stasis Snare
    Scythe Leopard
    Spawning Bed
--> Brood Butcher
    Forest

Pack 1 pick 2:
    Murk Strider
    Voracious Null
    Oran-Rief Invoker
    Brilliant Spectrum
    Makindi Patrol
    Lavastep Raider
    Ghostly Sentinel
    Makindi Sliderunner
    Smite the Monstrous
    Hagra Sharpshooter
--> Angel of Renewal
    Encircling Fissure
    Guul Draz Overseer
    Plains

Pack 1 pick 3:
    Swell of Growth
    Dispel
    Looming Spires
    Grave Birthing
--> Eyeless Watcher
    Grovetender Druids
    Wave-Wing Elemental
    Fertile Thicket
    Tandem Tactics
    Outnumber
    Sylvan Scrying
    Vampiric Rites
    Mountain

Pack 1 pick 4:
    Plummet
    Salvage Drone
    Kalastria Healer
    Blisterpod
    Inspired Charge
    Reckless Cohort
    Touch of the Void
    Shadow Glider
--> Carrier Thrall
    Angel of Renewal
    Retreat to Kazandu
    Mountain

Pack 1 pick 5:
    Roilmage's Trick
--> Swarm Surge
    Tajuru Stalwart
    Broodhunter Wurm
    Ruin Processor
    Skyline Cascade
    Makindi Patrol
    Kozilek's Sentinel
    Ulamog's Despoiler
    Crumble to Dust
    Forest

Pack 1 pick 6:
    Roilmage's Trick
    Dutiful Return
    Swell of Growth
    Dispel
    Felidar Cub
    Goblin War Paint
    Shadow Glider
--> Lifespring Druid
    Valakut Invoker
    Swamp

Pack 1 pick 7:
    Oracle of Dust
    Voracious Null
    Reclaiming Vines
    Geyserfield Stalker
    Snapping Gnarlid
    Hedron Blade
    Felidar Cub
--> Transgress the Mind
    Mountain

Pack 1 pick 8:
    Kalastria Nightwatch
    Scour from Existence
    Tajuru Beastmaster
    Evolving Wilds
    Reckless Cohort
    Blighted Cataract
--> Rot Shambler
    Island

Pack 1 pick 9:
    Giant Mantis
    Brilliant Spectrum
    Altar's Reap
    Lavastep Raider
    Ondu Greathorn
--> Spawning Bed
    Forest

Pack 1 pick 10:
--> Voracious Null
    Oran-Rief Invoker
    Brilliant Spectrum
    Makindi Patrol
    Lavastep Raider
    Plains

Pack 1 pick 11:
--> Swell of Growth
    Looming Spires
    Fertile Thicket
    Tandem Tactics
    Mountain

Pack 1 pick 12:
    Plummet
    Reckless Cohort
--> Retreat to Kazandu
    Mountain

Pack 1 pick 13:
    Skyline Cascade
--> Crumble to Dust
    Forest

Pack 1 pick 14:
--> Dutiful Return
    Swamp

Pack 1 pick 15:
--> Reclaiming Vines

------ BFZ ------ 

Pack 2 pick 1:
    Tajuru Stalwart
    Clutch of Currents
    Cloud Manta
    Sandstone Bridge
    Tajuru Beastmaster
    Roil's Retribution
    Skyline Cascade
    Eldrazi Skyspawner
    Fortified Rampart
    Belligerent Whiptail
    Kor Bladewhirl
    Grove Rumbler
    Turn Against
--> Shambling Vent
    Swamp

Pack 2 pick 2:
    Seek the Wilds
    Coralhelm Guide
    Nirkana Assassin
    Silent Skimmer
    Rush of Ice
    Natural Connection
    Geyserfield Stalker
    Cliffside Lookout
    Goblin War Paint
    Kor Entanglers
--> Plated Crusher
    Blighted Cataract
    Scatter to the Winds
    Forest

Pack 2 pick 3:
    Incubator Drone
    Eyeless Watcher
    Rush of Ice
--> Silent Skimmer
    Mortuary Mire
    Natural Connection
    Tightening Coils
    Cliffside Lookout
    Volcanic Upheaval
    Adverse Conditions
    Unified Front
    Lantern Scout
    Forest

Pack 2 pick 4:
    Voracious Null
    Reclaiming Vines
    Reckless Cohort
    Stone Haven Medic
    Kozilek's Sentinel
    Ghostly Sentinel
    Benthic Infiltrator
    Vestige of Emrakul
--> Gideon's Reproach
    Turn Against
    Crumble to Dust
    Mountain

Pack 2 pick 5:
    Swell of Growth
    Mist Intruder
    Dutiful Return
    Stone Haven Medic
    Shatterskull Recruit
    Valakut Predator
    Valakut Invoker
--> Shadow Glider
    Expedition Envoy
    Void Attendant
    Island

Pack 2 pick 6:
    Anticipate
    Mind Raker
    Angelic Gift
    Lavastep Raider
    Sheer Drop
    Hedron Blade
    Vampiric Rites
    Blighted Steppe
--> Deathless Behemoth
    Swamp

Pack 2 pick 7:
    Dispel
    Mind Raker
    Territorial Baloth
    Eldrazi Devastator
--> Demon's Grasp
    Looming Spires
    Snapping Gnarlid
    Skitterskin
    Island

Pack 2 pick 8:
    Sandstone Bridge
    Scour from Existence
    Forest
    Lithomancer's Focus
    Retreat to Coralhelm
--> Blighted Fen
    Skyrider Elf
    Forest

Pack 2 pick 9:
    Tajuru Stalwart
    Cloud Manta
    Sandstone Bridge
    Roil's Retribution
    Skyline Cascade
--> Fortified Rampart
    Swamp

Pack 2 pick 10:
    Coralhelm Guide
--> Nirkana Assassin
    Geyserfield Stalker
    Cliffside Lookout
    Goblin War Paint
    Forest

Pack 2 pick 11:
    Rush of Ice
--> Cliffside Lookout
    Volcanic Upheaval
    Unified Front
    Forest

Pack 2 pick 12:
    Reclaiming Vines
--> Stone Haven Medic
    Kozilek's Sentinel
    Mountain

Pack 2 pick 13:
    Dutiful Return
--> Valakut Predator
    Island

Pack 2 pick 14:
    Lavastep Raider
--> Swamp

Pack 2 pick 15:
--> Island

------ BFZ ------ 

Pack 3 pick 1:
    Salvage Drone
--> Swarm Surge
    Call the Scions
    Murk Strider
    Makindi Patrol
    Nettle Drone
    Courier Griffin
    Valakut Predator
    Shadow Glider
    Lifespring Druid
    Spawning Bed
    Bane of Bala Ged
    Retreat to Kazandu
    Wasteland Strangler
    Forest

Pack 3 pick 2:
    Anticipate
    Sludge Crawler
    Earthen Arms
    Incubator Drone
    Lithomancer's Focus
    Goblin War Paint
    Tandem Tactics
    Sure Strike
--> Dominator Drone
    Stonefury
    Retreat to Emeria
    Dampening Pulse
    Grovetender Druids
    Island

Pack 3 pick 3:
    Mind Raker
    Territorial Baloth
--> Bone Splinters
    Unnatural Aggression
    Sandstone Bridge
    Scour from Existence
    Grave Birthing
    Shatterskull Recruit
    Molten Nursery
    Ulamog's Reclaimer
    Forerunner of Slaughter
    Desolation Twin
    Swamp

Pack 3 pick 4:
    Territorial Baloth
    Roilmage's Trick
    Dutiful Return
    Ruin Processor
--> Bone Splinters
    Broodhunter Wurm
    Mortuary Mire
    Tightening Coils
    Cliffside Lookout
    Goblin War Paint
    Tajuru Warcaller
    Mountain

Pack 3 pick 5:
    Nirkana Assassin
    Seek the Wilds
    Oracle of Dust
    Altar's Reap
    Stone Haven Medic
    Ondu Champion
    Vestige of Emrakul
    Ghostly Sentinel
    Tunneling Geopede
--> Veteran Warleader
    Swamp

Pack 3 pick 6:
--> Giant Mantis
    Brilliant Spectrum
    Altar's Reap
    Eldrazi Devastator
    Demon's Grasp
    Fertile Thicket
    Snapping Gnarlid
    Infuse with the Elements
    Murasa Ranger
    Mountain

Pack 3 pick 7:
    Coralhelm Guide
    Mire's Malice
    Tajuru Stalwart
    Angelic Gift
    Belligerent Whiptail
    Vestige of Emrakul
    Jaddi Offshoot
--> Defiant Bloodlord
    Plains

Pack 3 pick 8:
    Earthen Arms
--> Kalastria Healer
    Felidar Cub
    Lithomancer's Focus
    Outnumber
    Lifespring Druid
    Ondu Champion
    Island

Pack 3 pick 9:
    Salvage Drone
    Call the Scions
    Valakut Predator
--> Shadow Glider
    Spawning Bed
    Retreat to Kazandu
    Forest

Pack 3 pick 10:
    Anticipate
    Earthen Arms
    Goblin War Paint
--> Tandem Tactics
    Dampening Pulse
    Island

Pack 3 pick 11:
    Mind Raker
--> Territorial Baloth
    Sandstone Bridge
    Scour from Existence
    Swamp

Pack 3 pick 12:
    Dutiful Return
--> Broodhunter Wurm
    Cliffside Lookout
    Goblin War Paint

Pack 3 pick 13:
    Nirkana Assassin
--> Altar's Reap
    Swamp

Pack 3 pick 14:
--> Altar's Reap
    Mountain

Pack 3 pick 15:
--> Angelic Gift

