Event #: 8910741
Time:    18/10/2015 3:22:41 PM
Players:
    Dustus
--> mistershifu
    JaceMcCloud
    calypso1
    R0y4l455451N
    frankespo
    bigclimp1
    Besterhund

------ BFZ ------ 

Pack 1 pick 1:
    Blisterpod
    Oracle of Dust
    Voracious Null
    Bone Splinters
    Unnatural Aggression
    Sandstone Bridge
    Cloud Manta
    Scour from Existence
    Goblin War Paint
    Tandem Tactics
    Roil's Retribution
    Deathless Behemoth
--> Halimar Tidecaller
    Emeria Shepherd
    Mountain

Pack 1 pick 2:
    Earthen Arms
    Incubator Drone
    Kalastria Healer
    Reclaiming Vines
    Nettle Drone
    Kitesail Scout
    Retreat to Coralhelm
    Kor Castigator
    Shadow Glider
    Stonefury
    Vile Aggregate
    Retreat to Valakut
--> Coastal Discovery
    Island

Pack 1 pick 3:
    Dispel
    Kalastria Nightwatch
    Earthen Arms
--> Murk Strider
    Nettle Drone
    Fortified Rampart
    Makindi Sliderunner
    Courier Griffin
    Stonefury
    Blighted Gorge
    Grove Rumbler
    Defiant Bloodlord
    Mountain

Pack 1 pick 4:
    Anticipate
    Mind Raker
    Grave Birthing
    Broodhunter Wurm
--> Spell Shrivel
    Ruin Processor
    Skyline Cascade
    Lavastep Raider
    Fortified Rampart
    Hagra Sharpshooter
    Jaddi Offshoot
    Swamp

Pack 1 pick 5:
    Plummet
    Salvage Drone
    Kalastria Healer
    Blisterpod
    Volcanic Upheaval
    Tandem Tactics
    Shatterskull Recruit
    Felidar Cub
--> Dominator Drone
    Blighted Fen
    Mountain

Pack 1 pick 6:
    Murk Strider
--> Tightening Coils
    Eldrazi Devastator
    Demon's Grasp
    Looming Spires
    Fertile Thicket
    Snapping Gnarlid
    Belligerent Whiptail
    Stone Haven Medic
    Swamp

Pack 1 pick 7:
    Nirkana Assassin
    Oran-Rief Invoker
    Fertile Thicket
    Evolving Wilds
    Hedron Blade
    Cliffside Lookout
    Outnumber
--> Hedron Archive
    Mountain

Pack 1 pick 8:
    Reclaiming Vines
    Grave Birthing
    Broodhunter Wurm
    Ruin Processor
    Skyline Cascade
    Outnumber
--> Roil Spout
    Forest

Pack 1 pick 9:
    Voracious Null
    Bone Splinters
    Sandstone Bridge
--> Scour from Existence
    Goblin War Paint
    Tandem Tactics
    Mountain

Pack 1 pick 10:
    Earthen Arms
    Reclaiming Vines
    Kitesail Scout
--> Kor Castigator
    Retreat to Valakut
    Island

Pack 1 pick 11:
--> Fortified Rampart
    Stonefury
    Blighted Gorge
    Defiant Bloodlord
    Mountain

Pack 1 pick 12:
    Skyline Cascade
    Lavastep Raider
--> Fortified Rampart
    Swamp

Pack 1 pick 13:
    Volcanic Upheaval
--> Tandem Tactics
    Mountain

Pack 1 pick 14:
--> Fertile Thicket
    Swamp

Pack 1 pick 15:
--> Mountain

------ BFZ ------ 

Pack 2 pick 1:
    Anticipate
    Sludge Crawler
    Earthen Arms
    Incubator Drone
    Blighted Gorge
    Tandem Tactics
    Dominator Drone
    Ondu Champion
    Ghostly Sentinel
    Benthic Infiltrator
    Resolute Blademaster
    Processor Assault
    Ulamog's Despoiler
--> Exert Influence
    Island

Pack 2 pick 2:
    Roilmage's Trick
    Swarm Surge
    Tajuru Stalwart
    Incubator Drone
    Makindi Patrol
    Lavastep Raider
    Valakut Invoker
    Courier Griffin
--> Benthic Infiltrator
    Touch of the Void
    Deathless Behemoth
    Retreat to Valakut
    Kor Entanglers
    Mountain

Pack 2 pick 3:
    Dutiful Return
    Blisterpod
    Fertile Thicket
    Geyserfield Stalker
    Demon's Grasp
--> Eldrazi Skyspawner
    Hedron Blade
    Lavastep Raider
    Cliffside Lookout
    Plated Crusher
    Slab Hammer
    Blighted Cataract
    Forest

Pack 2 pick 4:
--> Clutch of Currents
    Evolving Wilds
    Rush of Ice
    Natural Connection
    Unnatural Aggression
    Geyserfield Stalker
    Fortified Rampart
    Belligerent Whiptail
    Spawning Bed
    Rising Miasma
    Brutal Expulsion
    Island

Pack 2 pick 5:
    Mire's Malice
    Giant Mantis
    Brilliant Spectrum
    Tandem Tactics
    Sure Strike
    Felidar Cub
--> Sheer Drop
    Hedron Blade
    Blighted Fen
    Bloodbond Vampire
    Swamp

Pack 2 pick 6:
    Giant Mantis
    Anticipate
    Mind Raker
    Angelic Gift
    Lavastep Raider
    Dominator Drone
--> Ghostly Sentinel
    Crumble to Dust
    Plated Crusher
    Island

Pack 2 pick 7:
    Nirkana Assassin
    Seek the Wilds
    Oracle of Dust
    Altar's Reap
    Boiling Earth
--> Lithomancer's Focus
    Murasa Ranger
    Malakir Familiar
    Island

Pack 2 pick 8:
    Oran-Rief Invoker
    Brilliant Spectrum
    Broodhunter Wurm
    Spell Shrivel
    Skyline Cascade
    Felidar Cub
--> Halimar Tidecaller
    Island

Pack 2 pick 9:
    Anticipate
    Earthen Arms
    Tandem Tactics
    Dominator Drone
    Ondu Champion
--> Ghostly Sentinel
    Island

Pack 2 pick 10:
    Roilmage's Trick
    Swarm Surge
    Lavastep Raider
--> Courier Griffin
    Retreat to Valakut
    Mountain

Pack 2 pick 11:
    Dutiful Return
--> Geyserfield Stalker
    Hedron Blade
    Slab Hammer
    Forest

Pack 2 pick 12:
    Rush of Ice
--> Unnatural Aggression
    Geyserfield Stalker
    Island

Pack 2 pick 13:
    Hedron Blade
--> Blighted Fen
    Swamp

Pack 2 pick 14:
    Lavastep Raider
--> Island

Pack 2 pick 15:
--> Altar's Reap

------ BFZ ------ 

Pack 3 pick 1:
    Kalastria Nightwatch
    Swell of Growth
    Mist Intruder
    Looming Spires
    Grave Birthing
    Eyeless Watcher
    Eldrazi Devastator
    Wave-Wing Elemental
    Belligerent Whiptail
    Earthen Arms
    Blighted Gorge
    Turn Against
    Grip of Desolation
--> Cinder Glade
    Forest

Pack 3 pick 2:
    Anticipate
    Sludge Crawler
    Earthen Arms
    Spell Shrivel
    Felidar Cub
    Goblin War Paint
    Touch of the Void
    Ondu Greathorn
    Ondu Champion
    Makindi Sliderunner
    Titan's Presence
--> Adverse Conditions
    Vampiric Rites
    Forest

Pack 3 pick 3:
    Kalastria Healer
    Reclaiming Vines
    Salvage Drone
    Eyeless Watcher
    Rush of Ice
    Mortuary Mire
    Natural Connection
    Kor Castigator
    Boiling Earth
    Scythe Leopard
    Retreat to Hagra
--> Noyan Dar, Roil Shaper
    Forest

Pack 3 pick 4:
    Altar's Reap
    Call the Scions
    Ruin Processor
    Forest
    Mortuary Mire
--> Tightening Coils
    Inspired Charge
    Boiling Earth
    Hedron Archive
    Blighted Steppe
    Radiant Flames
    Swamp

Pack 3 pick 5:
    Territorial Baloth
    Dutiful Return
    Dutiful Return
    Sandstone Bridge
    Tajuru Beastmaster
    Demon's Grasp
    Skyline Cascade
    Cliffside Lookout
    Goblin War Paint
--> Roil Spout
    Island

Pack 3 pick 6:
    Dispel
    Territorial Baloth
    Angelic Gift
    Belligerent Whiptail
    Shadow Glider
    Stonefury
--> Smite the Monstrous
    Herald of Kozilek
    Chasm Guide
    Mountain

Pack 3 pick 7:
    Dutiful Return
    Blisterpod
    Grave Birthing
    Broodhunter Wurm
--> Skyline Cascade
    Tandem Tactics
    Shatterskull Recruit
    Skitterskin
    Forest

Pack 3 pick 8:
    Plummet
    Blisterpod
    Shatterskull Recruit
    Vestige of Emrakul
    Ghostly Sentinel
    Dominator Drone
--> Coastal Discovery
    Swamp

Pack 3 pick 9:
    Swell of Growth
    Looming Spires
--> Eyeless Watcher
    Eldrazi Devastator
    Wave-Wing Elemental
    Blighted Gorge
    Forest

Pack 3 pick 10:
    Anticipate
    Earthen Arms
--> Felidar Cub
    Goblin War Paint
    Ondu Greathorn
    Forest

Pack 3 pick 11:
--> Kalastria Healer
    Reclaiming Vines
    Rush of Ice
    Boiling Earth
    Forest

Pack 3 pick 12:
    Altar's Reap
    Boiling Earth
--> Blighted Steppe
    Swamp

Pack 3 pick 13:
    Dutiful Return
--> Cliffside Lookout
    Goblin War Paint

Pack 3 pick 14:
--> Angelic Gift
    Belligerent Whiptail

Pack 3 pick 15:
--> Tandem Tactics

