Event #: 8920580
Time:    10/20/2015 5:12:23 PM
Players:
    Jumble
    Th00mor
    Lonthion
    Dylan1207
    Dreamcrusher119
--> rusty69
    Q_sic
    Strand

------ BFZ ------ 

Pack 1 pick 1:
    Giant Mantis
    Anticipate
    Mind Raker
    Territorial Baloth
    Nettle Drone
    Fortified Rampart
    Belligerent Whiptail
    Makindi Sliderunner
    Gideon's Reproach
    Lifespring Druid
    Skitterskin
    Expedition Envoy
    Sylvan Scrying
--> Fathom Feeder
    Swamp

Pack 1 pick 2:
    Seek the Wilds
    Coralhelm Guide
    Nirkana Assassin
    Tightening Coils
    Looming Spires
    Grave Birthing
    Eyeless Watcher
    Eldrazi Devastator
    Boiling Earth
    Makindi Patrol
    Tunneling Geopede
    Vampiric Rites
--> Bane of Bala Ged
    Island

Pack 1 pick 3:
    Blisterpod
    Anticipate
    Scour from Existence
    Grave Birthing
    Broodhunter Wurm
    Spell Shrivel
    Ruin Processor
    Belligerent Whiptail
    Stone Haven Medic
    Herald of Kozilek
    Chasm Guide
--> Ruination Guide
    Island

Pack 1 pick 4:
    Swarm Surge
    Tajuru Stalwart
--> Incubator Drone
    Culling Drone
    Fortified Rampart
    Lavastep Raider
    Courier Griffin
    Valakut Predator
    Angel of Renewal
    Brood Monitor
    Dampening Pulse
    Forest

Pack 1 pick 5:
    Mind Raker
    Territorial Baloth
    Kalastria Nightwatch
    Angelic Gift
    Shadow Glider
    Lifespring Druid
    Valakut Invoker
    Ondu Greathorn
    Ulamog's Reclaimer
--> Kor Entanglers
    Forest

Pack 1 pick 6:
    Swell of Growth
--> Mist Intruder
    Dutiful Return
    Skyline Cascade
    Rush of Ice
    Mortuary Mire
    Kitesail Scout
    Belligerent Whiptail
    Blighted Steppe
    Forest

Pack 1 pick 7:
    Reclaiming Vines
    Salvage Drone
    Swarm Surge
    Spell Shrivel
    Scour from Existence
    Lithomancer's Focus
    Goblin War Paint
--> Tide Drifter
    Island

Pack 1 pick 8:
    Wave-Wing Elemental
    Silent Skimmer
    Rush of Ice
    Natural Connection
    Unnatural Aggression
    Makindi Patrol
--> Adverse Conditions
    Swamp

Pack 1 pick 9:
    Giant Mantis
--> Anticipate
    Territorial Baloth
    Fortified Rampart
    Belligerent Whiptail
    Expedition Envoy
    Swamp

Pack 1 pick 10:
    Seek the Wilds
--> Coralhelm Guide
    Nirkana Assassin
    Eldrazi Devastator
    Makindi Patrol
    Island

Pack 1 pick 11:
    Anticipate
--> Scour from Existence
    Broodhunter Wurm
    Belligerent Whiptail
    Island

Pack 1 pick 12:
    Tajuru Stalwart
--> Fortified Rampart
    Lavastep Raider
    Forest

Pack 1 pick 13:
    Angelic Gift
--> Ondu Greathorn
    Forest

Pack 1 pick 14:
--> Dutiful Return
    Kitesail Scout

Pack 1 pick 15:
--> Island

------ BFZ ------ 

Pack 2 pick 1:
    Brilliant Spectrum
    Nirkana Assassin
    Natural Connection
    Tightening Coils
    Eldrazi Devastator
    Demon's Grasp
    Looming Spires
    Fertile Thicket
    Sure Strike
    Kitesail Scout
    Crumble to Dust
--> Grip of Desolation
    Unified Front
    Endless One
    Plains

Pack 2 pick 2:
    Seek the Wilds
    Coralhelm Guide
    Nirkana Assassin
    Hedron Blade
--> Bone Splinters
    Unnatural Aggression
    Sandstone Bridge
    Cloud Manta
    Makindi Patrol
    Kozilek's Sentinel
    Blighted Woodland
    Titan's Presence
    Vile Aggregate
    Forest

Pack 2 pick 3:
    Giant Mantis
    Brilliant Spectrum
    Altar's Reap
    Geyserfield Stalker
--> Cloud Manta
    Sandstone Bridge
    Tajuru Beastmaster
    Goblin War Paint
    Tandem Tactics
    Molten Nursery
    Forerunner of Slaughter
    Emeria Shepherd
    Forest

Pack 2 pick 4:
    Salvage Drone
    Kalastria Healer
    Blisterpod
--> Oracle of Dust
    Belligerent Whiptail
    Kor Castigator
    Courier Griffin
    Smite the Monstrous
    Ondu Greathorn
    Ulamog's Despoiler
    Void Attendant
    Forest

Pack 2 pick 5:
    Sludge Crawler
    Earthen Arms
--> Incubator Drone
    Kalastria Healer
    Stone Haven Medic
    Shatterskull Recruit
    Ondu Champion
    Ghostly Sentinel
    Vestige of Emrakul
    Aligned Hedron Network
    Island

Pack 2 pick 6:
    Call the Scions
    Roilmage's Trick
    Skyline Cascade
    Broodhunter Wurm
--> Mortuary Mire
    Sure Strike
    Felidar Cub
    Pathway Arrows
    Shrine of the Forsaken Gods
    Forest

Pack 2 pick 7:
    Mire's Malice
    Giant Mantis
--> Wave-Wing Elemental
    Fertile Thicket
    Geyserfield Stalker
    Inspired Charge
    Reckless Cohort
    Scythe Leopard
    Mountain

Pack 2 pick 8:
    Dispel
    Fertile Thicket
    Geyserfield Stalker
    Lavastep Raider
    Fortified Rampart
--> Kor Bladewhirl
    Ondu Rising
    Island

Pack 2 pick 9:
    Brilliant Spectrum
    Nirkana Assassin
--> Eldrazi Devastator
    Fertile Thicket
    Kitesail Scout
    Crumble to Dust
    Plains

Pack 2 pick 10:
    Seek the Wilds
--> Coralhelm Guide
    Hedron Blade
    Sandstone Bridge
    Makindi Patrol
    Forest

Pack 2 pick 11:
    Brilliant Spectrum
    Geyserfield Stalker
--> Sandstone Bridge
    Goblin War Paint
    Forest

Pack 2 pick 12:
--> Salvage Drone
    Kor Castigator
    Ondu Greathorn
    Forest

Pack 2 pick 13:
    Earthen Arms
--> Ondu Champion
    Island

Pack 2 pick 14:
--> Skyline Cascade
    Forest

Pack 2 pick 15:
--> Mountain

------ BFZ ------ 

Pack 3 pick 1:
    Kalastria Nightwatch
    Earthen Arms
    Murk Strider
    Snapping Gnarlid
    Spell Shrivel
--> Complete Disregard
    Scour from Existence
    Tajuru Beastmaster
    Volcanic Upheaval
    Angelic Gift
    Ruination Guide
    Skitterskin
    Roil's Retribution
    Hero of Goma Fada
    Mountain

Pack 3 pick 2:
    Territorial Baloth
    Roilmage's Trick
    Scour from Existence
    Grave Birthing
    Broodhunter Wurm
    Spell Shrivel
--> Complete Disregard
    Ruin Processor
    Kor Castigator
    Reckless Cohort
    Sylvan Scrying
    Slab Hammer
    Turn Against
    Plains

Pack 3 pick 3:
    Clutch of Currents
    Culling Drone
    Skyline Cascade
--> Eldrazi Skyspawner
    Ruin Processor
    Bone Splinters
    Broodhunter Wurm
    Mortuary Mire
    Cliffside Lookout
    Plated Crusher
    Resolute Blademaster
    Blighted Gorge
    Plains

Pack 3 pick 4:
    Reclaiming Vines
    Salvage Drone
    Swarm Surge
    Skyline Cascade
    Eyeless Watcher
    Rush of Ice
    Mortuary Mire
    Shatterskull Recruit
    Felidar Cub
--> Transgress the Mind
    Slab Hammer
    Plains

Pack 3 pick 5:
    Mind Raker
    Territorial Baloth
--> Clutch of Currents
    Kalastria Nightwatch
    Cliffside Lookout
    Valakut Predator
    Hedron Blade
    Valakut Invoker
    Roil's Retribution
    Crumble to Dust
    Island

Pack 3 pick 6:
--> Murk Strider
    Wave-Wing Elemental
    Rush of Ice
    Natural Connection
    Unnatural Aggression
    Sure Strike
    Infuse with the Elements
    Chasm Guide
    Vampiric Rites
    Island

Pack 3 pick 7:
    Incubator Drone
--> Culling Drone
    Inspired Charge
    Vestige of Emrakul
    Ghostly Sentinel
    Dominator Drone
    Chasm Guide
    Blighted Fen
    Forest

Pack 3 pick 8:
    Call the Scions
--> Murk Strider
    Voracious Null
    Goblin War Paint
    Boiling Earth
    Lithomancer's Focus
    Prism Array
    Plains

Pack 3 pick 9:
    Earthen Arms
--> Murk Strider
    Spell Shrivel
    Tajuru Beastmaster
    Volcanic Upheaval
    Angelic Gift
    Mountain

Pack 3 pick 10:
--> Territorial Baloth
    Roilmage's Trick
    Broodhunter Wurm
    Reckless Cohort
    Slab Hammer
    Plains

Pack 3 pick 11:
--> Culling Drone
    Broodhunter Wurm
    Mortuary Mire
    Cliffside Lookout
    Plains

Pack 3 pick 12:
    Reclaiming Vines
--> Skyline Cascade
    Rush of Ice
    Plains

Pack 3 pick 13:
    Cliffside Lookout
--> Hedron Blade
    Island

Pack 3 pick 14:
--> Natural Connection
    Island

Pack 3 pick 15:
--> Forest

