Event #: 8943164
Time:    10/25/2015 8:03:24 PM
Players:
--> Bortlett1
    br0hem0th
    abones
    Ennis0
    Spizzels
    Topstobottom
    icyunvme2525
    joszsib

------ BFZ ------ 

Pack 1 pick 1:
    Altar's Reap
    Plummet
    Coralhelm Guide
    Demon's Grasp
    Looming Spires
    Fertile Thicket
    Snapping Gnarlid
    Prism Array
    Kor Castigator
    Reckless Cohort
    Slab Hammer
    Retreat to Coralhelm
    Hagra Sharpshooter
--> Ulamog, the Ceaseless Hunger
    Island

Pack 1 pick 2:
    Giant Mantis
    Anticipate
    Rush of Ice
    Silent Skimmer
    Mortuary Mire
    Natural Connection
    Tightening Coils
    Eldrazi Devastator
    Felidar Cub
    Goblin War Paint
    Skyrider Elf
    Jaddi Offshoot
--> Noyan Dar, Roil Shaper
    Plains

Pack 1 pick 3:
    Call the Scions
    Roilmage's Trick
    Swarm Surge
    Tajuru Stalwart
    Cliffside Lookout
    Goblin War Paint
    Kozilek's Channeler
    Vestige of Emrakul
    Courier Griffin
    Valakut Predator
    Zulaport Cutthroat
--> Exert Influence
    Mountain

Pack 1 pick 4:
    Salvage Drone
    Swarm Surge
    Rush of Ice
    Mortuary Mire
    Natural Connection
    Tightening Coils
    Eldrazi Devastator
    Kozilek's Sentinel
    Sylvan Scrying
--> Skyrider Elf
    Processor Assault
    Forest

Pack 1 pick 5:
--> Incubator Drone
    Seek the Wilds
    Bone Splinters
    Broodhunter Wurm
    Mortuary Mire
    Tightening Coils
    Looming Spires
    Tandem Tactics
    Outnumber
    Retreat to Valakut
    Mountain

Pack 1 pick 6:
    Earthen Arms
--> Murk Strider
    Scour from Existence
    Wave-Wing Elemental
    Silent Skimmer
    Kitesail Scout
    Reckless Cohort
    Jaddi Offshoot
    Tunneling Geopede
    Swamp

Pack 1 pick 7:
    Nirkana Assassin
--> Oran-Rief Invoker
    Dispel
    Rush of Ice
    Natural Connection
    Unnatural Aggression
    Geyserfield Stalker
    Dust Stalker
    Forest

Pack 1 pick 8:
    Culling Drone
    Ruin Processor
    Skyline Cascade
--> Eyeless Watcher
    Tandem Tactics
    Pathway Arrows
    Blighted Steppe
    Plains

Pack 1 pick 9:
    Altar's Reap
--> Plummet
    Looming Spires
    Slab Hammer
    Retreat to Coralhelm
    Hagra Sharpshooter
    Island

Pack 1 pick 10:
    Mortuary Mire
--> Natural Connection
    Eldrazi Devastator
    Goblin War Paint
    Jaddi Offshoot
    Plains

Pack 1 pick 11:
--> Call the Scions
    Roilmage's Trick
    Goblin War Paint
    Vestige of Emrakul
    Mountain

Pack 1 pick 12:
    Swarm Surge
    Mortuary Mire
--> Eldrazi Devastator
    Forest

Pack 1 pick 13:
--> Seek the Wilds
    Mortuary Mire
    Mountain

Pack 1 pick 14:
--> Earthen Arms
    Swamp

Pack 1 pick 15:
--> Forest

------ BFZ ------ 

Pack 2 pick 1:
    Call the Scions
    Murk Strider
    Voracious Null
    Oran-Rief Invoker
    Cliffside Lookout
    Volcanic Upheaval
    Vestige of Emrakul
    Gideon's Reproach
    Touch of the Void
    Sheer Drop
--> Stasis Snare
    Sylvan Scrying
    Malakir Familiar
    Serpentine Spike
    Forest

Pack 2 pick 2:
    Blisterpod
    Anticipate
    Sludge Crawler
    Oran-Rief Invoker
    Lithomancer's Focus
    Outnumber
    Dominator Drone
    Ondu Champion
    Ghostly Sentinel
--> Benthic Infiltrator
    Tunneling Geopede
    Skitterskin
    Cryptic Cruiser
    Forest

Pack 2 pick 3:
    Coralhelm Guide
    Nirkana Assassin
    Grave Birthing
--> Eyeless Watcher
    Eldrazi Devastator
    Wave-Wing Elemental
    Geyserfield Stalker
    Kitesail Scout
    Shatterskull Recruit
    Roil's Retribution
    Void Attendant
    Slab Hammer
    Mountain

Pack 2 pick 4:
    Altar's Reap
    Plummet
    Coralhelm Guide
    Mire's Malice
    Stone Haven Medic
    Volcanic Upheaval
    Ondu Champion
    Makindi Sliderunner
--> Unified Front
    Murasa Ranger
    Adverse Conditions
    Plains

Pack 2 pick 5:
    Voracious Null
    Oran-Rief Invoker
    Brilliant Spectrum
    Nirkana Assassin
    Fortified Rampart
    Cliffside Lookout
    Outnumber
--> Touch of the Void
    Ondu Greathorn
    Skitterskin
    Island

Pack 2 pick 6:
    Oran-Rief Invoker
    Dispel
    Mind Raker
    Territorial Baloth
    Sure Strike
    Shadow Glider
    Valakut Invoker
    Cryptic Cruiser
--> Angelic Captain
    Mountain

Pack 2 pick 7:
    Swell of Growth
--> Snapping Gnarlid
    Hedron Blade
    Bone Splinters
    Inspired Charge
    Reckless Cohort
    Blighted Cataract
    Ulamog's Despoiler
    Mountain

Pack 2 pick 8:
--> Incubator Drone
    Seek the Wilds
    Coralhelm Guide
    Kitesail Scout
    Valakut Predator
    Hedron Blade
    Spawning Bed
    Forest

Pack 2 pick 9:
    Voracious Null
    Oran-Rief Invoker
    Cliffside Lookout
    Volcanic Upheaval
    Vestige of Emrakul
--> Sylvan Scrying
    Forest

Pack 2 pick 10:
--> Blisterpod
    Anticipate
    Oran-Rief Invoker
    Ghostly Sentinel
    Tunneling Geopede
    Forest

Pack 2 pick 11:
    Nirkana Assassin
    Geyserfield Stalker
    Kitesail Scout
--> Shatterskull Recruit
    Mountain

Pack 2 pick 12:
    Plummet
--> Coralhelm Guide
    Volcanic Upheaval
    Plains

Pack 2 pick 13:
--> Nirkana Assassin
    Cliffside Lookout
    Island

Pack 2 pick 14:
--> Dispel
    Mountain

Pack 2 pick 15:
--> Mountain

------ BFZ ------ 

Pack 3 pick 1:
    Reclaiming Vines
    Mist Intruder
    Sandstone Bridge
    Tajuru Beastmaster
    Demon's Grasp
    Skyline Cascade
--> Eldrazi Skyspawner
    Ruin Processor
    Makindi Patrol
    Nettle Drone
    Blighted Fen
    Ondu Rising
    Murasa Ranger
    Scatter to the Winds
    Swamp

Pack 3 pick 2:
    Brilliant Spectrum
    Nirkana Assassin
    Seek the Wilds
    Belligerent Whiptail
    Angelic Gift
    Nettle Drone
    Kitesail Scout
    Belligerent Whiptail
--> Kozilek's Channeler
    Makindi Sliderunner
    Scythe Leopard
    Retreat to Coralhelm
    Shrine of the Forsaken Gods
    Island

Pack 3 pick 3:
    Mind Raker
    Territorial Baloth
    Roilmage's Trick
    Dutiful Return
    Sure Strike
    Felidar Cub
    Ondu Greathorn
--> Lifespring Druid
    Ondu Champion
    Gideon's Reproach
    Brood Monitor
    Titan's Presence
    Island

Pack 3 pick 4:
    Sludge Crawler
    Earthen Arms
    Grave Birthing
    Eyeless Watcher
    Eldrazi Devastator
    Wave-Wing Elemental
--> Fertile Thicket
    Geyserfield Stalker
    Felidar Cub
    Kozilek's Sentinel
    Blighted Gorge
    Island

Pack 3 pick 5:
    Giant Mantis
    Anticipate
    Scour from Existence
--> Tajuru Beastmaster
    Wave-Wing Elemental
    Silent Skimmer
    Goblin War Paint
    Tandem Tactics
    Spawning Bed
    Brutal Expulsion
    Island

Pack 3 pick 6:
    Mire's Malice
--> Giant Mantis
    Brilliant Spectrum
    Altar's Reap
    Fortified Rampart
    Angelic Gift
    Lavastep Raider
    Makindi Sliderunner
    Crumble to Dust
    Swamp

Pack 3 pick 7:
    Swarm Surge
    Call the Scions
    Murk Strider
    Snapping Gnarlid
    Hedron Blade
    Lavastep Raider
--> Breaker of Armies
    Encircling Fissure
    Island

Pack 3 pick 8:
--> Oran-Rief Invoker
    Brilliant Spectrum
    Skyline Cascade
    Rush of Ice
    Belligerent Whiptail
    Retreat to Hagra
    Blighted Gorge
    Mountain

Pack 3 pick 9:
    Reclaiming Vines
    Sandstone Bridge
--> Skyline Cascade
    Ruin Processor
    Blighted Fen
    Ondu Rising
    Swamp

Pack 3 pick 10:
    Brilliant Spectrum
    Nirkana Assassin
    Seek the Wilds
    Kitesail Scout
--> Belligerent Whiptail
    Island

Pack 3 pick 11:
    Dutiful Return
    Sure Strike
--> Ondu Greathorn
    Ondu Champion
    Island

Pack 3 pick 12:
--> Wave-Wing Elemental
    Geyserfield Stalker
    Kozilek's Sentinel
    Island

Pack 3 pick 13:
--> Scour from Existence
    Goblin War Paint
    Island

Pack 3 pick 14:
--> Lavastep Raider
    Swamp

Pack 3 pick 15:
--> Island

