Event #: 8948407
Time:    10/26/2015 11:14:34 PM
Players:
    hastur
    slizzard
    yuki12
--> Red_Ghost
    TheeKing
    stolp369
    TheSheik
    NolaJon

------ FRF ------ 

Pack 1 pick 1:
    Typhoid Rats
    Grim Contest
    Dragon Bell Monk
    Rakshasa's Disdain
    Gurmag Angler
    Abzan Advantage
    Collateral Damage
    Formless Nurturing
--> Sandsteppe Outcast
    Temur Battle Rage
    Cached Defenses
    Wardscale Dragon
    Dragonrage
    Scroll of the Masters
    Bloodfell Caves

Pack 1 pick 2:
    Will of the Naga
    Ancestral Vengeance
    Cunning Strike
    Abzan Runemark
    Rakshasa's Disdain
    Reach of Shadows
    Lightning Shrieker
    Ainok Guide
--> Sandsteppe Outcast
    Smoldering Efreet
    Abzan Beastmaster
    Pilgrim of the Fires
    Jeskai Barricade
    Rugged Highlands

Pack 1 pick 3:
    Ethereal Ambush
    Dragon Bell Monk
    Enhanced Awareness
    Gurmag Angler
    Refocus
    Soul Summons
    Temur Runemark
    Write into Being
--> Bathe in Dragonfire
    Map the Wastes
    Renowned Weaponsmith
    Sibsig Muckdraggers
    Blossoming Sands

Pack 1 pick 4:
    Typhoid Rats
    Grim Contest
    Sultai Emissary
    Gurmag Angler
    Abzan Advantage
    Collateral Damage
    Formless Nurturing
--> Sandsteppe Outcast
    Temur Battle Rage
    Orc Sureshot
    Temur Sabertooth
    Rugged Highlands

Pack 1 pick 5:
    Pressure Point
    Aven Skirmisher
--> Lotus Path Djinn
    Douse in Gloom
    Ainok Guide
    Alesha's Vanguard
    Gore Swine
    Whisperer of the Wilds
    Mardu Runemark
    Shifting Loyalties
    Humble Defector

Pack 1 pick 6:
    Sibsig Host
    Cunning Strike
    Arashin Cleric
    Typhoid Rats
    Frontier Mastodon
    Alesha's Vanguard
    Defiant Ogre
    Fruit of the First Tree
    Lotus-Eye Mystics
--> Swiftwater Cliffs

Pack 1 pick 7:
    Hooded Assassin
    Pressure Point
    Aven Skirmisher
--> Lotus Path Djinn
    Ainok Guide
    Alesha's Vanguard
    Mardu Runemark
    Rite of Undoing
    Battle Brawler

Pack 1 pick 8:
--> Will of the Naga
    Ancestral Vengeance
    Abzan Runemark
    Rakshasa's Disdain
    Ainok Guide
    Smoldering Efreet
    Arashin War Beast
    Neutralizing Blast

Pack 1 pick 9:
    Grim Contest
    Dragon Bell Monk
    Rakshasa's Disdain
    Abzan Advantage
--> Collateral Damage
    Dragonrage
    Scroll of the Masters

Pack 1 pick 10:
    Will of the Naga
    Ancestral Vengeance
    Abzan Runemark
    Rakshasa's Disdain
--> Smoldering Efreet
    Pilgrim of the Fires

Pack 1 pick 11:
--> Enhanced Awareness
    Refocus
    Temur Runemark
    Map the Wastes
    Renowned Weaponsmith

Pack 1 pick 12:
    Grim Contest
    Abzan Advantage
--> Collateral Damage
    Formless Nurturing

Pack 1 pick 13:
    Aven Skirmisher
    Mardu Runemark
--> Shifting Loyalties

Pack 1 pick 14:
--> Arashin Cleric
    Fruit of the First Tree

Pack 1 pick 15:
--> Mardu Runemark

------ KTK ------ 

Pack 2 pick 1:
    Defiant Strike
    Act of Treason
    Tusked Colossodon
    Jeskai Windscout
    Disowned Ancestor
    Rush of Battle
    Bloodfire Mentor
    Highland Game
    Disdainful Stroke
    Sidisi's Pet
    Sultai Flayer
    Bellowing Saddlebrute
    Sultai Soothsayer
--> Ankle Shanker
    Island

Pack 2 pick 2:
    Alpine Grizzly
    Alabaster Kirin
    Tormenting Voice
    Wetland Sambar
    Siegecraft
    Bring Low
    Kin-Tree Warden
    Scoured Barrens
    Crippling Chill
    Kheru Dreadmaw
    Mer-Ek Nightblade
    Temur Charm
--> Horde Ambusher
    Swamp

Pack 2 pick 3:
--> Ainok Bond-Kin
    Shatter
    Tranquil Cove
    Unyielding Krumar
    Sultai Banner
    Firehoof Cavalry
    Arrow Storm
    Kin-Tree Warden
    Rotting Mastodon
    Disdainful Stroke
    Mardu Charm
    Icefeather Aven
    Island

Pack 2 pick 4:
    Ainok Tracker
    Naturalize
--> Jeskai Windscout
    Rush of Battle
    Bloodfire Mentor
    Dutiful Return
    Whirlwind Adept
    Goblinslide
    Brave the Sands
    Set Adrift
    Villainous Wealth
    Island

Pack 2 pick 5:
    Shatter
    Awaken the Bear
    Highland Game
--> Dismal Backwater
    Mardu Hateblade
    Valley Dasher
    Dragonscale Boon
    Tranquil Cove
    Taigam's Scheming
    Temur Charger
    Forest

Pack 2 pick 6:
--> Woolly Loxodon
    Salt Road Patrol
    Canyon Lurkers
    Alpine Grizzly
    Whirlwind Adept
    Kheru Dreadmaw
    Monastery Flock
    Temur Banner
    Witness of the Ages
    Plains

Pack 2 pick 7:
    Awaken the Bear
    Canyon Lurkers
    Longshot Squad
    Crippling Chill
    Rakshasa's Secret
    Temur Banner
    Wind-Scarred Crag
--> Take Up Arms
    Swamp

Pack 2 pick 8:
    Act of Treason
    Defiant Strike
    Trumpet Blast
--> Force Away
    Dutiful Return
    Temur Banner
    Mardu Banner
    Swamp

Pack 2 pick 9:
    Defiant Strike
--> Act of Treason
    Tusked Colossodon
    Bloodfire Mentor
    Disdainful Stroke
    Sidisi's Pet
    Island

Pack 2 pick 10:
--> Tormenting Voice
    Wetland Sambar
    Siegecraft
    Kin-Tree Warden
    Kheru Dreadmaw
    Swamp

Pack 2 pick 11:
    Shatter
    Sultai Banner
    Firehoof Cavalry
--> Kin-Tree Warden
    Island

Pack 2 pick 12:
    Naturalize
--> Bloodfire Mentor
    Goblinslide
    Island

Pack 2 pick 13:
    Shatter
--> Valley Dasher
    Forest

Pack 2 pick 14:
--> Temur Banner
    Plains

Pack 2 pick 15:
--> Swamp

------ KTK ------ 

Pack 3 pick 1:
    War Behemoth
    Swift Kick
    Unyielding Krumar
    Sultai Banner
    Firehoof Cavalry
    Arrow Storm
    Kin-Tree Warden
    Swiftwater Cliffs
    Cancel
    Krumar Bond-Kin
    Master the Way
--> Arc Lightning
    Tomb of the Spirit Dragon
    Flying Crane Technique
    Forest

Pack 3 pick 2:
    Hooting Mandrills
    Alabaster Kirin
    Summit Prowler
    Feed the Clan
    Scaldkin
    Sultai Scavenger
    Throttle
    Blossoming Sands
    Abzan Guide
    Abzan Banner
--> Hordeling Outburst
    Brave the Sands
    Dead Drop
    Plains

Pack 3 pick 3:
    Longshot Squad
    Sage-Eye Harrier
    Feed the Clan
    Rakshasa's Secret
    Mystic of the Hidden Way
    Thornwood Falls
    Abomination of Gudul
    Abzan Banner
    Treasure Cruise
    Mardu Blazebringer
--> Warden of the Eye
    Rakshasa Vizier
    Plains

Pack 3 pick 4:
    Mardu Hordechief
    Swift Kick
    Hooting Mandrills
    Salt Road Patrol
    Whirlwind Adept
    Rotting Mastodon
    Cancel
    Sultai Scavenger
--> Wind-Scarred Crag
    Abzan Guide
    Abzan Battle Priest
    Forest

Pack 3 pick 5:
    Bloodfire Expert
    Sagu Archer
    Jeskai Windscout
    Disowned Ancestor
--> Rush of Battle
    Bloodfire Mentor
    Scaldkin
    Krumar Bond-Kin
    Set Adrift
    Temur Ascendancy
    Mountain

Pack 3 pick 6:
    Ainok Tracker
    Naturalize
    Jeskai Student
    Glacial Stalker
    Rakshasa's Secret
    Throttle
    Wind-Scarred Crag
    Weave Fate
--> Jeskai Charm
    Island

Pack 3 pick 7:
    Feed the Clan
    Sultai Banner
    Firehoof Cavalry
    Kin-Tree Warden
    Singing Bell Strike
    Shambling Attendants
    Dazzling Ramparts
--> Rakshasa Deathdealer
    Swamp

Pack 3 pick 8:
    Bloodfire Mentor
    Archers' Parapet
--> Swiftwater Cliffs
    Embodiment of Spring
    Mardu Hateblade
    Monastery Flock
    Bitter Revelation
    Swamp

Pack 3 pick 9:
    Swift Kick
    Sultai Banner
    Firehoof Cavalry
    Kin-Tree Warden
--> Cancel
    Tomb of the Spirit Dragon
    Forest

Pack 3 pick 10:
    Feed the Clan
    Sultai Scavenger
--> Throttle
    Abzan Banner
    Brave the Sands
    Plains

Pack 3 pick 11:
    Feed the Clan
--> Abomination of Gudul
    Mardu Blazebringer
    Rakshasa Vizier
    Plains

Pack 3 pick 12:
--> Swift Kick
    Rotting Mastodon
    Cancel
    Forest

Pack 3 pick 13:
--> Jeskai Windscout
    Bloodfire Mentor
    Mountain

Pack 3 pick 14:
--> Naturalize
    Island

Pack 3 pick 15:
--> Swamp

