Event #: 8960429
Time:    29/10/2015 7:00:13 PM
Players:
    GaltExpress
    hillsfar2
    thefidster
    viction
    Legendary_KS
--> mistershifu
    casonbraves2
    Zappa_Lives

------ BFZ ------ 

Pack 1 pick 1:
    Territorial Baloth
--> Clutch of Currents
    Kalastria Nightwatch
    Swell of Growth
    Cliffside Lookout
    Firemantle Mage
    Shadow Glider
    Dominator Drone
    Stonefury
    Ghostly Sentinel
    Akoum Stonewaker
    Hagra Sharpshooter
    Jaddi Offshoot
    Zada, Hedron Grinder
    Island

Pack 1 pick 2:
    Murk Strider
    Voracious Null
    Oran-Rief Invoker
    Brilliant Spectrum
    Felidar Cub
    Boiling Earth
    Lithomancer's Focus
--> Outnumber
    Vestige of Emrakul
    Courier Griffin
    Infuse with the Elements
    Malakir Familiar
    Transgress the Mind
    Plains

Pack 1 pick 3:
    Oracle of Dust
    Altar's Reap
    Plummet
    Coralhelm Guide
    Makindi Patrol
--> Kozilek's Sentinel
    Valakut Predator
    Shadow Glider
    Lifespring Druid
    Valakut Invoker
    Ondu Rising
    Murasa Ranger
    Plains

Pack 1 pick 4:
    Oracle of Dust
    Voracious Null
    Reclaiming Vines
    Kitesail Scout
    Shatterskull Recruit
    Kor Castigator
    Sure Strike
    Ghostly Sentinel
    Pathway Arrows
    Rot Shambler
--> Veteran Warleader
    Forest

Pack 1 pick 5:
    Giant Mantis
    Anticipate
    Mind Raker
    Sandstone Bridge
--> Cloud Manta
    Scour from Existence
    Grave Birthing
    Broodhunter Wurm
    Cliffside Lookout
    Tunneling Geopede
    Swamp

Pack 1 pick 6:
    Earthen Arms
--> Incubator Drone
    Tajuru Beastmaster
    Demon's Grasp
    Skyline Cascade
    Ruin Processor
    Kor Castigator
    Reckless Cohort
    Blighted Fen
    Plains

Pack 1 pick 7:
    Seek the Wilds
    Altar's Reap
--> Eyeless Watcher
    Eldrazi Devastator
    Wave-Wing Elemental
    Fertile Thicket
    Inspired Charge
    Boiling Earth
    Swamp

Pack 1 pick 8:
    Earthen Arms
    Kalastria Healer
    Reclaiming Vines
    Sure Strike
    Kitesail Scout
    Scythe Leopard
--> Grovetender Druids
    Island

Pack 1 pick 9:
    Territorial Baloth
    Kalastria Nightwatch
    Swell of Growth
    Cliffside Lookout
--> Shadow Glider
    Jaddi Offshoot
    Island

Pack 1 pick 10:
--> Oran-Rief Invoker
    Brilliant Spectrum
    Boiling Earth
    Lithomancer's Focus
    Infuse with the Elements
    Plains

Pack 1 pick 11:
    Altar's Reap
    Plummet
    Makindi Patrol
--> Lifespring Druid
    Plains

Pack 1 pick 12:
    Reclaiming Vines
--> Kitesail Scout
    Pathway Arrows
    Forest

Pack 1 pick 13:
--> Giant Mantis
    Anticipate
    Swamp

Pack 1 pick 14:
--> Earthen Arms
    Plains

Pack 1 pick 15:
--> Seek the Wilds

------ BFZ ------ 

Pack 2 pick 1:
    Territorial Baloth
    Clutch of Currents
    Kalastria Nightwatch
    Swell of Growth
    Shatterskull Recruit
    Felidar Cub
--> Gideon's Reproach
    Vestige of Emrakul
    Ghostly Sentinel
    Dominator Drone
    Retreat to Coralhelm
    Blighted Fen
    Expedition Envoy
    Lumbering Falls
    Forest

Pack 2 pick 2:
    Tajuru Stalwart
    Incubator Drone
    Culling Drone
    Seek the Wilds
    Outnumber
    Angelic Gift
    Stonefury
    Ondu Greathorn
    Lifespring Druid
    Ondu Champion
    Herald of Kozilek
    Retreat to Coralhelm
--> Noyan Dar, Roil Shaper
    Mountain

Pack 2 pick 3:
    Mire's Malice
    Tajuru Stalwart
    Scour from Existence
    Tajuru Beastmaster
    Wave-Wing Elemental
    Evolving Wilds
    Silent Skimmer
    Lavastep Raider
    Cliffside Lookout
    Blighted Cataract
--> Tajuru Warcaller
    Angelic Captain
    Plains

Pack 2 pick 4:
    Earthen Arms
    Incubator Drone
    Reclaiming Vines
    Kor Castigator
    Sure Strike
    Benthic Infiltrator
    Makindi Sliderunner
    Smite the Monstrous
    Kozilek's Channeler
--> Ondu Rising
    Carrier Thrall
    Island

Pack 2 pick 5:
    Dutiful Return
    Swell of Growth
    Dispel
    Kalastria Nightwatch
    Reckless Cohort
    Ghostly Sentinel
    Benthic Infiltrator
    Expedition Envoy
--> Coastal Discovery
    Turn Against
    Swamp

Pack 2 pick 6:
    Dutiful Return
    Swell of Growth
    Dispel
--> Tajuru Beastmaster
    Demon's Grasp
    Skyline Cascade
    Ruin Processor
    Shatterskull Recruit
    Vampiric Rites
    Plains

Pack 2 pick 7:
    Mire's Malice
    Tajuru Stalwart
    Mortuary Mire
    Natural Connection
--> Lifespring Druid
    Cliffside Lookout
    Volcanic Upheaval
    Crumble to Dust
    Plains

Pack 2 pick 8:
    Murk Strider
    Voracious Null
    Looming Spires
    Fertile Thicket
--> Snapping Gnarlid
    Spell Shrivel
    Volcanic Upheaval
    Island

Pack 2 pick 9:
--> Territorial Baloth
    Kalastria Nightwatch
    Swell of Growth
    Shatterskull Recruit
    Ghostly Sentinel
    Retreat to Coralhelm
    Forest

Pack 2 pick 10:
--> Tajuru Stalwart
    Seek the Wilds
    Angelic Gift
    Lifespring Druid
    Ondu Champion
    Mountain

Pack 2 pick 11:
    Mire's Malice
--> Tajuru Stalwart
    Tajuru Beastmaster
    Lavastep Raider
    Plains

Pack 2 pick 12:
--> Earthen Arms
    Reclaiming Vines
    Sure Strike
    Island

Pack 2 pick 13:
    Dutiful Return
--> Swell of Growth
    Swamp

Pack 2 pick 14:
--> Dutiful Return
    Plains

Pack 2 pick 15:
--> Crumble to Dust

------ BFZ ------ 

Pack 3 pick 1:
    Culling Drone
    Giant Mantis
    Rush of Ice
    Natural Connection
    Unnatural Aggression
    Geyserfield Stalker
    Cloud Manta
    Sandstone Bridge
    Goblin War Paint
    Tandem Tactics
    Void Attendant
    Grove Rumbler
--> Halimar Tidecaller
    Radiant Flames
    Plains

Pack 3 pick 2:
    Earthen Arms
    Murk Strider
    Sludge Crawler
    Scour from Existence
    Tajuru Beastmaster
    Wave-Wing Elemental
--> Evolving Wilds
    Silent Skimmer
    Shatterskull Recruit
    Lithomancer's Focus
    Pathway Arrows
    Grip of Desolation
    Unified Front
    Swamp

Pack 3 pick 3:
    Kalastria Nightwatch
    Earthen Arms
    Bone Splinters
    Broodhunter Wurm
    Mortuary Mire
    Tightening Coils
    Looming Spires
    Grave Birthing
    Sure Strike
    Inspired Charge
--> Infuse with the Elements
    Tide Drifter
    Plains

Pack 3 pick 4:
    Salvage Drone
    Swarm Surge
--> Call the Scions
    Silent Skimmer
    Mortuary Mire
    Natural Connection
    Tightening Coils
    Eldrazi Devastator
    Reckless Cohort
    Inspired Charge
    Crumble to Dust
    Island

Pack 3 pick 5:
    Giant Mantis
    Brilliant Spectrum
    Broodhunter Wurm
    Mortuary Mire
    Looming Spires
    Grave Birthing
    Makindi Patrol
    Roil's Retribution
--> Tajuru Warcaller
    Sylvan Scrying
    Mountain

Pack 3 pick 6:
    Nirkana Assassin
    Oran-Rief Invoker
--> Eyeless Watcher
    Wave-Wing Elemental
    Fertile Thicket
    Geyserfield Stalker
    Stone Haven Medic
    Sylvan Scrying
    Hagra Sharpshooter
    Forest

Pack 3 pick 7:
    Culling Drone
    Giant Mantis
    Demon's Grasp
    Looming Spires
    Fertile Thicket
--> Snapping Gnarlid
    Angelic Gift
    Blighted Woodland
    Swamp

Pack 3 pick 8:
    Nirkana Assassin
    Seek the Wilds
--> Spell Shrivel
    Ruin Processor
    Skyline Cascade
    Rush of Ice
    Lavastep Raider
    Plains

Pack 3 pick 9:
    Giant Mantis
    Natural Connection
    Geyserfield Stalker
--> Sandstone Bridge
    Goblin War Paint
    Tandem Tactics
    Plains

Pack 3 pick 10:
    Tajuru Beastmaster
    Wave-Wing Elemental
    Shatterskull Recruit
    Pathway Arrows
--> Unified Front
    Swamp

Pack 3 pick 11:
    Kalastria Nightwatch
    Broodhunter Wurm
    Grave Birthing
--> Inspired Charge
    Plains

Pack 3 pick 12:
--> Natural Connection
    Inspired Charge
    Crumble to Dust
    Island

Pack 3 pick 13:
    Brilliant Spectrum
    Mortuary Mire
--> Mountain

Pack 3 pick 14:
    Geyserfield Stalker
--> Forest

Pack 3 pick 15:
--> Angelic Gift

