Event #: 8960499
Time:    10/29/2015 10:16:59 PM
Players:
    Chavinv
    tguy0125
--> ferrengi
    sikolio
    SknerusMcKwacz
    chilidogg
    adamosimpson21
    wynn1006

------ BFZ ------ 

Pack 1 pick 1:
    Culling Drone
    Seek the Wilds
--> Eldrazi Skyspawner
    Hedron Blade
    Bone Splinters
    Unnatural Aggression
    Sandstone Bridge
    Cloud Manta
    Felidar Cub
    Kozilek's Sentinel
    Pilgrim's Eye
    Blighted Cataract
    Tajuru Warcaller
    Emeria Shepherd
    Forest

Pack 1 pick 2:
    Brilliant Spectrum
    Nirkana Assassin
    Ruin Processor
    Skyline Cascade
    Eyeless Watcher
--> Rush of Ice
    Silent Skimmer
    Mortuary Mire
    Kitesail Scout
    Spell Shrivel
    Kor Bladewhirl
    Skyrider Elf
    Processor Assault
    Plains

Pack 1 pick 3:
    Voracious Null
    Reclaiming Vines
--> Mist Intruder
    Skyline Cascade
    Ruin Processor
    Bone Splinters
    Broodhunter Wurm
    Kor Castigator
    Reckless Cohort
    Ulamog's Despoiler
    Crumble to Dust
    Dust Stalker
    Mountain

Pack 1 pick 4:
    Mind Raker
    Territorial Baloth
--> Clutch of Currents
    Scour from Existence
    Grave Birthing
    Broodhunter Wurm
    Spell Shrivel
    Makindi Patrol
    Lavastep Raider
    Herald of Kozilek
    Chasm Guide
    Forest

Pack 1 pick 5:
    Giant Mantis
    Anticipate
    Mind Raker
    Skyline Cascade
    Bone Splinters
    Broodhunter Wurm
    Stone Haven Medic
--> Ulamog's Reclaimer
    Rising Miasma
    Prism Array
    Plains

Pack 1 pick 6:
    Mire's Malice
    Giant Mantis
    Mortuary Mire
--> Tightening Coils
    Looming Spires
    Grave Birthing
    Eldrazi Devastator
    Stone Haven Medic
    Shatterskull Recruit
    Mountain

Pack 1 pick 7:
    Territorial Baloth
    Roilmage's Trick
    Mortuary Mire
    Tightening Coils
    Looming Spires
    Grave Birthing
--> Eldrazi Devastator
    Retreat to Kazandu
    Plains

Pack 1 pick 8:
    Mire's Malice
    Tajuru Stalwart
    Culling Drone
    Inspired Charge
    Volcanic Upheaval
--> Valakut Invoker
    Akoum Stonewaker
    Plains

Pack 1 pick 9:
    Seek the Wilds
    Hedron Blade
    Bone Splinters
    Unnatural Aggression
    Sandstone Bridge
--> Tajuru Warcaller
    Forest

Pack 1 pick 10:
    Brilliant Spectrum
    Skyline Cascade
    Eyeless Watcher
    Spell Shrivel
--> Skyrider Elf
    Plains

Pack 1 pick 11:
    Reclaiming Vines
--> Broodhunter Wurm
    Reckless Cohort
    Crumble to Dust
    Mountain

Pack 1 pick 12:
    Scour from Existence
--> Broodhunter Wurm
    Lavastep Raider
    Forest

Pack 1 pick 13:
--> Broodhunter Wurm
    Prism Array
    Plains

Pack 1 pick 14:
--> Mortuary Mire
    Mountain

Pack 1 pick 15:
--> Plains

------ BFZ ------ 

Pack 2 pick 1:
    Kalastria Nightwatch
    Earthen Arms
    Murk Strider
    Wave-Wing Elemental
--> Evolving Wilds
    Silent Skimmer
    Rush of Ice
    Natural Connection
    Cliffside Lookout
    Volcanic Upheaval
    Transgress the Mind
    Titan's Presence
    Kor Bladewhirl
    Painful Truths
    Swamp

Pack 2 pick 2:
    Seek the Wilds
    Oracle of Dust
    Giant Mantis
    Plummet
    Kor Castigator
    Sure Strike
    Touch of the Void
    Sheer Drop
--> Kozilek's Channeler
    Makindi Sliderunner
    Vampiric Rites
    Sylvan Scrying
    Desolation Twin
    Plains

Pack 2 pick 3:
    Murk Strider
--> Canopy Vista
    Oran-Rief Invoker
    Scour from Existence
    Grave Birthing
    Broodhunter Wurm
    Spell Shrivel
    Tandem Tactics
    Outnumber
    Pathway Arrows
    Blighted Gorge
    Brood Monitor
    Plains

Pack 2 pick 4:
    Sludge Crawler
    Dutiful Return
--> Unnatural Aggression
    Geyserfield Stalker
    Cloud Manta
    Sandstone Bridge
    Tajuru Beastmaster
    Angelic Gift
    Retreat to Coralhelm
    Blighted Fen
    Catacomb Sifter
    Mountain

Pack 2 pick 5:
    Swell of Growth
    Mist Intruder
    Dutiful Return
    Fortified Rampart
    Cliffside Lookout
    Outnumber
    Stonefury
    Smite the Monstrous
--> Grove Rumbler
    Infuse with the Elements
    Forest

Pack 2 pick 6:
    Giant Mantis
    Anticipate
    Mind Raker
    Territorial Baloth
    Lithomancer's Focus
--> Outnumber
    Ondu Greathorn
    Chasm Guide
    Blighted Woodland
    Swamp

Pack 2 pick 7:
    Brilliant Spectrum
    Altar's Reap
    Call the Scions
    Roilmage's Trick
    Swell of Growth
    Hedron Blade
    Valakut Invoker
--> Grovetender Druids
    Mountain

Pack 2 pick 8:
    Reclaiming Vines
    Salvage Drone
    Swarm Surge
--> Natural Connection
    Eldrazi Devastator
    Looming Spires
    Shatterskull Recruit
    Island

Pack 2 pick 9:
    Earthen Arms
    Wave-Wing Elemental
    Rush of Ice
--> Natural Connection
    Cliffside Lookout
    Volcanic Upheaval
    Swamp

Pack 2 pick 10:
    Seek the Wilds
    Giant Mantis
--> Plummet
    Sure Strike
    Sylvan Scrying
    Plains

Pack 2 pick 11:
--> Murk Strider
    Grave Birthing
    Broodhunter Wurm
    Pathway Arrows
    Plains

Pack 2 pick 12:
    Dutiful Return
--> Tajuru Beastmaster
    Angelic Gift
    Mountain

Pack 2 pick 13:
--> Swell of Growth
    Dutiful Return
    Forest

Pack 2 pick 14:
--> Territorial Baloth
    Swamp

Pack 2 pick 15:
--> Brilliant Spectrum

------ BFZ ------ 

Pack 3 pick 1:
    Voracious Null
    Oran-Rief Invoker
    Brilliant Spectrum
    Nirkana Assassin
    Shatterskull Recruit
    Kor Castigator
    Sure Strike
    Inspired Charge
    Vestige of Emrakul
    Courier Griffin
    Rising Miasma
    Encircling Fissure
    Adverse Conditions
--> Hero of Goma Fada
    Mountain

Pack 3 pick 2:
    Roilmage's Trick
    Swarm Surge
--> Ruin Processor
    Skyline Cascade
    Eyeless Watcher
    Rush of Ice
    Silent Skimmer
    Mortuary Mire
    Boiling Earth
    Horribly Awry
    Blighted Gorge
    Zulaport Cutthroat
    Defiant Bloodlord
    Mountain

Pack 3 pick 3:
    Kalastria Healer
    Blisterpod
    Oracle of Dust
    Voracious Null
    Shatterskull Recruit
    Felidar Cub
    Goblin War Paint
    Kor Castigator
    Hedron Archive
    Skyrider Elf
--> Firemantle Mage
    Brood Butcher
    Plains

Pack 3 pick 4:
    Voracious Null
--> Oran-Rief Invoker
    Brilliant Spectrum
    Nirkana Assassin
    Sure Strike
    Felidar Cub
    Smite the Monstrous
    Stonefury
    Ondu Greathorn
    Transgress the Mind
    Blighted Steppe
    Island

Pack 3 pick 5:
    Tajuru Stalwart
    Seek the Wilds
    Lithomancer's Focus
    Outnumber
--> Lifespring Druid
    Valakut Invoker
    Ondu Greathorn
    Resolute Blademaster
    Processor Assault
    Spawning Bed
    Mountain

Pack 3 pick 6:
    Reclaiming Vines
    Mire's Malice
    Giant Mantis
    Sure Strike
    Vestige of Emrakul
    Courier Griffin
--> Valakut Predator
    Encircling Fissure
    Horribly Awry
    Swamp

Pack 3 pick 7:
    Voracious Null
    Oran-Rief Invoker
    Brilliant Spectrum
    Nirkana Assassin
--> Makindi Sliderunner
    Lifespring Druid
    Valakut Predator
    Breaker of Armies
    Island

Pack 3 pick 8:
    Reclaiming Vines
    Scour from Existence
--> Tajuru Beastmaster
    Goblin War Paint
    Tandem Tactics
    Retreat to Coralhelm
    Spawning Bed
    Mountain

Pack 3 pick 9:
    Voracious Null
--> Oran-Rief Invoker
    Brilliant Spectrum
    Shatterskull Recruit
    Sure Strike
    Inspired Charge
    Mountain

Pack 3 pick 10:
    Roilmage's Trick
    Swarm Surge
    Skyline Cascade
--> Eyeless Watcher
    Mortuary Mire
    Mountain

Pack 3 pick 11:
    Blisterpod
    Voracious Null
--> Shatterskull Recruit
    Goblin War Paint
    Plains

Pack 3 pick 12:
    Brilliant Spectrum
--> Sure Strike
    Felidar Cub
    Island

Pack 3 pick 13:
    Seek the Wilds
--> Spawning Bed
    Mountain

Pack 3 pick 14:
--> Reclaiming Vines
    Swamp

Pack 3 pick 15:
--> Island

