Event #: 8984309
Time:    11/3/15 8:45:56 PM
Players:
    Paladyn42
    Phobicity
    IAmTheBatman
    Goldzone
--> mull_to_3
    TheWorldHatesPaul
    Gibran
    dsavillian

------ BFZ ------ 

Pack 1 pick 1:
    Call the Scions
    Murk Strider
    Voracious Null
    Spell Shrivel
    Complete Disregard
    Scour from Existence
    Tajuru Beastmaster
    Wave-Wing Elemental
    Shatterskull Recruit
    Lithomancer's Focus
    Drana's Emissary
    Carrier Thrall
--> Windrider Patrol
    Smothering Abomination
    Mountain

Pack 1 pick 2:
    Oran-Rief Invoker
    Brilliant Spectrum
    Nirkana Assassin
    Seek the Wilds
    Goblin War Paint
    Tandem Tactics
--> Sheer Drop
    Hedron Blade
    Valakut Invoker
    Courier Griffin
    Chasm Guide
    Tunneling Geopede
    Blighted Fen
    Forest

Pack 1 pick 3:
--> Culling Drone
    Giant Mantis
    Anticipate
    Geyserfield Stalker
    Cloud Manta
    Sandstone Bridge
    Demon's Grasp
    Boiling Earth
    Makindi Patrol
    Ondu Rising
    Murasa Ranger
    Sanctum of Ugin
    Forest

Pack 1 pick 4:
    Voracious Null
    Oran-Rief Invoker
    Brilliant Spectrum
    Nirkana Assassin
    Swamp
    Tandem Tactics
--> Outnumber
    Kitesail Scout
    Makindi Sliderunner
    Scythe Leopard
    Shrine of the Forsaken Gods
    Swamp

Pack 1 pick 5:
    Culling Drone
    Giant Mantis
    Anticipate
    Mind Raker
    Reckless Cohort
    Felidar Cub
    Dominator Drone
    Retreat to Hagra
    Cryptic Cruiser
--> Desolation Twin
    Mountain

Pack 1 pick 6:
    Salvage Drone
    Kalastria Healer
    Lavastep Raider
    Makindi Patrol
--> Kozilek's Channeler
    Ondu Greathorn
    Ondu Champion
    Akoum Stonewaker
    Blighted Steppe
    Mountain

Pack 1 pick 7:
    Dutiful Return
--> Blisterpod
    Volcanic Upheaval
    Angelic Gift
    Kitesail Scout
    Ondu Champion
    Murasa Ranger
    Jaddi Offshoot
    Mountain

Pack 1 pick 8:
    Dutiful Return
    Blisterpod
    Skyline Cascade
--> Lifespring Druid
    Valakut Invoker
    Ondu Greathorn
    Blighted Cataract
    Swamp

Pack 1 pick 9:
--> Call the Scions
    Voracious Null
    Scour from Existence
    Wave-Wing Elemental
    Shatterskull Recruit
    Lithomancer's Focus
    Mountain

Pack 1 pick 10:
    Brilliant Spectrum
--> Seek the Wilds
    Goblin War Paint
    Tandem Tactics
    Hedron Blade
    Forest

Pack 1 pick 11:
--> Giant Mantis
    Geyserfield Stalker
    Sandstone Bridge
    Sanctum of Ugin
    Forest

Pack 1 pick 12:
--> Voracious Null
    Brilliant Spectrum
    Kitesail Scout
    Swamp

Pack 1 pick 13:
--> Anticipate
    Reckless Cohort
    Mountain

Pack 1 pick 14:
    Lavastep Raider
--> Mountain

Pack 1 pick 15:
--> Kitesail Scout

------ BFZ ------ 

Pack 2 pick 1:
    Oracle of Dust
    Altar's Reap
    Plummet
    Evolving Wilds
    Silent Skimmer
    Rush of Ice
    Natural Connection
    Unnatural Aggression
--> Spawning Bed
    Felidar Cub
    Pathway Arrows
    Blighted Gorge
    Transgress the Mind
    Defiant Bloodlord
    Forest

Pack 2 pick 2:
    Dispel
    Mind Raker
    Territorial Baloth
--> Clutch of Currents
    Volcanic Upheaval
    Stone Haven Medic
    Kozilek's Channeler
    Vestige of Emrakul
    Courier Griffin
    Valakut Predator
    Adverse Conditions
    Skyrider Elf
    Processor Assault
    Plains

Pack 2 pick 3:
    Kalastria Nightwatch
    Swell of Growth
    Mist Intruder
    Sandstone Bridge
    Cloud Manta
    Scour from Existence
    Grave Birthing
    Broodhunter Wurm
    Kozilek's Sentinel
    Makindi Patrol
    Retreat to Coralhelm
--> Exert Influence
    Plains

Pack 2 pick 4:
    Mind Raker
    Territorial Baloth
    Roilmage's Trick
    Dutiful Return
    Lavastep Raider
    Fortified Rampart
    Smite the Monstrous
    Kozilek's Channeler
    Ondu Greathorn
    Crumble to Dust
--> Ruination Guide
    Forest

Pack 2 pick 5:
    Voracious Null
    Reclaiming Vines
    Mortuary Mire
--> Tightening Coils
    Looming Spires
    Grave Birthing
    Shatterskull Recruit
    Felidar Cub
    Blighted Fen
    Unified Front
    Island

Pack 2 pick 6:
--> Salvage Drone
    Blisterpod
    Oracle of Dust
    Belligerent Whiptail
    Stone Haven Medic
    Volcanic Upheaval
    Tandem Tactics
    Valakut Predator
    Retreat to Coralhelm
    Island

Pack 2 pick 7:
    Territorial Baloth
--> Clutch of Currents
    Swell of Growth
    Kozilek's Sentinel
    Cliffside Lookout
    Smite the Monstrous
    Ondu Greathorn
    Lifespring Druid
    Mountain

Pack 2 pick 8:
    Earthen Arms
--> Plummet
    Outnumber
    Angelic Gift
    Ondu Champion
    Lifespring Druid
    Chasm Guide
    Island

Pack 2 pick 9:
    Plummet
    Rush of Ice
--> Natural Connection
    Unnatural Aggression
    Pathway Arrows
    Blighted Gorge
    Forest

Pack 2 pick 10:
    Dispel
    Mind Raker
    Volcanic Upheaval
    Courier Griffin
--> Skyrider Elf
    Plains

Pack 2 pick 11:
    Swell of Growth
    Sandstone Bridge
    Scour from Existence
--> Broodhunter Wurm
    Retreat to Coralhelm

Pack 2 pick 12:
--> Roilmage's Trick
    Dutiful Return
    Lavastep Raider
    Crumble to Dust

Pack 2 pick 13:
    Voracious Null
    Reclaiming Vines
--> Shatterskull Recruit

Pack 2 pick 14:
--> Belligerent Whiptail
    Volcanic Upheaval

Pack 2 pick 15:
--> Swell of Growth

------ BFZ ------ 

Pack 3 pick 1:
    Dispel
    Kalastria Nightwatch
    Earthen Arms
    Murk Strider
    Outnumber
    Fortified Rampart
    Touch of the Void
    Shadow Glider
    Stonefury
    Smite the Monstrous
    Blighted Woodland
    Titan's Presence
    Bloodbond Vampire
--> Sire of Stagnation
    Mountain

Pack 3 pick 2:
    Swarm Surge
    Tajuru Stalwart
    Incubator Drone
    Spell Shrivel
    Complete Disregard
    Ruin Processor
    Skyline Cascade
--> Eyeless Watcher
    Boiling Earth
    Lithomancer's Focus
    Processor Assault
    Ulamog's Nullifier
    Beastcaller Savant
    Swamp

Pack 3 pick 3:
    Coralhelm Guide
    Nirkana Assassin
    Oran-Rief Invoker
--> Evolving Wilds
    Eldrazi Skyspawner
    Hedron Blade
    Bone Splinters
    Unnatural Aggression
    Reckless Cohort
    Inspired Charge
    Grovetender Druids
    Sylvan Scrying
    Plains

Pack 3 pick 4:
    Call the Scions
    Roilmage's Trick
    Swarm Surge
    Wave-Wing Elemental
    Infuse with the Elements
    Geyserfield Stalker
--> Snapping Gnarlid
    Boiling Earth
    Lithomancer's Focus
    Scythe Leopard
    Cryptic Cruiser
    Plains

Pack 3 pick 5:
    Territorial Baloth
    Roilmage's Trick
    Dutiful Return
    Swell of Growth
--> Boiling Earth
    Lithomancer's Focus
    Hedron Blade
    Valakut Invoker
    Courier Griffin
    Munda, Ambush Leader
    Mountain

Pack 3 pick 6:
    Kor Castigator
    Oracle of Dust
--> Altar's Reap
    Plummet
    Shatterskull Recruit
    Kor Castigator
    Courier Griffin
    Ondu Greathorn
    Grove Rumbler
    Swamp

Pack 3 pick 7:
    Coralhelm Guide
--> Mire's Malice
    Clutch of Currents
    Kozilek's Sentinel
    Inspired Charge
    Stonefury
    Vampiric Rites
    Aligned Hedron Network
    Forest

Pack 3 pick 8:
    Voracious Null
    Reclaiming Vines
    Hedron Blade
    Shatterskull Recruit
    Akoum Stonewaker
    Retreat to Valakut
--> Coastal Discovery
    Plains

Pack 3 pick 9:
    Dispel
    Earthen Arms
--> Murk Strider
    Outnumber
    Fortified Rampart
    Smite the Monstrous
    Mountain

Pack 3 pick 10:
    Tajuru Stalwart
--> Incubator Drone
    Spell Shrivel
    Skyline Cascade
    Boiling Earth
    Swamp

Pack 3 pick 11:
--> Coralhelm Guide
    Hedron Blade
    Inspired Charge
    Sylvan Scrying
    Plains

Pack 3 pick 12:
    Roilmage's Trick
--> Geyserfield Stalker
    Scythe Leopard
    Plains

Pack 3 pick 13:
--> Dutiful Return
    Lithomancer's Focus
    Mountain

Pack 3 pick 14:
--> Ondu Greathorn
    Swamp

Pack 3 pick 15:
--> Forest

