Event #: 9000605
Time:    11/7/2015 1:59:57 PM
Players:
    aarondf2003
    Mench
    fangl
    Scott tawse
    thegamingtomato
--> somanymatts
    Keisukke
    maximalion

------ BFZ ------ 

Pack 1 pick 1:
    Swarm Surge
    Tajuru Stalwart
    Incubator Drone
    Culling Drone
    Outnumber
    Fortified Rampart
    Vestige of Emrakul
    Ghostly Sentinel
    Dominator Drone
    Valakut Predator
    Kor Entanglers
    Horribly Awry
    Jaddi Offshoot
--> Ugin's Insight
    Mountain

Pack 1 pick 2:
    Plummet
    Salvage Drone
    Kalastria Healer
    Sandstone Bridge
    Tajuru Beastmaster
--> Demon's Grasp
    Skyline Cascade
    Eldrazi Skyspawner
    Outnumber
    Kitesail Scout
    Ondu Rising
    Ulamog's Reclaimer
    Pilgrim's Eye
    Swamp

Pack 1 pick 3:
    Dispel
--> Mind Raker
    Territorial Baloth
    Unnatural Aggression
    Sandstone Bridge
    Scour from Existence
    Grave Birthing
    Volcanic Upheaval
    Angelic Gift
    Plated Crusher
    Resolute Blademaster
    Spawning Bed
    Forest

Pack 1 pick 4:
    Nirkana Assassin
    Seek the Wilds
    Oracle of Dust
    Altar's Reap
    Reckless Cohort
    Inspired Charge
    Lifespring Druid
    Ondu Greathorn
--> Dominator Drone
    Blighted Woodland
    Retreat to Kazandu
    Plains

Pack 1 pick 5:
    Territorial Baloth
    Roilmage's Trick
    Dutiful Return
    Scour from Existence
    Tajuru Beastmaster
    Wave-Wing Elemental
    Broodhunter Wurm
    Belligerent Whiptail
    Angelic Gift
--> Akoum Stonewaker
    Swamp

Pack 1 pick 6:
    Roilmage's Trick
    Dutiful Return
    Swell of Growth
    Dispel
    Volcanic Upheaval
    Tandem Tactics
    Valakut Predator
    Shadow Glider
--> Vampiric Rites
    Plains

Pack 1 pick 7:
    Voracious Null
    Reclaiming Vines
    Unnatural Aggression
    Sandstone Bridge
    Scour from Existence
--> Grave Birthing
    Sure Strike
    Kitesail Scout
    Swamp

Pack 1 pick 8:
    Anticipate
--> Rush of Ice
    Mortuary Mire
    Natural Connection
    Reckless Cohort
    Stone Haven Medic
    Retreat to Valakut
    Forest

Pack 1 pick 9:
    Swarm Surge
    Tajuru Stalwart
--> Culling Drone
    Outnumber
    Ghostly Sentinel
    Jaddi Offshoot
    Mountain

Pack 1 pick 10:
    Plummet
    Sandstone Bridge
    Tajuru Beastmaster
--> Skyline Cascade
    Kitesail Scout
    Swamp

Pack 1 pick 11:
    Dispel
    Territorial Baloth
--> Unnatural Aggression
    Volcanic Upheaval
    Forest

Pack 1 pick 12:
    Seek the Wilds
--> Inspired Charge
    Ondu Greathorn
    Plains

Pack 1 pick 13:
--> Roilmage's Trick
    Dutiful Return
    Swamp

Pack 1 pick 14:
--> Dutiful Return
    Plains

Pack 1 pick 15:
--> Kitesail Scout

------ BFZ ------ 

Pack 2 pick 1:
    Swell of Growth
    Dispel
    Silent Skimmer
    Rush of Ice
    Natural Connection
    Unnatural Aggression
    Geyserfield Stalker
    Cloud Manta
    Lavastep Raider
    Cliffside Lookout
    Ulamog's Reclaimer
    Slab Hammer
    Firemantle Mage
--> Defiant Bloodlord
    Swamp

Pack 2 pick 2:
    Mire's Malice
    Giant Mantis
    Broodhunter Wurm
    Spell Shrivel
    Ruin Processor
    Skyline Cascade
    Eyeless Watcher
    Reckless Cohort
    Inspired Charge
    Retreat to Valakut
--> Cryptic Cruiser
    Skyrider Elf
    Prism Array
    Swamp

Pack 2 pick 3:
    Sludge Crawler
    Plummet
    Geyserfield Stalker
    Evolving Wilds
--> Eldrazi Skyspawner
    Hedron Blade
    Bone Splinters
    Goblin War Paint
    Kor Castigator
    Forerunner of Slaughter
    Firemantle Mage
    Retreat to Hagra
    Swamp

Pack 2 pick 4:
    Culling Drone
    Giant Mantis
    Anticipate
    Mind Raker
    Makindi Patrol
    Nettle Drone
    Sheer Drop
    Kozilek's Channeler
--> Titan's Presence
    Molten Nursery
    Dust Stalker
    Swamp

Pack 2 pick 5:
    Brilliant Spectrum
--> Altar's Reap
    Call the Scions
    Roilmage's Trick
    Volcanic Upheaval
    Plated Crusher
    Vestige of Emrakul
    Void Attendant
    Herald of Kozilek
    Spawning Bed
    Swamp

Pack 2 pick 6:
    Salvage Drone
    Blisterpod
    Oracle of Dust
    Boiling Earth
    Lithomancer's Focus
    Dominator Drone
    Blighted Fen
--> Deathless Behemoth
    Retreat to Kazandu
    Swamp

Pack 2 pick 7:
    Swell of Growth
    Dutiful Return
    Belligerent Whiptail
    Valakut Invoker
    Touch of the Void
--> Encircling Fissure
    Rot Shambler
    Forerunner of Slaughter
    Forest

Pack 2 pick 8:
    Voracious Null
    Reclaiming Vines
--> Mire's Malice
    Inspired Charge
    Lifespring Druid
    Ondu Champion
    Plated Crusher
    Mountain

Pack 2 pick 9:
    Dispel
    Natural Connection
    Unnatural Aggression
--> Geyserfield Stalker
    Lavastep Raider
    Cliffside Lookout
    Swamp

Pack 2 pick 10:
    Giant Mantis
--> Broodhunter Wurm
    Skyline Cascade
    Retreat to Valakut
    Prism Array
    Swamp

Pack 2 pick 11:
    Plummet
    Hedron Blade
    Bone Splinters
--> Retreat to Hagra
    Swamp

Pack 2 pick 12:
    Giant Mantis
--> Anticipate
    Molten Nursery
    Swamp

Pack 2 pick 13:
    Brilliant Spectrum
--> Volcanic Upheaval
    Swamp

Pack 2 pick 14:
--> Boiling Earth
    Swamp

Pack 2 pick 15:
--> Forest

------ BFZ ------ 

Pack 3 pick 1:
    Reclaiming Vines
    Salvage Drone
    Swarm Surge
    Call the Scions
    Goblin War Paint
    Tandem Tactics
    Shadow Glider
    Stonefury
    Smite the Monstrous
--> Kozilek's Channeler
    Halimar Tidecaller
    Pathway Arrows
    Bloodbond Vampire
    Emeria Shepherd
    Island

Pack 3 pick 2:
    Culling Drone
    Seek the Wilds
    Eldrazi Devastator
    Demon's Grasp
    Looming Spires
    Fertile Thicket
    Snapping Gnarlid
    Spell Shrivel
    Nettle Drone
    Fortified Rampart
    Tunneling Geopede
    Skitterskin
--> Breaker of Armies
    Mountain

Pack 3 pick 3:
--> Clutch of Currents
    Kalastria Nightwatch
    Broodhunter Wurm
    Spell Shrivel
    Complete Disregard
    Ruin Processor
    Skyline Cascade
    Eyeless Watcher
    Nettle Drone
    Kitesail Scout
    Blighted Gorge
    Breaker of Armies
    Forest

Pack 3 pick 4:
    Seek the Wilds
    Coralhelm Guide
    Nirkana Assassin
    Oran-Rief Invoker
    Lavastep Raider
    Makindi Patrol
    Cliffside Lookout
    Sheer Drop
    Hedron Blade
    Horribly Awry
--> Zulaport Cutthroat
    Forest

Pack 3 pick 5:
    Call the Scions
    Roilmage's Trick
    Geyserfield Stalker
    Snapping Gnarlid
    Hedron Blade
    Bone Splinters
    Boiling Earth
    Lithomancer's Focus
    Infuse with the Elements
--> Grove Rumbler
    Mountain

Pack 3 pick 6:
    Clutch of Currents
    Giant Mantis
    Anticipate
    Nettle Drone
    Cliffside Lookout
    Angelic Gift
    Lifespring Druid
--> Transgress the Mind
    Zada, Hedron Grinder
    Plains

Pack 3 pick 7:
    Eldrazi Devastator
--> Demon's Grasp
    Looming Spires
    Fertile Thicket
    Spell Shrivel
    Shatterskull Recruit
    Lithomancer's Focus
    March from the Tomb
    Island

Pack 3 pick 8:
    Territorial Baloth
    Goblin War Paint
    Tandem Tactics
    Shadow Glider
    Lifespring Druid
    Ondu Greathorn
--> Sylvan Scrying
    Mountain

Pack 3 pick 9:
    Reclaiming Vines
--> Swarm Surge
    Goblin War Paint
    Tandem Tactics
    Shadow Glider
    Pathway Arrows
    Island

Pack 3 pick 10:
    Seek the Wilds
--> Eldrazi Devastator
    Looming Spires
    Fertile Thicket
    Tunneling Geopede
    Mountain

Pack 3 pick 11:
--> Broodhunter Wurm
    Skyline Cascade
    Eyeless Watcher
    Kitesail Scout
    Forest

Pack 3 pick 12:
    Seek the Wilds
--> Cliffside Lookout
    Hedron Blade
    Forest

Pack 3 pick 13:
--> Geyserfield Stalker
    Hedron Blade
    Mountain

Pack 3 pick 14:
--> Angelic Gift
    Plains

Pack 3 pick 15:
--> Island

