Event #: 9004804
Time:    11/8/2015 2:15:03 PM
Players:
    Temprock12
    PlusEV51
    jthfortyone
    B2B
--> Eikeltje
    iniksbane
    flexid
    nenboble

------ BFZ ------ 

Pack 1 pick 1:
    Plummet
    Salvage Drone
    Kalastria Healer
    Scour from Existence
    Grave Birthing
    Broodhunter Wurm
    Spell Shrivel
--> Complete Disregard
    Felidar Cub
    Kozilek's Sentinel
    Plated Crusher
    Ulamog's Despoiler
    Cryptic Cruiser
    Blight Herder
    Island

Pack 1 pick 2:
    Anticipate
--> Sludge Crawler
    Earthen Arms
    Incubator Drone
    Inspired Charge
    Reckless Cohort
    Courier Griffin
    Smite the Monstrous
    Stonefury
    Ondu Greathorn
    Molten Nursery
    Transgress the Mind
    Ondu Rising
    Mountain

Pack 1 pick 3:
    Giant Mantis
    Brilliant Spectrum
    Altar's Reap
    Call the Scions
    Cliffside Lookout
--> Outnumber
    Kozilek's Channeler
    Touch of the Void
    Ondu Greathorn
    Ondu Champion
    Rising Miasma
    Unified Front
    Plains

Pack 1 pick 4:
    Call the Scions
    Eldrazi Skyspawner
    Hedron Blade
    Bone Splinters
    Unnatural Aggression
    Sandstone Bridge
    Cloud Manta
    Makindi Patrol
--> Nettle Drone
    Dampening Pulse
    Skitterskin
    Swamp

Pack 1 pick 5:
    Territorial Baloth
    Roilmage's Trick
    Dutiful Return
    Swell of Growth
    Lavastep Raider
    Cliffside Lookout
    Goblin War Paint
    Ghostly Sentinel
    Ondu Rising
--> Spawning Bed
    Plains

Pack 1 pick 6:
    Unnatural Aggression
    Geyserfield Stalker
    Cloud Manta
    Sandstone Bridge
    Tajuru Beastmaster
    Demon's Grasp
    Kor Castigator
    Boiling Earth
--> Catacomb Sifter
    Swamp

Pack 1 pick 7:
    Territorial Baloth
    Roilmage's Trick
    Dutiful Return
    Swell of Growth
    Tandem Tactics
    Shatterskull Recruit
--> Valakut Predator
    Crumble to Dust
    Plains

Pack 1 pick 8:
    Fertile Thicket
--> Snapping Gnarlid
    Spell Shrivel
    Scour from Existence
    Volcanic Upheaval
    Blighted Woodland
    Titan's Presence
    Plains

Pack 1 pick 9:
    Plummet
    Salvage Drone
    Scour from Existence
    Broodhunter Wurm
    Spell Shrivel
--> Kozilek's Sentinel
    Island

Pack 1 pick 10:
    Anticipate
    Earthen Arms
    Incubator Drone
--> Reckless Cohort
    Ondu Greathorn
    Mountain

Pack 1 pick 11:
    Giant Mantis
    Brilliant Spectrum
--> Call the Scions
    Ondu Greathorn
    Plains

Pack 1 pick 12:
--> Call the Scions
    Hedron Blade
    Cloud Manta
    Swamp

Pack 1 pick 13:
    Roilmage's Trick
--> Swell of Growth
    Lavastep Raider

Pack 1 pick 14:
--> Unnatural Aggression
    Swamp

Pack 1 pick 15:
--> Roilmage's Trick

------ BFZ ------ 

Pack 2 pick 1:
    Mire's Malice
    Giant Mantis
    Brilliant Spectrum
    Wave-Wing Elemental
    Fertile Thicket
    Geyserfield Stalker
    Snapping Gnarlid
--> Evolving Wilds
    Stone Haven Medic
    Kozilek's Sentinel
    Expedition Envoy
    Void Attendant
    Encircling Fissure
    Zada, Hedron Grinder
    Swamp

Pack 2 pick 2:
    Plummet
    Salvage Drone
    Kalastria Healer
    Blisterpod
    Lithomancer's Focus
    Sure Strike
    Shadow Glider
    Lifespring Druid
    Valakut Invoker
    Ondu Greathorn
    Blighted Cataract
    Grovetender Druids
--> Shambling Vent
    Plains

Pack 2 pick 3:
    Voracious Null
    Reclaiming Vines
    Mist Intruder
    Mire's Malice
    Makindi Patrol
    Lavastep Raider
    Fortified Rampart
    Mire's Malice
    Smite the Monstrous
    Breaker of Armies
    Encircling Fissure
--> Skyrider Elf
    Plains

Pack 2 pick 4:
    Plummet
    Coralhelm Guide
    Mire's Malice
    Skyline Cascade
    Eldrazi Skyspawner
    Ruin Processor
--> Bone Splinters
    Broodhunter Wurm
    Angelic Gift
    Roil Spout
    Gruesome Slaughter
    Forest

Pack 2 pick 5:
    Swarm Surge
    Call the Scions
    Murk Strider
    Voracious Null
    Fortified Rampart
    Lavastep Raider
--> Lifespring Druid
    Ondu Champion
    Akoum Stonewaker
    Crumble to Dust
    Forest

Pack 2 pick 6:
    Swell of Growth
    Mist Intruder
    Natural Connection
--> Tightening Coils
    Eldrazi Devastator
    Demon's Grasp
    Looming Spires
    Kitesail Scout
    Tightening Coils
    Mountain

Pack 2 pick 8:
--> Brilliant Spectrum
    Unnatural Aggression
    Geyserfield Stalker
    Cloud Manta
    Tajuru Beastmaster
    Slab Hammer
    Prism Array
    Forest

Pack 2 pick 9:
--> Giant Mantis
    Brilliant Spectrum
    Wave-Wing Elemental
    Fertile Thicket
    Geyserfield Stalker
    Void Attendant
    Swamp

Pack 2 pick 10:
    Plummet
    Lithomancer's Focus
--> Lifespring Druid
    Valakut Invoker
    Ondu Greathorn
    Plains

Pack 2 pick 11:
    Reclaiming Vines
--> Mire's Malice
    Lavastep Raider
    Mire's Malice
    Plains

Pack 2 pick 12:
--> Mire's Malice
    Skyline Cascade
    Ruin Processor
    Forest

Pack 2 pick 13:
    Lavastep Raider
--> Crumble to Dust
    Forest

Pack 2 pick 14:
--> Kitesail Scout
    Mountain

Pack 2 pick 15:
--> Swamp

------ BFZ ------ 

Pack 3 pick 1:
    Kalastria Healer
    Reclaiming Vines
    Salvage Drone
    Wave-Wing Elemental
--> Evolving Wilds
    Silent Skimmer
    Rush of Ice
    Natural Connection
    Felidar Cub
    Boiling Earth
    Drana's Emissary
    Blighted Fen
    Bane of Bala Ged
    Sanctum of Ugin
    Mountain

Pack 3 pick 2:
    Swell of Growth
    Dispel
    Hedron Blade
    Bone Splinters
    Unnatural Aggression
    Sandstone Bridge
    Cloud Manta
    Lithomancer's Focus
    Goblin War Paint
    Malakir Familiar
    Horribly Awry
--> Grip of Desolation
    Serpentine Spike
    Island

Pack 3 pick 3:
    Murk Strider
    Sludge Crawler
    Mortuary Mire
    Dominator Drone
    Grave Birthing
    Eyeless Watcher
    Eldrazi Devastator
    Kor Castigator
    Boiling Earth
    Adverse Conditions
--> Pilgrim's Eye
    Rot Shambler
    Plains

Pack 3 pick 4:
    Tajuru Stalwart
    Mortuary Mire
    Tightening Coils
    Looming Spires
    Grave Birthing
    Eyeless Watcher
    Eldrazi Devastator
    Kitesail Scout
    Belligerent Whiptail
--> Catacomb Sifter
    Slab Hammer
    Forest

Pack 3 pick 5:
    Swell of Growth
    Mist Intruder
    Dutiful Return
    Blisterpod
    Lithomancer's Focus
    Sure Strike
    Valakut Invoker
    Dominator Drone
--> Jaddi Offshoot
    Aligned Hedron Network
    Swamp

Pack 3 pick 6:
    Culling Drone
    Giant Mantis
    Mind Raker
    Reckless Cohort
    Valakut Predator
    Hedron Blade
    Valakut Invoker
--> Infuse with the Elements
    Turn Against
    Island

Pack 3 pick 7:
    Dispel
    Mind Raker
    Territorial Baloth
    Wave-Wing Elemental
    Natural Connection
    Felidar Cub
    Goblin War Paint
--> Skyrider Elf
    Swamp

Pack 3 pick 8:
    Kalastria Nightwatch
    Earthen Arms
    Murk Strider
    Tandem Tactics
    Blighted Gorge
    Brood Monitor
--> Brood Butcher
    Island

Pack 3 pick 9:
    Reclaiming Vines
    Salvage Drone
--> Wave-Wing Elemental
    Rush of Ice
    Natural Connection
    Sanctum of Ugin
    Mountain

Pack 3 pick 10:
    Swell of Growth
    Dispel
--> Hedron Blade
    Sandstone Bridge
    Goblin War Paint
    Island

Pack 3 pick 11:
    Dominator Drone
    Grave Birthing
--> Eyeless Watcher
    Eldrazi Devastator
    Plains

Pack 3 pick 12:
--> Grave Birthing
    Eyeless Watcher
    Kitesail Scout
    Forest

Pack 3 pick 13:
    Swell of Growth
    Dutiful Return
--> Sure Strike

Pack 3 pick 14:
--> Giant Mantis
    Hedron Blade

Pack 3 pick 15:
--> Territorial Baloth

