Event #: 9006149
Time:    2015-11-08 6:24:18 PM
Players:
    IamSerabith
    teddygotyou
    JaBones
    stevein05
    clamiam45
    Jutanium
--> unzinc
    Slatts

------ BFZ ------ 

Pack 1 pick 1:
    Altar's Reap
    Plummet
    Coralhelm Guide
    Mire's Malice
    Kozilek's Sentinel
    Cliffside Lookout
    Ghostly Sentinel
    Benthic Infiltrator
    Makindi Sliderunner
    Smite the Monstrous
    Breaker of Armies
    Encircling Fissure
    Serene Steward
--> Akoum Hellkite
    Mountain

Pack 1 pick 2:
    Swarm Surge
    Call the Scions
    Murk Strider
    Voracious Null
    Boiling Earth
    Lithomancer's Focus
    Valakut Invoker
    Shadow Glider
    Dominator Drone
--> Stonefury
    Kor Entanglers
    Plated Crusher
    March from the Tomb
    Swamp

Pack 1 pick 3:
    Coralhelm Guide
    Mire's Malice
    Tajuru Stalwart
    Boiling Earth
    Lithomancer's Focus
    Lifespring Druid
    Valakut Predator
--> Sheer Drop
    Valakut Invoker
    Blighted Gorge
    Scythe Leopard
    Catacomb Sifter
    Plains

Pack 1 pick 4:
    Roilmage's Trick
    Swarm Surge
    Tajuru Stalwart
    Incubator Drone
    Lavastep Raider
    Makindi Patrol
    Benthic Infiltrator
--> Touch of the Void
    Shadow Glider
    Stonefury
    Cryptic Cruiser
    Plains

Pack 1 pick 5:
    Territorial Baloth
    Kalastria Nightwatch
    Swell of Growth
    Kitesail Scout
    Belligerent Whiptail
    Kor Castigator
    Ondu Champion
--> Makindi Sliderunner
    Adverse Conditions
    Roil's Retribution
    Plains

Pack 1 pick 6:
    Nirkana Assassin
    Oran-Rief Invoker
    Dispel
    Mind Raker
    Volcanic Upheaval
    Angelic Gift
--> Ondu Greathorn
    Ulamog's Nullifier
    Skitterskin
    Plains

Pack 1 pick 7:
    Oracle of Dust
    Voracious Null
    Reclaiming Vines
    Inspired Charge
    Ondu Greathorn
--> Ondu Champion
    Transgress the Mind
    Retreat to Hagra
    Forest

Pack 1 pick 8:
    Earthen Arms
    Sludge Crawler
    Plummet
    Sure Strike
    Kitesail Scout
--> Gideon's Reproach
    Prism Array
    Island

Pack 1 pick 9:
    Altar's Reap
    Plummet
    Coralhelm Guide
    Mire's Malice
    Cliffside Lookout
--> Smite the Monstrous
    Mountain

Pack 1 pick 10:
    Swarm Surge
    Voracious Null
    Lithomancer's Focus
--> Valakut Invoker
    Kor Entanglers
    Swamp

Pack 1 pick 11:
    Coralhelm Guide
    Mire's Malice
--> Valakut Invoker
    Scythe Leopard
    Plains

Pack 1 pick 12:
    Roilmage's Trick
    Tajuru Stalwart
--> Lavastep Raider
    Plains

Pack 1 pick 13:
    Kitesail Scout
--> Belligerent Whiptail
    Plains

Pack 1 pick 14:
    Volcanic Upheaval
--> Angelic Gift

Pack 1 pick 15:
--> Forest

------ BFZ ------ 

Pack 2 pick 1:
    Anticipate
    Sludge Crawler
    Earthen Arms
    Incubator Drone
    Lavastep Raider
    Fortified Rampart
    Shadow Glider
    Stonefury
    Smite the Monstrous
    Kozilek's Channeler
    Pilgrim's Eye
    Blighted Cataract
--> Angel of Renewal
    Defiant Bloodlord
    Forest

Pack 2 pick 2:
    Culling Drone
    Seek the Wilds
    Coralhelm Guide
    Nirkana Assassin
    Belligerent Whiptail
    Angelic Gift
    Lavastep Raider
    Courier Griffin
    Benthic Infiltrator
    Roil Spout
    Zulaport Cutthroat
--> Stasis Snare
    Guul Draz Overseer
    Plains

Pack 2 pick 3:
    Dispel
    Kalastria Nightwatch
    Earthen Arms
--> Reckless Cohort
    Stone Haven Medic
    Shatterskull Recruit
    Lithomancer's Focus
    Shadow Glider
    Lifespring Druid
    Pathway Arrows
    Blighted Steppe
    Turn Against
    Forest

Pack 2 pick 4:
    Voracious Null
    Reclaiming Vines
    Mist Intruder
    Mire's Malice
    Volcanic Upheaval
    Stone Haven Medic
--> Ondu Greathorn
    Lifespring Druid
    Titan's Presence
    Molten Nursery
    Grove Rumbler
    Plains

Pack 2 pick 5:
    Seek the Wilds
    Oracle of Dust
    Rush of Ice
    Natural Connection
    Unnatural Aggression
    Geyserfield Stalker
    Lavastep Raider
    Makindi Patrol
    Processor Assault
--> Zada, Hedron Grinder
    Mountain

Pack 2 pick 6:
    Giant Mantis
    Brilliant Spectrum
    Altar's Reap
    Call the Scions
    Makindi Patrol
    Gideon's Reproach
--> Vestige of Emrakul
    Dominator Drone
    Horribly Awry
    Plains

Pack 2 pick 7:
    Swell of Growth
    Dutiful Return
    Blisterpod
    Boiling Earth
--> Makindi Patrol
    Valakut Invoker
    Skitterskin
    Retreat to Hagra
    Mountain

Pack 2 pick 8:
    Mind Raker
    Territorial Baloth
    Roilmage's Trick
--> Goblin War Paint
    Kor Castigator
    Ondu Greathorn
    Retreat to Hagra
    Island

Pack 2 pick 9:
    Anticipate
    Earthen Arms
    Lavastep Raider
    Fortified Rampart
--> Smite the Monstrous
    Blighted Cataract
    Forest

Pack 2 pick 10:
    Seek the Wilds
    Nirkana Assassin
    Belligerent Whiptail
    Angelic Gift
--> Lavastep Raider
    Plains

Pack 2 pick 11:
    Dispel
    Kalastria Nightwatch
    Earthen Arms
--> Blighted Steppe
    Forest

Pack 2 pick 12:
    Voracious Null
    Reclaiming Vines
--> Volcanic Upheaval
    Plains

Pack 2 pick 13:
    Seek the Wilds
--> Lavastep Raider
    Mountain

Pack 2 pick 14:
    Altar's Reap
--> Plains

Pack 2 pick 15:
--> Mountain

------ BFZ ------ 

Pack 3 pick 1:
    Salvage Drone
    Kalastria Healer
    Fertile Thicket
    Geyserfield Stalker
    Snapping Gnarlid
    Evolving Wilds
    Eldrazi Skyspawner
    Hedron Blade
    Sure Strike
    Felidar Cub
    Kor Bladewhirl
    Vampiric Rites
--> Angel of Renewal
    Nissa's Renewal
    Forest

Pack 3 pick 2:
    Tajuru Stalwart
    Incubator Drone
    Culling Drone
    Seek the Wilds
    Ruin Processor
--> Lithomancer's Focus
    Goblin War Paint
    Tandem Tactics
    Ondu Greathorn
    Lifespring Druid
    Ulamog's Despoiler
    Crumble to Dust
    Herald of Kozilek
    Mountain

Pack 3 pick 3:
    Altar's Reap
    Plummet
    Coralhelm Guide
    Mire's Malice
    Volcanic Upheaval
    Tandem Tactics
    Ghostly Sentinel
    Benthic Infiltrator
    Makindi Sliderunner
    Smite the Monstrous
--> Grove Rumbler
    Molten Nursery
    Forest

Pack 3 pick 4:
    Dutiful Return
    Blisterpod
    Anticipate
    Sludge Crawler
    Kitesail Scout
    Shatterskull Recruit
    Gideon's Reproach
    Lifespring Druid
    Valakut Predator
    Tide Drifter
--> Angelic Captain
    Swamp

Pack 3 pick 5:
    Dutiful Return
    Swell of Growth
    Dispel
    Kalastria Nightwatch
    Boiling Earth
    Lithomancer's Focus
    Dominator Drone
    Ondu Champion
--> Lithomancer's Focus
    Angel of Renewal
    Island

Pack 3 pick 6:
    Brilliant Spectrum
    Altar's Reap
    Grave Birthing
    Broodhunter Wurm
    Ruin Processor
    Skyline Cascade
    Lavastep Raider
--> Serene Steward
    Spawning Bed
    Island

Pack 3 pick 7:
    Sludge Crawler
    Plummet
    Looming Spires
    Grave Birthing
    Eldrazi Devastator
    Wave-Wing Elemental
--> Goblin War Paint
    Skyrider Elf
    Forest

Pack 3 pick 8:
    Brilliant Spectrum
    Nirkana Assassin
    Seek the Wilds
    Oracle of Dust
--> Belligerent Whiptail
    Stone Haven Medic
    Valakut Invoker
    Forest

Pack 3 pick 9:
    Fertile Thicket
    Geyserfield Stalker
    Snapping Gnarlid
    Hedron Blade
--> Sure Strike
    Felidar Cub
    Forest

Pack 3 pick 10:
    Tajuru Stalwart
    Seek the Wilds
    Goblin War Paint
--> Ondu Greathorn
    Crumble to Dust
    Mountain

Pack 3 pick 11:
    Altar's Reap
    Plummet
    Volcanic Upheaval
--> Tandem Tactics
    Forest

Pack 3 pick 12:
    Anticipate
--> Kitesail Scout
    Lifespring Druid
    Swamp

Pack 3 pick 13:
    Swell of Growth
--> Dispel
    Island

Pack 3 pick 14:
    Brilliant Spectrum
--> Lavastep Raider

Pack 3 pick 15:
--> Forest

