Event #: 9017164
Time:    11/11/2015 11:14:58 AM
Players:
    Buddy2012
    ThinkTank
    Nerz
--> Compulsive_Research
    madmankins84
    Ehel
    Jabs
    jcardshark

------ BFZ ------ 

Pack 1 pick 1:
    Blisterpod
    Oracle of Dust
    Voracious Null
    Scour from Existence
    Tajuru Beastmaster
    Wave-Wing Elemental
    Evolving Wilds
    Silent Skimmer
    Sure Strike
    Kitesail Scout
    Ulamog's Nullifier
    Titan's Presence
--> Rolling Thunder
    Smothering Abomination
    Plains

Pack 1 pick 2:
    Earthen Arms
    Murk Strider
    Demon's Grasp
    Looming Spires
    Fertile Thicket
    Spell Shrivel
--> Complete Disregard
    Goblin War Paint
    Kor Castigator
    Void Attendant
    Coastal Discovery
    Pathway Arrows
    Defiant Bloodlord
    Island

Pack 1 pick 3:
    Salvage Drone
    Swarm Surge
    Murk Strider
    Tandem Tactics
    Sure Strike
    Felidar Cub
--> Kozilek's Sentinel
    Stonefury
    Ondu Greathorn
    Jaddi Offshoot
    Carrier Thrall
    Retreat to Kazandu
    Forest

Pack 1 pick 4:
    Kalastria Healer
    Reclaiming Vines
    Eldrazi Devastator
    Wave-Wing Elemental
    Fertile Thicket
    Geyserfield Stalker
    Lithomancer's Focus
    Goblin War Paint
--> Serene Steward
    Retreat to Hagra
    Painful Truths
    Forest

Pack 1 pick 5:
    Earthen Arms
    Spell Shrivel
    Ruin Processor
    Skyline Cascade
    Rush of Ice
    Tandem Tactics
    Outnumber
    Malakir Familiar
--> Forerunner of Slaughter
    Bloodbond Vampire
    Plains

Pack 1 pick 6:
    Mire's Malice
    Giant Mantis
    Brilliant Spectrum
    Altar's Reap
    Volcanic Upheaval
    Stone Haven Medic
    Makindi Patrol
    Smite the Monstrous
--> Skitterskin
    Plains

Pack 1 pick 7:
    Giant Mantis
    Anticipate
    Angelic Gift
    Belligerent Whiptail
    Stone Haven Medic
    Ghostly Sentinel
--> Valakut Predator
    Retreat to Valakut
    Island

Pack 1 pick 8:
    Plummet
    Salvage Drone
    Lithomancer's Focus
    Shadow Glider
    Stonefury
--> Tunneling Geopede
    Aligned Hedron Network
    Plains

Pack 1 pick 9:
    Oracle of Dust
    Voracious Null
    Tajuru Beastmaster
    Wave-Wing Elemental
--> Sure Strike
    Kitesail Scout
    Plains

Pack 1 pick 10:
    Earthen Arms
--> Looming Spires
    Fertile Thicket
    Goblin War Paint
    Pathway Arrows
    Island

Pack 1 pick 11:
--> Swarm Surge
    Sure Strike
    Felidar Cub
    Ondu Greathorn
    Forest

Pack 1 pick 12:
    Reclaiming Vines
--> Geyserfield Stalker
    Goblin War Paint
    Forest

Pack 1 pick 13:
--> Earthen Arms
    Skyline Cascade
    Plains

Pack 1 pick 14:
--> Volcanic Upheaval
    Plains

Pack 1 pick 15:
--> Island

------ BFZ ------ 

Pack 2 pick 1:
    Coralhelm Guide
    Nirkana Assassin
    Bone Splinters
    Broodhunter Wurm
    Mortuary Mire
    Tightening Coils
    Looming Spires
    Grave Birthing
    Lavastep Raider
    Cliffside Lookout
    Grovetender Druids
--> Vile Aggregate
    Carrier Thrall
    Shambling Vent
    Swamp

Pack 2 pick 2:
    Clutch of Currents
    Kalastria Nightwatch
    Swell of Growth
    Tajuru Beastmaster
    Anticipate
    Skyline Cascade
--> Eldrazi Skyspawner
    Ruin Processor
    Kitesail Scout
    Belligerent Whiptail
    Blighted Steppe
    Kor Bladewhirl
    Turn Against
    Mountain

Pack 2 pick 3:
    Mind Raker
    Territorial Baloth
    Roilmage's Trick
    Dutiful Return
    Volcanic Upheaval
    Tandem Tactics
    Hedron Blade
    Valakut Invoker
    Retreat to Valakut
--> Cryptic Cruiser
    Unified Front
    Ally Encampment
    Island

Pack 2 pick 4:
    Incubator Drone
--> Culling Drone
    Seek the Wilds
    Tajuru Beastmaster
    Demon's Grasp
    Skyline Cascade
    Belligerent Whiptail
    Angelic Gift
    Sylvan Scrying
    Slab Hammer
    Void Attendant
    Swamp

Pack 2 pick 5:
    Blighted Steppe
    Plummet
    Coralhelm Guide
    Mire's Malice
    Stone Haven Medic
--> Dominator Drone
    Stonefury
    Ghostly Sentinel
    Slab Hammer
    Akoum Stonewaker
    Island

Pack 2 pick 6:
--> Mist Intruder
    Dutiful Return
    Bone Splinters
    Broodhunter Wurm
    Mortuary Mire
    Looming Spires
    Grave Birthing
    Reckless Cohort
    Vampiric Rites
    Mountain

Pack 2 pick 7:
    Reclaiming Vines
    Rush of Ice
    Unnatural Aggression
    Geyserfield Stalker
    Sandstone Bridge
    Reckless Cohort
    Inspired Charge
--> Skitterskin
    Plains

Pack 2 pick 8:
    Tajuru Stalwart
    Eldrazi Devastator
--> Wave-Wing Elemental
    Fertile Thicket
    Geyserfield Stalker
    Retreat to Kazandu
    Jaddi Offshoot
    Island

Pack 2 pick 9:
    Broodhunter Wurm
    Mortuary Mire
--> Looming Spires
    Grave Birthing
    Lavastep Raider
    Grovetender Druids
    Swamp

Pack 2 pick 10:
    Swell of Growth
    Anticipate
    Skyline Cascade
    Kitesail Scout
--> Belligerent Whiptail
    Mountain

Pack 2 pick 11:
--> Roilmage's Trick
    Dutiful Return
    Volcanic Upheaval
    Hedron Blade
    Island

Pack 2 pick 12:
    Seek the Wilds
    Skyline Cascade
--> Belligerent Whiptail
    Swamp

Pack 2 pick 13:
    Plummet
--> Slab Hammer
    Island

Pack 2 pick 14:
--> Reckless Cohort
    Mountain

Pack 2 pick 15:
--> Plains

------ BFZ ------ 

Pack 3 pick 1:
    Oracle of Dust
    Voracious Null
    Reclaiming Vines
    Mist Intruder
    Boiling Earth
    Makindi Patrol
    Ghostly Sentinel
--> Benthic Infiltrator
    Vestige of Emrakul
    Gideon's Reproach
    Ulamog's Despoiler
    Molten Nursery
    Processor Assault
    Serpentine Spike
    Island

Pack 3 pick 2:
    Oran-Rief Invoker
    Brilliant Spectrum
    Rush of Ice
    Natural Connection
    Unnatural Aggression
    Geyserfield Stalker
    Cloud Manta
    Sandstone Bridge
--> Nettle Drone
    Fortified Rampart
    Blighted Fen
    Ulamog's Despoiler
    Herald of Kozilek
    Mountain

Pack 3 pick 3:
    Nirkana Assassin
    Seek the Wilds
    Oracle of Dust
    Altar's Reap
    Belligerent Whiptail
    Angelic Gift
    Lavastep Raider
    Cliffside Lookout
--> Valakut Predator
    Sheer Drop
    Scythe Leopard
    Infuse with the Elements
    Mountain

Pack 3 pick 4:
    Kalastria Nightwatch
    Swell of Growth
    Dutiful Return
    Lithomancer's Focus
    Stonefury
    Ondu Greathorn
    Lifespring Druid
    Ondu Champion
    Tajuru Warcaller
--> Herald of Kozilek
    Dampening Pulse
    Swamp

Pack 3 pick 5:
    Clutch of Currents
    Culling Drone
    Giant Mantis
    Tajuru Beastmaster
    Skyline Cascade
    Ruin Processor
    Outnumber
    Kitesail Scout
--> Pilgrim's Eye
    Vampiric Rites
    Mountain

Pack 3 pick 6:
    Giant Mantis
    Anticipate
    Snapping Gnarlid
--> Evolving Wilds
    Hedron Blade
    Fortified Rampart
    Belligerent Whiptail
    Roil Spout
    Emeria Shepherd
    Plains

Pack 3 pick 7:
    Anticipate
    Earthen Arms
    Stone Haven Medic
    Shatterskull Recruit
    Makindi Sliderunner
    Courier Griffin
--> Halimar Tidecaller
    Roil Spout
    Mountain

Pack 3 pick 8:
    Dispel
--> Kalastria Nightwatch
    Earthen Arms
    Fertile Thicket
    Geyserfield Stalker
    Reckless Cohort
    Felidar Cub
    Forest

Pack 3 pick 9:
    Oracle of Dust
    Reclaiming Vines
    Ghostly Sentinel
--> Vestige of Emrakul
    Molten Nursery
    Processor Assault
    Island

Pack 3 pick 10:
    Brilliant Spectrum
--> Rush of Ice
    Geyserfield Stalker
    Sandstone Bridge
    Ulamog's Despoiler
    Mountain

Pack 3 pick 11:
    Seek the Wilds
--> Belligerent Whiptail
    Angelic Gift
    Lavastep Raider
    Mountain

Pack 3 pick 12:
    Dutiful Return
--> Ondu Greathorn
    Ondu Champion
    Swamp

Pack 3 pick 13:
--> Skyline Cascade
    Vampiric Rites
    Mountain

Pack 3 pick 14:
--> Hedron Blade
    Plains

Pack 3 pick 15:
--> Mountain

