Event #: 9020840
Time:    11/12/2015 7:58:38 AM
Players:
    OhHiMark
    Dreddybajs
--> Compulsive_Research
    bigbosszk
    StrixMix
    Nunomgg
    Sakst82
    Elvish_Warrior

------ BFZ ------ 

Pack 1 pick 1:
    Nirkana Assassin
    Oran-Rief Invoker
    Dispel
    Mind Raker
    Stone Haven Medic
    Kozilek's Sentinel
    Makindi Patrol
    Benthic Infiltrator
    Touch of the Void
    Shadow Glider
    Stasis Snare
    Scythe Leopard
    Molten Nursery
--> Ruinous Path
    Mountain

Pack 1 pick 2:
    Reclaiming Vines
    Salvage Drone
    Swarm Surge
    Tajuru Beastmaster
    Demon's Grasp
    Skyline Cascade
--> Eldrazi Skyspawner
    Ruin Processor
    Tandem Tactics
    Outnumber
    Vile Aggregate
    Skitterskin
    Canopy Vista
    Forest

Pack 1 pick 3:
    Territorial Baloth
    Roilmage's Trick
--> Cryptic Cruiser
    Ruin Processor
    Skyline Cascade
    Eyeless Watcher
    Rush of Ice
    Makindi Patrol
    Kozilek's Sentinel
    Cryptic Cruiser
    Blighted Woodland
    Zulaport Cutthroat
    Island

Pack 1 pick 4:
    Salvage Drone
    Blisterpod
    Silent Skimmer
    Mortuary Mire
    Natural Connection
--> Tightening Coils
    Eldrazi Devastator
    Kor Castigator
    Reckless Cohort
    Akoum Stonewaker
    Retreat to Valakut
    Plains

Pack 1 pick 5:
    Plummet
    Island
    Blisterpod
    Felidar Cub
    Goblin War Paint
    Gideon's Reproach
    Sheer Drop
--> Kozilek's Channeler
    Sylvan Scrying
    Vampiric Rites
    Swamp

Pack 1 pick 6:
    Blisterpod
    Anticipate
    Rising Miasma
    Earthen Arms
    Tandem Tactics
    Sure Strike
    Shadow Glider
    Murasa Ranger
--> Dampening Pulse
    Island

Pack 1 pick 7:
    Giant Mantis
    Anticipate
--> Mind Raker
    Territorial Baloth
    Angelic Gift
    Belligerent Whiptail
    Valakut Predator
    Chasm Guide
    Plains

Pack 1 pick 8:
    Mire's Malice
    Tajuru Stalwart
    Cliffside Lookout
    Makindi Sliderunner
    Pathway Arrows
    Blighted Gorge
--> Tajuru Warcaller
    Plains

Pack 1 pick 9:
    Oran-Rief Invoker
    Dispel
--> Mind Raker
    Stone Haven Medic
    Makindi Patrol
    Scythe Leopard
    Mountain

Pack 1 pick 10:
    Reclaiming Vines
    Salvage Drone
--> Swarm Surge
    Tajuru Beastmaster
    Skyline Cascade
    Forest

Pack 1 pick 11:
    Roilmage's Trick
    Skyline Cascade
--> Rush of Ice
    Blighted Woodland
    Island

Pack 1 pick 12:
    Natural Connection
    Reckless Cohort
--> Retreat to Valakut
    Plains

Pack 1 pick 13:
--> Plummet
    Goblin War Paint
    Swamp

Pack 1 pick 14:
--> Earthen Arms
    Island

Pack 1 pick 15:
--> Plains

------ BFZ ------ 

Pack 2 pick 1:
    Coralhelm Guide
    Nirkana Assassin
    Oran-Rief Invoker
    Tajuru Beastmaster
    Demon's Grasp
    Skyline Cascade
--> Eldrazi Skyspawner
    Ruin Processor
    Makindi Patrol
    Lavastep Raider
    Catacomb Sifter
    Turn Against
    Blighted Steppe
    Veteran Warleader
    Swamp

Pack 2 pick 2:
    Voracious Null
    Oran-Rief Invoker
    Brilliant Spectrum
    Nirkana Assassin
    Kor Castigator
    Sure Strike
    Shadow Glider
    Dominator Drone
    Stonefury
    Expedition Envoy
    Void Attendant
    Encircling Fissure
--> Woodland Wanderer
    Forest

Pack 2 pick 3:
    Territorial Baloth
--> Clutch of Currents
    Kalastria Nightwatch
    Swell of Growth
    Fortified Rampart
    Stonefury
    Smite the Monstrous
    Kozilek's Channeler
    Ulamog's Despoiler
    Crumble to Dust
    Firemantle Mage
    Sanctum of Ugin
    Mountain

Pack 2 pick 4:
    Dutiful Return
    Blisterpod
    Anticipate
    Belligerent Whiptail
    Angelic Gift
    Ondu Greathorn
    Ondu Champion
    Makindi Sliderunner
    Gideon's Reproach
--> Rising Miasma
    Serene Steward
    Mountain

Pack 2 pick 5:
    Seek the Wilds
    Altar's Reap
--> Eyeless Watcher
    Wave-Wing Elemental
    Fertile Thicket
    Geyserfield Stalker
    Inspired Charge
    Reckless Cohort
    Dampening Pulse
    Grove Rumbler
    Forest

Pack 2 pick 6:
    Plummet
    Coralhelm Guide
--> Snapping Gnarlid
    Hedron Blade
    Reclaiming Vines
    Unnatural Aggression
    Felidar Cub
    Boiling Earth
    Grove Rumbler
    Forest

Pack 2 pick 7:
    Seek the Wilds
    Inspired Charge
    Volcanic Upheaval
--> Sheer Drop
    Hedron Blade
    Valakut Invoker
    Retreat to Coralhelm
    Blighted Fen
    Mountain

Pack 2 pick 8:
--> Giant Mantis
    Anticipate
    Mind Raker
    Broodhunter Wurm
    Lavastep Raider
    Hagra Sharpshooter
    Jaddi Offshoot
    Island

Pack 2 pick 9:
    Coralhelm Guide
    Nirkana Assassin
--> Oran-Rief Invoker
    Tajuru Beastmaster
    Skyline Cascade
    Blighted Steppe
    Swamp

Pack 2 pick 10:
    Voracious Null
--> Oran-Rief Invoker
    Brilliant Spectrum
    Nirkana Assassin
    Shadow Glider
    Forest

Pack 2 pick 11:
    Territorial Baloth
    Swell of Growth
    Crumble to Dust
--> Sanctum of Ugin
    Mountain

Pack 2 pick 12:
    Dutiful Return
    Angelic Gift
--> Ondu Greathorn
    Mountain

Pack 2 pick 13:
--> Seek the Wilds
    Geyserfield Stalker
    Forest

Pack 2 pick 14:
--> Reclaiming Vines
    Forest

Pack 2 pick 15:
--> Mountain

------ BFZ ------ 

Pack 3 pick 1:
    Call the Scions
    Murk Strider
    Bone Splinters
    Broodhunter Wurm
    Mortuary Mire
    Tightening Coils
    Looming Spires
    Grave Birthing
    Kitesail Scout
    Shatterskull Recruit
--> Pilgrim's Eye
    Blighted Cataract
    Plated Crusher
    Hero of Goma Fada
    Forest

Pack 3 pick 2:
    Culling Drone
    Giant Mantis
    Demon's Grasp
    Looming Spires
    Fertile Thicket
    Kozilek's Channeler
    Spell Shrivel
--> Complete Disregard
    Makindi Patrol
    Nettle Drone
    Pathway Arrows
    Blighted Steppe
    Akoum Hellkite
    Forest

Pack 3 pick 3:
    Territorial Baloth
    Clutch of Currents
    Kalastria Nightwatch
    Swell of Growth
    Cliffside Lookout
    Outnumber
    Kozilek's Channeler
    Makindi Sliderunner
    Courier Griffin
    Malakir Familiar
    Turn Against
--> Sunken Hollow
    Swamp

Pack 3 pick 4:
    Dutiful Return
    Swamp
    Dispel
    Scour from Existence
    Wave-Wing Elemental
    Evolving Wilds
    Silent Skimmer
    Angelic Gift
    Lavastep Raider
--> Skyrider Elf
    Retreat to Valakut
    Forest

Pack 3 pick 5:
    Oracle of Dust
    Plummet
    Scour from Existence
    Tajuru Beastmaster
    Wave-Wing Elemental
--> Skyrider Elf
    Silent Skimmer
    Lavastep Raider
    Grovetender Druids
    Aligned Hedron Network
    Mountain

Pack 3 pick 6:
    Giant Mantis
    Brilliant Spectrum
    Broodhunter Wurm
    Mortuary Mire
--> Tightening Coils
    Looming Spires
    Grave Birthing
    Felidar Cub
    Boiling Earth
    Island

Pack 3 pick 7:
    Roilmage's Trick
    Swarm Surge
    Rush of Ice
    Unnatural Aggression
    Geyserfield Stalker
--> Cloud Manta
    Felidar Cub
    Retreat to Kazandu
    Plains

Pack 3 pick 8:
    Oracle of Dust
    Altar's Reap
    Plummet
--> Coralhelm Guide
    Ghostly Sentinel
    Chasm Guide
    Shrine of the Forsaken Gods
    Plains

Pack 3 pick 9:
--> Call the Scions
    Broodhunter Wurm
    Mortuary Mire
    Looming Spires
    Kitesail Scout
    Shatterskull Recruit
    Forest

Pack 3 pick 10:
    Looming Spires
--> Fertile Thicket
    Spell Shrivel
    Pathway Arrows
    Blighted Steppe
    Forest

Pack 3 pick 11:
    Territorial Baloth
--> Kalastria Nightwatch
    Swell of Growth
    Cliffside Lookout
    Swamp

Pack 3 pick 12:
--> Dispel
    Angelic Gift
    Lavastep Raider
    Forest

Pack 3 pick 13:
--> Wave-Wing Elemental
    Lavastep Raider
    Mountain

Pack 3 pick 14:
    Broodhunter Wurm
--> Mortuary Mire

Pack 3 pick 15:
--> Plains

