Event #: 9021222
Time:    11/12/2015 10:11:59 AM
Players:
    jlhepola
--> Compulsive_Research
    kugelblitz 5000
    travis8427
    totalego
    Yuanji
    gooziec
    Silverlee

------ BFZ ------ 

Pack 1 pick 1:
    Reclaiming Vines
    Salvage Drone
    Fertile Thicket
    Geyserfield Stalker
    Snapping Gnarlid
    Evolving Wilds
    Eldrazi Skyspawner
    Hedron Blade
    Fortified Rampart
    Belligerent Whiptail
    Sylvan Scrying
    Slab Hammer
    Processor Assault
--> Quarantine Field
    Plains

Pack 1 pick 2:
    Swarm Surge
    Call the Scions
    Murk Strider
    Rush of Ice
    Silent Skimmer
    Mortuary Mire
    Natural Connection
    Tightening Coils
    Stone Haven Medic
    Volcanic Upheaval
    Blighted Gorge
--> Drana's Emissary
    Firemantle Mage
    Island

Pack 1 pick 3:
    Brilliant Spectrum
    Nirkana Assassin
    Bone Splinters
    Unnatural Aggression
    Sandstone Bridge
    Cloud Manta
    Scour from Existence
    Cliffside Lookout
    Goblin War Paint
    Retreat to Coralhelm
--> Hagra Sharpshooter
    Expedition Envoy
    Plains

Pack 1 pick 4:
    Roilmage's Trick
    Dutiful Return
    Tightening Coils
    Eldrazi Devastator
    Demon's Grasp
    Looming Spires
    Fertile Thicket
    Lithomancer's Focus
    Outnumber
--> Bloodbond Vampire
    Guul Draz Overseer
    Swamp

Pack 1 pick 5:
    Altar's Reap
    Plummet
    Coralhelm Guide
    Mire's Malice
--> Kor Castigator
    Boiling Earth
    Lithomancer's Focus
    Sure Strike
    Kozilek's Channeler
    Vestige of Emrakul
    Pilgrim's Eye

Pack 1 pick 6:
    Plummet
    Salvage Drone
--> Kalastria Healer
    Angelic Gift
    Lavastep Raider
    Valakut Invoker
    Ondu Greathorn
    Ondu Champion
    Jaddi Offshoot
    Swamp

Pack 1 pick 7:
    Dutiful Return
    Mortuary Mire
    Anticipate
    Sludge Crawler
    Stone Haven Medic
    Makindi Sliderunner
--> Courier Griffin
    Sylvan Scrying
    Island

Pack 1 pick 8:
    Nirkana Assassin
    Oran-Rief Invoker
    Dispel
    Looming Spires
    Wave-Wing Elemental
--> Felidar Cub
    Blighted Woodland
    Forest

Pack 1 pick 9:
    Reclaiming Vines
    Salvage Drone
    Fertile Thicket
    Geyserfield Stalker
    Hedron Blade
--> Fortified Rampart
    Plains

Pack 1 pick 10:
    Swarm Surge
    Rush of Ice
--> Mortuary Mire
    Volcanic Upheaval
    Blighted Gorge
    Island

Pack 1 pick 11:
    Brilliant Spectrum
--> Sandstone Bridge
    Goblin War Paint
    Retreat to Coralhelm
    Plains

Pack 1 pick 12:
--> Eldrazi Devastator
    Looming Spires
    Fertile Thicket
    Swamp

Pack 1 pick 13:
    Altar's Reap
    Boiling Earth
--> Sure Strike

Pack 1 pick 14:
--> Lavastep Raider
    Swamp

Pack 1 pick 15:
--> Dutiful Return

------ BFZ ------ 

Pack 2 pick 1:
    Swarm Surge
    Call the Scions
    Murk Strider
    Voracious Null
    Angelic Gift
    Lavastep Raider
    Smite the Monstrous
    Stonefury
--> Quarantine Field
    Lifespring Druid
    Grovetender Druids
    Vile Aggregate
    Retreat to Coralhelm
    Bring to Light
    Plains

Pack 2 pick 2:
    Brilliant Spectrum
    Nirkana Assassin
    Seek the Wilds
    Oracle of Dust
    Felidar Cub
    Goblin War Paint
    Ghostly Sentinel
    Benthic Infiltrator
    Makindi Sliderunner
--> Smite the Monstrous
    Ruination Guide
    Rising Miasma
    Smothering Abomination
    Plains

Pack 2 pick 3:
    Incubator Drone
    Culling Drone
    Seek the Wilds
    Coralhelm Guide
    Reckless Cohort
    Felidar Cub
    Boiling Earth
    Lithomancer's Focus
    Touch of the Void
--> Sheer Drop
    Dampening Pulse
    Forerunner of Slaughter
    Mountain

Pack 2 pick 4:
    Seek the Wilds
    Coralhelm Guide
    Nirkana Assassin
    Oran-Rief Invoker
    Stone Haven Medic
    Valakut Predator
--> Ondu Rising
    Valakut Invoker
    Rising Miasma
    Encircling Fissure
    Aligned Hedron Network
    Swamp

Pack 2 pick 5:
    Dispel
--> Kalastria Nightwatch
    Earthen Arms
    Grave Birthing
    Eyeless Watcher
    Eldrazi Devastator
    Wave-Wing Elemental
    Fertile Thicket
    Belligerent Whiptail
    Bane of Bala Ged
    Plains

Pack 2 pick 6:
    Kalastria Nightwatch
    Swell of Growth
    Rush of Ice
    Silent Skimmer
    Mortuary Mire
    Natural Connection
    Tightening Coils
    Kozilek's Sentinel
--> Hagra Sharpshooter
    Forest

Pack 2 pick 7:
    Earthen Arms
--> Kalastria Healer
    Looming Spires
    Grave Birthing
    Eldrazi Devastator
    Wave-Wing Elemental
    Makindi Patrol
    Scythe Leopard
    Plains

Pack 2 pick 8:
    Territorial Baloth
    Fertile Thicket
    Geyserfield Stalker
--> Snapping Gnarlid
    Rush of Ice
    Hedron Blade
    Boiling Earth
    Forest

Pack 2 pick 9:
    Swarm Surge
    Voracious Null
    Angelic Gift
--> Grovetender Druids
    Retreat to Coralhelm
    Bring to Light
    Plains

Pack 2 pick 10:
    Brilliant Spectrum
--> Nirkana Assassin
    Felidar Cub
    Goblin War Paint
    Makindi Sliderunner
    Plains

Pack 2 pick 11:
    Seek the Wilds
    Reckless Cohort
--> Lithomancer's Focus
    Forerunner of Slaughter
    Mountain

Pack 2 pick 12:
    Seek the Wilds
--> Coralhelm Guide
    Stone Haven Medic
    Swamp

Pack 2 pick 13:
--> Earthen Arms
    Fertile Thicket
    Plains

Pack 2 pick 14:
--> Mortuary Mire
    Forest

Pack 2 pick 15:
--> Looming Spires

------ BFZ ------ 

Pack 3 pick 1:
    Murk Strider
    Sludge Crawler
    Complete Disregard
    Snapping Gnarlid
    Evolving Wilds
    Eldrazi Skyspawner
    Hedron Blade
    Bone Splinters
    Stone Haven Medic
    Volcanic Upheaval
    Turn Against
--> Bloodbond Vampire
    Retreat to Valakut
    Bring to Light
    Plains

Pack 3 pick 2:
    Anticipate
    Sludge Crawler
    Earthen Arms
    Incubator Drone
    Tandem Tactics
    Outnumber
    Ghostly Sentinel
    Benthic Infiltrator
    Makindi Sliderunner
    Smite the Monstrous
--> Kor Bladewhirl
    Void Attendant
    Forerunner of Slaughter
    Mountain

Pack 3 pick 3:
    Dispel
    Mind Raker
    Territorial Baloth
    Clutch of Currents
    Lavastep Raider
--> Makindi Patrol
    Makindi Sliderunner
    Courier Griffin
    Smite the Monstrous
    Grove Rumbler
    Ulamog's Reclaimer
    Serpentine Spike
    Mountain

Pack 3 pick 4:
    Plummet
    Salvage Drone
--> Kalastria Healer
    Blisterpod
    Tandem Tactics
    Shatterskull Recruit
    Smite the Monstrous
    Ondu Greathorn
    Infuse with the Elements
    Malakir Familiar
    Dust Stalker
    Plains

Pack 3 pick 5:
    Culling Drone
    Giant Mantis
    Anticipate
    Unnatural Aggression
    Sandstone Bridge
    Cloud Manta
    Scour from Existence
    Grave Birthing
    Cliffside Lookout
--> Firemantle Mage
    Island

Pack 3 pick 6:
    Roilmage's Trick
    Prism Array
    Rush of Ice
    Silent Skimmer
    Mortuary Mire
    Kitesail Scout
    Reckless Cohort
--> Encircling Fissure
    Grovetender Druids
    Swamp

Pack 3 pick 7:
    Dispel
    Mind Raker
    Territorial Baloth
--> Makindi Patrol
    Fortified Rampart
    Belligerent Whiptail
    Dominator Drone
    Stonefury
    Mountain

Pack 3 pick 8:
    Murk Strider
    Voracious Null
--> Scour from Existence
    Wave-Wing Elemental
    Stone Haven Medic
    Shatterskull Recruit
    Shrine of the Forsaken Gods
    Forest

Pack 3 pick 9:
    Hedron Blade
    Stone Haven Medic
    Volcanic Upheaval
--> Turn Against
    Retreat to Valakut
    Bring to Light
    Plains

Pack 3 pick 10:
    Earthen Arms
--> Tandem Tactics
    Ghostly Sentinel
    Void Attendant
    Forerunner of Slaughter
    Mountain

Pack 3 pick 11:
    Dispel
--> Mind Raker
    Lavastep Raider
    Makindi Sliderunner
    Mountain

Pack 3 pick 12:
    Plummet
    Salvage Drone
--> Tandem Tactics
    Plains

Pack 3 pick 13:
    Anticipate
--> Grave Birthing
    Island

Pack 3 pick 14:
--> Kitesail Scout
    Swamp

Pack 3 pick 15:
--> Mountain

