Event #: 9021613
Time:    11/12/2015 12:15:48 PM
Players:
    snackman
    Wittich
    biosxenikos
    milleniumgod
    swisstony
    Demonshank
--> Compulsive_Research
    AliEnWaRe_

------ BFZ ------ 

Pack 1 pick 1:
    Kalastria Healer
    Blisterpod
    Rush of Ice
    Silent Skimmer
    Mortuary Mire
    Natural Connection
    Tightening Coils
    Eldrazi Devastator
    Belligerent Whiptail
    Stone Haven Medic
    Brood Monitor
    Drana's Emissary
--> Ulamog's Nullifier
    Barrage Tyrant
    Swamp

Pack 1 pick 2:
    Territorial Baloth
--> Clutch of Currents
    Kalastria Nightwatch
    Swell of Growth
    Felidar Cub
    Boiling Earth
    Lithomancer's Focus
    Outnumber
    Vestige of Emrakul
    Courier Griffin
    Transgress the Mind
    Halimar Tidecaller
    Shrine of the Forsaken Gods
    Forest

Pack 1 pick 3:
    Oracle of Dust
    Altar's Reap
    Grave Birthing
    Eyeless Watcher
    Eldrazi Devastator
    Wave-Wing Elemental
    Fertile Thicket
    Geyserfield Stalker
    Stone Haven Medic
    Shatterskull Recruit
--> Skitterskin
    Spawning Bed
    Island

Pack 1 pick 4:
    Murk Strider
    Voracious Null
    Spell Shrivel
--> Complete Disregard
    Scour from Existence
    Tajuru Beastmaster
    Wave-Wing Elemental
    Outnumber
    Angelic Gift
    Catacomb Sifter
    Processor Assault
    Plains

Pack 1 pick 5:
    Mire's Malice
    Brilliant Spectrum
    Demon's Grasp
    Looming Spires
    Fertile Thicket
    Spell Shrivel
    Shatterskull Recruit
    Felidar Cub
--> Ulamog's Reclaimer
    Skitterskin
    Swamp

Pack 1 pick 6:
    Call the Scions
    Murk Strider
    Voracious Null
    Oran-Rief Invoker
    Kitesail Scout
    Belligerent Whiptail
    Ondu Greathorn
--> Dominator Drone
    Ondu Champion
    Island

Pack 1 pick 7:
    Mire's Malice
    Tajuru Stalwart
    Lithomancer's Focus
    Goblin War Paint
    Vestige of Emrakul
    Expedition Envoy
--> Void Attendant
    Retreat to Valakut
    Plains

Pack 1 pick 8:
    Salvage Drone
--> Swarm Surge
    Sandstone Bridge
    Tajuru Beastmaster
    Demon's Grasp
    Ruin Processor
    Angelic Gift
    Island

Pack 1 pick 9:
--> Blisterpod
    Silent Skimmer
    Mortuary Mire
    Natural Connection
    Eldrazi Devastator
    Stone Haven Medic
    Swamp

Pack 1 pick 10:
    Felidar Cub
    Boiling Earth
    Vestige of Emrakul
--> Transgress the Mind
    Shrine of the Forsaken Gods
    Forest

Pack 1 pick 11:
    Altar's Reap
--> Grave Birthing
    Geyserfield Stalker
    Shatterskull Recruit
    Island

Pack 1 pick 12:
    Voracious Null
--> Scour from Existence
    Angelic Gift
    Plains

Pack 1 pick 13:
    Brilliant Spectrum
--> Shatterskull Recruit
    Swamp

Pack 1 pick 14:
--> Voracious Null
    Kitesail Scout

Pack 1 pick 15:
--> Plains

------ BFZ ------ 

Pack 2 pick 1:
    Oracle of Dust
    Voracious Null
    Reclaiming Vines
    Mist Intruder
    Volcanic Upheaval
    Tandem Tactics
    Ondu Greathorn
    Lifespring Druid
    Ondu Champion
    Gideon's Reproach
    Titan's Presence
    Molten Nursery
    Rolling Thunder
--> Wasteland Strangler
    Swamp

Pack 2 pick 2:
--> Sludge Crawler
    Plummet
    Salvage Drone
    Spell Shrivel
    Shadow Glider
    Skyline Cascade
    Eyeless Watcher
    Outnumber
    Angelic Gift
    Cryptic Cruiser
    Blighted Woodland
    Grovetender Druids
    Oran-Rief Hydra
    Swamp

Pack 2 pick 3:
    Anticipate
--> Sludge Crawler
    Eyeless Watcher
    Rush of Ice
    Silent Skimmer
    Mortuary Mire
    Natural Connection
    Tightening Coils
    Boiling Earth
    Makindi Patrol
    Rising Miasma
    Ally Encampment
    Island

Pack 2 pick 4:
    Mire's Malice
    Giant Mantis
    Brilliant Spectrum
    Altar's Reap
    Cliffside Lookout
    Goblin War Paint
    Shadow Glider
--> Dominator Drone
    Stonefury
    Ghostly Sentinel
    Kor Bladewhirl
    Mountain

Pack 2 pick 5:
    Swarm Surge
    Call the Scions
    Eldrazi Devastator
    Demon's Grasp
    Looming Spires
    Fertile Thicket
    Snapping Gnarlid
    Cliffside Lookout
--> Dampening Pulse
    Infuse with the Elements
    Plains

Pack 2 pick 6:
    Earthen Arms
    Looming Spires
    Grave Birthing
--> Eyeless Watcher
    Eldrazi Devastator
    Wave-Wing Elemental
    Fertile Thicket
    Volcanic Upheaval
    Stone Haven Medic
    Swamp

Pack 2 pick 7:
    Retreat to Coralhelm
    Plummet
--> Salvage Drone
    Kozilek's Sentinel
    Valakut Invoker
    Tunneling Geopede
    Retreat to Valakut
    Bring to Light
    Swamp

Pack 2 pick 8:
--> Blisterpod
    Anticipate
    Earthen Arms
    Makindi Patrol
    Valakut Predator
    Valakut Invoker
    Retreat to Hagra
    Forest

Pack 2 pick 9:
--> Oracle of Dust
    Voracious Null
    Reclaiming Vines
    Volcanic Upheaval
    Ondu Greathorn
    Ondu Champion
    Swamp

Pack 2 pick 10:
    Salvage Drone
    Spell Shrivel
--> Eyeless Watcher
    Angelic Gift
    Grovetender Druids
    Swamp

Pack 2 pick 11:
    Anticipate
--> Eyeless Watcher
    Mortuary Mire
    Natural Connection
    Island

Pack 2 pick 12:
    Brilliant Spectrum
--> Altar's Reap
    Goblin War Paint
    Mountain

Pack 2 pick 13:
--> Swarm Surge
    Fertile Thicket
    Plains

Pack 2 pick 14:
--> Volcanic Upheaval
    Swamp

Pack 2 pick 15:
--> Swamp

------ BFZ ------ 

Pack 3 pick 1:
    Coralhelm Guide
    Mire's Malice
    Cloud Manta
    Sandstone Bridge
    Tajuru Beastmaster
    Demon's Grasp
    Skyline Cascade
    Eldrazi Skyspawner
    Shatterskull Recruit
    Felidar Cub
    Grip of Desolation
    Encircling Fissure
    Horribly Awry
--> Blight Herder
    Plains

Pack 3 pick 2:
    Mist Intruder
    Blighted Gorge
--> Complete Disregard
    Scour from Existence
    Tajuru Beastmaster
    Wave-Wing Elemental
    Evolving Wilds
    Silent Skimmer
    Fortified Rampart
    Lavastep Raider
    Blighted Fen
    Vampiric Rites
    Angel of Renewal
    Forest

Pack 3 pick 3:
    Oracle of Dust
    Altar's Reap
    Plummet
    Silent Skimmer
    Rush of Ice
    Natural Connection
    Unnatural Aggression
    Geyserfield Stalker
    Volcanic Upheaval
    Tandem Tactics
--> Blighted Woodland
    Akoum Stonewaker
    Plains

Pack 3 pick 4:
    Dutiful Return
    Dispel
    Ruin Processor
    Bone Splinters
    Broodhunter Wurm
    Mortuary Mire
    Tightening Coils
    Reckless Cohort
    Inspired Charge
    Chasm Guide
--> Spawning Bed
    Swamp

Pack 3 pick 5:
--> Culling Drone
    Seek the Wilds
    Coralhelm Guide
    Nirkana Assassin
    Kor Castigator
    Sure Strike
    Smite the Monstrous
    Herald of Kozilek
    Chasm Guide
    Blighted Steppe
    Forest

Pack 3 pick 6:
    Oran-Rief Invoker
    Dispel
    Mind Raker
    Looming Spires
    Fertile Thicket
    Inspired Charge
    Reckless Cohort
--> Carrier Thrall
    Retreat to Coralhelm
    Forest

Pack 3 pick 7:
    Territorial Baloth
    Roilmage's Trick
    Dutiful Return
    Inspired Charge
    Makindi Patrol
    Lavastep Raider
--> Rot Shambler
    Sanctum of Ugin
    Plains

Pack 3 pick 8:
--> Culling Drone
    Valakut Predator
    Goblin War Paint
    Kor Castigator
    Ondu Champion
    Murasa Ranger
    Jaddi Offshoot
    Swamp

Pack 3 pick 9:
    Mire's Malice
    Tajuru Beastmaster
--> Demon's Grasp
    Skyline Cascade
    Shatterskull Recruit
    Felidar Cub
    Plains

Pack 3 pick 10:
    Scour from Existence
    Tajuru Beastmaster
    Wave-Wing Elemental
    Lavastep Raider
--> Vampiric Rites
    Forest

Pack 3 pick 11:
--> Altar's Reap
    Natural Connection
    Geyserfield Stalker
    Volcanic Upheaval
    Plains

Pack 3 pick 12:
--> Dutiful Return
    Dispel
    Reckless Cohort
    Swamp

Pack 3 pick 13:
    Nirkana Assassin
    Sure Strike
--> Blighted Steppe

Pack 3 pick 14:
    Reckless Cohort
--> Retreat to Coralhelm

Pack 3 pick 15:
--> Lavastep Raider

