Event #: 9022120
Time:    11/12/2015 2:54:00 PM
Players:
    _rug_
    Williamtheconq
    LordOfWinterfell
    pppedja
    theeast0821
    a9v
--> Compulsive_Research
    Swori

------ BFZ ------ 

Pack 1 pick 1:
    Murk Strider
    Voracious Null
    Mortuary Mire
    Natural Connection
    Tightening Coils
    Eldrazi Devastator
    Demon's Grasp
    Looming Spires
    Fortified Rampart
    Belligerent Whiptail
    Ondu Rising
--> Ruination Guide
    Slab Hammer
    Wasteland Strangler
    Mountain

Pack 1 pick 2:
    Kalastria Nightwatch
    Earthen Arms
    Demon's Grasp
    Skyline Cascade
    Ruin Processor
    Bone Splinters
    Broodhunter Wurm
    Lithomancer's Focus
    Outnumber
    Plated Crusher
    Resolute Blademaster
--> Malakir Familiar
    Cinder Glade
    Island

Pack 1 pick 3:
    Plummet
    Salvage Drone
    Mortuary Mire
    Natural Connection
    Tightening Coils
    Eldrazi Devastator
    Demon's Grasp
    Looming Spires
    Sure Strike
    Kitesail Scout
    Infuse with the Elements
--> Serene Steward
    Swamp

Pack 1 pick 4:
--> Culling Drone
    Giant Mantis
    Mortuary Mire
    Natural Connection
    Eldrazi Devastator
    Demon's Grasp
    Looming Spires
    Reckless Cohort
    Stone Haven Medic
    Scythe Leopard
    Grovetender Druids
    Island

Pack 1 pick 5:
    Murk Strider
    Plummet
    Salvage Drone
    Inspired Charge
    Roilmage's Trick
--> Dominator Drone
    Ondu Champion
    Ghostly Sentinel
    Expedition Envoy
    Shrine of the Forsaken Gods
    Plains

Pack 1 pick 6:
    Tajuru Stalwart
    Incubator Drone
--> Culling Drone
    Seek the Wilds
    Tandem Tactics
    Shatterskull Recruit
    Makindi Sliderunner
    Courier Griffin
    Retreat to Hagra
    Swamp

Pack 1 pick 7:
    Nirkana Assassin
    Seek the Wilds
    Scour from Existence
    Grave Birthing
    Broodhunter Wurm
--> Spell Shrivel
    Volcanic Upheaval
    Angelic Gift
    Forest

Pack 1 pick 8:
    Territorial Baloth
    Swell of Growth
    Shatterskull Recruit
    Kor Castigator
    Valakut Invoker
--> Pathway Arrows
    Blighted Gorge
    Mountain

Pack 1 pick 9:
    Voracious Null
--> Mortuary Mire
    Natural Connection
    Looming Spires
    Belligerent Whiptail
    Slab Hammer
    Mountain

Pack 1 pick 10:
--> Kalastria Nightwatch
    Earthen Arms
    Broodhunter Wurm
    Lithomancer's Focus
    Plated Crusher
    Island

Pack 1 pick 11:
    Natural Connection
    Eldrazi Devastator
    Kitesail Scout
--> Infuse with the Elements
    Swamp

Pack 1 pick 12:
    Mortuary Mire
    Natural Connection
--> Eldrazi Devastator
    Island

Pack 1 pick 13:
    Roilmage's Trick
--> Shrine of the Forsaken Gods
    Plains

Pack 1 pick 14:
--> Seek the Wilds
    Swamp

Pack 1 pick 15:
--> Forest

------ BFZ ------ 

Pack 2 pick 1:
    Swell of Growth
    Dispel
    Kalastria Nightwatch
    Earthen Arms
    Stone Haven Medic
    Kozilek's Sentinel
    Vestige of Emrakul
    Gideon's Reproach
    Touch of the Void
    Sheer Drop
    Titan's Presence
    Adverse Conditions
    Drana's Emissary
--> Blight Herder
    Forest

Pack 2 pick 2:
    Tajuru Stalwart
    Clutch of Currents
    Culling Drone
    Giant Mantis
    Lithomancer's Focus
    Sure Strike
    Dominator Drone
    Ondu Champion
    Ghostly Sentinel
--> Benthic Infiltrator
    Herald of Kozilek
    Retreat to Hagra
    Blighted Gorge
    Mountain

Pack 2 pick 3:
    Swell of Growth
--> Mist Intruder
    Natural Connection
    Tightening Coils
    Eldrazi Devastator
    Demon's Grasp
    Looming Spires
    Fertile Thicket
    Boiling Earth
    Rot Shambler
    Hedron Archive
    Noyan Dar, Roil Shaper
    Swamp

Pack 2 pick 4:
    Nirkana Assassin
    Oran-Rief Invoker
    Dispel
    Mind Raker
    Tandem Tactics
    Sure Strike
    Dominator Drone
    Ghostly Sentinel
--> Benthic Infiltrator
    Transgress the Mind
    Dampening Pulse
    Plains

Pack 2 pick 5:
    Salvage Drone
--> Swarm Surge
    Call the Scions
    Ruin Processor
    Skyline Cascade
    Rush of Ice
    Silent Skimmer
    Nettle Drone
    Roil Spout
    Turn Against
    Mountain

Pack 2 pick 6:
    Roilmage's Trick
    Dutiful Return
--> Wave-Wing Elemental
    Fertile Thicket
    Geyserfield Stalker
    Snapping Gnarlid
    Broodhunter Wurm
    Volcanic Upheaval
    Breaker of Armies
    Forest

Pack 2 pick 7:
    Reclaiming Vines
    Salvage Drone
    Wave-Wing Elemental
    Rush of Ice
    Natural Connection
    Unnatural Aggression
    Blighted Steppe
--> Lumbering Falls
    Swamp

Pack 2 pick 8:
    Territorial Baloth
    Kalastria Nightwatch
    Skyline Cascade
    Rush of Ice
    Mortuary Mire
    Jaddi Offshoot
--> Nissa's Renewal
    Swamp

Pack 2 pick 9:
    Swell of Growth
    Dispel
    Kalastria Nightwatch
    Earthen Arms
    Vestige of Emrakul
--> Adverse Conditions
    Forest

Pack 2 pick 10:
    Giant Mantis
    Lithomancer's Focus
    Sure Strike
--> Retreat to Hagra
    Blighted Gorge
    Mountain

Pack 2 pick 11:
    Natural Connection
    Eldrazi Devastator
    Looming Spires
--> Fertile Thicket
    Swamp

Pack 2 pick 12:
    Oran-Rief Invoker
    Dispel
--> Mind Raker
    Plains

Pack 2 pick 13:
    Salvage Drone
--> Skyline Cascade
    Mountain

Pack 2 pick 14:
--> Dutiful Return
    Forest

Pack 2 pick 15:
--> Swamp

------ BFZ ------ 

Pack 3 pick 1:
    Coralhelm Guide
    Mire's Malice
    Skyline Cascade
    Eldrazi Skyspawner
    Ruin Processor
    Bone Splinters
    Broodhunter Wurm
    Mortuary Mire
    Kor Castigator
    Boiling Earth
    Cryptic Cruiser
    Vampiric Rites
    Angel of Renewal
--> Kiora, Master of the Depths
    Mountain

Pack 3 pick 2:
    Mire's Malice
    Tajuru Stalwart
    Fertile Thicket
    Snapping Gnarlid
    Spell Shrivel
--> Complete Disregard
    Scour from Existence
    Kitesail Scout
    Shatterskull Recruit
    Turn Against
    Bloodbond Vampire
    Ulamog's Despoiler
    Sunken Hollow
    Forest

Pack 3 pick 3:
    Altar's Reap
--> Sunken Hollow
    Roilmage's Trick
    Swarm Surge
    Kitesail Scout
    Belligerent Whiptail
    Kor Castigator
    Reckless Cohort
    Valakut Invoker
    Pathway Arrows
    Scythe Leopard
    Smothering Abomination
    Plains

Pack 3 pick 4:
    Voracious Null
    Island
    Eldrazi Devastator
    Wave-Wing Elemental
    Fertile Thicket
    Geyserfield Stalker
    Cliffside Lookout
    Volcanic Upheaval
    Processor Assault
    Retreat to Coralhelm
--> Blighted Woodland
    Island

Pack 3 pick 5:
    Seek the Wilds
    Altar's Reap
    Plummet
    Tandem Tactics
    Shatterskull Recruit
    Felidar Cub
    Goblin War Paint
    Ondu Greathorn
    Void Attendant
--> Infuse with the Elements
    Mountain

Pack 3 pick 6:
    Seek the Wilds
    Scour from Existence
    Grave Birthing
    Broodhunter Wurm
    Lithomancer's Focus
    Goblin War Paint
    Blighted Steppe
    Kor Bladewhirl
--> Catacomb Sifter
    Plains

Pack 3 pick 7:
    Kalastria Healer
    Blisterpod
--> Oracle of Dust
    Mortuary Mire
    Looming Spires
    Grave Birthing
    Hagra Sharpshooter
    Expedition Envoy
    Island

Pack 3 pick 8:
    Blisterpod
    Voracious Null
    Reclaiming Vines
    Angelic Gift
    Lavastep Raider
--> Scythe Leopard
    Grovetender Druids
    Island

Pack 3 pick 9:
    Skyline Cascade
    Broodhunter Wurm
    Mortuary Mire
    Boiling Earth
--> Cryptic Cruiser
    Vampiric Rites
    Mountain

Pack 3 pick 10:
    Mire's Malice
--> Tajuru Stalwart
    Fertile Thicket
    Snapping Gnarlid
    Kitesail Scout
    Forest

Pack 3 pick 11:
--> Altar's Reap
    Roilmage's Trick
    Kitesail Scout
    Belligerent Whiptail
    Plains

Pack 3 pick 12:
--> Island
    Geyserfield Stalker
    Volcanic Upheaval
    Island

Pack 3 pick 13:
--> Seek the Wilds
    Shatterskull Recruit
    Mountain

Pack 3 pick 14:
--> Seek the Wilds
    Plains

Pack 3 pick 15:
--> Island

