Event #: 9026056
Time:    11/13/2015 3:31:33 PM
Players:
    arihiko
    sulinski
--> Compulsive_Research
    powergamer1003
    Dragon_Cards
    vinariu
    milksteakk
    BlimBlamBloo

------ BFZ ------ 

Pack 1 pick 1:
    Blisterpod
    Anticipate
    Sludge Crawler
    Rush of Ice
    Natural Connection
    Unnatural Aggression
    Geyserfield Stalker
    Cloud Manta
    Felidar Cub
    Boiling Earth
    Drana's Emissary
    Retreat to Emeria
    Halimar Tidecaller
--> Ruinous Path
    Forest

Pack 1 pick 2:
    Oracle of Dust
    Voracious Null
    Reclaiming Vines
--> Mist Intruder
    Stone Haven Medic
    Kozilek's Sentinel
    Courier Griffin
    Valakut Predator
    Shadow Glider
    Lifespring Druid
    Expedition Envoy
    Void Attendant
    Titan's Presence
    Mountain

Pack 1 pick 3:
    Oran-Rief Invoker
    Dispel
--> Mind Raker
    Demon's Grasp
    Looming Spires
    Fertile Thicket
    Snapping Gnarlid
    Spell Shrivel
    Kitesail Scout
    Shatterskull Recruit
    Cryptic Cruiser
    Bloodbond Vampire
    Forest

Pack 1 pick 4:
--> Murk Strider
    Voracious Null
    Bone Splinters
    Broodhunter Wurm
    Mortuary Mire
    Tightening Coils
    Looming Spires
    Makindi Patrol
    Kozilek's Sentinel
    Slab Hammer
    Chasm Guide
    Island

Pack 1 pick 5:
    Unnatural Aggression
    Sandstone Bridge
--> Cloud Manta
    Scour from Existence
    Grave Birthing
    Broodhunter Wurm
    Inspired Charge
    Volcanic Upheaval
    Blighted Cataract
    Expedition Envoy
    Mountain

Pack 1 pick 6:
    Oracle of Dust
    Voracious Null
    Reclaiming Vines
--> Nettle Drone
    Cliffside Lookout
    Shadow Glider
    Stonefury
    Blighted Gorge
    Breaker of Armies
    Swamp

Pack 1 pick 7:
    Oran-Rief Invoker
    Brilliant Spectrum
    Eldrazi Devastator
--> Wave-Wing Elemental
    Fertile Thicket
    Geyserfield Stalker
    Cliffside Lookout
    Volcanic Upheaval
    Island

Pack 1 pick 8:
--> Oran-Rief Invoker
    Sandstone Bridge
    Tajuru Beastmaster
    Skyline Cascade
    Goblin War Paint
    Murasa Ranger
    Jaddi Offshoot
    Mountain

Pack 1 pick 9:
    Blisterpod
    Anticipate
    Natural Connection
    Geyserfield Stalker
--> Felidar Cub
    Boiling Earth
    Forest

Pack 1 pick 10:
    Voracious Null
    Reclaiming Vines
--> Kozilek's Sentinel
    Valakut Predator
    Lifespring Druid
    Mountain

Pack 1 pick 11:
    Dispel
    Looming Spires
    Kitesail Scout
--> Shatterskull Recruit
    Forest

Pack 1 pick 12:
    Voracious Null
--> Looming Spires
    Chasm Guide
    Island

Pack 1 pick 13:
    Inspired Charge
--> Volcanic Upheaval
    Mountain

Pack 1 pick 14:
--> Reclaiming Vines
    Swamp

Pack 1 pick 15:
--> Island

------ BFZ ------ 

Pack 2 pick 1:
    Nirkana Assassin
    Seek the Wilds
    Oracle of Dust
    Altar's Reap
    Angelic Gift
--> Nettle Drone
    Stonefury
    Ondu Greathorn
    Lifespring Druid
    Ondu Champion
    Ondu Rising
    Tide Drifter
    Retreat to Hagra
    Angelic Captain
    Island

Pack 2 pick 2:
    Roilmage's Trick
    Swarm Surge
    Tajuru Stalwart
    Incubator Drone
    Volcanic Upheaval
    Tandem Tactics
    Smite the Monstrous
    Kozilek's Channeler
    Island
    Rising Miasma
    Unified Front
    Horribly Awry
--> Barrage Tyrant
    Mountain

Pack 2 pick 3:
    Mire's Malice
    Giant Mantis
    Brilliant Spectrum
    Spell Shrivel
    Complete Disregard
    Ruin Processor
    Skyline Cascade
    Eyeless Watcher
    Makindi Patrol
--> Nettle Drone
    Dampening Pulse
    Scythe Leopard
    Mountain

Pack 2 pick 4:
    Seek the Wilds
    Coralhelm Guide
    Rush of Ice
    Unnatural Aggression
    Geyserfield Stalker
    Cloud Manta
    Shatterskull Recruit
    Felidar Cub
    Pathway Arrows
    Akoum Stonewaker
--> Brutal Expulsion
    Mountain

Pack 2 pick 5:
    Plummet
    Coralhelm Guide
    Mire's Malice
--> Evolving Wilds
    Hedron Blade
    Bone Splinters
    Kitesail Scout
    Belligerent Whiptail
    Retreat to Kazandu
    Blighted Gorge
    Plains

Pack 2 pick 6:
    Dispel
    Mind Raker
    Territorial Baloth
    Boiling Earth
    Lithomancer's Focus
--> Sure Strike
    Kitesail Scout
    Ondu Champion
    Blighted Steppe
    Mountain

Pack 2 pick 7:
    Roilmage's Trick
    Swarm Surge
--> Incubator Drone
    Angelic Gift
    Crumble to Dust
    Valakut Invoker
    Ondu Greathorn
    Ondu Champion
    Mountain

Pack 2 pick 8:
    Kalastria Nightwatch
    Swell of Growth
    Dutiful Return
    Inspired Charge
    Reckless Cohort
--> Vestige of Emrakul
    Aligned Hedron Network
    Forest

Pack 2 pick 9:
    Nirkana Assassin
    Seek the Wilds
--> Oracle of Dust
    Altar's Reap
    Angelic Gift
    Ondu Champion
    Island

Pack 2 pick 10:
    Roilmage's Trick
    Swarm Surge
--> Incubator Drone
    Volcanic Upheaval
    Tandem Tactics
    Mountain

Pack 2 pick 11:
    Brilliant Spectrum
--> Spell Shrivel
    Ruin Processor
    Skyline Cascade
    Mountain

Pack 2 pick 12:
    Seek the Wilds
    Geyserfield Stalker
--> Shatterskull Recruit
    Mountain

Pack 2 pick 13:
--> Hedron Blade
    Kitesail Scout
    Plains

Pack 2 pick 14:
--> Kitesail Scout
    Mountain

Pack 2 pick 15:
--> Mountain

------ BFZ ------ 

Pack 3 pick 1:
    Altar's Reap
    Call the Scions
    Rush of Ice
    Silent Skimmer
    Mortuary Mire
    Natural Connection
    Tightening Coils
    Eldrazi Devastator
    Fortified Rampart
    Belligerent Whiptail
    Ulamog's Nullifier
    Catacomb Sifter
--> Vile Aggregate
    Lantern Scout
    Mountain

Pack 3 pick 2:
    Roilmage's Trick
    Dutiful Return
    Grave Birthing
    Eyeless Watcher
--> Eldrazi Devastator
    Wave-Wing Elemental
    Fertile Thicket
    Geyserfield Stalker
    Goblin War Paint
    Kor Castigator
    Scythe Leopard
    Grovetender Druids
    Retreat to Coralhelm
    Swamp

Pack 3 pick 3:
    Earthen Arms
    Incubator Drone
    Sandstone Bridge
    Tajuru Beastmaster
    Demon's Grasp
    Skyline Cascade
    Ruin Processor
    Lithomancer's Focus
    Outnumber
--> Titan's Presence
    Molten Nursery
    Herald of Kozilek
    Island

Pack 3 pick 4:
    Territorial Baloth
    Scour from Existence
    Tajuru Beastmaster
    Roilmage's Trick
    Evolving Wilds
    Silent Skimmer
    Kor Castigator
    Sure Strike
--> Angel of Renewal
    Blighted Steppe
    Veteran Warleader
    Forest

Pack 3 pick 5:
    Territorial Baloth
    Roilmage's Trick
    Dutiful Return
    Swell of Growth
    Tandem Tactics
    Sure Strike
    Ghostly Sentinel
    Murasa Ranger
--> Sheer Drop
    Infuse with the Elements
    Plains

Pack 3 pick 6:
    Kalastria Nightwatch
    Swell of Growth
    Dutiful Return
    Reckless Cohort
    Inspired Charge
    Lifespring Druid
    Valakut Predator
    Dominator Drone
--> Spawning Bed
    Mountain

Pack 3 pick 7:
    Tajuru Stalwart
    Giant Mantis
    Kor Castigator
    Reckless Cohort
    Stone Haven Medic
    Gideon's Reproach
--> Vestige of Emrakul
    Retreat to Kazandu
    Plains

Pack 3 pick 8:
    Earthen Arms
    Grave Birthing
    Eldrazi Devastator
    Fertile Thicket
    Geyserfield Stalker
--> Kozilek's Sentinel
    Makindi Patrol
    Forest

Pack 3 pick 9:
    Altar's Reap
    Call the Scions
    Silent Skimmer
    Natural Connection
--> Tightening Coils
    Belligerent Whiptail
    Mountain

Pack 3 pick 10:
    Roilmage's Trick
    Dutiful Return
--> Fertile Thicket
    Geyserfield Stalker
    Goblin War Paint
    Swamp

Pack 3 pick 11:
    Earthen Arms
    Lithomancer's Focus
    Molten Nursery
--> Herald of Kozilek
    Island

Pack 3 pick 12:
    Territorial Baloth
--> Sure Strike
    Blighted Steppe
    Forest

Pack 3 pick 13:
    Swell of Growth
--> Infuse with the Elements
    Plains

Pack 3 pick 14:
--> Inspired Charge
    Mountain

Pack 3 pick 15:
--> Plains

