Event #: 9031648
Time:    11/15/2015 1:24:51 AM
Players:
    JD10388
    mindcandy
--> RTuck1986
    HaelPhael
    magicyomen
    Mysterrose
    peblake
    apkallu

------ BFZ ------ 

Pack 1 pick 1:
    Giant Mantis
    Brilliant Spectrum
    Altar's Reap
    Geyserfield Stalker
    Cloud Manta
    Sandstone Bridge
    Tajuru Beastmaster
    Demon's Grasp
    Angelic Gift
    Lavastep Raider
    Turn Against
--> Windrider Patrol
    Retreat to Valakut
    Cinder Glade
    Mountain

Pack 1 pick 2:
    Kalastria Healer
    Reclaiming Vines
    Salvage Drone
    Swarm Surge
    Kor Castigator
    Boiling Earth
    Kozilek's Channeler
    Touch of the Void
    Ondu Greathorn
    Ondu Champion
    Titan's Presence
--> Rolling Thunder
    Skitterskin
    Mountain

Pack 1 pick 3:
    Culling Drone
    Giant Mantis
    Anticipate
    Mind Raker
    Boiling Earth
    Valakut Predator
    Slab Hammer
    Lifespring Druid
--> Valakut Invoker
    Ulamog's Reclaimer
    Grove Rumbler
    Akoum Stonewaker
    Swamp

Pack 1 pick 4:
    Dispel
    Kalastria Nightwatch
    Earthen Arms
    Murk Strider
    Lithomancer's Focus
    Goblin War Paint
--> Kozilek's Channeler
    Vestige of Emrakul
    Courier Griffin
    Valakut Predator
    Jaddi Offshoot
    Plains

Pack 1 pick 5:
    Earthen Arms
    Incubator Drone
    Kalastria Healer
    Reclaiming Vines
    Lithomancer's Focus
--> Outnumber
    Hedron Blade
    Valakut Invoker
    Courier Griffin
    Grove Rumbler
    Island

Pack 1 pick 6:
    Murk Strider
--> Sludge Crawler
    Plummet
    Silent Skimmer
    Natural Connection
    Unnatural Aggression
    Inspired Charge
    Volcanic Upheaval
    Slab Hammer
    Mountain

Pack 1 pick 7:
    Anticipate
    Sludge Crawler
    Earthen Arms
    Felidar Cub
    Goblin War Paint
    Shadow Glider
--> Stonefury
    Lumbering Falls
    Mountain

Pack 1 pick 8:
    Territorial Baloth
    Roilmage's Trick
    Dutiful Return
--> Spell Shrivel
    Scour from Existence
    Lithomancer's Focus
    Sure Strike
    Swamp

Pack 1 pick 9:
    Giant Mantis
    Brilliant Spectrum
    Altar's Reap
    Geyserfield Stalker
    Lavastep Raider
--> Retreat to Valakut
    Mountain

Pack 1 pick 10:
    Reclaiming Vines
    Salvage Drone
--> Boiling Earth
    Ondu Greathorn
    Skitterskin
    Mountain

Pack 1 pick 11:
    Giant Mantis
    Boiling Earth
--> Valakut Predator
    Slab Hammer
    Swamp

Pack 1 pick 12:
    Earthen Arms
    Goblin War Paint
--> Jaddi Offshoot
    Plains

Pack 1 pick 13:
    Reclaiming Vines
--> Hedron Blade
    Island

Pack 1 pick 14:
--> Volcanic Upheaval
    Mountain

Pack 1 pick 15:
--> Mountain

------ BFZ ------ 

Pack 2 pick 1:
    Territorial Baloth
    Roilmage's Trick
    Dutiful Return
    Radiant Flames
    Stone Haven Medic
    Shatterskull Recruit
    Ghostly Sentinel
    Benthic Infiltrator
    Makindi Sliderunner
    Smite the Monstrous
    Kor Bladewhirl
    Windrider Patrol
    Retreat to Kazandu
--> Brutal Expulsion
    Plains

Pack 2 pick 2:
    Nirkana Assassin
    Seek the Wilds
    Oracle of Dust
    Altar's Reap
    Shatterskull Recruit
    Kor Castigator
    Valakut Predator
    Sheer Drop
    Hedron Blade
--> Retreat to Emeria
    Angel of Renewal
    Retreat to Kazandu
    Shrine of the Forsaken Gods
    Plains

Pack 2 pick 3:
    Roilmage's Trick
    Swarm Surge
    Tajuru Stalwart
    Incubator Drone
    Kor Castigator
    Sure Strike
--> Valakut Predator
    Sheer Drop
    Hedron Blade
    Brood Monitor
    Crumble to Dust
    Gruesome Slaughter
    Island

Pack 2 pick 4:
    Swarm Surge
    Voracious Null
    Lavastep Raider
    Cliffside Lookout
    Goblin War Paint
    Tandem Tactics
    Vestige of Emrakul
    Ghostly Sentinel
    Skitterskin
    Tide Drifter
--> Felidar Sovereign
    Plains

Pack 2 pick 5:
    Swell of Growth
    Dispel
    Snapping Gnarlid
    Scour from Existence
    Tajuru Beastmaster
    Boiling Earth
    Makindi Patrol
    Drana's Emissary
--> Chasm Guide
    Blighted Woodland
    Mountain

Pack 2 pick 6:
    Seek the Wilds
    Oracle of Dust
    Grave Birthing
    Broodhunter Wurm
    Spell Shrivel
--> Reckless Cohort
    Stone Haven Medic
    Brood Monitor
    Prism Array
    Swamp

Pack 2 pick 7:
    Plummet
    Kalastria Healer
    Cliffside Lookout
    Ondu Greathorn
    Dominator Drone
    Ondu Champion
--> Tunneling Geopede
    Titan's Presence
    Mountain

Pack 2 pick 8:
    Territorial Baloth
    Mortuary Mire
    Looming Spires
    Eyeless Watcher
--> Sure Strike
    Plated Crusher
    March from the Tomb
    Forest

Pack 2 pick 9:
    Territorial Baloth
    Roilmage's Trick
    Dutiful Return
    Stone Haven Medic
--> Smite the Monstrous
    Retreat to Kazandu
    Plains

Pack 2 pick 10:
    Seek the Wilds
    Altar's Reap
--> Shatterskull Recruit
    Hedron Blade
    Retreat to Kazandu
    Plains

Pack 2 pick 11:
--> Sure Strike
    Hedron Blade
    Brood Monitor
    Crumble to Dust
    Island

Pack 2 pick 12:
    Voracious Null
    Lavastep Raider
    Goblin War Paint
--> Tandem Tactics

Pack 2 pick 13:
    Swell of Growth
--> Dispel
    Snapping Gnarlid

Pack 2 pick 14:
--> Seek the Wilds
    Swamp

Pack 2 pick 15:
--> Plains

------ BFZ ------ 

Pack 3 pick 1:
    Earthen Arms
    Murk Strider
    Sludge Crawler
    Plummet
    Angelic Gift
    Lavastep Raider
    Benthic Infiltrator
    Vestige of Emrakul
    Gideon's Reproach
--> Touch of the Void
    Retreat to Coralhelm
    Spawning Bed
    Tunneling Geopede
    Sanctum of Ugin
    Island

Pack 3 pick 2:
    Anticipate
    Mind Raker
    Territorial Baloth
    Inspired Charge
    Makindi Patrol
    Nettle Drone
--> Valakut Predator
    Lifespring Druid
    Valakut Invoker
    Slab Hammer
    Void Attendant
    Forerunner of Slaughter
    Aligned Hedron Network
    Forest

Pack 3 pick 3:
    Oran-Rief Invoker
    Brilliant Spectrum
    Natural Connection
    Eldrazi Devastator
    Demon's Grasp
    Looming Spires
    Fertile Thicket
--> Outnumber
    Kitesail Scout
    Blighted Cataract
    Vampiric Rites
    Dust Stalker
    Plains

Pack 3 pick 4:
    Earthen Arms
    Murk Strider
    Wave-Wing Elemental
--> Evolving Wilds
    Silent Skimmer
    Natural Connection
    Unnatural Aggression
    Lavastep Raider
    Fortified Rampart
    Scythe Leopard
    Smoldering Marsh
    Mountain

Pack 3 pick 5:
    Call the Scions
    Roilmage's Trick
    Swarm Surge
    Tajuru Stalwart
    Goblin War Paint
    Touch of the Void
    Kozilek's Channeler
    Sylvan Scrying
    Bloodbond Vampire
--> Prairie Stream
    Forest

Pack 3 pick 6:
    Reclaiming Vines
    Skyline Cascade
    Eyeless Watcher
    Silent Skimmer
    Mortuary Mire
    Belligerent Whiptail
    Crumble to Dust
--> Chasm Guide
    Brutal Expulsion
    Plains

Pack 3 pick 7:
    Brilliant Spectrum
    Altar's Reap
    Skyline Cascade
    Bone Splinters
    Broodhunter Wurm
    Mortuary Mire
    Shatterskull Recruit
--> Felidar Cub
    Forest

Pack 3 pick 8:
    Oran-Rief Invoker
    Mind Raker
    Territorial Baloth
    Reckless Cohort
    Inspired Charge
--> Makindi Sliderunner
    Retreat to Coralhelm
    Island

Pack 3 pick 9:
    Earthen Arms
    Angelic Gift
    Lavastep Raider
    Retreat to Coralhelm
--> Tunneling Geopede
    Sanctum of Ugin
    Island

Pack 3 pick 10:
    Territorial Baloth
    Inspired Charge
    Valakut Invoker
--> Slab Hammer
    Void Attendant
    Forest

Pack 3 pick 11:
    Natural Connection
--> Looming Spires
    Fertile Thicket
    Kitesail Scout
    Plains

Pack 3 pick 12:
    Earthen Arms
    Natural Connection
--> Lavastep Raider
    Mountain

Pack 3 pick 13:
--> Goblin War Paint
    Sylvan Scrying
    Forest

Pack 3 pick 14:
--> Crumble to Dust
    Plains

Pack 3 pick 15:
--> Forest

