Event #: 9035996
Time:    11/15/2015 10:38:01 PM
Players:
    Arameo
--> somanymatts
    Hellacool135
    Lord0fHam
    magiclaszlo
    Mw9k
    LadyP
    Saglttarlus

------ ORI ------ 

Pack 1 pick 1:
    Infectious Bloodlust
    Akroan Jailer
    Thornbow Archer
    Cobblebrute
    Disperse
    Hitchclaw Recluse
    Mantle of Webs
    Stalwart Aven
    Guardian Automaton
    Fiery Impulse
    Brawler's Plate
    Sphinx's Tutelage
--> Zendikar's Roil
    Chandra's Ignition
    Island

Pack 1 pick 2:
    Grasp of the Hieromancer
    Nightsnare
    Kytheon's Tactics
    Evolving Wilds
    Titan's Strength
    Read the Bones
    Nissa's Pilgrimage
    Watercourser
    Aerial Volley
    Necromantic Summons
    Gather the Pack
--> Shaman of the Pack
    Sigil of the Empty Throne
    Forest

Pack 1 pick 3:
    Mighty Leap
    Macabre Waltz
    Volcanic Rambler
    Ampryn Tactician
    Aspiring Aeronaut
    Wild Instincts
    Alchemist's Vial
    Nantuko Husk
    Bellows Lizard
    Mage-Ring Network
--> Jhessian Thief
    Enthralling Victor
    Plains

Pack 1 pick 4:
    Nightsnare
    Demolish
    Auramancer
    Lightning Javelin
    Shambling Ghoul
    Calculated Dismissal
--> Rhox Maulers
    Caustic Caterpillar
    Send to Sleep
    Magmatic Insight
    Eyeblight Massacre
    Forest

Pack 1 pick 5:
    Mage-Ring Bully
    Enlightened Ascetic
    Firefiend Elemental
    Rabid Bloodsucker
    Scrapskin Drake
    Reclaim
    Bone to Ash
    Aerial Volley
--> Conclave Naturalists
    Consecrated by Blood
    Island

Pack 1 pick 6:
    Infernal Scarring
    Dragon Fodder
    Veteran's Sidearm
    Undead Servant
    Vine Snare
    Might of the Masses
    Screeching Skaab
    Meteorite
--> Angel's Tomb
    Swamp

Pack 1 pick 7:
    Cobblebrute
    Maritime Guard
    Hitchclaw Recluse
--> Negate
    Vastwood Gorger
    Mountain
    Brawler's Plate
    Malakir Cullblade
    Island

Pack 1 pick 8:
    Smash to Smithereens
    Heavy Infantry
    Bonded Construct
    Prickleboar
    Screeching Skaab
--> Titanic Growth
    Psychic Rebuttal
    Island

Pack 1 pick 9:
    Akroan Jailer
    Cobblebrute
    Hitchclaw Recluse
    Mantle of Webs
--> Guardian Automaton
    Brawler's Plate
    Island

Pack 1 pick 10:
    Nightsnare
    Titan's Strength
    Nissa's Pilgrimage
    Necromantic Summons
--> Gather the Pack
    Forest

Pack 1 pick 11:
    Macabre Waltz
--> Volcanic Rambler
    Bellows Lizard
    Mage-Ring Network
    Plains

Pack 1 pick 12:
    Nightsnare
    Demolish
--> Caustic Caterpillar
    Forest

Pack 1 pick 13:
--> Reclaim
    Consecrated by Blood
    Island

Pack 1 pick 14:
--> Infernal Scarring
    Swamp

Pack 1 pick 15:
--> Island

------ ORI ------ 

Pack 2 pick 1:
    Infectious Bloodlust
    Akroan Jailer
    Heavy Infantry
    Bonded Construct
    Prickleboar
    Reave Soul
    Faerie Miscreant
    Llanowar Empath
    Nivix Barrier
    Timberpack Wolf
    Valor in Akros
    Runed Servitor
    Reclusive Artificer
--> Jace, Vryn's Prodigy
    Swamp

Pack 2 pick 2:
    Auramancer
    Infectious Bloodlust
    Enshrouding Mist
    Disperse
    Mighty Leap
    Guardian Automaton
    Leaf Gilder
    Alchemist's Vial
    Ringwarden Owl
    Blood-Cursed Knight
    Clash of Wills
    Throwing Knife
--> Outland Colossus
    Plains

Pack 2 pick 3:
    Dragon Fodder
    Dark Dabbling
    Cleric of the Forward Order
    Lightning Javelin
    Shambling Ghoul
    Calculated Dismissal
    Maritime Guard
    Infernal Scarring
--> Joraga Invocation
    Zendikar Incarnate
    Shaman of the Pack
    Despoiler of Souls
    Island

Pack 2 pick 4:
    Volcanic Rambler
    Infernal Scarring
    Heavy Infantry
    Prickleboar
    Prism Ring
    Dreadwaters
    Rhox Maulers
--> Artificer's Epiphany
    Might of the Masses
    Blazing Hellhound
    Revenant
    Plains

Pack 2 pick 5:
    Infernal Scarring
    Mage-Ring Bully
    Healing Hands
    Deadbridge Shaman
    Caustic Caterpillar
    Returned Centaur
--> Soulblade Djinn
    Mantle of Webs
    Possessed Skaab
    Enthralling Victor
    Swamp

Pack 2 pick 6:
    Nightsnare
    Kytheon's Tactics
--> Undead Servant
    Dreadwaters
    Nissa's Pilgrimage
    Aerial Volley
    Maritime Guard
    Magmatic Insight
    Revenant
    Island

Pack 2 pick 7:
    Catacomb Slug
    Demolish
    Aven Battle Priest
    Hitchclaw Recluse
--> Bone to Ash
    Alchemist's Vial
    Fiery Conclusion
    Tainted Remedy
    Plains

Pack 2 pick 8:
    Macabre Waltz
    Act of Treason
    Enlightened Ascetic
--> Separatist Voidmage
    Reclaim
    Nivix Barrier
    Call of the Full Moon
    Plains

Pack 2 pick 9:
    Infectious Bloodlust
    Akroan Jailer
    Heavy Infantry
    Prickleboar
--> Nivix Barrier
    Valor in Akros
    Swamp

Pack 2 pick 10:
    Infectious Bloodlust
    Mighty Leap
    Guardian Automaton
    Alchemist's Vial
--> Ringwarden Owl
    Plains

Pack 2 pick 11:
    Dark Dabbling
--> Calculated Dismissal
    Maritime Guard
    Infernal Scarring
    Island

Pack 2 pick 12:
    Heavy Infantry
    Prism Ring
--> Revenant
    Plains

Pack 2 pick 13:
    Infernal Scarring
--> Mantle of Webs
    Swamp

Pack 2 pick 14:
--> Dreadwaters
    Island

Pack 2 pick 15:
--> Plains

------ ORI ------ 

Pack 3 pick 1:
    Healing Hands
    Infernal Scarring
    Dragon Fodder
    Enlightened Ascetic
    Firefiend Elemental
    Rabid Bloodsucker
    Scrapskin Drake
    Reclaim
    Send to Sleep
    Might of the Masses
    Ghirapur Æther Grid
--> Valeron Wardens
    Sentinel of the Eternal Watch
    Nissa's Revelation
    Mountain

Pack 3 pick 2:
    Dragon Fodder
    Celestial Flare
    Suppression Bonds
    Veteran's Sidearm
    Titan's Strength
    Read the Bones
    Calculated Dismissal
    Elvish Visionary
    Timberpack Wolf
    Stratus Walk
--> Clash of Wills
    Conclave Naturalists
    Vryn Wingmare
    Swamp

Pack 3 pick 3:
    Charging Griffin
    Catacomb Slug
    Subterranean Scout
    Enlightened Ascetic
    Firefiend Elemental
    Rabid Bloodsucker
--> Scrapskin Drake
    Reclaim
    Artificer's Epiphany
    Might of the Masses
    Tormented Thoughts
    Murder Investigation
    Plains

Pack 3 pick 4:
    Thornbow Archer
    Cobblebrute
    Weight of the Underworld
    Bone to Ash
    Pharika's Disciple
    Screeching Skaab
    Titan's Strength
--> Wild Instincts
    Gather the Pack
    Ramroller
    Honored Hierarch
    Mountain

Pack 3 pick 5:
    Volcanic Rambler
    Mighty Leap
    Veteran's Sidearm
    Firefiend Elemental
    Undead Servant
    Tormented Thoughts
    Send to Sleep
--> Consecrated by Blood
    Zendikar's Roil
    Helm of the Gods
    Island

Pack 3 pick 6:
    Macabre Waltz
    Act of Treason
    Celestial Flare
    Aspiring Aeronaut
    Elvish Visionary
    Returned Centaur
    Mantle of Webs
    Meteorite
--> Yavimaya Coast
    Forest

Pack 3 pick 7:
    Enshrouding Mist
    Eyeblight Assassin
    Kytheon's Tactics
    Nissa's Pilgrimage
    Negate
    Vastwood Gorger
    Brawler's Plate
--> Herald of the Pantheon
    Swamp

Pack 3 pick 8:
    Catacomb Slug
    Subterranean Scout
--> Stratus Walk
    Vastwood Gorger
    Bellows Lizard
    Prism Ring
    Mage-Ring Network
    Forest

Pack 3 pick 9:
    Healing Hands
    Infernal Scarring
--> Firefiend Elemental
    Reclaim
    Send to Sleep
    Ghirapur Æther Grid
    Mountain

Pack 3 pick 10:
--> Celestial Flare
    Veteran's Sidearm
    Calculated Dismissal
    Timberpack Wolf
    Stratus Walk
    Swamp

Pack 3 pick 11:
    Catacomb Slug
    Reclaim
--> Might of the Masses
    Tormented Thoughts
    Plains

Pack 3 pick 12:
    Cobblebrute
    Titan's Strength
--> Gather the Pack
    Mountain

Pack 3 pick 13:
    Undead Servant
--> Tormented Thoughts
    Island

Pack 3 pick 14:
--> Macabre Waltz
    Forest

Pack 3 pick 15:
--> Swamp

