Event #: 9037080
Time:    11/16/2015 10:43:04 AM
Players:
    Ferrorn
    bbi-k2o
    PlanarSnap
    Inez
    van_halen_1
--> rhymeswithsmosh
    Hirntoeter
    dknowle

------ BFZ ------ 

Pack 1 pick 1:
    Altar's Reap
    Plummet
    Snapping Gnarlid
    Spell Shrivel
--> Complete Disregard
    Scour from Existence
    Tajuru Beastmaster
    Wave-Wing Elemental
    Sure Strike
    Felidar Cub
    Titan's Presence
    Adverse Conditions
    Rising Miasma
    Gruesome Slaughter
    Plains

Pack 1 pick 2:
    Dutiful Return
    Swell of Growth
    Dispel
    Kalastria Nightwatch
    Belligerent Whiptail
    Kor Castigator
    Valakut Invoker
    Shadow Glider
    Kalastria Nightwatch
    Stonefury
    Firemantle Mage
--> Zulaport Cutthroat
    March from the Tomb
    Plains

Pack 1 pick 3:
    Dispel
    Territorial Baloth
    Geyserfield Stalker
    Cloud Manta
    Sandstone Bridge
    Tajuru Beastmaster
    Demon's Grasp
    Kitesail Scout
    Belligerent Whiptail
    Horribly Awry
    Processor Assault
--> Hagra Sharpshooter
    Swamp

Pack 1 pick 4:
    Swarm Surge
    Tajuru Stalwart
    Incubator Drone
    Culling Drone
    Reckless Cohort
    Inspired Charge
--> Dominator Drone
    Valakut Predator
    Hedron Blade
    Ondu Rising
    Retreat to Valakut
    Mountain

Pack 1 pick 5:
    Swarm Surge
    Call the Scions
    Skyline Cascade
    Rush of Ice
--> Silent Skimmer
    Mortuary Mire
    Natural Connection
    Reckless Cohort
    Stone Haven Medic
    Void Attendant
    Plains

Pack 1 pick 6:
--> Valakut Predator
    Blisterpod
    Oracle of Dust
    Voracious Null
    Goblin War Paint
    Tandem Tactics
    Ghostly Sentinel
    Makindi Sliderunner
    Smite the Monstrous
    Swamp

Pack 1 pick 7:
    Territorial Baloth
    Roilmage's Trick
    Dutiful Return
    Rush of Ice
    Natural Connection
    Unnatural Aggression
--> Cliffside Lookout
    Grovetender Druids
    Swamp

Pack 1 pick 8:
--> Kalastria Nightwatch
    Skyline Cascade
    Mortuary Mire
    Natural Connection
    Angelic Gift
    Lavastep Raider
    Infuse with the Elements
    Forest

Pack 1 pick 9:
    Altar's Reap
    Plummet
--> Snapping Gnarlid
    Scour from Existence
    Wave-Wing Elemental
    Felidar Cub
    Plains

Pack 1 pick 10:
    Dutiful Return
    Swell of Growth
    Dispel
    Kalastria Nightwatch
--> Valakut Invoker
    Plains

Pack 1 pick 11:
    Dispel
    Geyserfield Stalker
--> Sandstone Bridge
    Kitesail Scout
    Swamp

Pack 1 pick 12:
--> Reckless Cohort
    Inspired Charge
    Hedron Blade
    Mountain

Pack 1 pick 13:
--> Skyline Cascade
    Reckless Cohort
    Plains

Pack 1 pick 14:
--> Voracious Null
    Swamp

Pack 1 pick 15:
--> Swamp

------ BFZ ------ 

Pack 2 pick 1:
    Tajuru Stalwart
    Incubator Drone
    Culling Drone
    Evolving Wilds
    Silent Skimmer
    Rush of Ice
    Natural Connection
    Unnatural Aggression
    Cliffside Lookout
    Volcanic Upheaval
    Turn Against
--> Bloodbond Vampire
    Sylvan Scrying
    Beastcaller Savant
    Swamp

Pack 2 pick 2:
    Territorial Baloth
    Kalastria Nightwatch
    Swell of Growth
    Volcanic Upheaval
    Tandem Tactics
    Valakut Invoker
    Ondu Greathorn
    Dominator Drone
    Ondu Champion
--> Pilgrim's Eye
    Roil's Retribution
    Void Attendant
    Shrine of the Forsaken Gods
    Mountain

Pack 2 pick 3:
    Anticipate
    Mind Raker
    Territorial Baloth
    Roilmage's Trick
    Lavastep Raider
    Cliffside Lookout
    Goblin War Paint
    Tandem Tactics
    Lifespring Druid
    Molten Nursery
    Murasa Ranger
--> Resolute Blademaster
    Island

Pack 2 pick 4:
    Mire's Malice
    Hedron Blade
    Bone Splinters
    Unnatural Aggression
    Sandstone Bridge
    Cloud Manta
    Scour from Existence
    Fortified Rampart
--> Angel of Renewal
    Bane of Bala Ged
    Radiant Flames
    Island

Pack 2 pick 5:
    Oran-Rief Invoker
    Brilliant Spectrum
    Nirkana Assassin
    Seek the Wilds
    Volcanic Upheaval
--> Stone Haven Medic
    Kozilek's Channeler
    Makindi Sliderunner
    Hagra Sharpshooter
    Blighted Fen
    Forest

Pack 2 pick 6:
    Reclaiming Vines
    Salvage Drone
    Swarm Surge
    Felidar Cub
    Kozilek's Sentinel
    Valakut Predator
    Processor Assault
--> Rising Miasma
    Titan's Presence
    Mountain

Pack 2 pick 7:
--> Shadow Glider
    Oracle of Dust
    Voracious Null
    Felidar Cub
    Boiling Earth
    Hedron Blade
    Retreat to Kazandu
    Blighted Cataract
    Plains

Pack 2 pick 8:
    Tightening Coils
    Eldrazi Devastator
    Looming Spires
    Fertile Thicket
    Lavastep Raider
--> Blighted Fen
    Ulamog's Despoiler
    Mountain

Pack 2 pick 9:
    Culling Drone
    Rush of Ice
    Natural Connection
    Unnatural Aggression
--> Cliffside Lookout
    Volcanic Upheaval
    Swamp

Pack 2 pick 10:
--> Kalastria Nightwatch
    Swell of Growth
    Volcanic Upheaval
    Ondu Greathorn
    Ondu Champion
    Mountain

Pack 2 pick 11:
    Territorial Baloth
    Lavastep Raider
    Goblin War Paint
--> Tandem Tactics
    Island

Pack 2 pick 12:
--> Mire's Malice
    Hedron Blade
    Fortified Rampart
    Island

Pack 2 pick 13:
    Seek the Wilds
--> Volcanic Upheaval
    Forest

Pack 2 pick 14:
--> Processor Assault
    Mountain

Pack 2 pick 15:
--> Plains

------ BFZ ------ 

Pack 3 pick 1:
    Kalastria Nightwatch
    Earthen Arms
    Murk Strider
    Sludge Crawler
    Shatterskull Recruit
    Kor Castigator
    Sure Strike
    Gideon's Reproach
    Vestige of Emrakul
    Ghostly Sentinel
    Akoum Stonewaker
--> Grip of Desolation
    Slab Hammer
    Endless One
    Plains

Pack 3 pick 2:
    Altar's Reap
    Call the Scions
    Roilmage's Trick
    Swarm Surge
    Swamp
    Kozilek's Sentinel
    Valakut Invoker
--> Courier Griffin
    Benthic Infiltrator
    Touch of the Void
    Tide Drifter
    Brood Monitor
    Serpentine Spike
    Swamp

Pack 3 pick 3:
    Seek the Wilds
    Coralhelm Guide
    Snapping Gnarlid
    Spell Shrivel
    Scour from Existence
    Tajuru Beastmaster
    Wave-Wing Elemental
    Nettle Drone
    Cliffside Lookout
    Scythe Leopard
    Grovetender Druids
--> Encircling Fissure
    Mountain

Pack 3 pick 4:
    Dutiful Return
    Blisterpod
--> Evolving Wilds
    Silent Skimmer
    Rush of Ice
    Natural Connection
    Unnatural Aggression
    Shatterskull Recruit
    Felidar Cub
    Jaddi Offshoot
    Prism Array
    Mountain

Pack 3 pick 5:
    Brilliant Spectrum
    Nirkana Assassin
    Seek the Wilds
    Oracle of Dust
    Makindi Patrol
    Lavastep Raider
    Stonefury
    Ghostly Sentinel
    Unified Front
--> Kor Bladewhirl
    Mountain

Pack 3 pick 6:
    Mire's Malice
    Tajuru Stalwart
    Cliffside Lookout
    Outnumber
    Makindi Sliderunner
--> Smite the Monstrous
    Vestige of Emrakul
    Murasa Ranger
    Skyrider Elf
    Forest

Pack 3 pick 7:
    Earthen Arms
    Incubator Drone
--> Kalastria Healer
    Skyline Cascade
    Bone Splinters
    Broodhunter Wurm
    Tandem Tactics
    Sure Strike
    Mountain

Pack 3 pick 8:
    Nirkana Assassin
    Mind Raker
    Angelic Gift
    Belligerent Whiptail
--> Stone Haven Medic
    Shadow Glider
    Crumble to Dust
    Mountain

Pack 3 pick 9:
    Earthen Arms
--> Kor Castigator
    Sure Strike
    Vestige of Emrakul
    Ghostly Sentinel
    Slab Hammer
    Plains

Pack 3 pick 10:
    Altar's Reap
    Call the Scions
--> Swarm Surge
    Swamp
    Valakut Invoker
    Swamp

Pack 3 pick 11:
    Scour from Existence
    Wave-Wing Elemental
    Scythe Leopard
--> Grovetender Druids
    Mountain

Pack 3 pick 12:
--> Dutiful Return
    Natural Connection
    Unnatural Aggression
    Mountain

Pack 3 pick 13:
    Brilliant Spectrum
--> Nirkana Assassin
    Mountain

Pack 3 pick 14:
--> Cliffside Lookout
    Forest

Pack 3 pick 15:
--> Mountain

