Event #: 9042151
Time:    17.11.2015 20:50:09
Players:
    wannawin_yetcant
    SirCrovax2
--> Pascal3000
    Soltari84
    total_tool
    WCat_PL
    OlleR
    Hfgripkey

------ ORI ------ 

Pack 1 pick 1:
    Enshrouding Mist
    Weight of the Underworld
    Akroan Sergeant
    Charging Griffin
    Titanic Growth
    Send to Sleep
    Guardian Automaton
--> Fiery Impulse
    Knight of the Pilgrim's Road
    Unholy Hunger
    Consecrated by Blood
    Blood-Cursed Knight
    Skyraker Giant
    Vryn Wingmare
    Island

Pack 1 pick 2:
    Touch of Moonglove
--> Subterranean Scout
    Akroan Jailer
    Read the Bones
    Faerie Miscreant
    Nissa's Pilgrimage
    Enlightened Ascetic
    Send to Sleep
    Caustic Caterpillar
    Angel's Tomb
    Malakir Cullblade
    Rogue's Passage
    Despoiler of Souls
    Island

Pack 1 pick 3:
    Catacomb Slug
    Subterranean Scout
    Auramancer
    Undead Servant
    Scrapskin Drake
    Vine Snare
    Cleric of the Forward Order
--> Lightning Javelin
    Caustic Caterpillar
    Aspiring Aeronaut
    Valor in Akros
    Jayemdae Tome
    Swamp

Pack 1 pick 4:
    Celestial Flare
    Dark Dabbling
    Infectious Bloodlust
    Akroan Jailer
    Pharika's Disciple
    Watercourser
    Nivix Barrier
    Mantle of Webs
    Elemental Bond
    War Horn
--> Foundry of the Consuls
    Forest

Pack 1 pick 5:
    Infectious Bloodlust
    Akroan Jailer
    Thornbow Archer
    Cobblebrute
    Caustic Caterpillar
    Titanic Growth
    Disperse
    Unholy Hunger
--> Valeron Wardens
    Herald of the Pantheon
    Plains

Pack 1 pick 6:
--> Subterranean Scout
    Auramancer
    Touch of Moonglove
    Act of Treason
    Aerial Volley
    Bone to Ash
    Claustrophobia
    Guardians of Meletis
    Tormented Thoughts
    Mountain

Pack 1 pick 7:
    Chandra's Fury
    Macabre Waltz
    Vine Snare
    Heavy Infantry
    Caustic Caterpillar
    Send to Sleep
    Psychic Rebuttal
--> Anchor to the Æther
    Swamp

Pack 1 pick 8:
    Healing Hands
    Infernal Scarring
    Vastwood Gorger
--> Nantuko Husk
    Deep-Sea Terror
    Murder Investigation
    Elemental Bond
    Island

Pack 1 pick 9:
    Charging Griffin
--> Titanic Growth
    Send to Sleep
    Guardian Automaton
    Consecrated by Blood
    Vryn Wingmare
    Island

Pack 1 pick 10:
    Akroan Jailer
    Nissa's Pilgrimage
    Enlightened Ascetic
    Send to Sleep
--> Caustic Caterpillar
    Island

Pack 1 pick 11:
    Catacomb Slug
--> Undead Servant
    Vine Snare
    Jayemdae Tome
    Swamp

Pack 1 pick 12:
    Nivix Barrier
--> Mantle of Webs
    Elemental Bond
    Forest

Pack 1 pick 13:
--> Thornbow Archer
    Caustic Caterpillar
    Plains

Pack 1 pick 14:
--> Aerial Volley
    Mountain

Pack 1 pick 15:
--> Swamp

------ ORI ------ 

Pack 2 pick 1:
    Touch of Moonglove
    Act of Treason
    Shambling Ghoul
    Calculated Dismissal
    Rhox Maulers
    Heavy Infantry
    Bonded Construct
    Prickleboar
    Yeva's Forcemage
    Negate
    Tormented Thoughts
--> Zendikar Incarnate
    Turn to Frog
    Willbreaker
    Mountain

Pack 2 pick 2:
    Nightsnare
    Dragon Fodder
    Dark Dabbling
    Vastwood Gorger
    Artificer's Epiphany
    Ringwarden Owl
    Mantle of Webs
--> Boggart Brute
    Alchemist's Vial
    Meteorite
    Gnarlroot Trapper
    Fleshbag Marauder
    Alhammarret, High Arbiter
    Plains

Pack 2 pick 3:
    Smash to Smithereens
    Ampryn Tactician
    Rabid Bloodsucker
--> Separatist Voidmage
    Reclaim
    Suppression Bonds
    Veteran's Sidearm
    Firefiend Elemental
    Hitchclaw Recluse
    Nivix Barrier
    Mage-Ring Network
    Shaman of the Pack
    Island

Pack 2 pick 4:
    Thornbow Archer
    Cobblebrute
    Rabid Bloodsucker
--> Separatist Voidmage
    Reclaim
    Veteran's Sidearm
    Firefiend Elemental
    Might of the Masses
    Screeching Skaab
    Murder Investigation
    Honored Hierarch
    Plains

Pack 2 pick 5:
    Touch of Moonglove
--> Subterranean Scout
    Akroan Jailer
    Dark Dabbling
    Vastwood Gorger
    Disperse
    Deep-Sea Terror
    Guardians of Meletis
    Brawler's Plate
    Zendikar's Roil
    Island

Pack 2 pick 6:
    Infernal Scarring
    Dragon Fodder
    Undead Servant
    Dreadwaters
    Nissa's Pilgrimage
    Veteran's Sidearm
--> Titan's Strength
    Aerial Volley
    Thunderclap Wyvern
    Island

Pack 2 pick 7:
    Weight of the Underworld
--> Akroan Sergeant
    Faerie Miscreant
    Llanowar Empath
    Kytheon's Tactics
    Orchard Spirit
    Send to Sleep
    Foundry of the Consuls
    Island

Pack 2 pick 8:
    Demolish
    Aven Battle Priest
    Undead Servant
--> Scrapskin Drake
    Vine Snare
    Pharika's Disciple
    Screeching Skaab
    Mountain

Pack 2 pick 9:
    Touch of Moonglove
    Calculated Dismissal
    Heavy Infantry
--> Yeva's Forcemage
    Negate
    Tormented Thoughts
    Mountain

Pack 2 pick 10:
    Dark Dabbling
    Vastwood Gorger
--> Ringwarden Owl
    Mantle of Webs
    Gnarlroot Trapper
    Plains

Pack 2 pick 11:
--> Smash to Smithereens
    Rabid Bloodsucker
    Reclaim
    Nivix Barrier
    Island

Pack 2 pick 12:
--> Rabid Bloodsucker
    Reclaim
    Murder Investigation
    Plains

Pack 2 pick 13:
    Dark Dabbling
--> Deep-Sea Terror
    Island

Pack 2 pick 14:
--> Dreadwaters
    Island

Pack 2 pick 15:
--> Island

------ ORI ------ 

Pack 3 pick 1:
    Cobblebrute
    Enshrouding Mist
    Rabid Bloodsucker
    Scrapskin Drake
    Reclaim
    Cleric of the Forward Order
    Bonded Construct
--> Lightning Javelin
    Send to Sleep
    Yeva's Forcemage
    Call of the Full Moon
    Thopter Engineer
    Blightcaster
    Alhammarret's Archive
    Swamp

Pack 3 pick 2:
    Nightsnare
    Dragon Fodder
    Celestial Flare
    Dark Dabbling
    Screeching Skaab
    Vastwood Gorger
    Knight of the Pilgrim's Road
    Unholy Hunger
    Deep-Sea Terror
    Wild Instincts
    Blazing Hellhound
    Shadows of the Past
--> Sword of the Animist
    Plains

Pack 3 pick 3:
    Weight of the Underworld
--> Akroan Sergeant
    Charging Griffin
    Catacomb Slug
    Watercourser
    Orchard Spirit
    Negate
    Aerial Volley
    Alchemist's Vial
    Nantuko Husk
    Elemental Bond
    Skyraker Giant
    Mountain

Pack 3 pick 4:
    Smash to Smithereens
    Healing Hands
    Infernal Scarring
    Dragon Fodder
    Screeching Skaab
    Elvish Visionary
    Boggart Brute
    Nantuko Husk
    Deep-Sea Terror
--> Ravaging Blaze
    Magmatic Insight
    Swamp

Pack 3 pick 5:
    Infernal Scarring
    Mage-Ring Bully
    Undead Servant
    Dreadwaters
    Nissa's Pilgrimage
    Veteran's Sidearm
    Artificer's Epiphany
    Timberpack Wolf
    Angel's Tomb
--> Runed Servitor
    Island

Pack 3 pick 6:
--> Akroan Sergeant
    Yoked Ox
    Calculated Dismissal
    Llanowar Empath
    Enlightened Ascetic
    Firefiend Elemental
    Elvish Visionary
    Prism Ring
    Eyeblight Massacre
    Mountain

Pack 3 pick 7:
    Nightsnare
    Demolish
    Read the Bones
    Calculated Dismissal
    Llanowar Empath
--> Titanic Growth
    Nivix Barrier
    Dark Petition
    Mountain

Pack 3 pick 8:
    Catacomb Slug
    Island
    Touch of Moonglove
    Bone to Ash
--> Aerial Volley
    Reclusive Artificer
    Bounding Krasis
    Plains

Pack 3 pick 9:
    Cobblebrute
    Rabid Bloodsucker
    Reclaim
--> Send to Sleep
    Yeva's Forcemage
    Call of the Full Moon
    Swamp

Pack 3 pick 10:
    Nightsnare
--> Dragon Fodder
    Dark Dabbling
    Vastwood Gorger
    Deep-Sea Terror
    Plains

Pack 3 pick 11:
    Orchard Spirit
--> Negate
    Aerial Volley
    Elemental Bond
    Mountain

Pack 3 pick 12:
    Smash to Smithereens
    Healing Hands
--> Magmatic Insight
    Swamp

Pack 3 pick 13:
    Dreadwaters
--> Nissa's Pilgrimage
    Island

Pack 3 pick 14:
--> Prism Ring
    Mountain

Pack 3 pick 15:
--> Mountain

