Event #: 9055277
Time:    11/20/2015 6:32:25 PM
Players:
    simon6115
    suNshiNe-beAr
    longfoe
    npauloff
    Garadon
    Steveo4680
--> somanymatts
    Mattt27

------ BFZ ------ 

Pack 1 pick 1:
    Tajuru Stalwart
    Incubator Drone
    Culling Drone
    Seek the Wilds
    Boiling Earth
    Lithomancer's Focus
    Ondu Champion
--> Sunken Hollow
    Vestige of Emrakul
    Ghostly Sentinel
    Ondu Rising
    Tajuru Warcaller
    Hedron Archive
    Ruinous Path
    Island

Pack 1 pick 2:
    Brilliant Spectrum
    Altar's Reap
    Call the Scions
    Tightening Coils
    Looming Spires
    Grave Birthing
    Eyeless Watcher
    Eldrazi Devastator
    Sure Strike
    Inspired Charge
    Akoum Stonewaker
--> Hagra Sharpshooter
    Ulamog's Reclaimer
    Island

Pack 1 pick 3:
--> Mind Raker
    Territorial Baloth
    Tightening Coils
    Looming Spires
    Grave Birthing
    Eyeless Watcher
    Eldrazi Devastator
    Boiling Earth
    Makindi Patrol
    Retreat to Valakut
    Retreat to Kazandu
    Prism Array
    Plains

Pack 1 pick 4:
    Kalastria Nightwatch
    Swell of Growth
    Wave-Wing Elemental
    Fertile Thicket
    Geyserfield Stalker
    Snapping Gnarlid
    Lavastep Raider
    Fortified Rampart
    Void Attendant
--> Breaker of Armies
    Molten Nursery
    Plains

Pack 1 pick 5:
    Voracious Null
    Oran-Rief Invoker
    Brilliant Spectrum
--> Spell Shrivel
    Scour from Existence
    Tajuru Beastmaster
    Wave-Wing Elemental
    Goblin War Paint
    Tandem Tactics
    Chasm Guide
    Swamp

Pack 1 pick 6:
    Territorial Baloth
    Roilmage's Trick
--> Rush of Ice
    Natural Connection
    Unnatural Aggression
    Kozilek's Sentinel
    Rising Miasma
    Jaddi Offshoot
    Spawning Bed
    Mountain

Pack 1 pick 7:
    Reclaiming Vines
    Giant Mantis
    Shatterskull Recruit
    Kor Castigator
--> Stonefury
    Ondu Greathorn
    Lifespring Druid
    Retreat to Valakut
    Forest

Pack 1 pick 8:
    Altar's Reap
    Plummet
    Inspired Charge
    Boiling Earth
    Ondu Greathorn
--> Tunneling Geopede
    Spawning Bed
    Swamp

Pack 1 pick 9:
    Tajuru Stalwart
    Seek the Wilds
    Boiling Earth
    Lithomancer's Focus
    Vestige of Emrakul
--> Ghostly Sentinel
    Island

Pack 1 pick 10:
    Altar's Reap
    Call the Scions
    Looming Spires
--> Eyeless Watcher
    Eldrazi Devastator
    Island

Pack 1 pick 11:
    Territorial Baloth
    Looming Spires
--> Eyeless Watcher
    Prism Array
    Plains

Pack 1 pick 12:
--> Swell of Growth
    Fertile Thicket
    Lavastep Raider
    Plains

Pack 1 pick 13:
--> Brilliant Spectrum
    Goblin War Paint
    Swamp

Pack 1 pick 14:
--> Roilmage's Trick
    Mountain

Pack 1 pick 15:
--> Forest

------ BFZ ------ 

Pack 2 pick 1:
    Salvage Drone
    Swarm Surge
    Call the Scions
    Murk Strider
    Reckless Cohort
    Stone Haven Medic
    Shatterskull Recruit
    Lithomancer's Focus
    Shadow Glider
    Stonefury
    Murasa Ranger
    Roil Spout
    Retreat to Hagra
--> Guardian of Tazeem
    Plains

Pack 2 pick 2:
    Dutiful Return
    Swell of Growth
    Dispel
    Kalastria Nightwatch
    Nettle Drone
    Fortified Rampart
    Touch of the Void
    Sheer Drop
    Kozilek's Channeler
    Spawning Bed
    Bane of Bala Ged
--> Stasis Snare
    Ally Encampment
    Forest

Pack 2 pick 3:
    Seek the Wilds
    Oracle of Dust
    Altar's Reap
    Skyline Cascade
    Eyeless Watcher
    Rush of Ice
--> Silent Skimmer
    Mortuary Mire
    Boiling Earth
    Lithomancer's Focus
    Scythe Leopard
    Encircling Fissure
    Mountain

Pack 2 pick 4:
    Coralhelm Guide
    Nirkana Assassin
    Oran-Rief Invoker
    Dispel
    Kozilek's Sentinel
    Inspired Charge
    Stonefury
    Ghostly Sentinel
    Zulaport Cutthroat
--> Roil's Retribution
    Blighted Gorge
    Plains

Pack 2 pick 5:
    Kalastria Healer
    Reclaiming Vines
    Swarm Surge
    Belligerent Whiptail
    Stone Haven Medic
    Volcanic Upheaval
    Tandem Tactics
    Shadow Glider
    Rising Miasma
--> Wasteland Strangler
    Swamp

Pack 2 pick 6:
    Giant Mantis
    Anticipate
    Mind Raker
--> Complete Disregard
    Scour from Existence
    Tajuru Beastmaster
    Volcanic Upheaval
    Stone Haven Medic
    Zulaport Cutthroat
    Mountain

Pack 2 pick 7:
    Earthen Arms
    Kalastria Healer
    Reclaiming Vines
    Belligerent Whiptail
    Valakut Invoker
--> Courier Griffin
    Molten Nursery
    Munda, Ambush Leader
    Plains

Pack 2 pick 8:
    Culling Drone
    Skyline Cascade
--> Bone Splinters
    Broodhunter Wurm
    Mortuary Mire
    Sure Strike
    Blighted Fen
    Plains

Pack 2 pick 9:
    Swarm Surge
    Call the Scions
    Reckless Cohort
--> Shatterskull Recruit
    Lithomancer's Focus
    Retreat to Hagra
    Plains

Pack 2 pick 10:
    Dutiful Return
    Dispel
    Fortified Rampart
--> Kozilek's Channeler
    Spawning Bed
    Forest

Pack 2 pick 11:
    Seek the Wilds
    Mortuary Mire
    Boiling Earth
--> Lithomancer's Focus
    Mountain

Pack 2 pick 12:
--> Nirkana Assassin
    Inspired Charge
    Blighted Gorge
    Plains

Pack 2 pick 13:
--> Swarm Surge
    Volcanic Upheaval
    Swamp

Pack 2 pick 14:
--> Volcanic Upheaval
    Mountain

Pack 2 pick 15:
--> Plains

------ BFZ ------ 

Pack 3 pick 1:
    Coralhelm Guide
    Nirkana Assassin
    Oran-Rief Invoker
    Hedron Blade
    Bone Splinters
    Unnatural Aggression
    Sandstone Bridge
    Cloud Manta
    Outnumber
    Fortified Rampart
--> Dampening Pulse
    Infuse with the Elements
    Grove Rumbler
    Nissa's Renewal
    Island

Pack 3 pick 2:
    Mist Intruder
    Dutiful Return
    Blisterpod
    Skyline Cascade
    Eyeless Watcher
    Rush of Ice
    Silent Skimmer
    Mortuary Mire
    Volcanic Upheaval
    Angelic Gift
--> Grip of Desolation
    Kor Entanglers
    Halimar Tidecaller
    Plains

Pack 3 pick 3:
--> Mist Intruder
    Dutiful Return
    Blisterpod
    Anticipate
    Nettle Drone
    Cliffside Lookout
    Smite the Monstrous
    Kozilek's Channeler
    Vestige of Emrakul
    Courier Griffin
    Cryptic Cruiser
    Firemantle Mage
    Swamp

Pack 3 pick 4:
    Mire's Malice
    Tajuru Stalwart
--> Clutch of Currents
    Culling Drone
    Reckless Cohort
    Inspired Charge
    Ondu Champion
    Vestige of Emrakul
    Grovetender Druids
    Vile Aggregate
    Horribly Awry
    Mountain

Pack 3 pick 5:
    Mire's Malice
    Giant Mantis
--> Wave-Wing Elemental
    Rush of Ice
    Natural Connection
    Unnatural Aggression
    Reckless Cohort
    Stone Haven Medic
    Chasm Guide
    Vampiric Rites
    Island

Pack 3 pick 6:
    Voracious Null
    Oran-Rief Invoker
    Brilliant Spectrum
    Goblin War Paint
    Kor Castigator
    Lifespring Druid
    Valakut Invoker
    Ondu Greathorn
--> Skitterskin
    Swamp

Pack 3 pick 7:
    Roilmage's Trick
    Swarm Surge
    Wave-Wing Elemental
    Fertile Thicket
--> Geyserfield Stalker
    Snapping Gnarlid
    Reckless Cohort
    Felidar Cub
    Island

Pack 3 pick 8:
--> Altar's Reap
    Call the Scions
    Roilmage's Trick
    Shatterskull Recruit
    Lithomancer's Focus
    Giant Mantis
    Infuse with the Elements
    Island

Pack 3 pick 9:
    Oran-Rief Invoker
    Hedron Blade
    Unnatural Aggression
    Sandstone Bridge
    Infuse with the Elements
--> Nissa's Renewal
    Island

Pack 3 pick 10:
    Blisterpod
--> Skyline Cascade
    Mortuary Mire
    Volcanic Upheaval
    Angelic Gift
    Plains

Pack 3 pick 11:
    Dutiful Return
    Blisterpod
--> Smite the Monstrous
    Vestige of Emrakul
    Swamp

Pack 3 pick 12:
--> Mire's Malice
    Inspired Charge
    Ondu Champion
    Mountain

Pack 3 pick 13:
--> Mire's Malice
    Giant Mantis
    Island

Pack 3 pick 14:
--> Brilliant Spectrum
    Swamp

Pack 3 pick 15:
--> Island

