Event #: 9224676
Time:    2016-01-03 15:31:04
Players:
    Dr_Macoler_
    NarsetMaster
    McRotzer
    StephenLBerry
    HerosFTW
    sutotak0222
--> los69
    Hussius

--: Windrider Patrol

--: Windrider Patrol

------ BFZ ------ 

Pack 1 pick 1:
    Kalastria Healer
    Blisterpod
    Oracle of Dust
    Voracious Null
    Nettle Drone
    Fortified Rampart
    Belligerent Whiptail
    Angelic Gift
    Hedron Blade
    Valakut Invoker
    Firemantle Mage
    Carrier Thrall
--> Windrider Patrol
    Dust Stalker
    Plains

--: Eldrazi Skyspawner

--: Eldrazi Skyspawner

Pack 1 pick 2:
    Mire's Malice
    Tajuru Stalwart
    Clutch of Currents
--> Eldrazi Skyspawner
    Hedron Blade
    Bone Splinters
    Unnatural Aggression
    Sandstone Bridge
    Goblin War Paint
    Kor Castigator
    Windrider Patrol
    Skitterskin
    Defiant Bloodlord
    Island

--: Painful Truths

Pack 1 pick 3:
    Dutiful Return
    Swell of Growth
    Dispel
    Ruin Processor
    Skyline Cascade
    Eyeless Watcher
    Rush of Ice
    Silent Skimmer
    Reckless Cohort
    Inspired Charge
    Rot Shambler
--> Painful Truths
    Plains

--: Evolving Wilds

--: Evolving Wilds

Pack 1 pick 4:
    Dispel
    Mind Raker
    Tajuru Beastmaster
--> Evolving Wilds
    Silent Skimmer
    Rush of Ice
    Natural Connection
    Goblin War Paint
    Tandem Tactics
    Spawning Bed
    Guul Draz Overseer
    Mountain

--: Touch of the Void

--: Touch of the Void

Pack 1 pick 5:
    Altar's Reap
    Call the Scions
    Roilmage's Trick
    Swarm Surge
    Outnumber
    Kitesail Scout
    Courier Griffin
--> Touch of the Void
    Shadow Glider
    Void Attendant
    Swamp

--: Beastcaller Savant

Pack 1 pick 6:
    Earthen Arms
    Reclaiming Vines
    Lavastep Raider
    Fortified Rampart
    Cliffside Lookout
    Pathway Arrows
    Unified Front
    Rot Shambler
--> Beastcaller Savant
    Forest

--: Kozilek's Sentinel

--: Kozilek's Sentinel

Pack 1 pick 7:
    Murk Strider
    Plummet
    Salvage Drone
--> Kozilek's Sentinel
    Dominator Drone
    Valakut Predator
    Sheer Drop
    Tunneling Geopede
    Plains

--: Blighted Gorge

--: Blighted Gorge

Pack 1 pick 8:
    Territorial Baloth
    Swell of Growth
    Ondu Greathorn
    Felidar Cub
    Ondu Champion
    Ghostly Sentinel
--> Blighted Gorge
    Forest

--: Firemantle Mage

--: Firemantle Mage

Pack 1 pick 9:
    Blisterpod
    Voracious Null
    Belligerent Whiptail
    Angelic Gift
    Hedron Blade
--> Firemantle Mage
    Plains

--: Defiant Bloodlord

--: Defiant Bloodlord

Pack 1 pick 10:
    Hedron Blade
    Unnatural Aggression
    Sandstone Bridge
    Goblin War Paint
--> Defiant Bloodlord
    Island

--: Swell of Growth

--: Reckless Cohort

Pack 1 pick 11:
    Dutiful Return
    Swell of Growth
    Dispel
--> Reckless Cohort
    Plains

--: Tandem Tactics

--: Tandem Tactics

Pack 1 pick 12:
    Natural Connection
    Goblin War Paint
--> Tandem Tactics
    Mountain

--: Roilmage's Trick

Pack 1 pick 13:
--> Roilmage's Trick
    Kitesail Scout
    Swamp

--: Earthen Arms

Pack 1 pick 14:
--> Earthen Arms
    Lavastep Raider

Pack 1 pick 15:
--> Plains

--: Eldrazi Skyspawner

--: Eldrazi Skyspawner

------ BFZ ------ 

Pack 2 pick 1:
    Nirkana Assassin
    Oran-Rief Invoker
    Dispel
--> Eldrazi Skyspawner
    Hedron Blade
    Bone Splinters
    Earthen Arms
    Sandstone Bridge
    Reckless Cohort
    Inspired Charge
    Murasa Ranger
    Drana's Emissary
    Retreat to Emeria
    Brood Butcher
    Swamp

--: Nettle Drone

Pack 2 pick 2:
    Murk Strider
    Plummet
    Tightening Coils
    Looming Spires
    Grave Birthing
    Eyeless Watcher
    Eldrazi Devastator
    Angelic Gift
--> Nettle Drone
    Scythe Leopard
    Grovetender Druids
    Roil Spout
    Noyan Dar, Roil Shaper
    Island

--: Skyrider Elf

--: Skyrider Elf

Pack 2 pick 3:
    Oracle of Dust
    Altar's Reap
    Plummet
    Ruin Processor
    Skyline Cascade
    Eyeless Watcher
    Rush of Ice
    Shatterskull Recruit
    Lithomancer's Focus
    Crumble to Dust
--> Skyrider Elf
    Lumbering Falls
    Forest

--: Sludge Crawler

--: Sludge Crawler

Pack 2 pick 4:
--> Sludge Crawler
    Earthen Arms
    Mortuary Mire
    Natural Connection
    Eldrazi Devastator
    Demon's Grasp
    Looming Spires
    Belligerent Whiptail
    Angelic Gift
    Vampiric Rites
    Shrine of the Forsaken Gods
    Mountain

--: Evolving Wilds

--: Evolving Wilds

Pack 2 pick 5:
    Roilmage's Trick
    Dutiful Return
    Wave-Wing Elemental
--> Evolving Wilds
    Rush of Ice
    Natural Connection
    Boiling Earth
    Makindi Patrol
    Blighted Cataract
    Hagra Sharpshooter
    Island

--: Bloodbond Vampire

--: Bloodbond Vampire

Pack 2 pick 6:
    Altar's Reap
    Call the Scions
    Roilmage's Trick
    Mortuary Mire
    Looming Spires
    Eyeless Watcher
    Brilliant Spectrum
    Kor Castigator
--> Bloodbond Vampire
    Plains

--: Tajuru Stalwart

--: Tajuru Stalwart

Pack 2 pick 7:
--> Tajuru Stalwart
    Unnatural Aggression
    Geyserfield Stalker
    Sandstone Bridge
    Tajuru Beastmaster
    Shatterskull Recruit
    Kor Castigator
    Murasa Ranger
    Swamp

--: Snapping Gnarlid

--: Snapping Gnarlid

Pack 2 pick 8:
    Voracious Null
    Reclaiming Vines
    Wave-Wing Elemental
    Fertile Thicket
    Geyserfield Stalker
--> Snapping Gnarlid
    Reckless Cohort
    Island

--: Oran-Rief Invoker

Pack 2 pick 9:
--> Oran-Rief Invoker
    Hedron Blade
    Earthen Arms
    Sandstone Bridge
    Reckless Cohort
    Inspired Charge
    Swamp

--: Grovetender Druids

--: Plummet

Pack 2 pick 10:
--> Plummet
    Looming Spires
    Angelic Gift
    Scythe Leopard
    Grovetender Druids
    Island

--: Plummet

Pack 2 pick 11:
--> Plummet
    Skyline Cascade
    Lithomancer's Focus
    Crumble to Dust
    Forest

--: Belligerent Whiptail

Pack 2 pick 12:
    Earthen Arms
    Looming Spires
--> Belligerent Whiptail
    Mountain

--: Boiling Earth

Pack 2 pick 13:
    Roilmage's Trick
--> Boiling Earth
    Island

--: Call the Scions

Pack 2 pick 14:
--> Call the Scions
    Plains

Pack 2 pick 15:
--> Swamp

--: Rolling Thunder

--: Rolling Thunder

------ BFZ ------ 

Pack 3 pick 1:
    Coralhelm Guide
    Nirkana Assassin
    Oran-Rief Invoker
    Dispel
    Inspired Charge
    Boiling Earth
    Lifespring Druid
    Malakir Familiar
    Sheer Drop
    Valakut Invoker
    Grove Rumbler
--> Rolling Thunder
    Spawning Bed
    Cinder Glade
    Plains

--: Dampening Pulse

--: Dampening Pulse

Pack 3 pick 2:
    Incubator Drone
    Culling Drone
    Seek the Wilds
    Forest
    Bone Splinters
    Unnatural Aggression
    Sandstone Bridge
    Felidar Cub
    Kozilek's Sentinel
    Retreat to Emeria
--> Dampening Pulse
    Zulaport Cutthroat
    Defiant Bloodlord
    Plains

--: Tajuru Warcaller

--: Tajuru Warcaller

Pack 3 pick 3:
    Mind Raker
    Territorial Baloth
    Cloud Manta
    Demon's Grasp
    Grave Birthing
    Broodhunter Wurm
    Spell Shrivel
    Complete Disregard
    Volcanic Upheaval
    Stone Haven Medic
    Molten Nursery
--> Tajuru Warcaller
    Swamp

--: Ruinous Path

--: Ruinous Path

Pack 3 pick 4:
    Roilmage's Trick
    Dutiful Return
    Demon's Grasp
    Skyline Cascade
    Ruin Processor
    Bone Splinters
    Broodhunter Wurm
    Makindi Patrol
    Ulamog's Despoiler
    Rising Miasma
--> Ruinous Path
    Forest

--: Touch of the Void

Pack 3 pick 5:
    Salvage Drone
    Blisterpod
    Oracle of Dust
    Kitesail Scout
    Belligerent Whiptail
--> Touch of the Void
    Shadow Glider
    Smite the Monstrous
    Crumble to Dust
    Plated Crusher
    Island

--: Infuse with the Elements

--: Infuse with the Elements

Pack 3 pick 6:
    Dutiful Return
    Blisterpod
    Anticipate
    Skyline Cascade
    Eyeless Watcher
    Rush of Ice
    Silent Skimmer
    Fortified Rampart
--> Infuse with the Elements
    Swamp

--: Tajuru Stalwart

--: Tajuru Stalwart

Pack 3 pick 7:
--> Tajuru Stalwart
    Giant Mantis
    Sure Strike
    Felidar Cub
    Stonefury
    Ghostly Sentinel
    Horribly Awry
    Processor Assault
    Island

--: Smite the Monstrous

--: Swell of Growth

--: Swell of Growth

Pack 3 pick 8:
--> Swell of Growth
    Dispel
    Earthen Arms
    Lavastep Raider
    Fortified Rampart
    Smite the Monstrous
    Expedition Envoy
    Island

--: Lifespring Druid

--: Lifespring Druid

Pack 3 pick 9:
    Nirkana Assassin
    Oran-Rief Invoker
    Dispel
    Inspired Charge
    Boiling Earth
--> Lifespring Druid
    Valakut Invoker

--: Unnatural Aggression

--: Unnatural Aggression

Pack 3 pick 10:
    Culling Drone
    Seek the Wilds
    Forest
--> Unnatural Aggression
    Sandstone Bridge
    Plains

--: Territorial Baloth

--: Territorial Baloth

Pack 3 pick 11:
    Mind Raker
--> Territorial Baloth
    Broodhunter Wurm
    Volcanic Upheaval
    Swamp

--: Broodhunter Wurm

Pack 3 pick 12:
    Roilmage's Trick
    Dutiful Return
--> Broodhunter Wurm
    Forest

--: Crumble to Dust

Pack 3 pick 13:
    Kitesail Scout
--> Crumble to Dust
    Island

--: Dutiful Return

Pack 3 pick 14:
--> Dutiful Return
    Swamp

--: Island

Pack 3 pick 15:
--> Island

