Event #: 9228625
Time:    4/01/2016 8:21:15 PM
Players:
    finn_huia
    aarondf2003
    tana_h_shy
    Jagore
--> andy70
    Parn
    zigoro
    s0k0ban

--: Tide Drifter

--: Tide Drifter

------ BFZ ------ 

Pack 1 pick 1:
    Kalastria Nightwatch
    Earthen Arms
    Murk Strider
    Sludge Crawler
    Tandem Tactics
    Sure Strike
    Kozilek's Channeler
    Makindi Sliderunner
    Courier Griffin
    Smite the Monstrous
    Bane of Bala Ged
--> Tide Drifter
    Drana's Emissary
    Serpentine Spike
    Swamp

--: Sheer Drop

--: Sheer Drop

Pack 1 pick 2:
    Mire's Malice
    Giant Mantis
    Brilliant Spectrum
    Altar's Reap
    Makindi Patrol
    Lavastep Raider
    Valakut Predator
--> Sheer Drop
    Hedron Blade
    Valakut Invoker
    Horribly Awry
    Rising Miasma
    Serene Steward
    Swamp

--: Benthic Infiltrator

--: Benthic Infiltrator

Pack 1 pick 3:
    Murk Strider
    Sludge Crawler
    Plummet
    Salvage Drone
    Fortified Rampart
    Belligerent Whiptail
    Ondu Champion
    Ghostly Sentinel
--> Benthic Infiltrator
    Vestige of Emrakul
    Titan's Presence
    Kor Bladewhirl
    Mountain

--: Ulamog's Nullifier

--: Ghostly Sentinel

--: Incubator Drone

--: Incubator Drone

Pack 1 pick 4:
    Tajuru Stalwart
--> Incubator Drone
    Culling Drone
    Kitesail Scout
    Shatterskull Recruit
    Vestige of Emrakul
    Ghostly Sentinel
    Dominator Drone
    Valakut Predator
    Ulamog's Nullifier
    Prism Array
    Forest

--: Kozilek's Channeler

--: Kozilek's Channeler

Pack 1 pick 5:
    Tajuru Stalwart
    Culling Drone
    Giant Mantis
    Sure Strike
    Kitesail Scout
    Smite the Monstrous
--> Kozilek's Channeler
    Scythe Leopard
    Grovetender Druids
    Cinder Glade
    Mountain

--: Sheer Drop

--: Sheer Drop

Pack 1 pick 6:
    Incubator Drone
    Reclaiming Vines
    Salvage Drone
    Lavastep Raider
--> Sheer Drop
    Valakut Invoker
    Shadow Glider
    Molten Nursery
    Chasm Guide
    Island

--: Tandem Tactics

--: Tandem Tactics

Pack 1 pick 7:
    Brilliant Spectrum
    Altar's Reap
    Call the Scions
    Roilmage's Trick
--> Tandem Tactics
    Ondu Greathorn
    Ondu Champion
    Void Attendant
    Forest

--: Stonefury

--: Stonefury

Pack 1 pick 8:
    Incubator Drone
    Culling Drone
    Seek the Wilds
    Coralhelm Guide
    Cliffside Lookout
--> Stonefury
    Kozilek's Channeler
    Mountain

--: Murk Strider

--: Murk Strider

Pack 1 pick 9:
    Kalastria Nightwatch
    Earthen Arms
--> Murk Strider
    Tandem Tactics
    Sure Strike
    Smite the Monstrous
    Swamp

--: Makindi Patrol

--: Makindi Patrol

Pack 1 pick 10:
    Giant Mantis
    Brilliant Spectrum
    Altar's Reap
--> Makindi Patrol
    Lavastep Raider
    Swamp

--: Ghostly Sentinel

--: Ghostly Sentinel

Pack 1 pick 11:
    Salvage Drone
    Belligerent Whiptail
    Ondu Champion
--> Ghostly Sentinel
    Mountain

--: Dominator Drone

Pack 1 pick 12:
    Kitesail Scout
    Shatterskull Recruit
--> Dominator Drone
    Forest

--: Kitesail Scout

Pack 1 pick 13:
    Giant Mantis
--> Kitesail Scout
    Mountain

--: Lavastep Raider

Pack 1 pick 14:
--> Lavastep Raider
    Island

--: Brilliant Spectrum

Pack 1 pick 15:
--> Brilliant Spectrum

--: Quarantine Field

------ BFZ ------ 

Pack 2 pick 1:
    Reclaiming Vines
    Salvage Drone
    Swarm Surge
    Call the Scions
    Kor Castigator
    Boiling Earth
    Vestige of Emrakul
    Courier Griffin
    Valakut Predator
    Shadow Glider
    Halimar Tidecaller
    Pathway Arrows
    Zulaport Cutthroat
--> Quarantine Field
    Forest

--: Ruin Processor

Pack 2 pick 2:
    Oracle of Dust
    Voracious Null
    Reclaiming Vines
    Tajuru Beastmaster
    Demon's Grasp
    Skyline Cascade
    Skitterskin
--> Ruin Processor
    Lithomancer's Focus
    Sure Strike
    Tajuru Warcaller
    Catacomb Sifter
    Jaddi Offshoot
    Island

--: Makindi Patrol

Pack 2 pick 3:
    Dutiful Return
    Swell of Growth
    Dispel
    Kalastria Nightwatch
    Volcanic Upheaval
    Stone Haven Medic
    Kozilek's Sentinel
--> Makindi Patrol
    Ondu Greathorn
    Dominator Drone
    Scythe Leopard
    Catacomb Sifter
    Mountain

--: Courier Griffin

Pack 2 pick 4:
    Seek the Wilds
    Coralhelm Guide
    Nirkana Assassin
    Oran-Rief Invoker
    Sure Strike
    Sheer Drop
    Hedron Blade
    Valakut Invoker
--> Courier Griffin
    Hagra Sharpshooter
    Blighted Steppe
    Forest

--: Eldrazi Devastator

--: Salvage Drone

Pack 2 pick 5:
--> Salvage Drone
    Swarm Surge
    Call the Scions
    Eldrazi Devastator
    Fertile Thicket
    Geyserfield Stalker
    Snapping Gnarlid
    Volcanic Upheaval
    Tandem Tactics
    Sylvan Scrying
    Swamp

--: Incubator Drone

Pack 2 pick 6:
    Earthen Arms
--> Incubator Drone
    Hedron Blade
    Bone Splinters
    Unnatural Aggression
    Stone Haven Medic
    Shatterskull Recruit
    Scythe Leopard
    Spawning Bed
    Swamp

--: Anticipate

Pack 2 pick 7:
    Blisterpod
--> Anticipate
    Sludge Crawler
    Eyeless Watcher
    Eldrazi Devastator
    Fertile Thicket
    Geyserfield Stalker
    Reckless Cohort
    Swamp

--: Rush of Ice

Pack 2 pick 8:
    Oran-Rief Invoker
    Brilliant Spectrum
    Ruin Processor
    Skyline Cascade
    Eyeless Watcher
--> Rush of Ice
    Prism Array
    Mountain

--: Shadow Glider

Pack 2 pick 9:
    Reclaiming Vines
    Swarm Surge
    Call the Scions
    Kor Castigator
    Boiling Earth
--> Shadow Glider
    Forest

--: Oracle of Dust

Pack 2 pick 10:
--> Oracle of Dust
    Voracious Null
    Reclaiming Vines
    Skyline Cascade
    Sure Strike
    Island

--: Dispel

Pack 2 pick 11:
    Dutiful Return
    Swell of Growth
--> Dispel
    Volcanic Upheaval
    Mountain

--: Blighted Steppe

Pack 2 pick 12:
    Sure Strike
    Hedron Blade
--> Blighted Steppe
    Forest

--: Call the Scions

Pack 2 pick 13:
--> Call the Scions
    Geyserfield Stalker
    Swamp

--: Earthen Arms

Pack 2 pick 14:
--> Earthen Arms
    Swamp

--: Swamp

Pack 2 pick 15:
--> Swamp

--: Emeria Shepherd

------ BFZ ------ 

Pack 3 pick 1:
    Sludge Crawler
    Plummet
    Salvage Drone
    Silent Skimmer
    Mortuary Mire
    Natural Connection
    Tightening Coils
    Eldrazi Devastator
    Tandem Tactics
    Outnumber
    Coastal Discovery
    Serene Steward
    Plated Crusher
--> Emeria Shepherd
    Island

--: Ulamog's Reclaimer

Pack 3 pick 2:
    Dispel
    Kalastria Nightwatch
    Earthen Arms
    Murk Strider
    Cliffside Lookout
    Island
    Stonefury
    Ondu Greathorn
    Lifespring Druid
    Ondu Champion
    Rot Shambler
--> Ulamog's Reclaimer
    Woodland Wanderer
    Island

--: Tide Drifter

Pack 3 pick 3:
    Kalastria Nightwatch
    Swell of Growth
    Dutiful Return
    Kitesail Scout
    Belligerent Whiptail
    Touch of the Void
    Shadow Glider
    Stonefury
    Smite the Monstrous
    Skitterskin
--> Tide Drifter
    Beastcaller Savant
    Swamp

--: Hedron Archive

Pack 3 pick 4:
    Roilmage's Trick
    Swarm Surge
    Tajuru Stalwart
    Lithomancer's Focus
    Outnumber
    Plains
    Sheer Drop
    Hedron Blade
    Valakut Invoker
--> Hedron Archive
    Vampiric Rites
    Plains

--: Gideon's Reproach

Pack 3 pick 5:
    Oracle of Dust
    Voracious Null
    Reclaiming Vines
    Kor Castigator
    Sure Strike
--> Gideon's Reproach
    Vestige of Emrakul
    Ghostly Sentinel
    Dominator Drone
    Blighted Fen
    Plains

--: Rush of Ice

Pack 3 pick 6:
    Altar's Reap
    Call the Scions
--> Rush of Ice
    Unnatural Aggression
    Geyserfield Stalker
    Sandstone Bridge
    Retreat to Valakut
    Cryptic Cruiser
    Gruesome Slaughter
    Plains

--: Mind Raker

Pack 3 pick 7:
    Oran-Rief Invoker
    Dispel
--> Mind Raker
    Angelic Gift
    Belligerent Whiptail
    Ondu Greathorn
    Ondu Champion
    Plated Crusher
    Mountain

--: Scour from Existence

Pack 3 pick 8:
    Mire's Malice
    Giant Mantis
    Brilliant Spectrum
--> Scour from Existence
    Tajuru Beastmaster
    Inspired Charge
    Reckless Cohort
    Plains

--: Sludge Crawler

Pack 3 pick 9:
--> Sludge Crawler
    Plummet
    Silent Skimmer
    Eldrazi Devastator
    Tandem Tactics
    Plated Crusher
    Island

--: Dispel

Pack 3 pick 10:
--> Dispel
    Island
    Ondu Greathorn
    Lifespring Druid
    Ondu Champion
    Island

--: Kitesail Scout

--: Skitterskin

Pack 3 pick 11:
    Dutiful Return
    Kitesail Scout
    Belligerent Whiptail
--> Skitterskin
    Swamp

--: Lithomancer's Focus

Pack 3 pick 12:
    Roilmage's Trick
    Tajuru Stalwart
--> Lithomancer's Focus
    Plains

--: Reclaiming Vines

Pack 3 pick 13:
    Voracious Null
--> Reclaiming Vines
    Plains

--: Plains

Pack 3 pick 14:
    Geyserfield Stalker
--> Plains

--: Mountain

Pack 3 pick 15:
--> Mountain

