Event #: 9228194
Time:    1/4/2016 12:06:42 AM
Players:
    QuantumEraser
    TheOtherSamB
    serajh
    Mufaddal
    thePerferatiEAX
--> TheDragonSlayer
    jovial111
    Thraximunder

--: Karn Liberated

--: Karn Liberated

------ C03 ------ 

Pack 1 pick 1:
    Banisher Priest
    Swords to Plowshares
    Phantasmal Image
    Brainstorm
    Nekrataal
    Animate Dead
    Exquisite Firecraft
    Hellrider
    Harmonize
    Garruk, Caller of Beasts
    Mox Diamond
--> Karn Liberated
    Sword of War and Peace
    Selesnya Signet
    Electrolyze

--: Phyrexian Revoker

--: Impulse

--: Smash to Smithereens

--: Impulse

--: Smash to Smithereens

--: Impulse

--: Smash to Smithereens

--: Impulse

Pack 1 pick 2:
    Spectral Procession
    Balance
    Vedalken Shackles
--> Impulse
    Dark Confidant
    Shallow Grave
    Smash to Smithereens
    Kargan Dragonlord
    Whisperwood Elemental
    Bloodstained Mire
    Mutavault
    Sin Collector
    Phyrexian Revoker
    Maelstrom Pulse

--: Golgari Signet

--: Golgari Signet

Pack 1 pick 3:
    Brimaz, King of Oreskos
    Path to Exile
    Vendilion Clique
    Time Spiral
    The Abyss
    Putrid Imp
    Thundermaw Hellkite
    Avacyn's Pilgrim
    Garruk Wildspeaker
    Terminate
    Bring to Light
    Temple of Abandon
--> Golgari Signet

--: Pentad Prism

--: Lotus Cobra

--: Pentad Prism

--: Pentad Prism

Pack 1 pick 4:
    Faith's Fetters
    Treasure Cruise
    Tombstalker
    Terastodon
    Daretti, Scrap Savant
    Quicken
    Lotus Cobra
    Hallowed Fountain
    Edric, Spymaster of Trest
    Domri Rade
    Baleful Strix
--> Pentad Prism

--: Tundra

--: Tundra

Pack 1 pick 5:
    Ajani, Caller of the Pride
    Spear of Heliod
    Empty the Warrens
    Gurmag Angler
    Anticipate
    Siege-Gang Commander
    Vengevine
--> Tundra
    Boros Charm
    Isolated Chapel
    Sensei's Divining Top

--: Sword of Body and Mind

--: Ravages of War

--: Sword of Body and Mind

--: Ravages of War

--: Sword of Body and Mind

--: Sword of Body and Mind

Pack 1 pick 6:
    Hero of Bladehold
    Ravages of War
    Augur of Bolas
    Mesmeric Fiend
    Oona's Prowler
    Birthing Pod
    Thragtusk
    Olivia Voldaren
--> Sword of Body and Mind
    Kitchen Finks

--: Rofellos, Llanowar Emissary

--: Rofellos, Llanowar Emissary

Pack 1 pick 7:
    Blade Splicer
    Council's Judgment
    Man-o'-War
    Trinket Mage
    Hero's Downfall
    Living Death
--> Rofellos, Llanowar Emissary
    Urborg, Tomb of Yawgmoth
    Ral Zarek

--: Ancient Grudge

--: Winter Orb

--: Winter Orb

Pack 1 pick 8:
    Leonin Arbiter
    Journey to Nowhere
    Cabal Ritual
    Faithless Looting
    Ancient Grudge
    Dreadbore
--> Winter Orb
    Rootbound Crag

--: Sword of War and Peace

--: Selesnya Signet

--: Sword of War and Peace

--: Selesnya Signet

--: Selesnya Signet

Pack 1 pick 9:
    Banisher Priest
    Nekrataal
    Animate Dead
    Garruk, Caller of Beasts
    Sword of War and Peace
--> Selesnya Signet
    Electrolyze

--: Balance

--: Balance

Pack 1 pick 10:
    Spectral Procession
--> Balance
    Shallow Grave
    Whisperwood Elemental
    Mutavault
    Sin Collector

--: Avacyn's Pilgrim

--: Avacyn's Pilgrim

Pack 1 pick 11:
    The Abyss
--> Avacyn's Pilgrim
    Terminate
    Bring to Light
    Temple of Abandon

--: Edric, Spymaster of Trest

--: Quicken

--: Edric, Spymaster of Trest

--: Edric, Spymaster of Trest

Pack 1 pick 12:
    Tombstalker
    Daretti, Scrap Savant
    Quicken
--> Edric, Spymaster of Trest

--: Vengevine

--: Ajani, Caller of the Pride

--: Vengevine

--: Ajani, Caller of the Pride

--: Vengevine

--: Vengevine

Pack 1 pick 13:
    Ajani, Caller of the Pride
    Gurmag Angler
--> Vengevine

--: Birthing Pod

--: Augur of Bolas

--: Birthing Pod

--: Augur of Bolas

--: Birthing Pod

Pack 1 pick 14:
    Augur of Bolas
--> Birthing Pod

--: Ral Zarek

Pack 1 pick 15:
--> Ral Zarek

--: Upheaval

--: Upheaval

------ C03 ------ 

Pack 2 pick 1:
    Ranger of Eos
    Baneslayer Angel
--> Upheaval
    Heartbeat of Spring
    Disfigure
    Yawgmoth's Will
    Imperial Recruiter
    Hero of Oxid Ridge
    Elves of Deep Shadow
    Craterhoof Behemoth
    Sphinx's Revelation
    Temple of Mystery
    Umezawa's Jitte
    Dromoka's Command
    Staff of Domination

--: Tolarian Academy

--: Tolarian Academy

Pack 2 pick 2:
    Weathered Wayfarer
    Elesh Norn, Grand Cenobite
    Tezzeret the Seeker
    Tasigur, the Golden Fang
    Puppeteer Clique
    Dualcaster Mage
    Stormbreath Dragon
    Tooth and Nail
    Polukranos, World Eater
--> Tolarian Academy
    Figure of Destiny
    Stomping Ground
    Isochron Scepter
    Dack Fayden

--: Basalt Monolith

--: Basalt Monolith

Pack 2 pick 3:
    Fiend Hunter
    Jace, Vryn's Prodigy
    Counterspell
    Cryptic Command
    Go for the Throat
    Crater's Claws
    Inferno Titan
    Joraga Treespeaker
    Wall of Blossoms
    Lightning Helix
    Dragonlord Atarka
    Scroll Rack
--> Basalt Monolith

--: Worn Powerstone

--: Worn Powerstone

Pack 2 pick 4:
    Kytheon, Hero of Akros
    Force Spike
    Nezumi Shortfang
    Grave Titan
    Wildfire
    Wall of Roots
    Den Protector
    Mishra's Workshop
    Mystic Snake
    Sword of Light and Shadow
    Nicol Bolas, Planeswalker
--> Worn Powerstone

--: Channel

--: Channel

Pack 2 pick 5:
    Zealous Conscripts
    Glen Elendra Archmage
    Gitaxian Probe
    Vampire Nighthawk
    Massacre Wurm
    Koth of the Hammer
--> Channel
    Nature's Claim
    Temple of Enlightenment
    Marsh Flats
    Drowned Catacomb

--: Force of Will

--: Ugin, the Spirit Dragon

--: Ugin, the Spirit Dragon

Pack 2 pick 6:
    Angel of Serenity
    Force of Will
    Liliana, Heretical Healer
    Regrowth
    Roast
    Dragonskull Summit
--> Ugin, the Spirit Dragon
    Wooded Foothills
    Dragonlord Dromoka
    Scalding Tarn

--: Sylvan Library

--: Tropical Island

--: Sylvan Library

--: Sylvan Library

Pack 2 pick 7:
    Disenchant
    Tamiyo, the Moon Sage
    Braids, Cabal Minion
--> Sylvan Library
    Fauna Shaman
    Brago, King Eternal
    Tropical Island
    Tidehollow Sculler
    Myr Battlesphere

--: Lodestone Golem

--: Reclamation Sage

--: Reclamation Sage

--: Lodestone Golem

--: Sneak Attack

--: Reclamation Sage

--: Lodestone Golem

--: Lodestone Golem

Pack 2 pick 8:
    Mana Tithe
    Palinchron
    Hypnotic Specter
    Sneak Attack
    Reclamation Sage
--> Lodestone Golem
    Shadowmage Infiltrator
    Deathrite Shaman

--: Elves of Deep Shadow

--: Temple of Mystery

--: Elves of Deep Shadow

--: Temple of Mystery

--: Elves of Deep Shadow

--: Temple of Mystery

--: Temple of Mystery

Pack 2 pick 9:
    Disfigure
    Imperial Recruiter
    Elves of Deep Shadow
    Sphinx's Revelation
--> Temple of Mystery
    Dromoka's Command
    Staff of Domination

--: Stomping Ground

--: Polukranos, World Eater

--: Stomping Ground

--: Stomping Ground

--: Stomping Ground

Pack 2 pick 10:
    Weathered Wayfarer
    Tasigur, the Golden Fang
    Puppeteer Clique
    Stormbreath Dragon
    Polukranos, World Eater
--> Stomping Ground

--: Wall of Blossoms

--: Wall of Blossoms

Pack 2 pick 11:
    Counterspell
    Go for the Throat
    Inferno Titan
--> Wall of Blossoms
    Dragonlord Atarka

--: Mystic Snake

--: Wildfire

--: Wildfire

Pack 2 pick 12:
    Grave Titan
--> Wildfire
    Mystic Snake
    Nicol Bolas, Planeswalker

--: Nature's Claim

--: Nature's Claim

Pack 2 pick 13:
    Vampire Nighthawk
    Massacre Wurm
--> Nature's Claim

--: Dragonlord Dromoka

--: Dragonlord Dromoka

Pack 2 pick 14:
    Dragonskull Summit
--> Dragonlord Dromoka

--: Fauna Shaman

Pack 2 pick 15:
--> Fauna Shaman

--: Kozilek, Butcher of Truth

--: Mindslaver

--: Kozilek, Butcher of Truth

--: Fyndhorn Elves

--: Kozilek, Butcher of Truth

--: Fyndhorn Elves

--: Fyndhorn Elves

------ C03 ------ 

Pack 3 pick 1:
    Cloudgoat Ranger
    Elspeth, Knight-Errant
    Frost Titan
    Brain Freeze
    Shriekmaw
    Sheoldred, Whispering One
    Char
    Manic Vandal
--> Fyndhorn Elves
    Villainous Wealth
    Flooded Strand
    Kozilek, Butcher of Truth
    Lion's Eye Diamond
    Mindslaver
    Woodland Cemetery

--: Ancient Tomb

--: Bloodbraid Elf

--: Ancient Tomb

--: Ancient Tomb

Pack 3 pick 2:
    Restoration Angel
    Honor of the Pure
    Mental Misstep
    Turnabout
    Diabolic Edict
    Corpse Dance
    Brimstone Volley
    Song of the Dryads
    Wolfir Silverheart
--> Ancient Tomb
    Clifftop Retreat
    Bloodbraid Elf
    Hangarback Walker
    Garruk, Apex Predator

--: Gruul Signet

--: Gruul Signet

Pack 3 pick 3:
    Hallowed Spiritkeeper
    Karakas
    Frantic Search
    Nezumi Graverobber
    Necromancy
    Kiki-Jiki, Mirror Breaker
    Primal Command
    High Tide
    Rakdos's Return
    Boros Reckoner
--> Gruul Signet
    Pithing Needle
    Sphinx of the Steel Wind

--: Phyrexian Metamorph

--: Search for Tomorrow

--: Phyrexian Metamorph

--: Acidic Slime

--: Phyrexian Metamorph

--: Phyrexian Metamorph

Pack 3 pick 4:
    Student of Warfare
    Sun Titan
--> Phyrexian Metamorph
    Shelldock Isle
    Damnation
    Dark Ritual
    Chandra, Pyromaster
    Search for Tomorrow
    Acidic Slime
    Temple of Triumph
    Lotus Bloom
    Temple Garden

--: Genesis Wave

--: Genesis Wave

--: Master of the Wild Hunt

--: Genesis Wave

--: Genesis Wave

Pack 3 pick 5:
    Thalia, Guardian of Thraben
    Day of Judgment
    Inkwell Leviathan
    Dark Petition
    Firebolt
    Delver of Secrets
--> Genesis Wave
    Master of the Wild Hunt
    Xenagos, the Reveler
    Temple of Deceit
    Abrupt Decay

--: Ulamog, the Infinite Gyre

--: Ulamog, the Infinite Gyre

Pack 3 pick 6:
    Ajani Goldmane
    Awakening Zone
    Thirst for Knowledge
    Desecration Demon
    Necropotence
    Jackal Pup
    Elvish Mystic
    Scavenging Ooze
    Badlands
--> Ulamog, the Infinite Gyre

--: Thran Dynamo

--: Mana Leak

--: Thran Dynamo

--: Thran Dynamo

Pack 3 pick 7:
    Oblivion Ring
    Mana Leak
    Gatekeeper of Malakir
    Griselbrand
    Pattern of Rebirth
    Garruk Relentless
    Geist of Saint Traft
    Savannah
--> Thran Dynamo

--: Nissa, Worldwaker

--: Nissa, Worldwaker

Pack 3 pick 8:
    Emeria Angel
    Duress
    Reanimate
--> Nissa, Worldwaker
    Temple of Malice
    Sorin, Lord of Innistrad
    Nevinyrral's Disk
    Fire/Ice

--: Villainous Wealth

--: Woodland Cemetery

--: Villainous Wealth

--: Villainous Wealth

--: Villainous Wealth

Pack 3 pick 9:
    Cloudgoat Ranger
    Shriekmaw
    Sheoldred, Whispering One
    Manic Vandal
--> Villainous Wealth
    Lion's Eye Diamond
    Woodland Cemetery

--: Wolfir Silverheart

--: Bloodbraid Elf

--: Mental Misstep

Pack 3 pick 10:
--> Mental Misstep
    Diabolic Edict
    Corpse Dance
    Wolfir Silverheart
    Bloodbraid Elf
    Garruk, Apex Predator

--: Primal Command

--: Primal Command

Pack 3 pick 11:
    Hallowed Spiritkeeper
    Nezumi Graverobber
    Necromancy
--> Primal Command
    Rakdos's Return

--: Temple Garden

--: Search for Tomorrow

--: Temple Garden

--: Search for Tomorrow

--: Temple Garden

--: Search for Tomorrow

--: Temple Garden

--: Temple Garden

Pack 3 pick 12:
    Student of Warfare
    Damnation
    Search for Tomorrow
--> Temple Garden

--: Master of the Wild Hunt

Pack 3 pick 13:
--> Master of the Wild Hunt
    Xenagos, the Reveler
    Temple of Deceit

--: Necropotence

Pack 3 pick 14:
    Desecration Demon
--> Necropotence

--: Gatekeeper of Malakir

Pack 3 pick 15:
--> Gatekeeper of Malakir

