Event #: 9236715
Time:    6/01/2016 8:47:34 PM
Players:
    Lihaisa
    Reclusive_Jedi
    Avalar
    rikuv
    master_googal
--> andy70
    asa0106
    carcerenim

--: Complete Disregard

--: Complete Disregard

------ BFZ ------ 

Pack 1 pick 1:
    Voracious Null
    Oran-Rief Invoker
    Brilliant Spectrum
--> Complete Disregard
    Scour from Existence
    Tajuru Beastmaster
    Wave-Wing Elemental
    Evolving Wilds
    Kor Castigator
    Reckless Cohort
    Titan's Presence
    Adverse Conditions
    Grovetender Druids
    Nissa's Renewal
    Island

--: Zulaport Cutthroat

--: Zulaport Cutthroat

Pack 1 pick 2:
    March from the Tomb
    Dutiful Return
    Blisterpod
    Rush of Ice
    Silent Skimmer
    Mortuary Mire
    Natural Connection
    Tightening Coils
    Fortified Rampart
    Lavastep Raider
    Cryptic Cruiser
    Hedron Archive
--> Zulaport Cutthroat
    Forest

--: Kozilek's Sentinel

--: Incubator Drone

--: Kozilek's Sentinel

Pack 1 pick 3:
    Anticipate
    Earthen Arms
    Incubator Drone
    Makindi Patrol
--> Kozilek's Sentinel
    Cliffside Lookout
    Volcanic Upheaval
    Lifespring Druid
    Valakut Invoker
    Herald of Kozilek
    Tunneling Geopede
    Retreat to Valakut
    Forest

--: Sheer Drop

--: Sheer Drop

Pack 1 pick 4:
    Anticipate
    Mind Raker
    Territorial Baloth
    Roilmage's Trick
    Inspired Charge
    Boiling Earth
--> Sheer Drop
    Kozilek's Channeler
    Makindi Sliderunner
    Courier Griffin
    Jaddi Offshoot
    Plains

--: Silent Skimmer

--: Silent Skimmer

Pack 1 pick 5:
    Territorial Baloth
    Roilmage's Trick
--> Silent Skimmer
    Rush of Ice
    Natural Connection
    Unnatural Aggression
    Geyserfield Stalker
    Kitesail Scout
    Reckless Cohort
    Murasa Ranger
    Plains

--: Grave Birthing

--: Grave Birthing

Pack 1 pick 6:
    Call the Scions
    Murk Strider
--> Grave Birthing
    Broodhunter Wurm
    Spell Shrivel
    Skyline Cascade
    Angelic Gift
    Belligerent Whiptail
    Blighted Gorge
    Island

--: Silent Skimmer

--: Silent Skimmer

Pack 1 pick 7:
    Seek the Wilds
    Altar's Reap
    Rush of Ice
--> Silent Skimmer
    Mortuary Mire
    Natural Connection
    Valakut Predator
    Shatterskull Recruit
    Plains

--: Cloud Manta

Pack 1 pick 8:
    Reclaiming Vines
    Salvage Drone
    Unnatural Aggression
    Sandstone Bridge
--> Cloud Manta
    Cliffside Lookout
    Plated Crusher
    Island

--: Kor Castigator

--: Kor Castigator

Pack 1 pick 9:
    Voracious Null
    Oran-Rief Invoker
    Brilliant Spectrum
    Tajuru Beastmaster
--> Kor Castigator
    Reckless Cohort
    Island

--: Cryptic Cruiser

--: Cryptic Cruiser

Pack 1 pick 10:
    Dutiful Return
    Blisterpod
    Natural Connection
    Lavastep Raider
--> Cryptic Cruiser
    Forest

--: Tunneling Geopede

--: Tunneling Geopede

Pack 1 pick 11:
    Earthen Arms
    Volcanic Upheaval
--> Tunneling Geopede
    Retreat to Valakut
    Forest

--: Anticipate

Pack 1 pick 12:
--> Anticipate
    Roilmage's Trick
    Inspired Charge
    Plains

--: Kitesail Scout

Pack 1 pick 13:
    Roilmage's Trick
--> Kitesail Scout
    Plains

--: Angelic Gift

Pack 1 pick 14:
--> Angelic Gift
    Island

--: Plains

Pack 1 pick 15:
--> Plains

--: Retreat to Emeria

--: Retreat to Emeria

------ BFZ ------ 

Pack 2 pick 1:
    Oran-Rief Invoker
    Dispel
    Mind Raker
    Territorial Baloth
    Boiling Earth
    Makindi Patrol
    Ghostly Sentinel
    Benthic Infiltrator
    Vestige of Emrakul
    Gideon's Reproach
    Vile Aggregate
    Skitterskin
--> Retreat to Emeria
    Ugin's Insight
    Swamp

--: Stasis Snare

--: Stasis Snare

Pack 2 pick 2:
    Clutch of Currents
    Kalastria Nightwatch
    Swell of Growth
    Snapping Gnarlid
    Spell Shrivel
    Complete Disregard
    Scour from Existence
    Tajuru Beastmaster
--> Stasis Snare
    Fortified Rampart
    Pilgrim's Eye
    Blighted Cataract
    Tajuru Warcaller
    Swamp

--: Vampiric Rites

--: Clutch of Currents

Pack 2 pick 3:
    Mire's Malice
    Tajuru Stalwart
--> Clutch of Currents
    Grave Birthing
    Eyeless Watcher
    Eldrazi Devastator
    Wave-Wing Elemental
    Fertile Thicket
    Boiling Earth
    Lithomancer's Focus
    Vampiric Rites
    Sylvan Scrying
    Forest

--: Clutch of Currents

Pack 2 pick 4:
    Territorial Baloth
--> Clutch of Currents
    Kalastria Nightwatch
    Swell of Growth
    Lithomancer's Focus
    Courier Griffin
    Valakut Predator
    Shadow Glider
    Roil's Retribution
    Void Attendant
    Breaker of Armies
    Forest

--: Dutiful Return

--: Dutiful Return

Pack 2 pick 5:
--> Dutiful Return
    Swell of Growth
    Dispel
    Inspired Charge
    Volcanic Upheaval
    Makindi Sliderunner
    Lifespring Druid
    Valakut Predator
    Skyrider Elf
    Blighted Steppe
    Swamp

--: Wave-Wing Elemental

--: Wave-Wing Elemental

Pack 2 pick 6:
    Brilliant Spectrum
    Altar's Reap
    Call the Scions
    Grave Birthing
    Eyeless Watcher
    Eldrazi Devastator
--> Wave-Wing Elemental
    Fertile Thicket
    Tandem Tactics
    Mountain

--: Ghostly Sentinel

--: Ghostly Sentinel

Pack 2 pick 7:
    Kalastria Nightwatch
    Earthen Arms
    Murk Strider
    Volcanic Upheaval
    Angelic Gift
--> Ghostly Sentinel
    Makindi Sliderunner
    Scythe Leopard
    Island

--: Kalastria Healer

--: Kalastria Healer

Pack 2 pick 8:
--> Kalastria Healer
    Dutiful Return
    Blisterpod
    Cliffside Lookout
    Sheer Drop
    Makindi Sliderunner
    Void Attendant
    Swamp

--: Ghostly Sentinel

--: Makindi Patrol

--: Makindi Patrol

Pack 2 pick 9:
    Oran-Rief Invoker
    Dispel
    Territorial Baloth
    Boiling Earth
--> Makindi Patrol
    Ghostly Sentinel
    Swamp

--: Kalastria Nightwatch

--: Kalastria Nightwatch

Pack 2 pick 10:
--> Kalastria Nightwatch
    Swell of Growth
    Tajuru Beastmaster
    Fortified Rampart
    Blighted Cataract
    Swamp

--: Eyeless Watcher

Pack 2 pick 11:
    Grave Birthing
--> Eyeless Watcher
    Fertile Thicket
    Sylvan Scrying
    Forest

--: Kalastria Nightwatch

Pack 2 pick 12:
    Territorial Baloth
--> Kalastria Nightwatch
    Swell of Growth
    Forest

--: Dispel

Pack 2 pick 13:
--> Dispel
    Inspired Charge
    Volcanic Upheaval

--: Brilliant Spectrum

Pack 2 pick 14:
--> Brilliant Spectrum
    Fertile Thicket

--: Volcanic Upheaval

Pack 2 pick 15:
--> Volcanic Upheaval

--: Planar Outburst

------ BFZ ------ 

Pack 3 pick 1:
    Dutiful Return
    Swell of Growth
    Dispel
    Unnatural Aggression
    Sandstone Bridge
    Cloud Manta
    Scour from Existence
    Grave Birthing
    Kozilek's Sentinel
    Cliffside Lookout
    Herald of Kozilek
    Chasm Guide
    Blighted Woodland
--> Planar Outburst
    Island

--: Ruin Processor

Pack 3 pick 2:
    Nirkana Assassin
    Seek the Wilds
--> Ruin Processor
    Bone Splinters
    Broodhunter Wurm
    Mortuary Mire
    Tightening Coils
    Looming Spires
    Sure Strike
    Inspired Charge
    Pathway Arrows
    Blighted Gorge
    Brutal Expulsion
    Forest

--: Demon's Grasp

Pack 3 pick 3:
    Seek the Wilds
    Coralhelm Guide
    Eldrazi Devastator
--> Demon's Grasp
    Looming Spires
    Fertile Thicket
    Snapping Gnarlid
    Spell Shrivel
    Kitesail Scout
    Reckless Cohort
    Crumble to Dust
    Defiant Bloodlord
    Swamp

--: Kalastria Healer

Pack 3 pick 4:
    Plummet
    Salvage Drone
--> Kalastria Healer
    Broodhunter Wurm
    Spell Shrivel
    Ruin Processor
    Skyline Cascade
    Kitesail Scout
    Transgress the Mind
    Titan's Presence
    March from the Tomb
    Island

--: Retreat to Hagra

Pack 3 pick 5:
    Oran-Rief Invoker
    Brilliant Spectrum
    Nirkana Assassin
    Seek the Wilds
    Shatterskull Recruit
    Felidar Cub
    Lifespring Druid
    Ondu Champion
--> Retreat to Hagra
    Munda, Ambush Leader
    Mountain

--: Sludge Crawler

Pack 3 pick 6:
--> Sludge Crawler
    Earthen Arms
    Wave-Wing Elemental
    Silent Skimmer
    Rush of Ice
    Natural Connection
    Outnumber
    Angelic Gift
    Chasm Guide
    Swamp

--: Retreat to Emeria

--: Retreat to Emeria

Pack 3 pick 7:
    Altar's Reap
    Call the Scions
    Roilmage's Trick
    Swarm Surge
    Boiling Earth
    Ghostly Sentinel
--> Retreat to Emeria
    Angelic Captain
    Swamp

--: Makindi Patrol

--: Makindi Patrol

Pack 3 pick 8:
    Swell of Growth
    Rush of Ice
    Natural Connection
    Unnatural Aggression
    Geyserfield Stalker
--> Makindi Patrol
    Blighted Cataract
    Mountain

--: Cliffside Lookout

--: Cliffside Lookout

Pack 3 pick 9:
    Dutiful Return
    Swell of Growth
    Dispel
    Unnatural Aggression
    Grave Birthing
--> Cliffside Lookout
    Island

--: Mortuary Mire

--: Mortuary Mire

Pack 3 pick 10:
    Seek the Wilds
--> Mortuary Mire
    Sure Strike
    Inspired Charge
    Blighted Gorge
    Forest

--: Swamp

Pack 3 pick 11:
    Seek the Wilds
    Kitesail Scout
    Reckless Cohort
    Crumble to Dust
--> Swamp

--: March from the Tomb

Pack 3 pick 12:
    Skyline Cascade
    Kitesail Scout
--> March from the Tomb
    Island

--: Nirkana Assassin

Pack 3 pick 13:
    Brilliant Spectrum
--> Nirkana Assassin
    Mountain

--: Angelic Gift

Pack 3 pick 14:
--> Angelic Gift
    Swamp

--: Swamp

Pack 3 pick 15:
--> Swamp

