Event #: 9254688
Time:    11/01/2016 9:43:07 PM
Players:
    Nufblix
    bflora
    lupret
--> andy70
    Borsk
    Onkel
    gbtemponi
    superanimefan

--: Electrostatic Bolt

------ MRD ------ 

Pack 1 pick 1:
    Myr Enforcer
    Wizard Replica
--> Electrostatic Bolt
    Titanium Golem
    Consume Spirit
    Cobalt Golem
    Vulshok Gauntlets
    Journey of Discovery
    Sunbeam Spellbomb
    Loxodon Mender
    Clockwork Condor
    Tel-Jilad Stylus
    Rustspore Ram
    Mirror Golem
    Nim Devourer

--: Rustmouth Ogre

Pack 1 pick 2:
    Tree of Tales
    Iron Myr
    Somber Hoverguard
    Titanium Golem
    Vulshok Berserker
    Leonin Elder
    Incite War
    Yotian Soldier
    Molten Rain
    Frogmite
    Disarm
--> Rustmouth Ogre
    Banshee's Blade
    Nuisance Engine

--: Tel-Jilad Archers

Pack 1 pick 3:
    Nim Replica
--> Tel-Jilad Archers
    Krark-Clan Grunt
    Inertia Bubble
    Fangren Hunter
    Fists of the Anvil
    Wanderguard Sentry
    Dross Scorpion
    Cloudpost
    Turn to Dust
    Forge Armor
    Mindstorm Crown
    Loxodon Peacekeeper

--: Talisman of Indulgence

--: Skyhunter Cub

Pack 1 pick 4:
    Somber Hoverguard
    Ancient Den
    Æther Spellbomb
--> Skyhunter Cub
    Raise the Alarm
    Ogre Leadfoot
    Sunbeam Spellbomb
    Sphere of Purity
    Cloudpost
    Goblin Striker
    Lumengrid Sentinel
    Talisman of Indulgence

--: Flayed Nim

Pack 1 pick 5:
    Great Furnace
    Leonin Scimitar
    Ogre Leadfoot
    Slagwurm Armor
    Lumengrid Warden
    Viridian Joiner
    Clockwork Beetle
    Contaminated Bond
--> Flayed Nim
    Auriok Bladewarden
    Extraplanar Lens

--: Iron Myr

--: Iron Myr

Pack 1 pick 6:
    Shatter
--> Iron Myr
    Neurok Spy
    Ancient Den
    Nim Shrieker
    Wurmskin Forger
    Irradiate
    Slagwurm Armor
    Galvanic Key
    Wrench Mind

--: Titanium Golem

--: Titanium Golem

Pack 1 pick 7:
    Tree of Tales
--> Titanium Golem
    Vulshok Berserker
    Wail of the Nim
    Leonin Elder
    Disarm
    Farsight Mask
    Slith Bloodletter
    Jinxed Choker

--: Galvanic Key

--: Krark-Clan Grunt

Pack 1 pick 8:
    Disciple of the Vault
--> Krark-Clan Grunt
    Krark-Clan Shaman
    Override
    Wurmskin Forger
    Galvanic Key
    Fractured Loyalty
    Fiery Gambit

--: Sunbeam Spellbomb

Pack 1 pick 9:
    Titanium Golem
--> Sunbeam Spellbomb
    Loxodon Mender
    Clockwork Condor
    Tel-Jilad Stylus
    Mirror Golem
    Nim Devourer

--: Incite War

Pack 1 pick 10:
    Tree of Tales
    Titanium Golem
    Vulshok Berserker
    Leonin Elder
--> Incite War
    Disarm

--: Fists of the Anvil

Pack 1 pick 11:
    Inertia Bubble
--> Fists of the Anvil
    Wanderguard Sentry
    Forge Armor
    Loxodon Peacekeeper

--: Ogre Leadfoot

Pack 1 pick 12:
    Ancient Den
--> Ogre Leadfoot
    Sunbeam Spellbomb
    Sphere of Purity

--: Slagwurm Armor

Pack 1 pick 13:
--> Slagwurm Armor
    Viridian Joiner
    Contaminated Bond

--: Galvanic Key

Pack 1 pick 14:
    Slagwurm Armor
--> Galvanic Key

--: Disarm

Pack 1 pick 15:
--> Disarm

--: Worldslayer

--: Tooth of Chiss-Goria

--: Shatter

--: Shatter

------ MRD ------ 

Pack 2 pick 1:
    Great Furnace
    Chromatic Sphere
--> Shatter
    Malachite Golem
    Neurok Spy
    Tooth of Chiss-Goria
    Wurmskin Forger
    Irradiate
    Vorrac Battlehorns
    Groffskithur
    Galvanic Key
    Assert Authority
    Myr Retriever
    Barter in Blood
    Worldslayer

--: Myr Enforcer

Pack 2 pick 2:
    Tel-Jilad Archers
    Scale of Chiss-Goria
--> Myr Enforcer
    Inertia Bubble
    Fangren Hunter
    Neurok Hoversail
    Dross Scorpion
    Tel-Jilad Exile
    Dross Prowler
    Turn to Dust
    Chimney Imp
    Nim Shambler
    Slith Predator
    Leonin Bladetrap

--: Leaden Myr

--: Leaden Myr

Pack 2 pick 3:
    Annul
    Nim Replica
--> Leaden Myr
    Nim Shrieker
    Elf Replica
    Lifespark Spellbomb
    Tel-Jilad Exile
    Wail of the Nim
    Sphere of Purity
    Necrogen Spellbomb
    Goblin Striker
    Talisman of Indulgence
    Mourner's Shield

--: Blinding Beam

--: Blinding Beam

Pack 2 pick 4:
    Moriok Scavenger
    Goblin Replica
    Vault of Whispers
    Vulshok Gauntlets
    Awe Strike
    Krark-Clan Shaman
    Myr Adapter
--> Blinding Beam
    Seething Song
    Atog
    Wall of Blood
    Tower of Murmurs

--: Myr Enforcer

Pack 2 pick 5:
--> Myr Enforcer
    Tel-Jilad Chosen
    Titanium Golem
    Lumengrid Warden
    Vulshok Gauntlets
    Silver Myr
    Clockwork Beetle
    Contaminated Bond
    Loxodon Mender
    Dead-Iron Sledge
    Myr Incubator

--: Great Furnace

Pack 2 pick 6:
--> Great Furnace
    Leonin Scimitar
    Ogre Leadfoot
    Slagwurm Armor
    Lumengrid Warden
    Viridian Joiner
    Clockwork Beetle
    Contaminated Bond
    Bottle Gnomes
    Thought Prison

--: Tooth of Chiss-Goria

--: Great Furnace

--: Great Furnace

Pack 2 pick 7:
    Moriok Scavenger
--> Great Furnace
    Leonin Scimitar
    Tooth of Chiss-Goria
    Ogre Leadfoot
    Slagwurm Armor
    Dream's Grip
    Viridian Joiner
    Talisman of Dominance

Pack 2 pick 10:
--> Scale of Chiss-Goria
    Inertia Bubble
    Neurok Hoversail
    Tel-Jilad Exile
    Dross Prowler
    Chimney Imp

Pack 2 pick 16:

Pack 2 pick 11:
    Lifespark Spellbomb
--> Tel-Jilad Exile
    Sphere of Purity
    Necrogen Spellbomb
    Mourner's Shield

Pack 2 pick 12:
    Moriok Scavenger
    Awe Strike
    Krark-Clan Shaman
--> Myr Adapter

Pack 2 pick 13:
--> Lumengrid Warden
    Contaminated Bond
    Loxodon Mender

--: Clockwork Beetle

Pack 2 pick 14:
--> Clockwork Beetle
    Contaminated Bond

--: Slagwurm Armor

Pack 2 pick 15:
--> Slagwurm Armor

--: Gilded Lotus

--: Electrostatic Bolt

--: Electrostatic Bolt

------ MRD ------ 

Pack 3 pick 1:
--> Electrostatic Bolt
    Silver Myr
    Pyrite Spellbomb
    Neurok Spy
    Neurok Hoversail
    Raise the Alarm
    Steel Wall
    Incite War
    Clockwork Beetle
    Groffskithur
    Wrench Mind
    Myr Prototype
    Mask of Memory
    Bloodscent
    Gilded Lotus

--: Myr Enforcer

--: Myr Enforcer

Pack 3 pick 2:
--> Myr Enforcer
    Swamp
    Electrostatic Bolt
    Titanium Golem
    Consume Spirit
    Cobalt Golem
    Vulshok Gauntlets
    Journey of Discovery
    Sunbeam Spellbomb
    Loxodon Mender
    Clockwork Condor
    Dragon Blood
    Farsight Mask
    Slith Bloodletter

--: Auriok Transfixer

--: Consume Spirit

--: Consume Spirit

Pack 3 pick 3:
    Shatter
    Tree of Tales
--> Consume Spirit
    Auriok Transfixer
    Titanium Golem
    Wail of the Nim
    Leonin Elder
    Incite War
    Loxodon Mender
    Molten Rain
    Slith Bloodletter
    Tempest of Light
    Plated Slagwurm

--: Scythe of the Wretched

Pack 3 pick 4:
    Chromatic Sphere
    Vulshok Berserker
    Cobalt Golem
    Yotian Soldier
    Wanderguard Sentry
    Battlegrowth
    Frogmite
    Disarm
    Viridian Joiner
    Granite Shard
    Slith Firewalker
--> Scythe of the Wretched

--: Nim Shrieker

--: Nim Shrieker

Pack 3 pick 5:
    Annul
    Nim Replica
    Predator's Strike
--> Nim Shrieker
    Lifespark Spellbomb
    Tel-Jilad Exile
    Myr Adapter
    Sphere of Purity
    Serum Tank
    Psychic Membrane
    March of the Machines

--: Rustspore Ram

--: Arrest

--: Arrest

Pack 3 pick 6:
    Goblin War Wagon
--> Arrest
    Elf Replica
    Fists of the Anvil
    Lumengrid Warden
    Vorrac Battlehorns
    Chimney Imp
    Necrogen Spellbomb
    Tel-Jilad Stylus
    Rustspore Ram

--: Consume Spirit

--: Auriok Transfixer

--: Auriok Transfixer

Pack 3 pick 7:
    Shatter
    Consume Spirit
--> Auriok Transfixer
    Titanium Golem
    Journey of Discovery
    Wail of the Nim
    Loxodon Mender
    Woebearer
    Rule of Law

--: Tree of Tales

--: Tree of Tales

Pack 3 pick 8:
--> Tree of Tales
    Vulshok Berserker
    Cobalt Golem
    Leonin Elder
    Incite War
    Disarm
    Viridian Joiner
    Forge Armor

--: Neurok Hoversail

--: Neurok Hoversail

Pack 3 pick 9:
--> Neurok Hoversail
    Steel Wall
    Incite War
    Clockwork Beetle
    Groffskithur
    Wrench Mind
    Bloodscent

--: Titanium Golem

--: Titanium Golem

Pack 3 pick 10:
    Swamp
--> Titanium Golem
    Journey of Discovery
    Loxodon Mender
    Farsight Mask
    Slith Bloodletter

--: Loxodon Mender

--: Loxodon Mender

Pack 3 pick 11:
    Wail of the Nim
    Incite War
--> Loxodon Mender
    Molten Rain
    Plated Slagwurm

--: Viridian Joiner

Pack 3 pick 12:
    Wanderguard Sentry
    Battlegrowth
    Disarm
--> Viridian Joiner

--: Lifespark Spellbomb

Pack 3 pick 13:
    Predator's Strike
--> Lifespark Spellbomb
    Sphere of Purity

--: Tel-Jilad Stylus

Pack 3 pick 14:
    Chimney Imp
--> Tel-Jilad Stylus

Pack 3 pick 15:
--> Woebearer

