Event #: 9262669
Time:    1/13/2016 7:38:09 PM
Players:
    sjbaker1
    hpman101
    OleBiscuitBarrell
--> Visla
    BicMichum
    SpikeSpiegel1SC
    Artacool
    TheDualEye

--: Talisman of Progress

--: Talisman of Progress

------ MRD ------ 

Pack 1 pick 1:
    Terror
    Vault of Whispers
    Goblin War Wagon
    Cobalt Golem
    Thoughtcast
    Malachite Golem
    Nim Lasher
    Steel Wall
    Leonin Den-Guard
    Viridian Joiner
    Tanglebloom
    Taj-Nar Swordsmith
--> Talisman of Progress
    Fractured Loyalty
    Fiery Gambit

--: Wizard Replica

--: Wizard Replica

Pack 1 pick 2:
--> Wizard Replica
    Seat of the Synod
    Neurok Hoversail
    Disciple of the Vault
    Lumengrid Warden
    Vulshok Gauntlets
    Journey of Discovery
    Chimney Imp
    Myr Adapter
    Blinding Beam
    Slith Strider
    Blinkmoth Well
    Myr Prototype
    Tangleroot

--: Silver Myr

--: Silver Myr

Pack 1 pick 3:
--> Silver Myr
    Vault of Whispers
    Leonin Scimitar
    Tel-Jilad Chosen
    Irradiate
    Raise the Alarm
    Steel Wall
    Viridian Joiner
    Clockwork Beetle
    Contaminated Bond
    Fireshrieker
    Woebearer
    Cathodion

--: Barter in Blood

--: Barter in Blood

Pack 1 pick 4:
    Wizard Replica
    Seat of the Synod
    Disciple of the Vault
    Pewter Golem
    Lumengrid Warden
    Vulshok Gauntlets
    Journey of Discovery
    Myr Adapter
    Blinding Beam
    Myr Retriever
--> Barter in Blood
    Worldslayer

--: Fractured Loyalty

--: Fractured Loyalty

Pack 1 pick 5:
    Inertia Bubble
    Fangren Hunter
    Neurok Hoversail
    Tooth of Chiss-Goria
    Ogre Leadfoot
    Slagwurm Armor
    Turn to Dust
    Chimney Imp
--> Fractured Loyalty
    Stalking Stones
    Grim Reminder

--: Betrayal of Flesh

--: Betrayal of Flesh

Pack 1 pick 6:
    Moriok Scavenger
    Tel-Jilad Exile
    Dross Prowler
    Vulshok Gauntlets
    Clockwork Beetle
    Cloudpost
    Trolls of Tel-Jilad
    Fabricate
--> Betrayal of Flesh
    Leveler

--: Irradiate

Pack 1 pick 7:
    Dream's Grip
    Leonin Scimitar
    Tel-Jilad Chosen
    Welding Jar
--> Irradiate
    Raise the Alarm
    Viridian Joiner
    Clockwork Beetle
    Contaminated Bond

--: Tooth of Chiss-Goria

--: Tooth of Chiss-Goria

Pack 1 pick 8:
    Inertia Bubble
    Elf Replica
--> Tooth of Chiss-Goria
    Wurmskin Forger
    Turn to Dust
    Vorrac Battlehorns
    Chimney Imp
    Jinxed Choker

--: Fractured Loyalty

--: Fractured Loyalty

Pack 1 pick 9:
    Vault of Whispers
    Goblin War Wagon
    Cobalt Golem
    Malachite Golem
    Viridian Joiner
    Tanglebloom
--> Fractured Loyalty

--: Slith Strider

Pack 1 pick 10:
    Lumengrid Warden
    Journey of Discovery
    Chimney Imp
    Myr Adapter
--> Slith Strider
    Blinkmoth Well

--: Irradiate

Pack 1 pick 11:
    Tel-Jilad Chosen
--> Irradiate
    Steel Wall
    Viridian Joiner
    Clockwork Beetle

--: Pewter Golem

--: Pewter Golem

Pack 1 pick 12:
--> Pewter Golem
    Lumengrid Warden
    Myr Adapter
    Worldslayer

--: Chimney Imp

Pack 1 pick 13:
    Inertia Bubble
    Turn to Dust
--> Chimney Imp

--: Cloudpost

Pack 1 pick 14:
--> Cloudpost
    Trolls of Tel-Jilad

--: Viridian Joiner

Pack 1 pick 15:
--> Viridian Joiner

--: Mask of Memory

--: Arc-Slogger

------ MRD ------ 

Pack 2 pick 1:
    Goblin Replica
    Annul
    Copper Myr
    Pewter Golem
    Razor Barrier
    Soldier Replica
    Sunbeam Spellbomb
    Nim Lasher
    Leonin Den-Guard
    Seething Song
    Frogmite
    Mask of Memory
    Bloodscent
    Serum Tank
--> Arc-Slogger

--: Shatter

--: Shatter

Pack 2 pick 2:
    Alpha Myr
--> Shatter
    Tree of Tales
    Fangren Hunter
    Leonin Scimitar
    Lumengrid Warden
    Journey of Discovery
    Viridian Longbow
    Contaminated Bond
    Clockwork Condor
    Blinding Beam
    Heartwood Shard
    Ornithopter
    Grid Monitor

--: Silver Myr

--: Dross Harvester

--: Dross Harvester

Pack 2 pick 3:
    Myr Enforcer
    Moriok Scavenger
    Silver Myr
    Predator's Strike
    Nim Shrieker
    Æther Spellbomb
    Dross Scorpion
    Tel-Jilad Exile
    Dross Prowler
    Wrench Mind
    Sphere of Purity
    Auriok Bladewarden
--> Dross Harvester

--: Leaden Myr

--: Leaden Myr

Pack 2 pick 4:
    Nim Replica
--> Leaden Myr
    Deconstruct
    Cobalt Golem
    Disarm
    Regress
    Lifespark Spellbomb
    Tel-Jilad Exile
    Clockwork Condor
    Molten Rain
    Slith Firewalker
    Golem-Skin Gauntlets

--: Talisman of Indulgence

--: Talisman of Indulgence

Pack 2 pick 5:
    Ancient Den
    Æther Spellbomb
    Neurok Spy
    Yotian Soldier
    Wanderguard Sentry
    Battlegrowth
    Neurok Familiar
    Clockwork Beetle
    Groffskithur
--> Talisman of Indulgence
    Mourner's Shield

--: Rustmouth Ogre

--: Rustmouth Ogre

Pack 2 pick 6:
    Ancient Den
    Inertia Bubble
    Elf Replica
    Slagwurm Armor
    Raise the Alarm
    Turn to Dust
    Island
    Chimney Imp
--> Rustmouth Ogre
    Banshee's Blade

--: Vault of Whispers

--: Vault of Whispers

Pack 2 pick 7:
--> Vault of Whispers
    Titanium Golem
    Raise the Alarm
    Steel Wall
    Incite War
    Viridian Joiner
    Clockwork Beetle
    Contaminated Bond
    Tempest of Light

--: Frogmite

Pack 2 pick 8:
    Annul
    Razor Barrier
    Mountain
    Vulshok Berserker
    Sunbeam Spellbomb
--> Frogmite
    Neurok Familiar
    Power Conduit

--: Mask of Memory

--: Mask of Memory

Pack 2 pick 9:
    Annul
    Pewter Golem
    Razor Barrier
    Sunbeam Spellbomb
--> Mask of Memory
    Bloodscent
    Serum Tank

--: Viridian Longbow

--: Viridian Longbow

Pack 2 pick 10:
    Alpha Myr
    Lumengrid Warden
    Journey of Discovery
--> Viridian Longbow
    Clockwork Condor
    Heartwood Shard

--: Silver Myr

--: Silver Myr

Pack 2 pick 11:
--> Silver Myr
    Dross Scorpion
    Tel-Jilad Exile
    Wrench Mind
    Sphere of Purity

--: Molten Rain

--: Molten Rain

Pack 2 pick 12:
    Disarm
    Lifespark Spellbomb
    Tel-Jilad Exile
--> Molten Rain

--: Clockwork Beetle

Pack 2 pick 13:
    Wanderguard Sentry
--> Clockwork Beetle
    Groffskithur

--: Elf Replica

Pack 2 pick 14:
--> Elf Replica
    Chimney Imp

--: Incite War

Pack 2 pick 15:
--> Incite War

--: Darksteel Gargoyle

--: Darksteel Gargoyle

------ DST ------ 

Pack 3 pick 1:
    Tel-Jilad Outrider
    Grimclaw Bats
    Darksteel Pendant
    Unforge
    Vedalken Engineer
    Spire Golem
    Drill-Skimmer
    Echoing Calm
    Darksteel Citadel
    Crazed Goblin
    Vex
    Tears of Rage
    Specter's Shroud
--> Darksteel Gargoyle
    Shriveling Rot

--: Emissary of Despair

--: Echoing Decay

--: Echoing Decay

Pack 3 pick 2:
--> Echoing Decay
    Pteron Ghost
    Arcbound Worker
    Vedalken Engineer
    Reap and Sow
    Arcbound Worker
    Arcane Spyglass
    Nourish
    Drill-Skimmer
    Scavenging Scarab
    Metal Fatigue
    Emissary of Despair
    Kraken's Eye
    Emissary of Hope

--: Barbed Lightning

--: Barbed Lightning

Pack 3 pick 3:
    Tel-Jilad Wolf
    Vulshok Morningstar
    Pteron Ghost
--> Barbed Lightning
    Oxidda Golem
    Tangle Spider
    Magnetic Flux
    Myr Landshaper
    Echoing Courage
    Scavenging Scarab
    Tel-Jilad Outrider
    Stir the Pride
    Vulshok War Boar

--: Chittering Rats

--: Chittering Rats

Pack 3 pick 4:
    Krark-Clan Stoker
    Echoing Truth
    Tangle Golem
--> Chittering Rats
    Ritual of Restoration
    Razor Golem
    Hunger of the Nim
    Reap and Sow
    Echoing Calm
    Drooling Ogre
    Thunderstaff
    Goblin Archaeologist

--: Chittering Rats

--: Chittering Rats

Pack 3 pick 5:
    Tangle Spider
--> Chittering Rats
    Darksteel Pendant
    Krark-Clan Stoker
    Neurok Prodigy
    Scavenging Scarab
    Hallow
    Myr Landshaper
    Drooling Ogre
    Screams from Within
    Emissary of Hope

--: Leonin Bola

--: Leonin Bola

Pack 3 pick 6:
    Tel-Jilad Wolf
    Vulshok Morningstar
    Pteron Ghost
--> Leonin Bola
    Magnetic Flux
    Myr Landshaper
    Echoing Courage
    Scavenging Scarab
    Juggernaut
    Hoverguard Observer

--: Ur-Golem's Eye

--: Ur-Golem's Eye

Pack 3 pick 7:
    Arcbound Worker
    Vedalken Engineer
    Reap and Sow
    Unforge
    Scavenging Scarab
    Metal Fatigue
--> Ur-Golem's Eye
    Inflame
    Carry Away

--: Echoing Decay

--: Echoing Decay

Pack 3 pick 8:
--> Echoing Decay
    Pteron Ghost
    Reap and Sow
    Neurok Prodigy
    Arcane Spyglass
    Nourish
    Scavenging Scarab
    Demon's Horn

--: Grimclaw Bats

--: Grimclaw Bats

Pack 3 pick 9:
--> Grimclaw Bats
    Darksteel Pendant
    Echoing Calm
    Darksteel Citadel
    Crazed Goblin
    Vex
    Tears of Rage

--: Arcane Spyglass

Pack 3 pick 10:
    Pteron Ghost
    Reap and Sow
--> Arcane Spyglass
    Nourish
    Scavenging Scarab
    Metal Fatigue

--: Echoing Courage

Pack 3 pick 11:
    Pteron Ghost
    Myr Landshaper
--> Echoing Courage
    Scavenging Scarab
    Tel-Jilad Outrider

--: Echoing Calm

Pack 3 pick 12:
    Ritual of Restoration
    Hunger of the Nim
--> Echoing Calm
    Drooling Ogre

--: Scavenging Scarab

Pack 3 pick 13:
    Neurok Prodigy
--> Scavenging Scarab
    Myr Landshaper

--: Echoing Courage

Pack 3 pick 14:
    Magnetic Flux
--> Echoing Courage

--: Scavenging Scarab

Pack 3 pick 15:
--> Scavenging Scarab

