Event #: 9271855
Time:    1/16/2016 11:12:49 AM
Players:
    DTutor_
    LeanMC
    JRod534
    Keldorn
    poteko
    knightsaber77
    denki
--> DanTheMan25

--: Reave Soul

------ ORI ------ 

Pack 1 pick 1:
    Dragon Fodder
    Yoked Ox
    Separatist Voidmage
    Vine Snare
    Heavy Infantry
    Prickleboar
--> Reave Soul
    Dreadwaters
    Maritime Guard
    Timberpack Wolf
    Elemental Bond
    Skysnare Spider
    Fleshbag Marauder
    Battlefield Forge
    Swamp

--: Lightning Javelin

--: Lightning Javelin

Pack 1 pick 2:
    Ampryn Tactician
    Fetid Imp
    Scrapskin Drake
    Vine Snare
--> Lightning Javelin
    Shambling Ghoul
    Calculated Dismissal
    Yeva's Forcemage
    Maritime Guard
    Patron of the Valiant
    Ghirapur Æther Grid
    Anchor to the Æther
    Herald of the Pantheon
    Island

--: Read the Bones

--: Skyraker Giant

--: Skyraker Giant

Pack 1 pick 3:
    Smash to Smithereens
    Healing Hands
    Infernal Scarring
    Nissa's Pilgrimage
    Veteran's Sidearm
    Titan's Strength
    Read the Bones
    Orchard Spirit
    Negate
    Meteorite
    Blazing Hellhound
--> Skyraker Giant
    Plains

--: Eyeblight Assassin

--: Eyeblight Assassin

Pack 1 pick 4:
    Aven Battle Priest
--> Eyeblight Assassin
    Chandra's Fury
    Grasp of the Hieromancer
    Aerial Volley
    Maritime Guard
    Timberpack Wolf
    Stratus Walk
    Deep-Sea Terror
    Reclusive Artificer
    Bounding Krasis
    Swamp

--: Smash to Smithereens

Pack 1 pick 5:
    Forest
--> Smash to Smithereens
    Faerie Miscreant
    Nissa's Pilgrimage
    Enlightened Ascetic
    Rabid Bloodsucker
    Negate
    Vastwood Gorger
    Psychic Rebuttal
    Ramroller
    Island

--: Anointer of Champions

Pack 1 pick 6:
    Cobblebrute
    Aven Battle Priest
    Reclaim
    Veteran's Sidearm
    Tainted Remedy
    Undead Servant
    Stratus Walk
    Pharika's Disciple
--> Anointer of Champions
    Mountain

--: Weight of the Underworld

Pack 1 pick 7:
    Auramancer
--> Weight of the Underworld
    Nivix Barrier
    Might of the Masses
    Deep-Sea Terror
    Wild Instincts
    Alchemist's Vial
    Brawler's Plate
    Plains

--: Shadows of the Past

Pack 1 pick 8:
    Thornbow Archer
    Cobblebrute
    Enshrouding Mist
    Titanic Growth
    Disperse
    Mantle of Webs
--> Shadows of the Past
    Island

--: Heavy Infantry

Pack 1 pick 9:
    Yoked Ox
    Vine Snare
--> Heavy Infantry
    Dreadwaters
    Maritime Guard
    Elemental Bond
    Swamp

--: Shambling Ghoul

Pack 1 pick 10:
    Vine Snare
--> Shambling Ghoul
    Calculated Dismissal
    Maritime Guard
    Ghirapur Æther Grid
    Island

--: Infernal Scarring

Pack 1 pick 11:
    Healing Hands
--> Infernal Scarring
    Nissa's Pilgrimage
    Negate
    Plains

--: Aven Battle Priest

Pack 1 pick 12:
--> Aven Battle Priest
    Stratus Walk
    Deep-Sea Terror
    Swamp

--: Nissa's Pilgrimage

Pack 1 pick 13:
--> Nissa's Pilgrimage
    Psychic Rebuttal
    Island

--: Mountain

Pack 1 pick 14:
    Reclaim
--> Mountain

--: Plains

Pack 1 pick 15:
--> Plains

--: Lightning Javelin

------ ORI ------ 

Pack 2 pick 1:
    Nightsnare
    Demolish
    Scrapskin Drake
    Vine Snare
    Cleric of the Forward Order
--> Lightning Javelin
    Shambling Ghoul
    Calculated Dismissal
    Watercourser
    Elvish Visionary
    Citadel Castellan
    Skaab Goliath
    Jayemdae Tome
    Gaea's Revenge
    Forest

--: Blazing Hellhound

Pack 2 pick 2:
    Macabre Waltz
    Volcanic Rambler
    Ampryn Tactician
    Fetid Imp
    Disperse
    Hitchclaw Recluse
    Bellows Lizard
    Returned Centaur
    Ringwarden Owl
--> Blazing Hellhound
    Shadows of the Past
    Gnarlroot Trapper
    Helm of the Gods
    Plains

--: Ghirapur Gearcrafter

Pack 2 pick 3:
    Chandra's Fury
    Charging Griffin
    Faerie Miscreant
    Llanowar Empath
    Kytheon's Tactics
--> Ghirapur Gearcrafter
    Undead Servant
    Dreadwaters
    Negate
    Pharika's Disciple
    Meteorite
    Angel's Tomb
    Mountain

--: Subterranean Scout

--: Subterranean Scout

Pack 2 pick 4:
    Touch of Moonglove
--> Subterranean Scout
    Dark Dabbling
    Send to Sleep
    Caustic Caterpillar
    Aspiring Aeronaut
    Yeva's Forcemage
    Bellows Lizard
    Gather the Pack
    Goblin Glory Chaser
    Throwing Knife
    Swamp

--: Call of the Full Moon

Pack 2 pick 5:
    Smash to Smithereens
    Healing Hands
    Infernal Scarring
    Reclaim
    Bonded Construct
    Shambling Ghoul
    Bone to Ash
    Aerial Volley
    Skaab Goliath
--> Call of the Full Moon
    Island

--: Ravaging Blaze

--: Ravaging Blaze

Pack 2 pick 6:
    Subterranean Scout
    Akroan Jailer
    Dark Dabbling
    Chandra's Fury
    Caustic Caterpillar
    Guardians of Meletis
    Fiery Impulse
--> Ravaging Blaze
    Infinite Obliteration
    Island

--: Fetid Imp

--: Fetid Imp

Pack 2 pick 7:
--> Fetid Imp
    Faerie Miscreant
    Kytheon's Tactics
    Undead Servant
    Dreadwaters
    Nivix Barrier
    Blood-Cursed Knight
    Reclusive Artificer
    Island

--: Lightning Javelin

--: Lightning Javelin

Pack 2 pick 8:
    Yoked Ox
    Catacomb Slug
    Reclaim
--> Lightning Javelin
    Nivix Barrier
    Magmatic Insight
    Jace's Sanctum
    Mountain

--: Jayemdae Tome

Pack 2 pick 9:
    Nightsnare
    Demolish
    Vine Snare
    Calculated Dismissal
    Watercourser
--> Jayemdae Tome
    Forest

--: Returned Centaur

Pack 2 pick 10:
    Macabre Waltz
    Volcanic Rambler
    Bellows Lizard
--> Returned Centaur
    Shadows of the Past
    Plains

--: Meteorite

Pack 2 pick 11:
    Chandra's Fury
    Dreadwaters
    Negate
--> Meteorite
    Mountain

--: Dark Dabbling

Pack 2 pick 12:
--> Dark Dabbling
    Bellows Lizard
    Gather the Pack
    Swamp

--: Smash to Smithereens

Pack 2 pick 13:
--> Smash to Smithereens
    Reclaim
    Island

--: Dark Dabbling

Pack 2 pick 14:
--> Dark Dabbling
    Island

--: Island

Pack 2 pick 15:
--> Island

--: Unholy Hunger

------ ORI ------ 

Pack 3 pick 1:
    Deadbridge Shaman
    Cobblebrute
    Aven Battle Priest
    Nightsnare
    Stratus Walk
    Titanic Growth
    Mantle of Webs
    Boggart Brute
    Alchemist's Vial
--> Unholy Hunger
    Sphinx's Tutelage
    Swift Reckoning
    Jayemdae Tome
    Sword of the Animist
    Mountain

--: Skyraker Giant

Pack 3 pick 2:
    Infectious Bloodlust
    Enshrouding Mist
    Faerie Miscreant
    Nissa's Pilgrimage
    Enlightened Ascetic
    Rabid Bloodsucker
    Separatist Voidmage
    Aspiring Aeronaut
    Elvish Visionary
    Clash of Wills
--> Skyraker Giant
    Bounding Krasis
    Willbreaker
    Plains

--: Reave Soul

Pack 3 pick 3:
    Healing Hands
    Deadbridge Shaman
    Smash to Smithereens
    Rhox Maulers
    Heavy Infantry
    Prickleboar
--> Reave Soul
    Maritime Guard
    Shivan Reef
    Tormented Thoughts
    Murder Investigation
    Malakir Cullblade
    Plains

--: Weight of the Underworld

Pack 3 pick 4:
    Demolish
    Auramancer
--> Weight of the Underworld
    Rhox Maulers
    Kytheon's Tactics
    Evolving Wilds
    Read the Bones
    Nivix Barrier
    Orchard Spirit
    Consecrated by Blood
    Goblin Glory Chaser
    Forest

--: Volcanic Rambler

Pack 3 pick 5:
--> Volcanic Rambler
    Mighty Leap
    Infernal Scarring
    Nissa's Pilgrimage
    Veteran's Sidearm
    Titan's Strength
    Bone to Ash
    Aerial Volley
    Clash of Wills
    Dwynen's Elite
    Plains

--: Necromantic Summons

Pack 3 pick 6:
    Thornbow Archer
    Scrapskin Drake
    Vine Snare
    Shambling Ghoul
    Calculated Dismissal
    Watercourser
    Orchard Spirit
    Hydrolash
--> Necromantic Summons
    Mountain

--: Undead Servant

Pack 3 pick 7:
    Macabre Waltz
    Reclaim
    Firefiend Elemental
--> Undead Servant
    Send to Sleep
    Magmatic Insight
    Possessed Skaab
    Tainted Remedy
    Swamp

--: Read the Bones

Pack 3 pick 8:
    Macabre Waltz
    Volcanic Rambler
    Kytheon's Tactics
    Titan's Strength
--> Read the Bones
    Maritime Guard
    Hitchclaw Recluse
    Plains

--: Nightsnare

Pack 3 pick 9:
    Aven Battle Priest
--> Nightsnare
    Stratus Walk
    Titanic Growth
    Mantle of Webs
    Jayemdae Tome
    Mountain

--: Enshrouding Mist

Pack 3 pick 10:
--> Enshrouding Mist
    Faerie Miscreant
    Nissa's Pilgrimage
    Enlightened Ascetic
    Clash of Wills
    Plains

--: Deadbridge Shaman

Pack 3 pick 11:
    Healing Hands
--> Deadbridge Shaman
    Heavy Infantry
    Tormented Thoughts
    Plains

--: Demolish

Pack 3 pick 12:
--> Demolish
    Kytheon's Tactics
    Nivix Barrier
    Forest

--: Bone to Ash

Pack 3 pick 13:
    Nissa's Pilgrimage
--> Bone to Ash
    Plains

--: Mountain

Pack 3 pick 14:
    Vine Snare
--> Mountain

--: Swamp

Pack 3 pick 15:
--> Swamp

