Event #: 9319823
Time:    29.01.2016 20:34:40
Players:
    Jagganoth
    Asmodeusz
    crawlers
    GoreSpaz
    dalemn69
    Zero_one
    TheSquirrel
--> Delmak

--: Joraga Auxiliary

------ OGW ------ 

Pack 1 pick 1:
    Reality Hemorrhage
    Unknown Shores
    Sweep Away
    Bone Saw
    Tajuru Pathwarden
    Slaughter Drone
    Loam Larva
    Affa Protector
    Mighty Leap
    Consuming Sinkhole
    Timber Gorge
    Ruin in Their Wake
--> Joraga Auxiliary
    Stoneforge Masterwork
    Mountain

--: Roiling Waters

Pack 1 pick 2:
    Holdout Settlement
    Blinding Drone
    Kozilek's Pathfinder
    Spawnbinder Mage
    Kozilek's Translator
    Lead by Example
    Corpse Churn
--> Roiling Waters
    Maw of Kozilek
    Mighty Leap
    Spatial Contortion
    Gift of Tusks
    Mindmelter
    Plains

--: Baloth Null

--: Baloth Null

Pack 1 pick 3:
    Scion Summoner
    Boulder Salvo
    Holdout Settlement
    Blinding Drone
    Vines of the Recluse
    Saddleback Lagac
    Makindi Aeronaut
    Abstruse Interference
    Akoum Flameseeker
    Embodiment of Insight
    Immobilizer Eldrazi
--> Baloth Null
    Plains

--: Scion Summoner

--: Scion Summoner

Pack 1 pick 4:
    Unknown Shores
    Kozilek's Pathfinder
--> Scion Summoner
    Kor Sky Climber
    Canopy Gorger
    Kozilek's Shrieker
    Eldrazi Aggressor
    Dazzling Reflection
    Slip Through Space
    Roiling Waters
    Embodiment of Fury
    Mountain

--: Nissa's Judgment

--: Nissa's Judgment

Pack 1 pick 5:
    Wastes
    Untamed Hunger
    Pulse of Murasa
    Unnatural Endurance
    Maw of Kozilek
    Dazzling Reflection
    Umara Entangler
    Chitinous Cloak
--> Nissa's Judgment
    Jori En, Ruin Diver
    Mountain

--: Tajuru Pathwarden

--: Tajuru Pathwarden

Pack 1 pick 6:
--> Tajuru Pathwarden
    Expedition Raptor
    Zada's Commando
    Pulse of Murasa
    Untamed Hunger
    Slip Through Space
    Tears of Valakut
    Cinder Barrens
    Iona's Blessing
    Swamp

--: Holdout Settlement

--: Holdout Settlement

Pack 1 pick 7:
    Goblin Freerunner
--> Holdout Settlement
    Blinding Drone
    Lead by Example
    Sparkmage's Gambit
    Shoulder to Shoulder
    Slip Through Space
    Tears of Valakut
    Swamp

--: Tranquil Expanse

--: Tranquil Expanse

Pack 1 pick 8:
    Stalking Drone
    Reality Hemorrhage
    Wastes
    Natural State
    Abstruse Interference
--> Tranquil Expanse
    Make a Stand
    Plains

--: Tajuru Pathwarden

--: Tajuru Pathwarden

Pack 1 pick 9:
    Bone Saw
--> Tajuru Pathwarden
    Affa Protector
    Mighty Leap
    Consuming Sinkhole
    Timber Gorge
    Mountain

--: Lead by Example

--: Lead by Example

Pack 1 pick 10:
    Holdout Settlement
--> Lead by Example
    Corpse Churn
    Mighty Leap
    Gift of Tusks
    Plains

--: Saddleback Lagac

--: Saddleback Lagac

Pack 1 pick 11:
    Vines of the Recluse
--> Saddleback Lagac
    Abstruse Interference
    Immobilizer Eldrazi
    Plains

--: Roiling Waters

--: Roiling Waters

Pack 1 pick 12:
    Canopy Gorger
    Dazzling Reflection
--> Roiling Waters
    Mountain

--: Pulse of Murasa

--: Pulse of Murasa

Pack 1 pick 13:
--> Pulse of Murasa
    Chitinous Cloak
    Mountain

--: Untamed Hunger

Pack 1 pick 14:
--> Untamed Hunger
    Swamp

--: Swamp

Pack 1 pick 15:
--> Swamp

--: Seed Guardian

--: Seed Guardian

------ OGW ------ 

Pack 2 pick 1:
    Wastes
    Jwar Isle Avenger
    Warden of Geometries
    Spawnbinder Mage
    Vampire Envoy
    Vines of the Recluse
    Zulaport Chainmage
    Shoulder to Shoulder
    Slip Through Space
    Maw of Kozilek
    Pyromancer's Assault
--> Seed Guardian
    Flaying Tendrils
    Corrupted Crossroads
    Forest

--: Allied Reinforcements

--: Grasp of Darkness

--: Grasp of Darkness

Pack 2 pick 2:
    Kozilek's Pathfinder
    Tajuru Pathwarden
    Expedition Raptor
    Zada's Commando
    Crumbling Vestige
    Saddleback Lagac
    Corpse Churn
    Maw of Kozilek
    Dazzling Reflection
    Umara Entangler
    Allied Reinforcements
--> Grasp of Darkness
    Nissa's Judgment
    Island

--: Stalking Drone

Pack 2 pick 3:
    Gravity Negator
    Warden of Geometries
--> Stalking Drone
    Kor Sky Climber
    Zulaport Chainmage
    Natural State
    Witness the End
    Affa Protector
    Mighty Leap
    Consuming Sinkhole
    Cliffhaven Vampire
    Make a Stand
    Plains

--: Null Caller

--: Null Caller

Pack 2 pick 4:
    Unknown Shores
    Sweep Away
    Kor Sky Climber
    Unnatural Endurance
    Pulse of Murasa
    Untamed Hunger
    Consuming Sinkhole
    Shoulder to Shoulder
    Ancient Crab
--> Null Caller
    Immobilizer Eldrazi
    Island

--: Natural State

--: Natural State

Pack 2 pick 5:
    Kor Sky Climber
    Containment Membrane
--> Natural State
    Kozilek's Translator
    Elemental Uprising
    Dazzling Reflection
    Slip Through Space
    Consuming Sinkhole
    Submerged Boneyard
    Tears of Valakut
    Mountain

--: Relief Captain

--: Relief Captain

Pack 2 pick 6:
    Wastes
    Sweep Away
    Natural State
    Slaughter Drone
    Abstruse Interference
    Akoum Flameseeker
    Dazzling Reflection
--> Relief Captain
    Baloth Pup
    Island

--: Witness the End

--: Containment Membrane

--: Containment Membrane

Pack 2 pick 7:
--> Containment Membrane
    Bone Saw
    Vampire Envoy
    Tajuru Pathwarden
    Witness the End
    Akoum Flameseeker
    Akoum Flameseeker
    Negate
    Island

--: Submerged Boneyard

--: Submerged Boneyard

Pack 2 pick 8:
    Gravity Negator
    Vampire Envoy
    Witness the End
    Sparkmage's Gambit
    Comparative Analysis
--> Submerged Boneyard
    Void Shatter
    Swamp

--: Vines of the Recluse

--: Vines of the Recluse

Pack 2 pick 9:
    Vampire Envoy
--> Vines of the Recluse
    Shoulder to Shoulder
    Slip Through Space
    Pyromancer's Assault
    Flaying Tendrils
    Forest

--: Saddleback Lagac

--: Saddleback Lagac

Pack 2 pick 10:
    Kozilek's Pathfinder
    Expedition Raptor
    Zada's Commando
--> Saddleback Lagac
    Dazzling Reflection
    Island

--: Affa Protector

--: Affa Protector

Pack 2 pick 11:
--> Affa Protector
    Mighty Leap
    Consuming Sinkhole
    Make a Stand
    Plains

--: Ancient Crab

--: Ancient Crab

Pack 2 pick 12:
    Untamed Hunger
    Consuming Sinkhole
--> Ancient Crab
    Island

--: Dazzling Reflection

--: Dazzling Reflection

Pack 2 pick 13:
--> Dazzling Reflection
    Consuming Sinkhole
    Mountain

--: Natural State

Pack 2 pick 14:
--> Natural State
    Island

--: Bone Saw

Pack 2 pick 15:
--> Bone Saw

--: Hero of Goma Fada

--: Hero of Goma Fada

------ BFZ ------ 

Pack 3 pick 1:
    Earthen Arms
    Incubator Drone
    Kalastria Healer
    Reclaiming Vines
    Shatterskull Recruit
    Lithomancer's Focus
    Dominator Drone
    Stonefury
    Ghostly Sentinel
    Benthic Infiltrator
    Expedition Envoy
    Halimar Tidecaller
    Infuse with the Elements
--> Hero of Goma Fada
    Island

--: Tajuru Warcaller

--: Tajuru Warcaller

Pack 3 pick 2:
    Anticipate
    Mind Raker
    Territorial Baloth
    Vile Aggregate
    Outnumber
    Angelic Gift
    Belligerent Whiptail
    Valakut Invoker
    Ondu Greathorn
--> Tajuru Warcaller
    Catacomb Sifter
    Molten Nursery
    Painful Truths
    Swamp

--: Sheer Drop

--: Zulaport Cutthroat

--: Zulaport Cutthroat

Pack 3 pick 3:
    Culling Drone
    Giant Mantis
    Anticipate
    Stone Haven Medic
    Kozilek's Sentinel
    Makindi Patrol
    Nettle Drone
    Valakut Predator
    Sheer Drop
--> Zulaport Cutthroat
    Sylvan Scrying
    Conduit of Ruin
    Swamp

--: Evolving Wilds

--: Evolving Wilds

Pack 3 pick 4:
    Reclaiming Vines
    Mist Intruder
    Mire's Malice
    Fertile Thicket
    Geyserfield Stalker
    Boiling Earth
--> Evolving Wilds
    Sure Strike
    Inspired Charge
    Tunneling Geopede
    Kor Bladewhirl
    Forest

--: Tajuru Warcaller

--: Tajuru Warcaller

Pack 3 pick 5:
    Mist Intruder
    Dutiful Return
    Tightening Coils
    Eldrazi Devastator
    Demon's Grasp
    Looming Spires
    Fertile Thicket
    Belligerent Whiptail
    Kor Castigator
--> Tajuru Warcaller
    Island

--: Lifespring Druid

--: Lifespring Druid

--: Lifespring Druid

Pack 3 pick 6:
    Tajuru Stalwart
    Clutch of Currents
    Culling Drone
    Giant Mantis
    Cliffside Lookout
    Courier Griffin
    Valakut Predator
    Shadow Glider
--> Lifespring Druid
    Swamp

--: Call the Scions

Pack 3 pick 7:
    Altar's Reap
--> Call the Scions
    Roilmage's Trick
    Boiling Earth
    Ondu Greathorn
    Ondu Champion
    Makindi Sliderunner
    Scythe Leopard
    Forest

--: Fertile Thicket

Pack 3 pick 8:
    Coralhelm Guide
    Looming Spires
    Grave Birthing
    Wave-Wing Elemental
--> Fertile Thicket
    Fortified Rampart
    Ondu Rising
    Plains

--: Expedition Envoy

--: Reclaiming Vines

Pack 3 pick 9:
    Earthen Arms
    Incubator Drone
--> Reclaiming Vines
    Lithomancer's Focus
    Expedition Envoy
    Infuse with the Elements
    Island

--: Territorial Baloth

--: Territorial Baloth

Pack 3 pick 10:
--> Territorial Baloth
    Outnumber
    Angelic Gift
    Belligerent Whiptail
    Valakut Invoker
    Swamp

--: Makindi Patrol

--: Makindi Patrol

Pack 3 pick 11:
    Anticipate
    Stone Haven Medic
--> Makindi Patrol
    Sylvan Scrying
    Swamp

--: Fertile Thicket

--: Fertile Thicket

Pack 3 pick 12:
    Reclaiming Vines
--> Fertile Thicket
    Inspired Charge
    Forest

--: Tightening Coils

Pack 3 pick 13:
--> Tightening Coils
    Looming Spires
    Island

--: Tajuru Stalwart

--: Tajuru Stalwart

Pack 3 pick 14:
--> Tajuru Stalwart
    Swamp

--: Forest

Pack 3 pick 15:
--> Forest

