Event #: 9320262
Time:    1/29/2016 5:04:33 PM
Players:
    Rancor
    FikFik
    TuxedoRose
    zkopce
    DayStart
    jell
    L0VEAGE
--> CommiePuddin

--: Sifter of Skulls

--: Sifter of Skulls

------ OGW ------ 

Pack 1 pick 1:
    Kozilek's Pathfinder
    Scion Summoner
    Kor Sky Climber
    Zada's Commando
    Crumbling Vestige
    Untamed Hunger
    Vines of the Recluse
    Cultivator Drone
    Expedite
    Makindi Aeronaut
    Chitinous Cloak
    Weapons Trainer
    Baloth Pup
--> Sifter of Skulls
    Plains

--: Essence Depleter

--: Essence Depleter

Pack 1 pick 2:
    Scion Summoner
    Spawnbinder Mage
    Cinder Hellion
    Unknown Shores
    Sweep Away
    Untamed Hunger
    Vines of the Recluse
    Eldrazi Aggressor
    Dazzling Reflection
    Slip Through Space
--> Essence Depleter
    Malakir Soothsayer
    Wall of Resurgence
    Mountain

--: Sweep Away

--: Sweep Away

Pack 1 pick 3:
--> Sweep Away
    Seer's Lantern
    Spawnbinder Mage
    Lead by Example
    Corpse Churn
    Natural State
    Mighty Leap
    Cultivator Drone
    Expedite
    Void Shatter
    Malakir Soothsayer
    Hedron Alignment
    Island

--: Warping Wail

--: Warping Wail

Pack 1 pick 4:
    Warden of Geometries
    Vampire Envoy
    Unknown Shores
    Corpse Churn
    Natural State
    Consuming Sinkhole
    Shoulder to Shoulder
    Ancient Crab
    Birthing Hulk
--> Warping Wail
    Jori En, Ruin Diver
    Island

--: Roiling Waters

--: Roiling Waters

Pack 1 pick 5:
    Kozilek's Pathfinder
    Kor Sky Climber
    Zada's Commando
    Witness the End
    Canopy Gorger
    Dazzling Reflection
    Umara Entangler
    Brute Strength
--> Roiling Waters
    Kazuul's Toll Collector
    Plains

--: Mindmelter

--: Mindmelter

Pack 1 pick 6:
    Hedron Crawler
    Tar Snare
    Netcaster Spider
    Canopy Gorger
    Affa Protector
    Ancient Crab
    Walker of the Wastes
    Press into Service
--> Mindmelter
    Swamp

--: Unnatural Endurance

--: Unnatural Endurance

Pack 1 pick 7:
    Cinder Hellion
    Untamed Hunger
    Pulse of Murasa
--> Unnatural Endurance
    Eldrazi Aggressor
    Kor Scythemaster
    Negate
    Cinder Barrens
    Forest

--: Unity of Purpose

--: Unity of Purpose

Pack 1 pick 8:
    Vampire Envoy
    Cinder Hellion
    Bone Saw
    Abstruse Interference
    Tranquil Expanse
    Weapons Trainer
--> Unity of Purpose
    Swamp

--: Vines of the Recluse

--: Chitinous Cloak

--: Vines of the Recluse

--: Vines of the Recluse

Pack 1 pick 9:
    Untamed Hunger
--> Vines of the Recluse
    Expedite
    Makindi Aeronaut
    Chitinous Cloak
    Weapons Trainer
    Plains

--: Slip Through Space

Pack 1 pick 10:
    Cinder Hellion
    Untamed Hunger
    Vines of the Recluse
    Dazzling Reflection
--> Slip Through Space
    Mountain

--: Corpse Churn

Pack 1 pick 11:
--> Corpse Churn
    Mighty Leap
    Expedite
    Hedron Alignment
    Island

--: Ancient Crab

Pack 1 pick 12:
    Corpse Churn
    Natural State
--> Ancient Crab
    Island

--: Canopy Gorger

--: Brute Strength

Pack 1 pick 13:
    Canopy Gorger
--> Brute Strength
    Plains

--: Ancient Crab

Pack 1 pick 14:
--> Ancient Crab
    Swamp

--: Forest

Pack 1 pick 15:
--> Forest

--: Jwar Isle Avenger

--: Jwar Isle Avenger

------ OGW ------ 

Pack 2 pick 1:
--> Jwar Isle Avenger
    Warden of Geometries
    Stalking Drone
    Expedition Raptor
    Canopy Gorger
    Kozilek's Shrieker
    Lead by Example
    Mighty Leap
    Consuming Sinkhole
    Ondu War Cleric
    Timber Gorge
    Roiling Waters
    Unity of Purpose
    Overwhelming Denial
    Plains

--: Thought Harvester

--: Thought Harvester

Pack 2 pick 2:
    Vampire Envoy
    Lead by Example
    Boulder Salvo
    Holdout Settlement
    Witness the End
    Canopy Gorger
    Umara Entangler
    Brute Strength
    Mighty Leap
    Meandering River
--> Thought Harvester
    Steppe Glider
    Oath of Jace
    Forest

--: Remorseless Punishment

--: Remorseless Punishment

Pack 2 pick 3:
    Wastes
    Jwar Isle Avenger
    Warden of Geometries
    Kozilek's Shrieker
    Netcaster Spider
--> Remorseless Punishment
    Maw of Kozilek
    Dazzling Reflection
    Allied Reinforcements
    Reaver Drone
    Bonds of Mortality
    Corrupted Crossroads
    Mountain

--: Spatial Contortion

--: Wastes

--: Wastes

--: Wastes

Pack 2 pick 4:
    Stalking Drone
    Kor Sky Climber
    Reality Hemorrhage
--> Wastes
    Kozilek's Translator
    Elemental Uprising
    Maw of Kozilek
    Mighty Leap
    Abstruse Interference
    Akoum Flameseeker
    Spatial Contortion
    Swamp

--: Containment Membrane

--: Slaughter Drone

--: Null Caller

--: Slaughter Drone

--: Null Caller

--: Slaughter Drone

--: Null Caller

--: Null Caller

--: Slaughter Drone

--: Null Caller

--: Null Caller

Pack 2 pick 5:
    Crumbling Vestige
    Containment Membrane
    Tar Snare
    Slaughter Drone
    Lead by Example
    Expedite
    Searing Light
    Comparative Analysis
--> Null Caller
    Gift of Tusks
    Mountain

--: Seer's Lantern

Pack 2 pick 6:
    Swamp
--> Seer's Lantern
    Loam Larva
    Unnatural Endurance
    Pulse of Murasa
    Sparkmage's Gambit
    Kor Scythemaster
    Comparative Analysis
    Make a Stand
    Swamp

--: Tar Snare

Pack 2 pick 7:
--> Tar Snare
    Unknown Shores
    Kozilek's Shrieker
    Netcaster Spider
    Shoulder to Shoulder
    Slip Through Space
    Maw of Kozilek
    Meandering River
    Forest

--: Slaughter Drone

--: Slaughter Drone

Pack 2 pick 8:
    Containment Membrane
    Stalking Drone
--> Slaughter Drone
    Loam Larva
    Ancient Crab
    Affa Protector
    Walker of the Wastes
    Swamp

--: Overwhelming Denial

Pack 2 pick 9:
    Canopy Gorger
    Lead by Example
    Mighty Leap
    Consuming Sinkhole
    Unity of Purpose
--> Overwhelming Denial
    Plains

--: Umara Entangler

Pack 2 pick 10:
    Lead by Example
    Witness the End
    Canopy Gorger
--> Umara Entangler
    Meandering River
    Forest

--: Kozilek's Shrieker

Pack 2 pick 11:
--> Kozilek's Shrieker
    Dazzling Reflection
    Reaver Drone
    Bonds of Mortality
    Mountain

--: Abstruse Interference

Pack 2 pick 12:
    Elemental Uprising
    Mighty Leap
--> Abstruse Interference
    Swamp

--: Gift of Tusks

Pack 2 pick 13:
    Expedite
--> Gift of Tusks
    Mountain

--: Swamp

Pack 2 pick 14:
--> Swamp
    Swamp

--: Forest

Pack 2 pick 15:
--> Forest

--: Complete Disregard

--: Complete Disregard

------ BFZ ------ 

Pack 3 pick 1:
    Voracious Null
    Reclaiming Vines
    Grave Birthing
    Broodhunter Wurm
    Spell Shrivel
--> Complete Disregard
    Ruin Processor
    Skyline Cascade
    Boiling Earth
    Lithomancer's Focus
    Pathway Arrows
    Expedition Envoy
    Scythe Leopard
    Shambling Vent
    Swamp

--: Swarm Surge

Pack 3 pick 2:
    Altar's Reap
    Call the Scions
    Roilmage's Trick
--> Swarm Surge
    Lavastep Raider
    Makindi Patrol
    Kozilek's Sentinel
    Cliffside Lookout
    Gideon's Reproach
    Touch of the Void
    Skyrider Elf
    Kor Bladewhirl
    Brood Butcher
    Mountain

--: Eldrazi Skyspawner

--: Eldrazi Skyspawner

Pack 3 pick 3:
    Coralhelm Guide
    Mire's Malice
    Fertile Thicket
    Geyserfield Stalker
    Snapping Gnarlid
    Evolving Wilds
--> Eldrazi Skyspawner
    Hedron Blade
    Belligerent Whiptail
    Stone Haven Medic
    Void Attendant
    Herald of Kozilek
    Island

--: Mist Intruder

--: Mist Intruder

Pack 3 pick 4:
    Swell of Growth
--> Mist Intruder
    Silent Skimmer
    Rush of Ice
    Natural Connection
    Geyserfield Stalker
    Shatterskull Recruit
    Lithomancer's Focus
    Jaddi Offshoot
    Carrier Thrall
    Desolation Twin
    Forest

--: Guul Draz Overseer

--: Guul Draz Overseer

Pack 3 pick 5:
    Dutiful Return
    Swell of Growth
    Dispel
    Looming Spires
    Grave Birthing
    Eyeless Watcher
    Wave-Wing Elemental
    Plated Crusher
    Malakir Familiar
--> Guul Draz Overseer
    Plains

--: Murk Strider

Pack 3 pick 6:
    Swarm Surge
    Call the Scions
--> Murk Strider
    Voracious Null
    Boiling Earth
    Ondu Champion
    Ghostly Sentinel
    Halimar Tidecaller
    Infuse with the Elements
    Forest

--: Spell Shrivel

--: Spell Shrivel

Pack 3 pick 7:
    Swarm Surge
    Call the Scions
--> Spell Shrivel
    Scour from Existence
    Tajuru Beastmaster
    Wave-Wing Elemental
    Sure Strike
    Roil Spout
    Island

--: Mire's Malice

--: Mire's Malice

Pack 3 pick 8:
--> Mire's Malice
    Cloud Manta
    Sandstone Bridge
    Skyline Cascade
    Belligerent Whiptail
    Angelic Gift
    Infuse with the Elements
    Plains

--: Spell Shrivel

Pack 3 pick 9:
    Voracious Null
    Reclaiming Vines
    Grave Birthing
--> Spell Shrivel
    Boiling Earth
    Lithomancer's Focus
    Swamp

--: Altar's Reap

--: Altar's Reap

Pack 3 pick 10:
--> Altar's Reap
    Call the Scions
    Roilmage's Trick
    Lavastep Raider
    Makindi Patrol
    Mountain

--: Geyserfield Stalker

Pack 3 pick 11:
--> Geyserfield Stalker
    Hedron Blade
    Belligerent Whiptail
    Stone Haven Medic
    Island

--: Rush of Ice

Pack 3 pick 12:
    Swell of Growth
--> Rush of Ice
    Geyserfield Stalker
    Forest

--: Dispel

Pack 3 pick 13:
--> Dispel
    Grave Birthing
    Plains

--: Voracious Null

Pack 3 pick 14:
--> Voracious Null
    Forest

--: Island

Pack 3 pick 15:
--> Island

