Event #: 9323610
Time:    30.01.2016 20:48:11
Players:
    BrokenPipe
    DMKking
    cocossiste
    daveboss2001
    Tozin
    JojiTM
--> Delmak
    TheJuice

--: Oblivion Strike

------ OGW ------ 

Pack 1 pick 1:
--> Oblivion Strike
    Boulder Salvo
    Holdout Settlement
    Blinding Drone
    Kozilek's Translator
    Lead by Example
    Corpse Churn
    Cultivator Drone
    Expedite
    Gravity Negator
    Embodiment of Insight
    Spatial Contortion
    Gift of Tusks
    Eldrazi Mimic
    Mountain

--: Malakir Soothsayer

--: Malakir Soothsayer

Pack 1 pick 2:
    Kor Sky Climber
    Zada's Commando
    Crumbling Vestige
    Containment Membrane
    Hedron Crawler
    Kozilek's Translator
    Elemental Uprising
    Affa Protector
    Essence Depleter
    Expedite
    Immolating Glare
--> Malakir Soothsayer
    Flayer Drone
    Forest

--: Allied Reinforcements

--: Allied Reinforcements

Pack 1 pick 3:
    Seer's Lantern
    Spawnbinder Mage
    Zada's Commando
    Unnatural Endurance
    Pulse of Murasa
    Zulaport Chainmage
    Abstruse Interference
    Akoum Flameseeker
    Dazzling Reflection
--> Allied Reinforcements
    Null Caller
    Bonds of Mortality
    Forest

--: Makindi Aeronaut

Pack 1 pick 4:
    Wastes
    Spawnbinder Mage
    Elemental Uprising
    Zulaport Chainmage
    Natural State
    Affa Protector
--> Makindi Aeronaut
    Abstruse Interference
    Make a Stand
    Relentless Hunter
    Oath of Gideon
    Forest

--: Kozilek's Translator

--: Kozilek's Translator

Pack 1 pick 5:
    Cinder Hellion
    Untamed Hunger
    Vines of the Recluse
--> Kozilek's Translator
    Dazzling Reflection
    Umara Entangler
    Brute Strength
    Timber Gorge
    Ruin in Their Wake
    Oath of Jace
    Island

--: Searing Light

Pack 1 pick 6:
    Holdout Settlement
    Bone Saw
    Expedition Raptor
    Sky Scourer
    Loam Larva
    Expedite
--> Searing Light
    Comparative Analysis
    Void Shatter
    Island

--: Makindi Aeronaut

--: Makindi Aeronaut

Pack 1 pick 7:
    Unknown Shores
    Kozilek's Pathfinder
    Scion Summoner
    Canopy Gorger
    Kozilek's Shrieker
    Sparkmage's Gambit
--> Makindi Aeronaut
    Stoneforge Acolyte
    Mountain

--: Ondu War Cleric

--: Ondu War Cleric

Pack 1 pick 8:
    Cinder Hellion
    Unknown Shores
    Canopy Gorger
    Mighty Leap
--> Ondu War Cleric
    Kazuul's Toll Collector
    Immobilizer Eldrazi
    Swamp

--: Kozilek's Translator

--: Kozilek's Translator

Pack 1 pick 9:
    Holdout Settlement
--> Kozilek's Translator
    Corpse Churn
    Expedite
    Gravity Negator
    Gift of Tusks
    Mountain

--: Affa Protector

--: Affa Protector

Pack 1 pick 10:
    Crumbling Vestige
    Kozilek's Translator
    Elemental Uprising
--> Affa Protector
    Expedite
    Forest

--: Dazzling Reflection

--: Dazzling Reflection

Pack 1 pick 11:
    Pulse of Murasa
    Akoum Flameseeker
--> Dazzling Reflection
    Bonds of Mortality
    Forest

--: Affa Protector

--: Affa Protector

Pack 1 pick 12:
    Wastes
    Natural State
--> Affa Protector
    Forest

--: Timber Gorge

Pack 1 pick 13:
    Untamed Hunger
--> Timber Gorge
    Island

--: Bone Saw

Pack 1 pick 14:
--> Bone Saw
    Island

--: Mountain

Pack 1 pick 15:
--> Mountain

--: Kozilek, the Great Distortion

------ OGW ------ 

Pack 2 pick 1:
    Warden of Geometries
    Stalking Drone
    Expedition Raptor
    Reality Hemorrhage
    Loam Larva
    Slaughter Drone
    Lead by Example
    Comparative Analysis
    Eldrazi Aggressor
    Dazzling Reflection
    Pyromancer's Assault
    Baloth Pup
    Flaying Tendrils
--> Kozilek, the Great Distortion
    Swamp

--: Isolation Zone

--: Isolation Zone

Pack 2 pick 2:
    Jwar Isle Avenger
    Warden of Geometries
--> Isolation Zone
    Tar Snare
    Reality Hemorrhage
    Kozilek's Translator
    Lead by Example
    Ondu War Cleric
    Cultivator Drone
    Expedite
    Immolating Glare
    Joraga Auxiliary
    Immobilizer Eldrazi
    Forest

--: Isolation Zone

--: Isolation Zone

Pack 2 pick 3:
    Kozilek's Pathfinder
--> Isolation Zone
    Scion Summoner
    Boulder Salvo
    Loam Larva
    Unnatural Endurance
    Pulse of Murasa
    Goblin Freerunner
    Negate
    Sparkmage's Gambit
    Cyclone Sire
    Mindmelter
    Island

--: Witness the End

Pack 2 pick 4:
    Reality Hemorrhage
    Wastes
    Gravity Negator
    Bone Saw
    Scion Summoner
    Natural State
--> Witness the End
    Ancient Crab
    Affa Protector
    Makindi Aeronaut
    Ruin in Their Wake
    Island

--: Shoulder to Shoulder

--: Shoulder to Shoulder

Pack 2 pick 5:
    Stalking Drone
    Goblin Freerunner
    Unnatural Endurance
    Pulse of Murasa
    Untamed Hunger
    Negate
    Sparkmage's Gambit
--> Shoulder to Shoulder
    Reckless Bushwhacker
    Oath of Chandra
    Swamp

--: Spawnbinder Mage

--: Spawnbinder Mage

Pack 2 pick 6:
    Wastes
    Gravity Negator
    Bone Saw
--> Spawnbinder Mage
    Slip Through Space
    Brute Strength
    Timber Gorge
    Weapons Trainer
    Thought Harvester
    Plains

--: Warden of Geometries

--: Warden of Geometries

Pack 2 pick 7:
--> Warden of Geometries
    Lead by Example
    Untamed Hunger
    Vines of the Recluse
    Ancient Crab
    Maw of Kozilek
    Mighty Leap
    Grip of the Roil
    Mountain

--: Ondu War Cleric

--: Ondu War Cleric

Pack 2 pick 8:
    Cinder Hellion
    Wastes
    Spawnbinder Mage
    Corpse Churn
    Umara Entangler
    Akoum Flameseeker
--> Ondu War Cleric
    Plains

--: Expedition Raptor

--: Expedition Raptor

Pack 2 pick 9:
    Warden of Geometries
    Stalking Drone
--> Expedition Raptor
    Loam Larva
    Lead by Example
    Baloth Pup
    Swamp

--: Ondu War Cleric

--: Ondu War Cleric

Pack 2 pick 10:
    Kozilek's Translator
    Lead by Example
--> Ondu War Cleric
    Expedite
    Immobilizer Eldrazi
    Forest

--: Unnatural Endurance

--: Unnatural Endurance

Pack 2 pick 11:
    Boulder Salvo
--> Unnatural Endurance
    Pulse of Murasa
    Sparkmage's Gambit
    Island

--: Affa Protector

--: Affa Protector

Pack 2 pick 12:
    Wastes
    Ancient Crab
--> Affa Protector
    Island

--: Sparkmage's Gambit

Pack 2 pick 13:
    Untamed Hunger
--> Sparkmage's Gambit
    Swamp

--: Brute Strength

Pack 2 pick 14:
--> Brute Strength
    Plains

--: Mountain

Pack 2 pick 15:
--> Mountain

--: Roil Spout

--: Courier Griffin

------ BFZ ------ 

Pack 3 pick 1:
    Plummet
    Coralhelm Guide
    Mire's Malice
    Tajuru Stalwart
    Volcanic Upheaval
    Tandem Tactics
--> Courier Griffin
    Benthic Infiltrator
    Touch of the Void
    Shadow Glider
    Rolling Thunder
    Pilgrim's Eye
    Roil Spout
    Ally Encampment
    Island

--: Bloodbond Vampire

--: Bloodbond Vampire

Pack 3 pick 2:
    Culling Drone
    Seek the Wilds
    Coralhelm Guide
    Wave-Wing Elemental
    Fertile Thicket
    Geyserfield Stalker
    Snapping Gnarlid
    Evolving Wilds
    Kitesail Scout
    Belligerent Whiptail
--> Bloodbond Vampire
    Tide Drifter
    Retreat to Hagra
    Mountain

--: Stasis Snare

--: Stasis Snare

Pack 3 pick 3:
    Altar's Reap
    Call the Scions
    Mortuary Mire
--> Stasis Snare
    Grave Birthing
    Eyeless Watcher
    Eldrazi Devastator
    Cliffside Lookout
    Volcanic Upheaval
    Tide Drifter
    Infuse with the Elements
    Sanctum of Ugin
    Mountain

--: Zulaport Cutthroat

Pack 3 pick 4:
    Dispel
    Kalastria Nightwatch
    Earthen Arms
    Skyline Cascade
    Ruin Processor
    Bone Splinters
    Broodhunter Wurm
    Sure Strike
    Kitesail Scout
--> Zulaport Cutthroat
    Smothering Abomination
    Plains

--: Eldrazi Devastator

Pack 3 pick 5:
    Murk Strider
    Sludge Crawler
    Mortuary Mire
    Looming Spires
    Grave Birthing
    Eyeless Watcher
--> Eldrazi Devastator
    Reckless Cohort
    Inspired Charge
    Jaddi Offshoot
    Plains

--: Retreat to Emeria

--: Retreat to Emeria

Pack 3 pick 6:
    Kalastria Healer
    Blisterpod
    Unnatural Aggression
    Geyserfield Stalker
    Sandstone Bridge
    Tajuru Beastmaster
    Lithomancer's Focus
    Retreat to Kazandu
--> Retreat to Emeria
    Swamp

--: Kalastria Nightwatch

--: Kalastria Nightwatch

Pack 3 pick 7:
--> Kalastria Nightwatch
    Swell of Growth
    Scour from Existence
    Grave Birthing
    Broodhunter Wurm
    Lithomancer's Focus
    Goblin War Paint
    Processor Assault
    Forest

--: Fortified Rampart

--: Fortified Rampart

Pack 3 pick 8:
    Call the Scions
    Murk Strider
    Voracious Null
    Demon's Grasp
--> Fortified Rampart
    Murasa Ranger
    Skyrider Elf
    Island

--: Pilgrim's Eye

--: Mire's Malice

--: Mire's Malice

Pack 3 pick 9:
    Plummet
    Coralhelm Guide
--> Mire's Malice
    Tajuru Stalwart
    Volcanic Upheaval
    Pilgrim's Eye
    Island

--: Geyserfield Stalker

Pack 3 pick 10:
    Seek the Wilds
    Fertile Thicket
--> Geyserfield Stalker
    Kitesail Scout
    Belligerent Whiptail
    Mountain

--: Grave Birthing

--: Eyeless Watcher

Pack 3 pick 11:
    Altar's Reap
    Grave Birthing
--> Eyeless Watcher
    Volcanic Upheaval
    Mountain

--: Kalastria Nightwatch

--: Kalastria Nightwatch

Pack 3 pick 12:
--> Kalastria Nightwatch
    Earthen Arms
    Kitesail Scout
    Plains

--: Eyeless Watcher

Pack 3 pick 13:
    Looming Spires
--> Eyeless Watcher
    Plains

--: Geyserfield Stalker

Pack 3 pick 14:
--> Geyserfield Stalker
    Swamp

--: Forest

Pack 3 pick 15:
--> Forest

