Event #: 9331487
Time:    01/02/2016 20:38:28
Players:
    StefanMePlaneswalker
    birdoxer
    unstuckintime
    supermareo
--> rrNextUsername
    AaronTaylorSkates
    ud5soul
    rgd

--: Isolation Zone

--: Isolation Zone

------ OGW ------ 

Pack 1 pick 1:
    Wastes
    Jwar Isle Avenger
    Warden of Geometries
--> Isolation Zone
    Tar Snare
    Natural State
    Witness the End
    Comparative Analysis
    Eldrazi Aggressor
    Dazzling Reflection
    Harvester Troll
    Stormchaser Mage
    Devour in Flames
    Drana's Chosen
    Plains

--: Shoulder to Shoulder

--: Zada's Commando

--: Zada's Commando

Pack 1 pick 2:
    Spawnbinder Mage
--> Zada's Commando
    Wastes
    Jwar Isle Avenger
    Lead by Example
    Corpse Churn
    Natural State
    Negate
    Forest
    Shoulder to Shoulder
    Strider Harness
    Stoneforge Acolyte
    Joraga Auxiliary
    Forest

--: Prophet of Distortion

--: Netcaster Spider

--: Ondu War Cleric

--: Reality Hemorrhage

--: Sweep Away

--: Ondu War Cleric

--: Ondu War Cleric

Pack 1 pick 3:
    Spawnbinder Mage
    Vampire Envoy
    Reality Hemorrhage
    Unknown Shores
    Sweep Away
    Kozilek's Shrieker
    Netcaster Spider
    Consuming Sinkhole
--> Ondu War Cleric
    Meandering River
    Prophet of Distortion
    Bonds of Mortality
    Swamp

--: Goblin Freerunner

--: Tajuru Pathwarden

--: Goblin Freerunner

--: Relentless Hunter

--: Goblin Freerunner

Pack 1 pick 4:
    Bone Saw
    Tajuru Pathwarden
--> Goblin Freerunner
    Wastes
    Vines of the Recluse
    Unnatural Endurance
    Dazzling Reflection
    Slip Through Space
    Brute Strength
    Pyromancer's Assault
    Relentless Hunter
    Forest

--: Cinder Hellion

Pack 1 pick 5:
    Stalking Drone
--> Cinder Hellion
    Jwar Isle Avenger
    Consuming Sinkhole
    Zulaport Chainmage
    Brute Strength
    Kor Scythemaster
    Comparative Analysis
    Tranquil Expanse
    Stoneforge Acolyte
    Plains

--: Tajuru Pathwarden

--: Zada's Commando

--: Devour in Flames

--: Zada's Commando

Pack 1 pick 6:
    Kozilek's Pathfinder
    Tajuru Pathwarden
--> Zada's Commando
    Untamed Hunger
    Pulse of Murasa
    Unnatural Endurance
    Affa Protector
    Devour in Flames
    Iona's Blessing
    Swamp

--: Embodiment of Insight

Pack 1 pick 7:
    Containment Membrane
    Lead by Example
    Corpse Churn
    Natural State
    Akoum Flameseeker
    Negate
    Kazuul's Toll Collector
--> Embodiment of Insight
    Forest

--: Netcaster Spider

Pack 1 pick 8:
    Kozilek's Pathfinder
--> Netcaster Spider
    Consuming Sinkhole
    Shoulder to Shoulder
    Ancient Crab
    Submerged Boneyard
    Void Shatter
    Swamp

--: Eldrazi Aggressor

--: Natural State

--: Eldrazi Aggressor

--: Eldrazi Aggressor

Pack 1 pick 9:
    Jwar Isle Avenger
    Natural State
    Witness the End
    Comparative Analysis
--> Eldrazi Aggressor
    Dazzling Reflection
    Plains

--: Lead by Example

Pack 1 pick 10:
--> Lead by Example
    Corpse Churn
    Negate
    Forest
    Strider Harness
    Forest

--: Netcaster Spider

Pack 1 pick 11:
    Sweep Away
--> Netcaster Spider
    Consuming Sinkhole
    Bonds of Mortality
    Swamp

--: Pyromancer's Assault

Pack 1 pick 12:
    Bone Saw
    Dazzling Reflection
--> Pyromancer's Assault
    Forest

--: Consuming Sinkhole

--: Consuming Sinkhole

Pack 1 pick 13:
--> Consuming Sinkhole
    Stoneforge Acolyte
    Plains

--: Untamed Hunger

Pack 1 pick 14:
--> Untamed Hunger
    Swamp

--: Forest

Pack 1 pick 15:
--> Forest

--: Immobilizer Eldrazi

--: Immobilizer Eldrazi

------ OGW ------ 

Pack 2 pick 1:
    Cinder Hellion
    Unknown Shores
    Gravity Negator
    Warden of Geometries
    Sky Scourer
    Elemental Uprising
    Ancient Crab
    Affa Protector
    Makindi Aeronaut
    Abstruse Interference
    Spatial Contortion
    Relief Captain
--> Immobilizer Eldrazi
    Dimensional Infiltrator
    Plains

--: Scion Summoner

--: Sylvan Advocate

--: Relentless Hunter

--: Zada's Commando

--: Sylvan Advocate

Pack 2 pick 2:
    Kozilek's Pathfinder
    Scion Summoner
    Kor Sky Climber
    Zada's Commando
    Crumbling Vestige
    Netcaster Spider
    Kozilek's Shrieker
    Dazzling Reflection
    Slip Through Space
    Consuming Sinkhole
    Relentless Hunter
    Press into Service
--> Sylvan Advocate
    Island

--: Boulder Salvo

--: Boulder Salvo

Pack 2 pick 3:
    Hedron Crawler
    Vampire Envoy
    Scion Summoner
--> Boulder Salvo
    Slaughter Drone
    Makindi Aeronaut
    Umara Entangler
    Consuming Sinkhole
    Shoulder to Shoulder
    Cyclone Sire
    Kazuul's Toll Collector
    Stormchaser Mage
    Mountain

--: Stone Haven Outfitter

--: Steppe Glider

--: Expedition Raptor

--: Kor Scythemaster

--: Reality Hemorrhage

--: Reality Hemorrhage

Pack 2 pick 4:
    Expedition Raptor
--> Reality Hemorrhage
    Sky Scourer
    Loam Larva
    Witness the End
    Kor Scythemaster
    Negate
    Sparkmage's Gambit
    Meandering River
    Steppe Glider
    Stone Haven Outfitter
    Swamp

--: Sparkmage's Gambit

Pack 2 pick 5:
    Wastes
    Containment Membrane
    Vampire Envoy
    Slaughter Drone
    Loam Larva
--> Sparkmage's Gambit
    Shoulder to Shoulder
    Slip Through Space
    Warping Wail
    Joraga Auxiliary
    Plains

--: Elemental Uprising

--: Elemental Uprising

Pack 2 pick 6:
    Tar Snare
    Canopy Gorger
    Sky Scourer
--> Elemental Uprising
    Makindi Aeronaut
    Abstruse Interference
    Sparkmage's Gambit
    Stormchaser Mage
    Iona's Blessing
    Forest

--: Akoum Flameseeker

--: Akoum Flameseeker

Pack 2 pick 7:
    Stalking Drone
    Cinder Hellion
    Lead by Example
    Corpse Churn
    Abstruse Interference
--> Akoum Flameseeker
    Searing Light
    Press into Service
    Plains

--: Nissa's Judgment

Pack 2 pick 8:
    Cinder Hellion
    Sweep Away
    Canopy Gorger
    Ancient Crab
    Mighty Leap
    Tears of Valakut
--> Nissa's Judgment
    Forest

--: Affa Protector

--: Cinder Hellion

Pack 2 pick 9:
--> Cinder Hellion
    Gravity Negator
    Elemental Uprising
    Ancient Crab
    Affa Protector
    Abstruse Interference
    Plains

--: Relentless Hunter

Pack 2 pick 10:
    Kozilek's Pathfinder
    Dazzling Reflection
    Consuming Sinkhole
--> Relentless Hunter
    Press into Service
    Island

--: Cyclone Sire

Pack 2 pick 11:
    Umara Entangler
    Consuming Sinkhole
--> Cyclone Sire
    Kazuul's Toll Collector
    Mountain

--: Meandering River

Pack 2 pick 12:
    Sky Scourer
    Witness the End
--> Meandering River
    Swamp

--: Shoulder to Shoulder

Pack 2 pick 13:
--> Shoulder to Shoulder
    Slip Through Space
    Plains

--: Iona's Blessing

Pack 2 pick 14:
--> Iona's Blessing
    Forest

--: Plains

Pack 2 pick 15:
--> Plains

--: Murasa Ranger

--: Valakut Predator

--: Valakut Predator

------ BFZ ------ 

Pack 3 pick 1:
    Culling Drone
    Seek the Wilds
    Coralhelm Guide
    Nirkana Assassin
    Cinder Glade
    Kitesail Scout
    Gideon's Reproach
    Lifespring Druid
--> Valakut Predator
    Sheer Drop
    Murasa Ranger
    Drana's Emissary
    Ruination Guide
    Conduit of Ruin
    Island

--: Stonefury

Pack 3 pick 2:
    Territorial Baloth
    Kalastria Nightwatch
    Swell of Growth
    Stone Haven Medic
    Volcanic Upheaval
    Tandem Tactics
    Shatterskull Recruit
    Smite the Monstrous
--> Stonefury
    Adverse Conditions
    Sylvan Scrying
    Zulaport Cutthroat
    Gruesome Slaughter
    Plains

--: Akoum Stonewaker

Pack 3 pick 3:
    Clutch of Currents
    Giant Mantis
    Anticipate
    Lavastep Raider
    Cliffside Lookout
    Sheer Drop
    Hedron Blade
    Valakut Invoker
    Courier Griffin
--> Akoum Stonewaker
    Hagra Sharpshooter
    Adverse Conditions
    Mountain

--: Tunneling Geopede

Pack 3 pick 4:
    Territorial Baloth
    Clutch of Currents
    Cloud Manta
    Sandstone Bridge
    Skyline Cascade
    Eldrazi Skyspawner
    Reckless Cohort
    Stone Haven Medic
--> Tunneling Geopede
    Slab Hammer
    Bring to Light
    Island

--: Tunneling Geopede

Pack 3 pick 5:
    Blisterpod
    Bone Splinters
    Voracious Null
    Broodhunter Wurm
    Spell Shrivel
    Ruin Processor
    Skyline Cascade
    Boiling Earth
    Infuse with the Elements
--> Tunneling Geopede
    Forest

--: Blisterpod

Pack 3 pick 6:
    Dutiful Return
--> Blisterpod
    Tightening Coils
    Demon's Grasp
    Looming Spires
    Fertile Thicket
    Goblin War Paint
    Scythe Leopard
    Retreat to Valakut
    Plains

--: Makindi Sliderunner

Pack 3 pick 7:
    Nirkana Assassin
    Dispel
    Mind Raker
    Angelic Gift
    Belligerent Whiptail
--> Makindi Sliderunner
    Courier Griffin
    Scatter to the Winds
    Plains

--: Valakut Invoker

Pack 3 pick 8:
    Mist Intruder
    Dutiful Return
    Shatterskull Recruit
    Lithomancer's Focus
    Goblin War Paint
--> Valakut Invoker
    Pathway Arrows
    Island

--: Murasa Ranger

Pack 3 pick 9:
    Seek the Wilds
    Nirkana Assassin
    Cinder Glade
    Kitesail Scout
    Lifespring Druid
--> Murasa Ranger
    Island

--: Swell of Growth

Pack 3 pick 10:
    Territorial Baloth
--> Swell of Growth
    Volcanic Upheaval
    Tandem Tactics
    Sylvan Scrying
    Plains

--: Valakut Invoker

--: Giant Mantis

--: Giant Mantis

Pack 3 pick 11:
--> Giant Mantis
    Lavastep Raider
    Hedron Blade
    Valakut Invoker
    Mountain

--: Territorial Baloth

--: Slab Hammer

Pack 3 pick 12:
    Territorial Baloth
    Cloud Manta
--> Slab Hammer
    Island

--: Infuse with the Elements

Pack 3 pick 13:
    Voracious Null
--> Infuse with the Elements
    Forest

--: Goblin War Paint

Pack 3 pick 14:
--> Goblin War Paint
    Plains

--: Plains

Pack 3 pick 15:
--> Plains

