Event #: 9332073
Time:    01.02.2016 23:15:39
Players:
    Tatsumaki_
    The_Sensei
    hpgeek339
    notsurewhy
    metaghost
    jammo123
    JoyousRespite
--> Pascal3000

--: Drana's Chosen

--: Drana's Chosen

------ OGW ------ 

Pack 1 pick 1:
    Cinder Hellion
    Unknown Shores
    Sweep Away
    Seer's Lantern
    Kor Sky Climber
    Saddleback Lagac
    Corpse Churn
    Consuming Sinkhole
    Searing Light
    Negate
    Relief Captain
    Stoneforge Acolyte
    Press into Service
--> Drana's Chosen
    Mountain

--: Oblivion Strike

--: Oblivion Strike

Pack 1 pick 2:
    Sweep Away
    Seer's Lantern
--> Oblivion Strike
    Spawnbinder Mage
    Kozilek's Translator
    Lead by Example
    Corpse Churn
    Expedite
    Ancient Crab
    Reaver Drone
    Void Grafter
    Visions of Brutality
    Ruins of Oran-Rief
    Forest

--: Flaying Tendrils

--: Flaying Tendrils

Pack 1 pick 3:
    Holdout Settlement
    Blinding Drone
    Kozilek's Pathfinder
    Lead by Example
    Untamed Hunger
    Vines of the Recluse
    Expedite
    Makindi Aeronaut
    Abstruse Interference
    Meandering River
--> Flaying Tendrils
    Oath of Gideon
    Forest

--: Stone Haven Outfitter

--: Stone Haven Outfitter

Pack 1 pick 4:
    Gravity Negator
    Stalking Drone
    Netcaster Spider
    Witness the End
    Canopy Gorger
    Umara Entangler
    Brute Strength
    Mighty Leap
    Reaver Drone
    Bonds of Mortality
--> Stone Haven Outfitter
    Forest

--: Kor Scythemaster

--: Kor Scythemaster

Pack 1 pick 5:
    Holdout Settlement
    Kozilek's Pathfinder
    Lead by Example
    Untamed Hunger
    Pulse of Murasa
--> Kor Scythemaster
    Negate
    Sparkmage's Gambit
    Spatial Contortion
    Joraga Auxiliary
    Mountain

--: Ondu War Cleric

--: Ondu War Cleric

Pack 1 pick 6:
    Unknown Shores
    Kozilek's Pathfinder
    Scion Summoner
    Kozilek's Translator
    Lead by Example
    Cultivator Drone
    Baloth Pup
--> Ondu War Cleric
    Meandering River
    Plains

--: Akoum Flameseeker

--: Cinder Barrens

--: Akoum Flameseeker

--: Cinder Hellion

--: Akoum Flameseeker

--: Elemental Uprising

--: Dazzling Reflection

--: Cinder Barrens

Pack 1 pick 7:
    Cinder Hellion
    Natural State
    Elemental Uprising
    Abstruse Interference
    Akoum Flameseeker
    Dazzling Reflection
--> Cinder Barrens
    Iona's Blessing
    Plains

--: Netcaster Spider

--: Affa Protector

--: Netcaster Spider

--: Affa Protector

--: Netcaster Spider

Pack 1 pick 8:
    Witness the End
--> Netcaster Spider
    Affa Protector
    Ancient Crab
    Expedite
    Kazuul's Toll Collector
    Gift of Tusks
    Island

--: Kor Sky Climber

Pack 1 pick 9:
--> Kor Sky Climber
    Corpse Churn
    Consuming Sinkhole
    Negate
    Stoneforge Acolyte
    Press into Service
    Mountain

--: Sweep Away

--: Sweep Away

Pack 1 pick 10:
--> Sweep Away
    Corpse Churn
    Expedite
    Ancient Crab
    Reaver Drone
    Forest

--: Kozilek's Pathfinder

--: Vines of the Recluse

--: Kozilek's Pathfinder

Pack 1 pick 11:
--> Kozilek's Pathfinder
    Untamed Hunger
    Vines of the Recluse
    Expedite
    Forest

--: Mighty Leap

Pack 1 pick 12:
    Canopy Gorger
--> Mighty Leap
    Bonds of Mortality
    Forest

--: Untamed Hunger

Pack 1 pick 13:
--> Untamed Hunger
    Sparkmage's Gambit
    Mountain

--: Meandering River

Pack 1 pick 14:
--> Meandering River
    Plains

--: Plains

Pack 1 pick 15:
--> Plains

--: Isolation Zone

--: Isolation Zone

------ OGW ------ 

Pack 2 pick 1:
--> Isolation Zone
    Scion Summoner
    Walker of the Wastes
    Wastes
    Kozilek's Shrieker
    Lead by Example
    Untamed Hunger
    Ondu War Cleric
    Cultivator Drone
    Expedite
    Birthing Hulk
    Void Grafter
    Warping Wail
    Overwhelming Denial
    Island

--: Malakir Soothsayer

--: Malakir Soothsayer

Pack 2 pick 2:
    Containment Membrane
    Seer's Lantern
    Kor Sky Climber
    Vampire Envoy
    Cinder Hellion
    Corpse Churn
    Natural State
    Affa Protector
    Makindi Aeronaut
    Abstruse Interference
    Harvester Troll
    Walker of the Wastes
--> Malakir Soothsayer
    Island

--: Zulaport Chainmage

--: Zulaport Chainmage

Pack 2 pick 3:
    Kor Sky Climber
    Boulder Salvo
    Holdout Settlement
    Blinding Drone
--> Zulaport Chainmage
    Saddleback Lagac
    Ancient Crab
    Maw of Kozilek
    Mighty Leap
    Reckless Bushwhacker
    Warping Wail
    Corrupted Crossroads
    Island

--: Kor Scythemaster

--: Boulder Salvo

--: Kor Scythemaster

--: Kozilek's Shrieker

--: Kor Scythemaster

--: Kor Scythemaster

Pack 2 pick 4:
    Boulder Salvo
    Wastes
    Seer's Lantern
    Kozilek's Shrieker
    Loam Larva
    Searing Light
    Comparative Analysis
    Eldrazi Aggressor
--> Kor Scythemaster
    Walker of the Wastes
    Needle Spires
    Mountain

--: Kor Sky Climber

--: Kor Sky Climber

Pack 2 pick 5:
    Scion Summoner
--> Kor Sky Climber
    Zada's Commando
    Crumbling Vestige
    Containment Membrane
    Elemental Uprising
    Akoum Flameseeker
    Cultivator Drone
    Birthing Hulk
    Tears of Valakut
    Island

--: Kozilek's Shrieker

--: Hedron Crawler

Pack 2 pick 6:
    Crumbling Vestige
--> Hedron Crawler
    Canopy Gorger
    Kozilek's Shrieker
    Mighty Leap
    Consuming Sinkhole
    Prophet of Distortion
    Visions of Brutality
    Ruin in Their Wake
    Plains

--: Inverter of Truth

--: Inverter of Truth

Pack 2 pick 7:
    Slaughter Drone
    Lead by Example
    Untamed Hunger
    Eldrazi Aggressor
    Kor Scythemaster
    Negate
    Timber Gorge
--> Inverter of Truth
    Forest

--: Ondu War Cleric

--: Tar Snare

--: Ondu War Cleric

--: Ondu War Cleric

Pack 2 pick 8:
    Gravity Negator
    Tar Snare
    Canopy Gorger
    Consuming Sinkhole
--> Ondu War Cleric
    Cultivator Drone
    Ruin in Their Wake
    Mountain

--: Kozilek's Shrieker

Pack 2 pick 9:
    Wastes
--> Kozilek's Shrieker
    Lead by Example
    Untamed Hunger
    Expedite
    Overwhelming Denial
    Island

--: Affa Protector

Pack 2 pick 10:
    Seer's Lantern
    Corpse Churn
    Natural State
--> Affa Protector
    Abstruse Interference
    Island

--: Kor Sky Climber

Pack 2 pick 11:
--> Kor Sky Climber
    Ancient Crab
    Maw of Kozilek
    Mighty Leap
    Island

--: Seer's Lantern

Pack 2 pick 12:
--> Seer's Lantern
    Loam Larva
    Eldrazi Aggressor
    Mountain

--: Elemental Uprising

Pack 2 pick 13:
--> Elemental Uprising
    Tears of Valakut
    Island

--: Consuming Sinkhole

Pack 2 pick 14:
--> Consuming Sinkhole
    Plains

--: Forest

Pack 2 pick 15:
--> Forest

--: Bane of Bala Ged

--: Bane of Bala Ged

------ BFZ ------ 

Pack 3 pick 1:
    Giant Mantis
    Brilliant Spectrum
    Altar's Reap
    Ruin Processor
    Skyline Cascade
    Eyeless Watcher
    Rush of Ice
    Silent Skimmer
    Makindi Patrol
    Lavastep Raider
    Roil Spout
--> Bane of Bala Ged
    Rot Shambler
    Gruesome Slaughter
    Swamp

--: Drana's Emissary

Pack 3 pick 2:
    Swell of Growth
    Dispel
    Eldrazi Devastator
    Wave-Wing Elemental
    Fertile Thicket
    Geyserfield Stalker
    Evolving Wilds
    Reckless Cohort
    Stone Haven Medic
--> Drana's Emissary
    Akoum Stonewaker
    Horribly Awry
    Radiant Flames
    Plains

--: Kor Bladewhirl

Pack 3 pick 3:
    Dispel
    Kalastria Nightwatch
    Earthen Arms
    Natural Connection
    Unnatural Aggression
    Geyserfield Stalker
    Cloud Manta
    Sandstone Bridge
    Volcanic Upheaval
    Tandem Tactics
--> Kor Bladewhirl
    Vile Aggregate
    Swamp

--: Cliffside Lookout

--: Cliffside Lookout

Pack 3 pick 4:
    Plummet
    Coralhelm Guide
    Mire's Malice
    Natural Connection
    Unnatural Aggression
    Geyserfield Stalker
    Cloud Manta
    Sandstone Bridge
    Kozilek's Sentinel
--> Cliffside Lookout
    Hagra Sharpshooter
    Island

--: Retreat to Emeria

--: Retreat to Emeria

Pack 3 pick 5:
    Mist Intruder
    Eyeless Watcher
    Eldrazi Devastator
    Wave-Wing Elemental
    Fertile Thicket
    Geyserfield Stalker
    Sure Strike
    Chasm Guide
    Blighted Steppe
--> Retreat to Emeria
    Swamp

--: Swamp

--: Lithomancer's Focus

Pack 3 pick 6:
    Oracle of Dust
    Voracious Null
    Reclaiming Vines
    Mortuary Mire
    Looming Spires
    Grave Birthing
    Boiling Earth
--> Lithomancer's Focus
    Retreat to Coralhelm
    Swamp

--: Ghostly Sentinel

Pack 3 pick 7:
    Roilmage's Trick
    Dominator Drone
    Ondu Champion
--> Ghostly Sentinel
    Blighted Fen
    Ulamog's Despoiler
    Herald of Kozilek
    Defiant Bloodlord
    Mountain

--: Tide Drifter

--: Retreat to Hagra

--: Tide Drifter

Pack 3 pick 8:
    Dispel
    Mind Raker
    Territorial Baloth
    Lavastep Raider
    Vestige of Emrakul
--> Tide Drifter
    Retreat to Hagra
    Mountain

--: Rush of Ice

Pack 3 pick 9:
    Giant Mantis
    Brilliant Spectrum
    Altar's Reap
--> Rush of Ice
    Lavastep Raider
    Rot Shambler
    Swamp

--: Wave-Wing Elemental

Pack 3 pick 10:
    Eldrazi Devastator
--> Wave-Wing Elemental
    Fertile Thicket
    Geyserfield Stalker
    Stone Haven Medic
    Plains

--: Geyserfield Stalker

Pack 3 pick 11:
    Earthen Arms
    Natural Connection
--> Geyserfield Stalker
    Volcanic Upheaval
    Swamp

--: Geyserfield Stalker

Pack 3 pick 12:
    Natural Connection
    Unnatural Aggression
--> Geyserfield Stalker
    Island

--: Sure Strike

Pack 3 pick 13:
    Geyserfield Stalker
--> Sure Strike
    Swamp

--: Voracious Null

Pack 3 pick 14:
--> Voracious Null
    Swamp

--: Mountain

Pack 3 pick 15:
--> Mountain

