Event #: 9332250
Time:    02.02.2016 00:07:37
Players:
    TheRedMage
    morecowbell
    Gilly187
    Kumquats
    d00msd4y
--> Pascal3000
    Call1Me1Dragon
    SpreeNY

--: Immolating Glare

--: Vile Redeemer

--: Immolating Glare

--: Immolating Glare

------ OGW ------ 

Pack 1 pick 1:
    Stalking Drone
    Kor Sky Climber
    Reality Hemorrhage
    Wastes
    Kozilek's Translator
    Lead by Example
    Corpse Churn
    Ondu War Cleric
    Cultivator Drone
    Expedite
--> Immolating Glare
    Mindmelter
    Gift of Tusks
    Vile Redeemer
    Mountain

--: Wall of Resurgence

--: Wall of Resurgence

Pack 1 pick 2:
    Warden of Geometries
    Spawnbinder Mage
    Vampire Envoy
    Reality Hemorrhage
    Unknown Shores
    Unnatural Endurance
    Pulse of Murasa
    Island
    Abstruse Interference
    Akoum Flameseeker
    Submerged Boneyard
--> Wall of Resurgence
    Void Shatter
    Forest

--: Kor Sky Climber

--: Kor Sky Climber

Pack 1 pick 3:
    Sweep Away
    Seer's Lantern
--> Kor Sky Climber
    Untamed Hunger
    Pulse of Murasa
    Consuming Sinkhole
    Searing Light
    Negate
    Pyromancer's Assault
    Baloth Pup
    Flaying Tendrils
    Jori En, Ruin Diver
    Swamp

--: Blinding Drone

--: Netcaster Spider

--: Blinding Drone

--: Netcaster Spider

--: Blinding Drone

Pack 1 pick 4:
    Holdout Settlement
--> Blinding Drone
    Kozilek's Pathfinder
    Netcaster Spider
    Witness the End
    Canopy Gorger
    Ondu War Cleric
    Cultivator Drone
    Expedite
    Strider Harness
    Stoneforge Acolyte
    Island

--: Weapons Trainer

--: Stalking Drone

--: Weapons Trainer

--: Stalking Drone

Pack 1 pick 5:
    Containment Membrane
--> Stalking Drone
    Goblin Freerunner
    Saddleback Lagac
    Kozilek's Shrieker
    Expedite
    Mighty Leap
    Consuming Sinkhole
    Timber Gorge
    Weapons Trainer
    Plains

--: Allied Reinforcements

Pack 1 pick 6:
    Tar Snare
    Wastes
    Gravity Negator
    Unnatural Endurance
    Vines of the Recluse
    Negate
    Shoulder to Shoulder
--> Allied Reinforcements
    Unity of Purpose
    Mountain

--: Tranquil Expanse

--: Tranquil Expanse

Pack 1 pick 7:
    Seer's Lantern
    Kozilek's Pathfinder
    Lead by Example
    Untamed Hunger
    Pulse of Murasa
    Slip Through Space
    Consuming Sinkhole
--> Tranquil Expanse
    Swamp

--: Cultivator Drone

--: Chitinous Cloak

--: Cultivator Drone

Pack 1 pick 8:
    Holdout Settlement
    Loam Larva
--> Cultivator Drone
    Eldrazi Aggressor
    Dazzling Reflection
    Slip Through Space
    Chitinous Cloak
    Island

--: Cultivator Drone

Pack 1 pick 9:
    Wastes
    Lead by Example
    Corpse Churn
--> Cultivator Drone
    Expedite
    Gift of Tusks
    Mountain

--: Akoum Flameseeker

Pack 1 pick 10:
    Unnatural Endurance
    Pulse of Murasa
    Island
    Abstruse Interference
--> Akoum Flameseeker
    Forest

--: Pulse of Murasa

--: Pulse of Murasa

Pack 1 pick 11:
    Untamed Hunger
--> Pulse of Murasa
    Consuming Sinkhole
    Negate
    Swamp

--: Kozilek's Pathfinder

--: Stoneforge Acolyte

--: Kozilek's Pathfinder

Pack 1 pick 12:
--> Kozilek's Pathfinder
    Canopy Gorger
    Stoneforge Acolyte
    Island

--: Mighty Leap

Pack 1 pick 13:
--> Mighty Leap
    Consuming Sinkhole
    Plains

Pack 1 pick 14:
--> Vines of the Recluse
    Mountain

--: Swamp

Pack 1 pick 15:
--> Swamp

--: Embodiment of Insight

--: Embodiment of Insight

------ OGW ------ 

Pack 2 pick 1:
    Tajuru Pathwarden
    Expedition Raptor
    Zada's Commando
    Crumbling Vestige
    Witness the End
    Netcaster Spider
    Pulse of Murasa
    Kor Scythemaster
    Negate
    Sparkmage's Gambit
    Kazuul's Toll Collector
--> Embodiment of Insight
    Tears of Valakut
    Corrupted Crossroads
    Island

--: Gladehart Cavalry

--: Gladehart Cavalry

Pack 2 pick 2:
    Tar Snare
    Reality Hemorrhage
    Wastes
    Gravity Negator
    Bone Saw
    Elemental Uprising
    Zulaport Chainmage
    Affa Protector
    Makindi Aeronaut
    Abstruse Interference
    Make a Stand
    Relentless Hunter
--> Gladehart Cavalry
    Forest

--: Zendikar Resurgent

--: Meandering River

--: Zendikar Resurgent

Pack 2 pick 3:
    Goblin Freerunner
    Wastes
    Seer's Lantern
    Natural State
    Kozilek's Translator
    Brute Strength
    Affa Protector
    Ancient Crab
    Expedite
    Meandering River
    Thought Harvester
--> Zendikar Resurgent
    Plains

--: Allied Reinforcements

Pack 2 pick 4:
    Holdout Settlement
    Blinding Drone
    Kozilek's Pathfinder
    Reaver Drone
    Saddleback Lagac
    Corpse Churn
    Akoum Flameseeker
    Ondu War Cleric
    Cultivator Drone
--> Allied Reinforcements
    Bonds of Mortality
    Forest

--: Kor Sky Climber

Pack 2 pick 5:
    Goblin Freerunner
    Wastes
    Containment Membrane
--> Kor Sky Climber
    Witness the End
    Canopy Gorger
    Mighty Leap
    Consuming Sinkhole
    Harvester Troll
    Press into Service
    Swamp

--: Shoulder to Shoulder

--: Shoulder to Shoulder

Pack 2 pick 6:
    Containment Membrane
    Stalking Drone
    Loam Larva
    Unnatural Endurance
    Sparkmage's Gambit
--> Shoulder to Shoulder
    Slip Through Space
    Null Caller
    Ruin in Their Wake
    Plains

--: Wastes

--: Warden of Geometries

Pack 2 pick 7:
    Goblin Freerunner
    Wastes
--> Warden of Geometries
    Kozilek's Shrieker
    Slaughter Drone
    Comparative Analysis
    Eldrazi Aggressor
    Dazzling Reflection
    Island

--: Canopy Gorger

Pack 2 pick 8:
    Cinder Hellion
    Wastes
--> Canopy Gorger
    Kozilek's Shrieker
    Umara Entangler
    Consuming Sinkhole
    Flayer Drone
    Swamp

--: Netcaster Spider

--: Netcaster Spider

Pack 2 pick 9:
--> Netcaster Spider
    Pulse of Murasa
    Negate
    Sparkmage's Gambit
    Kazuul's Toll Collector
    Tears of Valakut
    Island

--: Elemental Uprising

--: Makindi Aeronaut

--: Makindi Aeronaut

Pack 2 pick 10:
    Wastes
    Elemental Uprising
    Affa Protector
--> Makindi Aeronaut
    Abstruse Interference
    Forest

--: Kozilek's Translator

Pack 2 pick 11:
    Goblin Freerunner
    Natural State
--> Kozilek's Translator
    Ancient Crab
    Plains

--: Bonds of Mortality

--: Kozilek's Pathfinder

Pack 2 pick 12:
--> Kozilek's Pathfinder
    Corpse Churn
    Bonds of Mortality
    Forest

--: Canopy Gorger

Pack 2 pick 13:
--> Canopy Gorger
    Consuming Sinkhole
    Swamp

--: Ruin in Their Wake

Pack 2 pick 14:
--> Ruin in Their Wake
    Plains

Pack 2 pick 15:
--> Island

--: Ondu Rising

------ BFZ ------ 

Pack 3 pick 1:
    Voracious Null
    Reclaiming Vines
    Eldrazi Devastator
    Demon's Grasp
    Looming Spires
    Fertile Thicket
    Snapping Gnarlid
    Spell Shrivel
    Angelic Gift
    Nettle Drone
    Slab Hammer
    Retreat to Coralhelm
--> Ondu Rising
    Defiant Bloodlord
    Plains

--: Retreat to Emeria

--: Retreat to Emeria

Pack 3 pick 2:
    Salvage Drone
    Swarm Surge
    Call the Scions
    Grave Birthing
    Eyeless Watcher
    Eldrazi Devastator
    Wave-Wing Elemental
    Fertile Thicket
    Belligerent Whiptail
    Stone Haven Medic
--> Retreat to Emeria
    Dampening Pulse
    Prism Array
    Mountain

--: Angelic Captain

Pack 3 pick 3:
    Voracious Null
    Reclaiming Vines
    Tightening Coils
    Eldrazi Devastator
    Demon's Grasp
    Looming Spires
    Fertile Thicket
    Lavastep Raider
    Cliffside Lookout
    Pathway Arrows
    Kor Entanglers
--> Angelic Captain
    Island

--: Ruin Processor

--: Ruin Processor

Pack 3 pick 4:
    Murk Strider
    Voracious Null
--> Ruin Processor
    Bone Splinters
    Broodhunter Wurm
    Mortuary Mire
    Tightening Coils
    Looming Spires
    Angelic Gift
    Lavastep Raider
    Retreat to Valakut
    Forest

--: Gideon's Reproach

Pack 3 pick 5:
    Salvage Drone
    Kalastria Healer
    Blisterpod
    Belligerent Whiptail
    Angelic Gift
    Ondu Greathorn
    Ondu Champion
--> Gideon's Reproach
    Chasm Guide
    Blighted Steppe
    Forest

--: Ondu Rising

--: Lifespring Druid

--: Lifespring Druid

Pack 3 pick 6:
    Earthen Arms
    Incubator Drone
    Kalastria Healer
    Reclaiming Vines
    Angelic Gift
--> Lifespring Druid
    Ondu Champion
    Ondu Rising
    Sylvan Scrying
    Swamp

--: Plummet

Pack 3 pick 7:
    Murk Strider
--> Plummet
    Kozilek's Sentinel
    Ondu Greathorn
    Dominator Drone
    Sylvan Scrying
    Tunneling Geopede
    Transgress the Mind
    Island

--: Tajuru Beastmaster

Pack 3 pick 8:
    Territorial Baloth
    Kalastria Nightwatch
    Sandstone Bridge
--> Tajuru Beastmaster
    Skyline Cascade
    Inspired Charge
    Boiling Earth
    Swamp

--: Angelic Gift

Pack 3 pick 9:
    Voracious Null
    Reclaiming Vines
    Looming Spires
--> Angelic Gift
    Slab Hammer
    Retreat to Coralhelm
    Plains

--: Eyeless Watcher

Pack 3 pick 10:
    Swarm Surge
    Call the Scions
--> Eyeless Watcher
    Belligerent Whiptail
    Prism Array
    Mountain

--: Reclaiming Vines

Pack 3 pick 11:
    Voracious Null
--> Reclaiming Vines
    Looming Spires
    Lavastep Raider
    Island

--: Voracious Null

Pack 3 pick 12:
--> Voracious Null
    Lavastep Raider
    Retreat to Valakut
    Forest

--: Angelic Gift

Pack 3 pick 13:
    Belligerent Whiptail
--> Angelic Gift
    Forest

--: Angelic Gift

Pack 3 pick 14:
--> Angelic Gift
    Swamp

--: Island

Pack 3 pick 15:
--> Island

