Event #: 9336694
Time:    02.02.2016 23:36:25
Players:
    Svansus
    mobiletint
    Mattburns1
    Away_From_Zero
    cancelled
    Jonihi
--> Pascal3000
    Lucifuru

--: Sylvan Advocate

--: Isolation Zone

--: Sylvan Advocate

--: Sylvan Advocate

------ OGW ------ 

Pack 1 pick 1:
    Jwar Isle Avenger
    Hedron Crawler
    Isolation Zone
    Tar Snare
    Lead by Example
    Untamed Hunger
    Pulse of Murasa
    Akoum Flameseeker
    Dazzling Reflection
    Slip Through Space
    Cinder Barrens
    Devour in Flames
    Relentless Hunter
--> Sylvan Advocate
    Plains

--: Oblivion Strike

--: Oblivion Strike

Pack 1 pick 2:
    Sweep Away
    Seer's Lantern
--> Oblivion Strike
    Spawnbinder Mage
    Unnatural Endurance
    Pulse of Murasa
    Untamed Hunger
    Umara Entangler
    Akoum Flameseeker
    Ondu War Cleric
    Essence Depleter
    Warping Wail
    Baloth Pup
    Mountain

--: Kozilek's Translator

--: Saddleback Lagac

--: Saddleback Lagac

Pack 1 pick 3:
    Goblin Freerunner
    Wastes
    Sweep Away
    Seer's Lantern
    Kozilek's Translator
--> Saddleback Lagac
    Corpse Churn
    Expedite
    Searing Light
    Comparative Analysis
    Submerged Boneyard
    Void Shatter
    Plains

--: Havoc Sower

--: Havoc Sower

Pack 1 pick 4:
    Wastes
    Jwar Isle Avenger
    Saddleback Lagac
    Corpse Churn
    Canopy Gorger
    Ancient Crab
    Expedite
    Searing Light
    Strider Harness
    Stoneforge Acolyte
--> Havoc Sower
    Plains

--: Tajuru Pathwarden

--: Tajuru Pathwarden

Pack 1 pick 5:
    Forest
--> Tajuru Pathwarden
    Wastes
    Canopy Gorger
    Sky Scourer
    Eldrazi Aggressor
    Kor Scythemaster
    Negate
    Strider Harness
    Void Grafter
    Island

--: Tar Snare

--: Tar Snare

Pack 1 pick 6:
    Wastes
    Warden of Geometries
--> Tar Snare
    Untamed Hunger
    Dazzling Reflection
    Umara Entangler
    Brute Strength
    Pyromancer's Assault
    Steppe Glider
    Island

--: Kozilek's Translator

--: Unknown Shores

--: Kozilek's Translator

--: Kozilek's Translator

Pack 1 pick 7:
    Unknown Shores
    Gravity Negator
    Warden of Geometries
    Natural State
--> Kozilek's Translator
    Elemental Uprising
    Consuming Sinkhole
    Immobilizer Eldrazi
    Mountain

--: Stalking Drone

--: Stalking Drone

Pack 1 pick 8:
--> Stalking Drone
    Cinder Hellion
    Jwar Isle Avenger
    Warden of Geometries
    Natural State
    Umara Entangler
    Tears of Valakut
    Swamp

--: Pulse of Murasa

Pack 1 pick 9:
    Lead by Example
    Untamed Hunger
--> Pulse of Murasa
    Dazzling Reflection
    Slip Through Space
    Cinder Barrens
    Plains

Pack 1 pick 10:
--> Seer's Lantern
    Unnatural Endurance
    Pulse of Murasa
    Untamed Hunger
    Umara Entangler
    Mountain

--: Submerged Boneyard

Pack 1 pick 11:
    Wastes
    Corpse Churn
    Comparative Analysis
--> Submerged Boneyard
    Plains

--: Canopy Gorger

Pack 1 pick 12:
    Corpse Churn
--> Canopy Gorger
    Expedite
    Plains

--: Canopy Gorger

--: Forest

--: Canopy Gorger

Pack 1 pick 13:
    Forest
--> Canopy Gorger
    Island

--: Dazzling Reflection

Pack 1 pick 14:
--> Dazzling Reflection
    Island

--: Natural State

Pack 1 pick 15:
--> Natural State

--: Stalking Drone

--: Stalking Drone

------ OGW ------ 

Pack 2 pick 1:
    Unknown Shores
    Gravity Negator
    Warden of Geometries
--> Stalking Drone
    Zulaport Chainmage
    Saddleback Lagac
    Shoulder to Shoulder
    Ancient Crab
    Maw of Kozilek
    Mighty Leap
    Prophet of Distortion
    Reckless Bushwhacker
    Havoc Sower
    Fall of the Titans
    Plains

--: Seer's Lantern

--: Spatial Contortion

Pack 2 pick 2:
    Seer's Lantern
    Tajuru Pathwarden
    Expedition Raptor
    Zada's Commando
    Kozilek's Shrieker
    Loam Larva
    Slaughter Drone
    Cultivator Drone
    Brute Strength
    Affa Protector
--> Spatial Contortion
    Warping Wail
    Joraga Auxiliary
    Swamp

--: Kozilek's Shrieker

Pack 2 pick 3:
    Vampire Envoy
    Tajuru Pathwarden
    Goblin Freerunner
    Sky Scourer
    Saddleback Lagac
--> Kozilek's Shrieker
    Ondu War Cleric
    Ancient Crab
    Affa Protector
    Submerged Boneyard
    Tears of Valakut
    Flaying Tendrils
    Forest

--: Crumbling Vestige

--: Hedron Crawler

Pack 2 pick 4:
    Crumbling Vestige
    Jwar Isle Avenger
--> Hedron Crawler
    Lead by Example
    Untamed Hunger
    Ancient Crab
    Expedite
    Searing Light
    Comparative Analysis
    Null Caller
    Inverter of Truth
    Mountain

--: Tajuru Pathwarden

Pack 2 pick 5:
    Blinding Drone
    Kozilek's Pathfinder
--> Tajuru Pathwarden
    Natural State
    Slaughter Drone
    Loam Larva
    Negate
    Maw of Kozilek
    Stormchaser Mage
    Needle Spires
    Swamp

--: Nissa's Judgment

Pack 2 pick 6:
    Blinding Drone
    Kozilek's Pathfinder
    Tajuru Pathwarden
    Expedition Raptor
    Elemental Uprising
    Sky Scourer
    Ancient Crab
    Tranquil Expanse
--> Nissa's Judgment
    Mountain

--: Slaughter Drone

Pack 2 pick 7:
    Containment Membrane
    Tajuru Pathwarden
--> Slaughter Drone
    Canopy Gorger
    Slip Through Space
    Chitinous Cloak
    Ruin in Their Wake
    Flaying Tendrils
    Plains

--: Slaughter Drone

Pack 2 pick 8:
    Sweep Away
--> Slaughter Drone
    Lead by Example
    Untamed Hunger
    Negate
    Sparkmage's Gambit
    Baloth Pup
    Mountain

--: Unknown Shores

Pack 2 pick 9:
--> Unknown Shores
    Gravity Negator
    Warden of Geometries
    Saddleback Lagac
    Ancient Crab
    Reckless Bushwhacker
    Plains

--: Kozilek's Shrieker

Pack 2 pick 10:
    Expedition Raptor
--> Kozilek's Shrieker
    Slaughter Drone
    Brute Strength
    Warping Wail
    Swamp

--: Flaying Tendrils

Pack 2 pick 11:
    Sky Scourer
    Ancient Crab
    Tears of Valakut
--> Flaying Tendrils
    Forest

--: Searing Light

Pack 2 pick 12:
    Untamed Hunger
--> Searing Light
    Comparative Analysis
    Mountain

--: Negate

Pack 2 pick 13:
    Natural State
--> Negate
    Swamp

--: Ancient Crab

Pack 2 pick 14:
--> Ancient Crab
    Mountain

--: Plains

Pack 2 pick 15:
--> Plains

--: Eyeless Watcher

--: Sanctum of Ugin

--: Eyeless Watcher

------ BFZ ------ 

Pack 3 pick 1:
    Tajuru Stalwart
    Incubator Drone
    Culling Drone
    Seek the Wilds
    Inspired Charge
--> Eyeless Watcher
    Ondu Champion
    Gideon's Reproach
    Vestige of Emrakul
    Ghostly Sentinel
    Stasis Snare
    Blighted Steppe
    Retreat to Emeria
    Sanctum of Ugin
    Plains

--: Sludge Crawler

Pack 3 pick 2:
    Dutiful Return
    Blisterpod
    Anticipate
--> Sludge Crawler
    Lithomancer's Focus
    Goblin War Paint
    Valakut Predator
    Sheer Drop
    Hedron Blade
    Valakut Invoker
    Kor Entanglers
    Murasa Ranger
    Zada, Hedron Grinder
    Forest

--: Giant Mantis

--: Mire's Malice

Pack 3 pick 3:
--> Mire's Malice
    Giant Mantis
    Brilliant Spectrum
    Hedron Blade
    Bone Splinters
    Unnatural Aggression
    Fortified Rampart
    Belligerent Whiptail
    Turn Against
    Bloodbond Vampire
    Retreat to Valakut
    Noyan Dar, Roil Shaper
    Island

--: Swarm Surge

Pack 3 pick 4:
    Roilmage's Trick
--> Swarm Surge
    Incubator Drone
    Cliffside Lookout
    Goblin War Paint
    Valakut Invoker
    Shadow Glider
    Dominator Drone
    Stonefury
    Kor Entanglers
    Ulamog's Reclaimer
    Island

--: Giant Mantis

Pack 3 pick 5:
    Mist Intruder
    Rising Miasma
--> Giant Mantis
    Brilliant Spectrum
    Angelic Gift
    Belligerent Whiptail
    Vestige of Emrakul
    Ghostly Sentinel
    Roil's Retribution
    Void Attendant
    Forest

--: Earthen Arms

Pack 3 pick 6:
    Kalastria Nightwatch
--> Earthen Arms
    Murk Strider
    Kozilek's Sentinel
    Inspired Charge
    Makindi Sliderunner
    Smite the Monstrous
    Stonefury
    Forerunner of Slaughter
    Mountain

--: Halimar Tidecaller

--: Rising Miasma

--: Halimar Tidecaller

Pack 3 pick 7:
    Earthen Arms
    Reclaiming Vines
    Fortified Rampart
    Lavastep Raider
    Shadow Glider
    Rising Miasma
    Unified Front
--> Halimar Tidecaller
    Swamp

--: Coralhelm Guide

--: Oran-Rief Invoker

Pack 3 pick 8:
    Coralhelm Guide
--> Oran-Rief Invoker
    Stone Haven Medic
    Kozilek's Sentinel
    Hedron Blade
    Scythe Leopard
    Grovetender Druids
    Swamp

--: Ghostly Sentinel

Pack 3 pick 9:
    Incubator Drone
    Seek the Wilds
    Inspired Charge
    Ondu Champion
    Vestige of Emrakul
--> Ghostly Sentinel
    Plains

--: Blisterpod

--: Murasa Ranger

Pack 3 pick 10:
    Dutiful Return
    Blisterpod
    Goblin War Paint
    Hedron Blade
--> Murasa Ranger
    Forest

--: Fortified Rampart

Pack 3 pick 11:
    Brilliant Spectrum
    Hedron Blade
--> Fortified Rampart
    Belligerent Whiptail
    Island

--: Incubator Drone

Pack 3 pick 12:
    Roilmage's Trick
--> Incubator Drone
    Goblin War Paint
    Island

--: Brilliant Spectrum

Pack 3 pick 13:
--> Brilliant Spectrum
    Angelic Gift
    Forest

--: Inspired Charge

Pack 3 pick 14:
--> Inspired Charge
    Mountain

Pack 3 pick 15:
--> Swamp

