Event #: 9337683
Time:    2/2/2016 9:48:06 PM
Players:
    EliteArcanist
    gragoon
    TheLysdexic
--> Taumxd
    Casimer
    Argoth88
    Kahoolie
    WeedMike21

--: Deepfathom Skulker

--: Cliffhaven Vampire

--: Deepfathom Skulker

--: Deepfathom Skulker

------ OGW ------ 

Pack 1 pick 1:
    Unknown Shores
    Blinding Drone
    Kozilek's Pathfinder
    Scion Summoner
    Kor Sky Climber
    Witness the End
    Netcaster Spider
    Ancient Crab
    Maw of Kozilek
    Mighty Leap
    Cliffhaven Vampire
    Iona's Blessing
    Visions of Brutality
--> Deepfathom Skulker
    Swamp

--: Oath of Nissa

--: Oath of Nissa

Pack 1 pick 2:
    Wastes
    Sweep Away
    Seer's Lantern
    Zulaport Chainmage
    Saddleback Lagac
    Corpse Churn
    Comparative Analysis
    Eldrazi Aggressor
    Kor Scythemaster
    Null Caller
    Cinder Barrens
    Ruin in Their Wake
--> Oath of Nissa
    Forest

--: Void Grafter

--: Void Grafter

Pack 1 pick 3:
    Hedron Crawler
    Cinder Hellion
    Natural State
    Witness the End
    Netcaster Spider
    Searing Light
    Negate
    Maw of Kozilek
    Embodiment of Fury
--> Void Grafter
    Stoneforge Acolyte
    Oath of Jace
    Plains

--: Prophet of Distortion

--: Devour in Flames

--: Tajuru Pathwarden

--: Tajuru Pathwarden

Pack 1 pick 4:
    Sweep Away
    Bone Saw
--> Tajuru Pathwarden
    Witness the End
    Netcaster Spider
    Negate
    Maw of Kozilek
    Cinder Hellion
    Prophet of Distortion
    Strider Harness
    Devour in Flames
    Plains

--: Birthing Hulk

--: Containment Membrane

--: Birthing Hulk

Pack 1 pick 5:
    Containment Membrane
    Corpse Churn
    Natural State
    Kozilek's Translator
    Kor Scythemaster
    Negate
    Sparkmage's Gambit
    Reckless Bushwhacker
--> Birthing Hulk
    Warping Wail
    Plains

--: Unknown Shores

--: Stalking Drone

--: Unknown Shores

--: Stalking Drone

--: Stalking Drone

Pack 1 pick 6:
    Unknown Shores
    Gravity Negator
--> Stalking Drone
    Slaughter Drone
    Lead by Example
    Untamed Hunger
    Brute Strength
    Mindmelter
    Gift of Tusks
    Swamp

--: Gravity Negator

Pack 1 pick 7:
--> Gravity Negator
    Bone Saw
    Canopy Gorger
    Kozilek's Translator
    Lead by Example
    Sparkmage's Gambit
    Slip Through Space
    Hedron Alignment
    Forest

--: Boulder Salvo

--: Holdout Settlement

--: Holdout Settlement

Pack 1 pick 8:
    Boulder Salvo
--> Holdout Settlement
    Kozilek's Translator
    Affa Protector
    Makindi Aeronaut
    Abstruse Interference
    Make a Stand
    Mountain

--: Blinding Drone

Pack 1 pick 9:
    Unknown Shores
--> Blinding Drone
    Witness the End
    Netcaster Spider
    Ancient Crab
    Iona's Blessing
    Swamp

--: Comparative Analysis

Pack 1 pick 10:
    Corpse Churn
--> Comparative Analysis
    Kor Scythemaster
    Cinder Barrens
    Ruin in Their Wake
    Forest

--: Netcaster Spider

Pack 1 pick 11:
--> Netcaster Spider
    Negate
    Embodiment of Fury
    Oath of Jace
    Plains

--: Cinder Hellion

--: Negate

Pack 1 pick 12:
    Bone Saw
--> Negate
    Cinder Hellion
    Plains

--: Natural State

Pack 1 pick 13:
--> Natural State
    Sparkmage's Gambit
    Plains

--: Untamed Hunger

--: Swamp

Pack 1 pick 14:
    Untamed Hunger
--> Swamp

--: Forest

Pack 1 pick 15:
--> Forest

--: Gladehart Cavalry

------ OGW ------ 

Pack 2 pick 1:
    Seer's Lantern
    Kor Sky Climber
    Vampire Envoy
    Cinder Hellion
    Holdout Settlement
    Slaughter Drone
    Canopy Gorger
    Mighty Leap
    Abstruse Interference
    Akoum Flameseeker
    Timber Gorge
    Havoc Sower
    Visions of Brutality
--> Gladehart Cavalry
    Mountain

--: Nissa's Judgment

Pack 2 pick 2:
    Boulder Salvo
    Unknown Shores
    Blinding Drone
    Kozilek's Pathfinder
    Scion Summoner
    Sky Scourer
    Saddleback Lagac
    Cultivator Drone
    Expedite
    Makindi Aeronaut
    Allied Reinforcements
    Unity of Purpose
--> Nissa's Judgment
    Swamp

--: Saddleback Lagac

Pack 2 pick 3:
    Hedron Crawler
    Stalking Drone
    Cinder Hellion
    Wastes
    Kozilek's Translator
--> Saddleback Lagac
    Abstruse Interference
    Sparkmage's Gambit
    Kor Scythemaster
    Tranquil Expanse
    Flayer Drone
    Stoneforge Acolyte
    Swamp

--: Baloth Pup

--: Baloth Pup

Pack 2 pick 4:
    Stalking Drone
    Goblin Freerunner
    Wastes
    Jwar Isle Avenger
    Zulaport Chainmage
    Elemental Uprising
    Consuming Sinkhole
    Ondu War Cleric
    Cultivator Drone
    Pyromancer's Assault
--> Baloth Pup
    Island

--: Tajuru Pathwarden

Pack 2 pick 5:
--> Tajuru Pathwarden
    Zada's Commando
    Elemental Uprising
    Swamp
    Loam Larva
    Sparkmage's Gambit
    Makindi Aeronaut
    Umara Entangler
    Relief Captain
    Munda's Vanguard
    Swamp

--: Containment Membrane

Pack 2 pick 6:
    Kor Sky Climber
--> Containment Membrane
    Hedron Crawler
    Canopy Gorger
    Kozilek's Translator
    Negate
    Sparkmage's Gambit
    Shoulder to Shoulder
    Joraga Auxiliary
    Forest

--: Hedron Crawler

Pack 2 pick 7:
--> Hedron Crawler
    Stalking Drone
    Corpse Churn
    Natural State
    Kor Scythemaster
    Negate
    Bonds of Mortality
    Overwhelming Denial
    Island

--: Relentless Hunter

Pack 2 pick 8:
    Witness the End
    Canopy Gorger
    Kozilek's Translator
    Abstruse Interference
    Cliffhaven Vampire
    Flaying Tendrils
--> Relentless Hunter
    Forest

--: Timber Gorge

Pack 2 pick 9:
    Cinder Hellion
    Canopy Gorger
    Mighty Leap
    Abstruse Interference
--> Timber Gorge
    Visions of Brutality
    Mountain

--: Saddleback Lagac

Pack 2 pick 10:
    Boulder Salvo
--> Saddleback Lagac
    Cultivator Drone
    Expedite
    Unity of Purpose
    Swamp

--: Hedron Crawler

Pack 2 pick 11:
--> Hedron Crawler
    Kozilek's Translator
    Sparkmage's Gambit
    Tranquil Expanse
    Swamp

--: Elemental Uprising

Pack 2 pick 12:
--> Elemental Uprising
    Cultivator Drone
    Pyromancer's Assault
    Island

--: Loam Larva

Pack 2 pick 13:
    Zada's Commando
    Elemental Uprising
--> Loam Larva

--: Kozilek's Translator

Pack 2 pick 14:
--> Kozilek's Translator
    Forest

--: Island

Pack 2 pick 15:
--> Island

--: Ulamog, the Ceaseless Hunger

------ BFZ ------ 

Pack 3 pick 1:
    Territorial Baloth
    Clutch of Currents
    Silent Skimmer
    Mortuary Mire
    Natural Connection
    Tightening Coils
    Eldrazi Devastator
    Demon's Grasp
    Kozilek's Sentinel
    Inspired Charge
    Roil Spout
    Bane of Bala Ged
    Firemantle Mage
--> Ulamog, the Ceaseless Hunger
    Plains

--: Spawning Bed

--: Brutal Expulsion

--: Brutal Expulsion

Pack 3 pick 2:
    Call the Scions
    Murk Strider
    Voracious Null
    Oran-Rief Invoker
    Belligerent Whiptail
    Angelic Gift
    Gideon's Reproach
    Lifespring Druid
    Valakut Predator
    Vile Aggregate
    Spawning Bed
    Windrider Patrol
--> Brutal Expulsion
    Swamp

--: Tide Drifter

Pack 3 pick 3:
    Blisterpod
    Anticipate
    Sludge Crawler
    Looming Spires
    Hedron Blade
    Spell Shrivel
    Lavastep Raider
    Fortified Rampart
--> Tide Drifter
    Infuse with the Elements
    Zulaport Cutthroat
    Ally Encampment
    Plains

--: Pilgrim's Eye

--: Scatter to the Winds

Pack 3 pick 4:
    Altar's Reap
    Call the Scions
    Roilmage's Trick
    Swarm Surge
    Angelic Gift
    Belligerent Whiptail
    Stone Haven Medic
    Volcanic Upheaval
    Herald of Kozilek
    Pilgrim's Eye
--> Scatter to the Winds
    Plains

--: Cloud Manta

--: Broodhunter Wurm

--: Call the Scions

--: Cloud Manta

Pack 3 pick 5:
    Altar's Reap
    Call the Scions
    Sandstone Bridge
--> Cloud Manta
    Scour from Existence
    Grave Birthing
    Broodhunter Wurm
    Belligerent Whiptail
    Ulamog's Reclaimer
    Prism Array
    Island

--: Coastal Discovery

Pack 3 pick 6:
    Kalastria Nightwatch
    Earthen Arms
    Scour from Existence
    Tajuru Beastmaster
    Wave-Wing Elemental
    Silent Skimmer
    Felidar Cub
--> Coastal Discovery
    Pathway Arrows
    Island

--: Rush of Ice

--: Incubator Drone

--: Incubator Drone

Pack 3 pick 7:
    Earthen Arms
--> Incubator Drone
    Scour from Existence
    Tajuru Beastmaster
    Wave-Wing Elemental
    Rush of Ice
    Unified Front
    Rot Shambler
    Plains

--: Tajuru Beastmaster

--: Tajuru Beastmaster

Pack 3 pick 8:
    Territorial Baloth
    Roilmage's Trick
--> Tajuru Beastmaster
    Geyserfield Stalker
    Cloud Manta
    Sandstone Bridge
    Reckless Cohort
    Mountain

--: Clutch of Currents

Pack 3 pick 9:
    Territorial Baloth
--> Clutch of Currents
    Silent Skimmer
    Mortuary Mire
    Natural Connection
    Roil Spout
    Plains

--: Call the Scions

--: Lifespring Druid

--: Lifespring Druid

Pack 3 pick 10:
    Call the Scions
    Voracious Null
    Belligerent Whiptail
--> Lifespring Druid
    Valakut Predator
    Swamp

--: Anticipate

--: Anticipate

--: Infuse with the Elements

Pack 3 pick 11:
    Anticipate
    Looming Spires
    Lavastep Raider
--> Infuse with the Elements
    Plains

--: Roilmage's Trick

Pack 3 pick 12:
--> Roilmage's Trick
    Belligerent Whiptail
    Volcanic Upheaval
    Plains

--: Prism Array

Pack 3 pick 13:
    Belligerent Whiptail
--> Prism Array
    Island

--: Earthen Arms

Pack 3 pick 14:
--> Earthen Arms
    Island

--: Plains

Pack 3 pick 15:
--> Plains

