Event #: 9338828
Time:    2/3/2016 9:23:31 AM
Players:
    qlinicx
    DuffyJ
    Darkthistle
    Wtnof
--> draxdyn
    GodFetus
    pokopkov
    alexgordon

--: Joraga Auxiliary

--: Joraga Auxiliary

------ OGW ------ 

Pack 1 pick 1:
    Blinding Drone
    Kozilek's Pathfinder
    Scion Summoner
    Kor Sky Climber
    Canopy Gorger
    Kozilek's Translator
    Lead by Example
    Comparative Analysis
    Eldrazi Aggressor
    Dazzling Reflection
    Spatial Contortion
    Warping Wail
--> Joraga Auxiliary
    Dimensional Infiltrator
    Swamp

--: Essence Depleter

--: Reflector Mage

--: Isolation Zone

--: Isolation Zone

Pack 1 pick 2:
    Kozilek's Pathfinder
--> Isolation Zone
    Scion Summoner
    Boulder Salvo
    Natural State
    Essence Depleter
    Elemental Uprising
    Slip Through Space
    Brute Strength
    Kor Scythemaster
    Meandering River
    Reflector Mage
    Wall of Resurgence
    Forest

--: Isolation Zone

--: Isolation Zone

Pack 1 pick 3:
--> Isolation Zone
    Tar Snare
    Reality Hemorrhage
    Wastes
    Sky Scourer
    Elemental Uprising
    Zulaport Chainmage
    Eldrazi Aggressor
    Kor Scythemaster
    Negate
    Relentless Hunter
    Press into Service
    Mountain

--: Kor Sky Climber

--: Kor Sky Climber

Pack 1 pick 4:
--> Kor Sky Climber
    Reality Hemorrhage
    Wastes
    Containment Membrane
    Lead by Example
    Untamed Hunger
    Maw of Kozilek
    Mighty Leap
    Abstruse Interference
    Pyromancer's Assault
    Flaying Tendrils
    Island

--: Shoulder to Shoulder

--: Shoulder to Shoulder

Pack 1 pick 5:
    Wastes
    Roiling Waters
    Seer's Lantern
    Loam Larva
    Slaughter Drone
--> Shoulder to Shoulder
    Ancient Crab
    Maw of Kozilek
    Meandering River
    Tears of Valakut
    Plains

--: Shoulder to Shoulder

Pack 1 pick 6:
    Tar Snare
    Reality Hemorrhage
    Wastes
    Gravity Negator
    Loam Larva
    Unnatural Endurance
--> Shoulder to Shoulder
    Umara Entangler
    Akoum Flameseeker
    Forest

--: Affa Protector

--: Expedition Raptor

--: Expedition Raptor

Pack 1 pick 7:
    Warden of Geometries
--> Expedition Raptor
    Natural State
    Kozilek's Translator
    Affa Protector
    Mighty Leap
    Consuming Sinkhole
    Reaver Drone
    Forest

--: Searing Light

--: Searing Light

Pack 1 pick 8:
    Wastes
    Seer's Lantern
    Corpse Churn
    Natural State
    Consuming Sinkhole
--> Searing Light
    Null Caller
    Mountain

--: Dazzling Reflection

--: Kozilek's Pathfinder

--: Kozilek's Translator

--: Dazzling Reflection

--: Kozilek's Pathfinder

--: Kozilek's Translator

--: Dazzling Reflection

--: Kozilek's Translator

--: Dazzling Reflection

--: Dazzling Reflection

Pack 1 pick 9:
    Kozilek's Pathfinder
    Canopy Gorger
    Kozilek's Translator
    Eldrazi Aggressor
--> Dazzling Reflection
    Warping Wail
    Swamp

--: Meandering River

--: Meandering River

Pack 1 pick 10:
    Kozilek's Pathfinder
    Natural State
    Slip Through Space
    Brute Strength
--> Meandering River
    Forest

--: Tar Snare

--: Zulaport Chainmage

--: Tar Snare

--: Zulaport Chainmage

--: Zulaport Chainmage

--: Tar Snare

--: Zulaport Chainmage

--: Zulaport Chainmage

Pack 1 pick 11:
    Tar Snare
    Wastes
--> Zulaport Chainmage
    Eldrazi Aggressor
    Mountain

--: Flaying Tendrils

--: Flaying Tendrils

Pack 1 pick 12:
    Untamed Hunger
    Abstruse Interference
--> Flaying Tendrils
    Island

--: Meandering River

Pack 1 pick 13:
    Ancient Crab
--> Meandering River
    Plains

--: Wastes

Pack 1 pick 14:
--> Wastes
    Forest

--: Consuming Sinkhole

Pack 1 pick 15:
--> Consuming Sinkhole

--: Ondu War Cleric

--: Ondu War Cleric

------ OGW ------ 

Pack 2 pick 1:
    Expedition Raptor
    Zada's Commando
    Crumbling Vestige
    Jwar Isle Avenger
    Pulse of Murasa
    Untamed Hunger
    Umara Entangler
    Akoum Flameseeker
--> Ondu War Cleric
    Cultivator Drone
    Cyclone Sire
    Reckless Bushwhacker
    Havoc Sower
    Deceiver of Form
    Plains

--: Seed Guardian

--: Kor Sky Climber

--: Seed Guardian

--: Kor Sky Climber

--: Seed Guardian

--: Kor Sky Climber

--: Seed Guardian

--: Kor Sky Climber

--: Kor Sky Climber

Pack 2 pick 2:
    Warden of Geometries
    Stalking Drone
--> Kor Sky Climber
    Reality Hemorrhage
    Slaughter Drone
    Lead by Example
    Untamed Hunger
    Umara Entangler
    Consuming Sinkhole
    Shoulder to Shoulder
    Pyromancer's Assault
    Seed Guardian
    Steppe Glider
    Island

--: Spawnbinder Mage

--: Jwar Isle Avenger

--: Vampire Envoy

--: Spawnbinder Mage

--: Vampire Envoy

--: Spawnbinder Mage

--: Vampire Envoy

--: Spawnbinder Mage

--: Jwar Isle Avenger

--: Spawnbinder Mage

--: Spawnbinder Mage

Pack 2 pick 3:
    Jwar Isle Avenger
--> Spawnbinder Mage
    Vampire Envoy
    Vines of the Recluse
    Unnatural Endurance
    Pulse of Murasa
    Dazzling Reflection
    Umara Entangler
    Brute Strength
    Submerged Boneyard
    Void Shatter
    Needle Spires
    Forest

--: Kor Scythemaster

--: Zulaport Chainmage

--: Allied Reinforcements

--: Saddleback Lagac

--: Allied Reinforcements

--: Allied Reinforcements

Pack 2 pick 4:
    Holdout Settlement
    Kozilek's Pathfinder
    Vines of the Recluse
    Zulaport Chainmage
    Saddleback Lagac
    Brute Strength
    Kor Scythemaster
    Comparative Analysis
--> Allied Reinforcements
    Reaver Drone
    Bonds of Mortality
    Mountain

--: Makindi Aeronaut

--: Netcaster Spider

--: Makindi Aeronaut

--: Makindi Aeronaut

Pack 2 pick 5:
    Warden of Geometries
    Stalking Drone
    Netcaster Spider
    Witness the End
    Canopy Gorger
--> Makindi Aeronaut
    Abstruse Interference
    Sparkmage's Gambit
    Walker of the Wastes
    Mindmelter
    Swamp

--: Make a Stand

--: Make a Stand

Pack 2 pick 6:
    Scion Summoner
    Wastes
    Canopy Gorger
    Submerged Boneyard
    Akoum Flameseeker
    Searing Light
    Negate
    Sparkmage's Gambit
--> Make a Stand
    Swamp

--: Spawnbinder Mage

--: Scion Summoner

--: Loam Larva

--: Scion Summoner

--: Spawnbinder Mage

--: Loam Larva

--: Scion Summoner

--: Spawnbinder Mage

--: Scion Summoner

--: Spawnbinder Mage

--: Scion Summoner

--: Spawnbinder Mage

--: Scion Summoner

--: Spawnbinder Mage

--: Scion Summoner

--: Spawnbinder Mage

--: Spawnbinder Mage

Pack 2 pick 7:
    Bone Saw
    Scion Summoner
--> Spawnbinder Mage
    Cinder Hellion
    Loam Larva
    Consuming Sinkhole
    Ancient Crab
    Chitinous Cloak
    Plains

--: Saddleback Lagac

--: Zulaport Chainmage

--: Saddleback Lagac

--: Saddleback Lagac

Pack 2 pick 8:
    Tajuru Pathwarden
    Zulaport Chainmage
--> Saddleback Lagac
    Corpse Churn
    Abstruse Interference
    Dazzling Reflection
    Zendikar Resurgent
    Mountain

--: Expedition Raptor

--: Expedition Raptor

Pack 2 pick 9:
--> Expedition Raptor
    Jwar Isle Avenger
    Pulse of Murasa
    Untamed Hunger
    Umara Entangler
    Akoum Flameseeker
    Plains

--: Lead by Example

--: Lead by Example

Pack 2 pick 10:
--> Lead by Example
    Untamed Hunger
    Umara Entangler
    Consuming Sinkhole
    Pyromancer's Assault
    Island

--: Dazzling Reflection

--: Pulse of Murasa

--: Vines of the Recluse

--: Dazzling Reflection

--: Vines of the Recluse

--: Vines of the Recluse

Pack 2 pick 11:
--> Vines of the Recluse
    Pulse of Murasa
    Dazzling Reflection
    Void Shatter
    Forest

--: Bonds of Mortality

--: Brute Strength

--: Zulaport Chainmage

--: Zulaport Chainmage

Pack 2 pick 12:
--> Zulaport Chainmage
    Brute Strength
    Bonds of Mortality
    Mountain

--: Canopy Gorger

--: Canopy Gorger

Pack 2 pick 13:
--> Canopy Gorger
    Abstruse Interference
    Swamp

--: Negate

Pack 2 pick 14:
--> Negate
    Swamp

--: Consuming Sinkhole

Pack 2 pick 15:
--> Consuming Sinkhole

--: Eldrazi Skyspawner

--: Snapping Gnarlid

--: Evolving Wilds

--: Snapping Gnarlid

--: Cliffside Lookout

--: Snapping Gnarlid

--: Nirkana Assassin

--: Snapping Gnarlid

--: Hedron Archive

--: Snapping Gnarlid

--: Snapping Gnarlid

------ BFZ ------ 

Pack 3 pick 1:
    Nirkana Assassin
    Seek the Wilds
    Oracle of Dust
    Geyserfield Stalker
--> Snapping Gnarlid
    Evolving Wilds
    Eldrazi Skyspawner
    Hedron Blade
    Cliffside Lookout
    Outnumber
    Roil's Retribution
    Hedron Archive
    Blighted Steppe
    Radiant Flames
    Forest

--: Scythe Leopard

--: Unnatural Aggression

--: Expedition Envoy

--: Expedition Envoy

Pack 3 pick 2:
    Clutch of Currents
    Kalastria Nightwatch
    Island
    Rush of Ice
    Natural Connection
    Unnatural Aggression
    Geyserfield Stalker
    Lithomancer's Focus
    Goblin War Paint
    Carrier Thrall
--> Expedition Envoy
    Scythe Leopard
    March from the Tomb
    Mountain

--: Resolute Blademaster

--: Smite the Monstrous

--: Resolute Blademaster

--: Smite the Monstrous

--: Smite the Monstrous

Pack 3 pick 3:
    Mind Raker
    Roilmage's Trick
    Dutiful Return
    Kitesail Scout
    Shatterskull Recruit
    Ghostly Sentinel
    Benthic Infiltrator
    Makindi Sliderunner
--> Smite the Monstrous
    Horribly Awry
    Blighted Gorge
    Resolute Blademaster
    Plains

--: Clutch of Currents

--: Tajuru Stalwart

--: Clutch of Currents

--: Tajuru Stalwart

--: Clutch of Currents

--: Tajuru Stalwart

--: Tajuru Stalwart

Pack 3 pick 4:
    Mire's Malice
--> Tajuru Stalwart
    Clutch of Currents
    Culling Drone
    Angelic Gift
    Lavastep Raider
    Jaddi Offshoot
    Goblin War Paint
    Stonefury
    Infuse with the Elements
    Malakir Familiar
    Plains

--: Spell Shrivel

--: Encircling Fissure

--: Halimar Tidecaller

--: Encircling Fissure

--: Unified Front

--: Encircling Fissure

--: Unified Front

--: Encircling Fissure

--: Encircling Fissure

Pack 3 pick 5:
    Blisterpod
    Oracle of Dust
    Voracious Null
    Spell Shrivel
    Skyline Cascade
    Lithomancer's Focus
    Outnumber
--> Encircling Fissure
    Halimar Tidecaller
    Unified Front
    Swamp

--: Kor Castigator

--: Kor Castigator

Pack 3 pick 6:
    Roilmage's Trick
    Dutiful Return
    Broodhunter Wurm
    Spell Shrivel
    Ruin Processor
    Skyline Cascade
--> Kor Castigator
    Herald of Kozilek
    Chasm Guide
    Island

--: Felidar Cub

--: Exert Influence

--: Exert Influence

Pack 3 pick 7:
    Salvage Drone
    Felidar Cub
    Boiling Earth
    Kozilek's Channeler
    Vestige of Emrakul
    Processor Assault
    Ulamog's Despoiler
--> Exert Influence
    Swamp

--: Dispel

--: Breaker of Armies

--: Swell of Growth

--: Breaker of Armies

--: Swell of Growth

--: Swell of Growth

--: Swell of Growth

Pack 3 pick 8:
--> Swell of Growth
    Dispel
    Kalastria Nightwatch
    Geyserfield Stalker
    Hedron Blade
    Sure Strike
    Breaker of Armies
    Plains

--: Cliffside Lookout

--: Cliffside Lookout

Pack 3 pick 9:
    Nirkana Assassin
    Seek the Wilds
    Oracle of Dust
    Geyserfield Stalker
--> Cliffside Lookout
    Blighted Steppe
    Forest

--: Natural Connection

--: Unnatural Aggression

--: Unnatural Aggression

Pack 3 pick 10:
    Natural Connection
--> Unnatural Aggression
    Geyserfield Stalker
    Goblin War Paint
    March from the Tomb
    Mountain

--: Kitesail Scout

--: Mind Raker

--: Roilmage's Trick

--: Kitesail Scout

--: Kitesail Scout

Pack 3 pick 11:
    Mind Raker
    Roilmage's Trick
    Dutiful Return
--> Kitesail Scout
    Plains

--: Angelic Gift

--: Angelic Gift

Pack 3 pick 12:
--> Angelic Gift
    Lavastep Raider
    Goblin War Paint
    Plains

--: Blisterpod

--: Blisterpod

Pack 3 pick 13:
--> Blisterpod
    Voracious Null
    Swamp

--: Dutiful Return

Pack 3 pick 14:
--> Dutiful Return
    Island

--: Processor Assault

Pack 3 pick 15:
--> Processor Assault

