Event #: 9340292
Time:    2016.02.03 21:29:49
Players:
    Amphigorist
    Alexander_Lucas
    SilverDragon78
    Auratog1
    net23
    magicma
--> EsMors
    tent_monkey

--: Thought-Knot Seer

------ OGW ------ 

Pack 1 pick 1:
    Kor Sky Climber
    Zada's Commando
    Crumbling Vestige
    Containment Membrane
    Lead by Example
    Untamed Hunger
    Pulse of Murasa
    Cultivator Drone
    Brute Strength
    Affa Protector
    Essence Depleter
    Warping Wail
    Baloth Pup
--> Thought-Knot Seer
    Swamp

--: Isolation Zone

--: Isolation Zone

Pack 1 pick 2:
    Tajuru Pathwarden
--> Isolation Zone
    Goblin Freerunner
    Wastes
    Containment Membrane
    Untamed Hunger
    Vines of the Recluse
    Ancient Crab
    Affa Protector
    Makindi Aeronaut
    Tranquil Expanse
    Weapons Trainer
    Unity of Purpose
    Island

--: Isolation Zone

--: Isolation Zone

Pack 1 pick 3:
    Hedron Crawler
--> Isolation Zone
    Tar Snare
    Kozilek's Shrieker
    Loam Larva
    Slaughter Drone
    Shoulder to Shoulder
    Umara Entangler
    Akoum Flameseeker
    Null Caller
    Bonds of Mortality
    Weapons Trainer
    Swamp

--: Sweep Away

Pack 1 pick 4:
    Wastes
--> Sweep Away
    Seer's Lantern
    Zulaport Chainmage
    Saddleback Lagac
    Corpse Churn
    Kor Scythemaster
    Negate
    Strider Harness
    Stoneforge Acolyte
    Havoc Sower
    Forest

--: Roiling Waters

--: Roiling Waters

Pack 1 pick 5:
    Kozilek's Pathfinder
    Unnatural Endurance
    Vines of the Recluse
    Ancient Crab
    Visions of Brutality
    Searing Light
    Comparative Analysis
    Submerged Boneyard
--> Roiling Waters
    Zendikar Resurgent
    Mountain

--: Void Grafter

Pack 1 pick 6:
    Stalking Drone
    Goblin Freerunner
    Wastes
    Natural State
    Kozilek's Translator
    Sparkmage's Gambit
    Makindi Aeronaut
    Umara Entangler
--> Void Grafter
    Plains

--: Void Grafter

Pack 1 pick 7:
    Kozilek's Pathfinder
    Spawnbinder Mage
    Goblin Freerunner
    Natural State
    Slaughter Drone
    Maw of Kozilek
    Umara Entangler
--> Void Grafter
    Plains

--: Kor Sky Climber

--: Kor Sky Climber

Pack 1 pick 8:
    Seer's Lantern
--> Kor Sky Climber
    Kozilek's Translator
    Corpse Churn
    Abstruse Interference
    Sparkmage's Gambit
    Kor Scythemaster
    Swamp

--: Cultivator Drone

--: Cultivator Drone

Pack 1 pick 9:
    Kor Sky Climber
    Containment Membrane
    Lead by Example
    Untamed Hunger
--> Cultivator Drone
    Affa Protector
    Swamp

--: Containment Membrane

--: Containment Membrane

Pack 1 pick 10:
    Wastes
--> Containment Membrane
    Untamed Hunger
    Vines of the Recluse
    Ancient Crab
    Island

--: Umara Entangler

Pack 1 pick 11:
    Tar Snare
    Kozilek's Shrieker
--> Umara Entangler
    Bonds of Mortality
    Swamp

--: Negate

Pack 1 pick 12:
    Corpse Churn
--> Negate
    Strider Harness
    Forest

--: Ancient Crab

--: Ancient Crab

Pack 1 pick 13:
--> Ancient Crab
    Submerged Boneyard
    Mountain

--: Umara Entangler

Pack 1 pick 14:
--> Umara Entangler
    Plains

--: Plains

Pack 1 pick 15:
--> Plains

--: Linvala, the Preserver

--: Linvala, the Preserver

------ OGW ------ 

Pack 2 pick 1:
    Warden of Geometries
    Stalking Drone
    Tears of Valakut
    Reality Hemorrhage
    Kozilek's Shrieker
    Netcaster Spider
    Witness the End
    Abstruse Interference
    Akoum Flameseeker
    Searing Light
    Pyromancer's Assault
    Seed Guardian
    Flaying Tendrils
--> Linvala, the Preserver
    Forest

--: Kor Sky Climber

Pack 2 pick 2:
    Scion Summoner
--> Kor Sky Climber
    Zada's Commando
    Crumbling Vestige
    Containment Membrane
    Slaughter Drone
    Canopy Gorger
    Abstruse Interference
    Make a Stand
    Dazzling Reflection
    Prophet of Distortion
    Havoc Sower
    Dread Defiler
    Forest

--: Allied Reinforcements

--: Allied Reinforcements

Pack 2 pick 3:
    Wastes
    Jwar Isle Avenger
    Warden of Geometries
    Lead by Example
    Corpse Churn
    Natural State
    Slip Through Space
    Maw of Kozilek
    Dazzling Reflection
--> Allied Reinforcements
    Reaver Drone
    Bonds of Mortality
    Island

--: Expedition Raptor

--: Expedition Raptor

Pack 2 pick 4:
    Cinder Hellion
    Holdout Settlement
    Gravity Negator
--> Expedition Raptor
    Island
    Mighty Leap
    Abstruse Interference
    Akoum Flameseeker
    Harvester Troll
    Stormchaser Mage
    Iona's Blessing
    Forest

--: Tranquil Expanse

--: Tranquil Expanse

Pack 2 pick 5:
    Containment Membrane
    Stalking Drone
    Canopy Gorger
    Kozilek's Translator
    Negate
    Sparkmage's Gambit
    Shoulder to Shoulder
--> Tranquil Expanse
    Nissa's Judgment
    Corrupted Crossroads
    Plains

--: Cyclone Sire

--: Cyclone Sire

Pack 2 pick 6:
    Seer's Lantern
    Tajuru Pathwarden
    Expedition Raptor
    Loam Larva
    Witness the End
    Ancient Crab
    Maw of Kozilek
--> Cyclone Sire
    Reckless Bushwhacker
    Mountain

--: Warden of Geometries

Pack 2 pick 7:
--> Warden of Geometries
    Expedition Raptor
    Lead by Example
    Untamed Hunger
    Vines of the Recluse
    Brute Strength
    Comparative Analysis
    Unity of Purpose
    Forest

--: Saddleback Lagac

--: Saddleback Lagac

Pack 2 pick 8:
    Tajuru Pathwarden
    Vines of the Recluse
    Zulaport Chainmage
--> Saddleback Lagac
    Comparative Analysis
    Eldrazi Aggressor
    Warping Wail
    Plains

--: Searing Light

Pack 2 pick 9:
    Stalking Drone
    Tears of Valakut
    Netcaster Spider
    Witness the End
    Abstruse Interference
--> Searing Light
    Forest

--: Containment Membrane

Pack 2 pick 10:
--> Containment Membrane
    Slaughter Drone
    Canopy Gorger
    Abstruse Interference
    Dazzling Reflection
    Forest

--: Natural State

Pack 2 pick 11:
    Corpse Churn
--> Natural State
    Slip Through Space
    Reaver Drone
    Bonds of Mortality

--: Iona's Blessing

--: Iona's Blessing

Pack 2 pick 12:
    Island
    Abstruse Interference
--> Iona's Blessing
    Forest

--: Canopy Gorger

--: Canopy Gorger

Pack 2 pick 13:
--> Canopy Gorger
    Negate
    Plains

--: Ancient Crab

Pack 2 pick 14:
--> Ancient Crab
    Mountain

--: Forest

Pack 2 pick 15:
--> Forest

--: Canopy Vista

--: Canopy Vista

------ BFZ ------ 

Pack 3 pick 1:
    Oran-Rief Invoker
    Brilliant Spectrum
    Nirkana Assassin
    Seek the Wilds
    Lithomancer's Focus
    Goblin War Paint
    Kozilek's Channeler
    Touch of the Void
    Ondu Greathorn
    Ondu Champion
    Scythe Leopard
    Grovetender Druids
    Bane of Bala Ged
--> Canopy Vista
    Plains

--: Evolving Wilds

--: Evolving Wilds

Pack 3 pick 2:
    Murk Strider
    Voracious Null
    Complete Disregard
    Scour from Existence
    Tajuru Beastmaster
    Wave-Wing Elemental
--> Evolving Wilds
    Silent Skimmer
    Stone Haven Medic
    Shatterskull Recruit
    Blighted Fen
    Ulamog's Despoiler
    Transgress the Mind
    Plains

--: Dampening Pulse

--: Benthic Infiltrator

Pack 3 pick 3:
    Nirkana Assassin
    Oracle of Dust
    Altar's Reap
    Felidar Cub
    Goblin War Paint
    Makindi Patrol
    Boiling Earth
    Ghostly Sentinel
--> Benthic Infiltrator
    Retreat to Emeria
    Dampening Pulse
    Angel of Renewal
    Swamp

--: Cliffside Lookout

--: Cliffside Lookout

Pack 3 pick 4:
    Plummet
    Salvage Drone
    Demon's Grasp
    Looming Spires
    Spell Shrivel
    Kozilek's Sentinel
--> Cliffside Lookout
    Ulamog's Nullifier
    Titan's Presence
    Zulaport Cutthroat
    Ally Encampment
    Forest

--: Lifespring Druid

--: Lifespring Druid

Pack 3 pick 5:
    Kalastria Healer
    Voracious Null
    Cliffside Lookout
    Goblin War Paint
    Ondu Greathorn
--> Lifespring Druid
    Ondu Champion
    Molten Nursery
    Unified Front
    Rot Shambler
    Mountain

--: Tightening Coils

--: Tightening Coils

Pack 3 pick 6:
    Mind Raker
    Territorial Baloth
    Clutch of Currents
    Bone Splinters
    Broodhunter Wurm
    Mortuary Mire
--> Tightening Coils
    Inspired Charge
    Plated Crusher
    Island

--: Fortified Rampart

--: Fortified Rampart

Pack 3 pick 7:
    Dispel
    Mind Raker
    Cloud Manta
    Scour from Existence
    Grave Birthing
--> Fortified Rampart
    Roil's Retribution
    Adverse Conditions
    Forest

--: Stone Haven Medic

--: Stone Haven Medic

Pack 3 pick 8:
    Murk Strider
    Salvage Drone
    Reckless Cohort
--> Stone Haven Medic
    Dominator Drone
    Unified Front
    Infuse with the Elements
    Plains

--: Grovetender Druids

Pack 3 pick 9:
    Brilliant Spectrum
    Nirkana Assassin
    Lithomancer's Focus
    Ondu Greathorn
    Scythe Leopard
--> Grovetender Druids
    Plains

--: Stone Haven Medic

Pack 3 pick 10:
    Voracious Null
    Scour from Existence
    Wave-Wing Elemental
    Silent Skimmer
--> Stone Haven Medic
    Plains

--: Felidar Cub

--: Felidar Cub

Pack 3 pick 11:
    Nirkana Assassin
    Altar's Reap
--> Felidar Cub
    Goblin War Paint
    Swamp

--: Plummet

Pack 3 pick 12:
--> Plummet
    Salvage Drone
    Spell Shrivel
    Forest

--: Unified Front

Pack 3 pick 13:
    Molten Nursery
--> Unified Front
    Mountain

--: Broodhunter Wurm

Pack 3 pick 14:
--> Broodhunter Wurm
    Island

--: Forest

Pack 3 pick 15:
--> Forest

