Event #: 9340397
Time:    2016-02-03 21:57:26
Players:
    KaiserMagus
    Brokenpuppet
    JBudde
--> los69
    McWinSauce
    Villibesti
    Butt_Lord3
    cabal31000

--: Oblivion Strike

--: Oblivion Strike

------ OGW ------ 

Pack 1 pick 1:
    Hedron Crawler
--> Oblivion Strike
    Stalking Drone
    Goblin Freerunner
    Wastes
    Saddleback Lagac
    Corpse Churn
    Kor Scythemaster
    Comparative Analysis
    Eldrazi Aggressor
    Embodiment of Insight
    Malakir Soothsayer
    Warping Wail
    Drana's Chosen
    Plains

--: Roiling Waters

--: Roiling Waters

Pack 1 pick 2:
    Kozilek's Pathfinder
    Tajuru Pathwarden
    Expedition Raptor
    Zada's Commando
    Saddleback Lagac
    Kozilek's Shrieker
    Netcaster Spider
    Makindi Aeronaut
    Umara Entangler
    Consuming Sinkhole
--> Roiling Waters
    Unity of Purpose
    Weapons Trainer
    Mountain

--: Gravity Negator

--: Gravity Negator

Pack 1 pick 3:
    Crumbling Vestige
--> Gravity Negator
    Hedron Crawler
    Vampire Envoy
    Kozilek's Translator
    Lead by Example
    Corpse Churn
    Abstruse Interference
    Akoum Flameseeker
    Dazzling Reflection
    Tranquil Expanse
    Unity of Purpose
    Island

--: Reality Hemorrhage

--: Reality Hemorrhage

Pack 1 pick 4:
    Stalking Drone
--> Reality Hemorrhage
    Elemental Uprising
    Sky Scourer
    Negate
    Sparkmage's Gambit
    Makindi Aeronaut
    Prophet of Distortion
    Visions of Brutality
    Ruin in Their Wake
    Stoneforge Masterwork
    Mountain

--: Kozilek's Translator

--: Kozilek's Translator

Pack 1 pick 5:
    Kozilek's Pathfinder
    Spawnbinder Mage
    Goblin Freerunner
--> Kozilek's Translator
    Saddleback Lagac
    Expedite
    Makindi Aeronaut
    Abstruse Interference
    Harvester Troll
    Walker of the Wastes
    Plains

--: Blinding Drone

--: Blinding Drone

Pack 1 pick 6:
    Holdout Settlement
--> Blinding Drone
    Kozilek's Pathfinder
    Natural State
    Slaughter Drone
    Loam Larva
    Brute Strength
    Comparative Analysis
    Needle Spires
    Plains

--: Warden of Geometries

--: Warden of Geometries

Pack 1 pick 7:
--> Warden of Geometries
    Sky Scourer
    Loam Larva
    Searing Light
    Negate
    Maw of Kozilek
    Immobilizer Eldrazi
    Ruin in Their Wake
    Swamp

--: Gravity Negator

--: Gravity Negator

Pack 1 pick 8:
    Cinder Hellion
--> Gravity Negator
    Loam Larva
    Pulse of Murasa
    Comparative Analysis
    Reaver Drone
    Bonds of Mortality
    Swamp

--: Wastes

--: Wastes

Pack 1 pick 9:
    Stalking Drone
--> Wastes
    Saddleback Lagac
    Corpse Churn
    Comparative Analysis
    Eldrazi Aggressor
    Plains

--: Kozilek's Pathfinder

--: Kozilek's Pathfinder

Pack 1 pick 10:
--> Kozilek's Pathfinder
    Tajuru Pathwarden
    Saddleback Lagac
    Umara Entangler
    Consuming Sinkhole
    Mountain

--: Unity of Purpose

--: Unity of Purpose

--: Unity of Purpose

Pack 1 pick 11:
    Lead by Example
    Abstruse Interference
    Dazzling Reflection
--> Unity of Purpose
    Island

--: Elemental Uprising

--: Elemental Uprising

Pack 1 pick 12:
--> Elemental Uprising
    Negate
    Ruin in Their Wake
    Mountain

--: Saddleback Lagac

Pack 1 pick 13:
--> Saddleback Lagac
    Abstruse Interference
    Plains

--: Natural State

Pack 1 pick 14:
--> Natural State
    Plains

--: Swamp

Pack 1 pick 15:
--> Swamp

--: Blinding Drone

--: Blinding Drone

------ OGW ------ 

Pack 2 pick 1:
    Holdout Settlement
--> Blinding Drone
    Kozilek's Pathfinder
    Spawnbinder Mage
    Canopy Gorger
    Kozilek's Shrieker
    Lead by Example
    Ondu War Cleric
    Cultivator Drone
    Brute Strength
    Reckless Bushwhacker
    Havoc Sower
    Stormchaser Mage
    Wandering Fumarole
    Forest

--: Containment Membrane

--: Containment Membrane

Pack 2 pick 2:
    Crumbling Vestige
--> Containment Membrane
    Hedron Crawler
    Tar Snare
    Stalking Drone
    Lead by Example
    Corpse Churn
    Mighty Leap
    Abstruse Interference
    Akoum Flameseeker
    Seed Guardian
    Flaying Tendrils
    Overwhelming Denial
    Plains

--: Spatial Contortion

--: Spatial Contortion

Pack 2 pick 3:
    Hedron Crawler
    Stalking Drone
    Goblin Freerunner
    Slaughter Drone
    Canopy Gorger
    Kozilek's Shrieker
    Akoum Flameseeker
    Ondu War Cleric
    Cultivator Drone
    Birthing Hulk
--> Spatial Contortion
    Baloth Null
    Plains

--: Thought Harvester

--: Thought Harvester

Pack 2 pick 4:
    Seer's Lantern
    Cinder Hellion
    Loam Larva
    Slaughter Drone
    Umara Entangler
    Brute Strength
    Mighty Leap
    Prophet of Distortion
    Void Shatter
--> Thought Harvester
    Needle Spires
    Mountain

--: Sweep Away

--: Sweep Away

Pack 2 pick 5:
    Goblin Freerunner
--> Sweep Away
    Unnatural Endurance
    Pulse of Murasa
    Searing Light
    Comparative Analysis
    Eldrazi Aggressor
    Make a Stand
    Visions of Brutality
    Relentless Hunter
    Island

--: Jwar Isle Avenger

--: Jwar Isle Avenger

Pack 2 pick 6:
--> Jwar Isle Avenger
    Natural State
    Slaughter Drone
    Dazzling Reflection
    Slip Through Space
    Brute Strength
    Kor Scythemaster
    Tranquil Expanse
    Nissa's Judgment
    Island

--: Boulder Salvo

--: Boulder Salvo

Pack 2 pick 7:
    Kozilek's Pathfinder
--> Boulder Salvo
    Natural State
    Elemental Uprising
    Comparative Analysis
    Eldrazi Aggressor
    Dazzling Reflection
    Gift of Tusks
    Swamp

--: Warden of Geometries

--: Warden of Geometries

Pack 2 pick 8:
--> Warden of Geometries
    Stalking Drone
    Canopy Gorger
    Sky Scourer
    Elemental Uprising
    Abstruse Interference
    Akoum Flameseeker
    Plains

--: Cultivator Drone

--: Cultivator Drone

Pack 2 pick 9:
    Kozilek's Pathfinder
    Lead by Example
--> Cultivator Drone
    Brute Strength
    Havoc Sower
    Stormchaser Mage
    Forest

--: Stalking Drone

--: Overwhelming Denial

Pack 2 pick 10:
    Stalking Drone
    Corpse Churn
    Abstruse Interference
    Akoum Flameseeker
--> Overwhelming Denial
    Plains

--: Cultivator Drone

--: Cultivator Drone

Pack 2 pick 11:
    Hedron Crawler
    Canopy Gorger
--> Cultivator Drone
    Birthing Hulk
    Plains

--: Brute Strength

--: Brute Strength

Pack 2 pick 12:
    Cinder Hellion
    Loam Larva
--> Brute Strength
    Mountain

--: Unnatural Endurance

--: Comparative Analysis

--: Comparative Analysis

Pack 2 pick 13:
    Unnatural Endurance
--> Comparative Analysis
    Island

--: Dazzling Reflection

Pack 2 pick 14:
--> Dazzling Reflection
    Island

--: Swamp

Pack 2 pick 15:
--> Swamp

--: Demon's Grasp

--: Demon's Grasp

------ BFZ ------ 

Pack 3 pick 1:
    Giant Mantis
    Anticipate
    Mind Raker
    Geyserfield Stalker
    Cloud Manta
    Sandstone Bridge
    Tajuru Beastmaster
--> Demon's Grasp
    Outnumber
    Angelic Gift
    Brood Monitor
    Drana's Emissary
    Retreat to Coralhelm
    Brood Butcher
    Mountain

--: Benthic Infiltrator

--: Benthic Infiltrator

Pack 3 pick 2:
    Plummet
    Coralhelm Guide
    Mire's Malice
    Tajuru Stalwart
    Reckless Cohort
    Inspired Charge
    Volcanic Upheaval
    Stone Haven Medic
--> Benthic Infiltrator
    Vestige of Emrakul
    Drana's Emissary
    Pathway Arrows
    Angelic Captain
    Mountain

--: Wasteland Strangler

--: Wasteland Strangler

Pack 3 pick 3:
    Dispel
    Kalastria Nightwatch
    Wave-Wing Elemental
    Silent Skimmer
    Rush of Ice
    Natural Connection
    Unnatural Aggression
    Lavastep Raider
    Cliffside Lookout
    Skitterskin
    Roil's Retribution
--> Wasteland Strangler
    Forest

--: Mist Intruder

--: Mist Intruder

Pack 3 pick 4:
    Reclaiming Vines
--> Mist Intruder
    Mire's Malice
    Bone Splinters
    Unnatural Aggression
    Sandstone Bridge
    Cloud Manta
    Sure Strike
    Kitesail Scout
    Bane of Bala Ged
    Bring to Light
    Forest

--: Tightening Coils

--: Tightening Coils

Pack 3 pick 5:
    Kalastria Nightwatch
    Swell of Growth
    Natural Connection
--> Tightening Coils
    Eldrazi Devastator
    Looming Spires
    Fertile Thicket
    Tandem Tactics
    Plated Crusher
    Halimar Tidecaller
    Island

--: Oracle of Dust

--: Ruin Processor

--: Ruin Processor

Pack 3 pick 6:
    Oracle of Dust
    Voracious Null
    Skyline Cascade
--> Ruin Processor
    Bone Splinters
    Broodhunter Wurm
    Mortuary Mire
    Shatterskull Recruit
    Chasm Guide
    Island

--: Transgress the Mind

--: Transgress the Mind

Pack 3 pick 7:
    Roilmage's Trick
    Swarm Surge
    Fertile Thicket
    Geyserfield Stalker
    Snapping Gnarlid
    Pathway Arrows
    Lithomancer's Focus
--> Transgress the Mind
    Island

--: Culling Drone

--: Culling Drone

Pack 3 pick 8:
    Tajuru Stalwart
--> Culling Drone
    Seek the Wilds
    Nettle Drone
    Vestige of Emrakul
    Courier Griffin
    Infuse with the Elements
    Island

--: Anticipate

--: Tajuru Beastmaster

Pack 3 pick 9:
    Giant Mantis
    Anticipate
    Mind Raker
    Geyserfield Stalker
--> Tajuru Beastmaster
    Retreat to Coralhelm
    Mountain

--: Tajuru Stalwart

--: Pathway Arrows

--: Pathway Arrows

Pack 3 pick 10:
    Plummet
    Tajuru Stalwart
    Inspired Charge
    Volcanic Upheaval
--> Pathway Arrows
    Mountain

--: Unnatural Aggression

--: Unnatural Aggression

Pack 3 pick 11:
    Dispel
    Natural Connection
--> Unnatural Aggression
    Lavastep Raider
    Forest

--: Unnatural Aggression

Pack 3 pick 12:
    Reclaiming Vines
--> Unnatural Aggression
    Kitesail Scout
    Forest

--: Swell of Growth

Pack 3 pick 13:
--> Swell of Growth
    Natural Connection
    Island

--: Voracious Null

Pack 3 pick 14:
--> Voracious Null
    Island

--: Island

Pack 3 pick 15:
--> Island

