Event #: 9340620
Time:    2/3/2016 4:55:30 PM
Players:
--> edaem91
    the___voice
    Freddog777
    AfroThunderII
    Lanvall
    jell
    Zimdar
    HuntmasteroftheFalls

--: Sifter of Skulls

--: Sifter of Skulls

------ OGW ------ 

Pack 1 pick 1:
    Sweep Away
    Seer's Lantern
    Kor Sky Climber
    Oblivion Strike
    Boulder Salvo
    Kozilek's Shrieker
    Lead by Example
    Kor Scythemaster
    Comparative Analysis
    Eldrazi Aggressor
    Kazuul's Toll Collector
    Embodiment of Insight
    Immobilizer Eldrazi
--> Sifter of Skulls
    Mountain

--: Eldrazi Obligator

Pack 1 pick 2:
    Expedition Raptor
    Tar Snare
    Boulder Salvo
    Unknown Shores
    Loam Larva
    Slaughter Drone
    Tears of Valakut
    Cultivator Drone
    Brute Strength
    Affa Protector
    Roiling Waters
    Baloth Null
--> Eldrazi Obligator
    Swamp

--: Cinder Hellion

--: Cinder Hellion

Pack 1 pick 3:
--> Cinder Hellion
    Wastes
    Jwar Isle Avenger
    Lead by Example
    Corpse Churn
    Umara Entangler
    Brute Strength
    Mighty Leap
    Tranquil Expanse
    Make a Stand
    Ruin in Their Wake
    Gladehart Cavalry
    Forest

--: Essence Depleter

Pack 1 pick 4:
    Holdout Settlement
    Blinding Drone
    Tajuru Pathwarden
    Expedition Raptor
    Pulse of Murasa
    Zulaport Chainmage
    Ondu War Cleric
    Cultivator Drone
    Unity of Purpose
--> Essence Depleter
    Hedron Alignment
    Plains

--: Unnatural Endurance

Pack 1 pick 5:
    Unknown Shores
    Warden of Geometries
    Stalking Drone
    Loam Larva
--> Unnatural Endurance
    Pulse of Murasa
    Ancient Crab
    Affa Protector
    Chitinous Cloak
    Weapons Trainer
    Island

--: Cinder Hellion

--: Cinder Hellion

--: Cinder Hellion

--: Cinder Hellion

Pack 1 pick 6:
    Tar Snare
--> Cinder Hellion
    Natural State
    Brute Strength
    Mighty Leap
    Cultivator Drone
    Expedite
    Unity of Purpose
    Call the Gatewatch
    Plains

--: Umara Entangler

Pack 1 pick 7:
    Scion Summoner
    Kor Sky Climber
    Saddleback Lagac
    Corpse Churn
    Sparkmage's Gambit
    Makindi Aeronaut
--> Umara Entangler
    Press into Service
    Plains

--: Consuming Sinkhole

Pack 1 pick 8:
    Natural State
    Elemental Uprising
--> Consuming Sinkhole
    Shoulder to Shoulder
    Ancient Crab
    Meandering River
    Bonds of Mortality
    Island

--: Eldrazi Aggressor

Pack 1 pick 9:
    Seer's Lantern
    Kor Sky Climber
    Lead by Example
    Kor Scythemaster
    Comparative Analysis
--> Eldrazi Aggressor
    Mountain

--: Unknown Shores

Pack 1 pick 10:
    Expedition Raptor
--> Unknown Shores
    Loam Larva
    Brute Strength
    Affa Protector
    Swamp

--: Brute Strength

Pack 1 pick 11:
    Corpse Churn
--> Brute Strength
    Mighty Leap
    Make a Stand
    Forest

--: Zulaport Chainmage

Pack 1 pick 12:
--> Zulaport Chainmage
    Ondu War Cleric
    Hedron Alignment
    Plains

--: Affa Protector

--: Pulse of Murasa

--: Pulse of Murasa

--: Pulse of Murasa

Pack 1 pick 13:
--> Pulse of Murasa
    Affa Protector
    Island

--: Natural State

Pack 1 pick 14:
--> Natural State
    Plains

--: Corpse Churn

Pack 1 pick 15:
--> Corpse Churn

--: Immobilizer Eldrazi

------ OGW ------ 

Pack 2 pick 1:
    Isolation Zone
    Tar Snare
    Reality Hemorrhage
    Wastes
    Gravity Negator
    Untamed Hunger
    Vines of the Recluse
    Eldrazi Aggressor
    Affa Protector
    Mighty Leap
    Immolating Glare
    Null Caller
--> Immobilizer Eldrazi
    Dimensional Infiltrator
    Plains

--: Oblivion Strike

Pack 2 pick 2:
    Crumbling Vestige
    Containment Membrane
    Hedron Crawler
--> Oblivion Strike
    Stalking Drone
    Sky Scourer
    Loam Larva
    Maw of Kozilek
    Mighty Leap
    Abstruse Interference
    Strider Harness
    Devour in Flames
    Gift of Tusks
    Swamp

--: Kozilek's Shrieker

Pack 2 pick 3:
    Kozilek's Pathfinder
    Spawnbinder Mage
    Oblivion Strike
    Canopy Gorger
--> Kozilek's Shrieker
    Lead by Example
    Brute Strength
    Kor Scythemaster
    Comparative Analysis
    Spatial Contortion
    Warping Wail
    Joraga Auxiliary
    Forest

--: Warden of Geometries

--: Warden of Geometries

--: Warden of Geometries

Pack 2 pick 4:
--> Warden of Geometries
    Spawnbinder Mage
    Unknown Shores
    Unnatural Endurance
    Pulse of Murasa
    Ancient Crab
    Affa Protector
    Makindi Aeronaut
    Meandering River
    Grip of the Roil
    Tears of Valakut
    Island

--: Cinder Barrens

Pack 2 pick 5:
    Wastes
    Sweep Away
    Tajuru Pathwarden
    Unnatural Endurance
    Pulse of Murasa
    Zulaport Chainmage
    Swamp
--> Cinder Barrens
    Ruin in Their Wake
    Mindmelter
    Plains

--: Reaver Drone

Pack 2 pick 6:
    Kor Sky Climber
    Wastes
    Canopy Gorger
    Elemental Uprising
    Dazzling Reflection
    Slip Through Space
    Consuming Sinkhole
--> Reaver Drone
    Bonds of Mortality
    Forest

--: Eldrazi Aggressor

--: Eldrazi Aggressor

--: Eldrazi Aggressor

--: Eldrazi Aggressor

Pack 2 pick 7:
    Wastes
    Corpse Churn
    Canopy Gorger
    Comparative Analysis
--> Eldrazi Aggressor
    Dazzling Reflection
    Pyromancer's Assault
    Unity of Purpose
    Mountain

--: Crumbling Vestige

Pack 2 pick 8:
--> Crumbling Vestige
    Elemental Uprising
    Saddleback Lagac
    Abstruse Interference
    Akoum Flameseeker
    Cinder Barrens
    Iona's Blessing
    Island

--: Wastes

Pack 2 pick 9:
--> Wastes
    Untamed Hunger
    Vines of the Recluse
    Eldrazi Aggressor
    Affa Protector
    Mighty Leap
    Plains

--: Strider Harness

Pack 2 pick 10:
    Loam Larva
    Mighty Leap
    Abstruse Interference
--> Strider Harness
    Gift of Tusks
    Swamp

--: Kozilek's Pathfinder

Pack 2 pick 11:
--> Kozilek's Pathfinder
    Canopy Gorger
    Brute Strength
    Comparative Analysis
    Forest

--: Unnatural Endurance

Pack 2 pick 12:
    Spawnbinder Mage
--> Unnatural Endurance
    Pulse of Murasa
    Island

--: Swamp

Pack 2 pick 13:
--> Swamp
    Ruin in Their Wake
    Plains

--: Consuming Sinkhole

Pack 2 pick 14:
--> Consuming Sinkhole
    Forest

--: Mountain

Pack 2 pick 15:
--> Mountain

--: Culling Drone

------ BFZ ------ 

Pack 3 pick 1:
    Incubator Drone
--> Culling Drone
    Broodhunter Wurm
    Mortuary Mire
    Tightening Coils
    Looming Spires
    Grave Birthing
    Eyeless Watcher
    Sure Strike
    Felidar Cub
    Skitterskin
    Blighted Cataract
    Ulamog's Despoiler
    Lumbering Falls
    Mountain

--: Boiling Earth

Pack 3 pick 2:
    Dispel
    Mind Raker
    Territorial Baloth
    Eldrazi Devastator
    Wave-Wing Elemental
    Fertile Thicket
    Geyserfield Stalker
    Snapping Gnarlid
--> Boiling Earth
    Makindi Patrol
    Retreat to Emeria
    Dampening Pulse
    Oran-Rief Hydra
    Forest

--: Touch of the Void

Pack 3 pick 3:
    Salvage Drone
    Kalastria Healer
    Blisterpod
    Oracle of Dust
    Goblin War Paint
    Tandem Tactics
    Smite the Monstrous
--> Touch of the Void
    Ondu Greathorn
    Turn Against
    Bloodbond Vampire
    Halimar Tidecaller
    Swamp

--: Kozilek's Sentinel

Pack 3 pick 4:
    Seek the Wilds
    Nirkana Assassin
--> Kozilek's Sentinel
    Inspired Charge
    Sheer Drop
    Scythe Leopard
    Makindi Sliderunner
    Courier Griffin
    Expedition Envoy
    Void Attendant
    Cryptic Cruiser
    Forest

--: Touch of the Void

Pack 3 pick 5:
    Giant Mantis
    Brilliant Spectrum
    Altar's Reap
    Call the Scions
    Reckless Cohort
    Stone Haven Medic
    Vestige of Emrakul
--> Touch of the Void
    Adverse Conditions
    Turn Against
    Mountain

--: Mortuary Mire

Pack 3 pick 6:
    Anticipate
--> Mortuary Mire
    Broodhunter Wurm
    Spell Shrivel
    Outnumber
    Angelic Gift
    Hagra Sharpshooter
    Retreat to Coralhelm
    Munda, Ambush Leader
    Forest

--: Kozilek's Sentinel

Pack 3 pick 7:
    Mind Raker
    Territorial Baloth
--> Kozilek's Sentinel
    Cliffside Lookout
    Valakut Invoker
    Stonefury
    Encircling Fissure
    Drana's Emissary
    Mountain

--: Blighted Gorge

Pack 3 pick 8:
    Seek the Wilds
    Coralhelm Guide
    Nirkana Assassin
    Grave Birthing
    Spell Shrivel
--> Blighted Gorge
    Sanctum of Ugin
    Mountain

--: Looming Spires

Pack 3 pick 9:
    Incubator Drone
    Broodhunter Wurm
    Mortuary Mire
--> Looming Spires
    Grave Birthing
    Sure Strike
    Mountain

--: Mind Raker

Pack 3 pick 10:
--> Mind Raker
    Eldrazi Devastator
    Fertile Thicket
    Geyserfield Stalker
    Snapping Gnarlid
    Forest

--: Bloodbond Vampire

--: Bloodbond Vampire

--: Bloodbond Vampire

Pack 3 pick 11:
    Salvage Drone
    Blisterpod
    Ondu Greathorn
--> Bloodbond Vampire
    Swamp

--: Makindi Sliderunner

Pack 3 pick 12:
--> Makindi Sliderunner
    Expedition Envoy
    Void Attendant
    Forest

--: Reckless Cohort

Pack 3 pick 13:
    Brilliant Spectrum
--> Reckless Cohort
    Mountain

--: Angelic Gift

Pack 3 pick 14:
--> Angelic Gift
    Forest

--: Mountain

Pack 3 pick 15:
--> Mountain

