Event #: 9341273
Time:    2/3/2016 7:56:34 PM
Players:
    TheCapm
    Strymon
    malice6372
    UFkegger2
    pushinshovinme
--> Bortlett1
    spursrule89
    311chaos

--: Bearer of Silence

--: Bearer of Silence

------ OGW ------ 

Pack 1 pick 1:
    Wastes
    Containment Membrane
    Bone Saw
    Vampire Envoy
    Vines of the Recluse
    Zulaport Chainmage
    Sparkmage's Gambit
    Shoulder to Shoulder
    Slip Through Space
    Maw of Kozilek
    Embodiment of Fury
    Harvester Troll
    Stoneforge Acolyte
--> Bearer of Silence
    Plains

--: Cultivator Drone

--: Cultivator Drone

Pack 1 pick 2:
    Expedition Raptor
    Reality Hemorrhage
    Crumbling Vestige
    Gravity Negator
    Zulaport Chainmage
    Saddleback Lagac
    Corpse Churn
--> Cultivator Drone
    Expedite
    Makindi Aeronaut
    Strider Harness
    Stoneforge Acolyte
    Havoc Sower
    Mountain

--: Kozilek's Translator

--: Kozilek's Translator

Pack 1 pick 3:
    Spawnbinder Mage
    Cinder Hellion
    Unknown Shores
    Sweep Away
--> Kozilek's Translator
    Lead by Example
    Corpse Churn
    Searing Light
    Negate
    Maw of Kozilek
    Pyromancer's Assault
    Unity of Purpose
    Forest

--: Cultivator Drone

--: Cultivator Drone

Pack 1 pick 4:
    Holdout Settlement
    Saddleback Lagac
    Spawnbinder Mage
    Untamed Hunger
    Vines of the Recluse
    Unnatural Endurance
--> Cultivator Drone
    Expedite
    Ondu War Cleric
    Grip of the Roil
    Unity of Purpose
    Mountain

--: Cinder Hellion

--: Cinder Hellion

Pack 1 pick 5:
    Spawnbinder Mage
--> Cinder Hellion
    Unknown Shores
    Sweep Away
    Seer's Lantern
    Pulse of Murasa
    Zulaport Chainmage
    Ancient Crab
    Affa Protector
    Makindi Aeronaut
    Forest

--: Roiling Waters

--: Roiling Waters

Pack 1 pick 6:
    Bone Saw
    Tajuru Pathwarden
    Canopy Gorger
    Sky Scourer
    Elemental Uprising
    Ancient Crab
    Maw of Kozilek
    Mighty Leap
--> Roiling Waters
    Mountain

--: Walker of the Wastes

--: Walker of the Wastes

Pack 1 pick 7:
    Holdout Settlement
    Saddleback Lagac
    Corpse Churn
    Natural State
    Dazzling Reflection
    Umara Entangler
    Brute Strength
--> Walker of the Wastes
    Plains

--: Hedron Crawler

--: Hedron Crawler

Pack 1 pick 8:
    Crumbling Vestige
--> Hedron Crawler
    Slaughter Drone
    Umara Entangler
    Akoum Flameseeker
    Ondu War Cleric
    Reckless Bushwhacker
    Forest

--: Slip Through Space

--: Slip Through Space

Pack 1 pick 9:
    Bone Saw
    Vines of the Recluse
    Zulaport Chainmage
    Shoulder to Shoulder
--> Slip Through Space
    Stoneforge Acolyte
    Plains

--: Zulaport Chainmage

--: Zulaport Chainmage

Pack 1 pick 10:
--> Zulaport Chainmage
    Corpse Churn
    Expedite
    Makindi Aeronaut
    Stoneforge Acolyte
    Mountain

--: Negate

--: Negate

Pack 1 pick 11:
    Unknown Shores
    Lead by Example
    Corpse Churn
--> Negate
    Forest

--: Unnatural Endurance

Pack 1 pick 12:
    Untamed Hunger
    Vines of the Recluse
--> Unnatural Endurance
    Mountain

--: Ancient Crab

Pack 1 pick 13:
    Pulse of Murasa
--> Ancient Crab
    Forest

--: Ancient Crab

Pack 1 pick 14:
--> Ancient Crab
    Mountain

Pack 1 pick 15:
--> Plains

--: Thought-Knot Seer

--: Thought-Knot Seer

------ OGW ------ 

Pack 2 pick 1:
    Crumbling Vestige
    Gravity Negator
    Hedron Crawler
    Vampire Envoy
    Natural State
    Slaughter Drone
    Loam Larva
    Shoulder to Shoulder
    Umara Entangler
    Akoum Flameseeker
    Walker of the Wastes
    Thought Harvester
    Steppe Glider
--> Thought-Knot Seer
    Plains

--: Warden of Geometries

--: Baloth Null

--: Baloth Null

Pack 2 pick 2:
    Warden of Geometries
    Stalking Drone
    Kor Sky Climber
    Reality Hemorrhage
    Zulaport Chainmage
    Natural State
    Witness the End
    Consuming Sinkhole
    Shoulder to Shoulder
    Ancient Crab
    Seed Guardian
    Void Shatter
--> Baloth Null
    Forest

--: Tar Snare

--: Tar Snare

Pack 2 pick 3:
    Crumbling Vestige
    Containment Membrane
    Vampire Envoy
--> Tar Snare
    Stalking Drone
    Unnatural Endurance
    Pulse of Murasa
    Brute Strength
    Affa Protector
    Ancient Crab
    Warping Wail
    Malakir Soothsayer
    Plains

--: Mindmelter

--: Mindmelter

Pack 2 pick 4:
    Tar Snare
    Boulder Salvo
    Unknown Shores
    Kozilek's Translator
    Elemental Uprising
    Expedite
    Makindi Aeronaut
    Abstruse Interference
    Gift of Tusks
--> Mindmelter
    Oath of Chandra
    Plains

--: Grip of the Roil

--: Grip of the Roil

Pack 2 pick 5:
    Stalking Drone
    Expedition Raptor
    Saddleback Lagac
    Netcaster Spider
    Kor Scythemaster
    Comparative Analysis
    Eldrazi Aggressor
    Meandering River
--> Grip of the Roil
    Tears of Valakut
    Swamp

--: Grip of the Roil

--: Grip of the Roil

Pack 2 pick 6:
    Bone Saw
    Tajuru Pathwarden
    Goblin Freerunner
    Netcaster Spider
    Mighty Leap
    Abstruse Interference
--> Grip of the Roil
    Allied Reinforcements
    Wall of Resurgence
    Plains

--: Visions of Brutality

--: Visions of Brutality

Pack 2 pick 7:
    Holdout Settlement
    Untamed Hunger
    Vines of the Recluse
    Affa Protector
    Ancient Crab
    Expedite
--> Visions of Brutality
    Void Shatter
    Swamp

--: Jwar Isle Avenger

--: Jwar Isle Avenger

Pack 2 pick 8:
    Wastes
--> Jwar Isle Avenger
    Spawnbinder Mage
    Saddleback Lagac
    Corpse Churn
    Negate
    Tears of Valakut
    Swamp

--: Slaughter Drone

--: Slaughter Drone

Pack 2 pick 9:
    Vampire Envoy
    Natural State
--> Slaughter Drone
    Loam Larva
    Umara Entangler
    Akoum Flameseeker
    Plains

--: Witness the End

--: Zulaport Chainmage

--: Zulaport Chainmage

Pack 2 pick 10:
    Stalking Drone
--> Zulaport Chainmage
    Natural State
    Witness the End
    Shoulder to Shoulder
    Forest

--: Crumbling Vestige

Pack 2 pick 11:
--> Crumbling Vestige
    Unnatural Endurance
    Pulse of Murasa
    Ancient Crab
    Plains

--: Abstruse Interference

Pack 2 pick 12:
    Elemental Uprising
    Expedite
--> Abstruse Interference
    Plains

--: Kor Scythemaster

Pack 2 pick 13:
    Expedition Raptor
--> Kor Scythemaster
    Swamp

--: Mighty Leap

Pack 2 pick 14:
--> Mighty Leap
    Plains

--: Swamp

Pack 2 pick 15:
--> Swamp

--: Complete Disregard

--: Complete Disregard

------ BFZ ------ 

Pack 3 pick 1:
    Mind Raker
    Territorial Baloth
    Snapping Gnarlid
    Spell Shrivel
--> Complete Disregard
    Scour from Existence
    Tajuru Beastmaster
    Wave-Wing Elemental
    Cliffside Lookout
    Tajuru Warcaller
    Dampening Pulse
    Bloodbond Vampire
    Kor Entanglers
    Sunken Hollow
    Island

--: Tightening Coils

--: Tightening Coils

Pack 3 pick 2:
    Seek the Wilds
    Oracle of Dust
--> Tightening Coils
    Plains
    Grave Birthing
    Eyeless Watcher
    Eldrazi Devastator
    Wave-Wing Elemental
    Inspired Charge
    Boiling Earth
    Titan's Presence
    Molten Nursery
    Chasm Guide
    Swamp

--: Rush of Ice

--: Silent Skimmer

--: Silent Skimmer

Pack 3 pick 3:
    Salvage Drone
    Kalastria Healer
    Skyline Cascade
    Eyeless Watcher
    Rush of Ice
--> Silent Skimmer
    Mortuary Mire
    Natural Connection
    Kor Castigator
    Boiling Earth
    Turn Against
    Molten Nursery
    Mountain

--: Silent Skimmer

--: Rush of Ice

--: Silent Skimmer

--: Silent Skimmer

Pack 3 pick 4:
    Dutiful Return
    Blisterpod
    Anticipate
    Evolving Wilds
--> Silent Skimmer
    Rush of Ice
    Natural Connection
    Unnatural Aggression
    Kitesail Scout
    Belligerent Whiptail
    Retreat to Emeria
    Plains

--: Silent Skimmer

--: Silent Skimmer

Pack 3 pick 5:
    Swarm Surge
    Tajuru Stalwart
    Eyeless Watcher
    Rush of Ice
--> Silent Skimmer
    Mortuary Mire
    Natural Connection
    Lithomancer's Focus
    Outnumber
    Adverse Conditions
    Island

--: Hedron Archive

--: Hedron Archive

Pack 3 pick 6:
    Kalastria Nightwatch
    Swell of Growth
    Angelic Gift
    Nettle Drone
    Ondu Greathorn
    Ondu Champion
    Void Attendant
--> Hedron Archive
    Blighted Steppe
    Island

--: Bone Splinters

--: Bone Splinters

Pack 3 pick 7:
    Oran-Rief Invoker
    Brilliant Spectrum
    Nirkana Assassin
--> Bone Splinters
    Broodhunter Wurm
    Mortuary Mire
    Felidar Cub
    Kozilek's Sentinel
    Plains

--: Brilliant Spectrum

--: Brilliant Spectrum

Pack 3 pick 8:
    Giant Mantis
--> Brilliant Spectrum
    Inspired Charge
    Reckless Cohort
    Crumble to Dust
    Expedition Envoy
    Scythe Leopard
    Forest

--: Spell Shrivel

--: Wave-Wing Elemental

Pack 3 pick 9:
    Mind Raker
    Territorial Baloth
    Snapping Gnarlid
    Spell Shrivel
--> Wave-Wing Elemental
    Cliffside Lookout
    Island

--: Grave Birthing

Pack 3 pick 10:
    Seek the Wilds
    Plains
--> Grave Birthing
    Inspired Charge
    Boiling Earth
    Swamp

--: Mortuary Mire

Pack 3 pick 11:
    Rush of Ice
--> Mortuary Mire
    Natural Connection
    Boiling Earth
    Mountain

--: Anticipate

Pack 3 pick 12:
--> Anticipate
    Natural Connection
    Kitesail Scout
    Plains

--: Mortuary Mire

Pack 3 pick 13:
--> Mortuary Mire
    Natural Connection
    Island

--: Angelic Gift

Pack 3 pick 14:
--> Angelic Gift
    Island

--: Plains

Pack 3 pick 15:
--> Plains

