Event #: 9342114
Time:    2/3/2016 8:18:01 PM
Players:
    leighpez
    Thrillho777
    she_loved_e
--> FinchleyCentral
    SmellyGoblin
    KTO
    cariocavida
    mdhruv

--: Vile Redeemer

--: Vile Redeemer

------ OGW ------ 

Pack 1 pick 1:
    Scion Summoner
    Boulder Salvo
    Wastes
    Sweep Away
    Slaughter Drone
    Canopy Gorger
    Kozilek's Shrieker
    Makindi Aeronaut
    Umara Entangler
    Consuming Sinkhole
    Spatial Contortion
    Gift of Tusks
    Mindmelter
--> Vile Redeemer
    Island

--: Oath of Chandra

--: Oath of Chandra

Pack 1 pick 2:
    Kor Sky Climber
    Wastes
    Containment Membrane
    Natural State
    Witness the End
    Netcaster Spider
    Kor Scythemaster
    Comparative Analysis
    Eldrazi Aggressor
    Submerged Boneyard
    Tears of Valakut
    Flaying Tendrils
--> Oath of Chandra
    Mountain

--: Boulder Salvo

--: Boulder Salvo

--: Boulder Salvo

Pack 1 pick 3:
--> Boulder Salvo
    Holdout Settlement
    Blinding Drone
    Kozilek's Pathfinder
    Elemental Uprising
    Sky Scourer
    Searing Light
    Comparative Analysis
    Eldrazi Aggressor
    Strider Harness
    Stoneforge Acolyte
    Joraga Auxiliary
    Forest

--: Goblin Freerunner

--: Malakir Soothsayer

--: Malakir Soothsayer

Pack 1 pick 4:
    Stalking Drone
    Goblin Freerunner
    Wastes
    Canopy Gorger
    Sky Scourer
    Expedite
    Ondu War Cleric
    Ancient Crab
    Walker of the Wastes
    Warping Wail
--> Malakir Soothsayer
    Island

--: Akoum Flameseeker

--: Crumbling Vestige

--: Crumbling Vestige

Pack 1 pick 5:
    Expedition Raptor
--> Crumbling Vestige
    Jwar Isle Avenger
    Corpse Churn
    Natural State
    Slaughter Drone
    Akoum Flameseeker
    Searing Light
    Negate
    Iona's Blessing
    Swamp

--: Scion Summoner

--: Scion Summoner

Pack 1 pick 6:
    Unknown Shores
    Kozilek's Pathfinder
--> Scion Summoner
    Elemental Uprising
    Zulaport Chainmage
    Ancient Crab
    Affa Protector
    Submerged Boneyard
    Void Shatter
    Mountain

--: Maw of Kozilek

--: Maw of Kozilek

Pack 1 pick 7:
    Gravity Negator
    Bone Saw
    Lead by Example
    Untamed Hunger
    Searing Light
    Negate
--> Maw of Kozilek
    Void Shatter
    Plains

--: Akoum Flameseeker

--: Akoum Flameseeker

Pack 1 pick 8:
    Bone Saw
    Pulse of Murasa
    Unnatural Endurance
    Vines of the Recluse
    Shoulder to Shoulder
--> Akoum Flameseeker
    Oath of Jace
    Island

--: Canopy Gorger

--: Canopy Gorger

Pack 1 pick 9:
    Wastes
    Sweep Away
    Slaughter Drone
--> Canopy Gorger
    Consuming Sinkhole
    Gift of Tusks
    Island

--: Tears of Valakut

Pack 1 pick 10:
    Wastes
    Natural State
    Witness the End
    Submerged Boneyard
--> Tears of Valakut
    Mountain

--: Elemental Uprising

--: Elemental Uprising

Pack 1 pick 11:
--> Elemental Uprising
    Sky Scourer
    Eldrazi Aggressor
    Strider Harness
    Forest

--: Expedite

Pack 1 pick 12:
    Canopy Gorger
--> Expedite
    Ancient Crab
    Island

--: Natural State

Pack 1 pick 13:
    Corpse Churn
--> Natural State
    Swamp

--: Elemental Uprising

Pack 1 pick 14:
--> Elemental Uprising
    Mountain

--: Plains

Pack 1 pick 15:
--> Plains

--: Seed Guardian

--: Seed Guardian

------ OGW ------ 

Pack 2 pick 1:
    Seer's Lantern
    Kor Sky Climber
    Vampire Envoy
    Cinder Hellion
    Holdout Settlement
    Pulse of Murasa
    Untamed Hunger
    Slip Through Space
    Maw of Kozilek
    Dazzling Reflection
    Pyromancer's Assault
--> Seed Guardian
    Unity of Purpose
    Dimensional Infiltrator
    Plains

--: Relentless Hunter

--: Relentless Hunter

Pack 2 pick 2:
    Warden of Geometries
    Isolation Zone
    Tar Snare
    Reality Hemorrhage
    Wastes
    Kozilek's Shrieker
    Loam Larva
    Dazzling Reflection
    Slip Through Space
    Consuming Sinkhole
    Pyromancer's Assault
--> Relentless Hunter
    Oath of Gideon
    Forest

--: Devour in Flames

--: Devour in Flames

Pack 2 pick 3:
    Jwar Isle Avenger
    Warden of Geometries
    Isolation Zone
    Tar Snare
    Reality Hemorrhage
    Natural State
    Kozilek's Translator
    Brute Strength
    Affa Protector
    Strider Harness
--> Devour in Flames
    Gift of Tusks
    Forest

--: Mina and Denn, Wildborn

--: Mina and Denn, Wildborn

Pack 2 pick 4:
    Wastes
    Jwar Isle Avenger
    Warden of Geometries
    Spawnbinder Mage
    Sky Scourer
    Saddleback Lagac
    Eldrazi Aggressor
    Affa Protector
    Harvester Troll
    Devour in Flames
--> Mina and Denn, Wildborn
    Plains

--: Relentless Hunter

--: Relentless Hunter

Pack 2 pick 5:
    Elemental Uprising
    Reality Hemorrhage
    Crumbling Vestige
    Canopy Gorger
    Kozilek's Translator
    Lead by Example
    Cultivator Drone
    Expedite
    Makindi Aeronaut
--> Relentless Hunter
    Swamp

--: Baloth Pup

--: Stalking Drone

--: Stalking Drone

Pack 2 pick 6:
    Containment Membrane
    Tar Snare
--> Stalking Drone
    Lead by Example
    Untamed Hunger
    Shoulder to Shoulder
    Ancient Crab
    Maw of Kozilek
    Baloth Pup
    Swamp

--: Stalking Drone

--: Stalking Drone

Pack 2 pick 7:
--> Stalking Drone
    Elemental Uprising
    Zulaport Chainmage
    Affa Protector
    Abstruse Interference
    Sparkmage's Gambit
    Reaver Drone
    Flayer Drone
    Swamp

--: Plains

--: Plains

Pack 2 pick 8:
    Sweep Away
--> Plains
    Kozilek's Shrieker
    Witness the End
    Mighty Leap
    Consuming Sinkhole
    Ruin in Their Wake
    Island

--: Pulse of Murasa

Pack 2 pick 9:
--> Pulse of Murasa
    Untamed Hunger
    Slip Through Space
    Dazzling Reflection
    Pyromancer's Assault
    Unity of Purpose
    Plains

--: Consuming Sinkhole

--: Wastes

Pack 2 pick 10:
--> Wastes
    Kozilek's Shrieker
    Dazzling Reflection
    Slip Through Space
    Consuming Sinkhole
    Forest

--: Strider Harness

Pack 2 pick 11:
    Natural State
    Affa Protector
--> Strider Harness
    Gift of Tusks
    Forest

--: Eldrazi Aggressor

Pack 2 pick 12:
    Wastes
--> Eldrazi Aggressor
    Harvester Troll
    Plains

--: Canopy Gorger

Pack 2 pick 13:
--> Canopy Gorger
    Expedite
    Swamp

--: Lead by Example

Pack 2 pick 14:
--> Lead by Example
    Swamp

--: Swamp

Pack 2 pick 15:
--> Swamp

--: Nettle Drone

--: Nettle Drone

------ BFZ ------ 

Pack 3 pick 1:
    Kalastria Nightwatch
    Earthen Arms
    Natural Connection
    Tightening Coils
    Eldrazi Devastator
    Demon's Grasp
    Looming Spires
    Fertile Thicket
--> Nettle Drone
    Cliffside Lookout
    Blighted Cataract
    Retreat to Emeria
    Retreat to Kazandu
    Brutal Expulsion
    Island

--: Snapping Gnarlid

--: Snapping Gnarlid

Pack 3 pick 2:
    Seek the Wilds
    Coralhelm Guide
    Nirkana Assassin
--> Snapping Gnarlid
    Spell Shrivel
    Angelic Captain
    Tajuru Beastmaster
    Inspired Charge
    Reckless Cohort
    Coastal Discovery
    Pathway Arrows
    Catacomb Sifter
    Drowner of Hope
    Swamp

--: Bane of Bala Ged

--: Bane of Bala Ged

Pack 3 pick 3:
    Swarm Surge
    Call the Scions
    Murk Strider
    Voracious Null
    Outnumber
    Kitesail Scout
    Touch of the Void
    Ondu Greathorn
    Roil Spout
--> Bane of Bala Ged
    Rot Shambler
    Lumbering Falls
    Mountain

--: Grove Rumbler

--: Grove Rumbler

Pack 3 pick 4:
    Murk Strider
    Sludge Crawler
    Plummet
    Salvage Drone
    Outnumber
    Angelic Gift
    Stonefury
    Ondu Greathorn
    Lifespring Druid
    Void Attendant
--> Grove Rumbler
    Island

--: Unnatural Aggression

--: Unnatural Aggression

Pack 3 pick 5:
    Earthen Arms
    Wave-Wing Elemental
    Silent Skimmer
    Rush of Ice
    Natural Connection
--> Unnatural Aggression
    Angelic Gift
    Processor Assault
    Blighted Steppe
    Scatter to the Winds
    Forest

--: Tajuru Beastmaster

--: Tajuru Beastmaster

Pack 3 pick 6:
    Dutiful Return
    Blisterpod
    Geyserfield Stalker
    Sandstone Bridge
--> Tajuru Beastmaster
    Demon's Grasp
    Lavastep Raider
    Makindi Patrol
    Vampiric Rites
    Mountain

--: Broodhunter Wurm

--: Broodhunter Wurm

Pack 3 pick 7:
    Reclaiming Vines
    Scour from Existence
    Grave Birthing
--> Broodhunter Wurm
    Spell Shrivel
    Goblin War Paint
    Tandem Tactics
    Retreat to Kazandu
    Swamp

--: Snapping Gnarlid

--: Snapping Gnarlid

Pack 3 pick 8:
    Seek the Wilds
    Wave-Wing Elemental
    Fertile Thicket
    Geyserfield Stalker
--> Snapping Gnarlid
    Shatterskull Recruit
    Retreat to Coralhelm
    Forest

--: Looming Spires

--: Looming Spires

Pack 3 pick 9:
    Earthen Arms
    Natural Connection
    Tightening Coils
    Eldrazi Devastator
--> Looming Spires
    Fertile Thicket
    Island

--: Tajuru Beastmaster

--: Tajuru Beastmaster

Pack 3 pick 10:
    Seek the Wilds
    Coralhelm Guide
    Nirkana Assassin
--> Tajuru Beastmaster
    Reckless Cohort
    Swamp

--: Murk Strider

Pack 3 pick 11:
--> Murk Strider
    Kitesail Scout
    Ondu Greathorn
    Rot Shambler
    Mountain

--: Lifespring Druid

Pack 3 pick 12:
    Murk Strider
    Salvage Drone
--> Lifespring Druid
    Island

--: Natural Connection

Pack 3 pick 13:
    Earthen Arms
--> Natural Connection
    Forest

--: Mountain

Pack 3 pick 14:
    Lavastep Raider
--> Mountain

--: Swamp

Pack 3 pick 15:
--> Swamp

