Event #: 9346301
Time:    2/4/2016 7:42:02 PM
Players:
    oppy007
    hills
    DeepFinesse
    ihlenfeldt
    snackman
    Toastxp
    Amurica
--> bchelf

--: Ayli, Eternal Pilgrim

--: Ayli, Eternal Pilgrim

--: Ayli, Eternal Pilgrim

------ OGW ------ 

Pack 1 pick 1:
    Gravity Negator
    Warden of Geometries
    Stalking Drone
    Kor Sky Climber
    Corpse Churn
    Natural State
    Slaughter Drone
    Ondu War Cleric
    Ancient Crab
    Affa Protector
    Relief Captain
    Essence Depleter
    Baloth Pup
--> Ayli, Eternal Pilgrim
    Island

--: Allied Reinforcements

Pack 1 pick 2:
    Stalking Drone
    Goblin Freerunner
    Wastes
    Jwar Isle Avenger
    Warden of Geometries
    Saddleback Lagac
    Corpse Churn
    Umara Entangler
    Consuming Sinkhole
    Visions of Brutality
--> Allied Reinforcements
    Reaver Drone
    Void Grafter
    Island

--: Cyclone Sire

Pack 1 pick 3:
    Goblin Freerunner
    Wastes
    Sweep Away
    Seer's Lantern
    Loam Larva
    Unnatural Endurance
    Pulse of Murasa
    Makindi Aeronaut
    Tranquil Expanse
    Sparkmage's Gambit
--> Cyclone Sire
    Havoc Sower
    Mountain

--: Blinding Drone

Pack 1 pick 4:
    Holdout Settlement
--> Blinding Drone
    Kozilek's Pathfinder
    Vines of the Recluse
    Zulaport Chainmage
    Saddleback Lagac
    Consuming Sinkhole
    Shoulder to Shoulder
    Ancient Crab
    Warping Wail
    Mina and Denn, Wildborn
    Plains

--: Walker of the Wastes

Pack 1 pick 5:
    Wastes
    Sweep Away
    Unnatural Endurance
    Vines of the Recluse
    Zulaport Chainmage
    Negate
    Sparkmage's Gambit
    Stalking Drone
--> Walker of the Wastes
    Needle Spires
    Plains

--: Cultivator Drone

Pack 1 pick 6:
    Kozilek's Pathfinder
    Spawnbinder Mage
    Kozilek's Translator
    Lead by Example
    Corpse Churn
    Mighty Leap
--> Cultivator Drone
    Expedite
    Immobilizer Eldrazi
    Island

--: Seer's Lantern

Pack 1 pick 7:
    Wastes
--> Seer's Lantern
    Loam Larva
    Unnatural Endurance
    Abstruse Interference
    Sparkmage's Gambit
    Iona's Blessing
    Needle Spires
    Swamp

--: Submerged Boneyard

Pack 1 pick 8:
    Kozilek's Pathfinder
    Tajuru Pathwarden
    Elemental Uprising
    Sky Scourer
    Slip Through Space
--> Submerged Boneyard
    Tears of Valakut
    Swamp

--: Ancient Crab

Pack 1 pick 9:
    Stalking Drone
    Corpse Churn
    Natural State
--> Ancient Crab
    Affa Protector
    Baloth Pup
    Island

--: Umara Entangler

Pack 1 pick 10:
    Stalking Drone
    Corpse Churn
--> Umara Entangler
    Consuming Sinkhole
    Void Grafter
    Island

--: Unnatural Endurance

Pack 1 pick 11:
    Loam Larva
--> Unnatural Endurance
    Pulse of Murasa
    Sparkmage's Gambit
    Mountain

--: Ancient Crab

Pack 1 pick 12:
    Vines of the Recluse
    Consuming Sinkhole
--> Ancient Crab
    Plains

--: Wastes

Pack 1 pick 13:
--> Wastes
    Vines of the Recluse
    Plains

--: Island

Pack 1 pick 14:
    Corpse Churn
--> Island

--: Swamp

Pack 1 pick 15:
--> Swamp

--: Thought-Knot Seer

------ OGW ------ 

Pack 2 pick 1:
    Boulder Salvo
    Holdout Settlement
    Blinding Drone
    Kozilek's Pathfinder
    Kozilek's Shrieker
    Loam Larva
    Slaughter Drone
    Brute Strength
    Affa Protector
    Ancient Crab
    Tranquil Expanse
    Weapons Trainer
    Unity of Purpose
--> Thought-Knot Seer
    Forest

--: Vampire Envoy

Pack 2 pick 2:
    Seer's Lantern
    Kor Sky Climber
--> Vampire Envoy
    Cinder Hellion
    Holdout Settlement
    Natural State
    Kozilek's Translator
    Consuming Sinkhole
    Shoulder to Shoulder
    Ancient Crab
    Harvester Troll
    Void Shatter
    Malakir Soothsayer
    Mountain

--: Walker of the Wastes

Pack 2 pick 3:
    Sweep Away
    Seer's Lantern
    Tajuru Pathwarden
    Elemental Uprising
    Maw of Kozilek
    Mighty Leap
    Abstruse Interference
    Akoum Flameseeker
--> Walker of the Wastes
    Immolating Glare
    Stormchaser Mage
    Wandering Fumarole
    Forest

--: Wastes

Pack 2 pick 4:
    Boulder Salvo
--> Wastes
    Zulaport Chainmage
    Elemental Uprising
    Sky Scourer
    Abstruse Interference
    Akoum Flameseeker
    Embodiment of Fury
    Harvester Troll
    Stoneforge Acolyte
    Oath of Gideon
    Mountain

--: Dread Defiler

Pack 2 pick 5:
    Warden of Geometries
    Stalking Drone
    Sky Scourer
    Saddleback Lagac
    Kozilek's Shrieker
    Searing Light
    Negate
    Sparkmage's Gambit
    Make a Stand
--> Dread Defiler
    Plains

--: Roiling Waters

Pack 2 pick 6:
    Tar Snare
    Wastes
    Sky Scourer
    Loam Larva
    Abstruse Interference
    Akoum Flameseeker
    Dazzling Reflection
--> Roiling Waters
    Embodiment of Fury
    Mountain

--: Slaughter Drone

Pack 2 pick 7:
    Bone Saw
    Spawnbinder Mage
    Cinder Hellion
    Witness the End
    Netcaster Spider
--> Slaughter Drone
    Brute Strength
    Flayer Drone
    Forest

--: Comparative Analysis

Pack 2 pick 8:
    Stalking Drone
    Lead by Example
--> Comparative Analysis
    Eldrazi Aggressor
    Tranquil Expanse
    Stoneforge Acolyte
    Overwhelming Denial
    Plains

--: Slaughter Drone

Pack 2 pick 9:
    Kozilek's Pathfinder
    Loam Larva
--> Slaughter Drone
    Brute Strength
    Ancient Crab
    Weapons Trainer
    Forest

--: Seer's Lantern

Pack 2 pick 10:
--> Seer's Lantern
    Cinder Hellion
    Natural State
    Consuming Sinkhole
    Ancient Crab
    Mountain

--: Abstruse Interference

Pack 2 pick 11:
    Maw of Kozilek
    Mighty Leap
--> Abstruse Interference
    Akoum Flameseeker
    Forest

--: Stoneforge Acolyte

Pack 2 pick 12:
    Elemental Uprising
    Harvester Troll
--> Stoneforge Acolyte
    Mountain

--: Sky Scourer

Pack 2 pick 13:
--> Sky Scourer
    Sparkmage's Gambit
    Plains

--: Abstruse Interference

Pack 2 pick 14:
--> Abstruse Interference
    Mountain

--: Brute Strength

Pack 2 pick 15:
--> Brute Strength

--: Benthic Infiltrator

------ BFZ ------ 

Pack 3 pick 1:
    Roilmage's Trick
    Dutiful Return
    Swell of Growth
    Dispel
    Belligerent Whiptail
    Angelic Gift
    Ondu Champion
    Ghostly Sentinel
--> Benthic Infiltrator
    Vestige of Emrakul
    Windrider Patrol
    Jaddi Offshoot
    Forerunner of Slaughter
    Brutal Expulsion
    Mountain

--: Kozilek's Channeler

Pack 3 pick 2:
    Incubator Drone
    Kalastria Healer
    Unnatural Aggression
    Geyserfield Stalker
    Sandstone Bridge
    Tajuru Beastmaster
    Demon's Grasp
--> Kozilek's Channeler
    Tandem Tactics
    Resolute Blademaster
    Roil Spout
    Encircling Fissure
    Smoldering Marsh
    Plains

--: Swarm Surge

Pack 3 pick 3:
    Reclaiming Vines
    Salvage Drone
--> Swarm Surge
    Call the Scions
    Shatterskull Recruit
    Felidar Cub
    Smite the Monstrous
    Vestige of Emrakul
    Courier Griffin
    Processor Assault
    Rising Miasma
    Horribly Awry
    Swamp

--: Murk Strider

Pack 3 pick 4:
    Kalastria Nightwatch
    Earthen Arms
--> Murk Strider
    Scour from Existence
    Grave Birthing
    Broodhunter Wurm
    Lavastep Raider
    Cliffside Lookout
    Carrier Thrall
    Bloodbond Vampire
    Serene Steward
    Mountain

--: Spawning Bed

Pack 3 pick 5:
    Coralhelm Guide
    Mire's Malice
    Tajuru Stalwart
    Volcanic Upheaval
    Stone Haven Medic
    Valakut Invoker
    Ondu Greathorn
    Dominator Drone
    Skyrider Elf
--> Spawning Bed
    Swamp

--: Clutch of Currents

Pack 3 pick 6:
--> Clutch of Currents
    Kalastria Nightwatch
    Fertile Thicket
    Snapping Gnarlid
    Spell Shrivel
    Scour from Existence
    Cliffside Lookout
    Kor Entanglers
    Plated Crusher
    Plains

--: Silent Skimmer

Pack 3 pick 7:
    Ruin Processor
    Skyline Cascade
    Rush of Ice
--> Silent Skimmer
    Mortuary Mire
    Inspired Charge
    Firemantle Mage
    Defiant Bloodlord
    Island

--: Coralhelm Guide

Pack 3 pick 8:
    Seek the Wilds
--> Coralhelm Guide
    Nirkana Assassin
    Boiling Earth
    Makindi Patrol
    Bloodbond Vampire
    Cinder Glade
    Island

--: Roilmage's Trick

Pack 3 pick 9:
--> Roilmage's Trick
    Dutiful Return
    Belligerent Whiptail
    Angelic Gift
    Ondu Champion
    Jaddi Offshoot
    Mountain

--: Geyserfield Stalker

--: Geyserfield Stalker

Pack 3 pick 10:
    Unnatural Aggression
--> Geyserfield Stalker
    Sandstone Bridge
    Tandem Tactics
    Encircling Fissure
    Plains

--: Rising Miasma

Pack 3 pick 11:
    Reclaiming Vines
    Shatterskull Recruit
    Felidar Cub
--> Rising Miasma
    Swamp

--: Mountain

Pack 3 pick 12:
    Earthen Arms
    Broodhunter Wurm
    Lavastep Raider
--> Mountain

--: Swamp

Pack 3 pick 13:
    Volcanic Upheaval
    Ondu Greathorn
--> Swamp

--: Fertile Thicket

Pack 3 pick 14:
--> Fertile Thicket
    Plains

--: Island

Pack 3 pick 15:
--> Island

