Event #: 9348917
Time:    05/02/2016 21:26:27
Players:
    ssakke
    Pr0xies
    kberner14
--> Arcannys
    zerkeur
    PapaPilo5
    Cornhawk23
    frslash

--: Crush of Tentacles

------ OGW ------ 

Pack 1 pick 1:
    Kozilek's Pathfinder
    Spawnbinder Mage
    Oblivion Strike
    Goblin Freerunner
    Elemental Uprising
    Sky Scourer
    Loam Larva
    Ancient Crab
    Affa Protector
    Makindi Aeronaut
    Chitinous Cloak
    Gift of Tusks
    Press into Service
--> Crush of Tentacles
    Swamp

--: Tyrant of Valakut

Pack 1 pick 2:
    Holdout Settlement
    Blinding Drone
    Kozilek's Pathfinder
    Tajuru Pathwarden
    Expedition Raptor
    Loam Larva
    Unnatural Endurance
    Consuming Sinkhole
    Shoulder to Shoulder
    Ancient Crab
    Strider Harness
    Stoneforge Acolyte
--> Tyrant of Valakut
    Swamp

--: Jwar Isle Avenger

Pack 1 pick 3:
    Stalking Drone
    Cinder Hellion
    Wastes
--> Jwar Isle Avenger
    Corpse Churn
    Canopy Gorger
    Sky Scourer
    Brute Strength
    Comparative Analysis
    Relief Captain
    Essence Depleter
    Baloth Pup
    Plains

--: Grip of the Roil

--: Crumbling Vestige

Pack 1 pick 4:
--> Crumbling Vestige
    Gravity Negator
    Kozilek's Shrieker
    Loam Larva
    Slaughter Drone
    Abstruse Interference
    Akoum Flameseeker
    Searing Light
    Grip of the Roil
    Unity of Purpose
    Hedron Alignment
    Swamp

--: Cultivator Drone

--: Expedite

Pack 1 pick 5:
    Seer's Lantern
    Spawnbinder Mage
    Corpse Churn
    Natural State
    Kozilek's Translator
    Cultivator Drone
--> Expedite
    Ondu War Cleric
    Chitinous Cloak
    Weapons Trainer
    Swamp

--: Embodiment of Fury

--: Embodiment of Fury

Pack 1 pick 6:
    Seer's Lantern
    Saddleback Lagac
    Corpse Churn
    Canopy Gorger
    Consuming Sinkhole
    Cultivator Drone
--> Embodiment of Fury
    Void Grafter
    Stoneforge Acolyte
    Forest

--: Umara Entangler

Pack 1 pick 7:
    Tar Snare
    Cinder Hellion
    Elemental Uprising
    Sky Scourer
    Saddleback Lagac
    Sparkmage's Gambit
    Makindi Aeronaut
--> Umara Entangler
    Mountain

--: Blinding Drone

--: Blinding Drone

Pack 1 pick 8:
--> Blinding Drone
    Kozilek's Pathfinder
    Sky Scourer
    Null Caller
    Ancient Crab
    Expedite
    Call the Gatewatch
    Swamp

--: Gift of Tusks

--: Ancient Crab

Pack 1 pick 9:
    Elemental Uprising
    Sky Scourer
    Loam Larva
--> Ancient Crab
    Chitinous Cloak
    Gift of Tusks
    Swamp

--: Ancient Crab

Pack 1 pick 10:
    Kozilek's Pathfinder
    Loam Larva
    Consuming Sinkhole
--> Ancient Crab
    Strider Harness
    Swamp

--: Wastes

Pack 1 pick 11:
--> Wastes
    Corpse Churn
    Canopy Gorger
    Sky Scourer
    Plains

--: Hedron Alignment

--: Unity of Purpose

--: Unity of Purpose

Pack 1 pick 12:
    Abstruse Interference
--> Unity of Purpose
    Hedron Alignment
    Swamp

--: Natural State

Pack 1 pick 13:
    Corpse Churn
--> Natural State
    Swamp

Pack 1 pick 14:
--> Consuming Sinkhole
    Forest

Pack 1 pick 15:
--> Mountain

--: Kozilek's Return

------ OGW ------ 

Pack 2 pick 1:
    Ayli, Eternal Pilgrim
    Holdout Settlement
    Gravity Negator
    Bone Saw
    Expedition Raptor
    Lead by Example
    Untamed Hunger
    Negate
    Sparkmage's Gambit
    Shoulder to Shoulder
    Embodiment of Insight
    Immobilizer Eldrazi
    Baloth Null
--> Kozilek's Return
    Mountain

--: Cyclone Sire

--: Mirrorpool

Pack 2 pick 2:
    Unknown Shores
    Gravity Negator
    Warden of Geometries
    Stalking Drone
    Corpse Churn
    Natural State
    Slaughter Drone
    Sparkmage's Gambit
    Makindi Aeronaut
    Umara Entangler
    Timber Gorge
    Cyclone Sire
--> Mirrorpool
    Island

--: Slip Through Space

Pack 2 pick 3:
    Wastes
    Sweep Away
    Seer's Lantern
    Tajuru Pathwarden
    Untamed Hunger
    Vines of the Recluse
--> Slip Through Space
    Consuming Sinkhole
    Searing Light
    Immolating Glare
    Reaver Drone
    Flayer Drone
    Plains

--: Pyromancer's Assault

--: Pyromancer's Assault

Pack 2 pick 4:
    Expedition Raptor
    Zada's Commando
    Crumbling Vestige
    Zulaport Chainmage
    Elemental Uprising
    Umara Entangler
    Akoum Flameseeker
    Cultivator Drone
--> Pyromancer's Assault
    Relentless Hunter
    Remorseless Punishment
    Swamp

--: Reality Hemorrhage

--: Reality Hemorrhage

Pack 2 pick 5:
    Warden of Geometries
    Spawnbinder Mage
--> Reality Hemorrhage
    Unknown Shores
    Witness the End
    Consuming Sinkhole
    Ondu War Cleric
    Cultivator Drone
    Prophet of Distortion
    Reckless Bushwhacker
    Swamp

--: Cultivator Drone

Pack 2 pick 6:
    Scion Summoner
    Sky Scourer
    Saddleback Lagac
    Kozilek's Shrieker
--> Cultivator Drone
    Brute Strength
    Affa Protector
    Tranquil Expanse
    Stoneforge Acolyte
    Mountain

--: Bone Saw

Pack 2 pick 7:
--> Bone Saw
    Elemental Uprising
    Natural State
    Eldrazi Aggressor
    Affa Protector
    Mighty Leap
    Iona's Blessing
    Oath of Gideon
    Island

--: Goblin Freerunner

Pack 2 pick 8:
    Bone Saw
    Tajuru Pathwarden
--> Goblin Freerunner
    Pulse of Murasa
    Unnatural Endurance
    Slip Through Space
    Maw of Kozilek
    Plains

--: Immobilizer Eldrazi

--: Immobilizer Eldrazi

Pack 2 pick 9:
    Bone Saw
    Lead by Example
    Untamed Hunger
    Negate
    Sparkmage's Gambit
--> Immobilizer Eldrazi
    Mountain

--: Gravity Negator

Pack 2 pick 10:
--> Gravity Negator
    Warden of Geometries
    Corpse Churn
    Natural State
    Sparkmage's Gambit
    Island

--: Searing Light

Pack 2 pick 11:
    Untamed Hunger
    Consuming Sinkhole
--> Searing Light
    Reaver Drone
    Plains

--: Zada's Commando

--: Zada's Commando

Pack 2 pick 12:
--> Zada's Commando
    Akoum Flameseeker
    Remorseless Punishment
    Swamp

--: Witness the End

Pack 2 pick 13:
--> Witness the End
    Consuming Sinkhole
    Swamp

--: Stoneforge Acolyte

Pack 2 pick 14:
--> Stoneforge Acolyte
    Mountain

Pack 2 pick 15:
--> Island

--: Dragonmaster Outcast

------ BFZ ------ 

Pack 3 pick 1:
    Murk Strider
    Sludge Crawler
    Plummet
    Tightening Coils
    Looming Spires
    Grave Birthing
    Eyeless Watcher
    Eldrazi Devastator
    Kitesail Scout
    Reckless Cohort
    Ulamog's Reclaimer
    Slab Hammer
    Grovetender Druids
--> Dragonmaster Outcast
    Island

--: Coastal Discovery

Pack 3 pick 2:
    Anticipate
    Mind Raker
    Territorial Baloth
    Geyserfield Stalker
    Cloud Manta
    Sandstone Bridge
    Tajuru Beastmaster
    Demon's Grasp
    Felidar Cub
    Brood Monitor
    Drana's Emissary
--> Coastal Discovery
    Aligned Hedron Network
    Forest

--: Anticipate

Pack 3 pick 3:
    Dutiful Return
    Blisterpod
--> Anticipate
    Sludge Crawler
    Tandem Tactics
    Sure Strike
    Lifespring Druid
    Ondu Greathorn
    Dominator Drone
    Skitterskin
    Retreat to Hagra
    Brood Butcher
    Mountain

--: Wave-Wing Elemental

Pack 3 pick 4:
    Coralhelm Guide
    Mire's Malice
--> Wave-Wing Elemental
    Silent Skimmer
    Rush of Ice
    Natural Connection
    Unnatural Aggression
    Stone Haven Medic
    Volcanic Upheaval
    Hagra Sharpshooter
    Retreat to Valakut
    Forest

--: Dampening Pulse

Pack 3 pick 5:
    Salvage Drone
    Swarm Surge
    Call the Scions
    Inspired Charge
    Boiling Earth
    Lavastep Raider
    Ondu Champion
    Ghostly Sentinel
--> Dampening Pulse
    Skyrider Elf
    Mountain

--: Exert Influence

Pack 3 pick 6:
    Seek the Wilds
    Coralhelm Guide
    Wave-Wing Elemental
    Fertile Thicket
    Geyserfield Stalker
    Snapping Gnarlid
    Belligerent Whiptail
    Scythe Leopard
--> Exert Influence
    Swamp

--: Roil Spout

Pack 3 pick 7:
    Salvage Drone
    Wave-Wing Elemental
    Fertile Thicket
    Geyserfield Stalker
    Inspired Charge
    Volcanic Upheaval
--> Roil Spout
    Skitterskin
    Island

--: Tightening Coils

Pack 3 pick 8:
    Murk Strider
    Voracious Null
    Natural Connection
--> Tightening Coils
    Looming Spires
    Fertile Thicket
    Fortified Rampart
    Mountain

--: Tightening Coils

Pack 3 pick 9:
    Murk Strider
--> Tightening Coils
    Grave Birthing
    Eyeless Watcher
    Kitesail Scout
    Reckless Cohort
    Island

--: Anticipate

Pack 3 pick 10:
--> Anticipate
    Mind Raker
    Territorial Baloth
    Geyserfield Stalker
    Felidar Cub
    Forest

--: Sure Strike

Pack 3 pick 11:
    Dutiful Return
--> Sure Strike
    Skitterskin
    Retreat to Hagra
    Mountain

--: Rush of Ice

Pack 3 pick 12:
--> Rush of Ice
    Natural Connection
    Volcanic Upheaval
    Forest

--: Salvage Drone

Pack 3 pick 13:
--> Salvage Drone
    Lavastep Raider
    Mountain

--: Geyserfield Stalker

Pack 3 pick 14:
--> Geyserfield Stalker
    Swamp

--: Island

Pack 3 pick 15:
--> Island

