Event #: 9352973
Time:    2/6/2016 12:45:30 PM
Players:
    Greaserjason
    wahyohyo
    Horticus
    jrlyon
    mepwolv
    MagicDeckbuilder16
    SAWslow
--> Bortlett1

--: Essence Depleter

--: Essence Depleter

--: Essence Depleter

------ OGW ------ 

Pack 1 pick 1:
    Jwar Isle Avenger
    Warden of Geometries
    Spawnbinder Mage
    Vampire Envoy
    Pulse of Murasa
    Unnatural Endurance
    Vines of the Recluse
    Cultivator Drone
    Expedite
    Makindi Aeronaut
--> Essence Depleter
    Submerged Boneyard
    Wall of Resurgence
    Oath of Gideon
    Swamp

--: Isolation Zone

--: Isolation Zone

Pack 1 pick 2:
    Warden of Geometries
--> Isolation Zone
    Tar Snare
    Reality Hemorrhage
    Wastes
    Untamed Hunger
    Vines of the Recluse
    Makindi Aeronaut
    Abstruse Interference
    Sparkmage's Gambit
    Relief Captain
    Mindmelter
    Remorseless Punishment
    Swamp

--: Ondu War Cleric

--: Kor Sky Climber

--: Ondu War Cleric

--: Ondu War Cleric

Pack 1 pick 3:
    Kor Sky Climber
    Vampire Envoy
    Cinder Hellion
    Holdout Settlement
    Slaughter Drone
    Canopy Gorger
    Kozilek's Shrieker
    Cultivator Drone
    Expedite
--> Ondu War Cleric
    Null Caller
    Gift of Tusks
    Swamp

--: Malakir Soothsayer

--: Malakir Soothsayer

Pack 1 pick 4:
    Cinder Hellion
    Unknown Shores
    Sweep Away
    Seer's Lantern
    Kor Sky Climber
    Loam Larva
    Akoum Flameseeker
    Dazzling Reflection
    Gift of Tusks
    Walker of the Wastes
--> Malakir Soothsayer
    Plains

--: Kor Sky Climber

--: Kor Sky Climber

Pack 1 pick 5:
    Unknown Shores
    Blinding Drone
    Kozilek's Pathfinder
--> Kor Sky Climber
    Netcaster Spider
    Maw of Kozilek
    Shoulder to Shoulder
    Umara Entangler
    Reaver Drone
    Timber Gorge
    Swamp

--: Expedition Raptor

--: Kor Scythemaster

--: Kor Scythemaster

Pack 1 pick 6:
    Gravity Negator
    Bone Saw
    Expedition Raptor
    Pulse of Murasa
    Abstruse Interference
    Sparkmage's Gambit
--> Kor Scythemaster
    Reckless Bushwhacker
    Warping Wail
    Forest

--: Boulder Salvo

--: Zulaport Chainmage

--: Boulder Salvo

--: Akoum Flameseeker

--: Boulder Salvo

--: Boulder Salvo

Pack 1 pick 7:
    Scion Summoner
--> Boulder Salvo
    Zulaport Chainmage
    Corpse Churn
    Abstruse Interference
    Akoum Flameseeker
    Searing Light
    Void Shatter
    Mountain

--: Kor Sky Climber

--: Kor Sky Climber

Pack 1 pick 8:
--> Kor Sky Climber
    Vines of the Recluse
    Eldrazi Aggressor
    Negate
    Tranquil Expanse
    Allied Reinforcements
    Unity of Purpose
    Island

--: Makindi Aeronaut

--: Makindi Aeronaut

Pack 1 pick 9:
    Pulse of Murasa
    Unnatural Endurance
    Vines of the Recluse
    Expedite
--> Makindi Aeronaut
    Submerged Boneyard
    Swamp

--: Sparkmage's Gambit

--: Sparkmage's Gambit

Pack 1 pick 10:
    Wastes
    Untamed Hunger
    Vines of the Recluse
    Abstruse Interference
--> Sparkmage's Gambit
    Swamp

--: Expedite

Pack 1 pick 11:
    Canopy Gorger
--> Expedite
    Null Caller
    Gift of Tusks
    Swamp

--: Cinder Hellion

Pack 1 pick 12:
--> Cinder Hellion
    Dazzling Reflection
    Gift of Tusks
    Plains

--: Timber Gorge

Pack 1 pick 13:
    Umara Entangler
--> Timber Gorge
    Swamp

--: Bone Saw

Pack 1 pick 14:
--> Bone Saw
    Forest

Pack 1 pick 15:
--> Mountain

--: Embodiment of Fury

--: Embodiment of Fury

------ OGW ------ 

Pack 2 pick 1:
    Reality Hemorrhage
    Unknown Shores
    Sweep Away
    Bone Saw
    Tajuru Pathwarden
    Natural State
    Kozilek's Translator
    Negate
    Sparkmage's Gambit
    Shoulder to Shoulder
    Strider Harness
--> Embodiment of Fury
    Void Grafter
    Deceiver of Form
    Forest

--: Press into Service

--: Press into Service

--: Press into Service

Pack 2 pick 2:
    Kozilek's Pathfinder
    Spawnbinder Mage
    Goblin Freerunner
    Elemental Uprising
    Sky Scourer
    Loam Larva
    Slip Through Space
    Maw of Kozilek
    Dazzling Reflection
    Harvester Troll
    Stoneforge Acolyte
--> Press into Service
    Bearer of Silence
    Plains

--: Goblin Freerunner

--: Goblin Freerunner

Pack 2 pick 3:
    Bone Saw
    Vampire Envoy
    Tajuru Pathwarden
--> Goblin Freerunner
    Natural State
    Witness the End
    Netcaster Spider
    Maw of Kozilek
    Mighty Leap
    Abstruse Interference
    Kazuul's Toll Collector
    Void Shatter
    Forest

--: Oath of Chandra

--: Boulder Salvo

--: Oath of Chandra

--: Oath of Chandra

Pack 2 pick 4:
    Boulder Salvo
    Holdout Settlement
    Kozilek's Translator
    Saddleback Lagac
    Corpse Churn
    Sparkmage's Gambit
    Makindi Aeronaut
    Umara Entangler
    Tranquil Expanse
    Allied Reinforcements
--> Oath of Chandra
    Island

--: Stoneforge Masterwork

--: Stoneforge Masterwork

Pack 2 pick 5:
    Wastes
    Loam Larva
    Unnatural Endurance
    Pulse of Murasa
    Expedite
    Searing Light
    Comparative Analysis
    Chitinous Cloak
    Pyromancer's Assault
--> Stoneforge Masterwork
    Forest

--: Zada's Commando

--: Zada's Commando

Pack 2 pick 6:
--> Zada's Commando
    Wastes
    Island
    Elemental Uprising
    Consuming Sinkhole
    Shoulder to Shoulder
    Ancient Crab
    Reaver Drone
    Bonds of Mortality
    Swamp

--: Cinder Hellion

--: Cinder Hellion

Pack 2 pick 7:
    Stalking Drone
--> Cinder Hellion
    Lead by Example
    Untamed Hunger
    Mighty Leap
    Consuming Sinkhole
    Make a Stand
    Flayer Drone
    Island

--: Reality Hemorrhage

--: Makindi Aeronaut

--: Reality Hemorrhage

Pack 2 pick 8:
    Warden of Geometries
--> Reality Hemorrhage
    Corpse Churn
    Canopy Gorger
    Sparkmage's Gambit
    Makindi Aeronaut
    Umara Entangler
    Swamp

--: Sparkmage's Gambit

Pack 2 pick 9:
    Unknown Shores
    Bone Saw
    Natural State
    Negate
--> Sparkmage's Gambit
    Strider Harness
    Forest

--: Goblin Freerunner

Pack 2 pick 10:
    Spawnbinder Mage
--> Goblin Freerunner
    Elemental Uprising
    Slip Through Space
    Dazzling Reflection
    Plains

--: Kazuul's Toll Collector

--: Kazuul's Toll Collector

Pack 2 pick 11:
    Bone Saw
    Natural State
    Abstruse Interference
--> Kazuul's Toll Collector
    Forest

--: Tranquil Expanse

Pack 2 pick 12:
    Corpse Churn
    Sparkmage's Gambit
--> Tranquil Expanse
    Island

--: Searing Light

Pack 2 pick 13:
    Expedite
--> Searing Light
    Forest

--: Consuming Sinkhole

Pack 2 pick 14:
--> Consuming Sinkhole
    Swamp

--: Island

Pack 2 pick 15:
--> Island

--: Valakut Invoker

--: Pilgrim's Eye

--: Pilgrim's Eye

------ BFZ ------ 

Pack 3 pick 1:
    Murk Strider
    Voracious Null
    Oran-Rief Invoker
    Brilliant Spectrum
    Sure Strike
    Kitesail Scout
    Valakut Predator
    Shadow Glider
    Lifespring Druid
    Valakut Invoker
--> Pilgrim's Eye
    Blighted Cataract
    Zulaport Cutthroat
    Guardian of Tazeem
    Island

--: Deathless Behemoth

--: Gideon's Reproach

--: Gideon's Reproach

Pack 3 pick 2:
    Swell of Growth
    Dispel
    Kalastria Nightwatch
    Earthen Arms
    Lavastep Raider
    Cliffside Lookout
    Ondu Greathorn
    Lifespring Druid
    Ondu Champion
--> Gideon's Reproach
    Hagra Sharpshooter
    Deathless Behemoth
    March from the Tomb
    Plains

--: Radiant Flames

--: Courier Griffin

--: Courier Griffin

Pack 3 pick 3:
    Call the Scions
    Roilmage's Trick
    Swarm Surge
    Tajuru Stalwart
    Lavastep Raider
    Fortified Rampart
    Cliffside Lookout
--> Courier Griffin
    Benthic Infiltrator
    Transgress the Mind
    Ulamog's Reclaimer
    Radiant Flames
    Mountain

--: Firemantle Mage

--: Firemantle Mage

Pack 3 pick 4:
    Oran-Rief Invoker
    Brilliant Spectrum
    Nirkana Assassin
    Seek the Wilds
    Kor Castigator
    Reckless Cohort
    Makindi Sliderunner
    Infuse with the Elements
    Skyrider Elf
--> Firemantle Mage
    Aligned Hedron Network
    Mountain

--: Makindi Patrol

--: Valakut Invoker

--: Makindi Patrol

--: Firemantle Mage

--: Makindi Patrol

--: Firemantle Mage

--: Makindi Patrol

--: Makindi Patrol

Pack 3 pick 5:
    Giant Mantis
    Brilliant Spectrum
    Altar's Reap
    Boiling Earth
--> Makindi Patrol
    Hedron Blade
    Valakut Invoker
    Carrier Thrall
    Firemantle Mage
    Rising Miasma
    Mountain

--: Stonefury

--: Outnumber

--: Outnumber

Pack 3 pick 6:
    Culling Drone
    Seek the Wilds
    Coralhelm Guide
--> Outnumber
    Angelic Gift
    Shadow Glider
    Stonefury
    Smite the Monstrous
    Retreat to Coralhelm
    Forest

--: Kor Entanglers

--: Ondu Champion

--: Ondu Champion

Pack 3 pick 7:
    Mire's Malice
    Tajuru Stalwart
    Lithomancer's Focus
    Goblin War Paint
    Lifespring Druid
--> Ondu Champion
    Bloodbond Vampire
    Kor Entanglers
    Forest

--: Makindi Sliderunner

--: Courier Griffin

--: Makindi Patrol

--: Courier Griffin

--: Makindi Sliderunner

--: Makindi Sliderunner

Pack 3 pick 8:
    Giant Mantis
    Anticipate
    Kozilek's Sentinel
    Makindi Patrol
--> Makindi Sliderunner
    Courier Griffin
    Retreat to Valakut
    Island

--: Valakut Invoker

--: Valakut Invoker

Pack 3 pick 9:
    Voracious Null
    Brilliant Spectrum
    Sure Strike
    Shadow Glider
    Lifespring Druid
--> Valakut Invoker
    Island

--: Ondu Greathorn

--: Ondu Greathorn

Pack 3 pick 10:
    Swell of Growth
    Kalastria Nightwatch
    Lavastep Raider
    Cliffside Lookout
--> Ondu Greathorn
    Plains

--: Fortified Rampart

--: Cliffside Lookout

--: Cliffside Lookout

Pack 3 pick 11:
    Roilmage's Trick
    Fortified Rampart
--> Cliffside Lookout
    Ulamog's Reclaimer
    Mountain

--: Reckless Cohort

Pack 3 pick 12:
    Brilliant Spectrum
--> Reckless Cohort
    Infuse with the Elements
    Mountain

--: Boiling Earth

Pack 3 pick 13:
    Brilliant Spectrum
--> Boiling Earth
    Mountain

--: Retreat to Coralhelm

Pack 3 pick 14:
--> Retreat to Coralhelm
    Forest

--: Forest

Pack 3 pick 15:
--> Forest

