Event #: 9353585
Time:    2/6/2016 12:26:05 PM
Players:
    Xul_Solar
--> FinchleyCentral
    XxLuchesixX
    iikuuk
    Jzimme4494
    Ik_beat_Wessel
    everybodynos
    fingabx

--: Hedron Crawler

--: Hedron Crawler

------ OGW ------ 

Pack 1 pick 1:
    Crumbling Vestige
    Containment Membrane
--> Hedron Crawler
    Tar Snare
    Stalking Drone
    Pulse of Murasa
    Untamed Hunger
    Akoum Flameseeker
    Ondu War Cleric
    Cultivator Drone
    Meandering River
    Thought Harvester
    Steppe Glider
    Inverter of Truth
    Plains

--: Scion Summoner

--: Scion Summoner

Pack 1 pick 2:
--> Scion Summoner
    Kor Sky Climber
    Zada's Commando
    Crumbling Vestige
    Netcaster Spider
    Slaughter Drone
    Canopy Gorger
    Searing Light
    Negate
    Sparkmage's Gambit
    Birthing Hulk
    Warping Wail
    Oath of Gideon
    Swamp

--: Boulder Salvo

--: Boulder Salvo

Pack 1 pick 3:
    Vampire Envoy
    Scion Summoner
--> Boulder Salvo
    Holdout Settlement
    Tar Snare
    Pulse of Murasa
    Untamed Hunger
    Umara Entangler
    Akoum Flameseeker
    Ondu War Cleric
    Roiling Waters
    Kazuul's Toll Collector
    Island

--: Baloth Pup

--: Baloth Pup

Pack 1 pick 4:
    Kor Sky Climber
    Holdout Settlement
    Kozilek's Shrieker
    Netcaster Spider
    Witness the End
    Sparkmage's Gambit
    Kor Scythemaster
    Comparative Analysis
    Chitinous Cloak
    Weapons Trainer
--> Baloth Pup
    Island

--: Zada's Commando

--: Zada's Commando

Pack 1 pick 5:
    Kozilek's Pathfinder
    Tajuru Pathwarden
    Expedition Raptor
--> Zada's Commando
    Corpse Churn
    Natural State
    Consuming Sinkhole
    Searing Light
    Negate
    Tranquil Expanse
    Mountain

--: Cinder Hellion

--: Cinder Hellion

Pack 1 pick 6:
    Spawnbinder Mage
--> Cinder Hellion
    Seer's Lantern
    Sky Scourer
    Affa Protector
    Makindi Aeronaut
    Abstruse Interference
    Timber Gorge
    Unity of Purpose
    Plains

--: Malakir Soothsayer

--: Malakir Soothsayer

Pack 1 pick 7:
    Spawnbinder Mage
    Natural State
    Witness the End
    Makindi Aeronaut
    Ruin in Their Wake
    Consuming Sinkhole
--> Malakir Soothsayer
    Wall of Resurgence
    Forest

--: Ondu War Cleric

--: Ondu War Cleric

Pack 1 pick 8:
    Expedition Raptor
    Corpse Churn
    Natural State
    Mighty Leap
    Consuming Sinkhole
--> Ondu War Cleric
    Warping Wail
    Mountain

--: Akoum Flameseeker

--: Akoum Flameseeker

Pack 1 pick 9:
    Crumbling Vestige
    Containment Membrane
    Pulse of Murasa
    Untamed Hunger
--> Akoum Flameseeker
    Meandering River
    Plains

--: Netcaster Spider

--: Sparkmage's Gambit

--: Netcaster Spider

Pack 1 pick 10:
--> Netcaster Spider
    Canopy Gorger
    Negate
    Sparkmage's Gambit
    Warping Wail
    Swamp

--: Holdout Settlement

Pack 1 pick 11:
--> Holdout Settlement
    Pulse of Murasa
    Untamed Hunger
    Kazuul's Toll Collector
    Island

--: Kor Scythemaster

--: Kor Scythemaster

Pack 1 pick 12:
    Witness the End
    Sparkmage's Gambit
--> Kor Scythemaster
    Island

--: Corpse Churn

Pack 1 pick 13:
--> Corpse Churn
    Negate
    Mountain

--: Plains

Pack 1 pick 14:
    Abstruse Interference
--> Plains

--: Forest

Pack 1 pick 15:
--> Forest

--: Allied Reinforcements

--: Allied Reinforcements

------ OGW ------ 

Pack 2 pick 1:
    Shoulder to Shoulder
    Crumbling Vestige
    Gravity Negator
    Hedron Crawler
    Lead by Example
    Corpse Churn
    Natural State
    Slip Through Space
    Consuming Sinkhole
    Searing Light
--> Allied Reinforcements
    Grasp of Darkness
    Nissa's Judgment
    Ruins of Oran-Rief
    Forest

--: Reality Hemorrhage

--: Reality Hemorrhage

Pack 2 pick 2:
--> Reality Hemorrhage
    Wastes
    Containment Membrane
    Bone Saw
    Netcaster Spider
    Kozilek's Shrieker
    Loam Larva
    Shoulder to Shoulder
    Ancient Crab
    Maw of Kozilek
    Submerged Boneyard
    Prophet of Distortion
    Void Shatter
    Plains

--: Expedition Raptor

--: Expedition Raptor

Pack 2 pick 3:
    Cinder Hellion
    Holdout Settlement
    Gravity Negator
    Bone Saw
--> Expedition Raptor
    Corpse Churn
    Natural State
    Affa Protector
    Mighty Leap
    Consuming Sinkhole
    Null Caller
    Gift of Tusks
    Forest

--: Boulder Salvo

--: Boulder Salvo

Pack 2 pick 4:
--> Boulder Salvo
    Wastes
    Sweep Away
    Seer's Lantern
    Kozilek's Shrieker
    Lead by Example
    Untamed Hunger
    Swamp
    Slip Through Space
    Maw of Kozilek
    Immobilizer Eldrazi
    Mountain

--: Goblin Freerunner

--: Goblin Freerunner

Pack 2 pick 5:
    Stalking Drone
--> Goblin Freerunner
    Wastes
    Elemental Uprising
    Sky Scourer
    Cultivator Drone
    Expedite
    Makindi Aeronaut
    Null Caller
    Immobilizer Eldrazi
    Forest

--: Akoum Flameseeker

--: Akoum Flameseeker

Pack 2 pick 6:
    Loam Larva
    Witness the End
    Netcaster Spider
    Abstruse Interference
--> Akoum Flameseeker
    Searing Light
    Cinder Barrens
    Ruin in Their Wake
    Mindmelter
    Plains

--: Eldrazi Aggressor

Pack 2 pick 7:
    Canopy Gorger
    Kozilek's Translator
    Lead by Example
--> Eldrazi Aggressor
    Dazzling Reflection
    Slip Through Space
    Pyromancer's Assault
    Flaying Tendrils
    Swamp

--: Zada's Commando

--: Zada's Commando

Pack 2 pick 8:
    Spawnbinder Mage
--> Zada's Commando
    Pulse of Murasa
    Zulaport Chainmage
    Mighty Leap
    Expedite
    Timber Gorge
    Plains

--: Consuming Sinkhole

Pack 2 pick 9:
    Crumbling Vestige
    Lead by Example
    Corpse Churn
    Natural State
    Slip Through Space
--> Consuming Sinkhole
    Forest

--: Maw of Kozilek

Pack 2 pick 10:
    Bone Saw
    Loam Larva
    Ancient Crab
--> Maw of Kozilek
    Void Shatter
    Plains

--: Consuming Sinkhole

Pack 2 pick 11:
    Bone Saw
    Corpse Churn
    Natural State
--> Consuming Sinkhole
    Forest

--: Immobilizer Eldrazi

Pack 2 pick 12:
    Untamed Hunger
    Maw of Kozilek
--> Immobilizer Eldrazi
    Mountain

--: Expedite

Pack 2 pick 13:
    Elemental Uprising
--> Expedite
    Forest

--: Plains

Pack 2 pick 14:
    Ruin in Their Wake
--> Plains

--: Swamp

Pack 2 pick 15:
--> Swamp

--: Firemantle Mage

--: Outnumber

--: Outnumber

------ BFZ ------ 

Pack 3 pick 1:
    Oran-Rief Invoker
    Dispel
    Mind Raker
    Skyline Cascade
    Eldrazi Skyspawner
    Ruin Processor
    Bone Splinters
    Broodhunter Wurm
--> Outnumber
    Kitesail Scout
    Firemantle Mage
    Zulaport Cutthroat
    Malakir Familiar
    Radiant Flames
    Island

--: Tandem Tactics

Pack 3 pick 2:
    Plummet
    Coralhelm Guide
    Mire's Malice
    Rush of Ice
    Silent Skimmer
    Mortuary Mire
    Natural Connection
    Tightening Coils
    Volcanic Upheaval
--> Tandem Tactics
    Halimar Tidecaller
    Transgress the Mind
    Wasteland Strangler
    Mountain

--: Turn Against

--: Turn Against

Pack 3 pick 3:
    Culling Drone
    Seek the Wilds
    Eldrazi Devastator
    Wave-Wing Elemental
    Fertile Thicket
    Geyserfield Stalker
    Reckless Cohort
    Stone Haven Medic
    Catacomb Sifter
--> Turn Against
    Ulamog's Nullifier
    Aligned Hedron Network
    Plains

--: Slab Hammer

--: Slab Hammer

Pack 3 pick 4:
    Plummet
    Salvage Drone
    Kalastria Healer
    Spell Shrivel
    Complete Disregard
    Scour from Existence
    Wave-Wing Elemental
    Volcanic Upheaval
    Stone Haven Medic
    Transgress the Mind
--> Slab Hammer
    Forest

--: Nettle Drone

Pack 3 pick 5:
    Mist Intruder
    Mire's Malice
    Giant Mantis
    Silent Skimmer
    Rush of Ice
    Void Attendant
    Unnatural Aggression
--> Nettle Drone
    Fortified Rampart
    Carrier Thrall
    Forest

--: Lithomancer's Focus

Pack 3 pick 6:
    Swell of Growth
    Dispel
    Scour from Existence
    Wave-Wing Elemental
    Silent Skimmer
    Rush of Ice
    Boiling Earth
--> Lithomancer's Focus
    Titan's Presence
    Island

--: Ondu Greathorn

--: Ondu Greathorn

Pack 3 pick 7:
    Call the Scions
    Roilmage's Trick
    Swarm Surge
    Tajuru Stalwart
    Belligerent Whiptail
    Kor Castigator
    Smite the Monstrous
--> Ondu Greathorn
    Plains

--: Makindi Sliderunner

--: Makindi Sliderunner

Pack 3 pick 8:
    Blisterpod
    Oracle of Dust
    Voracious Null
    Kozilek's Sentinel
--> Makindi Sliderunner
    Jaddi Offshoot
    Turn Against
    Forest

--: Oran-Rief Invoker

Pack 3 pick 9:
--> Oran-Rief Invoker
    Dispel
    Mind Raker
    Skyline Cascade
    Broodhunter Wurm
    Kitesail Scout
    Island

--: Rush of Ice

Pack 3 pick 10:
    Mire's Malice
--> Rush of Ice
    Mortuary Mire
    Natural Connection
    Volcanic Upheaval
    Mountain

--: Reckless Cohort

Pack 3 pick 11:
    Seek the Wilds
    Eldrazi Devastator
    Fertile Thicket
--> Reckless Cohort
    Plains

--: Scour from Existence

Pack 3 pick 12:
    Salvage Drone
--> Scour from Existence
    Volcanic Upheaval
    Forest

--: Giant Mantis

Pack 3 pick 13:
    Mire's Malice
--> Giant Mantis
    Forest

--: Boiling Earth

Pack 3 pick 14:
--> Boiling Earth
    Island

Pack 3 pick 15:
--> Plains

