Event #: 9353121
Time:    6-2-2016 19:22:28
Players:
    steezemachineee
    stogiezino
    Truckis
    foxeye13
    daikoncarrot
    dillweeds
--> darkdiverSion
    westernwarrior

--: Dread Defiler

--: Dread Defiler

--: Dread Defiler

--: Birthing Hulk

--: Dread Defiler

--: Witness the End

--: Vampire Envoy

--: Birthing Hulk

--: Witness the End

--: Vampire Envoy

--: Dread Defiler

--: Birthing Hulk

--: Witness the End

--: Vampire Envoy

--: Dread Defiler

--: Birthing Hulk

--: Witness the End

--: Vampire Envoy

--: Dread Defiler

--: Birthing Hulk

--: Witness the End

--: Vampire Envoy

--: Dread Defiler

--: Birthing Hulk

--: Witness the End

--: Vampire Envoy

--: Dread Defiler

--: Birthing Hulk

--: Witness the End

--: Vampire Envoy

--: Dread Defiler

--: Birthing Hulk

--: Witness the End

--: Vampire Envoy

--: Dread Defiler

--: Birthing Hulk

--: Witness the End

--: Vampire Envoy

--: Dread Defiler

--: Birthing Hulk

--: Witness the End

--: Vampire Envoy

--: Dread Defiler

--: Birthing Hulk

--: Witness the End

--: Vampire Envoy

--: Dread Defiler

--: Dread Defiler

------ OGW ------ 

Pack 1 pick 1:
    Containment Membrane
    Bone Saw
    Vampire Envoy
    Tajuru Pathwarden
    Loam Larva
    Witness the End
    Netcaster Spider
    Cultivator Drone
    Expedite
    Ondu War Cleric
    Birthing Hulk
    Void Grafter
    Tears of Valakut
--> Dread Defiler
    Plains

--: Embodiment of Insight

--: Gift of Tusks

--: Immobilizer Eldrazi

--: Blinding Drone

--: Boulder Salvo

--: Elemental Uprising

--: Holdout Settlement

--: Kozilek's Pathfinder

--: Sky Scourer

--: Tajuru Pathwarden

--: Sky Scourer

--: Tajuru Pathwarden

--: Sky Scourer

--: Tajuru Pathwarden

--: Sky Scourer

--: Tajuru Pathwarden

--: Sky Scourer

--: Sky Scourer

--: Tajuru Pathwarden

--: Sky Scourer

--: Sky Scourer

--: Sky Scourer

--: Sky Scourer

--: Sky Scourer

--: Tajuru Pathwarden

--: Sky Scourer

--: Tajuru Pathwarden

--: Kozilek's Pathfinder

--: Embodiment of Insight

--: Embodiment of Insight

Pack 1 pick 2:
    Boulder Salvo
    Holdout Settlement
    Blinding Drone
    Kozilek's Pathfinder
    Tajuru Pathwarden
    Elemental Uprising
    Sky Scourer
    Dazzling Reflection
    Umara Entangler
    Brute Strength
--> Embodiment of Insight
    Immobilizer Eldrazi
    Gift of Tusks
    Plains

--: Embodiment of Fury

--: Unity of Purpose

--: Cultivator Drone

--: Gravity Negator

--: Pulse of Murasa

--: Searing Light

--: Slip Through Space

--: Zulaport Chainmage

--: Searing Light

--: Searing Light

--: Pulse of Murasa

--: Holdout Settlement

--: Gravity Negator

--: Cultivator Drone

--: Unity of Purpose

--: Immobilizer Eldrazi

--: Embodiment of Fury

--: Immobilizer Eldrazi

--: Embodiment of Fury

--: Embodiment of Fury

Pack 1 pick 3:
    Cinder Hellion
    Holdout Settlement
    Gravity Negator
    Pulse of Murasa
    Zulaport Chainmage
    Elemental Uprising
    Slip Through Space
    Cultivator Drone
    Searing Light
--> Embodiment of Fury
    Unity of Purpose
    Immobilizer Eldrazi
    Forest

--: Seer's Lantern

--: Seer's Lantern

--: Seer's Lantern

Pack 1 pick 4:
    Goblin Freerunner
    Wastes
--> Seer's Lantern
    Kor Sky Climber
    Vines of the Recluse
    Unnatural Endurance
    Comparative Analysis
    Eldrazi Aggressor
    Dazzling Reflection
    Timber Gorge
    Grip of the Roil
    Mountain

--: Kor Sky Climber

--: Maw of Kozilek

--: Maw of Kozilek

--: Maw of Kozilek

Pack 1 pick 5:
    Wastes
    Seer's Lantern
    Kor Sky Climber
    Corpse Churn
    Natural State
    Kozilek's Translator
--> Maw of Kozilek
    Dazzling Reflection
    Umara Entangler
    Submerged Boneyard
    Swamp

--: Akoum Flameseeker

--: Zada's Commando

--: Zada's Commando

Pack 1 pick 6:
--> Zada's Commando
    Crumbling Vestige
    Corpse Churn
    Canopy Gorger
    Sky Scourer
    Mighty Leap
    Abstruse Interference
    Akoum Flameseeker
    Tranquil Expanse
    Island

--: Reality Hemorrhage

--: Reality Hemorrhage

--: Reality Hemorrhage

Pack 1 pick 7:
    Stalking Drone
--> Reality Hemorrhage
    Crumbling Vestige
    Vines of the Recluse
    Tranquil Expanse
    Consuming Sinkhole
    Shoulder to Shoulder
    Ancient Crab
    Island

--: Reality Hemorrhage

Pack 1 pick 8:
    Tar Snare
--> Reality Hemorrhage
    Loam Larva
    Negate
    Sparkmage's Gambit
    Ruin in Their Wake
    Overwhelming Denial
    Mountain

--: Netcaster Spider

--: Netcaster Spider

Pack 1 pick 9:
    Bone Saw
    Loam Larva
--> Netcaster Spider
    Cultivator Drone
    Expedite
    Tears of Valakut
    Plains

--: Immobilizer Eldrazi

--: Immobilizer Eldrazi

Pack 1 pick 10:
    Elemental Uprising
    Dazzling Reflection
    Brute Strength
--> Immobilizer Eldrazi
    Gift of Tusks
    Plains

--: Cinder Hellion

--: Cinder Hellion

--: Cinder Hellion

--: Pulse of Murasa

Pack 1 pick 11:
    Cinder Hellion
--> Pulse of Murasa
    Elemental Uprising
    Slip Through Space
    Forest

--: Goblin Freerunner

Pack 1 pick 12:
--> Goblin Freerunner
    Vines of the Recluse
    Dazzling Reflection
    Mountain

--: Natural State

Pack 1 pick 13:
    Corpse Churn
--> Natural State
    Swamp

--: Corpse Churn

Pack 1 pick 14:
--> Corpse Churn
    Island

--: Island

Pack 1 pick 15:
--> Island

--: Zada's Commando

--: Tajuru Pathwarden

--: Cyclone Sire

--: Press into Service

--: Timber Gorge

--: Consuming Sinkhole

--: Press into Service

--: Press into Service

--: Press into Service

------ OGW ------ 

Pack 2 pick 1:
    Tajuru Pathwarden
    Expedition Raptor
    Zada's Commando
    Cyclone Sire
    Containment Membrane
    Sky Scourer
    Saddleback Lagac
    Consuming Sinkhole
    Searing Light
    Negate
    Grasp of Darkness
    Timber Gorge
--> Press into Service
    Zendikar Resurgent
    Island

--: Allied Reinforcements

--: Bonds of Mortality

--: Boulder Salvo

--: Boulder Salvo

--: Boulder Salvo

Pack 2 pick 2:
--> Boulder Salvo
    Holdout Settlement
    Blinding Drone
    Kozilek's Pathfinder
    Slaughter Drone
    Lead by Example
    Untamed Hunger
    Consuming Sinkhole
    Ondu War Cleric
    Cultivator Drone
    Allied Reinforcements
    Wall of Resurgence
    Bonds of Mortality
    Island

--: Oath of Chandra

--: Oath of Chandra

--: Oath of Chandra

--: Oath of Chandra

Pack 2 pick 3:
    Jwar Isle Avenger
    Warden of Geometries
    Vampire Envoy
    Zulaport Chainmage
    Elemental Uprising
    Dazzling Reflection
    Slip Through Space
    Consuming Sinkhole
    Harvester Troll
    Tranquil Expanse
    Devour in Flames
--> Oath of Chandra
    Plains

--: Goblin Freerunner

--: Goblin Freerunner

Pack 2 pick 4:
    Stalking Drone
--> Goblin Freerunner
    Wastes
    Warden of Geometries
    Corpse Churn
    Canopy Gorger
    Maw of Kozilek
    Mighty Leap
    Abstruse Interference
    Reaver Drone
    Tears of Valakut
    Swamp

--: Netcaster Spider

--: Netcaster Spider

Pack 2 pick 5:
    Unknown Shores
    Sweep Away
    Seer's Lantern
    Kor Sky Climber
--> Netcaster Spider
    Slaughter Drone
    Canopy Gorger
    Expedite
    Ancient Crab
    Mindmelter
    Swamp

--: Pyromancer's Assault

--: Chitinous Cloak

--: Wastes

--: Wastes

Pack 2 pick 6:
--> Wastes
    Bone Saw
    Corpse Churn
    Natural State
    Ancient Crab
    Expedite
    Searing Light
    Chitinous Cloak
    Pyromancer's Assault
    Forest

--: Walker of the Wastes

--: Cinder Hellion

--: Holdout Settlement

--: Walker of the Wastes

--: Holdout Settlement

--: Walker of the Wastes

--: Holdout Settlement

--: Sparkmage's Gambit

--: Sparkmage's Gambit

Pack 2 pick 7:
    Vampire Envoy
    Cinder Hellion
    Holdout Settlement
    Pulse of Murasa
    Negate
--> Sparkmage's Gambit
    Makindi Aeronaut
    Walker of the Wastes
    Island

--: Gift of Tusks

--: Kazuul's Toll Collector

--: Akoum Flameseeker

--: Akoum Flameseeker

Pack 2 pick 8:
    Tar Snare
    Zulaport Chainmage
    Abstruse Interference
--> Akoum Flameseeker
    Strider Harness
    Kazuul's Toll Collector
    Gift of Tusks
    Mountain

--: Timber Gorge

--: Consuming Sinkhole

--: Timber Gorge

--: Zendikar Resurgent

--: Saddleback Lagac

--: Saddleback Lagac

--: Saddleback Lagac

Pack 2 pick 9:
    Sky Scourer
--> Saddleback Lagac
    Consuming Sinkhole
    Negate
    Timber Gorge
    Zendikar Resurgent
    Island

--: Holdout Settlement

--: Lead by Example

--: Holdout Settlement

--: Lead by Example

--: Holdout Settlement

--: Bonds of Mortality

--: Consuming Sinkhole

--: Holdout Settlement

--: Lead by Example

--: Lead by Example

Pack 2 pick 10:
    Holdout Settlement
--> Lead by Example
    Untamed Hunger
    Consuming Sinkhole
    Bonds of Mortality
    Island

--: Warden of Geometries

--: Warden of Geometries

Pack 2 pick 11:
--> Warden of Geometries
    Elemental Uprising
    Dazzling Reflection
    Slip Through Space
    Plains

--: Canopy Gorger

--: Canopy Gorger

Pack 2 pick 12:
    Corpse Churn
--> Canopy Gorger
    Abstruse Interference
    Swamp

--: Expedite

Pack 2 pick 13:
--> Expedite
    Ancient Crab
    Swamp

--: Expedite

Pack 2 pick 14:
--> Expedite
    Forest

--: Island

Pack 2 pick 15:
--> Island

--: Touch of the Void

--: Touch of the Void

------ BFZ ------ 

Pack 3 pick 1:
    Giant Mantis
    Anticipate
    Mind Raker
    Territorial Baloth
    Tandem Tactics
    Outnumber
    Vestige of Emrakul
    Gideon's Reproach
--> Touch of the Void
    Sheer Drop
    Ondu Rising
    Retreat to Hagra
    Tide Drifter
    Angelic Captain
    Island

--: Noyan Dar, Roil Shaper

--: Roil Spout

--: Noyan Dar, Roil Shaper

--: Roil Spout

--: Skyrider Elf

--: Retreat to Kazandu

--: Clutch of Currents

--: Retreat to Kazandu

--: Tajuru Stalwart

--: Retreat to Kazandu

--: Tajuru Stalwart

--: Retreat to Kazandu

--: Tajuru Stalwart

--: Retreat to Kazandu

--: Tajuru Stalwart

--: Noyan Dar, Roil Shaper

--: Roil Spout

--: Skyrider Elf

--: Cliffside Lookout

--: Clutch of Currents

--: Culling Drone

--: Dominator Drone

--: Ghostly Sentinel

--: Goblin War Paint

--: Mire's Malice

--: Ondu Champion

--: Retreat to Kazandu

--: Retreat to Kazandu

Pack 3 pick 2:
    Mire's Malice
    Tajuru Stalwart
    Clutch of Currents
    Culling Drone
    Cliffside Lookout
    Goblin War Paint
    Dominator Drone
    Ondu Champion
    Ghostly Sentinel
    Roil Spout
--> Retreat to Kazandu
    Skyrider Elf
    Noyan Dar, Roil Shaper
    Island

--: Dampening Pulse

--: Forerunner of Slaughter

--: Angelic Gift

--: Giant Mantis

--: Lifespring Druid

--: Lifespring Druid

Pack 3 pick 3:
    Reclaiming Vines
    Mist Intruder
    Mire's Malice
    Giant Mantis
    Angelic Gift
    Belligerent Whiptail
    Ondu Greathorn
--> Lifespring Druid
    Ondu Champion
    Retreat to Emeria
    Dampening Pulse
    Forerunner of Slaughter
    Mountain

--: Akoum Stonewaker

--: Valakut Predator

--: Akoum Stonewaker

--: Akoum Stonewaker

--: Akoum Stonewaker

--: Valakut Predator

--: Akoum Stonewaker

--: Akoum Stonewaker

Pack 3 pick 4:
    Oran-Rief Invoker
    Brilliant Spectrum
    Nirkana Assassin
    Seek the Wilds
    Fortified Rampart
    Belligerent Whiptail
    Vestige of Emrakul
    Courier Griffin
    Valakut Predator
--> Akoum Stonewaker
    Grip of Desolation
    Island

--: Grove Rumbler

--: Turn Against

--: Turn Against

Pack 3 pick 5:
    Blisterpod
    Sludge Crawler
    Earthen Arms
    Inspired Charge
    Volcanic Upheaval
    Lifespring Druid
    Valakut Predator
    Blighted Woodland
    Grove Rumbler
--> Turn Against
    Forest

--: Retreat to Valakut

Pack 3 pick 6:
    Mire's Malice
    Giant Mantis
    Brilliant Spectrum
    Altar's Reap
    Fortified Rampart
    Lavastep Raider
    Hedron Blade
    Kor Entanglers
--> Retreat to Valakut
    Plains

--: Makindi Sliderunner

--: Makindi Sliderunner

Pack 3 pick 7:
    Dutiful Return
    Blisterpod
    Kor Castigator
    Reckless Cohort
--> Makindi Sliderunner
    Processor Assault
    Ulamog's Nullifier
    Prism Array
    Swamp

--: Swell of Growth

--: Makindi Sliderunner

--: Swell of Growth

--: Makindi Sliderunner

--: Makindi Sliderunner

Pack 3 pick 8:
    Roilmage's Trick
    Dutiful Return
    Swell of Growth
    Dispel
--> Makindi Sliderunner
    Retreat to Kazandu
    Spawning Bed
    Plains

--: Outnumber

--: Outnumber

Pack 3 pick 9:
    Anticipate
    Mind Raker
    Territorial Baloth
--> Outnumber
    Sheer Drop
    Retreat to Hagra
    Island

--: Ondu Champion

--: Ondu Champion

Pack 3 pick 10:
    Tajuru Stalwart
    Culling Drone
    Goblin War Paint
--> Ondu Champion
    Ghostly Sentinel
    Island

--: Reclaiming Vines

--: Reclaiming Vines

Pack 3 pick 11:
--> Reclaiming Vines
    Belligerent Whiptail
    Ondu Greathorn
    Ondu Champion
    Mountain

--: Vestige of Emrakul

--: Belligerent Whiptail

--: Belligerent Whiptail

Pack 3 pick 12:
    Brilliant Spectrum
--> Belligerent Whiptail
    Vestige of Emrakul
    Island

--: Earthen Arms

--: Earthen Arms

Pack 3 pick 13:
--> Earthen Arms
    Volcanic Upheaval
    Forest

--: Lavastep Raider

Pack 3 pick 14:
--> Lavastep Raider
    Plains

Pack 3 pick 15:
--> Swamp

