Event #: 9353357
Time:    06/02/2016 20:26:02
Players:
    Stromberg
    rottenluck
    Wafflepants
--> rrNextUsername
    elicw10
    Smacaroon
    mikerada6
    TuffArtist

--: Grasp of Darkness

--: Grasp of Darkness

------ OGW ------ 

Pack 1 pick 1:
    Null Caller
    Wastes
    Jwar Isle Avenger
    Warden of Geometries
    Pulse of Murasa
    Untamed Hunger
    Vines of the Recluse
    Negate
    Sparkmage's Gambit
    Makindi Aeronaut
    Make a Stand
--> Grasp of Darkness
    Relentless Hunter
    Captain's Claws
    Mountain

--: Isolation Zone

--: Isolation Zone

Pack 1 pick 2:
--> Isolation Zone
    Goblin Freerunner
    Wastes
    Containment Membrane
    Seer's Lantern
    Canopy Gorger
    Kozilek's Translator
    Consuming Sinkhole
    Corpse Churn
    Negate
    Null Caller
    Cinder Barrens
    Ruin in Their Wake
    Mountain

--: Kor Sky Climber

--: Havoc Sower

--: Cinder Hellion

--: Havoc Sower

--: Havoc Sower

Pack 1 pick 3:
    Kor Sky Climber
    Cinder Hellion
    Holdout Settlement
    Lead by Example
    Corpse Churn
    Natural State
    Maw of Kozilek
    Shoulder to Shoulder
    Umara Entangler
    Mindmelter
--> Havoc Sower
    Oath of Jace
    Forest

--: Embodiment of Insight

--: Embodiment of Insight

Pack 1 pick 4:
    Cinder Hellion
    Unknown Shores
    Warden of Geometries
    Unnatural Endurance
    Pulse of Murasa
    Dazzling Reflection
    Consuming Sinkhole
    Searing Light
--> Embodiment of Insight
    Gift of Tusks
    Oath of Jace
    Swamp

--: Tranquil Expanse

--: Shoulder to Shoulder

Pack 1 pick 5:
    Wastes
    Bone Saw
    Elemental Uprising
    Sky Scourer
    Loam Larva
    Sparkmage's Gambit
--> Shoulder to Shoulder
    Tranquil Expanse
    Stoneforge Acolyte
    Hedron Alignment
    Swamp

--: Sky Scourer

--: Kor Scythemaster

--: Embodiment of Insight

Pack 1 pick 6:
    Bone Saw
    Tajuru Pathwarden
    Sky Scourer
    Sparkmage's Gambit
    Kor Scythemaster
    Comparative Analysis
--> Embodiment of Insight
    Warping Wail
    Call the Gatewatch
    Island

--: Netcaster Spider

Pack 1 pick 7:
    Jwar Isle Avenger
    Warden of Geometries
    Stalking Drone
--> Netcaster Spider
    Kozilek's Shrieker
    Loam Larva
    Cultivator Drone
    Expedite
    Mountain

--: Shoulder to Shoulder

Pack 1 pick 8:
    Wastes
    Warden of Geometries
    Vines of the Recluse
--> Shoulder to Shoulder
    Slip Through Space
    Maw of Kozilek
    Pyromancer's Assault
    Island

--: Wastes

--: Vines of the Recluse

--: Vines of the Recluse

Pack 1 pick 9:
    Wastes
    Pulse of Murasa
    Untamed Hunger
--> Vines of the Recluse
    Negate
    Sparkmage's Gambit
    Mountain

--: Ruin in Their Wake

Pack 1 pick 10:
    Canopy Gorger
    Consuming Sinkhole
    Corpse Churn
    Negate
--> Ruin in Their Wake
    Mountain

--: Lead by Example

Pack 1 pick 11:
--> Lead by Example
    Corpse Churn
    Natural State
    Oath of Jace
    Forest

--: Oath of Jace

Pack 1 pick 12:
    Consuming Sinkhole
    Gift of Tusks
--> Oath of Jace
    Swamp

--: Hedron Alignment

Pack 1 pick 13:
    Bone Saw
--> Hedron Alignment
    Swamp

--: Call the Gatewatch

Pack 1 pick 14:
--> Call the Gatewatch
    Island

--: Mountain

Pack 1 pick 15:
--> Mountain

--: Baloth Null

------ OGW ------ 

Pack 2 pick 1:
    Isolation Zone
    Tar Snare
    Cinder Hellion
    Unknown Shores
    Vines of the Recluse
    Zulaport Chainmage
    Saddleback Lagac
    Expedite
    Makindi Aeronaut
    Abstruse Interference
    Roiling Waters
    Void Shatter
--> Baloth Null
    Dimensional Infiltrator
    Plains

--: Kozilek's Shrieker

--: Kozilek's Shrieker

Pack 2 pick 2:
    Tajuru Pathwarden
    Expedition Raptor
    Zada's Commando
    Crumbling Vestige
    Slaughter Drone
    Canopy Gorger
--> Kozilek's Shrieker
    Makindi Aeronaut
    Abstruse Interference
    Sparkmage's Gambit
    Cyclone Sire
    Strider Harness
    Stoneforge Acolyte
    Plains

--: Crumbling Vestige

Pack 2 pick 3:
    Tajuru Pathwarden
    Expedition Raptor
    Zada's Commando
--> Crumbling Vestige
    Zulaport Chainmage
    Natural State
    Witness the End
    Affa Protector
    Mighty Leap
    Consuming Sinkhole
    Walker of the Wastes
    Warping Wail
    Swamp

--: Scion Summoner

Pack 2 pick 4:
    Isolation Zone
--> Scion Summoner
    Wastes
    Lead by Example
    Corpse Churn
    Natural State
    Ancient Crab
    Expedite
    Searing Light
    Harvester Troll
    Stormchaser Mage
    Island

--: Netcaster Spider

Pack 2 pick 5:
    Containment Membrane
    Bone Saw
    Vampire Envoy
    Tajuru Pathwarden
    Kozilek's Shrieker
--> Netcaster Spider
    Kazuul's Toll Collector
    Akoum Flameseeker
    Cinder Barrens
    Reflector Mage
    Forest

--: Baloth Pup

Pack 2 pick 6:
    Wastes
    Zulaport Chainmage
    Elemental Uprising
    Sky Scourer
    Negate
    Maw of Kozilek
    Shoulder to Shoulder
    Mindmelter
--> Baloth Pup
    Mountain

--: Kozilek's Pathfinder

Pack 2 pick 7:
--> Kozilek's Pathfinder
    Zulaport Chainmage
    Natural State
    Abstruse Interference
    Akoum Flameseeker
    Dazzling Reflection
    Pyromancer's Assault
    Unity of Purpose
    Island

--: Oath of Nissa

Pack 2 pick 8:
    Canopy Gorger
    Elemental Uprising
    Maw of Kozilek
    Mighty Leap
    Grip of the Roil
    Chitinous Cloak
--> Oath of Nissa
    Plains

--: Zulaport Chainmage

Pack 2 pick 9:
    Cinder Hellion
    Vines of the Recluse
--> Zulaport Chainmage
    Expedite
    Abstruse Interference
    Dimensional Infiltrator
    Plains

--: Sparkmage's Gambit

--: Sparkmage's Gambit

Pack 2 pick 10:
    Canopy Gorger
    Abstruse Interference
--> Sparkmage's Gambit
    Strider Harness
    Stoneforge Acolyte
    Plains

--: Witness the End

Pack 2 pick 11:
    Natural State
--> Witness the End
    Consuming Sinkhole
    Warping Wail
    Swamp

--: Natural State

Pack 2 pick 12:
    Corpse Churn
--> Natural State
    Expedite
    Island

--: Vampire Envoy

Pack 2 pick 13:
    Bone Saw
--> Vampire Envoy
    Forest

--: Negate

Pack 2 pick 14:
--> Negate
    Mountain

--: Natural State

Pack 2 pick 15:
--> Natural State

--: Eyeless Watcher

--: Eyeless Watcher

------ BFZ ------ 

Pack 3 pick 1:
    Mind Raker
    Territorial Baloth
    Tightening Coils
    Looming Spires
    Grave Birthing
--> Eyeless Watcher
    Eldrazi Devastator
    Wave-Wing Elemental
    Kozilek's Sentinel
    Makindi Patrol
    Slab Hammer
    Roil Spout
    Zulaport Cutthroat
    Brutal Expulsion
    Swamp

--: Turn Against

Pack 3 pick 2:
    Swell of Growth
    Mist Intruder
    Dutiful Return
    Blisterpod
    Nettle Drone
    Cliffside Lookout
    Benthic Infiltrator
    Touch of the Void
    Shadow Glider
    Stonefury
    Retreat to Hagra
--> Turn Against
    Vampiric Rites
    Island

--: Kozilek's Channeler

Pack 3 pick 3:
    Blisterpod
    Oracle of Dust
    Voracious Null
    Reclaiming Vines
    Tandem Tactics
    Kitesail Scout
    Shatterskull Recruit
    Smite the Monstrous
--> Kozilek's Channeler
    Infuse with the Elements
    Grovetender Druids
    Angelic Captain
    Mountain

--: Tajuru Beastmaster

Pack 3 pick 4:
    Altar's Reap
    Plummet
    Geyserfield Stalker
    Sandstone Bridge
--> Tajuru Beastmaster
    Demon's Grasp
    Skyline Cascade
    Sure Strike
    Kitesail Scout
    Akoum Stonewaker
    Conduit of Ruin
    Plains

--: Unnatural Aggression

Pack 3 pick 5:
    Nirkana Assassin
    Seek the Wilds
    Oracle of Dust
    Rush of Ice
    Natural Connection
--> Unnatural Aggression
    Boiling Earth
    Lithomancer's Focus
    Retreat to Kazandu
    Smothering Abomination
    Plains

--: Bone Splinters

--: Bone Splinters

Pack 3 pick 6:
    Mist Intruder
    Mire's Malice
    Hedron Blade
--> Bone Splinters
    Sandstone Bridge
    Cloud Manta
    Sure Strike
    Bloodbond Vampire
    Ulamog's Nullifier
    Mountain

--: Oran-Rief Invoker

Pack 3 pick 7:
    Seek the Wilds
    Nirkana Assassin
--> Oran-Rief Invoker
    Kozilek's Sentinel
    Inspired Charge
    Sheer Drop
    Hedron Blade
    Valakut Invoker
    Island

--: Lifespring Druid

Pack 3 pick 8:
    Seek the Wilds
    Lavastep Raider
--> Lifespring Druid
    Valakut Invoker
    Processor Assault
    Jaddi Offshoot
    Zada, Hedron Grinder
    Forest

--: Eldrazi Devastator

Pack 3 pick 9:
    Mind Raker
    Looming Spires
    Grave Birthing
--> Eldrazi Devastator
    Wave-Wing Elemental
    Zulaport Cutthroat
    Swamp

--: Swell of Growth

Pack 3 pick 10:
--> Swell of Growth
    Mist Intruder
    Dutiful Return
    Retreat to Hagra
    Vampiric Rites
    Island

--: Blisterpod

Pack 3 pick 11:
--> Blisterpod
    Voracious Null
    Kitesail Scout
    Shatterskull Recruit
    Mountain

--: Geyserfield Stalker

--: Sure Strike

Pack 3 pick 12:
    Altar's Reap
    Geyserfield Stalker
--> Sure Strike
    Plains

--: Seek the Wilds

Pack 3 pick 13:
--> Seek the Wilds
    Boiling Earth
    Plains

--: Sure Strike

Pack 3 pick 14:
--> Sure Strike
    Mountain

--: Island

Pack 3 pick 15:
--> Island

