Event #: 9353470
Time:    06.02.2016 20:52:35
Players:
--> Delmak
    sibu
    OIFvet
    JHaydn75
    mrjeco
    Griffasaurus
    TulaLula
    skcloudia

--: Matter Reshaper

--: Matter Reshaper

------ OGW ------ 

Pack 1 pick 1:
    Stalking Drone
    Expedition Raptor
    Reality Hemorrhage
    Crumbling Vestige
    Slaughter Drone
    Loam Larva
    Affa Protector
    Ancient Crab
    Expedite
    Searing Light
    Kazuul's Toll Collector
    Embodiment of Insight
    Tears of Valakut
--> Matter Reshaper
    Plains

--: Isolation Zone

Pack 1 pick 2:
--> Isolation Zone
    Scion Summoner
    Boulder Salvo
    Wastes
    Saddleback Lagac
    Kozilek's Shrieker
    Netcaster Spider
    Searing Light
    Negate
    Maw of Kozilek
    Allied Reinforcements
    Nissa's Judgment
    Bonds of Mortality
    Swamp

--: Seer's Lantern

--: Seer's Lantern

Pack 1 pick 3:
    Goblin Freerunner
    Wastes
    Containment Membrane
--> Seer's Lantern
    Sky Scourer
    Loam Larva
    Witness the End
    Negate
    Sparkmage's Gambit
    Shoulder to Shoulder
    Spatial Contortion
    Immobilizer Eldrazi
    Island

--: Stalking Drone

--: Kor Sky Climber

Pack 1 pick 4:
    Gravity Negator
    Warden of Geometries
    Stalking Drone
--> Kor Sky Climber
    Untamed Hunger
    Pulse of Murasa
    Unnatural Endurance
    Comparative Analysis
    Eldrazi Aggressor
    Affa Protector
    Gift of Tusks
    Swamp

--: Tranquil Expanse

--: Tranquil Expanse

Pack 1 pick 5:
    Goblin Freerunner
    Kozilek's Pathfinder
    Zulaport Chainmage
    Elemental Uprising
    Sky Scourer
    Dazzling Reflection
    Slip Through Space
    Consuming Sinkhole
--> Tranquil Expanse
    Corrupted Crossroads
    Island

--: Stalking Drone

--: Stalking Drone

Pack 1 pick 6:
--> Stalking Drone
    Goblin Freerunner
    Wastes
    Pulse of Murasa
    Brute Strength
    Affa Protector
    Ancient Crab
    Walker of the Wastes
    Hedron Alignment
    Island

--: Cinder Barrens

--: Submerged Boneyard

--: Warden of Geometries

--: Warden of Geometries

Pack 1 pick 7:
--> Warden of Geometries
    Wastes
    Submerged Boneyard
    Lead by Example
    Abstruse Interference
    Akoum Flameseeker
    Dazzling Reflection
    Cinder Barrens
    Mountain

--: Wastes

--: Wastes

Pack 1 pick 8:
    Goblin Freerunner
--> Wastes
    Natural State
    Witness the End
    Umara Entangler
    Consuming Sinkhole
    Gift of Tusks
    Island

--: Stalking Drone

--: Stalking Drone

Pack 1 pick 9:
--> Stalking Drone
    Loam Larva
    Affa Protector
    Expedite
    Kazuul's Toll Collector
    Tears of Valakut
    Plains

--: Saddleback Lagac

--: Saddleback Lagac

Pack 1 pick 10:
    Wastes
--> Saddleback Lagac
    Netcaster Spider
    Negate
    Bonds of Mortality
    Swamp

--: Immobilizer Eldrazi

--: Immobilizer Eldrazi

Pack 1 pick 11:
    Witness the End
    Negate
    Sparkmage's Gambit
--> Immobilizer Eldrazi
    Island

--: Pulse of Murasa

--: Pulse of Murasa

Pack 1 pick 12:
    Untamed Hunger
--> Pulse of Murasa
    Gift of Tusks
    Swamp

--: Slip Through Space

Pack 1 pick 13:
--> Slip Through Space
    Consuming Sinkhole
    Island

--: Hedron Alignment

--: Island

Pack 1 pick 14:
    Hedron Alignment
--> Island

--: Mountain

Pack 1 pick 15:
--> Mountain

--: Embodiment of Insight

--: Embodiment of Insight

------ OGW ------ 

Pack 2 pick 1:
    Isolation Zone
    Tar Snare
    Cinder Hellion
    Unknown Shores
    Sky Scourer
    Elemental Uprising
    Eldrazi Aggressor
    Kor Scythemaster
    Negate
    Sparkmage's Gambit
--> Embodiment of Insight
    Spatial Contortion
    Warping Wail
    Eldrazi Mimic
    Plains

--: Netcaster Spider

Pack 2 pick 2:
    Gravity Negator
    Hedron Crawler
    Vampire Envoy
    Kor Sky Climber
--> Netcaster Spider
    Slaughter Drone
    Negate
    Sparkmage's Gambit
    Shoulder to Shoulder
    Slip Through Space
    Grip of the Roil
    Chitinous Cloak
    Hedron Alignment
    Forest

--: Joraga Auxiliary

--: Joraga Auxiliary

Pack 2 pick 3:
    Scion Summoner
    Boulder Salvo
    Wastes
    Sky Scourer
    Elemental Uprising
    Zulaport Chainmage
    Negate
    Sparkmage's Gambit
    Makindi Aeronaut
    Kazuul's Toll Collector
--> Joraga Auxiliary
    Immobilizer Eldrazi
    Plains

--: Oblivion Strike

--: Baloth Pup

Pack 2 pick 4:
    Sweep Away
    Seer's Lantern
    Oblivion Strike
    Kozilek's Shrieker
    Loam Larva
    Ancient Crab
    Maw of Kozilek
    Mighty Leap
    Mindmelter
--> Baloth Pup
    Eldrazi Obligator
    Swamp

--: Nissa's Judgment

--: Nissa's Judgment

Pack 2 pick 5:
    Tajuru Pathwarden
    Crumbling Vestige
    Canopy Gorger
    Kozilek's Shrieker
    Lead by Example
    Maw of Kozilek
    Dazzling Reflection
    Pyromancer's Assault
--> Nissa's Judgment
    Unity of Purpose
    Plains

--: Stalking Drone

--: Stalking Drone

Pack 2 pick 6:
    Hedron Crawler
    Tar Snare
--> Stalking Drone
    Wastes
    Loam Larva
    Witness the End
    Negate
    Sparkmage's Gambit
    Oath of Jace
    Swamp

--: Vines of the Recluse

Pack 2 pick 7:
    Seer's Lantern
    Cinder Hellion
    Holdout Settlement
--> Vines of the Recluse
    Kozilek's Translator
    Brute Strength
    Ancient Crab
    Strider Harness
    Mountain

--: Warden of Geometries

--: Warden of Geometries

--: Warden of Geometries

Pack 2 pick 8:
--> Warden of Geometries
    Vampire Envoy
    Slaughter Drone
    Canopy Gorger
    Slip Through Space
    Maw of Kozilek
    Cinder Barrens
    Mountain

--: Cinder Hellion

--: Cinder Hellion

Pack 2 pick 9:
--> Cinder Hellion
    Sky Scourer
    Elemental Uprising
    Eldrazi Aggressor
    Negate
    Warping Wail
    Plains

--: Sparkmage's Gambit

Pack 2 pick 10:
    Negate
--> Sparkmage's Gambit
    Slip Through Space
    Chitinous Cloak
    Hedron Alignment
    Forest

--: Immobilizer Eldrazi

--: Immobilizer Eldrazi

Pack 2 pick 11:
    Wastes
    Negate
    Sparkmage's Gambit
--> Immobilizer Eldrazi
    Plains

--: Maw of Kozilek

Pack 2 pick 12:
    Loam Larva
    Ancient Crab
--> Maw of Kozilek
    Swamp

--: Lead by Example

--: Lead by Example

Pack 2 pick 13:
--> Lead by Example
    Pyromancer's Assault
    Plains

--: Witness the End

Pack 2 pick 14:
--> Witness the End
    Swamp

--: Mountain

Pack 2 pick 15:
--> Mountain

--: Oblivion Sower

--: Oblivion Sower

------ BFZ ------ 

Pack 3 pick 1:
    Territorial Baloth
    Mire's Malice
    Dutiful Return
    Swell of Growth
    Kitesail Scout
    Reckless Cohort
    Sheer Drop
    Kozilek's Channeler
    Makindi Sliderunner
    Courier Griffin
    Blighted Cataract
    Retreat to Emeria
    Chasm Guide
--> Oblivion Sower
    Forest

--: Ghostly Sentinel

--: Ghostly Sentinel

Pack 3 pick 2:
    Salvage Drone
    Swarm Surge
    Call the Scions
    Murk Strider
    Stone Haven Medic
    Volcanic Upheaval
    Stonefury
--> Ghostly Sentinel
    Benthic Infiltrator
    Makindi Sliderunner
    Expedition Envoy
    Blighted Steppe
    Shrine of the Forsaken Gods
    Mountain

--: Sheer Drop

--: Sheer Drop

Pack 3 pick 3:
    Earthen Arms
    Incubator Drone
    Kalastria Healer
    Reclaiming Vines
    Angelic Gift
    Belligerent Whiptail
--> Sheer Drop
    Valakut Invoker
    Shadow Glider
    Dominator Drone
    Rising Miasma
    Dampening Pulse
    Swamp

--: Courier Griffin

--: Courier Griffin

Pack 3 pick 4:
    Culling Drone
    Seek the Wilds
    Coralhelm Guide
    Nirkana Assassin
    Inspired Charge
    Boiling Earth
    Hedron Blade
    Valakut Invoker
--> Courier Griffin
    Sylvan Scrying
    Scythe Leopard
    Swamp

--: Felidar Cub

--: Felidar Cub

Pack 3 pick 5:
    Altar's Reap
    Plummet
    Coralhelm Guide
    Broodhunter Wurm
    Mortuary Mire
    Looming Spires
--> Felidar Cub
    Goblin War Paint
    Carrier Thrall
    Turn Against
    Island

--: Scour from Existence

--: Scour from Existence

Pack 3 pick 6:
    Kalastria Nightwatch
    Sandstone Bridge
--> Scour from Existence
    Grave Birthing
    Kitesail Scout
    Reckless Cohort
    Ulamog's Nullifier
    Retreat to Hagra
    Vampiric Rites
    Island

--: Shadow Glider

--: Shadow Glider

Pack 3 pick 7:
    Brilliant Spectrum
    Nirkana Assassin
    Seek the Wilds
    Oracle of Dust
    Tandem Tactics
    Shatterskull Recruit
--> Shadow Glider
    Slab Hammer
    Island

--: Courier Griffin

--: Courier Griffin

Pack 3 pick 8:
    Oracle of Dust
    Altar's Reap
    Coralhelm Guide
    Tandem Tactics
    Outnumber
    Valakut Invoker
--> Courier Griffin
    Plains

--: Territorial Baloth

--: Territorial Baloth

Pack 3 pick 9:
--> Territorial Baloth
    Mire's Malice
    Dutiful Return
    Kitesail Scout
    Reckless Cohort
    Makindi Sliderunner
    Forest

--: Makindi Sliderunner

Pack 3 pick 10:
    Salvage Drone
    Volcanic Upheaval
    Stonefury
--> Makindi Sliderunner
    Shrine of the Forsaken Gods
    Mountain

--: Valakut Invoker

--: Reclaiming Vines

--: Valakut Invoker

--: Valakut Invoker

Pack 3 pick 11:
    Earthen Arms
    Reclaiming Vines
    Belligerent Whiptail
--> Valakut Invoker
    Swamp

--: Scythe Leopard

Pack 3 pick 12:
    Seek the Wilds
    Nirkana Assassin
--> Scythe Leopard
    Swamp

--: Looming Spires

Pack 3 pick 13:
--> Looming Spires
    Goblin War Paint
    Island

--: Kitesail Scout

Pack 3 pick 14:
--> Kitesail Scout
    Island

--: Brilliant Spectrum

Pack 3 pick 15:
--> Brilliant Spectrum

