Event #: 9354516
Time:    2/6/2016 7:38:54 PM
Players:
    DimirOperative
    HenoftheWoods
    tous
    AJ2100
--> Bortlett1
    zidanejace
    ryu11
    FOR

--: Sylvan Advocate

--: Sylvan Advocate

------ OGW ------ 

Pack 1 pick 1:
    Cinder Hellion
    Unknown Shores
    Sweep Away
    Seer's Lantern
    Loam Larva
    Witness the End
    Netcaster Spider
    Consuming Sinkhole
    Searing Light
    Negate
    Relief Captain
    Essence Depleter
    Baloth Pup
--> Sylvan Advocate
    Forest

--: Scion Summoner

--: Scion Summoner

Pack 1 pick 2:
    Gravity Negator
    Bone Saw
--> Scion Summoner
    Spawnbinder Mage
    Witness the End
    Netcaster Spider
    Kozilek's Shrieker
    Sparkmage's Gambit
    Shoulder to Shoulder
    Slip Through Space
    Kazuul's Toll Collector
    Joraga Auxiliary
    Hedron Alignment
    Island

--: Embodiment of Fury

--: Embodiment of Fury

Pack 1 pick 3:
    Wastes
    Warden of Geometries
    Spawnbinder Mage
    Vampire Envoy
    Unnatural Endurance
    Bone Saw
    Affa Protector
    Ancient Crab
    Expedite
    Grip of the Roil
--> Embodiment of Fury
    Unity of Purpose
    Island

--: Boulder Salvo

--: Boulder Salvo

Pack 1 pick 4:
--> Boulder Salvo
    Unknown Shores
    Kozilek's Pathfinder
    Scion Summoner
    Canopy Gorger
    Sky Scourer
    Expedite
    Makindi Aeronaut
    Submerged Boneyard
    Tears of Valakut
    Flaying Tendrils
    Plains

--: Goblin Freerunner

--: Goblin Freerunner

Pack 1 pick 5:
    Stalking Drone
--> Goblin Freerunner
    Wastes
    Kozilek's Shrieker
    Loam Larva
    Slaughter Drone
    Slip Through Space
    Maw of Kozilek
    Dazzling Reflection
    Grip of the Roil
    Mountain

--: Maw of Kozilek

--: Maw of Kozilek

Pack 1 pick 6:
    Sweep Away
    Spawnbinder Mage
    Witness the End
    Slaughter Drone
    Searing Light
    Negate
--> Maw of Kozilek
    Tears of Valakut
    Mindmelter
    Mountain

--: Reality Hemorrhage

--: Reality Hemorrhage

Pack 1 pick 7:
    Warden of Geometries
    Tar Snare
--> Reality Hemorrhage
    Unnatural Endurance
    Vines of the Recluse
    Cultivator Drone
    Expedite
    Timber Gorge
    Plains

--: Hissing Quagmire

--: Hissing Quagmire

Pack 1 pick 8:
    Loam Larva
    Slaughter Drone
    Lead by Example
    Maw of Kozilek
    Dazzling Reflection
    Void Shatter
--> Hissing Quagmire
    Swamp

--: Baloth Pup

--: Baloth Pup

Pack 1 pick 9:
    Cinder Hellion
    Witness the End
    Consuming Sinkhole
    Searing Light
    Negate
--> Baloth Pup
    Forest

--: Sparkmage's Gambit

--: Sparkmage's Gambit

Pack 1 pick 10:
    Bone Saw
    Witness the End
--> Sparkmage's Gambit
    Kazuul's Toll Collector
    Hedron Alignment
    Island

--: Expedite

Pack 1 pick 11:
    Bone Saw
    Ancient Crab
--> Expedite
    Grip of the Roil
    Island

--: Tears of Valakut

--: Tears of Valakut

Pack 1 pick 12:
    Canopy Gorger
    Sky Scourer
--> Tears of Valakut
    Plains

--: Loam Larva

--: Loam Larva

Pack 1 pick 13:
--> Loam Larva
    Maw of Kozilek
    Mountain

--: Witness the End

Pack 1 pick 14:
--> Witness the End
    Mountain

--: Plains

Pack 1 pick 15:
--> Plains

--: Deceiver of Form

--: Deceiver of Form

------ OGW ------ 

Pack 2 pick 1:
    Isolation Zone
    Tar Snare
    Cinder Hellion
    Unknown Shores
    Zulaport Chainmage
    Saddleback Lagac
    Corpse Churn
    Ancient Crab
    Affa Protector
    Makindi Aeronaut
    Strider Harness
    Stoneforge Acolyte
    Joraga Auxiliary
--> Deceiver of Form
    Island

--: Seed Guardian

--: Seed Guardian

Pack 2 pick 2:
    Zada's Commando
    Crumbling Vestige
    Containment Membrane
    Hedron Crawler
    Witness the End
    Netcaster Spider
    Negate
    Sparkmage's Gambit
    Shoulder to Shoulder
--> Seed Guardian
    Void Shatter
    Baloth Null
    Sphinx of the Final Word
    Swamp

--: Embodiment of Insight

--: Embodiment of Insight

Pack 2 pick 3:
    Gravity Negator
    Warden of Geometries
    Stalking Drone
    Natural State
    Kozilek's Translator
    Abstruse Interference
    Sparkmage's Gambit
    Kor Scythemaster
    Comparative Analysis
    Kazuul's Toll Collector
--> Embodiment of Insight
    Immobilizer Eldrazi
    Swamp

--: Unknown Shores

--: Unknown Shores

Pack 2 pick 4:
    Cinder Hellion
--> Unknown Shores
    Sweep Away
    Seer's Lantern
    Kor Sky Climber
    Unnatural Endurance
    Vines of the Recluse
    Ancient Crab
    Affa Protector
    Essence Depleter
    Warping Wail
    Forest

--: Saddleback Lagac

--: Saddleback Lagac

Pack 2 pick 5:
    Spawnbinder Mage
    Goblin Freerunner
    Wastes
    Kozilek's Translator
--> Saddleback Lagac
    Corpse Churn
    Mighty Leap
    Consuming Sinkhole
    Reaver Drone
    Flayer Drone
    Forest

--: Stalking Drone

--: Stalking Drone

Pack 2 pick 6:
--> Stalking Drone
    Kor Sky Climber
    Reality Hemorrhage
    Canopy Gorger
    Sky Scourer
    Elemental Uprising
    Expedite
    Makindi Aeronaut
    Abstruse Interference
    Forest

--: Reality Hemorrhage

--: Immobilizer Eldrazi

--: Immobilizer Eldrazi

Pack 2 pick 7:
    Reality Hemorrhage
    Sweep Away
    Bone Saw
    Elemental Uprising
    Sky Scourer
    Searing Light
--> Immobilizer Eldrazi
    Call the Gatewatch
    Swamp

--: Goblin Freerunner

--: Goblin Freerunner

Pack 2 pick 8:
--> Goblin Freerunner
    Kozilek's Pathfinder
    Untamed Hunger
    Pulse of Murasa
    Brute Strength
    Mighty Leap
    Expedite
    Mountain

--: Cinder Hellion

--: Cinder Hellion

Pack 2 pick 9:
--> Cinder Hellion
    Corpse Churn
    Ancient Crab
    Affa Protector
    Strider Harness
    Stoneforge Acolyte
    Island

--: Zada's Commando

--: Zada's Commando

Pack 2 pick 10:
--> Zada's Commando
    Witness the End
    Negate
    Sparkmage's Gambit
    Void Shatter
    Swamp

--: Kazuul's Toll Collector

--: Kazuul's Toll Collector

Pack 2 pick 11:
    Abstruse Interference
    Sparkmage's Gambit
    Comparative Analysis
--> Kazuul's Toll Collector
    Swamp

--: Vines of the Recluse

Pack 2 pick 12:
    Cinder Hellion
    Sweep Away
--> Vines of the Recluse
    Forest

--: Consuming Sinkhole

Pack 2 pick 13:
    Corpse Churn
--> Consuming Sinkhole
    Forest

--: Abstruse Interference

Pack 2 pick 14:
--> Abstruse Interference
    Forest

--: Swamp

Pack 2 pick 15:
--> Swamp

--: Blighted Gorge

--: Blighted Gorge

------ BFZ ------ 

Pack 3 pick 1:
    Roilmage's Trick
    Dutiful Return
    Unnatural Aggression
    Sandstone Bridge
    Cloud Manta
    Scour from Existence
    Grave Birthing
    Broodhunter Wurm
    Makindi Patrol
    Nettle Drone
    Herald of Kozilek
    Tunneling Geopede
--> Blighted Gorge
    Veteran Warleader
    Forest

--: Tajuru Warcaller

--: Tajuru Warcaller

Pack 3 pick 2:
    Reclaiming Vines
    Salvage Drone
    Sandstone Bridge
    Tajuru Beastmaster
    Demon's Grasp
    Skyline Cascade
    Eldrazi Skyspawner
    Ruin Processor
    Stone Haven Medic
    Volcanic Upheaval
    Jaddi Offshoot
    Carrier Thrall
--> Tajuru Warcaller
    Mountain

--: Oran-Rief Invoker

--: Oran-Rief Invoker

Pack 3 pick 3:
--> Oran-Rief Invoker
    Dispel
    Mind Raker
    Territorial Baloth
    Lavastep Raider
    Fortified Rampart
    Courier Griffin
    Smite the Monstrous
    Ondu Greathorn
    Grip of Desolation
    Crumble to Dust
    Ruination Guide
    Forest

--: Makindi Sliderunner

--: Makindi Sliderunner

Pack 3 pick 4:
    Blisterpod
    Oracle of Dust
    Voracious Null
    Reclaiming Vines
    Goblin War Paint
    Retreat to Coralhelm
    Ghostly Sentinel
    Benthic Infiltrator
--> Makindi Sliderunner
    Encircling Fissure
    Expedition Envoy
    Swamp

--: Sanctum of Ugin

--: Blighted Gorge

--: Blighted Gorge

Pack 3 pick 5:
    Mire's Malice
    Giant Mantis
    Brilliant Spectrum
    Altar's Reap
    Lithomancer's Focus
    Sure Strike
    Hedron Blade
    Courier Griffin
--> Blighted Gorge
    Sanctum of Ugin
    Island

--: Plated Crusher

--: Plated Crusher

Pack 3 pick 6:
    Mind Raker
    Territorial Baloth
    Roilmage's Trick
    Dutiful Return
    Kalastria Nightwatch
    Ondu Greathorn
    Lifespring Druid
    Ondu Champion
--> Plated Crusher
    Forest

--: Plated Crusher

--: Oran-Rief Invoker

--: Oran-Rief Invoker

Pack 3 pick 7:
    Nirkana Assassin
--> Oran-Rief Invoker
    Dispel
    Natural Connection
    Geyserfield Stalker
    Lavastep Raider
    Plated Crusher
    Gruesome Slaughter
    Plains

--: Tightening Coils

Pack 3 pick 8:
    Rush of Ice
    Silent Skimmer
    Mortuary Mire
--> Tightening Coils
    Cliffside Lookout
    Goblin War Paint
    Sylvan Scrying
    Island

--: Nettle Drone

Pack 3 pick 9:
    Roilmage's Trick
    Dutiful Return
    Sandstone Bridge
    Grave Birthing
    Broodhunter Wurm
--> Nettle Drone
    Forest

--: Reclaiming Vines

--: Reclaiming Vines

Pack 3 pick 10:
--> Reclaiming Vines
    Sandstone Bridge
    Stone Haven Medic
    Volcanic Upheaval
    Carrier Thrall
    Mountain

--: Lavastep Raider

Pack 3 pick 11:
    Dispel
--> Lavastep Raider
    Fortified Rampart
    Ondu Greathorn
    Forest

--: Voracious Null

Pack 3 pick 12:
--> Voracious Null
    Reclaiming Vines
    Goblin War Paint
    Swamp

--: Altar's Reap

Pack 3 pick 13:
--> Altar's Reap
    Hedron Blade
    Island

--: Ondu Greathorn

--: Ondu Greathorn

Pack 3 pick 14:
--> Ondu Greathorn
    Forest

--: Plains

Pack 3 pick 15:
--> Plains

