Event #: 9358142
Time:    2016.02.07 20:09:51
Players:
    tikimunkee
    danbat
    SrSquirrel
    sagemind
    TheDragon
--> EsMors
    saltysalt
    Wulby

--: Sea Gate Wreckage

--: Oblivion Strike

--: Oblivion Strike

------ OGW ------ 

Pack 1 pick 1:
    Seer's Lantern
    Kor Sky Climber
--> Oblivion Strike
    Boulder Salvo
    Holdout Settlement
    Loam Larva
    Slaughter Drone
    Affa Protector
    Mighty Leap
    Consuming Sinkhole
    Reckless Bushwhacker
    Baloth Pup
    Warping Wail
    Sea Gate Wreckage
    Forest

--: Oblivion Strike

--: Oblivion Strike

Pack 1 pick 2:
    Kor Sky Climber
--> Oblivion Strike
    Boulder Salvo
    Holdout Settlement
    Unnatural Endurance
    Pulse of Murasa
    Untamed Hunger
    Umara Entangler
    Consuming Sinkhole
    Shoulder to Shoulder
    Prophet of Distortion
    Bonds of Mortality
    Devour in Flames
    Mountain

--: Mindmelter

Pack 1 pick 3:
    Cinder Hellion
    Wastes
    Warden of Geometries
    Kozilek's Shrieker
    Loam Larva
    Slaughter Drone
    Mighty Leap
    Consuming Sinkhole
    Ondu War Cleric
    Cinder Barrens
--> Mindmelter
    Captain's Claws
    Mountain

--: Kozilek's Translator

Pack 1 pick 4:
    Warden of Geometries
    Stalking Drone
    Expedition Raptor
    Vines of the Recluse
--> Kozilek's Translator
    Ancient Crab
    Maw of Kozilek
    Mighty Leap
    Strider Harness
    Kazuul's Toll Collector
    Gift of Tusks
    Forest

--: Immolating Glare

Pack 1 pick 5:
    Holdout Settlement
    Kozilek's Pathfinder
    Canopy Gorger
    Sky Scourer
    Elemental Uprising
    Mighty Leap
    Press into Service
    Akoum Flameseeker
    Walker of the Wastes
--> Immolating Glare
    Island

--: Kozilek's Translator

Pack 1 pick 6:
    Wastes
    Bone Saw
--> Kozilek's Translator
    Corpse Churn
    Ancient Crab
    Maw of Kozilek
    Harvester Troll
    Stoneforge Acolyte
    Press into Service
    Plains

--: Zulaport Chainmage

Pack 1 pick 7:
    Unknown Shores
--> Zulaport Chainmage
    Natural State
    Dazzling Reflection
    Brute Strength
    Null Caller
    Gift of Tusks
    Call the Gatewatch
    Swamp

--: Flayer Drone

Pack 1 pick 8:
    Stalking Drone
    Goblin Freerunner
    Kozilek's Translator
    Lead by Example
    Ancient Crab
    Make a Stand
--> Flayer Drone
    Island

--: Affa Protector

--: Affa Protector

Pack 1 pick 9:
    Holdout Settlement
    Loam Larva
--> Affa Protector
    Mighty Leap
    Consuming Sinkhole
    Warping Wail
    Forest

--: Unnatural Endurance

--: Unnatural Endurance

Pack 1 pick 10:
--> Unnatural Endurance
    Pulse of Murasa
    Untamed Hunger
    Consuming Sinkhole
    Bonds of Mortality
    Mountain

--: Kozilek's Shrieker

--: Kozilek's Shrieker

Pack 1 pick 11:
--> Kozilek's Shrieker
    Loam Larva
    Slaughter Drone
    Mighty Leap
    Mountain

--: Ancient Crab

--: Ancient Crab

Pack 1 pick 12:
--> Ancient Crab
    Strider Harness
    Kazuul's Toll Collector
    Forest

--: Mighty Leap

Pack 1 pick 13:
    Canopy Gorger
--> Mighty Leap
    Island

--: Corpse Churn

Pack 1 pick 14:
--> Corpse Churn
    Plains

--: Swamp

Pack 1 pick 15:
--> Swamp

--: Munda's Vanguard

--: Munda's Vanguard

------ OGW ------ 

Pack 2 pick 1:
    Bone Saw
    Vampire Envoy
    Tajuru Pathwarden
    Goblin Freerunner
    Untamed Hunger
    Vines of the Recluse
    Sparkmage's Gambit
    Makindi Aeronaut
    Umara Entangler
    Consuming Sinkhole
    Strider Harness
    Embodiment of Fury
    Void Grafter
--> Munda's Vanguard
    Forest

--: Ondu War Cleric

--: Ondu War Cleric

Pack 2 pick 2:
    Expedition Raptor
    Reality Hemorrhage
    Crumbling Vestige
    Gravity Negator
    Canopy Gorger
    Kozilek's Shrieker
--> Ondu War Cleric
    Ancient Crab
    Affa Protector
    Makindi Aeronaut
    Tranquil Expanse
    Allied Reinforcements
    Unity of Purpose
    Island

--: Relief Captain

--: Relief Captain

Pack 2 pick 3:
    Seer's Lantern
    Spawnbinder Mage
    Zada's Commando
    Unnatural Endurance
    Vines of the Recluse
    Zulaport Chainmage
    Makindi Aeronaut
    Abstruse Interference
    Akoum Flameseeker
--> Relief Captain
    Iona's Blessing
    Stoneforge Masterwork
    Island

--: Kor Scythemaster

--: Kor Scythemaster

Pack 2 pick 4:
    Reality Hemorrhage
    Crumbling Vestige
    Gravity Negator
    Hedron Crawler
    Sky Scourer
    Elemental Uprising
    Slip Through Space
    Brute Strength
--> Kor Scythemaster
    Joraga Auxiliary
    Oath of Jace
    Island

--: Spawnbinder Mage

--: Spawnbinder Mage

Pack 2 pick 5:
--> Spawnbinder Mage
    Cinder Hellion
    Unknown Shores
    Sweep Away
    Seer's Lantern
    Loam Larva
    Negate
    Sparkmage's Gambit
    Meandering River
    Reflector Mage
    Swamp

--: Kor Sky Climber

--: Kor Sky Climber

Pack 2 pick 6:
    Stalking Drone
--> Kor Sky Climber
    Wastes
    Corpse Churn
    Natural State
    Expedite
    Searing Light
    Comparative Analysis
    Submerged Boneyard
    Swamp

--: Mighty Leap

--: Tajuru Pathwarden

Pack 2 pick 7:
    Bone Saw
--> Tajuru Pathwarden
    Mountain
    Goblin Freerunner
    Elemental Uprising
    Brute Strength
    Mighty Leap
    Unity of Purpose
    Mountain

--: Unnatural Endurance

Pack 2 pick 8:
    Jwar Isle Avenger
    Vines of the Recluse
--> Unnatural Endurance
    Pulse of Murasa
    Dazzling Reflection
    Reaver Drone
    Bonds of Mortality
    Swamp

--: Bone Saw

Pack 2 pick 9:
--> Bone Saw
    Untamed Hunger
    Vines of the Recluse
    Consuming Sinkhole
    Strider Harness
    Void Grafter
    Forest

--: Makindi Aeronaut

--: Makindi Aeronaut

Pack 2 pick 10:
    Canopy Gorger
    Ancient Crab
    Affa Protector
--> Makindi Aeronaut
    Tranquil Expanse
    Island

--: Iona's Blessing

Pack 2 pick 11:
    Unnatural Endurance
    Vines of the Recluse
    Abstruse Interference
--> Iona's Blessing
    Island

--: Joraga Auxiliary

Pack 2 pick 12:
    Gravity Negator
    Elemental Uprising
--> Joraga Auxiliary
    Island

--: Negate

--: Loam Larva

Pack 2 pick 13:
--> Loam Larva
    Negate
    Swamp

--: Natural State

Pack 2 pick 14:
--> Natural State
    Swamp

--: Mountain

Pack 2 pick 15:
--> Mountain

--: Malakir Familiar

--: Malakir Familiar

------ BFZ ------ 

Pack 3 pick 1:
    Brilliant Spectrum
    Altar's Reap
    Eldrazi Devastator
    Wave-Wing Elemental
    Fertile Thicket
    Geyserfield Stalker
    Snapping Gnarlid
    Evolving Wilds
    Belligerent Whiptail
    Stone Haven Medic
    Firemantle Mage
    Zulaport Cutthroat
--> Malakir Familiar
    Cinder Glade
    Island

--: Demon's Grasp

Pack 3 pick 2:
    Seek the Wilds
    Oracle of Dust
    Mortuary Mire
    Natural Connection
    Tightening Coils
    Eldrazi Devastator
--> Demon's Grasp
    Looming Spires
    Nettle Drone
    Kitesail Scout
    Unified Front
    Murasa Ranger
    Crumble to Dust
    Mountain

--: Planar Outburst

--: Planar Outburst

Pack 3 pick 3:
    Kalastria Healer
    Tajuru Beastmaster
    Wave-Wing Elemental
    Silent Skimmer
    Rush of Ice
    Natural Connection
    Inspired Charge
    Volcanic Upheaval
    Akoum Stonewaker
    Grip of Desolation
    Retreat to Valakut
--> Planar Outburst
    Island

--: Stone Haven Medic

--: Fertile Thicket

Pack 3 pick 4:
    Tajuru Stalwart
    Culling Drone
--> Fertile Thicket
    Snapping Gnarlid
    Spell Shrivel
    Scour from Existence
    Reckless Cohort
    Stone Haven Medic
    Skyrider Elf
    Ruination Guide
    Ugin's Insight
    Mountain

--: Ondu Greathorn

--: Culling Drone

--: Culling Drone

Pack 3 pick 5:
    Incubator Drone
--> Culling Drone
    Seek the Wilds
    Coralhelm Guide
    Goblin War Paint
    Tandem Tactics
    Ondu Greathorn
    Ondu Champion
    Tide Drifter
    Infuse with the Elements
    Plains

--: Shadow Glider

--: Shadow Glider

Pack 3 pick 6:
    Call the Scions
    Roilmage's Trick
    Swarm Surge
    Lavastep Raider
    Cliffside Lookout
--> Shadow Glider
    Smite the Monstrous
    Retreat to Kazandu
    Catacomb Sifter
    Plains

--: Inspired Charge

Pack 3 pick 7:
    Looming Spires
    Swell of Growth
    Mist Intruder
    Kitesail Scout
    Reckless Cohort
--> Inspired Charge
    Ulamog's Nullifier
    Scythe Leopard
    Plains

--: Voracious Null

--: Voracious Null

Pack 3 pick 8:
--> Voracious Null
    Reclaiming Vines
    Valakut Invoker
    Ulamog's Reclaimer
    Slab Hammer
    Unified Front
    Prism Array
    Island

--: Stone Haven Medic

--: Fertile Thicket

--: Fertile Thicket

Pack 3 pick 9:
    Brilliant Spectrum
    Altar's Reap
    Eldrazi Devastator
--> Fertile Thicket
    Geyserfield Stalker
    Stone Haven Medic
    Island

--: Unified Front

--: Seek the Wilds

--: Unified Front

Pack 3 pick 10:
    Seek the Wilds
    Natural Connection
    Looming Spires
--> Unified Front
    Murasa Ranger
    Mountain

--: Natural Connection

--: Natural Connection

Pack 3 pick 11:
    Silent Skimmer
--> Natural Connection
    Inspired Charge
    Volcanic Upheaval
    Island

--: Tajuru Stalwart

Pack 3 pick 12:
--> Tajuru Stalwart
    Snapping Gnarlid
    Spell Shrivel
    Mountain

--: Seek the Wilds

Pack 3 pick 13:
--> Seek the Wilds
    Infuse with the Elements
    Plains

--: Cliffside Lookout

--: Cliffside Lookout

Pack 3 pick 14:
--> Cliffside Lookout
    Plains

--: Plains

Pack 3 pick 15:
--> Plains

