Event #: 9358587
Time:    2/7/2016 12:55:02 PM
Players:
--> FinchleyCentral
    bourdibourdi
    Zzuck
    dagmlar
    morphlin0
    JasperCMU
    mtgheadquarters
    bigbabydiesel13

--: Cyclone Sire

--: Vile Redeemer

--: Vile Redeemer

------ OGW ------ 

Pack 1 pick 1:
    Tar Snare
    Cinder Hellion
    Unknown Shores
    Gravity Negator
    Canopy Gorger
    Sky Scourer
    Elemental Uprising
    Dazzling Reflection
    Slip Through Space
    Brute Strength
    Cyclone Sire
    Chitinous Cloak
    Gift of Tusks
--> Vile Redeemer
    Plains

--: Cliffhaven Vampire

--: Cliffhaven Vampire

Pack 1 pick 2:
    Wastes
    Containment Membrane
    Bone Saw
    Vampire Envoy
    Unnatural Endurance
    Vines of the Recluse
    Zulaport Chainmage
    Negate
    Sparkmage's Gambit
    Shoulder to Shoulder
--> Cliffhaven Vampire
    Flaying Tendrils
    Relentless Hunter
    Plains

--: Boulder Salvo

--: Immolating Glare

--: Immolating Glare

Pack 1 pick 3:
    Expedition Raptor
    Embodiment of Insight
    Boulder Salvo
    Unknown Shores
    Blinding Drone
    Loam Larva
    Slaughter Drone
    Cultivator Drone
    Expedite
    Makindi Aeronaut
--> Immolating Glare
    Flayer Drone
    Mountain

--: Visions of Brutality

--: Visions of Brutality

Pack 1 pick 4:
    Goblin Freerunner
    Wastes
    Sweep Away
    Witness the End
--> Visions of Brutality
    Kozilek's Translator
    Brute Strength
    Affa Protector
    Ancient Crab
    Timber Gorge
    Ruin in Their Wake
    Forest

--: General Tazri

--: General Tazri

Pack 1 pick 5:
    Jwar Isle Avenger
    Hedron Crawler
    Loam Larva
    Unnatural Endurance
    Pulse of Murasa
    Makindi Aeronaut
    Umara Entangler
    Consuming Sinkhole
    Bonds of Mortality
--> General Tazri
    Swamp

--: Searing Light

--: Unnatural Endurance

--: Searing Light

--: Searing Light

Pack 1 pick 6:
    Bone Saw
    Cinder Hellion
    Unnatural Endurance
    Pulse of Murasa
    Consuming Sinkhole
--> Searing Light
    Negate
    Gift of Tusks
    Oath of Jace
    Swamp

--: Steppe Glider

--: Steppe Glider

Pack 1 pick 7:
    Cinder Hellion
    Jwar Isle Avenger
    Kozilek's Shrieker
    Netcaster Spider
    Akoum Flameseeker
    Cultivator Drone
    Make a Stand
--> Steppe Glider
    Mountain

--: Goblin Freerunner

--: Goblin Freerunner

Pack 1 pick 8:
--> Goblin Freerunner
    Lead by Example
    Corpse Churn
    Expedite
    Searing Light
    Comparative Analysis
    Stormchaser Mage
    Island

--: Brute Strength

--: Brute Strength

Pack 1 pick 9:
    Cinder Hellion
    Canopy Gorger
    Elemental Uprising
    Dazzling Reflection
--> Brute Strength
    Gift of Tusks
    Plains

--: Unnatural Endurance

Pack 1 pick 10:
    Bone Saw
--> Unnatural Endurance
    Vines of the Recluse
    Negate
    Sparkmage's Gambit
    Plains

--: Flayer Drone

--: Flayer Drone

Pack 1 pick 11:
    Unknown Shores
    Loam Larva
    Expedite
--> Flayer Drone
    Mountain

--: Brute Strength

Pack 1 pick 12:
--> Brute Strength
    Ancient Crab
    Ruin in Their Wake
    Forest

--: Consuming Sinkhole

Pack 1 pick 13:
--> Consuming Sinkhole
    Bonds of Mortality
    Swamp

--: Consuming Sinkhole

Pack 1 pick 14:
--> Consuming Sinkhole
    Swamp

--: Mountain

Pack 1 pick 15:
--> Mountain

--: Boulder Salvo

--: Boulder Salvo

------ OGW ------ 

Pack 2 pick 1:
    Hedron Crawler
    Vampire Envoy
    Scion Summoner
--> Boulder Salvo
    Canopy Gorger
    Kozilek's Shrieker
    Lead by Example
    Sparkmage's Gambit
    Kor Scythemaster
    Comparative Analysis
    Submerged Boneyard
    Baloth Pup
    Flayer Drone
    Hissing Quagmire
    Forest

--: Expedition Raptor

--: Expedition Raptor

Pack 2 pick 2:
    Holdout Settlement
    Kozilek's Pathfinder
    Tajuru Pathwarden
--> Expedition Raptor
    Untamed Hunger
    Vines of the Recluse
    Eldrazi Aggressor
    Dazzling Reflection
    Slip Through Space
    Roiling Waters
    Strider Harness
    Stoneforge Acolyte
    Remorseless Punishment
    Plains

--: Reality Hemorrhage

--: Reality Hemorrhage

--: Reality Hemorrhage

Pack 2 pick 3:
    Warden of Geometries
    Spawnbinder Mage
    Vampire Envoy
--> Reality Hemorrhage
    Unknown Shores
    Lead by Example
    Corpse Churn
    Expedite
    Searing Light
    Comparative Analysis
    Grip of the Roil
    Joraga Auxiliary
    Plains

--: Immobilizer Eldrazi

--: Zada's Commando

--: Zada's Commando

Pack 2 pick 4:
    Seer's Lantern
    Tajuru Pathwarden
    Expedition Raptor
--> Zada's Commando
    Natural State
    Eldrazi Aggressor
    Kor Scythemaster
    Negate
    Sparkmage's Gambit
    Embodiment of Insight
    Immobilizer Eldrazi
    Island

--: Kor Scythemaster

--: Kor Scythemaster

Pack 2 pick 5:
    Scion Summoner
    Holdout Settlement
    Island
    Natural State
    Loam Larva
    Eldrazi Aggressor
--> Kor Scythemaster
    Negate
    Tranquil Expanse
    Ruin in Their Wake
    Swamp

--: Kor Scythemaster

--: Kor Scythemaster

Pack 2 pick 6:
    Warden of Geometries
    Expedition Raptor
    Reality Hemorrhage
    Netcaster Spider
    Witness the End
    Canopy Gorger
--> Kor Scythemaster
    Ancient Crab
    Iona's Blessing
    Plains

--: Shoulder to Shoulder

--: Spawnbinder Mage

--: Spawnbinder Mage

Pack 2 pick 7:
--> Spawnbinder Mage
    Jwar Isle Avenger
    Zulaport Chainmage
    Elemental Uprising
    Sky Scourer
    Maw of Kozilek
    Shoulder to Shoulder
    Umara Entangler
    Mountain

--: Akoum Flameseeker

Pack 2 pick 8:
    Wastes
    Corpse Churn
    Mighty Leap
    Abstruse Interference
--> Akoum Flameseeker
    Cinder Barrens
    Iona's Blessing
    Forest

--: Kor Scythemaster

--: Kor Scythemaster

Pack 2 pick 9:
    Canopy Gorger
    Lead by Example
    Sparkmage's Gambit
--> Kor Scythemaster
    Baloth Pup
    Flayer Drone
    Forest

--: Dazzling Reflection

Pack 2 pick 10:
    Kozilek's Pathfinder
    Untamed Hunger
    Eldrazi Aggressor
--> Dazzling Reflection
    Strider Harness
    Plains

--: Searing Light

Pack 2 pick 11:
    Unknown Shores
    Corpse Churn
--> Searing Light
    Comparative Analysis
    Plains

--: Sparkmage's Gambit

Pack 2 pick 12:
    Natural State
    Negate
--> Sparkmage's Gambit
    Island

--: Natural State

--: Ruin in Their Wake

Pack 2 pick 13:
    Natural State
--> Ruin in Their Wake
    Swamp

--: Canopy Gorger

Pack 2 pick 14:
--> Canopy Gorger
    Plains

--: Mountain

Pack 2 pick 15:
--> Mountain

--: Kor Entanglers

--: Kor Entanglers

------ BFZ ------ 

Pack 3 pick 1:
    Oran-Rief Invoker
    Dispel
    Mind Raker
    Territorial Baloth
    Cliffside Lookout
    Goblin War Paint
    Tandem Tactics
    Outnumber
    Vestige of Emrakul
    Courier Griffin
    Titan's Presence
--> Kor Entanglers
    Tajuru Warcaller
    Kiora, Master of the Depths
    Swamp

--: Valakut Invoker

--: Valakut Invoker

Pack 3 pick 2:
    Swell of Growth
    Dispel
    Kalastria Nightwatch
    Earthen Arms
    Sure Strike
    Inspired Charge
    Lifespring Druid
--> Valakut Invoker
    Ondu Greathorn
    Dominator Drone
    Retreat to Kazandu
    Catacomb Sifter
    Windrider Patrol
    Swamp

--: Kor Castigator

--: Kor Castigator

Pack 3 pick 3:
    Seek the Wilds
    Coralhelm Guide
    Spell Shrivel
    Scour from Existence
    Tajuru Beastmaster
    Wave-Wing Elemental
    Evolving Wilds
--> Kor Castigator
    Reckless Cohort
    Blighted Gorge
    Breaker of Armies
    Smoldering Marsh
    Mountain

--: Felidar Cub

--: Felidar Cub

Pack 3 pick 4:
    Blisterpod
    Anticipate
    Earthen Arms
--> Felidar Cub
    Kozilek's Sentinel
    Lifespring Druid
    Ondu Champion
    Vestige of Emrakul
    Pathway Arrows
    Blighted Steppe
    Sanctum of Ugin
    Forest

--: Stonefury

--: Stonefury

Pack 3 pick 5:
    Anticipate
    Territorial Baloth
    Roilmage's Trick
    Felidar Cub
    Goblin War Paint
--> Stonefury
    Smite the Monstrous
    Forerunner of Slaughter
    Retreat to Coralhelm
    Blighted Woodland
    Island

--: Valakut Predator

--: Valakut Predator

Pack 3 pick 6:
    Blisterpod
    Oracle of Dust
    Voracious Null
    Reclaiming Vines
    Inspired Charge
    Volcanic Upheaval
--> Valakut Predator
    Cryptic Cruiser
    Vile Aggregate
    Plains

--: Nettle Drone

--: Nettle Drone

Pack 3 pick 7:
    Brilliant Spectrum
    Altar's Reap
    Call the Scions
    Roilmage's Trick
--> Nettle Drone
    Stonefury
    Void Attendant
    Herald of Kozilek
    Swamp

--: Sandstone Bridge

Pack 3 pick 8:
    Dutiful Return
    Swell of Growth
    Dispel
    Hedron Blade
    Bone Splinters
--> Sandstone Bridge
    Boiling Earth
    Plains

--: Outnumber

Pack 3 pick 9:
    Dispel
    Territorial Baloth
    Goblin War Paint
    Tandem Tactics
--> Outnumber
    Vestige of Emrakul
    Swamp

--: Ondu Greathorn

Pack 3 pick 10:
    Swell of Growth
    Sure Strike
    Inspired Charge
    Lifespring Druid
--> Ondu Greathorn
    Swamp

--: Blighted Gorge

Pack 3 pick 11:
    Seek the Wilds
    Spell Shrivel
    Reckless Cohort
--> Blighted Gorge
    Mountain

--: Ondu Champion

Pack 3 pick 12:
    Earthen Arms
--> Ondu Champion
    Vestige of Emrakul
    Forest

--: Roilmage's Trick

Pack 3 pick 13:
--> Roilmage's Trick
    Retreat to Coralhelm
    Island

--: Voracious Null

Pack 3 pick 14:
--> Voracious Null
    Plains

--: Swamp

Pack 3 pick 15:
--> Swamp

