Event #: 9360208
Time:    2/7/2016 8:32:29 PM
Players:
    mmmmpizza
    potbet
    PMPVic
--> FinchleyCentral
    televators
    gannon_link
    ByeCurious
    hiropp

--: Ayli, Eternal Pilgrim

--: Ayli, Eternal Pilgrim

------ OGW ------ 

Pack 1 pick 1:
    Isolation Zone
    Tar Snare
    Cinder Hellion
    Unknown Shores
    Lead by Example
    Untamed Hunger
    Vines of the Recluse
    Slip Through Space
    Brute Strength
    Kor Scythemaster
    Walker of the Wastes
    Thought Harvester
    Steppe Glider
--> Ayli, Eternal Pilgrim
    Forest

--: Steppe Glider

--: Steppe Glider

Pack 1 pick 2:
    Blinding Drone
    Kozilek's Pathfinder
    Spawnbinder Mage
    Vines of the Recluse
    Unnatural Endurance
    Pulse of Murasa
    Kor Scythemaster
    Comparative Analysis
    Eldrazi Aggressor
    Meandering River
    Thought Harvester
--> Steppe Glider
    Stoneforge Masterwork
    Island

--: Kor Sky Climber

--: Kor Sky Climber

Pack 1 pick 3:
    Scion Summoner
--> Kor Sky Climber
    Crumbling Vestige
    Containment Membrane
    Zulaport Chainmage
    Elemental Uprising
    Affa Protector
    Mighty Leap
    Consuming Sinkhole
    Kazuul's Toll Collector
    Stormchaser Mage
    Oath of Jace
    Swamp

--: Spawnbinder Mage

--: Spawnbinder Mage

Pack 1 pick 4:
--> Spawnbinder Mage
    Cinder Hellion
    Unknown Shores
    Sweep Away
    Vines of the Recluse
    Kozilek's Translator
    Ancient Crab
    Affa Protector
    Makindi Aeronaut
    Walker of the Wastes
    Call the Gatewatch
    Forest

--: Null Caller

--: Null Caller

Pack 1 pick 5:
    Wastes
    Sweep Away
    Seer's Lantern
    Elemental Uprising
    Natural State
    Eldrazi Aggressor
    Dazzling Reflection
    Slip Through Space
--> Null Caller
    Immobilizer Eldrazi
    Plains

--: Makindi Aeronaut

--: Makindi Aeronaut

Pack 1 pick 6:
    Wastes
    Sweep Away
    Seer's Lantern
    Netcaster Spider
    Forest
    Canopy Gorger
--> Makindi Aeronaut
    Abstruse Interference
    Make a Stand
    Forest

--: Shoulder to Shoulder

--: Shoulder to Shoulder

Pack 1 pick 7:
    Kozilek's Pathfinder
    Tajuru Pathwarden
    Loam Larva
    Negate
    Maw of Kozilek
--> Shoulder to Shoulder
    Birthing Hulk
    Warping Wail
    Mountain

--: Stalking Drone

--: Stalking Drone

Pack 1 pick 8:
    Gravity Negator
    Warden of Geometries
--> Stalking Drone
    Kor Sky Climber
    Netcaster Spider
    Expedite
    Makindi Aeronaut
    Swamp

--: Lead by Example

--: Lead by Example

Pack 1 pick 9:
--> Lead by Example
    Untamed Hunger
    Vines of the Recluse
    Slip Through Space
    Brute Strength
    Walker of the Wastes
    Forest

--: Vines of the Recluse

Pack 1 pick 10:
    Kozilek's Pathfinder
--> Vines of the Recluse
    Unnatural Endurance
    Pulse of Murasa
    Comparative Analysis
    Island

--: Mighty Leap

Pack 1 pick 11:
    Elemental Uprising
--> Mighty Leap
    Consuming Sinkhole
    Oath of Jace
    Swamp

--: Vines of the Recluse

Pack 1 pick 12:
--> Vines of the Recluse
    Ancient Crab
    Call the Gatewatch
    Forest

--: Natural State

Pack 1 pick 13:
--> Natural State
    Eldrazi Aggressor
    Plains

--: Forest

Pack 1 pick 14:
    Abstruse Interference
--> Forest

--: Mountain

Pack 1 pick 15:
--> Mountain

--: Wall of Resurgence

--: Wall of Resurgence

------ OGW ------ 

Pack 2 pick 1:
    Spawnbinder Mage
    Cinder Hellion
    Unknown Shores
    Ancient Crab
    Seer's Lantern
    Witness the End
    Canopy Gorger
    Abstruse Interference
    Akoum Flameseeker
    Searing Light
    Birthing Hulk
--> Wall of Resurgence
    Flayer Drone
    Overwhelming Denial
    Mountain

--: Netcaster Spider

--: Netcaster Spider

Pack 2 pick 2:
    Cinder Hellion
    Wastes
    Jwar Isle Avenger
    Warden of Geometries
    Spawnbinder Mage
    Witness the End
--> Netcaster Spider
    Consuming Sinkhole
    Negate
    Cinder Barrens
    Ruin in Their Wake
    Mindmelter
    Needle Spires
    Island

--: Tajuru Pathwarden

--: Tajuru Pathwarden

Pack 2 pick 3:
    Bone Saw
--> Tajuru Pathwarden
    Goblin Freerunner
    Wastes
    Unnatural Endurance
    Vines of the Recluse
    Brute Strength
    Affa Protector
    Ancient Crab
    Cliffhaven Vampire
    Make a Stand
    Hissing Quagmire
    Forest

--: Canopy Gorger

Pack 2 pick 4:
    Cinder Hellion
    Unknown Shores
    Gravity Negator
    Warden of Geometries
    Corpse Churn
--> Canopy Gorger
    Sky Scourer
    Abstruse Interference
    Sparkmage's Gambit
    Null Caller
    Gift of Tusks
    Plains

--: Stalking Drone

Pack 2 pick 5:
--> Stalking Drone
    Kor Sky Climber
    Reality Hemorrhage
    Natural State
    Witness the End
    Netcaster Spider
    Slip Through Space
    Consuming Sinkhole
    Searing Light
    Drana's Chosen
    Swamp

--: Holdout Settlement

--: Holdout Settlement

Pack 2 pick 6:
    Kor Sky Climber
--> Holdout Settlement
    Loam Larva
    Unnatural Endurance
    Harvester Troll
    Mighty Leap
    Cultivator Drone
    Meandering River
    Bonds of Mortality
    Island

--: Ondu War Cleric

--: Ondu War Cleric

Pack 2 pick 7:
    Spawnbinder Mage
    Lead by Example
    Untamed Hunger
    Pulse of Murasa
    Akoum Flameseeker
--> Ondu War Cleric
    Harvester Troll
    Iona's Blessing
    Mountain

--: Tajuru Pathwarden

Pack 2 pick 8:
    Vampire Envoy
--> Tajuru Pathwarden
    Corpse Churn
    Natural State
    Maw of Kozilek
    Dazzling Reflection
    Umara Entangler
    Plains

--: Overwhelming Denial

Pack 2 pick 9:
    Cinder Hellion
    Ancient Crab
    Witness the End
    Canopy Gorger
    Abstruse Interference
--> Overwhelming Denial
    Mountain

--: Spawnbinder Mage

Pack 2 pick 10:
    Cinder Hellion
--> Spawnbinder Mage
    Consuming Sinkhole
    Negate
    Ruin in Their Wake
    Island

--: Vines of the Recluse

Pack 2 pick 11:
    Bone Saw
    Unnatural Endurance
--> Vines of the Recluse
    Ancient Crab
    Forest

--: Null Caller

Pack 2 pick 12:
    Corpse Churn
    Abstruse Interference
--> Null Caller
    Plains

--: Swamp

Pack 2 pick 13:
    Natural State
    Consuming Sinkhole
--> Swamp

--: Island

--: Unnatural Endurance

Pack 2 pick 14:
--> Unnatural Endurance
    Island

--: Mountain

Pack 2 pick 15:
--> Mountain

--: Tajuru Beastmaster

--: Tajuru Beastmaster

------ BFZ ------ 

Pack 3 pick 1:
    Kalastria Healer
    Blisterpod
    Geyserfield Stalker
    Cloud Manta
    Sandstone Bridge
--> Tajuru Beastmaster
    Demon's Grasp
    Skyline Cascade
    Outnumber
    Fortified Rampart
    Adverse Conditions
    Resolute Blademaster
    Turn Against
    March from the Tomb
    Mountain

--: Ghostly Sentinel

Pack 3 pick 2:
    Blisterpod
    Anticipate
    Sludge Crawler
    Earthen Arms
    Sure Strike
    Kitesail Scout
    Ondu Champion
--> Ghostly Sentinel
    Benthic Infiltrator
    Vestige of Emrakul
    Drana's Emissary
    Adverse Conditions
    Exert Influence
    Plains

--: Tajuru Warcaller

--: Tajuru Warcaller

Pack 3 pick 3:
    Plummet
    Coralhelm Guide
    Mire's Malice
    Tajuru Stalwart
    Lavastep Raider
    Cliffside Lookout
    Goblin War Paint
    Tandem Tactics
    Mist Intruder
    Courier Griffin
--> Tajuru Warcaller
    Herald of Kozilek
    Swamp

--: Gideon's Reproach

Pack 3 pick 4:
    Call the Scions
    Murk Strider
    Voracious Null
    Oran-Rief Invoker
    Kozilek's Sentinel
    Makindi Patrol
--> Gideon's Reproach
    Kozilek's Channeler
    Jaddi Offshoot
    Carrier Thrall
    Angelic Captain
    Plains

--: Unnatural Aggression

Pack 3 pick 5:
    Mire's Malice
    Tajuru Stalwart
    Hedron Blade
--> Unnatural Aggression
    Sandstone Bridge
    Cloud Manta
    Scour from Existence
    Angelic Gift
    Crumble to Dust
    Vampiric Rites
    Mountain

--: Tajuru Warcaller

--: Tajuru Warcaller

Pack 3 pick 6:
    Mire's Malice
    Vampiric Rites
    Brilliant Spectrum
    Altar's Reap
    Lavastep Raider
    Smite the Monstrous
    Courier Griffin
--> Tajuru Warcaller
    Retreat to Valakut
    Forest

--: Makindi Patrol

--: Makindi Patrol

Pack 3 pick 7:
    Oracle of Dust
    Voracious Null
    Reclaiming Vines
    Mist Intruder
    Lavastep Raider
--> Makindi Patrol
    Valakut Predator
    Hedron Blade
    Mountain

--: Snapping Gnarlid

Pack 3 pick 8:
    Dispel
    Fertile Thicket
    Geyserfield Stalker
--> Snapping Gnarlid
    Lithomancer's Focus
    Cryptic Cruiser
    Sylvan Scrying
    Forest

--: Sandstone Bridge

Pack 3 pick 9:
    Blisterpod
    Geyserfield Stalker
    Cloud Manta
--> Sandstone Bridge
    Adverse Conditions
    March from the Tomb
    Mountain

--: Blisterpod

Pack 3 pick 10:
--> Blisterpod
    Anticipate
    Earthen Arms
    Kitesail Scout
    Ondu Champion
    Plains

--: Plummet

Pack 3 pick 11:
--> Plummet
    Lavastep Raider
    Cliffside Lookout
    Goblin War Paint
    Swamp

--: Call the Scions

Pack 3 pick 12:
--> Call the Scions
    Voracious Null
    Jaddi Offshoot
    Plains

--: Angelic Gift

Pack 3 pick 13:
    Hedron Blade
--> Angelic Gift
    Mountain

--: Forest

Pack 3 pick 14:
    Altar's Reap
--> Forest

--: Mountain

Pack 3 pick 15:
--> Mountain

