Event #: 9360600
Time:    2/7/2016 10:15:56 PM
Players:
    H.saito
    Jason Martel
    jayxni
    woruyafa
    Ascythopicism
    DaRogiv
--> HuaxingMachine
    potbet

--: Sylvan Advocate

--: Boulder Salvo

--: Boulder Salvo

------ OGW ------ 

Pack 1 pick 1:
    Expedition Raptor
    Tar Snare
--> Boulder Salvo
    Unknown Shores
    Lead by Example
    Corpse Churn
    Natural State
    Makindi Aeronaut
    Abstruse Interference
    Sparkmage's Gambit
    Harvester Troll
    Stormchaser Mage
    Iona's Blessing
    Sylvan Advocate
    Mountain

--: Immolating Glare

--: Immolating Glare

Pack 1 pick 2:
    Stalking Drone
    Goblin Freerunner
    Wastes
    Jwar Isle Avenger
    Warden of Geometries
    Vines of the Recluse
    Zulaport Chainmage
    Consuming Sinkhole
    Shoulder to Shoulder
    Ancient Crab
    Walker of the Wastes
--> Immolating Glare
    Stormchaser Mage
    Forest

--: Roiling Waters

--: Hedron Crawler

--: Saddleback Lagac

--: Roiling Waters

--: Roiling Waters

Pack 1 pick 3:
    Crumbling Vestige
    Containment Membrane
    Hedron Crawler
    Vines of the Recluse
    Zulaport Chainmage
    Saddleback Lagac
    Maw of Kozilek
    Mighty Leap
    Abstruse Interference
--> Roiling Waters
    Baloth Null
    Inverter of Truth
    Mountain

--: Wall of Resurgence

--: Wall of Resurgence

Pack 1 pick 4:
    Wastes
    Spawnbinder Mage
    Seer's Lantern
    Kor Sky Climber
    Witness the End
    Netcaster Spider
    Comparative Analysis
    Eldrazi Aggressor
    Affa Protector
    Grip of the Roil
--> Wall of Resurgence
    Plains

--: Jwar Isle Avenger

--: Jwar Isle Avenger

Pack 1 pick 5:
    Tar Snare
    Cinder Hellion
    Wastes
--> Jwar Isle Avenger
    Elemental Uprising
    Sky Scourer
    Brute Strength
    Comparative Analysis
    Tranquil Expanse
    Stoneforge Acolyte
    Plains

--: Umara Entangler

--: Umara Entangler

Pack 1 pick 6:
    Spawnbinder Mage
    Vampire Envoy
    Unknown Shores
    Pulse of Murasa
    Unnatural Endurance
    Vines of the Recluse
--> Umara Entangler
    Consuming Sinkhole
    Reaver Drone
    Island

--: Unknown Shores

--: Cinder Hellion

--: Unknown Shores

--: Cinder Hellion

--: Unknown Shores

--: Unknown Shores

Pack 1 pick 7:
    Bone Saw
    Cinder Hellion
--> Unknown Shores
    Vines of the Recluse
    Zulaport Chainmage
    Ancient Crab
    Tears of Valakut
    Oath of Nissa
    Mountain

--: Thought Harvester

--: Thought Harvester

Pack 1 pick 8:
    Crumbling Vestige
    Gravity Negator
    Canopy Gorger
    Consuming Sinkhole
    Strider Harness
--> Thought Harvester
    Void Grafter
    Swamp

--: Stormchaser Mage

--: Stormchaser Mage

Pack 1 pick 9:
    Corpse Churn
    Natural State
    Abstruse Interference
    Sparkmage's Gambit
--> Stormchaser Mage
    Iona's Blessing
    Mountain

--: Stormchaser Mage

Pack 1 pick 10:
    Wastes
    Vines of the Recluse
    Consuming Sinkhole
    Ancient Crab
--> Stormchaser Mage
    Forest

--: Maw of Kozilek

--: Containment Membrane

--: Maw of Kozilek

--: Containment Membrane

--: Maw of Kozilek

--: Containment Membrane

--: Containment Membrane

Pack 1 pick 11:
--> Containment Membrane
    Maw of Kozilek
    Mighty Leap
    Abstruse Interference
    Mountain

--: Comparative Analysis

--: Comparative Analysis

Pack 1 pick 12:
    Witness the End
--> Comparative Analysis
    Affa Protector
    Plains

Pack 1 pick 13:
--> Comparative Analysis
    Stoneforge Acolyte
    Plains

Pack 1 pick 14:
--> Consuming Sinkhole
    Island

Pack 1 pick 15:
--> Mountain

--: Goblin Dark-Dwellers

--: Goblin Dark-Dwellers

------ OGW ------ 

Pack 2 pick 1:
    Expedition Raptor
    Zada's Commando
    Crumbling Vestige
    Containment Membrane
    Hedron Crawler
    Kozilek's Shrieker
    Lead by Example
    Cultivator Drone
    Expedite
    Makindi Aeronaut
    Embodiment of Fury
    Harvester Troll
    Stoneforge Acolyte
--> Goblin Dark-Dwellers
    Mountain

--: Prophet of Distortion

--: Zada's Commando

--: Zada's Commando

Pack 2 pick 2:
    Tajuru Pathwarden
    Expedition Raptor
--> Zada's Commando
    Crumbling Vestige
    Unnatural Endurance
    Pulse of Murasa
    Untamed Hunger
    Eldrazi Aggressor
    Dazzling Reflection
    Slip Through Space
    Timber Gorge
    Prophet of Distortion
    Visions of Brutality
    Island

--: Tyrant of Valakut

--: Brute Strength

--: Brute Strength

Pack 2 pick 3:
    Blinding Drone
    Kozilek's Pathfinder
    Scion Summoner
    Kor Sky Climber
    Tears of Valakut
    Natural State
    Witness the End
--> Brute Strength
    Affa Protector
    Ancient Crab
    Allied Reinforcements
    Tyrant of Valakut
    Plains

--: Boulder Salvo

--: Boulder Salvo

Pack 2 pick 4:
    Bone Saw
    Expedition Raptor
    Tar Snare
--> Boulder Salvo
    Unknown Shores
    Sky Scourer
    Elemental Uprising
    Akoum Flameseeker
    Cultivator Drone
    Weapons Trainer
    Unity of Purpose
    Forest

--: Reality Hemorrhage

--: Reality Hemorrhage

Pack 2 pick 5:
--> Reality Hemorrhage
    Wastes
    Containment Membrane
    Bone Saw
    Unnatural Endurance
    Kor Scythemaster
    Comparative Analysis
    Eldrazi Aggressor
    Cliffhaven Vampire
    Make a Stand
    Forest

--: Reckless Bushwhacker

--: Grip of the Roil

--: Reckless Bushwhacker

--: Reckless Bushwhacker

Pack 2 pick 6:
    Kozilek's Pathfinder
    Spawnbinder Mage
    Kozilek's Shrieker
    Witness the End
    Umara Entangler
    Brute Strength
    Mighty Leap
    Grip of the Roil
--> Reckless Bushwhacker
    Swamp

--: Containment Membrane

--: Kazuul's Toll Collector

--: Kazuul's Toll Collector

Pack 2 pick 7:
    Crumbling Vestige
    Containment Membrane
    Hedron Crawler
    Slaughter Drone
    Lead by Example
    Eldrazi Aggressor
    Negate
--> Kazuul's Toll Collector
    Swamp

--: Eldrazi Aggressor

--: Kozilek's Pathfinder

--: Eldrazi Aggressor

--: Witness the End

--: Kozilek's Pathfinder

--: Kozilek's Pathfinder

Pack 2 pick 8:
    Blinding Drone
--> Kozilek's Pathfinder
    Witness the End
    Comparative Analysis
    Eldrazi Aggressor
    Submerged Boneyard
    Void Shatter
    Island

--: Containment Membrane

--: Containment Membrane

Pack 2 pick 9:
    Crumbling Vestige
--> Containment Membrane
    Lead by Example
    Cultivator Drone
    Expedite
    Stoneforge Acolyte
    Mountain

--: Slip Through Space

--: Slip Through Space

Pack 2 pick 10:
    Untamed Hunger
    Eldrazi Aggressor
    Dazzling Reflection
--> Slip Through Space
    Timber Gorge
    Island

--: Tears of Valakut

Pack 2 pick 11:
    Kozilek's Pathfinder
--> Tears of Valakut
    Natural State
    Ancient Crab
    Plains

--: Unity of Purpose

--: Unity of Purpose

Pack 2 pick 12:
    Bone Saw
    Weapons Trainer
--> Unity of Purpose
    Forest

--: Eldrazi Aggressor

--: Eldrazi Aggressor

--: Eldrazi Aggressor

--: Eldrazi Aggressor

Pack 2 pick 13:
    Bone Saw
--> Eldrazi Aggressor
    Forest

--: Brute Strength

Pack 2 pick 14:
--> Brute Strength
    Swamp

Pack 2 pick 15:
--> Swamp

--: Valakut Invoker

--: Herald of Kozilek

--: Valakut Invoker

--: Valakut Invoker

------ BFZ ------ 

Pack 3 pick 1:
    Territorial Baloth
    Roilmage's Trick
    Dutiful Return
    Swell of Growth
    Volcanic Upheaval
    Angelic Gift
    Lifespring Druid
--> Valakut Invoker
    Ondu Greathorn
    Dominator Drone
    Tajuru Warcaller
    Herald of Kozilek
    Ruination Guide
    Woodland Wanderer
    Mountain

--: Vestige of Emrakul

--: Vestige of Emrakul

Pack 3 pick 2:
    Mist Intruder
    Mire's Malice
    Giant Mantis
    Brilliant Spectrum
    Goblin War Paint
    Tandem Tactics
    Ghostly Sentinel
    Benthic Infiltrator
--> Vestige of Emrakul
    Gideon's Reproach
    Ondu Rising
    Retreat to Emeria
    Halimar Tidecaller
    Swamp

--: Ondu Champion

--: Valakut Invoker

--: Ondu Champion

--: Ondu Champion

Pack 3 pick 3:
    Blisterpod
    Oracle of Dust
    Voracious Null
    Reclaiming Vines
    Lavastep Raider
    Cliffside Lookout
    Valakut Invoker
    Ondu Greathorn
--> Ondu Champion
    Ulamog's Reclaimer
    Tajuru Warcaller
    Undergrowth Champion
    Swamp

--: Kiora, Master of the Depths

Pack 3 pick 4:
    Giant Mantis
    Volcanic Upheaval
    Altar's Reap
    Call the Scions
    Goblin War Paint
    Tandem Tactics
    Courier Griffin
    Blighted Fen
    Ulamog's Despoiler
    Unified Front
--> Kiora, Master of the Depths
    Forest

--: Windrider Patrol

--: Windrider Patrol

Pack 3 pick 5:
    Reclaiming Vines
    Salvage Drone
    Call the Scions
    Shatterskull Recruit
    Sure Strike
    Inspired Charge
    Ghostly Sentinel
    Chasm Guide
--> Windrider Patrol
    Radiant Flames
    Swamp

--: Blighted Gorge

--: Blighted Gorge

Pack 3 pick 6:
    Brilliant Spectrum
    Nirkana Assassin
    Seek the Wilds
    Oracle of Dust
    Boiling Earth
    Smite the Monstrous
    Kozilek's Channeler
--> Blighted Gorge
    Ondu Rising
    Swamp

--: Vestige of Emrakul

--: Vestige of Emrakul

Pack 3 pick 7:
    Murk Strider
    Plummet
    Salvage Drone
    Belligerent Whiptail
    Ondu Champion
    Benthic Infiltrator
--> Vestige of Emrakul
    Blighted Cataract
    Mountain

--: Clutch of Currents

--: Clutch of Currents

Pack 3 pick 8:
    Mind Raker
--> Clutch of Currents
    Kalastria Nightwatch
    Ondu Champion
    Vestige of Emrakul
    Ghostly Sentinel
    Processor Assault
    Island

--: Roilmage's Trick

Pack 3 pick 9:
    Territorial Baloth
--> Roilmage's Trick
    Dutiful Return
    Volcanic Upheaval
    Lifespring Druid
    Ondu Greathorn
    Mountain

--: Benthic Infiltrator

Pack 3 pick 10:
    Mist Intruder
    Brilliant Spectrum
    Goblin War Paint
    Ghostly Sentinel
--> Benthic Infiltrator
    Swamp

--: Lavastep Raider

--: Oracle of Dust

Pack 3 pick 11:
    Blisterpod
    Oracle of Dust
    Reclaiming Vines
--> Lavastep Raider
    Swamp

Pack 3 pick 12:
--> Giant Mantis
    Volcanic Upheaval
    Altar's Reap
    Forest

--: Shatterskull Recruit

Pack 3 pick 13:
    Reclaiming Vines
--> Shatterskull Recruit
    Swamp

--: Brilliant Spectrum

Pack 3 pick 14:
--> Brilliant Spectrum
    Swamp

Pack 3 pick 15:
--> Mountain

