Event #: 9361020
Time:    2/8/2016 4:27:44 AM
Players:
    knight_of_the_dirk1
    cdegan
    ufomusic720923
    lackystar
    Than
--> edaem91
    SpiritDK
    SThorA

--: Oblivion Strike

------ OGW ------ 

Pack 1 pick 1:
    Sweep Away
    Seer's Lantern
--> Oblivion Strike
    Spawnbinder Mage
    Netcaster Spider
    Kozilek's Shrieker
    Loam Larva
    Eldrazi Aggressor
    Dazzling Reflection
    Slip Through Space
    Kazuul's Toll Collector
    Joraga Auxiliary
    Void Shatter
    Zendikar Resurgent
    Swamp

--: Embodiment of Fury

Pack 1 pick 2:
    Goblin Freerunner
    Wastes
    Jwar Isle Avenger
    Warden of Geometries
    Isolation Zone
    Pulse of Murasa
    Zulaport Chainmage
    Dazzling Reflection
    Slip Through Space
    Brute Strength
--> Embodiment of Fury
    Unity of Purpose
    Immobilizer Eldrazi
    Island

--: Expedition Raptor

Pack 1 pick 3:
    Sweep Away
    Seer's Lantern
    Tajuru Pathwarden
--> Expedition Raptor
    Lead by Example
    Corpse Churn
    Natural State
    Makindi Aeronaut
    Abstruse Interference
    Akoum Flameseeker
    Visions of Brutality
    Gift of Tusks
    Plains

--: Kozilek's Shrieker

--: Kozilek's Shrieker

--: Kozilek's Shrieker

Pack 1 pick 4:
    Jwar Isle Avenger
    Hedron Crawler
    Isolation Zone
    Tar Snare
--> Kozilek's Shrieker
    Lead by Example
    Untamed Hunger
    Consuming Sinkhole
    Shoulder to Shoulder
    Ancient Crab
    Walker of the Wastes
    Forest

--: Slaughter Drone

--: Slaughter Drone

--: Slaughter Drone

Pack 1 pick 5:
    Tar Snare
    Kozilek's Translator
    Wastes
    Gravity Negator
    Netcaster Spider
--> Slaughter Drone
    Canopy Gorger
    Sparkmage's Gambit
    Umara Entangler
    Press into Service
    Mountain

--: Kozilek's Translator

Pack 1 pick 6:
    Scion Summoner
    Cinder Hellion
    Unknown Shores
    Witness the End
    Canopy Gorger
--> Kozilek's Translator
    Expedite
    Cinder Barrens
    Iona's Blessing
    Forest

--: Slaughter Drone

Pack 1 pick 7:
    Containment Membrane
    Stalking Drone
--> Slaughter Drone
    Canopy Gorger
    Sparkmage's Gambit
    Makindi Aeronaut
    Umara Entangler
    Make a Stand
    Mountain

--: Reaver Drone

Pack 1 pick 8:
    Containment Membrane
    Corpse Churn
    Natural State
    Abstruse Interference
    Akoum Flameseeker
--> Reaver Drone
    Timber Gorge
    Plains

--: Eldrazi Aggressor

Pack 1 pick 9:
    Loam Larva
--> Eldrazi Aggressor
    Dazzling Reflection
    Slip Through Space
    Kazuul's Toll Collector
    Void Shatter
    Swamp

--: Immobilizer Eldrazi

Pack 1 pick 10:
    Goblin Freerunner
    Slip Through Space
    Brute Strength
    Unity of Purpose
--> Immobilizer Eldrazi
    Island

--: Corpse Churn

Pack 1 pick 11:
--> Corpse Churn
    Natural State
    Abstruse Interference
    Gift of Tusks
    Plains

--: Consuming Sinkhole

Pack 1 pick 12:
    Untamed Hunger
--> Consuming Sinkhole
    Ancient Crab
    Forest

--: Sparkmage's Gambit

Pack 1 pick 13:
    Canopy Gorger
--> Sparkmage's Gambit
    Mountain

--: Iona's Blessing

Pack 1 pick 14:
--> Iona's Blessing
    Forest

--: Sparkmage's Gambit

Pack 1 pick 15:
--> Sparkmage's Gambit

--: Goblin Freerunner

------ OGW ------ 

Pack 2 pick 1:
--> Goblin Freerunner
    Wastes
    Containment Membrane
    Seer's Lantern
    Vines of the Recluse
    Unnatural Endurance
    Pulse of Murasa
    Shoulder to Shoulder
    Ancient Crab
    Maw of Kozilek
    Harvester Troll
    Cliffhaven Vampire
    Iona's Blessing
    Mina and Denn, Wildborn
    Swamp

--: Kozilek's Shrieker

Pack 2 pick 2:
    Nissa's Judgment
    Spawnbinder Mage
    Zada's Commando
    Wastes
    Saddleback Lagac
--> Kozilek's Shrieker
    Netcaster Spider
    Slip Through Space
    Brute Strength
    Kor Scythemaster
    Make a Stand
    Ruin in Their Wake
    Relentless Hunter
    Mountain

--: Unknown Shores

Pack 2 pick 3:
    Spawnbinder Mage
    Vampire Envoy
--> Unknown Shores
    Untamed Hunger
    Pulse of Murasa
    Negate
    Maw of Kozilek
    Shoulder to Shoulder
    Null Caller
    Timber Gorge
    Weapons Trainer
    Stoneforge Masterwork
    Forest

--: Unnatural Endurance

Pack 2 pick 4:
    Sweep Away
    Bone Saw
    Isolation Zone
--> Unnatural Endurance
    Vines of the Recluse
    Zulaport Chainmage
    Umara Entangler
    Akoum Flameseeker
    Cyclone Sire
    Thought Harvester
    Stoneforge Acolyte
    Plains

--: Seer's Lantern

Pack 2 pick 5:
    Sweep Away
--> Seer's Lantern
    Kor Sky Climber
    Elemental Uprising
    Zulaport Chainmage
    Natural State
    Expedite
    Ondu War Cleric
    Ancient Crab
    Wall of Resurgence
    Island

--: Crumbling Vestige

--: Crumbling Vestige

Pack 2 pick 6:
--> Crumbling Vestige
    Hedron Crawler
    Unnatural Endurance
    Pulse of Murasa
    Untamed Hunger
    Shoulder to Shoulder
    Slip Through Space
    Deceiver of Form
    Void Grafter
    Swamp

--: Maw of Kozilek

Pack 2 pick 7:
    Sweep Away
    Seer's Lantern
    Pulse of Murasa
    Ancient Crab
--> Maw of Kozilek
    Mighty Leap
    Stormchaser Mage
    Hedron Alignment
    Island

--: Kozilek's Translator

Pack 2 pick 8:
    Corpse Churn
    Natural State
--> Kozilek's Translator
    Cultivator Drone
    Brute Strength
    Affa Protector
    Strider Harness
    Island

--: Unnatural Endurance

Pack 2 pick 9:
    Vines of the Recluse
--> Unnatural Endurance
    Pulse of Murasa
    Ancient Crab
    Maw of Kozilek
    Iona's Blessing
    Swamp

--: Brute Strength

Pack 2 pick 10:
    Spawnbinder Mage
--> Brute Strength
    Kor Scythemaster
    Make a Stand
    Ruin in Their Wake
    Mountain

--: Maw of Kozilek

Pack 2 pick 11:
    Untamed Hunger
    Pulse of Murasa
    Negate
--> Maw of Kozilek
    Forest

--: Akoum Flameseeker

Pack 2 pick 12:
    Sweep Away
    Zulaport Chainmage
--> Akoum Flameseeker
    Plains

--: Sweep Away

Pack 2 pick 13:
--> Sweep Away
    Ancient Crab
    Island

--: Untamed Hunger

Pack 2 pick 14:
--> Untamed Hunger
    Swamp

--: Island

Pack 2 pick 15:
--> Island

--: Vile Aggregate

--: Vile Aggregate

--: Vile Aggregate

------ BFZ ------ 

Pack 3 pick 1:
    Tajuru Stalwart
    Clutch of Currents
    Culling Drone
    Giant Mantis
    Lithomancer's Focus
    Sure Strike
    Kitesail Scout
    Reckless Cohort
    Sheer Drop
    Hedron Blade
--> Vile Aggregate
    Skitterskin
    Dampening Pulse
    Noyan Dar, Roil Shaper
    Forest

--: Kozilek's Sentinel

Pack 3 pick 2:
    Territorial Baloth
    Roilmage's Trick
    Dutiful Return
    Swell of Growth
    Stone Haven Medic
--> Kozilek's Sentinel
    Valakut Invoker
    Courier Griffin
    Benthic Infiltrator
    Touch of the Void
    Expedition Envoy
    Void Attendant
    Brood Butcher
    Forest

--: Akoum Stonewaker

--: Akoum Stonewaker

--: Akoum Stonewaker

Pack 3 pick 3:
    Incubator Drone
    Culling Drone
    Scour from Existence
    Tajuru Beastmaster
    Eldrazi Devastator
    Silent Skimmer
    Inspired Charge
    Reckless Cohort
    Drana's Emissary
--> Akoum Stonewaker
    Retreat to Hagra
    Exert Influence
    Plains

--: Vestige of Emrakul

Pack 3 pick 4:
    Culling Drone
    Giant Mantis
    Sure Strike
    Inspired Charge
    Smite the Monstrous
    Kozilek's Channeler
--> Vestige of Emrakul
    Courier Griffin
    Catacomb Sifter
    Carrier Thrall
    Windrider Patrol
    Forest

--: Nettle Drone

Pack 3 pick 5:
    Blisterpod
    Voracious Null
    Reclaiming Vines
    Angelic Gift
--> Nettle Drone
    Ondu Greathorn
    Dominator Drone
    Ondu Champion
    Ghostly Sentinel
    Molten Nursery
    Plains

--: Kozilek's Sentinel

Pack 3 pick 6:
    Nirkana Assassin
    Oran-Rief Invoker
    Dispel
    Spell Shrivel
    Ruin Processor
    Skyline Cascade
    Eyeless Watcher
    Felidar Cub
--> Kozilek's Sentinel
    Swamp

--: Swarm Surge

Pack 3 pick 7:
    Reclaiming Vines
--> Swarm Surge
    Angelic Gift
    Belligerent Whiptail
    Ondu Greathorn
    Retreat to Coralhelm
    Hagra Sharpshooter
    Sanctum of Ugin
    Mountain

--: Blighted Gorge

Pack 3 pick 8:
    Brilliant Spectrum
    Scour from Existence
    Grave Birthing
    Broodhunter Wurm
    Reckless Cohort
    Pathway Arrows
--> Blighted Gorge
    Plains

--: Sure Strike

Pack 3 pick 9:
    Lithomancer's Focus
--> Sure Strike
    Kitesail Scout
    Reckless Cohort
    Hedron Blade
    Dampening Pulse
    Forest

--: Valakut Invoker

Pack 3 pick 10:
    Dutiful Return
    Swell of Growth
--> Valakut Invoker
    Expedition Envoy
    Void Attendant
    Forest

--: Eldrazi Devastator

Pack 3 pick 11:
    Incubator Drone
    Scour from Existence
--> Eldrazi Devastator
    Inspired Charge
    Plains

--: Sure Strike

Pack 3 pick 12:
--> Sure Strike
    Inspired Charge
    Kozilek's Channeler
    Forest

--: Ondu Greathorn

Pack 3 pick 13:
    Angelic Gift
--> Ondu Greathorn
    Plains

--: Swamp

Pack 3 pick 14:
    Dispel
--> Swamp

--: Mountain

Pack 3 pick 15:
--> Mountain

