Event #: 9365123
Time:    2/8/2016 10:41:17 PM
Players:
    Kristina
    xexo28
--> HuaxingMachine
    Turnip_head
    davidkantro0666
    hunnhu
    coffmaer
    stonema

--: Reality Smasher

--: Reality Smasher

------ OGW ------ 

Pack 1 pick 1:
    Holdout Settlement
    Blinding Drone
    Kozilek's Pathfinder
    Isolation Zone
    Slaughter Drone
    Canopy Gorger
    Kozilek's Shrieker
    Negate
    Maw of Kozilek
    Shoulder to Shoulder
    Prophet of Distortion
    Chitinous Cloak
    Ruin in Their Wake
--> Reality Smasher
    Forest

--: Wall of Resurgence

--: Roiling Waters

--: Roiling Waters

Pack 1 pick 2:
    Seer's Lantern
    Spawnbinder Mage
    Zada's Commando
    Netcaster Spider
    Witness the End
    Canopy Gorger
    Negate
    Sparkmage's Gambit
    Makindi Aeronaut
--> Roiling Waters
    Wall of Resurgence
    Joraga Auxiliary
    Call the Gatewatch
    Forest

--: Boulder Salvo

--: Blinding Drone

--: Blinding Drone

Pack 1 pick 3:
    Kor Sky Climber
    Boulder Salvo
    Holdout Settlement
--> Blinding Drone
    Lead by Example
    Untamed Hunger
    Maw of Kozilek
    Dazzling Reflection
    Umara Entangler
    Grip of the Roil
    Joraga Auxiliary
    Unity of Purpose
    Forest

--: Embodiment of Fury

--: Boulder Salvo

--: Embodiment of Fury

--: Boulder Salvo

--: Embodiment of Fury

--: Boulder Salvo

--: Embodiment of Fury

--: Embodiment of Fury

Pack 1 pick 4:
    Vampire Envoy
    Scion Summoner
    Boulder Salvo
    Corpse Churn
    Canopy Gorger
    Sky Scourer
    Consuming Sinkhole
    Ondu War Cleric
    Cultivator Drone
--> Embodiment of Fury
    Void Grafter
    Plains

--: Maw of Kozilek

--: Containment Membrane

--: Containment Membrane

--: Hedron Crawler

--: Maw of Kozilek

--: Hedron Crawler

--: Maw of Kozilek

--: Hedron Crawler

--: Maw of Kozilek

--: Hedron Crawler

--: Hedron Crawler

Pack 1 pick 5:
    Containment Membrane
--> Hedron Crawler
    Tar Snare
    Containment Membrane
    Cinder Hellion
    Loam Larva
    Shoulder to Shoulder
    Slip Through Space
    Maw of Kozilek
    Gift of Tusks
    Swamp

--: Maw of Kozilek

--: Umara Entangler

--: Maw of Kozilek

--: Maw of Kozilek

Pack 1 pick 6:
    Cinder Hellion
    Unknown Shores
    Gravity Negator
    Lead by Example
    Untamed Hunger
--> Maw of Kozilek
    Shoulder to Shoulder
    Umara Entangler
    Warping Wail
    Island

--: Reality Hemorrhage

--: Reality Hemorrhage

Pack 1 pick 7:
    Kor Sky Climber
--> Reality Hemorrhage
    Sky Scourer
    Ruin in Their Wake
    Searing Light
    Comparative Analysis
    Eldrazi Aggressor
    Relentless Hunter
    Forest

--: Goblin Freerunner

--: Goblin Freerunner

Pack 1 pick 8:
--> Goblin Freerunner
    Pulse of Murasa
    Elemental Uprising
    Affa Protector
    Ancient Crab
    Expedite
    Tears of Valakut
    Mountain

--: Maw of Kozilek

--: Maw of Kozilek

Pack 1 pick 9:
    Kozilek's Pathfinder
    Canopy Gorger
    Negate
--> Maw of Kozilek
    Chitinous Cloak
    Ruin in Their Wake
    Forest

--: Sparkmage's Gambit

--: Spawnbinder Mage

--: Sparkmage's Gambit

--: Spawnbinder Mage

--: Sparkmage's Gambit

--: Sparkmage's Gambit

--: Sparkmage's Gambit

--: Sparkmage's Gambit

Pack 1 pick 10:
    Spawnbinder Mage
    Canopy Gorger
    Negate
--> Sparkmage's Gambit
    Call the Gatewatch
    Forest

--: Umara Entangler

--: Umara Entangler

Pack 1 pick 11:
    Lead by Example
    Untamed Hunger
    Dazzling Reflection
--> Umara Entangler
    Forest

Pack 1 pick 12:
    Corpse Churn
    Canopy Gorger
--> Consuming Sinkhole
    Plains

--: Slip Through Space

--: Slip Through Space

Pack 1 pick 13:
--> Slip Through Space
    Gift of Tusks
    Swamp

Pack 1 pick 14:
--> Untamed Hunger
    Island

Pack 1 pick 15:
--> Forest

--: Devour in Flames

--: Devour in Flames

------ OGW ------ 

Pack 2 pick 1:
    Containment Membrane
    Hedron Crawler
    Malakir Soothsayer
    Stalking Drone
    Corpse Churn
    Natural State
    Kozilek's Translator
    Affa Protector
    Makindi Aeronaut
    Abstruse Interference
    Relief Captain
    Null Caller
--> Devour in Flames
    Dread Defiler
    Swamp

--: Goblin Freerunner

--: Goblin Freerunner

Pack 2 pick 2:
    Bone Saw
    Vampire Envoy
    Tajuru Pathwarden
--> Goblin Freerunner
    Sky Scourer
    Loam Larva
    Kor Scythemaster
    Comparative Analysis
    Tears of Valakut
    Dazzling Reflection
    Reaver Drone
    Iona's Blessing
    Stoneforge Masterwork
    Swamp

--: Jori En, Ruin Diver

--: Jori En, Ruin Diver

Pack 2 pick 3:
    Holdout Settlement
    Gravity Negator
    Bone Saw
    Expedition Raptor
    Tar Snare
    Natural State
    Slaughter Drone
    Ancient Crab
    Mighty Leap
    Null Caller
    Bonds of Mortality
--> Jori En, Ruin Diver
    Swamp

--: Seer's Lantern

--: Seer's Lantern

Pack 2 pick 4:
--> Seer's Lantern
    Spawnbinder Mage
    Witness the End
    Canopy Gorger
    Kozilek's Translator
    Brute Strength
    Affa Protector
    Ancient Crab
    Roiling Waters
    Void Shatter
    Baloth Null
    Forest

--: Boulder Salvo

--: Boulder Salvo

Pack 2 pick 5:
    Hedron Crawler
    Vampire Envoy
--> Boulder Salvo
    Unnatural Endurance
    Pulse of Murasa
    Untamed Hunger
    Umara Entangler
    Consuming Sinkhole
    Essence Depleter
    Press into Service
    Island

--: Goblin Freerunner

--: Goblin Freerunner

Pack 2 pick 6:
    Bone Saw
--> Goblin Freerunner
    Vines of the Recluse
    Unnatural Endurance
    Pulse of Murasa
    Consuming Sinkhole
    Negate
    Walker of the Wastes
    Overwhelming Denial
    Island

--: Cinder Hellion

--: Seer's Lantern

--: Cinder Hellion

--: Cinder Hellion

Pack 2 pick 7:
--> Cinder Hellion
    Sweep Away
    Seer's Lantern
    Natural State
    Witness the End
    Netcaster Spider
    Negate
    Steppe Glider
    Swamp

--: Holdout Settlement

--: Holdout Settlement

Pack 2 pick 8:
    Cinder Hellion
--> Holdout Settlement
    Untamed Hunger
    Umara Entangler
    Akoum Flameseeker
    Pyromancer's Assault
    Flaying Tendrils
    Plains

Pack 2 pick 9:
    Corpse Churn
    Natural State
    Kozilek's Translator
    Affa Protector
--> Abstruse Interference
    Null Caller
    Swamp

--: Tears of Valakut

Pack 2 pick 10:
    Bone Saw
    Sky Scourer
    Loam Larva
    Comparative Analysis
--> Tears of Valakut
    Swamp

--: Bone Saw

--: Gravity Negator

--: Gravity Negator

Pack 2 pick 11:
--> Gravity Negator
    Bone Saw
    Ancient Crab
    Bonds of Mortality
    Swamp

--: Ancient Crab

Pack 2 pick 12:
    Witness the End
    Canopy Gorger
--> Ancient Crab
    Forest

Pack 2 pick 13:
    Pulse of Murasa
    Untamed Hunger
--> Consuming Sinkhole

Pack 2 pick 14:
    Consuming Sinkhole
--> Negate

Pack 2 pick 15:
--> Negate

--: Clutch of Currents

--: Clutch of Currents

------ BFZ ------ 

Pack 3 pick 1:
    Tajuru Stalwart
--> Clutch of Currents
    Culling Drone
    Tightening Coils
    Eldrazi Devastator
    Demon's Grasp
    Looming Spires
    Fertile Thicket
    Kozilek's Sentinel
    Cliffside Lookout
    Processor Assault
    Grip of Desolation
    Halimar Tidecaller
    Cinder Glade
    Mountain

--: Benthic Infiltrator

--: Touch of the Void

--: Touch of the Void

Pack 3 pick 2:
    Brilliant Spectrum
    Nirkana Assassin
    Seek the Wilds
    Oracle of Dust
    Kozilek's Sentinel
    Makindi Patrol
    Benthic Infiltrator
    Vestige of Emrakul
    Gideon's Reproach
--> Touch of the Void
    Crumble to Dust
    Adverse Conditions
    Forerunner of Slaughter
    Swamp

--: Kozilek's Sentinel

--: Kozilek's Sentinel

Pack 3 pick 3:
    Call the Scions
    Roilmage's Trick
    Swarm Surge
    Grave Birthing
    Broodhunter Wurm
    Spell Shrivel
    Complete Disregard
    Ruin Processor
--> Kozilek's Sentinel
    Cliffside Lookout
    Brood Monitor
    Ulamog's Despoiler
    Forest

--: Ally Encampment

--: Ally Encampment

Pack 3 pick 4:
    Earthen Arms
    Skyline Cascade
    Eyeless Watcher
    Rush of Ice
    Silent Skimmer
    Mortuary Mire
    Natural Connection
    Boiling Earth
    Lithomancer's Focus
    Retreat to Coralhelm
--> Ally Encampment
    Plains

--: Outnumber

--: Outnumber

Pack 3 pick 5:
    Coralhelm Guide
    Hedron Blade
    Unnatural Aggression
    Sandstone Bridge
    Cloud Manta
    Scour from Existence
--> Outnumber
    Angelic Gift
    Sylvan Scrying
    Rot Shambler
    Island

Pack 3 pick 6:
    Blisterpod
    Voracious Null
    Fertile Thicket
    Geyserfield Stalker
    Snapping Gnarlid
    Boiling Earth
    Lithomancer's Focus
    Retreat to Hagra
--> Turn Against
    Mountain

--: Nettle Drone

--: Nettle Drone

Pack 3 pick 7:
    Culling Drone
    Seek the Wilds
    Coralhelm Guide
    Nirkana Assassin
--> Nettle Drone
    Kitesail Scout
    Hedron Blade
    Valakut Invoker
    Forest

--: Stonefury

--: Stonefury

Pack 3 pick 8:
    Halimar Tidecaller
    Voracious Null
    Reclaiming Vines
    Sure Strike
    Felidar Cub
--> Stonefury
    Tunneling Geopede
    Forest

--: Halimar Tidecaller

--: Halimar Tidecaller

Pack 3 pick 9:
    Tajuru Stalwart
    Looming Spires
    Fertile Thicket
    Processor Assault
--> Halimar Tidecaller
    Cinder Glade
    Mountain

--: Vestige of Emrakul

--: Kozilek's Sentinel

--: Kozilek's Sentinel

Pack 3 pick 10:
    Brilliant Spectrum
    Seek the Wilds
--> Kozilek's Sentinel
    Vestige of Emrakul
    Crumble to Dust
    Swamp

Pack 3 pick 11:
    Call the Scions
--> Roilmage's Trick
    Grave Birthing
    Broodhunter Wurm
    Forest

Pack 3 pick 12:
    Mortuary Mire
    Natural Connection
--> Retreat to Coralhelm
    Plains

Pack 3 pick 13:
--> Hedron Blade
    Sylvan Scrying
    Island

Pack 3 pick 14:
--> Fertile Thicket
    Mountain

Pack 3 pick 15:
--> Forest

