Event #: 9365138
Time:    2/9/2016 1:46:49 AM
Players:
    Joaozinhhu
--> edaem91
    Mangel
    HINOTAMAsoul
    truespoon
    themuse1975
    Gilgamesh23
    xeiro

--: Oblivion Strike

------ OGW ------ 

Pack 1 pick 1:
    Kor Sky Climber
--> Oblivion Strike
    Boulder Salvo
    Holdout Settlement
    Blinding Drone
    Witness the End
    Canopy Gorger
    Elemental Uprising
    Akoum Flameseeker
    Ondu War Cleric
    Cyclone Sire
    Steppe Glider
    Stormchaser Mage
    Zendikar Resurgent
    Mountain

--: Embodiment of Fury

Pack 1 pick 2:
    Crumbling Vestige
    Containment Membrane
    Hedron Crawler
    Tar Snare
    Stalking Drone
    Netcaster Spider
    Kozilek's Shrieker
    Dazzling Reflection
    Slip Through Space
    Brute Strength
    Grip of the Roil
--> Embodiment of Fury
    Unity of Purpose
    Swamp

--: Kozilek's Shrieker

Pack 1 pick 3:
    Tajuru Pathwarden
    Isolation Zone
    Goblin Freerunner
    Wastes
    Witness the End
    Netcaster Spider
--> Kozilek's Shrieker
    Slip Through Space
    Brute Strength
    Kor Scythemaster
    Immolating Glare
    Gift of Tusks
    Island

--: Reality Hemorrhage

--: Reality Hemorrhage

Pack 1 pick 4:
    Vampire Envoy
--> Reality Hemorrhage
    Sweep Away
    Bone Saw
    Zulaport Chainmage
    Natural State
    Abstruse Interference
    Akoum Flameseeker
    Dazzling Reflection
    Harvester Troll
    Press into Service
    Plains

--: Goblin Freerunner

Pack 1 pick 5:
    Vampire Envoy
    Tajuru Pathwarden
--> Goblin Freerunner
    Holdout Settlement
    Brute Strength
    Affa Protector
    Ancient Crab
    Expedite
    Warping Wail
    Stoneforge Masterwork
    Island

--: Wall of Resurgence

Pack 1 pick 6:
    Stalking Drone
    Expedition Raptor
    Untamed Hunger
    Negate
    Sparkmage's Gambit
    Makindi Aeronaut
    Submerged Boneyard
--> Wall of Resurgence
    Void Shatter
    Swamp

--: Kor Scythemaster

--: Kor Scythemaster

Pack 1 pick 7:
    Unnatural Endurance
    Stalking Drone
    Unnatural Endurance
    Pulse of Murasa
    Comparative Analysis
    Eldrazi Aggressor
--> Kor Scythemaster
    Malakir Soothsayer
    Island

--: Zada's Commando

Pack 1 pick 8:
--> Zada's Commando
    Jwar Isle Avenger
    Elemental Uprising
    Zulaport Chainmage
    Mighty Leap
    Consuming Sinkhole
    Gift of Tusks
    Island

--: Kor Sky Climber

Pack 1 pick 9:
--> Kor Sky Climber
    Boulder Salvo
    Witness the End
    Canopy Gorger
    Elemental Uprising
    Stormchaser Mage
    Mountain

--: Brute Strength

Pack 1 pick 10:
    Stalking Drone
    Dazzling Reflection
    Slip Through Space
--> Brute Strength
    Grip of the Roil
    Swamp

--: Kor Scythemaster

Pack 1 pick 11:
    Netcaster Spider
    Slip Through Space
    Brute Strength
--> Kor Scythemaster
    Island

--: Akoum Flameseeker

Pack 1 pick 12:
    Natural State
--> Akoum Flameseeker
    Dazzling Reflection
    Plains

--: Expedite

Pack 1 pick 13:
    Affa Protector
--> Expedite
    Island

--: Untamed Hunger

Pack 1 pick 14:
--> Untamed Hunger
    Swamp

--: Island

Pack 1 pick 15:
--> Island

--: Zada's Commando

------ OGW ------ 

Pack 2 pick 1:
    Kozilek's Pathfinder
    Devour in Flames
    Expedition Raptor
--> Zada's Commando
    Crumbling Vestige
    Natural State
    Slaughter Drone
    Ancient Crab
    Expedite
    Searing Light
    Cliffhaven Vampire
    Nissa's Judgment
    Flayer Drone
    General Tazri
    Plains

--: Expedition Raptor

Pack 2 pick 2:
    Sweep Away
    Seer's Lantern
    Tajuru Pathwarden
--> Expedition Raptor
    Saddleback Lagac
    Corpse Churn
    Natural State
    Akoum Flameseeker
    Searing Light
    Negate
    Baloth Null
    Immobilizer Eldrazi
    Vile Redeemer
    Plains

--: Zada's Commando

Pack 2 pick 3:
    Scion Summoner
    Kor Sky Climber
--> Zada's Commando
    Crumbling Vestige
    Containment Membrane
    Kozilek's Shrieker
    Lead by Example
    Expedite
    Ondu War Cleric
    Ancient Crab
    Steppe Glider
    Stone Haven Outfitter
    Forest

--: Spawnbinder Mage

--: Spawnbinder Mage

--: Spawnbinder Mage

--: Spawnbinder Mage

Pack 2 pick 4:
--> Spawnbinder Mage
    Zada's Commando
    Wastes
    Untamed Hunger
    Pulse of Murasa
    Unnatural Endurance
    Affa Protector
    Mighty Leap
    Consuming Sinkhole
    Spatial Contortion
    Bonds of Mortality
    Forest

--: Expedition Raptor

Pack 2 pick 5:
    Bone Saw
--> Expedition Raptor
    Tar Snare
    Kozilek's Translator
    Elemental Uprising
    Sparkmage's Gambit
    Shoulder to Shoulder
    Slip Through Space
    Reaver Drone
    Iona's Blessing
    Island

--: Kor Sky Climber

Pack 2 pick 6:
--> Kor Sky Climber
    Cinder Hellion
    Pulse of Murasa
    Unnatural Endurance
    Spawnbinder Mage
    Consuming Sinkhole
    Ondu War Cleric
    Relentless Hunter
    Baloth Pup
    Mountain

--: Makindi Aeronaut

--: Makindi Aeronaut

Pack 2 pick 7:
    Kozilek's Pathfinder
    Scion Summoner
    Saddleback Lagac
    Corpse Churn
    Canopy Gorger
--> Makindi Aeronaut
    Consuming Sinkhole
    Tears of Valakut
    Forest

--: Spawnbinder Mage

--: Spawnbinder Mage

Pack 2 pick 8:
--> Spawnbinder Mage
    Cinder Hellion
    Unnatural Endurance
    Pulse of Murasa
    Comparative Analysis
    Eldrazi Aggressor
    Flayer Drone
    Swamp

--: Searing Light

Pack 2 pick 9:
    Expedition Raptor
    Natural State
    Ancient Crab
    Expedite
--> Searing Light
    Nissa's Judgment
    Plains

--: Akoum Flameseeker

Pack 2 pick 10:
    Tajuru Pathwarden
    Saddleback Lagac
    Natural State
--> Akoum Flameseeker
    Baloth Null
    Plains

--: Kor Sky Climber

Pack 2 pick 11:
    Scion Summoner
--> Kor Sky Climber
    Lead by Example
    Ancient Crab
    Forest

--: Mighty Leap

Pack 2 pick 12:
--> Mighty Leap
    Consuming Sinkhole
    Bonds of Mortality
    Forest

--: Iona's Blessing

Pack 2 pick 13:
    Elemental Uprising
--> Iona's Blessing
    Island

--: Pulse of Murasa

Pack 2 pick 14:
--> Pulse of Murasa
    Mountain

--: Forest

Pack 2 pick 15:
--> Forest

--: Gideon, Ally of Zendikar

--: Gideon, Ally of Zendikar

------ BFZ ------ 

Pack 3 pick 1:
    Swell of Growth
    Dispel
    Kalastria Nightwatch
    Earthen Arms
    Belligerent Whiptail
    Kor Castigator
    Reckless Cohort
    Stone Haven Medic
    Sheer Drop
    Valakut Invoker
    Kor Entanglers
    Roil Spout
    Retreat to Hagra
--> Gideon, Ally of Zendikar
    Mountain

--: Angelic Captain

--: Angelic Captain

Pack 3 pick 2:
    Blisterpod
    Anticipate
    Sludge Crawler
    Ruin Processor
    Bone Splinters
    Broodhunter Wurm
    Mortuary Mire
    Felidar Cub
    Boiling Earth
    Deathless Behemoth
    Drana's Emissary
    Firemantle Mage
--> Angelic Captain
    Forest

--: Makindi Patrol

--: Makindi Patrol

Pack 3 pick 3:
    Plummet
    Salvage Drone
    Kalastria Healer
    Blisterpod
--> Makindi Patrol
    Lavastep Raider
    Dominator Drone
    Valakut Predator
    Sheer Drop
    Hedron Blade
    Retreat to Coralhelm
    Rot Shambler
    Swamp

--: Kor Castigator

Pack 3 pick 4:
    Territorial Baloth
    Roilmage's Trick
    Dutiful Return
    Swell of Growth
    Goblin War Paint
--> Kor Castigator
    Valakut Invoker
    Shadow Glider
    Stonefury
    Encircling Fissure
    Halimar Tidecaller
    Swamp

--: Retreat to Emeria

Pack 3 pick 5:
    Blisterpod
    Skyline Cascade
    Eyeless Watcher
    Mortuary Mire
    Mortuary Mire
    Volcanic Upheaval
    Stone Haven Medic
    Skyrider Elf
--> Retreat to Emeria
    Halimar Tidecaller
    Swamp

--: Belligerent Whiptail

Pack 3 pick 6:
    Plummet
    Coralhelm Guide
    Mire's Malice
    Tajuru Stalwart
--> Belligerent Whiptail
    Stone Haven Medic
    Lifespring Druid
    Valakut Predator
    Sheer Drop
    Plains

--: Shadow Glider

--: Shadow Glider

--: Shadow Glider

Pack 3 pick 7:
    Swell of Growth
    Dutiful Return
    Shatterskull Recruit
    Lithomancer's Focus
--> Shadow Glider
    Stonefury
    Roil Spout
    Processor Assault
    Island

--: Inspired Charge

Pack 3 pick 8:
    Mire's Malice
    Giant Mantis
    Broodhunter Wurm
    Mortuary Mire
--> Inspired Charge
    Pathway Arrows
    Prism Array
    Forest

--: Reckless Cohort

Pack 3 pick 9:
    Swell of Growth
    Dispel
    Earthen Arms
    Belligerent Whiptail
--> Reckless Cohort
    Stone Haven Medic
    Mountain

--: Boiling Earth

Pack 3 pick 10:
    Blisterpod
    Anticipate
    Broodhunter Wurm
    Mortuary Mire
--> Boiling Earth
    Forest

--: Lavastep Raider

Pack 3 pick 11:
    Blisterpod
--> Lavastep Raider
    Retreat to Coralhelm
    Rot Shambler
    Swamp

--: Goblin War Paint

Pack 3 pick 12:
    Roilmage's Trick
    Swell of Growth
--> Goblin War Paint
    Swamp

--: Mortuary Mire

Pack 3 pick 13:
--> Mortuary Mire
    Volcanic Upheaval
    Swamp

--: Tajuru Stalwart

Pack 3 pick 14:
--> Tajuru Stalwart
    Plains

--: Island

Pack 3 pick 15:
--> Island

