Event #: 9365000
Time:    2/8/2016 9:59:43 PM
Players:
--> HuaxingMachine
    seneca3955
    billbob8356
    Banned_for_Life
    King_of_Mistake
    shufflerpwned
    HyPPeR
    steelies

--: Sifter of Skulls

--: Sifter of Skulls

------ OGW ------ 

Pack 1 pick 1:
    Gravity Negator
    Hedron Crawler
    Vampire Envoy
    Scion Summoner
    Pulse of Murasa
    Zulaport Chainmage
    Elemental Uprising
    Affa Protector
    Makindi Aeronaut
    Abstruse Interference
    Timber Gorge
    Prophet of Distortion
    Visions of Brutality
--> Sifter of Skulls
    Plains

--: Oblivion Strike

--: Oblivion Strike

Pack 1 pick 2:
    Spawnbinder Mage
--> Oblivion Strike
    Goblin Freerunner
    Wastes
    Corpse Churn
    Natural State
    Maw of Kozilek
    Shoulder to Shoulder
    Umara Entangler
    Akoum Flameseeker
    Allied Reinforcements
    Nissa's Judgment
    Oath of Jace
    Forest

--: Flayer Drone

--: Flayer Drone

Pack 1 pick 3:
    Expedition Raptor
    Zada's Commando
    Crumbling Vestige
    Containment Membrane
    Hedron Crawler
    Elemental Uprising
    Zulaport Chainmage
    Makindi Aeronaut
    Umara Entangler
    Consuming Sinkhole
    Make a Stand
--> Flayer Drone
    Mountain

--: Havoc Sower

--: Havoc Sower

Pack 1 pick 4:
    Bone Saw
    Expedition Raptor
    Unknown Shores
    Vines of the Recluse
    Unnatural Endurance
    Expedite
    Ancient Crab
    Reaver Drone
    Iona's Blessing
--> Havoc Sower
    Stone Haven Outfitter
    Forest

--: Cultivator Drone

--: Sweep Away

--: Cultivator Drone

--: Cultivator Drone

Pack 1 pick 5:
    Island
    Sweep Away
    Bone Saw
    Corpse Churn
    Natural State
--> Cultivator Drone
    Expedite
    Makindi Aeronaut
    Gift of Tusks
    Zendikar Resurgent
    Forest

--: Press into Service

--: Press into Service

Pack 1 pick 6:
    Sweep Away
    Seer's Lantern
    Spawnbinder Mage
    Vines of the Recluse
    Zulaport Chainmage
    Mighty Leap
    Consuming Sinkhole
    Walker of the Wastes
--> Press into Service
    Mountain

--: Maw of Kozilek

--: Maw of Kozilek

Pack 1 pick 7:
    Unknown Shores
    Warden of Geometries
    Canopy Gorger
    Lead by Example
    Negate
--> Maw of Kozilek
    Pyromancer's Assault
    Oath of Nissa
    Swamp

--: Umara Entangler

Pack 1 pick 8:
    Sweep Away
    Bone Saw
    Untamed Hunger
--> Umara Entangler
    Mighty Leap
    Iona's Blessing
    Hedron Alignment
    Mountain

--: Visions of Brutality

--: Visions of Brutality

Pack 1 pick 9:
    Scion Summoner
    Pulse of Murasa
    Elemental Uprising
    Affa Protector
    Abstruse Interference
--> Visions of Brutality
    Plains

--: Akoum Flameseeker

--: Akoum Flameseeker

Pack 1 pick 10:
    Corpse Churn
    Natural State
    Umara Entangler
--> Akoum Flameseeker
    Oath of Jace
    Forest

--: Umara Entangler

Pack 1 pick 11:
    Elemental Uprising
--> Umara Entangler
    Consuming Sinkhole
    Make a Stand
    Mountain

--: Ancient Crab

--: Bone Saw

Pack 1 pick 12:
--> Bone Saw
    Ancient Crab
    Iona's Blessing
    Forest

--: Gift of Tusks

Pack 1 pick 13:
    Natural State
--> Gift of Tusks
    Forest

Pack 1 pick 14:
--> Consuming Sinkhole
    Mountain

Pack 1 pick 15:
--> Swamp

--: Boulder Salvo

--: Boulder Salvo

------ OGW ------ 

Pack 2 pick 1:
--> Boulder Salvo
    Wastes
    Sweep Away
    Seer's Lantern
    Sky Scourer
    Saddleback Lagac
    Kozilek's Shrieker
    Abstruse Interference
    Sparkmage's Gambit
    Kor Scythemaster
    Reckless Bushwhacker
    Birthing Hulk
    Void Grafter
    Vile Redeemer
    Island

--: Press into Service

--: Press into Service

Pack 2 pick 2:
    Isolation Zone
    Goblin Freerunner
    Wastes
    Containment Membrane
    Seer's Lantern
    Zulaport Chainmage
    Elemental Uprising
    Ancient Crab
    Affa Protector
    Makindi Aeronaut
    Chitinous Cloak
    Gift of Tusks
--> Press into Service
    Plains

--: Zada's Commando

--: Zada's Commando

Pack 2 pick 3:
--> Zada's Commando
    Crumbling Vestige
    Containment Membrane
    Hedron Crawler
    Corpse Churn
    Canopy Gorger
    Eldrazi Aggressor
    Kor Scythemaster
    Negate
    Null Caller
    Bonds of Mortality
    Weapons Trainer
    Mountain

--: Sky Scourer

--: Sky Scourer

Pack 2 pick 4:
    Stalking Drone
    Goblin Freerunner
    Wastes
    Jwar Isle Avenger
--> Sky Scourer
    Hedron Crawler
    Zulaport Chainmage
    Sparkmage's Gambit
    Makindi Aeronaut
    Umara Entangler
    Timber Gorge
    Forest

--: Boulder Salvo

--: Boulder Salvo

Pack 2 pick 5:
--> Boulder Salvo
    Holdout Settlement
    Natural State
    Witness the End
    Netcaster Spider
    Consuming Sinkhole
    Shoulder to Shoulder
    Ancient Crab
    Strider Harness
    Stoneforge Acolyte
    Plains

--: Holdout Settlement

--: Holdout Settlement

Pack 2 pick 6:
    Kor Sky Climber
    Cinder Hellion
--> Holdout Settlement
    Netcaster Spider
    Witness the End
    Comparative Analysis
    Eldrazi Aggressor
    Dazzling Reflection
    Walker of the Wastes
    Swamp

--: Brute Strength

--: Brute Strength

Pack 2 pick 7:
    Gravity Negator
    Bone Saw
    Spawnbinder Mage
    Cinder Hellion
    Pulse of Murasa
--> Brute Strength
    Comparative Analysis
    Oath of Nissa
    Mountain

--: Cinder Hellion

--: Cinder Hellion

Pack 2 pick 8:
    Tar Snare
    Stalking Drone
--> Cinder Hellion
    Natural State
    Expedite
    Timber Gorge
    Ruin in Their Wake
    Forest

--: Reckless Bushwhacker

--: Reckless Bushwhacker

Pack 2 pick 9:
    Wastes
    Sweep Away
    Kozilek's Shrieker
    Abstruse Interference
    Sparkmage's Gambit
--> Reckless Bushwhacker
    Island

Pack 2 pick 10:
    Elemental Uprising
    Ancient Crab
    Makindi Aeronaut
--> Chitinous Cloak
    Gift of Tusks
    Plains

Pack 2 pick 11:
    Corpse Churn
    Negate
    Bonds of Mortality
--> Weapons Trainer
    Mountain

--: Sparkmage's Gambit

--: Sparkmage's Gambit

Pack 2 pick 12:
--> Sparkmage's Gambit
    Umara Entangler
    Timber Gorge
    Forest

Pack 2 pick 13:
--> Consuming Sinkhole
    Ancient Crab
    Plains

--: Cinder Hellion

--: Cinder Hellion

Pack 2 pick 14:
--> Cinder Hellion
    Swamp

Pack 2 pick 15:
--> Mountain

--: Grip of Desolation

--: Grip of Desolation

------ BFZ ------ 

Pack 3 pick 1:
    Reclaiming Vines
    Mist Intruder
    Mire's Malice
    Cloud Manta
    Sandstone Bridge
    Tajuru Beastmaster
    Demon's Grasp
    Skyline Cascade
    Shatterskull Recruit
    Felidar Cub
    Titan's Presence
    Turn Against
--> Grip of Desolation
    Shrine of the Forsaken Gods
    Island

--: Touch of the Void

--: Touch of the Void

Pack 3 pick 2:
    Anticipate
    Mind Raker
    Territorial Baloth
    Roilmage's Trick
    Reckless Cohort
    Valakut Invoker
    Kozilek's Channeler
--> Touch of the Void
    Ondu Greathorn
    Ondu Champion
    Blighted Gorge
    Breaker of Armies
    Scythe Leopard
    Mountain

--: Culling Drone

--: Culling Drone

Pack 3 pick 3:
--> Culling Drone
    Giant Mantis
    Anticipate
    Mind Raker
    Belligerent Whiptail
    Stone Haven Medic
    Sheer Drop
    Valakut Invoker
    Shadow Glider
    Retreat to Valakut
    Cryptic Cruiser
    Angelic Captain
    Plains

--: Culling Drone

--: Culling Drone

Pack 3 pick 4:
--> Culling Drone
    Seek the Wilds
    Coralhelm Guide
    Nirkana Assassin
    Stone Haven Medic
    Ondu Champion
    Ghostly Sentinel
    Benthic Infiltrator
    Vestige of Emrakul
    Windrider Patrol
    Herald of Kozilek
    Forest

--: Blighted Woodland

--: Blighted Woodland

Pack 3 pick 5:
    Blisterpod
    Oracle of Dust
    Voracious Null
    Volcanic Upheaval
    Tandem Tactics
    Ghostly Sentinel
    Benthic Infiltrator
    Cryptic Cruiser
--> Blighted Woodland
    Drowner of Hope
    Island

--: Blighted Gorge

--: Blighted Gorge

Pack 3 pick 6:
    Voracious Null
    Oran-Rief Invoker
    Brilliant Spectrum
    Lavastep Raider
    Fortified Rampart
    Benthic Infiltrator
    Stonefury
    Firemantle Mage
--> Blighted Gorge
    Island

--: Valakut Invoker

--: Valakut Invoker

Pack 3 pick 7:
    Salvage Drone
    Swarm Surge
    Murk Strider
    Boiling Earth
    Makindi Patrol
    Hedron Blade
--> Valakut Invoker
    Vampiric Rites
    Island

--: Valakut Predator

--: Valakut Predator

Pack 3 pick 8:
    Plummet
    Salvage Drone
    Goblin War Paint
--> Valakut Predator
    Shadow Glider
    Lifespring Druid
    Herald of Kozilek
    Swamp

--: Shrine of the Forsaken Gods

--: Turn Against

Pack 3 pick 9:
    Reclaiming Vines
    Mist Intruder
    Sandstone Bridge
    Skyline Cascade
--> Turn Against
    Shrine of the Forsaken Gods
    Island

--: Ondu Champion

--: Ondu Champion

Pack 3 pick 10:
    Territorial Baloth
    Roilmage's Trick
    Reckless Cohort
    Ondu Greathorn
--> Ondu Champion
    Mountain

--: Mind Raker

--: Mind Raker

Pack 3 pick 11:
--> Mind Raker
    Belligerent Whiptail
    Stone Haven Medic
    Retreat to Valakut
    Plains

--: Vestige of Emrakul

--: Vestige of Emrakul

Pack 3 pick 12:
    Seek the Wilds
--> Vestige of Emrakul
    Herald of Kozilek
    Forest

Pack 3 pick 13:
    Voracious Null
--> Cryptic Cruiser
    Island

Pack 3 pick 14:
--> Brilliant Spectrum
    Island

Pack 3 pick 15:
--> Island

