Event #: 9365246
Time:    2/8/2016 11:27:08 PM
Players:
    Pinto
    joohyun
    Apacolypes
    cliff_z
    LittleShadow
    UsedCarSalesman
--> HuaxingMachine
    tauyu

--: Grasp of Darkness

--: Grasp of Darkness

------ OGW ------ 

Pack 1 pick 1:
    Gravity Negator
    Hedron Crawler
    Vampire Envoy
    Scion Summoner
    Loam Larva
    Pulse of Murasa
    Maw of Kozilek
    Shoulder to Shoulder
    Umara Entangler
    Akoum Flameseeker
--> Grasp of Darkness
    Meandering River
    Reflector Mage
    Remorseless Punishment
    Plains

--: Saddleback Lagac

--: Saddleback Lagac

Pack 1 pick 2:
    Goblin Freerunner
    Wastes
    Sweep Away
    Seer's Lantern
    Zulaport Chainmage
--> Saddleback Lagac
    Abstruse Interference
    Sparkmage's Gambit
    Kor Scythemaster
    Comparative Analysis
    Roiling Waters
    Chitinous Cloak
    Weapons Trainer
    Island

--: Slaughter Drone

--: Vampire Envoy

--: Vampire Envoy

Pack 1 pick 3:
    Containment Membrane
    Bone Saw
--> Vampire Envoy
    Tajuru Pathwarden
    Slaughter Drone
    Loam Larva
    Comparative Analysis
    Eldrazi Aggressor
    Affa Protector
    Harvester Troll
    Walker of the Wastes
    Needle Spires
    Mountain

--: Stalking Drone

--: Stalking Drone

Pack 1 pick 4:
--> Stalking Drone
    Cinder Hellion
    Wastes
    Jwar Isle Avenger
    Warden of Geometries
    Corpse Churn
    Natural State
    Slip Through Space
    Brute Strength
    Prophet of Distortion
    Strider Harness
    Island

--: Reality Hemorrhage

--: Reality Hemorrhage

Pack 1 pick 5:
    Warden of Geometries
    Spawnbinder Mage
--> Reality Hemorrhage
    Unknown Shores
    Natural State
    Witness the End
    Maw of Kozilek
    Dazzling Reflection
    Umara Entangler
    Spatial Contortion
    Mountain

--: Slaughter Drone

--: Slaughter Drone

Pack 1 pick 6:
    Tar Snare
    Unknown Shores
    Blinding Drone
--> Slaughter Drone
    Lead by Example
    Untamed Hunger
    Cultivator Drone
    Expedite
    Make a Stand
    Forest

--: Unknown Shores

--: Unknown Shores

Pack 1 pick 7:
--> Unknown Shores
    Gravity Negator
    Warden of Geometries
    Pulse of Murasa
    Zulaport Chainmage
    Elemental Uprising
    Eldrazi Aggressor
    Negate
    Mountain

--: Mindmelter

--: Mindmelter

Pack 1 pick 8:
    Elemental Uprising
    Zulaport Chainmage
    Negate
    Sparkmage's Gambit
    Shoulder to Shoulder
--> Mindmelter
    Call the Gatewatch
    Island

--: Gravity Negator

--: Gravity Negator

Pack 1 pick 9:
--> Gravity Negator
    Scion Summoner
    Loam Larva
    Pulse of Murasa
    Umara Entangler
    Akoum Flameseeker
    Plains

--: Sweep Away

--: Sweep Away

Pack 1 pick 10:
    Wastes
--> Sweep Away
    Abstruse Interference
    Comparative Analysis
    Chitinous Cloak
    Island

--: Loam Larva

--: Loam Larva

Pack 1 pick 11:
--> Loam Larva
    Comparative Analysis
    Eldrazi Aggressor
    Harvester Troll
    Mountain

--: Corpse Churn

Pack 1 pick 12:
    Cinder Hellion
--> Corpse Churn
    Natural State
    Island

--: Witness the End

--: Witness the End

Pack 1 pick 13:
    Natural State
--> Witness the End
    Mountain

Pack 1 pick 14:
--> Untamed Hunger
    Forest

Pack 1 pick 15:
--> Mountain

--: Birthing Hulk

--: Birthing Hulk

------ OGW ------ 

Pack 2 pick 1:
    Isolation Zone
    Scion Summoner
    Boulder Salvo
    Wastes
    Sky Scourer
    Elemental Uprising
    Zulaport Chainmage
    Negate
    Sparkmage's Gambit
    Shoulder to Shoulder
    Reckless Bushwhacker
--> Birthing Hulk
    Warping Wail
    Gladehart Cavalry
    Swamp

--: Tar Snare

--: Tar Snare

Pack 2 pick 2:
--> Tar Snare
    Reality Hemorrhage
    Wastes
    Gravity Negator
    Bone Saw
    Vines of the Recluse
    Unnatural Endurance
    Expedite
    Searing Light
    Comparative Analysis
    Kazuul's Toll Collector
    Tears of Valakut
    Tyrant of Valakut
    Swamp

--: Kozilek's Shrieker

--: Kozilek's Shrieker

Pack 2 pick 3:
    Cinder Hellion
    Gravity Negator
    Bone Saw
    Expedition Raptor
--> Kozilek's Shrieker
    Loam Larva
    Umara Entangler
    Brute Strength
    Mighty Leap
    Cliffhaven Vampire
    Iona's Blessing
    Visions of Brutality
    Mountain

--: Stalking Drone

--: Stalking Drone

Pack 2 pick 4:
    Containment Membrane
    Hedron Crawler
--> Stalking Drone
    Goblin Freerunner
    Loam Larva
    Witness the End
    Maw of Kozilek
    Shoulder to Shoulder
    Umara Entangler
    Allied Reinforcements
    Bonds of Mortality
    Forest

--: Crumbling Vestige

--: Crumbling Vestige

Pack 2 pick 5:
--> Crumbling Vestige
    Corpse Churn
    Canopy Gorger
    Sky Scourer
    Abstruse Interference
    Akoum Flameseeker
    Searing Light
    Null Caller
    Cinder Barrens
    Ruin in Their Wake
    Plains

--: Kozilek's Pathfinder

--: Kozilek's Pathfinder

Pack 2 pick 6:
    Blinding Drone
--> Kozilek's Pathfinder
    Corpse Churn
    Natural State
    Dazzling Reflection
    Slip Through Space
    Brute Strength
    Embodiment of Fury
    Stoneforge Acolyte
    Swamp

--: Kozilek's Translator

--: Kozilek's Translator

Pack 2 pick 7:
    Expedition Raptor
--> Kozilek's Translator
    Elemental Uprising
    Sky Scourer
    Consuming Sinkhole
    Searing Light
    Negate
    Tranquil Expanse
    Mountain

--: Slaughter Drone

--: Slaughter Drone

Pack 2 pick 8:
    Expedition Raptor
--> Slaughter Drone
    Loam Larva
    Comparative Analysis
    Eldrazi Aggressor
    Kazuul's Toll Collector
    Gift of Tusks
    Swamp

--: Sky Scourer

--: Sky Scourer

Pack 2 pick 9:
--> Sky Scourer
    Elemental Uprising
    Zulaport Chainmage
    Negate
    Sparkmage's Gambit
    Reckless Bushwhacker
    Swamp

--: Vines of the Recluse

--: Vines of the Recluse

Pack 2 pick 10:
    Bone Saw
--> Vines of the Recluse
    Expedite
    Kazuul's Toll Collector
    Tears of Valakut
    Swamp

Pack 2 pick 11:
    Bone Saw
--> Expedition Raptor
    Brute Strength
    Iona's Blessing
    Mountain

Pack 2 pick 12:
--> Maw of Kozilek
    Shoulder to Shoulder
    Bonds of Mortality
    Forest

--: Cinder Barrens

--: Cinder Barrens

Pack 2 pick 13:
    Corpse Churn
--> Cinder Barrens
    Plains

Pack 2 pick 14:
--> Dazzling Reflection
    Swamp

Pack 2 pick 15:
--> Mountain

--: Greenwarden of Murasa

--: Greenwarden of Murasa

------ BFZ ------ 

Pack 3 pick 1:
    Territorial Baloth
    Roilmage's Trick
    Eyeless Watcher
    Rush of Ice
    Silent Skimmer
    Mortuary Mire
    Natural Connection
    Tightening Coils
    Felidar Cub
    Kozilek's Sentinel
    Retreat to Coralhelm
    Forerunner of Slaughter
    Bloodbond Vampire
--> Greenwarden of Murasa
    Forest

--: Void Attendant

--: Fathom Feeder

Pack 3 pick 2:
    Mist Intruder
    Dutiful Return
    Blisterpod
    Anticipate
    Boiling Earth
    Lithomancer's Focus
    Ghostly Sentinel
    Benthic Infiltrator
    Vestige of Emrakul
    Void Attendant
    Roil Spout
    Encircling Fissure
--> Fathom Feeder
    Swamp

--: Plated Crusher

--: Plated Crusher

Pack 3 pick 3:
    Blisterpod
    Oracle of Dust
    Voracious Null
    Cliffside Lookout
    Valakut Predator
    Sheer Drop
    Hedron Blade
    Valakut Invoker
    Crumble to Dust
    Horribly Awry
--> Plated Crusher
    Defiant Bloodlord
    Island

--: Fertile Thicket

--: Fertile Thicket

Pack 3 pick 4:
    Reclaiming Vines
    Looming Spires
    Grave Birthing
    Eyeless Watcher
    Eldrazi Devastator
    Mountain
--> Fertile Thicket
    Lavastep Raider
    Makindi Patrol
    Herald of Kozilek
    Tunneling Geopede
    Mountain

--: Demon's Grasp

--: Demon's Grasp

Pack 3 pick 5:
    Roilmage's Trick
    Swarm Surge
    Sandstone Bridge
    Tajuru Beastmaster
--> Demon's Grasp
    Skyline Cascade
    Ruin Processor
    Goblin War Paint
    Akoum Stonewaker
    Hagra Sharpshooter
    Plains

--: Unnatural Aggression

--: Unnatural Aggression

Pack 3 pick 6:
    Plummet
    Bone Splinters
--> Unnatural Aggression
    Sandstone Bridge
    Scour from Existence
    Grave Birthing
    Stone Haven Medic
    Shatterskull Recruit
    Scythe Leopard
    Forest

--: Evolving Wilds

--: Evolving Wilds

Pack 3 pick 7:
    Dutiful Return
    Blisterpod
    Snapping Gnarlid
--> Evolving Wilds
    Hedron Blade
    Stone Haven Medic
    Kozilek's Sentinel
    Retreat to Kazandu
    Swamp

--: Sludge Crawler

--: Sludge Crawler

Pack 3 pick 8:
--> Sludge Crawler
    Ghostly Sentinel
    Bone Splinters
    Mortuary Mire
    Fortified Rampart
    Cryptic Cruiser
    Grove Rumbler
    Mountain

--: Territorial Baloth

--: Territorial Baloth

Pack 3 pick 9:
--> Territorial Baloth
    Roilmage's Trick
    Mortuary Mire
    Natural Connection
    Retreat to Coralhelm
    Forerunner of Slaughter
    Forest

--: Void Attendant

--: Void Attendant

Pack 3 pick 10:
    Dutiful Return
    Blisterpod
    Vestige of Emrakul
--> Void Attendant
    Roil Spout
    Swamp

--: Hedron Blade

Pack 3 pick 11:
    Blisterpod
    Voracious Null
--> Hedron Blade
    Crumble to Dust
    Island

Pack 3 pick 12:
--> Reclaiming Vines
    Looming Spires
    Lavastep Raider
    Mountain

--: Hagra Sharpshooter

Pack 3 pick 13:
    Roilmage's Trick
--> Hagra Sharpshooter
    Plains

Pack 3 pick 14:
--> Scythe Leopard
    Forest

Pack 3 pick 15:
--> Swamp

