Event #: 9368985
Time:    2/9/2016 7:37:14 PM
Players:
    amjacobs
    necki
--> FinchleyCentral
    Crash_Fistfight
    stonema
    MarioLikesMovies
    ineedabucket
    WannaPo

--: Vile Redeemer

--: Saddleback Lagac

--: Saddleback Lagac

------ OGW ------ 

Pack 1 pick 1:
    Goblin Freerunner
    Wastes
    Containment Membrane
    Seer's Lantern
--> Saddleback Lagac
    Kozilek's Shrieker
    Netcaster Spider
    Makindi Aeronaut
    Abstruse Interference
    Akoum Flameseeker
    Cliffhaven Vampire
    Make a Stand
    Visions of Brutality
    Vile Redeemer
    Island

--: Saddleback Lagac

--: Sea Gate Wreckage

--: Sea Gate Wreckage

Pack 1 pick 2:
    Crumbling Vestige
    Jwar Isle Avenger
    Hedron Crawler
    Saddleback Lagac
    Corpse Churn
    Canopy Gorger
    Sparkmage's Gambit
    Kor Scythemaster
    Comparative Analysis
    Walker of the Wastes
    Thought Harvester
    Steppe Glider
--> Sea Gate Wreckage
    Island

--: Embodiment of Insight

--: Embodiment of Insight

Pack 1 pick 3:
    Reality Hemorrhage
    Crumbling Vestige
    Gravity Negator
    Witness the End
    Netcaster Spider
    Slaughter Drone
    Abstruse Interference
    Akoum Flameseeker
    Dazzling Reflection
    Kazuul's Toll Collector
--> Embodiment of Insight
    Immobilizer Eldrazi
    Plains

--: Stalking Drone

--: Stalking Drone

Pack 1 pick 4:
    Warden of Geometries
--> Stalking Drone
    Expedition Raptor
    Reality Hemorrhage
    Loam Larva
    Unnatural Endurance
    Brute Strength
    Mighty Leap
    Cultivator Drone
    Chitinous Cloak
    Baloth Pup
    Forest

--: Vampire Envoy

--: Reality Hemorrhage

--: Reality Hemorrhage

Pack 1 pick 5:
    Vampire Envoy
--> Reality Hemorrhage
    Untamed Hunger
    Vines of the Recluse
    Kor Scythemaster
    Comparative Analysis
    Eldrazi Aggressor
    Cinder Barrens
    Ruin in Their Wake
    Call the Gatewatch
    Mountain

--: Maw of Kozilek

--: Maw of Kozilek

Pack 1 pick 6:
    Cinder Hellion
    Holdout Settlement
    Corpse Churn
    Natural State
--> Maw of Kozilek
    Dazzling Reflection
    Umara Entangler
    Timber Gorge
    Unity of Purpose
    Mountain

--: Cinder Hellion

--: Cinder Hellion

Pack 1 pick 7:
--> Cinder Hellion
    Bone Saw
    Unnatural Endurance
    Pulse of Murasa
    Mighty Leap
    Consuming Sinkhole
    Cinder Barrens
    Iona's Blessing
    Mountain

--: Visions of Brutality

--: Visions of Brutality

Pack 1 pick 8:
    Tar Snare
    Cinder Hellion
    Zulaport Chainmage
    Natural State
    Witness the End
    Negate
--> Visions of Brutality
    Mountain

--: Netcaster Spider

--: Netcaster Spider

Pack 1 pick 9:
    Goblin Freerunner
    Wastes
--> Netcaster Spider
    Abstruse Interference
    Make a Stand
    Visions of Brutality
    Island

--: Sparkmage's Gambit

Pack 1 pick 10:
    Corpse Churn
    Canopy Gorger
--> Sparkmage's Gambit
    Comparative Analysis
    Walker of the Wastes
    Island

--: Netcaster Spider

Pack 1 pick 11:
    Witness the End
--> Netcaster Spider
    Abstruse Interference
    Dazzling Reflection
    Plains

--: Brute Strength

Pack 1 pick 12:
    Loam Larva
    Unnatural Endurance
--> Brute Strength
    Forest

--: Vines of the Recluse

Pack 1 pick 13:
    Untamed Hunger
--> Vines of the Recluse
    Mountain

--: Corpse Churn

--: Mountain

Pack 1 pick 14:
    Corpse Churn
--> Mountain

--: Mountain

Pack 1 pick 15:
--> Mountain

--: Eldrazi Obligator

--: Eldrazi Obligator

------ OGW ------ 

Pack 2 pick 1:
    Expedition Raptor
    Zada's Commando
    Crumbling Vestige
    Containment Membrane
    Hedron Crawler
    Sky Scourer
    Loam Larva
    Shoulder to Shoulder
    Ancient Crab
    Maw of Kozilek
    Kazuul's Toll Collector
    Embodiment of Insight
    Malakir Soothsayer
--> Eldrazi Obligator
    Plains

--: Embodiment of Fury

--: Embodiment of Fury

Pack 2 pick 2:
    Bone Saw
    Scion Summoner
    Cinder Hellion
    Unknown Shores
    Netcaster Spider
    Kozilek's Shrieker
    Chitinous Cloak
    Shoulder to Shoulder
    Umara Entangler
    Roiling Waters
--> Embodiment of Fury
    Baloth Null
    Gladehart Cavalry
    Forest

--: Unnatural Endurance

--: Stalking Drone

--: Stalking Drone

Pack 2 pick 3:
    Crumbling Vestige
    Containment Membrane
    Hedron Crawler
--> Stalking Drone
    Loam Larva
    Unnatural Endurance
    Expedite
    Ondu War Cleric
    Ancient Crab
    Chitinous Cloak
    Weapons Trainer
    Stoneforge Masterwork
    Forest

--: Relentless Hunter

--: Relentless Hunter

Pack 2 pick 4:
    Blinding Drone
    Kozilek's Pathfinder
    Scion Summoner
    Zada's Commando
    Kozilek's Translator
    Lead by Example
    Maw of Kozilek
    Dazzling Reflection
    Umara Entangler
--> Relentless Hunter
    Flaying Tendrils
    Swamp

--: Boulder Salvo

--: Boulder Salvo

Pack 2 pick 5:
--> Boulder Salvo
    Holdout Settlement
    Blinding Drone
    Kozilek's Pathfinder
    Vines of the Recluse
    Elemental Uprising
    Expedite
    Comparative Analysis
    Press into Service
    Reflector Mage
    Swamp

--: Reality Hemorrhage

Pack 2 pick 6:
    Tar Snare
--> Reality Hemorrhage
    Wastes
    Elemental Uprising
    Eldrazi Aggressor
    Dazzling Reflection
    Slip Through Space
    Reaver Drone
    Void Grafter
    Swamp

--: Brute Strength

Pack 2 pick 7:
    Untamed Hunger
    Pulse of Murasa
    Unnatural Endurance
--> Brute Strength
    Affa Protector
    Plains
    Tranquil Expanse
    Stoneforge Acolyte
    Island

--: Tears of Valakut

--: Tears of Valakut

Pack 2 pick 8:
    Seer's Lantern
    Corpse Churn
    Natural State
    Brute Strength
    Mighty Leap
    Grip of the Roil
--> Tears of Valakut
    Mountain

--: Kazuul's Toll Collector

Pack 2 pick 9:
    Containment Membrane
    Sky Scourer
    Loam Larva
    Ancient Crab
    Maw of Kozilek
--> Kazuul's Toll Collector
    Plains

--: Netcaster Spider

Pack 2 pick 10:
    Bone Saw
    Cinder Hellion
--> Netcaster Spider
    Kozilek's Shrieker
    Umara Entangler
    Forest

--: Loam Larva

Pack 2 pick 11:
--> Loam Larva
    Expedite
    Ancient Crab
    Weapons Trainer
    Forest

--: Maw of Kozilek

Pack 2 pick 12:
--> Maw of Kozilek
    Dazzling Reflection
    Umara Entangler
    Swamp

--: Elemental Uprising

Pack 2 pick 13:
--> Elemental Uprising
    Expedite
    Swamp

--: Eldrazi Aggressor

Pack 2 pick 14:
--> Eldrazi Aggressor
    Swamp

--: Island

Pack 2 pick 15:
--> Island

--: Akoum Hellkite

--: Akoum Hellkite

------ BFZ ------ 

Pack 3 pick 1:
    Voracious Null
    Reclaiming Vines
    Mist Intruder
    Scour from Existence
    Tajuru Beastmaster
    Wave-Wing Elemental
    Radiant Flames
    Silent Skimmer
    Goblin War Paint
    Tandem Tactics
    Slab Hammer
    Retreat to Coralhelm
    Hagra Sharpshooter
--> Akoum Hellkite
    Island

--: Shrine of the Forsaken Gods

--: Shrine of the Forsaken Gods

Pack 3 pick 2:
    Plummet
    Salvage Drone
    Kalastria Healer
    Blisterpod
    Lavastep Raider
    Fortified Rampart
    Cliffside Lookout
    Shadow Glider
    Dominator Drone
    Murasa Ranger
    Breaker of Armies
    Molten Nursery
--> Shrine of the Forsaken Gods
    Mountain

--: Oran-Rief Invoker

--: Oran-Rief Invoker

Pack 3 pick 3:
    Coralhelm Guide
    Nirkana Assassin
--> Oran-Rief Invoker
    Sandstone Bridge
    From Beyond
    Demon's Grasp
    Skyline Cascade
    Reckless Cohort
    Felidar Cub
    Bane of Bala Ged
    Crumble to Dust
    Catacomb Sifter
    Plains

--: Nettle Drone

--: Radiant Flames

--: Radiant Flames

Pack 3 pick 4:
    Salvage Drone
    Swarm Surge
    Call the Scions
    Looming Spires
    Grave Birthing
    Eyeless Watcher
    Eldrazi Devastator
    Nettle Drone
    Hagra Sharpshooter
    Ondu Rising
--> Radiant Flames
    Swamp

--: Blighted Woodland

Pack 3 pick 5:
    Call the Scions
    Roilmage's Trick
    Swarm Surge
    Rush of Ice
    Natural Connection
    Unnatural Aggression
    Geyserfield Stalker
    Cloud Manta
--> Blighted Woodland
    Lumbering Falls
    Island

--: Vestige of Emrakul

Pack 3 pick 6:
    Culling Drone
    Giant Mantis
    Anticipate
    Mind Raker
    Reckless Cohort
    Inspired Charge
    Volcanic Upheaval
--> Vestige of Emrakul
    Sylvan Scrying
    Forest

--: Stonefury

--: Makindi Sliderunner

--: Stonefury

Pack 3 pick 7:
    Voracious Null
    Reclaiming Vines
    Angelic Gift
--> Stonefury
    Ghostly Sentinel
    Sure Strike
    Makindi Sliderunner
    Ulamog's Despoiler
    Forest

--: Kozilek's Channeler

Pack 3 pick 8:
    Plummet
    Coralhelm Guide
    Mire's Malice
    Lavastep Raider
--> Kozilek's Channeler
    Ondu Greathorn
    Guul Draz Overseer
    Plains

--: Tajuru Beastmaster

Pack 3 pick 9:
    Voracious Null
    Reclaiming Vines
    Scour from Existence
--> Tajuru Beastmaster
    Goblin War Paint
    Retreat to Coralhelm
    Island

--: Murasa Ranger

Pack 3 pick 10:
    Plummet
    Salvage Drone
    Blisterpod
    Lavastep Raider
--> Murasa Ranger
    Mountain

--: Sandstone Bridge

Pack 3 pick 11:
--> Sandstone Bridge
    Demon's Grasp
    Skyline Cascade
    Crumble to Dust
    Plains

--: Looming Spires

Pack 3 pick 12:
    Salvage Drone
--> Looming Spires
    Grave Birthing
    Swamp

--: Natural Connection

Pack 3 pick 13:
    Roilmage's Trick
--> Natural Connection
    Island

Pack 3 pick 14:
--> Volcanic Upheaval
    Forest

--: Forest

Pack 3 pick 15:
--> Forest

