Event #: 9369599
Time:    2/9/2016 10:41:09 PM
Players:
    Mrshroom29
    fyodorminakov2
--> HuaxingMachine
    WWDD
    MIchaelRussi
    gbreadman
    SamuraiPizzaCat
    Jayyfish

--: Devour in Flames

--: Devour in Flames

------ OGW ------ 

Pack 1 pick 1:
    Isolation Zone
    Tar Snare
    Cinder Hellion
    Unknown Shores
    Netcaster Spider
    Kozilek's Shrieker
    Loam Larva
    Affa Protector
    Mighty Leap
    Consuming Sinkhole
    Prophet of Distortion
    Strider Harness
--> Devour in Flames
    Oath of Nissa
    Swamp

--: Devour in Flames

--: Devour in Flames

Pack 1 pick 2:
    Tar Snare
    Reality Hemorrhage
    Wastes
    Gravity Negator
    Bone Saw
    Kozilek's Shrieker
    Lead by Example
    Sparkmage's Gambit
    Kor Scythemaster
    Comparative Analysis
    Tranquil Expanse
--> Devour in Flames
    Ruin in Their Wake
    Forest

--: Reckless Bushwhacker

--: Reckless Bushwhacker

Pack 1 pick 3:
    Stalking Drone
    Cinder Hellion
    Wastes
    Jwar Isle Avenger
    Warden of Geometries
    Canopy Gorger
    Kozilek's Translator
    Ancient Crab
    Expedite
    Searing Light
--> Reckless Bushwhacker
    Press into Service
    Mountain

--: Relentless Hunter

--: Relentless Hunter

Pack 1 pick 4:
    Spawnbinder Mage
    Cinder Hellion
    Unknown Shores
    Untamed Hunger
    Vines of the Recluse
    Unnatural Endurance
    Eldrazi Aggressor
    Dazzling Reflection
    Slip Through Space
    Make a Stand
--> Relentless Hunter
    Plains

--: Maw of Kozilek

--: Relief Captain

--: Relief Captain

Pack 1 pick 5:
    Hedron Crawler
    Stalking Drone
    Saddleback Lagac
    Corpse Churn
    Natural State
    Maw of Kozilek
    Dazzling Reflection
    Umara Entangler
--> Relief Captain
    Baloth Pup
    Plains

--: Reality Hemorrhage

--: Reality Hemorrhage

Pack 1 pick 6:
--> Reality Hemorrhage
    Unknown Shores
    Lead by Example
    Corpse Churn
    Natural State
    Eldrazi Aggressor
    Kor Scythemaster
    Walker of the Wastes
    Warping Wail
    Forest

--: Searing Light

Pack 1 pick 7:
    Gravity Negator
    Zulaport Chainmage
    Elemental Uprising
    Consuming Sinkhole
--> Searing Light
    Negate
    Meandering River
    Tears of Valakut
    Island

--: Shoulder to Shoulder

--: Shoulder to Shoulder

Pack 1 pick 8:
    Cinder Hellion
    Wastes
    Vines of the Recluse
    Kozilek's Translator
--> Shoulder to Shoulder
    Ancient Crab
    Sky Scourer
    Mountain

--: Affa Protector

--: Affa Protector

Pack 1 pick 9:
    Netcaster Spider
    Loam Larva
--> Affa Protector
    Mighty Leap
    Consuming Sinkhole
    Strider Harness
    Swamp

--: Tranquil Expanse

--: Tranquil Expanse

Pack 1 pick 10:
    Bone Saw
    Lead by Example
    Sparkmage's Gambit
--> Tranquil Expanse
    Ruin in Their Wake
    Forest

--: Jwar Isle Avenger

Pack 1 pick 11:
--> Jwar Isle Avenger
    Canopy Gorger
    Ancient Crab
    Expedite
    Mountain

--: Slip Through Space

Pack 1 pick 12:
    Untamed Hunger
    Dazzling Reflection
--> Slip Through Space
    Plains

--: Dazzling Reflection

Pack 1 pick 13:
    Corpse Churn
--> Dazzling Reflection
    Plains

Pack 1 pick 14:
--> Natural State
    Forest

Pack 1 pick 15:
--> Island

--: Allied Reinforcements

--: Allied Reinforcements

------ OGW ------ 

Pack 2 pick 1:
    Goblin Freerunner
    Holdout Settlement
    Blinding Drone
    Kozilek's Pathfinder
    Natural State
    Witness the End
    Comparative Analysis
    Eldrazi Aggressor
    Affa Protector
    Mighty Leap
--> Allied Reinforcements
    Null Caller
    Bonds of Mortality
    Oath of Chandra
    Plains

--: Wall of Resurgence

--: Wall of Resurgence

Pack 2 pick 2:
    Cinder Hellion
    Holdout Settlement
    Gravity Negator
    Bone Saw
    Sky Scourer
    Elemental Uprising
    Zulaport Chainmage
    Slip Through Space
    Brute Strength
    Kor Scythemaster
    Grip of the Roil
    Baloth Null
--> Wall of Resurgence
    Forest

--: Akoum Flameseeker

--: Akoum Flameseeker

Pack 2 pick 3:
    Crumbling Vestige
    Jwar Isle Avenger
    Hedron Crawler
    Saddleback Lagac
    Corpse Churn
    Canopy Gorger
    Mighty Leap
    Abstruse Interference
--> Akoum Flameseeker
    Tranquil Expanse
    Flayer Drone
    Stoneforge Acolyte
    Forest

--: Makindi Aeronaut

--: Makindi Aeronaut

Pack 2 pick 4:
    Stalking Drone
    Kor Sky Climber
    Wastes
    Slaughter Drone
    Loam Larva
    Unnatural Endurance
    Negate
    Sparkmage's Gambit
--> Makindi Aeronaut
    Flayer Drone
    Overwhelming Denial
    Plains

--: Mighty Leap

--: Mighty Leap

Pack 2 pick 5:
    Containment Membrane
    Bone Saw
    Vampire Envoy
    Vines of the Recluse
    Kozilek's Translator
    Saddleback Lagac
    Ancient Crab
--> Mighty Leap
    Flaying Tendrils
    Relentless Hunter
    Swamp

--: Makindi Aeronaut

--: Makindi Aeronaut

Pack 2 pick 6:
    Tar Snare
    Blinding Drone
    Island
    Lead by Example
    Expedite
--> Makindi Aeronaut
    Abstruse Interference
    Strider Harness
    Stoneforge Acolyte
    Swamp

--: Kazuul's Toll Collector

--: Kazuul's Toll Collector

Pack 2 pick 7:
    Wastes
    Containment Membrane
    Slaughter Drone
    Lead by Example
    Expedite
--> Kazuul's Toll Collector
    Gift of Tusks
    Malakir Soothsayer
    Mountain

--: Affa Protector

--: Affa Protector

Pack 2 pick 8:
    Stalking Drone
    Netcaster Spider
    Canopy Gorger
--> Affa Protector
    Abstruse Interference
    Harvester Troll
    Stormchaser Mage
    Mountain

--: Mighty Leap

--: Mighty Leap

Pack 2 pick 9:
    Natural State
    Witness the End
    Comparative Analysis
    Eldrazi Aggressor
--> Mighty Leap
    Bonds of Mortality
    Plains

Pack 2 pick 10:
--> Bone Saw
    Sky Scourer
    Elemental Uprising
    Zulaport Chainmage
    Slip Through Space
    Forest

Pack 2 pick 11:
--> Saddleback Lagac
    Corpse Churn
    Canopy Gorger
    Stoneforge Acolyte
    Forest

--: Sparkmage's Gambit

--: Sparkmage's Gambit

Pack 2 pick 12:
    Unnatural Endurance
    Negate
--> Sparkmage's Gambit
    Plains

Pack 2 pick 13:
--> Vines of the Recluse
    Ancient Crab
    Swamp

Pack 2 pick 14:
--> Expedite
    Swamp

Pack 2 pick 15:
--> Mountain

--: Makindi Sliderunner

--: Makindi Sliderunner

------ BFZ ------ 

Pack 3 pick 1:
    Sludge Crawler
    Plummet
    Salvage Drone
    Kalastria Healer
    Murk Strider
    Makindi Patrol
--> Makindi Sliderunner
    Smite the Monstrous
    Kozilek's Channeler
    Vestige of Emrakul
    Ulamog's Nullifier
    Titan's Presence
    Vile Aggregate
    Drowner of Hope
    Mountain

--: Angelic Captain

--: Angelic Captain

Pack 3 pick 2:
    Incubator Drone
    Culling Drone
    Seek the Wilds
    Coralhelm Guide
    Kozilek's Sentinel
    Inspired Charge
    Lifespring Druid
    Valakut Invoker
    Ondu Greathorn
    Dominator Drone
    Kor Bladewhirl
    Unified Front
--> Angelic Captain
    Plains

--: Outnumber

--: Outnumber

Pack 3 pick 3:
    Swarm Surge
    Tajuru Stalwart
    Looming Spires
    Fertile Thicket
    Snapping Gnarlid
    Spell Shrivel
    Scour from Existence
    Tandem Tactics
--> Outnumber
    Sylvan Scrying
    Slab Hammer
    Tajuru Warcaller
    Forest

--: Touch of the Void

--: Touch of the Void

Pack 3 pick 4:
    Territorial Baloth
    Clutch of Currents
    Kalastria Nightwatch
    Swell of Growth
    Lavastep Raider
    Fortified Rampart
--> Touch of the Void
    Sheer Drop
    Kozilek's Channeler
    Jaddi Offshoot
    Carrier Thrall
    Plains

--: Ondu Champion

--: Ondu Champion

Pack 3 pick 5:
    Mist Intruder
    Mire's Malice
    Giant Mantis
    Brilliant Spectrum
    Belligerent Whiptail
    Angelic Gift
    Ondu Greathorn
    Dominator Drone
--> Ondu Champion
    Blighted Steppe
    Mountain

--: Ondu Champion

--: Ondu Champion

Pack 3 pick 6:
    Nirkana Assassin
    Dispel
    Mind Raker
    Boiling Earth
    Makindi Patrol
--> Ondu Champion
    Ghostly Sentinel
    Transgress the Mind
    Cryptic Cruiser
    Plains

--: Felidar Cub

--: Felidar Cub

Pack 3 pick 7:
    Nirkana Assassin
    Oracle of Dust
    Altar's Reap
    Shatterskull Recruit
--> Felidar Cub
    Shadow Glider
    Zulaport Cutthroat
    Bring to Light
    Swamp

--: Courier Griffin

--: Courier Griffin

--: Courier Griffin

Pack 3 pick 8:
    Murk Strider
    Voracious Null
    Oran-Rief Invoker
    Brilliant Spectrum
    Volcanic Upheaval
--> Courier Griffin
    Hagra Sharpshooter
    Swamp

Pack 3 pick 9:
    Sludge Crawler
    Plummet
    Salvage Drone
    Murk Strider
--> Smite the Monstrous
    Vestige of Emrakul
    Mountain

--: Ondu Greathorn

Pack 3 pick 10:
    Incubator Drone
    Seek the Wilds
    Inspired Charge
--> Ondu Greathorn
    Unified Front
    Plains

Pack 3 pick 11:
    Fertile Thicket
    Snapping Gnarlid
    Sylvan Scrying
--> Slab Hammer
    Forest

--: Lavastep Raider

Pack 3 pick 12:
    Swell of Growth
    Lavastep Raider
--> Fortified Rampart
    Plains

Pack 3 pick 13:
    Brilliant Spectrum
--> Angelic Gift
    Mountain

Pack 3 pick 14:
--> Cryptic Cruiser
    Plains

Pack 3 pick 15:
--> Swamp

