Event #: 9369822
Time:    2/10/2016 12:18:01 AM
Players:
    zanderstone
    Joshsampson
    Contaxian
    loneghost
    goatfishing
    HandsomeWill
    grawa
--> HuaxingMachine

--: Allied Reinforcements

--: Corrupted Crossroads

--: Corrupted Crossroads

------ OGW ------ 

Pack 1 pick 1:
    Seer's Lantern
    Kor Sky Climber
    Vampire Envoy
    Cinder Hellion
    Holdout Settlement
    Slaughter Drone
    Lead by Example
    Sparkmage's Gambit
    Kor Scythemaster
    Comparative Analysis
    Allied Reinforcements
    Null Caller
    Bonds of Mortality
--> Corrupted Crossroads
    Island

--: Eldrazi Obligator

--: Eldrazi Obligator

Pack 1 pick 2:
    Blinding Drone
    Kozilek's Pathfinder
    Scion Summoner
    Natural State
--> Eldrazi Obligator
    Cultivator Drone
    Expedite
    Ondu War Cleric
    Ancient Crab
    Pyromancer's Assault
    Seed Guardian
    Void Shatter
    Oath of Nissa
    Plains

--: Birthing Hulk

--: Birthing Hulk

Pack 1 pick 3:
    Sweep Away
    Seer's Lantern
    Tajuru Pathwarden
    Loam Larva
    Witness the End
    Netcaster Spider
    Affa Protector
    Ancient Crab
    Expedite
--> Birthing Hulk
    Cliffhaven Vampire
    Tears of Valakut
    Island

--: Ondu War Cleric

--: Stalking Drone

--: Ondu War Cleric

--: Ondu War Cleric

Pack 1 pick 4:
    Jwar Isle Avenger
    Warden of Geometries
    Stalking Drone
    Expedition Raptor
    Kozilek's Translator
    Elemental Uprising
    Sky Scourer
    Akoum Flameseeker
--> Ondu War Cleric
    Cultivator Drone
    Gift of Tusks
    Plains

--: Ondu War Cleric

--: Ondu War Cleric

Pack 1 pick 5:
    Sweep Away
    Spawnbinder Mage
    Corpse Churn
    Slaughter Drone
    Consuming Sinkhole
--> Ondu War Cleric
    Cultivator Drone
    Timber Gorge
    Havoc Sower
    Visions of Brutality
    Mountain

--: Kor Sky Climber

--: Kor Sky Climber

Pack 1 pick 6:
--> Kor Sky Climber
    Vampire Envoy
    Holdout Settlement
    Gravity Negator
    Corpse Churn
    Dazzling Reflection
    Umara Entangler
    Brute Strength
    Unity of Purpose
    Swamp

--: Stalking Drone

--: Maw of Kozilek

--: Maw of Kozilek

Pack 1 pick 7:
    Stalking Drone
    Wastes
    Jwar Isle Avenger
    Vines of the Recluse
    Negate
--> Maw of Kozilek
    Submerged Boneyard
    Flayer Drone
    Mountain

--: Zulaport Chainmage

--: Vines of the Recluse

--: Vines of the Recluse

Pack 1 pick 8:
    Gravity Negator
    Bone Saw
--> Vines of the Recluse
    Zulaport Chainmage
    Consuming Sinkhole
    Strider Harness
    Stoneforge Acolyte
    Mountain

--: Holdout Settlement

--: Holdout Settlement

Pack 1 pick 9:
    Cinder Hellion
--> Holdout Settlement
    Lead by Example
    Comparative Analysis
    Null Caller
    Bonds of Mortality
    Island

--: Expedite

--: Expedite

Pack 1 pick 10:
    Natural State
    Cultivator Drone
--> Expedite
    Ancient Crab
    Void Shatter
    Plains

--: Loam Larva

--: Tears of Valakut

Pack 1 pick 11:
    Loam Larva
    Witness the End
    Ancient Crab
--> Tears of Valakut
    Island

--: Akoum Flameseeker

--: Akoum Flameseeker

Pack 1 pick 12:
    Kozilek's Translator
--> Akoum Flameseeker
    Gift of Tusks
    Plains

--: Slaughter Drone

--: Consuming Sinkhole

Pack 1 pick 13:
    Slaughter Drone
--> Consuming Sinkhole
    Mountain

Pack 1 pick 14:
--> Corpse Churn
    Swamp

Pack 1 pick 15:
--> Mountain

--: Chandra, Flamecaller

--: Chandra, Flamecaller

------ OGW ------ 

Pack 2 pick 1:
    Gravity Negator
    Hedron Crawler
    Vampire Envoy
    Scion Summoner
    Vines of the Recluse
    Kozilek's Translator
    Saddleback Lagac
    Akoum Flameseeker
    Searing Light
    Negate
    Cyclone Sire
    Steppe Glider
    Stormchaser Mage
--> Chandra, Flamecaller
    Mountain

--: Reality Hemorrhage

--: Reality Hemorrhage

Pack 2 pick 2:
--> Reality Hemorrhage
    Crumbling Vestige
    Gravity Negator
    Hedron Crawler
    Netcaster Spider
    Slaughter Drone
    Canopy Gorger
    Expedite
    Searing Light
    Comparative Analysis
    Essence Depleter
    Cinder Barrens
    Reflector Mage
    Swamp

--: Reality Hemorrhage

--: Reality Hemorrhage

Pack 2 pick 3:
    Gift of Tusks
--> Reality Hemorrhage
    Unknown Shores
    Sweep Away
    Bone Saw
    Lead by Example
    Untamed Hunger
    Makindi Aeronaut
    Abstruse Interference
    Sparkmage's Gambit
    Meandering River
    Bonds of Mortality
    Swamp

--: Expedition Raptor

--: Expedition Raptor

Pack 2 pick 4:
    Holdout Settlement
    Gravity Negator
    Bone Saw
--> Expedition Raptor
    Tar Snare
    Slaughter Drone
    Canopy Gorger
    Ancient Crab
    Expedite
    Searing Light
    Havoc Sower
    Mountain

--: Kor Sky Climber

--: Kor Sky Climber

Pack 2 pick 5:
--> Kor Sky Climber
    Holdout Settlement
    Blinding Drone
    Natural State
    Witness the End
    Brute Strength
    Mighty Leap
    Cultivator Drone
    Make a Stand
    Essence Depleter
    Island

--: Immobilizer Eldrazi

--: Immobilizer Eldrazi

Pack 2 pick 6:
    Cinder Hellion
    Pulse of Murasa
    Zulaport Chainmage
    Elemental Uprising
    Ancient Crab
    Maw of Kozilek
    Mighty Leap
--> Immobilizer Eldrazi
    Mina and Denn, Wildborn
    Plains

--: Kazuul's Toll Collector

--: Kazuul's Toll Collector

Pack 2 pick 7:
    Scion Summoner
    Loam Larva
    Abstruse Interference
    Sparkmage's Gambit
--> Kazuul's Toll Collector
    Harvester Troll
    Void Shatter
    Oath of Jace
    Plains

--: Chitinous Cloak

--: Chitinous Cloak

Pack 2 pick 8:
    Stalking Drone
    Lead by Example
    Corpse Churn
    Natural State
    Consuming Sinkhole
--> Chitinous Cloak
    Gift of Tusks
    Forest

--: Akoum Flameseeker

--: Akoum Flameseeker

Pack 2 pick 9:
    Scion Summoner
    Vines of the Recluse
    Kozilek's Translator
    Saddleback Lagac
--> Akoum Flameseeker
    Searing Light
    Mountain

Pack 2 pick 10:
    Canopy Gorger
    Expedite
--> Searing Light
    Comparative Analysis
    Cinder Barrens
    Swamp

Pack 2 pick 11:
    Gift of Tusks
    Untamed Hunger
--> Sparkmage's Gambit
    Bonds of Mortality
    Swamp

Pack 2 pick 12:
    Gravity Negator
--> Bone Saw
    Ancient Crab
    Mountain

--: Brute Strength

Pack 2 pick 13:
    Natural State
--> Brute Strength
    Island

Pack 2 pick 14:
--> Elemental Uprising
    Plains

Pack 2 pick 15:
--> Plains

--: Rolling Thunder

--: Rolling Thunder

------ BFZ ------ 

Pack 3 pick 1:
    Blisterpod
    Anticipate
    Sludge Crawler
    Earthen Arms
    Outnumber
    Fortified Rampart
    Lifespring Druid
    Valakut Invoker
    Ondu Greathorn
    Dominator Drone
    Skyrider Elf
--> Rolling Thunder
    Ulamog's Despoiler
    Sunken Hollow
    Mountain

--: Evolving Wilds

--: Evolving Wilds

Pack 3 pick 2:
    Salvage Drone
    Swarm Surge
    Call the Scions
    Snapping Gnarlid
--> Evolving Wilds
    Eldrazi Skyspawner
    Hedron Blade
    Bone Splinters
    Goblin War Paint
    Tandem Tactics
    Carrier Thrall
    Retreat to Coralhelm
    Prism Array
    Plains

--: Resolute Blademaster

--: Resolute Blademaster

Pack 3 pick 3:
    Salvage Drone
    Swarm Surge
    Call the Scions
    Murk Strider
    Nettle Drone
    Kitesail Scout
    Ghostly Sentinel
    Benthic Infiltrator
    Vestige of Emrakul
--> Resolute Blademaster
    Breaker of Armies
    March from the Tomb
    Swamp

--: Stonefury

--: Stonefury

Pack 3 pick 4:
    Anticipate
    Mind Raker
    Roilmage's Trick
    Kozilek's Sentinel
    Inspired Charge
    Courier Griffin
--> Stonefury
    Ondu Greathorn
    Catacomb Sifter
    Roil Spout
    Exert Influence
    Mountain

--: Shadow Glider

--: Shadow Glider

Pack 3 pick 5:
    Nirkana Assassin
    Dispel
    Mind Raker
    Reckless Cohort
    Inspired Charge
    Benthic Infiltrator
--> Shadow Glider
    Vampiric Rites
    Retreat to Valakut
    Bring to Light
    Island

--: Lithomancer's Focus

--: Lithomancer's Focus

Pack 3 pick 6:
    Culling Drone
    Hedron Blade
    Bone Splinters
    Unnatural Aggression
    Sandstone Bridge
--> Lithomancer's Focus
    Sure Strike
    Catacomb Sifter
    Windrider Patrol
    Island

--: Vestige of Emrakul

--: Vestige of Emrakul

Pack 3 pick 7:
    Brilliant Spectrum
    Nirkana Assassin
    Seek the Wilds
    Oracle of Dust
--> Vestige of Emrakul
    Ghostly Sentinel
    Ondu Rising
    Jaddi Offshoot
    Island

--: Tandem Tactics

--: Tandem Tactics

Pack 3 pick 8:
    Swarm Surge
    Incubator Drone
    Culling Drone
--> Tandem Tactics
    Dominator Drone
    Hagra Sharpshooter
    Retreat to Valakut
    Mountain

--: Ondu Greathorn

--: Ondu Greathorn

Pack 3 pick 9:
    Blisterpod
    Anticipate
    Earthen Arms
    Fortified Rampart
--> Ondu Greathorn
    Dominator Drone
    Mountain

Pack 3 pick 10:
    Swarm Surge
    Hedron Blade
--> Bone Splinters
    Goblin War Paint
    Retreat to Coralhelm
    Plains

--: Vestige of Emrakul

Pack 3 pick 11:
    Salvage Drone
    Swarm Surge
    Murk Strider
--> Vestige of Emrakul
    Swamp

Pack 3 pick 12:
    Mind Raker
    Roilmage's Trick
--> Inspired Charge
    Mountain

Pack 3 pick 13:
    Vampiric Rites
--> Retreat to Valakut
    Island

Pack 3 pick 14:
--> Hedron Blade
    Island

Pack 3 pick 15:
--> Island

