Event #: 9371259
Time:    10/02/2016 21:15:19
Players:
    Jason_MTG
--> Dolphan
    robgr8house
    Fearless1
    St2v423
    bleffs
    Darkpoly
    krebrovich

--: Endbringer

--: Endbringer

--: Endbringer

------ OGW ------ 

Pack 1 pick 1:
    Hedron Crawler
    Tar Snare
    Stalking Drone
    Cinder Hellion
    Slaughter Drone
    Loam Larva
    Unnatural Endurance
    Eldrazi Aggressor
    Kor Scythemaster
    Negate
    Roiling Waters
    Unity of Purpose
    Weapons Trainer
--> Endbringer
    Mountain

--: Netcaster Spider

--: Containment Membrane

--: Containment Membrane

Pack 1 pick 2:
    Goblin Freerunner
    Wastes
--> Containment Membrane
    Netcaster Spider
    Kozilek's Shrieker
    Loam Larva
    Affa Protector
    Mighty Leap
    Consuming Sinkhole
    Kazuul's Toll Collector
    Stormchaser Mage
    Tears of Valakut
    Hissing Quagmire
    Forest

--: Containment Membrane

--: Containment Membrane

Pack 1 pick 3:
    Reality Hemorrhage
    Wastes
--> Containment Membrane
    Bone Saw
    Pulse of Murasa
    Untamed Hunger
    Vines of the Recluse
    Sparkmage's Gambit
    Makindi Aeronaut
    Umara Entangler
    Chitinous Cloak
    Pyromancer's Assault
    Forest

--: Blinding Drone

--: Blinding Drone

Pack 1 pick 4:
    Boulder Salvo
    Wastes
--> Blinding Drone
    Unnatural Endurance
    Pulse of Murasa
    Untamed Hunger
    Negate
    Sparkmage's Gambit
    Makindi Aeronaut
    Seed Guardian
    Steppe Glider
    Forest

--: Holdout Settlement

--: Holdout Settlement

Pack 1 pick 5:
    Tajuru Pathwarden
    Goblin Freerunner
--> Holdout Settlement
    Corpse Churn
    Canopy Gorger
    Sky Scourer
    Maw of Kozilek
    Mighty Leap
    Abstruse Interference
    Tranquil Expanse
    Island

--: Sweep Away

--: Sweep Away

Pack 1 pick 6:
--> Sweep Away
    Seer's Lantern
    Expedition Raptor
    Slaughter Drone
    Canopy Gorger
    Kozilek's Shrieker
    Ancient Crab
    Makindi Aeronaut
    Warping Wail
    Plains

--: Cultivator Drone

--: Cultivator Drone

Pack 1 pick 7:
    Warden of Geometries
    Tar Snare
    Wastes
    Witness the End
--> Cultivator Drone
    Expedite
    Strider Harness
    Gift of Tusks
    Forest

--: Containment Membrane

Pack 1 pick 8:
    Expedition Raptor
--> Containment Membrane
    Corpse Churn
    Natural State
    Expedite
    Comparative Analysis
    Timber Gorge
    Swamp

--: Roiling Waters

--: Roiling Waters

Pack 1 pick 9:
    Loam Larva
    Unnatural Endurance
    Eldrazi Aggressor
    Negate
--> Roiling Waters
    Unity of Purpose
    Mountain

--: Affa Protector

--: Loam Larva

--: Loam Larva

Pack 1 pick 10:
--> Loam Larva
    Affa Protector
    Consuming Sinkhole
    Stormchaser Mage
    Tears of Valakut
    Forest

--: Umara Entangler

--: Umara Entangler

Pack 1 pick 11:
    Pulse of Murasa
    Untamed Hunger
--> Umara Entangler
    Pyromancer's Assault
    Forest

--: Negate

Pack 1 pick 12:
    Pulse of Murasa
    Untamed Hunger
--> Negate
    Forest

--: Abstruse Interference

--: Abstruse Interference

Pack 1 pick 13:
    Corpse Churn
--> Abstruse Interference
    Island

--: Ancient Crab

Pack 1 pick 14:
--> Ancient Crab
    Plains

Pack 1 pick 15:
--> Forest

--: Fall of the Titans

--: Fall of the Titans

------ OGW ------ 

Pack 2 pick 1:
    Jwar Isle Avenger
    Warden of Geometries
    Stalking Drone
    Expedition Raptor
    Loam Larva
    Witness the End
    Netcaster Spider
    Mighty Leap
    Cultivator Drone
    Expedite
    Harvester Troll
    Stoneforge Acolyte
    Press into Service
--> Fall of the Titans
    Plains

--: Essence Depleter

Pack 2 pick 2:
    Stalking Drone
    Goblin Freerunner
    Wastes
    Jwar Isle Avenger
    Corpse Churn
    Natural State
    Kozilek's Translator
    Slip Through Space
    Maw of Kozilek
    Dazzling Reflection
--> Essence Depleter
    Meandering River
    Reflector Mage
    Swamp

--: Hedron Crawler

--: Hedron Crawler

Pack 2 pick 3:
    Containment Membrane
--> Hedron Crawler
    Tar Snare
    Stalking Drone
    Swamp
    Natural State
    Witness the End
    Slip Through Space
    Brute Strength
    Kor Scythemaster
    Kazuul's Toll Collector
    Void Shatter
    Mountain

--: Wastes

--: Wastes

Pack 2 pick 4:
    Bone Saw
    Tajuru Pathwarden
    Goblin Freerunner
--> Wastes
    Vines of the Recluse
    Unnatural Endurance
    Abstruse Interference
    Sparkmage's Gambit
    Kor Scythemaster
    Harvester Troll
    Tranquil Expanse
    Forest

--: Roiling Waters

--: Roiling Waters

Pack 2 pick 5:
    Tar Snare
    Unknown Shores
    Sweep Away
    Bone Saw
    Zulaport Chainmage
    Searing Light
    Negate
--> Roiling Waters
    Flayer Drone
    Stoneforge Acolyte
    Swamp

--: Cyclone Sire

--: Cyclone Sire

Pack 2 pick 6:
    Hedron Crawler
    Mountain
    Wastes
    Kozilek's Translator
    Lead by Example
    Cultivator Drone
--> Cyclone Sire
    Visions of Brutality
    Gift of Tusks
    Swamp

--: Hedron Crawler

--: Hedron Crawler

Pack 2 pick 7:
    Crumbling Vestige
    Containment Membrane
--> Hedron Crawler
    Abstruse Interference
    Akoum Flameseeker
    Strider Harness
    Kazuul's Toll Collector
    Overwhelming Denial
    Mountain

--: Blinding Drone

--: Blinding Drone

Pack 2 pick 8:
--> Blinding Drone
    Kozilek's Pathfinder
    Kozilek's Shrieker
    Witness the End
    Umara Entangler
    Iona's Blessing
    Overwhelming Denial
    Plains

--: Cultivator Drone

--: Jwar Isle Avenger

--: Cultivator Drone

Pack 2 pick 9:
    Jwar Isle Avenger
    Warden of Geometries
    Loam Larva
    Witness the End
--> Cultivator Drone
    Harvester Troll
    Plains

--: Meandering River

--: Kozilek's Translator

--: Kozilek's Translator

Pack 2 pick 10:
    Corpse Churn
    Natural State
--> Kozilek's Translator
    Slip Through Space
    Meandering River
    Swamp

--: Witness the End

Pack 2 pick 11:
    Swamp
    Natural State
--> Witness the End
    Slip Through Space
    Mountain

--: Abstruse Interference

--: Abstruse Interference

Pack 2 pick 12:
    Bone Saw
--> Abstruse Interference
    Harvester Troll
    Forest

--: Tar Snare

Pack 2 pick 13:
--> Tar Snare
    Negate
    Swamp

--: Gift of Tusks

Pack 2 pick 14:
--> Gift of Tusks
    Swamp

--: Abstruse Interference

Pack 2 pick 15:
--> Abstruse Interference

--: Incubator Drone

--: Incubator Drone

------ BFZ ------ 

Pack 3 pick 1:
--> Incubator Drone
    Culling Drone
    Seek the Wilds
    Coralhelm Guide
    Lithomancer's Focus
    Outnumber
    Gideon's Reproach
    Vestige of Emrakul
    Ghostly Sentinel
    Dominator Drone
    Serene Steward
    Rot Shambler
    Infuse with the Elements
    Canopy Vista
    Swamp

--: Tightening Coils

--: Tightening Coils

Pack 3 pick 2:
    Altar's Reap
    Call the Scions
    Roilmage's Trick
    Mortuary Mire
    Natural Connection
--> Tightening Coils
    Spawning Bed
    Demon's Grasp
    Inspired Charge
    Reckless Cohort
    Transgress the Mind
    Halimar Tidecaller
    Woodland Wanderer
    Swamp

--: Kozilek's Channeler

--: Kozilek's Channeler

Pack 3 pick 3:
    Murk Strider
    Sludge Crawler
    Plummet
    Salvage Drone
    Goblin War Paint
--> Kozilek's Channeler
    Makindi Sliderunner
    Courier Griffin
    Unified Front
    Murasa Ranger
    Hedron Archive
    Sunken Hollow
    Plains

--: Dampening Pulse

--: Dampening Pulse

Pack 3 pick 4:
    Roilmage's Trick
    Dutiful Return
    Swell of Growth
    Dispel
    Fortified Rampart
    Belligerent Whiptail
    Sheer Drop
    Rising Miasma
    Kor Bladewhirl
--> Dampening Pulse
    Beastcaller Savant
    Island

--: Evolving Wilds

--: Evolving Wilds

Pack 3 pick 5:
    Salvage Drone
    Swarm Surge
    Call the Scions
    Tajuru Beastmaster
    Wave-Wing Elemental
--> Evolving Wilds
    Rush of Ice
    Tandem Tactics
    Infuse with the Elements
    Skyrider Elf
    Forest

--: Clutch of Currents

--: Clutch of Currents

Pack 3 pick 6:
    Territorial Baloth
--> Clutch of Currents
    Kalastria Nightwatch
    Swell of Growth
    Lavastep Raider
    Fortified Rampart
    Vestige of Emrakul
    Ulamog's Reclaimer
    Unified Front
    Mountain

--: Murk Strider

--: Murk Strider

Pack 3 pick 7:
    Swarm Surge
    Call the Scions
--> Murk Strider
    Voracious Null
    Lithomancer's Focus
    Goblin War Paint
    Shadow Glider
    Molten Nursery
    Mountain

--: Cloud Manta

--: Cloud Manta

Pack 3 pick 8:
    Mind Raker
    Natural Connection
    Geyserfield Stalker
--> Cloud Manta
    Kozilek's Sentinel
    Retreat to Hagra
    Bring to Light
    Swamp

--: Culling Drone

--: Culling Drone

Pack 3 pick 9:
--> Culling Drone
    Seek the Wilds
    Lithomancer's Focus
    Vestige of Emrakul
    Serene Steward
    Infuse with the Elements
    Swamp

--: Spawning Bed

--: Mortuary Mire

Pack 3 pick 10:
    Altar's Reap
    Call the Scions
    Roilmage's Trick
--> Mortuary Mire
    Spawning Bed
    Swamp

--: Murk Strider

Pack 3 pick 11:
--> Murk Strider
    Salvage Drone
    Unified Front
    Murasa Ranger
    Plains

--: Dutiful Return

Pack 3 pick 12:
    Roilmage's Trick
--> Dutiful Return
    Swell of Growth
    Island

--: Salvage Drone

Pack 3 pick 13:
--> Salvage Drone
    Infuse with the Elements
    Forest

--: Unified Front

Pack 3 pick 14:
--> Unified Front
    Mountain

--: Mountain

Pack 3 pick 15:
--> Mountain

