Event #: 9373163
Time:    2/10/2016 11:01:13 PM
Players:
    SeoulSurvivor81
    alphad
    spuccio
    WerebearActivist
    tsimehc2000
--> tommyv
    bmiller123
    jin2836

--: Overwhelming Denial

--: Vampire Envoy

--: Vampire Envoy

------ OGW ------ 

Pack 1 pick 1:
    Warden of Geometries
    Spawnbinder Mage
--> Vampire Envoy
    Reality Hemorrhage
    Kozilek's Translator
    Elemental Uprising
    Sky Scourer
    Ondu War Cleric
    Ancient Crab
    Affa Protector
    Reckless Bushwhacker
    Birthing Hulk
    Void Grafter
    Overwhelming Denial
    Swamp

--: Crush of Tentacles

--: Crush of Tentacles

Pack 1 pick 2:
    Warden of Geometries
    Spawnbinder Mage
    Vampire Envoy
    Reality Hemorrhage
    Unknown Shores
    Zulaport Chainmage
    Elemental Uprising
    Shoulder to Shoulder
    Umara Entangler
    Searing Light
    Tranquil Expanse
    Stoneforge Acolyte
--> Crush of Tentacles
    Mountain

--: Blinding Drone

--: Blinding Drone

Pack 1 pick 3:
--> Blinding Drone
    Kozilek's Pathfinder
    Scion Summoner
    Witness the End
    Canopy Gorger
    Wastes
    Ancient Crab
    Expedite
    Meandering River
    Prophet of Distortion
    Bonds of Mortality
    Remorseless Punishment
    Plains

--: Maw of Kozilek

--: Maw of Kozilek

Pack 1 pick 4:
    Warden of Geometries
    Stalking Drone
    Reality Hemorrhage
    Vines of the Recluse
    Unnatural Endurance
    Searing Light
    Negate
--> Maw of Kozilek
    Shoulder to Shoulder
    Pyromancer's Assault
    Relentless Hunter
    Island

--: Pyromancer's Assault

--: Cultivator Drone

Pack 1 pick 5:
    Unknown Shores
    Gravity Negator
    Warden of Geometries
    Corpse Churn
    Natural State
    Kozilek's Translator
    Brute Strength
    Mighty Leap
--> Cultivator Drone
    Pyromancer's Assault
    Swamp

--: Sweep Away

--: Sweep Away

Pack 1 pick 6:
    Wastes
--> Sweep Away
    Seer's Lantern
    Loam Larva
    Witness the End
    Netcaster Spider
    Abstruse Interference
    Sparkmage's Gambit
    Warping Wail
    Mountain

--: Devour in Flames

--: Devour in Flames

Pack 1 pick 7:
    Tar Snare
    Wastes
    Gravity Negator
    Witness the End
    Mighty Leap
    Consuming Sinkhole
    Harvester Troll
--> Devour in Flames
    Swamp

--: Tajuru Pathwarden

Pack 1 pick 8:
    Unknown Shores
--> Tajuru Pathwarden
    Slaughter Drone
    Canopy Gorger
    Eldrazi Aggressor
    Reaver Drone
    Flayer Drone
    Forest

--: Overwhelming Denial

--: Birthing Hulk

Pack 1 pick 9:
    Warden of Geometries
    Elemental Uprising
    Sky Scourer
    Ancient Crab
--> Birthing Hulk
    Overwhelming Denial
    Swamp

Pack 1 pick 10:
    Warden of Geometries
--> Zulaport Chainmage
    Elemental Uprising
    Tranquil Expanse
    Stoneforge Acolyte
    Mountain

--: Ancient Crab

Pack 1 pick 11:
    Kozilek's Pathfinder
    Canopy Gorger
--> Ancient Crab
    Bonds of Mortality
    Plains

--: Pyromancer's Assault

--: Vines of the Recluse

Pack 1 pick 12:
    Warden of Geometries
--> Vines of the Recluse
    Pyromancer's Assault
    Island

--: Natural State

Pack 1 pick 13:
    Corpse Churn
--> Natural State
    Swamp

Pack 1 pick 14:
--> Witness the End
    Mountain

Pack 1 pick 15:
--> Swamp

--: Dimensional Infiltrator

--: Boulder Salvo

--: Boulder Salvo

------ OGW ------ 

Pack 2 pick 1:
    Kozilek's Pathfinder
    Isolation Zone
    Scion Summoner
--> Boulder Salvo
    Vines of the Recluse
    Zulaport Chainmage
    Saddleback Lagac
    Dazzling Reflection
    Umara Entangler
    Brute Strength
    Cinder Barrens
    Cyclone Sire
    Visions of Brutality
    Dimensional Infiltrator
    Plains

--: Blinding Drone

Pack 2 pick 2:
    Tajuru Pathwarden
    Goblin Freerunner
    Holdout Settlement
--> Blinding Drone
    Slaughter Drone
    Lead by Example
    Untamed Hunger
    Searing Light
    Negate
    Sparkmage's Gambit
    Spatial Contortion
    Relief Captain
    Bonds of Mortality
    Mountain

--: Oblivion Strike

--: Oblivion Strike

Pack 2 pick 3:
    Kozilek's Pathfinder
    Spawnbinder Mage
--> Oblivion Strike
    Vines of the Recluse
    Kozilek's Translator
    Abstruse Interference
    Akoum Flameseeker
    Dazzling Reflection
    Relief Captain
    Essence Depleter
    Baloth Pup
    Dread Defiler
    Forest

--: Hedron Crawler

Pack 2 pick 4:
    Crumbling Vestige
    Gravity Negator
--> Hedron Crawler
    Vampire Envoy
    Kozilek's Shrieker
    Witness the End
    Ancient Crab
    Searing Light
    Null Caller
    Bonds of Mortality
    Weapons Trainer
    Forest

--: Vampire Envoy

--: Vampire Envoy

Pack 2 pick 5:
    Wastes
    Tranquil Expanse
--> Vampire Envoy
    Canopy Gorger
    Sky Scourer
    Elemental Uprising
    Affa Protector
    Mighty Leap
    Consuming Sinkhole
    Hedron Alignment
    Plains

--: Brute Strength

--: Cultivator Drone

Pack 2 pick 6:
    Sweep Away
    Bone Saw
    Tajuru Pathwarden
    Sky Scourer
    Kozilek's Shrieker
    Ondu War Cleric
--> Cultivator Drone
    Brute Strength
    Reflector Mage
    Forest

--: Unknown Shores

Pack 2 pick 7:
    Bone Saw
    Expedition Raptor
    Tar Snare
--> Unknown Shores
    Canopy Gorger
    Kozilek's Translator
    Comparative Analysis
    Eldrazi Aggressor
    Plains

--: Slip Through Space

--: Slip Through Space

Pack 2 pick 8:
    Tar Snare
    Wastes
    Lead by Example
    Untamed Hunger
    Dazzling Reflection
--> Slip Through Space
    Consuming Sinkhole
    Island

--: Cyclone Sire

--: Cyclone Sire

Pack 2 pick 9:
    Kozilek's Pathfinder
    Scion Summoner
    Vines of the Recluse
    Zulaport Chainmage
    Dazzling Reflection
--> Cyclone Sire
    Plains

--: Slaughter Drone

Pack 2 pick 10:
--> Slaughter Drone
    Untamed Hunger
    Searing Light
    Negate
    Bonds of Mortality
    Mountain

--: Kozilek's Translator

Pack 2 pick 11:
    Spawnbinder Mage
--> Kozilek's Translator
    Abstruse Interference
    Akoum Flameseeker
    Forest

--: Witness the End

--: Kozilek's Shrieker

Pack 2 pick 12:
--> Kozilek's Shrieker
    Witness the End
    Bonds of Mortality
    Forest

--: Wastes

--: Wastes

Pack 2 pick 13:
--> Wastes
    Elemental Uprising
    Plains

--: Sky Scourer

Pack 2 pick 14:
--> Sky Scourer
    Forest

Pack 2 pick 15:
--> Plains

--: Eldrazi Skyspawner

--: Eldrazi Skyspawner

------ BFZ ------ 

Pack 3 pick 1:
    Earthen Arms
    Incubator Drone
    Cloud Manta
    Sandstone Bridge
    Tajuru Beastmaster
    Demon's Grasp
    Skyline Cascade
--> Eldrazi Skyspawner
    Goblin War Paint
    Tandem Tactics
    Blighted Fen
    Deathless Behemoth
    Serene Steward
    Emeria Shepherd
    Plains

--: Dominator Drone

--: Smoldering Marsh

--: Smoldering Marsh

Pack 3 pick 2:
    Territorial Baloth
    Roilmage's Trick
    Dutiful Return
    Swell of Growth
    Volcanic Upheaval
    Angelic Gift
    Valakut Invoker
    Dominator Drone
    Stonefury
    Adverse Conditions
    Retreat to Kazandu
    Skyrider Elf
--> Smoldering Marsh
    Swamp

--: Eldrazi Skyspawner

--: Eldrazi Skyspawner

Pack 3 pick 3:
    Clutch of Currents
    Culling Drone
    Giant Mantis
    Geyserfield Stalker
    Snapping Gnarlid
    Evolving Wilds
--> Eldrazi Skyspawner
    Hedron Blade
    Lavastep Raider
    Makindi Patrol
    Ulamog's Nullifier
    Titan's Presence
    Swamp

--: Demon's Grasp

--: Demon's Grasp

Pack 3 pick 4:
    Oran-Rief Invoker
    Dispel
    Mind Raker
    Eldrazi Devastator
--> Demon's Grasp
    Looming Spires
    Fertile Thicket
    Snapping Gnarlid
    Kozilek's Sentinel
    Jaddi Offshoot
    Rot Shambler
    Island

--: Tightening Coils

Pack 3 pick 5:
    Swell of Growth
    Mist Intruder
    Bone Splinters
    Broodhunter Wurm
    Mortuary Mire
--> Tightening Coils
    Belligerent Whiptail
    Stone Haven Medic
    Hagra Sharpshooter
    Ondu Rising
    Forest

--: Oracle of Dust

--: Oracle of Dust

Pack 3 pick 6:
--> Oracle of Dust
    Altar's Reap
    Looming Spires
    Grave Birthing
    Fertile Thicket
    Boiling Earth
    Lithomancer's Focus
    Void Attendant
    Blighted Steppe
    Plains

--: Sludge Crawler

Pack 3 pick 7:
    Murk Strider
--> Sludge Crawler
    Silent Skimmer
    Mortuary Mire
    Natural Connection
    Belligerent Whiptail
    Slab Hammer
    Firemantle Mage
    Mountain

--: Mist Intruder

--: Mist Intruder

Pack 3 pick 8:
    Voracious Null
    Reclaiming Vines
--> Mist Intruder
    Goblin War Paint
    Ondu Greathorn
    Ondu Champion
    Murasa Ranger
    Forest

--: Incubator Drone

--: Incubator Drone

Pack 3 pick 9:
    Earthen Arms
--> Incubator Drone
    Tajuru Beastmaster
    Skyline Cascade
    Goblin War Paint
    Tandem Tactics
    Plains

--: Dominator Drone

--: Dominator Drone

Pack 3 pick 10:
    Roilmage's Trick
    Dutiful Return
    Swell of Growth
    Volcanic Upheaval
--> Dominator Drone
    Swamp

--: Culling Drone

Pack 3 pick 11:
--> Culling Drone
    Snapping Gnarlid
    Hedron Blade
    Lavastep Raider
    Swamp

--: Dispel

Pack 3 pick 12:
--> Dispel
    Looming Spires
    Fertile Thicket
    Island

Pack 3 pick 13:
    Mortuary Mire
--> Hagra Sharpshooter
    Forest

Pack 3 pick 14:
--> Looming Spires
    Plains

Pack 3 pick 15:
--> Mountain

