Event #: 9373439
Time:    2/10/2016 9:02:14 PM
Players:
    natedog586
--> HuaxingMachine
    piggy
    Fedeyev
    bachwiz18
    Kristina
    hisapon
    sario140

--: World Breaker

--: World Breaker

------ OGW ------ 

Pack 1 pick 1:
    Spawnbinder Mage
    Zada's Commando
    Wastes
    Jwar Isle Avenger
    Corpse Churn
    Canopy Gorger
    Sky Scourer
    Mighty Leap
    Cultivator Drone
    Expedite
    Submerged Boneyard
    Wall of Resurgence
    Void Shatter
--> World Breaker
    Mountain

--: Roiling Waters

--: Zada's Commando

--: Zada's Commando

Pack 1 pick 2:
--> Zada's Commando
    Crumbling Vestige
    Containment Membrane
    Hedron Crawler
    Vines of the Recluse
    Unnatural Endurance
    Pulse of Murasa
    Maw of Kozilek
    Mighty Leap
    Abstruse Interference
    Roiling Waters
    Chitinous Cloak
    Weapons Trainer
    Forest

--: Zada's Commando

--: Birthing Hulk

--: Zada's Commando

--: Tajuru Pathwarden

--: Birthing Hulk

--: Zada's Commando

--: Tajuru Pathwarden

--: Zada's Commando

--: Zada's Commando

Pack 1 pick 3:
    Tajuru Pathwarden
    Expedition Raptor
--> Zada's Commando
    Crumbling Vestige
    Containment Membrane
    Untamed Hunger
    Vines of the Recluse
    Slip Through Space
    Maw of Kozilek
    Dazzling Reflection
    Birthing Hulk
    Call the Gatewatch
    Plains

--: Akoum Flameseeker

--: Blinding Drone

--: Blinding Drone

Pack 1 pick 4:
    Holdout Settlement
--> Blinding Drone
    Kozilek's Pathfinder
    Kozilek's Shrieker
    Natural State
    Abstruse Interference
    Akoum Flameseeker
    Searing Light
    Reaver Drone
    Submerged Boneyard
    Visions of Brutality
    Mountain

--: Thought Harvester

--: Thought Harvester

Pack 1 pick 5:
    Warden of Geometries
    Tar Snare
    Allied Reinforcements
    Kozilek's Translator
    Lead by Example
    Consuming Sinkhole
    Cultivator Drone
    Reaver Drone
    Meandering River
--> Thought Harvester
    Mountain

--: Blinding Drone

--: Prophet of Distortion

--: Thought Harvester

--: Blinding Drone

--: Blinding Drone

Pack 1 pick 6:
--> Blinding Drone
    Kozilek's Pathfinder
    Elemental Uprising
    Zulaport Chainmage
    Ancient Crab
    Slip Through Space
    Prophet of Distortion
    Strider Harness
    Thought Harvester
    Forest

--: Stormchaser Mage

--: Stormchaser Mage

Pack 1 pick 7:
    Elemental Uprising
    Sky Scourer
    Loam Larva
    Expedite
    Searing Light
    Comparative Analysis
    Harvester Troll
--> Stormchaser Mage
    Plains

--: Scion Summoner

--: Scion Summoner

Pack 1 pick 8:
    Gravity Negator
    Bone Saw
--> Scion Summoner
    Elemental Uprising
    Dazzling Reflection
    Slip Through Space
    Chitinous Cloak
    Forest

--: Wastes

--: Wastes

Pack 1 pick 9:
--> Wastes
    Corpse Churn
    Canopy Gorger
    Expedite
    Submerged Boneyard
    Void Shatter
    Mountain

--: Vines of the Recluse

--: Vines of the Recluse

Pack 1 pick 10:
--> Vines of the Recluse
    Pulse of Murasa
    Mighty Leap
    Abstruse Interference
    Chitinous Cloak
    Forest

--: Vines of the Recluse

--: Vines of the Recluse

Pack 1 pick 11:
    Untamed Hunger
--> Vines of the Recluse
    Dazzling Reflection
    Call the Gatewatch
    Plains

Pack 1 pick 12:
--> Kozilek's Shrieker
    Natural State
    Reaver Drone
    Mountain

Pack 1 pick 13:
    Consuming Sinkhole
--> Reaver Drone
    Mountain

Pack 1 pick 14:
--> Elemental Uprising
    Forest

Pack 1 pick 15:
--> Plains

--: Containment Membrane

--: Wastes

--: Containment Membrane

--: Containment Membrane

------ OGW ------ 

Pack 2 pick 1:
    Wastes
--> Containment Membrane
    Bone Saw
    Vampire Envoy
    Zulaport Chainmage
    Elemental Uprising
    Sky Scourer
    Akoum Flameseeker
    Dazzling Reflection
    Slip Through Space
    Pyromancer's Assault
    Baloth Pup
    Flaying Tendrils
    Zendikar Resurgent
    Plains

--: Sylvan Advocate

--: Sylvan Advocate

Pack 2 pick 2:
    Stalking Drone
    Goblin Freerunner
    Wastes
    Jwar Isle Avenger
    Warden of Geometries
    Canopy Gorger
    Kozilek's Shrieker
    Umara Entangler
    Consuming Sinkhole
    Tranquil Expanse
    Devour in Flames
    Ruin in Their Wake
--> Sylvan Advocate
    Island

--: Baloth Pup

--: Saddleback Lagac

--: Saddleback Lagac

Pack 2 pick 3:
    Warden of Geometries
    Tar Snare
    Reality Hemorrhage
--> Saddleback Lagac
    Corpse Churn
    Slip Through Space
    Maw of Kozilek
    Dazzling Reflection
    Submerged Boneyard
    Baloth Pup
    Flayer Drone
    Eldrazi Mimic
    Mountain

--: Embodiment of Insight

--: Embodiment of Insight

Pack 2 pick 4:
    Scion Summoner
    Boulder Salvo
    Wastes
    Sweep Away
    Zulaport Chainmage
    Saddleback Lagac
    Corpse Churn
    Umara Entangler
--> Embodiment of Insight
    Immobilizer Eldrazi
    Zendikar Resurgent
    Plains

--: Embodiment of Insight

--: Seer's Lantern

--: Slip Through Space

--: Tajuru Pathwarden

--: Embodiment of Insight

--: Embodiment of Insight

Pack 2 pick 5:
    Seer's Lantern
    Tajuru Pathwarden
    Lead by Example
    Untamed Hunger
    Pulse of Murasa
    Slip Through Space
    Consuming Sinkhole
    Searing Light
--> Embodiment of Insight
    Warping Wail
    Island

--: Saddleback Lagac

--: Jwar Isle Avenger

--: Saddleback Lagac

--: Saddleback Lagac

--: Netcaster Spider

--: Saddleback Lagac

--: Saddleback Lagac

Pack 2 pick 6:
    Wastes
    Jwar Isle Avenger
    Warden of Geometries
    Stalking Drone
--> Saddleback Lagac
    Kozilek's Shrieker
    Netcaster Spider
    Comparative Analysis
    Pyromancer's Assault
    Plains

--: Saddleback Lagac

--: Saddleback Lagac

Pack 2 pick 7:
    Kozilek's Pathfinder
    Kozilek's Translator
--> Saddleback Lagac
    Corpse Churn
    Brute Strength
    Mighty Leap
    Tranquil Expanse
    Stoneforge Acolyte
    Island

--: Saddleback Lagac

--: Saddleback Lagac

Pack 2 pick 8:
    Oblivion Strike
    Goblin Freerunner
--> Saddleback Lagac
    Kozilek's Shrieker
    Brute Strength
    Comparative Analysis
    Tranquil Expanse
    Island

--: Slip Through Space

--: Slip Through Space

Pack 2 pick 9:
    Elemental Uprising
    Sky Scourer
    Dazzling Reflection
--> Slip Through Space
    Pyromancer's Assault
    Zendikar Resurgent
    Plains

--: Warden of Geometries

--: Ruin in Their Wake

--: Warden of Geometries

--: Ruin in Their Wake

Pack 2 pick 10:
    Warden of Geometries
    Canopy Gorger
    Consuming Sinkhole
    Tranquil Expanse
--> Ruin in Their Wake
    Island

--: Warden of Geometries

Pack 2 pick 11:
--> Warden of Geometries
    Corpse Churn
    Slip Through Space
    Dazzling Reflection
    Mountain

--: Scion Summoner

Pack 2 pick 12:
--> Scion Summoner
    Corpse Churn
    Zendikar Resurgent
    Plains

Pack 2 pick 13:
    Untamed Hunger
--> Consuming Sinkhole
    Island

Pack 2 pick 14:
--> Pyromancer's Assault
    Plains

Pack 2 pick 15:
--> Corpse Churn

--: Drana, Liberator of Malakir

------ BFZ ------ 

Pack 3 pick 1:
    Oran-Rief Invoker
    Dispel
    Mind Raker
--> Drana, Liberator of Malakir
    Tajuru Beastmaster
    Wave-Wing Elemental
    Evolving Wilds
    Silent Skimmer
    Angelic Gift
    Nettle Drone
    Kor Bladewhirl
    Grip of Desolation
    Unified Front
    Emeria Shepherd
    Forest

--: Void Attendant

--: Void Attendant

Pack 3 pick 2:
    Giant Mantis
    Anticipate
    Mortuary Mire
    Tightening Coils
    Looming Spires
    Grave Birthing
    Eyeless Watcher
    Kozilek's Sentinel
    Cliffside Lookout
    Roil's Retribution
--> Void Attendant
    Halimar Tidecaller
    Bring to Light
    Mountain

--: Unnatural Aggression

--: Seek the Wilds

--: Unnatural Aggression

--: Unnatural Aggression

Pack 3 pick 3:
    Culling Drone
    Giant Mantis
    Seek the Wilds
    Hedron Blade
    Bone Splinters
--> Unnatural Aggression
    Sandstone Bridge
    Angelic Gift
    Lavastep Raider
    Infuse with the Elements
    Tunneling Geopede
    Hero of Goma Fada
    Swamp

Pack 3 pick 4:
    Sludge Crawler
--> Plummet
    Salvage Drone
    Kalastria Healer
    Kor Castigator
    Sure Strike
    Courier Griffin
    Smite the Monstrous
    Stonefury
    Ulamog's Despoiler
    Ondu Rising
    Mountain

--: Pilgrim's Eye

--: Pilgrim's Eye

Pack 3 pick 5:
    Sludge Crawler
    Earthen Arms
    Incubator Drone
    Kalastria Healer
    Goblin War Paint
    Kozilek's Channeler
    Vestige of Emrakul
    Courier Griffin
    Horribly Awry
--> Pilgrim's Eye
    Plains

--: Coralhelm Guide

--: Coralhelm Guide

Pack 3 pick 6:
    Culling Drone
    Seek the Wilds
--> Coralhelm Guide
    Nirkana Assassin
    Cliffside Lookout
    Volcanic Upheaval
    Valakut Predator
    Hedron Blade
    Vampiric Rites
    Forest

--: Anticipate

--: Anticipate

Pack 3 pick 7:
--> Anticipate
    Sludge Crawler
    Earthen Arms
    Incubator Drone
    Stone Haven Medic
    Stonefury
    Chasm Guide
    Cinder Glade
    Island

--: Shrine of the Forsaken Gods

--: Shrine of the Forsaken Gods

Pack 3 pick 8:
    Kalastria Nightwatch
    Earthen Arms
    Murk Strider
    Skyline Cascade
    Eyeless Watcher
    Kitesail Scout
--> Shrine of the Forsaken Gods
    Mountain

--: Oran-Rief Invoker

--: Oran-Rief Invoker

Pack 3 pick 9:
--> Oran-Rief Invoker
    Dispel
    Tajuru Beastmaster
    Silent Skimmer
    Angelic Gift
    Unified Front
    Forest

Pack 3 pick 10:
--> Giant Mantis
    Anticipate
    Mortuary Mire
    Grave Birthing
    Cliffside Lookout
    Mountain

Pack 3 pick 11:
    Sandstone Bridge
    Angelic Gift
    Lavastep Raider
--> Infuse with the Elements
    Swamp

Pack 3 pick 12:
    Salvage Drone
    Kalastria Healer
--> Sure Strike
    Mountain

Pack 3 pick 13:
--> Earthen Arms
    Goblin War Paint
    Plains

Pack 3 pick 14:
--> Seek the Wilds
    Forest

Pack 3 pick 15:
--> Island

