Event #: 9373708
Time:    2/10/2016 10:04:45 PM
Players:
    xmalcolmx
    itaita
    shachmand
--> HuaxingMachine
    echecetmat35
    shufflerpwned
    Justy
    afann

--: Zada's Commando

--: Zada's Commando

------ OGW ------ 

Pack 1 pick 1:
    Expedition Raptor
--> Zada's Commando
    Crumbling Vestige
    Containment Membrane
    Netcaster Spider
    Kozilek's Shrieker
    Loam Larva
    Makindi Aeronaut
    Umara Entangler
    Consuming Sinkhole
    Birthing Hulk
    Void Grafter
    Warping Wail
    Call the Gatewatch
    Plains

--: Isolation Zone

--: Isolation Zone

Pack 1 pick 2:
    Goblin Freerunner
    Wastes
    Jwar Isle Avenger
    Warden of Geometries
--> Isolation Zone
    Vines of the Recluse
    Unnatural Endurance
    Umara Entangler
    Brute Strength
    Mighty Leap
    Submerged Boneyard
    Wall of Resurgence
    Vile Redeemer
    Mountain

--: Immolating Glare

--: Immolating Glare

Pack 1 pick 3:
    Bone Saw
    Expedition Raptor
    Tar Snare
    Unknown Shores
    Slaughter Drone
    Canopy Gorger
    Akoum Flameseeker
    Searing Light
    Negate
--> Immolating Glare
    Stormchaser Mage
    Warping Wail
    Swamp

--: Wall of Resurgence

--: Wall of Resurgence

Pack 1 pick 4:
    Goblin Freerunner
    Wastes
    Containment Membrane
    Corpse Churn
    Natural State
    Eldrazi Aggressor
    Affa Protector
    Mighty Leap
    Meandering River
    Roiling Waters
--> Wall of Resurgence
    Forest

--: Allied Reinforcements

--: Allied Reinforcements

Pack 1 pick 5:
    Unknown Shores
    Bone Saw
    Tajuru Pathwarden
    Pulse of Murasa
    Unnatural Endurance
    Dazzling Reflection
    Slip Through Space
    Tranquil Expanse
--> Allied Reinforcements
    Unity of Purpose
    Swamp

--: Shoulder to Shoulder

--: Shoulder to Shoulder

Pack 1 pick 6:
    Scion Summoner
    Wastes
    Slaughter Drone
    Lead by Example
--> Shoulder to Shoulder
    Ancient Crab
    Maw of Kozilek
    Mighty Leap
    Oath of Jace
    Island

--: Kor Scythemaster

--: Kor Scythemaster

Pack 1 pick 7:
    Pulse of Murasa
    Gravity Negator
    Elemental Uprising
    Comparative Analysis
    Eldrazi Aggressor
--> Kor Scythemaster
    Negate
    Timber Gorge
    Mountain

--: Mighty Leap

--: Mighty Leap

Pack 1 pick 8:
    Tar Snare
    Pulse of Murasa
    Brute Strength
--> Mighty Leap
    Cultivator Drone
    Expedite
    Strider Harness
    Plains

--: Netcaster Spider

--: Netcaster Spider

Pack 1 pick 9:
--> Netcaster Spider
    Loam Larva
    Umara Entangler
    Consuming Sinkhole
    Warping Wail
    Call the Gatewatch
    Plains

--: Mighty Leap

--: Mighty Leap

Pack 1 pick 10:
    Warden of Geometries
    Vines of the Recluse
    Brute Strength
--> Mighty Leap
    Submerged Boneyard
    Mountain

--: Akoum Flameseeker

--: Akoum Flameseeker

Pack 1 pick 11:
    Tar Snare
    Canopy Gorger
--> Akoum Flameseeker
    Negate
    Swamp

--: Mighty Leap

Pack 1 pick 12:
    Corpse Churn
    Natural State
--> Mighty Leap
    Forest

Pack 1 pick 13:
    Dazzling Reflection
--> Unity of Purpose
    Swamp

--: Lead by Example

Pack 1 pick 14:
--> Lead by Example
    Island

Pack 1 pick 15:
--> Mountain

--: Joraga Auxiliary

--: Joraga Auxiliary

------ OGW ------ 

Pack 2 pick 1:
    Kor Sky Climber
    Reality Hemorrhage
    Wastes
    Containment Membrane
    Lead by Example
    Corpse Churn
    Natural State
    Dazzling Reflection
    Slip Through Space
    Consuming Sinkhole
    Timber Gorge
    Grip of the Roil
--> Joraga Auxiliary
    Stoneforge Masterwork
    Mountain

--: Stalking Drone

--: Stalking Drone

Pack 2 pick 2:
    Unknown Shores
    Gravity Negator
    Warden of Geometries
--> Stalking Drone
    Kozilek's Shrieker
    Netcaster Spider
    Witness the End
    Makindi Aeronaut
    Abstruse Interference
    Sparkmage's Gambit
    Make a Stand
    Mindmelter
    Oath of Gideon
    Island

--: Tajuru Pathwarden

--: Kor Scythemaster

--: Tajuru Pathwarden

--: Tajuru Pathwarden

Pack 2 pick 3:
    Boulder Salvo
    Holdout Settlement
    Blinding Drone
    Kozilek's Pathfinder
--> Tajuru Pathwarden
    Natural State
    Witness the End
    Kor Scythemaster
    Negate
    Sparkmage's Gambit
    Chitinous Cloak
    Reckless Bushwhacker
    Forest

--: Seed Guardian

--: Seed Guardian

Pack 2 pick 4:
    Scion Summoner
    Boulder Salvo
    Holdout Settlement
    Slaughter Drone
    Lead by Example
    Untamed Hunger
    Maw of Kozilek
    Mighty Leap
    Abstruse Interference
--> Seed Guardian
    Weapons Trainer
    Island

--: Loam Larva

--: Loam Larva

Pack 2 pick 5:
    Warden of Geometries
    Vampire Envoy
    Reality Hemorrhage
    Kozilek's Shrieker
--> Loam Larva
    Consuming Sinkhole
    Ancient Crab
    Chitinous Cloak
    Pyromancer's Assault
    Remorseless Punishment
    Plains

--: Tajuru Pathwarden

--: Tajuru Pathwarden

Pack 2 pick 6:
    Kozilek's Pathfinder
--> Tajuru Pathwarden
    Slaughter Drone
    Loam Larva
    Unnatural Endurance
    Negate
    Maw of Kozilek
    Cinder Barrens
    Grip of the Roil
    Forest

--: Holdout Settlement

--: Holdout Settlement

Pack 2 pick 7:
--> Holdout Settlement
    Kozilek's Pathfinder
    Elemental Uprising
    Zulaport Chainmage
    Comparative Analysis
    Eldrazi Aggressor
    Visions of Brutality
    Gift of Tusks
    Mountain

--: Affa Protector

--: Affa Protector

Pack 2 pick 8:
    Corpse Churn
    Canopy Gorger
--> Affa Protector
    Ancient Crab
    Expedite
    Cinder Barrens
    Iona's Blessing
    Swamp

--: Lead by Example

--: Lead by Example

Pack 2 pick 9:
--> Lead by Example
    Corpse Churn
    Natural State
    Dazzling Reflection
    Slip Through Space
    Consuming Sinkhole
    Mountain

--: Make a Stand

--: Make a Stand

Pack 2 pick 10:
    Kozilek's Shrieker
    Witness the End
    Abstruse Interference
    Sparkmage's Gambit
--> Make a Stand
    Island

Pack 2 pick 11:
    Natural State
    Witness the End
    Negate
--> Sparkmage's Gambit
    Forest

--: Lead by Example

Pack 2 pick 12:
--> Lead by Example
    Untamed Hunger
    Abstruse Interference
    Island

--: Chitinous Cloak

Pack 2 pick 13:
    Consuming Sinkhole
--> Chitinous Cloak
    Plains

--: Loam Larva

Pack 2 pick 14:
--> Loam Larva
    Forest

Pack 2 pick 15:
--> Mountain

--: Broodhunter Wurm

--: Broodhunter Wurm

------ BFZ ------ 

Pack 3 pick 1:
    Incubator Drone
    Kalastria Healer
    Reclaiming Vines
    Sandstone Bridge
    Cloud Manta
    Scour from Existence
    Grave Birthing
--> Broodhunter Wurm
    Cliffside Lookout
    Outnumber
    Catacomb Sifter
    Pilgrim's Eye
    Roil Spout
    Scatter to the Winds
    Island

--: Oran-Rief Invoker

--: Oran-Rief Invoker

Pack 3 pick 2:
    Call the Scions
    Murk Strider
    Voracious Null
--> Oran-Rief Invoker
    Reckless Cohort
    Stone Haven Medic
    Makindi Sliderunner
    Courier Griffin
    Smite the Monstrous
    Stonefury
    Cryptic Cruiser
    Retreat to Kazandu
    Guardian of Tazeem
    Island

--: Gideon's Reproach

--: Gideon's Reproach

--: Gideon's Reproach

--: Earthen Arms

--: Gideon's Reproach

Pack 3 pick 3:
    Blisterpod
    Anticipate
    Earthen Arms
    Volcanic Upheaval
    Angelic Gift
--> Gideon's Reproach
    Sheer Drop
    Kozilek's Channeler
    Zulaport Cutthroat
    Halimar Tidecaller
    Roil Spout
    Beastcaller Savant
    Forest

--: Hero of Goma Fada

--: Hero of Goma Fada

Pack 3 pick 4:
    Nirkana Assassin
    Seek the Wilds
    Silent Skimmer
    Mortuary Mire
    Natural Connection
    Eldrazi Devastator
    Tandem Tactics
    Shatterskull Recruit
    Infuse with the Elements
    Grove Rumbler
--> Hero of Goma Fada
    Plains

--: Felidar Cub

--: Felidar Cub

Pack 3 pick 5:
    Oracle of Dust
    Altar's Reap
    Demon's Grasp
    Looming Spires
    Fertile Thicket
    Spell Shrivel
    Swarm Surge
--> Felidar Cub
    Goblin War Paint
    Akoum Stonewaker
    Plains

--: Tajuru Beastmaster

--: Tajuru Beastmaster

Pack 3 pick 6:
    Giant Mantis
    Scour from Existence
--> Tajuru Beastmaster
    Wave-Wing Elemental
    Silent Skimmer
    Lithomancer's Focus
    Sure Strike
    Plated Crusher
    Spawning Bed
    Swamp

Pack 3 pick 7:
    Silent Skimmer
    Mortuary Mire
    Natural Connection
    Eldrazi Devastator
--> Nettle Drone
    Kitesail Scout
    Retreat to Valakut
    Aligned Hedron Network
    Island

--: Sandstone Bridge

--: Sandstone Bridge

Pack 3 pick 8:
    Dutiful Return
    Swell of Growth
    Natural Connection
    Geyserfield Stalker
    Cloud Manta
--> Sandstone Bridge
    Processor Assault
    Swamp

--: Cliffside Lookout

--: Cliffside Lookout

Pack 3 pick 9:
    Reclaiming Vines
    Sandstone Bridge
    Cloud Manta
    Scour from Existence
    Grave Birthing
--> Cliffside Lookout
    Island

Pack 3 pick 10:
    Voracious Null
    Reckless Cohort
    Makindi Sliderunner
--> Smite the Monstrous
    Retreat to Kazandu
    Island

--: Angelic Gift

Pack 3 pick 11:
    Blisterpod
    Earthen Arms
    Volcanic Upheaval
--> Angelic Gift
    Forest

Pack 3 pick 12:
    Seek the Wilds
    Natural Connection
--> Infuse with the Elements
    Plains

--: Fertile Thicket

Pack 3 pick 13:
--> Fertile Thicket
    Goblin War Paint
    Plains

--: Lithomancer's Focus

Pack 3 pick 14:
--> Lithomancer's Focus
    Swamp

Pack 3 pick 15:
--> Island

