Event #: 9373423
Time:    2/11/2016 12:01:10 AM
Players:
    chillichuck
    intotheend
    yoshimune
--> colinmchapman
    alionsmane
    the ooze
    akihiko1021
    KaZzu

--: Sylvan Advocate

--: Isolation Zone

------ OGW ------ 

Pack 1 pick 1:
    Goblin Freerunner
    Wastes
    Jwar Isle Avenger
    Warden of Geometries
--> Isolation Zone
    Zulaport Chainmage
    Natural State
    Sparkmage's Gambit
    Kor Scythemaster
    Comparative Analysis
    Kazuul's Toll Collector
    Embodiment of Insight
    Tears of Valakut
    Sylvan Advocate
    Island

--: Grasp of Darkness

Pack 1 pick 2:
    Cinder Hellion
    Holdout Settlement
    Gravity Negator
    Bone Saw
    Saddleback Lagac
    Kozilek's Shrieker
    Netcaster Spider
    Mighty Leap
    Consuming Sinkhole
    Ondu War Cleric
    Make a Stand
--> Grasp of Darkness
    Relentless Hunter
    Mountain

--: Relief Captain

Pack 1 pick 3:
    Unknown Shores
    Gravity Negator
    Warden of Geometries
    Stalking Drone
    Untamed Hunger
    Pulse of Murasa
    Unnatural Endurance
    Shoulder to Shoulder
    Umara Entangler
    Akoum Flameseeker
--> Relief Captain
    Press into Service
    Mountain

--: Isolation Zone

Pack 1 pick 4:
    Holdout Settlement
    Kozilek's Pathfinder
--> Isolation Zone
    Canopy Gorger
    Lead by Example
    Ancient Crab
    Maw of Kozilek
    Mighty Leap
    Null Caller
    Cinder Barrens
    Ruin in Their Wake
    Forest

--: Sky Scourer

Pack 1 pick 5:
    Crumbling Vestige
    Containment Membrane
    Hedron Crawler
--> Sky Scourer
    Loam Larva
    Searing Light
    Comparative Analysis
    Eldrazi Aggressor
    Prophet of Distortion
    Iona's Blessing
    Forest

--: Slaughter Drone

Pack 1 pick 6:
    Crumbling Vestige
    Containment Membrane
--> Slaughter Drone
    Canopy Gorger
    Ancient Crab
    Maw of Kozilek
    Grip of the Roil
    Relentless Hunter
    Baloth Pup
    Plains

--: Kozilek's Shrieker

--: Kozilek's Shrieker

Pack 1 pick 7:
    Spawnbinder Mage
    Reality Hemorrhage
    Unknown Shores
--> Kozilek's Shrieker
    Affa Protector
    Mighty Leap
    Consuming Sinkhole
    Timber Gorge
    Forest

--: Jwar Isle Avenger

--: Jwar Isle Avenger

Pack 1 pick 8:
    Stalking Drone
    Cinder Hellion
--> Jwar Isle Avenger
    Unnatural Endurance
    Pulse of Murasa
    Dazzling Reflection
    Slip Through Space
    Swamp

--: Zulaport Chainmage

Pack 1 pick 9:
    Goblin Freerunner
--> Zulaport Chainmage
    Natural State
    Sparkmage's Gambit
    Comparative Analysis
    Tears of Valakut
    Island

--: Gravity Negator

Pack 1 pick 10:
    Cinder Hellion
--> Gravity Negator
    Bone Saw
    Mighty Leap
    Consuming Sinkhole
    Mountain

--: Gravity Negator

--: Gravity Negator

Pack 1 pick 11:
--> Gravity Negator
    Untamed Hunger
    Pulse of Murasa
    Umara Entangler
    Mountain

--: Canopy Gorger

--: Mighty Leap

Pack 1 pick 12:
    Canopy Gorger
--> Mighty Leap
    Ruin in Their Wake
    Forest

--: Eldrazi Aggressor

Pack 1 pick 13:
    Loam Larva
--> Eldrazi Aggressor
    Forest

--: Canopy Gorger

Pack 1 pick 14:
--> Canopy Gorger
    Plains

--: Forest

Pack 1 pick 15:
--> Forest

--: Dread Defiler

--: Cliffhaven Vampire

--: Zulaport Chainmage

--: Cliffhaven Vampire

--: Cliffhaven Vampire

------ OGW ------ 

Pack 2 pick 1:
    Warden of Geometries
    Stalking Drone
    Affa Protector
    Reality Hemorrhage
    Zulaport Chainmage
    Saddleback Lagac
    Corpse Churn
    Cultivator Drone
    Brute Strength
    Affa Protector
    Birthing Hulk
--> Cliffhaven Vampire
    Tears of Valakut
    Dread Defiler
    Swamp

--: Essence Depleter

--: Kor Sky Climber

Pack 2 pick 2:
    Blinding Drone
    Kozilek's Pathfinder
    Scion Summoner
--> Kor Sky Climber
    Zada's Commando
    Witness the End
    Netcaster Spider
    Comparative Analysis
    Eldrazi Aggressor
    Dazzling Reflection
    Immolating Glare
    Essence Depleter
    Warping Wail
    Mountain

--: Expedition Raptor

--: Expedition Raptor

Pack 2 pick 3:
    Bone Saw
--> Expedition Raptor
    Tar Snare
    Unknown Shores
    Unnatural Endurance
    Vines of the Recluse
    Shoulder to Shoulder
    Umara Entangler
    Akoum Flameseeker
    Embodiment of Insight
    Spatial Contortion
    Gift of Tusks
    Island

--: Essence Depleter

Pack 2 pick 4:
    Kozilek's Pathfinder
    Netcaster Spider
    Natural State
    Kozilek's Translator
    Elemental Uprising
    Affa Protector
    Ancient Crab
    Expedite
--> Essence Depleter
    Cinder Barrens
    Reflector Mage
    Mountain

--: Shoulder to Shoulder

Pack 2 pick 5:
    Containment Membrane
    Hedron Crawler
    Lead by Example
    Untamed Hunger
    Negate
    Maw of Kozilek
--> Shoulder to Shoulder
    Strider Harness
    Stoneforge Acolyte
    Oath of Jace
    Plains

--: Reflector Mage

--: Reflector Mage

Pack 2 pick 6:
    Cinder Hellion
    Bone Saw
    Untamed Hunger
    Vines of the Recluse
    Dazzling Reflection
    Umara Entangler
    Brute Strength
    Meandering River
--> Reflector Mage
    Forest

--: Flayer Drone

--: Slaughter Drone

--: Slaughter Drone

Pack 2 pick 7:
    Spawnbinder Mage
    Jwar Isle Avenger
    Kozilek's Shrieker
    Loam Larva
--> Slaughter Drone
    Slip Through Space
    Submerged Boneyard
    Flayer Drone
    Forest

--: Makindi Aeronaut

--: Makindi Aeronaut

Pack 2 pick 8:
    Kozilek's Pathfinder
    Canopy Gorger
    Sky Scourer
    Ancient Crab
--> Makindi Aeronaut
    Harvester Troll
    Call the Gatewatch
    Island

--: Zulaport Chainmage

--: Zulaport Chainmage

Pack 2 pick 9:
    Affa Protector
--> Zulaport Chainmage
    Corpse Churn
    Brute Strength
    Affa Protector
    Tears of Valakut
    Swamp

--: Dazzling Reflection

Pack 2 pick 10:
    Kozilek's Pathfinder
    Comparative Analysis
    Eldrazi Aggressor
--> Dazzling Reflection
    Warping Wail
    Mountain

--: Unnatural Endurance

Pack 2 pick 11:
    Bone Saw
--> Unnatural Endurance
    Umara Entangler
    Gift of Tusks
    Island

--: Cinder Barrens

Pack 2 pick 12:
    Elemental Uprising
    Ancient Crab
--> Cinder Barrens
    Mountain

--: Untamed Hunger

Pack 2 pick 13:
--> Untamed Hunger
    Oath of Jace
    Plains

--: Dazzling Reflection

Pack 2 pick 14:
--> Dazzling Reflection
    Forest

--: Forest

Pack 2 pick 15:
--> Forest

--: Retreat to Hagra

--: Drana's Emissary

------ BFZ ------ 

Pack 3 pick 1:
    Blisterpod
    Anticipate
    Sludge Crawler
    Courier Griffin
    Angelic Gift
    Nettle Drone
    Kitesail Scout
    Belligerent Whiptail
    Stonefury
    Ghostly Sentinel
--> Drana's Emissary
    Tide Drifter
    Retreat to Hagra
    Beastcaller Savant
    Swamp

--: Mind Raker

--: Ruin Processor

--: Silent Skimmer

Pack 3 pick 2:
    Dispel
    Mind Raker
    Territorial Baloth
    Ruin Processor
    Skyline Cascade
    Eyeless Watcher
    Rush of Ice
--> Silent Skimmer
    Nettle Drone
    Fortified Rampart
    Skyrider Elf
    Rolling Thunder
    Windrider Patrol
    Plains

--: Felidar Sovereign

--: Felidar Sovereign

--: Felidar Sovereign

--: Felidar Sovereign

Pack 3 pick 3:
    Territorial Baloth
    Roilmage's Trick
    Unnatural Aggression
    Geyserfield Stalker
    Cloud Manta
    Sandstone Bridge
    Tajuru Beastmaster
    Fortified Rampart
    Nettle Drone
    Turn Against
    Pilgrim's Eye
--> Felidar Sovereign
    Forest

--: Kor Entanglers

--: Kor Entanglers

Pack 3 pick 4:
    Call the Scions
    Roilmage's Trick
    Swarm Surge
    Tajuru Stalwart
    Inspired Charge
    Reckless Cohort
    Makindi Sliderunner
    Lifespring Druid
    Valakut Predator
--> Kor Entanglers
    Tajuru Warcaller
    Plains

--: Sandstone Bridge

Pack 3 pick 5:
    Mire's Malice
    Giant Mantis
    Unnatural Aggression
    Geyserfield Stalker
--> Sandstone Bridge
    Tajuru Beastmaster
    Kitesail Scout
    Shatterskull Recruit
    Void Attendant
    Scatter to the Winds
    Plains

--: Stone Haven Medic

--: Sunken Hollow

--: Stone Haven Medic

--: Stone Haven Medic

Pack 3 pick 6:
    Swarm Surge
    Call the Scions
    Murk Strider
    Skyline Cascade
    Rush of Ice
    Silent Skimmer
--> Stone Haven Medic
    Shatterskull Recruit
    Sunken Hollow
    Mountain

--: Lithomancer's Focus

--: Courier Griffin

Pack 3 pick 7:
    Mire's Malice
    Giant Mantis
    Brilliant Spectrum
    Altar's Reap
    Lithomancer's Focus
    Sure Strike
    Makindi Sliderunner
--> Courier Griffin
    Island

--: Tandem Tactics

--: Shadow Glider

--: Courier Griffin

Pack 3 pick 8:
    Brilliant Spectrum
    Seek the Wilds
    Tandem Tactics
    Sure Strike
--> Courier Griffin
    Valakut Predator
    Shadow Glider
    Mountain

--: Courier Griffin

Pack 3 pick 9:
    Blisterpod
--> Courier Griffin
    Nettle Drone
    Kitesail Scout
    Belligerent Whiptail
    Ghostly Sentinel
    Swamp

--: Fortified Rampart

Pack 3 pick 10:
    Dispel
    Skyline Cascade
    Rush of Ice
--> Fortified Rampart
    Skyrider Elf
    Plains

--: Fortified Rampart

Pack 3 pick 11:
    Territorial Baloth
    Unnatural Aggression
    Geyserfield Stalker
--> Fortified Rampart
    Forest

--: Tajuru Stalwart

Pack 3 pick 12:
    Roilmage's Trick
--> Tajuru Stalwart
    Reckless Cohort
    Plains

--: Geyserfield Stalker

--: Geyserfield Stalker

Pack 3 pick 13:
--> Geyserfield Stalker
    Void Attendant
    Plains

--: Rush of Ice

Pack 3 pick 14:
--> Rush of Ice
    Mountain

--: Island

Pack 3 pick 15:
--> Island

