Event #: 9374076
Time:    2/10/2016 11:51:58 PM
Players:
    KumBaYa
    Paleon
--> HuaxingMachine
    astarisk
    darthcarnage
    Merdstone
    Giarola
    GgunnerGX

--: Endbringer

--: Endbringer

------ OGW ------ 

Pack 1 pick 1:
    Expedition Raptor
    Oath of Chandra
    Crumbling Vestige
    Jwar Isle Avenger
    Loam Larva
    Unnatural Endurance
    Pulse of Murasa
    Kor Scythemaster
    Comparative Analysis
    Eldrazi Aggressor
    Birthing Hulk
    Walker of the Wastes
    Warping Wail
--> Endbringer
    Swamp

--: Ruins of Oran-Rief

--: Ruins of Oran-Rief

Pack 1 pick 2:
    Wastes
    Sweep Away
    Seer's Lantern
    Corpse Churn
    Natural State
    Kozilek's Translator
    Sparkmage's Gambit
    Makindi Aeronaut
    Umara Entangler
    Kazuul's Toll Collector
    Gift of Tusks
    Malakir Soothsayer
--> Ruins of Oran-Rief
    Island

--: Prophet of Distortion

--: Prophet of Distortion

Pack 1 pick 3:
    Unknown Shores
    Kozilek's Pathfinder
    Scion Summoner
    Vines of the Recluse
    Zulaport Chainmage
    Saddleback Lagac
    Eldrazi Aggressor
    Kor Scythemaster
    Negate
--> Prophet of Distortion
    Strider Harness
    Gladehart Cavalry
    Plains

--: Grip of the Roil

--: Grip of the Roil

Pack 1 pick 4:
    Cinder Hellion
    Gravity Negator
    Corpse Churn
    Negate
    Umara Entangler
    Brute Strength
    Mighty Leap
--> Grip of the Roil
    Chitinous Cloak
    Weapons Trainer
    Oath of Nissa
    Plains

--: Scion Summoner

--: Holdout Settlement

--: Holdout Settlement

Pack 1 pick 5:
    Scion Summoner
--> Holdout Settlement
    Kozilek's Shrieker
    Netcaster Spider
    Witness the End
    Mighty Leap
    Cultivator Drone
    Expedite
    Cinder Barrens
    Iona's Blessing
    Forest

--: Jwar Isle Avenger

--: Jwar Isle Avenger

Pack 1 pick 6:
    Wastes
--> Jwar Isle Avenger
    Warden of Geometries
    Spawnbinder Mage
    Loam Larva
    Unnatural Endurance
    Expedite
    Ondu War Cleric
    Unity of Purpose
    Island

--: Wastes

--: Wastes

Pack 1 pick 7:
--> Wastes
    Sweep Away
    Lead by Example
    Untamed Hunger
    Comparative Analysis
    Eldrazi Aggressor
    Affa Protector
    Cinder Barrens
    Forest

--: Spawnbinder Mage

--: Spawnbinder Mage

Pack 1 pick 8:
--> Spawnbinder Mage
    Canopy Gorger
    Lead by Example
    Ancient Crab
    Affa Protector
    Chitinous Cloak
    Gift of Tusks
    Plains

--: Walker of the Wastes

--: Walker of the Wastes

Pack 1 pick 9:
    Loam Larva
    Unnatural Endurance
    Pulse of Murasa
    Comparative Analysis
--> Walker of the Wastes
    Warping Wail
    Swamp

--: Umara Entangler

--: Umara Entangler

Pack 1 pick 10:
    Corpse Churn
    Natural State
--> Umara Entangler
    Kazuul's Toll Collector
    Gift of Tusks
    Island

--: Zulaport Chainmage

--: Strider Harness

--: Zulaport Chainmage

--: Strider Harness

--: Strider Harness

Pack 1 pick 11:
    Vines of the Recluse
    Zulaport Chainmage
    Negate
--> Strider Harness
    Plains

--: Umara Entangler

Pack 1 pick 12:
    Corpse Churn
--> Umara Entangler
    Chitinous Cloak
    Plains

--: Mighty Leap

Pack 1 pick 13:
--> Mighty Leap
    Expedite
    Forest

Pack 1 pick 14:
    Expedite
--> Island

Pack 1 pick 15:
--> Forest

--: Reflector Mage

--: Reflector Mage

------ OGW ------ 

Pack 2 pick 1:
    Tajuru Pathwarden
    Expedition Raptor
    Zada's Commando
    Crumbling Vestige
    Containment Membrane
    Netcaster Spider
    Witness the End
--> Reflector Mage
    Sparkmage's Gambit
    Shoulder to Shoulder
    Make a Stand
    Grasp of Darkness
    Relentless Hunter
    Tyrant of Valakut
    Mountain

--: Bearer of Silence

--: Bearer of Silence

Pack 2 pick 2:
    Wastes
    Sweep Away
    Seer's Lantern
    Tajuru Pathwarden
    Corpse Churn
    Natural State
    Slaughter Drone
    Abstruse Interference
    Sparkmage's Gambit
    Reckless Bushwhacker
    Press into Service
    Void Grafter
--> Bearer of Silence
    Island

--: Kozilek's Shrieker

--: Kozilek's Shrieker

Pack 2 pick 3:
    Holdout Settlement
    Kozilek's Pathfinder
--> Kozilek's Shrieker
    Loam Larva
    Slaughter Drone
    Affa Protector
    Sparkmage's Gambit
    Expedite
    Grip of the Roil
    Baloth Null
    Wall of Resurgence
    Eldrazi Mimic
    Swamp

--: Wastes

--: Wastes

Pack 2 pick 4:
    Boulder Salvo
--> Wastes
    Sweep Away
    Lead by Example
    Untamed Hunger
    Searing Light
    Comparative Analysis
    Eldrazi Aggressor
    Kor Scythemaster
    Null Caller
    Bonds of Mortality
    Mountain

--: Birthing Hulk

--: Umara Entangler

--: Holdout Settlement

--: Holdout Settlement

Pack 2 pick 5:
    Tajuru Pathwarden
    Goblin Freerunner
--> Holdout Settlement
    Witness the End
    Netcaster Spider
    Negate
    Maw of Kozilek
    Umara Entangler
    Embodiment of Fury
    Birthing Hulk
    Island

--: Walker of the Wastes

--: Walker of the Wastes

Pack 2 pick 6:
    Warden of Geometries
    Stalking Drone
    Reality Hemorrhage
    Pulse of Murasa
    Untamed Hunger
    Vines of the Recluse
    Ancient Crab
    Affa Protector
--> Walker of the Wastes
    Swamp

--: Cultivator Drone

--: Cultivator Drone

Pack 2 pick 7:
    Bone Saw
    Mountain
    Natural State
    Witness the End
--> Cultivator Drone
    Brute Strength
    Void Shatter
    Hedron Alignment
    Island

--: Sky Scourer

--: Sky Scourer

Pack 2 pick 8:
    Crumbling Vestige
    Elemental Uprising
--> Sky Scourer
    Consuming Sinkhole
    Forest
    Ancient Crab
    Warping Wail
    Swamp

--: Crumbling Vestige

--: Crumbling Vestige

Pack 2 pick 9:
--> Crumbling Vestige
    Netcaster Spider
    Witness the End
    Sparkmage's Gambit
    Make a Stand
    Relentless Hunter
    Mountain

--: Sweep Away

--: Sweep Away

Pack 2 pick 10:
--> Sweep Away
    Corpse Churn
    Natural State
    Abstruse Interference
    Sparkmage's Gambit
    Island

--: Kozilek's Pathfinder

Pack 2 pick 11:
--> Kozilek's Pathfinder
    Affa Protector
    Sparkmage's Gambit
    Expedite
    Swamp

--: Comparative Analysis

Pack 2 pick 12:
    Untamed Hunger
--> Comparative Analysis
    Bonds of Mortality
    Mountain

--: Umara Entangler

Pack 2 pick 13:
    Negate
--> Umara Entangler
    Island

--: Ancient Crab

Pack 2 pick 14:
--> Ancient Crab
    Swamp

Pack 2 pick 15:
--> Island

--: Adverse Conditions

--: Cloud Manta

--: Cloud Manta

------ BFZ ------ 

Pack 3 pick 1:
    Seek the Wilds
    Coralhelm Guide
    Bone Splinters
    Unnatural Aggression
    Sandstone Bridge
--> Cloud Manta
    Altar's Reap
    Grave Birthing
    Shatterskull Recruit
    Kor Castigator
    Vile Aggregate
    Encircling Fissure
    Adverse Conditions
    Akoum Hellkite
    Island

--: Eldrazi Devastator

--: Eldrazi Devastator

Pack 3 pick 2:
    Dutiful Return
    Swell of Growth
    Dispel
--> Eldrazi Devastator
    Demon's Grasp
    Looming Spires
    Fertile Thicket
    Snapping Gnarlid
    Kor Castigator
    Sure Strike
    Bloodbond Vampire
    Kor Entanglers
    Spawning Bed
    Island

--: Breaker of Armies

--: Breaker of Armies

Pack 3 pick 3:
    Giant Mantis
    Brilliant Spectrum
    Altar's Reap
    Call the Scions
    Kozilek's Sentinel
    Cliffside Lookout
    Volcanic Upheaval
    Angelic Gift
    Touch of the Void
--> Breaker of Armies
    Encircling Fissure
    Nissa's Renewal
    Plains

--: Deathless Behemoth

--: Deathless Behemoth

Pack 3 pick 4:
    Territorial Baloth
    Kalastria Nightwatch
    Swell of Growth
    Goblin War Paint
    Tandem Tactics
    Lifespring Druid
    Valakut Predator
    Valakut Invoker
    Skyrider Elf
--> Deathless Behemoth
    From Beyond
    Swamp

--: Slab Hammer

--: Slab Hammer

Pack 3 pick 5:
    Altar's Reap
    Munda, Ambush Leader
    Roilmage's Trick
    Swarm Surge
    Lavastep Raider
    Cliffside Lookout
    Goblin War Paint
    Tandem Tactics
--> Slab Hammer
    Retreat to Coralhelm
    Island

--: Ruin Processor

--: Tightening Coils

--: Tightening Coils

Pack 3 pick 6:
    Blisterpod
    Ruin Processor
    Bone Splinters
    Mortuary Mire
--> Tightening Coils
    Kozilek's Sentinel
    Makindi Patrol
    Stasis Snare
    Pathway Arrows
    Forest

--: Rush of Ice

--: Rush of Ice

Pack 3 pick 7:
    Dutiful Return
    Swell of Growth
    Dispel
--> Rush of Ice
    Natural Connection
    Geyserfield Stalker
    Sure Strike
    Kitesail Scout
    Forest

--: Coralhelm Guide

--: Coralhelm Guide

Pack 3 pick 8:
    Altar's Reap
    Plummet
--> Coralhelm Guide
    Volcanic Upheaval
    Tandem Tactics
    Retreat to Valakut
    Retreat to Kazandu
    Mountain

--: Adverse Conditions

--: Adverse Conditions

Pack 3 pick 9:
    Seek the Wilds
    Coralhelm Guide
    Bone Splinters
    Unnatural Aggression
    Altar's Reap
--> Adverse Conditions
    Island

Pack 3 pick 10:
    Dutiful Return
    Swell of Growth
--> Dispel
    Looming Spires
    Fertile Thicket
    Island

Pack 3 pick 11:
    Brilliant Spectrum
    Altar's Reap
    Volcanic Upheaval
--> Angelic Gift
    Plains

Pack 3 pick 12:
--> Territorial Baloth
    Swell of Growth
    Goblin War Paint
    Swamp

Pack 3 pick 13:
--> Roilmage's Trick
    Lavastep Raider
    Island

Pack 3 pick 14:
--> Mortuary Mire
    Forest

Pack 3 pick 15:
--> Forest

