Event #: 9378780
Time:    2/11/2016 10:51:20 PM
Players:
    le_gourou
    cdthoms
    zanderstone
    ouri
    bojo
    sailrpengn
    youarenowhere
--> FinchleyCentral

--: Kozilek's Return

--: Kozilek's Return

------ OGW ------ 

Pack 1 pick 1:
    Crumbling Vestige
    Containment Membrane
    Hedron Crawler
    Oblivion Strike
    Stalking Drone
    Elemental Uprising
    Sky Scourer
    Consuming Sinkhole
    Ondu War Cleric
    Cultivator Drone
    Cyclone Sire
    Chitinous Cloak
    Gift of Tusks
--> Kozilek's Return
    Plains

--: Relief Captain

--: Relief Captain

Pack 1 pick 2:
    Blinding Drone
    Kozilek's Pathfinder
    Scion Summoner
    Kor Sky Climber
    Zada's Commando
    Untamed Hunger
    Vines of the Recluse
    Brute Strength
    Kor Scythemaster
    Comparative Analysis
--> Relief Captain
    Null Caller
    Mina and Denn, Wildborn
    Mountain

--: Immolating Glare

--: Malakir Soothsayer

--: Malakir Soothsayer

Pack 1 pick 3:
    Tar Snare
    Wastes
    Gravity Negator
    Lead by Example
    Corpse Churn
    Sparkmage's Gambit
    Shoulder to Shoulder
    Slip Through Space
    Immolating Glare
--> Malakir Soothsayer
    Flayer Drone
    Gladehart Cavalry
    Mountain

--: Press into Service

--: Makindi Aeronaut

--: Makindi Aeronaut

Pack 1 pick 4:
    Goblin Freerunner
    Wastes
    Jwar Isle Avenger
    Warden of Geometries
    Kozilek's Shrieker
    Netcaster Spider
    Expedite
--> Makindi Aeronaut
    Abstruse Interference
    Press into Service
    Void Grafter
    Island

--: Zulaport Chainmage

--: Zulaport Chainmage

Pack 1 pick 5:
    Holdout Settlement
    Unnatural Endurance
    Pulse of Murasa
--> Zulaport Chainmage
    Eldrazi Aggressor
    Affa Protector
    Mighty Leap
    Cinder Barrens
    Iona's Blessing
    Visions of Brutality
    Forest

--: Stalking Drone

--: Stalking Drone

Pack 1 pick 6:
    Gravity Negator
    Warden of Geometries
--> Stalking Drone
    Witness the End
    Canopy Gorger
    Kozilek's Translator
    Negate
    Sparkmage's Gambit
    Ruin in Their Wake
    Island

--: Steppe Glider

--: Steppe Glider

Pack 1 pick 7:
    Wastes
    Seer's Lantern
    Corpse Churn
    Eldrazi Aggressor
    Negate
    Make a Stand
--> Steppe Glider
    Oath of Nissa
    Mountain

--: Baloth Pup

--: Baloth Pup

Pack 1 pick 8:
    Wastes
    Unnatural Endurance
    Vines of the Recluse
    Zulaport Chainmage
    Affa Protector
    Expedite
--> Baloth Pup
    Mountain

--: Crumbling Vestige

--: Crumbling Vestige

Pack 1 pick 9:
--> Crumbling Vestige
    Elemental Uprising
    Sky Scourer
    Consuming Sinkhole
    Cultivator Drone
    Gift of Tusks
    Plains

--: Vines of the Recluse

Pack 1 pick 10:
    Kozilek's Pathfinder
    Untamed Hunger
--> Vines of the Recluse
    Brute Strength
    Null Caller
    Mountain

--: Wastes

--: Tar Snare

Pack 1 pick 11:
--> Tar Snare
    Wastes
    Corpse Churn
    Sparkmage's Gambit
    Mountain

--: Void Grafter

Pack 1 pick 12:
    Expedite
    Abstruse Interference
--> Void Grafter
    Island

--: Cinder Barrens

Pack 1 pick 13:
    Pulse of Murasa
--> Cinder Barrens
    Forest

--: Island

Pack 1 pick 14:
    Ruin in Their Wake
--> Island

--: Mountain

Pack 1 pick 15:
--> Mountain

--: Joraga Auxiliary

--: Joraga Auxiliary

------ OGW ------ 

Pack 2 pick 1:
    Zada's Commando
    Crumbling Vestige
    Containment Membrane
    Hedron Crawler
    Untamed Hunger
    Vines of the Recluse
    Kozilek's Translator
    Ancient Crab
    Affa Protector
    Makindi Aeronaut
    Roiling Waters
    Wall of Resurgence
--> Joraga Auxiliary
    Call the Gatewatch
    Plains

--: Kor Scythemaster

--: Kor Scythemaster

Pack 2 pick 2:
    Containment Membrane
    Bone Saw
    Vampire Envoy
    Natural State
    Kozilek's Translator
    Elemental Uprising
--> Kor Scythemaster
    Negate
    Sparkmage's Gambit
    Prophet of Distortion
    Iona's Blessing
    Havoc Sower
    Remorseless Punishment
    Plains

--: Hissing Quagmire

--: Hissing Quagmire

Pack 2 pick 3:
    Holdout Settlement
    Blinding Drone
    Kozilek's Pathfinder
    Zulaport Chainmage
    Natural State
    Dazzling Reflection
    Slip Through Space
    Consuming Sinkhole
    Timber Gorge
    Weapons Trainer
    Thought Harvester
--> Hissing Quagmire
    Forest

--: Spawnbinder Mage

Pack 2 pick 4:
    Jwar Isle Avenger
    Warden of Geometries
--> Spawnbinder Mage
    Vampire Envoy
    Corpse Churn
    Searing Light
    Comparative Analysis
    Eldrazi Aggressor
    Cinder Barrens
    Reflector Mage
    Oath of Gideon
    Forest

--: Scion Summoner

--: Scion Summoner

Pack 2 pick 5:
    Blinding Drone
    Kozilek's Pathfinder
--> Scion Summoner
    Zulaport Chainmage
    Natural State
    Witness the End
    Slip Through Space
    Consuming Sinkhole
    Searing Light
    Warping Wail
    Mountain

--: Baloth Null

--: Baloth Null

Pack 2 pick 6:
    Crumbling Vestige
    Gravity Negator
    Canopy Gorger
    Kozilek's Shrieker
    Akoum Flameseeker
    Dazzling Reflection
    Slip Through Space
--> Baloth Null
    Bonds of Mortality
    Swamp

--: Kozilek's Pathfinder

--: Kozilek's Pathfinder

Pack 2 pick 7:
    Goblin Freerunner
--> Kozilek's Pathfinder
    Sky Scourer
    Loam Larva
    Umara Entangler
    Consuming Sinkhole
    Harvester Troll
    Stormchaser Mage
    Island

--: Holdout Settlement

Pack 2 pick 8:
    Vampire Envoy
--> Holdout Settlement
    Gravity Negator
    Bone Saw
    Sky Scourer
    Consuming Sinkhole
    Ancient Crab
    Plains

--: Wall of Resurgence

--: Wall of Resurgence

Pack 2 pick 9:
    Containment Membrane
    Untamed Hunger
    Kozilek's Translator
    Ancient Crab
--> Wall of Resurgence
    Call the Gatewatch
    Plains

--: Elemental Uprising

Pack 2 pick 10:
    Bone Saw
    Kozilek's Translator
--> Elemental Uprising
    Negate
    Sparkmage's Gambit
    Plains

--: Dazzling Reflection

Pack 2 pick 11:
    Kozilek's Pathfinder
    Zulaport Chainmage
--> Dazzling Reflection
    Consuming Sinkhole
    Forest

--: Cinder Barrens

Pack 2 pick 12:
    Corpse Churn
    Eldrazi Aggressor
--> Cinder Barrens
    Forest

--: Natural State

Pack 2 pick 13:
--> Natural State
    Consuming Sinkhole
    Mountain

--: Bonds of Mortality

Pack 2 pick 14:
--> Bonds of Mortality
    Swamp

--: Island

Pack 2 pick 15:
--> Island

--: Ondu Rising

--: Ondu Rising

------ BFZ ------ 

Pack 3 pick 1:
    Call the Scions
    Murk Strider
    Voracious Null
    Oran-Rief Invoker
    Kozilek's Sentinel
    Inspired Charge
    Boiling Earth
    Makindi Patrol
--> Ondu Rising
    Makindi Sliderunner
    Dampening Pulse
    Ulamog's Nullifier
    Ondu Rising
    Wasteland Strangler
    Island

--: Snapping Gnarlid

--: Snapping Gnarlid

Pack 3 pick 2:
    Altar's Reap
    Plummet
    Coralhelm Guide
    Wave-Wing Elemental
    Fertile Thicket
    Scour from Existence
--> Snapping Gnarlid
    Evolving Wilds
    Kozilek's Sentinel
    Makindi Patrol
    Chasm Guide
    Tide Drifter
    Aligned Hedron Network
    Plains

--: Lantern Scout

--: Lantern Scout

Pack 3 pick 3:
    Oran-Rief Invoker
    Dispel
    Mind Raker
    Wave-Wing Elemental
    Evolving Wilds
    Silent Skimmer
    Rush of Ice
    Natural Connection
    Cliffside Lookout
    Catacomb Sifter
    Blighted Steppe
--> Lantern Scout
    Forest

--: Drana's Emissary

Pack 3 pick 4:
    Voracious Null
    Tightening Coils
    Looming Spires
    Grave Birthing
    Eyeless Watcher
    Eldrazi Devastator
    Reckless Cohort
    Inspired Charge
    Murasa Ranger
--> Drana's Emissary
    Retreat to Hagra
    Plains

--: Deathless Behemoth

Pack 3 pick 5:
    Territorial Baloth
    Mortuary Mire
    Looming Spires
    Grave Birthing
    Eldrazi Devastator
    Belligerent Whiptail
--> Deathless Behemoth
    Vile Aggregate
    Skitterskin
    Carrier Thrall
    Forest

--: Resolute Blademaster

Pack 3 pick 6:
    Oracle of Dust
    Altar's Reap
    Ruin Processor
    Skyline Cascade
    Eyeless Watcher
    Rush of Ice
    Silent Skimmer
    Retreat to Hagra
--> Resolute Blademaster
    Island

--: Sheer Drop

Pack 3 pick 7:
    Plummet
    Coralhelm Guide
    Mire's Malice
    Tajuru Stalwart
    Outnumber
    Angelic Gift
--> Sheer Drop
    Slab Hammer
    Island

--: Blighted Woodland

--: Fertile Thicket

--: Giant Mantis

Pack 3 pick 8:
    Culling Drone
--> Giant Mantis
    Eldrazi Devastator
    Looming Spires
    Fertile Thicket
    Cryptic Cruiser
    Blighted Woodland
    Plains

--: Makindi Patrol

Pack 3 pick 9:
    Murk Strider
    Voracious Null
    Inspired Charge
    Boiling Earth
--> Makindi Patrol
    Ulamog's Nullifier
    Island

--: Fertile Thicket

Pack 3 pick 10:
    Altar's Reap
    Plummet
    Wave-Wing Elemental
--> Fertile Thicket
    Scour from Existence
    Plains

--: Natural Connection

Pack 3 pick 11:
    Mind Raker
    Silent Skimmer
    Rush of Ice
--> Natural Connection
    Forest

--: Retreat to Hagra

Pack 3 pick 12:
    Voracious Null
    Grave Birthing
--> Retreat to Hagra
    Plains

--: Looming Spires

Pack 3 pick 13:
    Mortuary Mire
--> Looming Spires
    Forest

--: Altar's Reap

Pack 3 pick 14:
--> Altar's Reap
    Island

--: Island

Pack 3 pick 15:
--> Island

