Event #: 9378693
Time:    2/11/2016 10:18:25 PM
Players:
    linvala
    RJing
    curseddraygon
--> HuaxingMachine
    deathratoflove
    rhyrea
    EvilChuck
    conform

--: Fall of the Titans

--: Fall of the Titans

------ OGW ------ 

Pack 1 pick 1:
    Boulder Salvo
    Holdout Settlement
    Blinding Drone
    Kozilek's Pathfinder
    Unnatural Endurance
    Vines of the Recluse
    Zulaport Chainmage
    Maw of Kozilek
    Dazzling Reflection
    Umara Entangler
    Grasp of Darkness
    Relentless Hunter
    Press into Service
--> Fall of the Titans
    Swamp

--: Seed Guardian

--: Seed Guardian

Pack 1 pick 2:
    Sweep Away
    Seer's Lantern
    Tajuru Pathwarden
    Expedition Raptor
    Sky Scourer
    Loam Larva
    Affa Protector
    Makindi Aeronaut
    Abstruse Interference
    Sparkmage's Gambit
    Pyromancer's Assault
--> Seed Guardian
    Flaying Tendrils
    Plains

--: Reckless Bushwhacker

--: Reckless Bushwhacker

Pack 1 pick 3:
    Gravity Negator
    Hedron Crawler
    Vampire Envoy
    Havoc Sower
    Witness the End
    Netcaster Spider
    Kozilek's Shrieker
    Expedite
    Makindi Aeronaut
    Abstruse Interference
--> Reckless Bushwhacker
    Havoc Sower
    Forest

--: Boulder Salvo

--: Boulder Salvo

Pack 1 pick 4:
    Tar Snare
--> Boulder Salvo
    Unknown Shores
    Lead by Example
    Untamed Hunger
    Pulse of Murasa
    Sparkmage's Gambit
    Shoulder to Shoulder
    Slip Through Space
    Make a Stand
    Visions of Brutality
    Island

--: Immobilizer Eldrazi

--: Immobilizer Eldrazi

Pack 1 pick 5:
    Stalking Drone
    Expedition Raptor
    Canopy Gorger
    Sky Scourer
    Elemental Uprising
    Eldrazi Aggressor
    Affa Protector
    Mighty Leap
    Null Caller
--> Immobilizer Eldrazi
    Swamp

--: Akoum Flameseeker

--: Akoum Flameseeker

Pack 1 pick 6:
    Bone Saw
    Untamed Hunger
    Vines of the Recluse
    Kozilek's Translator
--> Akoum Flameseeker
    Dazzling Reflection
    Slip Through Space
    Strider Harness
    Stoneforge Acolyte
    Forest

--: Unknown Shores

--: Unknown Shores

Pack 1 pick 7:
--> Unknown Shores
    Kozilek's Pathfinder
    Sky Scourer
    Elemental Uprising
    Eldrazi Aggressor
    Affa Protector
    Mighty Leap
    Gift of Tusks
    Island

--: Maw of Kozilek

--: Maw of Kozilek

Pack 1 pick 8:
    Wastes
    Loam Larva
    Pulse of Murasa
    Ancient Crab
--> Maw of Kozilek
    Harvester Troll
    Stoneforge Acolyte
    Forest

--: Maw of Kozilek

--: Maw of Kozilek

Pack 1 pick 9:
    Kozilek's Pathfinder
    Unnatural Endurance
    Vines of the Recluse
--> Maw of Kozilek
    Dazzling Reflection
    Umara Entangler
    Swamp

--: Loam Larva

--: Loam Larva

Pack 1 pick 10:
    Sky Scourer
--> Loam Larva
    Affa Protector
    Abstruse Interference
    Pyromancer's Assault
    Plains

--: Makindi Aeronaut

--: Makindi Aeronaut

Pack 1 pick 11:
    Witness the End
    Expedite
--> Makindi Aeronaut
    Abstruse Interference
    Forest

--: Lead by Example

--: Lead by Example

Pack 1 pick 12:
--> Lead by Example
    Untamed Hunger
    Sparkmage's Gambit
    Island

--: Canopy Gorger

--: Canopy Gorger

Pack 1 pick 13:
--> Canopy Gorger
    Mighty Leap
    Swamp

Pack 1 pick 14:
    Untamed Hunger
--> Forest

Pack 1 pick 15:
--> Island

--: Boulder Salvo

--: Boulder Salvo

------ OGW ------ 

Pack 2 pick 1:
    Seer's Lantern
    Kor Sky Climber
    Oblivion Strike
--> Boulder Salvo
    Netcaster Spider
    Witness the End
    Canopy Gorger
    Searing Light
    Comparative Analysis
    Eldrazi Aggressor
    Essence Depleter
    Malakir Soothsayer
    Wall of Resurgence
    Oath of Nissa
    Island

--: Scion Summoner

--: Scion Summoner

Pack 2 pick 2:
--> Scion Summoner
    Spawnbinder Mage
    Cinder Hellion
    Unknown Shores
    Sweep Away
    Saddleback Lagac
    Kozilek's Shrieker
    Affa Protector
    Ancient Crab
    Expedite
    Cliffhaven Vampire
    Make a Stand
    Deceiver of Form
    Plains

--: Seer's Lantern

--: Seer's Lantern

Pack 2 pick 3:
    Wastes
    Containment Membrane
--> Seer's Lantern
    Kor Sky Climber
    Vampire Envoy
    Zulaport Chainmage
    Natural State
    Consuming Sinkhole
    Ondu War Cleric
    Cultivator Drone
    Ruin in Their Wake
    Mindmelter
    Mountain

--: Stalking Drone

--: Stalking Drone

Pack 2 pick 4:
    Gravity Negator
    Warden of Geometries
--> Stalking Drone
    Kor Sky Climber
    Lead by Example
    Corpse Churn
    Kor Scythemaster
    Negate
    Sparkmage's Gambit
    Submerged Boneyard
    Void Shatter
    Swamp

--: Saddleback Lagac

--: Scion Summoner

--: Scion Summoner

Pack 2 pick 5:
    Kozilek's Pathfinder
--> Scion Summoner
    Kor Sky Climber
    Saddleback Lagac
    Corpse Churn
    Brute Strength
    Mighty Leap
    Cultivator Drone
    Timber Gorge
    Unity of Purpose
    Mountain

--: Akoum Flameseeker

--: Akoum Flameseeker

Pack 2 pick 6:
    Kozilek's Pathfinder
    Unnatural Endurance
    Pulse of Murasa
    Zulaport Chainmage
    Shoulder to Shoulder
    Umara Entangler
--> Akoum Flameseeker
    Submerged Boneyard
    Void Shatter
    Mountain

--: Warden of Geometries

--: Wastes

--: Wastes

Pack 2 pick 7:
--> Wastes
    Jwar Isle Avenger
    Warden of Geometries
    Corpse Churn
    Mighty Leap
    Cultivator Drone
    Expedite
    Flaying Tendrils
    Swamp

--: Reality Hemorrhage

--: Reality Hemorrhage

Pack 2 pick 8:
--> Reality Hemorrhage
    Wastes
    Bone Saw
    Loam Larva
    Abstruse Interference
    Sparkmage's Gambit
    Chitinous Cloak
    Forest

--: Netcaster Spider

--: Netcaster Spider

Pack 2 pick 9:
    Kor Sky Climber
--> Netcaster Spider
    Witness the End
    Canopy Gorger
    Searing Light
    Comparative Analysis
    Island

--: Saddleback Lagac

--: Saddleback Lagac

Pack 2 pick 10:
    Spawnbinder Mage
--> Saddleback Lagac
    Affa Protector
    Ancient Crab
    Expedite
    Plains

Pack 2 pick 11:
--> Wastes
    Zulaport Chainmage
    Natural State
    Consuming Sinkhole
    Mountain

--: Lead by Example

Pack 2 pick 12:
--> Lead by Example
    Corpse Churn
    Negate
    Swamp

--: Brute Strength

Pack 2 pick 13:
    Corpse Churn
--> Brute Strength
    Mountain

Pack 2 pick 14:
--> Umara Entangler
    Mountain

Pack 2 pick 15:
--> Swamp

--: Zada, Hedron Grinder

--: Makindi Sliderunner

--: Makindi Sliderunner

------ BFZ ------ 

Pack 3 pick 1:
    Plummet
    Coralhelm Guide
    Mire's Malice
    Tajuru Stalwart
    Belligerent Whiptail
    Angelic Gift
    Lavastep Raider
    Cliffside Lookout
--> Makindi Sliderunner
    Smite the Monstrous
    Grovetender Druids
    Horribly Awry
    Jaddi Offshoot
    Zada, Hedron Grinder
    Island

--: Oran-Rief Invoker

--: Oran-Rief Invoker

Pack 3 pick 2:
    Voracious Null
--> Oran-Rief Invoker
    Brilliant Spectrum
    Unnatural Aggression
    Geyserfield Stalker
    Sandstone Bridge
    Tajuru Beastmaster
    Kozilek's Sentinel
    Makindi Patrol
    Stasis Snare
    Scythe Leopard
    Encircling Fissure
    Lantern Scout
    Island

Pack 3 pick 3:
    Plummet
    Salvage Drone
    Eyeless Watcher
    Eldrazi Devastator
    Wave-Wing Elemental
    Fertile Thicket
    Geyserfield Stalker
    Reckless Cohort
    Felidar Cub
    Expedition Envoy
    Retreat to Valakut
--> Hero of Goma Fada
    Plains

Pack 3 pick 4:
    Clutch of Currents
    Culling Drone
--> Giant Mantis
    Demon's Grasp
    Skyline Cascade
    Ruin Processor
    Bone Splinters
    Goblin War Paint
    Tandem Tactics
    Retreat to Coralhelm
    Part the Waterveil
    Plains

Pack 3 pick 5:
    Kalastria Nightwatch
    Earthen Arms
--> Sure Strike
    Inspired Charge
    Shadow Glider
    Lifespring Druid
    Ondu Greathorn
    Crumble to Dust
    Rot Shambler
    Forerunner of Slaughter
    Plains

--: Unnatural Aggression

--: Unnatural Aggression

Pack 3 pick 6:
    Swarm Surge
    Tajuru Stalwart
    Incubator Drone
--> Unnatural Aggression
    Sandstone Bridge
    Scour from Existence
    Grave Birthing
    Kozilek's Sentinel
    Cliffside Lookout
    Swamp

--: Shatterskull Recruit

--: Shatterskull Recruit

Pack 3 pick 7:
    Dispel
    Kalastria Nightwatch
    Earthen Arms
    Volcanic Upheaval
    Tandem Tactics
--> Shatterskull Recruit
    Felidar Cub
    Vampiric Rites
    Island

Pack 3 pick 8:
--> Giant Mantis
    Brilliant Spectrum
    Altar's Reap
    Makindi Patrol
    Lavastep Raider
    Fortified Rampart
    Forerunner of Slaughter
    Mountain

Pack 3 pick 9:
    Plummet
    Tajuru Stalwart
    Angelic Gift
--> Lavastep Raider
    Grovetender Druids
    Jaddi Offshoot
    Island

--: Tajuru Beastmaster

--: Tajuru Beastmaster

Pack 3 pick 10:
    Brilliant Spectrum
    Geyserfield Stalker
    Sandstone Bridge
--> Tajuru Beastmaster
    Scythe Leopard
    Island

Pack 3 pick 11:
    Eyeless Watcher
--> Eldrazi Devastator
    Geyserfield Stalker
    Reckless Cohort
    Plains

Pack 3 pick 12:
    Goblin War Paint
--> Tandem Tactics
    Retreat to Coralhelm
    Plains

Pack 3 pick 13:
    Earthen Arms
--> Ondu Greathorn
    Plains

Pack 3 pick 14:
--> Tajuru Stalwart
    Swamp

Pack 3 pick 15:
--> Island

