Event #: 9378349
Time:    2/11/2016 8:42:30 PM
Players:
--> bchelf
    Ascythopicism
    scruffysmith
    haldidntdoit
    Justy
    Strawgoh
    Clymps
    Tedpanic

--: Allied Reinforcements

------ OGW ------ 

Pack 1 pick 1:
    Kor Sky Climber
    Vampire Envoy
    Cinder Hellion
    Holdout Settlement
    Natural State
    Slaughter Drone
    Loam Larva
    Consuming Sinkhole
    Shoulder to Shoulder
    Ancient Crab
--> Allied Reinforcements
    Nissa's Judgment
    Bonds of Mortality
    Gladehart Cavalry
    Plains

--: Vampire Envoy

Pack 1 pick 2:
--> Vampire Envoy
    Tajuru Pathwarden
    Goblin Freerunner
    Holdout Settlement
    Saddleback Lagac
    Corpse Churn
    Canopy Gorger
    Comparative Analysis
    Eldrazi Aggressor
    Affa Protector
    Roiling Waters
    Void Shatter
    Baloth Null
    Swamp

--: Zada's Commando

Pack 1 pick 3:
    Tajuru Pathwarden
--> Zada's Commando
    Crumbling Vestige
    Containment Membrane
    Loam Larva
    Witness the End
    Abstruse Interference
    Sparkmage's Gambit
    Kor Scythemaster
    Null Caller
    Cinder Barrens
    Ruin in Their Wake
    Island

--: Goblin Freerunner

--: Goblin Freerunner

Pack 1 pick 4:
    Stalking Drone
--> Goblin Freerunner
    Wastes
    Jwar Isle Avenger
    Warden of Geometries
    Sky Scourer
    Elemental Uprising
    Mighty Leap
    Consuming Sinkhole
    Birthing Hulk
    Oath of Nissa
    Mountain

--: Zada's Commando

Pack 1 pick 5:
    Tajuru Pathwarden
--> Zada's Commando
    Crumbling Vestige
    Corpse Churn
    Canopy Gorger
    Kor Scythemaster
    Comparative Analysis
    Eldrazi Aggressor
    Kazuul's Toll Collector
    Tears of Valakut
    Mountain

--: Searing Light

--: Searing Light

Pack 1 pick 6:
    Holdout Settlement
    Kozilek's Pathfinder
    Canopy Gorger
    Kozilek's Shrieker
    Slip Through Space
    Consuming Sinkhole
--> Searing Light
    Reaver Drone
    Iona's Blessing
    Mountain

--: Searing Light

Pack 1 pick 7:
    Crumbling Vestige
    Containment Membrane
    Witness the End
    Netcaster Spider
    Kozilek's Shrieker
    Abstruse Interference
--> Searing Light
    Void Shatter
    Plains

--: Brute Strength

Pack 1 pick 8:
    Bone Saw
    Tar Snare
    Vines of the Recluse
    Dazzling Reflection
    Slip Through Space
--> Brute Strength
    Oath of Jace
    Swamp

--: Shoulder to Shoulder

Pack 1 pick 9:
    Natural State
    Slaughter Drone
    Consuming Sinkhole
--> Shoulder to Shoulder
    Ancient Crab
    Bonds of Mortality
    Plains

--: Eldrazi Aggressor

Pack 1 pick 10:
    Corpse Churn
    Canopy Gorger
    Comparative Analysis
--> Eldrazi Aggressor
    Void Shatter
    Swamp

--: Null Caller

--: Null Caller

Pack 1 pick 11:
    Witness the End
    Abstruse Interference
--> Null Caller
    Ruin in Their Wake
    Island

--: Wastes

Pack 1 pick 12:
--> Wastes
    Sky Scourer
    Consuming Sinkhole
    Mountain

--: Tears of Valakut

--: Tears of Valakut

--: Tears of Valakut

--: Tears of Valakut

Pack 1 pick 13:
    Corpse Churn
--> Tears of Valakut
    Mountain

--: Iona's Blessing

Pack 1 pick 14:
    Consuming Sinkhole
--> Iona's Blessing

--: Plains

Pack 1 pick 15:
--> Plains

--: Kor Sky Climber

--: Kor Sky Climber

------ OGW ------ 

Pack 2 pick 1:
    Unknown Shores
    Sweep Away
    Seer's Lantern
--> Kor Sky Climber
    Oblivion Strike
    Vines of the Recluse
    Zulaport Chainmage
    Umara Entangler
    Brute Strength
    Mighty Leap
    Kazuul's Toll Collector
    Gift of Tusks
    Malakir Soothsayer
    Matter Reshaper
    Mountain

--: Needle Spires

--: Boulder Salvo

--: Boulder Salvo

Pack 2 pick 2:
    Kor Sky Climber
--> Boulder Salvo
    Holdout Settlement
    Blinding Drone
    Witness the End
    Canopy Gorger
    Searing Light
    Comparative Analysis
    Eldrazi Aggressor
    Submerged Boneyard
    Tears of Valakut
    Flaying Tendrils
    Needle Spires
    Forest

--: Affa Protector

Pack 2 pick 3:
    Gravity Negator
    Hedron Crawler
    Vampire Envoy
    Canopy Gorger
    Sky Scourer
    Elemental Uprising
    Eldrazi Aggressor
--> Affa Protector
    Mighty Leap
    Submerged Boneyard
    Roiling Waters
    Flayer Drone
    Forest

--: Spawnbinder Mage

Pack 2 pick 4:
    Sweep Away
    Seer's Lantern
--> Spawnbinder Mage
    Kozilek's Shrieker
    Netcaster Spider
    Expedite
    Searing Light
    Comparative Analysis
    Tranquil Expanse
    Weapons Trainer
    Unity of Purpose
    Swamp

--: Reality Hemorrhage

Pack 2 pick 5:
    Kor Sky Climber
--> Reality Hemorrhage
    Unnatural Endurance
    Vines of the Recluse
    Umara Entangler
    Brute Strength
    Mighty Leap
    Immolating Glare
    Null Caller
    Gift of Tusks
    Mountain

--: Relief Captain

Pack 2 pick 6:
    Blinding Drone
    Kozilek's Pathfinder
    Kozilek's Shrieker
    Loam Larva
    Abstruse Interference
    Akoum Flameseeker
    Searing Light
--> Relief Captain
    Press into Service
    Plains

--: Reckless Bushwhacker

Pack 2 pick 7:
    Reality Hemorrhage
    Gravity Negator
    Lead by Example
    Slip Through Space
    Consuming Sinkhole
    Negate
--> Reckless Bushwhacker
    Stormchaser Mage
    Mountain

--: Reality Hemorrhage

Pack 2 pick 8:
    Tar Snare
--> Reality Hemorrhage
    Wastes
    Corpse Churn
    Expedite
    Cinder Barrens
    Relentless Hunter
    Forest

--: Brute Strength

Pack 2 pick 9:
    Sweep Away
    Zulaport Chainmage
    Umara Entangler
--> Brute Strength
    Mighty Leap
    Gift of Tusks
    Mountain

--: Eldrazi Aggressor

--: Eldrazi Aggressor

Pack 2 pick 10:
    Witness the End
    Canopy Gorger
    Searing Light
    Comparative Analysis
--> Eldrazi Aggressor
    Forest

--: Eldrazi Aggressor

Pack 2 pick 11:
    Gravity Negator
    Canopy Gorger
--> Eldrazi Aggressor
    Mighty Leap
    Forest

--: Expedite

--: Expedite

Pack 2 pick 12:
--> Expedite
    Searing Light
    Unity of Purpose
    Swamp

--: Mighty Leap

Pack 2 pick 13:
--> Mighty Leap
    Gift of Tusks
    Mountain

--: Abstruse Interference

Pack 2 pick 14:
--> Abstruse Interference
    Plains

--: Consuming Sinkhole

Pack 2 pick 15:
--> Consuming Sinkhole

--: Firemantle Mage

--: Firemantle Mage

------ BFZ ------ 

Pack 3 pick 1:
    Culling Drone
    Seek the Wilds
    Coralhelm Guide
    Nirkana Assassin
    Goblin War Paint
    Tandem Tactics
    Sure Strike
    Kozilek's Channeler
    Vestige of Emrakul
    Courier Griffin
    Adverse Conditions
--> Firemantle Mage
    Rising Miasma
    Planar Outburst
    Plains

--: Expedition Envoy

Pack 3 pick 2:
    Swarm Surge
    Call the Scions
    Murk Strider
    Tightening Coils
    Looming Spires
    Grave Birthing
    Eyeless Watcher
    Eldrazi Devastator
    Stone Haven Medic
    Volcanic Upheaval
    Rising Miasma
--> Expedition Envoy
    Barrage Tyrant
    Swamp

--: Cliffside Lookout

Pack 3 pick 3:
    Blisterpod
    Sludge Crawler
    Earthen Arms
--> Cliffside Lookout
    Volcanic Upheaval
    Angelic Gift
    Nettle Drone
    Ondu Greathorn
    Blighted Gorge
    Retreat to Kazandu
    Skyrider Elf
    Guardian of Tazeem
    Plains

--: Makindi Sliderunner

Pack 3 pick 4:
    Kalastria Healer
    Reclaiming Vines
    Salvage Drone
    Swarm Surge
    Kitesail Scout
    Shatterskull Recruit
    Touch of the Void
    Kozilek's Channeler
--> Makindi Sliderunner
    Ruination Guide
    Shrine of the Forsaken Gods
    Plains

--: Pilgrim's Eye

Pack 3 pick 5:
    Kalastria Healer
    Blisterpod
    Skyline Cascade
    Ruin Processor
    Bone Splinters
    Broodhunter Wurm
    Mortuary Mire
    Tandem Tactics
--> Pilgrim's Eye
    Blighted Cataract
    Forest

--: Scour from Existence

Pack 3 pick 6:
    Altar's Reap
--> Scour from Existence
    Grave Birthing
    Broodhunter Wurm
    Spell Shrivel
    Ruin Processor
    Kozilek's Sentinel
    Inspired Charge
    Blighted Woodland
    Mountain

--: Ondu Champion

--: Shatterskull Recruit

--: Ondu Champion

--: Ondu Champion

Pack 3 pick 7:
    Call the Scions
    Murk Strider
    Voracious Null
    Oran-Rief Invoker
    Stone Haven Medic
    Shatterskull Recruit
--> Ondu Champion
    Lifespring Druid
    Swamp

--: Kozilek's Sentinel

--: Kozilek's Sentinel

Pack 3 pick 8:
    Giant Mantis
    Spell Shrivel
    Scour from Existence
    Tajuru Beastmaster
    Inspired Charge
    Transgress the Mind
--> Pathway Arrows
    Mountain

--: Plains

--: Tandem Tactics

--: Sure Strike

--: Sure Strike

Pack 3 pick 9:
    Seek the Wilds
    Coralhelm Guide
    Nirkana Assassin
    Goblin War Paint
    Tandem Tactics
--> Sure Strike
    Plains

--: Volcanic Upheaval

Pack 3 pick 10:
    Swarm Surge
    Grave Birthing
    Eldrazi Devastator
--> Volcanic Upheaval
    Rising Miasma
    Swamp

--: Angelic Gift

--: Angelic Gift

--: Angelic Gift

--: Angelic Gift

--: Earthen Arms

--: Angelic Gift

Pack 3 pick 11:
    Earthen Arms
    Volcanic Upheaval
--> Angelic Gift
    Skyrider Elf
    Plains

--: Swarm Surge

Pack 3 pick 12:
    Reclaiming Vines
    Salvage Drone
--> Swarm Surge
    Plains

--: Bone Splinters

Pack 3 pick 13:
    Blisterpod
--> Bone Splinters
    Forest

--: Altar's Reap

Pack 3 pick 14:
--> Altar's Reap
    Mountain

--: Swamp

Pack 3 pick 15:
--> Swamp

