Event #: 9378928
Time:    2/11/2016 11:44:26 PM
Players:
    wraith373
--> HuaxingMachine
    ZeroTheCat
    Powelly
    Ordon77
    Coexistence
    Raoringhouse
    goober007

--: Grasp of Darkness

--: Oblivion Strike

--: Oblivion Strike

------ OGW ------ 

Pack 1 pick 1:
    Blinding Drone
    Kozilek's Pathfinder
    Joraga Auxiliary
--> Oblivion Strike
    Saddleback Lagac
    Corpse Churn
    Canopy Gorger
    Ancient Crab
    Expedite
    Searing Light
    Grasp of Darkness
    Steppe Glider
    Ruin in Their Wake
    Oath of Jace
    Swamp

--: Ruins of Oran-Rief

--: Ruins of Oran-Rief

Pack 1 pick 2:
    Sweep Away
    Seer's Lantern
    Spawnbinder Mage
    Saddleback Lagac
    Corpse Churn
    Brute Strength
    Affa Protector
    Ancient Crab
    Expedite
    Cinder Barrens
    Prophet of Distortion
    Iona's Blessing
--> Ruins of Oran-Rief
    Swamp

--: Maw of Kozilek

--: Maw of Kozilek

Pack 1 pick 3:
    Tar Snare
    Wastes
    Gravity Negator
    Bone Saw
    Untamed Hunger
    Vines of the Recluse
--> Maw of Kozilek
    Dazzling Reflection
    Umara Entangler
    Pyromancer's Assault
    Relentless Hunter
    Void Shatter
    Mountain

--: Slaughter Drone

--: Jwar Isle Avenger

--: Slaughter Drone

--: Jwar Isle Avenger

--: Jwar Isle Avenger

Pack 1 pick 4:
    Wastes
--> Jwar Isle Avenger
    Warden of Geometries
    Witness the End
    Netcaster Spider
    Slaughter Drone
    Akoum Flameseeker
    Plains
    Negate
    Reaver Drone
    Tears of Valakut
    Island

--: Unknown Shores

--: Unknown Shores

Pack 1 pick 5:
    Warden of Geometries
    Spawnbinder Mage
    Crumbling Vestige
--> Unknown Shores
    Zulaport Chainmage
    Natural State
    Negate
    Sparkmage's Gambit
    Harvester Troll
    Tranquil Expanse
    Forest

--: Slaughter Drone

--: Slaughter Drone

Pack 1 pick 6:
    Tar Snare
    Unknown Shores
    Loam Larva
--> Slaughter Drone
    Lead by Example
    Ancient Crab
    Maw of Kozilek
    Mighty Leap
    Bonds of Mortality
    Plains

--: Grip of the Roil

--: Grip of the Roil

Pack 1 pick 7:
    Bone Saw
    Pulse of Murasa
    Zulaport Chainmage
    Brute Strength
    Mighty Leap
    Cultivator Drone
--> Grip of the Roil
    Needle Spires
    Forest

--: Gravity Negator

--: Gravity Negator

Pack 1 pick 8:
    Cinder Hellion
    Holdout Settlement
--> Gravity Negator
    Bone Saw
    Corpse Churn
    Comparative Analysis
    Unity of Purpose
    Forest

--: Ancient Crab

--: Ancient Crab

Pack 1 pick 9:
    Corpse Churn
    Canopy Gorger
--> Ancient Crab
    Expedite
    Searing Light
    Ruin in Their Wake
    Swamp

--: Seer's Lantern

--: Seer's Lantern

Pack 1 pick 10:
--> Seer's Lantern
    Corpse Churn
    Ancient Crab
    Expedite
    Iona's Blessing
    Swamp

--: Void Shatter

--: Void Shatter

Pack 1 pick 11:
    Untamed Hunger
    Dazzling Reflection
    Pyromancer's Assault
--> Void Shatter
    Mountain

--: Negate

Pack 1 pick 12:
    Plains
--> Negate
    Tears of Valakut
    Island

Pack 1 pick 13:
    Natural State
--> Negate
    Forest

Pack 1 pick 14:
    Bonds of Mortality
--> Plains

Pack 1 pick 15:
--> Forest

--: Gravity Negator

--: Hedron Crawler

--: Hedron Crawler

------ OGW ------ 

Pack 2 pick 1:
    Gravity Negator
--> Hedron Crawler
    Vampire Envoy
    Scion Summoner
    Unnatural Endurance
    Vines of the Recluse
    Zulaport Chainmage
    Dazzling Reflection
    Slip Through Space
    Brute Strength
    Chitinous Cloak
    Pyromancer's Assault
    Nissa's Judgment
    Tyrant of Valakut
    Mountain

--: Mindmelter

--: Containment Membrane

--: Mindmelter

--: Mindmelter

Pack 2 pick 2:
    Zada's Commando
    Crumbling Vestige
    Containment Membrane
    Hedron Crawler
    Tar Snare
    Unnatural Endurance
    Pulse of Murasa
    Maw of Kozilek
    Shoulder to Shoulder
    Umara Entangler
    Relief Captain
--> Mindmelter
    Ayli, Eternal Pilgrim
    Plains

--: Kozilek's Translator

--: Kozilek's Translator

Pack 2 pick 3:
    Boulder Salvo
    Holdout Settlement
    Kozilek's Pathfinder
    Natural State
--> Kozilek's Translator
    Elemental Uprising
    Affa Protector
    Mighty Leap
    Consuming Sinkhole
    Walker of the Wastes
    Allied Reinforcements
    Steppe Glider
    Plains

--: Jwar Isle Avenger

--: Jwar Isle Avenger

Pack 2 pick 4:
--> Jwar Isle Avenger
    Tar Snare
    Saddleback Lagac
    Corpse Churn
    Natural State
    Comparative Analysis
    Eldrazi Aggressor
    Affa Protector
    Chitinous Cloak
    Reckless Bushwhacker
    Press into Service
    Mountain

--: Containment Membrane

--: Containment Membrane

Pack 2 pick 5:
    Wastes
--> Containment Membrane
    Seer's Lantern
    Kor Sky Climber
    Sky Scourer
    Elemental Uprising
    Comparative Analysis
    Eldrazi Aggressor
    Kor Scythemaster
    Grip of the Roil
    Mountain

--: Slaughter Drone

--: Slaughter Drone

Pack 2 pick 6:
    Sweep Away
    Bone Saw
    Goblin Freerunner
    Loam Larva
--> Slaughter Drone
    Ancient Crab
    Maw of Kozilek
    Meandering River
    Flaying Tendrils
    Island

--: Kozilek's Translator

--: Kozilek's Translator

Pack 2 pick 7:
    Goblin Freerunner
--> Kozilek's Translator
    Elemental Uprising
    Mighty Leap
    Consuming Sinkhole
    Void Grafter
    Warping Wail
    Mina and Denn, Wildborn
    Forest

Pack 2 pick 8:
--> Spawnbinder Mage
    Canopy Gorger
    Lead by Example
    Searing Light
    Negate
    Sparkmage's Gambit
    Hedron Alignment
    Mountain

--: Zulaport Chainmage

--: Chitinous Cloak

--: Chitinous Cloak

Pack 2 pick 9:
    Zulaport Chainmage
    Dazzling Reflection
    Slip Through Space
    Brute Strength
--> Chitinous Cloak
    Pyromancer's Assault
    Mountain

--: Containment Membrane

--: Containment Membrane

Pack 2 pick 10:
--> Containment Membrane
    Tar Snare
    Unnatural Endurance
    Pulse of Murasa
    Maw of Kozilek
    Plains

Pack 2 pick 11:
    Natural State
    Elemental Uprising
--> Mighty Leap
    Consuming Sinkhole
    Plains

--: Comparative Analysis

Pack 2 pick 12:
    Natural State
--> Comparative Analysis
    Eldrazi Aggressor
    Mountain

Pack 2 pick 13:
    Elemental Uprising
--> Eldrazi Aggressor
    Mountain

--: Ancient Crab

Pack 2 pick 14:
--> Ancient Crab
    Island

Pack 2 pick 15:
--> Forest

--: Eldrazi Skyspawner

--: Eldrazi Skyspawner

------ BFZ ------ 

Pack 3 pick 1:
    Transgress the Mind
    Altar's Reap
    Call the Scions
--> Eldrazi Skyspawner
    Hedron Blade
    Bone Splinters
    Unnatural Aggression
    Sandstone Bridge
    Angelic Gift
    Nettle Drone
    Blighted Woodland
    Ulamog's Despoiler
    Angel of Renewal
    Gruesome Slaughter
    Forest

--: Bane of Bala Ged

--: Bane of Bala Ged

Pack 3 pick 2:
    Oracle of Dust
    Voracious Null
    Anticipate
    Mist Intruder
    Stone Haven Medic
    Shatterskull Recruit
    Valakut Invoker
    Ondu Greathorn
    Ondu Champion
--> Bane of Bala Ged
    Processor Assault
    Hagra Sharpshooter
    Shrine of the Forsaken Gods
    Island

--: Kozilek's Channeler

--: Kozilek's Channeler

Pack 3 pick 3:
    Call the Scions
    Roilmage's Trick
    Swarm Surge
    Tajuru Stalwart
    Tandem Tactics
    Sure Strike
    Sheer Drop
--> Kozilek's Channeler
    Makindi Sliderunner
    Catacomb Sifter
    Turn Against
    Blighted Woodland
    Plains

Pack 3 pick 4:
    Swell of Growth
    Dispel
    Kalastria Nightwatch
    Earthen Arms
    Kor Castigator
    Boiling Earth
    Lifespring Druid
    Valakut Predator
    Sheer Drop
    Encircling Fissure
--> Prairie Stream
    Plains

--: Mire's Malice

--: Mire's Malice

Pack 3 pick 5:
--> Mire's Malice
    Giant Mantis
    Brilliant Spectrum
    Altar's Reap
    Lithomancer's Focus
    Goblin War Paint
    Ghostly Sentinel
    Retreat to Kazandu
    Retreat to Coralhelm
    Oran-Rief Hydra
    Island

--: Blighted Cataract

--: Blighted Cataract

Pack 3 pick 6:
    Voracious Null
    Altar's Reap
    Plummet
    Fortified Rampart
    Lavastep Raider
    Smite the Monstrous
    Ondu Greathorn
    Drana's Emissary
--> Blighted Cataract
    Forest

--: Bloodbond Vampire

--: Bloodbond Vampire

Pack 3 pick 7:
    Nirkana Assassin
    Seek the Wilds
    Oracle of Dust
    Altar's Reap
    Tandem Tactics
    Shadow Glider
--> Bloodbond Vampire
    Kor Entanglers
    Swamp

--: Dutiful Return

Pack 3 pick 8:
--> Dutiful Return
    Skyline Cascade
    Eyeless Watcher
    Rush of Ice
    Kozilek's Sentinel
    Vampiric Rites
    Cinder Glade
    Island

Pack 3 pick 9:
    Altar's Reap
    Call the Scions
    Hedron Blade
--> Bone Splinters
    Sandstone Bridge
    Angelic Gift
    Forest

--: Anticipate

Pack 3 pick 10:
    Voracious Null
--> Anticipate
    Shatterskull Recruit
    Ondu Champion
    Processor Assault
    Island

Pack 3 pick 11:
    Call the Scions
--> Roilmage's Trick
    Tandem Tactics
    Blighted Woodland
    Plains

Pack 3 pick 12:
    Swell of Growth
--> Dispel
    Earthen Arms
    Plains

Pack 3 pick 13:
--> Brilliant Spectrum
    Goblin War Paint
    Island

Pack 3 pick 14:
--> Altar's Reap
    Forest

Pack 3 pick 15:
--> Swamp

