Event #: 9379685
Time:    2/12/2016 5:55:00 AM
Players:
    Citizenw
    mengfanxuan
--> caliban17
    TheGamersDome
    loki1974
    fujiposo
    Piporlax
    thoughtxriot

--: Endbringer

--: Endbringer

------ OGW ------ 

Pack 1 pick 1:
    Stalking Drone
    Expedition Raptor
    Reality Hemorrhage
    Crumbling Vestige
    Corpse Churn
    Natural State
    Kozilek's Translator
    Akoum Flameseeker
    Searing Light
    Negate
    Embodiment of Fury
    Embodiment of Insight
    Immobilizer Eldrazi
--> Endbringer
    Island

--: Reality Hemorrhage

--: Reality Hemorrhage

Pack 1 pick 2:
    Stalking Drone
    Kor Sky Climber
--> Reality Hemorrhage
    Wastes
    Netcaster Spider
    Witness the End
    Canopy Gorger
    Negate
    Maw of Kozilek
    Shoulder to Shoulder
    Allied Reinforcements
    Unity of Purpose
    Nissa's Judgment
    Mountain

--: Reality Hemorrhage

--: Reality Hemorrhage

Pack 1 pick 3:
--> Reality Hemorrhage
    Wastes
    Gravity Negator
    Bone Saw
    Scion Summoner
    Kozilek's Shrieker
    Loam Larva
    Brute Strength
    Kor Scythemaster
    Comparative Analysis
    Birthing Hulk
    Tears of Valakut
    Swamp

--: Wall of Resurgence

--: Wall of Resurgence

Pack 1 pick 4:
    Scion Summoner
    Holdout Settlement
    Elemental Uprising
    Zulaport Chainmage
    Natural State
    Mighty Leap
    Abstruse Interference
    Akoum Flameseeker
    Submerged Boneyard
--> Wall of Resurgence
    Void Shatter
    Forest

--: Ondu War Cleric

--: Ondu War Cleric

Pack 1 pick 5:
    Wastes
    Jwar Isle Avenger
    Meandering River
    Pulse of Murasa
    Unnatural Endurance
    Vines of the Recluse
    Consuming Sinkhole
--> Ondu War Cleric
    Timber Gorge
    Ruin in Their Wake
    Forest

--: Ondu War Cleric

--: Ondu War Cleric

Pack 1 pick 6:
    Jwar Isle Avenger
    Tar Snare
    Canopy Gorger
    Kozilek's Shrieker
    Mighty Leap
    Cultivator Drone
    Expedite
--> Ondu War Cleric
    Reaver Drone
    Mountain

--: Hedron Crawler

--: Hedron Crawler

Pack 1 pick 7:
    Crumbling Vestige
    Gravity Negator
--> Hedron Crawler
    Kozilek's Translator
    Saddleback Lagac
    Makindi Aeronaut
    Umara Entangler
    Consuming Sinkhole
    Swamp

--: Brute Strength

--: Affa Protector

--: Brute Strength

--: Brute Strength

Pack 1 pick 8:
    Bone Saw
    Corpse Churn
    Natural State
    Cultivator Drone
--> Brute Strength
    Affa Protector
    Joraga Auxiliary
    Plains

--: Akoum Flameseeker

--: Akoum Flameseeker

Pack 1 pick 9:
    Stalking Drone
    Corpse Churn
    Natural State
    Kozilek's Translator
--> Akoum Flameseeker
    Negate
    Island

--: Stalking Drone

--: Netcaster Spider

--: Stalking Drone

--: Netcaster Spider

--: Netcaster Spider

Pack 1 pick 10:
    Stalking Drone
--> Netcaster Spider
    Witness the End
    Canopy Gorger
    Negate
    Mountain

--: Wastes

--: Wastes

Pack 1 pick 11:
--> Wastes
    Bone Saw
    Loam Larva
    Comparative Analysis
    Swamp

--: Elemental Uprising

--: Elemental Uprising

Pack 1 pick 12:
--> Elemental Uprising
    Natural State
    Abstruse Interference
    Forest

--: Pulse of Murasa

--: Pulse of Murasa

Pack 1 pick 13:
--> Pulse of Murasa
    Ruin in Their Wake
    Forest

--: Canopy Gorger

Pack 1 pick 14:
--> Canopy Gorger
    Mountain

--: Swamp

Pack 1 pick 15:
--> Swamp

--: Zada's Commando

--: Zada's Commando

------ OGW ------ 

Pack 2 pick 1:
    Tajuru Pathwarden
    Expedition Raptor
--> Zada's Commando
    Crumbling Vestige
    Witness the End
    Netcaster Spider
    Slaughter Drone
    Kor Sky Climber
    Umara Entangler
    Brute Strength
    Spatial Contortion
    Baloth Null
    Immobilizer Eldrazi
    Oath of Gideon
    Swamp

--: Embodiment of Fury

--: Embodiment of Fury

Pack 2 pick 2:
    Kozilek's Pathfinder
    Tajuru Pathwarden
    Expedition Raptor
    Zada's Commando
    Kozilek's Shrieker
    Loam Larva
    Slaughter Drone
    Kor Scythemaster
    Comparative Analysis
    Eldrazi Aggressor
--> Embodiment of Fury
    Void Grafter
    Stoneforge Acolyte
    Island

--: Isolation Zone

--: Isolation Zone

Pack 2 pick 3:
    Jwar Isle Avenger
    Warden of Geometries
--> Isolation Zone
    Tar Snare
    Reality Hemorrhage
    Natural State
    Slaughter Drone
    Brute Strength
    Affa Protector
    Ancient Crab
    Reaver Drone
    Meandering River
    Forest

--: Reality Hemorrhage

--: Reality Hemorrhage

Pack 2 pick 4:
    Vampire Envoy
--> Reality Hemorrhage
    Unknown Shores
    Sweep Away
    Elemental Uprising
    Sky Scourer
    Loam Larva
    Drana's Chosen
    Reckless Bushwhacker
    Birthing Hulk
    Oath of Jace
    Island

--: Wastes

--: Goblin Freerunner

--: Goblin Freerunner

--: Goblin Freerunner

Pack 2 pick 5:
    Hedron Crawler
    Stalking Drone
--> Goblin Freerunner
    Wastes
    Witness the End
    Canopy Gorger
    Maw of Kozilek
    Shoulder to Shoulder
    Umara Entangler
    Tranquil Expanse
    Swamp

--: Zada's Commando

--: Zada's Commando

Pack 2 pick 6:
--> Zada's Commando
    Wastes
    Kozilek's Translator
    Lead by Example
    Corpse Churn
    Akoum Flameseeker
    Ondu War Cleric
    Cultivator Drone
    Bonds of Mortality
    Mountain

--: Cinder Hellion

--: Seer's Lantern

--: Cinder Hellion

--: Cinder Hellion

Pack 2 pick 7:
    Containment Membrane
    Seer's Lantern
--> Cinder Hellion
    Zulaport Chainmage
    Elemental Uprising
    Comparative Analysis
    Pyromancer's Assault
    Flaying Tendrils
    Island

--: Wastes

--: Wastes

Pack 2 pick 8:
    Containment Membrane
--> Wastes
    Stalking Drone
    Unnatural Endurance
    Vines of the Recluse
    Cultivator Drone
    Gift of Tusks
    Mountain

--: Kor Sky Climber

--: Kor Sky Climber

Pack 2 pick 9:
    Tajuru Pathwarden
    Expedition Raptor
    Crumbling Vestige
    Witness the End
--> Kor Sky Climber
    Umara Entangler
    Swamp

--: Eldrazi Aggressor

--: Eldrazi Aggressor

Pack 2 pick 10:
    Tajuru Pathwarden
    Loam Larva
    Comparative Analysis
--> Eldrazi Aggressor
    Stoneforge Acolyte
    Island

--: Tar Snare

--: Ancient Crab

--: Tar Snare

--: Tar Snare

Pack 2 pick 11:
--> Tar Snare
    Natural State
    Ancient Crab
    Meandering River
    Forest

--: Birthing Hulk

--: Oath of Jace

--: Birthing Hulk

--: Birthing Hulk

Pack 2 pick 12:
    Elemental Uprising
--> Birthing Hulk
    Oath of Jace
    Island

--: Stalking Drone

Pack 2 pick 13:
--> Stalking Drone
    Canopy Gorger
    Swamp

--: Corpse Churn

Pack 2 pick 14:
--> Corpse Churn
    Mountain

--: Island

Pack 2 pick 15:
--> Island

--: Munda, Ambush Leader

--: Munda, Ambush Leader

------ BFZ ------ 

Pack 3 pick 1:
    Roilmage's Trick
    Dutiful Return
    Bone Splinters
    Unnatural Aggression
    Gideon's Reproach
    Cloud Manta
    Scour from Existence
    Grave Birthing
    Volcanic Upheaval
    Angelic Gift
    Breaker of Armies
    Chasm Guide
    Vampiric Rites
--> Munda, Ambush Leader
    Plains

--: Ondu Champion

--: Ondu Champion

Pack 3 pick 2:
    Blisterpod
    Anticipate
    Sludge Crawler
    Earthen Arms
    Shatterskull Recruit
    Lithomancer's Focus
    Ondu Greathorn
    Dominator Drone
--> Ondu Champion
    Ghostly Sentinel
    Ondu Rising
    Tajuru Warcaller
    Spawning Bed
    Mountain

--: Evolving Wilds

--: Evolving Wilds

Pack 3 pick 3:
    Oracle of Dust
    Altar's Reap
    Spell Shrivel
    Scour from Existence
    Tajuru Beastmaster
    Wave-Wing Elemental
--> Evolving Wilds
    Lavastep Raider
    Fortified Rampart
    Blighted Woodland
    Rot Shambler
    Sanctum of Ugin
    Forest

--: Makindi Sliderunner

Pack 3 pick 4:
    Culling Drone
    Giant Mantis
    Anticipate
    Nettle Drone
    Fortified Rampart
--> Makindi Sliderunner
    Gideon's Reproach
    Plains
    Valakut Predator
    Adverse Conditions
    Forerunner of Slaughter
    Island

--: Zulaport Cutthroat

Pack 3 pick 5:
    Incubator Drone
    Kalastria Healer
    Reclaiming Vines
    Broodhunter Wurm
    Spell Shrivel
    Ruin Processor
    Skyline Cascade
    Goblin War Paint
--> Zulaport Cutthroat
    Nissa's Renewal
    Mountain

--: Looming Spires

--: Looming Spires

Pack 3 pick 6:
    Tajuru Stalwart
    Incubator Drone
--> Looming Spires
    Grave Birthing
    Eyeless Watcher
    Wave-Wing Elemental
    Lavastep Raider
    Crumble to Dust
    Vampiric Rites
    Swamp

--: Makindi Sliderunner

--: Makindi Sliderunner

Pack 3 pick 7:
    Incubator Drone
    Seek the Wilds
    Coralhelm Guide
    Reckless Cohort
    Inspired Charge
    Volcanic Upheaval
--> Makindi Sliderunner
    Titan's Presence
    Forest

--: Makindi Patrol

--: Makindi Patrol

Pack 3 pick 8:
    Giant Mantis
    Anticipate
    Mind Raker
    Territorial Baloth
    Lavastep Raider
--> Makindi Patrol
    Blighted Gorge
    Plains

--: Scour from Existence

--: Scour from Existence

Pack 3 pick 9:
    Roilmage's Trick
    Dutiful Return
--> Scour from Existence
    Volcanic Upheaval
    Angelic Gift
    Vampiric Rites
    Plains

--: Shatterskull Recruit

--: Shatterskull Recruit

Pack 3 pick 10:
    Blisterpod
    Anticipate
    Earthen Arms
--> Shatterskull Recruit
    Lithomancer's Focus
    Mountain

--: Scour from Existence

--: Scour from Existence

Pack 3 pick 11:
    Oracle of Dust
    Spell Shrivel
--> Scour from Existence
    Lavastep Raider
    Forest

--: Valakut Predator

Pack 3 pick 12:
    Giant Mantis
    Plains
--> Valakut Predator
    Island

--: Broodhunter Wurm

Pack 3 pick 13:
    Reclaiming Vines
--> Broodhunter Wurm
    Mountain

--: Crumble to Dust

Pack 3 pick 14:
--> Crumble to Dust
    Swamp

--: Forest

Pack 3 pick 15:
--> Forest

