Event #: 9380980
Time:    12/02/2016 20:05:50
Players:
    Yaenu
    maxbugz101
    TheTrumpCard
    mladizmaj
--> Fnoop
    rooster46107
    HAUMPH
    tophboth

--: Bearer of Silence

--: Bearer of Silence

------ OGW ------ 

Pack 1 pick 1:
    Scion Summoner
    Kor Sky Climber
    Zada's Commando
    Crumbling Vestige
    Containment Membrane
    Netcaster Spider
    Witness the End
    Consuming Sinkhole
    Searing Light
    Negate
    Submerged Boneyard
    Tears of Valakut
    Flaying Tendrils
--> Bearer of Silence
    Mountain

--: Baloth Null

--: Baloth Null

Pack 1 pick 2:
    Reality Hemorrhage
    Wastes
    Sparkmage's Gambit
    Bone Saw
    Corpse Churn
    Natural State
    Slaughter Drone
    Akoum Flameseeker
    Ondu War Cleric
    Cultivator Drone
    Void Shatter
--> Baloth Null
    Mina and Denn, Wildborn
    Plains

--: Essence Depleter

--: Essence Depleter

Pack 1 pick 3:
    Seer's Lantern
    Kor Sky Climber
    Boulder Salvo
    Holdout Settlement
    Kozilek's Shrieker
    Loam Larva
    Dazzling Reflection
    Slip Through Space
    Brute Strength
--> Essence Depleter
    Baloth Pup
    Remorseless Punishment
    Swamp

--: Spatial Contortion

--: Spatial Contortion

Pack 1 pick 4:
    Sweep Away
    Tajuru Pathwarden
    Expedition Raptor
    Elemental Uprising
    Sky Scourer
    Loam Larva
    Negate
    Sparkmage's Gambit
    Shoulder to Shoulder
--> Spatial Contortion
    Bonds of Mortality
    Island

--: Wandering Fumarole

--: Wandering Fumarole

Pack 1 pick 5:
    Spawnbinder Mage
    Goblin Freerunner
    Wastes
    Zulaport Chainmage
    Cultivator Drone
    Expedite
    Makindi Aeronaut
    Grip of the Roil
    Unity of Purpose
--> Wandering Fumarole
    Forest

--: Unknown Shores

--: Unknown Shores

--: Unknown Shores

Pack 1 pick 6:
    Reality Hemorrhage
--> Unknown Shores
    Unnatural Endurance
    Vines of the Recluse
    Mighty Leap
    Consuming Sinkhole
    Ondu War Cleric
    Timber Gorge
    Ruin in Their Wake
    Mountain

--: Wastes

--: Wastes

Pack 1 pick 7:
    Spawnbinder Mage
--> Wastes
    Untamed Hunger
    Comparative Analysis
    Eldrazi Aggressor
    Cinder Barrens
    Reflector Mage
    Iona's Blessing
    Mountain

--: Warden of Geometries

--: Warden of Geometries

Pack 1 pick 8:
    Wastes
    Jwar Isle Avenger
--> Warden of Geometries
    Unnatural Endurance
    Brute Strength
    Affa Protector
    Ancient Crab
    Island

--: Flaying Tendrils

--: Flaying Tendrils

Pack 1 pick 9:
    Consuming Sinkhole
    Searing Light
    Negate
    Submerged Boneyard
    Tears of Valakut
--> Flaying Tendrils
    Mountain

--: Slaughter Drone

--: Slaughter Drone

Pack 1 pick 10:
    Sparkmage's Gambit
    Bone Saw
    Natural State
--> Slaughter Drone
    Void Shatter
    Plains

--: Seer's Lantern

--: Seer's Lantern

Pack 1 pick 11:
--> Seer's Lantern
    Dazzling Reflection
    Slip Through Space
    Brute Strength
    Swamp

--: Negate

--: Negate

Pack 1 pick 12:
--> Negate
    Sparkmage's Gambit
    Bonds of Mortality
    Island

--: Unity of Purpose

Pack 1 pick 13:
    Expedite
--> Unity of Purpose
    Forest

--: Consuming Sinkhole

Pack 1 pick 14:
--> Consuming Sinkhole
    Mountain

--: Mountain

Pack 1 pick 15:
--> Mountain

--: Crumbling Vestige

--: Crumbling Vestige

--: Crumbling Vestige

------ OGW ------ 

Pack 2 pick 1:
    Kozilek's Pathfinder
    Scion Summoner
    Kor Sky Climber
    Zada's Commando
--> Crumbling Vestige
    Untamed Hunger
    Vines of the Recluse
    Ancient Crab
    Expedite
    Searing Light
    Meandering River
    Prophet of Distortion
    Bonds of Mortality
    Needle Spires
    Mountain

--: Kozilek's Translator

--: Kozilek's Translator

Pack 2 pick 2:
    Warden of Geometries
    Stalking Drone
    Expedition Raptor
    Corpse Churn
    Natural State
--> Kozilek's Translator
    Makindi Aeronaut
    Abstruse Interference
    Akoum Flameseeker
    Tranquil Expanse
    Make a Stand
    Ruin in Their Wake
    Oath of Gideon
    Island

--: Thought Harvester

--: Thought Harvester

--: Thought Harvester

--: Thought Harvester

Pack 2 pick 3:
    Reality Hemorrhage
    Wastes
    Gravity Negator
    Bone Saw
    Scion Summoner
    Kozilek's Translator
    Saddleback Lagac
    Eldrazi Aggressor
    Kor Scythemaster
    Negate
    Timber Gorge
--> Thought Harvester
    Mountain

--: Cultivator Drone

--: Cultivator Drone

--: Cultivator Drone

Pack 2 pick 4:
    Crumbling Vestige
    Jwar Isle Avenger
    Hedron Crawler
    Slaughter Drone
    Canopy Gorger
    Umara Entangler
    Brute Strength
    Mighty Leap
--> Cultivator Drone
    Visions of Brutality
    Oath of Jace
    Mountain

--: Spatial Contortion

--: Spatial Contortion

--: Spatial Contortion

Pack 2 pick 5:
    Sweep Away
    Seer's Lantern
    Natural State
    Witness the End
    Netcaster Spider
    Mighty Leap
    Abstruse Interference
    Akoum Flameseeker
--> Spatial Contortion
    Gift of Tusks
    Island

--: Vampire Envoy

--: Vampire Envoy

Pack 2 pick 6:
--> Vampire Envoy
    Tajuru Pathwarden
    Holdout Settlement
    Pulse of Murasa
    Untamed Hunger
    Vines of the Recluse
    Expedite
    Searing Light
    Bonds of Mortality
    Swamp

--: Vampire Envoy

--: Vampire Envoy

Pack 2 pick 7:
--> Vampire Envoy
    Holdout Settlement
    Vines of the Recluse
    Unnatural Endurance
    Pulse of Murasa
    Ancient Crab
    Affa Protector
    Walker of the Wastes
    Island

--: Corpse Churn

--: Corpse Churn

--: Corpse Churn

Pack 2 pick 8:
    Cinder Hellion
--> Corpse Churn
    Canopy Gorger
    Sparkmage's Gambit
    Umara Entangler
    Strider Harness
    Stoneforge Acolyte
    Forest

--: Meandering River

--: Meandering River

--: Meandering River

Pack 2 pick 9:
    Untamed Hunger
    Vines of the Recluse
    Ancient Crab
    Searing Light
--> Meandering River
    Bonds of Mortality
    Mountain

--: Oath of Gideon

--: Oath of Gideon

Pack 2 pick 10:
    Corpse Churn
    Natural State
    Make a Stand
    Ruin in Their Wake
--> Oath of Gideon
    Island

--: Wastes

--: Wastes

Pack 2 pick 11:
--> Wastes
    Bone Saw
    Eldrazi Aggressor
    Timber Gorge
    Mountain

--: Canopy Gorger

--: Canopy Gorger

Pack 2 pick 12:
--> Canopy Gorger
    Umara Entangler
    Oath of Jace
    Mountain

--: Witness the End

Pack 2 pick 13:
--> Witness the End
    Gift of Tusks
    Island

--: Untamed Hunger

Pack 2 pick 14:
--> Untamed Hunger
    Swamp

--: Island

Pack 2 pick 15:
--> Island

--: Pilgrim's Eye

--: Pilgrim's Eye

------ BFZ ------ 

Pack 3 pick 1:
    Oracle of Dust
    Altar's Reap
    Plummet
    Tajuru Beastmaster
    Wave-Wing Elemental
    Evolving Wilds
    Silent Skimmer
    Rush of Ice
    Shatterskull Recruit
    Felidar Cub
    Horribly Awry
--> Pilgrim's Eye
    Roil's Retribution
    Desolation Twin
    Forest

--: Coastal Discovery

--: Coastal Discovery

Pack 3 pick 2:
    Clutch of Currents
    Kalastria Nightwatch
    Swell of Growth
    Mist Intruder
    Lithomancer's Focus
    Outnumber
    Mountain
    Ghostly Sentinel
    Benthic Infiltrator
--> Coastal Discovery
    Pathway Arrows
    Unified Front
    Ally Encampment
    Swamp

--: Ruin Processor

--: Ruin Processor

Pack 3 pick 3:
    Anticipate
    Sludge Crawler
--> Ruin Processor
    Skyline Cascade
    Rush of Ice
    Silent Skimmer
    Lavastep Raider
    Fortified Rampart
    Vile Aggregate
    Rising Miasma
    Pathway Arrows
    Aligned Hedron Network
    Mountain

--: Smite the Monstrous

--: Benthic Infiltrator

--: Benthic Infiltrator

Pack 3 pick 4:
    Kalastria Healer
    Blisterpod
    Oracle of Dust
    Voracious Null
    Angelic Gift
    Lavastep Raider
--> Benthic Infiltrator
    Makindi Sliderunner
    Smite the Monstrous
    Processor Assault
    Crumble to Dust
    Island

--: Prairie Stream

--: Prairie Stream

Pack 3 pick 5:
    Earthen Arms
    Murk Strider
    Sludge Crawler
    Plummet
    Kozilek's Sentinel
    Inspired Charge
    Lifespring Druid
    Valakut Predator
    Sheer Drop
--> Prairie Stream
    Swamp

--: Infuse with the Elements

--: Infuse with the Elements

Pack 3 pick 6:
    Reclaiming Vines
    Mist Intruder
    Giant Mantis
    Valakut Invoker
    Shadow Glider
    Dominator Drone
    Stonefury
--> Infuse with the Elements
    Grove Rumbler
    Swamp

--: Prairie Stream

--: Prairie Stream

Pack 3 pick 7:
    Voracious Null
    Brilliant Spectrum
    Brilliant Spectrum
    Kozilek's Sentinel
    Cliffside Lookout
    Stonefury
    Vampiric Rites
--> Prairie Stream
    Island

--: Tightening Coils

--: Tightening Coils

Pack 3 pick 8:
    Swell of Growth
    Broodhunter Wurm
    Mortuary Mire
--> Tightening Coils
    Grave Birthing
    Sure Strike
    Processor Assault
    Mountain

--: Horribly Awry

--: Horribly Awry

--: Oracle of Dust

--: Oracle of Dust

Pack 3 pick 9:
--> Oracle of Dust
    Altar's Reap
    Plummet
    Rush of Ice
    Shatterskull Recruit
    Horribly Awry
    Forest

--: Mountain

--: Mountain

Pack 3 pick 10:
    Swell of Growth
    Mist Intruder
    Lithomancer's Focus
--> Mountain
    Pathway Arrows
    Swamp

--: Rush of Ice

--: Rush of Ice

Pack 3 pick 11:
    Skyline Cascade
--> Rush of Ice
    Lavastep Raider
    Pathway Arrows
    Mountain

--: Voracious Null

Pack 3 pick 12:
--> Voracious Null
    Angelic Gift
    Lavastep Raider
    Island

--: Inspired Charge

--: Kozilek's Sentinel

Pack 3 pick 13:
--> Kozilek's Sentinel
    Inspired Charge
    Swamp

--: Stonefury

Pack 3 pick 14:
--> Stonefury
    Swamp

--: Island

Pack 3 pick 15:
--> Island

