Event #: 9382345
Time:    2/12/2016 9:28:00 PM
Players:
    FusRoDah
    araigumasaikou
    kelkun28
    Rawdog187
    SarinEnd
    mogis
--> CapTenPlanIt
    mattdam

--: Allied Reinforcements

------ OGW ------ 

Pack 1 pick 1:
    Blinding Drone
    Kozilek's Pathfinder
    Tajuru Pathwarden
    Expedition Raptor
    Zada's Commando
    Pulse of Murasa
    Zulaport Chainmage
    Ondu War Cleric
    Cultivator Drone
    Expedite
--> Allied Reinforcements
    Reaver Drone
    Void Grafter
    Zendikar Resurgent
    Plains

--: Makindi Aeronaut

--: Makindi Aeronaut

--: Makindi Aeronaut

--: Makindi Aeronaut

Pack 1 pick 2:
    Spawnbinder Mage
    Warden of Geometries
    Reality Hemorrhage
    Unknown Shores
    Sweep Away
    Unnatural Endurance
    Pulse of Murasa
    Ancient Crab
    Affa Protector
--> Makindi Aeronaut
    Meandering River
    Prophet of Distortion
    Bonds of Mortality
    Island

--: Allied Reinforcements

--: Allied Reinforcements

--: Allied Reinforcements

Pack 1 pick 3:
    Containment Membrane
    Seer's Lantern
    Kor Sky Climber
    Cinder Hellion
    Natural State
    Slaughter Drone
    Expedite
    Ancient Crab
    Grip of the Roil
--> Allied Reinforcements
    Wall of Resurgence
    Wandering Fumarole
    Forest

--: Jwar Isle Avenger

--: Tar Snare

Pack 1 pick 4:
    Jwar Isle Avenger
    Warden of Geometries
--> Tar Snare
    Sky Scourer
    Elemental Uprising
    Searing Light
    Negate
    Maw of Kozilek
    Strider Harness
    Stoneforge Acolyte
    Corrupted Crossroads
    Swamp

--: Netcaster Spider

--: Netcaster Spider

Pack 1 pick 5:
    Sweep Away
    Seer's Lantern
    Witness the End
--> Netcaster Spider
    Slaughter Drone
    Akoum Flameseeker
    Dazzling Reflection
    Slip Through Space
    Pyromancer's Assault
    Flaying Tendrils
    Swamp

--: Lead by Example

--: Lead by Example

Pack 1 pick 6:
--> Lead by Example
    Corpse Churn
    Dazzling Reflection
    Umara Entangler
    Brute Strength
    Mighty Leap
    Tranquil Expanse
    Stoneforge Acolyte
    Overwhelming Denial
    Forest

--: Stoneforge Acolyte

Pack 1 pick 7:
    Blinding Drone
    Kozilek's Pathfinder
    Kozilek's Translator
    Corpse Churn
    Dazzling Reflection
    Slip Through Space
    Strider Harness
--> Stoneforge Acolyte
    Swamp

--: Lead by Example

Pack 1 pick 8:
    Canopy Gorger
    Kozilek's Shrieker
--> Lead by Example
    Comparative Analysis
    Eldrazi Aggressor
    Pyromancer's Assault
    Unity of Purpose
    Mountain

--: Zendikar Resurgent

--: Zendikar Resurgent

--: Zulaport Chainmage

Pack 1 pick 9:
    Blinding Drone
    Kozilek's Pathfinder
--> Zulaport Chainmage
    Cultivator Drone
    Expedite
    Zendikar Resurgent
    Plains

--: Meandering River

--: Meandering River

--: Unknown Shores

Pack 1 pick 10:
--> Unknown Shores
    Unnatural Endurance
    Ancient Crab
    Meandering River
    Bonds of Mortality
    Island

--: Natural State

Pack 1 pick 11:
    Cinder Hellion
--> Natural State
    Ancient Crab
    Grip of the Roil
    Forest

Pack 1 pick 12:
    Sky Scourer
    Negate
--> Strider Harness
    Swamp

--: Pyromancer's Assault

--: Dazzling Reflection

Pack 1 pick 13:
--> Dazzling Reflection
    Pyromancer's Assault
    Swamp

Pack 1 pick 14:
--> Stoneforge Acolyte
    Forest

Pack 1 pick 15:
--> Swamp

--: Nissa's Judgment

------ OGW ------ 

Pack 2 pick 1:
    Spawnbinder Mage
    Cinder Hellion
    Unknown Shores
    Sweep Away
    Seer's Lantern
    Eldrazi Aggressor
    Slaughter Drone
    Dazzling Reflection
    Slip Through Space
    Brute Strength
    Chitinous Cloak
    Weapons Trainer
--> Nissa's Judgment
    Jori En, Ruin Diver
    Swamp

--: Nissa's Judgment

Pack 2 pick 2:
    Wastes
    Jwar Isle Avenger
    Warden of Geometries
    Tar Snare
    Canopy Gorger
    Kozilek's Shrieker
    Brute Strength
    Kor Scythemaster
    Comparative Analysis
    Tranquil Expanse
    Reflector Mage
--> Nissa's Judgment
    Dread Defiler
    Mountain

--: Kor Sky Climber

--: Kor Sky Climber

Pack 2 pick 3:
    Stalking Drone
--> Kor Sky Climber
    Reality Hemorrhage
    Zulaport Chainmage
    Natural State
    Witness the End
    Negate
    Maw of Kozilek
    Shoulder to Shoulder
    Immolating Glare
    Null Caller
    Immobilizer Eldrazi
    Plains

--: Stoneforge Masterwork

Pack 2 pick 4:
    Isolation Zone
    Tar Snare
    Pulse of Murasa
    Unnatural Endurance
    Vines of the Recluse
    Kor Scythemaster
    Negate
    Sparkmage's Gambit
    Harvester Troll
    Stormchaser Mage
--> Stoneforge Masterwork
    Mountain

--: Scion Summoner

--: Scion Summoner

Pack 2 pick 5:
--> Scion Summoner
    Crumbling Vestige
    Unnatural Endurance
    Vines of the Recluse
    Zulaport Chainmage
    Comparative Analysis
    Eldrazi Aggressor
    Cliffhaven Vampire
    Make a Stand
    Visions of Brutality
    Mountain

--: Stalking Drone

Pack 2 pick 6:
    Containment Membrane
--> Stalking Drone
    Goblin Freerunner
    Loam Larva
    Maw of Kozilek
    Mighty Leap
    Chitinous Cloak
    Baloth Pup
    Oath of Jace
    Island

--: Ondu War Cleric

--: Ondu War Cleric

Pack 2 pick 7:
    Cinder Hellion
    Holdout Settlement
    Bone Saw
    Kozilek's Shrieker
    Umara Entangler
    Akoum Flameseeker
--> Ondu War Cleric
    Ruin in Their Wake
    Plains

--: Lead by Example

Pack 2 pick 8:
    Bone Saw
--> Lead by Example
    Untamed Hunger
    Vines of the Recluse
    Eldrazi Aggressor
    Mighty Leap
    Bonds of Mortality
    Forest

--: Spawnbinder Mage

--: Spawnbinder Mage

Pack 2 pick 9:
--> Spawnbinder Mage
    Unknown Shores
    Seer's Lantern
    Slaughter Drone
    Dazzling Reflection
    Brute Strength
    Swamp

--: Canopy Gorger

--: Canopy Gorger

Pack 2 pick 10:
    Warden of Geometries
    Tar Snare
--> Canopy Gorger
    Kozilek's Shrieker
    Comparative Analysis
    Mountain

--: Shoulder to Shoulder

Pack 2 pick 11:
    Reality Hemorrhage
    Natural State
    Witness the End
--> Shoulder to Shoulder
    Plains

--: Vines of the Recluse

Pack 2 pick 12:
--> Vines of the Recluse
    Negate
    Sparkmage's Gambit
    Mountain

Pack 2 pick 13:
--> Unnatural Endurance
    Vines of the Recluse
    Mountain

--: Mighty Leap

Pack 2 pick 14:
--> Mighty Leap
    Island

Pack 2 pick 15:
--> Plains

--: Ulamog, the Ceaseless Hunger

------ BFZ ------ 

Pack 3 pick 1:
    Blisterpod
    Oracle of Dust
    Voracious Null
    Reclaiming Vines
    Guul Draz Overseer
    Lithomancer's Focus
    Touch of the Void
    Sheer Drop
    Kozilek's Channeler
    Makindi Sliderunner
    Roil Spout
    Bane of Bala Ged
    Turn Against
--> Ulamog, the Ceaseless Hunger
    Forest

--: Grovetender Druids

--: Grovetender Druids

--: Grovetender Druids

--: Grovetender Druids

Pack 3 pick 2:
    Brilliant Spectrum
    Nirkana Assassin
    Seek the Wilds
    Oracle of Dust
    Outnumber
    Fortified Rampart
    Courier Griffin
    Benthic Infiltrator
    Shadow Glider
    Windrider Patrol
    Rot Shambler
--> Grovetender Druids
    Painful Truths
    Plains

--: Snapping Gnarlid

Pack 3 pick 3:
    Call the Scions
    Roilmage's Trick
    Swarm Surge
    Eldrazi Devastator
    Wave-Wing Elemental
    Fertile Thicket
    Geyserfield Stalker
--> Snapping Gnarlid
    Silent Skimmer
    Void Attendant
    Blighted Fen
    Smothering Abomination
    Mountain

--: Kor Castigator

--: Kor Castigator

--: Kor Castigator

Pack 3 pick 4:
    Mind Raker
    Roilmage's Trick
    Dutiful Return
    Belligerent Whiptail
--> Kor Castigator
    Ondu Greathorn
    Ondu Champion
    Rot Shambler
    Forerunner of Slaughter
    Encircling Fissure
    Canopy Vista
    Swamp

--: Kor Castigator

--: Courier Griffin

Pack 3 pick 5:
    Mist Intruder
    Dutiful Return
    Blisterpod
    Anticipate
    Goblin War Paint
    Kor Castigator
    Boiling Earth
    Vestige of Emrakul
--> Courier Griffin
    Scythe Leopard
    Forest

--: Makindi Patrol

Pack 3 pick 6:
    Altar's Reap
    Plummet
    Mortuary Mire
    Natural Connection
    Eldrazi Devastator
    Demon's Grasp
    Lavastep Raider
--> Makindi Patrol
    Pathway Arrows
    Plains

--: Ghostly Sentinel

Pack 3 pick 7:
    Culling Drone
    Seek the Wilds
    Nirkana Assassin
    Angelic Gift
--> Ghostly Sentinel
    Makindi Sliderunner
    Ulamog's Nullifier
    Titan's Presence
    Forest

Pack 3 pick 8:
    Swell of Growth
    Dispel
--> Kalastria Nightwatch
    Wave-Wing Elemental
    Rush of Ice
    Skitterskin
    Defiant Bloodlord
    Swamp

--: Reclaiming Vines

Pack 3 pick 9:
    Blisterpod
    Oracle of Dust
    Voracious Null
--> Reclaiming Vines
    Lithomancer's Focus
    Makindi Sliderunner
    Forest

Pack 3 pick 10:
    Brilliant Spectrum
    Nirkana Assassin
    Seek the Wilds
    Oracle of Dust
--> Rot Shambler
    Plains

Pack 3 pick 11:
--> Call the Scions
    Roilmage's Trick
    Fertile Thicket
    Geyserfield Stalker
    Mountain

--: Belligerent Whiptail

Pack 3 pick 12:
    Roilmage's Trick
    Dutiful Return
--> Belligerent Whiptail
    Swamp

Pack 3 pick 13:
--> Dutiful Return
    Goblin War Paint
    Forest

Pack 3 pick 14:
--> Altar's Reap
    Plains

Pack 3 pick 15:
--> Forest

