Event #: 9382634
Time:    2/12/2016 7:44:23 PM
Players:
--> FinchleyCentral
    solebush1
    WarlordMargul
    Dirhyn
    turtlemagic
    deanshani
    xrpoppasx
    somekindofmonkey

--: Zada's Commando

--: Matter Reshaper

--: Matter Reshaper

------ OGW ------ 

Pack 1 pick 1:
    Zada's Commando
    Wastes
    Jwar Isle Avenger
    Warden of Geometries
    Sky Scourer
    Saddleback Lagac
    Kozilek's Shrieker
    Akoum Flameseeker
    Searing Light
    Negate
    Strider Harness
    Stoneforge Acolyte
    Joraga Auxiliary
--> Matter Reshaper
    Plains

--: Sphinx of the Final Word

--: Sphinx of the Final Word

Pack 1 pick 2:
    Containment Membrane
    Bone Saw
    Vampire Envoy
    Tajuru Pathwarden
    Saddleback Lagac
    Corpse Churn
    Canopy Gorger
    Cultivator Drone
    Expedite
    Ondu War Cleric
    Harvester Troll
    Iona's Blessing
--> Sphinx of the Final Word
    Forest

--: Hedron Crawler

--: Hedron Crawler

Pack 1 pick 3:
    Zada's Commando
    Crumbling Vestige
    Jwar Isle Avenger
--> Hedron Crawler
    Zulaport Chainmage
    Natural State
    Witness the End
    Consuming Sinkhole
    Searing Light
    Negate
    Grip of the Roil
    Tears of Valakut
    Mountain

--: Hedron Crawler

--: Gravity Negator

--: Gravity Negator

Pack 1 pick 4:
    Reality Hemorrhage
    Crumbling Vestige
--> Gravity Negator
    Hedron Crawler
    Untamed Hunger
    Vines of the Recluse
    Unnatural Endurance
    Dazzling Reflection
    Slip Through Space
    Brute Strength
    Meandering River
    Island

--: Tajuru Pathwarden

--: Tajuru Pathwarden

Pack 1 pick 5:
    Sweep Away
--> Tajuru Pathwarden
    Expedition Raptor
    Canopy Gorger
    Elemental Uprising
    Eldrazi Aggressor
    Dazzling Reflection
    Slip Through Space
    Meandering River
    Flaying Tendrils
    Swamp

--: Scion Summoner

--: Scion Summoner

Pack 1 pick 6:
    Kozilek's Pathfinder
--> Scion Summoner
    Netcaster Spider
    Slaughter Drone
    Canopy Gorger
    Slip Through Space
    Brute Strength
    Kor Scythemaster
    Void Shatter
    Island

--: Cultivator Drone

--: Cultivator Drone

Pack 1 pick 7:
    Tar Snare
    Wastes
    Bone Saw
    Untamed Hunger
    Vines of the Recluse
    Consuming Sinkhole
--> Cultivator Drone
    Bonds of Mortality
    Mountain

--: Sweep Away

--: Sweep Away

Pack 1 pick 8:
--> Sweep Away
    Lead by Example
    Comparative Analysis
    Eldrazi Aggressor
    Eldrazi Aggressor
    Mighty Leap
    Overwhelming Denial
    Swamp

--: Wastes

Pack 1 pick 9:
--> Wastes
    Warden of Geometries
    Sky Scourer
    Akoum Flameseeker
    Searing Light
    Negate
    Plains

--: Cultivator Drone

Pack 1 pick 10:
    Bone Saw
    Canopy Gorger
--> Cultivator Drone
    Expedite
    Harvester Troll
    Forest

--: Negate

Pack 1 pick 11:
    Natural State
    Consuming Sinkhole
--> Negate
    Tears of Valakut
    Mountain

--: Slip Through Space

Pack 1 pick 12:
    Untamed Hunger
    Dazzling Reflection
--> Slip Through Space
    Island

--: Canopy Gorger

Pack 1 pick 13:
--> Canopy Gorger
    Eldrazi Aggressor
    Swamp

--: Canopy Gorger

Pack 1 pick 14:
--> Canopy Gorger
    Island

--: Mountain

Pack 1 pick 15:
--> Mountain

--: Nissa's Judgment

--: Nissa's Judgment

--: Nissa's Judgment

------ OGW ------ 

Pack 2 pick 1:
    Isolation Zone
    Tar Snare
    Cinder Hellion
    Unknown Shores
    Netcaster Spider
    Kozilek's Shrieker
    Maw of Kozilek
    Shoulder to Shoulder
    Umara Entangler
    Akoum Flameseeker
    Chitinous Cloak
    Pyromancer's Assault
--> Nissa's Judgment
    Eldrazi Obligator
    Forest

--: Jwar Isle Avenger

--: Loam Larva

--: Jwar Isle Avenger

Pack 2 pick 2:
    Goblin Freerunner
    Wastes
--> Jwar Isle Avenger
    Warden of Geometries
    Isolation Zone
    Loam Larva
    Witness the End
    Abstruse Interference
    Akoum Flameseeker
    Dazzling Reflection
    Cliffhaven Vampire
    Pyromancer's Assault
    Relentless Hunter
    Plains

--: Blinding Drone

--: Blinding Drone

Pack 2 pick 3:
--> Blinding Drone
    Kozilek's Pathfinder
    Isolation Zone
    Scion Summoner
    Corpse Churn
    Natural State
    Kor Scythemaster
    Negate
    Sparkmage's Gambit
    Submerged Boneyard
    Roiling Waters
    Void Shatter
    Mountain

--: Prophet of Distortion

--: Prophet of Distortion

Pack 2 pick 4:
    Gravity Negator
    Hedron Crawler
    Scion Summoner
    Slaughter Drone
    Loam Larva
    Unnatural Endurance
    Expedite
    Ancient Crab
--> Prophet of Distortion
    Iona's Blessing
    Havoc Sower
    Forest

--: Saddleback Lagac

--: Saddleback Lagac

Pack 2 pick 5:
    Spawnbinder Mage
    Wastes
    Kozilek's Translator
--> Saddleback Lagac
    Corpse Churn
    Sparkmage's Gambit
    Kor Scythemaster
    Comparative Analysis
    Ruin in Their Wake
    Relentless Hunter
    Island

--: Netcaster Spider

--: Netcaster Spider

Pack 2 pick 6:
    Wastes
    Sweep Away
    Seer's Lantern
--> Netcaster Spider
    Witness the End
    Canopy Gorger
    Cultivator Drone
    Expedite
    Warping Wail
    Forest

--: Stalking Drone

--: Stalking Drone

Pack 2 pick 7:
    Containment Membrane
    Hedron Crawler
--> Stalking Drone
    Corpse Churn
    Natural State
    Umara Entangler
    Consuming Sinkhole
    Zendikar Resurgent
    Mountain

--: Void Grafter

--: Void Grafter

Pack 2 pick 8:
    Mountain
    Holdout Settlement
    Vines of the Recluse
    Comparative Analysis
--> Void Grafter
    Visions of Brutality
    Oath of Jace
    Swamp

--: Unknown Shores

--: Unknown Shores

Pack 2 pick 9:
    Tar Snare
    Cinder Hellion
--> Unknown Shores
    Maw of Kozilek
    Shoulder to Shoulder
    Pyromancer's Assault
    Forest

--: Wastes

Pack 2 pick 10:
--> Wastes
    Witness the End
    Abstruse Interference
    Dazzling Reflection
    Pyromancer's Assault
    Plains

--: Void Shatter

Pack 2 pick 11:
    Corpse Churn
    Natural State
    Negate
--> Void Shatter
    Mountain

--: Loam Larva

Pack 2 pick 12:
--> Loam Larva
    Unnatural Endurance
    Iona's Blessing
    Forest

--: Ruin in Their Wake

Pack 2 pick 13:
    Corpse Churn
--> Ruin in Their Wake
    Island

--: Forest

Pack 2 pick 14:
    Expedite
--> Forest

--: Corpse Churn

Pack 2 pick 15:
--> Corpse Churn

--: Giant Mantis

--: Murasa Ranger

------ BFZ ------ 

Pack 3 pick 1:
    Mist Intruder
    Mire's Malice
    Giant Mantis
    Brilliant Spectrum
    Lavastep Raider
    Cliffside Lookout
    Gideon's Reproach
    Vestige of Emrakul
    Ghostly Sentinel
    Dominator Drone
    Titan's Presence
--> Murasa Ranger
    Resolute Blademaster
    Ally Encampment
    Swamp

--: Plummet

--: Plummet

Pack 3 pick 2:
--> Plummet
    Coralhelm Guide
    Mire's Malice
    Tajuru Stalwart
    Boiling Earth
    Lithomancer's Focus
    Vestige of Emrakul
    Pathway Arrows
    Valakut Predator
    Shadow Glider
    Retreat to Valakut
    Forerunner of Slaughter
    Serpentine Spike
    Plains

--: Kozilek's Channeler

--: Hedron Archive

--: Hedron Archive

Pack 3 pick 3:
    Sludge Crawler
    Plummet
    Salvage Drone
    Nettle Drone
    Fortified Rampart
    Kozilek's Channeler
    Makindi Sliderunner
    Courier Griffin
    Smite the Monstrous
--> Hedron Archive
    Ulamog's Nullifier
    Ondu Rising
    Swamp

--: Cloud Manta

--: Ruination Guide

--: Cloud Manta

--: Cloud Manta

Pack 3 pick 4:
    Altar's Reap
    Call the Scions
    Roilmage's Trick
    Rush of Ice
    Natural Connection
    Unnatural Aggression
    Geyserfield Stalker
--> Cloud Manta
    Outnumber
    Ruination Guide
    Slab Hammer
    Swamp

--: Clutch of Currents

--: Clutch of Currents

Pack 3 pick 5:
    Territorial Baloth
--> Clutch of Currents
    Swell of Growth
    Nettle Drone
    Cliffside Lookout
    Courier Griffin
    Benthic Infiltrator
    Touch of the Void
    Shadow Glider
    Defiant Bloodlord
    Island

--: Incubator Drone

--: Incubator Drone

Pack 3 pick 6:
--> Incubator Drone
    Reclaiming Vines
    Salvage Drone
    Reckless Cohort
    Felidar Cub
    Bring to Light
    Shadow Glider
    Stonefury
    Vampiric Rites
    Swamp

--: Benthic Infiltrator

--: Benthic Infiltrator

Pack 3 pick 7:
    Brilliant Spectrum
    Altar's Reap
    Call the Scions
    Roilmage's Trick
    Nettle Drone
--> Benthic Infiltrator
    Vestige of Emrakul
    Titan's Presence
    Plains

--: Skyline Cascade

Pack 3 pick 8:
    Swarm Surge
    Demon's Grasp
--> Skyline Cascade
    Kitesail Scout
    Shatterskull Recruit
    Adverse Conditions
    Sylvan Scrying
    Mountain

--: Giant Mantis

Pack 3 pick 9:
    Mist Intruder
--> Giant Mantis
    Lavastep Raider
    Cliffside Lookout
    Vestige of Emrakul
    Titan's Presence
    Swamp

--: Pathway Arrows

Pack 3 pick 10:
    Boiling Earth
    Vestige of Emrakul
--> Pathway Arrows
    Valakut Predator
    Retreat to Valakut
    Plains

--: Nettle Drone

Pack 3 pick 11:
    Plummet
    Salvage Drone
--> Nettle Drone
    Ulamog's Nullifier
    Swamp

--: Roilmage's Trick

Pack 3 pick 12:
    Call the Scions
--> Roilmage's Trick
    Geyserfield Stalker
    Swamp

--: Nettle Drone

Pack 3 pick 13:
    Swell of Growth
--> Nettle Drone
    Island

--: Salvage Drone

Pack 3 pick 14:
--> Salvage Drone
    Swamp

Pack 3 pick 15:
--> Plains

