Event #: 9382418
Time:    2/12/2016 6:47:30 PM
Players:
    MDusan
    Deakon
    GGG3
    Defungo
    endsjustify
--> FinchleyCentral
    Amnesa
    thedanetrain

--: Devour in Flames

--: Devour in Flames

------ OGW ------ 

Pack 1 pick 1:
    Goblin Freerunner
    Holdout Settlement
    Blinding Drone
    Kozilek's Pathfinder
    Netcaster Spider
    Kozilek's Shrieker
    Loam Larva
    Affa Protector
    Mighty Leap
    Consuming Sinkhole
    Prophet of Distortion
    Strider Harness
--> Devour in Flames
    Kozilek, the Great Distortion
    Mountain

--: Maw of Kozilek

--: Maw of Kozilek

Pack 1 pick 2:
    Containment Membrane
    Bone Saw
    Vampire Envoy
    Tajuru Pathwarden
    Kozilek's Translator
    Saddleback Lagac
    Corpse Churn
--> Maw of Kozilek
    Mighty Leap
    Abstruse Interference
    Tranquil Expanse
    Stoneforge Acolyte
    Overwhelming Denial
    Plains

--: Wall of Resurgence

--: Wall of Resurgence

Pack 1 pick 3:
    Stalking Drone
    Kor Sky Climber
    Reality Hemorrhage
    Wastes
    Untamed Hunger
    Vines of the Recluse
    Umara Entangler
    Consuming Sinkhole
    Shoulder to Shoulder
    Ancient Crab
    Birthing Hulk
--> Wall of Resurgence
    Forest

--: Vampire Envoy

--: Vampire Envoy

Pack 1 pick 4:
--> Vampire Envoy
    Cinder Hellion
    Gravity Negator
    Lead by Example
    Untamed Hunger
    Vines of the Recluse
    Comparative Analysis
    Eldrazi Aggressor
    Dazzling Reflection
    Make a Stand
    Relentless Hunter
    Island

--: Weapons Trainer

--: Weapons Trainer

Pack 1 pick 5:
    Expedition Raptor
    Containment Membrane
    Hedron Crawler
    Netcaster Spider
    Kozilek's Shrieker
    Affa Protector
    Mighty Leap
    Consuming Sinkhole
    Bonds of Mortality
--> Weapons Trainer
    Swamp

--: Bone Saw

--: Brute Strength

--: Brute Strength

Pack 1 pick 6:
    Bone Saw
    Cinder Hellion
    Elemental Uprising
    Zulaport Chainmage
    Natural State
--> Brute Strength
    Comparative Analysis
    Meandering River
    Bonds of Mortality
    Swamp

--: Bone Saw

Pack 1 pick 7:
    Sweep Away
--> Bone Saw
    Unnatural Endurance
    Pulse of Murasa
    Zulaport Chainmage
    Slip Through Space
    Consuming Sinkhole
    Chitinous Cloak
    Swamp

--: Kor Scythemaster

--: Kor Scythemaster

Pack 1 pick 8:
    Wastes
    Seer's Lantern
    Canopy Gorger
    Abstruse Interference
    Sparkmage's Gambit
--> Kor Scythemaster
    Ruin in Their Wake
    Plains

--: Holdout Settlement

--: Holdout Settlement

Pack 1 pick 9:
--> Holdout Settlement
    Kozilek's Pathfinder
    Kozilek's Shrieker
    Mighty Leap
    Consuming Sinkhole
    Strider Harness
    Mountain

--: Mighty Leap

Pack 1 pick 10:
    Corpse Churn
--> Mighty Leap
    Abstruse Interference
    Stoneforge Acolyte
    Overwhelming Denial
    Plains

--: Umara Entangler

Pack 1 pick 11:
    Untamed Hunger
    Vines of the Recluse
--> Umara Entangler
    Consuming Sinkhole
    Forest

--: Vines of the Recluse

Pack 1 pick 12:
    Untamed Hunger
--> Vines of the Recluse
    Dazzling Reflection
    Island

--: Consuming Sinkhole

Pack 1 pick 13:
--> Consuming Sinkhole
    Bonds of Mortality
    Swamp

--: Natural State

Pack 1 pick 14:
--> Natural State
    Bonds of Mortality

--: Swamp

Pack 1 pick 15:
--> Swamp

--: Ondu War Cleric

--: Ondu War Cleric

------ OGW ------ 

Pack 2 pick 1:
    Reality Hemorrhage
    Crumbling Vestige
    Gravity Negator
    Hedron Crawler
    Loam Larva
    Slaughter Drone
    Lead by Example
--> Ondu War Cleric
    Cultivator Drone
    Expedite
    Cyclone Sire
    Strider Harness
    Stoneforge Acolyte
    Gladehart Cavalry
    Mountain

--: Kor Scythemaster

--: Kor Scythemaster

Pack 2 pick 2:
    Unknown Shores
    Gravity Negator
    Warden of Geometries
    Natural State
    Slaughter Drone
    Loam Larva
    Comparative Analysis
    Eldrazi Aggressor
--> Kor Scythemaster
    Reaver Drone
    Submerged Boneyard
    Visions of Brutality
    Vile Redeemer
    Swamp

--: Maw of Kozilek

--: Maw of Kozilek

Pack 2 pick 3:
    Gravity Negator
    Hedron Crawler
    Vampire Envoy
    Scion Summoner
    Elemental Uprising
    Sky Scourer
    Saddleback Lagac
    Negate
--> Maw of Kozilek
    Pyromancer's Assault
    Baloth Pup
    Flaying Tendrils
    Mountain

--: Spawnbinder Mage

--: Spawnbinder Mage

Pack 2 pick 4:
--> Spawnbinder Mage
    Vampire Envoy
    Unnatural Endurance
    Vines of the Recluse
    Zulaport Chainmage
    Searing Light
    Negate
    Sparkmage's Gambit
    Spatial Contortion
    Gift of Tusks
    Jori En, Ruin Diver
    Plains

--: Expedition Raptor

--: Expedition Raptor

Pack 2 pick 5:
--> Expedition Raptor
    Unnatural Endurance
    Pulse of Murasa
    Zulaport Chainmage
    Slip Through Space
    Consuming Sinkhole
    Searing Light
    Meandering River
    Flaying Tendrils
    Tears of Valakut
    Swamp

--: Kor Sky Climber

--: Kor Sky Climber

Pack 2 pick 6:
    Unknown Shores
    Seer's Lantern
--> Kor Sky Climber
    Slaughter Drone
    Lead by Example
    Cultivator Drone
    Expedite
    Gift of Tusks
    Malakir Soothsayer
    Forest

--: Shoulder to Shoulder

--: Shoulder to Shoulder

Pack 2 pick 7:
    Tar Snare
    Elemental Uprising
    Sky Scourer
    Negate
    Maw of Kozilek
--> Shoulder to Shoulder
    Chitinous Cloak
    Inverter of Truth
    Mountain

--: Jwar Isle Avenger

Pack 2 pick 8:
--> Jwar Isle Avenger
    Untamed Hunger
    Vines of the Recluse
    Comparative Analysis
    Eldrazi Aggressor
    Timber Gorge
    Unity of Purpose
    Island

--: Slaughter Drone

Pack 2 pick 9:
    Gravity Negator
    Loam Larva
--> Slaughter Drone
    Lead by Example
    Expedite
    Stoneforge Acolyte
    Mountain

--: Slaughter Drone

Pack 2 pick 10:
    Natural State
--> Slaughter Drone
    Comparative Analysis
    Reaver Drone
    Visions of Brutality
    Swamp

--: Sky Scourer

Pack 2 pick 11:
    Gravity Negator
    Elemental Uprising
--> Sky Scourer
    Flaying Tendrils
    Mountain

--: Zulaport Chainmage

Pack 2 pick 12:
    Unnatural Endurance
--> Zulaport Chainmage
    Gift of Tusks
    Plains

--: Unnatural Endurance

Pack 2 pick 13:
--> Unnatural Endurance
    Consuming Sinkhole
    Swamp

--: Slaughter Drone

Pack 2 pick 14:
--> Slaughter Drone
    Forest

--: Mountain

Pack 2 pick 15:
--> Mountain

--: Kalastria Healer

--: Kalastria Healer

------ BFZ ------ 

Pack 3 pick 1:
    Plummet
    Salvage Drone
--> Kalastria Healer
    Tightening Coils
    Eldrazi Devastator
    Demon's Grasp
    Looming Spires
    Fertile Thicket
    Boiling Earth
    Lithomancer's Focus
    Tide Drifter
    Infuse with the Elements
    Retreat to Kazandu
    Brutal Expulsion
    Swamp

--: Stasis Snare

--: Stasis Snare

Pack 3 pick 2:
    Dispel
    Mind Raker
    Territorial Baloth
    Clutch of Currents
    Nettle Drone
    Kitesail Scout
    Shadow Glider
    Dominator Drone
    Stonefury
    Ghostly Sentinel
    Dampening Pulse
    Ulamog's Nullifier
--> Stasis Snare
    Forest

--: Silent Skimmer

--: Silent Skimmer

Pack 3 pick 3:
    Mist Intruder
    Mire's Malice
    Ruin Processor
    Skyline Cascade
    Eyeless Watcher
    Rush of Ice
--> Silent Skimmer
    Mortuary Mire
    Reckless Cohort
    Felidar Cub
    Skitterskin
    March from the Tomb
    Mountain

--: Kor Castigator

--: Kor Castigator

Pack 3 pick 4:
    Plummet
    Salvage Drone
    Blisterpod
    Shatterskull Recruit
--> Kor Castigator
    Kozilek's Channeler
    Ondu Greathorn
    Ondu Champion
    Grovetender Druids
    Pilgrim's Eye
    Roil Spout
    Swamp

--: Deathless Behemoth

--: Deathless Behemoth

Pack 3 pick 5:
    Coralhelm Guide
    Mire's Malice
    Tajuru Stalwart
    Nettle Drone
    Cliffside Lookout
    Lifespring Druid
    Valakut Invoker
    Ondu Greathorn
    Dominator Drone
--> Deathless Behemoth
    Plains

--: Blighted Steppe

--: Blighted Steppe

Pack 3 pick 6:
    Altar's Reap
    Plummet
    Hedron Blade
    Bone Splinters
    Unnatural Aggression
    Sandstone Bridge
    Cloud Manta
    Lavastep Raider
--> Blighted Steppe
    Island

--: Smothering Abomination

--: Smothering Abomination

Pack 3 pick 7:
    Culling Drone
    Kozilek's Sentinel
    Makindi Patrol
    Fortified Rampart
    Voracious Null
    Blighted Gorge
    Breaker of Armies
--> Smothering Abomination
    Plains

--: Kalastria Nightwatch

--: Kalastria Nightwatch

Pack 3 pick 8:
    Dispel
--> Kalastria Nightwatch
    Earthen Arms
    Wave-Wing Elemental
    Geyserfield Stalker
    Tandem Tactics
    Scythe Leopard
    Swamp

--: Demon's Grasp

--: Demon's Grasp

Pack 3 pick 9:
    Salvage Drone
    Eldrazi Devastator
--> Demon's Grasp
    Fertile Thicket
    Boiling Earth
    Infuse with the Elements
    Swamp

--: Dominator Drone

--: Dominator Drone

Pack 3 pick 10:
    Dispel
    Mind Raker
    Territorial Baloth
--> Dominator Drone
    Ulamog's Nullifier
    Forest

--: Skitterskin

Pack 3 pick 11:
    Mire's Malice
    Skyline Cascade
    Mortuary Mire
--> Skitterskin
    Mountain

--: Ondu Greathorn

Pack 3 pick 12:
    Blisterpod
    Shatterskull Recruit
--> Ondu Greathorn
    Swamp

--: Dominator Drone

Pack 3 pick 13:
    Ondu Greathorn
--> Dominator Drone
    Plains

--: Island

Pack 3 pick 14:
    Hedron Blade
--> Island

--: Plains

Pack 3 pick 15:
--> Plains

