Event #: 9382945
Time:    2016/02/13 14:08:14
Players:
    blacksunalchemy
    La_Douleur_Exquise
    RickJagston
    Sir_Drake
    anewreality
    brandonm
    kaliki
--> Cosge

--: Tyrant of Valakut

--: Immobilizer Eldrazi

--: Tyrant of Valakut

--: Tyrant of Valakut

------ OGW ------ 

Pack 1 pick 1:
    Sweep Away
    Seer's Lantern
    Tajuru Pathwarden
    Expedition Raptor
    Slaughter Drone
    Lead by Example
    Untamed Hunger
    Maw of Kozilek
    Dazzling Reflection
    Umara Entangler
    Kazuul's Toll Collector
    Joraga Auxiliary
    Immobilizer Eldrazi
--> Tyrant of Valakut
    Mountain

--: Grasp of Darkness

--: Relentless Hunter

--: Grasp of Darkness

Pack 1 pick 2:
    Stalking Drone
    Kor Sky Climber
    Reality Hemorrhage
    Wastes
    Kozilek's Shrieker
    Lead by Example
    Untamed Hunger
    Kor Scythemaster
    Negate
    Sparkmage's Gambit
    Make a Stand
--> Grasp of Darkness
    Relentless Hunter
    Island

--: Essence Depleter

--: Essence Depleter

--: Oblivion Strike

--: Essence Depleter

Pack 1 pick 3:
    Sweep Away
    Seer's Lantern
    Oblivion Strike
    Spawnbinder Mage
    Corpse Churn
    Canopy Gorger
    Slip Through Space
    Maw of Kozilek
    Umara Entangler
    Make a Stand
--> Essence Depleter
    Ayli, Eternal Pilgrim
    Island

--: Tears of Valakut

--: Wastes

--: Wastes

Pack 1 pick 4:
    Spawnbinder Mage
    Zada's Commando
--> Wastes
    Loam Larva
    Slaughter Drone
    Ondu War Cleric
    Ancient Crab
    Affa Protector
    Makindi Aeronaut
    Birthing Hulk
    Tears of Valakut
    Plains

--: Kozilek's Translator

--: Warping Wail

--: Kozilek's Translator

Pack 1 pick 5:
    Reality Hemorrhage
    Wastes
    Containment Membrane
    Bone Saw
    Vines of the Recluse
--> Kozilek's Translator
    Saddleback Lagac
    Searing Light
    Sparkmage's Gambit
    Warping Wail
    Island

--: Kozilek's Shrieker

--: Kozilek's Shrieker

Pack 1 pick 6:
    Containment Membrane
    Bone Saw
    Tajuru Pathwarden
--> Kozilek's Shrieker
    Netcaster Spider
    Witness the End
    Umara Entangler
    Consuming Sinkhole
    Shoulder to Shoulder
    Warping Wail

--: Blinding Drone

--: Roiling Waters

Pack 1 pick 7:
    Blinding Drone
    Elemental Uprising
    Dazzling Reflection
    Umara Entangler
    Brute Strength
--> Roiling Waters
    Strider Harness
    Stoneforge Acolyte
    Mountain

--: Crumbling Vestige

--: Crumbling Vestige

Pack 1 pick 8:
    Reality Hemorrhage
--> Crumbling Vestige
    Vines of the Recluse
    Comparative Analysis
    Eldrazi Aggressor
    Dazzling Reflection
    Timber Gorge
    Ruin in Their Wake

--: Umara Entangler

--: Immobilizer Eldrazi

Pack 1 pick 9:
    Lead by Example
    Maw of Kozilek
    Dazzling Reflection
    Umara Entangler
    Kazuul's Toll Collector
--> Immobilizer Eldrazi
    Mountain

--: Sparkmage's Gambit

Pack 1 pick 10:
    Stalking Drone
    Untamed Hunger
--> Negate
    Sparkmage's Gambit
    Relentless Hunter
    Island

--: Maw of Kozilek

--: Maw of Kozilek

Pack 1 pick 11:
    Corpse Churn
    Canopy Gorger
    Slip Through Space
--> Maw of Kozilek
    Island

--: Ancient Crab

--: Tears of Valakut

--: Tears of Valakut

--: Ancient Crab

Pack 1 pick 12:
    Loam Larva
--> Ancient Crab
    Tears of Valakut
    Plains

--: Sparkmage's Gambit

--: Vines of the Recluse

Pack 1 pick 13:
--> Vines of the Recluse
    Sparkmage's Gambit
    Island

--: Containment Membrane

--: Containment Membrane

Pack 1 pick 14:
--> Containment Membrane
    Consuming Sinkhole

Pack 1 pick 15:
--> Mountain

--: Goblin Dark-Dwellers

--: Goblin Dark-Dwellers

------ OGW ------ 

Pack 2 pick 1:
    Jwar Isle Avenger
    Hedron Crawler
    Isolation Zone
    Tar Snare
    Lead by Example
    Untamed Hunger
    Vines of the Recluse
    Ancient Crab
    Expedite
    Searing Light
    Cinder Barrens
    Iona's Blessing
    Visions of Brutality
--> Goblin Dark-Dwellers
    Island

--: Prophet of Distortion

--: Prophet of Distortion

Pack 2 pick 2:
    Jwar Isle Avenger
    Warden of Geometries
    Isolation Zone
    Tar Snare
    Kozilek's Translator
    Elemental Uprising
    Sky Scourer
    Swamp
    Kor Scythemaster
    Comparative Analysis
--> Prophet of Distortion
    Iona's Blessing
    Havoc Sower
    Swamp

--: Dimensional Infiltrator

--: Boulder Salvo

--: Reaver Drone

--: Boulder Salvo

--: Boulder Salvo

Pack 2 pick 3:
--> Boulder Salvo
    Wastes
    Corpse Churn
    Natural State
    Abstruse Interference
    Akoum Flameseeker
    Dazzling Reflection
    Slip Through Space
    Reaver Drone
    Submerged Boneyard
    Tears of Valakut
    Dimensional Infiltrator
    Island

--: Press into Service

--: Press into Service

--: Press into Service

Pack 2 pick 4:
    Stalking Drone
    Brute Strength
    Wastes
    Elemental Uprising
    Sky Scourer
    Negate
    Sparkmage's Gambit
    Reckless Bushwhacker
--> Press into Service
    Void Grafter
    Zendikar Resurgent
    Mountain

--: Blinding Drone

--: Hedron Alignment

--: Blinding Drone

--: Blinding Drone

Pack 2 pick 5:
    Boulder Salvo
--> Blinding Drone
    Zulaport Chainmage
    Natural State
    Witness the End
    Akoum Flameseeker
    Searing Light
    Negate
    Timber Gorge
    Hedron Alignment
    Island

--: Grip of the Roil

--: Cultivator Drone

Pack 2 pick 6:
    Stalking Drone
    Expedition Raptor
    Reality Hemorrhage
    Crumbling Vestige
    Kozilek's Translator
    Corpse Churn
    Consuming Sinkhole
--> Cultivator Drone
    Grip of the Roil
    Forest

--: Mindmelter

--: Mindmelter

Pack 2 pick 7:
    Stalking Drone
    Expedition Raptor
    Lead by Example
    Untamed Hunger
    Abstruse Interference
    Sparkmage's Gambit
    Make a Stand
--> Mindmelter
    Plains

--: Essence Depleter

--: Essence Depleter

--: Cinder Barrens

--: Cinder Barrens

Pack 2 pick 8:
    Wastes
    Corpse Churn
    Natural State
    Affa Protector
    Abstruse Interference
    Essence Depleter
--> Cinder Barrens
    Island

--: Tar Snare

--: Ancient Crab

--: Ancient Crab

Pack 2 pick 9:
    Tar Snare
    Untamed Hunger
--> Ancient Crab
    Expedite
    Iona's Blessing
    Visions of Brutality
    Island

--: Comparative Analysis

--: Kozilek's Translator

Pack 2 pick 10:
    Tar Snare
--> Kozilek's Translator
    Elemental Uprising
    Comparative Analysis
    Havoc Sower
    Swamp

--: Tears of Valakut

Pack 2 pick 11:
    Corpse Churn
    Dazzling Reflection
    Reaver Drone
--> Tears of Valakut
    Island

--: Sparkmage's Gambit

--: Stalking Drone

Pack 2 pick 12:
--> Stalking Drone
    Elemental Uprising
    Sparkmage's Gambit
    Mountain

--: Akoum Flameseeker

Pack 2 pick 13:
    Natural State
--> Akoum Flameseeker
    Island

--: Corpse Churn

Pack 2 pick 14:
--> Corpse Churn
    Forest

--: Untamed Hunger

Pack 2 pick 15:
--> Untamed Hunger

--: Sanctum of Ugin

--: Sanctum of Ugin

------ BFZ ------ 

Pack 3 pick 1:
    Mist Intruder
    Dutiful Return
    Rush of Ice
    Natural Connection
    Unnatural Aggression
    Geyserfield Stalker
    Cloud Manta
    Sandstone Bridge
    Lavastep Raider
    Fortified Rampart
    Pathway Arrows
    Blighted Steppe
    Roil's Retribution
--> Sanctum of Ugin
    Forest

--: Tide Drifter

--: Touch of the Void

--: Tide Drifter

Pack 3 pick 2:
    Mind Raker
    Territorial Baloth
    Roilmage's Trick
    Dutiful Return
    Boiling Earth
    Lithomancer's Focus
    Valakut Invoker
    Courier Griffin
    Benthic Infiltrator
    Touch of the Void
    Retreat to Kazandu
    Retreat to Hagra
--> Tide Drifter
    Plains

--: Smoldering Marsh

--: Smoldering Marsh

Pack 3 pick 3:
    Oran-Rief Invoker
    Dispel
    Mind Raker
    Territorial Baloth
    Kozilek's Sentinel
    Inspired Charge
    Valakut Predator
    Valakut Invoker
    Shadow Glider
    Rising Miasma
    Ulamog's Nullifier
--> Smoldering Marsh
    Mountain

--: Silent Skimmer

--: Silent Skimmer

Pack 3 pick 4:
    Dutiful Return
    Blisterpod
    Anticipate
--> Silent Skimmer
    Mortuary Mire
    Natural Connection
    Tightening Coils
    Eldrazi Devastator
    Volcanic Upheaval
    Stone Haven Medic
    Hagra Sharpshooter
    Island

--: Kozilek's Channeler

--: Oracle of Dust

--: Mist Intruder

Pack 3 pick 5:
    Blisterpod
    Oracle of Dust
    Voracious Null
    Reclaiming Vines
    Nettle Drone
    Kitesail Scout
    Kozilek's Channeler
--> Mist Intruder
    Ondu Greathorn
    Unified Front
    Swamp

--: Ruin Processor

--: Ruin Processor

Pack 3 pick 6:
    Coralhelm Guide
    Broodhunter Wurm
    Spell Shrivel
--> Ruin Processor
    Skyline Cascade
    Eyeless Watcher
    Goblin War Paint
    Kor Castigator
    Forerunner of Slaughter
    Forest

--: Oracle of Dust

--: Oracle of Dust

--: Vestige of Emrakul

Pack 3 pick 7:
    Brilliant Spectrum
    Seek the Wilds
    Oracle of Dust
    Goblin War Paint
    Kor Castigator
--> Vestige of Emrakul
    Valakut Predator
    Rot Shambler
    Island

--: Anticipate

--: Anticipate

Pack 3 pick 8:
    Giant Mantis
--> Anticipate
    Inspired Charge
    Reckless Cohort
    Hedron Blade
    Retreat to Kazandu
    Skyrider Elf
    Plains

--: Mist Intruder

--: Mist Intruder

Pack 3 pick 9:
--> Mist Intruder
    Dutiful Return
    Unnatural Aggression
    Geyserfield Stalker
    Sandstone Bridge
    Lavastep Raider
    Forest

--: Roilmage's Trick

Pack 3 pick 10:
    Territorial Baloth
--> Roilmage's Trick
    Dutiful Return
    Boiling Earth
    Retreat to Kazandu
    Plains

--: Mind Raker

--: Mind Raker

Pack 3 pick 11:
--> Mind Raker
    Territorial Baloth
    Kozilek's Sentinel
    Valakut Predator
    Mountain

--: Blisterpod

--: Island

Pack 3 pick 12:
    Blisterpod
    Natural Connection
    Volcanic Upheaval
--> Island

--: Swamp

Pack 3 pick 13:
    Blisterpod
    Reclaiming Vines
--> Swamp

--: Goblin War Paint

Pack 3 pick 14:
--> Goblin War Paint
    Forest

--: Island

Pack 3 pick 15:
--> Island

