Event #: 9383244
Time:    2/12/2016 10:28:24 PM
Players:
    zhaodada
    rhyrea
    EpicLegion
    thepope21331
    1337 pwnr
    keal
    dmackie77
--> FinchleyCentral

--: Seed Guardian

--: Seed Guardian

------ OGW ------ 

Pack 1 pick 1:
    Kor Sky Climber
    Reality Hemorrhage
    Wastes
    Containment Membrane
    Sky Scourer
    Saddleback Lagac
    Kozilek's Shrieker
    Ancient Crab
    Maw of Kozilek
    Mighty Leap
--> Seed Guardian
    Tranquil Expanse
    Reflector Mage
    Oath of Gideon
    Forest

--: Immobilizer Eldrazi

--: Immobilizer Eldrazi

Pack 1 pick 2:
    Wastes
    Containment Membrane
    Bone Saw
    Vampire Envoy
    Netcaster Spider
    Slaughter Drone
    Canopy Gorger
    Maw of Kozilek
    Shoulder to Shoulder
    Umara Entangler
    Spatial Contortion
    Baloth Null
--> Immobilizer Eldrazi
    Forest

--: Embodiment of Insight

--: Embodiment of Insight

Pack 1 pick 3:
    Wastes
    Hedron Crawler
    Seer's Lantern
    Netcaster Spider
    Kozilek's Shrieker
    Loam Larva
    Affa Protector
    Makindi Aeronaut
    Abstruse Interference
--> Embodiment of Insight
    Spatial Contortion
    Warping Wail
    Forest

--: Brute Strength

--: Brute Strength

Pack 1 pick 4:
    Containment Membrane
    Seer's Lantern
    Kor Sky Climber
    Vampire Envoy
    Cinder Hellion
    Dazzling Reflection
    Elemental Uprising
--> Brute Strength
    Mighty Leap
    Prophet of Distortion
    Strider Harness
    Swamp

--: Goblin Freerunner

--: Goblin Freerunner

Pack 1 pick 5:
    Kozilek's Pathfinder
    Spawnbinder Mage
--> Goblin Freerunner
    Elemental Uprising
    Sky Scourer
    Loam Larva
    Cultivator Drone
    Brute Strength
    Iona's Blessing
    Visions of Brutality
    Forest

--: Akoum Flameseeker

--: Akoum Flameseeker

Pack 1 pick 6:
    Expedition Raptor
    Gravity Negator
    Corpse Churn
    Canopy Gorger
    Abstruse Interference
--> Akoum Flameseeker
    Searing Light
    Negate
    Hedron Alignment
    Plains

--: Cinder Hellion

--: Cinder Hellion

Pack 1 pick 7:
--> Cinder Hellion
    Wastes
    Jwar Isle Avenger
    Spawnbinder Mage
    Lead by Example
    Corpse Churn
    Consuming Sinkhole
    Void Shatter
    Swamp

--: Netcaster Spider

--: Netcaster Spider

Pack 1 pick 8:
    Bone Saw
--> Netcaster Spider
    Witness the End
    Canopy Gorger
    Abstruse Interference
    Dazzling Reflection
    Bonds of Mortality
    Plains

--: Maw of Kozilek

--: Maw of Kozilek

Pack 1 pick 9:
    Containment Membrane
    Sky Scourer
    Ancient Crab
--> Maw of Kozilek
    Mighty Leap
    Oath of Gideon
    Forest

--: Netcaster Spider

--: Netcaster Spider

Pack 1 pick 10:
    Wastes
    Bone Saw
--> Netcaster Spider
    Canopy Gorger
    Maw of Kozilek
    Forest

--: Loam Larva

Pack 1 pick 11:
    Netcaster Spider
--> Loam Larva
    Affa Protector
    Abstruse Interference
    Forest

--: Strider Harness

Pack 1 pick 12:
    Dazzling Reflection
    Mighty Leap
--> Strider Harness
    Swamp

--: Brute Strength

Pack 1 pick 13:
    Elemental Uprising
--> Brute Strength
    Forest

--: Canopy Gorger

Pack 1 pick 14:
--> Canopy Gorger
    Plains

--: Swamp

Pack 1 pick 15:
--> Swamp

--: Isolation Zone

--: Vines of the Recluse

--: Corrupted Crossroads

--: Corrupted Crossroads

------ OGW ------ 

Pack 2 pick 1:
    Hedron Crawler
    Isolation Zone
    Tar Snare
    Cinder Hellion
    Untamed Hunger
    Vines of the Recluse
    Unnatural Endurance
    Negate
    Sparkmage's Gambit
    Makindi Aeronaut
    Roiling Waters
    Chitinous Cloak
    Weapons Trainer
--> Corrupted Crossroads
    Swamp

--: Goblin Freerunner

--: Goblin Freerunner

Pack 2 pick 2:
    Oblivion Strike
--> Goblin Freerunner
    Wastes
    Sweep Away
    Kozilek's Shrieker
    Loam Larva
    Slaughter Drone
    Brute Strength
    Mighty Leap
    Cultivator Drone
    Void Grafter
    Stoneforge Acolyte
    Eldrazi Mimic
    Mountain

--: Nissa's Judgment

--: Nissa's Judgment

Pack 2 pick 3:
    Wastes
    Jwar Isle Avenger
    Warden of Geometries
    Stalking Drone
    Vines of the Recluse
    Kozilek's Translator
    Saddleback Lagac
    Expedite
    Makindi Aeronaut
    Cliffhaven Vampire
--> Nissa's Judgment
    Flayer Drone
    Forest

--: Scion Summoner

--: Scion Summoner

Pack 2 pick 4:
    Unknown Shores
    Kozilek's Pathfinder
--> Scion Summoner
    Kozilek's Shrieker
    Lead by Example
    Akoum Flameseeker
    Ondu War Cleric
    Cultivator Drone
    Relief Captain
    Reaver Drone
    Iona's Blessing
    Plains

--: Crumbling Vestige

--: Crumbling Vestige

Pack 2 pick 5:
    Kor Sky Climber
--> Crumbling Vestige
    Untamed Hunger
    Eldrazi Aggressor
    Unnatural Endurance
    Brute Strength
    Affa Protector
    Ancient Crab
    Visions of Brutality
    Stone Haven Outfitter
    Island

--: Tajuru Pathwarden

--: Tajuru Pathwarden

Pack 2 pick 6:
    Bone Saw
--> Tajuru Pathwarden
    Isolation Zone
    Vines of the Recluse
    Kozilek's Translator
    Sparkmage's Gambit
    Shoulder to Shoulder
    Slip Through Space
    Stone Haven Outfitter
    Plains

--: Akoum Flameseeker

--: Akoum Flameseeker

Pack 2 pick 7:
    Blinding Drone
    Natural State
    Kozilek's Translator
    Maw of Kozilek
    Umara Entangler
--> Akoum Flameseeker
    Harvester Troll
    Stormchaser Mage
    Mountain

--: Tajuru Pathwarden

Pack 2 pick 8:
--> Tajuru Pathwarden
    Corpse Churn
    Canopy Gorger
    Dazzling Reflection
    Umara Entangler
    Meandering River
    Bonds of Mortality
    Island

--: Sparkmage's Gambit

Pack 2 pick 9:
    Untamed Hunger
    Vines of the Recluse
    Negate
--> Sparkmage's Gambit
    Roiling Waters
    Chitinous Cloak
    Swamp

--: Loam Larva

Pack 2 pick 10:
--> Loam Larva
    Mighty Leap
    Cultivator Drone
    Void Grafter
    Stoneforge Acolyte
    Mountain

--: Saddleback Lagac

Pack 2 pick 11:
    Warden of Geometries
    Vines of the Recluse
    Kozilek's Translator
--> Saddleback Lagac
    Forest

--: Lead by Example

Pack 2 pick 12:
    Unknown Shores
--> Lead by Example
    Iona's Blessing
    Plains

--: Affa Protector

Pack 2 pick 13:
    Untamed Hunger
--> Affa Protector
    Island

--: Bone Saw

--: Plains

Pack 2 pick 14:
    Bone Saw
--> Plains

--: Mountain

Pack 2 pick 15:
--> Mountain

--: Chasm Guide

--: Chasm Guide

------ BFZ ------ 

Pack 3 pick 1:
    Seek the Wilds
    Oracle of Dust
    Altar's Reap
    Plummet
    Lavastep Raider
    Fortified Rampart
    Hedron Blade
    Valakut Invoker
    Courier Griffin
    Benthic Infiltrator
--> Chasm Guide
    Tunneling Geopede
    Ulamog's Reclaimer
    Fathom Feeder
    Forest

--: Beastcaller Savant

--: Beastcaller Savant

Pack 3 pick 2:
    Territorial Baloth
    Roilmage's Trick
    Dutiful Return
    Swell of Growth
    Kozilek's Sentinel
    Cliffside Lookout
    Roilmage's Trick
    Hedron Blade
    Valakut Invoker
    Courier Griffin
    Murasa Ranger
    Blighted Fen
--> Beastcaller Savant
    Plains

--: Reckless Cohort

--: Reckless Cohort

Pack 3 pick 3:
    Oracle of Dust
    Altar's Reap
    Geyserfield Stalker
    Cloud Manta
    Sandstone Bridge
    Tajuru Beastmaster
    Skyline Cascade
--> Reckless Cohort
    Felidar Cub
    Resolute Blademaster
    Processor Assault
    Jaddi Offshoot
    Plains

--: Outnumber

--: Outnumber

Pack 3 pick 4:
    Territorial Baloth
    Snapping Gnarlid
    Spell Shrivel
    Scour from Existence
    Tajuru Beastmaster
    Island
    Cliffside Lookout
--> Outnumber
    Roil's Retribution
    Ulamog's Despoiler
    Cryptic Cruiser
    Mountain

--: Broodhunter Wurm

--: Broodhunter Wurm

Pack 3 pick 5:
    Swell of Growth
    Mist Intruder
    Dutiful Return
    Ruin Processor
    Bone Splinters
--> Broodhunter Wurm
    Belligerent Whiptail
    Processor Assault
    Retreat to Hagra
    Aligned Hedron Network
    Mountain

--: Blighted Gorge

--: Blighted Gorge

Pack 3 pick 6:
    Giant Mantis
    Anticipate
    Mind Raker
    Territorial Baloth
    Belligerent Whiptail
    Stone Haven Medic
    Smite the Monstrous
--> Blighted Gorge
    Plated Crusher
    Island

--: Oran-Rief Invoker

--: Oran-Rief Invoker

Pack 3 pick 7:
    Call the Scions
    Murk Strider
    Voracious Null
--> Oran-Rief Invoker
    Sure Strike
    Felidar Cub
    Inspired Charge
    Molten Nursery
    Forest

--: Ruin Processor

Pack 3 pick 8:
    Dispel
    Earthen Arms
    Broodhunter Wurm
    Spell Shrivel
--> Ruin Processor
    Goblin War Paint
    Expedition Envoy
    Plains

--: Fortified Rampart

Pack 3 pick 9:
    Seek the Wilds
    Oracle of Dust
    Altar's Reap
    Lavastep Raider
--> Fortified Rampart
    Hedron Blade
    Forest

--: Swell of Growth

Pack 3 pick 10:
    Roilmage's Trick
    Dutiful Return
--> Swell of Growth
    Roilmage's Trick
    Hedron Blade
    Plains

--: Oracle of Dust

Pack 3 pick 11:
--> Oracle of Dust
    Altar's Reap
    Geyserfield Stalker
    Sandstone Bridge
    Plains

--: Island

Pack 3 pick 12:
--> Island
    Cliffside Lookout
    Cryptic Cruiser
    Mountain

--: Belligerent Whiptail

Pack 3 pick 13:
    Dutiful Return
--> Belligerent Whiptail
    Mountain

--: Mind Raker

Pack 3 pick 14:
--> Mind Raker
    Island

--: Forest

Pack 3 pick 15:
--> Forest

