Event #: 9383476
Time:    2/12/2016 11:52:44 PM
Players:
    thedanetrain
--> FinchleyCentral
    atozero
    Alcatrazz0722
    RealContender
    6trl
    DriftedCrayfish
    Duybex

--: Reality Smasher

--: Reality Smasher

------ OGW ------ 

Pack 1 pick 1:
    Wastes
    Containment Membrane
    Bone Saw
    Vampire Envoy
    Kozilek's Shrieker
    Netcaster Spider
    Witness the End
    Makindi Aeronaut
    Abstruse Interference
    Sparkmage's Gambit
    Spatial Contortion
    Immolating Glare
    Joraga Auxiliary
--> Reality Smasher
    Plains

--: Vile Redeemer

--: Vile Redeemer

Pack 1 pick 2:
    Wastes
    Sweep Away
    Seer's Lantern
    Tajuru Pathwarden
    Sky Scourer
    Saddleback Lagac
    Kozilek's Shrieker
    Expedite
    Ondu War Cleric
--> Vile Redeemer
    Walker of the Wastes
    Immolating Glare
    Mindmelter
    Plains

--: Zada's Commando

--: Zada's Commando

Pack 1 pick 3:
    Expedition Raptor
--> Zada's Commando
    Crumbling Vestige
    Jwar Isle Avenger
    Canopy Gorger
    Kozilek's Translator
    Lead by Example
    Comparative Analysis
    Eldrazi Aggressor
    Cinder Barrens
    Grip of the Roil
    Relentless Hunter
    Swamp

--: Zada's Commando

--: Zada's Commando

Pack 1 pick 4:
    Seer's Lantern
    Expedition Raptor
--> Zada's Commando
    Corpse Churn
    Natural State
    Eldrazi Aggressor
    Affa Protector
    Mighty Leap
    Submerged Boneyard
    Roiling Waters
    Void Shatter
    Swamp

--: Timber Gorge

--: Timber Gorge

Pack 1 pick 5:
    Wastes
    Sweep Away
    Seer's Lantern
    Corpse Churn
    Canopy Gorger
    Sky Scourer
    Ancient Crab
    Expedite
    Searing Light
--> Timber Gorge
    Island

--: Brute Strength

--: Brute Strength

Pack 1 pick 6:
    Gravity Negator
    Bone Saw
    Tar Snare
    Kozilek's Translator
    Cultivator Drone
--> Brute Strength
    Affa Protector
    Make a Stand
    Visions of Brutality
    Plains

--: Tajuru Pathwarden

--: Tajuru Pathwarden

Pack 1 pick 7:
    Unknown Shores
    Sweep Away
    Bone Saw
--> Tajuru Pathwarden
    Sky Scourer
    Ancient Crab
    Affa Protector
    Warping Wail
    Forest

--: Maw of Kozilek

Pack 1 pick 8:
    Cinder Hellion
    Wastes
    Kozilek's Shrieker
    Slip Through Space
--> Maw of Kozilek
    Meandering River
    Hedron Alignment
    Island

--: Wastes

Pack 1 pick 9:
--> Wastes
    Bone Saw
    Kozilek's Shrieker
    Witness the End
    Abstruse Interference
    Sparkmage's Gambit
    Plains

--: Walker of the Wastes

Pack 1 pick 10:
    Wastes
    Sweep Away
    Kozilek's Shrieker
    Expedite
--> Walker of the Wastes
    Plains

--: Eldrazi Aggressor

--: Eldrazi Aggressor

Pack 1 pick 11:
    Canopy Gorger
    Comparative Analysis
--> Eldrazi Aggressor
    Grip of the Roil
    Swamp

--: Natural State

Pack 1 pick 12:
    Corpse Churn
--> Natural State
    Mighty Leap
    Swamp

--: Ancient Crab

Pack 1 pick 13:
    Corpse Churn
--> Ancient Crab
    Island

--: Visions of Brutality

Pack 1 pick 14:
--> Visions of Brutality
    Plains

--: Forest

Pack 1 pick 15:
--> Forest

--: Eldrazi Displacer

--: Eldrazi Displacer

------ OGW ------ 

Pack 2 pick 1:
    Unknown Shores
    Sweep Away
    Seer's Lantern
    Kor Sky Climber
    Oblivion Strike
    Pulse of Murasa
    Unnatural Endurance
    Akoum Flameseeker
    Dazzling Reflection
    Slip Through Space
    Walker of the Wastes
    Allied Reinforcements
    Steppe Glider
--> Eldrazi Displacer
    Plains

--: Reality Hemorrhage

--: Reality Hemorrhage

--: Reality Hemorrhage

Pack 2 pick 2:
    Warden of Geometries
    Stalking Drone
    Expedition Raptor
--> Reality Hemorrhage
    Island
    Unnatural Endurance
    Vines of the Recluse
    Abstruse Interference
    Akoum Flameseeker
    Dazzling Reflection
    Reaver Drone
    Bonds of Mortality
    Thought Harvester
    Island

--: Allied Reinforcements

--: Allied Reinforcements

Pack 2 pick 3:
    Stalking Drone
    Goblin Freerunner
    Wastes
    Jwar Isle Avenger
    Lead by Example
    Untamed Hunger
    Ancient Crab
    Maw of Kozilek
    Mighty Leap
    Tranquil Expanse
--> Allied Reinforcements
    Oath of Nissa
    Plains

--: Zada's Commando

--: Zada's Commando

Pack 2 pick 4:
    Tajuru Pathwarden
    Expedition Raptor
--> Zada's Commando
    Crumbling Vestige
    Loam Larva
    Witness the End
    Abstruse Interference
    Akoum Flameseeker
    Birthing Hulk
    Tranquil Expanse
    Hissing Quagmire
    Forest

--: Embodiment of Fury

--: Embodiment of Fury

Pack 2 pick 5:
    Crumbling Vestige
    Jwar Isle Avenger
    Hedron Crawler
    Elemental Uprising
    Ondu War Cleric
    Cultivator Drone
    Expedite
--> Embodiment of Fury
    Baloth Null
    Wall of Resurgence
    Mountain

--: Cinder Hellion

--: Cinder Hellion

Pack 2 pick 6:
    Bone Saw
    Scion Summoner
    Spawnbinder Mage
--> Cinder Hellion
    Loam Larva
    Consuming Sinkhole
    Ancient Crab
    Chitinous Cloak
    Pyromancer's Assault
    Mountain

--: Crumbling Vestige

--: Crumbling Vestige

Pack 2 pick 7:
--> Crumbling Vestige
    Natural State
    Witness the End
    Jwar Isle Avenger
    Negate
    Sparkmage's Gambit
    Chitinous Cloak
    Pyromancer's Assault
    Mountain

--: Wastes

Pack 2 pick 8:
    Warden of Geometries
--> Wastes
    Zulaport Chainmage
    Slip Through Space
    Brute Strength
    Steppe Glider
    Dread Defiler
    Swamp

--: Walker of the Wastes

--: Akoum Flameseeker

Pack 2 pick 9:
    Pulse of Murasa
    Unnatural Endurance
--> Akoum Flameseeker
    Dazzling Reflection
    Slip Through Space
    Walker of the Wastes
    Plains

--: Akoum Flameseeker

Pack 2 pick 10:
    Island
    Abstruse Interference
--> Akoum Flameseeker
    Dazzling Reflection
    Bonds of Mortality
    Island

--: Wastes

--: Maw of Kozilek

Pack 2 pick 11:
    Wastes
    Untamed Hunger
--> Maw of Kozilek
    Mighty Leap
    Plains

--: Tajuru Pathwarden

Pack 2 pick 12:
--> Tajuru Pathwarden
    Loam Larva
    Abstruse Interference
    Forest

--: Elemental Uprising

Pack 2 pick 13:
--> Elemental Uprising
    Expedite
    Mountain

--: Consuming Sinkhole

Pack 2 pick 14:
--> Consuming Sinkhole
    Mountain

--: Mountain

Pack 2 pick 15:
--> Mountain

--: Sheer Drop

--: Sheer Drop

------ BFZ ------ 

Pack 3 pick 1:
    Clutch of Currents
    Kalastria Nightwatch
    Swell of Growth
    Mist Intruder
    Sure Strike
    Felidar Cub
--> Sheer Drop
    Hedron Blade
    Valakut Invoker
    Courier Griffin
    Crumble to Dust
    Adverse Conditions
    Plated Crusher
    Nissa's Renewal
    Mountain

--: Touch of the Void

--: Touch of the Void

Pack 3 pick 2:
    Brilliant Spectrum
    Nirkana Assassin
    Seek the Wilds
    Oracle of Dust
    Stone Haven Medic
    Volcanic Upheaval
    Smite the Monstrous
    Kozilek's Channeler
--> Touch of the Void
    Ondu Greathorn
    Ulamog's Nullifier
    Retreat to Hagra
    Angel of Renewal
    Forest

--: Sunken Hollow

--: Sunken Hollow

Pack 3 pick 3:
    Reclaiming Vines
    Mist Intruder
    Demon's Grasp
    Skyline Cascade
    Ruin Processor
    Bone Splinters
    Broodhunter Wurm
    Angelic Gift
    Lavastep Raider
    Retreat to Kazandu
    Coastal Discovery
--> Sunken Hollow
    Plains

--: Akoum Stonewaker

Pack 3 pick 4:
    Swell of Growth
    Dispel
    Kalastria Nightwatch
    Fertile Thicket
    Snapping Gnarlid
    Spell Shrivel
    Scour from Existence
    Inspired Charge
    Volcanic Upheaval
--> Akoum Stonewaker
    Guul Draz Overseer
    Island

--: Stonefury

--: Stonefury

Pack 3 pick 5:
    Plummet
    Salvage Drone
    Kalastria Healer
    Makindi Patrol
    Nettle Drone
    Valakut Invoker
    Dominator Drone
--> Stonefury
    Ondu Rising
    Retreat to Valakut
    Island

--: Grove Rumbler

Pack 3 pick 6:
    Voracious Null
    Oran-Rief Invoker
    Cloud Manta
    Scour from Existence
    Grave Birthing
    Angelic Gift
    Belligerent Whiptail
--> Grove Rumbler
    Roil Spout
    Forest

--: Turn Against

--: Turn Against

Pack 3 pick 7:
    Earthen Arms
    Eldrazi Devastator
    Wave-Wing Elemental
    Geyserfield Stalker
    Makindi Patrol
    Lavastep Raider
    Grove Rumbler
--> Turn Against
    Mountain

--: Looming Spires

Pack 3 pick 8:
    Mire's Malice
    Mortuary Mire
    Eldrazi Devastator
--> Looming Spires
    Goblin War Paint
    Hagra Sharpshooter
    Retreat to Hagra
    Forest

--: Sure Strike

Pack 3 pick 9:
    Kalastria Nightwatch
    Mist Intruder
--> Sure Strike
    Hedron Blade
    Crumble to Dust
    Plated Crusher
    Mountain

--: Ondu Greathorn

Pack 3 pick 10:
    Brilliant Spectrum
    Seek the Wilds
    Volcanic Upheaval
--> Ondu Greathorn
    Retreat to Hagra
    Forest

--: Bone Splinters

Pack 3 pick 11:
    Reclaiming Vines
    Skyline Cascade
--> Bone Splinters
    Lavastep Raider
    Plains

--: Volcanic Upheaval

Pack 3 pick 12:
    Dispel
    Inspired Charge
--> Volcanic Upheaval
    Island

--: Retreat to Valakut

Pack 3 pick 13:
    Plummet
--> Retreat to Valakut
    Island

--: Belligerent Whiptail

Pack 3 pick 14:
--> Belligerent Whiptail
    Forest

--: Mountain

Pack 3 pick 15:
--> Mountain

