Event #: 9384244
Time:    13/02/2016 14:02:41
Players:
    kekepuffs
    henly1984
    DrStrangePhD
    Sinkwater
    Solam
    betta94
    Brahms
--> kzz

--: Scion Summoner

--: Scion Summoner

------ OGW ------ 

Pack 1 pick 1:
    Wastes
    Gravity Negator
    Bone Saw
--> Scion Summoner
    Spawnbinder Mage
    Pulse of Murasa
    Unnatural Endurance
    Holdout Settlement
    Negate
    Sparkmage's Gambit
    Prophet of Distortion
    Visions of Brutality
    Ruin in Their Wake
    Hissing Quagmire
    Mountain

--: Hedron Crawler

--: Makindi Aeronaut

--: Hedron Crawler

--: Zada's Commando

--: Hedron Crawler

--: Hedron Crawler

Pack 1 pick 2:
    Zada's Commando
    Crumbling Vestige
    Containment Membrane
--> Hedron Crawler
    Corpse Churn
    Natural State
    Negate
    Sparkmage's Gambit
    Makindi Aeronaut
    Prophet of Distortion
    Bonds of Mortality
    Devour in Flames
    Overwhelming Denial
    Mountain

--: Stalking Drone

Pack 1 pick 3:
    Unknown Shores
    Gravity Negator
    Warden of Geometries
--> Stalking Drone
    Elemental Uprising
    Sky Scourer
    Loam Larva
    Ondu War Cleric
    Ancient Crab
    Affa Protector
    Chitinous Cloak
    Pyromancer's Assault
    Forest

--: Netcaster Spider

--: Expedition Raptor

Pack 1 pick 4:
    Warden of Geometries
    Stalking Drone
--> Expedition Raptor
    Reality Hemorrhage
    Netcaster Spider
    Canopy Gorger
    Abstruse Interference
    Sparkmage's Gambit
    Kor Scythemaster
    Meandering River
    Roiling Waters
    Mountain

--: Scion Summoner

Pack 1 pick 5:
--> Scion Summoner
    Meandering River
    Blinding Drone
    Kozilek's Shrieker
    Netcaster Spider
    Witness the End
    Cultivator Drone
    Brute Strength
    Roiling Waters
    Stoneforge Acolyte
    Swamp

--: Eldrazi Aggressor

Pack 1 pick 6:
    Tar Snare
    Cinder Hellion
    Zulaport Chainmage
    Natural State
    Witness the End
--> Eldrazi Aggressor
    Affa Protector
    Mighty Leap
    Bonds of Mortality
    Plains

--: Relentless Hunter

--: Relentless Hunter

Pack 1 pick 7:
    Containment Membrane
    Corpse Churn
    Canopy Gorger
    Dazzling Reflection
    Slip Through Space
    Brute Strength
    Grip of the Roil
--> Relentless Hunter
    Mountain

--: Akoum Flameseeker

--: Akoum Flameseeker

Pack 1 pick 8:
    Wastes
    Jwar Isle Avenger
    Warden of Geometries
    Elemental Uprising
    Sky Scourer
    Umara Entangler
--> Akoum Flameseeker
    Island

--: Pulse of Murasa

--: Bone Saw

Pack 1 pick 9:
    Wastes
--> Bone Saw
    Pulse of Murasa
    Unnatural Endurance
    Negate
    Visions of Brutality
    Mountain

--: Sparkmage's Gambit

Pack 1 pick 10:
    Corpse Churn
    Natural State
    Negate
--> Sparkmage's Gambit
    Bonds of Mortality
    Mountain

--: Elemental Uprising

Pack 1 pick 11:
    Warden of Geometries
--> Elemental Uprising
    Ancient Crab
    Chitinous Cloak
    Forest

--: Canopy Gorger

Pack 1 pick 12:
--> Canopy Gorger
    Abstruse Interference
    Sparkmage's Gambit
    Mountain

--: Brute Strength

Pack 1 pick 13:
    Witness the End
--> Brute Strength
    Swamp

--: Plains

Pack 1 pick 14:
    Bonds of Mortality
--> Plains

--: Mountain

Pack 1 pick 15:
--> Mountain

--: Sphinx of the Final Word

------ OGW ------ 

Pack 2 pick 1:
    Wastes
    Jwar Isle Avenger
    Warden of Geometries
    Spawnbinder Mage
    Vampire Envoy
    Slaughter Drone
    Canopy Gorger
    Sparkmage's Gambit
    Kor Scythemaster
    Comparative Analysis
    Reaver Drone
    Bonds of Mortality
    Thought Harvester
--> Sphinx of the Final Word
    Swamp

--: Goblin Freerunner

Pack 2 pick 2:
    Kozilek's Pathfinder
    Spawnbinder Mage
--> Goblin Freerunner
    Lead by Example
    Corpse Churn
    Natural State
    Comparative Analysis
    Natural State
    Kor Scythemaster
    Birthing Hulk
    Void Grafter
    Tears of Valakut
    Sifter of Skulls
    Forest

--: Boulder Salvo

Pack 2 pick 3:
    Bone Saw
    Tar Snare
--> Boulder Salvo
    Slaughter Drone
    Loam Larva
    Makindi Aeronaut
    Umara Entangler
    Consuming Sinkhole
    Harvester Troll
    Stoneforge Acolyte
    Press into Service
    Corrupted Crossroads
    Plains

--: Maw of Kozilek

--: Maw of Kozilek

Pack 2 pick 4:
    Kor Sky Climber
    Vampire Envoy
    Cinder Hellion
    Untamed Hunger
    Vines of the Recluse
    Kozilek's Translator
--> Maw of Kozilek
    Mighty Leap
    Abstruse Interference
    Timber Gorge
    Oath of Gideon
    Swamp

--: Boulder Salvo

Pack 2 pick 5:
--> Boulder Salvo
    Holdout Settlement
    Sky Scourer
    Loam Larva
    Witness the End
    Ancient Crab
    Affa Protector
    Makindi Aeronaut
    Grasp of Darkness
    Oath of Chandra
    Swamp

--: Scion Summoner

Pack 2 pick 6:
    Unknown Shores
    Blinding Drone
    Kozilek's Pathfinder
--> Scion Summoner
    Unnatural Endurance
    Pulse of Murasa
    Untamed Hunger
    Ancient Crab
    Walker of the Wastes
    Island

--: Stalking Drone

--: Stalking Drone

Pack 2 pick 7:
--> Stalking Drone
    Lead by Example
    Corpse Churn
    Natural State
    Negate
    Sparkmage's Gambit
    Strider Harness
    Void Grafter
    Forest

--: Goblin Freerunner

--: Goblin Freerunner

Pack 2 pick 8:
--> Goblin Freerunner
    Holdout Settlement
    Elemental Uprising
    Zulaport Chainmage
    Comparative Analysis
    Eldrazi Aggressor
    Warping Wail
    Forest

--: Sparkmage's Gambit

Pack 2 pick 9:
    Wastes
    Canopy Gorger
--> Sparkmage's Gambit
    Comparative Analysis
    Reaver Drone
    Bonds of Mortality
    Swamp

--: Lead by Example

Pack 2 pick 10:
--> Lead by Example
    Corpse Churn
    Natural State
    Natural State
    Void Grafter
    Forest

--: Consuming Sinkhole

Pack 2 pick 11:
    Bone Saw
    Loam Larva
--> Consuming Sinkhole
    Stoneforge Acolyte
    Plains

--: Cinder Hellion

Pack 2 pick 12:
--> Cinder Hellion
    Untamed Hunger
    Mighty Leap
    Swamp

--: Loam Larva

Pack 2 pick 13:
    Sky Scourer
--> Loam Larva
    Swamp

--: Island

Pack 2 pick 14:
    Untamed Hunger
--> Island

--: Forest

Pack 2 pick 15:
--> Forest

--: Snapping Gnarlid

--: Drana, Liberator of Malakir

------ BFZ ------ 

Pack 3 pick 1:
    Anticipate
    Mind Raker
    Territorial Baloth
    Looming Spires
    Fertile Thicket
    Snapping Gnarlid
    Spell Shrivel
    Complete Disregard
    Kor Castigator
    Reckless Cohort
    Blighted Gorge
    Kor Bladewhirl
    Serene Steward
--> Drana, Liberator of Malakir
    Forest

--: Kozilek's Sentinel

--: Oran-Rief Invoker

--: Kozilek's Sentinel

--: Oran-Rief Invoker

Pack 3 pick 2:
    Voracious Null
--> Oran-Rief Invoker
    Brilliant Spectrum
    Ruin Processor
    Skyline Cascade
    Eyeless Watcher
    Rush of Ice
    Silent Skimmer
    Makindi Patrol
    Kozilek's Sentinel
    Molten Nursery
    Coastal Discovery
    Rot Shambler
    Mountain

--: Territorial Baloth

Pack 3 pick 3:
    Dispel
    Mind Raker
--> Territorial Baloth
    Ruin Processor
    Bone Splinters
    Broodhunter Wurm
    Mortuary Mire
    Tightening Coils
    Volcanic Upheaval
    Horribly Awry
    Grovetender Druids
    Retreat to Hagra
    Plains

--: Giant Mantis

--: Touch of the Void

Pack 3 pick 4:
    Tajuru Stalwart
    Culling Drone
    Giant Mantis
    Kitesail Scout
    Belligerent Whiptail
    Kozilek's Channeler
--> Touch of the Void
    Ondu Greathorn
    Tunneling Geopede
    Vampiric Rites
    Ulamog's Reclaimer
    Forest

--: Makindi Sliderunner

Pack 3 pick 5:
    Brilliant Spectrum
    Altar's Reap
    Roilmage's Trick
    Lavastep Raider
    Fortified Rampart
--> Makindi Sliderunner
    Smite the Monstrous
    Blighted Fen
    Ulamog's Despoiler
    Turn Against
    Island

--: Valakut Predator

Pack 3 pick 6:
    Seek the Wilds
    Coralhelm Guide
    Nirkana Assassin
    Oran-Rief Invoker
    Belligerent Whiptail
    Stone Haven Medic
--> Valakut Predator
    Shadow Glider
    Scythe Leopard
    Island

--: Sure Strike

Pack 3 pick 7:
    Murk Strider
    Plummet
    Boiling Earth
    Lithomancer's Focus
--> Sure Strike
    Kitesail Scout
    Molten Nursery
    Munda, Ambush Leader
    Island

--: Makindi Sliderunner

Pack 3 pick 8:
    Brilliant Spectrum
    Nirkana Assassin
    Seek the Wilds
    Volcanic Upheaval
    Stone Haven Medic
--> Makindi Sliderunner
    Retreat to Valakut
    Swamp

--: Looming Spires

Pack 3 pick 9:
    Mind Raker
    Territorial Baloth
--> Looming Spires
    Snapping Gnarlid
    Spell Shrivel
    Reckless Cohort
    Forest

--: Rot Shambler

Pack 3 pick 10:
    Voracious Null
    Brilliant Spectrum
    Skyline Cascade
    Eyeless Watcher
--> Rot Shambler
    Mountain

--: Broodhunter Wurm

Pack 3 pick 11:
    Dispel
    Mind Raker
--> Broodhunter Wurm
    Volcanic Upheaval
    Plains

--: Belligerent Whiptail

Pack 3 pick 12:
    Kitesail Scout
--> Belligerent Whiptail
    Ondu Greathorn
    Forest

--: Lavastep Raider

Pack 3 pick 13:
    Brilliant Spectrum
--> Lavastep Raider
    Island

--: Scythe Leopard

Pack 3 pick 14:
--> Scythe Leopard
    Island

Pack 3 pick 15:
--> Island

