Event #: 9384804
Time:    2016.02.13 16:49:40
Players:
    Panthera_leo
    Alexander_Lucas
--> EsMors
    Astrali
    onami
    joshplehn
    RegB
    1000bk

--: Sphinx of the Final Word

------ OGW ------ 

Pack 1 pick 1:
    Unknown Shores
    Blinding Drone
    Kozilek's Pathfinder
    Scion Summoner
    Devour in Flames
    Lead by Example
    Untamed Hunger
    Slip Through Space
    Maw of Kozilek
    Dazzling Reflection
    Birthing Hulk
    Void Grafter
    Warping Wail
--> Sphinx of the Final Word
    Swamp

--: Drana's Chosen

Pack 1 pick 2:
    Gravity Negator
    Bone Saw
    Expedition Raptor
    Tar Snare
    Witness the End
    Netcaster Spider
    Makindi Aeronaut
    Abstruse Interference
    Akoum Flameseeker
    Cinder Barrens
    Iona's Blessing
    Visions of Brutality
--> Drana's Chosen
    Plains

--: Cliffhaven Vampire

Pack 1 pick 3:
    Wastes
    Warden of Geometries
    Spawnbinder Mage
    Vampire Envoy
    Natural State
    Witness the End
    Makindi Aeronaut
    Umara Entangler
    Consuming Sinkhole
    Birthing Hulk
--> Cliffhaven Vampire
    Tears of Valakut
    Mountain

--: Slaughter Drone

Pack 1 pick 4:
    Kozilek's Pathfinder
    Tajuru Pathwarden
    Expedition Raptor
    Crumbling Vestige
    Loam Larva
--> Slaughter Drone
    Consuming Sinkhole
    Shoulder to Shoulder
    Ancient Crab
    Reckless Bushwhacker
    Havoc Sower
    Plains

--: Tajuru Pathwarden

--: Searing Light

Pack 1 pick 5:
    Seer's Lantern
    Tajuru Pathwarden
    Expedition Raptor
    Loam Larva
    Unnatural Endurance
    Pulse of Murasa
--> Searing Light
    Negate
    Strider Harness
    Gift of Tusks
    Forest

--: Malakir Soothsayer

--: Malakir Soothsayer

Pack 1 pick 6:
    Stalking Drone
    Wastes
    Untamed Hunger
    Vines of the Recluse
    Umara Entangler
    Akoum Flameseeker
    Kazuul's Toll Collector
    Embodiment of Insight
--> Malakir Soothsayer
    Plains

--: Makindi Aeronaut

--: Makindi Aeronaut

Pack 1 pick 7:
    Cinder Hellion
    Warden of Geometries
    Sky Scourer
    Ancient Crab
    Affa Protector
--> Makindi Aeronaut
    Relentless Hunter
    Zendikar Resurgent
    Plains

--: Grip of the Roil

--: Grip of the Roil

Pack 1 pick 8:
    Wastes
    Untamed Hunger
    Pulse of Murasa
    Dazzling Reflection
    Slip Through Space
    Brute Strength
--> Grip of the Roil
    Island

--: Kozilek's Pathfinder

--: Dazzling Reflection

--: Dazzling Reflection

Pack 1 pick 9:
    Kozilek's Pathfinder
    Lead by Example
    Untamed Hunger
    Slip Through Space
--> Dazzling Reflection
    Warping Wail
    Swamp

--: Makindi Aeronaut

--: Makindi Aeronaut

Pack 1 pick 10:
    Bone Saw
    Witness the End
--> Makindi Aeronaut
    Abstruse Interference
    Iona's Blessing
    Plains

--: Spawnbinder Mage

--: Spawnbinder Mage

Pack 1 pick 11:
--> Spawnbinder Mage
    Natural State
    Witness the End
    Consuming Sinkhole
    Mountain

--: Shoulder to Shoulder

--: Shoulder to Shoulder

Pack 1 pick 12:
    Loam Larva
    Consuming Sinkhole
--> Shoulder to Shoulder
    Plains

--: Strider Harness

Pack 1 pick 13:
    Pulse of Murasa
--> Strider Harness
    Forest

--: Untamed Hunger

Pack 1 pick 14:
--> Untamed Hunger
    Plains

--: Plains

Pack 1 pick 15:
--> Plains

--: Matter Reshaper

--: Seer's Lantern

------ OGW ------ 

Pack 2 pick 1:
    Spawnbinder Mage
    Cinder Hellion
    Unknown Shores
    Sweep Away
--> Seer's Lantern
    Loam Larva
    Slaughter Drone
    Makindi Aeronaut
    Umara Entangler
    Consuming Sinkhole
    Harvester Troll
    Stormchaser Mage
    Iona's Blessing
    Matter Reshaper
    Plains

--: Grasp of Darkness

--: Grasp of Darkness

Pack 2 pick 2:
    Reality Hemorrhage
    Wastes
    Containment Membrane
    Bone Saw
    Pulse of Murasa
    Unnatural Endurance
    Vines of the Recluse
    Abstruse Interference
    Akoum Flameseeker
    Dazzling Reflection
--> Grasp of Darkness
    Relentless Hunter
    Press into Service
    Swamp

--: Zulaport Chainmage

--: Zulaport Chainmage

Pack 2 pick 3:
    Wastes
    Gravity Negator
    Bone Saw
    Elemental Uprising
--> Zulaport Chainmage
    Natural State
    Searing Light
    Comparative Analysis
    Eldrazi Aggressor
    Cinder Barrens
    Ruin in Their Wake
    Mindmelter
    Mountain

--: Slaughter Drone

--: Slaughter Drone

Pack 2 pick 4:
    Stalking Drone
    Reality Hemorrhage
    Crumbling Vestige
    Witness the End
    Netcaster Spider
--> Slaughter Drone
    Expedite
    Makindi Aeronaut
    Abstruse Interference
    Pyromancer's Assault
    Unity of Purpose
    Island

--: Tar Snare

--: Tar Snare

Pack 2 pick 5:
    Containment Membrane
    Hedron Crawler
--> Tar Snare
    Cinder Hellion
    Unnatural Endurance
    Vines of the Recluse
    Akoum Flameseeker
    Dazzling Reflection
    Slip Through Space
    Ruin in Their Wake
    Swamp

--: Oblivion Strike

--: Oblivion Strike

Pack 2 pick 6:
    Sweep Away
    Seer's Lantern
--> Oblivion Strike
    Spawnbinder Mage
    Lead by Example
    Pulse of Murasa
    Maw of Kozilek
    Mighty Leap
    Abstruse Interference
    Island

--: Spawnbinder Mage

--: Spawnbinder Mage

Pack 2 pick 7:
--> Spawnbinder Mage
    Wastes
    Witness the End
    Canopy Gorger
    Abstruse Interference
    Sparkmage's Gambit
    Tranquil Expanse
    Stoneforge Acolyte
    Island

--: Unknown Shores

--: Unknown Shores

Pack 2 pick 8:
    Reality Hemorrhage
--> Unknown Shores
    Bone Saw
    Zada's Commando
    Loam Larva
    Consuming Sinkhole
    Chitinous Cloak
    Plains

--: Iona's Blessing

Pack 2 pick 9:
    Cinder Hellion
    Loam Larva
    Umara Entangler
    Consuming Sinkhole
    Harvester Troll
--> Iona's Blessing
    Plains

--: Bone Saw

Pack 2 pick 10:
--> Bone Saw
    Abstruse Interference
    Akoum Flameseeker
    Dazzling Reflection
    Relentless Hunter
    Swamp

--: Wastes

Pack 2 pick 11:
--> Wastes
    Bone Saw
    Natural State
    Eldrazi Aggressor
    Mountain

--: Witness the End

--: Witness the End

Pack 2 pick 12:
--> Witness the End
    Expedite
    Abstruse Interference
    Island

--: Slip Through Space

Pack 2 pick 13:
    Dazzling Reflection
--> Slip Through Space
    Swamp

--: Abstruse Interference

Pack 2 pick 14:
--> Abstruse Interference
    Island

--: Island

Pack 2 pick 15:
--> Island

--: Sheer Drop

--: Sheer Drop

------ BFZ ------ 

Pack 3 pick 1:
    Kalastria Nightwatch
    Earthen Arms
    Murk Strider
    Sludge Crawler
    Stone Haven Medic
    Kozilek's Sentinel
    Ghostly Sentinel
    Dominator Drone
    Valakut Predator
--> Sheer Drop
    Grip of Desolation
    Ondu Rising
    Ruination Guide
    Ugin's Insight
    Plains

--: Drana's Emissary

--: Drana's Emissary

Pack 3 pick 2:
    Tajuru Stalwart
    Scour from Existence
    Tajuru Beastmaster
    Wave-Wing Elemental
    Evolving Wilds
    Silent Skimmer
    Rush of Ice
    Kor Castigator
    Boiling Earth
    Brood Monitor
--> Drana's Emissary
    Blighted Fen
    Noyan Dar, Roil Shaper
    Island

--: Zulaport Cutthroat

--: Zulaport Cutthroat

Pack 3 pick 3:
    Voracious Null
    Reclaiming Vines
    Mist Intruder
    Mire's Malice
    Volcanic Upheaval
    Tandem Tactics
    Shatterskull Recruit
    Felidar Cub
    Valakut Invoker
    Ondu Greathorn
--> Zulaport Cutthroat
    Infuse with the Elements
    Island

--: Kalastria Healer

--: Kalastria Healer

Pack 3 pick 4:
--> Kalastria Healer
    Reclaiming Vines
    Salvage Drone
    Swarm Surge
    Cliffside Lookout
    Courier Griffin
    Makindi Sliderunner
    Retreat to Emeria
    Dampening Pulse
    Void Attendant
    Dust Stalker
    Forest

--: Nirkana Assassin

--: Nirkana Assassin

Pack 3 pick 5:
--> Nirkana Assassin
    Oran-Rief Invoker
    Dispel
    Natural Connection
    Unnatural Aggression
    Geyserfield Stalker
    Sandstone Bridge
    Lavastep Raider
    Fortified Rampart
    Ulamog's Reclaimer
    Island

--: Shadow Glider

Pack 3 pick 6:
    Territorial Baloth
    Roilmage's Trick
    Dutiful Return
    Belligerent Whiptail
    Angelic Gift
--> Shadow Glider
    Ondu Greathorn
    Carrier Thrall
    Retreat to Coralhelm
    Mountain

--: Bone Splinters

--: Bone Splinters

Pack 3 pick 7:
    Swell of Growth
    Dispel
    Tajuru Beastmaster
    Skyline Cascade
--> Bone Splinters
    Inspired Charge
    Volcanic Upheaval
    Crumble to Dust
    Island

--: Makindi Patrol

Pack 3 pick 8:
    Salvage Drone
    Blisterpod
--> Makindi Patrol
    Fortified Rampart
    Belligerent Whiptail
    Hedron Blade
    Slab Hammer
    Plains

--: Ghostly Sentinel

--: Ghostly Sentinel

Pack 3 pick 9:
    Earthen Arms
    Murk Strider
    Sludge Crawler
    Stone Haven Medic
--> Ghostly Sentinel
    Dominator Drone
    Plains

--: Kor Castigator

--: Kor Castigator

Pack 3 pick 10:
    Scour from Existence
--> Kor Castigator
    Boiling Earth
    Brood Monitor
    Noyan Dar, Roil Shaper
    Island

--: Tandem Tactics

Pack 3 pick 11:
    Voracious Null
    Volcanic Upheaval
--> Tandem Tactics
    Felidar Cub
    Island

--: Cliffside Lookout

--: Cliffside Lookout

Pack 3 pick 12:
    Reclaiming Vines
--> Cliffside Lookout
    Void Attendant
    Forest

--: Geyserfield Stalker

Pack 3 pick 13:
    Natural Connection
--> Geyserfield Stalker
    Island

--: Dutiful Return

Pack 3 pick 14:
--> Dutiful Return
    Mountain

--: Island

Pack 3 pick 15:
--> Island

