Event #: 9385875
Time:    2/13/2016 12:08:51 PM
Players:
    ericbtjr
    Telpur
    FiShiEx
--> FinchleyCentral
    Firemage84
    MrPeanutButter
    fatman_
    kmeerkat

--: Embodiment of Fury

--: Embodiment of Fury

------ OGW ------ 

Pack 1 pick 1:
    Vampire Envoy
    Cinder Hellion
    Holdout Settlement
    Gravity Negator
    Slaughter Drone
    Loam Larva
    Unnatural Endurance
    Searing Light
    Negate
    Maw of Kozilek
--> Embodiment of Fury
    Unity of Purpose
    Immobilizer Eldrazi
    Corrupted Crossroads
    Plains

--: Havoc Sower

--: Havoc Sower

Pack 1 pick 2:
    Warden of Geometries
    Spawnbinder Mage
    Vampire Envoy
    Reality Hemorrhage
    Pulse of Murasa
    Zulaport Chainmage
    Elemental Uprising
    Mighty Leap
    Cultivator Drone
    Expedite
    Strider Harness
--> Havoc Sower
    Needle Spires
    Plains

--: Cyclone Sire

--: Cyclone Sire

Pack 1 pick 3:
    Unknown Shores
    Sweep Away
    Seer's Lantern
    Kor Sky Climber
    Weapons Trainer
    Lead by Example
    Sparkmage's Gambit
    Shoulder to Shoulder
    Slip Through Space
--> Cyclone Sire
    Thought Harvester
    Stoneforge Acolyte
    Forest

--: Holdout Settlement

--: Holdout Settlement

Pack 1 pick 4:
--> Holdout Settlement
    Eldrazi Aggressor
    Tajuru Pathwarden
    Kozilek's Translator
    Elemental Uprising
    Sky Scourer
    Cultivator Drone
    Expedite
    Kazuul's Toll Collector
    Void Shatter
    Oath of Jace
    Plains

--: Stormchaser Mage

--: Slaughter Drone

--: Slaughter Drone

Pack 1 pick 5:
    Expedition Raptor
    Crumbling Vestige
    Hedron Crawler
--> Slaughter Drone
    Canopy Gorger
    Searing Light
    Warden of Geometries
    Sparkmage's Gambit
    Stormchaser Mage
    Warping Wail
    Swamp

--: Cinder Barrens

--: Cinder Barrens

Pack 1 pick 6:
    Tar Snare
    Cinder Hellion
    Wastes
    Canopy Gorger
    Kozilek's Translator
    Sparkmage's Gambit
    Comparative Analysis
--> Cinder Barrens
    Iona's Blessing
    Forest

--: Netcaster Spider

Pack 1 pick 7:
    Wastes
    Loam Larva
    Witness the End
--> Netcaster Spider
    Makindi Aeronaut
    Abstruse Interference
    Harvester Troll
    Walker of the Wastes
    Island

--: Holdout Settlement

--: Sky Scourer

--: Sky Scourer

Pack 1 pick 8:
    Holdout Settlement
    Kozilek's Pathfinder
--> Sky Scourer
    Ancient Crab
    Affa Protector
    Tears of Valakut
    Oath of Nissa
    Island

--: Maw of Kozilek

--: Immobilizer Eldrazi

--: Immobilizer Eldrazi

Pack 1 pick 9:
    Cinder Hellion
    Loam Larva
    Unnatural Endurance
    Negate
    Maw of Kozilek
--> Immobilizer Eldrazi
    Plains

--: Zulaport Chainmage

Pack 1 pick 10:
    Pulse of Murasa
--> Zulaport Chainmage
    Elemental Uprising
    Expedite
    Strider Harness
    Plains

--: Unknown Shores

--: Unknown Shores

Pack 1 pick 11:
--> Unknown Shores
    Sparkmage's Gambit
    Slip Through Space
    Stoneforge Acolyte
    Forest

--: Sky Scourer

Pack 1 pick 12:
    Eldrazi Aggressor
--> Sky Scourer
    Expedite
    Plains

--: Warping Wail

Pack 1 pick 13:
    Canopy Gorger
--> Warping Wail
    Swamp

--: Iona's Blessing

Pack 1 pick 14:
--> Iona's Blessing
    Forest

--: Island

Pack 1 pick 15:
--> Island

--: Sifter of Skulls

--: Sifter of Skulls

------ OGW ------ 

Pack 2 pick 1:
    Bone Saw
    Scion Summoner
    Spawnbinder Mage
    Cinder Hellion
    Unknown Shores
    Lead by Example
    Untamed Hunger
    Maw of Kozilek
    Mighty Leap
    Abstruse Interference
    Seed Guardian
    Steppe Glider
    Weapons Trainer
--> Sifter of Skulls
    Swamp

--: Slaughter Drone

--: Slaughter Drone

Pack 2 pick 2:
    Gravity Negator
    Hedron Crawler
    Vampire Envoy
    Scion Summoner
--> Slaughter Drone
    Lead by Example
    Untamed Hunger
    Forest
    Maw of Kozilek
    Mighty Leap
    Walker of the Wastes
    Immolating Glare
    Malakir Soothsayer
    Swamp

--: Unknown Shores

--: Unknown Shores

Pack 2 pick 3:
--> Unknown Shores
    Bone Saw
    Tajuru Pathwarden
    Stalking Drone
    Netcaster Spider
    Witness the End
    Makindi Aeronaut
    Abstruse Interference
    Sparkmage's Gambit
    Make a Stand
    Mindmelter
    Hissing Quagmire
    Swamp

--: Sky Scourer

--: Zada's Commando

--: Sky Scourer

Pack 2 pick 4:
    Expedition Raptor
    Zada's Commando
    Crumbling Vestige
    Elemental Uprising
--> Sky Scourer
    Saddleback Lagac
    Expedite
    Ondu War Cleric
    Ancient Crab
    Mindmelter
    Stone Haven Outfitter
    Swamp

--: Brute Strength

Pack 2 pick 5:
    Holdout Settlement
    Kozilek's Pathfinder
    Vines of the Recluse
    Zulaport Chainmage
    Saddleback Lagac
    Slip Through Space
--> Brute Strength
    Kor Scythemaster
    Flaying Tendrils
    Call the Gatewatch
    Forest

--: Maw of Kozilek

--: Maw of Kozilek

Pack 2 pick 6:
    Bone Saw
    Tajuru Pathwarden
    Kozilek's Shrieker
    Lead by Example
    Untamed Hunger
    Shoulder to Shoulder
    Slip Through Space
--> Maw of Kozilek
    Baloth Pup
    Mountain

--: Unnatural Endurance

Pack 2 pick 7:
    Tar Snare
    Pulse of Murasa
--> Unnatural Endurance
    Vines of the Recluse
    Akoum Flameseeker
    Dazzling Reflection
    Slip Through Space
    Allied Reinforcements
    Mountain

--: Eldrazi Aggressor

Pack 2 pick 8:
    Corpse Churn
    Natural State
    Comparative Analysis
--> Eldrazi Aggressor
    Affa Protector
    Pyromancer's Assault
    Relentless Hunter
    Plains

--: Cinder Hellion

Pack 2 pick 9:
    Bone Saw
--> Cinder Hellion
    Lead by Example
    Untamed Hunger
    Mighty Leap
    Weapons Trainer
    Swamp

--: Maw of Kozilek

Pack 2 pick 10:
    Scion Summoner
    Lead by Example
    Untamed Hunger
    Forest
--> Maw of Kozilek
    Swamp

--: Tajuru Pathwarden

Pack 2 pick 11:
    Bone Saw
--> Tajuru Pathwarden
    Abstruse Interference
    Make a Stand
    Swamp

--: Expedite

Pack 2 pick 12:
    Elemental Uprising
--> Expedite
    Ancient Crab
    Swamp

--: Vines of the Recluse

Pack 2 pick 13:
--> Vines of the Recluse
    Call the Gatewatch
    Forest

--: Untamed Hunger

Pack 2 pick 14:
--> Untamed Hunger
    Mountain

Pack 2 pick 15:
--> Pulse of Murasa

--: Ob Nixilis Reignited

--: Ob Nixilis Reignited

------ BFZ ------ 

Pack 3 pick 1:
    Kalastria Healer
    Blisterpod
    Oracle of Dust
    Voracious Null
    Nettle Drone
    Kitesail Scout
    Belligerent Whiptail
    Kor Castigator
    Ondu Champion
    Gideon's Reproach
    Tide Drifter
    Infuse with the Elements
    Vile Aggregate
--> Ob Nixilis Reignited
    Forest

--: Nettle Drone

--: Nettle Drone

Pack 3 pick 2:
    Incubator Drone
    Kalastria Healer
    Reclaiming Vines
    Salvage Drone
--> Nettle Drone
    Cliffside Lookout
    Makindi Sliderunner
    Smite the Monstrous
    Kozilek's Channeler
    Vestige of Emrakul
    Encircling Fissure
    Halimar Tidecaller
    Vampiric Rites
    Plains

--: Evolving Wilds

Pack 3 pick 3:
    Nirkana Assassin
    Oran-Rief Invoker
    Dispel
    Tajuru Beastmaster
    Wave-Wing Elemental
--> Evolving Wilds
    Silent Skimmer
    Rush of Ice
    Goblin War Paint
    Tandem Tactics
    Grove Rumbler
    Akoum Stonewaker
    Mountain

--: Valakut Invoker

--: Valakut Invoker

Pack 3 pick 4:
    Brilliant Spectrum
    Altar's Reap
    Roilmage's Trick
    Shatterskull Recruit
    Lithomancer's Focus
    Hedron Blade
--> Valakut Invoker
    Courier Griffin
    Bloodbond Vampire
    Blighted Steppe
    Ally Encampment
    Forest

--: Nettle Drone

Pack 3 pick 5:
    Mire's Malice
    Giant Mantis
    Brilliant Spectrum
    Altar's Reap
    Makindi Patrol
--> Nettle Drone
    Smite the Monstrous
    Kozilek's Channeler
    Ondu Greathorn
    Serene Steward
    Mountain

--: Valakut Predator

Pack 3 pick 6:
    Earthen Arms
    Murk Strider
    Sure Strike
    Kitesail Scout
    Ghostly Sentinel
--> Valakut Predator
    Sheer Drop
    Serene Steward
    Ulamog's Reclaimer
    Swamp

--: Looming Spires

Pack 3 pick 7:
    Earthen Arms
    Broodhunter Wurm
    Mortuary Mire
    Tightening Coils
--> Looming Spires
    Grave Birthing
    Felidar Cub
    Spawning Bed
    Forest

--: Outnumber

--: Outnumber

Pack 3 pick 8:
    Mind Raker
    Territorial Baloth
    Natural Connection
    Sandstone Bridge
--> Outnumber
    Kitesail Scout
    Void Attendant
    Mountain

--: Ondu Champion

Pack 3 pick 9:
    Oracle of Dust
    Voracious Null
    Kitesail Scout
    Belligerent Whiptail
--> Ondu Champion
    Infuse with the Elements
    Forest

--: Makindi Sliderunner

Pack 3 pick 10:
    Reclaiming Vines
--> Makindi Sliderunner
    Encircling Fissure
    Halimar Tidecaller
    Vampiric Rites
    Plains

--: Goblin War Paint

Pack 3 pick 11:
    Wave-Wing Elemental
--> Goblin War Paint
    Grove Rumbler
    Akoum Stonewaker
    Mountain

--: Lithomancer's Focus

Pack 3 pick 12:
    Brilliant Spectrum
--> Lithomancer's Focus
    Hedron Blade
    Forest

--: Ondu Greathorn

Pack 3 pick 13:
    Brilliant Spectrum
--> Ondu Greathorn
    Mountain

--: Kitesail Scout

Pack 3 pick 14:
--> Kitesail Scout
    Swamp

--: Forest

Pack 3 pick 15:
--> Forest

