Event #: 9385166
Time:    13/02/2016 18:17:51
Players:
    joralf_gjerstad
--> Arcannys
    Ssubotai
    dcruse
    Misplacedginger
    TheGoozler
    todo_boss
    gooziec

--: Hedron Crawler

--: Boulder Salvo

--: Hedron Crawler

--: Hedron Crawler

------ OGW ------ 

Pack 1 pick 1:
--> Hedron Crawler
    Vampire Envoy
    Scion Summoner
    Boulder Salvo
    Corpse Churn
    Canopy Gorger
    Sky Scourer
    Cultivator Drone
    Expedite
    Makindi Aeronaut
    Essence Depleter
    Cinder Barrens
    Reflector Mage
    Kozilek, the Great Distortion
    Mountain

--: Isolation Zone

--: Isolation Zone

Pack 1 pick 2:
    Kozilek's Pathfinder
--> Isolation Zone
    Scion Summoner
    Boulder Salvo
    Unnatural Endurance
    Pulse of Murasa
    Untamed Hunger
    Kor Scythemaster
    Comparative Analysis
    Eldrazi Aggressor
    Immolating Glare
    Joraga Auxiliary
    Immobilizer Eldrazi
    Island

--: Seed Guardian

--: Zada's Commando

--: Seed Guardian

--: Seed Guardian

Pack 1 pick 3:
    Seer's Lantern
    Spawnbinder Mage
    Zada's Commando
    Pulse of Murasa
    Zulaport Chainmage
    Elemental Uprising
    Comparative Analysis
    Gravity Negator
    Kor Scythemaster
    Pyromancer's Assault
--> Seed Guardian
    Void Shatter
    Plains

--: Netcaster Spider

--: Netcaster Spider

Pack 1 pick 4:
    Kor Sky Climber
    Cinder Hellion
    Holdout Settlement
--> Netcaster Spider
    Slaughter Drone
    Canopy Gorger
    Maw of Kozilek
    Shoulder to Shoulder
    Umara Entangler
    Reaver Drone
    Submerged Boneyard
    Swamp

--: Kor Sky Climber

--: Kor Sky Climber

--: Kor Sky Climber

Pack 1 pick 5:
    Warden of Geometries
--> Kor Sky Climber
    Reality Hemorrhage
    Pulse of Murasa
    Elemental Uprising
    Expedite
    Searing Light
    Comparative Analysis
    Tranquil Expanse
    Stoneforge Acolyte
    Plains

--: Baloth Pup

Pack 1 pick 6:
    Holdout Settlement
    Blinding Drone
    Kozilek's Pathfinder
    Vines of the Recluse
    Kozilek's Translator
    Mighty Leap
    Consuming Sinkhole
    Mindmelter
--> Baloth Pup
    Swamp

--: Spatial Contortion

--: Spatial Contortion

Pack 1 pick 7:
    Unknown Shores
    Sweep Away
    Seer's Lantern
    Pulse of Murasa
    Untamed Hunger
    Affa Protector
--> Spatial Contortion
    Gift of Tusks
    Island

--: Containment Membrane

Pack 1 pick 8:
--> Containment Membrane
    Witness the End
    Canopy Gorger
    Kozilek's Translator
    Ancient Crab
    Strider Harness
    Call the Gatewatch
    Mountain

--: Scion Summoner

--: Scion Summoner

Pack 1 pick 9:
--> Scion Summoner
    Corpse Churn
    Canopy Gorger
    Sky Scourer
    Expedite
    Makindi Aeronaut
    Mountain

--: Pulse of Murasa

Pack 1 pick 10:
    Kozilek's Pathfinder
--> Pulse of Murasa
    Untamed Hunger
    Comparative Analysis
    Eldrazi Aggressor
    Island

--: Gravity Negator

Pack 1 pick 11:
    Pulse of Murasa
    Comparative Analysis
--> Gravity Negator
    Void Shatter
    Plains

--: Submerged Boneyard

Pack 1 pick 12:
    Canopy Gorger
    Umara Entangler
--> Submerged Boneyard
    Swamp

--: Comparative Analysis

Pack 1 pick 13:
    Elemental Uprising
--> Comparative Analysis
    Plains

--: Consuming Sinkhole

Pack 1 pick 14:
--> Consuming Sinkhole
    Swamp

--: Island

Pack 1 pick 15:
--> Island

--: Deepfathom Skulker

--: Deepfathom Skulker

------ OGW ------ 

Pack 2 pick 1:
    Isolation Zone
    Tar Snare
    Reality Hemorrhage
    Wastes
    Kozilek's Shrieker
    Netcaster Spider
    Witness the End
    Umara Entangler
    Consuming Sinkhole
    Shoulder to Shoulder
    Allied Reinforcements
    Null Caller
    Bonds of Mortality
--> Deepfathom Skulker
    Swamp

--: Stalking Drone

--: Stalking Drone

Pack 2 pick 2:
    Warden of Geometries
--> Stalking Drone
    Expedition Raptor
    Reality Hemorrhage
    Natural State
    Witness the End
    Netcaster Spider
    Searing Light
    Negate
    Sparkmage's Gambit
    Cliffhaven Vampire
    Iona's Blessing
    Visions of Brutality
    Plains

--: Scion Summoner

--: Scion Summoner

Pack 2 pick 3:
--> Scion Summoner
    Boulder Salvo
    Holdout Settlement
    Lead by Example
    Untamed Hunger
    Sky Scourer
    Dazzling Reflection
    Umara Entangler
    Brute Strength
    Timber Gorge
    Press into Service
    Unity of Purpose
    Swamp

--: Crumbling Vestige

--: Crumbling Vestige

--: Crumbling Vestige

Pack 2 pick 4:
--> Crumbling Vestige
    Containment Membrane
    Vines of the Recluse
    Unnatural Endurance
    Ancient Crab
    Expedite
    Searing Light
    Cliffhaven Vampire
    Flaying Tendrils
    Relentless Hunter
    Hissing Quagmire
    Forest

--: Jwar Isle Avenger

Pack 2 pick 5:
    Wastes
--> Jwar Isle Avenger
    Sky Scourer
    Elemental Uprising
    Zulaport Chainmage
    Abstruse Interference
    Akoum Flameseeker
    Reckless Bushwhacker
    Harvester Troll
    Wandering Fumarole
    Forest

--: Baloth Null

Pack 2 pick 6:
    Tar Snare
    Cinder Hellion
    Unknown Shores
    Gravity Negator
    Lead by Example
    Untamed Hunger
    Cultivator Drone
    Void Shatter
--> Baloth Null
    Mountain

--: Birthing Hulk

--: Birthing Hulk

Pack 2 pick 7:
    Gravity Negator
    Bone Saw
    Vines of the Recluse
    Brute Strength
    Affa Protector
    Ancient Crab
--> Birthing Hulk
    Wall of Resurgence
    Forest

--: Saddleback Lagac

--: Seer's Lantern

--: Saddleback Lagac

--: Seer's Lantern

--: Saddleback Lagac

--: Seer's Lantern

--: Saddleback Lagac

Pack 2 pick 8:
    Wastes
    Seer's Lantern
--> Saddleback Lagac
    Corpse Churn
    Canopy Gorger
    Cultivator Drone
    Expedite
    Mountain

--: Netcaster Spider

--: Netcaster Spider

Pack 2 pick 9:
--> Netcaster Spider
    Witness the End
    Umara Entangler
    Consuming Sinkhole
    Null Caller
    Bonds of Mortality
    Swamp

--: Negate

Pack 2 pick 10:
    Natural State
    Witness the End
--> Negate
    Sparkmage's Gambit
    Iona's Blessing
    Plains

--: Unity of Purpose

Pack 2 pick 11:
    Untamed Hunger
    Dazzling Reflection
    Timber Gorge
--> Unity of Purpose
    Swamp

--: Vines of the Recluse

Pack 2 pick 12:
--> Vines of the Recluse
    Ancient Crab
    Relentless Hunter
    Forest

--: Harvester Troll

Pack 2 pick 13:
    Elemental Uprising
--> Harvester Troll
    Forest

--: Lead by Example

Pack 2 pick 14:
--> Lead by Example
    Mountain

--: Forest

Pack 2 pick 15:
--> Forest

--: Anticipate

------ BFZ ------ 

Pack 3 pick 1:
    Giant Mantis
--> Anticipate
    Mind Raker
    Territorial Baloth
    Kitesail Scout
    Shatterskull Recruit
    Vestige of Emrakul
    Courier Griffin
    Valakut Predator
    Shadow Glider
    Angel of Renewal
    Brood Monitor
    Ruination Guide
    Zada, Hedron Grinder
    Plains

--: Blighted Cataract

Pack 3 pick 2:
    Murk Strider
    Sludge Crawler
    Plummet
    Felidar Cub
    Boiling Earth
    Lifespring Druid
    Valakut Invoker
    Ondu Greathorn
    Dominator Drone
    Drana's Emissary
    Slab Hammer
--> Blighted Cataract
    Lumbering Falls
    Plains

--: Tightening Coils

Pack 3 pick 3:
    Swarm Surge
    Tajuru Stalwart
    Broodhunter Wurm
--> Tightening Coils
    Looming Spires
    Grave Birthing
    Eyeless Watcher
    Nettle Drone
    Kitesail Scout
    Turn Against
    Sylvan Scrying
    Canopy Vista
    Swamp

--: Cloud Manta

Pack 3 pick 4:
    Dispel
    Natural Connection
    Unnatural Aggression
    Geyserfield Stalker
--> Cloud Manta
    Sandstone Bridge
    Roilmage's Trick
    Tandem Tactics
    Shatterskull Recruit
    Ulamog's Despoiler
    Crumble to Dust
    Forest

--: Cloud Manta

Pack 3 pick 5:
    Oracle of Dust
    Natural Connection
    Unnatural Aggression
    Geyserfield Stalker
--> Cloud Manta
    Sandstone Bridge
    Fortified Rampart
    Lavastep Raider
    Ulamog's Reclaimer
    Unified Front
    Swamp

--: Plummet

Pack 3 pick 6:
--> Plummet
    Coralhelm Guide
    Ruin Processor
    Skyline Cascade
    Rush of Ice
    Silent Skimmer
    Angelic Gift
    Lavastep Raider
    Crumble to Dust
    Island

--: Shadow Glider

Pack 3 pick 7:
    Earthen Arms
    Incubator Drone
    Kitesail Scout
    Reckless Cohort
    Valakut Invoker
--> Shadow Glider
    Skitterskin
    Jaddi Offshoot
    Forest

--: Wave-Wing Elemental

Pack 3 pick 8:
    Swarm Surge
    Tajuru Stalwart
    Incubator Drone
--> Wave-Wing Elemental
    Silent Skimmer
    Rush of Ice
    Outnumber
    Mountain

--: Giant Mantis

Pack 3 pick 9:
--> Giant Mantis
    Mind Raker
    Territorial Baloth
    Kitesail Scout
    Shatterskull Recruit
    Vestige of Emrakul
    Plains

--: Plummet

Pack 3 pick 10:
    Murk Strider
--> Plummet
    Boiling Earth
    Ondu Greathorn
    Slab Hammer
    Plains

--: Broodhunter Wurm

Pack 3 pick 11:
--> Broodhunter Wurm
    Looming Spires
    Eyeless Watcher
    Kitesail Scout
    Swamp

--: Dispel

Pack 3 pick 12:
--> Dispel
    Geyserfield Stalker
    Roilmage's Trick
    Forest

--: Geyserfield Stalker

Pack 3 pick 13:
--> Geyserfield Stalker
    Lavastep Raider
    Swamp

--: Crumble to Dust

Pack 3 pick 14:
--> Crumble to Dust
    Island

--: Forest

Pack 3 pick 15:
--> Forest

