Event #: 9385540
Time:    2/13/2016 10:47:50 AM
Players:
    Hisagami
    Tractorage
    krebrovich
--> FinchleyCentral
    madoka
    Matra
    Covar
    Nugs

--: Seed Guardian

--: Isolation Zone

--: Isolation Zone

------ OGW ------ 

Pack 1 pick 1:
--> Isolation Zone
    Scion Summoner
    Boulder Salvo
    Wastes
    Natural State
    Slaughter Drone
    Loam Larva
    Slip Through Space
    Brute Strength
    Kor Scythemaster
    Seed Guardian
    Walker of the Wastes
    Thought Harvester
    Overwhelming Denial
    Plains

--: Expedition Raptor

--: Expedition Raptor

Pack 1 pick 2:
    Jwar Isle Avenger
    Warden of Geometries
    Stalking Drone
--> Expedition Raptor
    Kozilek's Shrieker
    Netcaster Spider
    Expedite
    Searing Light
    Comparative Analysis
    Eldrazi Aggressor
    Make a Stand
    Relentless Hunter
    Ayli, Eternal Pilgrim
    Plains

--: Vampire Envoy

--: Vampire Envoy

Pack 1 pick 3:
--> Vampire Envoy
    Goblin Freerunner
    Holdout Settlement
    Slaughter Drone
    Canopy Gorger
    Kozilek's Shrieker
    Ruin in Their Wake
    Searing Light
    Negate
    Null Caller
    Cinder Barrens
    Ruin in Their Wake
    Island

--: Kor Scythemaster

--: Kor Sky Climber

--: Kor Sky Climber

Pack 1 pick 4:
    Stalking Drone
--> Kor Sky Climber
    Wastes
    Unnatural Endurance
    Pulse of Murasa
    Zulaport Chainmage
    Comparative Analysis
    Eldrazi Aggressor
    Kor Scythemaster
    Tranquil Expanse
    Ruin in Their Wake
    Plains

--: Kor Scythemaster

--: Kor Scythemaster

Pack 1 pick 5:
    Crumbling Vestige
    Gravity Negator
    Hedron Crawler
    Witness the End
    Canopy Gorger
    Kozilek's Translator
--> Kor Scythemaster
    Negate
    Sparkmage's Gambit
    Timber Gorge
    Island

--: Makindi Aeronaut

--: Makindi Aeronaut

Pack 1 pick 6:
    Cinder Hellion
    Unknown Shores
    Corpse Churn
    Natural State
    Affa Protector
--> Makindi Aeronaut
    Abstruse Interference
    Kazuul's Toll Collector
    Gift of Tusks
    Forest

--: Containment Membrane

--: Tajuru Pathwarden

--: Tajuru Pathwarden

Pack 1 pick 7:
    Containment Membrane
    Bone Saw
--> Tajuru Pathwarden
    Consuming Sinkhole
    Meandering River
    Flaying Tendrils
    Tears of Valakut
    Zendikar Resurgent
    Swamp

--: Searing Light

Pack 1 pick 8:
    Cinder Hellion
    Untamed Hunger
    Vines of the Recluse
    Ancient Crab
    Expedite
--> Searing Light
    Hedron Alignment
    Forest

--: Kor Scythemaster

Pack 1 pick 9:
    Wastes
    Natural State
    Slip Through Space
--> Kor Scythemaster
    Walker of the Wastes
    Overwhelming Denial
    Plains

--: Make a Stand

Pack 1 pick 10:
    Warden of Geometries
    Expedite
    Searing Light
    Comparative Analysis
--> Make a Stand
    Plains

--: Canopy Gorger

Pack 1 pick 11:
--> Canopy Gorger
    Ruin in Their Wake
    Negate
    Ruin in Their Wake
    Island

--: Unnatural Endurance

Pack 1 pick 12:
--> Unnatural Endurance
    Pulse of Murasa
    Ruin in Their Wake
    Plains

--: Canopy Gorger

Pack 1 pick 13:
--> Canopy Gorger
    Negate
    Island

--: Natural State

Pack 1 pick 14:
--> Natural State
    Forest

--: Swamp

Pack 1 pick 15:
--> Swamp

--: Nissa's Judgment

--: Nissa's Judgment

------ OGW ------ 

Pack 2 pick 1:
    Goblin Freerunner
    Holdout Settlement
    Blinding Drone
    Kozilek's Pathfinder
    Kozilek's Translator
    Lead by Example
    Corpse Churn
    Abstruse Interference
    Akoum Flameseeker
    Dazzling Reflection
    Pyromancer's Assault
--> Nissa's Judgment
    Unity of Purpose
    Stoneforge Masterwork
    Forest

--: Joraga Auxiliary

--: Joraga Auxiliary

Pack 2 pick 2:
    Reality Hemorrhage
    Wastes
    Containment Membrane
    Bone Saw
    Loam Larva
    Witness the End
    Netcaster Spider
    Eldrazi Aggressor
    Dazzling Reflection
    Slip Through Space
    Immolating Glare
--> Joraga Auxiliary
    Immobilizer Eldrazi
    Plains

--: Baloth Pup

--: Relief Captain

--: Relief Captain

Pack 2 pick 3:
    Jwar Isle Avenger
    Hedron Crawler
    Tar Snare
    Sky Scourer
    Loam Larva
    Witness the End
    Searing Light
    Negate
    Maw of Kozilek
--> Relief Captain
    Mindmelter
    Baloth Pup
    Island

--: Saddleback Lagac

Pack 2 pick 4:
    Zada's Commando
    Wastes
    Elemental Uprising
    Sky Scourer
--> Saddleback Lagac
    Brute Strength
    Affa Protector
    Ancient Crab
    Iona's Blessing
    Visions of Brutality
    Eldrazi Obligator
    Forest

--: Mighty Leap

Pack 2 pick 5:
    Blinding Drone
    Kozilek's Pathfinder
    Witness the End
    Canopy Gorger
    Ancient Crab
    Maw of Kozilek
--> Mighty Leap
    Grip of the Roil
    Chitinous Cloak
    Weapons Trainer
    Mountain

--: Scion Summoner

Pack 2 pick 6:
--> Scion Summoner
    Netcaster Spider
    Corpse Churn
    Natural State
    Umara Entangler
    Consuming Sinkhole
    Roiling Waters
    Chitinous Cloak
    Weapons Trainer
    Swamp

--: Jwar Isle Avenger

Pack 2 pick 7:
    Wastes
--> Jwar Isle Avenger
    Kozilek's Translator
    Mighty Leap
    Consuming Sinkhole
    Reaver Drone
    Submerged Boneyard
    Visions of Brutality
    Swamp

--: Affa Protector

Pack 2 pick 8:
    Sweep Away
    Unnatural Endurance
    Pulse of Murasa
    Untamed Hunger
    Comparative Analysis
    Eldrazi Aggressor
--> Affa Protector
    Island

--: Dazzling Reflection

Pack 2 pick 9:
    Corpse Churn
    Abstruse Interference
    Akoum Flameseeker
--> Dazzling Reflection
    Pyromancer's Assault
    Unity of Purpose
    Forest

--: Bone Saw

Pack 2 pick 10:
    Wastes
--> Bone Saw
    Eldrazi Aggressor
    Dazzling Reflection
    Slip Through Space
    Plains

--: Searing Light

Pack 2 pick 11:
    Sky Scourer
    Witness the End
--> Searing Light
    Negate
    Island

--: Elemental Uprising

Pack 2 pick 12:
    Wastes
--> Elemental Uprising
    Iona's Blessing
    Forest

--: Canopy Gorger

Pack 2 pick 13:
--> Canopy Gorger
    Ancient Crab
    Mountain

--: Natural State

Pack 2 pick 14:
--> Natural State
    Swamp

--: Swamp

--: Swamp

Pack 2 pick 15:
--> Swamp

--: Kor Castigator

--: Kor Castigator

------ BFZ ------ 

Pack 3 pick 1:
    Kalastria Nightwatch
    Swell of Growth
    Mist Intruder
    Dutiful Return
--> Kor Castigator
    Reckless Cohort
    Kozilek's Channeler
    Vestige of Emrakul
    Courier Griffin
    Valakut Predator
    Sylvan Scrying
    Rolling Thunder
    Skitterskin
    Exert Influence
    Forest

--: Grovetender Druids

--: Grovetender Druids

Pack 3 pick 2:
    Clutch of Currents
    Culling Drone
    Giant Mantis
    Mortuary Mire
    Makindi Patrol
    Looming Spires
    Grave Birthing
    Eyeless Watcher
    Angelic Gift
    Belligerent Whiptail
--> Grovetender Druids
    Blighted Fen
    Brood Butcher
    Plains

--: Snapping Gnarlid

--: Snapping Gnarlid

Pack 3 pick 3:
    Oran-Rief Invoker
    Dispel
    Mind Raker
    Fertile Thicket
--> Snapping Gnarlid
    Spell Shrivel
    Complete Disregard
    Scour from Existence
    Goblin War Paint
    Tandem Tactics
    Blighted Woodland
    Brood Monitor
    Mountain

--: Oran-Rief Invoker

--: Oran-Rief Invoker

Pack 3 pick 4:
--> Oran-Rief Invoker
    Brilliant Spectrum
    Nirkana Assassin
    Seek the Wilds
    Inspired Charge
    Makindi Patrol
    Lavastep Raider
    Dominator Drone
    Blighted Fen
    Void Attendant
    Forerunner of Slaughter
    Island

--: Kor Bladewhirl

--: Kor Bladewhirl

Pack 3 pick 5:
    Oran-Rief Invoker
    Brilliant Spectrum
    Eldrazi Devastator
    Fertile Thicket
    Geyserfield Stalker
    Lavastep Raider
    Makindi Patrol
    Catacomb Sifter
    Titan's Presence
--> Kor Bladewhirl
    Forest

--: Broodhunter Wurm

Pack 3 pick 6:
    Oracle of Dust
    Vestige of Emrakul
    Skyline Cascade
    Ruin Processor
    Bone Splinters
--> Broodhunter Wurm
    Fortified Rampart
    Scythe Leopard
    Windrider Patrol
    Island

--: Shadow Glider

--: Shadow Glider

Pack 3 pick 7:
    Territorial Baloth
    Roilmage's Trick
    Dutiful Return
    Swell of Growth
    Shatterskull Recruit
    Lithomancer's Focus
--> Shadow Glider
    Blighted Steppe
    Island

--: Unnatural Aggression

--: Unnatural Aggression

Pack 3 pick 8:
    Plummet
    Salvage Drone
    Hedron Blade
    Bone Splinters
--> Unnatural Aggression
    Sandstone Bridge
    Boiling Earth
    Swamp

--: Swell of Growth

Pack 3 pick 9:
    Kalastria Nightwatch
--> Swell of Growth
    Dutiful Return
    Reckless Cohort
    Vestige of Emrakul
    Sylvan Scrying
    Forest

--: Giant Mantis

Pack 3 pick 10:
--> Giant Mantis
    Mortuary Mire
    Grave Birthing
    Angelic Gift
    Blighted Fen
    Plains

--: Tandem Tactics

Pack 3 pick 11:
    Dispel
    Fertile Thicket
    Scour from Existence
--> Tandem Tactics
    Mountain

--: Island

Pack 3 pick 12:
    Brilliant Spectrum
    Seek the Wilds
    Lavastep Raider
--> Island

--: Fertile Thicket

Pack 3 pick 13:
    Brilliant Spectrum
--> Fertile Thicket
    Forest

--: Fortified Rampart

Pack 3 pick 14:
--> Fortified Rampart
    Island

--: Dutiful Return

Pack 3 pick 15:
--> Dutiful Return

