Event #: 9386993
Time:    2/13/2016 4:38:21 PM
Players:
    purfender
    InkedPlaymatsMG
    HouseMD
--> FinchleyCentral
    Drako8569
    valentijn
    kodi-66
    jankeldaez

--: Boulder Salvo

--: Boulder Salvo

------ OGW ------ 

Pack 1 pick 1:
--> Boulder Salvo
    Holdout Settlement
    Blinding Drone
    Kozilek's Pathfinder
    Tajuru Pathwarden
    Unnatural Endurance
    Pulse of Murasa
    Comparative Analysis
    Eldrazi Aggressor
    Dazzling Reflection
    Timber Gorge
    Press into Service
    Unity of Purpose
    Zendikar Resurgent
    Forest

--: Embodiment of Fury

--: Embodiment of Fury

Pack 1 pick 2:
    Blinding Drone
    Kozilek's Pathfinder
    Isolation Zone
    Scion Summoner
    Kozilek's Shrieker
    Loam Larva
    Slaughter Drone
    Eldrazi Aggressor
    Affa Protector
    Mighty Leap
--> Embodiment of Fury
    Void Grafter
    Stoneforge Acolyte
    Island

--: Cyclone Sire

--: Cyclone Sire

Pack 1 pick 3:
    Jwar Isle Avenger
    Warden of Geometries
    Spawnbinder Mage
    Vampire Envoy
    Reality Hemorrhage
    Unnatural Endurance
    Eldrazi Aggressor
    Kor Scythemaster
    Negate
--> Cyclone Sire
    Steppe Glider
    Stormchaser Mage
    Plains

--: Immobilizer Eldrazi

--: Immobilizer Eldrazi

Pack 1 pick 4:
    Jwar Isle Avenger
    Warden of Geometries
    Witness the End
    Netcaster Spider
    Slaughter Drone
    Mighty Leap
    Cultivator Drone
    Expedite
    Spatial Contortion
    Baloth Null
--> Immobilizer Eldrazi
    Swamp

--: Boulder Salvo

--: Boulder Salvo

Pack 1 pick 5:
    Expedition Raptor
    Tar Snare
--> Boulder Salvo
    Kozilek's Translator
    Saddleback Lagac
    Corpse Churn
    Shoulder to Shoulder
    Ancient Crab
    Maw of Kozilek
    Birthing Hulk
    Island

--: Flayer Drone

--: Flayer Drone

Pack 1 pick 6:
    Unknown Shores
    Sweep Away
    Bone Saw
    Tajuru Pathwarden
    Kozilek's Translator
    Consuming Sinkhole
    Shoulder to Shoulder
    Ancient Crab
--> Flayer Drone
    Swamp

--: Akoum Flameseeker

--: Akoum Flameseeker

Pack 1 pick 7:
    Tar Snare
    Cinder Hellion
    Unknown Shores
    Witness the End
    Umara Entangler
--> Akoum Flameseeker
    Cultivator Drone
    Tranquil Expanse
    Swamp

--: Goblin Freerunner

--: Goblin Freerunner

Pack 1 pick 8:
--> Goblin Freerunner
    Wastes
    Jwar Isle Avenger
    Warden of Geometries
    Canopy Gorger
    Kozilek's Shrieker
    Ancient Crab
    Mountain

--: Eldrazi Aggressor

Pack 1 pick 9:
    Kozilek's Pathfinder
    Comparative Analysis
--> Eldrazi Aggressor
    Dazzling Reflection
    Timber Gorge
    Unity of Purpose
    Forest

--: Slaughter Drone

--: Slaughter Drone

Pack 1 pick 10:
    Kozilek's Shrieker
--> Slaughter Drone
    Eldrazi Aggressor
    Mighty Leap
    Void Grafter
    Island

--: Reality Hemorrhage

--: Reality Hemorrhage

Pack 1 pick 11:
--> Reality Hemorrhage
    Eldrazi Aggressor
    Negate
    Stormchaser Mage
    Plains

--: Slaughter Drone

Pack 1 pick 12:
    Witness the End
--> Slaughter Drone
    Mighty Leap
    Swamp

--: Kozilek's Translator

Pack 1 pick 13:
--> Kozilek's Translator
    Ancient Crab
    Island

--: Consuming Sinkhole

Pack 1 pick 14:
--> Consuming Sinkhole
    Swamp

--: Swamp

Pack 1 pick 15:
--> Swamp

--: Eldrazi Displacer

--: Eldrazi Displacer

------ OGW ------ 

Pack 2 pick 1:
    Vampire Envoy
    Tajuru Pathwarden
    Goblin Freerunner
    Holdout Settlement
    Elemental Uprising
    Zulaport Chainmage
    Slaughter Drone
    Akoum Flameseeker
    Dazzling Reflection
    Slip Through Space
    Submerged Boneyard
    Wall of Resurgence
    Void Shatter
--> Eldrazi Displacer
    Forest

--: Oblivion Strike

--: Oblivion Strike

Pack 2 pick 2:
    Sweep Away
    Seer's Lantern
    Kor Sky Climber
--> Oblivion Strike
    Slaughter Drone
    Canopy Gorger
    Kozilek's Shrieker
    Ancient Crab
    Affa Protector
    Makindi Aeronaut
    Cliffhaven Vampire
    Iona's Blessing
    Visions of Brutality
    Swamp

--: Zada's Commando

--: Zada's Commando

Pack 2 pick 3:
    Spawnbinder Mage
--> Zada's Commando
    Wastes
    Natural State
    Kozilek's Translator
    Elemental Uprising
    Shoulder to Shoulder
    Slip Through Space
    Maw of Kozilek
    Relentless Hunter
    Baloth Pup
    Oath of Jace
    Plains

--: Reaver Drone

--: Slaughter Drone

--: Slaughter Drone

Pack 2 pick 4:
    Gravity Negator
    Warden of Geometries
    Kor Sky Climber
    Corpse Churn
    Natural State
--> Slaughter Drone
    Expedite
    Searing Light
    Comparative Analysis
    Reaver Drone
    Thought Harvester
    Forest

--: Boulder Salvo

--: Boulder Salvo

Pack 2 pick 5:
--> Boulder Salvo
    Holdout Settlement
    Blinding Drone
    Kozilek's Pathfinder
    Zulaport Chainmage
    Flaying Tendrils
    Corpse Churn
    Negate
    Sparkmage's Gambit
    Shoulder to Shoulder
    Mountain

--: Press into Service

--: Press into Service

Pack 2 pick 6:
    Blinding Drone
    Kozilek's Pathfinder
    Zada's Commando
    Zulaport Chainmage
    Natural State
    Dazzling Reflection
    Slip Through Space
    Brute Strength
--> Press into Service
    Mountain

--: Reality Hemorrhage

Pack 2 pick 7:
    Swamp
    Tar Snare
--> Reality Hemorrhage
    Natural State
    Kozilek's Translator
    Slip Through Space
    Dazzling Reflection
    Ruin in Their Wake
    Forest

--: Slaughter Drone

Pack 2 pick 8:
    Gravity Negator
    Loam Larva
--> Slaughter Drone
    Affa Protector
    Mighty Leap
    Consuming Sinkhole
    Call the Gatewatch
    Plains

--: Akoum Flameseeker

--: Akoum Flameseeker

Pack 2 pick 9:
    Zulaport Chainmage
    Slaughter Drone
--> Akoum Flameseeker
    Dazzling Reflection
    Slip Through Space
    Submerged Boneyard
    Forest

--: Kozilek's Shrieker

Pack 2 pick 10:
    Slaughter Drone
    Canopy Gorger
--> Kozilek's Shrieker
    Ancient Crab
    Affa Protector
    Swamp

--: Wastes

Pack 2 pick 11:
--> Wastes
    Natural State
    Kozilek's Translator
    Maw of Kozilek
    Plains

--: Expedite

Pack 2 pick 12:
    Corpse Churn
    Natural State
--> Expedite
    Forest

--: Corpse Churn

Pack 2 pick 13:
--> Corpse Churn
    Negate
    Mountain

--: Dazzling Reflection

Pack 2 pick 14:
--> Dazzling Reflection
    Mountain

--: Forest

Pack 2 pick 15:
--> Forest

--: Chasm Guide

--: Chasm Guide

------ BFZ ------ 

Pack 3 pick 1:
    Nirkana Assassin
    Seek the Wilds
    Tajuru Beastmaster
    Demon's Grasp
    Nirkana Assassin
    Eldrazi Skyspawner
    Ruin Processor
    Bone Splinters
    Kor Castigator
    Boiling Earth
--> Chasm Guide
    Transgress the Mind
    Sylvan Scrying
    Painful Truths
    Swamp

--: Silent Skimmer

--: Silent Skimmer

Pack 3 pick 2:
    Dutiful Return
    Swell of Growth
    Dispel
    Ruin Processor
    Skyline Cascade
    Eyeless Watcher
    Rush of Ice
--> Silent Skimmer
    Angelic Gift
    Belligerent Whiptail
    Kor Entanglers
    Plated Crusher
    Pilgrim's Eye
    Swamp

--: Catacomb Sifter

Pack 3 pick 3:
    Plains
    Salvage Drone
    Sandstone Bridge
    Cloud Manta
    Scour from Existence
    Grave Birthing
    Broodhunter Wurm
    Spell Shrivel
    Cliffside Lookout
    Goblin War Paint
    Scythe Leopard
--> Catacomb Sifter
    Mountain

--: Grip of Desolation

--: Grip of Desolation

Pack 3 pick 4:
    Earthen Arms
    Incubator Drone
    Kalastria Healer
    Reclaiming Vines
    Kor Castigator
    Reckless Cohort
    Valakut Predator
    Valakut Invoker
--> Grip of Desolation
    Tide Drifter
    Retreat to Hagra
    Island

--: Shatterskull Recruit

Pack 3 pick 5:
    Murk Strider
    Sludge Crawler
    Plummet
    Salvage Drone
    Tandem Tactics
--> Shatterskull Recruit
    Makindi Sliderunner
    Smite the Monstrous
    Processor Assault
    Roil Spout
    Swamp

--: Eldrazi Devastator

Pack 3 pick 6:
    Territorial Baloth
    Roilmage's Trick
    Eyeless Watcher
--> Eldrazi Devastator
    Fertile Thicket
    Geyserfield Stalker
    Snapping Gnarlid
    Makindi Patrol
    Scythe Leopard
    Mountain

--: Evolving Wilds

--: Evolving Wilds

Pack 3 pick 7:
    Kalastria Healer
    Reclaiming Vines
    Wave-Wing Elemental
--> Evolving Wilds
    Silent Skimmer
    Rush of Ice
    Stone Haven Medic
    Volcanic Upheaval
    Plains

--: Dominator Drone

Pack 3 pick 8:
    Oran-Rief Invoker
    Brilliant Spectrum
    Nirkana Assassin
    Seek the Wilds
    Ondu Greathorn
--> Dominator Drone
    Ondu Champion
    Plains

--: Demon's Grasp

Pack 3 pick 9:
    Nirkana Assassin
    Tajuru Beastmaster
--> Demon's Grasp
    Nirkana Assassin
    Bone Splinters
    Boiling Earth
    Swamp

--: Belligerent Whiptail

Pack 3 pick 10:
    Dutiful Return
    Dispel
    Rush of Ice
    Angelic Gift
--> Belligerent Whiptail
    Swamp

--: Goblin War Paint

Pack 3 pick 11:
    Plains
    Grave Birthing
    Spell Shrivel
--> Goblin War Paint
    Mountain

--: Valakut Predator

Pack 3 pick 12:
    Reckless Cohort
--> Valakut Predator
    Retreat to Hagra
    Island

--: Sludge Crawler

Pack 3 pick 13:
--> Sludge Crawler
    Salvage Drone
    Swamp

--: Geyserfield Stalker

Pack 3 pick 14:
--> Geyserfield Stalker
    Mountain

--: Plains

Pack 3 pick 15:
--> Plains

