Event #: 9387074
Time:    2/13/2016 4:56:13 PM
Players:
    PhilLeto
--> HuaxingMachine
    tomsuther
    JRob440
    booxy
    Paanika
    Guiness8ManDraft
    Lallen

--: Immolating Glare

--: Tyrant of Valakut

--: Tyrant of Valakut

------ OGW ------ 

Pack 1 pick 1:
    Crumbling Vestige
    Gravity Negator
    Hedron Crawler
    Vampire Envoy
    Corpse Churn
    Natural State
    Searing Light
    Negate
    Maw of Kozilek
    Shoulder to Shoulder
    Spatial Contortion
    Immolating Glare
    Joraga Auxiliary
--> Tyrant of Valakut
    Mountain

--: Expedition Raptor

--: Expedition Raptor

Pack 1 pick 2:
    Warden of Geometries
    Stalking Drone
--> Expedition Raptor
    Reality Hemorrhage
    Pulse of Murasa
    Unnatural Endurance
    Vines of the Recluse
    Kor Scythemaster
    Comparative Analysis
    Eldrazi Aggressor
    Strider Harness
    Kazuul's Toll Collector
    Gift of Tusks
    Island

--: Embodiment of Fury

--: Embodiment of Fury

Pack 1 pick 3:
    Tar Snare
    Stalking Drone
    Cinder Hellion
    Wastes
    Untamed Hunger
    Affa Protector
    Makindi Aeronaut
    Abstruse Interference
    Strider Harness
--> Embodiment of Fury
    Void Grafter
    Corrupted Crossroads
    Island

--: Stalking Drone

--: Relentless Hunter

--: Stalking Drone

--: Relentless Hunter

--: Relentless Hunter

Pack 1 pick 4:
    Containment Membrane
    Stalking Drone
    Vines of the Recluse
    Unnatural Endurance
    Negate
    Sparkmage's Gambit
    Makindi Aeronaut
    Make a Stand
    Visions of Brutality
--> Relentless Hunter
    Hedron Alignment
    Mountain

--: Akoum Flameseeker

--: Akoum Flameseeker

Pack 1 pick 5:
    Crumbling Vestige
    Containment Membrane
    Tar Snare
    Pulse of Murasa
    Brute Strength
    Makindi Aeronaut
    Abstruse Interference
--> Akoum Flameseeker
    Reaver Drone
    Void Grafter
    Forest

--: Ondu War Cleric

--: Ondu War Cleric

Pack 1 pick 6:
    Hedron Crawler
    Tar Snare
    Cinder Hellion
    Loam Larva
    Unnatural Endurance
    Mighty Leap
    Swamp
--> Ondu War Cleric
    Bonds of Mortality
    Forest

--: Shoulder to Shoulder

--: Shoulder to Shoulder

Pack 1 pick 7:
    Wastes
    Sweep Away
    Tajuru Pathwarden
    Pulse of Murasa
    Zulaport Chainmage
    Elemental Uprising
--> Shoulder to Shoulder
    Timber Gorge
    Forest

--: Embodiment of Insight

--: Shoulder to Shoulder

--: Shoulder to Shoulder

Pack 1 pick 8:
    Holdout Settlement
    Tajuru Pathwarden
    Canopy Gorger
    Sparkmage's Gambit
--> Shoulder to Shoulder
    Slip Through Space
    Embodiment of Insight
    Swamp

--: Searing Light

Pack 1 pick 9:
    Gravity Negator
    Vampire Envoy
    Corpse Churn
    Natural State
--> Searing Light
    Negate
    Mountain

--: Kazuul's Toll Collector

--: Kazuul's Toll Collector

Pack 1 pick 10:
    Pulse of Murasa
    Unnatural Endurance
    Vines of the Recluse
--> Kazuul's Toll Collector
    Gift of Tusks
    Island

--: Affa Protector

--: Affa Protector

Pack 1 pick 11:
    Untamed Hunger
--> Affa Protector
    Strider Harness
    Void Grafter
    Island

Pack 1 pick 12:
    Negate
--> Sparkmage's Gambit
    Hedron Alignment
    Mountain

--: Brute Strength

Pack 1 pick 13:
    Pulse of Murasa
--> Brute Strength
    Forest

Pack 1 pick 14:
--> Bonds of Mortality
    Forest

Pack 1 pick 15:
--> Forest

--: Relief Captain

--: Relief Captain

------ OGW ------ 

Pack 2 pick 1:
    Spawnbinder Mage
    Zada's Commando
    Wastes
    Jwar Isle Avenger
    Natural State
    Witness the End
    Netcaster Spider
    Mighty Leap
    Cultivator Drone
    Expedite
--> Relief Captain
    Stoneforge Acolyte
    Press into Service
    Oath of Nissa
    Mountain

--: Cinder Hellion

--: Cinder Hellion

Pack 2 pick 2:
    Stalking Drone
--> Cinder Hellion
    Wastes
    Jwar Isle Avenger
    Vines of the Recluse
    Kozilek's Translator
    Saddleback Lagac
    Searing Light
    Negate
    Sparkmage's Gambit
    Submerged Boneyard
    Roiling Waters
    Void Shatter
    Plains

--: Ondu War Cleric

--: Ondu War Cleric

Pack 2 pick 3:
    Sweep Away
    Bone Saw
    Tajuru Pathwarden
    Goblin Freerunner
    Kozilek's Shrieker
    Loam Larva
--> Ondu War Cleric
    Ancient Crab
    Affa Protector
    Meandering River
    Reflector Mage
    Oath of Gideon
    Forest

--: Expedition Raptor

--: Expedition Raptor

Pack 2 pick 4:
--> Expedition Raptor
    Crumbling Vestige
    Jwar Isle Avenger
    Canopy Gorger
    Kozilek's Translator
    Lead by Example
    Slip Through Space
    Brute Strength
    Kor Scythemaster
    Seed Guardian
    Reflector Mage
    Swamp

--: Shoulder to Shoulder

--: Shoulder to Shoulder

Pack 2 pick 5:
    Wastes
    Sweep Away
    Seer's Lantern
    Corpse Churn
    Canopy Gorger
--> Shoulder to Shoulder
    Slip Through Space
    Maw of Kozilek
    Baloth Null
    Jori En, Ruin Diver
    Island

--: Kor Scythemaster

--: Kor Scythemaster

Pack 2 pick 6:
    Tajuru Pathwarden
    Comparative Analysis
    Lead by Example
    Brute Strength
--> Kor Scythemaster
    Comparative Analysis
    Eldrazi Aggressor
    Chitinous Cloak
    Pyromancer's Assault
    Island

--: Goblin Freerunner

--: Goblin Freerunner

Pack 2 pick 7:
--> Goblin Freerunner
    Wastes
    Ancient Crab
    Maw of Kozilek
    Mighty Leap
    Roiling Waters
    Unity of Purpose
    Zendikar Resurgent
    Plains

--: Steppe Glider

--: Steppe Glider

Pack 2 pick 8:
    Kozilek's Pathfinder
    Scion Summoner
    Loam Larva
    Unnatural Endurance
    Expedite
    Walker of the Wastes
--> Steppe Glider
    Mountain

--: Stoneforge Acolyte

Pack 2 pick 9:
    Wastes
    Natural State
    Netcaster Spider
    Mighty Leap
    Expedite
--> Stoneforge Acolyte
    Mountain

Pack 2 pick 10:
    Vines of the Recluse
    Negate
--> Sparkmage's Gambit
    Submerged Boneyard
    Void Shatter
    Plains

Pack 2 pick 11:
    Sweep Away
--> Bone Saw
    Loam Larva
    Ancient Crab
    Forest

Pack 2 pick 12:
    Canopy Gorger
--> Lead by Example
    Slip Through Space
    Swamp

Pack 2 pick 13:
    Corpse Churn
--> Canopy Gorger
    Island

Pack 2 pick 14:
--> Comparative Analysis
    Island

Pack 2 pick 15:
--> Plains

--: Kor Entanglers

--: Kor Entanglers

------ BFZ ------ 

Pack 3 pick 1:
    Altar's Reap
    Plummet
    Coralhelm Guide
    Bone Splinters
    Unnatural Aggression
    Sandstone Bridge
    Cloud Manta
    Scour from Existence
    Boiling Earth
    Makindi Patrol
--> Kor Entanglers
    Plated Crusher
    Roil Spout
    Zada, Hedron Grinder
    Island

--: Kor Castigator

--: Kor Castigator

Pack 3 pick 2:
    Plummet
    Salvage Drone
    Kalastria Healer
    Goblin War Paint
--> Kor Castigator
    Courier Griffin
    Smite the Monstrous
    Stonefury
    Ondu Greathorn
    Murasa Ranger
    Skyrider Elf
    Spawning Bed
    Canopy Vista
    Plains

--: Touch of the Void

--: Makindi Sliderunner

--: Touch of the Void

--: Touch of the Void

Pack 3 pick 3:
    Mind Raker
    Territorial Baloth
    Roilmage's Trick
    Dutiful Return
    Belligerent Whiptail
    Stone Haven Medic
--> Touch of the Void
    Sheer Drop
    Kozilek's Channeler
    Makindi Sliderunner
    Encircling Fissure
    Akoum Stonewaker
    Island

--: Felidar Cub

--: Felidar Cub

Pack 3 pick 4:
    Earthen Arms
    Murk Strider
    Eldrazi Devastator
    Looming Spires
    Fertile Thicket
    Shatterskull Recruit
--> Felidar Cub
    Halimar Tidecaller
    Pathway Arrows
    Zulaport Cutthroat
    Nissa's Renewal
    Plains

--: Stone Haven Medic

--: Stone Haven Medic

Pack 3 pick 5:
    Sludge Crawler
    Earthen Arms
    Bone Splinters
    Broodhunter Wurm
--> Stone Haven Medic
    Tightening Coils
    Reckless Cohort
    Stone Haven Medic
    Roil Spout
    Drana's Emissary
    Forest

--: Kitesail Scout

Pack 3 pick 6:
    Salvage Drone
    Kalastria Healer
    Grave Birthing
    Broodhunter Wurm
    Spell Shrivel
    Ruin Processor
    Skyline Cascade
--> Kitesail Scout
    Retreat to Hagra
    Swamp

--: Ondu Champion

--: Ondu Champion

Pack 3 pick 7:
    Brilliant Spectrum
    Nirkana Assassin
    Seek the Wilds
    Oracle of Dust
    Inspired Charge
    Dominator Drone
--> Ondu Champion
    Ghostly Sentinel
    Forest

--: Lavastep Raider

Pack 3 pick 8:
    Nirkana Assassin
    Seek the Wilds
    Oracle of Dust
    Mortuary Mire
    Natural Connection
--> Lavastep Raider
    Herald of Kozilek
    Forest

--: Sandstone Bridge

Pack 3 pick 9:
    Altar's Reap
    Plummet
    Coralhelm Guide
    Bone Splinters
--> Sandstone Bridge
    Boiling Earth
    Island

--: Ondu Greathorn

--: Ondu Greathorn

Pack 3 pick 10:
    Goblin War Paint
    Smite the Monstrous
--> Ondu Greathorn
    Murasa Ranger
    Skyrider Elf
    Plains

--: Stone Haven Medic

--: Stone Haven Medic

--: Stone Haven Medic

Pack 3 pick 11:
    Roilmage's Trick
    Dutiful Return
    Belligerent Whiptail
--> Stone Haven Medic
    Island

--: Looming Spires

Pack 3 pick 12:
    Earthen Arms
--> Looming Spires
    Fertile Thicket
    Plains

--: Stone Haven Medic

Pack 3 pick 13:
    Earthen Arms
--> Stone Haven Medic
    Forest

Pack 3 pick 14:
--> Grave Birthing
    Swamp

Pack 3 pick 15:
--> Forest

