Event #: 9387506
Time:    2/13/2016 6:47:08 PM
Players:
    DizziDingo
    Bibleman
    thegary86
    LandK
    oleyourrykm
--> FinchleyCentral
    Viojin
    honeyhaze

--: Crush of Tentacles

--: Crush of Tentacles

------ OGW ------ 

Pack 1 pick 1:
    Wastes
    Sweep Away
    Seer's Lantern
    Tajuru Pathwarden
    Loam Larva
    Witness the End
    Netcaster Spider
    Akoum Flameseeker
    Searing Light
    Negate
    Pyromancer's Assault
    Seed Guardian
    Unity of Purpose
--> Crush of Tentacles
    Mountain

--: Tyrant of Valakut

--: Tyrant of Valakut

--: Tyrant of Valakut

Pack 1 pick 2:
    Unknown Shores
    Sweep Away
    Bone Saw
    Tajuru Pathwarden
    Canopy Gorger
    Kozilek's Translator
    Lead by Example
    Eldrazi Aggressor
    Dazzling Reflection
    Slip Through Space
    Press into Service
    Reflector Mage
--> Tyrant of Valakut
    Forest

--: Reality Hemorrhage

Pack 1 pick 3:
    Warden of Geometries
    Tar Snare
--> Reality Hemorrhage
    Wastes
    Loam Larva
    Witness the End
    Abstruse Interference
    Akoum Flameseeker
    Searing Light
    Tranquil Expanse
    Reflector Mage
    Nissa's Judgment
    Mountain

--: Expedition Raptor

--: Expedition Raptor

Pack 1 pick 4:
    Bone Saw
--> Expedition Raptor
    Tar Snare
    Sky Scourer
    Elemental Uprising
    Zulaport Chainmage
    Kor Scythemaster
    Negate
    Sparkmage's Gambit
    Cinder Barrens
    Ruin in Their Wake
    Plains

--: Nissa's Judgment

--: Nissa's Judgment

Pack 1 pick 5:
    Unknown Shores
    Sweep Away
    Seer's Lantern
    Elemental Uprising
    Sky Scourer
    Expedite
    Abstruse Interference
    Chitinous Cloak
    Weapons Trainer
--> Nissa's Judgment
    Swamp

--: Expedition Raptor

Pack 1 pick 6:
--> Expedition Raptor
    Crumbling Vestige
    Gravity Negator
    Netcaster Spider
    Slaughter Drone
    Canopy Gorger
    Negate
    Sparkmage's Gambit
    Bonds of Mortality
    Forest

--: Loam Larva

Pack 1 pick 7:
    Wastes
    Sweep Away
--> Loam Larva
    Unnatural Endurance
    Negate
    Maw of Kozilek
    Harvester Troll
    Stoneforge Acolyte
    Swamp

--: Stalking Drone

Pack 1 pick 8:
    Wastes
    Jwar Isle Avenger
    Warden of Geometries
--> Stalking Drone
    Elemental Uprising
    Expedite
    Pyromancer's Assault
    Swamp

--: Netcaster Spider

Pack 1 pick 9:
    Sweep Away
    Loam Larva
    Witness the End
--> Netcaster Spider
    Negate
    Unity of Purpose
    Mountain

--: Lead by Example

Pack 1 pick 10:
    Sweep Away
    Bone Saw
    Canopy Gorger
--> Lead by Example
    Eldrazi Aggressor
    Forest

--: Wastes

Pack 1 pick 11:
    Warden of Geometries
--> Wastes
    Loam Larva
    Abstruse Interference
    Mountain

--: Bone Saw

Pack 1 pick 12:
--> Bone Saw
    Elemental Uprising
    Ruin in Their Wake
    Plains

--: Elemental Uprising

Pack 1 pick 13:
--> Elemental Uprising
    Abstruse Interference
    Swamp

--: Forest

Pack 1 pick 14:
    Negate
--> Forest

Pack 1 pick 15:
--> Swamp

--: Kor Sky Climber

------ OGW ------ 

Pack 2 pick 1:
    Unknown Shores
    Sweep Away
    Seer's Lantern
--> Kor Sky Climber
    Untamed Hunger
    Vines of the Recluse
    Unnatural Endurance
    Umara Entangler
    Brute Strength
    Mighty Leap
    Cyclone Sire
    Kazuul's Toll Collector
    Stormchaser Mage
    Drana's Chosen
    Island

--: Shoulder to Shoulder

--: Shoulder to Shoulder

Pack 2 pick 2:
    Unknown Shores
    Blinding Drone
    Kozilek's Pathfinder
    Scion Summoner
    Kor Sky Climber
    Kozilek's Shrieker
    Loam Larva
--> Shoulder to Shoulder
    Ancient Crab
    Maw of Kozilek
    Harvester Troll
    Stormchaser Mage
    Iona's Blessing
    Swamp

--: Vines of the Recluse

Pack 2 pick 3:
    Zada's Commando
    Crumbling Vestige
    Containment Membrane
    Hedron Crawler
    Oblivion Strike
    Pulse of Murasa
--> Vines of the Recluse
    Dazzling Reflection
    Slip Through Space
    Brute Strength
    Grasp of Darkness
    Relentless Hunter
    Forest

--: Wall of Resurgence

--: Wall of Resurgence

Pack 2 pick 4:
    Holdout Settlement
    Blinding Drone
    Kozilek's Pathfinder
    Kozilek's Shrieker
    Netcaster Spider
    Witness the End
    Abstruse Interference
    Sparkmage's Gambit
    Kor Scythemaster
    Essence Depleter
--> Wall of Resurgence
    Forest

--: Expedition Raptor

Pack 2 pick 5:
--> Expedition Raptor
    Crumbling Vestige
    Containment Membrane
    Canopy Gorger
    Kozilek's Translator
    Comparative Analysis
    Eldrazi Aggressor
    Dazzling Reflection
    Submerged Boneyard
    Void Shatter
    Plains

--: Shoulder to Shoulder

--: Shoulder to Shoulder

Pack 2 pick 6:
    Blinding Drone
    Kozilek's Pathfinder
    Tajuru Pathwarden
    Canopy Gorger
    Sparkmage's Gambit
--> Shoulder to Shoulder
    Slip Through Space
    Walker of the Wastes
    Steppe Glider
    Forest

--: Searing Light

Pack 2 pick 7:
    Cinder Hellion
    Corpse Churn
    Natural State
    Slip Through Space
    Consuming Sinkhole
--> Searing Light
    Strider Harness
    Void Grafter
    Island

--: Vines of the Recluse

Pack 2 pick 8:
    Jwar Isle Avenger
--> Vines of the Recluse
    Unnatural Endurance
    Pulse of Murasa
    Mighty Leap
    Submerged Boneyard
    Void Shatter
    Plains

--: Seer's Lantern

Pack 2 pick 9:
    Sweep Away
--> Seer's Lantern
    Untamed Hunger
    Unnatural Endurance
    Mighty Leap
    Stormchaser Mage
    Island

--: Kozilek's Pathfinder

Pack 2 pick 10:
--> Kozilek's Pathfinder
    Ancient Crab
    Harvester Troll
    Stormchaser Mage
    Iona's Blessing
    Swamp

--: Pulse of Murasa

Pack 2 pick 11:
    Containment Membrane
--> Pulse of Murasa
    Dazzling Reflection
    Slip Through Space
    Forest

--: Sparkmage's Gambit

Pack 2 pick 12:
    Witness the End
    Abstruse Interference
--> Sparkmage's Gambit
    Forest

--: Containment Membrane

Pack 2 pick 13:
--> Containment Membrane
    Canopy Gorger
    Plains

--: Sparkmage's Gambit

Pack 2 pick 14:
--> Sparkmage's Gambit
    Forest

--: Island

Pack 2 pick 15:
--> Island

--: Courier Griffin

--: Woodland Wanderer

--: Woodland Wanderer

------ BFZ ------ 

Pack 3 pick 1:
    Culling Drone
    Giant Mantis
    Anticipate
    Mind Raker
    Angelic Gift
    Nettle Drone
    Smite the Monstrous
    Kozilek's Channeler
    Vestige of Emrakul
    Courier Griffin
    Chasm Guide
    Cryptic Cruiser
    Sylvan Scrying
--> Woodland Wanderer
    Swamp

--: Makindi Patrol

Pack 3 pick 2:
    Oracle of Dust
    Altar's Reap
    Plummet
    Coralhelm Guide
    Fortified Rampart
    Lavastep Raider
--> Makindi Patrol
    Kozilek's Sentinel
    Makindi Sliderunner
    Murasa Ranger
    Drana's Emissary
    Ulamog's Despoiler
    Painful Truths
    Swamp

--: Gideon's Reproach

Pack 3 pick 3:
    Dutiful Return
    Blisterpod
    Anticipate
    Kitesail Scout
    Shatterskull Recruit
    Ondu Greathorn
    Ondu Champion
--> Gideon's Reproach
    Infuse with the Elements
    Malakir Familiar
    Murasa Ranger
    Sanctum of Ugin
    Plains

--: Shadow Glider

Pack 3 pick 4:
    Roilmage's Trick
    Tajuru Stalwart
    Incubator Drone
    Kozilek's Sentinel
    Makindi Patrol
    Nettle Drone
    Benthic Infiltrator
--> Shadow Glider
    Akoum Stonewaker
    Hagra Sharpshooter
    Aligned Hedron Network
    Island

--: Fertile Thicket

Pack 3 pick 5:
    Kalastria Nightwatch
    Swell of Growth
    Looming Spires
    Grave Birthing
    Eyeless Watcher
    Wave-Wing Elemental
--> Fertile Thicket
    Outnumber
    Catacomb Sifter
    Crumble to Dust
    Plains

--: Stone Haven Medic

Pack 3 pick 6:
    Brilliant Spectrum
    Altar's Reap
    Rush of Ice
    Natural Connection
    Unnatural Aggression
    Geyserfield Stalker
    Volcanic Upheaval
--> Stone Haven Medic
    Forerunner of Slaughter
    Island

--: Oran-Rief Invoker

Pack 3 pick 7:
    Coralhelm Guide
    Nirkana Assassin
--> Oran-Rief Invoker
    Dispel
    Angelic Gift
    Lavastep Raider
    Stonefury
    Smite the Monstrous
    Island

--: Lithomancer's Focus

Pack 3 pick 8:
    Reclaiming Vines
    Grave Birthing
    Eldrazi Devastator
    Wave-Wing Elemental
    Fertile Thicket
    Shatterskull Recruit
--> Lithomancer's Focus
    Swamp

--: Giant Mantis

Pack 3 pick 9:
    Culling Drone
--> Giant Mantis
    Anticipate
    Mind Raker
    Angelic Gift
    Nettle Drone
    Swamp

--: Plummet

Pack 3 pick 10:
    Oracle of Dust
    Altar's Reap
--> Plummet
    Coralhelm Guide
    Lavastep Raider
    Swamp

--: Ondu Greathorn

Pack 3 pick 11:
    Dutiful Return
    Blisterpod
--> Ondu Greathorn
    Infuse with the Elements
    Plains

--: Nettle Drone

Pack 3 pick 12:
    Roilmage's Trick
    Tajuru Stalwart
--> Nettle Drone
    Island

--: Looming Spires

Pack 3 pick 13:
--> Looming Spires
    Crumble to Dust
    Plains

--: Geyserfield Stalker

Pack 3 pick 14:
--> Geyserfield Stalker
    Island

--: Island

Pack 3 pick 15:
--> Island

