Event #: 9387227
Time:    2/13/2016 5:34:52 PM
Players:
    topdeckr
    Thraglife
    kobefan
--> HuaxingMachine
    CrowingFly
    argochewie
    heathcliffff
    bringerofchill

--: Nissa's Judgment

--: Nissa's Judgment

------ OGW ------ 

Pack 1 pick 1:
    Gravity Negator
    Hedron Crawler
    Vampire Envoy
    Scion Summoner
    Slaughter Drone
    Lead by Example
    Untamed Hunger
    Expedite
    Ondu War Cleric
    Ancient Crab
    Grasp of Darkness
--> Nissa's Judgment
    Reflector Mage
    Eldrazi Mimic
    Mountain

--: Zada's Commando

--: Zada's Commando

--: Zada's Commando

Pack 1 pick 2:
--> Zada's Commando
    Crumbling Vestige
    Jwar Isle Avenger
    Hedron Crawler
    Sky Scourer
    Loam Larva
    Witness the End
    Consuming Sinkhole
    Searing Light
    Negate
    Stormchaser Mage
    Warping Wail
    Oath of Jace
    Swamp

--: Relentless Hunter

--: Relentless Hunter

Pack 1 pick 3:
    Jwar Isle Avenger
    Hedron Crawler
    Tar Snare
    Kozilek's Shrieker
    Netcaster Spider
    Witness the End
    Abstruse Interference
    Akoum Flameseeker
    Dazzling Reflection
    Cinder Barrens
    Grip of the Roil
--> Relentless Hunter
    Forest

--: Jwar Isle Avenger

--: Jwar Isle Avenger

Pack 1 pick 4:
--> Jwar Isle Avenger
    Warden of Geometries
    Spawnbinder Mage
    Reality Hemorrhage
    Kozilek's Translator
    Elemental Uprising
    Umara Entangler
    Akoum Flameseeker
    Make a Stand
    Flayer Drone
    Malakir Soothsayer
    Swamp

--: Containment Membrane

--: Containment Membrane

Pack 1 pick 5:
    Goblin Freerunner
    Wastes
--> Containment Membrane
    Seer's Lantern
    Kozilek's Shrieker
    Lead by Example
    Comparative Analysis
    Eldrazi Aggressor
    Strider Harness
    Void Grafter
    Plains

--: Immobilizer Eldrazi

--: Immobilizer Eldrazi

Pack 1 pick 6:
    Containment Membrane
    Bone Saw
    Loam Larva
    Unnatural Endurance
    Pulse of Murasa
    Mighty Leap
    Mountain
--> Immobilizer Eldrazi
    Iona's Blessing
    Swamp

--: Jwar Isle Avenger

--: Jwar Isle Avenger

Pack 1 pick 7:
--> Jwar Isle Avenger
    Warden of Geometries
    Natural State
    Witness the End
    Maw of Kozilek
    Dazzling Reflection
    Umara Entangler
    Weapons Trainer
    Island

--: Grip of the Roil

--: Grip of the Roil

Pack 1 pick 8:
    Wastes
    Lead by Example
    Corpse Churn
    Ancient Crab
    Maw of Kozilek
    Timber Gorge
--> Grip of the Roil
    Mountain

--: Gravity Negator

--: Gravity Negator

Pack 1 pick 9:
--> Gravity Negator
    Slaughter Drone
    Untamed Hunger
    Expedite
    Ancient Crab
    Eldrazi Mimic
    Mountain

Pack 1 pick 10:
    Sky Scourer
    Witness the End
    Consuming Sinkhole
--> Negate
    Oath of Jace
    Swamp

--: Grip of the Roil

--: Grip of the Roil

Pack 1 pick 11:
    Abstruse Interference
    Dazzling Reflection
    Cinder Barrens
--> Grip of the Roil
    Forest

--: Warden of Geometries

--: Warden of Geometries

Pack 1 pick 12:
--> Warden of Geometries
    Elemental Uprising
    Make a Stand
    Swamp

--: Eldrazi Aggressor

--: Eldrazi Aggressor

Pack 1 pick 13:
    Comparative Analysis
--> Eldrazi Aggressor
    Plains

Pack 1 pick 14:
--> Pulse of Murasa
    Swamp

Pack 1 pick 15:
--> Island

--: Roiling Waters

--: Roiling Waters

------ OGW ------ 

Pack 2 pick 1:
    Gravity Negator
    Warden of Geometries
    Stalking Drone
    Kor Sky Climber
    Kozilek's Shrieker
    Lead by Example
    Untamed Hunger
    Akoum Flameseeker
    Ondu War Cleric
    Cultivator Drone
--> Roiling Waters
    Flayer Drone
    Stoneforge Acolyte
    Ayli, Eternal Pilgrim
    Forest

--: Reckless Bushwhacker

--: Reckless Bushwhacker

Pack 2 pick 2:
    Cinder Hellion
    Unknown Shores
    Gravity Negator
    Warden of Geometries
    Canopy Gorger
    Kozilek's Translator
    Lead by Example
    Slip Through Space
    Brute Strength
    Kor Scythemaster
--> Reckless Bushwhacker
    Baloth Pup
    Warping Wail
    Plains

--: Boulder Salvo

--: Boulder Salvo

Pack 2 pick 3:
--> Boulder Salvo
    Wastes
    Sweep Away
    Seer's Lantern
    Netcaster Spider
    Witness the End
    Canopy Gorger
    Makindi Aeronaut
    Umara Entangler
    Consuming Sinkhole
    Steppe Glider
    Ruin in Their Wake
    Swamp

--: Brute Strength

--: Brute Strength

Pack 2 pick 4:
    Reality Hemorrhage
    Gravity Negator
    Hedron Crawler
    Unnatural Endurance
    Pulse of Murasa
    Untamed Hunger
    Slip Through Space
--> Brute Strength
    Embodiment of Insight
    Baloth Null
    Call the Gatewatch
    Plains

--: Umara Entangler

--: Umara Entangler

Pack 2 pick 5:
    Kor Sky Climber
    Cinder Hellion
    Holdout Settlement
    Gravity Negator
    Pulse of Murasa
    Hissing Quagmire
--> Umara Entangler
    Consuming Sinkhole
    Walker of the Wastes
    Mindmelter
    Swamp

--: Thought Harvester

--: Thought Harvester

Pack 2 pick 6:
    Kozilek's Pathfinder
    Slaughter Drone
    Canopy Gorger
    Ancient Crab
    Expedite
    Searing Light
    Prophet of Distortion
    Void Shatter
--> Thought Harvester
    Forest

--: Slip Through Space

--: Slip Through Space

Pack 2 pick 7:
    Sweep Away
    Seer's Lantern
    Elemental Uprising
    Sparkmage's Gambit
--> Slip Through Space
    Chitinous Cloak
    Pyromancer's Assault
    Flaying Tendrils
    Plains

--: Sparkmage's Gambit

--: Sparkmage's Gambit

Pack 2 pick 8:
    Kozilek's Pathfinder
    Scion Summoner
    Sky Scourer
    Kozilek's Shrieker
    Negate
--> Sparkmage's Gambit
    Mindmelter
    Island

--: Akoum Flameseeker

--: Akoum Flameseeker

Pack 2 pick 9:
    Gravity Negator
    Warden of Geometries
    Lead by Example
    Untamed Hunger
--> Akoum Flameseeker
    Stoneforge Acolyte
    Forest

--: Brute Strength

--: Brute Strength

Pack 2 pick 10:
    Gravity Negator
    Canopy Gorger
    Lead by Example
    Slip Through Space
--> Brute Strength
    Plains

--: Umara Entangler

Pack 2 pick 11:
    Canopy Gorger
--> Umara Entangler
    Consuming Sinkhole
    Ruin in Their Wake
    Swamp

Pack 2 pick 12:
--> Pulse of Murasa
    Untamed Hunger
    Call the Gatewatch
    Plains

Pack 2 pick 13:
--> Pulse of Murasa
    Consuming Sinkhole
    Swamp

Pack 2 pick 14:
--> Canopy Gorger
    Forest

Pack 2 pick 15:
--> Plains

--: Cloud Manta

--: Cloud Manta

------ BFZ ------ 

Pack 3 pick 1:
    Territorial Baloth
    Roilmage's Trick
    Dutiful Return
    Sandstone Bridge
--> Cloud Manta
    Scour from Existence
    Grave Birthing
    Broodhunter Wurm
    Kozilek's Sentinel
    Makindi Patrol
    Encircling Fissure
    Halimar Tidecaller
    Stasis Snare
    Smoldering Marsh
    Island

--: Valakut Predator

--: Valakut Predator

Pack 3 pick 2:
    Roilmage's Trick
    Dutiful Return
    Swell of Growth
    Dispel
    Belligerent Whiptail
    Kor Castigator
    Courier Griffin
--> Valakut Predator
    Shadow Glider
    Lifespring Druid
    Infuse with the Elements
    Tide Drifter
    Radiant Flames
    Plains

--: Cloud Manta

--: Cloud Manta

Pack 3 pick 3:
    Ondu Greathorn
    Culling Drone
    Rush of Ice
    Natural Connection
    Unnatural Aggression
    Geyserfield Stalker
--> Cloud Manta
    Sandstone Bridge
    Boiling Earth
    Lithomancer's Focus
    Rot Shambler
    Ulamog's Reclaimer
    Plains

--: Valakut Invoker

--: Valakut Invoker

Pack 3 pick 4:
    Kalastria Nightwatch
    Earthen Arms
    Murk Strider
    Sludge Crawler
    Belligerent Whiptail
    Angelic Gift
--> Valakut Invoker
    Ondu Greathorn
    Dominator Drone
    Ondu Champion
    Blighted Steppe
    Island

--: Windrider Patrol

--: Windrider Patrol

Pack 3 pick 5:
    Swell of Growth
    Dispel
    Spell Shrivel
    Skyline Cascade
    Rush of Ice
    Fortified Rampart
    Unified Front
    Murasa Ranger
--> Windrider Patrol
    Ugin's Insight
    Island

--: Retreat to Valakut

--: Tightening Coils

Pack 3 pick 6:
    Plummet
    Salvage Drone
    Silent Skimmer
    Mortuary Mire
    Natural Connection
--> Tightening Coils
    Lavastep Raider
    Skyrider Elf
    Retreat to Valakut
    Island

--: Coralhelm Guide

--: Coralhelm Guide

Pack 3 pick 7:
    Incubator Drone
    Culling Drone
    Seek the Wilds
--> Coralhelm Guide
    Boiling Earth
    Dominator Drone
    Molten Nursery
    Guul Draz Overseer
    Mountain

--: Anticipate

--: Ondu Champion

--: Ondu Champion

Pack 3 pick 8:
    Mist Intruder
    Blisterpod
    Anticipate
    Angelic Gift
    Ondu Greathorn
--> Ondu Champion
    Tide Drifter
    Mountain

Pack 3 pick 9:
--> Roilmage's Trick
    Dutiful Return
    Sandstone Bridge
    Scour from Existence
    Grave Birthing
    Broodhunter Wurm
    Island

Pack 3 pick 10:
    Roilmage's Trick
    Dutiful Return
    Swell of Growth
--> Dispel
    Infuse with the Elements
    Plains

Pack 3 pick 11:
--> Rush of Ice
    Natural Connection
    Geyserfield Stalker
    Boiling Earth
    Plains

Pack 3 pick 12:
    Earthen Arms
    Murk Strider
--> Belligerent Whiptail
    Island

Pack 3 pick 13:
--> Swell of Growth
    Dispel
    Island

Pack 3 pick 14:
--> Lavastep Raider
    Island

Pack 3 pick 15:
--> Mountain

