Event #: 9388359
Time:    2/13/2016 10:24:32 PM
Players:
    AKnightWhoSaysNi
--> FinchleyCentral
    TylerDavidH
    goodlooser
    ragecat
    anarchy704
    Lywerdna
    Martyyr

--: Expedition Raptor

--: Expedition Raptor

------ OGW ------ 

Pack 1 pick 1:
    Stalking Drone
--> Expedition Raptor
    Reality Hemorrhage
    Crumbling Vestige
    Zulaport Chainmage
    Saddleback Lagac
    Corpse Churn
    Affa Protector
    Mighty Leap
    Consuming Sinkhole
    Cyclone Sire
    Thought Harvester
    Stoneforge Acolyte
    Call the Gatewatch
    Island

--: Unknown Shores

--: Unknown Shores

Pack 1 pick 2:
    Cinder Hellion
--> Unknown Shores
    Gravity Negator
    Warden of Geometries
    Canopy Gorger
    Kozilek's Translator
    Consuming Sinkhole
    Searing Light
    Negate
    Maw of Kozilek
    Null Caller
    Cinder Barrens
    Iona's Blessing
    Plains

--: Expedition Raptor

--: Expedition Raptor

Pack 1 pick 3:
    Kozilek's Pathfinder
    Tajuru Pathwarden
--> Expedition Raptor
    Zada's Commando
    Crumbling Vestige
    Sky Scourer
    Saddleback Lagac
    Comparative Analysis
    Eldrazi Aggressor
    Dazzling Reflection
    Baloth Pup
    Warping Wail
    Swamp

--: Kor Scythemaster

--: Kor Scythemaster

Pack 1 pick 4:
    Wastes
    Jwar Isle Avenger
    Warden of Geometries
    Pulse of Murasa
    Unnatural Endurance
    Vines of the Recluse
--> Kor Scythemaster
    Comparative Analysis
    Eldrazi Aggressor
    Null Caller
    Timber Gorge
    Plains

--: Allied Reinforcements

--: Allied Reinforcements

Pack 1 pick 5:
    Goblin Freerunner
    Wastes
    Containment Membrane
    Corpse Churn
    Canopy Gorger
    Negate
    Sparkmage's Gambit
    Tranquil Expanse
--> Allied Reinforcements
    Unity of Purpose
    Forest

--: Expedition Raptor

--: Expedition Raptor

Pack 1 pick 6:
    Kozilek's Pathfinder
    Tajuru Pathwarden
--> Expedition Raptor
    Natural State
    Slaughter Drone
    Loam Larva
    Cultivator Drone
    Brute Strength
    Chitinous Cloak
    Swamp

--: Sparkmage's Gambit

Pack 1 pick 7:
    Cinder Hellion
    Unknown Shores
    Seer's Lantern
    Sky Scourer
--> Sparkmage's Gambit
    Comparative Analysis
    Spatial Contortion
    Baloth Null
    Mountain

--: Kor Sky Climber

Pack 1 pick 8:
--> Kor Sky Climber
    Containment Membrane
    Corpse Churn
    Natural State
    Expedite
    Abstruse Interference
    Stoneforge Acolyte
    Island

--: Mighty Leap

Pack 1 pick 9:
    Crumbling Vestige
    Corpse Churn
--> Mighty Leap
    Consuming Sinkhole
    Stoneforge Acolyte
    Call the Gatewatch
    Island

--: Kozilek's Translator

Pack 1 pick 10:
    Canopy Gorger
--> Kozilek's Translator
    Consuming Sinkhole
    Negate
    Cinder Barrens
    Plains

--: Crumbling Vestige

Pack 1 pick 11:
    Kozilek's Pathfinder
--> Crumbling Vestige
    Comparative Analysis
    Warping Wail
    Swamp

--: Pulse of Murasa

Pack 1 pick 12:
    Wastes
--> Pulse of Murasa
    Comparative Analysis
    Plains

--: Tranquil Expanse

Pack 1 pick 13:
    Negate
--> Tranquil Expanse
    Forest

--: Kozilek's Pathfinder

Pack 1 pick 14:
--> Kozilek's Pathfinder
    Natural State

--: Mountain

Pack 1 pick 15:
--> Mountain

--: Reality Smasher

--: Reality Smasher

------ OGW ------ 

Pack 2 pick 1:
    Cinder Hellion
    Wastes
    Jwar Isle Avenger
    Warden of Geometries
    Spawnbinder Mage
    Sky Scourer
    Elemental Uprising
    Makindi Aeronaut
    Umara Entangler
    Consuming Sinkhole
    Submerged Boneyard
    Cliffhaven Vampire
    Flaying Tendrils
--> Reality Smasher
    Island

--: Oblivion Strike

--: Oblivion Strike

Pack 2 pick 2:
    Kor Sky Climber
--> Oblivion Strike
    Holdout Settlement
    Blinding Drone
    Lead by Example
    Corpse Churn
    Shoulder to Shoulder
    Umara Entangler
    Akoum Flameseeker
    Cyclone Sire
    Visions of Brutality
    Gift of Tusks
    Oath of Gideon
    Island

--: Isolation Zone

--: Isolation Zone

Pack 2 pick 3:
    Jwar Isle Avenger
    Warden of Geometries
--> Isolation Zone
    Tar Snare
    Kozilek's Shrieker
    Lead by Example
    Brute Strength
    Mighty Leap
    Cultivator Drone
    Grasp of Darkness
    Steppe Glider
    Ruin in Their Wake
    Plains

--: Ondu War Cleric

--: Ondu War Cleric

--: Ondu War Cleric

Pack 2 pick 4:
    Unknown Shores
    Kozilek's Pathfinder
    Scion Summoner
    Vines of the Recluse
    Zulaport Chainmage
    Consuming Sinkhole
--> Ondu War Cleric
    Cultivator Drone
    Essence Depleter
    Submerged Boneyard
    Baloth Pup
    Plains

--: Isolation Zone

Pack 2 pick 5:
--> Isolation Zone
    Scion Summoner
    Boulder Salvo
    Wastes
    Netcaster Spider
    Kozilek's Shrieker
    Loam Larva
    Mighty Leap
    Abstruse Interference
    Akoum Flameseeker
    Mountain

--: Witness the End

--: Goblin Freerunner

Pack 2 pick 6:
--> Goblin Freerunner
    Wastes
    Loam Larva
    Witness the End
    Sparkmage's Gambit
    Slip Through Space
    Birthing Hulk
    Void Grafter
    Tears of Valakut
    Mountain

--: Expedition Raptor

Pack 2 pick 7:
    Tajuru Pathwarden
--> Expedition Raptor
    Crumbling Vestige
    Pulse of Murasa
    Zulaport Chainmage
    Elemental Uprising
    Kazuul's Toll Collector
    Abstruse Interference
    Swamp

--: Steppe Glider

--: Steppe Glider

Pack 2 pick 8:
    Spawnbinder Mage
    Wastes
    Vines of the Recluse
    Kozilek's Translator
    Comparative Analysis
    Eldrazi Aggressor
--> Steppe Glider
    Mountain

--: Sky Scourer

--: Sky Scourer

--: Spawnbinder Mage

Pack 2 pick 9:
    Wastes
    Jwar Isle Avenger
--> Spawnbinder Mage
    Sky Scourer
    Umara Entangler
    Consuming Sinkhole
    Island

--: Kor Sky Climber

Pack 2 pick 10:
--> Kor Sky Climber
    Corpse Churn
    Umara Entangler
    Akoum Flameseeker
    Gift of Tusks
    Island

--: Tar Snare

Pack 2 pick 11:
    Jwar Isle Avenger
--> Tar Snare
    Mighty Leap
    Ruin in Their Wake
    Plains

--: Submerged Boneyard

Pack 2 pick 12:
    Vines of the Recluse
    Consuming Sinkhole
--> Submerged Boneyard
    Plains

--: Wastes

Pack 2 pick 13:
--> Wastes
    Loam Larva
    Mountain

--: Sparkmage's Gambit

Pack 2 pick 14:
--> Sparkmage's Gambit
    Mountain

--: Abstruse Interference

Pack 2 pick 15:
--> Abstruse Interference

--: Courier Griffin

------ BFZ ------ 

Pack 3 pick 1:
    Reclaiming Vines
    Salvage Drone
    Swarm Surge
    Call the Scions
    Angelic Gift
    Belligerent Whiptail
--> Courier Griffin
    Smite the Monstrous
    Stonefury
    Ondu Greathorn
    Crumble to Dust
    Turn Against
    Grip of Desolation
    Cinder Glade
    Mountain

--: Drana's Emissary

--: Complete Disregard

--: Complete Disregard

Pack 3 pick 2:
    Culling Drone
    Seek the Wilds
    Coralhelm Guide
    Looming Spires
    Fertile Thicket
    Snapping Gnarlid
    Spell Shrivel
--> Complete Disregard
    Fortified Rampart
    Nettle Drone
    Adverse Conditions
    Pilgrim's Eye
    Drana's Emissary
    Forest

--: Felidar Cub

--: Felidar Cub

Pack 3 pick 3:
    Incubator Drone
    Kalastria Healer
    Reclaiming Vines
    Salvage Drone
--> Felidar Cub
    Boiling Earth
    Vestige of Emrakul
    Ghostly Sentinel
    Dominator Drone
    Tunneling Geopede
    Dampening Pulse
    Hedron Archive
    Plains

--: Mind Raker

--: Carrier Thrall

--: Carrier Thrall

Pack 3 pick 4:
    Mind Raker
    Territorial Baloth
    Ondu Champion
    Wave-Wing Elemental
    Silent Skimmer
    Rush of Ice
    Natural Connection
    Shatterskull Recruit
--> Carrier Thrall
    Coastal Discovery
    Grovetender Druids
    Plains

--: Felidar Cub

--: Felidar Cub

Pack 3 pick 5:
    Roilmage's Trick
    Dutiful Return
    Swell of Growth
    Dispel
--> Felidar Cub
    Goblin War Paint
    Shadow Glider
    Lifespring Druid
    Valakut Invoker
    Ulamog's Nullifier
    Plains

--: Sandstone Bridge

Pack 3 pick 6:
    Tajuru Stalwart
--> Sandstone Bridge
    Cloud Manta
    Scour from Existence
    Grave Birthing
    Broodhunter Wurm
    Belligerent Whiptail
    Molten Nursery
    Rot Shambler
    Plains

--: Felidar Cub

Pack 3 pick 7:
    Anticipate
    Sludge Crawler
    Earthen Arms
    Incubator Drone
--> Felidar Cub
    Goblin War Paint
    Stonefury
    Grove Rumbler
    Island

--: Gideon's Reproach

Pack 3 pick 8:
    Blisterpod
    Anticipate
    Sludge Crawler
    Earthen Arms
    Inspired Charge
--> Gideon's Reproach
    Catacomb Sifter
    Plains

--: Ondu Greathorn

Pack 3 pick 9:
    Reclaiming Vines
    Salvage Drone
    Swarm Surge
    Belligerent Whiptail
--> Ondu Greathorn
    Crumble to Dust
    Mountain

--: Fortified Rampart

Pack 3 pick 10:
    Culling Drone
    Seek the Wilds
    Coralhelm Guide
    Fertile Thicket
--> Fortified Rampart
    Forest

--: Dampening Pulse

Pack 3 pick 11:
    Incubator Drone
    Salvage Drone
    Ghostly Sentinel
--> Dampening Pulse
    Plains

--: Wave-Wing Elemental

Pack 3 pick 12:
--> Wave-Wing Elemental
    Rush of Ice
    Shatterskull Recruit
    Plains

--: Roilmage's Trick

Pack 3 pick 13:
--> Roilmage's Trick
    Dispel
    Plains

--: Broodhunter Wurm

Pack 3 pick 14:
    Grave Birthing
--> Broodhunter Wurm

--: Island

Pack 3 pick 15:
--> Island

