Event #: 9388673
Time:    2/14/2016 12:06:50 AM
Players:
    TeddyBubs
    TheJayKendrick
    Oatyn1988
    Ryun
--> HuaxingMachine
    SCRYGUY1
    Decipio
    kev4575

--: Nissa's Judgment

--: Nissa's Judgment

------ OGW ------ 

Pack 1 pick 1:
    Wastes
    Sweep Away
    Seer's Lantern
    Tajuru Pathwarden
    Zulaport Chainmage
    Elemental Uprising
    Maw of Kozilek
    Dazzling Reflection
    Umara Entangler
    Brute Strength
    Chitinous Cloak
    Pyromancer's Assault
--> Nissa's Judgment
    Oath of Nissa
    Plains

--: Boulder Salvo

--: Boulder Salvo

Pack 1 pick 2:
    Tar Snare
--> Boulder Salvo
    Unknown Shores
    Pulse of Murasa
    Untamed Hunger
    Vines of the Recluse
    Searing Light
    Negate
    Maw of Kozilek
    Birthing Hulk
    Tranquil Expanse
    Flayer Drone
    Call the Gatewatch
    Plains

--: Ondu War Cleric

--: Ondu War Cleric

Pack 1 pick 3:
    Sweep Away
    Seer's Lantern
    Kor Sky Climber
    Loam Larva
    Witness the End
    Netcaster Spider
    Mighty Leap
    Consuming Sinkhole
--> Ondu War Cleric
    Make a Stand
    Visions of Brutality
    Relentless Hunter
    Island

--: Vampire Envoy

--: Vampire Envoy

Pack 1 pick 4:
--> Vampire Envoy
    Cinder Hellion
    Holdout Settlement
    Gravity Negator
    Bone Saw
    Loam Larva
    Unnatural Endurance
    Dazzling Reflection
    Slip Through Space
    Consuming Sinkhole
    Zendikar Resurgent
    Forest

--: Vampire Envoy

--: Vampire Envoy

Pack 1 pick 5:
    Crumbling Vestige
    Gravity Negator
    Hedron Crawler
--> Vampire Envoy
    Zulaport Chainmage
    Corpse Churn
    Akoum Flameseeker
    Dazzling Reflection
    Slip Through Space
    Baloth Pup
    Mountain

--: Kozilek's Shrieker

--: Stalking Drone

--: Kozilek's Shrieker

--: Stalking Drone

--: Kozilek's Shrieker

--: Stalking Drone

--: Stalking Drone

Pack 1 pick 6:
--> Stalking Drone
    Cinder Hellion
    Canopy Gorger
    Kozilek's Shrieker
    Expedite
    Consuming Sinkhole
    Abstruse Interference
    Ruin in Their Wake
    Relentless Hunter
    Swamp

--: Maw of Kozilek

--: Maw of Kozilek

Pack 1 pick 7:
    Sweep Away
    Seer's Lantern
    Kor Sky Climber
    Unnatural Endurance
    Vines of the Recluse
--> Maw of Kozilek
    Mighty Leap
    Abstruse Interference
    Swamp

--: Wastes

--: Wastes

Pack 1 pick 8:
--> Wastes
    Bone Saw
    Witness the End
    Searing Light
    Comparative Analysis
    Eldrazi Aggressor
    Stoneforge Acolyte
    Forest

--: Chitinous Cloak

--: Chitinous Cloak

Pack 1 pick 9:
    Sweep Away
    Elemental Uprising
    Dazzling Reflection
    Umara Entangler
--> Chitinous Cloak
    Pyromancer's Assault
    Plains

--: Vines of the Recluse

Pack 1 pick 10:
    Untamed Hunger
--> Vines of the Recluse
    Searing Light
    Negate
    Tranquil Expanse
    Plains

--: Mighty Leap

Pack 1 pick 11:
    Sweep Away
--> Mighty Leap
    Consuming Sinkhole
    Make a Stand
    Island

--: Bone Saw

Pack 1 pick 12:
--> Bone Saw
    Slip Through Space
    Consuming Sinkhole
    Forest

--: Corpse Churn

--: Corpse Churn

Pack 1 pick 13:
--> Corpse Churn
    Slip Through Space
    Mountain

Pack 1 pick 14:
--> Consuming Sinkhole
    Swamp

Pack 1 pick 15:
--> Swamp

--: Kozilek's Return

--: Kozilek's Return

------ OGW ------ 

Pack 2 pick 1:
    Goblin Freerunner
    Wastes
    Jwar Isle Avenger
    Warden of Geometries
    Isolation Zone
    Saddleback Lagac
    Corpse Churn
    Maw of Kozilek
    Shoulder to Shoulder
    Corrupted Crossroads
    Seed Guardian
    Grip of the Roil
    Baloth Null
--> Kozilek's Return
    Island

--: Stalking Drone

--: Stalking Drone

Pack 2 pick 2:
    Crumbling Vestige
    Containment Membrane
    Hedron Crawler
    Oblivion Strike
--> Stalking Drone
    Witness the End
    Netcaster Spider
    Searing Light
    Comparative Analysis
    Eldrazi Aggressor
    Strider Harness
    Kazuul's Toll Collector
    Gift of Tusks
    Forest

--: Zada's Commando

--: Zada's Commando

Pack 2 pick 3:
    Kozilek's Pathfinder
    Scion Summoner
    Kor Sky Climber
--> Zada's Commando
    Crumbling Vestige
    Natural State
    Slaughter Drone
    Sparkmage's Gambit
    Kor Scythemaster
    Comparative Analysis
    Reaver Drone
    Tears of Valakut
    Mountain

--: Immobilizer Eldrazi

--: Immobilizer Eldrazi

Pack 2 pick 4:
    Holdout Settlement
    Kozilek's Pathfinder
    Pulse of Murasa
    Unnatural Endurance
    Vines of the Recluse
    Ancient Crab
    Maw of Kozilek
    Mighty Leap
    Null Caller
--> Immobilizer Eldrazi
    Ruin in Their Wake
    Swamp

--: Zada's Commando

--: Zada's Commando

Pack 2 pick 5:
    Seer's Lantern
    Spawnbinder Mage
--> Zada's Commando
    Canopy Gorger
    Kozilek's Shrieker
    Expedite
    Makindi Aeronaut
    Timber Gorge
    Press into Service
    Oath of Gideon
    Swamp

--: Seer's Lantern

--: Seer's Lantern

Pack 2 pick 6:
    Wastes
--> Seer's Lantern
    Lead by Example
    Makindi Aeronaut
    Abstruse Interference
    Sparkmage's Gambit
    Reaver Drone
    Void Grafter
    Visions of Brutality
    Swamp

--: Loam Larva

--: Reckless Bushwhacker

--: Reckless Bushwhacker

Pack 2 pick 7:
    Gift of Tusks
    Elemental Uprising
    Loam Larva
    Eldrazi Aggressor
    Affa Protector
    Mighty Leap
--> Reckless Bushwhacker
    Oath of Jace
    Plains

--: Saddleback Lagac

--: Saddleback Lagac

Pack 2 pick 8:
    Bone Saw
    Tajuru Pathwarden
--> Saddleback Lagac
    Mighty Leap
    Cultivator Drone
    Expedite
    Unity of Purpose
    Plains

--: Saddleback Lagac

--: Saddleback Lagac

Pack 2 pick 9:
    Wastes
--> Saddleback Lagac
    Corpse Churn
    Maw of Kozilek
    Shoulder to Shoulder
    Grip of the Roil
    Island

--: Eldrazi Aggressor

--: Eldrazi Aggressor

Pack 2 pick 10:
    Searing Light
    Comparative Analysis
--> Eldrazi Aggressor
    Strider Harness
    Gift of Tusks
    Forest

--: Sparkmage's Gambit

--: Sparkmage's Gambit

Pack 2 pick 11:
    Kor Sky Climber
    Natural State
--> Sparkmage's Gambit
    Comparative Analysis
    Mountain

Pack 2 pick 12:
--> Pulse of Murasa
    Mighty Leap
    Ruin in Their Wake
    Swamp

--: Timber Gorge

Pack 2 pick 13:
    Expedite
--> Timber Gorge
    Swamp

Pack 2 pick 14:
--> Sparkmage's Gambit
    Swamp

Pack 2 pick 15:
--> Plains

--: Grove Rumbler

--: Grove Rumbler

------ BFZ ------ 

Pack 3 pick 1:
    Nirkana Assassin
    Seek the Wilds
    Oracle of Dust
    Tajuru Beastmaster
    Demon's Grasp
    Skyline Cascade
    Eldrazi Skyspawner
    Ruin Processor
    Kor Castigator
    Sure Strike
    Retreat to Emeria
--> Grove Rumbler
    Akoum Stonewaker
    Emeria Shepherd
    Mountain

--: Woodland Wanderer

--: Woodland Wanderer

Pack 3 pick 2:
    Murk Strider
    Voracious Null
    Oran-Rief Invoker
    Brilliant Spectrum
    Kitesail Scout
    Shatterskull Recruit
    Vestige of Emrakul
    Courier Griffin
    Valakut Predator
    Shadow Glider
    Expedition Envoy
    Void Attendant
--> Woodland Wanderer
    Mountain

--: Valakut Invoker

--: Valakut Invoker

Pack 3 pick 3:
    Mind Raker
    Swarm Surge
    Call the Scions
    Murk Strider
    Goblin War Paint
    Sheer Drop
    Hedron Blade
--> Valakut Invoker
    Courier Griffin
    Resolute Blademaster
    Tide Drifter
    Noyan Dar, Roil Shaper
    Swamp

--: Outnumber

--: Outnumber

Pack 3 pick 4:
    Swarm Surge
    Call the Scions
    Rush of Ice
    Natural Connection
    Unnatural Aggression
    Geyserfield Stalker
    Cloud Manta
    Benthic Infiltrator
    Tandem Tactics
--> Outnumber
    Blighted Cataract
    Mountain

--: Touch of the Void

--: Touch of the Void

Pack 3 pick 5:
    Kalastria Nightwatch
    Earthen Arms
    Murk Strider
    Sludge Crawler
    Angelic Gift
    Nettle Drone
    Benthic Infiltrator
    Vestige of Emrakul
--> Touch of the Void
    Retreat to Valakut
    Forest

--: Murasa Ranger

--: Murasa Ranger

Pack 3 pick 6:
    Mire's Malice
    Tajuru Stalwart
    Scour from Existence
    Grave Birthing
    Encircling Fissure
    Inspired Charge
    Volcanic Upheaval
    Unified Front
--> Murasa Ranger
    Mountain

Pack 3 pick 7:
    Oracle of Dust
    Spell Shrivel
    Skyline Cascade
    Eyeless Watcher
--> Kor Castigator
    Reckless Cohort
    Molten Nursery
    Bloodbond Vampire
    Island

--: Firemantle Mage

--: Firemantle Mage

Pack 3 pick 8:
    Oracle of Dust
    Altar's Reap
    Coralhelm Guide
    Reckless Cohort
    Shadow Glider
    Encircling Fissure
--> Firemantle Mage
    Mountain

--: Tajuru Beastmaster

--: Tajuru Beastmaster

Pack 3 pick 9:
    Nirkana Assassin
    Seek the Wilds
    Oracle of Dust
--> Tajuru Beastmaster
    Skyline Cascade
    Retreat to Emeria
    Mountain

--: Void Attendant

--: Void Attendant

Pack 3 pick 10:
    Brilliant Spectrum
    Kitesail Scout
    Shadow Glider
    Expedition Envoy
--> Void Attendant
    Mountain

Pack 3 pick 11:
    Mind Raker
    Murk Strider
    Goblin War Paint
--> Hedron Blade
    Swamp

--: Unnatural Aggression

Pack 3 pick 12:
    Natural Connection
--> Unnatural Aggression
    Geyserfield Stalker
    Mountain

Pack 3 pick 13:
--> Earthen Arms
    Angelic Gift
    Forest

Pack 3 pick 14:
--> Volcanic Upheaval
    Mountain

Pack 3 pick 15:
--> Island

