Event #: 9389253
Time:    14/02/2016 12:26:25
Players:
    Mityay
    DrWonka4
    r_e_n
    BraveSirRobin
    aybcs
    JG201520152015
--> Fnoop
    kimi

--: Thought Harvester

------ OGW ------ 

Pack 1 pick 1:
    Wastes
    Containment Membrane
    Seer's Lantern
    Kor Sky Climber
    Vampire Envoy
    Slaughter Drone
    Canopy Gorger
    Slip Through Space
    Consuming Sinkhole
    Allied Reinforcements
    Reaver Drone
    Bonds of Mortality
--> Thought Harvester
    Oath of Gideon
    Forest

--: Grip of the Roil

--: Grip of the Roil

Pack 1 pick 2:
    Tar Snare
    Reality Hemorrhage
    Wastes
    Gravity Negator
    Bone Saw
    Corpse Churn
    Canopy Gorger
    Eldrazi Aggressor
    Affa Protector
    Mighty Leap
    Cinder Barrens
--> Grip of the Roil
    Relentless Hunter
    Plains

--: Ruins of Oran-Rief

--: Ruins of Oran-Rief

Pack 1 pick 3:
    Stalking Drone
    Cinder Hellion
    Wastes
    Jwar Isle Avenger
    Sky Scourer
    Loam Larva
    Witness the End
    Kor Scythemaster
    Comparative Analysis
    Eldrazi Aggressor
    Reflector Mage
--> Ruins of Oran-Rief
    Forest

--: Sky Scourer

--: Warden of Geometries

--: Zada's Commando

--: Flayer Drone

--: Make a Stand

--: Jwar Isle Avenger

--: Kozilek's Shrieker

--: Searing Light

--: Flayer Drone

--: Zada's Commando

Pack 1 pick 4:
--> Zada's Commando
    Wastes
    Jwar Isle Avenger
    Warden of Geometries
    Sky Scourer
    Kozilek's Shrieker
    Ancient Crab
    Expedite
    Searing Light
    Make a Stand
    Flayer Drone
    Mountain

--: Sweep Away

--: Unknown Shores

Pack 1 pick 5:
    Spawnbinder Mage
    Cinder Hellion
--> Unknown Shores
    Sweep Away
    Natural State
    Witness the End
    Expedite
    Makindi Aeronaut
    Abstruse Interference
    Spatial Contortion
    Swamp

--: Slip Through Space

--: Sweep Away

--: Slaughter Drone

--: Slaughter Drone

Pack 1 pick 6:
    Sweep Away
    Seer's Lantern
--> Slaughter Drone
    Lead by Example
    Untamed Hunger
    Sparkmage's Gambit
    Shoulder to Shoulder
    Slip Through Space
    Reaver Drone
    Forest

--: Maw of Kozilek

--: Maw of Kozilek

Pack 1 pick 7:
    Containment Membrane
    Slaughter Drone
    Loam Larva
--> Maw of Kozilek
    Mighty Leap
    Abstruse Interference
    Harvester Troll
    Stoneforge Acolyte
    Swamp

--: Jwar Isle Avenger

--: Jwar Isle Avenger

Pack 1 pick 8:
--> Jwar Isle Avenger
    Vines of the Recluse
    Brute Strength
    Mighty Leap
    Expedite
    Chitinous Cloak
    Pyromancer's Assault
    Island

--: Slip Through Space

--: Slip Through Space

Pack 1 pick 9:
    Wastes
--> Slip Through Space
    Consuming Sinkhole
    Reaver Drone
    Bonds of Mortality
    Oath of Gideon
    Forest

--: Eldrazi Aggressor

--: Eldrazi Aggressor

Pack 1 pick 10:
    Bone Saw
    Corpse Churn
    Canopy Gorger
--> Eldrazi Aggressor
    Mighty Leap
    Plains

--: Jwar Isle Avenger

--: Jwar Isle Avenger

--: Jwar Isle Avenger

Pack 1 pick 11:
--> Jwar Isle Avenger
    Witness the End
    Comparative Analysis
    Eldrazi Aggressor
    Forest

--: Sky Scourer

--: Sky Scourer

Pack 1 pick 12:
    Wastes
--> Sky Scourer
    Ancient Crab
    Mountain

--: Abstruse Interference

--: Abstruse Interference

Pack 1 pick 13:
    Natural State
--> Abstruse Interference
    Swamp

--: Untamed Hunger

Pack 1 pick 14:
--> Untamed Hunger
    Forest

--: Swamp

Pack 1 pick 15:
--> Swamp

--: Boulder Salvo

--: Boulder Salvo

--: Boulder Salvo

------ OGW ------ 

Pack 2 pick 1:
    Tar Snare
--> Boulder Salvo
    Unknown Shores
    Blinding Drone
    Pulse of Murasa
    Zulaport Chainmage
    Elemental Uprising
    Cultivator Drone
    Brute Strength
    Affa Protector
    Embodiment of Insight
    Cliffhaven Vampire
    Nissa's Judgment
    Stoneforge Masterwork
    Swamp

--: Corrupted Crossroads

--: Corrupted Crossroads

Pack 2 pick 2:
    Warden of Geometries
    Spawnbinder Mage
    Reality Hemorrhage
    Unknown Shores
    Kozilek's Shrieker
    Lead by Example
    Negate
    Maw of Kozilek
    Shoulder to Shoulder
    Kazuul's Toll Collector
    Joraga Auxiliary
    Void Shatter
--> Corrupted Crossroads
    Island

--: Cyclone Sire

--: Cyclone Sire

Pack 2 pick 3:
    Blinding Drone
    Kozilek's Pathfinder
    Tajuru Pathwarden
    Expedition Raptor
    Zada's Commando
    Elemental Uprising
    Zulaport Chainmage
    Cultivator Drone
    Expedite
    Cinder Barrens
--> Cyclone Sire
    Mindmelter
    Plains

--: Reflector Mage

--: Reflector Mage

Pack 2 pick 4:
    Bone Saw
    Tajuru Pathwarden
    Kozilek's Translator
    Elemental Uprising
    Sky Scourer
    Abstruse Interference
    Sparkmage's Gambit
    Kor Scythemaster
    Seed Guardian
    Flaying Tendrils
--> Reflector Mage
    Swamp

--: Umara Entangler

--: Umara Entangler

--: Umara Entangler

--: Umara Entangler

Pack 2 pick 5:
    Stalking Drone
    Cinder Hellion
    Wastes
    Jwar Isle Avenger
    Pulse of Murasa
    Unnatural Endurance
--> Umara Entangler
    Brute Strength
    Timber Gorge
    Hissing Quagmire
    Forest

--: Gravity Negator

--: Needle Spires

--: Needle Spires

Pack 2 pick 6:
    Gravity Negator
    Lead by Example
    Corpse Churn
    Natural State
    Consuming Sinkhole
    Shoulder to Shoulder
    Ancient Crab
    Void Grafter
--> Needle Spires
    Island

Pack 2 pick 16:

--: Maw of Kozilek

--: Maw of Kozilek

Pack 2 pick 10:
    Warden of Geometries
    Kozilek's Shrieker
    Lead by Example
    Negate
--> Maw of Kozilek
    Island

--: Expedite

Pack 2 pick 11:
    Kozilek's Pathfinder
    Tajuru Pathwarden
    Elemental Uprising
--> Expedite
    Plains

--: Sparkmage's Gambit

Pack 2 pick 12:
    Elemental Uprising
    Abstruse Interference
--> Sparkmage's Gambit
    Swamp

--: Timber Gorge

Pack 2 pick 13:
    Pulse of Murasa
--> Timber Gorge
    Forest

--: Consuming Sinkhole

--: Consuming Sinkhole

Pack 2 pick 14:
--> Consuming Sinkhole
    Island

--: Untamed Hunger

Pack 2 pick 15:
--> Untamed Hunger

--: Prairie Stream

--: Prairie Stream

------ BFZ ------ 

Pack 3 pick 1:
    Swarm Surge
    Call the Scions
    Murk Strider
    Hagra Sharpshooter
    Shatterskull Recruit
    Kor Castigator
    Ondu Greathorn
    Dominator Drone
    Ondu Champion
    Ghostly Sentinel
    Serene Steward
    Rot Shambler
    Blighted Fen
--> Prairie Stream
    Mountain

--: Akoum Firebird

--: Akoum Firebird

Pack 3 pick 2:
    Nirkana Assassin
    Dispel
    Complete Disregard
    Scour from Existence
    Tajuru Beastmaster
    Wave-Wing Elemental
    Evolving Wilds
    Cliffside Lookout
    Outnumber
    Retreat to Coralhelm
    Spawning Bed
    Processor Assault
--> Akoum Firebird
    Plains

--: Ugin's Insight

--: Ugin's Insight

--: Ugin's Insight

Pack 3 pick 3:
    Blisterpod
    Oracle of Dust
    Voracious Null
    Reclaiming Vines
    Lithomancer's Focus
    Goblin War Paint
    Ondu Greathorn
    Ondu Champion
    Gideon's Reproach
    Skitterskin
    Ulamog's Despoiler
--> Ugin's Insight
    Island

--: Skyrider Elf

--: Skyrider Elf

Pack 3 pick 4:
    Swell of Growth
    Mist Intruder
    Eldrazi Devastator
    Looming Spires
    Fertile Thicket
    Spell Shrivel
    Belligerent Whiptail
    Angelic Gift
--> Skyrider Elf
    Jaddi Offshoot
    Shrine of the Forsaken Gods
    Swamp

--: Anticipate

--: Anticipate

Pack 3 pick 5:
--> Anticipate
    Mind Raker
    Territorial Baloth
    Grave Birthing
    Eldrazi Devastator
    Wave-Wing Elemental
    Fertile Thicket
    Volcanic Upheaval
    Retreat to Valakut
    Desolation Twin
    Forest

--: Nettle Drone

--: Nettle Drone

--: Nettle Drone

--: Nettle Drone

Pack 3 pick 6:
    Altar's Reap
    Plummet
    Mire's Malice
    Stone Haven Medic
    Kozilek's Sentinel
    Makindi Patrol
--> Nettle Drone
    Tajuru Warcaller
    Blighted Steppe
    Mountain

--: Nettle Drone

--: Nettle Drone

Pack 3 pick 7:
    Roilmage's Trick
    Dutiful Return
    Geyserfield Stalker
    Hedron Blade
    Bone Splinters
    Angelic Gift
--> Nettle Drone
    Slab Hammer
    Forest

--: Mist Intruder

--: Mist Intruder

Pack 3 pick 8:
    Swell of Growth
--> Mist Intruder
    Stone Haven Medic
    Volcanic Upheaval
    Courier Griffin
    Hagra Sharpshooter
    Expedition Envoy
    Plains

--: Murk Strider

--: Murk Strider

Pack 3 pick 9:
    Swarm Surge
--> Murk Strider
    Hagra Sharpshooter
    Shatterskull Recruit
    Ondu Greathorn
    Blighted Fen
    Mountain

--: Processor Assault

Pack 3 pick 10:
    Dispel
    Tajuru Beastmaster
    Cliffside Lookout
    Retreat to Coralhelm
--> Processor Assault
    Plains

--: Oracle of Dust

Pack 3 pick 11:
    Blisterpod
--> Oracle of Dust
    Voracious Null
    Goblin War Paint
    Island

--: Mist Intruder

--: Mist Intruder

Pack 3 pick 12:
    Swell of Growth
--> Mist Intruder
    Belligerent Whiptail
    Swamp

--: Volcanic Upheaval

--: Volcanic Upheaval

Pack 3 pick 13:
    Grave Birthing
--> Volcanic Upheaval
    Forest

--: Kozilek's Sentinel

--: Kozilek's Sentinel

Pack 3 pick 14:
--> Kozilek's Sentinel
    Mountain

--: Forest

Pack 3 pick 15:
--> Forest

