Event #: 9390826
Time:    2/14/2016 2:37:52 PM
Players:
    rjh
--> Taumxd
    Sinibus
    Takez
    lavafart03
    Krause94
    meatwod563
    one2bjonezn

--: Eldrazi Displacer

--: Eldrazi Displacer

------ OGW ------ 

Pack 1 pick 1:
    Wastes
    Containment Membrane
    Seer's Lantern
    Kor Sky Climber
    Vampire Envoy
    Vines of the Recluse
    Zulaport Chainmage
    Ancient Crab
    Expedite
--> Eldrazi Displacer
    Grasp of Darkness
    Meandering River
    Reflector Mage
    General Tazri
    Island

--: Isolation Zone

--: Isolation Zone

Pack 1 pick 2:
--> Isolation Zone
    Tar Snare
    Cinder Hellion
    Unknown Shores
    Kozilek's Translator
    Lead by Example
    Abstruse Interference
    Akoum Flameseeker
    Searing Light
    Negate
    Grasp of Darkness
    Timber Gorge
    Ruin in Their Wake
    Island

--: Immolating Glare

--: Essence Depleter

--: Immolating Glare

--: Immolating Glare

Pack 1 pick 3:
    Consuming Sinkhole
    Goblin Freerunner
    Wastes
    Slaughter Drone
    Canopy Gorger
    Kozilek's Shrieker
    Ancient Crab
    Maw of Kozilek
    Mighty Leap
--> Immolating Glare
    Essence Depleter
    Warping Wail
    Plains

--: Warden of Geometries

--: Warden of Geometries

Pack 1 pick 4:
    Stalking Drone
    Cinder Hellion
    Wastes
    Jwar Isle Avenger
--> Warden of Geometries
    Corpse Churn
    Canopy Gorger
    Makindi Aeronaut
    Abstruse Interference
    Sparkmage's Gambit
    Iona's Blessing
    Plains

--: Saddleback Lagac

Pack 1 pick 5:
    Wastes
    Jwar Isle Avenger
    Warden of Geometries
    Netcaster Spider
    Sky Scourer
--> Saddleback Lagac
    Mighty Leap
    Consuming Sinkhole
    Birthing Hulk
    Tears of Valakut
    Forest

--: Makindi Aeronaut

--: Makindi Aeronaut

--: Cultivator Drone

--: Makindi Aeronaut

--: Cultivator Drone

--: Makindi Aeronaut

Pack 1 pick 6:
    Crumbling Vestige
    Jwar Isle Avenger
    Netcaster Spider
    Witness the End
    Canopy Gorger
    Cultivator Drone
    Expedite
--> Makindi Aeronaut
    Mindmelter
    Plains

--: Hedron Crawler

--: Stalking Drone

--: Hedron Crawler

Pack 1 pick 7:
    Containment Membrane
--> Hedron Crawler
    Stalking Drone
    Elemental Uprising
    Comparative Analysis
    Eldrazi Aggressor
    Affa Protector
    Void Grafter
    Mountain

--: Seer's Lantern

Pack 1 pick 8:
    Wastes
    Containment Membrane
--> Seer's Lantern
    Netcaster Spider
    Canopy Gorger
    Ancient Crab
    Timber Gorge
    Island

--: Meandering River

Pack 1 pick 9:
    Wastes
    Seer's Lantern
    Vines of the Recluse
    Ancient Crab
    Expedite
--> Meandering River
    Island

--: Lead by Example

Pack 1 pick 10:
    Cinder Hellion
--> Lead by Example
    Abstruse Interference
    Negate
    Timber Gorge
    Island

--: Wastes

Pack 1 pick 11:
    Consuming Sinkhole
--> Wastes
    Canopy Gorger
    Ancient Crab
    Plains

--: Canopy Gorger

Pack 1 pick 12:
--> Canopy Gorger
    Abstruse Interference
    Iona's Blessing
    Plains

--: Mighty Leap

Pack 1 pick 13:
--> Mighty Leap
    Consuming Sinkhole
    Forest

--: Canopy Gorger

Pack 1 pick 14:
--> Canopy Gorger
    Plains

--: Mountain

Pack 1 pick 15:
--> Mountain

--: Wall of Resurgence

------ OGW ------ 

Pack 2 pick 1:
    Scion Summoner
    Boulder Salvo
    Holdout Settlement
    Blinding Drone
    Saddleback Lagac
    Corpse Churn
    Natural State
    Comparative Analysis
    Kozilek's Translator
    Kor Scythemaster
    Roiling Waters
--> Wall of Resurgence
    Joraga Auxiliary
    Call the Gatewatch
    Swamp

--: Gladehart Cavalry

--: Allied Reinforcements

Pack 2 pick 2:
    Crumbling Vestige
    Gravity Negator
    Hedron Crawler
    Vampire Envoy
    Untamed Hunger
    Pulse of Murasa
    Unnatural Endurance
    Cultivator Drone
    Brute Strength
    Affa Protector
--> Allied Reinforcements
    Unity of Purpose
    Gladehart Cavalry
    Plains

--: Shoulder to Shoulder

Pack 2 pick 3:
    Tar Snare
    Unknown Shores
    Blinding Drone
    Sky Scourer
    Loam Larva
    Witness the End
    Umara Entangler
    Consuming Sinkhole
--> Shoulder to Shoulder
    Walker of the Wastes
    Malakir Soothsayer
    Stormchaser Mage
    Forest

--: Kor Sky Climber

Pack 2 pick 4:
    Gravity Negator
    Warden of Geometries
--> Kor Sky Climber
    Slaughter Drone
    Loam Larva
    Unnatural Endurance
    Maw of Kozilek
    Dazzling Reflection
    Umara Entangler
    Immobilizer Eldrazi
    Hedron Alignment
    Mountain

--: Kor Scythemaster

Pack 2 pick 5:
    Spawnbinder Mage
    Wastes
    Jwar Isle Avenger
    Sky Scourer
    Elemental Uprising
    Zulaport Chainmage
--> Kor Scythemaster
    Comparative Analysis
    Eldrazi Aggressor
    Visions of Brutality
    Island

--: Affa Protector

--: Containment Membrane

Pack 2 pick 6:
    Wastes
--> Containment Membrane
    Bone Saw
    Corpse Churn
    Canopy Gorger
    Sky Scourer
    Affa Protector
    Abstruse Interference
    Iona's Blessing
    Island

--: Containment Membrane

Pack 2 pick 7:
--> Containment Membrane
    Kozilek's Shrieker
    Loam Larva
    Consuming Sinkhole
    Searing Light
    Negate
    Warping Wail
    Overwhelming Denial
    Forest

--: Holdout Settlement

Pack 2 pick 8:
--> Holdout Settlement
    Natural State
    Witness the End
    Netcaster Spider
    Eldrazi Aggressor
    Dazzling Reflection
    Slip Through Space
    Mountain

--: Scion Summoner

Pack 2 pick 9:
--> Scion Summoner
    Corpse Churn
    Natural State
    Comparative Analysis
    Kozilek's Translator
    Call the Gatewatch
    Swamp

--: Cultivator Drone

Pack 2 pick 10:
    Untamed Hunger
    Pulse of Murasa
--> Cultivator Drone
    Brute Strength
    Unity of Purpose
    Plains

--: Umara Entangler

Pack 2 pick 11:
    Sky Scourer
--> Umara Entangler
    Consuming Sinkhole
    Walker of the Wastes
    Forest

--: Umara Entangler

Pack 2 pick 12:
    Dazzling Reflection
--> Umara Entangler
    Hedron Alignment
    Mountain

--: Sky Scourer

Pack 2 pick 13:
--> Sky Scourer
    Eldrazi Aggressor
    Island

--: Iona's Blessing

Pack 2 pick 14:
--> Iona's Blessing
    Island

--: Forest

Pack 2 pick 15:
--> Forest

--: Prairie Stream

--: Prairie Stream

------ BFZ ------ 

Pack 3 pick 1:
    Giant Mantis
    Anticipate
    Mind Raker
    Tightening Coils
    Looming Spires
    Grave Birthing
    Eyeless Watcher
    Eldrazi Devastator
    Reckless Cohort
    Inspired Charge
    Grove Rumbler
    Rolling Thunder
    Pathway Arrows
--> Prairie Stream
    Island

--: Ugin's Insight

--: Ugin's Insight

--: Angel of Renewal

Pack 3 pick 2:
    Blisterpod
    Oracle of Dust
    Voracious Null
    Reclaiming Vines
    Belligerent Whiptail
    Angelic Gift
    Lavastep Raider
    Cliffside Lookout
    Gideon's Reproach
--> Angel of Renewal
    Brood Monitor
    Adverse Conditions
    Ugin's Insight
    Plains

--: Guardian of Tazeem

Pack 3 pick 3:
    Salvage Drone
    Kalastria Healer
    Blisterpod
    Ruin Processor
    Skyline Cascade
    Eyeless Watcher
    Rush of Ice
    Belligerent Whiptail
    Kor Castigator
    Blighted Gorge
    Grove Rumbler
--> Guardian of Tazeem
    Swamp

--: Dampening Pulse

Pack 3 pick 4:
    Earthen Arms
    Incubator Drone
    Kalastria Healer
    Skyline Cascade
    Ruin Processor
    Goblin War Paint
    Tandem Tactics
--> Dampening Pulse
    Infuse with the Elements
    Zulaport Cutthroat
    Oran-Rief Hydra
    Island

--: Incubator Drone

--: Kozilek's Channeler

Pack 3 pick 5:
    Kalastria Nightwatch
    Swell of Growth
    Mist Intruder
    Incubator Drone
    Fortified Rampart
    Smite the Monstrous
--> Kozilek's Channeler
    Ondu Greathorn
    Ulamog's Despoiler
    Skyrider Elf
    Mountain

--: Oracle of Dust

Pack 3 pick 6:
--> Oracle of Dust
    Altar's Reap
    Plummet
    Inspired Charge
    Volcanic Upheaval
    Ondu Greathorn
    Dominator Drone
    Ondu Champion
    Blighted Fen
    Plains

--: Kor Castigator

Pack 3 pick 7:
    Voracious Null
    Reclaiming Vines
    Mire's Malice
--> Kor Castigator
    Sure Strike
    Vestige of Emrakul
    Skitterskin
    Infuse with the Elements
    Swamp

--: Wave-Wing Elemental

Pack 3 pick 8:
    Dispel
    Mind Raker
    Territorial Baloth
    Scour from Existence
--> Wave-Wing Elemental
    Retreat to Coralhelm
    Retreat to Kazandu
    Mountain

--: Anticipate

Pack 3 pick 9:
    Giant Mantis
--> Anticipate
    Mind Raker
    Grave Birthing
    Reckless Cohort
    Inspired Charge
    Island

--: Angelic Gift

Pack 3 pick 10:
    Oracle of Dust
    Voracious Null
    Reclaiming Vines
--> Angelic Gift
    Lavastep Raider
    Plains

--: Kor Castigator

Pack 3 pick 11:
    Salvage Drone
    Blisterpod
    Skyline Cascade
--> Kor Castigator
    Swamp

--: Infuse with the Elements

Pack 3 pick 12:
    Earthen Arms
    Skyline Cascade
--> Infuse with the Elements
    Island

--: Ulamog's Despoiler

Pack 3 pick 13:
    Swell of Growth
--> Ulamog's Despoiler
    Mountain

--: Volcanic Upheaval

Pack 3 pick 14:
--> Volcanic Upheaval
    Plains

--: Swamp

Pack 3 pick 15:
--> Swamp

