Event #: 9390273
Time:    14.02.2016 18:27:03
Players:
    Robonado
    karzov
    Psylocke22
    zorrikon
    MasterSlayn
    Donnerbaerly1990
--> jorx24
    Sugeknight323

--: Isolation Zone

--: Isolation Zone

------ OGW ------ 

Pack 1 pick 1:
    Blinding Drone
    Kozilek's Pathfinder
--> Isolation Zone
    Scion Summoner
    Kozilek's Shrieker
    Netcaster Spider
    Witness the End
    Sparkmage's Gambit
    Shoulder to Shoulder
    Slip Through Space
    Walker of the Wastes
    Allied Reinforcements
    Steppe Glider
    Gladehart Cavalry
    Plains

--: Isolation Zone

--: Isolation Zone

Pack 1 pick 2:
    Jwar Isle Avenger
    Hedron Crawler
--> Isolation Zone
    Tar Snare
    Lead by Example
    Untamed Hunger
    Vines of the Recluse
    Expedite
    Makindi Aeronaut
    Abstruse Interference
    Cyclone Sire
    Visions of Brutality
    Gift of Tusks
    Swamp

--: Embodiment of Fury

--: Embodiment of Fury

Pack 1 pick 3:
    Mighty Leap
    Warden of Geometries
    Stalking Drone
    Expedition Raptor
    Loam Larva
    Unnatural Endurance
    Pulse of Murasa
    Expedite
    Ancient Crab
--> Embodiment of Fury
    Baloth Null
    Wall of Resurgence
    Mountain

--: Boulder Salvo

--: Boulder Salvo

Pack 1 pick 4:
    Scion Summoner
--> Boulder Salvo
    Wastes
    Corpse Churn
    Canopy Gorger
    Sky Scourer
    Umara Entangler
    Akoum Flameseeker
    Ondu War Cleric
    Thought Harvester
    Stoneforge Acolyte
    Swamp

--: Birthing Hulk

--: Birthing Hulk

Pack 1 pick 5:
    Cinder Hellion
    Unknown Shores
    Gravity Negator
    Warden of Geometries
    Elemental Uprising
    Sky Scourer
    Sparkmage's Gambit
    Slip Through Space
--> Birthing Hulk
    Warping Wail
    Forest

--: Goblin Freerunner

--: Goblin Freerunner

Pack 1 pick 6:
    Tajuru Pathwarden
--> Goblin Freerunner
    Holdout Settlement
    Elemental Uprising
    Sky Scourer
    Akoum Flameseeker
    Negate
    Unity of Purpose
    Thought Harvester
    Forest

--: Shoulder to Shoulder

--: Shoulder to Shoulder

--: Shoulder to Shoulder

--: Shoulder to Shoulder

Pack 1 pick 7:
    Blinding Drone
    Kozilek's Pathfinder
    Unnatural Endurance
    Vines of the Recluse
    Consuming Sinkhole
--> Shoulder to Shoulder
    Ancient Crab
    Ruin in Their Wake
    Island

--: Brute Strength

--: Maw of Kozilek

--: Maw of Kozilek

Pack 1 pick 8:
    Wastes
    Kozilek's Shrieker
--> Maw of Kozilek
    Umara Entangler
    Brute Strength
    Walker of the Wastes
    Zendikar Resurgent
    Plains

--: Sparkmage's Gambit

Pack 1 pick 9:
    Kozilek's Pathfinder
    Witness the End
--> Sparkmage's Gambit
    Shoulder to Shoulder
    Slip Through Space
    Walker of the Wastes
    Plains

Pack 1 pick 10:
    Untamed Hunger
    Vines of the Recluse
--> Expedite
    Abstruse Interference
    Gift of Tusks
    Swamp

Pack 1 pick 11:
--> Mighty Leap
    Pulse of Murasa
    Expedite
    Ancient Crab
    Mountain

Pack 1 pick 12:
    Corpse Churn
    Sky Scourer
--> Umara Entangler
    Swamp

Pack 1 pick 13:
--> Sparkmage's Gambit
    Slip Through Space
    Forest

--: Akoum Flameseeker

Pack 1 pick 14:
--> Akoum Flameseeker
    Negate

--: Island

Pack 1 pick 15:
--> Island

--: Boulder Salvo

--: Boulder Salvo

------ OGW ------ 

Pack 2 pick 1:
--> Boulder Salvo
    Holdout Settlement
    Blinding Drone
    Kozilek's Pathfinder
    Kozilek's Shrieker
    Loam Larva
    Slaughter Drone
    Negate
    Maw of Kozilek
    Shoulder to Shoulder
    Harvester Troll
    Stoneforge Acolyte
    Press into Service
    Gladehart Cavalry
    Mountain

--: Reality Hemorrhage

--: Reality Hemorrhage

Pack 2 pick 2:
    Stalking Drone
    Expedition Raptor
--> Reality Hemorrhage
    Crumbling Vestige
    Loam Larva
    Slaughter Drone
    Lead by Example
    Comparative Analysis
    Eldrazi Aggressor
    Kor Scythemaster
    Spatial Contortion
    Mindmelter
    Oath of Jace
    Plains

--: Makindi Aeronaut

--: Makindi Aeronaut

Pack 2 pick 3:
    Bone Saw
    Vampire Envoy
    Tajuru Pathwarden
    Corpse Churn
    Natural State
    Slaughter Drone
--> Makindi Aeronaut
    Abstruse Interference
    Sparkmage's Gambit
    Pyromancer's Assault
    Relentless Hunter
    Void Shatter
    Mountain

--: Kazuul's Toll Collector

--: Kazuul's Toll Collector

Pack 2 pick 4:
    Sweep Away
    Seer's Lantern
    Unknown Shores
    Spawnbinder Mage
    Elemental Uprising
    Zulaport Chainmage
    Natural State
    Brute Strength
    Affa Protector
    Strider Harness
--> Kazuul's Toll Collector
    Mountain

--: Holdout Settlement

--: Holdout Settlement

Pack 2 pick 5:
--> Holdout Settlement
    Kozilek's Pathfinder
    Vines of the Recluse
    Zulaport Chainmage
    Umara Entangler
    Baloth Pup
    Shoulder to Shoulder
    Ancient Crab
    Prophet of Distortion
    Iona's Blessing
    Swamp

--: Kor Sky Climber

--: Maw of Kozilek

--: Maw of Kozilek

Pack 2 pick 6:
    Unknown Shores
    Kozilek's Pathfinder
    Kor Sky Climber
    Searing Light
    Negate
--> Maw of Kozilek
    Null Caller
    Timber Gorge
    Weapons Trainer
    Island

--: Eldrazi Aggressor

--: Eldrazi Aggressor

Pack 2 pick 7:
    Kozilek's Pathfinder
    Spawnbinder Mage
    Kozilek's Shrieker
    Loam Larva
--> Eldrazi Aggressor
    Kor Scythemaster
    Negate
    Tears of Valakut
    Forest

--: Zada's Commando

--: Zada's Commando

Pack 2 pick 8:
--> Zada's Commando
    Jwar Isle Avenger
    Witness the End
    Netcaster Spider
    Consuming Sinkhole
    Ancient Crab
    Iona's Blessing
    Forest

--: Press into Service

Pack 2 pick 9:
    Kozilek's Pathfinder
    Kozilek's Shrieker
    Negate
    Harvester Troll
    Stoneforge Acolyte
--> Press into Service
    Mountain

--: Eldrazi Aggressor

Pack 2 pick 10:
    Expedition Raptor
    Lead by Example
    Comparative Analysis
--> Eldrazi Aggressor
    Oath of Jace
    Plains

--: Bone Saw

Pack 2 pick 11:
--> Bone Saw
    Corpse Churn
    Natural State
    Pyromancer's Assault
    Mountain

--: Mountain

Pack 2 pick 12:
    Elemental Uprising
    Zulaport Chainmage
    Strider Harness
--> Mountain

--: Swamp

Pack 2 pick 13:
    Umara Entangler
    Iona's Blessing
--> Swamp

--: Weapons Trainer

Pack 2 pick 14:
--> Weapons Trainer
    Island

--: Forest

Pack 2 pick 15:
--> Forest

--: Aligned Hedron Network

------ BFZ ------ 

Pack 3 pick 1:
    Coralhelm Guide
    Mire's Malice
    Looming Spires
    Grave Birthing
    Eyeless Watcher
    Eldrazi Devastator
    Wave-Wing Elemental
    Fertile Thicket
    Tandem Tactics
    Sure Strike
    Retreat to Kazandu
    Catacomb Sifter
    Adverse Conditions
--> Aligned Hedron Network
    Island

--: Shadow Glider

--: Shadow Glider

Pack 3 pick 2:
    Dutiful Return
    Blisterpod
    Anticipate
    Sludge Crawler
    Angelic Gift
    Lavastep Raider
--> Shadow Glider
    Dominator Drone
    Stonefury
    Windrider Patrol
    Jaddi Offshoot
    Grip of Desolation
    Prairie Stream
    Mountain

--: Nettle Drone

Pack 3 pick 3:
    Swell of Growth
    Dispel
    Kalastria Nightwatch
    Earthen Arms
    Volcanic Upheaval
    Angelic Gift
--> Nettle Drone
    Ondu Champion
    Ghostly Sentinel
    Ulamog's Nullifier
    Catacomb Sifter
    Dust Stalker
    Island

--: Outnumber

--: Outnumber

Pack 3 pick 4:
    Reclaiming Vines
    Salvage Drone
    Looming Spires
    Grave Birthing
    Eyeless Watcher
    Eldrazi Devastator
    Fertile Thicket
    Tandem Tactics
--> Outnumber
    Ulamog's Despoiler
    Cryptic Cruiser
    Mountain

--: Blighted Fen

--: Shatterskull Recruit

--: Blighted Fen

--: Blighted Fen

Pack 3 pick 5:
    Voracious Null
    Reclaiming Vines
    Eyeless Watcher
    Rush of Ice
    Silent Skimmer
    Natural Connection
    Tightening Coils
    Tandem Tactics
    Shatterskull Recruit
--> Blighted Fen
    Plains

--: Felidar Cub

--: Felidar Cub

Pack 3 pick 6:
    Call the Scions
    Roilmage's Trick
    Void Attendant
--> Felidar Cub
    Kozilek's Sentinel
    Makindi Sliderunner
    Courier Griffin
    Slab Hammer
    Herald of Kozilek
    Plains

--: Retreat to Valakut

Pack 3 pick 7:
    Anticipate
    Eyeless Watcher
    Rush of Ice
    Mortuary Mire
    Natural Connection
--> Retreat to Valakut
    Cryptic Cruiser
    Scythe Leopard
    Island

--: Blighted Steppe

Pack 3 pick 8:
    Blisterpod
    Oracle of Dust
    Voracious Null
    Reclaiming Vines
    Stone Haven Medic
    Shatterskull Recruit
--> Blighted Steppe
    Plains

--: Sure Strike

Pack 3 pick 9:
    Coralhelm Guide
    Mire's Malice
    Eyeless Watcher
    Fertile Thicket
--> Sure Strike
    Adverse Conditions
    Island

--: Jaddi Offshoot

Pack 3 pick 10:
    Dutiful Return
    Blisterpod
    Angelic Gift
    Lavastep Raider
--> Jaddi Offshoot
    Mountain

--: Volcanic Upheaval

--: Volcanic Upheaval

--: Volcanic Upheaval

Pack 3 pick 11:
    Swell of Growth
    Earthen Arms
--> Volcanic Upheaval
    Angelic Gift
    Island

--: Mountain

--: Mountain

Pack 3 pick 12:
    Salvage Drone
    Grave Birthing
    Cryptic Cruiser
--> Mountain

--: Plains

Pack 3 pick 13:
    Reclaiming Vines
    Natural Connection
--> Plains

--: Plains

Pack 3 pick 14:
    Slab Hammer
--> Plains

Pack 3 pick 15:
--> Natural Connection

