Event #: 9391758
Time:    2/14/2016 3:00:17 PM
Players:
--> HuaxingMachine
    Gunner116
    WotC_Danner
    benderschweiz
    ScriptKip
    Shakthi
    theteeg89
    MartiONE

--: Holdout Settlement

--: Holdout Settlement

------ OGW ------ 

Pack 1 pick 1:
    Kor Sky Climber
    Vampire Envoy
    Cinder Hellion
--> Holdout Settlement
    Gravity Negator
    Slaughter Drone
    Lead by Example
    Eldrazi Aggressor
    Dazzling Reflection
    Slip Through Space
    Spatial Contortion
    Gift of Tusks
    Mindmelter
    Hissing Quagmire
    Forest

--: Blinding Drone

--: Blinding Drone

Pack 1 pick 2:
    Holdout Settlement
--> Blinding Drone
    Kozilek's Pathfinder
    Spawnbinder Mage
    Loam Larva
    Witness the End
    Expedite
    Searing Light
    Comparative Analysis
    Eldrazi Aggressor
    Tranquil Expanse
    Make a Stand
    Ruin in Their Wake
    Forest

--: Malakir Soothsayer

--: Containment Membrane

--: Malakir Soothsayer

--: Malakir Soothsayer

Pack 1 pick 3:
    Wastes
    Containment Membrane
    Bone Saw
    Vampire Envoy
    Zulaport Chainmage
    Natural State
    Witness the End
    Ancient Crab
    Affa Protector
    Makindi Aeronaut
    Kazuul's Toll Collector
--> Malakir Soothsayer
    Swamp

--: Grip of the Roil

--: Grip of the Roil

Pack 1 pick 4:
    Stalking Drone
    Goblin Freerunner
    Wastes
    Canopy Gorger
    Lead by Example
    Makindi Aeronaut
    Umara Entangler
    Consuming Sinkhole
    Meandering River
--> Grip of the Roil
    Tears of Valakut
    Island

--: Ondu War Cleric

--: Ondu War Cleric

Pack 1 pick 5:
    Kozilek's Pathfinder
    Scion Summoner
    Corpse Churn
    Natural State
    Umara Entangler
    Akoum Flameseeker
--> Ondu War Cleric
    Harvester Troll
    Stormchaser Mage
    Iona's Blessing
    Swamp

--: Kor Scythemaster

--: Kor Scythemaster

Pack 1 pick 6:
    Gravity Negator
    Bone Saw
    Cinder Hellion
--> Kor Scythemaster
    Comparative Analysis
    Eldrazi Aggressor
    Reaver Drone
    Void Grafter
    Zendikar Resurgent
    Plains

--: Cultivator Drone

--: Tar Snare

--: Cultivator Drone

--: Tar Snare

--: Cultivator Drone

--: Tar Snare

--: Cultivator Drone

--: Tar Snare

--: Tar Snare

Pack 1 pick 7:
    Warden of Geometries
--> Tar Snare
    Reality Hemorrhage
    Lead by Example
    Corpse Churn
    Consuming Sinkhole
    Cultivator Drone
    Tears of Valakut
    Swamp

--: Slip Through Space

--: Slip Through Space

Pack 1 pick 8:
    Untamed Hunger
    Pulse of Murasa
    Eldrazi Aggressor
    Dazzling Reflection
--> Slip Through Space
    Bonds of Mortality
    Overwhelming Denial
    Swamp

--: Slaughter Drone

--: Slaughter Drone

Pack 1 pick 9:
    Cinder Hellion
    Gravity Negator
--> Slaughter Drone
    Eldrazi Aggressor
    Slip Through Space
    Gift of Tusks
    Forest

--: Witness the End

--: Witness the End

Pack 1 pick 10:
--> Witness the End
    Expedite
    Comparative Analysis
    Eldrazi Aggressor
    Ruin in Their Wake
    Forest

--: Ancient Crab

Pack 1 pick 11:
    Bone Saw
    Natural State
--> Ancient Crab
    Kazuul's Toll Collector
    Swamp

--: Umara Entangler

Pack 1 pick 12:
--> Umara Entangler
    Consuming Sinkhole
    Tears of Valakut
    Island

Pack 1 pick 13:
--> Corpse Churn
    Iona's Blessing
    Swamp

--: Comparative Analysis

Pack 1 pick 14:
--> Comparative Analysis
    Plains

Pack 1 pick 15:
--> Swamp

--: Gravity Negator

--: Gravity Negator

------ OGW ------ 

Pack 2 pick 1:
--> Gravity Negator
    Bone Saw
    Scion Summoner
    Spawnbinder Mage
    Zulaport Chainmage
    Natural State
    Witness the End
    Expedite
    Ondu War Cleric
    Ancient Crab
    Timber Gorge
    Grip of the Roil
    Joraga Auxiliary
    Zendikar Resurgent
    Forest

--: Deceiver of Form

--: Deceiver of Form

Pack 2 pick 2:
    Expedition Raptor
    Zada's Commando
    Crumbling Vestige
    Jwar Isle Avenger
    Netcaster Spider
    Kozilek's Shrieker
    Affa Protector
    Makindi Aeronaut
    Abstruse Interference
    Sparkmage's Gambit
    Null Caller
    Gift of Tusks
--> Deceiver of Form
    Forest

--: Roiling Waters

--: Slaughter Drone

--: Hedron Crawler

--: Roiling Waters

--: Roiling Waters

Pack 2 pick 3:
    Crumbling Vestige
    Containment Membrane
    Hedron Crawler
    Natural State
    Slaughter Drone
    Loam Larva
    Expedite
    Makindi Aeronaut
    Abstruse Interference
--> Roiling Waters
    Flayer Drone
    Stoneforge Acolyte
    Forest

--: Blinding Drone

--: Blinding Drone

Pack 2 pick 4:
    Boulder Salvo
    Holdout Settlement
--> Blinding Drone
    Canopy Gorger
    Sky Scourer
    Elemental Uprising
    Brute Strength
    Mighty Leap
    Cultivator Drone
    Harvester Troll
    Stoneforge Acolyte
    Swamp

--: Kozilek's Translator

--: Kozilek's Translator

Pack 2 pick 5:
    Stalking Drone
    Wastes
    Jwar Isle Avenger
    Vines of the Recluse
--> Kozilek's Translator
    Sparkmage's Gambit
    Slip Through Space
    Birthing Hulk
    Void Grafter
    Tears of Valakut
    Island

--: Hedron Crawler

--: Hedron Crawler

Pack 2 pick 6:
--> Hedron Crawler
    Tar Snare
    Lead by Example
    Untamed Hunger
    Pulse of Murasa
    Dazzling Reflection
    Slip Through Space
    Consuming Sinkhole
    Birthing Hulk
    Island

--: Gravity Negator

--: Wastes

--: Wastes

Pack 2 pick 7:
--> Wastes
    Gravity Negator
    Bone Saw
    Scion Summoner
    Unnatural Endurance
    Pulse of Murasa
    Searing Light
    Negate
    Forest

--: Prophet of Distortion

--: Prophet of Distortion

Pack 2 pick 8:
    Kozilek's Pathfinder
    Untamed Hunger
    Vines of the Recluse
    Slip Through Space
    Submerged Boneyard
--> Prophet of Distortion
    Void Shatter
    Plains

--: Grip of the Roil

--: Grip of the Roil

Pack 2 pick 9:
    Bone Saw
    Natural State
    Expedite
    Ancient Crab
--> Grip of the Roil
    Zendikar Resurgent
    Forest

--: Jwar Isle Avenger

--: Jwar Isle Avenger

Pack 2 pick 10:
--> Jwar Isle Avenger
    Affa Protector
    Abstruse Interference
    Null Caller
    Gift of Tusks
    Forest

Pack 2 pick 11:
    Natural State
    Loam Larva
    Expedite
--> Abstruse Interference
    Forest

--: Cultivator Drone

Pack 2 pick 12:
    Canopy Gorger
    Elemental Uprising
--> Cultivator Drone
    Swamp

--: Wastes

Pack 2 pick 13:
--> Wastes
    Slip Through Space
    Island

--: Slip Through Space

Pack 2 pick 14:
--> Slip Through Space
    Island

Pack 2 pick 15:
--> Forest

--: Eldrazi Skyspawner

--: Eldrazi Skyspawner

------ BFZ ------ 

Pack 3 pick 1:
    Blisterpod
    Oracle of Dust
    Voracious Null
    Fertile Thicket
    Geyserfield Stalker
    Snapping Gnarlid
    Brood Monitor
--> Eldrazi Skyspawner
    Lithomancer's Focus
    Outnumber
    Grovetender Druids
    Vile Aggregate
    Carrier Thrall
    Guul Draz Overseer
    Forest

--: Coastal Discovery

--: Coastal Discovery

Pack 3 pick 2:
    Mire's Malice
    Tajuru Stalwart
    Geyserfield Stalker
    Cloud Manta
    Sandstone Bridge
    Tajuru Beastmaster
    Skyline Cascade
    Angelic Gift
    Lavastep Raider
    Chasm Guide
--> Coastal Discovery
    Pathway Arrows
    Beastcaller Savant
    Swamp

--: Windrider Patrol

--: Windrider Patrol

Pack 3 pick 3:
    Mire's Malice
    Giant Mantis
    Brilliant Spectrum
    Altar's Reap
    Makindi Patrol
    Kozilek's Sentinel
    Shadow Glider
    Stonefury
    Skitterskin
    Expedition Envoy
--> Windrider Patrol
    Canopy Vista
    Forest

--: Blighted Fen

--: Eldrazi Skyspawner

--: Eldrazi Skyspawner

Pack 3 pick 4:
    Swell of Growth
    Dispel
    Kalastria Nightwatch
--> Eldrazi Skyspawner
    Ruin Processor
    Bone Splinters
    Broodhunter Wurm
    Mortuary Mire
    Kor Castigator
    Blighted Fen
    Ulamog's Despoiler
    Mountain

--: Ruin Processor

--: Mortuary Mire

--: Ruin Processor

--: Mortuary Mire

Pack 3 pick 5:
    Brilliant Spectrum
    Nirkana Assassin
    Seek the Wilds
    Ruin Processor
    Bone Splinters
    Broodhunter Wurm
--> Mortuary Mire
    Outnumber
    Molten Nursery
    Unified Front
    Plains

--: Cloud Manta

Pack 3 pick 6:
    Anticipate
    Hedron Blade
    Bone Splinters
    Sandstone Bridge
--> Cloud Manta
    Felidar Cub
    Goblin War Paint
    Roil Spout
    Processor Assault
    Swamp

--: Cloud Manta

--: Cloud Manta

Pack 3 pick 7:
    Call the Scions
    Roilmage's Trick
--> Cloud Manta
    Sandstone Bridge
    Tajuru Beastmaster
    Skyline Cascade
    Adverse Conditions
    Grove Rumbler
    Mountain

Pack 3 pick 8:
    Giant Mantis
    Brilliant Spectrum
    Altar's Reap
--> Rush of Ice
    Natural Connection
    Geyserfield Stalker
    Volcanic Upheaval
    Swamp

Pack 3 pick 9:
    Blisterpod
    Voracious Null
    Fertile Thicket
    Geyserfield Stalker
--> Snapping Gnarlid
    Lithomancer's Focus
    Forest

--: Cloud Manta

--: Cloud Manta

Pack 3 pick 10:
--> Cloud Manta
    Sandstone Bridge
    Tajuru Beastmaster
    Skyline Cascade
    Lavastep Raider
    Swamp

Pack 3 pick 11:
    Brilliant Spectrum
    Altar's Reap
--> Skitterskin
    Expedition Envoy
    Forest

Pack 3 pick 12:
    Dispel
    Broodhunter Wurm
--> Ulamog's Despoiler
    Mountain

Pack 3 pick 13:
    Brilliant Spectrum
--> Seek the Wilds
    Plains

Pack 3 pick 14:
--> Goblin War Paint
    Swamp

Pack 3 pick 15:
--> Mountain

