Event #: 9391268
Time:    2016-02-14 22:08:53
Players:
    TangibleToxin
--> los69
    Brouw
    SG_Gilishon
    Jasaray
    RainbowPlatypus
    DaBa11ocaust
    lupi

--: Nissa's Judgment

--: Nissa's Judgment

--: Nissa's Judgment

------ OGW ------ 

Pack 1 pick 1:
    Jwar Isle Avenger
    Hedron Crawler
    Isolation Zone
    Tar Snare
    Kozilek's Translator
    Lead by Example
    Corpse Churn
    Mighty Leap
    Consuming Sinkhole
    Ondu War Cleric
    Embodiment of Insight
    Tears of Valakut
--> Nissa's Judgment
    Deceiver of Form
    Plains

--: Saddleback Lagac

--: Saddleback Lagac

Pack 1 pick 2:
    Wastes
    Sweep Away
    Seer's Lantern
    Oblivion Strike
--> Saddleback Lagac
    Corpse Churn
    Natural State
    Kor Scythemaster
    Negate
    Sparkmage's Gambit
    Make a Stand
    Grasp of Darkness
    Relentless Hunter
    Forest

--: Saddleback Lagac

--: Saddleback Lagac

Pack 1 pick 3:
    Crumbling Vestige
    Containment Membrane
    Hedron Crawler
    Tar Snare
    Stalking Drone
--> Saddleback Lagac
    Kozilek's Shrieker
    Slip Through Space
    Brute Strength
    Kor Scythemaster
    Meandering River
    Steppe Glider
    Mountain

--: Relentless Hunter

--: Relentless Hunter

Pack 1 pick 4:
    Spawnbinder Mage
    Unknown Shores
    Sweep Away
    Loam Larva
    Natural State
    Searing Light
    Comparative Analysis
    Eldrazi Aggressor
    Make a Stand
    Grasp of Darkness
--> Relentless Hunter
    Mountain

--: Makindi Aeronaut

--: Makindi Aeronaut

Pack 1 pick 5:
    Wastes
    Sweep Away
    Canopy Gorger
    Sky Scourer
    Elemental Uprising
    Ancient Crab
    Affa Protector
--> Makindi Aeronaut
    Kazuul's Toll Collector
    Gift of Tusks
    Swamp

--: Kor Scythemaster

--: Zada's Commando

--: Zada's Commando

Pack 1 pick 6:
    Seer's Lantern
--> Zada's Commando
    Zulaport Chainmage
    Natural State
    Witness the End
    Abstruse Interference
    Sparkmage's Gambit
    Kor Scythemaster
    Warping Wail
    Mountain

--: Netcaster Spider

--: Netcaster Spider

Pack 1 pick 7:
    Wastes
    Warden of Geometries
--> Netcaster Spider
    Kozilek's Shrieker
    Swamp
    Comparative Analysis
    Eldrazi Aggressor
    Dazzling Reflection
    Forest

--: Zada's Commando

--: Zada's Commando

Pack 1 pick 8:
    Kozilek's Pathfinder
--> Zada's Commando
    Unnatural Endurance
    Pulse of Murasa
    Ancient Crab
    Mighty Leap
    Flaying Tendrils
    Island

--: Lead by Example

--: Lead by Example

Pack 1 pick 9:
    Tar Snare
    Kozilek's Translator
--> Lead by Example
    Corpse Churn
    Mighty Leap
    Consuming Sinkhole
    Plains

--: Relentless Hunter

--: Relentless Hunter

Pack 1 pick 10:
    Corpse Churn
    Natural State
    Kor Scythemaster
    Negate
--> Relentless Hunter
    Forest

--: Brute Strength

--: Brute Strength

Pack 1 pick 11:
    Tar Snare
    Kozilek's Shrieker
--> Brute Strength
    Kor Scythemaster
    Mountain

--: Spawnbinder Mage

--: Spawnbinder Mage

Pack 1 pick 12:
--> Spawnbinder Mage
    Natural State
    Make a Stand
    Mountain

--: Kazuul's Toll Collector

Pack 1 pick 13:
    Canopy Gorger
--> Kazuul's Toll Collector
    Swamp

--: Witness the End

Pack 1 pick 14:
--> Witness the End
    Mountain

--: Forest

Pack 1 pick 15:
--> Forest

--: Oath of Chandra

--: Oath of Chandra

------ OGW ------ 

Pack 2 pick 1:
    Kor Sky Climber
    Oblivion Strike
    Boulder Salvo
    Holdout Settlement
    Slaughter Drone
    Canopy Gorger
    Kozilek's Shrieker
    Negate
    Sparkmage's Gambit
    Makindi Aeronaut
    Timber Gorge
    Press into Service
    Unity of Purpose
--> Oath of Chandra
    Forest

--: Fall of the Titans

--: Fall of the Titans

Pack 2 pick 2:
    Bone Saw
    Vampire Envoy
    Tajuru Pathwarden
    Goblin Freerunner
    Zulaport Chainmage
    Natural State
    Witness the End
    Ancient Crab
    Affa Protector
    Walker of the Wastes
    Press into Service
    Mindmelter
--> Fall of the Titans
    Island

--: Tyrant of Valakut

--: Tyrant of Valakut

--: Tyrant of Valakut

--: Tyrant of Valakut

Pack 2 pick 3:
    Zada's Commando
    Crumbling Vestige
    Containment Membrane
    Tar Snare
    Unnatural Endurance
    Pulse of Murasa
    Akoum Flameseeker
    Searing Light
    Submerged Boneyard
    Roiling Waters
    Flayer Drone
--> Tyrant of Valakut
    Mountain

--: Embodiment of Fury

--: Embodiment of Fury

Pack 2 pick 4:
    Sweep Away
    Bone Saw
    Goblin Freerunner
    Loam Larva
    Slaughter Drone
    Sparkmage's Gambit
    Kor Scythemaster
    Comparative Analysis
    Grip of the Roil
--> Embodiment of Fury
    Call the Gatewatch
    Forest

--: Mina and Denn, Wildborn

--: Mina and Denn, Wildborn

Pack 2 pick 5:
    Tar Snare
    Cinder Hellion
    Lead by Example
    Untamed Hunger
    Pulse of Murasa
    Eldrazi Aggressor
    Dazzling Reflection
    Slip Through Space
    Immobilizer Eldrazi
--> Mina and Denn, Wildborn
    Plains

--: Cinder Hellion

--: Cinder Hellion

Pack 2 pick 6:
--> Cinder Hellion
    Holdout Settlement
    Gravity Negator
    Bone Saw
    Kozilek's Shrieker
    Abstruse Interference
    Sparkmage's Gambit
    Null Caller
    Gift of Tusks
    Swamp

--: Lead by Example

--: Lead by Example

Pack 2 pick 7:
    Gravity Negator
--> Lead by Example
    Untamed Hunger
    Slip Through Space
    Consuming Sinkhole
    Null Caller
    Cinder Barrens
    Ruin in Their Wake
    Plains

--: Crumbling Vestige

--: Netcaster Spider

--: Netcaster Spider

Pack 2 pick 8:
    Crumbling Vestige
    Kozilek's Shrieker
--> Netcaster Spider
    Witness the End
    Kazuul's Toll Collector
    Void Shatter
    Oath of Gideon
    Island

--: Press into Service

--: Press into Service

Pack 2 pick 9:
    Holdout Settlement
    Canopy Gorger
    Kozilek's Shrieker
    Sparkmage's Gambit
    Timber Gorge
--> Press into Service
    Forest

--: Goblin Freerunner

--: Goblin Freerunner

Pack 2 pick 10:
--> Goblin Freerunner
    Natural State
    Witness the End
    Walker of the Wastes
    Press into Service
    Island

--: Zada's Commando

Pack 2 pick 11:
--> Zada's Commando
    Pulse of Murasa
    Akoum Flameseeker
    Submerged Boneyard
    Mountain

--: Sparkmage's Gambit

--: Sparkmage's Gambit

Pack 2 pick 12:
--> Sparkmage's Gambit
    Comparative Analysis
    Call the Gatewatch
    Forest

--: Dazzling Reflection

Pack 2 pick 13:
    Untamed Hunger
--> Dazzling Reflection
    Plains

--: Abstruse Interference

Pack 2 pick 14:
--> Abstruse Interference
    Swamp

--: Plains

Pack 2 pick 15:
--> Plains

--: Rolling Thunder

--: Rolling Thunder

------ BFZ ------ 

Pack 3 pick 1:
    Oran-Rief Invoker
    Dispel
    Mind Raker
    Territorial Baloth
    Outnumber
    Volcanic Upheaval
    Belligerent Whiptail
    Stone Haven Medic
    Sheer Drop
    Valakut Invoker
--> Rolling Thunder
    Transgress the Mind
    Hedron Archive
    Planar Outburst
    Swamp

--: Blighted Gorge

--: Blighted Gorge

Pack 3 pick 2:
    Clutch of Currents
    Culling Drone
    Giant Mantis
    Anticipate
    Territorial Baloth
    Angelic Gift
    Valakut Invoker
    Ondu Greathorn
    Dominator Drone
    Void Attendant
    Herald of Kozilek
--> Blighted Gorge
    Guul Draz Overseer
    Forest

--: Valakut Predator

--: Valakut Predator

Pack 3 pick 3:
    Altar's Reap
    Plummet
    Coralhelm Guide
    Mire's Malice
    Outnumber
    Fortified Rampart
--> Valakut Predator
    Sheer Drop
    Hedron Blade
    Valakut Invoker
    Catacomb Sifter
    Ulamog's Despoiler
    Forest

--: Tajuru Warcaller

--: Tajuru Warcaller

Pack 3 pick 4:
    Sludge Crawler
    Earthen Arms
    Grave Birthing
    Broodhunter Wurm
    Ruin Processor
    Skyline Cascade
    Goblin War Paint
    Kor Castigator
    Jaddi Offshoot
    Carrier Thrall
--> Tajuru Warcaller
    Mountain

--: Ondu Champion

--: Rising Miasma

--: Ondu Champion

--: Ondu Champion

Pack 3 pick 5:
    Blisterpod
    Oracle of Dust
    Voracious Null
    Reclaiming Vines
    Goblin War Paint
    Tandem Tactics
    Ondu Greathorn
--> Ondu Champion
    Processor Assault
    Rising Miasma
    Plains

--: Stonefury

--: Smite the Monstrous

--: Stonefury

Pack 3 pick 6:
    Swell of Growth
    Dispel
    Earthen Arms
    Belligerent Whiptail
    Kor Castigator
    Shadow Glider
--> Stonefury
    Smite the Monstrous
    Processor Assault
    Island

--: March from the Tomb

Pack 3 pick 7:
    Tajuru Stalwart
    Culling Drone
    Rush of Ice
    Mortuary Mire
    Lavastep Raider
    Makindi Patrol
    Turn Against
--> March from the Tomb
    Island

--: Makindi Sliderunner

--: Makindi Sliderunner

Pack 3 pick 8:
    Mire's Malice
    Brilliant Spectrum
    Altar's Reap
    Fortified Rampart
--> Makindi Sliderunner
    Courier Griffin
    Scythe Leopard
    Island

--: Outnumber

--: Outnumber

Pack 3 pick 9:
    Dispel
    Territorial Baloth
--> Outnumber
    Volcanic Upheaval
    Belligerent Whiptail
    Transgress the Mind
    Swamp

--: Territorial Baloth

--: Territorial Baloth

Pack 3 pick 10:
    Giant Mantis
--> Territorial Baloth
    Angelic Gift
    Dominator Drone
    Void Attendant
    Forest

--: Valakut Invoker

Pack 3 pick 11:
    Altar's Reap
    Hedron Blade
--> Valakut Invoker
    Ulamog's Despoiler
    Forest

--: Jaddi Offshoot

Pack 3 pick 12:
    Earthen Arms
    Goblin War Paint
--> Jaddi Offshoot
    Mountain

--: Goblin War Paint

Pack 3 pick 13:
    Voracious Null
--> Goblin War Paint
    Plains

--: Belligerent Whiptail

Pack 3 pick 14:
--> Belligerent Whiptail
    Island

--: Island

Pack 3 pick 15:
--> Island

