Event #: 9391278
Time:    15.02.2016 0:11:01
Players:
    AiutoAiuto
--> Maxim88
    FritzDies
    liquidu
    Illness
    hoyboy7832
    EvoDevo
    lu1gui

--: Oblivion Strike

--: Oblivion Strike

------ OGW ------ 

Pack 1 pick 1:
--> Oblivion Strike
    Goblin Freerunner
    Wastes
    Sweep Away
    Untamed Hunger
    Vines of the Recluse
    Kozilek's Translator
    Stoneforge Masterwork
    Sparkmage's Gambit
    Shoulder to Shoulder
    Strider Harness
    Stoneforge Acolyte
    Havoc Sower
    Wandering Fumarole
    Forest

--: Deepfathom Skulker

--: Deepfathom Skulker

Pack 1 pick 2:
    Warden of Geometries
    Stalking Drone
    Kor Sky Climber
    Reality Hemorrhage
    Natural State
    Kozilek's Translator
    Elemental Uprising
    Akoum Flameseeker
    Ondu War Cleric
    Cultivator Drone
    Cinder Barrens
    Cyclone Sire
--> Deepfathom Skulker
    Mountain

--: Umara Entangler

--: Umara Entangler

Pack 1 pick 3:
    Wastes
    Bone Saw
    Lead by Example
    Untamed Hunger
    Vines of the Recluse
--> Umara Entangler
    Consuming Sinkhole
    Shoulder to Shoulder
    Tranquil Expanse
    Weapons Trainer
    Unity of Purpose
    Overwhelming Denial
    Island

--: Flaying Tendrils

--: Flaying Tendrils

Pack 1 pick 4:
    Witness the End
    Warden of Geometries
    Stalking Drone
    Witness the End
    Netcaster Spider
    Comparative Analysis
    Eldrazi Aggressor
    Kor Scythemaster
    Chitinous Cloak
    Ruin in Their Wake
--> Flaying Tendrils
    Forest

--: Tar Snare

--: Tar Snare

--: Tar Snare

Pack 1 pick 5:
    Expedition Raptor
--> Tar Snare
    Unknown Shores
    Sky Scourer
    Loam Larva
    Brute Strength
    Affa Protector
    Ancient Crab
    Chitinous Cloak
    Gift of Tusks
    Forest

--: Joraga Auxiliary

--: Crumbling Vestige

--: Crumbling Vestige

Pack 1 pick 6:
--> Crumbling Vestige
    Forest
    Witness the End
    Netcaster Spider
    Affa Protector
    Makindi Aeronaut
    Timber Gorge
    Ruin in Their Wake
    Joraga Auxiliary
    Mountain

--: Gravity Negator

--: Gravity Negator

Pack 1 pick 7:
    Crumbling Vestige
--> Gravity Negator
    Unnatural Endurance
    Pulse of Murasa
    Zulaport Chainmage
    Ancient Crab
    Maw of Kozilek
    Mighty Leap
    Swamp

--: Scion Summoner

--: Sweep Away

Pack 1 pick 8:
    Scion Summoner
--> Sweep Away
    Corpse Churn
    Natural State
    Shoulder to Shoulder
    Umara Entangler
    Mountain
    Island

--: Sweep Away

--: Sweep Away

Pack 1 pick 9:
    Wastes
--> Sweep Away
    Vines of the Recluse
    Sparkmage's Gambit
    Shoulder to Shoulder
    Strider Harness
    Forest

--: Cultivator Drone

--: Cultivator Drone

Pack 1 pick 10:
    Natural State
    Kozilek's Translator
    Elemental Uprising
--> Cultivator Drone
    Cinder Barrens
    Mountain

--: Tranquil Expanse

Pack 1 pick 11:
    Untamed Hunger
    Vines of the Recluse
    Consuming Sinkhole
--> Tranquil Expanse
    Island

Pack 1 pick 12:
    Witness the End
--> Netcaster Spider
    Ruin in Their Wake
    Forest

Pack 1 pick 13:
    Expedition Raptor
--> Gift of Tusks
    Forest

Pack 1 pick 14:
    Ruin in Their Wake
--> Mountain

Pack 1 pick 15:
--> Swamp

--: Reality Smasher

--: Reality Smasher

--: Reality Smasher

--: Reality Smasher

------ OGW ------ 

Pack 2 pick 1:
    Kozilek's Pathfinder
    Scion Summoner
    Kor Sky Climber
    Zada's Commando
    Crumbling Vestige
    Canopy Gorger
    Kozilek's Shrieker
    Eldrazi Aggressor
    Kor Scythemaster
    Negate
    Walker of the Wastes
    Warping Wail
    Malakir Soothsayer
--> Reality Smasher
    Island

--: Devour in Flames

--: Holdout Settlement

--: Gravity Negator

--: Gravity Negator

Pack 2 pick 2:
    Cinder Hellion
    Holdout Settlement
--> Gravity Negator
    Bone Saw
    Zulaport Chainmage
    Saddleback Lagac
    Corpse Churn
    Maw of Kozilek
    Shoulder to Shoulder
    Umara Entangler
    Null Caller
    Devour in Flames
    Iona's Blessing
    Swamp

--: Vampire Envoy

--: Slaughter Drone

--: Slaughter Drone

Pack 2 pick 3:
    Wastes
    Containment Membrane
    Bone Saw
    Vampire Envoy
    Witness the End
    Netcaster Spider
--> Slaughter Drone
    Expedite
    Searing Light
    Comparative Analysis
    Reckless Bushwhacker
    Void Grafter
    Plains

--: Jwar Isle Avenger

--: Jwar Isle Avenger

Pack 2 pick 4:
    Wastes
--> Jwar Isle Avenger
    Warden of Geometries
    Saddleback Lagac
    Kozilek's Shrieker
    Dazzling Reflection
    Slip Through Space
    Brute Strength
    Seed Guardian
    Void Shatter
    Oath of Gideon
    Plains

--: Holdout Settlement

Pack 2 pick 5:
    Goblin Freerunner
--> Holdout Settlement
    Lead by Example
    Untamed Hunger
    Sparkmage's Gambit
    Makindi Aeronaut
    Umara Entangler
    Consuming Sinkhole
    Reaver Drone
    Flayer Drone
    Swamp

--: Kozilek's Pathfinder

--: Slaughter Drone

--: Slaughter Drone

Pack 2 pick 6:
    Holdout Settlement
    Kozilek's Pathfinder
    Loam Larva
--> Slaughter Drone
    Lead by Example
    Eldrazi Aggressor
    Cinder Barrens
    Devour in Flames
    Hedron Alignment
    Mountain

--: Boulder Salvo

--: Malakir Soothsayer

Pack 2 pick 7:
    Boulder Salvo
    Abstruse Interference
    Witness the End
    Canopy Gorger
    Comparative Analysis
    Eldrazi Aggressor
    Affa Protector
--> Malakir Soothsayer
    Plains

--: Comparative Analysis

--: Wastes

--: Comparative Analysis

Pack 2 pick 8:
--> Wastes
    Netcaster Spider
    Witness the End
    Canopy Gorger
    Kor Scythemaster
    Comparative Analysis
    Eldrazi Aggressor
    Island

--: Crumbling Vestige

Pack 2 pick 9:
    Scion Summoner
--> Crumbling Vestige
    Canopy Gorger
    Eldrazi Aggressor
    Negate
    Warping Wail
    Island

--: Zulaport Chainmage

Pack 2 pick 10:
    Bone Saw
--> Zulaport Chainmage
    Corpse Churn
    Shoulder to Shoulder
    Devour in Flames
    Swamp

--: Comparative Analysis

Pack 2 pick 11:
    Wastes
    Witness the End
    Expedite
--> Comparative Analysis
    Plains

--: Kozilek's Shrieker

--: Kozilek's Shrieker

Pack 2 pick 12:
--> Kozilek's Shrieker
    Slip Through Space
    Brute Strength
    Plains

Pack 2 pick 13:
--> Sparkmage's Gambit
    Consuming Sinkhole
    Swamp

Pack 2 pick 14:
--> Eldrazi Aggressor
    Mountain

Pack 2 pick 15:
--> Plains

--: Eldrazi Skyspawner

--: Eldrazi Skyspawner

------ BFZ ------ 

Pack 3 pick 1:
    Earthen Arms
    Murk Strider
--> Eldrazi Skyspawner
    Ruin Processor
    Bone Splinters
    Broodhunter Wurm
    Mortuary Mire
    Tightening Coils
    Shatterskull Recruit
    Kor Castigator
    Ulamog's Nullifier
    Titan's Presence
    Firemantle Mage
    Undergrowth Champion
    Island

--: Felidar Sovereign

Pack 3 pick 2:
    Territorial Baloth
    Kalastria Nightwatch
    Swell of Growth
    Belligerent Whiptail
    Kor Castigator
    Reckless Cohort
    Stone Haven Medic
    Ondu Champion
    Gideon's Reproach
    Brood Monitor
    Resolute Blademaster
    Jaddi Offshoot
--> Felidar Sovereign
    Plains

--: Cloud Manta

--: Cloud Manta

Pack 3 pick 3:
    Swell of Growth
    Dispel
    Kalastria Nightwatch
--> Cloud Manta
    Sandstone Bridge
    Tajuru Beastmaster
    Demon's Grasp
    Skyline Cascade
    Kitesail Scout
    Tunneling Geopede
    Breaker of Armies
    Molten Nursery
    Forest

--: Titan's Presence

--: Dust Stalker

--: Titan's Presence

Pack 3 pick 4:
    Call the Scions
    Roilmage's Trick
    Swarm Surge
    Tajuru Stalwart
    Boiling Earth
    Makindi Patrol
    Makindi Sliderunner
    Lifespring Druid
    Unified Front
--> Titan's Presence
    Dust Stalker
    Plains

--: Oracle of Dust

--: Nirkana Assassin

--: Nirkana Assassin

Pack 3 pick 5:
    Brilliant Spectrum
--> Nirkana Assassin
    Seek the Wilds
    Oracle of Dust
    Volcanic Upheaval
    Stone Haven Medic
    Vestige of Emrakul
    Courier Griffin
    Shadow Glider
    Infuse with the Elements
    Mountain

--: Tightening Coils

--: Tightening Coils

Pack 3 pick 6:
    Roilmage's Trick
    Dutiful Return
--> Tightening Coils
    Eldrazi Devastator
    Looming Spires
    Fertile Thicket
    Snapping Gnarlid
    Kitesail Scout
    Sylvan Scrying
    Island

--: Mind Raker

--: Mind Raker

Pack 3 pick 7:
--> Mind Raker
    Territorial Baloth
    Roilmage's Trick
    Dutiful Return
    Lavastep Raider
    Cliffside Lookout
    Goblin War Paint
    Retreat to Kazandu
    Forest

--: Adverse Conditions

--: Adverse Conditions

--: Adverse Conditions

Pack 3 pick 8:
    Blisterpod
    Oracle of Dust
    Voracious Null
    Looming Spires
    Grave Birthing
    Reckless Cohort
--> Adverse Conditions
    Island

--: Ulamog's Nullifier

--: Ulamog's Nullifier

Pack 3 pick 9:
    Murk Strider
    Broodhunter Wurm
    Mortuary Mire
    Shatterskull Recruit
--> Ulamog's Nullifier
    Titan's Presence
    Island

--: Kor Castigator

Pack 3 pick 10:
    Swell of Growth
    Belligerent Whiptail
--> Kor Castigator
    Ondu Champion
    Jaddi Offshoot
    Plains

--: Skyline Cascade

Pack 3 pick 11:
    Swell of Growth
    Dispel
--> Skyline Cascade
    Molten Nursery
    Forest

--: Roilmage's Trick

Pack 3 pick 12:
--> Roilmage's Trick
    Tajuru Stalwart
    Unified Front
    Plains

Pack 3 pick 13:
    Brilliant Spectrum
--> Seek the Wilds
    Mountain

Pack 3 pick 14:
--> Roilmage's Trick
    Island

Pack 3 pick 15:
--> Forest

