Event #: 9392620
Time:    2/14/2016 6:33:52 PM
Players:
    Jilesoftrees
    SG_Gilishon
    Commander_Cody
    SlN
--> FinchleyCentral
    slizzard
    NovaExplovise
    Justador

--: Crush of Tentacles

--: Crush of Tentacles

------ OGW ------ 

Pack 1 pick 1:
    Vampire Envoy
    Scion Summoner
    Boulder Salvo
    Holdout Settlement
    Witness the End
    Canopy Gorger
    Kozilek's Translator
    Kor Scythemaster
    Comparative Analysis
    Eldrazi Aggressor
    Null Caller
    Timber Gorge
    Weapons Trainer
--> Crush of Tentacles
    Island

--: Essence Depleter

--: Essence Depleter

Pack 1 pick 2:
    Unknown Shores
    Sweep Away
    Bone Saw
    Tajuru Pathwarden
    Corpse Churn
    Canopy Gorger
    Slip Through Space
    Maw of Kozilek
    Dazzling Reflection
--> Essence Depleter
    Baloth Pup
    Reflector Mage
    Deceiver of Form
    Island

--: Saddleback Lagac

--: Saddleback Lagac

Pack 1 pick 3:
    Bone Saw
    Scion Summoner
    Cinder Hellion
    Elemental Uprising
    Sky Scourer
--> Saddleback Lagac
    Mighty Leap
    Abstruse Interference
    Akoum Flameseeker
    Stoneforge Acolyte
    Press into Service
    Needle Spires
    Plains

--: Embodiment of Insight

--: Embodiment of Insight

Pack 1 pick 4:
    Kozilek's Pathfinder
    Goblin Freerunner
    Pulse of Murasa
    Untamed Hunger
    Cinder Hellion
    Makindi Aeronaut
    Abstruse Interference
    Akoum Flameseeker
--> Embodiment of Insight
    Immobilizer Eldrazi
    Gift of Tusks
    Forest

--: Unknown Shores

--: Unknown Shores

Pack 1 pick 5:
    Cinder Hellion
--> Unknown Shores
    Gravity Negator
    Warden of Geometries
    Elemental Uprising
    Sky Scourer
    Negate
    Sparkmage's Gambit
    Tranquil Expanse
    Unity of Purpose
    Plains

--: Baloth Pup

--: Baloth Pup

Pack 1 pick 6:
    Crumbling Vestige
    Gravity Negator
    Canopy Gorger
    Sky Scourer
    Elemental Uprising
    Comparative Analysis
    Eldrazi Aggressor
--> Baloth Pup
    Warping Wail
    Forest

--: Gravity Negator

--: Gravity Negator

Pack 1 pick 7:
    Unknown Shores
--> Gravity Negator
    Warden of Geometries
    Vines of the Recluse
    Call the Gatewatch
    Consuming Sinkhole
    Negate
    Tears of Valakut
    Swamp

--: Pulse of Murasa

--: Pulse of Murasa

Pack 1 pick 8:
    Kozilek's Pathfinder
    Untamed Hunger
--> Pulse of Murasa
    Unnatural Endurance
    Comparative Analysis
    Eldrazi Aggressor
    Dazzling Reflection
    Swamp

--: Kozilek's Translator

Pack 1 pick 9:
    Holdout Settlement
    Witness the End
    Canopy Gorger
--> Kozilek's Translator
    Comparative Analysis
    Null Caller
    Island

--: Unknown Shores

Pack 1 pick 10:
--> Unknown Shores
    Corpse Churn
    Canopy Gorger
    Slip Through Space
    Dazzling Reflection
    Island

--: Elemental Uprising

Pack 1 pick 11:
    Bone Saw
--> Elemental Uprising
    Abstruse Interference
    Akoum Flameseeker
    Plains

--: Abstruse Interference

Pack 1 pick 12:
    Untamed Hunger
--> Abstruse Interference
    Gift of Tusks
    Forest

--: Elemental Uprising

Pack 1 pick 13:
--> Elemental Uprising
    Negate
    Plains

--: Canopy Gorger

Pack 1 pick 14:
--> Canopy Gorger
    Forest

--: Swamp

Pack 1 pick 15:
--> Swamp

--: Havoc Sower

--: Havoc Sower

------ OGW ------ 

Pack 2 pick 1:
    Expedition Raptor
    Reality Hemorrhage
    Crumbling Vestige
    Gravity Negator
    Sky Scourer
    Elemental Uprising
    Zulaport Chainmage
    Dazzling Reflection
    Umara Entangler
    Brute Strength
    Reckless Bushwhacker
--> Havoc Sower
    Stormchaser Mage
    Munda's Vanguard
    Mountain

--: Gladehart Cavalry

--: Gladehart Cavalry

Pack 2 pick 2:
    Bone Saw
    Vampire Envoy
    Tajuru Pathwarden
    Goblin Freerunner
    Stormchaser Mage
    Lead by Example
    Eldrazi Aggressor
    Kor Scythemaster
    Negate
    Sparkmage's Gambit
    Submerged Boneyard
    Void Shatter
--> Gladehart Cavalry
    Swamp

--: Kozilek's Shrieker

--: Kozilek's Shrieker

Pack 2 pick 3:
    Warden of Geometries
    Spawnbinder Mage
    Vampire Envoy
    Netcaster Spider
--> Kozilek's Shrieker
    Ancient Crab
    Affa Protector
    Makindi Aeronaut
    Make a Stand
    Visions of Brutality
    Relentless Hunter
    Overwhelming Denial
    Plains

--: Baloth Pup

--: Baloth Pup

Pack 2 pick 4:
    Goblin Freerunner
    Wastes
    Seer's Lantern
    Vines of the Recluse
    Zulaport Chainmage
    Consuming Sinkhole
    Searing Light
    Negate
    Chitinous Cloak
    Pyromancer's Assault
--> Baloth Pup
    Mountain

--: Stalking Drone

--: Stalking Drone

Pack 2 pick 5:
    Tar Snare
--> Stalking Drone
    Cinder Hellion
    Wastes
    Lead by Example
    Corpse Churn
    Affa Protector
    Mighty Leap
    Consuming Sinkhole
    Stoneforge Acolyte
    Swamp

--: Slaughter Drone

Pack 2 pick 6:
    Bone Saw
    Tajuru Pathwarden
    Loam Larva
--> Slaughter Drone
    Lead by Example
    Abstruse Interference
    Sparkmage's Gambit
    Kor Scythemaster
    Timber Gorge
    Island

--: Unnatural Endurance

--: Unnatural Endurance

Pack 2 pick 7:
    Bone Saw
    Tar Snare
    Unknown Shores
    Pulse of Murasa
--> Unnatural Endurance
    Dazzling Reflection
    Slip Through Space
    Flaying Tendrils
    Island

--: Seed Guardian

Pack 2 pick 8:
    Crumbling Vestige
    Hedron Crawler
    Kozilek's Translator
    Elemental Uprising
    Sky Scourer
--> Seed Guardian
    Unity of Purpose
    Forest

--: Expedition Raptor

Pack 2 pick 9:
--> Expedition Raptor
    Gravity Negator
    Elemental Uprising
    Zulaport Chainmage
    Dazzling Reflection
    Brute Strength
    Mountain

--: Tajuru Pathwarden

--: Tajuru Pathwarden

Pack 2 pick 10:
--> Tajuru Pathwarden
    Lead by Example
    Eldrazi Aggressor
    Negate
    Sparkmage's Gambit
    Swamp

--: Netcaster Spider

Pack 2 pick 11:
--> Netcaster Spider
    Affa Protector
    Visions of Brutality
    Relentless Hunter
    Plains

--: Vines of the Recluse

Pack 2 pick 12:
--> Vines of the Recluse
    Consuming Sinkhole
    Negate
    Mountain

--: Corpse Churn

Pack 2 pick 13:
--> Corpse Churn
    Mighty Leap
    Swamp

--: Timber Gorge

Pack 2 pick 14:
--> Timber Gorge
    Island

--: Island

Pack 2 pick 15:
--> Island

--: From Beyond

--: From Beyond

------ BFZ ------ 

Pack 3 pick 1:
    Sludge Crawler
    Plummet
    Eyeless Watcher
    Eldrazi Devastator
    Wave-Wing Elemental
    Fertile Thicket
    Geyserfield Stalker
    Snapping Gnarlid
    Kozilek's Sentinel
    Cliffside Lookout
    Forerunner of Slaughter
    Firemantle Mage
    Horribly Awry
--> From Beyond
    Island

--: Demon's Grasp

--: Demon's Grasp

Pack 3 pick 2:
    Mind Raker
    Territorial Baloth
    Tajuru Beastmaster
--> Demon's Grasp
    Skyline Cascade
    Eldrazi Skyspawner
    Ruin Processor
    Bone Splinters
    Boiling Earth
    Lithomancer's Focus
    Jaddi Offshoot
    Plated Crusher
    Sire of Stagnation
    Forest

--: Broodhunter Wurm

Pack 3 pick 3:
    Oracle of Dust
    Altar's Reap
    Plummet
--> Broodhunter Wurm
    Mortuary Mire
    Tightening Coils
    Looming Spires
    Grave Birthing
    Goblin War Paint
    Crumble to Dust
    Turn Against
    Desolation Twin
    Mountain

--: Kozilek's Channeler

--: Kozilek's Channeler

Pack 3 pick 4:
    Earthen Arms
    Incubator Drone
    Kalastria Healer
    Outnumber
    Angelic Gift
    Benthic Infiltrator
    Makindi Sliderunner
    Smite the Monstrous
--> Kozilek's Channeler
    Slab Hammer
    Sanctum of Ugin
    Swamp

--: Evolving Wilds

Pack 3 pick 5:
    Dispel
    Mind Raker
    Territorial Baloth
    Scour from Existence
--> Evolving Wilds
    Silent Skimmer
    Murasa Ranger
    Pathway Arrows
    Ulamog's Nullifier
    Sunken Hollow
    Island

--: Brood Butcher

Pack 3 pick 6:
    Dutiful Return
    Swell of Growth
    Dispel
    Evolving Wilds
--> Brood Butcher
    Hedron Blade
    Bone Splinters
    Unnatural Aggression
    Retreat to Kazandu
    Forest

--: Natural Connection

Pack 3 pick 7:
    Brilliant Spectrum
    Silent Skimmer
    Mortuary Mire
--> Natural Connection
    Makindi Sliderunner
    Shatterskull Recruit
    Processor Assault
    Retreat to Valakut
    Island

--: Unnatural Aggression

Pack 3 pick 8:
    Tajuru Stalwart
    Natural Connection
--> Unnatural Aggression
    Sandstone Bridge
    Shatterskull Recruit
    Kor Castigator
    Rising Miasma
    Forest

--: Plummet

Pack 3 pick 9:
--> Plummet
    Eyeless Watcher
    Eldrazi Devastator
    Fertile Thicket
    Geyserfield Stalker
    Forerunner of Slaughter
    Island

--: Plated Crusher

--: Jaddi Offshoot

Pack 3 pick 10:
    Mind Raker
    Ruin Processor
    Boiling Earth
--> Jaddi Offshoot
    Plated Crusher
    Forest

--: Altar's Reap

Pack 3 pick 11:
--> Altar's Reap
    Mortuary Mire
    Grave Birthing
    Goblin War Paint
    Mountain

--: Slab Hammer

Pack 3 pick 12:
    Kalastria Healer
    Angelic Gift
--> Slab Hammer
    Swamp

--: Murasa Ranger

Pack 3 pick 13:
    Dispel
--> Murasa Ranger
    Island

--: Swell of Growth

Pack 3 pick 14:
--> Swell of Growth
    Forest

--: Island

Pack 3 pick 15:
--> Island

