Event #: 9392077
Time:    2/14/2016 4:22:13 PM
Players:
    Williamtheconq
    thadchr
--> SilverRocket
    Littlenich455
    glw8
    MrWishyWashy
    Cantu
    blind_excel

--: Devour in Flames

--: Isolation Zone

--: Isolation Zone

------ OGW ------ 

Pack 1 pick 1:
    Hedron Crawler
--> Isolation Zone
    Tar Snare
    Cinder Hellion
    Vines of the Recluse
    Kozilek's Translator
    Saddleback Lagac
    Eldrazi Aggressor
    Affa Protector
    Mighty Leap
    Null Caller
    Gift of Tusks
    Devour in Flames
    Call the Gatewatch
    Island

--: Essence Depleter

--: Essence Depleter

Pack 1 pick 2:
    Blinding Drone
    Kozilek's Pathfinder
    Tajuru Pathwarden
    Expedition Raptor
    Elemental Uprising
    Sky Scourer
    Saddleback Lagac
    Searing Light
    Comparative Analysis
    Eldrazi Aggressor
--> Essence Depleter
    Submerged Boneyard
    Baloth Pup
    Island

--: Kozilek's Shrieker

--: Kozilek's Shrieker

Pack 1 pick 3:
    Spawnbinder Mage
    Cinder Hellion
    Unknown Shores
    Sweep Away
--> Kozilek's Shrieker
    Lead by Example
    Shoulder to Shoulder
    Umara Entangler
    Akoum Flameseeker
    Kazuul's Toll Collector
    Void Shatter
    Corrupted Crossroads
    Mountain

--: Containment Membrane

--: Maw of Kozilek

--: Slaughter Drone

--: Slaughter Drone

Pack 1 pick 4:
    Kor Sky Climber
    Wastes
    Containment Membrane
--> Slaughter Drone
    Lead by Example
    Untamed Hunger
    Maw of Kozilek
    Dazzling Reflection
    Umara Entangler
    Reaver Drone
    Timber Gorge
    Island

--: Tar Snare

--: Tar Snare

Pack 1 pick 5:
    Wastes
    Jwar Isle Avenger
    Warden of Geometries
--> Tar Snare
    Corpse Churn
    Natural State
    Affa Protector
    Makindi Aeronaut
    Abstruse Interference
    Steppe Glider
    Forest

--: Mindmelter

--: Mindmelter

Pack 1 pick 6:
    Jwar Isle Avenger
    Pulse of Murasa
    Untamed Hunger
    Slip Through Space
    Brute Strength
    Kor Scythemaster
    Comparative Analysis
--> Mindmelter
    Hedron Alignment
    Plains

--: Sweep Away

--: Sweep Away

Pack 1 pick 7:
    Goblin Freerunner
    Wastes
--> Sweep Away
    Witness the End
    Canopy Gorger
    Umara Entangler
    Consuming Sinkhole
    Void Shatter
    Swamp

--: Unnatural Endurance

--: Jwar Isle Avenger

--: Jwar Isle Avenger

Pack 1 pick 8:
--> Jwar Isle Avenger
    Unnatural Endurance
    Pulse of Murasa
    Zulaport Chainmage
    Ancient Crab
    Expedite
    Searing Light
    Forest

--: Eldrazi Aggressor

--: Eldrazi Aggressor

Pack 1 pick 9:
    Cinder Hellion
    Vines of the Recluse
--> Eldrazi Aggressor
    Mighty Leap
    Gift of Tusks
    Call the Gatewatch
    Island

--: Sky Scourer

--: Sky Scourer

Pack 1 pick 10:
    Elemental Uprising
--> Sky Scourer
    Searing Light
    Comparative Analysis
    Eldrazi Aggressor
    Island

--: Umara Entangler

--: Umara Entangler

Pack 1 pick 11:
    Cinder Hellion
    Lead by Example
--> Umara Entangler
    Kazuul's Toll Collector
    Mountain

--: Umara Entangler

--: Umara Entangler

--: Umara Entangler

--: Umara Entangler

Pack 1 pick 12:
    Untamed Hunger
    Dazzling Reflection
--> Umara Entangler
    Island

--: Natural State

--: Corpse Churn

Pack 1 pick 13:
--> Corpse Churn
    Natural State
    Forest

--: Untamed Hunger

Pack 1 pick 14:
--> Untamed Hunger
    Plains

--: Swamp

Pack 1 pick 15:
--> Swamp

--: Gravity Negator

--: Holdout Settlement

--: Holdout Settlement

------ OGW ------ 

Pack 2 pick 1:
    Cinder Hellion
--> Holdout Settlement
    Gravity Negator
    Bone Saw
    Expedition Raptor
    Corpse Churn
    Canopy Gorger
    Consuming Sinkhole
    Ondu War Cleric
    Cultivator Drone
    Cinder Barrens
    Grip of the Roil
    Relentless Hunter
    Zendikar Resurgent
    Swamp

--: Havoc Sower

--: Havoc Sower

Pack 2 pick 2:
    Jwar Isle Avenger
    Warden of Geometries
    Isolation Zone
    Tar Snare
    Elemental Uprising
    Zulaport Chainmage
    Natural State
    Searing Light
    Negate
    Sparkmage's Gambit
    Reckless Bushwhacker
--> Havoc Sower
    Stormchaser Mage
    Mountain

--: Oblivion Strike

--: Oblivion Strike

Pack 2 pick 3:
    Loam Larva
    Kor Sky Climber
--> Oblivion Strike
    Holdout Settlement
    Pulse of Murasa
    Zulaport Chainmage
    Affa Protector
    Ancient Crab
    Expedite
    Stormchaser Mage
    Warping Wail
    Captain's Claws
    Plains

--: Kozilek's Shrieker

--: Kozilek's Shrieker

Pack 2 pick 4:
    Wastes
    Jwar Isle Avenger
    Warden of Geometries
    Stalking Drone
--> Kozilek's Shrieker
    Netcaster Spider
    Witness the End
    Negate
    Sparkmage's Gambit
    Flayer Drone
    Stoneforge Acolyte
    Swamp

--: Zada's Commando

Pack 2 pick 5:
    Spawnbinder Mage
--> Zada's Commando
    Wastes
    Lead by Example
    Untamed Hunger
    Pulse of Murasa
    Mighty Leap
    Expedite
    Timber Gorge
    Press into Service
    Island

--: Unnatural Endurance

--: Unnatural Endurance

Pack 2 pick 6:
    Spawnbinder Mage
    Cinder Hellion
    Sweep Away
--> Unnatural Endurance
    Vines of the Recluse
    Ancient Crab
    Unity of Purpose
    Weapons Trainer
    Hissing Quagmire
    Swamp

--: Crumbling Vestige

--: Crumbling Vestige

Pack 2 pick 7:
    Zada's Commando
--> Crumbling Vestige
    Kozilek's Shrieker
    Loam Larva
    Sparkmage's Gambit
    Shoulder to Shoulder
    Slip Through Space
    Iona's Blessing
    Plains

--: Reaver Drone

--: Reaver Drone

Pack 2 pick 8:
    Kozilek's Pathfinder
    Netcaster Spider
    Negate
    Maw of Kozilek
    Shoulder to Shoulder
--> Reaver Drone
    Bonds of Mortality
    Island

--: Gravity Negator

--: Gravity Negator

Pack 2 pick 9:
--> Gravity Negator
    Bone Saw
    Expedition Raptor
    Corpse Churn
    Canopy Gorger
    Consuming Sinkhole
    Swamp

--: Negate

--: Negate

Pack 2 pick 10:
    Elemental Uprising
    Natural State
    Searing Light
--> Negate
    Stormchaser Mage
    Mountain

--: Ancient Crab

--: Ancient Crab

Pack 2 pick 11:
    Pulse of Murasa
--> Ancient Crab
    Expedite
    Stormchaser Mage
    Plains

--: Witness the End

Pack 2 pick 12:
--> Witness the End
    Negate
    Sparkmage's Gambit
    Swamp

--: Untamed Hunger

--: Expedite

--: Untamed Hunger

--: Untamed Hunger

Pack 2 pick 13:
--> Untamed Hunger
    Expedite
    Island

--: Ancient Crab

Pack 2 pick 14:
--> Ancient Crab
    Swamp

--: Plains

Pack 2 pick 15:
--> Plains

--: Swarm Surge

--: Swarm Surge

------ BFZ ------ 

Pack 3 pick 1:
    Call the Scions
    Roilmage's Trick
--> Swarm Surge
    Tajuru Stalwart
    Fortified Rampart
    Lavastep Raider
    Valakut Predator
    Sheer Drop
    Valakut Invoker
    Shadow Glider
    Turn Against
    Bloodbond Vampire
    Kor Bladewhirl
    Felidar Sovereign
    Plains

--: Cloud Manta

--: Cloud Manta

Pack 3 pick 2:
    Blisterpod
    Oracle of Dust
    Voracious Null
    Hedron Blade
    Bone Splinters
    Unnatural Aggression
    Sandstone Bridge
--> Cloud Manta
    Kor Castigator
    Sure Strike
    Ondu Rising
    Retreat to Coralhelm
    Blighted Woodland
    Island

--: Cloud Manta

--: Spawning Bed

--: Spawning Bed

Pack 3 pick 3:
    Kalastria Healer
    Reclaiming Vines
    Salvage Drone
    Unnatural Aggression
    Geyserfield Stalker
    Cloud Manta
    Sandstone Bridge
    Tajuru Beastmaster
    Sure Strike
    Swamp
    Jaddi Offshoot
--> Spawning Bed
    Plains

--: Demon's Grasp

--: Demon's Grasp

Pack 3 pick 4:
    Brilliant Spectrum
    Altar's Reap
    Call the Scions
    Eldrazi Devastator
--> Demon's Grasp
    Looming Spires
    Fertile Thicket
    Volcanic Upheaval
    Stone Haven Medic
    Void Attendant
    Lantern Scout
    Island

--: Kozilek's Sentinel

--: Kozilek's Sentinel

Pack 3 pick 5:
    Call the Scions
    Voracious Null
    Oran-Rief Invoker
    Felidar Cub
--> Kozilek's Sentinel
    Courier Griffin
    Shadow Glider
    Lifespring Druid
    Pathway Arrows
    Chasm Guide
    Mountain

--: Dampening Pulse

--: Dampening Pulse

Pack 3 pick 6:
    Coralhelm Guide
    Natural Connection
    Eldrazi Devastator
    Demon's Grasp
    Looming Spires
    Cliffside Lookout
    Volcanic Upheaval
    Kor Entanglers
--> Dampening Pulse
    Plains

--: Mire's Malice

--: Mire's Malice

Pack 3 pick 7:
--> Mire's Malice
    Giant Mantis
    Brilliant Spectrum
    Altar's Reap
    Felidar Cub
    Boiling Earth
    Lithomancer's Focus
    Scythe Leopard
    Plains

--: Dispel

--: Dispel

Pack 3 pick 8:
    Swell of Growth
--> Dispel
    Hedron Blade
    Mountain
    Sandstone Bridge
    Shatterskull Recruit
    Felidar Cub
    Forest

--: Roilmage's Trick

--: Roilmage's Trick

Pack 3 pick 9:
--> Roilmage's Trick
    Tajuru Stalwart
    Fortified Rampart
    Lavastep Raider
    Valakut Invoker
    Shadow Glider
    Plains

--: Unnatural Aggression

--: Unnatural Aggression

Pack 3 pick 10:
    Blisterpod
    Hedron Blade
--> Unnatural Aggression
    Sandstone Bridge
    Retreat to Coralhelm
    Island

--: Sure Strike

--: Sure Strike

Pack 3 pick 11:
    Reclaiming Vines
    Sandstone Bridge
--> Sure Strike
    Swamp
    Plains

--: Altar's Reap

--: Altar's Reap

Pack 3 pick 12:
    Brilliant Spectrum
--> Altar's Reap
    Volcanic Upheaval
    Island

--: Voracious Null

Pack 3 pick 13:
    Call the Scions
--> Voracious Null
    Mountain

--: Volcanic Upheaval

Pack 3 pick 14:
--> Volcanic Upheaval
    Plains

--: Plains

Pack 3 pick 15:
--> Plains

