Event #: 9392118
Time:    2/14/2016 4:31:52 PM
Players:
    voldaren2012
    N_cho
--> HuaxingMachine
    Ogrodek
    PlaneswalkerMaster69
    mtgheadquarters
    aznbond28
    Shakthi

--: Mirrorpool

--: Mirrorpool

------ OGW ------ 

Pack 1 pick 1:
    Warden of Geometries
    Stalking Drone
    Kor Sky Climber
    Reality Hemorrhage
    Sky Scourer
    Loam Larva
    Witness the End
    Sparkmage's Gambit
    Kor Scythemaster
    Comparative Analysis
    Submerged Boneyard
    Baloth Pup
    Flayer Drone
--> Mirrorpool
    Forest

--: Devour in Flames

--: Devour in Flames

Pack 1 pick 2:
    Gravity Negator
    Warden of Geometries
    Stalking Drone
    Kor Sky Climber
    Witness the End
    Canopy Gorger
    Kozilek's Translator
    Eldrazi Aggressor
    Kor Scythemaster
    Negate
    Tranquil Expanse
--> Devour in Flames
    Ruin in Their Wake
    Island

--: Wall of Resurgence

--: Maw of Kozilek

--: Maw of Kozilek

Pack 1 pick 3:
    Sweep Away
    Seer's Lantern
    Kor Sky Climber
    Untamed Hunger
    Pulse of Murasa
--> Maw of Kozilek
    Dazzling Reflection
    Umara Entangler
    Meandering River
    Reflector Mage
    Wall of Resurgence
    Oath of Nissa
    Plains

--: Reckless Bushwhacker

--: Reckless Bushwhacker

Pack 1 pick 4:
    Tar Snare
    Stalking Drone
    Cinder Hellion
    Wastes
    Netcaster Spider
    Expedite
    Searing Light
    Comparative Analysis
--> Reckless Bushwhacker
    Harvester Troll
    Stormchaser Mage
    Plains

--: Jwar Isle Avenger

--: Jwar Isle Avenger

Pack 1 pick 5:
--> Jwar Isle Avenger
    Warden of Geometries
    Spawnbinder Mage
    Reality Hemorrhage
    Lead by Example
    Corpse Churn
    Sparkmage's Gambit
    Makindi Aeronaut
    Umara Entangler
    Make a Stand
    Swamp

--: Akoum Flameseeker

--: Akoum Flameseeker

Pack 1 pick 6:
    Crumbling Vestige
    Gravity Negator
    Witness the End
    Abstruse Interference
--> Akoum Flameseeker
    Searing Light
    Reaver Drone
    Submerged Boneyard
    Tears of Valakut
    Mountain

--: Weapons Trainer

--: Weapons Trainer

Pack 1 pick 7:
    Wastes
    Bone Saw
    Pulse of Murasa
    Untamed Hunger
    Mighty Leap
    Abstruse Interference
    Chitinous Cloak
--> Weapons Trainer
    Forest

--: Containment Membrane

--: Containment Membrane

Pack 1 pick 8:
    Crumbling Vestige
--> Containment Membrane
    Elemental Uprising
    Zulaport Chainmage
    Natural State
    Expedite
    Makindi Aeronaut
    Swamp

--: Sparkmage's Gambit

--: Sparkmage's Gambit

Pack 1 pick 9:
    Warden of Geometries
    Loam Larva
    Witness the End
--> Sparkmage's Gambit
    Comparative Analysis
    Submerged Boneyard
    Forest

--: Eldrazi Aggressor

--: Eldrazi Aggressor

Pack 1 pick 10:
    Witness the End
    Canopy Gorger
--> Eldrazi Aggressor
    Negate
    Ruin in Their Wake
    Island

--: Umara Entangler

Pack 1 pick 11:
    Untamed Hunger
    Pulse of Murasa
    Dazzling Reflection
--> Umara Entangler
    Plains

--: Comparative Analysis

Pack 1 pick 12:
    Searing Light
--> Comparative Analysis
    Harvester Troll
    Plains

--: Umara Entangler

Pack 1 pick 13:
    Corpse Churn
--> Umara Entangler
    Swamp

Pack 1 pick 14:
--> Abstruse Interference
    Mountain

Pack 1 pick 15:
--> Forest

--: Thought-Knot Seer

--: Thought-Knot Seer

------ OGW ------ 

Pack 2 pick 1:
    Unknown Shores
    Sweep Away
    Seer's Lantern
    Kor Sky Climber
    Unnatural Endurance
    Pulse of Murasa
    Zulaport Chainmage
    Shoulder to Shoulder
    Umara Entangler
    Ruins of Oran-Rief
    Cyclone Sire
    Mindmelter
    Havoc Sower
--> Thought-Knot Seer
    Forest

--: Jwar Isle Avenger

--: Reckless Bushwhacker

--: Jwar Isle Avenger

--: Reckless Bushwhacker

--: Jwar Isle Avenger

--: Reckless Bushwhacker

--: Jwar Isle Avenger

--: Jwar Isle Avenger

Pack 2 pick 2:
    Oblivion Strike
    Stalking Drone
    Zendikar Resurgent
    Wastes
--> Jwar Isle Avenger
    Unnatural Endurance
    Pulse of Murasa
    Shoulder to Shoulder
    Umara Entangler
    Akoum Flameseeker
    Reckless Bushwhacker
    Birthing Hulk
    Warping Wail
    Plains

--: Zada's Commando

--: Zada's Commando

Pack 2 pick 3:
    Kor Sky Climber
--> Zada's Commando
    Crumbling Vestige
    Containment Membrane
    Hedron Crawler
    Canopy Gorger
    Kozilek's Shrieker
    Dazzling Reflection
    Slip Through Space
    Consuming Sinkhole
    Null Caller
    Cinder Barrens
    Mountain

--: Immobilizer Eldrazi

--: Immobilizer Eldrazi

Pack 2 pick 4:
    Crumbling Vestige
    Gravity Negator
    Hedron Crawler
    Canopy Gorger
    Kozilek's Shrieker
    Lead by Example
    Dazzling Reflection
    Slip Through Space
    Consuming Sinkhole
    Joraga Auxiliary
--> Immobilizer Eldrazi
    Swamp

--: Brute Strength

--: Brute Strength

Pack 2 pick 5:
    Wastes
    Warden of Geometries
    Spawnbinder Mage
    Corpse Churn
--> Brute Strength
    Kor Scythemaster
    Comparative Analysis
    Allied Reinforcements
    Bonds of Mortality
    Overwhelming Denial
    Swamp

--: Holdout Settlement

--: Holdout Settlement

Pack 2 pick 6:
--> Holdout Settlement
    Blinding Drone
    Witness the End
    Slaughter Drone
    Kor Scythemaster
    Comparative Analysis
    Eldrazi Aggressor
    Mindmelter
    Gift of Tusks
    Swamp

--: Gravity Negator

--: Gravity Negator

Pack 2 pick 7:
--> Gravity Negator
    Bone Saw
    Tar Snare
    Natural State
    Kozilek's Translator
    Ancient Crab
    Void Grafter
    Stoneforge Acolyte
    Plains

--: Seer's Lantern

--: Umara Entangler

--: Seer's Lantern

--: Seer's Lantern

Pack 2 pick 8:
    Wastes
    Sweep Away
--> Seer's Lantern
    Corpse Churn
    Sparkmage's Gambit
    Umara Entangler
    Timber Gorge
    Mountain

--: Sweep Away

Pack 2 pick 9:
--> Sweep Away
    Seer's Lantern
    Unnatural Endurance
    Pulse of Murasa
    Umara Entangler
    Mindmelter
    Forest

--: Wastes

--: Wastes

Pack 2 pick 10:
    Zendikar Resurgent
--> Wastes
    Pulse of Murasa
    Akoum Flameseeker
    Warping Wail
    Plains

Pack 2 pick 11:
    Canopy Gorger
    Dazzling Reflection
    Consuming Sinkhole
--> Null Caller
    Mountain

--: Gravity Negator

Pack 2 pick 12:
--> Gravity Negator
    Dazzling Reflection
    Consuming Sinkhole
    Swamp

Pack 2 pick 13:
    Corpse Churn
--> Comparative Analysis
    Swamp

Pack 2 pick 14:
--> Witness the End
    Swamp

Pack 2 pick 15:
--> Plains

--: Akoum Firebird

--: Akoum Firebird

------ BFZ ------ 

Pack 3 pick 1:
    Brilliant Spectrum
    Nirkana Assassin
    Fertile Thicket
    Geyserfield Stalker
    Snapping Gnarlid
    Evolving Wilds
    Eldrazi Skyspawner
    Hedron Blade
    Cliffside Lookout
    Outnumber
    Hedron Archive
    Ulamog's Nullifier
    Grove Rumbler
--> Akoum Firebird
    Swamp

--: Akoum Hellkite

--: Akoum Hellkite

Pack 3 pick 2:
    Murk Strider
    Voracious Null
    Oran-Rief Invoker
    Brilliant Spectrum
    Stone Haven Medic
    Kozilek's Sentinel
    Smite the Monstrous
    Kozilek's Channeler
    Touch of the Void
    Ondu Greathorn
    Infuse with the Elements
    Catacomb Sifter
--> Akoum Hellkite
    Swamp

Pack 3 pick 3:
    Giant Mantis
    Brilliant Spectrum
    Altar's Reap
    Eyeless Watcher
    Rush of Ice
    Silent Skimmer
    Mortuary Mire
    Natural Connection
--> Kozilek's Sentinel
    Transgress the Mind
    Retreat to Hagra
    Veteran Warleader
    Forest

--: Valakut Predator

--: Valakut Predator

Pack 3 pick 4:
    Seek the Wilds
    Coralhelm Guide
    Oran-Rief Invoker
    Belligerent Whiptail
    Stone Haven Medic
    Ghostly Sentinel
    Dominator Drone
--> Valakut Predator
    Akoum Stonewaker
    Malakir Familiar
    Zada, Hedron Grinder
    Plains

--: Shatterskull Recruit

Pack 3 pick 5:
    Territorial Baloth
    Roilmage's Trick
    Dutiful Return
    Grave Birthing
    Eyeless Watcher
    Eldrazi Devastator
    Wave-Wing Elemental
    Kitesail Scout
--> Shatterskull Recruit
    Encircling Fissure
    Mountain

--: Conduit of Ruin

--: Conduit of Ruin

Pack 3 pick 6:
    Swarm Surge
    Call the Scions
    Rush of Ice
    Natural Connection
    Unnatural Aggression
    Geyserfield Stalker
    Inspired Charge
    Volcanic Upheaval
--> Conduit of Ruin
    Swamp

--: Valakut Invoker

--: Valakut Invoker

Pack 3 pick 7:
    Dispel
    Mind Raker
    Territorial Baloth
    Volcanic Upheaval
    Hedron Blade
--> Valakut Invoker
    Ulamog's Reclaimer
    Slab Hammer
    Plains

--: Horribly Awry

--: Horribly Awry

Pack 3 pick 8:
    Altar's Reap
    Plummet
    Bone Splinters
    Broodhunter Wurm
    Tightening Coils
    Fortified Rampart
--> Horribly Awry
    Mountain

Pack 3 pick 9:
    Brilliant Spectrum
    Fertile Thicket
    Geyserfield Stalker
--> Hedron Blade
    Cliffside Lookout
    Ulamog's Nullifier
    Swamp

Pack 3 pick 10:
--> Murk Strider
    Voracious Null
    Brilliant Spectrum
    Smite the Monstrous
    Infuse with the Elements
    Swamp

Pack 3 pick 11:
    Brilliant Spectrum
    Altar's Reap
--> Rush of Ice
    Natural Connection
    Forest

--: Coralhelm Guide

--: Coralhelm Guide

Pack 3 pick 12:
    Seek the Wilds
--> Coralhelm Guide
    Belligerent Whiptail
    Plains

Pack 3 pick 13:
--> Roilmage's Trick
    Kitesail Scout
    Mountain

Pack 3 pick 14:
--> Volcanic Upheaval
    Swamp

Pack 3 pick 15:
--> Plains

