Event #: 9392580
Time:    2/14/2016 6:22:28 PM
Players:
    danielf80
    sdotcarter
    negator5543
    CaptainKirkk
--> HuaxingMachine
    Amelas
    mtgheadquarters
    ExisFlame

--: Deceiver of Form

--: Deceiver of Form

------ OGW ------ 

Pack 1 pick 1:
    Gravity Negator
    Bone Saw
    Ancient Crab
    Spawnbinder Mage
    Cinder Hellion
    Corpse Churn
    Natural State
    Mighty Leap
    Cultivator Drone
    Expedite
    Tranquil Expanse
    Weapons Trainer
    Unity of Purpose
--> Deceiver of Form
    Forest

--: Steppe Glider

--: Thought Harvester

--: Thought Harvester

Pack 1 pick 2:
    Stalking Drone
    Steppe Glider
    Reality Hemorrhage
    Wastes
    Pulse of Murasa
    Unnatural Endurance
    Vines of the Recluse
    Eldrazi Aggressor
    Kor Scythemaster
    Negate
    Strider Harness
--> Thought Harvester
    Void Grafter
    Swamp

--: Shoulder to Shoulder

--: Shoulder to Shoulder

Pack 1 pick 3:
    Warden of Geometries
    Tar Snare
    Reality Hemorrhage
    Wastes
    Netcaster Spider
    Witness the End
--> Shoulder to Shoulder
    Slip Through Space
    Chitinous Cloak
    Ruin in Their Wake
    Flaying Tendrils
    Captain's Claws
    Swamp

--: Wall of Resurgence

--: Wall of Resurgence

Pack 1 pick 4:
    Cinder Hellion
    Unknown Shores
    Gravity Negator
    Warden of Geometries
    Loam Larva
    Slaughter Drone
    Brute Strength
    Affa Protector
    Ancient Crab
--> Wall of Resurgence
    Remorseless Punishment
    Plains

--: Grip of the Roil

--: Reckless Bushwhacker

--: Kor Scythemaster

--: Grip of the Roil

--: Reckless Bushwhacker

--: Kor Scythemaster

--: Grip of the Roil

--: Reckless Bushwhacker

--: Canopy Gorger

--: Comparative Analysis

--: Eldrazi Aggressor

--: Kor Scythemaster

--: Kor Scythemaster

Pack 1 pick 5:
    Unknown Shores
    Kozilek's Pathfinder
    Mountain
    Canopy Gorger
--> Kor Scythemaster
    Comparative Analysis
    Eldrazi Aggressor
    Grip of the Roil
    Reckless Bushwhacker
    Baloth Pup
    Swamp

--: Joraga Auxiliary

--: Kor Scythemaster

--: Scion Summoner

--: Kor Scythemaster

--: Joraga Auxiliary

--: Gravity Negator

--: Kor Scythemaster

--: Scion Summoner

--: Kor Scythemaster

--: Joraga Auxiliary

--: Kor Scythemaster

--: Scion Summoner

--: Kor Scythemaster

--: Joraga Auxiliary

--: Joraga Auxiliary

Pack 1 pick 6:
    Gravity Negator
    Scion Summoner
    Kor Scythemaster
    Comparative Analysis
    Eldrazi Aggressor
    Dazzling Reflection
    Kazuul's Toll Collector
--> Joraga Auxiliary
    Hedron Alignment
    Swamp

--: Goblin Freerunner

--: Goblin Freerunner

Pack 1 pick 7:
--> Goblin Freerunner
    Wastes
    Corpse Churn
    Natural State
    Expedite
    Ancient Crab
    Pyromancer's Assault
    Flaying Tendrils
    Mountain

--: Kazuul's Toll Collector

--: Kazuul's Toll Collector

Pack 1 pick 8:
    Corpse Churn
    Canopy Gorger
    Consuming Sinkhole
    Searing Light
    Negate
--> Kazuul's Toll Collector
    Stormchaser Mage
    Swamp

--: Weapons Trainer

--: Weapons Trainer

Pack 1 pick 9:
    Ancient Crab
    Corpse Churn
    Natural State
    Mighty Leap
    Expedite
--> Weapons Trainer
    Forest

Pack 1 pick 10:
    Pulse of Murasa
    Unnatural Endurance
--> Vines of the Recluse
    Negate
    Strider Harness
    Swamp

--: Chitinous Cloak

Pack 1 pick 11:
    Tar Snare
    Witness the End
--> Chitinous Cloak
    Ruin in Their Wake
    Swamp

--: Brute Strength

Pack 1 pick 12:
    Warden of Geometries
--> Brute Strength
    Ancient Crab
    Plains

Pack 1 pick 13:
--> Canopy Gorger
    Comparative Analysis
    Swamp

Pack 1 pick 14:
    Hedron Alignment
--> Swamp

Pack 1 pick 15:
--> Mountain

--: Kozilek's Return

------ OGW ------ 

Pack 2 pick 1:
    Kor Sky Climber
    Zada's Commando
    Crumbling Vestige
    Containment Membrane
    Hedron Crawler
    Canopy Gorger
    Kozilek's Translator
    Umara Entangler
    Brute Strength
    Mighty Leap
    Reaver Drone
    Flayer Drone
    Tears of Valakut
--> Kozilek's Return
    Forest

--: Immobilizer Eldrazi

--: Immobilizer Eldrazi

Pack 2 pick 2:
    Cinder Hellion
    Unknown Shores
    Sweep Away
    Seer's Lantern
    Kor Sky Climber
    Netcaster Spider
    Kozilek's Shrieker
    Brute Strength
    Affa Protector
    Ancient Crab
    Embodiment of Insight
--> Immobilizer Eldrazi
    Gift of Tusks
    Island

--: Holdout Settlement

--: Holdout Settlement

Pack 2 pick 3:
--> Holdout Settlement
    Blinding Drone
    Kozilek's Pathfinder
    Corpse Churn
    Canopy Gorger
    Slip Through Space
    Consuming Sinkhole
    Searing Light
    Harvester Troll
    Void Shatter
    Malakir Soothsayer
    Ruins of Oran-Rief
    Mountain

--: Goblin Freerunner

--: Goblin Freerunner

Pack 2 pick 4:
    Tajuru Pathwarden
--> Goblin Freerunner
    Wastes
    Pulse of Murasa
    Zulaport Chainmage
    Expedite
    Makindi Aeronaut
    Abstruse Interference
    Seed Guardian
    Unity of Purpose
    Overwhelming Denial
    Island

--: Makindi Aeronaut

--: Makindi Aeronaut

Pack 2 pick 5:
    Wastes
    Jwar Isle Avenger
    Slaughter Drone
    Loam Larva
    Ancient Crab
    Affa Protector
--> Makindi Aeronaut
    Pyromancer's Assault
    Relentless Hunter
    Void Shatter
    Plains

--: Holdout Settlement

--: Holdout Settlement

Pack 2 pick 6:
    Vampire Envoy
    Tajuru Pathwarden
    Forest
--> Holdout Settlement
    Lead by Example
    Corpse Churn
    Natural State
    Cliffhaven Vampire
    Flaying Tendrils
    Plains

--: Allied Reinforcements

--: Allied Reinforcements

Pack 2 pick 7:
    Vines of the Recluse
    Kozilek's Translator
    Comparative Analysis
    Eldrazi Aggressor
    Dazzling Reflection
--> Allied Reinforcements
    Wall of Resurgence
    Bonds of Mortality
    Swamp

--: Stoneforge Acolyte

--: Stoneforge Acolyte

Pack 2 pick 8:
    Wastes
    Untamed Hunger
    Ancient Crab
    Expedite
    Strider Harness
--> Stoneforge Acolyte
    Overwhelming Denial
    Swamp

--: Brute Strength

--: Brute Strength

Pack 2 pick 9:
    Crumbling Vestige
    Canopy Gorger
    Umara Entangler
--> Brute Strength
    Mighty Leap
    Tears of Valakut
    Forest

--: Affa Protector

--: Cinder Hellion

--: Cinder Hellion

Pack 2 pick 10:
--> Cinder Hellion
    Netcaster Spider
    Affa Protector
    Ancient Crab
    Gift of Tusks
    Island

--: Kozilek's Pathfinder

--: Kozilek's Pathfinder

Pack 2 pick 11:
--> Kozilek's Pathfinder
    Corpse Churn
    Canopy Gorger
    Consuming Sinkhole
    Mountain

Pack 2 pick 12:
--> Pulse of Murasa
    Abstruse Interference
    Overwhelming Denial
    Island

Pack 2 pick 13:
--> Pyromancer's Assault
    Relentless Hunter
    Plains

Pack 2 pick 14:
--> Corpse Churn
    Plains

Pack 2 pick 15:
--> Swamp

--: Valakut Predator

--: Valakut Predator

------ BFZ ------ 

Pack 3 pick 1:
    Culling Drone
    Giant Mantis
    Lumbering Falls
    Mind Raker
    Felidar Cub
    Goblin War Paint
    Ghostly Sentinel
    Dominator Drone
--> Valakut Predator
    Sheer Drop
    Vampiric Rites
    Roil's Retribution
    Carrier Thrall
    Scatter to the Winds
    Plains

--: Gideon's Reproach

--: Gideon's Reproach

Pack 3 pick 2:
    Dispel
    Mind Raker
    Territorial Baloth
    Clutch of Currents
    Stone Haven Medic
    Shatterskull Recruit
    Vestige of Emrakul
--> Gideon's Reproach
    Sheer Drop
    Catacomb Sifter
    Processor Assault
    Retreat to Valakut
    Cinder Glade
    Forest

--: Deathless Behemoth

--: Deathless Behemoth

Pack 3 pick 3:
    Territorial Baloth
    Roilmage's Trick
    Dutiful Return
    Swell of Growth
    Kitesail Scout
    Shatterskull Recruit
    Kozilek's Channeler
    Reckless Cohort
    Rising Miasma
    Expedition Envoy
--> Deathless Behemoth
    Ugin's Insight
    Swamp

--: Stonefury

Pack 3 pick 4:
    Plummet
    Coralhelm Guide
    Mire's Malice
    Tajuru Stalwart
    Angelic Gift
    Lavastep Raider
--> Stonefury
    Ghostly Sentinel
    Slab Hammer
    Retreat to Coralhelm
    Defiant Bloodlord
    Plains

--: Valakut Predator

Pack 3 pick 5:
    Swell of Growth
    Dispel
    Kalastria Nightwatch
    Earthen Arms
    Reckless Cohort
    Stone Haven Medic
    Vestige of Emrakul
    Ghostly Sentinel
--> Valakut Predator
    Aligned Hedron Network
    Mountain

Pack 3 pick 6:
    Oracle of Dust
    Altar's Reap
    Plummet
    Spell Shrivel
    Skyline Cascade
    Eyeless Watcher
--> Inspired Charge
    Void Attendant
    Ulamog's Despoiler
    Swamp

--: Lavastep Raider

--: Lavastep Raider

Pack 3 pick 7:
    Territorial Baloth
    Kalastria Nightwatch
    Snapping Gnarlid
    Hedron Blade
    Angelic Gift
--> Lavastep Raider
    Infuse with the Elements
    Brood Butcher
    Island

--: Reckless Cohort

Pack 3 pick 8:
    Altar's Reap
    Call the Scions
    Roilmage's Trick
    Broodhunter Wurm
    Mortuary Mire
--> Reckless Cohort
    Inspired Charge
    Forest

--: Felidar Cub

--: Ghostly Sentinel

--: Felidar Cub

--: Ghostly Sentinel

--: Ghostly Sentinel

Pack 3 pick 9:
    Giant Mantis
    Felidar Cub
    Goblin War Paint
--> Ghostly Sentinel
    Vampiric Rites
    Carrier Thrall
    Plains

--: Shatterskull Recruit

Pack 3 pick 10:
    Dispel
    Territorial Baloth
--> Shatterskull Recruit
    Processor Assault
    Retreat to Valakut
    Forest

Pack 3 pick 11:
    Territorial Baloth
--> Roilmage's Trick
    Dutiful Return
    Swell of Growth
    Swamp

--: Lavastep Raider

Pack 3 pick 12:
    Plummet
--> Lavastep Raider
    Retreat to Coralhelm
    Plains

Pack 3 pick 13:
--> Swell of Growth
    Earthen Arms
    Mountain

Pack 3 pick 14:
--> Skyline Cascade
    Swamp

Pack 3 pick 15:
--> Island

