Event #: 9393729
Time:    2/14/2016 11:33:35 PM
Players:
--> HuaxingMachine
    DjTiesto
    TheMuffinMan1639
    Enowise
    JouNick
    shiftevolve
    Ellison
    konoes00

--: Seed Guardian

--: Boulder Salvo

--: Seed Guardian

--: Boulder Salvo

--: Seed Guardian

--: Seed Guardian

------ OGW ------ 

Pack 1 pick 1:
    Hedron Crawler
    Vampire Envoy
    Scion Summoner
    Boulder Salvo
    Loam Larva
    Slaughter Drone
    Lead by Example
    Akoum Flameseeker
    Searing Light
    Negate
--> Seed Guardian
    Flaying Tendrils
    Reflector Mage
    Eldrazi Mimic
    Swamp

--: Wall of Resurgence

--: Wall of Resurgence

Pack 1 pick 2:
    Tar Snare
    Cinder Hellion
    Unknown Shores
    Gravity Negator
    Kozilek's Shrieker
    Lead by Example
    Untamed Hunger
    Eldrazi Aggressor
    Dazzling Reflection
    Slip Through Space
    Submerged Boneyard
--> Wall of Resurgence
    Oath of Gideon
    Forest

--: Zada's Commando

--: Zada's Commando

Pack 1 pick 3:
    Kor Sky Climber
--> Zada's Commando
    Crumbling Vestige
    Containment Membrane
    Hedron Crawler
    Canopy Gorger
    Sky Scourer
    Affa Protector
    Mighty Leap
    Consuming Sinkhole
    Harvester Troll
    Stormchaser Mage
    Mountain

--: Blinding Drone

--: Blinding Drone

Pack 1 pick 4:
--> Blinding Drone
    Kozilek's Pathfinder
    Spawnbinder Mage
    Unnatural Endurance
    Vines of the Recluse
    Zulaport Chainmage
    Dazzling Reflection
    Umara Entangler
    Reaver Drone
    Bonds of Mortality
    Stoneforge Masterwork
    Forest

--: Gravity Negator

--: Gravity Negator

Pack 1 pick 5:
    Wastes
--> Gravity Negator
    Bone Saw
    Spawnbinder Mage
    Vines of the Recluse
    Dazzling Reflection
    Umara Entangler
    Brute Strength
    Pyromancer's Assault
    Unity of Purpose
    Mountain

--: Steppe Glider

--: Steppe Glider

Pack 1 pick 6:
    Cinder Hellion
    Seer's Lantern
    Zulaport Chainmage
    Corpse Churn
    Mighty Leap
    Cultivator Drone
    Expedite
--> Steppe Glider
    Oath of Nissa
    Forest

--: Shoulder to Shoulder

--: Shoulder to Shoulder

Pack 1 pick 7:
    Kor Sky Climber
    Untamed Hunger
    Pulse of Murasa
    Sparkmage's Gambit
--> Shoulder to Shoulder
    Slip Through Space
    Tranquil Expanse
    Allied Reinforcements
    Mountain

--: Expedition Raptor

--: Expedition Raptor

Pack 1 pick 8:
    Tajuru Pathwarden
--> Expedition Raptor
    Crumbling Vestige
    Netcaster Spider
    Abstruse Interference
    Akoum Flameseeker
    Flaying Tendrils
    Plains

--: Akoum Flameseeker

--: Lead by Example

--: Lead by Example

Pack 1 pick 9:
    Hedron Crawler
--> Lead by Example
    Akoum Flameseeker
    Searing Light
    Negate
    Flaying Tendrils
    Swamp

--: Gravity Negator

--: Gravity Negator

Pack 1 pick 10:
--> Gravity Negator
    Untamed Hunger
    Eldrazi Aggressor
    Dazzling Reflection
    Slip Through Space
    Forest

--: Affa Protector

--: Affa Protector

Pack 1 pick 11:
    Canopy Gorger
--> Affa Protector
    Mighty Leap
    Consuming Sinkhole
    Mountain

--: Umara Entangler

--: Umara Entangler

Pack 1 pick 12:
    Zulaport Chainmage
    Dazzling Reflection
--> Umara Entangler
    Bonds of Mortality

--: Unity of Purpose

--: Unity of Purpose

Pack 1 pick 13:
    Dazzling Reflection
--> Unity of Purpose
    Mountain

--: Expedite

Pack 1 pick 14:
--> Expedite
    Forest

Pack 1 pick 15:
--> Mountain

--: Ondu War Cleric

--: Ondu War Cleric

------ OGW ------ 

Pack 2 pick 1:
    Cinder Hellion
    Unknown Shores
    Gravity Negator
    Warden of Geometries
    Natural State
    Kozilek's Translator
    Elemental Uprising
--> Ondu War Cleric
    Ancient Crab
    Affa Protector
    Allied Reinforcements
    Reaver Drone
    Void Grafter
    Wandering Fumarole
    Plains

--: Stalking Drone

--: Stalking Drone

Pack 2 pick 2:
    Warden of Geometries
--> Stalking Drone
    Reality Hemorrhage
    Vines of the Recluse
    Unnatural Endurance
    Pulse of Murasa
    Consuming Sinkhole
    Searing Light
    Negate
    Prophet of Distortion
    Void Shatter
    Thought Harvester
    Bearer of Silence
    Plains

--: Expedition Raptor

--: Expedition Raptor

Pack 2 pick 3:
    Holdout Settlement
    Gravity Negator
    Bone Saw
--> Expedition Raptor
    Tar Snare
    Elemental Uprising
    Zulaport Chainmage
    Consuming Sinkhole
    Allied Reinforcements
    Unity of Purpose
    Weapons Trainer
    Jori En, Ruin Diver
    Plains

--: Embodiment of Fury

--: Embodiment of Fury

Pack 2 pick 4:
    Wastes
    Containment Membrane
    Bone Saw
    Vampire Envoy
    Zulaport Chainmage
    Elemental Uprising
    Maw of Kozilek
    Umara Entangler
    Akoum Flameseeker
    Strider Harness
--> Embodiment of Fury
    Island

--: Zada's Commando

--: Zada's Commando

Pack 2 pick 5:
--> Zada's Commando
    Wastes
    Jwar Isle Avenger
    Warden of Geometries
    Kozilek's Translator
    Corpse Churn
    Slip Through Space
    Brute Strength
    Kor Scythemaster
    Visions of Brutality
    Mountain

--: Zada's Commando

--: Zada's Commando

Pack 2 pick 6:
    Kozilek's Pathfinder
--> Zada's Commando
    Lead by Example
    Untamed Hunger
    Negate
    Maw of Kozilek
    Shoulder to Shoulder
    Meandering River
    Reflector Mage
    Forest

--: Affa Protector

--: Affa Protector

--: Affa Protector

--: Abstruse Interference

--: Affa Protector

--: Affa Protector

Pack 2 pick 7:
    Seer's Lantern
    Tajuru Pathwarden
    Witness the End
--> Affa Protector
    Makindi Aeronaut
    Abstruse Interference
    Cliffhaven Vampire
    Overwhelming Denial
    Swamp

--: Brute Strength

--: Brute Strength

Pack 2 pick 8:
    Zulaport Chainmage
    Elemental Uprising
    Sky Scourer
--> Brute Strength
    Strider Harness
    Kazuul's Toll Collector
    Gift of Tusks
    Island

--: Affa Protector

Pack 2 pick 9:
    Gravity Negator
    Warden of Geometries
    Natural State
    Elemental Uprising
    Ancient Crab
--> Affa Protector
    Plains

--: Searing Light

Pack 2 pick 10:
    Unnatural Endurance
    Pulse of Murasa
    Consuming Sinkhole
--> Searing Light
    Void Shatter
    Plains

--: Weapons Trainer

--: Weapons Trainer

Pack 2 pick 11:
    Elemental Uprising
    Zulaport Chainmage
    Consuming Sinkhole
--> Weapons Trainer
    Plains

Pack 2 pick 12:
    Wastes
--> Zulaport Chainmage
    Elemental Uprising
    Island

Pack 2 pick 13:
--> Warden of Geometries
    Corpse Churn
    Mountain

Pack 2 pick 14:
--> Meandering River
    Forest

Pack 2 pick 15:
--> Swamp

--: Rolling Thunder

--: Rolling Thunder

------ BFZ ------ 

Pack 3 pick 1:
    Swell of Growth
    Dispel
    Kalastria Nightwatch
    Wave-Wing Elemental
    Fertile Thicket
    Geyserfield Stalker
    Malakir Familiar
    Evolving Wilds
    Makindi Patrol
    Nettle Drone
--> Rolling Thunder
    Windrider Patrol
    Retreat to Valakut
    Ally Encampment
    Island

--: Stonefury

--: Stonefury

Pack 3 pick 2:
    Dispel
    Mind Raker
    Territorial Baloth
    Makindi Patrol
    Lavastep Raider
    Smite the Monstrous
--> Stonefury
    Ondu Greathorn
    Lifespring Druid
    Malakir Familiar
    Serene Steward
    Plated Crusher
    Zada, Hedron Grinder
    Mountain

--: Valakut Predator

--: Valakut Predator

Pack 3 pick 3:
    Kalastria Nightwatch
    Earthen Arms
    Murk Strider
    Sludge Crawler
    Inspired Charge
    Boiling Earth
    Makindi Patrol
    Lavastep Raider
--> Valakut Predator
    Sheer Drop
    Rot Shambler
    Grovetender Druids
    Forest

--: Resolute Blademaster

--: Resolute Blademaster

Pack 3 pick 4:
    Kalastria Healer
    Reclaiming Vines
    Salvage Drone
    Sandstone Bridge
    Tajuru Beastmaster
    Demon's Grasp
    Skyline Cascade
    Stone Haven Medic
    Volcanic Upheaval
--> Resolute Blademaster
    Processor Assault
    Forest

--: Stasis Snare

--: Stasis Snare

Pack 3 pick 5:
    Oracle of Dust
    Voracious Null
    Reclaiming Vines
    Cliffside Lookout
--> Stasis Snare
    Shadow Glider
    Stonefury
    Smite the Monstrous
    Expedition Envoy
    Bring to Light
    Island

--: Gideon's Reproach

--: Gideon's Reproach

Pack 3 pick 6:
    Earthen Arms
    Murk Strider
    Plummet
    Fortified Rampart
    Belligerent Whiptail
    Ondu Champion
--> Gideon's Reproach
    Lifespring Druid
    Serene Steward
    Plains

--: Sure Strike

--: Sure Strike

Pack 3 pick 7:
    Incubator Drone
    Culling Drone
    Skyline Cascade
    Eyeless Watcher
    Rush of Ice
    Kor Castigator
--> Sure Strike
    Nissa's Renewal
    Swamp

--: Looming Spires

--: Looming Spires

Pack 3 pick 8:
    Nirkana Assassin
    Oran-Rief Invoker
    Eldrazi Devastator
--> Looming Spires
    Fertile Thicket
    Boiling Earth
    Sanctum of Ugin
    Mountain

--: Evolving Wilds

--: Evolving Wilds

Pack 3 pick 9:
    Swell of Growth
    Dispel
    Fertile Thicket
    Geyserfield Stalker
--> Evolving Wilds
    Retreat to Valakut
    Island

--: Ondu Greathorn

--: Ondu Greathorn

Pack 3 pick 10:
    Dispel
    Makindi Patrol
    Lavastep Raider
    Smite the Monstrous
--> Ondu Greathorn
    Mountain

--: Inspired Charge

--: Inspired Charge

Pack 3 pick 11:
    Earthen Arms
--> Inspired Charge
    Lavastep Raider
    Grovetender Druids
    Forest

--: Sandstone Bridge

Pack 3 pick 12:
--> Sandstone Bridge
    Volcanic Upheaval
    Processor Assault
    Forest

--: Cliffside Lookout

Pack 3 pick 13:
    Reclaiming Vines
--> Cliffside Lookout
    Island

Pack 3 pick 14:
--> Earthen Arms
    Plains

Pack 3 pick 15:
--> Skyline Cascade

