Event #: 9393392
Time:    2/14/2016 9:44:15 PM
Players:
    chriswins
    mishka0817
    darthsphincter
    s0v3r31n_l0rd
    mikecaristo
    kuecks35
    Harves00
--> HuaxingMachine

--: World Breaker

--: World Breaker

------ OGW ------ 

Pack 1 pick 1:
    Vampire Envoy
    Tajuru Pathwarden
    Goblin Freerunner
    Holdout Settlement
    Netcaster Spider
    Slaughter Drone
    Canopy Gorger
    Expedite
    Makindi Aeronaut
    Abstruse Interference
    Spatial Contortion
    Relief Captain
    Mindmelter
--> World Breaker
    Island

--: Sylvan Advocate

--: Seed Guardian

--: Sylvan Advocate

--: Sylvan Advocate

Pack 1 pick 2:
    Tar Snare
    Cinder Hellion
    Unknown Shores
    Slaughter Drone
    Lead by Example
    Untamed Hunger
    Makindi Aeronaut
    Umara Entangler
    Consuming Sinkhole
    Seed Guardian
    Grip of the Roil
    Baloth Null
--> Sylvan Advocate
    Plains

--: Stalking Drone

--: Stalking Drone

Pack 1 pick 3:
    Gravity Negator
    Warden of Geometries
--> Stalking Drone
    Kor Sky Climber
    Vines of the Recluse
    Zulaport Chainmage
    Mighty Leap
    Abstruse Interference
    Akoum Flameseeker
    Dazzling Reflection
    Timber Gorge
    Weapons Trainer
    Swamp

--: Dread Defiler

--: Baloth Pup

--: Baloth Pup

Pack 1 pick 4:
    Kor Sky Climber
    Crumbling Vestige
    Hedron Crawler
    Kozilek's Shrieker
    Lead by Example
    Searing Light
    Negate
    Sparkmage's Gambit
--> Baloth Pup
    Reflector Mage
    Dread Defiler
    Swamp

--: Blinding Drone

--: Boulder Salvo

--: Boulder Salvo

Pack 1 pick 5:
--> Boulder Salvo
    Holdout Settlement
    Blinding Drone
    Kozilek's Pathfinder
    Canopy Gorger
    Kozilek's Translator
    Makindi Aeronaut
    Abstruse Interference
    Sparkmage's Gambit
    Bonds of Mortality
    Island

--: Joraga Auxiliary

--: Joraga Auxiliary

Pack 1 pick 6:
    Gravity Negator
    Bone Saw
    Tar Snare
    Elemental Uprising
    Comparative Analysis
    Eldrazi Aggressor
    Strider Harness
    Kazuul's Toll Collector
--> Joraga Auxiliary
    Forest

--: Warden of Geometries

--: Warden of Geometries

Pack 1 pick 7:
--> Warden of Geometries
    Tar Snare
    Elemental Uprising
    Sky Scourer
    Mighty Leap
    Expedite
    Harvester Troll
    Tranquil Expanse
    Plains

--: Ondu War Cleric

--: Ondu War Cleric

Pack 1 pick 8:
    Holdout Settlement
    Untamed Hunger
    Vines of the Recluse
    Kozilek's Translator
    Umara Entangler
    Akoum Flameseeker
--> Ondu War Cleric
    Island

--: Netcaster Spider

--: Netcaster Spider

Pack 1 pick 9:
    Vampire Envoy
--> Netcaster Spider
    Canopy Gorger
    Expedite
    Abstruse Interference
    Mindmelter
    Island

--: Makindi Aeronaut

--: Makindi Aeronaut

Pack 1 pick 10:
    Untamed Hunger
--> Makindi Aeronaut
    Umara Entangler
    Consuming Sinkhole
    Grip of the Roil
    Plains

--: Mighty Leap

--: Mighty Leap

Pack 1 pick 11:
--> Mighty Leap
    Abstruse Interference
    Akoum Flameseeker
    Dazzling Reflection
    Swamp

--: Searing Light

--: Searing Light

Pack 1 pick 12:
--> Searing Light
    Negate
    Sparkmage's Gambit
    Swamp

--: Canopy Gorger

Pack 1 pick 13:
--> Canopy Gorger
    Bonds of Mortality
    Island

Pack 1 pick 14:
--> Eldrazi Aggressor
    Forest

Pack 1 pick 15:
--> Plains

--: Ondu War Cleric

--: Immolating Glare

--: Immolating Glare

------ OGW ------ 

Pack 2 pick 1:
    Wastes
    Consuming Sinkhole
    Warden of Geometries
    Spawnbinder Mage
    Vampire Envoy
    Corpse Churn
    Canopy Gorger
    Ondu War Cleric
    Cultivator Drone
    Brute Strength
    Walker of the Wastes
--> Immolating Glare
    Malakir Soothsayer
    Ruins of Oran-Rief
    Island

--: Kor Scythemaster

--: Kor Scythemaster

Pack 2 pick 2:
    Goblin Freerunner
    Wastes
    Containment Membrane
    Netcaster Spider
    Kozilek's Shrieker
    Loam Larva
--> Kor Scythemaster
    Negate
    Sparkmage's Gambit
    Pyromancer's Assault
    Relentless Hunter
    Void Shatter
    Matter Reshaper
    Forest

--: Saddleback Lagac

--: Saddleback Lagac

Pack 2 pick 3:
    Gravity Negator
    Hedron Crawler
    Scion Summoner
    Sky Scourer
--> Saddleback Lagac
    Brute Strength
    Mighty Leap
    Cultivator Drone
    Embodiment of Fury
    Unity of Purpose
    Immobilizer Eldrazi
    Oath of Gideon
    Forest

--: Nissa's Judgment

--: Nissa's Judgment

Pack 2 pick 4:
    Jwar Isle Avenger
    Warden of Geometries
    Stalking Drone
    Loam Larva
    Dazzling Reflection
    Slip Through Space
    Consuming Sinkhole
    Searing Light
    Pyromancer's Assault
--> Nissa's Judgment
    Gladehart Cavalry
    Forest

--: Hedron Crawler

--: Affa Protector

Pack 2 pick 5:
    Gravity Negator
    Hedron Crawler
    Corpse Churn
    Canopy Gorger
    Cultivator Drone
    Brute Strength
--> Affa Protector
    Void Grafter
    Visions of Brutality
    Jori En, Ruin Diver
    Swamp

--: Expedition Raptor

--: Expedition Raptor

Pack 2 pick 6:
--> Expedition Raptor
    Reality Hemorrhage
    Crumbling Vestige
    Lead by Example
    Untamed Hunger
    Akoum Flameseeker
    Searing Light
    Negate
    Make a Stand
    Island

--: Saddleback Lagac

--: Saddleback Lagac

Pack 2 pick 7:
    Tajuru Pathwarden
    Vines of the Recluse
--> Saddleback Lagac
    Umara Entangler
    Akoum Flameseeker
    Void Grafter
    Warping Wail
    Overwhelming Denial
    Plains

--: Wastes

--: Wastes

Pack 2 pick 8:
--> Wastes
    Bone Saw
    Canopy Gorger
    Abstruse Interference
    Sparkmage's Gambit
    Meandering River
    Flaying Tendrils
    Swamp

--: Wastes

--: Wastes

Pack 2 pick 9:
--> Wastes
    Consuming Sinkhole
    Corpse Churn
    Canopy Gorger
    Cultivator Drone
    Brute Strength
    Island

--: Loam Larva

Pack 2 pick 10:
--> Loam Larva
    Negate
    Sparkmage's Gambit
    Pyromancer's Assault
    Void Shatter
    Forest

--: Mighty Leap

--: Mighty Leap

Pack 2 pick 11:
    Gravity Negator
    Brute Strength
--> Mighty Leap
    Oath of Gideon
    Forest

Pack 2 pick 12:
    Loam Larva
    Consuming Sinkhole
--> Pyromancer's Assault
    Forest

Pack 2 pick 13:
    Corpse Churn
--> Void Grafter
    Swamp

--: Lead by Example

Pack 2 pick 14:
--> Lead by Example
    Island

Pack 2 pick 15:
--> Plains

--: Conduit of Ruin

--: Gideon's Reproach

--: Gideon's Reproach

------ BFZ ------ 

Pack 3 pick 1:
    Culling Drone
    Giant Mantis
    Anticipate
    Mind Raker
    Felidar Cub
    Boiling Earth
--> Gideon's Reproach
    Touch of the Void
    Sheer Drop
    Kozilek's Channeler
    Akoum Stonewaker
    Grip of Desolation
    Infuse with the Elements
    Conduit of Ruin
    Island

--: Oran-Rief Invoker

--: Oran-Rief Invoker

Pack 3 pick 2:
    Seek the Wilds
    Coralhelm Guide
    Nirkana Assassin
--> Oran-Rief Invoker
    Felidar Cub
    Kozilek's Sentinel
    Dominator Drone
    Valakut Predator
    Plains
    Hedron Blade
    Resolute Blademaster
    Processor Assault
    Ulamog's Reclaimer
    Swamp

--: Gideon's Reproach

--: Gideon's Reproach

Pack 3 pick 3:
    Coralhelm Guide
    Mire's Malice
    Tajuru Stalwart
    Lithomancer's Focus
    Sure Strike
    Kitesail Scout
    Reckless Cohort
--> Gideon's Reproach
    Serene Steward
    Rot Shambler
    Windrider Patrol
    Munda, Ambush Leader
    Forest

--: Oran-Rief Hydra

--: Oran-Rief Hydra

Pack 3 pick 4:
    Blisterpod
    Oracle of Dust
    Eyeless Watcher
    Rush of Ice
    Silent Skimmer
    Mortuary Mire
    Natural Connection
    Tightening Coils
    Angelic Gift
    Nettle Drone
--> Oran-Rief Hydra
    Plains

--: Unnatural Aggression

--: Sandstone Bridge

--: Sandstone Bridge

Pack 3 pick 5:
    Dispel
    Bone Splinters
    Unnatural Aggression
--> Sandstone Bridge
    Scour from Existence
    Grave Birthing
    Fortified Rampart
    Lavastep Raider
    Vampiric Rites
    March from the Tomb
    Island

--: Giant Mantis

--: Giant Mantis

Pack 3 pick 6:
--> Giant Mantis
    Brilliant Spectrum
    Altar's Reap
    Eldrazi Devastator
    Demon's Grasp
    Looming Spires
    Fertile Thicket
    Reckless Cohort
    Malakir Familiar
    Plains

--: Ghostly Sentinel

--: Ghostly Sentinel

Pack 3 pick 7:
    Salvage Drone
    Kalastria Healer
    Blisterpod
    Goblin War Paint
    Dominator Drone
--> Ghostly Sentinel
    Roil's Retribution
    Void Attendant
    Island

--: Courier Griffin

--: Courier Griffin

Pack 3 pick 8:
    Earthen Arms
    Kozilek's Sentinel
    Makindi Sliderunner
--> Courier Griffin
    Smite the Monstrous
    Retreat to Hagra
    Angelic Captain
    Island

--: Giant Mantis

--: Giant Mantis

Pack 3 pick 9:
    Culling Drone
--> Giant Mantis
    Anticipate
    Mind Raker
    Felidar Cub
    Boiling Earth
    Island

Pack 3 pick 10:
    Seek the Wilds
    Nirkana Assassin
--> Plains
    Hedron Blade
    Processor Assault
    Swamp

Pack 3 pick 11:
--> Lithomancer's Focus
    Kitesail Scout
    Reckless Cohort
    Rot Shambler
    Forest

Pack 3 pick 12:
    Blisterpod
    Mortuary Mire
--> Angelic Gift
    Plains

Pack 3 pick 13:
--> Grave Birthing
    Lavastep Raider
    Island

Pack 3 pick 14:
--> Brilliant Spectrum
    Plains

Pack 3 pick 15:
--> Island

