Event #: 9394684
Time:    2/15/2016 9:33:19 AM
Players:
    Haglund
    cgray42
    bigduck
--> colinmchapman
    MonstrousGrowth
    RaptorsGate3
    hisapon
    siso78

--: Oblivion Strike

--: Oblivion Strike

--: Oblivion Strike

--: Oblivion Strike

------ OGW ------ 

Pack 1 pick 1:
    Sweep Away
    Seer's Lantern
    Kor Sky Climber
--> Oblivion Strike
    Boulder Salvo
    Untamed Hunger
    Pulse of Murasa
    Ancient Crab
    Maw of Kozilek
    Mighty Leap
    Grasp of Darkness
    Timber Gorge
    Ruin in Their Wake
    Call the Gatewatch
    Swamp

--: Isolation Zone

Pack 1 pick 2:
    Kozilek's Pathfinder
--> Isolation Zone
    Scion Summoner
    Boulder Salvo
    Loam Larva
    Slaughter Drone
    Lead by Example
    Umara Entangler
    Consuming Sinkhole
    Shoulder to Shoulder
    Make a Stand
    Mindmelter
    Steppe Glider
    Island

--: Cultivator Drone

--: Roiling Waters

--: Eldrazi Mimic

--: Eldrazi Mimic

--: Eldrazi Mimic

Pack 1 pick 3:
    Scion Summoner
    Wastes
    Sweep Away
    Kozilek's Shrieker
    Netcaster Spider
    Witness the End
    Mighty Leap
    Cultivator Drone
    Expedite
    Roiling Waters
    Void Shatter
--> Eldrazi Mimic
    Mountain

--: Cultivator Drone

--: Kozilek's Pathfinder

--: Kozilek's Pathfinder

--: Kozilek's Pathfinder

--: Kor Sky Climber

--: Kozilek's Pathfinder

Pack 1 pick 4:
    Blinding Drone
--> Kozilek's Pathfinder
    Kor Sky Climber
    Zada's Commando
    Corpse Churn
    Canopy Gorger
    Akoum Flameseeker
    Cultivator Drone
    Cyclone Sire
    Strider Harness
    Stoneforge Acolyte
    Mountain

--: Gravity Negator

--: Gravity Negator

Pack 1 pick 5:
    Stormchaser Mage
    Holdout Settlement
--> Gravity Negator
    Lead by Example
    Corpse Churn
    Sparkmage's Gambit
    Kor Scythemaster
    Comparative Analysis
    Pyromancer's Assault
    Void Shatter
    Forest

--: Wandering Fumarole

--: Spawnbinder Mage

--: Wandering Fumarole

Pack 1 pick 6:
    Spawnbinder Mage
    Reality Hemorrhage
    Canopy Gorger
    Lead by Example
    Abstruse Interference
    Akoum Flameseeker
    Searing Light
    Gift of Tusks
--> Wandering Fumarole
    Mountain

--: Kozilek's Translator

--: Containment Membrane

Pack 1 pick 7:
    Zada's Commando
    Crumbling Vestige
--> Containment Membrane
    Hedron Crawler
    Kozilek's Translator
    Elemental Uprising
    Comparative Analysis
    Bonds of Mortality
    Plains

--: Kor Scythemaster

Pack 1 pick 8:
    Zada's Commando
    Loam Larva
--> Kor Scythemaster
    Comparative Analysis
    Eldrazi Aggressor
    Dazzling Reflection
    Press into Service
    Island

--: Ancient Crab

Pack 1 pick 9:
    Untamed Hunger
    Pulse of Murasa
--> Ancient Crab
    Maw of Kozilek
    Timber Gorge
    Call the Gatewatch
    Swamp

--: Kozilek's Pathfinder

Pack 1 pick 10:
--> Kozilek's Pathfinder
    Loam Larva
    Lead by Example
    Consuming Sinkhole
    Make a Stand
    Island

--: Void Shatter

--: Void Shatter

Pack 1 pick 11:
    Sweep Away
    Mighty Leap
    Expedite
--> Void Shatter
    Mountain

--: Stoneforge Acolyte

Pack 1 pick 12:
    Canopy Gorger
    Strider Harness
--> Stoneforge Acolyte
    Mountain

--: Corpse Churn

--: Sparkmage's Gambit

Pack 1 pick 13:
    Corpse Churn
--> Sparkmage's Gambit
    Forest

--: Akoum Flameseeker

Pack 1 pick 14:
--> Akoum Flameseeker
    Mountain

--: Plains

Pack 1 pick 15:
--> Plains

--: Oblivion Strike

--: Oblivion Strike

------ OGW ------ 

Pack 2 pick 1:
    Wastes
    Sweep Away
    Seer's Lantern
--> Oblivion Strike
    Saddleback Lagac
    Corpse Churn
    Natural State
    Slip Through Space
    Loam Larva
    Kor Scythemaster
    Embodiment of Fury
    Embodiment of Insight
    Immobilizer Eldrazi
    General Tazri
    Forest

--: Oblivion Strike

Pack 2 pick 2:
    Kozilek's Pathfinder
    Spawnbinder Mage
--> Oblivion Strike
    Goblin Freerunner
    Natural State
    Slaughter Drone
    Loam Larva
    Eldrazi Aggressor
    Dazzling Reflection
    Slip Through Space
    Grip of the Roil
    Baloth Null
    Wall of Resurgence
    Plains

--: Cultivator Drone

--: Cultivator Drone

--: Cultivator Drone

Pack 2 pick 3:
    Scion Summoner
    Boulder Salvo
    Holdout Settlement
    Blinding Drone
    Kozilek's Shrieker
    Netcaster Spider
--> Cultivator Drone
    Expedite
    Ondu War Cleric
    Ancient Crab
    Submerged Boneyard
    Tears of Valakut
    Swamp

--: Seer's Lantern

--: Seer's Lantern

Pack 2 pick 4:
    Plains
    Sweep Away
--> Seer's Lantern
    Tajuru Pathwarden
    Vines of the Recluse
    Kozilek's Translator
    Saddleback Lagac
    Maw of Kozilek
    Shoulder to Shoulder
    Timber Gorge
    Weapons Trainer
    Swamp

--: Bone Saw

--: Oath of Jace

Pack 2 pick 5:
    Bone Saw
    Expedition Raptor
    Unknown Shores
    Pulse of Murasa
    Untamed Hunger
    Consuming Sinkhole
    Searing Light
    Negate
    Bonds of Mortality
--> Oath of Jace
    Island

--: Bone Saw

--: Bone Saw

Pack 2 pick 6:
--> Bone Saw
    Tajuru Pathwarden
    Lead by Example
    Corpse Churn
    Natural State
    Abstruse Interference
    Sparkmage's Gambit
    Tranquil Expanse
    Stoneforge Acolyte
    Plains

--: Containment Membrane

Pack 2 pick 7:
    Crumbling Vestige
--> Containment Membrane
    Untamed Hunger
    Vines of the Recluse
    Searing Light
    Negate
    Sparkmage's Gambit
    Zendikar Resurgent
    Plains

--: Unknown Shores

Pack 2 pick 8:
--> Unknown Shores
    Stalking Drone
    Vines of the Recluse
    Maw of Kozilek
    Mighty Leap
    Abstruse Interference
    Akoum Flameseeker
    Forest

--: Seer's Lantern

Pack 2 pick 9:
--> Seer's Lantern
    Corpse Churn
    Natural State
    Loam Larva
    Kor Scythemaster
    Immobilizer Eldrazi
    Forest

--: Slip Through Space

--: Slip Through Space

Pack 2 pick 10:
    Natural State
    Loam Larva
    Eldrazi Aggressor
    Dazzling Reflection
--> Slip Through Space
    Plains

--: Holdout Settlement

--: Ancient Crab

Pack 2 pick 11:
    Holdout Settlement
    Expedite
--> Ancient Crab
    Tears of Valakut
    Swamp

--: Plains

Pack 2 pick 12:
--> Plains
    Vines of the Recluse
    Timber Gorge
    Swamp

--: Pulse of Murasa

Pack 2 pick 13:
--> Pulse of Murasa
    Consuming Sinkhole
    Island

--: Natural State

Pack 2 pick 14:
--> Natural State
    Plains

--: Plains

Pack 2 pick 15:
--> Plains

--: Gruesome Slaughter

--: Demon's Grasp

------ BFZ ------ 

Pack 3 pick 1:
    Kalastria Healer
    Blisterpod
    Eldrazi Devastator
--> Demon's Grasp
    Looming Spires
    Fertile Thicket
    Snapping Gnarlid
    Spell Shrivel
    Fortified Rampart
    Lavastep Raider
    Retreat to Hagra
    Cryptic Cruiser
    Drana's Emissary
    Gruesome Slaughter
    Plains

--: Ruination Guide

--: Culling Drone

--: Culling Drone

Pack 3 pick 2:
    Clutch of Currents
--> Culling Drone
    Giant Mantis
    Anticipate
    Belligerent Whiptail
    Kor Castigator
    Courier Griffin
    Smite the Monstrous
    Stonefury
    Ondu Greathorn
    Ruination Guide
    Blighted Woodland
    Desolation Twin
    Plains

--: Eldrazi Skyspawner

Pack 3 pick 3:
    Culling Drone
    Seek the Wilds
    Coralhelm Guide
    Sandstone Bridge
    Tajuru Beastmaster
    Demon's Grasp
    Skyline Cascade
--> Eldrazi Skyspawner
    Kor Castigator
    Reckless Cohort
    Slab Hammer
    Ugin's Insight
    Swamp

--: Grave Birthing

--: Salvage Drone

--: Salvage Drone

Pack 3 pick 4:
    Plummet
--> Salvage Drone
    Tunneling Geopede
    Cloud Manta
    Scour from Existence
    Grave Birthing
    Sure Strike
    Felidar Cub
    Molten Nursery
    Skyrider Elf
    Angelic Captain
    Swamp

--: Vestige of Emrakul

--: Chasm Guide

Pack 3 pick 5:
    Plummet
    Coralhelm Guide
    Tajuru Stalwart
    Cliffside Lookout
    Goblin War Paint
    Valakut Invoker
    Shadow Glider
    Vestige of Emrakul
    Pilgrim's Eye
--> Chasm Guide
    Island

--: Ulamog's Nullifier

--: Murk Strider

--: Ulamog's Nullifier

--: Ulamog's Nullifier

--: Murk Strider

--: Ulamog's Nullifier

--: Ulamog's Nullifier

Pack 3 pick 6:
    Dispel
    Murk Strider
    Felidar Cub
    Boiling Earth
    Makindi Sliderunner
    Smite the Monstrous
    Vestige of Emrakul
--> Ulamog's Nullifier
    Retreat to Kazandu
    Plains

--: Rush of Ice

--: Rush of Ice

Pack 3 pick 7:
--> Rush of Ice
    Natural Connection
    Unnatural Aggression
    Geyserfield Stalker
    Goblin War Paint
    Kor Castigator
    Herald of Kozilek
    Prism Array
    Mountain

--: Goblin War Paint

--: Dispel

Pack 3 pick 8:
--> Dispel
    Earthen Arms
    Goblin War Paint
    Tandem Tactics
    Ondu Champion
    Murasa Ranger
    Sylvan Scrying
    Swamp

--: Cryptic Cruiser

--: Eldrazi Devastator

Pack 3 pick 9:
    Blisterpod
--> Eldrazi Devastator
    Fertile Thicket
    Fortified Rampart
    Lavastep Raider
    Cryptic Cruiser
    Plains

--: Desolation Twin

--: Desolation Twin

Pack 3 pick 10:
    Belligerent Whiptail
    Kor Castigator
    Stonefury
    Ondu Greathorn
--> Desolation Twin
    Plains

--: Skyline Cascade

--: Skyline Cascade

Pack 3 pick 11:
    Seek the Wilds
    Coralhelm Guide
--> Skyline Cascade
    Reckless Cohort
    Swamp

--: Grave Birthing

Pack 3 pick 12:
--> Grave Birthing
    Sure Strike
    Molten Nursery
    Swamp

--: Goblin War Paint

Pack 3 pick 13:
--> Goblin War Paint
    Valakut Invoker
    Island

--: Boiling Earth

Pack 3 pick 14:
--> Boiling Earth
    Plains

--: Mountain

Pack 3 pick 15:
--> Mountain

