Event #: 9394366
Time:    15/02/2016 12:30:29
Players:
    setschaos
    Giantgunners
    ramionstealth
    Citizenw
--> Fnoop
    Himawari
    Mangeman
    MCrocodile

--: Grasp of Darkness

--: Grasp of Darkness

------ OGW ------ 

Pack 1 pick 1:
    Tajuru Pathwarden
    Expedition Raptor
    Zada's Commando
    Crumbling Vestige
    Containment Membrane
    Kozilek's Translator
    Saddleback Lagac
    Consuming Sinkhole
    Shoulder to Shoulder
    Ancient Crab
--> Grasp of Darkness
    Timber Gorge
    Press into Service
    Wandering Fumarole
    Swamp

--: Boulder Salvo

--: Boulder Salvo

Pack 1 pick 2:
    Hedron Crawler
    Vampire Envoy
    Scion Summoner
--> Boulder Salvo
    Loam Larva
    Unnatural Endurance
    Pulse of Murasa
    Kor Scythemaster
    Negate
    Sparkmage's Gambit
    Reckless Bushwhacker
    Havoc Sower
    Stormchaser Mage
    Plains

--: Relentless Hunter

--: Relentless Hunter

--: Relentless Hunter

--: Relentless Hunter

Pack 1 pick 3:
    Wastes
    Sweep Away
    Seer's Lantern
    Pulse of Murasa
    Untamed Hunger
    Vines of the Recluse
    Sparkmage's Gambit
    Makindi Aeronaut
    Umara Entangler
    Make a Stand
    Visions of Brutality
--> Relentless Hunter
    Island

--: Cliffhaven Vampire

--: Cliffhaven Vampire

Pack 1 pick 4:
    Holdout Settlement
    Blinding Drone
    Kozilek's Pathfinder
    Loam Larva
    Unnatural Endurance
    Eldrazi Aggressor
    Kor Scythemaster
    Negate
    Harvester Troll
--> Cliffhaven Vampire
    Iona's Blessing
    Plains

--: Zulaport Chainmage

--: Zulaport Chainmage

Pack 1 pick 5:
    Wastes
    Elemental Uprising
--> Zulaport Chainmage
    Natural State
    Akoum Flameseeker
    Dazzling Reflection
    Slip Through Space
    Chitinous Cloak
    Pyromancer's Assault
    Baloth Pup
    Forest

--: Makindi Aeronaut

--: Reality Hemorrhage

--: Makindi Aeronaut

--: Makindi Aeronaut

Pack 1 pick 6:
    Jwar Isle Avenger
    Reality Hemorrhage
    Untamed Hunger
    Vines of the Recluse
--> Makindi Aeronaut
    Umara Entangler
    Consuming Sinkhole
    Harvester Troll
    Tranquil Expanse
    Island

--: Kozilek's Shrieker

--: Holdout Settlement

Pack 1 pick 7:
    Tajuru Pathwarden
--> Holdout Settlement
    Blinding Drone
    Saddleback Lagac
    Kozilek's Shrieker
    Negate
    Umara Entangler
    Joraga Auxiliary
    Island

--: Thought Harvester

--: Thought Harvester

Pack 1 pick 8:
    Sweep Away
    Bone Saw
    Lead by Example
    Untamed Hunger
    Consuming Sinkhole
    Bonds of Mortality
--> Thought Harvester
    Swamp

--: Kozilek's Translator

--: Kozilek's Translator

Pack 1 pick 9:
    Tajuru Pathwarden
    Crumbling Vestige
    Containment Membrane
--> Kozilek's Translator
    Shoulder to Shoulder
    Ancient Crab
    Timber Gorge

--: Scion Summoner

--: Scion Summoner

Pack 1 pick 10:
--> Scion Summoner
    Loam Larva
    Pulse of Murasa
    Negate
    Sparkmage's Gambit
    Plains

--: Pulse of Murasa

--: Pulse of Murasa

Pack 1 pick 11:
    Wastes
--> Pulse of Murasa
    Untamed Hunger
    Umara Entangler
    Island

--: Unnatural Endurance

Pack 1 pick 12:
--> Unnatural Endurance
    Negate
    Harvester Troll
    Plains

--: Elemental Uprising

Pack 1 pick 13:
--> Elemental Uprising
    Natural State
    Forest

--: Harvester Troll

Pack 1 pick 14:
--> Harvester Troll
    Island

--: Island

Pack 1 pick 15:
--> Island

--: Havoc Sower

--: Havoc Sower

------ OGW ------ 

Pack 2 pick 1:
    Wastes
    Gravity Negator
    Bone Saw
    Scion Summoner
    Spawnbinder Mage
    Pulse of Murasa
    Untamed Hunger
    Negate
    Sparkmage's Gambit
    Makindi Aeronaut
    Reaver Drone
    Timber Gorge
--> Havoc Sower
    Dimensional Infiltrator
    Swamp

--: Oblivion Strike

--: Oblivion Strike

Pack 2 pick 2:
--> Oblivion Strike
    Isolation Zone
    Goblin Freerunner
    Wastes
    Containment Membrane
    Lead by Example
    Untamed Hunger
    Affa Protector
    Makindi Aeronaut
    Abstruse Interference
    Birthing Hulk
    Void Grafter
    Tears of Valakut
    Plains

--: Baloth Null

--: Baloth Null

Pack 2 pick 3:
    Unknown Shores
    Gravity Negator
    Warden of Geometries
    Pulse of Murasa
    Unnatural Endurance
    Vines of the Recluse
    Expedite
    Makindi Aeronaut
    Abstruse Interference
    Grip of the Roil
--> Baloth Null
    Remorseless Punishment
    Plains

--: Immolating Glare

--: Immolating Glare

Pack 2 pick 4:
    Boulder Salvo
    Wastes
    Sweep Away
    Seer's Lantern
    Natural State
    Kozilek's Translator
    Negate
    Sparkmage's Gambit
    Shoulder to Shoulder
--> Immolating Glare
    Warping Wail
    Island

--: Zulaport Chainmage

--: Steppe Glider

--: Steppe Glider

Pack 2 pick 5:
    Boulder Salvo
    Blinding Drone
    Sky Scourer
    Elemental Uprising
    Zulaport Chainmage
    Abstruse Interference
    Akoum Flameseeker
    Dazzling Reflection
--> Steppe Glider
    Weapons Trainer
    Plains

--: Unknown Shores

--: Unknown Shores

Pack 2 pick 6:
    Iona's Blessing
--> Unknown Shores
    Kozilek's Pathfinder
    Scion Summoner
    Kozilek's Translator
    Lead by Example
    Akoum Flameseeker
    Cultivator Drone
    Embodiment of Insight
    Plains

--: Essence Depleter

--: Essence Depleter

Pack 2 pick 7:
    Zada's Commando
    Crumbling Vestige
    Containment Membrane
    Elemental Uprising
    Dazzling Reflection
--> Essence Depleter
    Walker of the Wastes
    Captain's Claws
    Island

--: Flaying Tendrils

--: Flaying Tendrils

Pack 2 pick 8:
    Sweep Away
    Corpse Churn
    Forest
    Mighty Leap
    Chitinous Cloak
    Pyromancer's Assault
--> Flaying Tendrils
    Forest

--: Timber Gorge

--: Timber Gorge

Pack 2 pick 9:
    Gravity Negator
    Pulse of Murasa
    Untamed Hunger
    Sparkmage's Gambit
    Reaver Drone
--> Timber Gorge
    Swamp

--: Birthing Hulk

--: Birthing Hulk

Pack 2 pick 10:
    Wastes
    Lead by Example
    Untamed Hunger
    Abstruse Interference
--> Birthing Hulk
    Plains

--: Unnatural Endurance

--: Unnatural Endurance

Pack 2 pick 11:
    Pulse of Murasa
--> Unnatural Endurance
    Vines of the Recluse
    Abstruse Interference
    Plains

--: Sparkmage's Gambit

Pack 2 pick 12:
    Natural State
    Negate
--> Sparkmage's Gambit
    Island

--: Dazzling Reflection

Pack 2 pick 13:
    Elemental Uprising
--> Dazzling Reflection
    Plains

--: Kozilek's Pathfinder

Pack 2 pick 14:
--> Kozilek's Pathfinder
    Plains

--: Dazzling Reflection

Pack 2 pick 15:
--> Dazzling Reflection

--: Catacomb Sifter

--: Catacomb Sifter

------ BFZ ------ 

Pack 3 pick 1:
    Plummet
    Salvage Drone
    Kalastria Healer
    Blisterpod
    Boiling Earth
    Lithomancer's Focus
    Ondu Champion
    Adverse Conditions
    Vestige of Emrakul
    Ghostly Sentinel
    Carrier Thrall
--> Catacomb Sifter
    Vile Aggregate
    Barrage Tyrant
    Forest

--: Cinder Glade

--: Cinder Glade

Pack 3 pick 2:
    Mind Raker
    Territorial Baloth
    Roilmage's Trick
    Dutiful Return
    Kozilek's Sentinel
    Cliffside Lookout
    Ondu Greathorn
    Lifespring Druid
    Ondu Champion
    Gideon's Reproach
    Hagra Sharpshooter
    Blighted Gorge
--> Cinder Glade
    Swamp

--: Barrage Tyrant

--: Barrage Tyrant

Pack 3 pick 3:
    Mire's Malice
    Tajuru Stalwart
    Clutch of Currents
    Culling Drone
    Shatterskull Recruit
    Felidar Cub
    Dominator Drone
    Valakut Predator
--> Barrage Tyrant
    Horribly Awry
    Blighted Gorge
    Rot Shambler
    Island

--: Oran-Rief Invoker

--: Oran-Rief Invoker

Pack 3 pick 4:
    Nirkana Assassin
--> Oran-Rief Invoker
    Dispel
    Mind Raker
    Belligerent Whiptail
    Angelic Gift
    Ondu Champion
    Makindi Sliderunner
    Gideon's Reproach
    Ulamog's Despoiler
    Crumble to Dust
    Island

--: Dominator Drone

--: Dominator Drone

Pack 3 pick 5:
    Brilliant Spectrum
    Sure Strike
    Inspired Charge
    Ondu Greathorn
--> Dominator Drone
    Ondu Champion
    Ghostly Sentinel
    Dampening Pulse
    Chasm Guide
    Vampiric Rites
    Plains

--: Catacomb Sifter

--: Catacomb Sifter

Pack 3 pick 6:
    Blisterpod
    Anticipate
    Earthen Arms
    Lavastep Raider
    Fortified Rampart
    Valakut Invoker
    Dominator Drone
--> Catacomb Sifter
    Turn Against
    Forest

--: Guul Draz Overseer

Pack 3 pick 7:
    Incubator Drone
    Seek the Wilds
    Coralhelm Guide
    Fortified Rampart
    Ondu Greathorn
    Scythe Leopard
    Blighted Steppe
--> Guul Draz Overseer
    Island

--: Spawning Bed

--: Spawning Bed

Pack 3 pick 8:
    Swarm Surge
    Call the Scions
    Murk Strider
    Angelic Gift
    Makindi Sliderunner
    Jaddi Offshoot
--> Spawning Bed
    Forest

--: Blisterpod

Pack 3 pick 9:
    Salvage Drone
--> Blisterpod
    Boiling Earth
    Lithomancer's Focus
    Ondu Champion
    Vestige of Emrakul
    Forest

--: Hagra Sharpshooter

Pack 3 pick 10:
    Territorial Baloth
    Roilmage's Trick
    Dutiful Return
    Kozilek's Sentinel
    Ondu Champion
--> Hagra Sharpshooter

--: Rot Shambler

--: Rot Shambler

Pack 3 pick 11:
    Mire's Malice
    Horribly Awry
    Blighted Gorge
--> Rot Shambler
    Island

--: Nirkana Assassin

Pack 3 pick 12:
--> Nirkana Assassin
    Belligerent Whiptail
    Crumble to Dust
    Island

--: Ondu Champion

Pack 3 pick 13:
    Ondu Greathorn
--> Ondu Champion
    Plains

--: Dominator Drone

Pack 3 pick 14:
--> Dominator Drone
    Forest

--: Seek the Wilds

--: Seek the Wilds

Pack 3 pick 15:
--> Seek the Wilds

