Event #: 9395255
Time:    2/15/2016 12:15:22 PM
Players:
    corpse_grinder
    jagar
--> malthrin
    kingfish69
    Apocaliph
    zappa144
    sargonnis
    hankbuster

--: Thought-Knot Seer

------ OGW ------ 

Pack 1 pick 1:
    Warden of Geometries
    Stalking Drone
    Expedition Raptor
    Reality Hemorrhage
    Netcaster Spider
    Slaughter Drone
    Negate
    Sparkmage's Gambit
    Shoulder to Shoulder
    Slip Through Space
    Cliffhaven Vampire
    Pyromancer's Assault
    Relentless Hunter
--> Thought-Knot Seer
    Plains

--: Prophet of Distortion

Pack 1 pick 2:
    Unknown Shores
    Sweep Away
    Bone Saw
    Tajuru Pathwarden
    Vines of the Recluse
    Kozilek's Translator
    Brute Strength
    Affa Protector
    Ancient Crab
--> Prophet of Distortion
    Reckless Bushwhacker
    Havoc Sower
    Stone Haven Outfitter
    Plains

--: Blinding Drone

Pack 1 pick 3:
--> Blinding Drone
    Kozilek's Pathfinder
    Scion Summoner
    Kor Sky Climber
    Stoneforge Acolyte
    Natural State
    Witness the End
    Umara Entangler
    Consuming Sinkhole
    Shoulder to Shoulder
    Spatial Contortion
    Bonds of Mortality
    Mountain

--: Hedron Crawler

Pack 1 pick 4:
    Crumbling Vestige
    Containment Membrane
--> Hedron Crawler
    Stalking Drone
    Slaughter Drone
    Abstruse Interference
    Akoum Flameseeker
    Dazzling Reflection
    Cinder Barrens
    Cyclone Sire
    Visions of Brutality
    Plains

--: Blinding Drone

Pack 1 pick 5:
--> Blinding Drone
    Kozilek's Pathfinder
    Scion Summoner
    Kor Sky Climber
    Unnatural Endurance
    Vines of the Recluse
    Zulaport Chainmage
    Comparative Analysis
    Eldrazi Aggressor
    Walker of the Wastes
    Swamp

--: Blinding Drone

Pack 1 pick 6:
    Scion Summoner
    Holdout Settlement
--> Blinding Drone
    Elemental Uprising
    Sky Scourer
    Affa Protector
    Abstruse Interference
    Timber Gorge
    Inverter of Truth
    Forest

--: Unknown Shores

Pack 1 pick 7:
--> Unknown Shores
    Warden of Geometries
    Stalking Drone
    Immobilizer Eldrazi
    Mighty Leap
    Abstruse Interference
    Akoum Flameseeker
    Chitinous Cloak
    Plains

--: Cinder Hellion

Pack 1 pick 8:
    Bone Saw
--> Cinder Hellion
    Loam Larva
    Witness the End
    Abstruse Interference
    Akoum Flameseeker
    Tears of Valakut
    Forest

--: Reality Hemorrhage

Pack 1 pick 9:
    Stalking Drone
--> Reality Hemorrhage
    Netcaster Spider
    Negate
    Sparkmage's Gambit
    Pyromancer's Assault
    Plains

--: Unknown Shores

Pack 1 pick 10:
--> Unknown Shores
    Vines of the Recluse
    Brute Strength
    Affa Protector
    Ancient Crab
    Plains

--: Consuming Sinkhole

Pack 1 pick 11:
    Natural State
    Witness the End
--> Consuming Sinkhole
    Bonds of Mortality
    Mountain

--: Cinder Barrens

Pack 1 pick 12:
    Akoum Flameseeker
--> Cinder Barrens
    Visions of Brutality
    Plains

--: Unnatural Endurance

Pack 1 pick 13:
--> Unnatural Endurance
    Vines of the Recluse
    Swamp

--: Affa Protector

Pack 1 pick 14:
--> Affa Protector
    Forest

--: Plains

Pack 1 pick 15:
--> Plains

--: Cultivator Drone

------ OGW ------ 

Pack 2 pick 1:
    Crumbling Vestige
    Gravity Negator
    Hedron Crawler
    Vampire Envoy
    Untamed Hunger
    Vines of the Recluse
    Unnatural Endurance
    Brute Strength
    Mighty Leap
--> Cultivator Drone
    Grip of the Roil
    Allied Reinforcements
    Wall of Resurgence
    Call the Gatewatch
    Swamp

--: Cultivator Drone

Pack 2 pick 2:
    Spawnbinder Mage
    Zada's Commando
    Wastes
    Jwar Isle Avenger
    Kozilek's Translator
    Pulse of Murasa
    Sky Scourer
--> Cultivator Drone
    Expedite
    Makindi Aeronaut
    Immolating Glare
    Reaver Drone
    Flayer Drone
    Mountain

--: Containment Membrane

Pack 2 pick 3:
    Reality Hemorrhage
--> Containment Membrane
    Corpse Churn
    Natural State
    Kozilek's Translator
    Affa Protector
    Mighty Leap
    Consuming Sinkhole
    Allied Reinforcements
    Reaver Drone
    Void Grafter
    Vile Redeemer
    Mountain

--: Roiling Waters

Pack 2 pick 4:
    Scion Summoner
    Natural State
    Witness the End
    Netcaster Spider
    Negate
    Sparkmage's Gambit
    Makindi Aeronaut
    Timber Gorge
--> Roiling Waters
    Unity of Purpose
    Call the Gatewatch
    Forest

--: Mindmelter

Pack 2 pick 5:
    Stalking Drone
    Kor Sky Climber
    Reality Hemorrhage
    Witness the End
    Canopy Gorger
    Kozilek's Translator
    Makindi Aeronaut
    Abstruse Interference
    Sparkmage's Gambit
--> Mindmelter
    Swamp

--: Seer's Lantern

Pack 2 pick 6:
--> Seer's Lantern
    Loam Larva
    Slaughter Drone
    Lead by Example
    Umara Entangler
    Consuming Sinkhole
    Shoulder to Shoulder
    Pyromancer's Assault
    Steppe Glider
    Island

--: Boulder Salvo

Pack 2 pick 7:
    Bone Saw
    Expedition Raptor
    Akoum Flameseeker
--> Boulder Salvo
    Witness the End
    Netcaster Spider
    Expedite
    Abstruse Interference
    Island

--: Essence Depleter

Pack 2 pick 8:
    Spawnbinder Mage
    Slaughter Drone
    Loam Larva
    Maw of Kozilek
    Shoulder to Shoulder
    Umara Entangler
--> Essence Depleter
    Mountain

--: Gravity Negator

Pack 2 pick 9:
--> Gravity Negator
    Untamed Hunger
    Vines of the Recluse
    Unnatural Endurance
    Mighty Leap
    Call the Gatewatch
    Swamp

--: Kozilek's Translator

Pack 2 pick 10:
    Spawnbinder Mage
--> Kozilek's Translator
    Expedite
    Reaver Drone
    Flayer Drone
    Mountain

--: Corpse Churn

Pack 2 pick 11:
--> Corpse Churn
    Natural State
    Affa Protector
    Consuming Sinkhole
    Mountain

--: Witness the End

Pack 2 pick 12:
    Natural State
--> Witness the End
    Call the Gatewatch
    Forest

--: Witness the End

Pack 2 pick 13:
--> Witness the End
    Canopy Gorger
    Swamp

--: Loam Larva

Pack 2 pick 14:
--> Loam Larva
    Island

--: Bone Saw

Pack 2 pick 15:
--> Bone Saw

--: Deathless Behemoth

------ BFZ ------ 

Pack 3 pick 1:
    Coralhelm Guide
    Nirkana Assassin
    Oran-Rief Invoker
    Akoum Hellkite
    Skyline Cascade
    Eyeless Watcher
    Rush of Ice
    Silent Skimmer
    Tandem Tactics
    Shatterskull Recruit
    Retreat to Kazandu
--> Deathless Behemoth
    Ulamog's Reclaimer
    Oran-Rief Hydra
    Forest

--: Hedron Archive

Pack 3 pick 2:
    Dispel
    Mind Raker
    Territorial Baloth
    Tajuru Beastmaster
    Felidar Cub
    Goblin War Paint
    Sheer Drop
    Valakut Invoker
    Dominator Drone
    Catacomb Sifter
    Turn Against
--> Hedron Archive
    Woodland Wanderer
    Island

--: Eldrazi Skyspawner

Pack 3 pick 3:
    Oracle of Dust
    Voracious Null
    Wave-Wing Elemental
    Fertile Thicket
    Geyserfield Stalker
    Evolving Wilds
--> Eldrazi Skyspawner
    Reckless Cohort
    Inspired Charge
    Herald of Kozilek
    Halimar Tidecaller
    Barrage Tyrant
    Forest

--: Kozilek's Channeler

Pack 3 pick 4:
    Giant Mantis
    Anticipate
    Mind Raker
    Territorial Baloth
    Volcanic Upheaval
    Tandem Tactics
    Makindi Sliderunner
--> Kozilek's Channeler
    Chasm Guide
    Dampening Pulse
    Void Winnower
    Mountain

--: Mire's Malice

Pack 3 pick 5:
    Coralhelm Guide
--> Mire's Malice
    Tajuru Stalwart
    Nettle Drone
    Kitesail Scout
    Belligerent Whiptail
    Vestige of Emrakul
    Dominator Drone
    Plated Crusher
    Grove Rumbler
    Swamp

--: Kozilek's Channeler

Pack 3 pick 6:
    Reclaiming Vines
    Swarm Surge
    Call the Scions
    Volcanic Upheaval
    Smite the Monstrous
--> Kozilek's Channeler
    Kozilek's Sentinel
    Plated Crusher
    Resolute Blademaster
    Island

--: Outnumber

Pack 3 pick 7:
    Call the Scions
    Roilmage's Trick
    Swarm Surge
--> Outnumber
    Ondu Greathorn
    Ondu Champion
    Slab Hammer
    Forerunner of Slaughter
    Forest

--: Bone Splinters

Pack 3 pick 8:
    Swarm Surge
    Tajuru Stalwart
    Hedron Blade
--> Bone Splinters
    Unnatural Aggression
    Belligerent Whiptail
    Angelic Gift
    Island

--: Silent Skimmer

Pack 3 pick 9:
    Coralhelm Guide
    Nirkana Assassin
    Skyline Cascade
--> Silent Skimmer
    Tandem Tactics
    Shatterskull Recruit
    Forest

--: Turn Against

Pack 3 pick 10:
    Dispel
    Mind Raker
    Territorial Baloth
    Goblin War Paint
--> Turn Against
    Island

--: Oracle of Dust

Pack 3 pick 11:
--> Oracle of Dust
    Voracious Null
    Geyserfield Stalker
    Reckless Cohort
    Forest

--: Chasm Guide

Pack 3 pick 12:
    Mind Raker
    Volcanic Upheaval
--> Chasm Guide
    Mountain

--: Coralhelm Guide

Pack 3 pick 13:
--> Coralhelm Guide
    Belligerent Whiptail
    Swamp

--: Volcanic Upheaval

Pack 3 pick 14:
--> Volcanic Upheaval
    Island

--: Forest

Pack 3 pick 15:
--> Forest

