Event #: 9397100
Time:    2016-02-16 01:06:42
Players:
    curseddraygon
    mommon
    hmetal129r
    Remondis
    Nodintree
    CoffeeTable
    WilliamBoot
--> los69

--: Linvala, the Preserver

------ OGW ------ 

Pack 1 pick 1:
    Wastes
    Jwar Isle Avenger
    Warden of Geometries
    Stalking Drone
    Netcaster Spider
    Witness the End
    Canopy Gorger
    Consuming Sinkhole
    Ondu War Cleric
    Cultivator Drone
    Timber Gorge
    Prophet of Distortion
    Visions of Brutality
--> Linvala, the Preserver
    Forest

--: Oblivion Strike

--: Oblivion Strike

Pack 1 pick 2:
    Kozilek's Pathfinder
    Spawnbinder Mage
--> Oblivion Strike
    Goblin Freerunner
    Sky Scourer
    Saddleback Lagac
    Affa Protector
    Mighty Leap
    Consuming Sinkhole
    Ondu War Cleric
    Cliffhaven Vampire
    Make a Stand
    Visions of Brutality
    Mountain

--: Makindi Aeronaut

Pack 1 pick 3:
    Containment Membrane
    Seer's Lantern
    Kor Sky Climber
    Comparative Analysis
    Netcaster Spider
    Witness the End
    Expedite
--> Makindi Aeronaut
    Abstruse Interference
    Tranquil Expanse
    Make a Stand
    Ruin in Their Wake
    Mountain

--: Oath of Chandra

--: Kor Scythemaster

--: Kor Sky Climber

Pack 1 pick 4:
--> Kor Sky Climber
    Boulder Salvo
    Holdout Settlement
    Kozilek's Translator
    Elemental Uprising
    Kor Scythemaster
    Negate
    Sparkmage's Gambit
    Kazuul's Toll Collector
    Embodiment of Insight
    Oath of Chandra
    Swamp

--: Zada's Commando

--: Saddleback Lagac

--: Saddleback Lagac

Pack 1 pick 5:
    Scion Summoner
    Kor Sky Climber
    Zada's Commando
    Crumbling Vestige
    Containment Membrane
--> Saddleback Lagac
    Expedite
    Ancient Crab
    Walker of the Wastes
    Eldrazi Mimic
    Mountain

--: Zada's Commando

--: Zada's Commando

Pack 1 pick 6:
    Kozilek's Pathfinder
--> Zada's Commando
    Crumbling Vestige
    Ancient Crab
    Expedite
    Searing Light
    Null Caller
    Bonds of Mortality
    Weapons Trainer
    Forest

--: Goblin Freerunner

--: Zulaport Chainmage

Pack 1 pick 7:
    Goblin Freerunner
    Wastes
    Pulse of Murasa
--> Zulaport Chainmage
    Elemental Uprising
    Eldrazi Aggressor
    Mighty Leap
    Prophet of Distortion
    Island

--: Reality Hemorrhage

--: Reality Hemorrhage

Pack 1 pick 8:
    Kor Sky Climber
--> Reality Hemorrhage
    Wastes
    Containment Membrane
    Lead by Example
    Untamed Hunger
    Negate
    Forest

--: Timber Gorge

Pack 1 pick 9:
    Wastes
    Jwar Isle Avenger
    Warden of Geometries
    Witness the End
    Canopy Gorger
--> Timber Gorge
    Forest

--: Make a Stand

--: Make a Stand

Pack 1 pick 10:
    Kozilek's Pathfinder
    Sky Scourer
    Affa Protector
    Mighty Leap
--> Make a Stand
    Mountain

--: Expedite

Pack 1 pick 11:
    Comparative Analysis
--> Expedite
    Abstruse Interference
    Ruin in Their Wake
    Mountain

--: Sparkmage's Gambit

Pack 1 pick 12:
    Elemental Uprising
    Negate
--> Sparkmage's Gambit
    Swamp

--: Ancient Crab

Pack 1 pick 13:
    Expedite
--> Ancient Crab
    Mountain

Pack 1 pick 14:
--> Bonds of Mortality
    Forest

--: Island

Pack 1 pick 15:
--> Island

--: Steppe Glider

--: Steppe Glider

------ OGW ------ 

Pack 2 pick 1:
    Cinder Hellion
    Holdout Settlement
    Gravity Negator
    Bone Saw
    Expedition Raptor
    Corpse Churn
    Canopy Gorger
    Ancient Crab
    Affa Protector
    Makindi Aeronaut
    Meandering River
    Thought Harvester
--> Steppe Glider
    Oath of Jace
    Plains

--: Zada's Commando

--: Zada's Commando

Pack 2 pick 2:
    Expedition Raptor
--> Zada's Commando
    Crumbling Vestige
    Jwar Isle Avenger
    Lead by Example
    Corpse Churn
    Natural State
    Negate
    Sparkmage's Gambit
    Chitinous Cloak
    Weapons Trainer
    Baloth Pup
    Corrupted Crossroads
    Island

--: Affa Protector

--: Affa Protector

Pack 2 pick 3:
    Blinding Drone
    Kozilek's Pathfinder
    Tajuru Pathwarden
    Sky Scourer
    Saddleback Lagac
    Kozilek's Shrieker
    Eldrazi Aggressor
--> Affa Protector
    Mighty Leap
    Reaver Drone
    Iona's Blessing
    Havoc Sower
    Mountain

--: Unknown Shores

--: Unknown Shores

Pack 2 pick 4:
--> Unknown Shores
    Gravity Negator
    Warden of Geometries
    Sky Scourer
    Elemental Uprising
    Zulaport Chainmage
    Abstruse Interference
    Sparkmage's Gambit
    Kazuul's Toll Collector
    Stormchaser Mage
    Dread Defiler
    Island

--: Stoneforge Masterwork

--: Stoneforge Masterwork

Pack 2 pick 5:
    Crumbling Vestige
    Jwar Isle Avenger
    Mountain
    Corpse Churn
    Natural State
    Kozilek's Translator
    Ancient Crab
    Expedite
    Tears of Valakut
--> Stoneforge Masterwork
    Swamp

--: Akoum Flameseeker

--: Akoum Flameseeker

Pack 2 pick 6:
    Bone Saw
    Tajuru Pathwarden
    Pulse of Murasa
    Unnatural Endurance
    Umara Entangler
--> Akoum Flameseeker
    Submerged Boneyard
    Prophet of Distortion
    Void Shatter
    Plains

--: Lead by Example

--: Lead by Example

Pack 2 pick 7:
    Bone Saw
--> Lead by Example
    Untamed Hunger
    Searing Light
    Negate
    Maw of Kozilek
    Submerged Boneyard
    Flayer Drone
    Forest

--: Weapons Trainer

--: Weapons Trainer

Pack 2 pick 8:
    Scion Summoner
    Loam Larva
    Unnatural Endurance
    Slip Through Space
    Maw of Kozilek
    Tranquil Expanse
--> Weapons Trainer
    Swamp

--: Cinder Hellion

--: Cinder Hellion

Pack 2 pick 9:
--> Cinder Hellion
    Gravity Negator
    Bone Saw
    Corpse Churn
    Canopy Gorger
    Ancient Crab
    Plains

--: Crumbling Vestige

--: Crumbling Vestige

Pack 2 pick 10:
--> Crumbling Vestige
    Corpse Churn
    Natural State
    Negate
    Sparkmage's Gambit
    Island

--: Kozilek's Shrieker

--: Kozilek's Shrieker

Pack 2 pick 11:
    Sky Scourer
--> Kozilek's Shrieker
    Eldrazi Aggressor
    Reaver Drone
    Mountain

--: Kazuul's Toll Collector

Pack 2 pick 12:
    Elemental Uprising
    Abstruse Interference
--> Kazuul's Toll Collector
    Island

--: Ancient Crab

Pack 2 pick 13:
    Mountain
--> Ancient Crab
    Swamp

--: Void Shatter

Pack 2 pick 14:
--> Void Shatter
    Plains

--: Forest

Pack 2 pick 15:
--> Forest

--: Veteran Warleader

--: Veteran Warleader

------ BFZ ------ 

Pack 3 pick 1:
    Incubator Drone
    Culling Drone
    Seek the Wilds
    Skyline Cascade
    Eldrazi Skyspawner
    Ruin Processor
    Bone Splinters
    Broodhunter Wurm
    Boiling Earth
    Lithomancer's Focus
    Catacomb Sifter
    Processor Assault
    Roil Spout
--> Veteran Warleader
    Forest

--: Encircling Fissure

Pack 3 pick 2:
    Swarm Surge
    Call the Scions
    Murk Strider
    Voracious Null
    Cliffside Lookout
    Outnumber
    Benthic Infiltrator
    Kalastria Healer
    Smite the Monstrous
    Kozilek's Channeler
--> Encircling Fissure
    Halimar Tidecaller
    Ondu Rising
    Swamp

--: Felidar Cub

--: Felidar Cub

Pack 3 pick 3:
    Clutch of Currents
    Kalastria Nightwatch
    Swell of Growth
    Skyline Cascade
    Ruin Processor
    Bone Splinters
    Broodhunter Wurm
--> Felidar Cub
    Boiling Earth
    Tunneling Geopede
    Skitterskin
    Dampening Pulse
    Island

--: Murasa Ranger

--: Murasa Ranger

Pack 3 pick 4:
    Seek the Wilds
    Dispel
    Mortuary Mire
    Looming Spires
    Grave Birthing
    Eyeless Watcher
    Stone Haven Medic
    Volcanic Upheaval
    Pathway Arrows
    Blighted Steppe
--> Murasa Ranger
    Swamp

--: Oran-Rief Invoker

Pack 3 pick 5:
    Voracious Null
--> Oran-Rief Invoker
    Hedron Blade
    Unnatural Aggression
    Sandstone Bridge
    Cloud Manta
    Kitesail Scout
    Belligerent Whiptail
    Slab Hammer
    Retreat to Coralhelm
    Plains

--: Sure Strike

--: Sure Strike

Pack 3 pick 6:
    Coralhelm Guide
    Nirkana Assassin
    Unnatural Aggression
    Geyserfield Stalker
    Cloud Manta
    Sandstone Bridge
    Geyserfield Stalker
--> Sure Strike
    Void Attendant
    Island

--: Canopy Vista

--: Canopy Vista

Pack 3 pick 7:
    Vestige of Emrakul
    Murk Strider
    Wave-Wing Elemental
    Fertile Thicket
    Geyserfield Stalker
    Angelic Gift
    Scythe Leopard
--> Canopy Vista
    Plains

--: Unified Front

--: Unified Front

Pack 3 pick 8:
    Brilliant Spectrum
    Broodhunter Wurm
    Angelic Gift
    Belligerent Whiptail
--> Unified Front
    Murasa Ranger
    Crumble to Dust
    Swamp

--: Broodhunter Wurm

--: Broodhunter Wurm

Pack 3 pick 9:
    Incubator Drone
    Seek the Wilds
    Ruin Processor
    Bone Splinters
--> Broodhunter Wurm
    Processor Assault
    Forest

--: Outnumber

--: Outnumber

Pack 3 pick 10:
    Swarm Surge
    Call the Scions
    Murk Strider
    Voracious Null
--> Outnumber
    Swamp

--: Broodhunter Wurm

--: Broodhunter Wurm

Pack 3 pick 11:
    Skyline Cascade
    Bone Splinters
--> Broodhunter Wurm
    Skitterskin
    Island

--: Grave Birthing

Pack 3 pick 12:
    Mortuary Mire
--> Grave Birthing
    Volcanic Upheaval
    Swamp

--: Belligerent Whiptail

Pack 3 pick 13:
    Voracious Null
--> Belligerent Whiptail
    Plains

--: Geyserfield Stalker

Pack 3 pick 14:
--> Geyserfield Stalker
    Island

--: Plains

Pack 3 pick 15:
--> Plains

