Event #: 9398766
Time:    2/15/2016 10:52:38 PM
Players:
--> HuaxingMachine
    TheTrumpCard
    ottifant
    Cordam
    LanceHutton
    Sofara
    Decipio
    fleabite777

--: Munda's Vanguard

--: Munda's Vanguard

------ OGW ------ 

Pack 1 pick 1:
    Isolation Zone
    Goblin Freerunner
    Wastes
    Containment Membrane
    Seer's Lantern
    Canopy Gorger
    Sky Scourer
    Expedite
    Makindi Aeronaut
    Abstruse Interference
    Submerged Boneyard
    Visions of Brutality
    Void Shatter
--> Munda's Vanguard
    Mountain

--: Saddleback Lagac

--: Saddleback Lagac

Pack 1 pick 2:
    Unknown Shores
    Blinding Drone
    Kozilek's Pathfinder
    Scion Summoner
    Kor Sky Climber
    Zulaport Chainmage
--> Saddleback Lagac
    Makindi Aeronaut
    Abstruse Interference
    Sparkmage's Gambit
    Strider Harness
    Gift of Tusks
    Captain's Claws
    Forest

--: Expedition Raptor

--: Expedition Raptor

Pack 1 pick 3:
    Gravity Negator
    Bone Saw
--> Expedition Raptor
    Tar Snare
    Natural State
    Kozilek's Translator
    Elemental Uprising
    Abstruse Interference
    Sparkmage's Gambit
    Kor Scythemaster
    Walker of the Wastes
    Mindmelter
    Plains

--: Kor Sky Climber

--: Kor Sky Climber

Pack 1 pick 4:
    Cinder Hellion
    Unknown Shores
    Sweep Away
    Visions of Brutality
--> Kor Sky Climber
    Kozilek's Shrieker
    Kor Scythemaster
    Negate
    Sparkmage's Gambit
    Relentless Hunter
    Oath of Jace
    Swamp

--: Netcaster Spider

--: Netcaster Spider

Pack 1 pick 5:
    Unknown Shores
    Sweep Away
    Bone Saw
    Witness the End
--> Netcaster Spider
    Kozilek's Shrieker
    Negate
    Sparkmage's Gambit
    Make a Stand
    Flayer Drone
    Plains

--: Expedition Raptor

--: Expedition Raptor

Pack 1 pick 6:
--> Expedition Raptor
    Crumbling Vestige
    Slaughter Drone
    Loam Larva
    Unnatural Endurance
    Slip Through Space
    Brute Strength
    Tranquil Expanse
    Reflector Mage
    Plains

--: Slaughter Drone

--: Slaughter Drone

Pack 1 pick 7:
    Kozilek's Pathfinder
--> Slaughter Drone
    Canopy Gorger
    Kozilek's Shrieker
    Umara Entangler
    Akoum Flameseeker
    Cinder Barrens
    Mindmelter
    Mountain

--: Searing Light

--: Searing Light

Pack 1 pick 8:
    Sweep Away
    Seer's Lantern
    Elemental Uprising
    Sky Scourer
--> Searing Light
    Comparative Analysis
    Eldrazi Aggressor
    Island

--: Seer's Lantern

--: Containment Membrane

--: Containment Membrane

Pack 1 pick 9:
--> Containment Membrane
    Seer's Lantern
    Canopy Gorger
    Sky Scourer
    Abstruse Interference
    Submerged Boneyard
    Mountain

--: Kozilek's Pathfinder

--: Kozilek's Pathfinder

Pack 1 pick 10:
--> Kozilek's Pathfinder
    Abstruse Interference
    Sparkmage's Gambit
    Strider Harness
    Gift of Tusks
    Forest

--: Elemental Uprising

Pack 1 pick 11:
    Natural State
--> Elemental Uprising
    Abstruse Interference
    Sparkmage's Gambit
    Plains

Pack 1 pick 12:
--> Unknown Shores
    Negate
    Oath of Jace
    Swamp

Pack 1 pick 13:
    Witness the End
--> Sparkmage's Gambit
    Plains

Pack 1 pick 14:
--> Slip Through Space
    Plains

Pack 1 pick 15:
--> Kozilek's Pathfinder

--: Isolation Zone

--: Isolation Zone

------ OGW ------ 

Pack 2 pick 1:
    Tajuru Pathwarden
--> Isolation Zone
    Goblin Freerunner
    Wastes
    Containment Membrane
    Untamed Hunger
    Pulse of Murasa
    Umara Entangler
    Brute Strength
    Mighty Leap
    Submerged Boneyard
    Prophet of Distortion
    Void Shatter
    Matter Reshaper
    Swamp

--: Mirrorpool

--: Mirrorpool

Pack 2 pick 2:
    Seer's Lantern
    Oblivion Strike
    Spawnbinder Mage
    Witness the End
    Netcaster Spider
    Slaughter Drone
    Consuming Sinkhole
    Searing Light
    Negate
    Cinder Barrens
    Devour in Flames
    Relentless Hunter
--> Mirrorpool
    Swamp

--: Joraga Auxiliary

--: Joraga Auxiliary

Pack 2 pick 3:
    Seed Guardian
    Wastes
    Sweep Away
    Corpse Churn
    Eldrazi Aggressor
    Affa Protector
    Mighty Leap
    Consuming Sinkhole
    Roiling Waters
    Kazuul's Toll Collector
--> Joraga Auxiliary
    Overwhelming Denial
    Mountain

--: Makindi Aeronaut

--: Scion Summoner

--: Scion Summoner

Pack 2 pick 4:
    Kozilek's Pathfinder
--> Scion Summoner
    Netcaster Spider
    Witness the End
    Canopy Gorger
    Negate
    Sparkmage's Gambit
    Makindi Aeronaut
    Birthing Hulk
    Void Grafter
    Deceiver of Form
    Forest

--: Makindi Aeronaut

Pack 2 pick 5:
    Vampire Envoy
    Sweep Away
    Bone Saw
    Natural State
    Kozilek's Translator
--> Makindi Aeronaut
    Abstruse Interference
    Sparkmage's Gambit
    Make a Stand
    Needle Spires
    Island

--: Stalking Drone

--: Stalking Drone

Pack 2 pick 6:
    Warden of Geometries
--> Stalking Drone
    Witness the End
    Netcaster Spider
    Dazzling Reflection
    Slip Through Space
    Consuming Sinkhole
    Grip of the Roil
    Unity of Purpose
    Mountain

Pack 2 pick 7:
    Mountain
    Blinding Drone
    Elemental Uprising
--> Dazzling Reflection
    Slip Through Space
    Consuming Sinkhole
    Warping Wail
    Call the Gatewatch
    Island

--: Warden of Geometries

--: Warden of Geometries

Pack 2 pick 8:
    Jwar Isle Avenger
--> Warden of Geometries
    Corpse Churn
    Natural State
    Akoum Flameseeker
    Dazzling Reflection
    Slip Through Space
    Forest

--: Wastes

Pack 2 pick 9:
--> Wastes
    Containment Membrane
    Untamed Hunger
    Umara Entangler
    Submerged Boneyard
    Void Shatter
    Swamp

Pack 2 pick 10:
    Witness the End
    Slaughter Drone
    Consuming Sinkhole
--> Searing Light
    Negate
    Swamp

Pack 2 pick 11:
    Wastes
--> Sweep Away
    Corpse Churn
    Overwhelming Denial
    Mountain

Pack 2 pick 12:
--> Canopy Gorger
    Negate
    Sparkmage's Gambit
    Forest

--: Make a Stand

Pack 2 pick 13:
    Abstruse Interference
--> Make a Stand
    Island

Pack 2 pick 14:
--> Witness the End
    Mountain

Pack 2 pick 15:
--> Island

--: Serene Steward

--: Serene Steward

------ BFZ ------ 

Pack 3 pick 1:
    Sludge Crawler
    Plummet
    Complete Disregard
    Ruin Processor
    Skyline Cascade
    Eyeless Watcher
    Rush of Ice
    Silent Skimmer
    Sure Strike
    Inspired Charge
    Transgress the Mind
--> Serene Steward
    Halimar Tidecaller
    Shambling Vent
    Island

--: Cliffside Lookout

--: Cliffside Lookout

Pack 3 pick 2:
    Kalastria Healer
    Blisterpod
    Oracle of Dust
    Voracious Null
    Kozilek's Sentinel
--> Cliffside Lookout
    Kozilek's Channeler
    Makindi Sliderunner
    Smite the Monstrous
    Tide Drifter
    Infuse with the Elements
    Skyrider Elf
    Prism Array
    Mountain

--: Lithomancer's Focus

--: Lithomancer's Focus

Pack 3 pick 3:
    Kalastria Nightwatch
    Earthen Arms
    Hedron Blade
    Bone Splinters
    Unnatural Aggression
    Sandstone Bridge
    Cloud Manta
--> Lithomancer's Focus
    Retreat to Kazandu
    Ulamog's Despoiler
    Cryptic Cruiser
    Lumbering Falls
    Swamp

--: Makindi Patrol

--: Makindi Patrol

Pack 3 pick 4:
    Call the Scions
    Murk Strider
    Ruin Processor
    Skyline Cascade
    Rush of Ice
    Silent Skimmer
    Mortuary Mire
--> Makindi Patrol
    Kozilek's Sentinel
    Tunneling Geopede
    Retreat to Hagra
    Swamp

--: Broodhunter Wurm

--: Broodhunter Wurm

Pack 3 pick 5:
    Reclaiming Vines
    Mist Intruder
    Mire's Malice
    Scour from Existence
    Grave Birthing
--> Broodhunter Wurm
    Spell Shrivel
    Volcanic Upheaval
    Angelic Gift
    Bloodbond Vampire
    Mountain

--: Broodhunter Wurm

--: Broodhunter Wurm

Pack 3 pick 6:
    Coralhelm Guide
    Nirkana Assassin
    Scour from Existence
    Grave Birthing
--> Broodhunter Wurm
    Spell Shrivel
    Goblin War Paint
    Blighted Cataract
    Void Attendant
    Island

--: Tandem Tactics

--: Tandem Tactics

Pack 3 pick 7:
    Dutiful Return
    Swell of Growth
    Dispel
--> Tandem Tactics
    Sure Strike
    Smite the Monstrous
    Carrier Thrall
    Retreat to Coralhelm
    Mountain

--: Breaker of Armies

--: Breaker of Armies

Pack 3 pick 8:
    Mire's Malice
    Tajuru Stalwart
    Culling Drone
    Reckless Cohort
    Reckless Cohort
    Spawning Bed
--> Breaker of Armies
    Swamp

Pack 3 pick 9:
    Sludge Crawler
--> Plummet
    Skyline Cascade
    Rush of Ice
    Inspired Charge
    Halimar Tidecaller
    Island

--: Smite the Monstrous

Pack 3 pick 10:
    Blisterpod
    Oracle of Dust
    Voracious Null
--> Smite the Monstrous
    Prism Array
    Mountain

Pack 3 pick 11:
    Earthen Arms
    Hedron Blade
--> Unnatural Aggression
    Cryptic Cruiser
    Swamp

Pack 3 pick 12:
--> Skyline Cascade
    Rush of Ice
    Mortuary Mire
    Swamp

Pack 3 pick 13:
--> Reclaiming Vines
    Volcanic Upheaval
    Mountain

Pack 3 pick 14:
--> Grave Birthing
    Island

Pack 3 pick 15:
--> Mountain

