Event #: 9398577
Time:    2/15/2016 9:51:20 PM
Players:
    OrangeJuice
--> bchelf
    b0rt1234
    skyquake001
    mechi
    ExpectedValue
    Oderus Urungus
    Saburro

--: Bearer of Silence

--: Boulder Salvo

------ OGW ------ 

Pack 1 pick 1:
--> Boulder Salvo
    Wastes
    Sweep Away
    Seer's Lantern
    Sky Scourer
    Loam Larva
    Eldrazi Aggressor
    Dazzling Reflection
    Slip Through Space
    Consuming Sinkhole
    Make a Stand
    Grasp of Darkness
    Relentless Hunter
    Bearer of Silence
    Forest

--: Isolation Zone

Pack 1 pick 2:
--> Isolation Zone
    Goblin Freerunner
    Wastes
    Containment Membrane
    Seer's Lantern
    Loam Larva
    Slaughter Drone
    Slip Through Space
    Maw of Kozilek
    Allied Reinforcements
    Null Caller
    Cinder Barrens
    Devour in Flames
    Forest

--: Ondu War Cleric

Pack 1 pick 3:
    Kozilek's Pathfinder
    Spawnbinder Mage
    Oblivion Strike
    Saddleback Lagac
    Corpse Churn
    Affa Protector
    Canopy Gorger
    Consuming Sinkhole
--> Ondu War Cleric
    Prophet of Distortion
    Strider Harness
    Thought Harvester
    Plains

--: Press into Service

Pack 1 pick 4:
    Tar Snare
    Reality Hemorrhage
    Wastes
    Witness the End
    Netcaster Spider
    Slaughter Drone
    Searing Light
    Negate
    Maw of Kozilek
    Timber Gorge
--> Press into Service
    Plains

--: Stalking Drone

Pack 1 pick 5:
    Jwar Isle Avenger
    Warden of Geometries
--> Stalking Drone
    Unnatural Endurance
    Pulse of Murasa
    Zulaport Chainmage
    Ancient Crab
    Expedite
    Seed Guardian
    Tranquil Expanse
    Mountain

--: Sparkmage's Gambit

Pack 1 pick 6:
    Tajuru Pathwarden
    Crumbling Vestige
    Witness the End
    Netcaster Spider
    Kozilek's Shrieker
    Negate
--> Sparkmage's Gambit
    Gift of Tusks
    Oath of Nissa
    Mountain

--: Brute Strength

Pack 1 pick 7:
    Wastes
    Bone Saw
    Untamed Hunger
    Vines of the Recluse
    Slip Through Space
--> Brute Strength
    Gift of Tusks
    Mindmelter
    Island

--: Maw of Kozilek

Pack 1 pick 8:
    Kozilek's Translator
    Lead by Example
    Corpse Churn
    Ancient Crab
--> Maw of Kozilek
    Mighty Leap
    Void Shatter
    Island

--: Eldrazi Aggressor

Pack 1 pick 9:
    Wastes
    Sky Scourer
    Loam Larva
--> Eldrazi Aggressor
    Dazzling Reflection
    Consuming Sinkhole
    Forest

--: Maw of Kozilek

Pack 1 pick 10:
    Wastes
    Loam Larva
    Slip Through Space
--> Maw of Kozilek
    Null Caller
    Forest

--: Consuming Sinkhole

--: Consuming Sinkhole

Pack 1 pick 11:
    Corpse Churn
    Canopy Gorger
--> Consuming Sinkhole
    Strider Harness
    Plains

--: Wastes

Pack 1 pick 12:
--> Wastes
    Witness the End
    Maw of Kozilek
    Plains

--: Expedite

Pack 1 pick 13:
    Pulse of Murasa
--> Expedite
    Mountain

--: Gift of Tusks

Pack 1 pick 14:
--> Gift of Tusks
    Mountain

--: Island

Pack 1 pick 15:
--> Island

--: Allied Reinforcements

------ OGW ------ 

Pack 2 pick 1:
    Isolation Zone
    Tar Snare
    Cinder Hellion
    Unknown Shores
    Saddleback Lagac
    Kozilek's Shrieker
    Searing Light
    Comparative Analysis
    Eldrazi Aggressor
    Kor Scythemaster
    Grip of the Roil
--> Allied Reinforcements
    Wall of Resurgence
    Corrupted Crossroads
    Island

--: Kor Sky Climber

Pack 2 pick 2:
    Unknown Shores
    Blinding Drone
    Kozilek's Pathfinder
    Scion Summoner
--> Kor Sky Climber
    Sky Scourer
    Loam Larva
    Comparative Analysis
    Eldrazi Aggressor
    Dazzling Reflection
    Timber Gorge
    Havoc Sower
    Visions of Brutality
    Forest

--: Ondu War Cleric

Pack 2 pick 3:
    Holdout Settlement
    Blinding Drone
    Kozilek's Pathfinder
    Zulaport Chainmage
    Saddleback Lagac
    Corpse Churn
--> Ondu War Cleric
    Ancient Crab
    Affa Protector
    Null Caller
    Devour in Flames
    Oath of Jace
    Mountain

--: Makindi Aeronaut

Pack 2 pick 4:
    Gravity Negator
    Bone Saw
    Spawnbinder Mage
    Witness the End
    Canopy Gorger
    Sparkmage's Gambit
--> Makindi Aeronaut
    Umara Entangler
    Kazuul's Toll Collector
    Harvester Troll
    Void Shatter
    Island

--: Steppe Glider

Pack 2 pick 5:
    Tar Snare
    Stalking Drone
    Cinder Hellion
    Zulaport Chainmage
    Natural State
    Expedite
    Makindi Aeronaut
    Abstruse Interference
    Make a Stand
--> Steppe Glider
    Mountain

--: Shoulder to Shoulder

Pack 2 pick 6:
    Gravity Negator
    Hedron Crawler
    Scion Summoner
    Loam Larva
    Mountain
--> Shoulder to Shoulder
    Slip Through Space
    Maw of Kozilek
    Unity of Purpose
    Plains

--: Unknown Shores

Pack 2 pick 7:
--> Unknown Shores
    Kozilek's Pathfinder
    Unnatural Endurance
    Pulse of Murasa
    Cultivator Drone
    Brute Strength
    Pyromancer's Assault
    Relentless Hunter
    Forest

--: Akoum Flameseeker

Pack 2 pick 8:
    Sweep Away
    Loam Larva
    Unnatural Endurance
    Pulse of Murasa
--> Akoum Flameseeker
    Dazzling Reflection
    Slip Through Space
    Forest

--: Kor Scythemaster

Pack 2 pick 9:
    Tar Snare
    Unknown Shores
    Searing Light
    Comparative Analysis
    Eldrazi Aggressor
--> Kor Scythemaster
    Island

--: Eldrazi Aggressor

Pack 2 pick 10:
    Kozilek's Pathfinder
    Loam Larva
    Comparative Analysis
--> Eldrazi Aggressor
    Dazzling Reflection
    Forest

--: Affa Protector

Pack 2 pick 11:
    Zulaport Chainmage
    Ancient Crab
--> Affa Protector
    Oath of Jace
    Mountain

--: Witness the End

Pack 2 pick 12:
    Bone Saw
--> Witness the End
    Harvester Troll
    Island

--: Make a Stand

Pack 2 pick 13:
    Natural State
--> Make a Stand
    Mountain

--: Slip Through Space

Pack 2 pick 14:
--> Slip Through Space
    Plains

--: Forest

Pack 2 pick 15:
--> Forest

--: Ulamog, the Ceaseless Hunger

------ BFZ ------ 

Pack 3 pick 1:
    Dutiful Return
    Swell of Growth
    Dispel
    Tajuru Beastmaster
    Demon's Grasp
    Skyline Cascade
    Eldrazi Skyspawner
    Ruin Processor
    Lavastep Raider
    Makindi Patrol
    Tajuru Warcaller
    Spawning Bed
    Breaker of Armies
--> Ulamog, the Ceaseless Hunger
    Mountain

--: Kor Castigator

Pack 3 pick 2:
    Culling Drone
    Coralhelm Guide
    Nirkana Assassin
    Shatterskull Recruit
--> Kor Castigator
    Lifespring Druid
    Valakut Predator
    Sheer Drop
    Valakut Invoker
    Tide Drifter
    Infuse with the Elements
    Brood Monitor
    Part the Waterveil
    Forest

--: Cliffside Lookout

Pack 3 pick 3:
    Mist Intruder
    Mire's Malice
    Giant Mantis
    Demon's Grasp
    Skyline Cascade
    Eldrazi Skyspawner
    Ruin Processor
    Bone Splinters
    Lavastep Raider
--> Cliffside Lookout
    Retreat to Kazandu
    Ulamog's Despoiler
    Mountain

--: Sandstone Bridge

--: Boiling Earth

Pack 3 pick 4:
    Giant Mantis
    Rush of Ice
    Natural Connection
    Unnatural Aggression
    Geyserfield Stalker
    Cloud Manta
    Sandstone Bridge
--> Boiling Earth
    Ruination Guide
    Skyrider Elf
    Lumbering Falls
    Mountain

--: Sure Strike

Pack 3 pick 5:
    Oran-Rief Invoker
    Dispel
    Mind Raker
    Territorial Baloth
--> Sure Strike
    Inspired Charge
    Dominator Drone
    Stonefury
    Kor Entanglers
    Sylvan Scrying
    Forest

--: Angelic Gift

Pack 3 pick 6:
    Incubator Drone
    Seek the Wilds
    Eyeless Watcher
    Rush of Ice
    Silent Skimmer
    Mortuary Mire
    Natural Connection
--> Angelic Gift
    Forerunner of Slaughter
    Plains

--: Ondu Champion

Pack 3 pick 7:
    Brilliant Spectrum
    Altar's Reap
    Call the Scions
    Roilmage's Trick
    Goblin War Paint
    Ondu Greathorn
--> Ondu Champion
    Unified Front
    Mountain

--: Chasm Guide

--: Chasm Guide

Pack 3 pick 8:
    Earthen Arms
    Broodhunter Wurm
    Mortuary Mire
    Grave Birthing
    Herald of Kozilek
--> Chasm Guide
    Retreat to Valakut
    Forest

--: Skyline Cascade

Pack 3 pick 9:
    Dutiful Return
    Swell of Growth
    Dispel
    Tajuru Beastmaster
--> Skyline Cascade
    Lavastep Raider
    Mountain

--: Valakut Invoker

Pack 3 pick 10:
    Coralhelm Guide
    Nirkana Assassin
    Lifespring Druid
--> Valakut Invoker
    Infuse with the Elements
    Forest

--: Skyline Cascade

Pack 3 pick 11:
    Mist Intruder
--> Skyline Cascade
    Retreat to Kazandu
    Ulamog's Despoiler
    Mountain

--: Rush of Ice

Pack 3 pick 12:
    Giant Mantis
--> Rush of Ice
    Natural Connection
    Mountain

--: Oran-Rief Invoker

Pack 3 pick 13:
--> Oran-Rief Invoker
    Sylvan Scrying
    Forest

--: Seek the Wilds

Pack 3 pick 14:
--> Seek the Wilds
    Plains

--: Mountain

Pack 3 pick 15:
--> Mountain

