Event #: 9398872
Time:    2/15/2016 11:34:28 PM
Players:
--> HuaxingMachine
    ChrisFlan
    DuffyJ
    pneumatocrat
    sepomon
    rhizom
    Nebula_PC
    rhyrea

--: Cyclone Sire

--: Cyclone Sire

------ OGW ------ 

Pack 1 pick 1:
    Gravity Negator
    Bone Saw
    Scion Summoner
    Spawnbinder Mage
    Cinder Hellion
    Sky Scourer
    Elemental Uprising
    Eldrazi Aggressor
    Dazzling Reflection
    Slip Through Space
--> Cyclone Sire
    Steppe Glider
    Stormchaser Mage
    Remorseless Punishment
    Mountain

--: Relief Captain

--: Relief Captain

Pack 1 pick 2:
    Zada's Commando
    Wastes
    Jwar Isle Avenger
    Warden of Geometries
    Sky Scourer
    Saddleback Lagac
    Kozilek's Shrieker
    Ondu War Cleric
    Cultivator Drone
    Expedite
--> Relief Captain
    Reaver Drone
    Iona's Blessing
    Island

--: Birthing Hulk

--: Reckless Bushwhacker

--: Spawnbinder Mage

--: Reckless Bushwhacker

--: Spawnbinder Mage

--: Reckless Bushwhacker

--: Birthing Hulk

--: Reckless Bushwhacker

--: Reckless Bushwhacker

Pack 1 pick 3:
    Sweep Away
    Seer's Lantern
    Spawnbinder Mage
    Vines of the Recluse
    Unnatural Endurance
    Brute Strength
    Comparative Analysis
    Eldrazi Aggressor
--> Reckless Bushwhacker
    Birthing Hulk
    Warping Wail
    Eldrazi Mimic
    Forest

--: Expedition Raptor

--: Ondu War Cleric

--: Ondu War Cleric

Pack 1 pick 4:
    Sweep Away
    Tajuru Pathwarden
    Expedition Raptor
    Slaughter Drone
    Lead by Example
    Untamed Hunger
    Umara Entangler
    Akoum Flameseeker
--> Ondu War Cleric
    Submerged Boneyard
    Baloth Pup
    Swamp

--: Searing Light

--: Searing Light

Pack 1 pick 5:
    Unknown Shores
    Sweep Away
    Seer's Lantern
    Natural State
    Witness the End
    Consuming Sinkhole
--> Searing Light
    Negate
    Kazuul's Toll Collector
    Tears of Valakut
    Forest

--: Blinding Drone

--: Blinding Drone

Pack 1 pick 6:
    Holdout Settlement
--> Blinding Drone
    Kozilek's Translator
    Elemental Uprising
    Negate
    Sparkmage's Gambit
    Makindi Aeronaut
    Make a Stand
    Mindmelter
    Island

--: Affa Protector

--: Affa Protector

Pack 1 pick 7:
    Bone Saw
    Untamed Hunger
    Pulse of Murasa
    Brute Strength
--> Affa Protector
    Ancient Crab
    Submerged Boneyard
    Void Shatter
    Swamp

--: Kozilek's Translator

Pack 1 pick 8:
    Canopy Gorger
--> Kozilek's Translator
    Lead by Example
    Negate
    Sparkmage's Gambit
    Chitinous Cloak
    Ruin in Their Wake
    Mountain

--: Slip Through Space

--: Slip Through Space

Pack 1 pick 9:
    Bone Saw
    Elemental Uprising
    Eldrazi Aggressor
    Dazzling Reflection
--> Slip Through Space
    Stormchaser Mage
    Mountain

--: Warden of Geometries

--: Warden of Geometries

Pack 1 pick 10:
    Wastes
--> Warden of Geometries
    Sky Scourer
    Expedite
    Iona's Blessing
    Island

--: Comparative Analysis

--: Comparative Analysis

Pack 1 pick 11:
    Vines of the Recluse
    Brute Strength
--> Comparative Analysis
    Warping Wail
    Forest

--: Umara Entangler

Pack 1 pick 12:
    Untamed Hunger
--> Umara Entangler
    Submerged Boneyard
    Swamp

Pack 1 pick 13:
    Natural State
--> Consuming Sinkhole
    Forest

Pack 1 pick 14:
--> Negate
    Island

Pack 1 pick 15:
--> Swamp

--: Munda's Vanguard

--: Munda's Vanguard

------ OGW ------ 

Pack 2 pick 1:
    Gravity Negator
    Bone Saw
    Expedition Raptor
    Tar Snare
    Boulder Salvo
    Corpse Churn
    Natural State
    Shoulder to Shoulder
    Slip Through Space
    Maw of Kozilek
    Pyromancer's Assault
    Flaying Tendrils
    Steppe Glider
--> Munda's Vanguard
    Forest

--: Kor Sky Climber

--: Kor Sky Climber

Pack 2 pick 2:
    Gravity Negator
    Warden of Geometries
    Stalking Drone
--> Kor Sky Climber
    Kozilek's Shrieker
    Lead by Example
    Untamed Hunger
    Abstruse Interference
    Akoum Flameseeker
    Dazzling Reflection
    Embodiment of Insight
    Immobilizer Eldrazi
    Drana's Chosen
    Forest

--: Kor Scythemaster

--: Kor Scythemaster

Pack 2 pick 3:
    Hedron Crawler
    Tar Snare
    Stalking Drone
    Cinder Hellion
    Saddleback Lagac
    Corpse Churn
    Natural State
    Eldrazi Aggressor
--> Kor Scythemaster
    Negate
    Void Grafter
    Stoneforge Acolyte
    Forest

--: Mighty Leap

--: Mighty Leap

Pack 2 pick 4:
    Scion Summoner
    Wastes
    Slaughter Drone
    Canopy Gorger
    Kozilek's Shrieker
    Needle Spires
--> Mighty Leap
    Abstruse Interference
    Null Caller
    Cinder Barrens
    Hissing Quagmire
    Swamp

--: Affa Protector

--: Affa Protector

Pack 2 pick 5:
    Goblin Freerunner
    Wastes
    Pulse of Murasa
    Zulaport Chainmage
    Elemental Uprising
--> Affa Protector
    Mighty Leap
    Vile Redeemer
    Spatial Contortion
    Baloth Null
    Plains

--: Umara Entangler

--: Umara Entangler

Pack 2 pick 6:
    Goblin Freerunner
    Kozilek's Pathfinder
    Kozilek's Translator
    Elemental Uprising
    Sky Scourer
    Sparkmage's Gambit
--> Umara Entangler
    Harvester Troll
    Walker of the Wastes
    Plains

--: Reflector Mage

--: Reflector Mage

Pack 2 pick 7:
    Kor Sky Climber
    Hedron Crawler
    Kozilek's Translator
    Saddleback Lagac
    Ancient Crab
    Affa Protector
    Meandering River
--> Reflector Mage
    Swamp

--: Sweep Away

--: Slip Through Space

--: Sweep Away

--: Sweep Away

Pack 2 pick 8:
--> Sweep Away
    Bone Saw
    Tajuru Pathwarden
    Lead by Example
    Untamed Hunger
    Dazzling Reflection
    Slip Through Space
    Mountain

--: Slip Through Space

--: Slip Through Space

Pack 2 pick 9:
    Bone Saw
    Tar Snare
    Corpse Churn
    Natural State
--> Slip Through Space
    Flaying Tendrils
    Forest

--: Warden of Geometries

Pack 2 pick 10:
--> Warden of Geometries
    Lead by Example
    Untamed Hunger
    Abstruse Interference
    Dazzling Reflection
    Forest

Pack 2 pick 11:
    Corpse Churn
    Natural State
    Negate
--> Stoneforge Acolyte
    Forest

Pack 2 pick 12:
    Canopy Gorger
--> Abstruse Interference
    Null Caller
    Swamp

Pack 2 pick 13:
--> Zulaport Chainmage
    Elemental Uprising
    Plains

--: Kozilek's Pathfinder

Pack 2 pick 14:
--> Kozilek's Pathfinder
    Plains

Pack 2 pick 15:
--> Swamp

--: Ghostly Sentinel

--: Ghostly Sentinel

------ BFZ ------ 

Pack 3 pick 1:
    Salvage Drone
    Swarm Surge
    Call the Scions
    Murk Strider
    Lavastep Raider
    Fortified Rampart
--> Ghostly Sentinel
    Benthic Infiltrator
    Makindi Sliderunner
    Smite the Monstrous
    Vile Aggregate
    Rising Miasma
    Jaddi Offshoot
    Veteran Warleader
    Plains

--: Courier Griffin

--: Courier Griffin

Pack 3 pick 2:
    Oracle of Dust
    Altar's Reap
    Plummet
    Coralhelm Guide
    Belligerent Whiptail
    Stone Haven Medic
    Kozilek's Channeler
    Vestige of Emrakul
--> Courier Griffin
    Valakut Predator
    Crumble to Dust
    Rot Shambler
    Wasteland Strangler
    Plains

--: Adverse Conditions

--: Smite the Monstrous

Pack 3 pick 3:
    Swell of Growth
    Dispel
    Kalastria Nightwatch
    Earthen Arms
    Kozilek's Sentinel
    Inspired Charge
    Stonefury
--> Smite the Monstrous
    Kozilek's Channeler
    Touch of the Void
    Scythe Leopard
    Adverse Conditions
    Plains

--: Exert Influence

--: Exert Influence

Pack 3 pick 4:
    Kalastria Nightwatch
    Earthen Arms
    Snapping Gnarlid
    Spell Shrivel
    Scour from Existence
    Tajuru Beastmaster
    Wave-Wing Elemental
    Sure Strike
    Kitesail Scout
    Dampening Pulse
--> Exert Influence
    Swamp

--: Retreat to Emeria

--: Retreat to Emeria

Pack 3 pick 5:
    Dutiful Return
    Swell of Growth
    Dispel
    Tightening Coils
    Eldrazi Devastator
    Looming Spires
    Boiling Earth
    Lithomancer's Focus
    Blighted Cataract
--> Retreat to Emeria
    Swamp

--: Encircling Fissure

--: Encircling Fissure

Pack 3 pick 6:
    Earthen Arms
    Incubator Drone
    Reclaiming Vines
    Inspired Charge
    Boiling Earth
    Makindi Patrol
--> Encircling Fissure
    Horribly Awry
    Angelic Captain
    Island

--: Cloud Manta

--: Cloud Manta

Pack 3 pick 7:
    Swell of Growth
    Mist Intruder
    Hedron Blade
    Unnatural Aggression
--> Cloud Manta
    Scour from Existence
    Reckless Cohort
    Skyrider Elf
    Forest

--: Clutch of Currents

Pack 3 pick 8:
--> Clutch of Currents
    Giant Mantis
    Shatterskull Recruit
    Lithomancer's Focus
    Courier Griffin
    Benthic Infiltrator
    Ulamog's Nullifier
    Plains

--: Benthic Infiltrator

Pack 3 pick 9:
    Salvage Drone
    Murk Strider
    Lavastep Raider
    Fortified Rampart
--> Benthic Infiltrator
    Rising Miasma
    Plains

--: Stone Haven Medic

Pack 3 pick 10:
    Oracle of Dust
    Plummet
    Belligerent Whiptail
--> Stone Haven Medic
    Crumble to Dust
    Plains

Pack 3 pick 11:
    Swell of Growth
    Dispel
    Earthen Arms
--> Inspired Charge
    Plains

Pack 3 pick 12:
    Earthen Arms
--> Wave-Wing Elemental
    Kitesail Scout
    Swamp

Pack 3 pick 13:
    Dutiful Return
--> Dispel
    Swamp

Pack 3 pick 14:
--> Reclaiming Vines
    Island

Pack 3 pick 15:
--> Forest

