Event #: 9398946
Time:    2/16/2016 12:04:48 AM
Players:
    ToanDaxland
    kennythepig
    rwfoxs
--> HuaxingMachine
    schtuffy
    Smithenator
    bojo
    mathewslife

--: Sylvan Advocate

--: Sylvan Advocate

------ OGW ------ 

Pack 1 pick 1:
    Wastes
    Gravity Negator
    Bone Saw
    Scion Summoner
    Spawnbinder Mage
    Witness the End
    Canopy Gorger
    Consuming Sinkhole
    Shoulder to Shoulder
    Ancient Crab
    Spatial Contortion
    Warping Wail
    Joraga Auxiliary
--> Sylvan Advocate
    Plains

--: Expedition Raptor

--: Expedition Raptor

Pack 1 pick 2:
    Holdout Settlement
    Gravity Negator
    Bone Saw
--> Expedition Raptor
    Tar Snare
    Canopy Gorger
    Kozilek's Shrieker
    Shoulder to Shoulder
    Umara Entangler
    Press into Service
    Essence Depleter
    Malakir Soothsayer
    Wall of Resurgence
    Plains

--: Affa Protector

--: Affa Protector

Pack 1 pick 3:
    Wastes
    Sweep Away
    Seer's Lantern
    Untamed Hunger
    Vines of the Recluse
    Kozilek's Translator
    Eldrazi Aggressor
--> Affa Protector
    Mighty Leap
    Harvester Troll
    Stormchaser Mage
    Iona's Blessing
    Forest

--: Steppe Glider

--: Expedition Raptor

--: Expedition Raptor

Pack 1 pick 4:
    Bone Saw
--> Expedition Raptor
    Tar Snare
    Unnatural Endurance
    Vines of the Recluse
    Zulaport Chainmage
    Ancient Crab
    Affa Protector
    Makindi Aeronaut
    Walker of the Wastes
    Steppe Glider
    Plains

--: Kor Scythemaster

--: Kor Scythemaster

Pack 1 pick 5:
    Scion Summoner
    Holdout Settlement
    Natural State
    Kozilek's Translator
    Elemental Uprising
--> Kor Scythemaster
    Comparative Analysis
    Eldrazi Aggressor
    Kazuul's Toll Collector
    Oath of Gideon
    Swamp

--: Expedition Raptor

--: Expedition Raptor

Pack 1 pick 6:
    Tajuru Pathwarden
--> Expedition Raptor
    Untamed Hunger
    Vines of the Recluse
    Ancient Crab
    Expedite
    Searing Light
    Harvester Troll
    Void Shatter
    Forest

--: Shoulder to Shoulder

--: Shoulder to Shoulder

Pack 1 pick 7:
    Goblin Freerunner
    Wastes
    Netcaster Spider
--> Shoulder to Shoulder
    Maw of Kozilek
    Dazzling Reflection
    Meandering River
    Tears of Valakut
    Swamp

--: Ondu War Cleric

--: Ondu War Cleric

Pack 1 pick 8:
    Stalking Drone
    Canopy Gorger
    Lead by Example
    Akoum Flameseeker
--> Ondu War Cleric
    Tranquil Expanse
    Stoneforge Acolyte
    Plains

--: Scion Summoner

--: Scion Summoner

Pack 1 pick 9:
    Bone Saw
--> Scion Summoner
    Witness the End
    Canopy Gorger
    Consuming Sinkhole
    Ancient Crab
    Plains

--: Wall of Resurgence

--: Wall of Resurgence

Pack 1 pick 10:
    Holdout Settlement
    Bone Saw
    Canopy Gorger
    Shoulder to Shoulder
--> Wall of Resurgence
    Plains

--: Vines of the Recluse

--: Vines of the Recluse

Pack 1 pick 11:
    Untamed Hunger
--> Vines of the Recluse
    Mighty Leap
    Harvester Troll
    Forest

--: Affa Protector

Pack 1 pick 12:
    Vines of the Recluse
    Ancient Crab
--> Affa Protector
    Plains

Pack 1 pick 13:
    Natural State
--> Elemental Uprising
    Swamp

Pack 1 pick 14:
--> Harvester Troll
    Forest

Pack 1 pick 15:
--> Swamp

--: Kor Scythemaster

--: Kor Scythemaster

------ OGW ------ 

Pack 2 pick 1:
    Hedron Crawler
    Vampire Envoy
    Scion Summoner
    Boulder Salvo
    Unnatural Endurance
    Pulse of Murasa
    Untamed Hunger
--> Kor Scythemaster
    Comparative Analysis
    Thought Harvester
    Cinder Barrens
    Reflector Mage
    Iona's Blessing
    Inverter of Truth
    Swamp

--: Isolation Zone

--: Isolation Zone

Pack 2 pick 2:
    Jwar Isle Avenger
    Warden of Geometries
--> Isolation Zone
    Tar Snare
    Pulse of Murasa
    Zulaport Chainmage
    Ancient Crab
    Expedite
    Searing Light
    Meandering River
    Prophet of Distortion
    Bonds of Mortality
    Eldrazi Obligator
    Swamp

--: Wall of Resurgence

--: Wall of Resurgence

Pack 2 pick 3:
    Kor Sky Climber
    Zada's Commando
    Crumbling Vestige
    Hedron Crawler
    Netcaster Spider
    Slaughter Drone
    Negate
    Maw of Kozilek
    Shoulder to Shoulder
    Birthing Hulk
--> Wall of Resurgence
    Flayer Drone
    Forest

--: Saddleback Lagac

--: Saddleback Lagac

Pack 2 pick 4:
    Reality Hemorrhage
    Unknown Shores
    Sweep Away
    Bone Saw
--> Saddleback Lagac
    Corpse Churn
    Canopy Gorger
    Cultivator Drone
    Expedite
    Harvester Troll
    Devour in Flames
    Forest

--: Steppe Glider

Pack 2 pick 5:
    Tajuru Pathwarden
    Zulaport Chainmage
    Saddleback Lagac
    Corpse Churn
    Makindi Aeronaut
    Abstruse Interference
    Sparkmage's Gambit
    Thought Harvester
--> Steppe Glider
    Zendikar Resurgent
    Island

--: Ondu War Cleric

--: Ondu War Cleric

Pack 2 pick 6:
    Kozilek's Pathfinder
    Tajuru Pathwarden
    Expedition Raptor
    Crumbling Vestige
    Saddleback Lagac
    Corpse Churn
    Consuming Sinkhole
--> Ondu War Cleric
    Make a Stand
    Plains

--: Tajuru Pathwarden

Pack 2 pick 7:
--> Tajuru Pathwarden
    Wastes
    Natural State
    Witness the End
    Searing Light
    Negate
    Relentless Hunter
    Hissing Quagmire
    Island

--: Scion Summoner

--: Vile Redeemer

--: Scion Summoner

--: Vile Redeemer

--: Scion Summoner

--: Vile Redeemer

--: Scion Summoner

--: Vile Redeemer

--: Vile Redeemer

Pack 2 pick 8:
    Unknown Shores
    Kozilek's Pathfinder
    Scion Summoner
    Elemental Uprising
    Eldrazi Aggressor
    Dazzling Reflection
--> Vile Redeemer
    Swamp

--: Scion Summoner

Pack 2 pick 9:
--> Scion Summoner
    Unnatural Endurance
    Pulse of Murasa
    Untamed Hunger
    Iona's Blessing
    Inverter of Truth
    Swamp

--: Searing Light

Pack 2 pick 10:
    Tar Snare
    Pulse of Murasa
    Ancient Crab
--> Searing Light
    Bonds of Mortality
    Swamp

--: Netcaster Spider

Pack 2 pick 11:
    Crumbling Vestige
--> Netcaster Spider
    Negate
    Birthing Hulk
    Forest

Pack 2 pick 12:
    Bone Saw
--> Canopy Gorger
    Harvester Troll
    Forest

Pack 2 pick 13:
    Corpse Churn
--> Zendikar Resurgent
    Island

Pack 2 pick 14:
--> Corpse Churn
    Plains

Pack 2 pick 15:
--> Island

--: Courier Griffin

--: Courier Griffin

------ BFZ ------ 

Pack 3 pick 1:
    Kalastria Nightwatch
    Swell of Growth
    Mist Intruder
    Dutiful Return
    Kitesail Scout
    Reckless Cohort
    Smite the Monstrous
    Kozilek's Channeler
    Vestige of Emrakul
--> Courier Griffin
    Retreat to Coralhelm
    Akoum Stonewaker
    Zulaport Cutthroat
    Beastcaller Savant
    Swamp

--: Stone Haven Medic

--: Stone Haven Medic

Pack 3 pick 2:
    Murk Strider
    Voracious Null
    Oran-Rief Invoker
    Brilliant Spectrum
--> Stone Haven Medic
    Shatterskull Recruit
    Shadow Glider
    Lifespring Druid
    Valakut Invoker
    Skyline Cascade
    Carrier Thrall
    Vampiric Rites
    Akoum Firebird
    Island

--: Stasis Snare

Pack 3 pick 3:
    Seek the Wilds
    Coralhelm Guide
    Nirkana Assassin
    Kor Castigator
    Boiling Earth
    Sheer Drop
    Valakut Invoker
    Shadow Glider
--> Stasis Snare
    Scythe Leopard
    Encircling Fissure
    Bring to Light
    Swamp

--: Kor Castigator

--: Kor Castigator

Pack 3 pick 4:
    Nirkana Assassin
    Oran-Rief Invoker
--> Kor Castigator
    Mind Raker
    Volcanic Upheaval
    Angelic Gift
    Shadow Glider
    Lifespring Druid
    Valakut Invoker
    Blighted Woodland
    Vampiric Rites
    Island

--: Tandem Tactics

--: Tandem Tactics

Pack 3 pick 5:
    Swarm Surge
    Tajuru Stalwart
    Incubator Drone
--> Tandem Tactics
    Shatterskull Recruit
    Felidar Cub
    Goblin War Paint
    Lifespring Druid
    Adverse Conditions
    Plated Crusher
    Swamp

--: Gideon's Reproach

--: Gideon's Reproach

Pack 3 pick 6:
    Mire's Malice
    Tajuru Stalwart
    Culling Drone
    Cliffside Lookout
--> Gideon's Reproach
    Vestige of Emrakul
    Ghostly Sentinel
    Resolute Blademaster
    Retreat to Valakut
    Mountain

--: Gideon's Reproach

--: Gideon's Reproach

Pack 3 pick 7:
    Brilliant Spectrum
    Altar's Reap
    Call the Scions
    Roilmage's Trick
    Stone Haven Medic
    Volcanic Upheaval
    Ondu Greathorn
--> Gideon's Reproach
    Plains

--: Ondu Greathorn

--: Ondu Greathorn

Pack 3 pick 8:
    Kalastria Healer
    Reclaiming Vines
    Stone Haven Medic
--> Ondu Greathorn
    Ondu Champion
    Ghostly Sentinel
    Rising Miasma
    Mountain

Pack 3 pick 9:
    Swell of Growth
    Dutiful Return
    Kitesail Scout
    Reckless Cohort
--> Smite the Monstrous
    Retreat to Coralhelm
    Swamp

Pack 3 pick 10:
    Voracious Null
    Brilliant Spectrum
--> Shatterskull Recruit
    Lifespring Druid
    Vampiric Rites
    Island

Pack 3 pick 11:
    Seek the Wilds
    Boiling Earth
--> Shadow Glider
    Scythe Leopard
    Swamp

Pack 3 pick 12:
    Volcanic Upheaval
--> Angelic Gift
    Blighted Woodland
    Island

Pack 3 pick 13:
    Tajuru Stalwart
--> Lifespring Druid
    Swamp

Pack 3 pick 14:
--> Cliffside Lookout
    Mountain

Pack 3 pick 15:
--> Volcanic Upheaval

