Event #: 9400681
Time:    2/16/2016 2:04:29 PM
Players:
    Lotex
--> OMGQueRico
    yuyu
    ultrashock
    Slate_Steel
    Ice Death66
    gerhard276
    nipsyrussell

--: Mina and Denn, Wildborn

------ OGW ------ 

Pack 1 pick 1:
    Reality Hemorrhage
    Wastes
    Containment Membrane
    Bone Saw
    Netcaster Spider
    Slaughter Drone
    Canopy Gorger
    Maw of Kozilek
    Shoulder to Shoulder
    Mountain
    Timber Gorge
    Weapons Trainer
    Thought Harvester
--> Mina and Denn, Wildborn
    Mountain

--: Boulder Salvo

Pack 1 pick 2:
--> Boulder Salvo
    Unknown Shores
    Blinding Drone
    Kozilek's Pathfinder
    Untamed Hunger
    Vines of the Recluse
    Unnatural Endurance
    Brute Strength
    Affa Protector
    Ancient Crab
    Kazuul's Toll Collector
    Joraga Auxiliary
    Immobilizer Eldrazi
    Plains

--: Zada's Commando

Pack 1 pick 3:
--> Zada's Commando
    Crumbling Vestige
    Jwar Isle Avenger
    Hedron Crawler
    Slaughter Drone
    Lead by Example
    Untamed Hunger
    Umara Entangler
    Brute Strength
    Mighty Leap
    Malakir Soothsayer
    Flayer Drone
    Swamp

--: Blinding Drone

--: Goblin Freerunner

--: Blinding Drone

--: Blinding Drone

Pack 1 pick 4:
    Goblin Freerunner
    Holdout Settlement
--> Blinding Drone
    Kozilek's Pathfinder
    Slaughter Drone
    Lead by Example
    Umara Entangler
    Brute Strength
    Mighty Leap
    Tranquil Expanse
    Weapons Trainer
    Swamp

--: Cultivator Drone

--: Cultivator Drone

Pack 1 pick 5:
    Sweep Away
    Bone Saw
    Pulse of Murasa
    Unnatural Endurance
--> Cultivator Drone
    Expedite
    Ondu War Cleric
    Reaver Drone
    Submerged Boneyard
    Tears of Valakut
    Mountain

--: Pyromancer's Assault

--: Pyromancer's Assault

Pack 1 pick 6:
    Containment Membrane
    Bone Saw
    Netcaster Spider
    Kozilek's Shrieker
    Loam Larva
    Slip Through Space
    Dazzling Reflection
--> Pyromancer's Assault
    Flaying Tendrils
    Island

--: Maw of Kozilek

--: Maw of Kozilek

Pack 1 pick 7:
    Gravity Negator
    Scion Summoner
    Witness the End
    Canopy Gorger
    Ancient Crab
--> Maw of Kozilek
    Mighty Leap
    Ruin in Their Wake
    Forest

--: Sparkmage's Gambit

--: Wastes

--: Sparkmage's Gambit

--: Sparkmage's Gambit

Pack 1 pick 8:
    Wastes
    Natural State
    Witness the End
    Negate
--> Sparkmage's Gambit
    Chitinous Cloak
    Ruin in Their Wake
    Plains

--: Reality Hemorrhage

Pack 1 pick 9:
--> Reality Hemorrhage
    Wastes
    Bone Saw
    Netcaster Spider
    Canopy Gorger
    Maw of Kozilek
    Mountain

--: Kazuul's Toll Collector

--: Kazuul's Toll Collector

Pack 1 pick 10:
    Kozilek's Pathfinder
    Untamed Hunger
    Vines of the Recluse
    Affa Protector
--> Kazuul's Toll Collector
    Plains

--: Hedron Crawler

--: Hedron Crawler

Pack 1 pick 11:
--> Hedron Crawler
    Untamed Hunger
    Umara Entangler
    Brute Strength
    Swamp

--: Goblin Freerunner

Pack 1 pick 12:
--> Goblin Freerunner
    Brute Strength
    Mighty Leap
    Swamp

--: Expedite

Pack 1 pick 13:
    Bone Saw
--> Expedite
    Mountain

--: Dazzling Reflection

Pack 1 pick 14:
--> Dazzling Reflection
    Island

--: Forest

Pack 1 pick 15:
--> Forest

--: Fall of the Titans

--: Fall of the Titans

------ OGW ------ 

Pack 2 pick 1:
    Vampire Envoy
    Tajuru Pathwarden
    Goblin Freerunner
    Holdout Settlement
    Pulse of Murasa
    Zulaport Chainmage
    Elemental Uprising
    Expedite
    Searing Light
    Comparative Analysis
    Embodiment of Insight
    Spatial Contortion
    Gift of Tusks
--> Fall of the Titans
    Island

--: Grasp of Darkness

--: Grasp of Darkness

Pack 2 pick 2:
    Gravity Negator
    Bone Saw
    Expedition Raptor
    Tar Snare
    Unnatural Endurance
    Vines of the Recluse
    Zulaport Chainmage
    Affa Protector
    Makindi Aeronaut
    Umara Entangler
--> Grasp of Darkness
    Meandering River
    Reflector Mage
    Forest

--: Goblin Dark-Dwellers

--: Goblin Dark-Dwellers

Pack 2 pick 3:
    Sweep Away
    Seer's Lantern
    Spawnbinder Mage
    Sky Scourer
    Loam Larva
    Witness the End
    Consuming Sinkhole
    Searing Light
    Negate
    Malakir Soothsayer
    Stormchaser Mage
--> Goblin Dark-Dwellers
    Swamp

--: Zada's Commando

--: Zada's Commando

Pack 2 pick 4:
--> Zada's Commando
    Warden of Geometries
    Untamed Hunger
    Vines of the Recluse
    Unnatural Endurance
    Affa Protector
    Ancient Crab
    Expedite
    Strider Harness
    Stoneforge Acolyte
    Zendikar Resurgent
    Plains

--: Nissa's Judgment

Pack 2 pick 5:
    Kor Sky Climber
    Cinder Hellion
    Untamed Hunger
    Pulse of Murasa
    Expedite
    Ondu War Cleric
    Ancient Crab
    Allied Reinforcements
    Unity of Purpose
--> Nissa's Judgment
    Mountain

--: Birthing Hulk

Pack 2 pick 6:
    Cinder Hellion
    Wastes
    Warden of Geometries
    Kozilek's Shrieker
    Loam Larva
    Slip Through Space
    Maw of Kozilek
    Dazzling Reflection
--> Birthing Hulk
    Island

--: Cinder Hellion

Pack 2 pick 7:
--> Cinder Hellion
    Loam Larva
    Witness the End
    Consuming Sinkhole
    Searing Light
    Negate
    Null Caller
    Bonds of Mortality
    Swamp

--: Stalking Drone

Pack 2 pick 8:
--> Stalking Drone
    Wastes
    Sky Scourer
    Elemental Uprising
    Abstruse Interference
    Searing Light
    Timber Gorge
    Forest

--: Tajuru Pathwarden

Pack 2 pick 9:
--> Tajuru Pathwarden
    Pulse of Murasa
    Elemental Uprising
    Expedite
    Searing Light
    Gift of Tusks
    Island

--: Vines of the Recluse

Pack 2 pick 10:
    Bone Saw
--> Vines of the Recluse
    Zulaport Chainmage
    Affa Protector
    Umara Entangler
    Forest

--: Loam Larva

Pack 2 pick 11:
--> Loam Larva
    Witness the End
    Consuming Sinkhole
    Negate
    Swamp

--: Expedite

Pack 2 pick 12:
    Affa Protector
--> Expedite
    Stoneforge Acolyte
    Plains

--: Pulse of Murasa

Pack 2 pick 13:
    Untamed Hunger
--> Pulse of Murasa
    Mountain

--: Dazzling Reflection

Pack 2 pick 14:
--> Dazzling Reflection
    Island

--: Swamp

Pack 2 pick 15:
--> Swamp

--: Kiora, Master of the Depths

--: Kiora, Master of the Depths

------ BFZ ------ 

Pack 3 pick 1:
    Dutiful Return
    Blisterpod
    Anticipate
    Sludge Crawler
    Stone Haven Medic
    Kozilek's Sentinel
    Makindi Patrol
    Nettle Drone
    Makindi Sliderunner
    Gideon's Reproach
    Slab Hammer
    Roil Spout
    Vampiric Rites
--> Kiora, Master of the Depths
    Island

--: Valakut Predator

--: Valakut Predator

Pack 3 pick 2:
    Kalastria Healer
    Reclaiming Vines
    Salvage Drone
    Swarm Surge
    Inspired Charge
    Boiling Earth
    Gideon's Reproach
    Lifespring Druid
--> Valakut Predator
    Rot Shambler
    Forerunner of Slaughter
    Retreat to Valakut
    Ugin's Insight
    Forest

--: Touch of the Void

--: Touch of the Void

Pack 3 pick 3:
    Earthen Arms
    Murk Strider
    Sludge Crawler
    Plummet
    Kor Castigator
    Boiling Earth
--> Touch of the Void
    Sheer Drop
    Kozilek's Channeler
    Makindi Sliderunner
    Hedron Archive
    Turn Against
    Island

--: Touch of the Void

Pack 3 pick 4:
    Mind Raker
    Territorial Baloth
    Clutch of Currents
    Kalastria Nightwatch
    Call the Scions
    Goblin War Paint
    Valakut Invoker
    Courier Griffin
    Benthic Infiltrator
--> Touch of the Void
    Zulaport Cutthroat
    Mountain

--: Vestige of Emrakul

Pack 3 pick 5:
    Sludge Crawler
    Plummet
    Salvage Drone
    Kalastria Healer
    Fortified Rampart
    Lavastep Raider
    Benthic Infiltrator
--> Vestige of Emrakul
    Halimar Tidecaller
    Dust Stalker
    Swamp

--: Makindi Sliderunner

--: Makindi Sliderunner

Pack 3 pick 6:
    Mire's Malice
    Culling Drone
    Kor Castigator
    Sure Strike
    Benthic Infiltrator
--> Makindi Sliderunner
    Kozilek's Channeler
    Horribly Awry
    Brutal Expulsion
    Plains

--: Stonefury

Pack 3 pick 7:
    Brilliant Spectrum
    Nirkana Assassin
    Seek the Wilds
    Oracle of Dust
    Shadow Glider
--> Stonefury
    Ghostly Sentinel
    Infuse with the Elements
    Plains

--: Plated Crusher

Pack 3 pick 8:
    Blisterpod
    Reclaiming Vines
    Kozilek's Sentinel
    Cliffside Lookout
    Volcanic Upheaval
    Pathway Arrows
--> Plated Crusher
    Swamp

--: Kozilek's Sentinel

Pack 3 pick 9:
    Dutiful Return
    Blisterpod
    Stone Haven Medic
--> Kozilek's Sentinel
    Makindi Patrol
    Vampiric Rites
    Island

--: Retreat to Valakut

--: Retreat to Valakut

Pack 3 pick 10:
    Reclaiming Vines
    Swarm Surge
    Inspired Charge
    Lifespring Druid
--> Retreat to Valakut
    Forest

--: Boiling Earth

Pack 3 pick 11:
    Earthen Arms
    Plummet
    Kor Castigator
--> Boiling Earth
    Island

--: Call the Scions

Pack 3 pick 12:
    Mind Raker
--> Call the Scions
    Goblin War Paint
    Mountain

--: Fortified Rampart

Pack 3 pick 13:
    Salvage Drone
--> Fortified Rampart
    Swamp

--: Sure Strike

Pack 3 pick 14:
--> Sure Strike
    Plains

--: Plains

Pack 3 pick 15:
--> Plains

