Event #: 9401935
Time:    2/16/2016 7:26:31 PM
Players:
--> maabus422
    CaptainValentine
    NickyTwoShoe
    Bones446
    YoungSora
    bluemage88
    kingalexander61
    basports

--: Ayli, Eternal Pilgrim

--: Ayli, Eternal Pilgrim

------ OGW ------ 

Pack 1 pick 1:
    Jwar Isle Avenger
    Warden of Geometries
    Stalking Drone
    Expedition Raptor
    Lead by Example
    Untamed Hunger
    Pulse of Murasa
    Dazzling Reflection
    Slip Through Space
    Consuming Sinkhole
    Immolating Glare
    Essence Depleter
    Warping Wail
--> Ayli, Eternal Pilgrim
    Plains

--: Malakir Soothsayer

--: Malakir Soothsayer

Pack 1 pick 2:
    Unknown Shores
    Blinding Drone
    Kozilek's Pathfinder
    Scion Summoner
    Kor Sky Climber
    Loam Larva
    Slaughter Drone
    Kor Scythemaster
    Comparative Analysis
    Eldrazi Aggressor
    Walker of the Wastes
--> Malakir Soothsayer
    Stormchaser Mage
    Forest

--: Cyclone Sire

--: Kor Sky Climber

--: Thought Harvester

Pack 1 pick 3:
    Seer's Lantern
    Kor Sky Climber
    Cinder Hellion
    Holdout Settlement
    Lead by Example
    Untamed Hunger
    Eldrazi Aggressor
    Dazzling Reflection
    Slip Through Space
    Cyclone Sire
--> Thought Harvester
    Stoneforge Acolyte
    Island

--: Cyclone Sire

--: Cyclone Sire

Pack 1 pick 4:
    Tajuru Pathwarden
    Expedition Raptor
    Zada's Commando
    Crumbling Vestige
    Containment Membrane
    Kozilek's Translator
    Lead by Example
    Mighty Leap
    Consuming Sinkhole
--> Cyclone Sire
    Gift of Tusks
    Swamp

--: Sweep Away

--: Sweep Away

--: Maw of Kozilek

--: Immobilizer Eldrazi

--: Sweep Away

Pack 1 pick 5:
    Unknown Shores
--> Sweep Away
    Seer's Lantern
    Vines of the Recluse
    Pulse of Murasa
    Ancient Crab
    Maw of Kozilek
    Mighty Leap
    Immobilizer Eldrazi
    Overwhelming Denial
    Mountain

--: Steppe Glider

--: Steppe Glider

Pack 1 pick 6:
    Warden of Geometries
    Wastes
    Witness the End
    Wastes
    Comparative Analysis
    Eldrazi Aggressor
    Kor Scythemaster
    Make a Stand
--> Steppe Glider
    Plains

--: Cultivator Drone

--: Cultivator Drone

Pack 1 pick 7:
    Wastes
    Corpse Churn
    Canopy Gorger
    Sky Scourer
    Brute Strength
    Mighty Leap
--> Cultivator Drone
    Relentless Hunter
    Swamp

--: Zulaport Chainmage

--: Hedron Crawler

--: Zulaport Chainmage

Pack 1 pick 8:
    Crumbling Vestige
    Hedron Crawler
--> Zulaport Chainmage
    Umara Entangler
    Roiling Waters
    Strider Harness
    Stoneforge Acolyte
    Swamp

--: Slip Through Space

--: Slip Through Space

Pack 1 pick 9:
    Lead by Example
    Untamed Hunger
    Pulse of Murasa
    Dazzling Reflection
--> Slip Through Space
    Consuming Sinkhole
    Plains

--: Slaughter Drone

--: Slaughter Drone

Pack 1 pick 10:
    Kozilek's Pathfinder
    Loam Larva
--> Slaughter Drone
    Comparative Analysis
    Eldrazi Aggressor
    Forest

--: Slip Through Space

--: Slip Through Space

Pack 1 pick 11:
    Lead by Example
    Untamed Hunger
    Dazzling Reflection
--> Slip Through Space
    Stoneforge Acolyte

Pack 1 pick 12:
    Mighty Leap
    Consuming Sinkhole
--> Gift of Tusks
    Swamp

Pack 1 pick 13:
--> Vines of the Recluse
    Pulse of Murasa
    Mountain

Pack 1 pick 14:
--> Witness the End
    Plains

Pack 1 pick 15:
--> Canopy Gorger

--: Oblivion Strike

--: Oblivion Strike

------ OGW ------ 

Pack 2 pick 1:
    Unknown Shores
    Sweep Away
    Seer's Lantern
    Kor Sky Climber
--> Oblivion Strike
    Corpse Churn
    Natural State
    Expedite
    Makindi Aeronaut
    Abstruse Interference
    Allied Reinforcements
    Reaver Drone
    Void Grafter
    Oath of Nissa
    Forest

--: Tar Snare

--: Hedron Crawler

--: Hedron Crawler

Pack 2 pick 2:
--> Hedron Crawler
    Isolation Zone
    Tar Snare
    Cinder Hellion
    Vines of the Recluse
    Zulaport Chainmage
    Saddleback Lagac
    Consuming Sinkhole
    Searing Light
    Negate
    Immolating Glare
    Gift of Tusks
    Stone Haven Outfitter
    Mountain

--: Ruins of Oran-Rief

--: Ruins of Oran-Rief

Pack 2 pick 3:
    Sweep Away
    Seer's Lantern
    Tajuru Pathwarden
    Expedition Raptor
    Sky Scourer
    Elemental Uprising
    Zulaport Chainmage
    Ondu War Cleric
    Corpse Churn
    Affa Protector
    Press into Service
--> Ruins of Oran-Rief
    Forest

--: Bearer of Silence

--: Bearer of Silence

Pack 2 pick 4:
    Crumbling Vestige
    Gravity Negator
    Vampire Envoy
    Canopy Gorger
    Searing Light
    Elemental Uprising
    Umara Entangler
    Brute Strength
    Mighty Leap
    Wall of Resurgence
--> Bearer of Silence
    Mountain

--: Kozilek's Shrieker

--: Kozilek's Shrieker

Pack 2 pick 5:
    Spawnbinder Mage
    Netcaster Spider
--> Kozilek's Shrieker
    Loam Larva
    Kor Scythemaster
    Comparative Analysis
    Eldrazi Aggressor
    Strider Harness
    Devour in Flames
    Gift of Tusks
    Island

--: Kozilek's Pathfinder

--: Slip Through Space

Pack 2 pick 6:
    Boulder Salvo
    Kozilek's Pathfinder
    Pulse of Murasa
    Untamed Hunger
    Vines of the Recluse
    Sparkmage's Gambit
    Shoulder to Shoulder
--> Slip Through Space
    Baloth Null
    Island

--: Tar Snare

--: Tar Snare

Pack 2 pick 7:
--> Tar Snare
    Cinder Hellion
    Wastes
    Natural State
    Makindi Aeronaut
    Abstruse Interference
    Sparkmage's Gambit
    Bonds of Mortality
    Plains

--: Roiling Waters

--: Roiling Waters

Pack 2 pick 8:
    Tajuru Pathwarden
    Vines of the Recluse
    Shoulder to Shoulder
    Ancient Crab
    Mighty Leap
    Timber Gorge
--> Roiling Waters
    Plains

--: Oath of Nissa

Pack 2 pick 9:
    Corpse Churn
    Natural State
    Expedite
    Abstruse Interference
    Reaver Drone
--> Oath of Nissa
    Forest

Pack 2 pick 10:
    Cinder Hellion
    Vines of the Recluse
    Consuming Sinkhole
--> Searing Light
    Gift of Tusks
    Mountain

Pack 2 pick 11:
    Expedition Raptor
    Elemental Uprising
--> Corpse Churn
    Affa Protector
    Forest

Pack 2 pick 12:
    Canopy Gorger
    Elemental Uprising
--> Mighty Leap
    Mountain

Pack 2 pick 13:
    Loam Larva
--> Eldrazi Aggressor
    Island

Pack 2 pick 14:
--> Pulse of Murasa
    Island

Pack 2 pick 15:
--> Plains

--: Retreat to Emeria

--: Retreat to Emeria

------ BFZ ------ 

Pack 3 pick 1:
    Call the Scions
    Murk Strider
    Voracious Null
    Oran-Rief Invoker
    Boiling Earth
    Makindi Patrol
    Ondu Champion
    Makindi Sliderunner
    Gideon's Reproach
    Lifespring Druid
    Stasis Snare
    Scythe Leopard
--> Retreat to Emeria
    Shrine of the Forsaken Gods
    Forest

--: Clutch of Currents

--: Clutch of Currents

Pack 3 pick 2:
    Territorial Baloth
--> Clutch of Currents
    Rush of Ice
    Natural Connection
    Unnatural Aggression
    Geyserfield Stalker
    Cloud Manta
    Sandstone Bridge
    Kitesail Scout
    Shatterskull Recruit
    Slab Hammer
    Plated Crusher
    Grove Rumbler
    Swamp

--: Ulamog's Reclaimer

--: Ulamog's Reclaimer

Pack 3 pick 3:
    Call the Scions
    Roilmage's Trick
    Swarm Surge
    Silent Skimmer
    Mortuary Mire
    Natural Connection
    Tightening Coils
    Eldrazi Devastator
    Fortified Rampart
    Belligerent Whiptail
    Brood Monitor
--> Ulamog's Reclaimer
    Plains

--: Coralhelm Guide

--: Coralhelm Guide

Pack 3 pick 4:
    Plummet
--> Coralhelm Guide
    Mire's Malice
    Tajuru Stalwart
    Kitesail Scout
    Belligerent Whiptail
    Ondu Greathorn
    Lifespring Druid
    Ondu Champion
    Plated Crusher
    Retreat to Valakut
    Forest

--: Scatter to the Winds

--: Scatter to the Winds

Pack 3 pick 5:
    Salvage Drone
    Swarm Surge
    Mortuary Mire
    Oracle of Dust
    Grave Birthing
    Fortified Rampart
    Lavastep Raider
    Turn Against
    Jaddi Offshoot
--> Scatter to the Winds
    Mountain

--: Incubator Drone

--: Roil Spout

--: Roil Spout

Pack 3 pick 6:
    Incubator Drone
    Reclaiming Vines
    Tajuru Beastmaster
    Demon's Grasp
    Skyline Cascade
    Lithomancer's Focus
    Outnumber
--> Roil Spout
    Akoum Stonewaker
    Mountain

--: Ruin Processor

--: Ruin Processor

Pack 3 pick 7:
    Plains
    Spell Shrivel
--> Ruin Processor
    Skyline Cascade
    Rush of Ice
    Reckless Cohort
    Inspired Charge
    Dampening Pulse
    Plains

--: Dispel

Pack 3 pick 8:
--> Dispel
    Territorial Baloth
    Kitesail Scout
    Belligerent Whiptail
    Kor Castigator
    Shadow Glider
    Stonefury
    Mountain

--: Gideon's Reproach

--: Gideon's Reproach

Pack 3 pick 9:
    Call the Scions
    Voracious Null
    Oran-Rief Invoker
    Boiling Earth
    Ondu Champion
--> Gideon's Reproach
    Forest

--: Sandstone Bridge

Pack 3 pick 10:
    Territorial Baloth
    Natural Connection
    Geyserfield Stalker
--> Sandstone Bridge
    Shatterskull Recruit
    Swamp

--: Roilmage's Trick

Pack 3 pick 11:
    Call the Scions
--> Roilmage's Trick
    Swarm Surge
    Mortuary Mire
    Plains

Pack 3 pick 12:
--> Plummet
    Tajuru Stalwart
    Belligerent Whiptail
    Forest

Pack 3 pick 13:
--> Salvage Drone
    Lavastep Raider
    Mountain

Pack 3 pick 14:
--> Reclaiming Vines
    Mountain

Pack 3 pick 15:
--> Plains

