Event #: 9403306
Time:    2/16/2016 10:02:51 PM
Players:
--> HuaxingMachine
    NEM0X
    kaq895
    lfzhong
    casinodealer
    CaptainSoban
    Garybb
    Osso

--: Expedition Raptor

--: Zada's Commando

--: Expedition Raptor

--: Zada's Commando

--: Expedition Raptor

--: Zada's Commando

--: Zada's Commando

------ OGW ------ 

Pack 1 pick 1:
    Seer's Lantern
    Tajuru Pathwarden
    Expedition Raptor
--> Zada's Commando
    Canopy Gorger
    Kozilek's Translator
    Lead by Example
    Expedite
    Searing Light
    Comparative Analysis
    Roiling Waters
    Chitinous Cloak
    Weapons Trainer
    Matter Reshaper
    Plains

--: Boulder Salvo

--: Boulder Salvo

Pack 1 pick 2:
    Scion Summoner
--> Boulder Salvo
    Holdout Settlement
    Blinding Drone
    Vines of the Recluse
    Kozilek's Translator
    Saddleback Lagac
    Ancient Crab
    Maw of Kozilek
    Mighty Leap
    Roiling Waters
    Wall of Resurgence
    Joraga Auxiliary
    Plains

--: Nissa's Judgment

--: Nissa's Judgment

Pack 1 pick 3:
    Unknown Shores
    Sweep Away
    Bone Saw
    Tajuru Pathwarden
    Isolation Zone
    Natural State
    Witness the End
    Affa Protector
    Mighty Leap
    Consuming Sinkhole
    Cliffhaven Vampire
--> Nissa's Judgment
    Swamp

--: Saddleback Lagac

--: Saddleback Lagac

Pack 1 pick 4:
    Tajuru Pathwarden
    Goblin Freerunner
    Blinding Drone
    Vines of the Recluse
    Zulaport Chainmage
--> Saddleback Lagac
    Shoulder to Shoulder
    Slip Through Space
    Maw of Kozilek
    Void Grafter
    Stoneforge Acolyte
    Island

--: Saddleback Lagac

--: Saddleback Lagac

Pack 1 pick 5:
    Tar Snare
    Wastes
    Elemental Uprising
    Sky Scourer
--> Saddleback Lagac
    Umara Entangler
    Akoum Flameseeker
    Timber Gorge
    Visions of Brutality
    Stoneforge Masterwork
    Forest

--: Cinder Hellion

--: Cinder Hellion

Pack 1 pick 6:
--> Cinder Hellion
    Gravity Negator
    Pulse of Murasa
    Unnatural Endurance
    Searing Light
    Negate
    Sparkmage's Gambit
    Prophet of Distortion
    Strider Harness
    Plains

--: Scion Summoner

--: Scion Summoner

Pack 1 pick 7:
    Kozilek's Pathfinder
--> Scion Summoner
    Elemental Uprising
    Mighty Leap
    Cultivator Drone
    Expedite
    Gift of Tusks
    Oath of Jace
    Mountain

--: Akoum Flameseeker

--: Akoum Flameseeker

Pack 1 pick 8:
    Corpse Churn
    Canopy Gorger
    Abstruse Interference
--> Akoum Flameseeker
    Dazzling Reflection
    Slip Through Space
    Kazuul's Toll Collector
    Island

--: Lead by Example

--: Lead by Example

Pack 1 pick 9:
    Canopy Gorger
--> Lead by Example
    Expedite
    Searing Light
    Comparative Analysis
    Chitinous Cloak
    Plains

--: Scion Summoner

--: Scion Summoner

Pack 1 pick 10:
--> Scion Summoner
    Vines of the Recluse
    Kozilek's Translator
    Ancient Crab
    Mighty Leap
    Plains

Pack 1 pick 11:
    Natural State
--> Affa Protector
    Mighty Leap
    Consuming Sinkhole
    Swamp

--: Vines of the Recluse

Pack 1 pick 12:
--> Vines of the Recluse
    Zulaport Chainmage
    Slip Through Space
    Island

--: Timber Gorge

Pack 1 pick 13:
    Elemental Uprising
--> Timber Gorge
    Forest

Pack 1 pick 14:
--> Strider Harness
    Plains

Pack 1 pick 15:
--> Mountain

--: Tajuru Pathwarden

--: Tajuru Pathwarden

------ OGW ------ 

Pack 2 pick 1:
    Wastes
    Sweep Away
    Seer's Lantern
--> Tajuru Pathwarden
    Zulaport Chainmage
    Natural State
    Witness the End
    Eldrazi Aggressor
    Affa Protector
    Mighty Leap
    Immolating Glare
    Essence Depleter
    Warping Wail
    Remorseless Punishment
    Mountain

--: Boulder Salvo

--: Boulder Salvo

Pack 2 pick 2:
    Bone Saw
    Expedition Raptor
    Tar Snare
--> Boulder Salvo
    Corpse Churn
    Natural State
    Dazzling Reflection
    Umara Entangler
    Brute Strength
    Harvester Troll
    Walker of the Wastes
    Press into Service
    Hissing Quagmire
    Swamp

--: Seed Guardian

--: Seed Guardian

Pack 2 pick 3:
    Crumbling Vestige
    Jwar Isle Avenger
    Isolation Zone
    Slaughter Drone
    Loam Larva
    Sparkmage's Gambit
    Makindi Aeronaut
    Umara Entangler
    Consuming Sinkhole
--> Seed Guardian
    Tranquil Expanse
    Reflector Mage
    Swamp

--: Akoum Flameseeker

--: Akoum Flameseeker

Pack 2 pick 4:
    Wastes
    Bone Saw
    Untamed Hunger
    Slaughter Drone
    Lead by Example
    Untamed Hunger
    Makindi Aeronaut
    Abstruse Interference
--> Akoum Flameseeker
    Void Shatter
    Needle Spires
    Forest

--: Loam Larva

--: Loam Larva

Pack 2 pick 5:
    Unknown Shores
    Sweep Away
    Seer's Lantern
    Kor Sky Climber
    Slaughter Drone
--> Loam Larva
    Negate
    Sparkmage's Gambit
    Makindi Aeronaut
    Unity of Purpose
    Mountain

--: Birthing Hulk

--: Birthing Hulk

Pack 2 pick 6:
    Reality Hemorrhage
    Sweep Away
    Bone Saw
    Vines of the Recluse
    Zulaport Chainmage
    Sparkmage's Gambit
    Slip Through Space
--> Birthing Hulk
    Jori En, Ruin Diver
    Swamp

--: Unknown Shores

--: Unknown Shores

Pack 2 pick 7:
    Tar Snare
    Cinder Hellion
--> Unknown Shores
    Vines of the Recluse
    Mighty Leap
    Abstruse Interference
    Reaver Drone
    Meandering River
    Forest

--: Maw of Kozilek

--: Maw of Kozilek

Pack 2 pick 8:
    Pulse of Murasa
    Zulaport Chainmage
    Elemental Uprising
--> Maw of Kozilek
    Umara Entangler
    Iona's Blessing
    Visions of Brutality
    Swamp

--: Wastes

Pack 2 pick 9:
--> Wastes
    Zulaport Chainmage
    Natural State
    Witness the End
    Eldrazi Aggressor
    Mighty Leap
    Mountain

--: Brute Strength

Pack 2 pick 10:
    Bone Saw
    Corpse Churn
    Natural State
    Dazzling Reflection
--> Brute Strength
    Swamp

--: Sparkmage's Gambit

--: Sparkmage's Gambit

Pack 2 pick 11:
    Jwar Isle Avenger
--> Sparkmage's Gambit
    Umara Entangler
    Consuming Sinkhole
    Swamp

Pack 2 pick 12:
    Untamed Hunger
    Untamed Hunger
--> Abstruse Interference
    Forest

Pack 2 pick 13:
    Negate
--> Sparkmage's Gambit
    Mountain

Pack 2 pick 14:
--> Sparkmage's Gambit
    Swamp

Pack 2 pick 15:
--> Forest

--: Valakut Predator

--: Valakut Predator

------ BFZ ------ 

Pack 3 pick 1:
    Dispel
    Mind Raker
    Territorial Baloth
    Clutch of Currents
    Sure Strike
    Felidar Cub
--> Valakut Predator
    Shadow Glider
    Lifespring Druid
    Valakut Invoker
    Infuse with the Elements
    Malakir Familiar
    Bloodbond Vampire
    Guardian of Tazeem
    Island

--: Rolling Thunder

--: Rolling Thunder

Pack 3 pick 2:
    Sludge Crawler
    Plummet
    Salvage Drone
    Unnatural Aggression
    Geyserfield Stalker
    Cloud Manta
    Sandstone Bridge
    Tajuru Beastmaster
    Kozilek's Sentinel
    Inspired Charge
--> Rolling Thunder
    Transgress the Mind
    Adverse Conditions
    Forest

--: Tajuru Warcaller

--: Tajuru Warcaller

Pack 3 pick 3:
    Anticipate
    Sludge Crawler
    Earthen Arms
    Incubator Drone
    Lavastep Raider
    Fortified Rampart
    Belligerent Whiptail
    Dominator Drone
    Ulamog's Despoiler
--> Tajuru Warcaller
    Herald of Kozilek
    Guul Draz Overseer
    Island

--: Oran-Rief Invoker

--: Oran-Rief Invoker

Pack 3 pick 4:
    Nirkana Assassin
--> Oran-Rief Invoker
    Mortuary Mire
    Natural Connection
    Tightening Coils
    Eldrazi Devastator
    Demon's Grasp
    Looming Spires
    Tandem Tactics
    Catacomb Sifter
    Dampening Pulse
    Forest

--: Ondu Champion

--: Ondu Champion

--: Lavastep Raider

--: Ondu Champion

Pack 3 pick 5:
    Seek the Wilds
    Oracle of Dust
    Altar's Reap
    Lavastep Raider
    Cliffside Lookout
    Ondu Greathorn
--> Ondu Champion
    Sylvan Scrying
    Slab Hammer
    Ally Encampment
    Swamp

--: Makindi Sliderunner

--: Makindi Sliderunner

Pack 3 pick 6:
    Dispel
    Kalastria Nightwatch
    Earthen Arms
    Sure Strike
    Felidar Cub
--> Makindi Sliderunner
    Blighted Steppe
    Skitterskin
    Desolation Twin
    Forest

--: Makindi Sliderunner

--: Makindi Sliderunner

Pack 3 pick 7:
    Giant Mantis
    Brilliant Spectrum
    Altar's Reap
    Call the Scions
    Nettle Drone
    Kitesail Scout
--> Makindi Sliderunner
    Scythe Leopard
    Forest

--: Oran-Rief Invoker

--: Oran-Rief Invoker

Pack 3 pick 8:
--> Oran-Rief Invoker
    Brilliant Spectrum
    Rush of Ice
    Natural Connection
    Belligerent Whiptail
    Angelic Gift
    Scythe Leopard
    Swamp

Pack 3 pick 9:
    Dispel
    Mind Raker
    Territorial Baloth
--> Sure Strike
    Lifespring Druid
    Infuse with the Elements
    Island

Pack 3 pick 10:
    Salvage Drone
--> Unnatural Aggression
    Geyserfield Stalker
    Sandstone Bridge
    Transgress the Mind
    Forest

--: Belligerent Whiptail

--: Belligerent Whiptail

Pack 3 pick 11:
    Anticipate
    Earthen Arms
    Lavastep Raider
--> Belligerent Whiptail
    Island

--: Looming Spires

Pack 3 pick 12:
    Nirkana Assassin
    Natural Connection
--> Looming Spires
    Forest

Pack 3 pick 13:
--> Seek the Wilds
    Sylvan Scrying
    Swamp

Pack 3 pick 14:
--> Dispel
    Forest

Pack 3 pick 15:
--> Forest

