Event #: 9403582
Time:    2/16/2016 11:45:21 PM
Players:
    Hemophiliac
    mouselei
    twizzlers33
    inuo77
    psychic_dinowarrior
    theykallmekhan
--> HuaxingMachine
    slamfate666

--: Cyclone Sire

--: Cyclone Sire

------ OGW ------ 

Pack 1 pick 1:
    Wastes
    Containment Membrane
    Seer's Lantern
    Kor Sky Climber
    Loam Larva
    Slaughter Drone
    Lead by Example
    Maw of Kozilek
    Shoulder to Shoulder
    Umara Entangler
--> Cyclone Sire
    Visions of Brutality
    Gift of Tusks
    Oath of Nissa
    Plains

--: Malakir Soothsayer

--: Malakir Soothsayer

Pack 1 pick 2:
    Kozilek's Pathfinder
    Spawnbinder Mage
    Goblin Freerunner
    Lead by Example
    Corpse Churn
    Natural State
    Searing Light
--> Malakir Soothsayer
    Sparkmage's Gambit
    Birthing Hulk
    Void Grafter
    Tears of Valakut
    Overwhelming Denial
    Swamp

--: Boulder Salvo

--: Boulder Salvo

Pack 1 pick 3:
    Sweep Away
    Seer's Lantern
    Kor Sky Climber
--> Boulder Salvo
    Unnatural Endurance
    Pulse of Murasa
    Dazzling Reflection
    Umara Entangler
    Brute Strength
    Cinder Barrens
    Prophet of Distortion
    Iona's Blessing
    Forest

--: Seed Guardian

--: Seed Guardian

Pack 1 pick 4:
    Holdout Settlement
    Blinding Drone
    Kozilek's Pathfinder
    Spawnbinder Mage
    Pulse of Murasa
    Unnatural Endurance
    Vines of the Recluse
    Shoulder to Shoulder
    Umara Entangler
    Akoum Flameseeker
--> Seed Guardian
    Island

--: Scion Summoner

--: Scion Summoner

Pack 1 pick 5:
--> Scion Summoner
    Holdout Settlement
    Kozilek's Shrieker
    Netcaster Spider
    Witness the End
    Ondu War Cleric
    Expedite
    Roiling Waters
    Flayer Drone
    Stoneforge Acolyte
    Plains

--: Saddleback Lagac

--: Saddleback Lagac

Pack 1 pick 6:
    Kor Sky Climber
    Reality Hemorrhage
    Wastes
--> Saddleback Lagac
    Corpse Churn
    Natural State
    Expedite
    Searing Light
    Comparative Analysis
    Mountain

--: Expedition Raptor

--: Expedition Raptor

Pack 1 pick 7:
--> Expedition Raptor
    Crumbling Vestige
    Corpse Churn
    Ruin in Their Wake
    Ancient Crab
    Affa Protector
    Harvester Troll
    Tranquil Expanse
    Island

--: Stalking Drone

--: Stalking Drone

Pack 1 pick 8:
--> Stalking Drone
    Cinder Hellion
    Pulse of Murasa
    Untamed Hunger
    Dazzling Reflection
    Brute Strength
    Ruin in Their Wake
    Forest

--: Maw of Kozilek

--: Maw of Kozilek

Pack 1 pick 9:
    Seer's Lantern
    Loam Larva
    Lead by Example
--> Maw of Kozilek
    Umara Entangler
    Gift of Tusks
    Plains

--: Lead by Example

--: Lead by Example

Pack 1 pick 10:
    Kozilek's Pathfinder
--> Lead by Example
    Corpse Churn
    Natural State
    Sparkmage's Gambit
    Swamp

--: Brute Strength

--: Brute Strength

Pack 1 pick 11:
    Pulse of Murasa
    Dazzling Reflection
--> Brute Strength
    Cinder Barrens
    Forest

--: Akoum Flameseeker

--: Akoum Flameseeker

Pack 1 pick 12:
    Pulse of Murasa
    Vines of the Recluse
--> Akoum Flameseeker
    Island

--: Expedite

Pack 1 pick 13:
--> Expedite
    Stoneforge Acolyte
    Plains

--: Natural State

Pack 1 pick 14:
--> Natural State
    Mountain

Pack 1 pick 15:
--> Island

--: Saddleback Lagac

--: Saddleback Lagac

------ OGW ------ 

Pack 2 pick 1:
    Wastes
    Sweep Away
    Seer's Lantern
    Tajuru Pathwarden
    Vines of the Recluse
    Kozilek's Translator
--> Saddleback Lagac
    Mighty Leap
    Cultivator Drone
    Expedite
    Timber Gorge
    Grip of the Roil
    Joraga Auxiliary
    Remorseless Punishment
    Plains

--: Scion Summoner

--: Scion Summoner

Pack 2 pick 2:
    Bone Saw
--> Scion Summoner
    Spawnbinder Mage
    Cinder Hellion
    Unknown Shores
    Lead by Example
    Corpse Churn
    Searing Light
    Negate
    Sparkmage's Gambit
    Spatial Contortion
    Mindmelter
    Stone Haven Outfitter
    Swamp

--: Tyrant of Valakut

--: Tyrant of Valakut

Pack 2 pick 3:
    Hedron Crawler
    Cinder Hellion
    Netcaster Spider
    Kozilek's Shrieker
    Slip Through Space
    Consuming Sinkhole
    Searing Light
    Negate
    Null Caller
    Cinder Barrens
    Iona's Blessing
--> Tyrant of Valakut
    Forest

--: Scion Summoner

--: Scion Summoner

Pack 2 pick 4:
    Vampire Envoy
--> Scion Summoner
    Natural State
    Witness the End
    Netcaster Spider
    Kor Scythemaster
    Comparative Analysis
    Eldrazi Aggressor
    Meandering River
    Flaying Tendrils
    Eldrazi Mimic
    Mountain

--: Lead by Example

--: Lead by Example

Pack 2 pick 5:
    Warden of Geometries
    Spawnbinder Mage
    Vampire Envoy
--> Lead by Example
    Untamed Hunger
    Searing Light
    Negate
    Chitinous Cloak
    Pyromancer's Assault
    Stoneforge Masterwork
    Plains

--: Brute Strength

Pack 2 pick 6:
    Jwar Isle Avenger
    Pulse of Murasa
    Zulaport Chainmage
--> Brute Strength
    Kor Scythemaster
    Comparative Analysis
    Null Caller
    Timber Gorge
    Weapons Trainer
    Mountain

--: Loam Larva

--: Loam Larva

Pack 2 pick 7:
    Crumbling Vestige
    Containment Membrane
    Tar Snare
    Slaughter Drone
--> Loam Larva
    Slip Through Space
    Maw of Kozilek
    Captain's Claws
    Mountain

--: Immobilizer Eldrazi

--: Immobilizer Eldrazi

Pack 2 pick 8:
    Spawnbinder Mage
    Canopy Gorger
    Kozilek's Translator
    Abstruse Interference
    Akoum Flameseeker
--> Immobilizer Eldrazi
    Gift of Tusks
    Island

--: Timber Gorge

--: Timber Gorge

Pack 2 pick 9:
    Sweep Away
    Seer's Lantern
    Vines of the Recluse
    Kozilek's Translator
    Mighty Leap
--> Timber Gorge
    Plains

--: Cinder Hellion

--: Cinder Hellion

Pack 2 pick 10:
    Bone Saw
    Spawnbinder Mage
--> Cinder Hellion
    Corpse Churn
    Negate
    Swamp

Pack 2 pick 11:
    Consuming Sinkhole
    Negate
    Null Caller
--> Cinder Barrens
    Forest

Pack 2 pick 12:
    Natural State
    Witness the End
--> Comparative Analysis
    Mountain

Pack 2 pick 13:
--> Spawnbinder Mage
    Negate
    Plains

Pack 2 pick 14:
--> Pulse of Murasa
    Mountain

Pack 2 pick 15:
--> Mountain

--: Blighted Steppe

--: Blighted Steppe

------ BFZ ------ 

Pack 3 pick 1:
    Salvage Drone
    Kalastria Healer
    Silent Skimmer
    Rush of Ice
    Natural Connection
    Unnatural Aggression
    Geyserfield Stalker
    Cloud Manta
    Makindi Patrol
    Lavastep Raider
--> Blighted Steppe
    Roil's Retribution
    Void Attendant
    Noyan Dar, Roil Shaper
    Island

--: Akoum Stonewaker

--: Outnumber

--: Outnumber

Pack 3 pick 2:
    Seek the Wilds
    Coralhelm Guide
    Fertile Thicket
    Rush of Ice
    Natural Connection
    Unnatural Aggression
    Geyserfield Stalker
    Cloud Manta
    Tandem Tactics
--> Outnumber
    Akoum Stonewaker
    Halimar Tidecaller
    Munda, Ambush Leader
    Swamp

--: Broodhunter Wurm

--: Broodhunter Wurm

Pack 3 pick 3:
    Swell of Growth
    Ruin Processor
    Bone Splinters
--> Broodhunter Wurm
    Mortuary Mire
    Tightening Coils
    Looming Spires
    Inspired Charge
    Reckless Cohort
    Slab Hammer
    Roil Spout
    Retreat to Kazandu
    Mountain

--: Valakut Invoker

--: Valakut Invoker

Pack 3 pick 4:
    Dutiful Return
    Blisterpod
    Anticipate
    Sludge Crawler
    Felidar Cub
    Boiling Earth
--> Valakut Invoker
    Shadow Glider
    Dominator Drone
    Retreat to Kazandu
    Catacomb Sifter
    Mountain

--: Broodhunter Wurm

--: Broodhunter Wurm

Pack 3 pick 5:
    Coralhelm Guide
    Mire's Malice
--> Broodhunter Wurm
    Spell Shrivel
    Skyline Cascade
    Eyeless Watcher
    Kor Castigator
    Reckless Cohort
    Plated Crusher
    Resolute Blademaster
    Forest

--: Touch of the Void

--: Touch of the Void

Pack 3 pick 6:
    Sludge Crawler
    Plummet
    Kitesail Scout
    Reckless Cohort
    Courier Griffin
    Benthic Infiltrator
--> Touch of the Void
    Shadow Glider
    Hagra Sharpshooter
    Plains

--: Territorial Baloth

--: Territorial Baloth

Pack 3 pick 7:
--> Territorial Baloth
    Rush of Ice
    Mortuary Mire
    Natural Connection
    Lithomancer's Focus
    Goblin War Paint
    Processor Assault
    Pathway Arrows
    Forest

--: Makindi Sliderunner

--: Makindi Sliderunner

Pack 3 pick 8:
    Swarm Surge
    Tajuru Stalwart
    Tandem Tactics
    Shatterskull Recruit
    Felidar Cub
--> Makindi Sliderunner
    Aligned Hedron Network
    Plains

--: Unnatural Aggression

Pack 3 pick 9:
    Rush of Ice
    Natural Connection
--> Unnatural Aggression
    Geyserfield Stalker
    Makindi Patrol
    Void Attendant
    Island

--: Unnatural Aggression

--: Unnatural Aggression

Pack 3 pick 10:
    Seek the Wilds
    Fertile Thicket
    Natural Connection
--> Unnatural Aggression
    Geyserfield Stalker
    Swamp

--: Looming Spires

Pack 3 pick 11:
    Swell of Growth
--> Looming Spires
    Inspired Charge
    Reckless Cohort
    Mountain

Pack 3 pick 12:
    Blisterpod
--> Boiling Earth
    Catacomb Sifter
    Mountain

Pack 3 pick 13:
    Reckless Cohort
--> Plated Crusher
    Forest

Pack 3 pick 14:
--> Reckless Cohort
    Plains

Pack 3 pick 15:
--> Forest

