Event #: 9406561
Time:    2/17/2016 7:23:30 PM
Players:
    Noerbmu
    royalsgirl85
--> cehr
    springroll85
    sublime4o
    Davidakajc
    aki6135
    WesTrillow

------ OGW ------ 

Pack 1 pick 1:
--> Tajuru Pathwarden
    Expedition Raptor
    Zada's Commando
    Crumbling Vestige
    Natural State
    Witness the End
    Netcaster Spider
    Mighty Leap
    Cultivator Drone
    Expedite
    Meandering River
    Roiling Waters
    Wall of Resurgence
    Zendikar Resurgent
    Plains

--: Isolation Zone

--: Isolation Zone

Pack 1 pick 2:
    Bone Saw
    Tajuru Pathwarden
--> Isolation Zone
    Goblin Freerunner
    Wastes
    Kozilek's Shrieker
    Loam Larva
    Ondu War Cleric
    Ancient Crab
    Affa Protector
    Kazuul's Toll Collector
    Joraga Auxiliary
    Void Shatter
    Island

--: Spawnbinder Mage

--: Spawnbinder Mage

Pack 1 pick 3:
--> Spawnbinder Mage
    Cinder Hellion
    Unknown Shores
    Sweep Away
    Corpse Churn
    Natural State
    Slip Through Space
    Comparative Analysis
    Eldrazi Aggressor
    Affa Protector
    Visions of Brutality
    Gift of Tusks
    Plains

--: Loam Larva

--: Baloth Pup

--: Seer's Lantern

--: Seer's Lantern

Pack 1 pick 4:
    Sweep Away
--> Seer's Lantern
    Spawnbinder Mage
    Loam Larva
    Unnatural Endurance
    Baloth Pup
    Mighty Leap
    Consuming Sinkhole
    Chitinous Cloak
    Reckless Bushwhacker
    Press into Service
    Island

--: Baloth Null

--: Kor Sky Climber

--: Baloth Null

--: Baloth Null

--: Kor Sky Climber

Pack 1 pick 5:
--> Kor Sky Climber
    Boulder Salvo
    Holdout Settlement
    Blinding Drone
    Netcaster Spider
    Witness the End
    Akoum Flameseeker
    Dazzling Reflection
    Slip Through Space
    Baloth Null
    Swamp

--: Prophet of Distortion

--: Goblin Freerunner

--: Prophet of Distortion

--: Goblin Freerunner

--: Goblin Freerunner

Pack 1 pick 6:
    Stalking Drone
--> Goblin Freerunner
    Wastes
    Elemental Uprising
    Sky Scourer
    Akoum Flameseeker
    Prophet of Distortion
    Void Shatter
    Thought Harvester
    Plains

--: Zada's Commando

--: Scion Summoner

--: Lead by Example

--: Scion Summoner

--: Zada's Commando

--: Scion Summoner

--: Zada's Commando

--: Scion Summoner

--: Zada's Commando

Pack 1 pick 7:
    Scion Summoner
--> Zada's Commando
    Containment Membrane
    Kozilek's Shrieker
    Lead by Example
    Comparative Analysis
    Eldrazi Aggressor
    Ruin in Their Wake
    Forest

--: Kor Scythemaster

--: Kor Scythemaster

Pack 1 pick 8:
    Cinder Hellion
    Pulse of Murasa
    Unnatural Endurance
--> Kor Scythemaster
    Comparative Analysis
    Eldrazi Aggressor
    Warping Wail
    Mountain

--: Mighty Leap

--: Expedite

--: Crumbling Vestige

--: Expedite

--: Expedite

Pack 1 pick 9:
    Crumbling Vestige
    Natural State
    Witness the End
    Mighty Leap
--> Expedite
    Zendikar Resurgent
    Plains

--: Kazuul's Toll Collector

Pack 1 pick 10:
    Bone Saw
    Loam Larva
    Ancient Crab
--> Kazuul's Toll Collector
    Void Shatter
    Island

--: Natural State

Pack 1 pick 11:
--> Natural State
    Comparative Analysis
    Eldrazi Aggressor
    Gift of Tusks
    Plains

--: Chitinous Cloak

Pack 1 pick 12:
    Mighty Leap
    Consuming Sinkhole
--> Chitinous Cloak
    Island

--: Akoum Flameseeker

Pack 1 pick 13:
--> Akoum Flameseeker
    Dazzling Reflection
    Swamp

--: Wastes

Pack 1 pick 14:
--> Wastes
    Plains

--: Forest

Pack 1 pick 15:
--> Forest

--: Roiling Waters

--: Stoneforge Acolyte

--: Cinder Hellion

------ OGW ------ 

Pack 2 pick 1:
--> Cinder Hellion
    Unknown Shores
    Gravity Negator
    Warden of Geometries
    Corpse Churn
    Natural State
    Kozilek's Translator
    Searing Light
    Negate
    Maw of Kozilek
    Roiling Waters
    Flayer Drone
    Stoneforge Acolyte
    Overwhelming Denial
    Plains

--: Brute Strength

--: Scion Summoner

--: Brute Strength

--: Brute Strength

Pack 2 pick 2:
    Reality Hemorrhage
    Wastes
    Gravity Negator
    Bone Saw
    Scion Summoner
    Kozilek's Translator
    Lead by Example
    Slip Through Space
--> Brute Strength
    Kor Scythemaster
    Null Caller
    Cinder Barrens
    Iona's Blessing
    Forest

--: Makindi Aeronaut

--: Sparkmage's Gambit

--: Makindi Aeronaut

--: Makindi Aeronaut

Pack 2 pick 3:
    Jwar Isle Avenger
    Warden of Geometries
    Stalking Drone
    Vines of the Recluse
    Unnatural Endurance
    Pulse of Murasa
    Sparkmage's Gambit
--> Makindi Aeronaut
    Umara Entangler
    Null Caller
    Gift of Tusks
    Wandering Fumarole
    Forest

--: Tranquil Expanse

--: Tranquil Expanse

Pack 2 pick 4:
    Cinder Hellion
    Wastes
    Jwar Isle Avenger
    Spawnbinder Mage
    Corpse Churn
    Canopy Gorger
    Slip Through Space
    Maw of Kozilek
--> Tranquil Expanse
    Unity of Purpose
    Jori En, Ruin Diver
    Mountain

--: Harvester Troll

--: Sparkmage's Gambit

--: Sparkmage's Gambit

--: Sparkmage's Gambit

Pack 2 pick 5:
    Jwar Isle Avenger
    Tar Snare
    Slaughter Drone
    Untamed Hunger
    Abstruse Interference
--> Sparkmage's Gambit
    Harvester Troll
    Walker of the Wastes
    Malakir Soothsayer
    Remorseless Punishment
    Swamp

--: Shoulder to Shoulder

--: Embodiment of Fury

--: Embodiment of Fury

Pack 2 pick 6:
    Reality Hemorrhage
    Wastes
    Elemental Uprising
    Sky Scourer
    Shoulder to Shoulder
    Umara Entangler
    Strider Harness
--> Embodiment of Fury
    Havoc Sower
    Island

--: Reality Hemorrhage

--: Reality Hemorrhage

--: Reality Hemorrhage

Pack 2 pick 7:
    Jwar Isle Avenger
    Tar Snare
--> Reality Hemorrhage
    Canopy Gorger
    Expedite
    Comparative Analysis
    Harvester Troll
    Stoneforge Acolyte
    Swamp

--: Kozilek's Pathfinder

--: Kozilek's Pathfinder

Pack 2 pick 8:
--> Kozilek's Pathfinder
    Loam Larva
    Unnatural Endurance
    Cultivator Drone
    Expedite
    Visions of Brutality
    Ruin in Their Wake
    Plains

--: Maw of Kozilek

--: Maw of Kozilek

Pack 2 pick 9:
    Warden of Geometries
    Corpse Churn
    Natural State
    Negate
--> Maw of Kozilek
    Overwhelming Denial
    Plains

--: Lead by Example

Pack 2 pick 10:
    Wastes
    Bone Saw
--> Lead by Example
    Slip Through Space
    Cinder Barrens
    Forest

--: Sparkmage's Gambit

--: Vines of the Recluse

--: Sparkmage's Gambit

Pack 2 pick 11:
    Vines of the Recluse
--> Sparkmage's Gambit
    Umara Entangler
    Gift of Tusks
    Forest

--: Maw of Kozilek

Pack 2 pick 12:
    Corpse Churn
    Slip Through Space
--> Maw of Kozilek
    Mountain

--: Untamed Hunger

Pack 2 pick 13:
--> Untamed Hunger
    Abstruse Interference
    Swamp

--: Sky Scourer

Pack 2 pick 14:
--> Sky Scourer
    Island

--: Swamp

Pack 2 pick 15:
--> Swamp

--: Stasis Snare

--: Stasis Snare

------ BFZ ------ 

Pack 3 pick 1:
    Mire's Malice
    Giant Mantis
    Looming Spires
    Fertile Thicket
    Snapping Gnarlid
    Spell Shrivel
    Complete Disregard
    Scour from Existence
    Felidar Cub
    Kozilek's Sentinel
    Crumble to Dust
    Horribly Awry
--> Stasis Snare
    Dust Stalker
    Plains

--: Stasis Snare

--: Pilgrim's Eye

--: Stasis Snare

--: Stasis Snare

Pack 3 pick 2:
    Clutch of Currents
    Culling Drone
    Evolving Wilds
    Hedron Blade
    Bone Splinters
    Unnatural Aggression
    Sandstone Bridge
    Makindi Patrol
    Kozilek's Sentinel
--> Stasis Snare
    Scythe Leopard
    Pilgrim's Eye
    Shrine of the Forsaken Gods
    Island

--: Chasm Guide

--: Chasm Guide

Pack 3 pick 3:
    Nirkana Assassin
    Oran-Rief Invoker
    Dispel
    Mind Raker
    Fortified Rampart
    Belligerent Whiptail
    Stonefury
    Smite the Monstrous
    Tajuru Beastmaster
    Touch of the Void
    Blighted Fen
--> Chasm Guide
    Mountain

--: Kor Bladewhirl

--: Kor Bladewhirl

Pack 3 pick 4:
    Kalastria Nightwatch
    Earthen Arms
    Murk Strider
    Kor Castigator
    Boiling Earth
    Vestige of Emrakul
    Touch of the Void
    Sheer Drop
--> Kor Bladewhirl
    Bloodbond Vampire
    Nissa's Renewal
    Swamp

--: Resolute Blademaster

--: Resolute Blademaster

Pack 3 pick 5:
    Kalastria Nightwatch
    Swell of Growth
    Mist Intruder
    Dutiful Return
    Kozilek's Sentinel
    Valakut Invoker
    Courier Griffin
    Touch of the Void
--> Resolute Blademaster
    Malakir Familiar
    Island

--: Fortified Rampart

--: Fortified Rampart

Pack 3 pick 6:
    Brilliant Spectrum
    Altar's Reap
    Call the Scions
    Skyline Cascade
    Bone Splinters
--> Fortified Rampart
    Lavastep Raider
    Pathway Arrows
    Nissa's Renewal
    Island

--: Belligerent Whiptail

--: Kitesail Scout

--: Belligerent Whiptail

--: Grove Rumbler

--: Grove Rumbler

--: Grove Rumbler

Pack 3 pick 7:
    Dispel
    Rush of Ice
    Kitesail Scout
    Belligerent Whiptail
    Retreat to Coralhelm
    Plated Crusher
--> Grove Rumbler
    Brutal Expulsion
    Island

--: Makindi Sliderunner

--: Shatterskull Recruit

--: Makindi Sliderunner

--: Shatterskull Recruit

--: Shatterskull Recruit

Pack 3 pick 8:
    Reclaiming Vines
    Salvage Drone
    Call the Scions
--> Shatterskull Recruit
    Benthic Infiltrator
    Makindi Sliderunner
    Cryptic Cruiser
    Forest

--: Kozilek's Sentinel

--: Kozilek's Sentinel

Pack 3 pick 9:
    Giant Mantis
    Looming Spires
    Fertile Thicket
--> Kozilek's Sentinel
    Crumble to Dust
    Dust Stalker
    Plains

--: Hedron Blade

Pack 3 pick 10:
    Culling Drone
--> Hedron Blade
    Bone Splinters
    Sandstone Bridge
    Kozilek's Sentinel
    Island

--: Belligerent Whiptail

Pack 3 pick 11:
    Nirkana Assassin
    Dispel
    Mind Raker
--> Belligerent Whiptail
    Mountain

--: Boiling Earth

Pack 3 pick 12:
    Earthen Arms
--> Boiling Earth
    Nissa's Renewal
    Swamp

--: Kozilek's Sentinel

Pack 3 pick 13:
    Dutiful Return
--> Kozilek's Sentinel
    Island

--: Lavastep Raider

Pack 3 pick 14:
--> Lavastep Raider
    Island

--: Island

Pack 3 pick 15:
--> Island

