Event #: 9406888
Time:    2/17/2016 8:49:54 PM
Players:
    Lord_Cycer
--> FinchleyCentral
    tomolak
    dafarinha
    Misplacedginger
    jpellman
    alandoron
    VincentVaughn

--: Oath of Chandra

--: Oath of Chandra

------ OGW ------ 

Pack 1 pick 1:
    Kozilek's Pathfinder
    Tajuru Pathwarden
    Hissing Quagmire
    Zada's Commando
    Crumbling Vestige
    Sky Scourer
    Saddleback Lagac
    Maw of Kozilek
    Dazzling Reflection
    Umara Entangler
    Meandering River
    Reflector Mage
    Wall of Resurgence
--> Oath of Chandra
    Plains

--: Eldrazi Obligator

--: Eldrazi Obligator

Pack 1 pick 2:
    Vampire Envoy
    Unknown Shores
    Sweep Away
    Bone Saw
    Pulse of Murasa
    Untamed Hunger
    Eldrazi Aggressor
    Dazzling Reflection
    Iona's Blessing
    Submerged Boneyard
    Roiling Waters
    Flayer Drone
--> Eldrazi Obligator
    Plains

--: Jwar Isle Avenger

--: Jwar Isle Avenger

Pack 1 pick 3:
--> Jwar Isle Avenger
    Warden of Geometries
    Expedition Raptor
    Loam Larva
    Witness the End
    Comparative Analysis
    Eldrazi Aggressor
    Affa Protector
    Mighty Leap
    Timber Gorge
    Prophet of Distortion
    Visions of Brutality
    Plains

--: Hedron Crawler

--: Hedron Crawler

Pack 1 pick 4:
    Gravity Negator
--> Hedron Crawler
    Netcaster Spider
    Slaughter Drone
    Canopy Gorger
    Consuming Sinkhole
    Cultivator Drone
    Chitinous Cloak
    Ruin in Their Wake
    Flaying Tendrils
    Hissing Quagmire
    Island

--: Steppe Glider

--: Steppe Glider

Pack 1 pick 5:
    Unknown Shores
    Sweep Away
    Bone Saw
    Tajuru Pathwarden
    Netcaster Spider
    Mighty Leap
    Mountain
    Expedite
    Meandering River
--> Steppe Glider
    Plains

--: Wall of Resurgence

--: Wall of Resurgence

Pack 1 pick 6:
    Seer's Lantern
    Holdout Settlement
    Unnatural Endurance
    Pulse of Murasa
    Slip Through Space
    Consuming Sinkhole
    Searing Light
--> Wall of Resurgence
    Corrupted Crossroads
    Forest

--: Shoulder to Shoulder

--: Shoulder to Shoulder

Pack 1 pick 7:
    Spawnbinder Mage
    Pulse of Murasa
    Zulaport Chainmage
--> Shoulder to Shoulder
    Slip Through Space
    Maw of Kozilek
    Tranquil Expanse
    Oath of Nissa
    Mountain

--: Containment Membrane

Pack 1 pick 8:
--> Containment Membrane
    Witness the End
    Canopy Gorger
    Ancient Crab
    Affa Protector
    Kazuul's Toll Collector
    Stormchaser Mage
    Island

--: Maw of Kozilek

--: Maw of Kozilek

Pack 1 pick 9:
    Tajuru Pathwarden
    Sky Scourer
--> Maw of Kozilek
    Dazzling Reflection
    Umara Entangler
    Meandering River
    Plains

--: Iona's Blessing

Pack 1 pick 10:
    Pulse of Murasa
    Untamed Hunger
    Dazzling Reflection
--> Iona's Blessing
    Submerged Boneyard
    Plains

--: Mighty Leap

Pack 1 pick 11:
    Loam Larva
    Witness the End
    Eldrazi Aggressor
--> Mighty Leap
    Plains

--: Chitinous Cloak

Pack 1 pick 12:
    Canopy Gorger
--> Chitinous Cloak
    Ruin in Their Wake
    Island

--: Mountain

Pack 1 pick 13:
    Mighty Leap
--> Mountain
    Plains

--: Consuming Sinkhole

Pack 1 pick 14:
--> Consuming Sinkhole
    Forest

--: Mountain

Pack 1 pick 15:
--> Mountain

--: Munda's Vanguard

--: Munda's Vanguard

------ OGW ------ 

Pack 2 pick 1:
    Goblin Freerunner
    Wastes
    Sweep Away
    Seer's Lantern
    Slaughter Drone
    Loam Larva
    Unnatural Endurance
    Sparkmage's Gambit
    Kor Scythemaster
    Comparative Analysis
    Essence Depleter
    Warping Wail
    Baloth Pup
--> Munda's Vanguard
    Forest

--: Boulder Salvo

--: Boulder Salvo

Pack 2 pick 2:
    Vampire Envoy
    Scion Summoner
--> Boulder Salvo
    Holdout Settlement
    Pulse of Murasa
    Zulaport Chainmage
    Elemental Uprising
    Sparkmage's Gambit
    Shoulder to Shoulder
    Slip Through Space
    Allied Reinforcements
    Grasp of Darkness
    Nissa's Judgment
    Forest

--: Kor Scythemaster

--: Kor Scythemaster

Pack 2 pick 3:
    Holdout Settlement
    Gravity Negator
    Bone Saw
    Expedition Raptor
    Tar Snare
    Slaughter Drone
    Lead by Example
--> Kor Scythemaster
    Negate
    Forest
    Grip of the Roil
    Unity of Purpose
    Island

--: Reckless Bushwhacker

--: Reckless Bushwhacker

Pack 2 pick 4:
    Goblin Freerunner
    Wastes
    Jwar Isle Avenger
    Pulse of Murasa
    Unnatural Endurance
    Umara Entangler
    Consuming Sinkhole
    Shoulder to Shoulder
    Grip of the Roil
--> Reckless Bushwhacker
    Baloth Pup
    Island

--: Spawnbinder Mage

Pack 2 pick 5:
    Wastes
    Bone Saw
    Scion Summoner
--> Spawnbinder Mage
    Elemental Uprising
    Sky Scourer
    Slip Through Space
    Brute Strength
    Reaver Drone
    Iona's Blessing
    Forest

--: Shoulder to Shoulder

--: Shoulder to Shoulder

Pack 2 pick 6:
    Tajuru Pathwarden
    Holdout Settlement
    Untamed Hunger
    Vines of the Recluse
    Kozilek's Translator
    Negate
    Maw of Kozilek
--> Shoulder to Shoulder
    Void Shatter
    Plains

--: Immobilizer Eldrazi

--: Immobilizer Eldrazi

Pack 2 pick 7:
    Corpse Churn
    Natural State
    Kozilek's Translator
    Abstruse Interference
    Akoum Flameseeker
    Dazzling Reflection
--> Immobilizer Eldrazi
    Hedron Alignment
    Mountain

--: Unknown Shores

--: Unknown Shores

Pack 2 pick 8:
--> Unknown Shores
    Kozilek's Pathfinder
    Vines of the Recluse
    Zulaport Chainmage
    Ancient Crab
    Maw of Kozilek
    Bonds of Mortality
    Mountain

--: Wastes

Pack 2 pick 9:
--> Wastes
    Loam Larva
    Sparkmage's Gambit
    Comparative Analysis
    Warping Wail
    Baloth Pup
    Forest

--: Sparkmage's Gambit

Pack 2 pick 10:
    Pulse of Murasa
    Zulaport Chainmage
    Elemental Uprising
--> Sparkmage's Gambit
    Slip Through Space
    Forest

--: Bone Saw

Pack 2 pick 11:
--> Bone Saw
    Lead by Example
    Negate
    Unity of Purpose
    Island

--: Baloth Pup

Pack 2 pick 12:
    Consuming Sinkhole
    Grip of the Roil
--> Baloth Pup
    Island

--: Elemental Uprising

Pack 2 pick 13:
    Bone Saw
--> Elemental Uprising
    Iona's Blessing

--: Vines of the Recluse

Pack 2 pick 14:
--> Vines of the Recluse
    Plains

--: Mountain

Pack 2 pick 15:
--> Mountain

--: Rolling Thunder

--: Rolling Thunder

------ BFZ ------ 

Pack 3 pick 1:
    Roilmage's Trick
    Swarm Surge
    Tajuru Stalwart
    Incubator Drone
    Horribly Awry
    Stone Haven Medic
    Hedron Blade
    Valakut Invoker
    Courier Griffin
    Benthic Infiltrator
--> Rolling Thunder
    Blighted Steppe
    Retreat to Emeria
    Emeria Shepherd
    Mountain

--: Guardian of Tazeem

--: Guardian of Tazeem

Pack 3 pick 2:
    Oracle of Dust
    Altar's Reap
    Eyeless Watcher
    Rush of Ice
    Silent Skimmer
    Mortuary Mire
    Natural Connection
    Tightening Coils
    Lithomancer's Focus
    Sure Strike
    Crumble to Dust
    Adverse Conditions
--> Guardian of Tazeem
    Swamp

--: Eldrazi Devastator

Pack 3 pick 3:
    Altar's Reap
    Call the Scions
    Eyeless Watcher
--> Eldrazi Devastator
    Wave-Wing Elemental
    Fertile Thicket
    Geyserfield Stalker
    Inspired Charge
    Reckless Cohort
    Cryptic Cruiser
    Blighted Woodland
    Murasa Ranger
    Forest

--: Kor Castigator

--: Kor Castigator

Pack 3 pick 4:
    Blisterpod
    Eyeless Watcher
    Eldrazi Devastator
    Wave-Wing Elemental
    Fertile Thicket
    Geyserfield Stalker
    Goblin War Paint
--> Kor Castigator
    Halimar Tidecaller
    Pathway Arrows
    Gruesome Slaughter
    Mountain

--: Stone Haven Medic

--: Stone Haven Medic

Pack 3 pick 5:
    Clutch of Currents
    Anticipate
    Inspired Charge
    Volcanic Upheaval
--> Stone Haven Medic
    Kozilek's Sentinel
    Lifespring Druid
    Adverse Conditions
    Jaddi Offshoot
    Desolation Twin
    Swamp

--: Fortified Rampart

--: Fortified Rampart

Pack 3 pick 6:
    Clutch of Currents
    Giant Mantis
    Rush of Ice
    Natural Connection
    Unnatural Aggression
    Geyserfield Stalker
    Cloud Manta
    Lavastep Raider
--> Fortified Rampart
    Swamp

--: Spell Shrivel

Pack 3 pick 7:
    Incubator Drone
    Reclaiming Vines
--> Spell Shrivel
    Skyline Cascade
    Eyeless Watcher
    Reckless Cohort
    Retreat to Kazandu
    Sylvan Scrying
    Island

--: Ondu Greathorn

--: Ondu Greathorn

Pack 3 pick 8:
    Plummet
    Tajuru Stalwart
    Kitesail Scout
--> Ondu Greathorn
    Makindi Sliderunner
    Roil's Retribution
    Void Attendant
    Swamp

--: Blighted Steppe

Pack 3 pick 9:
    Roilmage's Trick
    Incubator Drone
    Horribly Awry
    Hedron Blade
    Benthic Infiltrator
--> Blighted Steppe
    Mountain

--: Lithomancer's Focus

Pack 3 pick 10:
    Oracle of Dust
    Altar's Reap
    Rush of Ice
    Natural Connection
--> Lithomancer's Focus
    Swamp

--: Fertile Thicket

Pack 3 pick 11:
    Altar's Reap
    Call the Scions
--> Fertile Thicket
    Geyserfield Stalker
    Forest

--: Goblin War Paint

Pack 3 pick 12:
    Fertile Thicket
    Geyserfield Stalker
--> Goblin War Paint
    Mountain

--: Volcanic Upheaval

Pack 3 pick 13:
--> Volcanic Upheaval
    Lifespring Druid
    Swamp

--: Rush of Ice

Pack 3 pick 14:
--> Rush of Ice
    Swamp

--: Island

Pack 3 pick 15:
--> Island

