Event #: 9406600
Time:    2/17/2016 7:31:42 PM
Players:
    Pheonix35
    eaglefoxbat
    Contaxian
    SBR6
    BeBlain
    bameniash
--> FinchleyCentral
    nodnol

--: Needle Spires

--: Reckless Bushwhacker

--: Reckless Bushwhacker

------ OGW ------ 

Pack 1 pick 1:
    Reality Hemorrhage
    Wastes
    Containment Membrane
    Bone Saw
    Witness the End
    Netcaster Spider
    Slaughter Drone
    Kor Scythemaster
    Needle Spires
    Eldrazi Aggressor
--> Reckless Bushwhacker
    Harvester Troll
    Stormchaser Mage
    Eldrazi Mimic
    Mountain

--: Relief Captain

--: Relief Captain

Pack 1 pick 2:
    Expedition Raptor
    Zada's Commando
    Crumbling Vestige
    Containment Membrane
    Hedron Crawler
    Natural State
    Witness the End
    Eldrazi Aggressor
    Affa Protector
    Mighty Leap
--> Relief Captain
    Press into Service
    Mirrorpool
    Plains

--: Ondu War Cleric

--: Ondu War Cleric

Pack 1 pick 3:
    Goblin Freerunner
    Wastes
    Containment Membrane
    Kor Sky Climber
    Untamed Hunger
    Vines of the Recluse
    Mighty Leap
    Consuming Sinkhole
--> Ondu War Cleric
    Kazuul's Toll Collector
    Harvester Troll
    Void Shatter
    Forest

--: Shoulder to Shoulder

--: Shoulder to Shoulder

Pack 1 pick 4:
    Spawnbinder Mage
    Goblin Freerunner
    Wastes
    Loam Larva
    Lead by Example
--> Shoulder to Shoulder
    Slip Through Space
    Maw of Kozilek
    Kazuul's Toll Collector
    Joraga Auxiliary
    Immobilizer Eldrazi
    Mountain

--: Boulder Salvo

--: Boulder Salvo

Pack 1 pick 5:
    Scion Summoner
--> Boulder Salvo
    Holdout Settlement
    Corpse Churn
    Natural State
    Sparkmage's Gambit
    Makindi Aeronaut
    Umara Entangler
    Allied Reinforcements
    Void Grafter
    Plains

--: Brute Strength

--: Brute Strength

Pack 1 pick 6:
    Sweep Away
    Seer's Lantern
    Pulse of Murasa
    Untamed Hunger
    Vines of the Recluse
--> Brute Strength
    Comparative Analysis
    Pyromancer's Assault
    Void Shatter
    Mountain

--: Boulder Salvo

--: Boulder Salvo

Pack 1 pick 7:
--> Boulder Salvo
    Holdout Settlement
    Kozilek's Pathfinder
    Tajuru Pathwarden
    Stalking Drone
    Sparkmage's Gambit
    Umara Entangler
    Warping Wail
    Plains

--: Lead by Example

Pack 1 pick 8:
    Canopy Gorger
--> Lead by Example
    Dazzling Reflection
    Slip Through Space
    Consuming Sinkhole
    Tranquil Expanse
    Hedron Alignment
    Forest

--: Netcaster Spider

Pack 1 pick 9:
    Containment Membrane
    Bone Saw
--> Netcaster Spider
    Eldrazi Aggressor
    Harvester Troll
    Stormchaser Mage
    Mountain

--: Crumbling Vestige

Pack 1 pick 10:
--> Crumbling Vestige
    Containment Membrane
    Natural State
    Witness the End
    Eldrazi Aggressor
    Mighty Leap

--: Harvester Troll

Pack 1 pick 11:
    Untamed Hunger
    Consuming Sinkhole
--> Harvester Troll
    Void Shatter
    Forest

--: Loam Larva

Pack 1 pick 12:
--> Loam Larva
    Slip Through Space
    Kazuul's Toll Collector
    Mountain

--: Natural State

Pack 1 pick 13:
    Corpse Churn
--> Natural State
    Plains

--: Vines of the Recluse

Pack 1 pick 14:
--> Vines of the Recluse
    Mountain

--: Plains

Pack 1 pick 15:
--> Plains

--: Boulder Salvo

--: Boulder Salvo

------ OGW ------ 

Pack 2 pick 1:
--> Boulder Salvo
    Holdout Settlement
    Blinding Drone
    Kozilek's Pathfinder
    Witness the End
    Netcaster Spider
    Kozilek's Shrieker
    Searing Light
    Negate
    Sparkmage's Gambit
    Cyclone Sire
    Strider Harness
    Stoneforge Acolyte
    Stone Haven Outfitter
    Swamp

--: Seed Guardian

--: Seed Guardian

Pack 2 pick 2:
    Reality Hemorrhage
    Crumbling Vestige
    Gravity Negator
    Hedron Crawler
    Canopy Gorger
    Kozilek's Translator
    Lead by Example
    Eldrazi Aggressor
    Kor Scythemaster
    Negate
--> Seed Guardian
    Walker of the Wastes
    Thought Harvester
    Forest

--: Goblin Freerunner

--: Tajuru Pathwarden

--: Tajuru Pathwarden

Pack 2 pick 3:
--> Tajuru Pathwarden
    Goblin Freerunner
    Holdout Settlement
    Blinding Drone
    Kozilek's Translator
    Lead by Example
    Corpse Churn
    Mighty Leap
    Abstruse Interference
    Reaver Drone
    Submerged Boneyard
    Tears of Valakut
    Island

--: Netcaster Spider

--: Netcaster Spider

Pack 2 pick 4:
    Isolation Zone
    Tar Snare
    Wastes
    Witness the End
--> Netcaster Spider
    Maw of Kozilek
    Shoulder to Shoulder
    Umara Entangler
    Spatial Contortion
    Baloth Null
    Bonds of Mortality
    Plains

--: Stalking Drone

--: Stalking Drone

Pack 2 pick 5:
    Gravity Negator
    Warden of Geometries
--> Stalking Drone
    Kor Sky Climber
    Sky Scourer
    Loam Larva
    Abstruse Interference
    Sparkmage's Gambit
    Iona's Blessing
    Havoc Sower
    Swamp

--: Seer's Lantern

--: Seer's Lantern

Pack 2 pick 6:
    Wastes
    Sweep Away
--> Seer's Lantern
    Untamed Hunger
    Vines of the Recluse
    Mighty Leap
    Abstruse Interference
    Roiling Waters
    Void Shatter
    Swamp

--: Stalking Drone

--: Stalking Drone

Pack 2 pick 7:
--> Stalking Drone
    Expedition Raptor
    Canopy Gorger
    Sky Scourer
    Consuming Sinkhole
    Expedite
    Null Caller
    Bonds of Mortality
    Plains

--: Tears of Valakut

Pack 2 pick 8:
    Sweep Away
    Zulaport Chainmage
    Elemental Uprising
    Umara Entangler
    Meandering River
    Flaying Tendrils
--> Tears of Valakut
    Island

--: Holdout Settlement

Pack 2 pick 9:
--> Holdout Settlement
    Kozilek's Pathfinder
    Witness the End
    Negate
    Sparkmage's Gambit
    Strider Harness
    Swamp

--: Canopy Gorger

Pack 2 pick 10:
    Crumbling Vestige
--> Canopy Gorger
    Kozilek's Translator
    Lead by Example
    Negate
    Forest

--: Reaver Drone

Pack 2 pick 11:
    Corpse Churn
    Mighty Leap
    Abstruse Interference
--> Reaver Drone
    Island

--: Maw of Kozilek

Pack 2 pick 12:
    Witness the End
--> Maw of Kozilek
    Bonds of Mortality
    Plains

--: Iona's Blessing

Pack 2 pick 13:
    Abstruse Interference
--> Iona's Blessing
    Swamp

--: Abstruse Interference

Pack 2 pick 14:
--> Abstruse Interference
    Swamp

--: Plains

Pack 2 pick 15:
--> Plains

--: Firemantle Mage

--: Firemantle Mage

--: Firemantle Mage

------ BFZ ------ 

Pack 3 pick 1:
    Oran-Rief Invoker
    Dispel
    Mind Raker
    Territorial Baloth
    Kor Castigator
    Boiling Earth
    Smite the Monstrous
    Kozilek's Channeler
    Vestige of Emrakul
    Courier Griffin
    Hedron Archive
    Ulamog's Nullifier
--> Firemantle Mage
    Hero of Goma Fada
    Island

--: Snapping Gnarlid

--: Snapping Gnarlid

Pack 3 pick 2:
    Swell of Growth
    Dispel
    Kalastria Nightwatch
    Eldrazi Devastator
    Wave-Wing Elemental
    Fertile Thicket
    Geyserfield Stalker
--> Snapping Gnarlid
    Tandem Tactics
    Sure Strike
    Serene Steward
    Rot Shambler
    Halimar Tidecaller
    Mountain

--: Outnumber

--: Outnumber

Pack 3 pick 3:
    Oran-Rief Invoker
    Dispel
    Mind Raker
    Territorial Baloth
--> Outnumber
    Kitesail Scout
    Shatterskull Recruit
    Ondu Champion
    Gideon's Reproach
    Vestige of Emrakul
    Plated Crusher
    Retreat to Coralhelm
    Island

--: Unnatural Aggression

Pack 3 pick 4:
    Earthen Arms
    Murk Strider
    Eldrazi Skyspawner
    Hedron Blade
    Bone Splinters
--> Unnatural Aggression
    Sandstone Bridge
    Felidar Cub
    Kozilek's Sentinel
    Coastal Discovery
    Herald of Kozilek
    Mountain

--: Grove Rumbler

--: Grove Rumbler

Pack 3 pick 5:
    Murk Strider
    Voracious Null
    Oran-Rief Invoker
    Brilliant Spectrum
    Belligerent Whiptail
    Coralhelm Guide
    Ondu Champion
    Slab Hammer
    Retreat to Coralhelm
--> Grove Rumbler
    Plains

--: Ruin Processor

--: Ruin Processor

Pack 3 pick 6:
    Incubator Drone
    Reclaiming Vines
    Demon's Grasp
    Skyline Cascade
--> Ruin Processor
    Bone Splinters
    Stone Haven Medic
    Kozilek's Sentinel
    Roil Spout
    Island

--: Shatterskull Recruit

Pack 3 pick 7:
    Incubator Drone
    Culling Drone
    Seek the Wilds
    Mortuary Mire
    Eldrazi Devastator
    Demon's Grasp
--> Shatterskull Recruit
    Cryptic Cruiser
    Forest

--: Valakut Invoker

Pack 3 pick 8:
    Plummet
    Salvage Drone
    Inspired Charge
    Boiling Earth
--> Valakut Invoker
    Vampiric Rites
    Scatter to the Winds
    Mountain

--: Vestige of Emrakul

Pack 3 pick 9:
    Dispel
    Mind Raker
    Territorial Baloth
    Kor Castigator
    Boiling Earth
--> Vestige of Emrakul
    Island

--: Fertile Thicket

Pack 3 pick 10:
    Dispel
    Eldrazi Devastator
--> Fertile Thicket
    Geyserfield Stalker
    Sure Strike
    Mountain

--: Shatterskull Recruit

Pack 3 pick 11:
    Dispel
    Mind Raker
--> Shatterskull Recruit
    Retreat to Coralhelm
    Island

--: Kozilek's Sentinel

Pack 3 pick 12:
    Earthen Arms
    Murk Strider
--> Kozilek's Sentinel
    Mountain

--: Slab Hammer

Pack 3 pick 13:
--> Slab Hammer
    Retreat to Coralhelm
    Plains

--: Skyline Cascade

Pack 3 pick 14:
--> Skyline Cascade
    Island

--: Forest

Pack 3 pick 15:
--> Forest

