Event #: 9406017
Time:    2/17/2016 8:05:33 PM
Players:
    zAzAzEL
    addugger
--> malthrin
    Wesran
    Fizzeepop
    Stud
    FishyLizard
    fininho10

--: Crush of Tentacles

------ OGW ------ 

Pack 1 pick 1:
    Expedition Raptor
    Reality Hemorrhage
    Crumbling Vestige
    Gravity Negator
    Netcaster Spider
    Witness the End
    Canopy Gorger
    Ondu War Cleric
    Ancient Crab
    Affa Protector
    Cyclone Sire
    Strider Harness
    Stoneforge Acolyte
--> Crush of Tentacles
    Forest

--: Cultivator Drone

Pack 1 pick 2:
    Tar Snare
    Cinder Hellion
    Unknown Shores
    Gravity Negator
    Zulaport Chainmage
    Natural State
    Witness the End
    Ondu War Cleric
--> Cultivator Drone
    Brute Strength
    Reckless Bushwhacker
    Harvester Troll
    Stormchaser Mage
    Plains

--: Thought Harvester

Pack 1 pick 3:
    Wastes
    Warden of Geometries
    Stalking Drone
    Sky Scourer
    Kozilek's Shrieker
    Mighty Leap
    Cultivator Drone
    Expedite
    Timber Gorge
    Weapons Trainer
--> Thought Harvester
    Remorseless Punishment
    Mountain

--: Void Grafter

Pack 1 pick 4:
    Warden of Geometries
    Expedition Raptor
    Reality Hemorrhage
    Witness the End
    Netcaster Spider
    Slaughter Drone
    Slip Through Space
    Brute Strength
    Kor Scythemaster
    Steppe Glider
--> Void Grafter
    Swamp

--: Tajuru Pathwarden

Pack 1 pick 5:
    Wastes
    Seer's Lantern
--> Tajuru Pathwarden
    Lead by Example
    Corpse Churn
    Natural State
    Umara Entangler
    Brute Strength
    Mighty Leap
    Kazuul's Toll Collector
    Forest

--: Cultivator Drone

Pack 1 pick 6:
    Slaughter Drone
    Warden of Geometries
    Spawnbinder Mage
    Slaughter Drone
--> Cultivator Drone
    Expedite
    Spatial Contortion
    Warping Wail
    Joraga Auxiliary
    Plains

--: Hedron Crawler

Pack 1 pick 7:
--> Hedron Crawler
    Canopy Gorger
    Sky Scourer
    Elemental Uprising
    Umara Entangler
    Akoum Flameseeker
    Prophet of Distortion
    Iona's Blessing
    Forest

--: Netcaster Spider

Pack 1 pick 8:
    Bone Saw
    Goblin Freerunner
--> Netcaster Spider
    Canopy Gorger
    Expedite
    Abstruse Interference
    Flaying Tendrils
    Forest

--: Gravity Negator

Pack 1 pick 9:
--> Gravity Negator
    Witness the End
    Canopy Gorger
    Ancient Crab
    Affa Protector
    Strider Harness
    Forest

--: Reckless Bushwhacker

Pack 1 pick 10:
    Cinder Hellion
    Natural State
    Witness the End
--> Reckless Bushwhacker
    Harvester Troll
    Plains

--: Timber Gorge

Pack 1 pick 11:
    Sky Scourer
    Mighty Leap
    Expedite
--> Timber Gorge
    Mountain

--: Netcaster Spider

Pack 1 pick 12:
    Warden of Geometries
    Witness the End
--> Netcaster Spider
    Swamp

--: Natural State

Pack 1 pick 13:
    Corpse Churn
--> Natural State
    Forest

--: Warden of Geometries

Pack 1 pick 14:
--> Warden of Geometries
    Plains

--: Forest

Pack 1 pick 15:
--> Forest

--: Saddleback Lagac

------ OGW ------ 

Pack 2 pick 1:
    Hedron Crawler
    Isolation Zone
    Tar Snare
    Cinder Hellion
    Zulaport Chainmage
--> Saddleback Lagac
    Corpse Churn
    Brute Strength
    Kor Scythemaster
    Comparative Analysis
    Birthing Hulk
    Walker of the Wastes
    Warping Wail
    Munda's Vanguard
    Island

--: Scion Summoner

--: Hedron Crawler

Pack 2 pick 2:
--> Hedron Crawler
    Vampire Envoy
    Scion Summoner
    Boulder Salvo
    Kozilek's Translator
    Lead by Example
    Corpse Churn
    Makindi Aeronaut
    Abstruse Interference
    Sparkmage's Gambit
    Kazuul's Toll Collector
    Joraga Auxiliary
    Immobilizer Eldrazi
    Plains

--: Blinding Drone

Pack 2 pick 3:
    Scion Summoner
    Holdout Settlement
--> Blinding Drone
    Untamed Hunger
    Vines of the Recluse
    Unnatural Endurance
    Mighty Leap
    Consuming Sinkhole
    Ondu War Cleric
    Baloth Null
    Wall of Resurgence
    Call the Gatewatch
    Forest

--: Jwar Isle Avenger

Pack 2 pick 4:
    Crumbling Vestige
--> Jwar Isle Avenger
    Unnatural Endurance
    Pulse of Murasa
    Untamed Hunger
    Ancient Crab
    Affa Protector
    Makindi Aeronaut
    Immolating Glare
    Null Caller
    Immobilizer Eldrazi
    Island

--: Containment Membrane

--: Containment Membrane

Pack 2 pick 5:
    Tajuru Pathwarden
    Crumbling Vestige
--> Containment Membrane
    Kozilek's Shrieker
    Netcaster Spider
    Negate
    Sparkmage's Gambit
    Meandering River
    Prophet of Distortion
    Bonds of Mortality
    Swamp

--: Hedron Crawler

Pack 2 pick 6:
--> Hedron Crawler
    Canopy Gorger
    Kozilek's Shrieker
    Lead by Example
    Comparative Analysis
    Eldrazi Aggressor
    Reaver Drone
    Submerged Boneyard
    Visions of Brutality
    Mountain

--: Tajuru Pathwarden

Pack 2 pick 7:
    Seer's Lantern
--> Tajuru Pathwarden
    Kozilek's Translator
    Corpse Churn
    Negate
    Maw of Kozilek
    Cinder Barrens
    Reflector Mage
    Mountain

--: Negate

Pack 2 pick 8:
    Kozilek's Pathfinder
    Kozilek's Shrieker
    Lead by Example
    Searing Light
--> Negate
    Sparkmage's Gambit
    Pyromancer's Assault
    Plains

--: Birthing Hulk

Pack 2 pick 9:
    Hedron Crawler
    Tar Snare
    Corpse Churn
    Comparative Analysis
--> Birthing Hulk
    Warping Wail
    Island

--: Scion Summoner

Pack 2 pick 10:
--> Scion Summoner
    Kozilek's Translator
    Lead by Example
    Corpse Churn
    Abstruse Interference
    Plains

--: Vines of the Recluse

Pack 2 pick 11:
    Untamed Hunger
--> Vines of the Recluse
    Consuming Sinkhole
    Call the Gatewatch
    Forest

--: Ancient Crab

Pack 2 pick 12:
    Pulse of Murasa
    Untamed Hunger
--> Ancient Crab
    Island

--: Netcaster Spider

Pack 2 pick 13:
--> Netcaster Spider
    Bonds of Mortality
    Swamp

--: Canopy Gorger

Pack 2 pick 14:
--> Canopy Gorger
    Mountain

--: Mountain

Pack 2 pick 15:
--> Mountain

--: Eldrazi Skyspawner

------ BFZ ------ 

Pack 3 pick 1:
    Salvage Drone
    Kalastria Healer
    Blisterpod
    Geyserfield Stalker
    Snapping Gnarlid
    Evolving Wilds
--> Eldrazi Skyspawner
    Hedron Blade
    Sure Strike
    Felidar Cub
    Scythe Leopard
    Breaker of Armies
    Retreat to Valakut
    Planar Outburst
    Plains

--: Murk Strider

Pack 3 pick 2:
    Swarm Surge
    Call the Scions
--> Murk Strider
    Voracious Null
    Stone Haven Medic
    Kozilek's Sentinel
    Lifespring Druid
    Valakut Predator
    Sheer Drop
    Valakut Invoker
    Drana's Emissary
    Akoum Stonewaker
    Carrier Thrall
    Forest

--: Fertile Thicket

Pack 3 pick 3:
    Dispel
    Kalastria Nightwatch
    Looming Spires
    Grave Birthing
    Eyeless Watcher
    Eldrazi Devastator
    Wave-Wing Elemental
--> Fertile Thicket
    Shatterskull Recruit
    Lithomancer's Focus
    Transgress the Mind
    Aligned Hedron Network
    Plains

--: Rush of Ice

Pack 3 pick 4:
    Culling Drone
    Seek the Wilds
    Eyeless Watcher
--> Rush of Ice
    Mortuary Mire
    Natural Connection
    Tightening Coils
    Belligerent Whiptail
    Skitterskin
    Pathway Arrows
    Ulamog's Nullifier
    Swamp

--: Ruination Guide

Pack 3 pick 5:
    Sludge Crawler
    Plummet
    Spell Shrivel
    Complete Disregard
    Ruin Processor
    Skyline Cascade
    Felidar Cub
    Boiling Earth
--> Ruination Guide
    Slab Hammer
    Island

--: Adverse Conditions

Pack 3 pick 6:
    Brilliant Spectrum
    Altar's Reap
    Call the Scions
    Roilmage's Trick
    Lavastep Raider
    Fortified Rampart
    Touch of the Void
--> Adverse Conditions
    Rot Shambler
    Swamp

--: Void Attendant

--: Tajuru Beastmaster

Pack 3 pick 7:
    Reclaiming Vines
    Cloud Manta
    Sandstone Bridge
--> Tajuru Beastmaster
    Skyline Cascade
    Inspired Charge
    Volcanic Upheaval
    Void Attendant
    Forest

--: Tide Drifter

Pack 3 pick 8:
    Swell of Growth
    Dispel
    Earthen Arms
    Inspired Charge
    Reckless Cohort
--> Tide Drifter
    Murasa Ranger
    Island

--: Hedron Blade

Pack 3 pick 9:
    Salvage Drone
    Blisterpod
    Geyserfield Stalker
--> Hedron Blade
    Sure Strike
    Retreat to Valakut
    Plains

--: Kozilek's Sentinel

Pack 3 pick 10:
    Swarm Surge
    Call the Scions
    Voracious Null
--> Kozilek's Sentinel
    Lifespring Druid
    Forest

--: Eldrazi Devastator

Pack 3 pick 11:
    Eyeless Watcher
--> Eldrazi Devastator
    Wave-Wing Elemental
    Shatterskull Recruit
    Plains

--: Seek the Wilds

Pack 3 pick 12:
--> Seek the Wilds
    Mortuary Mire
    Natural Connection
    Swamp

--: Ruin Processor

Pack 3 pick 13:
--> Ruin Processor
    Boiling Earth
    Island

--: Roilmage's Trick

Pack 3 pick 14:
--> Roilmage's Trick
    Swamp

--: Forest

Pack 3 pick 15:
--> Forest

