Event #: 9406772
Time:    2/17/2016 8:17:17 PM
Players:
    Strand
    BOBtheRock
    morphlin0
    Phresh87
    lennysill
    olstynslittlebrother
    callightman
--> FinchleyCentral

--: Mirrorpool

--: Oblivion Strike

--: Oblivion Strike

------ OGW ------ 

Pack 1 pick 1:
    Spawnbinder Mage
--> Oblivion Strike
    Goblin Freerunner
    Wastes
    Sky Scourer
    Saddleback Lagac
    Kozilek's Shrieker
    Ancient Crab
    Maw of Kozilek
    Mighty Leap
    Meandering River
    Roiling Waters
    Wall of Resurgence
    Mirrorpool
    Plains

--: Relief Captain

--: Relief Captain

Pack 1 pick 2:
    Kozilek's Pathfinder
    Tajuru Pathwarden
    Expedition Raptor
    Zada's Commando
    Crumbling Vestige
    Corpse Churn
    Natural State
    Negate
    Maw of Kozilek
    Slip Through Space
--> Relief Captain
    Immobilizer Eldrazi
    Iona's Blessing
    Mountain

--: Expedition Raptor

--: Expedition Raptor

Pack 1 pick 3:
    Stalking Drone
--> Expedition Raptor
    Reality Hemorrhage
    Crumbling Vestige
    Saddleback Lagac
    Dazzling Reflection
    Slip Through Space
    Consuming Sinkhole
    Searing Light
    Birthing Hulk
    Spatial Contortion
    Baloth Null
    Swamp

--: Kor Sky Climber

--: Kor Sky Climber

Pack 1 pick 4:
    Gravity Negator
    Warden of Geometries
    Stalking Drone
--> Kor Sky Climber
    Sky Scourer
    Elemental Uprising
    Maw of Kozilek
    Dazzling Reflection
    Umara Entangler
    Make a Stand
    Mindmelter
    Mountain

--: Stalking Drone

--: Stalking Drone

Pack 1 pick 5:
    Crumbling Vestige
    Containment Membrane
    Hedron Crawler
    Tar Snare
--> Stalking Drone
    Elemental Uprising
    Makindi Aeronaut
    Umara Entangler
    Consuming Sinkhole
    Submerged Boneyard
    Plains

--: Holdout Settlement

--: Holdout Settlement

Pack 1 pick 6:
    Goblin Freerunner
--> Holdout Settlement
    Zulaport Chainmage
    Corpse Churn
    Eldrazi Aggressor
    Dazzling Reflection
    Slip Through Space
    Bonds of Mortality
    Eldrazi Mimic
    Mountain

--: Containment Membrane

--: Containment Membrane

Pack 1 pick 7:
--> Containment Membrane
    Seer's Lantern
    Cinder Hellion
    Witness the End
    Abstruse Interference
    Dazzling Reflection
    Kazuul's Toll Collector
    Void Shatter
    Island

--: Shoulder to Shoulder

--: Shoulder to Shoulder

Pack 1 pick 8:
    Wastes
    Pulse of Murasa
    Elemental Uprising
    Umara Entangler
    Consuming Sinkhole
--> Shoulder to Shoulder
    Reflector Mage
    Forest

--: Meandering River

--: Mighty Leap

Pack 1 pick 9:
    Wastes
    Kozilek's Shrieker
    Ancient Crab
    Maw of Kozilek
--> Mighty Leap
    Meandering River
    Plains

--: Slip Through Space

Pack 1 pick 10:
    Corpse Churn
    Natural State
    Negate
--> Slip Through Space
    Iona's Blessing
    Mountain

--: Slip Through Space

Pack 1 pick 11:
    Crumbling Vestige
    Dazzling Reflection
--> Slip Through Space
    Consuming Sinkhole
    Swamp

--: Umara Entangler

Pack 1 pick 12:
    Gravity Negator
    Warden of Geometries
--> Umara Entangler
    Mountain

--: Umara Entangler

Pack 1 pick 13:
--> Umara Entangler
    Consuming Sinkhole
    Plains

--: Corpse Churn

Pack 1 pick 14:
--> Corpse Churn
    Mountain

--: Island

Pack 1 pick 15:
--> Island

--: Fall of the Titans

--: Fall of the Titans

------ OGW ------ 

Pack 2 pick 1:
    Malakir Soothsayer
    Wastes
    Gravity Negator
    Bone Saw
    Scion Summoner
    Unnatural Endurance
    Vines of the Recluse
    Sparkmage's Gambit
    Kor Scythemaster
    Comparative Analysis
    Embodiment of Insight
    Spatial Contortion
    Baloth Null
--> Fall of the Titans
    Swamp

--: Spawnbinder Mage

Pack 2 pick 2:
    Wastes
    Gravity Negator
    Bone Saw
    Scion Summoner
--> Spawnbinder Mage
    Elemental Uprising
    Zulaport Chainmage
    Dazzling Reflection
    Umara Entangler
    Brute Strength
    Harvester Troll
    Stoneforge Acolyte
    Press into Service
    Swamp

--: Immolating Glare

--: Immolating Glare

Pack 2 pick 3:
    Blinding Drone
    Kozilek's Pathfinder
    Expedition Raptor
    Zada's Commando
    Lead by Example
    Untamed Hunger
    Searing Light
    Comparative Analysis
    Eldrazi Aggressor
    Walker of the Wastes
--> Immolating Glare
    Malakir Soothsayer
    Mountain

--: Embodiment of Fury

--: Unknown Shores

--: Unknown Shores

Pack 2 pick 4:
    Tar Snare
    Cinder Hellion
--> Unknown Shores
    Vines of the Recluse
    Kozilek's Translator
    Akoum Flameseeker
    Searing Light
    Negate
    Strider Harness
    Embodiment of Fury
    Havoc Sower
    Island

--: Affa Protector

--: Affa Protector

Pack 2 pick 5:
    Reality Hemorrhage
    Wastes
    Bone Saw
    Lead by Example
    Untamed Hunger
    Pulse of Murasa
--> Affa Protector
    Abstruse Interference
    Unity of Purpose
    Immobilizer Eldrazi
    Island

--: Hedron Crawler

--: Prophet of Distortion

--: Prophet of Distortion

Pack 2 pick 6:
    Gravity Negator
    Hedron Crawler
    Loam Larva
    Witness the End
    Cultivator Drone
    Brute Strength
--> Prophet of Distortion
    Visions of Brutality
    Ruin in Their Wake
    Plains

--: Jwar Isle Avenger

--: Jwar Isle Avenger

Pack 2 pick 7:
    Wastes
--> Jwar Isle Avenger
    Canopy Gorger
    Ancient Crab
    Chitinous Cloak
    Pyromancer's Assault
    Flaying Tendrils
    Jori En, Ruin Diver
    Island

--: Hedron Crawler

--: Cultivator Drone

--: Cultivator Drone

Pack 2 pick 8:
    Crumbling Vestige
    Hedron Crawler
    Loam Larva
    Mighty Leap
    Consuming Sinkhole
--> Cultivator Drone
    Submerged Boneyard
    Forest

--: Gravity Negator

Pack 2 pick 9:
--> Gravity Negator
    Bone Saw
    Unnatural Endurance
    Vines of the Recluse
    Sparkmage's Gambit
    Comparative Analysis
    Swamp

--: Gravity Negator

Pack 2 pick 10:
--> Gravity Negator
    Bone Saw
    Elemental Uprising
    Dazzling Reflection
    Brute Strength
    Swamp

--: Searing Light

--: Kozilek's Pathfinder

Pack 2 pick 11:
--> Kozilek's Pathfinder
    Untamed Hunger
    Searing Light
    Comparative Analysis
    Mountain

--: Negate

Pack 2 pick 12:
    Cinder Hellion
--> Negate
    Strider Harness
    Island

--: Bone Saw

Pack 2 pick 13:
--> Bone Saw
    Untamed Hunger
    Island

--: Ruin in Their Wake

Pack 2 pick 14:
--> Ruin in Their Wake
    Plains

--: Island

Pack 2 pick 15:
--> Island

--: Roil Spout

--: Roil Spout

------ BFZ ------ 

Pack 3 pick 1:
    Murk Strider
    Sludge Crawler
    Plummet
    Gideon's Reproach
    Reckless Cohort
    Stone Haven Medic
    Smite the Monstrous
    Kozilek's Channeler
    Vestige of Emrakul
    Courier Griffin
    Skitterskin
    Pilgrim's Eye
--> Roil Spout
    Shambling Vent
    Mountain

--: Coastal Discovery

--: Coastal Discovery

Pack 3 pick 2:
    Voracious Null
    Oran-Rief Invoker
    Brilliant Spectrum
    Scour from Existence
    Grave Birthing
    Broodhunter Wurm
    Spell Shrivel
    Tandem Tactics
    Shatterskull Recruit
    Chasm Guide
--> Coastal Discovery
    Pathway Arrows
    Aligned Hedron Network
    Mountain

--: Halimar Tidecaller

--: Halimar Tidecaller

Pack 3 pick 3:
    Mist Intruder
    Dutiful Return
    Blisterpod
    Natural Connection
    Tightening Coils
    Eldrazi Devastator
    Looming Spires
    Lavastep Raider
    Cliffside Lookout
    Transgress the Mind
    Serene Steward
--> Halimar Tidecaller
    Plains

--: Eldrazi Skyspawner

--: Eldrazi Skyspawner

Pack 3 pick 4:
    Earthen Arms
    Incubator Drone
--> Eldrazi Skyspawner
    Ruin Processor
    Bone Splinters
    Broodhunter Wurm
    Mortuary Mire
    Goblin War Paint
    Kor Castigator
    Pilgrim's Eye
    Blighted Cataract
    Plains

--: Benthic Infiltrator

Pack 3 pick 5:
    Roilmage's Trick
    Dutiful Return
    Swell of Growth
    Dispel
    Volcanic Upheaval
    Angelic Gift
    Kitesail Scout
--> Benthic Infiltrator
    Makindi Sliderunner
    Tunneling Geopede
    Mountain

--: Anticipate

Pack 3 pick 6:
--> Anticipate
    Fertile Thicket
    Spell Shrivel
    Scour from Existence
    Goblin War Paint
    Tandem Tactics
    Jaddi Offshoot
    Herald of Kozilek
    Chasm Guide
    Plains

--: Cloud Manta

Pack 3 pick 7:
    Mind Raker
    Territorial Baloth
    Geyserfield Stalker
--> Cloud Manta
    Sandstone Bridge
    Tajuru Beastmaster
    Skyline Cascade
    Angelic Gift
    Island

--: Fortified Rampart

--: Fortified Rampart

Pack 3 pick 8:
    Incubator Drone
    Seek the Wilds
    Coralhelm Guide
    Lavastep Raider
--> Fortified Rampart
    Ondu Greathorn
    Ondu Champion
    Island

--: Courier Griffin

Pack 3 pick 9:
    Murk Strider
    Plummet
    Reckless Cohort
    Stone Haven Medic
--> Courier Griffin
    Skitterskin
    Mountain

--: Pathway Arrows

Pack 3 pick 10:
    Brilliant Spectrum
    Grave Birthing
    Shatterskull Recruit
--> Pathway Arrows
    Aligned Hedron Network
    Mountain

--: Natural Connection

Pack 3 pick 11:
    Dutiful Return
    Blisterpod
--> Natural Connection
    Lavastep Raider
    Plains

--: Incubator Drone

Pack 3 pick 12:
--> Incubator Drone
    Mortuary Mire
    Goblin War Paint
    Plains

--: Angelic Gift

Pack 3 pick 13:
    Roilmage's Trick
--> Angelic Gift
    Mountain

--: Jaddi Offshoot

Pack 3 pick 14:
--> Jaddi Offshoot
    Plains

--: Island

Pack 3 pick 15:
--> Island

