Event #: 9407092
Time:    2/17/2016 9:48:24 PM
Players:
    huanchengjin
    hiropp
--> HuaxingMachine
    TheWrongBananas
    thesamasaurus1993
    yingbo200
    kremb519
    Jamman

--: Kozilek's Return

--: Kozilek's Return

------ OGW ------ 

Pack 1 pick 1:
    Stalking Drone
    Goblin Freerunner
    Wastes
    Jwar Isle Avenger
    Baloth Pup
    Lead by Example
    Corpse Churn
    Cultivator Drone
    Expedite
    Makindi Aeronaut
    Meandering River
    Cyclone Sire
    Steppe Glider
--> Kozilek's Return
    Island

--: Stalking Drone

--: Stalking Drone

Pack 1 pick 2:
    Tar Snare
--> Stalking Drone
    Cinder Hellion
    Wastes
    Witness the End
    Netcaster Spider
    Kor Scythemaster
    Comparative Analysis
    Eldrazi Aggressor
    Strider Harness
    Kazuul's Toll Collector
    Gift of Tusks
    Hedron Alignment
    Swamp

--: Boulder Salvo

--: Boulder Salvo

Pack 1 pick 3:
    Sweep Away
    Seer's Lantern
    Zulaport Chainmage
--> Boulder Salvo
    Natural State
    Slaughter Drone
    Akoum Flameseeker
    Searing Light
    Negate
    Submerged Boneyard
    Roiling Waters
    Void Shatter
    Island

--: Scion Summoner

--: Zada's Commando

--: Zada's Commando

Pack 1 pick 4:
    Blinding Drone
    Kozilek's Pathfinder
    Scion Summoner
    Kor Sky Climber
--> Zada's Commando
    Elemental Uprising
    Sky Scourer
    Natural State
    Brute Strength
    Kor Scythemaster
    Reflector Mage
    Mountain

--: Scion Summoner

--: Scion Summoner

Pack 1 pick 5:
    Bone Saw
--> Scion Summoner
    Umara Entangler
    Cinder Hellion
    Untamed Hunger
    Vines of the Recluse
    Kozilek's Translator
    Slip Through Space
    Dazzling Reflection
    Make a Stand
    Forest

--: Goblin Freerunner

--: Goblin Freerunner

Pack 1 pick 6:
--> Goblin Freerunner
    Wastes
    Containment Membrane
    Seer's Lantern
    Natural State
    Affa Protector
    Ancient Crab
    Expedite
    Stormchaser Mage
    Swamp

--: Baloth Pup

--: Baloth Pup

Pack 1 pick 7:
    Wastes
    Pulse of Murasa
    Mighty Leap
    Abstruse Interference
    Dazzling Reflection
    Chitinous Cloak
    Pyromancer's Assault
--> Baloth Pup
    Swamp

Pack 1 pick 8:
    Natural State
    Kozilek's Translator
    Elemental Uprising
    Ancient Crab
    Expedite
    Searing Light
--> Spatial Contortion
    Mountain

--: Lead by Example

--: Lead by Example

Pack 1 pick 9:
    Jwar Isle Avenger
--> Lead by Example
    Corpse Churn
    Cultivator Drone
    Expedite
    Meandering River
    Island

--: Kazuul's Toll Collector

--: Kazuul's Toll Collector

Pack 1 pick 10:
    Comparative Analysis
    Strider Harness
--> Kazuul's Toll Collector
    Gift of Tusks
    Hedron Alignment
    Swamp

Pack 1 pick 11:
    Natural State
--> Searing Light
    Negate
    Void Shatter
    Island

--: Kozilek's Pathfinder

Pack 1 pick 12:
--> Kozilek's Pathfinder
    Elemental Uprising
    Natural State
    Mountain

Pack 1 pick 13:
--> Bone Saw
    Untamed Hunger
    Forest

Pack 1 pick 14:
--> Natural State
    Swamp

Pack 1 pick 15:
--> Swamp

--: Devour in Flames

--: Devour in Flames

------ OGW ------ 

Pack 2 pick 1:
    Sweep Away
    Seer's Lantern
    Oblivion Strike
    Spawnbinder Mage
    Elemental Uprising
    Zulaport Chainmage
    Natural State
    Makindi Aeronaut
    Abstruse Interference
    Sparkmage's Gambit
    Prophet of Distortion
    Bonds of Mortality
--> Devour in Flames
    Munda's Vanguard
    Island

--: Embodiment of Insight

--: Embodiment of Insight

Pack 2 pick 2:
    Warden of Geometries
    Spawnbinder Mage
    Vampire Envoy
    Reality Hemorrhage
    Kozilek's Shrieker
    Loam Larva
    Slaughter Drone
    Dazzling Reflection
    Slip Through Space
    Consuming Sinkhole
--> Embodiment of Insight
    Malakir Soothsayer
    Warping Wail
    Mountain

--: Zada's Commando

--: Zada's Commando

Pack 2 pick 3:
    Expedition Raptor
--> Zada's Commando
    Crumbling Vestige
    Containment Membrane
    Hedron Crawler
    Corpse Churn
    Brute Strength
    Mighty Leap
    Cultivator Drone
    Stoneforge Acolyte
    Press into Service
    Oath of Gideon
    Forest

--: Maw of Kozilek

--: Maw of Kozilek

Pack 2 pick 4:
    Goblin Freerunner
    Holdout Settlement
    Kozilek's Pathfinder
    Untamed Hunger
    Vines of the Recluse
    Kozilek's Translator
--> Maw of Kozilek
    Dazzling Reflection
    Umara Entangler
    Tranquil Expanse
    Flayer Drone
    Mountain

--: Maw of Kozilek

--: Maw of Kozilek

--: Maw of Kozilek

--: Maw of Kozilek

Pack 2 pick 5:
    Kozilek's Pathfinder
    Spawnbinder Mage
    Untamed Hunger
    Vines of the Recluse
    Shoulder to Shoulder
    Ancient Crab
--> Maw of Kozilek
    Roiling Waters
    Unity of Purpose
    Weapons Trainer
    Island

--: Wastes

--: Wastes

Pack 2 pick 6:
--> Wastes
    Bone Saw
    Loam Larva
    Slaughter Drone
    Comparative Analysis
    Eldrazi Aggressor
    Dazzling Reflection
    Slip Through Space
    Walker of the Wastes
    Forest

--: Relentless Hunter

--: Relentless Hunter

Pack 2 pick 7:
    Scion Summoner
    Canopy Gorger
    Kor Scythemaster
    Negate
    Sparkmage's Gambit
    Make a Stand
--> Relentless Hunter
    Call the Gatewatch
    Forest

--: Lead by Example

--: Lead by Example

Pack 2 pick 8:
    Containment Membrane
    Bone Saw
--> Lead by Example
    Corpse Churn
    Expedite
    Abstruse Interference
    Reaver Drone
    Plains

Pack 2 pick 9:
    Seer's Lantern
    Elemental Uprising
    Natural State
    Abstruse Interference
--> Sparkmage's Gambit
    Bonds of Mortality
    Island

--: Loam Larva

--: Loam Larva

Pack 2 pick 10:
    Spawnbinder Mage
--> Loam Larva
    Dazzling Reflection
    Slip Through Space
    Consuming Sinkhole
    Mountain

--: Brute Strength

Pack 2 pick 11:
    Corpse Churn
--> Brute Strength
    Mighty Leap
    Stoneforge Acolyte
    Forest

--: Goblin Freerunner

Pack 2 pick 12:
--> Goblin Freerunner
    Untamed Hunger
    Tranquil Expanse
    Mountain

Pack 2 pick 13:
    Untamed Hunger
--> Ancient Crab
    Island

Pack 2 pick 14:
--> Dazzling Reflection
    Forest

Pack 2 pick 15:
--> Forest

--: Tajuru Warcaller

--: Tajuru Warcaller

------ BFZ ------ 

Pack 3 pick 1:
    Blisterpod
    Oracle of Dust
    Voracious Null
    Reclaiming Vines
    Shatterskull Recruit
    Lithomancer's Focus
    Smite the Monstrous
    Stonefury
    Ondu Greathorn
    Lifespring Druid
--> Tajuru Warcaller
    Herald of Kozilek
    Pathway Arrows
    Exert Influence
    Plains

--: Blighted Cataract

--: Blighted Cataract

Pack 3 pick 2:
    Swarm Surge
    Call the Scions
    Murk Strider
    Eldrazi Skyspawner
    Hedron Blade
    Bone Splinters
    Unnatural Aggression
    Sandstone Bridge
    Boiling Earth
    Lithomancer's Focus
--> Blighted Cataract
    Retreat to Emeria
    Desolation Twin
    Mountain

--: Snapping Gnarlid

--: Snapping Gnarlid

Pack 3 pick 3:
    Swell of Growth
    Dispel
    Kalastria Nightwatch
    Fertile Thicket
--> Snapping Gnarlid
    Spell Shrivel
    Scour from Existence
    Goblin War Paint
    Tandem Tactics
    Blighted Cataract
    Ulamog's Despoiler
    Veteran Warleader
    Forest

--: Snapping Gnarlid

Pack 3 pick 4:
    Mist Intruder
    Mire's Malice
    Giant Mantis
    Fertile Thicket
--> Snapping Gnarlid
    Spell Shrivel
    Scour from Existence
    Goblin War Paint
    Tandem Tactics
    Sylvan Scrying
    Defiant Bloodlord
    Plains

--: Blighted Gorge

--: Blighted Gorge

Pack 3 pick 5:
    Island
    Reclaiming Vines
    Salvage Drone
    Sure Strike
    Ondu Champion
    Ghostly Sentinel
    Benthic Infiltrator
    Vestige of Emrakul
    Horribly Awry
--> Blighted Gorge
    Swamp

--: Belligerent Whiptail

Pack 3 pick 6:
    Swell of Growth
    Mist Intruder
    Eldrazi Skyspawner
    Hedron Blade
    Bone Splinters
    Unnatural Aggression
    Sandstone Bridge
--> Belligerent Whiptail
    Bloodbond Vampire
    Plains

--: Valakut Invoker

--: Valakut Invoker

Pack 3 pick 7:
    Swell of Growth
    Mist Intruder
    Belligerent Whiptail
    Stone Haven Medic
    Hedron Blade
--> Valakut Invoker
    Crumble to Dust
    Void Attendant
    Swamp

Pack 3 pick 8:
    Salvage Drone
    Kalastria Healer
    Natural Connection
--> Tightening Coils
    Reckless Cohort
    Stone Haven Medic
    Rot Shambler
    Plains

--: Shatterskull Recruit

--: Shatterskull Recruit

Pack 3 pick 9:
    Oracle of Dust
    Voracious Null
    Reclaiming Vines
--> Shatterskull Recruit
    Lithomancer's Focus
    Ondu Greathorn
    Plains

Pack 3 pick 10:
    Call the Scions
    Murk Strider
    Hedron Blade
--> Unnatural Aggression
    Lithomancer's Focus
    Mountain

Pack 3 pick 11:
    Dispel
--> Spell Shrivel
    Scour from Existence
    Goblin War Paint
    Forest

Pack 3 pick 12:
    Mist Intruder
    Goblin War Paint
--> Tandem Tactics
    Plains

Pack 3 pick 13:
    Salvage Drone
--> Sure Strike
    Swamp

Pack 3 pick 14:
--> Mist Intruder
    Plains

Pack 3 pick 15:
--> Swamp

