Event #: 9409052
Time:    2/18/2016 2:31:23 PM
Players:
    Chrescher
--> jazzmage
    opero
    maxiepad
    bobbythecripple
    pathtoexile
    franzchuu
    bbfirecat

--: Munda's Vanguard

--: Munda's Vanguard

------ OGW ------ 

Pack 1 pick 1:
    Spawnbinder Mage
    Vampire Envoy
    Reality Hemorrhage
    Unknown Shores
    Saddleback Lagac
    Kozilek's Shrieker
    Netcaster Spider
    Brute Strength
    Kor Scythemaster
    Comparative Analysis
    Relief Captain
    Essence Depleter
    Baloth Pup
--> Munda's Vanguard
    Forest

--: Reality Hemorrhage

--: Reality Hemorrhage

Pack 1 pick 2:
    Tar Snare
--> Reality Hemorrhage
    Wastes
    Gravity Negator
    Bone Saw
    Sky Scourer
    Loam Larva
    Affa Protector
    Ancient Crab
    Expedite
    Prophet of Distortion
    Bonds of Mortality
    Oath of Gideon
    Forest

--: Hedron Crawler

--: Hedron Crawler

Pack 1 pick 3:
    Jwar Isle Avenger
--> Hedron Crawler
    Tar Snare
    Natural State
    Slaughter Drone
    Loam Larva
    Expedite
    Makindi Aeronaut
    Abstruse Interference
    Harvester Troll
    Stormchaser Mage
    Call the Gatewatch
    Swamp

--: Cultivator Drone

--: Cultivator Drone

Pack 1 pick 4:
    Sweep Away
    Bone Saw
    Tajuru Pathwarden
    Goblin Freerunner
    Lead by Example
    Corpse Churn
    Consuming Sinkhole
    Ondu War Cleric
--> Cultivator Drone
    Prophet of Distortion
    Havoc Sower
    Island

--: Grip of the Roil

--: Kozilek's Pathfinder

--: Kozilek's Pathfinder

Pack 1 pick 5:
--> Kozilek's Pathfinder
    Tajuru Pathwarden
    Sky Scourer
    Loam Larva
    Witness the End
    Ancient Crab
    Expedite
    Searing Light
    Grip of the Roil
    Allied Reinforcements
    Mountain

--: Holdout Settlement

--: Holdout Settlement

Pack 1 pick 6:
    Cinder Hellion
--> Holdout Settlement
    Bone Saw
    Untamed Hunger
    Vines of the Recluse
    Sparkmage's Gambit
    Slip Through Space
    Meandering River
    Tears of Valakut
    Forest

--: Blinding Drone

--: Blinding Drone

Pack 1 pick 7:
--> Blinding Drone
    Kozilek's Pathfinder
    Unnatural Endurance
    Vines of the Recluse
    Searing Light
    Maw of Kozilek
    Tranquil Expanse
    Flayer Drone
    Island

--: Thought Harvester

--: Thought Harvester

Pack 1 pick 8:
    Expedition Raptor
    Tar Snare
    Unknown Shores
    Brute Strength
    Mighty Leap
    Unity of Purpose
--> Thought Harvester
    Island

--: Kozilek's Shrieker

--: Kozilek's Shrieker

Pack 1 pick 9:
    Spawnbinder Mage
--> Kozilek's Shrieker
    Brute Strength
    Kor Scythemaster
    Comparative Analysis
    Baloth Pup
    Forest

--: Wastes

Pack 1 pick 10:
--> Wastes
    Loam Larva
    Ancient Crab
    Expedite
    Bonds of Mortality
    Forest

--: Abstruse Interference

--: Abstruse Interference

Pack 1 pick 11:
    Natural State
    Expedite
--> Abstruse Interference
    Call the Gatewatch
    Swamp

Pack 1 pick 12:
    Bone Saw
--> Corpse Churn
    Consuming Sinkhole
    Island

--: Ancient Crab

Pack 1 pick 13:
    Loam Larva
--> Ancient Crab
    Mountain

Pack 1 pick 14:
--> Sparkmage's Gambit
    Forest

Pack 1 pick 15:
--> Island

--: Kozilek, the Great Distortion

--: Kozilek, the Great Distortion

------ OGW ------ 

Pack 2 pick 1:
    Gravity Negator
    Hedron Crawler
    Vampire Envoy
    Scion Summoner
    Lead by Example
    Corpse Churn
    Natural State
    Mighty Leap
    Consuming Sinkhole
    Ondu War Cleric
    Make a Stand
    Visions of Brutality
    Relentless Hunter
--> Kozilek, the Great Distortion
    Swamp

--: Vampire Envoy

--: Vampire Envoy

Pack 2 pick 2:
    Wastes
    Forest
    Seer's Lantern
    Kor Sky Climber
--> Vampire Envoy
    Unnatural Endurance
    Pulse of Murasa
    Akoum Flameseeker
    Searing Light
    Negate
    Tranquil Expanse
    Make a Stand
    Ruin in Their Wake
    Mountain

--: Containment Membrane

--: Containment Membrane

Pack 2 pick 3:
--> Containment Membrane
    Hedron Crawler
    Stalking Drone
    Lead by Example
    Untamed Hunger
    Pulse of Murasa
    Dazzling Reflection
    Slip Through Space
    Consuming Sinkhole
    Baloth Null
    Wall of Resurgence
    Dimensional Infiltrator
    Plains

--: Kozilek's Translator

--: Kozilek's Translator

Pack 2 pick 4:
    Expedition Raptor
    Crumbling Vestige
    Canopy Gorger
--> Kozilek's Translator
    Kor Scythemaster
    Comparative Analysis
    Eldrazi Aggressor
    Affa Protector
    Harvester Troll
    Cliffhaven Vampire
    Iona's Blessing
    Island

--: Kozilek's Shrieker

--: Seer's Lantern

--: Seer's Lantern

Pack 2 pick 5:
--> Seer's Lantern
    Spawnbinder Mage
    Canopy Gorger
    Kozilek's Shrieker
    Lead by Example
    Negate
    Sparkmage's Gambit
    Embodiment of Insight
    Malakir Soothsayer
    Warping Wail
    Island

--: Witness the End

--: Witness the End

Pack 2 pick 6:
    Cinder Hellion
--> Witness the End
    Slaughter Drone
    Searing Light
    Comparative Analysis
    Eldrazi Aggressor
    Strider Harness
    Gift of Tusks
    Hedron Alignment
    Plains

--: Zulaport Chainmage

--: Zulaport Chainmage

Pack 2 pick 7:
    Spawnbinder Mage
    Wastes
    Elemental Uprising
--> Zulaport Chainmage
    Umara Entangler
    Brute Strength
    Mighty Leap
    Tranquil Expanse
    Swamp

--: Cultivator Drone

--: Cultivator Drone

Pack 2 pick 8:
    Wastes
    Natural State
    Kozilek's Translator
    Elemental Uprising
--> Cultivator Drone
    Brute Strength
    Meandering River
    Mountain

--: Gravity Negator

--: Gravity Negator

Pack 2 pick 9:
--> Gravity Negator
    Corpse Churn
    Natural State
    Consuming Sinkhole
    Visions of Brutality
    Relentless Hunter
    Swamp

--: Negate

Pack 2 pick 10:
    Forest
    Searing Light
--> Negate
    Tranquil Expanse
    Ruin in Their Wake
    Mountain

--: Untamed Hunger

Pack 2 pick 11:
--> Untamed Hunger
    Pulse of Murasa
    Slip Through Space
    Consuming Sinkhole
    Plains

Pack 2 pick 12:
    Canopy Gorger
--> Eldrazi Aggressor
    Iona's Blessing
    Island

Pack 2 pick 13:
    Canopy Gorger
--> Negate
    Island

Pack 2 pick 14:
--> Eldrazi Aggressor
    Plains

Pack 2 pick 15:
--> Swamp

--: Quarantine Field

------ BFZ ------ 

Pack 3 pick 1:
    Oran-Rief Invoker
    Brilliant Spectrum
    Nirkana Assassin
    Seek the Wilds
    Lithomancer's Focus
    Goblin War Paint
    Courier Griffin
    Smite the Monstrous
    Stonefury
    Ondu Greathorn
    Halimar Tidecaller
    Pathway Arrows
    Zulaport Cutthroat
--> Quarantine Field
    Mountain

--: Hedron Archive

--: Hedron Archive

Pack 3 pick 2:
    Ondu Greathorn
    Anticipate
    Sludge Crawler
    Earthen Arms
    Felidar Cub
    Goblin War Paint
    Makindi Sliderunner
    Courier Griffin
    Smite the Monstrous
    Stonefury
    Hagra Sharpshooter
--> Hedron Archive
    Barrage Tyrant
    Forest

--: Wasteland Strangler

--: Wasteland Strangler

Pack 3 pick 3:
    Mire's Malice
    Tajuru Stalwart
    Culling Drone
    Felidar Cub
    Kozilek's Sentinel
    Ghostly Sentinel
    Dominator Drone
    Valakut Predator
    Sheer Drop
    Blighted Steppe
    Kor Bladewhirl
--> Wasteland Strangler
    Forest

--: Complete Disregard

--: Complete Disregard

Pack 3 pick 4:
    Mist Intruder
    Mire's Malice
    Giant Mantis
    Broodhunter Wurm
    Spell Shrivel
--> Complete Disregard
    Ruin Processor
    Inspired Charge
    Reckless Cohort
    Molten Nursery
    Ulamog's Reclaimer
    Plains

--: Benthic Infiltrator

--: Benthic Infiltrator

Pack 3 pick 5:
    Incubator Drone
    Reclaiming Vines
    Salvage Drone
    Kor Castigator
    Reckless Cohort
    Sanctum of Ugin
--> Benthic Infiltrator
    Vestige of Emrakul
    Gideon's Reproach
    Encircling Fissure
    Mountain

--: Ulamog's Reclaimer

--: Ulamog's Reclaimer

Pack 3 pick 6:
    Oracle of Dust
    Voracious Null
    Reclaiming Vines
    Stone Haven Medic
    Volcanic Upheaval
    Lifespring Druid
    Valakut Invoker
    Forerunner of Slaughter
--> Ulamog's Reclaimer
    Island

--: Oracle of Dust

--: Oracle of Dust

Pack 3 pick 7:
    Nirkana Assassin
    Seek the Wilds
--> Oracle of Dust
    Altar's Reap
    Inspired Charge
    Volcanic Upheaval
    Brilliant Spectrum
    Infuse with the Elements
    Island

--: Culling Drone

--: Culling Drone

Pack 3 pick 8:
--> Culling Drone
    Giant Mantis
    Eldrazi Devastator
    Fertile Thicket
    Geyserfield Stalker
    Fortified Rampart
    Vampiric Rites
    Island

Pack 3 pick 9:
    Brilliant Spectrum
    Seek the Wilds
    Lithomancer's Focus
    Goblin War Paint
    Ondu Greathorn
--> Pathway Arrows
    Mountain

--: Anticipate

--: Anticipate

Pack 3 pick 10:
    Ondu Greathorn
--> Anticipate
    Felidar Cub
    Goblin War Paint
    Smite the Monstrous
    Forest

--: Ghostly Sentinel

Pack 3 pick 11:
    Tajuru Stalwart
    Felidar Cub
--> Ghostly Sentinel
    Valakut Predator
    Forest

--: Spell Shrivel

--: Spell Shrivel

Pack 3 pick 12:
    Mire's Malice
--> Spell Shrivel
    Molten Nursery
    Plains

--: Vestige of Emrakul

--: Reclaiming Vines

Pack 3 pick 13:
--> Reclaiming Vines
    Vestige of Emrakul
    Mountain

Pack 3 pick 14:
--> Volcanic Upheaval
    Island

Pack 3 pick 15:
--> Island

