Event #: 9410955
Time:    2/18/2016 8:25:57 PM
Players:
    NoirTheStrongOne
    SlimSiu
    VinnyNguyen13
    Firewatersound
--> FinchleyCentral
    Moctobot
    bigrig500
    fa113n

--: Eldrazi Obligator

--: Eldrazi Obligator

------ OGW ------ 

Pack 1 pick 1:
    Bone Saw
    Scion Summoner
    Cyclone Sire
    Cinder Hellion
    Unknown Shores
    Canopy Gorger
    Kozilek's Shrieker
    Makindi Aeronaut
    Abstruse Interference
    Akoum Flameseeker
    Spatial Contortion
    Baloth Null
    Bonds of Mortality
--> Eldrazi Obligator
    Swamp

--: Isolation Zone

--: Isolation Zone

Pack 1 pick 2:
    Unknown Shores
    Sweep Away
    Bone Saw
    Tajuru Pathwarden
--> Isolation Zone
    Canopy Gorger
    Sky Scourer
    Cultivator Drone
    Brute Strength
    Affa Protector
    Allied Reinforcements
    Null Caller
    Bonds of Mortality
    Mountain

--: Stalking Drone

--: Stalking Drone

Pack 1 pick 3:
--> Stalking Drone
    Wastes
    Jwar Isle Avenger
    Warden of Geometries
    Untamed Hunger
    Vines of the Recluse
    Akoum Flameseeker
    Searing Light
    Negate
    Meandering River
    Flaying Tendrils
    Tears of Valakut
    Forest

--: Scion Summoner

--: Scion Summoner

Pack 1 pick 4:
    Kozilek's Pathfinder
--> Scion Summoner
    Zada's Commando
    Netcaster Spider
    Kozilek's Shrieker
    Eldrazi Aggressor
    Kor Scythemaster
    Negate
    Warping Wail
    Baloth Pup
    Hedron Alignment
    Plains

--: Steppe Glider

--: Steppe Glider

Pack 1 pick 5:
    Sweep Away
    Seer's Lantern
    Witness the End
    Canopy Gorger
    Kozilek's Translator
    Expedite
    Forest
    Ancient Crab
--> Steppe Glider
    Void Grafter
    Mountain

--: Birthing Hulk

--: Birthing Hulk

Pack 1 pick 6:
    Wastes
    Warden of Geometries
    Unnatural Endurance
    Vines of the Recluse
    Maw of Kozilek
    Mighty Leap
    Abstruse Interference
--> Birthing Hulk
    Tears of Valakut
    Mountain

--: Kor Sky Climber

--: Kor Sky Climber

Pack 1 pick 7:
--> Kor Sky Climber
    Untamed Hunger
    Vines of the Recluse
    Searing Light
    Negate
    Sparkmage's Gambit
    Null Caller
    Eldrazi Mimic
    Mountain

--: Scion Summoner

--: Scion Summoner

Pack 1 pick 8:
--> Scion Summoner
    Elemental Uprising
    Sky Scourer
    Maw of Kozilek
    Umara Entangler
    Pyromancer's Assault
    Unity of Purpose
    Island

--: Cinder Hellion

--: Cinder Hellion

Pack 1 pick 9:
    Bone Saw
--> Cinder Hellion
    Canopy Gorger
    Abstruse Interference
    Akoum Flameseeker
    Bonds of Mortality
    Swamp

--: Brute Strength

Pack 1 pick 10:
    Bone Saw
    Canopy Gorger
--> Brute Strength
    Null Caller
    Bonds of Mortality
    Mountain

--: Vines of the Recluse

Pack 1 pick 11:
    Untamed Hunger
--> Vines of the Recluse
    Negate
    Tears of Valakut
    Forest

--: Kozilek's Pathfinder

Pack 1 pick 12:
--> Kozilek's Pathfinder
    Eldrazi Aggressor
    Hedron Alignment
    Plains

--: Expedite

Pack 1 pick 13:
--> Expedite
    Ancient Crab
    Mountain

--: Mountain

Pack 1 pick 14:
    Abstruse Interference
--> Mountain

--: Mountain

Pack 1 pick 15:
--> Mountain

--: Embodiment of Fury

------ OGW ------ 

Pack 2 pick 1:
    Crumbling Vestige
    Containment Membrane
    Hedron Crawler
    Oblivion Strike
    Stalking Drone
    Untamed Hunger
    Pulse of Murasa
    Consuming Sinkhole
    Shoulder to Shoulder
    Ancient Crab
--> Embodiment of Fury
    Havoc Sower
    Void Grafter
    Gladehart Cavalry
    Swamp

--: Zada's Commando

--: Zada's Commando

Pack 2 pick 2:
    Expedition Raptor
--> Zada's Commando
    Crumbling Vestige
    Containment Membrane
    Hedron Crawler
    Witness the End
    Canopy Gorger
    Ondu War Cleric
    Ancient Crab
    Affa Protector
    Birthing Hulk
    Walker of the Wastes
    Warping Wail
    Swamp

--: Vile Redeemer

--: Vile Redeemer

Pack 2 pick 3:
    Expedition Raptor
    Crumbling Vestige
    Unnatural Endurance
    Pulse of Murasa
    Zulaport Chainmage
    Shoulder to Shoulder
    Slip Through Space
    Maw of Kozilek
    Cinder Barrens
    Iona's Blessing
    Visions of Brutality
--> Vile Redeemer
    Forest

--: Holdout Settlement

--: Holdout Settlement

Pack 2 pick 4:
    Kor Sky Climber
    Vampire Envoy
    Cinder Hellion
--> Holdout Settlement
    Slaughter Drone
    Lead by Example
    Negate
    Sparkmage's Gambit
    Makindi Aeronaut
    Kazuul's Toll Collector
    Remorseless Punishment
    Island

--: Stalking Drone

--: Stalking Drone

Pack 2 pick 5:
--> Stalking Drone
    Kor Sky Climber
    Reality Hemorrhage
    Wastes
    Kozilek's Translator
    Elemental Uprising
    Sky Scourer
    Slip Through Space
    Brute Strength
    Iona's Blessing
    Plains

--: Zada's Commando

Pack 2 pick 6:
--> Zada's Commando
    Kozilek's Translator
    Elemental Uprising
    Brute Strength
    Kor Scythemaster
    Comparative Analysis
    Eldrazi Aggressor
    Timber Gorge
    Ruin in Their Wake
    Plains

--: Sparkmage's Gambit

Pack 2 pick 7:
    Tar Snare
    Unnatural Endurance
    Pulse of Murasa
    Zulaport Chainmage
--> Sparkmage's Gambit
    Grip of the Roil
    Chitinous Cloak
    Weapons Trainer
    Plains

--: Netcaster Spider

Pack 2 pick 8:
    Containment Membrane
    Bone Saw
--> Netcaster Spider
    Canopy Gorger
    Mighty Leap
    Consuming Sinkhole
    Ruin in Their Wake
    Swamp

--: Stalking Drone

Pack 2 pick 9:
    Containment Membrane
--> Stalking Drone
    Untamed Hunger
    Pulse of Murasa
    Consuming Sinkhole
    Ancient Crab
    Swamp

--: Canopy Gorger

Pack 2 pick 10:
    Containment Membrane
    Witness the End
--> Canopy Gorger
    Ancient Crab
    Affa Protector
    Swamp

--: Pulse of Murasa

Pack 2 pick 11:
--> Pulse of Murasa
    Slip Through Space
    Cinder Barrens
    Iona's Blessing
    Forest

--: Kazuul's Toll Collector

Pack 2 pick 12:
    Negate
--> Kazuul's Toll Collector
    Remorseless Punishment
    Island

--: Brute Strength

Pack 2 pick 13:
--> Brute Strength
    Iona's Blessing
    Plains

--: Ruin in Their Wake

Pack 2 pick 14:
--> Ruin in Their Wake
    Plains

--: Plains

Pack 2 pick 15:
--> Plains

--: Breaker of Armies

--: Breaker of Armies

------ BFZ ------ 

Pack 3 pick 1:
    Blisterpod
    Oracle of Dust
    Voracious Null
    Mortuary Mire
    Natural Connection
    Tightening Coils
    Eldrazi Devastator
    Demon's Grasp
    Inspired Charge
    Reckless Cohort
    Scythe Leopard
    Grovetender Druids
--> Breaker of Armies
    Painful Truths
    Island

--: Shrine of the Forsaken Gods

--: Shrine of the Forsaken Gods

Pack 3 pick 2:
    Culling Drone
    Seek the Wilds
    Coralhelm Guide
    Eldrazi Devastator
    Wave-Wing Elemental
    Fertile Thicket
    Geyserfield Stalker
    Snapping Gnarlid
    Lavastep Raider
    Breaker of Armies
    Retreat to Kazandu
    Skyrider Elf
--> Shrine of the Forsaken Gods
    Island

--: Infuse with the Elements

Pack 3 pick 3:
    Mire's Malice
    Brilliant Spectrum
    Demon's Grasp
    Skyline Cascade
    Ruin Processor
    Bone Splinters
    Stone Haven Medic
    Kozilek's Sentinel
--> Infuse with the Elements
    Malakir Familiar
    Vampiric Rites
    Defiant Bloodlord
    Island

--: Grove Rumbler

--: Grove Rumbler

Pack 3 pick 4:
    Oran-Rief Invoker
    Dispel
    Mind Raker
    Territorial Baloth
    Kitesail Scout
    Belligerent Whiptail
    Ondu Champion
    Benthic Infiltrator
    Vestige of Emrakul
    Plated Crusher
--> Grove Rumbler
    Plains

--: Valakut Invoker

Pack 3 pick 5:
    Oracle of Dust
    Voracious Null
    Reclaiming Vines
    Mist Intruder
    Inspired Charge
    Volcanic Upheaval
--> Valakut Invoker
    Benthic Infiltrator
    Bloodbond Vampire
    Ugin's Insight
    Forest

--: Kozilek's Channeler

Pack 3 pick 6:
    Plummet
    Salvage Drone
    Kalastria Healer
    Sure Strike
--> Kozilek's Channeler
    Vestige of Emrakul
    Courier Griffin
    Blighted Fen
    Ulamog's Despoiler
    Island

--: Kozilek's Channeler

Pack 3 pick 7:
    Blisterpod
    Anticipate
    Sludge Crawler
    Earthen Arms
    Goblin War Paint
--> Kozilek's Channeler
    Ulamog's Nullifier
    Retreat to Hagra
    Swamp

--: Blighted Gorge

Pack 3 pick 8:
    Swarm Surge
    Tajuru Stalwart
    Incubator Drone
    Fortified Rampart
    Belligerent Whiptail
    Horribly Awry
--> Blighted Gorge
    Island

--: Blisterpod

Pack 3 pick 9:
--> Blisterpod
    Oracle of Dust
    Voracious Null
    Mortuary Mire
    Natural Connection
    Reckless Cohort
    Island

--: Skyrider Elf

Pack 3 pick 10:
    Eldrazi Devastator
    Wave-Wing Elemental
    Geyserfield Stalker
    Lavastep Raider
--> Skyrider Elf
    Island

--: Demon's Grasp

Pack 3 pick 11:
    Brilliant Spectrum
--> Demon's Grasp
    Skyline Cascade
    Vampiric Rites
    Island

--: Belligerent Whiptail

Pack 3 pick 12:
    Dispel
--> Belligerent Whiptail
    Plated Crusher
    Plains

--: Volcanic Upheaval

Pack 3 pick 13:
    Inspired Charge
--> Volcanic Upheaval
    Forest

--: Salvage Drone

Pack 3 pick 14:
--> Salvage Drone
    Island

--: Swamp

Pack 3 pick 15:
--> Swamp

