Event #: 9411284
Time:    2/18/2016 10:02:04 PM
Players:
    KeithCapstick
    ActiveResistance
    nodnol
    anarkist
--> HuaxingMachine
    Prettio
    dnelson808
    zouzouta

--: Immolating Glare

--: Immolating Glare

------ OGW ------ 

Pack 1 pick 1:
    Vampire Envoy
    Reality Hemorrhage
    Unknown Shores
    Sweep Away
    Bone Saw
    Unnatural Endurance
    Pulse of Murasa
    Umara Entangler
    Akoum Flameseeker
    Ondu War Cleric
--> Immolating Glare
    Malakir Soothsayer
    Flayer Drone
    Captain's Claws
    Forest

--: Devour in Flames

--: Devour in Flames

Pack 1 pick 2:
    Reality Hemorrhage
    Wastes
    Gravity Negator
    Bone Saw
    Scion Summoner
    Untamed Hunger
    Vines of the Recluse
    Maw of Kozilek
    Dazzling Reflection
    Umara Entangler
    Tranquil Expanse
--> Devour in Flames
    Ruin in Their Wake
    Swamp

--: Relief Captain

--: Relief Captain

Pack 1 pick 3:
    Spawnbinder Mage
    Vampire Envoy
    Reality Hemorrhage
    Unknown Shores
    Sweep Away
    Zulaport Chainmage
    Natural State
    Kor Scythemaster
    Negate
    Sparkmage's Gambit
--> Relief Captain
    Press into Service
    Mountain

--: Zada's Commando

--: Zada's Commando

Pack 1 pick 4:
    Spawnbinder Mage
--> Zada's Commando
    Wastes
    Unnatural Endurance
    Vines of the Recluse
    Zulaport Chainmage
    Dazzling Reflection
    Slip Through Space
    Brute Strength
    Embodiment of Insight
    Warping Wail
    Swamp

--: Goblin Freerunner

--: Goblin Freerunner

Pack 1 pick 5:
    Tajuru Pathwarden
--> Goblin Freerunner
    Wastes
    Untamed Hunger
    Vines of the Recluse
    Brute Strength
    Affa Protector
    Reaver Drone
    Submerged Boneyard
    Tears of Valakut
    Plains

--: Stalking Drone

--: Stalking Drone

Pack 1 pick 6:
    Containment Membrane
    Tar Snare
--> Stalking Drone
    Zulaport Chainmage
    Elemental Uprising
    Sky Scourer
    Expedite
    Ancient Crab
    Null Caller
    Forest

--: Expedition Raptor

--: Expedition Raptor

Pack 1 pick 7:
    Sweep Away
    Seer's Lantern
    Tajuru Pathwarden
--> Expedition Raptor
    Sky Scourer
    Loam Larva
    Expedite
    Abstruse Interference
    Plains

--: Searing Light

--: Searing Light

Pack 1 pick 8:
    Bone Saw
    Natural State
    Loam Larva
    Consuming Sinkhole
--> Searing Light
    Negate
    Hedron Alignment
    Mountain

--: Akoum Flameseeker

--: Akoum Flameseeker

Pack 1 pick 9:
    Sweep Away
    Bone Saw
    Unnatural Endurance
    Pulse of Murasa
    Umara Entangler
--> Akoum Flameseeker
    Forest

--: Bone Saw

Pack 1 pick 10:
--> Bone Saw
    Untamed Hunger
    Vines of the Recluse
    Dazzling Reflection
    Ruin in Their Wake
    Swamp

--: Spawnbinder Mage

--: Spawnbinder Mage

Pack 1 pick 11:
--> Spawnbinder Mage
    Natural State
    Negate
    Sparkmage's Gambit
    Mountain

--: Brute Strength

Pack 1 pick 12:
    Vines of the Recluse
    Dazzling Reflection
--> Brute Strength
    Swamp

--: Brute Strength

Pack 1 pick 13:
    Vines of the Recluse
--> Brute Strength
    Plains

Pack 1 pick 14:
--> Elemental Uprising
    Forest

Pack 1 pick 15:
--> Plains

------ OGW ------ 

Pack 2 pick 1:
    Crumbling Vestige
    Containment Membrane
    Hedron Crawler
    Tar Snare
    Stalking Drone
    Unnatural Endurance
    Pulse of Murasa
    Maw of Kozilek
    Shoulder to Shoulder
    Umara Entangler
    Reaver Drone
    Submerged Boneyard
    Visions of Brutality
--> Kalitas, Traitor of Ghet
    Forest

--: Kor Sky Climber

--: Kor Sky Climber

Pack 2 pick 2:
    Gravity Negator
    Warden of Geometries
    Stalking Drone
--> Kor Sky Climber
    Witness the End
    Canopy Gorger
    Kozilek's Translator
    Sparkmage's Gambit
    Kor Scythemaster
    Comparative Analysis
    Pyromancer's Assault
    Nissa's Judgment
    Unity of Purpose
    Island

Pack 2 pick 3:
--> Wastes
    Sweep Away
    Seer's Lantern
    Witness the End
    Netcaster Spider
    Kozilek's Shrieker
    Umara Entangler
    Consuming Sinkhole
    Meandering River
    Reflector Mage
    Bonds of Mortality
    Overwhelming Denial
    Forest

--: Cinder Hellion

--: Cinder Hellion

Pack 2 pick 4:
--> Cinder Hellion
    Unknown Shores
    Sweep Away
    Seer's Lantern
    Elemental Uprising
    Sky Scourer
    Expedite
    Ancient Crab
    Meandering River
    Flaying Tendrils
    Tears of Valakut
    Forest

--: Akoum Flameseeker

--: Akoum Flameseeker

Pack 2 pick 5:
    Warden of Geometries
    Tar Snare
    Witness the End
    Slaughter Drone
--> Akoum Flameseeker
    Negate
    Prophet of Distortion
    Iona's Blessing
    Havoc Sower
    Oath of Nissa
    Plains

--: Goblin Freerunner

--: Goblin Freerunner

Pack 2 pick 6:
    Hedron Crawler
    Stalking Drone
--> Goblin Freerunner
    Wastes
    Kozilek's Translator
    Elemental Uprising
    Mighty Leap
    Consuming Sinkhole
    Baloth Pup
    Forest

--: Kor Scythemaster

--: Kor Scythemaster

Pack 2 pick 7:
    Cinder Hellion
    Elemental Uprising
    Comparative Analysis
    Eldrazi Aggressor
--> Kor Scythemaster
    Pyromancer's Assault
    Void Shatter
    Mina and Denn, Wildborn
    Swamp

--: Zada's Commando

--: Zada's Commando

Pack 2 pick 8:
--> Zada's Commando
    Canopy Gorger
    Kozilek's Shrieker
    Lead by Example
    Sparkmage's Gambit
    Slip Through Space
    Harvester Troll
    Island

Pack 2 pick 9:
    Hedron Crawler
--> Tar Snare
    Unnatural Endurance
    Pulse of Murasa
    Umara Entangler
    Reaver Drone
    Forest

Pack 2 pick 10:
    Gravity Negator
    Stalking Drone
    Canopy Gorger
--> Pyromancer's Assault
    Unity of Purpose
    Island

Pack 2 pick 11:
--> Sweep Away
    Umara Entangler
    Consuming Sinkhole
    Bonds of Mortality
    Forest

--: Expedite

Pack 2 pick 12:
    Elemental Uprising
--> Expedite
    Ancient Crab
    Forest

Pack 2 pick 13:
    Negate
--> Iona's Blessing
    Plains

Pack 2 pick 14:
--> Consuming Sinkhole
    Forest

Pack 2 pick 15:
--> Swamp

--: Rolling Thunder

--: Rolling Thunder

------ BFZ ------ 

Pack 3 pick 1:
    Dispel
    Kalastria Nightwatch
    Earthen Arms
    Murk Strider
    Felidar Cub
    Boiling Earth
    Benthic Infiltrator
    Makindi Sliderunner
    Smite the Monstrous
    Kozilek's Channeler
--> Rolling Thunder
    Jaddi Offshoot
    Spawning Bed
    Veteran Warleader
    Forest

--: Ondu Champion

--: Ondu Champion

Pack 3 pick 2:
    Dispel
    Mind Raker
    Territorial Baloth
    Clutch of Currents
    Lithomancer's Focus
    Goblin War Paint
    Tandem Tactics
    Sure Strike
--> Ondu Champion
    Ghostly Sentinel
    Slab Hammer
    Plated Crusher
    Grove Rumbler
    Plains

--: Outnumber

--: Outnumber

Pack 3 pick 3:
    Clutch of Currents
    Culling Drone
    Giant Mantis
    Geyserfield Stalker
    Snapping Gnarlid
    Evolving Wilds
    Eldrazi Skyspawner
    Hedron Blade
    Tandem Tactics
--> Outnumber
    Retreat to Emeria
    Grove Rumbler
    Forest

--: Valakut Invoker

--: Valakut Invoker

Pack 3 pick 4:
    Plummet
    Salvage Drone
    Blisterpod
    Fortified Rampart
    Sheer Drop
    Hedron Blade
--> Valakut Invoker
    Courier Griffin
    Pathway Arrows
    Blighted Steppe
    Rot Shambler
    Forest

--: Cliffside Lookout

--: Expedition Envoy

--: Expedition Envoy

Pack 3 pick 5:
    Plummet
    Coralhelm Guide
    Mire's Malice
    Tajuru Stalwart
    Cliffside Lookout
    Goblin War Paint
    Valakut Invoker
    Shadow Glider
--> Expedition Envoy
    Encircling Fissure
    Forest

--: Blighted Steppe

--: Blighted Steppe

Pack 3 pick 6:
    Swell of Growth
    Dutiful Return
    Sanctum of Ugin
    Kozilek's Sentinel
    Benthic Infiltrator
    Vestige of Emrakul
    Retreat to Kazandu
--> Blighted Steppe
    Shambling Vent
    Plains

Pack 3 pick 7:
    Blisterpod
    Eyeless Watcher
    Mortuary Mire
    Natural Connection
--> Fortified Rampart
    Lavastep Raider
    Hagra Sharpshooter
    Bring to Light
    Island

--: Makindi Sliderunner

--: Makindi Sliderunner

Pack 3 pick 8:
    Reclaiming Vines
    Salvage Drone
    Fortified Rampart
--> Makindi Sliderunner
    Courier Griffin
    Infuse with the Elements
    Defiant Bloodlord
    Swamp

--: Makindi Sliderunner

--: Makindi Sliderunner

Pack 3 pick 9:
    Dispel
    Earthen Arms
    Felidar Cub
    Boiling Earth
--> Makindi Sliderunner
    Jaddi Offshoot
    Forest

Pack 3 pick 10:
    Dispel
    Territorial Baloth
    Goblin War Paint
--> Slab Hammer
    Plated Crusher
    Plains

--: Tandem Tactics

Pack 3 pick 11:
    Giant Mantis
    Snapping Gnarlid
    Hedron Blade
--> Tandem Tactics
    Forest

Pack 3 pick 12:
    Plummet
    Hedron Blade
--> Pathway Arrows
    Forest

Pack 3 pick 13:
--> Plummet
    Goblin War Paint
    Forest

Pack 3 pick 14:
--> Swell of Growth
    Plains

Pack 3 pick 15:
--> Island

