Event #: 9411384
Time:    2/18/2016 10:37:15 PM
Players:
--> HuaxingMachine
    dklfighter
    ludovico_8888
    bernardocssa
    mithras00
    hectichippo
    theholypiggy
    Griffim3

--: Relief Captain

--: Relief Captain

------ OGW ------ 

Pack 1 pick 1:
    Crumbling Vestige
    Gravity Negator
    Hedron Crawler
    Vampire Envoy
    Saddleback Lagac
    Corpse Churn
    Natural State
    Sparkmage's Gambit
    Kor Scythemaster
    Comparative Analysis
    Tranquil Expanse
--> Relief Captain
    Stoneforge Acolyte
    Oath of Gideon
    Plains

--: Boulder Salvo

--: Boulder Salvo

Pack 1 pick 2:
    Scion Summoner
--> Boulder Salvo
    Holdout Settlement
    Blinding Drone
    Sky Scourer
    Loam Larva
    Witness the End
    Consuming Sinkhole
    Searing Light
    Negate
    Meandering River
    Prophet of Distortion
    Bonds of Mortality
    Swamp

--: Maw of Kozilek

--: Maw of Kozilek

Pack 1 pick 3:
    Tar Snare
    Stalking Drone
    Cinder Hellion
    Wastes
    Loam Larva
    Witness the End
    Searing Light
    Negate
--> Maw of Kozilek
    Null Caller
    Bonds of Mortality
    Zendikar Resurgent
    Swamp

--: Seed Guardian

--: Seed Guardian

Pack 1 pick 4:
    Tajuru Pathwarden
    Expedition Raptor
    Containment Membrane
    Corpse Churn
    Natural State
    Kor Scythemaster
    Comparative Analysis
    Eldrazi Aggressor
--> Seed Guardian
    Void Shatter
    Baloth Null
    Plains

--: Stalking Drone

--: Stalking Drone

Pack 1 pick 5:
--> Stalking Drone
    Goblin Freerunner
    Wastes
    Natural State
    Witness the End
    Negate
    Sparkmage's Gambit
    Shoulder to Shoulder
    Walker of the Wastes
    Thought Harvester
    Plains

--: Akoum Flameseeker

--: Crumbling Vestige

--: Crumbling Vestige

Pack 1 pick 6:
--> Crumbling Vestige
    Containment Membrane
    Corpse Churn
    Natural State
    Mighty Leap
    Abstruse Interference
    Akoum Flameseeker
    Grip of the Roil
    Unity of Purpose
    Forest

--: Maw of Kozilek

--: Maw of Kozilek

Pack 1 pick 7:
    Cinder Hellion
    Holdout Settlement
    Witness the End
    Canopy Gorger
    Kozilek's Translator
    Ancient Crab
--> Maw of Kozilek
    Mighty Leap
    Mountain

--: Corrupted Crossroads

--: Corrupted Crossroads

Pack 1 pick 8:
    Kozilek's Pathfinder
    Untamed Hunger
    Pulse of Murasa
    Cultivator Drone
    Expedite
    Submerged Boneyard
--> Corrupted Crossroads
    Mountain

--: Crumbling Vestige

--: Sparkmage's Gambit

--: Sparkmage's Gambit

Pack 1 pick 9:
    Crumbling Vestige
    Corpse Churn
    Natural State
--> Sparkmage's Gambit
    Comparative Analysis
    Tranquil Expanse
    Plains

--: Loam Larva

Pack 1 pick 10:
    Sky Scourer
--> Loam Larva
    Consuming Sinkhole
    Negate
    Bonds of Mortality
    Swamp

Pack 1 pick 11:
    Witness the End
    Negate
    Bonds of Mortality
--> Zendikar Resurgent
    Swamp

Pack 1 pick 12:
    Corpse Churn
--> Natural State
    Comparative Analysis
    Plains

Pack 1 pick 13:
--> Natural State
    Negate
    Plains

Pack 1 pick 14:
    Abstruse Interference
--> Forest

Pack 1 pick 15:
--> Mountain

--: Chandra, Flamecaller

--: Chandra, Flamecaller

------ OGW ------ 

Pack 2 pick 1:
    Stalking Drone
    Goblin Freerunner
    Wastes
    Jwar Isle Avenger
    Warden of Geometries
    Pulse of Murasa
    Untamed Hunger
    Kor Scythemaster
    Comparative Analysis
    Eldrazi Aggressor
    Spatial Contortion
    Relief Captain
    Bonds of Mortality
--> Chandra, Flamecaller
    Island

--: Embodiment of Insight

--: Embodiment of Insight

Pack 2 pick 2:
    Expedition Raptor
    Reality Hemorrhage
    Crumbling Vestige
    Gravity Negator
    Slaughter Drone
    Loam Larva
    Unnatural Endurance
    Dazzling Reflection
    Slip Through Space
    Brute Strength
--> Embodiment of Insight
    Baloth Null
    Wandering Fumarole
    Plains

--: Baloth Pup

--: Munda's Vanguard

--: Munda's Vanguard

Pack 2 pick 3:
    Wastes
    Containment Membrane
    Bone Saw
    Vampire Envoy
    Elemental Uprising
    Sky Scourer
    Negate
    Sparkmage's Gambit
    Makindi Aeronaut
    Relief Captain
    Baloth Pup
--> Munda's Vanguard
    Island

--: Ondu War Cleric

--: Ondu War Cleric

Pack 2 pick 4:
    Warden of Geometries
    Tar Snare
    Reality Hemorrhage
    Wastes
    Untamed Hunger
    Pulse of Murasa
    Expedite
--> Ondu War Cleric
    Ancient Crab
    Roiling Waters
    Baloth Null
    Mountain

--: Eldrazi Aggressor

--: Cinder Hellion

--: Eldrazi Aggressor

--: Cinder Hellion

--: Eldrazi Aggressor

--: Eldrazi Aggressor

Pack 2 pick 5:
    Cinder Hellion
    Unknown Shores
    Sweep Away
    Seer's Lantern
    Kozilek's Translator
    Elemental Uprising
--> Eldrazi Aggressor
    Dazzling Reflection
    Slip Through Space
    Reflector Mage
    Island

--: Eldrazi Aggressor

--: Eldrazi Aggressor

Pack 2 pick 6:
    Unknown Shores
    Sweep Away
    Bone Saw
    Pulse of Murasa
    Zulaport Chainmage
    Comparative Analysis
--> Eldrazi Aggressor
    Tar Snare
    Gift of Tusks
    Plains

--: Maw of Kozilek

--: Maw of Kozilek

Pack 2 pick 7:
    Wastes
    Jwar Isle Avenger
    Canopy Gorger
    Kozilek's Translator
    Ancient Crab
--> Maw of Kozilek
    Ruin in Their Wake
    Joraga Auxiliary
    Mountain

--: Brute Strength

--: Brute Strength

Pack 2 pick 8:
    Warden of Geometries
    Mountain
--> Brute Strength
    Mighty Leap
    Submerged Boneyard
    Visions of Brutality
    Void Shatter
    Swamp

--: Eldrazi Aggressor

--: Eldrazi Aggressor

Pack 2 pick 9:
    Wastes
    Pulse of Murasa
    Untamed Hunger
    Comparative Analysis
--> Eldrazi Aggressor
    Bonds of Mortality
    Island

Pack 2 pick 10:
    Gravity Negator
    Loam Larva
    Unnatural Endurance
--> Dazzling Reflection
    Slip Through Space
    Plains

Pack 2 pick 11:
    Containment Membrane
--> Bone Saw
    Elemental Uprising
    Negate
    Island

--: Expedite

Pack 2 pick 12:
    Untamed Hunger
    Pulse of Murasa
--> Expedite
    Mountain

Pack 2 pick 13:
    Elemental Uprising
--> Dazzling Reflection
    Island

Pack 2 pick 14:
--> Pulse of Murasa
    Plains

Pack 2 pick 15:
--> Mountain

--: Outnumber

--: Outnumber

------ BFZ ------ 

Pack 3 pick 1:
    Mire's Malice
    Giant Mantis
    Sandstone Bridge
    Cloud Manta
    Scour from Existence
    Grave Birthing
    Broodhunter Wurm
    Spell Shrivel
    Cliffside Lookout
--> Outnumber
    Sylvan Scrying
    Drana's Emissary
    Firemantle Mage
    Noyan Dar, Roil Shaper
    Forest

--: Felidar Cub

--: Felidar Cub

Pack 3 pick 2:
    Roilmage's Trick
    Dutiful Return
    Swell of Growth
    Dispel
    Inspired Charge
    Reckless Cohort
--> Felidar Cub
    Boiling Earth
    Ghostly Sentinel
    Benthic Infiltrator
    Retreat to Valakut
    Deathless Behemoth
    Veteran Warleader
    Swamp

--: Blighted Gorge

--: Blighted Gorge

Pack 3 pick 3:
    Sludge Crawler
    Plummet
    Eyeless Watcher
    Eldrazi Devastator
    Wave-Wing Elemental
    Fertile Thicket
    Geyserfield Stalker
    Snapping Gnarlid
    Inspired Charge
    Boiling Earth
    Pathway Arrows
--> Blighted Gorge
    Forest

--: Valakut Predator

--: Sheer Drop

--: Valakut Predator

--: Valakut Predator

Pack 3 pick 4:
    Oran-Rief Invoker
    Brilliant Spectrum
    Nirkana Assassin
    Seek the Wilds
    Angelic Gift
    Lavastep Raider
    Lifespring Druid
--> Valakut Predator
    Sheer Drop
    Horribly Awry
    Jaddi Offshoot
    Plains

--: Stonefury

--: Stonefury

Pack 3 pick 5:
    Swamp
    Giant Mantis
    Anticipate
    Mind Raker
    Shatterskull Recruit
    Makindi Sliderunner
    Courier Griffin
    Smite the Monstrous
--> Stonefury
    Infuse with the Elements
    Mountain

--: Sandstone Bridge

--: Sandstone Bridge

Pack 3 pick 6:
    Kalastria Nightwatch
    Earthen Arms
--> Sandstone Bridge
    Cloud Manta
    Scour from Existence
    Grave Birthing
    Spell Shrivel
    Cryptic Cruiser
    Blighted Woodland
    Mountain

--: Makindi Sliderunner

--: Vile Aggregate

--: Vile Aggregate

Pack 3 pick 7:
    Earthen Arms
    Stone Haven Medic
    Breaker of Armies
    Ondu Greathorn
    Ondu Champion
    Makindi Sliderunner
--> Vile Aggregate
    Skitterskin
    Plains

--: Tandem Tactics

--: Tandem Tactics

Pack 3 pick 8:
    Coralhelm Guide
    Eyeless Watcher
    Wave-Wing Elemental
    Fertile Thicket
    Geyserfield Stalker
--> Tandem Tactics
    Dampening Pulse
    Swamp

Pack 3 pick 9:
    Giant Mantis
--> Cloud Manta
    Scour from Existence
    Grave Birthing
    Spell Shrivel
    Sylvan Scrying
    Forest

--: Retreat to Valakut

Pack 3 pick 10:
    Roilmage's Trick
    Swell of Growth
    Dispel
    Inspired Charge
--> Retreat to Valakut
    Swamp

--: Eldrazi Devastator

--: Eldrazi Devastator

Pack 3 pick 11:
--> Eldrazi Devastator
    Geyserfield Stalker
    Inspired Charge
    Pathway Arrows
    Forest

--: Lavastep Raider

--: Lavastep Raider

Pack 3 pick 12:
    Brilliant Spectrum
    Seek the Wilds
--> Lavastep Raider
    Plains

--: Makindi Sliderunner

Pack 3 pick 13:
    Mind Raker
--> Makindi Sliderunner
    Mountain

Pack 3 pick 14:
--> Spell Shrivel
    Mountain

Pack 3 pick 15:
--> Plains

