Event #: 9415356
Time:    2/19/2016 9:57:35 PM
Players:
    redryansox
    magicyomen
    ll2358xiii
    anarchy704
--> FinchleyCentral
    Crook666
    HINEKURE123
    andal

--: Munda's Vanguard

--: Munda's Vanguard

------ OGW ------ 

Pack 1 pick 1:
    Isolation Zone
    Scion Summoner
    Boulder Salvo
    Wastes
    Canopy Gorger
    Kozilek's Shrieker
    Mighty Leap
    Consuming Sinkhole
    Ondu War Cleric
    Cultivator Drone
    Cinder Barrens
    Cyclone Sire
    Visions of Brutality
--> Munda's Vanguard
    Plains

--: Devour in Flames

--: Devour in Flames

Pack 1 pick 2:
    Tar Snare
    Reality Hemorrhage
    Wastes
    Witness the End
    Netcaster Spider
    Slaughter Drone
    Comparative Analysis
    Eldrazi Aggressor
    Affa Protector
    Null Caller
--> Devour in Flames
    Iona's Blessing
    Oath of Nissa
    Forest

--: Press into Service

--: Spawnbinder Mage

--: Makindi Aeronaut

--: Makindi Aeronaut

Pack 1 pick 3:
    Sweep Away
    Seer's Lantern
    Spawnbinder Mage
    Lead by Example
    Untamed Hunger
    Vines of the Recluse
    Expedite
--> Makindi Aeronaut
    Abstruse Interference
    Chitinous Cloak
    Gift of Tusks
    Press into Service
    Island

--: Zada's Commando

--: Zada's Commando

Pack 1 pick 4:
--> Zada's Commando
    Crumbling Vestige
    Containment Membrane
    Hedron Crawler
    Saddleback Lagac
    Corpse Churn
    Ancient Crab
    Maw of Kozilek
    Hedron Alignment
    Grip of the Roil
    Unity of Purpose
    Island

--: Shoulder to Shoulder

--: Shoulder to Shoulder

Pack 1 pick 5:
    Crumbling Vestige
    Jwar Isle Avenger
    Hedron Crawler
    Zulaport Chainmage
    Corpse Churn
--> Shoulder to Shoulder
    Ancient Crab
    Maw of Kozilek
    Harvester Troll
    Stormchaser Mage
    Swamp

--: Affa Protector

--: Brute Strength

--: Brute Strength

Pack 1 pick 6:
    Cinder Hellion
    Gravity Negator
    Zulaport Chainmage
    Natural State
--> Brute Strength
    Affa Protector
    Strider Harness
    Stoneforge Acolyte
    Overwhelming Denial
    Swamp

--: Expedition Raptor

Pack 1 pick 7:
--> Expedition Raptor
    Crumbling Vestige
    Natural State
    Loam Larva
    Makindi Aeronaut
    Sparkmage's Gambit
    Roiling Waters
    Kazuul's Toll Collector
    Swamp

--: Tears of Valakut

--: Tears of Valakut

Pack 1 pick 8:
    Bone Saw
    Tar Snare
    Loam Larva
    Comparative Analysis
    Eldrazi Aggressor
--> Tears of Valakut
    Mindmelter
    Forest

--: Mighty Leap

--: Mighty Leap

Pack 1 pick 9:
    Wastes
    Canopy Gorger
--> Mighty Leap
    Consuming Sinkhole
    Cultivator Drone
    Cinder Barrens
    Plains

--: Iona's Blessing

Pack 1 pick 10:
    Wastes
    Witness the End
    Comparative Analysis
    Eldrazi Aggressor
--> Iona's Blessing
    Forest

--: Expedite

Pack 1 pick 11:
    Untamed Hunger
--> Expedite
    Abstruse Interference
    Gift of Tusks
    Island

--: Hedron Alignment

Pack 1 pick 12:
    Corpse Churn
--> Hedron Alignment
    Unity of Purpose
    Island

--: Ancient Crab

Pack 1 pick 13:
    Corpse Churn
--> Ancient Crab
    Swamp

--: Swamp

Pack 1 pick 14:
    Natural State
--> Swamp

--: Swamp

Pack 1 pick 15:
--> Swamp

--: Reality Hemorrhage

------ OGW ------ 

Pack 2 pick 1:
--> Reality Hemorrhage
    Unknown Shores
    Sweep Away
    Bone Saw
    Tajuru Pathwarden
    Witness the End
    Netcaster Spider
    Affa Protector
    Ancient Crab
    Expedite
    Spatial Contortion
    Gift of Tusks
    Mindmelter
    Drana's Chosen
    Mountain

--: Ondu War Cleric

--: Ondu War Cleric

Pack 2 pick 2:
    Cinder Hellion
    Unknown Shores
    Gravity Negator
    Warden of Geometries
    Canopy Gorger
    Sky Scourer
    Elemental Uprising
    Umara Entangler
    Akoum Flameseeker
--> Ondu War Cleric
    Submerged Boneyard
    Roiling Waters
    Dimensional Infiltrator
    Island

--: Holdout Settlement

Pack 2 pick 3:
--> Holdout Settlement
    Blinding Drone
    Kozilek's Pathfinder
    Netcaster Spider
    Witness the End
    Forest
    Brute Strength
    Mighty Leap
    Cultivator Drone
    Submerged Boneyard
    Tears of Valakut
    Flaying Tendrils
    Plains

--: Immolating Glare

--: Immolating Glare

Pack 2 pick 4:
    Unknown Shores
    Sweep Away
    Seer's Lantern
    Kor Sky Climber
    Saddleback Lagac
    Kozilek's Shrieker
    Maw of Kozilek
    Dazzling Reflection
    Umara Entangler
--> Immolating Glare
    Reaver Drone
    Forest

--: Warden of Geometries

--: Warden of Geometries

Pack 2 pick 5:
    Wastes
    Jwar Isle Avenger
--> Warden of Geometries
    Zulaport Chainmage
    Elemental Uprising
    Sky Scourer
    Sparkmage's Gambit
    Slip Through Space
    Walker of the Wastes
    Warping Wail
    Mountain

--: Weapons Trainer

--: Weapons Trainer

Pack 2 pick 6:
    Wastes
    Kozilek's Shrieker
    Netcaster Spider
    Dazzling Reflection
    Umara Entangler
    Brute Strength
    Tranquil Expanse
--> Weapons Trainer
    Unity of Purpose
    Forest

--: Kozilek's Pathfinder

Pack 2 pick 7:
    Corpse Churn
    Holdout Settlement
--> Kozilek's Pathfinder
    Canopy Gorger
    Elemental Uprising
    Umara Entangler
    Strider Harness
    Stoneforge Acolyte
    Island

--: Kor Sky Climber

--: Kor Sky Climber

Pack 2 pick 8:
    Scion Summoner
--> Kor Sky Climber
    Untamed Hunger
    Pulse of Murasa
    Negate
    Sparkmage's Gambit
    Make a Stand
    Plains

--: Affa Protector

Pack 2 pick 9:
    Sweep Away
    Bone Saw
--> Affa Protector
    Expedite
    Gift of Tusks
    Mindmelter
    Mountain

--: Akoum Flameseeker

Pack 2 pick 10:
    Gravity Negator
    Canopy Gorger
    Elemental Uprising
--> Akoum Flameseeker
    Submerged Boneyard
    Island

--: Brute Strength

Pack 2 pick 11:
    Witness the End
--> Brute Strength
    Submerged Boneyard
    Tears of Valakut
    Plains

--: Umara Entangler

Pack 2 pick 12:
    Dazzling Reflection
--> Umara Entangler
    Reaver Drone
    Forest

--: Sparkmage's Gambit

Pack 2 pick 13:
--> Sparkmage's Gambit
    Warping Wail
    Mountain

--: Umara Entangler

Pack 2 pick 14:
--> Umara Entangler
    Forest

--: Island

Pack 2 pick 15:
--> Island

--: Roil's Retribution

--: Roil's Retribution

------ BFZ ------ 

Pack 3 pick 1:
    Plummet
    Salvage Drone
    Kalastria Healer
    Eldrazi Skyspawner
    Ruin Processor
    Bone Splinters
    Broodhunter Wurm
    Mortuary Mire
    Kozilek's Sentinel
    Cliffside Lookout
    Ruination Guide
--> Roil's Retribution
    Void Attendant
    Kiora, Master of the Depths
    Forest

--: Vestige of Emrakul

--: Ghostly Sentinel

--: Ghostly Sentinel

Pack 3 pick 2:
    Salvage Drone
    Kalastria Healer
    Blisterpod
    Oracle of Dust
    Lavastep Raider
    Cliffside Lookout
    Vestige of Emrakul
--> Ghostly Sentinel
    Dominator Drone
    Valakut Predator
    Ulamog's Reclaimer
    Scythe Leopard
    Defiant Bloodlord
    Forest

--: Nettle Drone

--: Nettle Drone

Pack 3 pick 3:
    Kalastria Nightwatch
    Earthen Arms
    Murk Strider
    Fertile Thicket
    Geyserfield Stalker
    Evolving Wilds
--> Nettle Drone
    Fortified Rampart
    Molten Nursery
    Hagra Sharpshooter
    Expedition Envoy
    Sanctum of Ugin
    Mountain

--: Blighted Steppe

--: Looming Spires

Pack 3 pick 4:
    Seek the Wilds
    Coralhelm Guide
    Nirkana Assassin
    Eldrazi Devastator
    Demon's Grasp
--> Looming Spires
    Fertile Thicket
    Boiling Earth
    Lithomancer's Focus
    Bloodbond Vampire
    Blighted Steppe
    Island

--: Angelic Captain

--: Angelic Captain

Pack 3 pick 5:
    Tajuru Stalwart
    Incubator Drone
    Culling Drone
    Sure Strike
    Inspired Charge
    Reckless Cohort
    Sandstone Bridge
    Catacomb Sifter
    Dampening Pulse
--> Angelic Captain
    Forest

--: Sandstone Bridge

Pack 3 pick 6:
    Incubator Drone
    Culling Drone
    Hedron Blade
    Bone Splinters
--> Sandstone Bridge
    Cloud Manta
    Scour from Existence
    Goblin War Paint
    Transgress the Mind
    Island

--: Evolving Wilds

Pack 3 pick 7:
    Dispel
    Spell Shrivel
    Scour from Existence
    Tajuru Beastmaster
--> Evolving Wilds
    Fortified Rampart
    Infuse with the Elements
    Malakir Familiar
    Island

--: Looming Spires

Pack 3 pick 8:
    Blisterpod
    Oracle of Dust
--> Looming Spires
    Grave Birthing
    Eldrazi Devastator
    Wave-Wing Elemental
    Volcanic Upheaval
    Forest

--: Cliffside Lookout

Pack 3 pick 9:
    Plummet
    Salvage Drone
    Bone Splinters
    Mortuary Mire
--> Cliffside Lookout
    Void Attendant
    Forest

--: Vestige of Emrakul

Pack 3 pick 10:
    Salvage Drone
    Blisterpod
    Oracle of Dust
--> Vestige of Emrakul
    Scythe Leopard
    Forest

--: Fortified Rampart

Pack 3 pick 11:
    Earthen Arms
    Murk Strider
    Geyserfield Stalker
--> Fortified Rampart
    Mountain

--: Coralhelm Guide

Pack 3 pick 12:
    Seek the Wilds
--> Coralhelm Guide
    Nirkana Assassin
    Island

--: Inspired Charge

Pack 3 pick 13:
    Sure Strike
--> Inspired Charge
    Forest

--: Goblin War Paint

Pack 3 pick 14:
--> Goblin War Paint
    Island

--: Island

Pack 3 pick 15:
--> Island

