Event #: 9415177
Time:    2/19/2016 9:06:46 PM
Players:
    benderschweiz
    missinbones
    Jonathan_Roye
    TatDaddy
    87th
--> FinchleyCentral
    Crook666
    to-filotimo

--: Immolating Glare

--: Boulder Salvo

--: Boulder Salvo

------ OGW ------ 

Pack 1 pick 1:
    Scion Summoner
--> Boulder Salvo
    Wastes
    Sweep Away
    Zulaport Chainmage
    Natural State
    Witness the End
    Eldrazi Aggressor
    Affa Protector
    Mighty Leap
    Immolating Glare
    Essence Depleter
    Warping Wail
    Eldrazi Mimic
    Plains

--: Zada's Commando

--: Zada's Commando

Pack 1 pick 2:
    Seer's Lantern
    Tajuru Pathwarden
    Expedition Raptor
--> Zada's Commando
    Netcaster Spider
    Witness the End
    Canopy Gorger
    Akoum Flameseeker
    Ondu War Cleric
    Cultivator Drone
    Reckless Bushwhacker
    Press into Service
    Void Grafter
    Mountain

--: Boulder Salvo

--: Boulder Salvo

Pack 1 pick 3:
    Scion Summoner
--> Boulder Salvo
    Holdout Settlement
    Blinding Drone
    Unnatural Endurance
    Pulse of Murasa
    Zulaport Chainmage
    Shoulder to Shoulder
    Umara Entangler
    Akoum Flameseeker
    Timber Gorge
    Visions of Brutality
    Island

--: Sea Gate Wreckage

--: Jwar Isle Avenger

--: Jwar Isle Avenger

Pack 1 pick 4:
    Tar Snare
    Wastes
--> Jwar Isle Avenger
    Lead by Example
    Untamed Hunger
    Sparkmage's Gambit
    Kor Scythemaster
    Comparative Analysis
    Spatial Contortion
    Bonds of Mortality
    Sea Gate Wreckage
    Forest

--: Flayer Drone

--: Flayer Drone

Pack 1 pick 5:
    Seer's Lantern
    Spawnbinder Mage
    Netcaster Spider
    Kozilek's Shrieker
    Loam Larva
    Consuming Sinkhole
    Cultivator Drone
    Submerged Boneyard
    Baloth Pup
--> Flayer Drone
    Island

--: Sky Scourer

--: Sky Scourer

Pack 1 pick 6:
    Kor Sky Climber
    Corpse Churn
    Canopy Gorger
--> Sky Scourer
    Mighty Leap
    Abstruse Interference
    Akoum Flameseeker
    Grip of the Roil
    Oath of Gideon
    Forest

--: Blinding Drone

--: Kozilek's Shrieker

--: Kozilek's Shrieker

Pack 1 pick 7:
    Holdout Settlement
    Blinding Drone
    Kozilek's Pathfinder
    Canopy Gorger
--> Kozilek's Shrieker
    Affa Protector
    Makindi Aeronaut
    Abstruse Interference
    Mountain

--: Wastes

--: Wastes

Pack 1 pick 8:
--> Wastes
    Warden of Geometries
    Untamed Hunger
    Expedite
    Abstruse Interference
    Strider Harness
    Stoneforge Acolyte
    Swamp

--: Eldrazi Aggressor

Pack 1 pick 9:
    Natural State
    Witness the End
--> Eldrazi Aggressor
    Affa Protector
    Mighty Leap
    Warping Wail
    Plains

--: Akoum Flameseeker

--: Akoum Flameseeker

Pack 1 pick 10:
    Netcaster Spider
    Witness the End
    Canopy Gorger
--> Akoum Flameseeker
    Void Grafter
    Mountain

--: Visions of Brutality

--: Visions of Brutality

Pack 1 pick 11:
    Zulaport Chainmage
    Umara Entangler
    Timber Gorge
--> Visions of Brutality
    Island

--: Untamed Hunger

Pack 1 pick 12:
--> Untamed Hunger
    Comparative Analysis
    Bonds of Mortality
    Forest

--: Consuming Sinkhole

Pack 1 pick 13:
    Loam Larva
--> Consuming Sinkhole
    Island

--: Mighty Leap

Pack 1 pick 14:
--> Mighty Leap
    Forest

--: Mountain

Pack 1 pick 15:
--> Mountain

--: Eldrazi Displacer

--: Oblivion Strike

--: Oblivion Strike

------ OGW ------ 

Pack 2 pick 1:
    Kozilek's Pathfinder
    Spawnbinder Mage
--> Oblivion Strike
    Goblin Freerunner
    Elemental Uprising
    Sky Scourer
    Saddleback Lagac
    Ondu War Cleric
    Cultivator Drone
    Brute Strength
    Prophet of Distortion
    Chitinous Cloak
    Ruin in Their Wake
    Eldrazi Displacer
    Swamp

--: Zada's Commando

--: Zada's Commando

Pack 2 pick 2:
    Expedition Raptor
--> Zada's Commando
    Crumbling Vestige
    Jwar Isle Avenger
    Canopy Gorger
    Kozilek's Translator
    Lead by Example
    Searing Light
    Comparative Analysis
    Eldrazi Aggressor
    Seed Guardian
    Tranquil Expanse
    Weapons Trainer
    Forest

--: Unknown Shores

--: Unknown Shores

Pack 2 pick 3:
    Warden of Geometries
    Spawnbinder Mage
    Vampire Envoy
--> Unknown Shores
    Zulaport Chainmage
    Elemental Uprising
    Consuming Sinkhole
    Searing Light
    Negate
    Iona's Blessing
    Visions of Brutality
    Oath of Jace
    Island

--: Goblin Freerunner

--: Goblin Freerunner

Pack 2 pick 4:
--> Goblin Freerunner
    Wastes
    Sweep Away
    Vines of the Recluse
    Unnatural Endurance
    Pulse of Murasa
    Eldrazi Aggressor
    Dazzling Reflection
    Slip Through Space
    Relief Captain
    Null Caller
    Plains

--: Goblin Freerunner

Pack 2 pick 5:
--> Goblin Freerunner
    Wastes
    Containment Membrane
    Seer's Lantern
    Kor Sky Climber
    Corpse Churn
    Natural State
    Searing Light
    Comparative Analysis
    Eldrazi Aggressor
    Plains

--: Brute Strength

Pack 2 pick 6:
    Holdout Settlement
    Kozilek's Pathfinder
    Elemental Uprising
    Warden of Geometries
--> Brute Strength
    Mighty Leap
    Cultivator Drone
    Timber Gorge
    Ruin in Their Wake
    Island

--: Unnatural Endurance

Pack 2 pick 7:
    Kozilek's Pathfinder
    Kor Sky Climber
    Untamed Hunger
    Pulse of Murasa
--> Unnatural Endurance
    Expedite
    Abstruse Interference
    Joraga Auxiliary
    Plains

--: Unnatural Endurance

Pack 2 pick 8:
    Bone Saw
    Tajuru Pathwarden
    Vines of the Recluse
--> Unnatural Endurance
    Pulse of Murasa
    Comparative Analysis
    Chitinous Cloak
    Island

--: Kozilek's Pathfinder

Pack 2 pick 9:
--> Kozilek's Pathfinder
    Spawnbinder Mage
    Elemental Uprising
    Cultivator Drone
    Chitinous Cloak
    Ruin in Their Wake
    Swamp

--: Eldrazi Aggressor

Pack 2 pick 10:
    Canopy Gorger
    Searing Light
    Comparative Analysis
--> Eldrazi Aggressor
    Tranquil Expanse
    Forest

--: Searing Light

Pack 2 pick 11:
    Consuming Sinkhole
--> Searing Light
    Iona's Blessing
    Oath of Jace
    Island

--: Eldrazi Aggressor

Pack 2 pick 12:
    Pulse of Murasa
--> Eldrazi Aggressor
    Dazzling Reflection
    Plains

--: Comparative Analysis

Pack 2 pick 13:
    Natural State
--> Comparative Analysis
    Plains

--: Elemental Uprising

Pack 2 pick 14:
--> Elemental Uprising
    Island

--: Plains

Pack 2 pick 15:
--> Plains

--: Demon's Grasp

--: Demon's Grasp

------ BFZ ------ 

Pack 3 pick 1:
    Mind Raker
    Territorial Baloth
    Roilmage's Trick
    Mortuary Mire
    Natural Connection
    Tightening Coils
    Eldrazi Devastator
--> Demon's Grasp
    Stone Haven Medic
    Shatterskull Recruit
    Herald of Kozilek
    Tunneling Geopede
    Roil Spout
    Brood Butcher
    Mountain

--: Complete Disregard

--: Complete Disregard

Pack 3 pick 2:
    Altar's Reap
    Plummet
    Looming Spires
    Fertile Thicket
    Snapping Gnarlid
    Spell Shrivel
--> Complete Disregard
    Scour from Existence
    Cliffside Lookout
    Goblin War Paint
    Halimar Tidecaller
    Roil Spout
    Prairie Stream
    Plains

--: Makindi Sliderunner

--: Makindi Sliderunner

Pack 3 pick 3:
    Salvage Drone
    Kalastria Healer
    Blisterpod
    Oracle of Dust
    Fortified Rampart
    Lavastep Raider
    Benthic Infiltrator
--> Makindi Sliderunner
    Gruesome Slaughter
    Molten Nursery
    Coastal Discovery
    Brutal Expulsion
    Mountain

--: Looming Spires

--: Looming Spires

Pack 3 pick 4:
    Coralhelm Guide
    Nirkana Assassin
--> Looming Spires
    Fertile Thicket
    Snapping Gnarlid
    Spell Shrivel
    Scour from Existence
    Volcanic Upheaval
    Angelic Gift
    Retreat to Hagra
    Prism Array
    Plains

--: Swarm Surge

--: Swarm Surge

Pack 3 pick 5:
    Call the Scions
    Roilmage's Trick
--> Swarm Surge
    Tajuru Beastmaster
    Wave-Wing Elemental
    Silent Skimmer
    Rush of Ice
    Reclaiming Vines
    Unified Front
    Halimar Tidecaller
    Island

--: Boiling Earth

Pack 3 pick 6:
    Mist Intruder
    Cloud Manta
    Scour from Existence
    Grave Birthing
    Broodhunter Wurm
    Spell Shrivel
--> Boiling Earth
    Lithomancer's Focus
    Crumble to Dust
    Island

--: Bloodbond Vampire

Pack 3 pick 7:
    Dutiful Return
    Swell of Growth
    Skyline Cascade
    Rush of Ice
    Felidar Cub
--> Bloodbond Vampire
    Dampening Pulse
    Bring to Light
    Forest

--: Tajuru Beastmaster

--: Tajuru Beastmaster

Pack 3 pick 8:
    Blisterpod
    Geyserfield Stalker
    Sandstone Bridge
--> Tajuru Beastmaster
    Boiling Earth
    Scythe Leopard
    Jaddi Offshoot
    Forest

--: Mind Raker

Pack 3 pick 9:
--> Mind Raker
    Territorial Baloth
    Roilmage's Trick
    Natural Connection
    Stone Haven Medic
    Shatterskull Recruit
    Mountain

--: Looming Spires

Pack 3 pick 10:
    Altar's Reap
--> Looming Spires
    Spell Shrivel
    Scour from Existence
    Halimar Tidecaller
    Plains

--: Fortified Rampart

Pack 3 pick 11:
    Salvage Drone
    Oracle of Dust
--> Fortified Rampart
    Lavastep Raider
    Mountain

--: Retreat to Hagra

Pack 3 pick 12:
    Volcanic Upheaval
--> Retreat to Hagra
    Prism Array
    Plains

--: Unified Front

--: Roilmage's Trick

Pack 3 pick 13:
--> Roilmage's Trick
    Unified Front
    Island

--: Crumble to Dust

Pack 3 pick 14:
--> Crumble to Dust
    Island

--: Forest

Pack 3 pick 15:
--> Forest

