Event #: 9415574
Time:    2/19/2016 11:00:58 PM
Players:
    Warren138
--> FinchleyCentral
    quarien
    Bizarro68
    minami1031
    ChadLeatherback
    BruntHammer
    Jonathan_Roye

--: Isolation Zone

--: Isolation Zone

------ OGW ------ 

Pack 1 pick 1:
    Jwar Isle Avenger
    Warden of Geometries
--> Isolation Zone
    Tar Snare
    Corpse Churn
    Canopy Gorger
    Sky Scourer
    Consuming Sinkhole
    Searing Light
    Negate
    Kazuul's Toll Collector
    Stormchaser Mage
    Tears of Valakut
    Wandering Fumarole
    Forest

--: Immolating Glare

--: Immolating Glare

Pack 1 pick 2:
    Hedron Crawler
    Tar Snare
    Cinder Hellion
    Kozilek's Translator
    Elemental Uprising
    Sky Scourer
    Mighty Leap
    Abstruse Interference
    Akoum Flameseeker
    Spatial Contortion
--> Immolating Glare
    Joraga Auxiliary
    Deceiver of Form
    Island

--: Kor Scythemaster

--: Kor Scythemaster

--: Kor Scythemaster

Pack 1 pick 3:
    Wastes
    Gravity Negator
    Bone Saw
    Scion Summoner
    Spawnbinder Mage
    Unnatural Endurance
    Pulse of Murasa
    Sparkmage's Gambit
--> Kor Scythemaster
    Comparative Analysis
    Pyromancer's Assault
    Unity of Purpose
    Island

--: Vampire Envoy

--: Vampire Envoy

Pack 1 pick 4:
    Containment Membrane
    Seer's Lantern
    Kor Sky Climber
--> Vampire Envoy
    Cinder Hellion
    Unnatural Endurance
    Pulse of Murasa
    Cultivator Drone
    Expedite
    Harvester Troll
    Iona's Blessing
    Plains

--: Blinding Drone

--: Reflector Mage

--: Blinding Drone

--: Blinding Drone

Pack 1 pick 5:
    Holdout Settlement
--> Blinding Drone
    Kozilek's Pathfinder
    Corpse Churn
    Natural State
    Slaughter Drone
    Expedite
    Ancient Crab
    Flaying Tendrils
    Reflector Mage
    Plains

--: Scion Summoner

--: Scion Summoner

Pack 1 pick 6:
--> Scion Summoner
    Holdout Settlement
    Corpse Churn
    Canopy Gorger
    Consuming Sinkhole
    Searing Light
    Negate
    Reaver Drone
    Void Grafter
    Mountain

--: Zada's Commando

--: Spawnbinder Mage

--: Spawnbinder Mage

Pack 1 pick 7:
    Seer's Lantern
--> Spawnbinder Mage
    Zada's Commando
    Elemental Uprising
    Zulaport Chainmage
    Natural State
    Maw of Kozilek
    Umara Entangler
    Plains

--: Tar Snare

--: Tar Snare

Pack 1 pick 8:
--> Tar Snare
    Untamed Hunger
    Pulse of Murasa
    Unnatural Endurance
    Negate
    Sparkmage's Gambit
    Bonds of Mortality
    Mountain

--: Warden of Geometries

Pack 1 pick 9:
--> Warden of Geometries
    Corpse Churn
    Canopy Gorger
    Consuming Sinkhole
    Negate
    Tears of Valakut
    Forest

--: Kozilek's Translator

--: Kozilek's Translator

Pack 1 pick 10:
    Hedron Crawler
--> Kozilek's Translator
    Elemental Uprising
    Abstruse Interference
    Akoum Flameseeker
    Island

--: Wastes

Pack 1 pick 11:
--> Wastes
    Sparkmage's Gambit
    Comparative Analysis
    Pyromancer's Assault
    Island

--: Pulse of Murasa

Pack 1 pick 12:
--> Pulse of Murasa
    Expedite
    Harvester Troll
    Plains

--: Corpse Churn

Pack 1 pick 13:
--> Corpse Churn
    Natural State
    Expedite

--: Corpse Churn

Pack 1 pick 14:
--> Corpse Churn
    Mountain

--: Plains

Pack 1 pick 15:
--> Plains

--: Reality Smasher

--: Reality Smasher

------ OGW ------ 

Pack 2 pick 1:
    Spawnbinder Mage
    Zada's Commando
    Wastes
    Jwar Isle Avenger
    Unnatural Endurance
    Pulse of Murasa
    Zulaport Chainmage
    Akoum Flameseeker
    Searing Light
    Negate
    Prophet of Distortion
    Reckless Bushwhacker
    Havoc Sower
--> Reality Smasher
    Plains

--: Ayli, Eternal Pilgrim

--: Ayli, Eternal Pilgrim

Pack 2 pick 2:
    Unknown Shores
    Gravity Negator
    Warden of Geometries
    Kozilek's Shrieker
    Lead by Example
    Untamed Hunger
    Affa Protector
    Mighty Leap
    Consuming Sinkhole
    Reckless Bushwhacker
    Havoc Sower
    Stormchaser Mage
--> Ayli, Eternal Pilgrim
    Forest

--: Malakir Soothsayer

--: Malakir Soothsayer

Pack 2 pick 3:
    Reality Hemorrhage
    Wastes
    Gravity Negator
    Bone Saw
    Witness the End
    Netcaster Spider
    Akoum Flameseeker
    Ondu War Cleric
    Make a Stand
    Flayer Drone
--> Malakir Soothsayer
    Needle Spires
    Island

--: Seer's Lantern

Pack 2 pick 4:
    Cinder Hellion
    Sweep Away
--> Seer's Lantern
    Untamed Hunger
    Vines of the Recluse
    Relentless Hunter
    Eldrazi Aggressor
    Dazzling Reflection
    Slip Through Space
    Walker of the Wastes
    Steppe Glider
    Swamp

--: Isolation Zone

--: Isolation Zone

Pack 2 pick 5:
--> Isolation Zone
    Goblin Freerunner
    Wastes
    Netcaster Spider
    Slaughter Drone
    Canopy Gorger
    Kor Scythemaster
    Comparative Analysis
    Cinder Barrens
    Mina and Denn, Wildborn
    Mountain

--: Malakir Soothsayer

Pack 2 pick 6:
    Cinder Hellion
    Spawnbinder Mage
    Corpse Churn
    Natural State
    Shoulder to Shoulder
    Ancient Crab
    Maw of Kozilek
--> Malakir Soothsayer
    Warping Wail
    Plains

--: Searing Light

Pack 2 pick 7:
    Cinder Hellion
    Sweep Away
    Lead by Example
    Untamed Hunger
    Expedite
--> Searing Light
    Comparative Analysis
    Void Shatter
    Mountain

--: Stoneforge Acolyte

Pack 2 pick 8:
    Wastes
    Sweep Away
    Witness the End
    Ancient Crab
    Expedite
    Tranquil Expanse
--> Stoneforge Acolyte
    Island

--: Unnatural Endurance

Pack 2 pick 9:
--> Unnatural Endurance
    Pulse of Murasa
    Akoum Flameseeker
    Searing Light
    Negate
    Reckless Bushwhacker
    Plains

--: Mighty Leap

--: Mighty Leap

Pack 2 pick 10:
    Warden of Geometries
    Untamed Hunger
--> Mighty Leap
    Consuming Sinkhole
    Reckless Bushwhacker
    Forest

--: Reality Hemorrhage

--: Akoum Flameseeker

--: Make a Stand

--: Make a Stand

--: Witness the End

Pack 2 pick 11:
    Reality Hemorrhage
--> Witness the End
    Akoum Flameseeker
    Make a Stand
    Island

--: Cinder Hellion

Pack 2 pick 12:
--> Cinder Hellion
    Untamed Hunger
    Dazzling Reflection
    Swamp

--: Canopy Gorger

Pack 2 pick 13:
--> Canopy Gorger
    Comparative Analysis
    Mountain

--: Corpse Churn

Pack 2 pick 14:
--> Corpse Churn
    Plains

--: Mountain

Pack 2 pick 15:
--> Mountain

--: Sheer Drop

--: Sheer Drop

------ BFZ ------ 

Pack 3 pick 1:
    Anticipate
    Mind Raker
    Territorial Baloth
    Roilmage's Trick
    Lithomancer's Focus
    Goblin War Paint
    Dominator Drone
    Valakut Predator
--> Sheer Drop
    Hedron Blade
    Roil's Retribution
    Jaddi Offshoot
    Carrier Thrall
    Akoum Hellkite
    Mountain

--: Carrier Thrall

--: Carrier Thrall

Pack 3 pick 2:
    Earthen Arms
    Murk Strider
    Sludge Crawler
    Plummet
    Kozilek's Sentinel
    Inspired Charge
    Touch of the Void
    Stonefury
    Smite the Monstrous
    Sylvan Scrying
--> Carrier Thrall
    Tunneling Geopede
    Drowner of Hope
    Forest

--: Evolving Wilds

--: Evolving Wilds

Pack 3 pick 3:
    Brilliant Spectrum
    Nirkana Assassin
    Scour from Existence
    Wave-Wing Elemental
--> Evolving Wilds
    Silent Skimmer
    Angelic Gift
    Lavastep Raider
    Retreat to Hagra
    Cryptic Cruiser
    Skyrider Elf
    Smoldering Marsh
    Swamp

--: Nirkana Assassin

Pack 3 pick 4:
    Seek the Wilds
    Coralhelm Guide
--> Nirkana Assassin
    Eldrazi Skyspawner
    Hedron Blade
    Bone Splinters
    Tandem Tactics
    Shatterskull Recruit
    Crumble to Dust
    Adverse Conditions
    Resolute Blademaster
    Island

--: Fortified Rampart

--: Hagra Sharpshooter

--: Hagra Sharpshooter

Pack 3 pick 5:
    Murk Strider
    Voracious Null
    Oran-Rief Invoker
    Looming Spires
    Fertile Thicket
    Spell Shrivel
    Fortified Rampart
    Belligerent Whiptail
--> Hagra Sharpshooter
    Sylvan Scrying
    Plains

Pack 3 pick 6:
--> Brilliant Spectrum
    Altar's Reap
    Bone Splinters
    Broodhunter Wurm
    Mortuary Mire
    Looming Spires
    Outnumber
    Crumble to Dust
    Painful Truths
    Forest

--: Fortified Rampart

--: Fortified Rampart

Pack 3 pick 7:
    Salvage Drone
    Blisterpod
    Evolving Wilds
    Hedron Blade
    Bone Splinters
--> Fortified Rampart
    Lavastep Raider
    Catacomb Sifter
    Mountain

--: Sheer Drop

--: Sheer Drop

Pack 3 pick 8:
    Earthen Arms
    Sludge Crawler
    Plummet
    Lithomancer's Focus
--> Sheer Drop
    Earthen Arms
    Kor Bladewhirl
    Mountain

--: Carrier Thrall

--: Carrier Thrall

Pack 3 pick 9:
    Mind Raker
    Roilmage's Trick
    Goblin War Paint
    Hedron Blade
    Jaddi Offshoot
--> Carrier Thrall
    Mountain

--: Sludge Crawler

Pack 3 pick 10:
    Earthen Arms
--> Sludge Crawler
    Kozilek's Sentinel
    Inspired Charge
    Sylvan Scrying
    Forest

--: Scour from Existence

Pack 3 pick 11:
    Brilliant Spectrum
    Nirkana Assassin
--> Scour from Existence
    Angelic Gift
    Swamp

--: Tandem Tactics

Pack 3 pick 12:
    Hedron Blade
--> Tandem Tactics
    Shatterskull Recruit
    Island

--: Spell Shrivel

Pack 3 pick 13:
    Voracious Null
--> Spell Shrivel
    Sylvan Scrying

--: Mortuary Mire

Pack 3 pick 14:
--> Mortuary Mire
    Forest

Pack 3 pick 15:
--> Mountain

