Event #: 9425115
Time:    2/21/2016 9:51:26 PM
Players:
    KingWooz
    PeterBailey
--> HuaxingMachine
    octoraptor
    wolfgang67
    Erystys
    bingobanana
    LiamW

--: Relief Captain

--: Relief Captain

------ OGW ------ 

Pack 1 pick 1:
    Spawnbinder Mage
    Vampire Envoy
    Reality Hemorrhage
    Unknown Shores
    Sweep Away
    Lead by Example
    Untamed Hunger
    Brute Strength
    Mighty Leap
    Cultivator Drone
--> Relief Captain
    Stoneforge Acolyte
    Press into Service
    Dimensional Infiltrator
    Forest

--: Press into Service

--: Press into Service

Pack 1 pick 2:
    Containment Membrane
    Hedron Crawler
    Mountain
    Stalking Drone
    Goblin Freerunner
    Elemental Uprising
    Zulaport Chainmage
    Makindi Aeronaut
    Umara Entangler
    Consuming Sinkhole
    Timber Gorge
--> Press into Service
    Corrupted Crossroads
    Plains

--: Kor Sky Climber

--: Kor Sky Climber

Pack 1 pick 3:
    Containment Membrane
    Seer's Lantern
--> Kor Sky Climber
    Vampire Envoy
    Kozilek's Shrieker
    Netcaster Spider
    Witness the End
    Dazzling Reflection
    Slip Through Space
    Consuming Sinkhole
    Warping Wail
    Remorseless Punishment
    Mountain

--: Relief Captain

--: Relief Captain

Pack 1 pick 4:
    Seer's Lantern
    Spawnbinder Mage
    Zada's Commando
    Lead by Example
    Corpse Churn
    Umara Entangler
    Akoum Flameseeker
    Ondu War Cleric
    Spatial Contortion
--> Relief Captain
    Mindmelter
    Plains

--: Scion Summoner

--: Scion Summoner

Pack 1 pick 5:
    Hedron Crawler
    Vampire Envoy
--> Scion Summoner
    Natural State
    Witness the End
    Maw of Kozilek
    Mighty Leap
    Abstruse Interference
    Meandering River
    Flaying Tendrils
    Island

--: Nissa's Judgment

--: Nissa's Judgment

Pack 1 pick 6:
    Seer's Lantern
    Holdout Settlement
    Witness the End
    Netcaster Spider
    Negate
    Sparkmage's Gambit
    Shoulder to Shoulder
    Embodiment of Insight
--> Nissa's Judgment
    Mountain

--: Tranquil Expanse

--: Vines of the Recluse

--: Vines of the Recluse

Pack 1 pick 7:
    Wastes
    Gravity Negator
    Bone Saw
    Pulse of Murasa
    Unnatural Endurance
--> Vines of the Recluse
    Comparative Analysis
    Tranquil Expanse
    Forest

--: Crumbling Vestige

--: Crumbling Vestige

Pack 1 pick 8:
--> Crumbling Vestige
    Containment Membrane
    Tar Snare
    Elemental Uprising
    Negate
    Submerged Boneyard
    Void Shatter
    Island

--: Brute Strength

--: Stoneforge Acolyte

--: Stoneforge Acolyte

Pack 1 pick 9:
    Unknown Shores
    Sweep Away
    Untamed Hunger
    Brute Strength
--> Stoneforge Acolyte
    Press into Service
    Forest

--: Stalking Drone

Pack 1 pick 10:
    Mountain
--> Stalking Drone
    Elemental Uprising
    Umara Entangler
    Consuming Sinkhole
    Plains

Pack 1 pick 11:
    Witness the End
--> Dazzling Reflection
    Slip Through Space
    Consuming Sinkhole
    Mountain

--: Lead by Example

Pack 1 pick 12:
--> Lead by Example
    Corpse Churn
    Umara Entangler
    Plains

Pack 1 pick 13:
--> Natural State
    Abstruse Interference
    Island

Pack 1 pick 14:
    Negate
--> Mountain

Pack 1 pick 15:
--> Forest

--: Makindi Aeronaut

--: Makindi Aeronaut

------ OGW ------ 

Pack 2 pick 1:
    Tar Snare
    Cinder Hellion
    Unknown Shores
    Gravity Negator
    Pulse of Murasa
    Zulaport Chainmage
    Elemental Uprising
--> Makindi Aeronaut
    Abstruse Interference
    Sparkmage's Gambit
    Prophet of Distortion
    Bonds of Mortality
    Devour in Flames
    Overwhelming Denial
    Island

--: Seed Guardian

--: Seed Guardian

Pack 2 pick 2:
    Wastes
    Jwar Isle Avenger
    Warden of Geometries
    Tar Snare
    Lead by Example
    Untamed Hunger
    Slip Through Space
    Brute Strength
    Kor Scythemaster
--> Seed Guardian
    Flaying Tendrils
    Reflector Mage
    Mina and Denn, Wildborn
    Mountain

--: Netcaster Spider

--: Netcaster Spider

Pack 2 pick 3:
    Spawnbinder Mage
    Cinder Hellion
    Unknown Shores
    Sweep Away
    Seer's Lantern
--> Netcaster Spider
    Kozilek's Shrieker
    Akoum Flameseeker
    Dazzling Reflection
    Slip Through Space
    Tears of Valakut
    Weapons Trainer
    Swamp

--: Expedition Raptor

--: Expedition Raptor

Pack 2 pick 4:
--> Expedition Raptor
    Tar Snare
    Boulder Salvo
    Netcaster Spider
    Kozilek's Shrieker
    Consuming Sinkhole
    Ancient Crab
    Chitinous Cloak
    Pyromancer's Assault
    Flaying Tendrils
    Overwhelming Denial
    Swamp

--: Kor Sky Climber

--: Kor Sky Climber

Pack 2 pick 5:
    Goblin Freerunner
    Wastes
    Seer's Lantern
--> Kor Sky Climber
    Loam Larva
    Slaughter Drone
    Ancient Crab
    Maw of Kozilek
    Mighty Leap
    Walker of the Wastes
    Forest

--: Lead by Example

--: Lead by Example

Pack 2 pick 6:
    Reality Hemorrhage
    Corpse Churn
    Kozilek's Translator
--> Lead by Example
    Corpse Churn
    Consuming Sinkhole
    Negate
    Gift of Tusks
    Jori En, Ruin Diver
    Plains

Pack 2 pick 7:
    Wastes
    Bone Saw
    Sky Scourer
    Elemental Uprising
    Consuming Sinkhole
--> Make a Stand
    Ruin in Their Wake
    Jori En, Ruin Diver
    Plains

Pack 2 pick 8:
    Cinder Hellion
--> Bone Saw
    Corpse Churn
    Natural State
    Umara Entangler
    Akoum Flameseeker
    Ruin in Their Wake
    Plains

Pack 2 pick 9:
--> Pulse of Murasa
    Elemental Uprising
    Abstruse Interference
    Sparkmage's Gambit
    Bonds of Mortality
    Overwhelming Denial
    Island

Pack 2 pick 10:
    Wastes
--> Lead by Example
    Untamed Hunger
    Slip Through Space
    Brute Strength
    Mountain

Pack 2 pick 11:
    Dazzling Reflection
    Slip Through Space
--> Tears of Valakut
    Weapons Trainer
    Swamp

Pack 2 pick 12:
    Consuming Sinkhole
    Ancient Crab
--> Pyromancer's Assault
    Swamp

Pack 2 pick 13:
--> Wastes
    Maw of Kozilek
    Forest

Pack 2 pick 14:
--> Consuming Sinkhole
    Plains

Pack 2 pick 15:
--> Plains

--: Greenwarden of Murasa

--: Greenwarden of Murasa

------ BFZ ------ 

Pack 3 pick 1:
    Carrier Thrall
    Oracle of Dust
    Altar's Reap
    Plummet
    Shatterskull Recruit
    Felidar Cub
    Sheer Drop
    Hedron Blade
    Valakut Invoker
    Courier Griffin
    Roil Spout
    Bane of Bala Ged
    Akoum Stonewaker
--> Greenwarden of Murasa
    Mountain

--: Kor Entanglers

--: Kor Entanglers

Pack 3 pick 2:
    Altar's Reap
    Plummet
    Coralhelm Guide
    Mire's Malice
    Tandem Tactics
    Outnumber
    Kitesail Scout
    Shatterskull Recruit
    Makindi Sliderunner
    Smite the Monstrous
    Retreat to Coralhelm
    Blighted Fen
--> Kor Entanglers
    Forest

--: Stone Haven Medic

--: Stone Haven Medic

Pack 3 pick 3:
    Swarm Surge
    Call the Scions
    Murk Strider
    Voracious Null
    Belligerent Whiptail
--> Stone Haven Medic
    Vestige of Emrakul
    Dominator Drone
    Valakut Predator
    Ulamog's Reclaimer
    Slab Hammer
    Gruesome Slaughter
    Swamp

--: Snapping Gnarlid

--: Snapping Gnarlid

Pack 3 pick 4:
    Salvage Drone
    Kalastria Healer
    Fertile Thicket
--> Snapping Gnarlid
    Spell Shrivel
    Scour from Existence
    Tajuru Beastmaster
    Makindi Patrol
    Blighted Cataract
    Vampiric Rites
    Defiant Bloodlord
    Island

--: Gideon's Reproach

--: Gideon's Reproach

Pack 3 pick 5:
    Oracle of Dust
    Voracious Null
    Reclaiming Vines
    Mist Intruder
    Belligerent Whiptail
    Angelic Gift
--> Gideon's Reproach
    Lifespring Druid
    Sheer Drop
    Processor Assault
    Forest

--: Tajuru Beastmaster

--: Tajuru Beastmaster

Pack 3 pick 6:
    Dispel
    Mind Raker
    Territorial Baloth
--> Tajuru Beastmaster
    Skyline Cascade
    Sure Strike
    Inspired Charge
    Blighted Steppe
    Prairie Stream
    Island

Pack 3 pick 7:
    Roilmage's Trick
    Dutiful Return
--> Ruin Processor
    Skyline Cascade
    Eyeless Watcher
    Rush of Ice
    Mortuary Mire
    Herald of Kozilek
    Forest

--: Plated Crusher

--: Fertile Thicket

--: Fertile Thicket

Pack 3 pick 8:
    Earthen Arms
    Incubator Drone
    Wave-Wing Elemental
--> Fertile Thicket
    Geyserfield Stalker
    Titan's Presence
    Plated Crusher
    Swamp

--: Felidar Cub

--: Felidar Cub

Pack 3 pick 9:
    Oracle of Dust
    Altar's Reap
    Plummet
    Shatterskull Recruit
--> Felidar Cub
    Hedron Blade
    Mountain

Pack 3 pick 10:
    Altar's Reap
--> Plummet
    Mire's Malice
    Shatterskull Recruit
    Retreat to Coralhelm
    Forest

Pack 3 pick 11:
    Swarm Surge
    Voracious Null
--> Vestige of Emrakul
    Gruesome Slaughter
    Swamp

Pack 3 pick 12:
    Salvage Drone
--> Fertile Thicket
    Vampiric Rites
    Island

Pack 3 pick 13:
--> Belligerent Whiptail
    Processor Assault
    Forest

Pack 3 pick 14:
--> Dispel
    Island

Pack 3 pick 15:
--> Forest

