Event #: 9425229
Time:    2/21/2016 10:36:53 PM
Players:
    Riehu
    sheeps42
    mohairic666
    DrKatz
    goatfishing
    serajh
    Gonzo_J
--> HuaxingMachine

--: Gladehart Cavalry

--: Gladehart Cavalry

------ OGW ------ 

Pack 1 pick 1:
    Cinder Hellion
    Unknown Shores
    Sweep Away
    Seer's Lantern
    Kor Sky Climber
    Zulaport Chainmage
    Saddleback Lagac
    Kor Scythemaster
    Comparative Analysis
    Eldrazi Aggressor
    Reckless Bushwhacker
    Birthing Hulk
    Void Grafter
--> Gladehart Cavalry
    Forest

--: Tajuru Pathwarden

--: Tajuru Pathwarden

Pack 1 pick 2:
    Vampire Envoy
--> Tajuru Pathwarden
    Goblin Freerunner
    Holdout Settlement
    Lead by Example
    Untamed Hunger
    Pulse of Murasa
    Ancient Crab
    Affa Protector
    Makindi Aeronaut
    Reaver Drone
    Iona's Blessing
    Havoc Sower
    Island

--: Thought Harvester

--: Thought Harvester

Pack 1 pick 3:
    Crumbling Vestige
    Jwar Isle Avenger
    Hedron Crawler
    Natural State
    Slaughter Drone
    Loam Larva
    Kor Scythemaster
    Comparative Analysis
    Eldrazi Aggressor
    Strider Harness
--> Thought Harvester
    Void Grafter
    Mountain

--: Jwar Isle Avenger

--: Jwar Isle Avenger

Pack 1 pick 4:
--> Jwar Isle Avenger
    Tar Snare
    Pulse of Murasa
    Unnatural Endurance
    Vines of the Recluse
    Makindi Aeronaut
    Abstruse Interference
    Sparkmage's Gambit
    Chitinous Cloak
    Gift of Tusks
    Press into Service
    Mountain

--: Containment Membrane

--: Containment Membrane

Pack 1 pick 5:
    Crumbling Vestige
--> Containment Membrane
    Hedron Crawler
    Witness the End
    Canopy Gorger
    Mighty Leap
    Abstruse Interference
    Akoum Flameseeker
    Malakir Soothsayer
    Wall of Resurgence
    Island

--: Unknown Shores

--: Unknown Shores

Pack 1 pick 6:
--> Unknown Shores
    Bone Saw
    Lead by Example
    Untamed Hunger
    Expedite
    Searing Light
    Comparative Analysis
    Kazuul's Toll Collector
    Overwhelming Denial
    Mountain

--: Spawnbinder Mage

--: Lead by Example

--: Spawnbinder Mage

--: Lead by Example

--: Lead by Example

Pack 1 pick 7:
    Wastes
    Bone Saw
    Spawnbinder Mage
--> Lead by Example
    Untamed Hunger
    Ancient Crab
    Affa Protector
    Cinder Barrens
    Swamp

--: Stalking Drone

--: Stalking Drone

Pack 1 pick 8:
--> Stalking Drone
    Zulaport Chainmage
    Elemental Uprising
    Sparkmage's Gambit
    Makindi Aeronaut
    Umara Entangler
    Walker of the Wastes
    Plains

--: Saddleback Lagac

--: Saddleback Lagac

Pack 1 pick 9:
    Cinder Hellion
    Sweep Away
    Zulaport Chainmage
--> Saddleback Lagac
    Comparative Analysis
    Eldrazi Aggressor
    Forest

Pack 1 pick 10:
    Untamed Hunger
--> Pulse of Murasa
    Ancient Crab
    Reaver Drone
    Iona's Blessing
    Island

--: Loam Larva

--: Loam Larva

Pack 1 pick 11:
    Natural State
--> Loam Larva
    Comparative Analysis
    Strider Harness
    Mountain

Pack 1 pick 12:
--> Pulse of Murasa
    Abstruse Interference
    Sparkmage's Gambit
    Mountain

--: Canopy Gorger

Pack 1 pick 13:
--> Canopy Gorger
    Abstruse Interference
    Island

Pack 1 pick 14:
--> Bone Saw
    Mountain

Pack 1 pick 15:
--> Swamp

--: Thought-Knot Seer

--: Thought-Knot Seer

------ OGW ------ 

Pack 2 pick 1:
    Hedron Crawler
    Oblivion Strike
    Stalking Drone
    Goblin Freerunner
    Wastes
    Unnatural Endurance
    Vines of the Recluse
    Affa Protector
    Makindi Aeronaut
    Abstruse Interference
    Pyromancer's Assault
    Seed Guardian
    Unity of Purpose
--> Thought-Knot Seer
    Mountain

--: Ruins of Oran-Rief

--: Ruins of Oran-Rief

Pack 2 pick 2:
    Seer's Lantern
    Kor Sky Climber
    Vampire Envoy
    Cinder Hellion
    Loam Larva
    Unnatural Endurance
    Pulse of Murasa
    Comparative Analysis
    Eldrazi Aggressor
    Affa Protector
    Essence Depleter
    Baloth Pup
--> Ruins of Oran-Rief
    Plains

--: Scion Summoner

--: Scion Summoner

Pack 2 pick 3:
    Gravity Negator
    Hedron Crawler
    Vampire Envoy
--> Scion Summoner
    Lead by Example
    Untamed Hunger
    Pulse of Murasa
    Expedite
    Ondu War Cleric
    Ancient Crab
    Chitinous Cloak
    Weapons Trainer
    Swamp

--: Cultivator Drone

--: Cultivator Drone

Pack 2 pick 4:
    Spawnbinder Mage
    Cinder Hellion
    Unknown Shores
    Sweep Away
    Seer's Lantern
    Canopy Gorger
    Kozilek's Shrieker
    Akoum Flameseeker
--> Cultivator Drone
    Wall of Resurgence
    Flayer Drone
    Mountain

--: Warden of Geometries

--: Loam Larva

--: Warden of Geometries

--: Immolating Glare

--: Reaver Drone

--: Unknown Shores

--: Unknown Shores

Pack 2 pick 5:
    Cinder Hellion
--> Unknown Shores
    Warden of Geometries
    Sky Scourer
    Loam Larva
    Witness the End
    Searing Light
    Negate
    Immolating Glare
    Reaver Drone
    Island

--: Unity of Purpose

--: Warden of Geometries

--: Warden of Geometries

Pack 2 pick 6:
    Wastes
--> Warden of Geometries
    Loam Larva
    Negate
    Maw of Kozilek
    Shoulder to Shoulder
    Tranquil Expanse
    Weapons Trainer
    Unity of Purpose
    Plains

--: Unknown Shores

--: Unknown Shores

Pack 2 pick 7:
    Cinder Hellion
--> Unknown Shores
    Unnatural Endurance
    Pulse of Murasa
    Affa Protector
    Mighty Leap
    Consuming Sinkhole
    Stoneforge Acolyte
    Forest

--: Dread Defiler

--: Dread Defiler

Pack 2 pick 8:
    Natural State
    Witness the End
    Netcaster Spider
    Umara Entangler
    Brute Strength
    Bonds of Mortality
--> Dread Defiler
    Plains

--: Hedron Crawler

--: Hedron Crawler

Pack 2 pick 9:
--> Hedron Crawler
    Vines of the Recluse
    Affa Protector
    Makindi Aeronaut
    Abstruse Interference
    Unity of Purpose
    Mountain

Pack 2 pick 10:
    Kor Sky Climber
    Cinder Hellion
    Unnatural Endurance
--> Pulse of Murasa
    Affa Protector
    Plains

Pack 2 pick 11:
    Untamed Hunger
--> Pulse of Murasa
    Expedite
    Weapons Trainer
    Swamp

--: Canopy Gorger

Pack 2 pick 12:
    Cinder Hellion
--> Canopy Gorger
    Kozilek's Shrieker
    Mountain

--: Warden of Geometries

Pack 2 pick 13:
--> Warden of Geometries
    Sky Scourer
    Island

Pack 2 pick 14:
--> Weapons Trainer
    Plains

Pack 2 pick 15:
--> Forest

--: Dragonmaster Outcast

--: Dragonmaster Outcast

------ BFZ ------ 

Pack 3 pick 1:
    Blisterpod
    Oracle of Dust
    Snapping Gnarlid
    Spell Shrivel
    Complete Disregard
    Scour from Existence
    Tajuru Beastmaster
    Wave-Wing Elemental
    Angelic Gift
    Nettle Drone
    Ulamog's Nullifier
    Firemantle Mage
    Rising Miasma
--> Dragonmaster Outcast
    Mountain

--: Brood Monitor

--: Brood Monitor

Pack 3 pick 2:
    Roilmage's Trick
    Swarm Surge
    Geyserfield Stalker
    Cloud Manta
    Sandstone Bridge
    Tajuru Beastmaster
    Demon's Grasp
    Skyline Cascade
    Shatterskull Recruit
    Lithomancer's Focus
--> Brood Monitor
    Roil Spout
    Canopy Vista
    Forest

--: Broodhunter Wurm

--: Broodhunter Wurm

Pack 3 pick 3:
    Kalastria Healer
    Reclaiming Vines
    Salvage Drone
    Ruin Processor
    Bone Splinters
--> Broodhunter Wurm
    Mortuary Mire
    Fortified Rampart
    Belligerent Whiptail
    Transgress the Mind
    Retreat to Emeria
    Guul Draz Overseer
    Plains

--: Natural Connection

--: Natural Connection

Pack 3 pick 4:
    Mist Intruder
    Mire's Malice
    Skyline Cascade
    Rush of Ice
    Silent Skimmer
    Mortuary Mire
--> Natural Connection
    Angelic Gift
    Belligerent Whiptail
    Processor Assault
    Smoldering Marsh
    Forest

--: Lifespring Druid

--: Lumbering Falls

--: Lumbering Falls

Pack 3 pick 5:
    Kalastria Nightwatch
    Earthen Arms
    Murk Strider
    Sludge Crawler
    Makindi Patrol
    Kozilek's Sentinel
    Lifespring Druid
    Valakut Invoker
    Ondu Greathorn
--> Lumbering Falls
    Mountain

--: Eyeless Watcher

--: Call the Scions

--: Wave-Wing Elemental

--: Wave-Wing Elemental

Pack 3 pick 6:
    Call the Scions
    Looming Spires
    Grave Birthing
    Eyeless Watcher
    Eldrazi Devastator
--> Wave-Wing Elemental
    Angelic Gift
    Lavastep Raider
    Angelic Captain
    Plains

--: Call the Scions

--: Call the Scions

Pack 3 pick 7:
    Giant Mantis
    Brilliant Spectrum
    Altar's Reap
--> Call the Scions
    Stone Haven Medic
    Volcanic Upheaval
    Retreat to Coralhelm
    Blighted Woodland
    Forest

--: Unnatural Aggression

Pack 3 pick 8:
    Call the Scions
    Murk Strider
    Voracious Null
    Silent Skimmer
--> Unnatural Aggression
    Cliffside Lookout
    Volcanic Upheaval
    Swamp

--: Tajuru Beastmaster

--: Blisterpod

--: Blisterpod

Pack 3 pick 9:
--> Blisterpod
    Oracle of Dust
    Spell Shrivel
    Tajuru Beastmaster
    Angelic Gift
    Ulamog's Nullifier
    Mountain

--: Tajuru Beastmaster

Pack 3 pick 10:
    Roilmage's Trick
    Geyserfield Stalker
    Sandstone Bridge
--> Tajuru Beastmaster
    Skyline Cascade
    Forest

Pack 3 pick 11:
    Reclaiming Vines
    Salvage Drone
--> Mortuary Mire
    Belligerent Whiptail
    Plains

Pack 3 pick 12:
    Angelic Gift
--> Belligerent Whiptail
    Processor Assault
    Forest

Pack 3 pick 13:
    Earthen Arms
--> Murk Strider
    Mountain

Pack 3 pick 14:
--> Angelic Gift
    Plains

Pack 3 pick 15:
--> Forest

