Event #: 9426629
Time:    2/23/2016 2:27:26 AM
Players:
    amemorylost
    SkuuP
    tyobama
--> Carton
    Worldslayer
    Reign274
    scoot45
    ldw0425_cn

--: Wall of Resurgence

--: Wall of Resurgence

------ OGW ------ 

Pack 1 pick 1:
    Goblin Freerunner
    Holdout Settlement
    Blinding Drone
    Kozilek's Pathfinder
    Netcaster Spider
    Witness the End
    Canopy Gorger
    Slip Through Space
    Consuming Sinkhole
    Searing Light
    Submerged Boneyard
--> Wall of Resurgence
    Void Shatter
    Sea Gate Wreckage
    Island

--: Dread Defiler

--: Boulder Salvo

--: Boulder Salvo

Pack 1 pick 2:
--> Boulder Salvo
    Holdout Settlement
    Blinding Drone
    Kozilek's Pathfinder
    Elemental Uprising
    Sky Scourer
    Loam Larva
    Searing Light
    Negate
    Sparkmage's Gambit
    Tranquil Expanse
    Reflector Mage
    Dread Defiler
    Forest

--: Eldrazi Obligator

--: Eldrazi Obligator

Pack 1 pick 3:
    Zada's Commando
    Crumbling Vestige
    Containment Membrane
    Hedron Crawler
    Saddleback Lagac
    Corpse Churn
    Eldrazi Aggressor
    Kor Scythemaster
    Negate
    Joraga Auxiliary
    Immobilizer Eldrazi
--> Eldrazi Obligator
    Plains

--: Goblin Freerunner

--: Holdout Settlement

--: Holdout Settlement

Pack 1 pick 4:
    Vampire Envoy
    Tajuru Pathwarden
    Goblin Freerunner
--> Holdout Settlement
    Unnatural Endurance
    Vines of the Recluse
    Zulaport Chainmage
    Mighty Leap
    Consuming Sinkhole
    Make a Stand
    Relentless Hunter
    Plains

--: Tears of Valakut

--: Affa Protector

--: Makindi Aeronaut

--: Makindi Aeronaut

Pack 1 pick 5:
    Containment Membrane
    Bone Saw
    Tajuru Pathwarden
    Unnatural Endurance
    Pulse of Murasa
    Ancient Crab
    Affa Protector
--> Makindi Aeronaut
    Kazuul's Toll Collector
    Tears of Valakut
    Mountain

--: Maw of Kozilek

--: Maw of Kozilek

Pack 1 pick 6:
    Reality Hemorrhage
    Crumbling Vestige
    Gravity Negator
    Lead by Example
    Corpse Churn
--> Maw of Kozilek
    Umara Entangler
    Meandering River
    Bonds of Mortality
    Island

--: Maw of Kozilek

--: Maw of Kozilek

Pack 1 pick 7:
    Sweep Away
    Bone Saw
    Tajuru Pathwarden
    Lead by Example
    Negate
--> Maw of Kozilek
    Prophet of Distortion
    Strider Harness
    Swamp

--: Eldrazi Aggressor

--: Kozilek's Shrieker

--: Eldrazi Aggressor

--: Warden of Geometries

--: Warden of Geometries

Pack 1 pick 8:
--> Warden of Geometries
    Sky Scourer
    Kozilek's Shrieker
    Comparative Analysis
    Eldrazi Aggressor
    Dazzling Reflection
    Make a Stand
    Plains

--: Searing Light

--: Searing Light

Pack 1 pick 9:
    Witness the End
    Canopy Gorger
    Slip Through Space
    Consuming Sinkhole
--> Searing Light
    Submerged Boneyard
    Island

--: Sky Scourer

--: Sparkmage's Gambit

--: Sky Scourer

--: Sparkmage's Gambit

--: Sparkmage's Gambit

Pack 1 pick 10:
    Elemental Uprising
    Sky Scourer
    Loam Larva
    Negate
--> Sparkmage's Gambit
    Forest

--: Eldrazi Aggressor

Pack 1 pick 11:
    Containment Membrane
    Corpse Churn
--> Eldrazi Aggressor
    Negate
    Plains

--: Make a Stand

Pack 1 pick 12:
    Unnatural Endurance
    Consuming Sinkhole
--> Make a Stand
    Plains

--: Affa Protector

--: Affa Protector

Pack 1 pick 13:
    Pulse of Murasa
--> Affa Protector
    Mountain

--: Bonds of Mortality

Pack 1 pick 14:
--> Bonds of Mortality
    Island

--: Swamp

Pack 1 pick 15:
--> Swamp

--: Allied Reinforcements

--: Reality Hemorrhage

--: Allied Reinforcements

--: Reality Hemorrhage

--: Reality Hemorrhage

------ OGW ------ 

Pack 2 pick 1:
    Jwar Isle Avenger
    Warden of Geometries
    Spawnbinder Mage
    Vampire Envoy
--> Reality Hemorrhage
    Canopy Gorger
    Kozilek's Shrieker
    Brute Strength
    Mighty Leap
    Cultivator Drone
    Allied Reinforcements
    Steppe Glider
    Void Grafter
    Bearer of Silence
    Plains

--: Boulder Salvo

--: Stone Haven Outfitter

--: Boulder Salvo

--: Boulder Salvo

Pack 2 pick 2:
--> Boulder Salvo
    Wastes
    Sweep Away
    Seer's Lantern
    Netcaster Spider
    Slaughter Drone
    Maw of Kozilek
    Dazzling Reflection
    Umara Entangler
    Seed Guardian
    Walker of the Wastes
    Thought Harvester
    Stone Haven Outfitter
    Forest

--: Cinder Hellion

--: Cinder Hellion

Pack 2 pick 3:
    Gravity Negator
    Bone Saw
    Scion Summoner
    Spawnbinder Mage
--> Cinder Hellion
    Unnatural Endurance
    Vines of the Recluse
    Affa Protector
    Mighty Leap
    Consuming Sinkhole
    Timber Gorge
    Unity of Purpose
    Island

--: Makindi Aeronaut

--: Makindi Aeronaut

Pack 2 pick 4:
    Sweep Away
    Bone Saw
    Tajuru Pathwarden
    Unnatural Endurance
    Pulse of Murasa
    Affa Protector
--> Makindi Aeronaut
    Abstruse Interference
    Roiling Waters
    Void Shatter
    Baloth Null
    Swamp

--: Expedition Raptor

Pack 2 pick 5:
--> Expedition Raptor
    Crumbling Vestige
    Containment Membrane
    Saddleback Lagac
    Corpse Churn
    Expedite
    Meandering River
    Flaying Tendrils
    Tears of Valakut
    Remorseless Punishment
    Island

--: Boulder Salvo

--: Boulder Salvo

--: Holdout Settlement

--: Boulder Salvo

--: Boulder Salvo

Pack 2 pick 6:
--> Boulder Salvo
    Holdout Settlement
    Tajuru Pathwarden
    Untamed Hunger
    Pulse of Murasa
    Mountain
    Eldrazi Aggressor
    Affa Protector
    Ruin in Their Wake
    Forest

--: Akoum Flameseeker

--: Goblin Freerunner

--: Goblin Freerunner

Pack 2 pick 7:
--> Goblin Freerunner
    Wastes
    Warden of Geometries
    Witness the End
    Netcaster Spider
    Abstruse Interference
    Akoum Flameseeker
    Harvester Troll
    Mountain

--: Boulder Salvo

--: Boulder Salvo

Pack 2 pick 8:
--> Boulder Salvo
    Untamed Hunger
    Vines of the Recluse
    Kozilek's Translator
    Expedite
    Comparative Analysis
    Warping Wail
    Forest

--: Warden of Geometries

--: Warden of Geometries

--: Warden of Geometries

Pack 2 pick 9:
    Jwar Isle Avenger
--> Warden of Geometries
    Canopy Gorger
    Kozilek's Shrieker
    Brute Strength
    Mighty Leap
    Plains

--: Wastes

Pack 2 pick 10:
--> Wastes
    Sweep Away
    Netcaster Spider
    Dazzling Reflection
    Umara Entangler
    Forest

--: Affa Protector

--: Affa Protector

Pack 2 pick 11:
    Bone Saw
    Vines of the Recluse
--> Affa Protector
    Consuming Sinkhole
    Island

--: Affa Protector

--: Affa Protector

Pack 2 pick 12:
    Pulse of Murasa
--> Affa Protector
    Abstruse Interference
    Swamp

--: Expedite

Pack 2 pick 13:
    Corpse Churn
--> Expedite
    Island

--: Pulse of Murasa

Pack 2 pick 14:
--> Pulse of Murasa
    Forest

--: Mountain

Pack 2 pick 15:
--> Mountain

--: Akoum Hellkite

--: Akoum Hellkite

--: Akoum Hellkite

------ BFZ ------ 

Pack 3 pick 1:
    Clutch of Currents
    Kalastria Nightwatch
    Swell of Growth
    Bone Splinters
    Unnatural Aggression
    Sandstone Bridge
    Cloud Manta
    Scour from Existence
    Boiling Earth
    Makindi Patrol
    Roil Spout
    Bane of Bala Ged
    Angel of Renewal
--> Akoum Hellkite
    Forest

--: Ondu Rising

--: Prairie Stream

--: Prairie Stream

Pack 3 pick 2:
    Dispel
    Mind Raker
    Territorial Baloth
    Rush of Ice
    Silent Skimmer
    Mortuary Mire
    Natural Connection
    Tightening Coils
    Fortified Rampart
    Lavastep Raider
    Blighted Fen
    Ondu Rising
--> Prairie Stream
    Mountain

--: Nettle Drone

--: Rolling Thunder

--: Rolling Thunder

Pack 3 pick 3:
    Dispel
    Earthen Arms
    Murk Strider
    Nettle Drone
    Fortified Rampart
    Ghostly Sentinel
    Dominator Drone
    Valakut Predator
    Pathway Arrows
    Blighted Steppe
--> Rolling Thunder
    Guardian of Tazeem
    Plains

--: Sure Strike

--: Sure Strike

Pack 3 pick 4:
    Mire's Malice
    Tajuru Stalwart
    Silent Skimmer
    Rush of Ice
    Natural Connection
    Unnatural Aggression
    Geyserfield Stalker
--> Sure Strike
    Kitesail Scout
    Unified Front
    Rot Shambler
    Island

--: Slab Hammer

--: Eldrazi Devastator

--: Eldrazi Devastator

Pack 3 pick 5:
    Anticipate
    Grave Birthing
    Eyeless Watcher
--> Eldrazi Devastator
    Wave-Wing Elemental
    Fertile Thicket
    Lavastep Raider
    Fortified Rampart
    Sylvan Scrying
    Slab Hammer
    Island

--: Makindi Patrol

--: Cryptic Cruiser

--: Makindi Patrol

--: Makindi Patrol

Pack 3 pick 6:
    Coralhelm Guide
    Mire's Malice
    Tajuru Stalwart
    Boiling Earth
--> Makindi Patrol
    Benthic Infiltrator
    Makindi Sliderunner
    Scythe Leopard
    Cryptic Cruiser
    Forest

--: Belligerent Whiptail

--: Belligerent Whiptail

--: Looming Spires

--: Belligerent Whiptail

--: Looming Spires

--: Looming Spires

Pack 3 pick 7:
    Vampiric Rites
    Swarm Surge
    Tightening Coils
    Eldrazi Devastator
--> Looming Spires
    Fertile Thicket
    Belligerent Whiptail
    Stone Haven Medic
    Forest

--: Angelic Gift

--: Angelic Gift

Pack 3 pick 8:
    Stone Haven Medic
    Reclaiming Vines
    Eyeless Watcher
    Rush of Ice
    Mortuary Mire
    Natural Connection
--> Angelic Gift
    Forest

--: Sandstone Bridge

Pack 3 pick 9:
    Swell of Growth
    Bone Splinters
--> Sandstone Bridge
    Cloud Manta
    Scour from Existence
    Boiling Earth
    Forest

--: Lavastep Raider

--: Lavastep Raider

Pack 3 pick 10:
    Dispel
    Rush of Ice
    Mortuary Mire
    Natural Connection
--> Lavastep Raider
    Mountain

--: Fortified Rampart

--: Fortified Rampart

Pack 3 pick 11:
    Dispel
    Earthen Arms
    Murk Strider
--> Fortified Rampart
    Plains

--: Kitesail Scout

Pack 3 pick 12:
    Unnatural Aggression
    Geyserfield Stalker
--> Kitesail Scout
    Island

--: Lavastep Raider

Pack 3 pick 13:
--> Lavastep Raider
    Sylvan Scrying
    Island

--: Scythe Leopard

Pack 3 pick 14:
--> Scythe Leopard
    Forest

--: Forest

Pack 3 pick 15:
--> Forest

