Event #: 9429536
Time:    2/22/2016 10:40:55 PM
Players:
    BBdPuck222
    psychic_dinowarrior
    AkromaJRB
--> HuaxingMachine
    Efimoff
    slipsmack
    TomVandenbogaerde
    Slypersona

--: Munda's Vanguard

--: Munda's Vanguard

------ OGW ------ 

Pack 1 pick 1:
    Wastes
    Containment Membrane
    Bone Saw
    Vampire Envoy
    Natural State
    Kozilek's Translator
    Elemental Uprising
    Ancient Crab
    Affa Protector
    Makindi Aeronaut
    Allied Reinforcements
    Null Caller
    Bonds of Mortality
--> Munda's Vanguard
    Forest

--: Oblivion Strike

--: Oblivion Strike

Pack 1 pick 2:
--> Oblivion Strike
    Goblin Freerunner
    Wastes
    Sweep Away
    Natural State
    Slaughter Drone
    Loam Larva
    Shoulder to Shoulder
    Ancient Crab
    Maw of Kozilek
    Spatial Contortion
    Baloth Null
    Bonds of Mortality
    Mountain

--: Kozilek's Shrieker

--: Kozilek's Shrieker

Pack 1 pick 3:
    Tajuru Pathwarden
    Goblin Freerunner
    Holdout Settlement
    Blinding Drone
    Canopy Gorger
--> Kozilek's Shrieker
    Lead by Example
    Slip Through Space
    Consuming Sinkhole
    Searing Light
    Kazuul's Toll Collector
    Immobilizer Eldrazi
    Swamp

--: Expedition Raptor

--: Expedition Raptor

Pack 1 pick 4:
    Holdout Settlement
    Blinding Drone
    Kozilek's Pathfinder
    Umara Entangler
--> Expedition Raptor
    Elemental Uprising
    Sky Scourer
    Cultivator Drone
    Brute Strength
    Affa Protector
    Cinder Barrens
    Plains

--: Ondu War Cleric

--: Ondu War Cleric

Pack 1 pick 5:
    Kozilek's Pathfinder
    Scion Summoner
    Natural State
    Pulse of Murasa
    Zulaport Chainmage
    Umara Entangler
    Akoum Flameseeker
--> Ondu War Cleric
    Baloth Pup
    Hissing Quagmire
    Forest

--: Saddleback Lagac

--: Saddleback Lagac

Pack 1 pick 6:
    Goblin Freerunner
    Wastes
    Warden of Geometries
--> Saddleback Lagac
    Corpse Churn
    Expedite
    Grip of the Roil
    Baloth Null
    Jori En, Ruin Diver
    Mountain

--: Embodiment of Insight

--: Embodiment of Insight

Pack 1 pick 7:
    Seer's Lantern
    Untamed Hunger
    Vines of the Recluse
    Negate
    Maw of Kozilek
    Shoulder to Shoulder
--> Embodiment of Insight
    Gift of Tusks
    Mountain

--: Tajuru Pathwarden

--: Tajuru Pathwarden

Pack 1 pick 8:
    Sweep Away
--> Tajuru Pathwarden
    Corpse Churn
    Brute Strength
    Comparative Analysis
    Pyromancer's Assault
    Unity of Purpose
    Swamp

--: Null Caller

Pack 1 pick 9:
    Bone Saw
    Natural State
    Elemental Uprising
    Ancient Crab
--> Null Caller
    Bonds of Mortality
    Forest

--: Slaughter Drone

--: Slaughter Drone

Pack 1 pick 10:
    Natural State
--> Slaughter Drone
    Ancient Crab
    Maw of Kozilek
    Bonds of Mortality
    Mountain

Pack 1 pick 11:
    Canopy Gorger
    Slip Through Space
    Consuming Sinkhole
--> Searing Light
    Swamp

--: Sky Scourer

Pack 1 pick 12:
    Kozilek's Pathfinder
    Elemental Uprising
--> Sky Scourer
    Plains

Pack 1 pick 13:
    Natural State
--> Pulse of Murasa
    Forest

Pack 1 pick 14:
--> Corpse Churn
    Mountain

Pack 1 pick 15:
--> Untamed Hunger

--: Stalking Drone

--: Stalking Drone

------ OGW ------ 

Pack 2 pick 1:
    Warden of Geometries
--> Stalking Drone
    Expedition Raptor
    Reality Hemorrhage
    Loam Larva
    Unnatural Endurance
    Pulse of Murasa
    Maw of Kozilek
    Mighty Leap
    Abstruse Interference
    Meandering River
    Flaying Tendrils
    Tears of Valakut
    Hedron Alignment
    Plains

--: Relief Captain

--: Relief Captain

Pack 2 pick 2:
    Wastes
    Containment Membrane
    Seer's Lantern
    Kor Sky Climber
    Vampire Envoy
    Unnatural Endurance
    Pulse of Murasa
    Mighty Leap
    Abstruse Interference
    Akoum Flameseeker
--> Relief Captain
    Null Caller
    Devour in Flames
    Forest

--: Ondu War Cleric

--: Ondu War Cleric

Pack 2 pick 3:
    Wastes
    Jwar Isle Avenger
    Warden of Geometries
    Stalking Drone
    Vines of the Recluse
    Unnatural Endurance
    Pulse of Murasa
--> Ondu War Cleric
    Cultivator Drone
    Brute Strength
    Tears of Valakut
    Ruins of Oran-Rief
    Mountain

--: Expedition Raptor

--: Expedition Raptor

Pack 2 pick 4:
--> Expedition Raptor
    Boulder Salvo
    Unknown Shores
    Sky Scourer
    Swamp
    Affa Protector
    Mighty Leap
    Consuming Sinkhole
    Reckless Bushwhacker
    Press into Service
    Void Grafter
    Swamp

--: Ondu War Cleric

--: Ondu War Cleric

Pack 2 pick 5:
    Goblin Freerunner
    Wastes
    Containment Membrane
    Seer's Lantern
    Mountain
    Zulaport Chainmage
    Consuming Sinkhole
--> Ondu War Cleric
    Cultivator Drone
    Allied Reinforcements
    Forest

--: Spawnbinder Mage

--: Spawnbinder Mage

Pack 2 pick 6:
--> Spawnbinder Mage
    Zada's Commando
    Wastes
    Zada's Commando
    Slaughter Drone
    Shoulder to Shoulder
    Ancient Crab
    Make a Stand
    Relentless Hunter
    Forest

--: Holdout Settlement

--: Holdout Settlement

Pack 2 pick 7:
--> Holdout Settlement
    Witness the End
    Kozilek's Shrieker
    Expedite
    Abstruse Interference
    Reaver Drone
    Visions of Brutality
    Overwhelming Denial
    Plains

--: Affa Protector

--: Affa Protector

Pack 2 pick 8:
    Zulaport Chainmage
    Elemental Uprising
    Sky Scourer
--> Affa Protector
    Ancient Crab
    Expedite
    Mindmelter
    Forest

--: Mighty Leap

--: Mighty Leap

Pack 2 pick 9:
    Unnatural Endurance
    Pulse of Murasa
    Maw of Kozilek
--> Mighty Leap
    Abstruse Interference
    Hedron Alignment
    Plains

--: Mighty Leap

--: Mighty Leap

Pack 2 pick 10:
    Wastes
    Unnatural Endurance
    Pulse of Murasa
--> Mighty Leap
    Abstruse Interference
    Forest

--: Vines of the Recluse

--: Vines of the Recluse

Pack 2 pick 11:
    Wastes
--> Vines of the Recluse
    Cultivator Drone
    Brute Strength
    Mountain

Pack 2 pick 12:
--> Sky Scourer
    Consuming Sinkhole
    Press into Service
    Swamp

--: Wastes

Pack 2 pick 13:
--> Wastes
    Consuming Sinkhole
    Forest

Pack 2 pick 14:
--> Relentless Hunter
    Forest

Pack 2 pick 15:
--> Reaver Drone

--: Undergrowth Champion

--: Undergrowth Champion

------ BFZ ------ 

Pack 3 pick 1:
    Oran-Rief Invoker
    Brilliant Spectrum
    Nirkana Assassin
    Seek the Wilds
    Shatterskull Recruit
    Lithomancer's Focus
    Hedron Blade
    Valakut Invoker
    Courier Griffin
    Benthic Infiltrator
    Carrier Thrall
    Firemantle Mage
    Zulaport Cutthroat
--> Undergrowth Champion
    Mountain

--: Shadow Glider

--: Shadow Glider

--: Shadow Glider

--: Shadow Glider

Pack 3 pick 2:
    Call the Scions
    Roilmage's Trick
    Swarm Surge
    Tajuru Stalwart
    Outnumber
    Angelic Gift
--> Shadow Glider
    Dominator Drone
    Stonefury
    Ghostly Sentinel
    Vile Aggregate
    Roil Spout
    Encircling Fissure
    Mountain

--: Sheer Drop

--: Sheer Drop

Pack 3 pick 3:
    Mire's Malice
    Giant Mantis
    Brilliant Spectrum
    Altar's Reap
    Cliffside Lookout
    Lifespring Druid
    Valakut Predator
--> Sheer Drop
    Valakut Invoker
    Spawning Bed
    Grove Rumbler
    March from the Tomb
    Mountain

--: Kalastria Nightwatch

--: Kalastria Nightwatch

Pack 3 pick 4:
--> Kalastria Nightwatch
    Earthen Arms
    Murk Strider
    Sludge Crawler
    Lavastep Raider
    Fortified Rampart
    Nettle Drone
    Stonefury
    Ghostly Sentinel
    Retreat to Kazandu
    Adverse Conditions
    Forest

--: Shadow Glider

--: Shadow Glider

Pack 3 pick 5:
    Mind Raker
    Territorial Baloth
    Dutiful Return
    Cliffside Lookout
--> Shadow Glider
    Stonefury
    Smite the Monstrous
    Kozilek's Channeler
    Catacomb Sifter
    Processor Assault
    Plains

Pack 3 pick 6:
    Oracle of Dust
    Altar's Reap
--> Plummet
    Coralhelm Guide
    Goblin War Paint
    Tandem Tactics
    Stonefury
    Retreat to Valakut
    Shambling Vent
    Mountain

--: Cliffside Lookout

--: Cliffside Lookout

Pack 3 pick 7:
    Dispel
    Mind Raker
    Territorial Baloth
    Kozilek's Sentinel
--> Cliffside Lookout
    Ghostly Sentinel
    Vestige of Emrakul
    Retreat to Kazandu
    Swamp

Pack 3 pick 8:
    Kalastria Nightwatch
    Dutiful Return
    Volcanic Upheaval
--> Makindi Sliderunner
    Vampiric Rites
    Retreat to Hagra
    Prism Array
    Swamp

--: Lithomancer's Focus

--: Lithomancer's Focus

Pack 3 pick 9:
    Brilliant Spectrum
    Nirkana Assassin
    Seek the Wilds
    Shatterskull Recruit
--> Lithomancer's Focus
    Valakut Invoker
    Mountain

--: Encircling Fissure

--: Encircling Fissure

Pack 3 pick 10:
    Roilmage's Trick
    Swarm Surge
    Angelic Gift
    Dominator Drone
--> Encircling Fissure
    Mountain

--: Cliffside Lookout

--: Cliffside Lookout

Pack 3 pick 11:
    Brilliant Spectrum
    Altar's Reap
--> Cliffside Lookout
    Valakut Predator
    Mountain

Pack 3 pick 12:
--> Fortified Rampart
    Stonefury
    Adverse Conditions
    Forest

Pack 3 pick 13:
--> Territorial Baloth
    Dutiful Return
    Plains

Pack 3 pick 14:
--> Altar's Reap
    Mountain

Pack 3 pick 15:
--> Swamp

