Event #: 9433730
Time:    2/23/2016 10:56:09 PM
Players:
    PrawnStar
    Schabernack
    Neyr
    Dwagz
--> HuaxingMachine
    AhPang86
    Stud_Muffin
    Tinhead

--: Embodiment of Fury

--: Oblivion Strike

--: Embodiment of Fury

--: Oblivion Strike

--: Oblivion Strike

------ OGW ------ 

Pack 1 pick 1:
    Makindi Aeronaut
    Seer's Lantern
    Kor Sky Climber
--> Oblivion Strike
    Boulder Salvo
    Saddleback Lagac
    Corpse Churn
    Dazzling Reflection
    Umara Entangler
    Brute Strength
    Roiling Waters
    Embodiment of Fury
    Baloth Null
    Corrupted Crossroads
    Island

--: Saddleback Lagac

--: Saddleback Lagac

Pack 1 pick 2:
    Unknown Shores
    Gravity Negator
    Warden of Geometries
    Stalking Drone
    Elemental Uprising
    Sky Scourer
--> Saddleback Lagac
    Umara Entangler
    Akoum Flameseeker
    Spatial Contortion
    Warping Wail
    Joraga Auxiliary
    Dread Defiler
    Mountain

--: Stalking Drone

--: Stalking Drone

Pack 1 pick 3:
    Crumbling Vestige
    Hedron Crawler
--> Stalking Drone
    Vines of the Recluse
    Kozilek's Translator
    Maw of Kozilek
    Mighty Leap
    Abstruse Interference
    Tranquil Expanse
    Make a Stand
    Ruin in Their Wake
    Overwhelming Denial
    Forest

--: Scion Summoner

--: Scion Summoner

Pack 1 pick 4:
--> Scion Summoner
    Wastes
    Sweep Away
    Akoum Flameseeker
    Sky Scourer
    Elemental Uprising
    Brute Strength
    Kor Scythemaster
    Comparative Analysis
    Chitinous Cloak
    Baloth Pup
    Island

--: Tajuru Pathwarden

--: Tajuru Pathwarden

Pack 1 pick 5:
    Wastes
    Island
    Seer's Lantern
--> Tajuru Pathwarden
    Unnatural Endurance
    Vines of the Recluse
    Slip Through Space
    Submerged Boneyard
    Visions of Brutality
    Void Shatter
    Plains

--: Joraga Auxiliary

--: Joraga Auxiliary

Pack 1 pick 6:
    Kozilek's Pathfinder
    Pulse of Murasa
    Zulaport Chainmage
    Elemental Uprising
    Negate
    Maw of Kozilek
    Strider Harness
    Stoneforge Acolyte
--> Joraga Auxiliary
    Swamp

--: Kor Scythemaster

--: Kor Scythemaster

Pack 1 pick 7:
    Wastes
    Sky Scourer
    Elemental Uprising
--> Kor Scythemaster
    Comparative Analysis
    Meandering River
    Grip of the Roil
    Tears of Valakut
    Island

--: Shoulder to Shoulder

--: Shoulder to Shoulder

Pack 1 pick 8:
    Unnatural Endurance
    Pulse of Murasa
    Untamed Hunger
    Consuming Sinkhole
--> Shoulder to Shoulder
    Ancient Crab
    Harvester Troll
    Mountain

--: Corrupted Crossroads

--: Corrupted Crossroads

Pack 1 pick 9:
    Seer's Lantern
    Corpse Churn
    Dazzling Reflection
    Umara Entangler
    Roiling Waters
--> Corrupted Crossroads
    Island

--: Joraga Auxiliary

--: Joraga Auxiliary

Pack 1 pick 10:
    Gravity Negator
    Elemental Uprising
    Umara Entangler
    Warping Wail
--> Joraga Auxiliary
    Mountain

--: Vines of the Recluse

--: Vines of the Recluse

Pack 1 pick 11:
--> Vines of the Recluse
    Mighty Leap
    Abstruse Interference
    Overwhelming Denial
    Forest

Pack 1 pick 12:
    Elemental Uprising
--> Brute Strength
    Comparative Analysis
    Island

--: Wastes

--: Wastes

Pack 1 pick 13:
--> Wastes
    Submerged Boneyard
    Plains

Pack 1 pick 14:
--> Elemental Uprising
    Swamp

Pack 1 pick 15:
--> Island

--: Baloth Pup

--: Baloth Pup

------ OGW ------ 

Pack 2 pick 1:
    Wastes
    Sweep Away
    Seer's Lantern
    Oblivion Strike
    Corpse Churn
    Natural State
    Slaughter Drone
    Affa Protector
    Ancient Crab
    Expedite
    Grip of the Roil
    Reckless Bushwhacker
--> Baloth Pup
    Kozilek, the Great Distortion
    Island

--: Isolation Zone

--: Isolation Zone

Pack 2 pick 2:
    Goblin Freerunner
    Wastes
    Jwar Isle Avenger
    Warden of Geometries
--> Isolation Zone
    Untamed Hunger
    Vines of the Recluse
    Cultivator Drone
    Expedite
    Ondu War Cleric
    Submerged Boneyard
    Roiling Waters
    Flayer Drone
    Plains

--: Isolation Zone

--: Isolation Zone

Pack 2 pick 3:
    Crumbling Vestige
    Hedron Crawler
--> Isolation Zone
    Slaughter Drone
    Canopy Gorger
    Kozilek's Shrieker
    Makindi Aeronaut
    Abstruse Interference
    Sparkmage's Gambit
    Submerged Boneyard
    Prophet of Distortion
    Void Shatter
    Plains

--: Stalking Drone

--: Stalking Drone

Pack 2 pick 4:
    Wastes
    Jwar Isle Avenger
    Warden of Geometries
--> Stalking Drone
    Pulse of Murasa
    Untamed Hunger
    Vines of the Recluse
    Cultivator Drone
    Brute Strength
    Affa Protector
    Embodiment of Insight
    Swamp

--: Tajuru Pathwarden

--: Tajuru Pathwarden

Pack 2 pick 5:
    Vampire Envoy
--> Tajuru Pathwarden
    Sky Scourer
    Loam Larva
    Witness the End
    Negate
    Sparkmage's Gambit
    Shoulder to Shoulder
    Harvester Troll
    Void Shatter
    Swamp

--: Expedition Raptor

--: Expedition Raptor

Pack 2 pick 6:
--> Expedition Raptor
    Gravity Negator
    Untamed Hunger
    Pulse of Murasa
    Unnatural Endurance
    Akoum Flameseeker
    Searing Light
    Negate
    Meandering River
    Plains

--: Steppe Glider

--: Steppe Glider

Pack 2 pick 7:
    Wastes
    Seer's Lantern
    Netcaster Spider
    Loam Larva
    Make a Stand
    Pyromancer's Assault
--> Steppe Glider
    Oath of Jace
    Swamp

--: Lead by Example

--: Lead by Example

Pack 2 pick 8:
--> Lead by Example
    Untamed Hunger
    Vines of the Recluse
    Comparative Analysis
    Eldrazi Aggressor
    Strider Harness
    Void Grafter
    Island

--: Affa Protector

--: Affa Protector

Pack 2 pick 9:
    Wastes
    Corpse Churn
    Natural State
--> Affa Protector
    Ancient Crab
    Expedite
    Island

--: Vines of the Recluse

--: Vines of the Recluse

Pack 2 pick 10:
    Wastes
--> Vines of the Recluse
    Cultivator Drone
    Expedite
    Submerged Boneyard
    Plains

Pack 2 pick 11:
--> Canopy Gorger
    Abstruse Interference
    Sparkmage's Gambit
    Submerged Boneyard
    Plains

Pack 2 pick 12:
    Wastes
--> Pulse of Murasa
    Untamed Hunger
    Swamp

--: Loam Larva

Pack 2 pick 13:
--> Loam Larva
    Negate
    Swamp

--: Searing Light

Pack 2 pick 14:
--> Searing Light
    Plains

Pack 2 pick 15:
--> Swamp

--: Smite the Monstrous

------ BFZ ------ 

Pack 3 pick 1:
    Kalastria Healer
    Reclaiming Vines
    Salvage Drone
    Swarm Surge
    Lithomancer's Focus
    Outnumber
    Stonefury
--> Smite the Monstrous
    Kozilek's Channeler
    Touch of the Void
    Forerunner of Slaughter
    Firemantle Mage
    Coastal Discovery
    Bring to Light
    Island

--: Oran-Rief Invoker

--: Gideon's Reproach

--: Gideon's Reproach

Pack 3 pick 2:
    Coralhelm Guide
    Nirkana Assassin
    Oran-Rief Invoker
    Dispel
    Angelic Gift
    Belligerent Whiptail
    Benthic Infiltrator
    Vestige of Emrakul
--> Gideon's Reproach
    Touch of the Void
    Rising Miasma
    Bane of Bala Ged
    Crumble to Dust
    Swamp

--: Stone Haven Medic

--: Stone Haven Medic

Pack 3 pick 3:
    Territorial Baloth
    Roilmage's Trick
    Dutiful Return
    Skyline Cascade
    Eldrazi Skyspawner
    Ruin Processor
--> Stone Haven Medic
    Shatterskull Recruit
    Herald of Kozilek
    Tunneling Geopede
    Adverse Conditions
    Aligned Hedron Network
    Plains

--: Veteran Warleader

--: Veteran Warleader

Pack 3 pick 4:
    Brilliant Spectrum
    Incubator Drone
    Seek the Wilds
    Oracle of Dust
    Inspired Charge
    Volcanic Upheaval
    Benthic Infiltrator
    Stonefury
    Akoum Stonewaker
    Hagra Sharpshooter
--> Veteran Warleader
    Forest

--: Tajuru Warcaller

--: Tajuru Warcaller

Pack 3 pick 5:
    Tajuru Stalwart
    Clutch of Currents
    Giant Mantis
    Makindi Patrol
    Ondu Champion
    Lifespring Druid
    Ondu Rising
--> Tajuru Warcaller
    Cryptic Cruiser
    Scatter to the Winds
    Forest

--: Swell of Growth

--: Kalastria Nightwatch

Pack 3 pick 6:
    Dutiful Return
    Swell of Growth
    Dispel
--> Kalastria Nightwatch
    Angelic Gift
    Lavastep Raider
    Dominator Drone
    Benthic Infiltrator
    Sylvan Scrying
    Forest

--: Giant Mantis

Pack 3 pick 7:
--> Giant Mantis
    Brilliant Spectrum
    Altar's Reap
    Lavastep Raider
    Lifespring Druid
    Sylvan Scrying
    Slab Hammer
    Tunneling Geopede
    Swamp

--: Murasa Ranger

--: Kor Bladewhirl

--: Kor Bladewhirl

Pack 3 pick 8:
    Seek the Wilds
    Coralhelm Guide
    Nirkana Assassin
    Lithomancer's Focus
    Smite the Monstrous
    Murasa Ranger
--> Kor Bladewhirl
    Plains

Pack 3 pick 9:
    Reclaiming Vines
    Salvage Drone
    Stonefury
--> Touch of the Void
    Coastal Discovery
    Bring to Light
    Island

--: Oran-Rief Invoker

--: Oran-Rief Invoker

Pack 3 pick 10:
    Coralhelm Guide
--> Oran-Rief Invoker
    Dispel
    Angelic Gift
    Crumble to Dust
    Swamp

Pack 3 pick 11:
    Roilmage's Trick
    Dutiful Return
    Skyline Cascade
--> Aligned Hedron Network
    Plains

Pack 3 pick 12:
    Brilliant Spectrum
--> Oracle of Dust
    Inspired Charge
    Forest

Pack 3 pick 13:
    Lifespring Druid
--> Ondu Rising
    Forest

Pack 3 pick 14:
--> Sylvan Scrying
    Forest

Pack 3 pick 15:
--> Brilliant Spectrum

