Event #: 9433165
Time:    2/23/2016 8:01:33 PM
Players:
    Canadafett
    Special_Kris
--> FinchleyCentral
    FenBruno
    bige77
    okreps
    Phrazer
    ChrisFlan

--: Boulder Salvo

--: Seed Guardian

--: Seed Guardian

------ OGW ------ 

Pack 1 pick 1:
    Boulder Salvo
    Wastes
    Sweep Away
    Seer's Lantern
    Corpse Churn
    Natural State
    Slaughter Drone
    Eldrazi Aggressor
    Kor Scythemaster
    Negate
    Pyromancer's Assault
--> Seed Guardian
    Flaying Tendrils
    Wandering Fumarole
    Forest

--: Oblivion Strike

--: Oblivion Strike

Pack 1 pick 2:
    Kor Sky Climber
--> Oblivion Strike
    Boulder Salvo
    Holdout Settlement
    Elemental Uprising
    Sky Scourer
    Loam Larva
    Ondu War Cleric
    Ancient Crab
    Affa Protector
    Kazuul's Toll Collector
    Embodiment of Insight
    Immobilizer Eldrazi
    Plains

--: Vampire Envoy

--: Vampire Envoy

Pack 1 pick 3:
    Containment Membrane
    Seer's Lantern
    Kor Sky Climber
--> Vampire Envoy
    Pulse of Murasa
    Untamed Hunger
    Vines of the Recluse
    Ancient Crab
    Maw of Kozilek
    Mighty Leap
    Thought Harvester
    Steppe Glider
    Plains

--: Netcaster Spider

--: Netcaster Spider

Pack 1 pick 4:
    Seer's Lantern
    Spawnbinder Mage
    Witness the End
--> Netcaster Spider
    Slaughter Drone
    Loam Larva
    Abstruse Interference
    Sparkmage's Gambit
    Spatial Contortion
    Gift of Tusks
    Mindmelter
    Island

--: Zada's Commando

--: Zada's Commando

Pack 1 pick 5:
--> Zada's Commando
    Crumbling Vestige
    Containment Membrane
    Hedron Crawler
    Tar Snare
    Lead by Example
    Expedite
    Searing Light
    Comparative Analysis
    Chitinous Cloak
    Weapons Trainer

--: Kor Sky Climber

--: Kor Sky Climber

Pack 1 pick 6:
    Gravity Negator
    Warden of Geometries
--> Kor Sky Climber
    Witness the End
    Ancient Crab
    Makindi Aeronaut
    Abstruse Interference
    Null Caller
    Overwhelming Denial
    Island

--: Tar Snare

--: Tar Snare

Pack 1 pick 7:
--> Tar Snare
    Cinder Hellion
    Zulaport Chainmage
    Corpse Churn
    Slip Through Space
    Dazzling Reflection
    Gift of Tusks
    Remorseless Punishment
    Mountain

--: Spawnbinder Mage

Pack 1 pick 8:
--> Spawnbinder Mage
    Pulse of Murasa
    Untamed Hunger
    Consuming Sinkhole
    Ancient Crab
    Reaver Drone
    Bonds of Mortality
    Island

--: Slaughter Drone

--: Slaughter Drone

Pack 1 pick 9:
    Wastes
    Corpse Churn
    Natural State
--> Slaughter Drone
    Negate
    Pyromancer's Assault
    Forest

--: Kor Sky Climber

--: Kor Sky Climber

Pack 1 pick 10:
--> Kor Sky Climber
    Elemental Uprising
    Sky Scourer
    Ancient Crab
    Affa Protector
    Plains

--: Containment Membrane

--: Mighty Leap

--: Mighty Leap

Pack 1 pick 11:
    Containment Membrane
    Untamed Hunger
    Ancient Crab
--> Mighty Leap
    Plains

--: Witness the End

Pack 1 pick 12:
--> Witness the End
    Abstruse Interference
    Gift of Tusks
    Island

--: Searing Light

Pack 1 pick 13:
    Tar Snare
--> Searing Light
    Comparative Analysis

--: Abstruse Interference

Pack 1 pick 14:
--> Abstruse Interference
    Island

--: Mountain

Pack 1 pick 15:
--> Mountain

--: Oblivion Strike

--: Oblivion Strike

------ OGW ------ 

Pack 2 pick 1:
    Containment Membrane
    Hedron Crawler
--> Oblivion Strike
    Stalking Drone
    Goblin Freerunner
    Unnatural Endurance
    Vines of the Recluse
    Negate
    Sparkmage's Gambit
    Shoulder to Shoulder
    Meandering River
    Prophet of Distortion
    Bonds of Mortality
    Deceiver of Form
    Swamp

--: Oblivion Strike

--: Oblivion Strike

Pack 2 pick 2:
--> Oblivion Strike
    Spawnbinder Mage
    Wastes
    Kozilek's Translator
    Saddleback Lagac
    Corpse Churn
    Maw of Kozilek
    Mighty Leap
    Abstruse Interference
    Meandering River
    Thought Harvester
    Steppe Glider
    Needle Spires
    Swamp

--: Ondu War Cleric

--: Ondu War Cleric

Pack 2 pick 3:
    Tar Snare
    Unknown Shores
    Blinding Drone
    Kozilek's Pathfinder
    Witness the End
    Netcaster Spider
    Mighty Leap
    Consuming Sinkhole
--> Ondu War Cleric
    Birthing Hulk
    Wall of Resurgence
    Flayer Drone
    Forest

--: Makindi Aeronaut

--: Makindi Aeronaut

Pack 2 pick 4:
    Holdout Settlement
    Kozilek's Pathfinder
    Loam Larva
    Unnatural Endurance
--> Makindi Aeronaut
    Umara Entangler
    Consuming Sinkhole
    Pyromancer's Assault
    Seed Guardian
    Unity of Purpose
    Gladehart Cavalry
    Plains

--: Ayli, Eternal Pilgrim

--: Ayli, Eternal Pilgrim

Pack 2 pick 5:
    Wastes
    Gravity Negator
    Bone Saw
    Elemental Uprising
    Sky Scourer
    Loam Larva
    Cultivator Drone
    Expedite
    Warping Wail
--> Ayli, Eternal Pilgrim
    Plains

--: Kozilek's Shrieker

--: Kozilek's Shrieker

Pack 2 pick 6:
    Wastes
    Bone Saw
    Slaughter Drone
    Canopy Gorger
--> Kozilek's Shrieker
    Sparkmage's Gambit
    Cinder Barrens
    Ruin in Their Wake
    Mindmelter
    Swamp

--: Zulaport Chainmage

--: Zulaport Chainmage

Pack 2 pick 7:
    Kor Sky Climber
    Holdout Settlement
--> Zulaport Chainmage
    Elemental Uprising
    Maw of Kozilek
    Umara Entangler
    Make a Stand
    Visions of Brutality
    Plains

--: Expedition Raptor

--: Expedition Raptor

Pack 2 pick 8:
    Kozilek's Pathfinder
--> Expedition Raptor
    Canopy Gorger
    Kozilek's Shrieker
    Kor Scythemaster
    Comparative Analysis
    Eldrazi Aggressor
    Swamp

--: Unnatural Endurance

Pack 2 pick 9:
    Containment Membrane
--> Unnatural Endurance
    Vines of the Recluse
    Negate
    Sparkmage's Gambit
    Bonds of Mortality
    Swamp

--: Thought Harvester

Pack 2 pick 10:
    Corpse Churn
    Mighty Leap
    Abstruse Interference
    Meandering River
--> Thought Harvester
    Swamp

--: Tar Snare

Pack 2 pick 11:
--> Tar Snare
    Witness the End
    Mighty Leap
    Consuming Sinkhole
    Forest

--: Unnatural Endurance

Pack 2 pick 12:
    Loam Larva
--> Unnatural Endurance
    Consuming Sinkhole
    Plains

--: Sky Scourer

Pack 2 pick 13:
    Bone Saw
--> Sky Scourer
    Plains

--: Canopy Gorger

Pack 2 pick 14:
--> Canopy Gorger
    Swamp

--: Plains

Pack 2 pick 15:
--> Plains

--: Bane of Bala Ged

--: Bane of Bala Ged

------ BFZ ------ 

Pack 3 pick 1:
    Anticipate
    Mind Raker
    Territorial Baloth
    Roilmage's Trick
    Belligerent Whiptail
    Stone Haven Medic
    Ondu Greathorn
    Lifespring Druid
    Ondu Champion
    Gideon's Reproach
--> Bane of Bala Ged
    Tide Drifter
    Zulaport Cutthroat
    Oran-Rief Hydra
    Forest

--: Bloodbond Vampire

--: Bloodbond Vampire

Pack 3 pick 2:
    Giant Mantis
    Anticipate
    Mind Raker
    Eldrazi Skyspawner
    Ruin Processor
    Bone Splinters
    Broodhunter Wurm
    Mortuary Mire
    Nettle Drone
    Fortified Rampart
    Retreat to Coralhelm
    Blighted Fen
--> Bloodbond Vampire
    Island

--: Malakir Familiar

--: Malakir Familiar

Pack 3 pick 3:
    Kalastria Nightwatch
    Earthen Arms
    Skyline Cascade
    Rush of Ice
    Silent Skimmer
    Mortuary Mire
    Natural Connection
    Shatterskull Recruit
    Felidar Cub
    Infuse with the Elements
--> Malakir Familiar
    Lumbering Falls
    Island

--: Demon's Grasp

--: Demon's Grasp

Pack 3 pick 4:
    Coralhelm Guide
    Nirkana Assassin
    Oran-Rief Invoker
    Tightening Coils
    Eldrazi Devastator
--> Demon's Grasp
    Looming Spires
    Fertile Thicket
    Cliffside Lookout
    Dampening Pulse
    Ulamog's Nullifier
    Swamp

--: Complete Disregard

--: Complete Disregard

Pack 3 pick 5:
    Dispel
    Mind Raker
    Snapping Gnarlid
    Spell Shrivel
--> Complete Disregard
    Scour from Existence
    Wave-Wing Elemental
    Volcanic Upheaval
    Angelic Gift
    Hagra Sharpshooter
    Swamp

--: Bloodbond Vampire

Pack 3 pick 6:
    Voracious Null
    Reclaiming Vines
    Snapping Gnarlid
    Scour from Existence
    Wave-Wing Elemental
    Sure Strike
    Kitesail Scout
    Forerunner of Slaughter
--> Bloodbond Vampire
    Island

--: Sandstone Bridge

Pack 3 pick 7:
    Plummet
    Salvage Drone
    Hedron Blade
--> Sandstone Bridge
    Cloud Manta
    Scour from Existence
    Crumble to Dust
    Herald of Kozilek
    Plains

--: Felidar Cub

Pack 3 pick 8:
    Reclaiming Vines
    Salvage Drone
    Swarm Surge
--> Felidar Cub
    Goblin War Paint
    Lavastep Raider
    Vampiric Rites
    Forest

--: Stone Haven Medic

Pack 3 pick 9:
    Roilmage's Trick
    Belligerent Whiptail
--> Stone Haven Medic
    Ondu Greathorn
    Lifespring Druid
    Ondu Champion
    Forest

--: Mind Raker

--: Mind Raker

Pack 3 pick 10:
--> Mind Raker
    Bone Splinters
    Mortuary Mire
    Fortified Rampart
    Retreat to Coralhelm
    Island

--: Felidar Cub

Pack 3 pick 11:
    Skyline Cascade
    Mortuary Mire
--> Felidar Cub
    Infuse with the Elements
    Island

--: Coralhelm Guide

--: Looming Spires

Pack 3 pick 12:
    Coralhelm Guide
--> Looming Spires
    Ulamog's Nullifier
    Swamp

--: Angelic Gift

Pack 3 pick 13:
    Volcanic Upheaval
--> Angelic Gift
    Swamp

--: Kitesail Scout

Pack 3 pick 14:
--> Kitesail Scout
    Island

--: Plains

Pack 3 pick 15:
--> Plains

