Event #: 9433622
Time:    2/23/2016 10:15:35 PM
Players:
    Lonestar16
    ghostbomb3000
    WhoDat37
--> HuaxingMachine
    Artemis_Entreri_
    Tedpanic
    Downtown83
    Avignon

--: Jori En, Ruin Diver

--: Jori En, Ruin Diver

------ OGW ------ 

Pack 1 pick 1:
    Isolation Zone
    Goblin Freerunner
    Wastes
    Containment Membrane
    Seer's Lantern
    Natural State
    Kozilek's Translator
    Comparative Analysis
    Eldrazi Aggressor
    Kor Scythemaster
    Prophet of Distortion
    Strider Harness
    Thought Harvester
--> Jori En, Ruin Diver
    Mountain

--: Captain's Claws

--: Captain's Claws

Pack 1 pick 2:
    Seer's Lantern
    Kor Sky Climber
    Cinder Hellion
    Holdout Settlement
    Zulaport Chainmage
    Elemental Uprising
    Kor Scythemaster
    Comparative Analysis
    Eldrazi Aggressor
    Spatial Contortion
    Baloth Null
    Bonds of Mortality
--> Captain's Claws
    Plains

--: Blinding Drone

--: Blinding Drone

Pack 1 pick 3:
    Unknown Shores
--> Blinding Drone
    Kozilek's Pathfinder
    Scion Summoner
    Unnatural Endurance
    Pulse of Murasa
    Slip Through Space
    Brute Strength
    Kor Scythemaster
    Grip of the Roil
    Relentless Hunter
    Baloth Pup
    Mountain

--: Corrupted Crossroads

--: Corrupted Crossroads

Pack 1 pick 4:
    Wastes
    Sweep Away
    Seer's Lantern
    Elemental Uprising
    Sky Scourer
    Loam Larva
    Negate
    Sparkmage's Gambit
    Void Grafter
    Stoneforge Acolyte
--> Corrupted Crossroads
    Forest

--: Gravity Negator

--: Gravity Negator

Pack 1 pick 5:
    Unknown Shores
--> Gravity Negator
    Warden of Geometries
    Stalking Drone
    Corpse Churn
    Natural State
    Searing Light
    Comparative Analysis
    Eldrazi Aggressor
    Void Grafter
    Forest

--: Expedition Raptor

--: Expedition Raptor

Pack 1 pick 6:
    Warden of Geometries
    Stalking Drone
--> Expedition Raptor
    Elemental Uprising
    Comparative Analysis
    Eldrazi Aggressor
    Affa Protector
    Mighty Leap
    Birthing Hulk
    Forest

--: Scion Summoner

--: Scion Summoner

Pack 1 pick 7:
--> Scion Summoner
    Holdout Settlement
    Corpse Churn
    Natural State
    Sparkmage's Gambit
    Slip Through Space
    Chitinous Cloak
    Ruin in Their Wake
    Mountain

--: Stalking Drone

--: Stalking Drone

Pack 1 pick 8:
--> Stalking Drone
    Wastes
    Witness the End
    Netcaster Spider
    Slip Through Space
    Consuming Sinkhole
    Searing Light
    Mountain

--: Wastes

Pack 1 pick 9:
--> Wastes
    Natural State
    Kozilek's Translator
    Comparative Analysis
    Eldrazi Aggressor
    Strider Harness
    Mountain

Pack 1 pick 10:
    Cinder Hellion
    Elemental Uprising
    Comparative Analysis
    Eldrazi Aggressor
--> Baloth Null
    Plains

--: Baloth Pup

--: Baloth Pup

Pack 1 pick 11:
    Kozilek's Pathfinder
    Pulse of Murasa
    Slip Through Space
--> Baloth Pup
    Mountain

--: Loam Larva

Pack 1 pick 12:
--> Loam Larva
    Negate
    Sparkmage's Gambit
    Forest

Pack 1 pick 13:
--> Natural State
    Eldrazi Aggressor
    Forest

Pack 1 pick 14:
    Eldrazi Aggressor
--> Forest

Pack 1 pick 15:
--> Mountain

--: Containment Membrane

--: Netcaster Spider

--: Containment Membrane

--: Containment Membrane

------ OGW ------ 

Pack 2 pick 1:
    Zada's Commando
    Crumbling Vestige
--> Containment Membrane
    Hedron Crawler
    Oblivion Strike
    Netcaster Spider
    Witness the End
    Expedite
    Makindi Aeronaut
    Abstruse Interference
    Relief Captain
    Reaver Drone
    Iona's Blessing
    Inverter of Truth
    Island

--: Ruins of Oran-Rief

--: Ruins of Oran-Rief

Pack 2 pick 2:
    Kor Sky Climber
    Wastes
    Containment Membrane
    Loam Larva
    Witness the End
    Netcaster Spider
    Makindi Aeronaut
    Umara Entangler
    Consuming Sinkhole
    Make a Stand
    Mindmelter
    Steppe Glider
--> Ruins of Oran-Rief
    Island

--: Saddleback Lagac

--: Saddleback Lagac

Pack 2 pick 3:
    Gravity Negator
    Bone Saw
    Scion Summoner
    Spawnbinder Mage
    Cinder Hellion
    Kozilek's Translator
--> Saddleback Lagac
    Expedite
    Ondu War Cleric
    Ancient Crab
    Allied Reinforcements
    Call the Gatewatch
    Island

--: Jwar Isle Avenger

--: Jwar Isle Avenger

Pack 2 pick 4:
    Crumbling Vestige
--> Jwar Isle Avenger
    Kozilek's Shrieker
    Loam Larva
    Slaughter Drone
    Consuming Sinkhole
    Searing Light
    Negate
    Walker of the Wastes
    Malakir Soothsayer
    Overwhelming Denial
    Plains

--: Embodiment of Insight

--: Embodiment of Insight

Pack 2 pick 5:
    Bone Saw
    Tajuru Pathwarden
    Goblin Freerunner
    Vines of the Recluse
    Unnatural Endurance
    Pulse of Murasa
    Dazzling Reflection
    Slip Through Space
--> Embodiment of Insight
    Dread Defiler
    Forest

--: Sweep Away

--: Sweep Away

Pack 2 pick 6:
    Sky Scourer
--> Sweep Away
    Seer's Lantern
    Elemental Uprising
    Zulaport Chainmage
    Natural State
    Sparkmage's Gambit
    Comparative Analysis
    Wall of Resurgence
    Mountain

--: Lead by Example

--: Lead by Example

Pack 2 pick 7:
    Wastes
    Canopy Gorger
    Kozilek's Translator
--> Lead by Example
    Akoum Flameseeker
    Searing Light
    Negate
    Visions of Brutality
    Swamp

--: Sweep Away

Pack 2 pick 8:
--> Sweep Away
    Bone Saw
    Canopy Gorger
    Ancient Crab
    Timber Gorge
    Ruin in Their Wake
    Oath of Jace
    Swamp

--: Netcaster Spider

Pack 2 pick 9:
--> Netcaster Spider
    Witness the End
    Makindi Aeronaut
    Abstruse Interference
    Reaver Drone
    Iona's Blessing
    Island

--: Loam Larva

Pack 2 pick 10:
    Wastes
--> Loam Larva
    Witness the End
    Consuming Sinkhole
    Make a Stand
    Island

Pack 2 pick 11:
    Cinder Hellion
--> Ancient Crab
    Allied Reinforcements
    Call the Gatewatch
    Island

Pack 2 pick 12:
    Kozilek's Shrieker
    Slaughter Drone
--> Overwhelming Denial
    Plains

--: Vines of the Recluse

Pack 2 pick 13:
--> Vines of the Recluse
    Dazzling Reflection
    Forest

Pack 2 pick 14:
--> Elemental Uprising
    Mountain

Pack 2 pick 15:
--> Swamp

--: Giant Mantis

------ BFZ ------ 

Pack 3 pick 1:
    Mist Intruder
    Mire's Malice
--> Giant Mantis
    Brilliant Spectrum
    Angelic Gift
    Lavastep Raider
    Dominator Drone
    Valakut Predator
    Sheer Drop
    Hedron Blade
    Zulaport Cutthroat
    Pathway Arrows
    Ulamog's Nullifier
    Shrine of the Forsaken Gods
    Mountain

--: Noyan Dar, Roil Shaper

--: Noyan Dar, Roil Shaper

Pack 3 pick 2:
    Culling Drone
    Seek the Wilds
    Coralhelm Guide
    Nirkana Assassin
    Belligerent Whiptail
    Kor Castigator
    Reckless Cohort
    Stone Haven Medic
    Valakut Predator
    Shadow Glider
    Turn Against
    Ulamog's Reclaimer
--> Noyan Dar, Roil Shaper
    Island

--: Plated Crusher

--: Natural Connection

--: Unnatural Aggression

--: Plated Crusher

Pack 3 pick 3:
    Blisterpod
    Carrier Thrall
    Evolving Wilds
    Silent Skimmer
    Rush of Ice
    Natural Connection
    Unnatural Aggression
    Geyserfield Stalker
    Kozilek's Sentinel
    Inspired Charge
--> Plated Crusher
    Resolute Blademaster
    Plains

--: Tajuru Beastmaster

--: Wave-Wing Elemental

--: Wave-Wing Elemental

Pack 3 pick 4:
    Altar's Reap
    Call the Scions
    Roilmage's Trick
    Spell Shrivel
    Scour from Existence
    Tajuru Beastmaster
--> Wave-Wing Elemental
    Cliffside Lookout
    Goblin War Paint
    Retreat to Valakut
    Rolling Thunder
    Forest

--: Giant Mantis

--: Broodhunter Wurm

--: Giant Mantis

--: Giant Mantis

Pack 3 pick 5:
    Mire's Malice
--> Giant Mantis
    Grave Birthing
    Broodhunter Wurm
    Spell Shrivel
    Ruin Processor
    Skyline Cascade
    Cliffside Lookout
    Rot Shambler
    Forerunner of Slaughter
    Forest

--: Broodhunter Wurm

--: Broodhunter Wurm

Pack 3 pick 6:
    Call the Scions
    Murk Strider
    Bone Splinters
--> Broodhunter Wurm
    Mortuary Mire
    Nettle Drone
    Halimar Tidecaller
    Vampiric Rites
    Defiant Bloodlord
    Plains

--: Tajuru Stalwart

--: Coralhelm Guide

--: Coralhelm Guide

Pack 3 pick 7:
--> Coralhelm Guide
    Mire's Malice
    Tajuru Stalwart
    Lavastep Raider
    Goblin War Paint
    Lifespring Druid
    Retreat to Hagra
    Plated Crusher
    Mountain

Pack 3 pick 8:
    Earthen Arms
    Looming Spires
    Grave Birthing
    Eyeless Watcher
--> Eldrazi Devastator
    Felidar Cub
    Jaddi Offshoot
    Mountain

Pack 3 pick 9:
    Mire's Malice
    Brilliant Spectrum
    Angelic Gift
    Lavastep Raider
    Hedron Blade
--> Pathway Arrows
    Mountain

Pack 3 pick 10:
    Culling Drone
--> Seek the Wilds
    Nirkana Assassin
    Belligerent Whiptail
    Reckless Cohort
    Island

Pack 3 pick 11:
    Blisterpod
--> Natural Connection
    Geyserfield Stalker
    Inspired Charge
    Plains

Pack 3 pick 12:
    Altar's Reap
--> Roilmage's Trick
    Retreat to Valakut
    Forest

--: Broodhunter Wurm

Pack 3 pick 13:
    Grave Birthing
--> Broodhunter Wurm
    Forest

Pack 3 pick 14:
--> Vampiric Rites
    Plains

Pack 3 pick 15:
--> Mountain

