Event #: 9435877
Time:    2/24/2016 8:41:59 PM
Players:
    Voyage34
    Atomic Requiem
    MagicMate
--> PureInsanity
    bertag33
    steezemachineee
    Saburro
    XornMangar

--: Mirrorpool

--: Mirrorpool

------ OGW ------ 

Pack 1 pick 1:
    Seer's Lantern
    Tajuru Pathwarden
    Expedition Raptor
    Zada's Commando
    Netcaster Spider
    Slaughter Drone
    Canopy Gorger
    Abstruse Interference
    Sparkmage's Gambit
    Kor Scythemaster
    Birthing Hulk
    Walker of the Wastes
    Warping Wail
--> Mirrorpool
    Plains

--: Hedron Crawler

--: Hedron Crawler

Pack 1 pick 2:
    Crumbling Vestige
    Gravity Negator
--> Hedron Crawler
    Vampire Envoy
    Kozilek's Shrieker
    Lead by Example
    Sparkmage's Gambit
    Kor Scythemaster
    Comparative Analysis
    Warping Wail
    Reaver Drone
    Submerged Boneyard
    Visions of Brutality
    Swamp

--: Devour in Flames

--: Devour in Flames

Pack 1 pick 3:
    Expedition Raptor
    Zada's Commando
    Crumbling Vestige
    Containment Membrane
    Slaughter Drone
    Lead by Example
    Expedite
    Makindi Aeronaut
    Abstruse Interference
    Tranquil Expanse
--> Devour in Flames
    Ruin in Their Wake
    Plains

--: Maw of Kozilek

--: Maw of Kozilek

--: Maw of Kozilek

--: Maw of Kozilek

--: Maw of Kozilek

Pack 1 pick 4:
    Crumbling Vestige
    Hedron Crawler
    Pulse of Murasa
    Zulaport Chainmage
    Elemental Uprising
    Negate
--> Maw of Kozilek
    Shoulder to Shoulder
    Cliffhaven Vampire
    Flaying Tendrils
    Oath of Jace
    Mountain

--: Containment Membrane

Pack 1 pick 5:
    Kor Sky Climber
    Wastes
--> Containment Membrane
    Elemental Uprising
    Zulaport Chainmage
    Natural State
    Dazzling Reflection
    Slip Through Space
    Brute Strength
    Mindmelter
    Mountain

--: Seer's Lantern

--: Seer's Lantern

Pack 1 pick 6:
    Wastes
    Sweep Away
--> Seer's Lantern
    Untamed Hunger
    Pulse of Murasa
    Unnatural Endurance
    Akoum Flameseeker
    Searing Light
    Negate
    Island

--: Stormchaser Mage

--: Stormchaser Mage

Pack 1 pick 7:
    Kozilek's Pathfinder
    Scion Summoner
    Netcaster Spider
    Kozilek's Shrieker
    Loam Larva
    Consuming Sinkhole
    Cultivator Drone
--> Stormchaser Mage
    Forest

--: Stalking Drone

Pack 1 pick 8:
    Warden of Geometries
--> Stalking Drone
    Canopy Gorger
    Affa Protector
    Makindi Aeronaut
    Abstruse Interference
    Void Grafter
    Island

--: Birthing Hulk

Pack 1 pick 9:
    Seer's Lantern
    Canopy Gorger
    Abstruse Interference
    Sparkmage's Gambit
--> Birthing Hulk
    Warping Wail
    Plains

--: Gravity Negator

Pack 1 pick 10:
--> Gravity Negator
    Comparative Analysis
    Reaver Drone
    Submerged Boneyard
    Visions of Brutality
    Swamp

--: Containment Membrane

Pack 1 pick 11:
--> Containment Membrane
    Expedite
    Abstruse Interference
    Ruin in Their Wake
    Plains

--: Oath of Jace

Pack 1 pick 12:
    Zulaport Chainmage
    Negate
--> Oath of Jace
    Mountain

--: Slip Through Space

Pack 1 pick 13:
    Dazzling Reflection
--> Slip Through Space
    Mountain

--: Island

Pack 1 pick 14:
    Untamed Hunger
--> Island

--: Forest

Pack 1 pick 15:
--> Forest

--: Oath of Chandra

--: Oath of Chandra

------ OGW ------ 

Pack 2 pick 1:
    Bone Saw
    Weapons Trainer
    Tar Snare
    Boulder Salvo
    Unknown Shores
    Kozilek's Shrieker
    Lead by Example
    Comparative Analysis
    Eldrazi Aggressor
    Dazzling Reflection
    Immolating Glare
    Malakir Soothsayer
    Flayer Drone
--> Oath of Chandra
    Island

--: Reality Hemorrhage

Pack 2 pick 2:
    Warden of Geometries
    Stalking Drone
    Kor Sky Climber
--> Reality Hemorrhage
    Slaughter Drone
    Loam Larva
    Unnatural Endurance
    Negate
    Sparkmage's Gambit
    Island
    Strider Harness
    Stoneforge Acolyte
    Vile Redeemer
    Mountain

--: Holdout Settlement

Pack 2 pick 3:
    Kor Sky Climber
    Cinder Hellion
--> Holdout Settlement
    Gravity Negator
    Loam Larva
    Witness the End
    Ancient Crab
    Affa Protector
    Makindi Aeronaut
    Reckless Bushwhacker
    Press into Service
    Void Grafter
    Forest

--: Zada's Commando

--: Zada's Commando

Pack 2 pick 4:
--> Zada's Commando
    Crumbling Vestige
    Jwar Isle Avenger
    Pulse of Murasa
    Untamed Hunger
    Makindi Aeronaut
    Umara Entangler
    Consuming Sinkhole
    Embodiment of Insight
    Spatial Contortion
    Warping Wail
    Plains

--: Maw of Kozilek

--: Maw of Kozilek

Pack 2 pick 5:
    Jwar Isle Avenger
    Warden of Geometries
    Corpse Churn
    Natural State
--> Maw of Kozilek
    Dazzling Reflection
    Umara Entangler
    Grip of the Roil
    Chitinous Cloak
    Weapons Trainer
    Mountain

--: Seed Guardian

Pack 2 pick 6:
--> Seed Guardian
    Witness the End
    Canopy Gorger
    Affa Protector
    Ancient Crab
    Expedite
    Meandering River
    Bonds of Mortality
    Oath of Nissa
    Swamp

--: Seed Guardian

--: Seed Guardian

Pack 2 pick 7:
    Sweep Away
    Bone Saw
    Tajuru Pathwarden
    Loam Larva
    Witness the End
    Expedite
    Ancient Crab
--> Seed Guardian
    Plains

--: Reckless Bushwhacker

Pack 2 pick 8:
    Bone Saw
    Goblin Freerunner
    Witness the End
    Eldrazi Aggressor
    Affa Protector
--> Reckless Bushwhacker
    Harvester Troll
    Forest

--: Lead by Example

Pack 2 pick 9:
    Bone Saw
--> Lead by Example
    Comparative Analysis
    Eldrazi Aggressor
    Dazzling Reflection
    Flayer Drone
    Island

--: Sparkmage's Gambit

Pack 2 pick 10:
    Loam Larva
    Negate
--> Sparkmage's Gambit
    Island
    Stoneforge Acolyte
    Mountain

--: Void Grafter

Pack 2 pick 11:
    Witness the End
    Ancient Crab
    Affa Protector
--> Void Grafter
    Forest

--: Pulse of Murasa

Pack 2 pick 12:
--> Pulse of Murasa
    Untamed Hunger
    Warping Wail
    Plains

--: Umara Entangler

Pack 2 pick 13:
    Corpse Churn
--> Umara Entangler
    Mountain

--: Bonds of Mortality

Pack 2 pick 14:
--> Bonds of Mortality
    Swamp

--: Plains

Pack 2 pick 15:
--> Plains

--: Radiant Flames

------ BFZ ------ 

Pack 3 pick 1:
    Culling Drone
    Seek the Wilds
    Fertile Thicket
    Geyserfield Stalker
    Snapping Gnarlid
    Evolving Wilds
    Eldrazi Skyspawner
    Hedron Blade
    Reckless Cohort
    Inspired Charge
    Chasm Guide
    Tunneling Geopede
    Molten Nursery
--> Radiant Flames
    Swamp

--: Valakut Predator

Pack 3 pick 2:
    Seek the Wilds
    Oracle of Dust
    Altar's Reap
    Plummet
    Goblin War Paint
    Tandem Tactics
    Vestige of Emrakul
    Ghostly Sentinel
    Dominator Drone
--> Valakut Predator
    Blighted Steppe
    Retreat to Emeria
    Scatter to the Winds
    Forest

--: Vile Aggregate

Pack 3 pick 3:
    Reclaiming Vines
    Salvage Drone
    Swarm Surge
    Call the Scions
    Kitesail Scout
    Belligerent Whiptail
    Kor Castigator
    Ondu Champion
    Gideon's Reproach
    Crumble to Dust
--> Vile Aggregate
    Angelic Captain
    Forest

--: Hedron Archive

Pack 3 pick 4:
    Voracious Null
    Reclaiming Vines
    Mire's Malice
    Goblin War Paint
    Tandem Tactics
    Ondu Greathorn
    Dominator Drone
    Ondu Champion
    Ghostly Sentinel
--> Hedron Archive
    Ulamog's Nullifier
    Swamp

--: Kozilek's Sentinel

Pack 3 pick 5:
    Blisterpod
    Anticipate
    Wave-Wing Elemental
    Fertile Thicket
    Geyserfield Stalker
    Evolving Wilds
--> Kozilek's Sentinel
    Cliffside Lookout
    Kor Bladewhirl
    Part the Waterveil
    Mountain

--: Tajuru Warcaller

Pack 3 pick 6:
    Dispel
    Kalastria Nightwatch
    Silent Skimmer
    Rush of Ice
    Natural Connection
    Geyserfield Stalker
    Cliffside Lookout
--> Tajuru Warcaller
    Infuse with the Elements
    Island

--: Boiling Earth

Pack 3 pick 7:
    Plummet
    Silent Skimmer
    Rush of Ice
    Natural Connection
    Geyserfield Stalker
--> Boiling Earth
    Scythe Leopard
    Bring to Light
    Forest

--: Tightening Coils

Pack 3 pick 8:
--> Tightening Coils
    Eldrazi Devastator
    Looming Spires
    Fertile Thicket
    Inspired Charge
    Hagra Sharpshooter
    Halimar Tidecaller
    Island

--: Fertile Thicket

Pack 3 pick 9:
    Culling Drone
    Seek the Wilds
--> Fertile Thicket
    Hedron Blade
    Inspired Charge
    Molten Nursery
    Swamp

--: Oracle of Dust

Pack 3 pick 10:
    Seek the Wilds
--> Oracle of Dust
    Altar's Reap
    Tandem Tactics
    Blighted Steppe
    Forest

--: Ondu Champion

Pack 3 pick 11:
    Salvage Drone
    Kitesail Scout
--> Ondu Champion
    Crumble to Dust
    Forest

--: Goblin War Paint

Pack 3 pick 12:
    Voracious Null
--> Goblin War Paint
    Tandem Tactics
    Swamp

--: Anticipate

Pack 3 pick 13:
--> Anticipate
    Geyserfield Stalker
    Mountain

--: Dispel

Pack 3 pick 14:
--> Dispel
    Island

--: Forest

Pack 3 pick 15:
--> Forest

