Event #: 9436911
Time:    2/24/2016 10:31:06 PM
Players:
--> HuaxingMachine
    serajh
    acidicslime44
    Opiuo
    iTheFireGod
    urzawhite
    Slypersona
    Krish

--: Relief Captain

--: Oblivion Strike

--: Oblivion Strike

------ OGW ------ 

Pack 1 pick 1:
    Blinding Drone
    Kozilek's Pathfinder
    Spawnbinder Mage
--> Oblivion Strike
    Pulse of Murasa
    Swamp
    Elemental Uprising
    Expedite
    Makindi Aeronaut
    Abstruse Interference
    Relief Captain
    Immobilizer Eldrazi
    Iona's Blessing
    Oath of Jace
    Plains

--: Vampire Envoy

--: Vampire Envoy

Pack 1 pick 2:
--> Vampire Envoy
    Tajuru Pathwarden
    Goblin Freerunner
    Holdout Settlement
    Vines of the Recluse
    Kozilek's Translator
    Saddleback Lagac
    Sparkmage's Gambit
    Kor Scythemaster
    Comparative Analysis
    Reaver Drone
    Bonds of Mortality
    Thought Harvester
    Island

--: Maw of Kozilek

--: Maw of Kozilek

Pack 1 pick 3:
    Containment Membrane
    Seer's Lantern
    Cinder Hellion
    Sky Scourer
    Elemental Uprising
    Searing Light
    Negate
--> Maw of Kozilek
    Kazuul's Toll Collector
    Stormchaser Mage
    Tears of Valakut
    Call the Gatewatch
    Mountain

--: Zulaport Chainmage

--: Zulaport Chainmage

Pack 1 pick 4:
    Sweep Away
    Seer's Lantern
    Make a Stand
    Unnatural Endurance
    Vines of the Recluse
--> Zulaport Chainmage
    Consuming Sinkhole
    Searing Light
    Negate
    Kazuul's Toll Collector
    Gift of Tusks
    Island

--: Saddleback Lagac

--: Saddleback Lagac

Pack 1 pick 5:
    Cinder Hellion
    Unknown Shores
--> Saddleback Lagac
    Corpse Churn
    Ancient Crab
    Affa Protector
    Makindi Aeronaut
    Pyromancer's Assault
    Void Shatter
    Remorseless Punishment
    Island

--: Boulder Salvo

--: Boulder Salvo

Pack 1 pick 6:
    Scion Summoner
--> Boulder Salvo
    Wastes
    Canopy Gorger
    Kozilek's Shrieker
    Dazzling Reflection
    Slip Through Space
    Brute Strength
    Immobilizer Eldrazi
    Swamp

--: Wastes

--: Wastes

Pack 1 pick 7:
--> Wastes
    Gravity Negator
    Bone Saw
    Natural State
    Expedite
    Ancient Crab
    Tranquil Expanse
    Stoneforge Acolyte
    Swamp

--: Slaughter Drone

--: Slaughter Drone

Pack 1 pick 8:
    Holdout Settlement
    Witness the End
    Netcaster Spider
--> Slaughter Drone
    Sparkmage's Gambit
    Makindi Aeronaut
    Umara Entangler
    Plains

--: Kozilek's Pathfinder

--: Kozilek's Pathfinder

Pack 1 pick 9:
--> Kozilek's Pathfinder
    Swamp
    Elemental Uprising
    Expedite
    Abstruse Interference
    Oath of Jace
    Plains

--: Kozilek's Translator

--: Kozilek's Translator

Pack 1 pick 10:
    Vines of the Recluse
--> Kozilek's Translator
    Sparkmage's Gambit
    Comparative Analysis
    Bonds of Mortality
    Island

--: Tears of Valakut

Pack 1 pick 11:
    Elemental Uprising
    Kazuul's Toll Collector
--> Tears of Valakut
    Call the Gatewatch
    Mountain

Pack 1 pick 12:
--> Consuming Sinkhole
    Negate
    Gift of Tusks
    Island

--: Pyromancer's Assault

Pack 1 pick 13:
    Corpse Churn
--> Pyromancer's Assault
    Island

Pack 1 pick 14:
--> Canopy Gorger
    Swamp

Pack 1 pick 15:
--> Swamp

--: Vampire Envoy

--: Akoum Flameseeker

--: Vampire Envoy

--: Vampire Envoy

------ OGW ------ 

Pack 2 pick 1:
    Containment Membrane
    Bone Saw
--> Vampire Envoy
    Tajuru Pathwarden
    Loam Larva
    Unnatural Endurance
    Pulse of Murasa
    Akoum Flameseeker
    Searing Light
    Negate
    Allied Reinforcements
    Steppe Glider
    Void Grafter
    Ayli, Eternal Pilgrim
    Mountain

--: Boulder Salvo

--: Boulder Salvo

Pack 2 pick 2:
--> Boulder Salvo
    Holdout Settlement
    Kozilek's Pathfinder
    Canopy Gorger
    Kozilek's Translator
    Searing Light
    Negate
    Sparkmage's Gambit
    Shoulder to Shoulder
    Birthing Hulk
    Walker of the Wastes
    Warping Wail
    Needle Spires
    Swamp

--: Oblivion Strike

--: Oblivion Strike

Pack 2 pick 3:
    Sweep Away
    Seer's Lantern
--> Oblivion Strike
    Spawnbinder Mage
    Lead by Example
    Untamed Hunger
    Vines of the Recluse
    Kor Scythemaster
    Comparative Analysis
    Eldrazi Aggressor
    Relief Captain
    Null Caller
    Mountain

--: Maw of Kozilek

--: Maw of Kozilek

Pack 2 pick 4:
    Blinding Drone
    Kozilek's Pathfinder
    Scion Summoner
    Lead by Example
    Untamed Hunger
    Negate
--> Maw of Kozilek
    Shoulder to Shoulder
    Cyclone Sire
    Strider Harness
    Stoneforge Acolyte
    Plains

--: Eldrazi Aggressor

--: Eldrazi Aggressor

Pack 2 pick 5:
    Wastes
    Bone Saw
    Zulaport Chainmage
    Natural State
    Witness the End
    Comparative Analysis
--> Eldrazi Aggressor
    Dazzling Reflection
    Allied Reinforcements
    Bonds of Mortality
    Mountain

--: Maw of Kozilek

--: Maw of Kozilek

Pack 2 pick 6:
    Goblin Freerunner
    Wastes
    Sweep Away
    Untamed Hunger
    Vines of the Recluse
--> Maw of Kozilek
    Abstruse Interference
    Tranquil Expanse
    Ruin in Their Wake
    Swamp

--: Unknown Shores

--: Unknown Shores

Pack 2 pick 7:
--> Unknown Shores
    Warden of Geometries
    Witness the End
    Canopy Gorger
    Eldrazi Aggressor
    Mighty Leap
    Chitinous Cloak
    Weapons Trainer
    Plains

--: Sky Scourer

--: Sky Scourer

Pack 2 pick 8:
    Holdout Settlement
    Kozilek's Pathfinder
    Canopy Gorger
--> Sky Scourer
    Elemental Uprising
    Brute Strength
    Mighty Leap
    Island

--: Unnatural Endurance

--: Unnatural Endurance

Pack 2 pick 9:
    Bone Saw
    Loam Larva
--> Unnatural Endurance
    Pulse of Murasa
    Akoum Flameseeker
    Negate
    Mountain

--: Kozilek's Translator

--: Kozilek's Translator

Pack 2 pick 10:
    Kozilek's Pathfinder
    Canopy Gorger
--> Kozilek's Translator
    Negate
    Warping Wail
    Swamp

Pack 2 pick 11:
--> Lead by Example
    Untamed Hunger
    Vines of the Recluse
    Comparative Analysis
    Mountain

Pack 2 pick 12:
--> Lead by Example
    Untamed Hunger
    Negate
    Plains

Pack 2 pick 13:
--> Witness the End
    Bonds of Mortality
    Mountain

Pack 2 pick 14:
--> Untamed Hunger
    Swamp

Pack 2 pick 15:
--> Plains

--: Carrier Thrall

--: Carrier Thrall

------ BFZ ------ 

Pack 3 pick 1:
    Territorial Baloth
    Clutch of Currents
    Kalastria Nightwatch
    Shrine of the Forsaken Gods
    Tajuru Beastmaster
    Demon's Grasp
    Skyline Cascade
    Eldrazi Skyspawner
    Belligerent Whiptail
    Stone Haven Medic
    Sylvan Scrying
--> Carrier Thrall
    Grove Rumbler
    Oran-Rief Hydra
    Plains

--: Makindi Sliderunner

--: Makindi Sliderunner

Pack 3 pick 2:
    Altar's Reap
    Call the Scions
    Roilmage's Trick
    Swarm Surge
    Boiling Earth
    Makindi Patrol
    Ghostly Sentinel
    Benthic Infiltrator
--> Makindi Sliderunner
    Smite the Monstrous
    Blighted Gorge
    Kor Bladewhirl
    Bloodbond Vampire
    Island

--: Looming Spires

--: Looming Spires

Pack 3 pick 3:
    Kalastria Nightwatch
    Earthen Arms
    Eldrazi Devastator
    Demon's Grasp
--> Looming Spires
    Fertile Thicket
    Snapping Gnarlid
    Spell Shrivel
    Kitesail Scout
    Shatterskull Recruit
    Retreat to Hagra
    Kiora, Master of the Depths
    Mountain

--: Outnumber

--: Outnumber

Pack 3 pick 4:
    Altar's Reap
    Plummet
    Coralhelm Guide
    Rush of Ice
    Silent Skimmer
    Mortuary Mire
    Natural Connection
    Tightening Coils
--> Outnumber
    Angelic Gift
    Murasa Ranger
    Plains

--: Sure Strike

--: Sure Strike

Pack 3 pick 5:
    Earthen Arms
    Incubator Drone
    Unnatural Aggression
    Sandstone Bridge
    Cloud Manta
    Scour from Existence
    Grave Birthing
--> Sure Strike
    Catacomb Sifter
    Windrider Patrol
    Island

--: Makindi Sliderunner

--: Makindi Sliderunner

Pack 3 pick 6:
    Mind Raker
    Territorial Baloth
    Roilmage's Trick
    Cliffside Lookout
    Goblin War Paint
--> Makindi Sliderunner
    Smite the Monstrous
    Stonefury
    Dampening Pulse
    Mountain

Pack 3 pick 7:
    Territorial Baloth
    Grave Birthing
--> Eldrazi Devastator
    Wave-Wing Elemental
    Fertile Thicket
    Reckless Cohort
    Retreat to Kazandu
    Jaddi Offshoot
    Island

--: Hagra Sharpshooter

--: Hagra Sharpshooter

Pack 3 pick 8:
    Blisterpod
    Oracle of Dust
    Scour from Existence
    Wave-Wing Elemental
    Inspired Charge
--> Hagra Sharpshooter
    Retreat to Valakut
    Mountain

--: Belligerent Whiptail

--: Belligerent Whiptail

Pack 3 pick 9:
    Territorial Baloth
    Skyline Cascade
--> Belligerent Whiptail
    Stone Haven Medic
    Sylvan Scrying
    Grove Rumbler
    Plains

--: Swarm Surge

Pack 3 pick 10:
    Call the Scions
    Roilmage's Trick
--> Swarm Surge
    Boiling Earth
    Ghostly Sentinel
    Island

Pack 3 pick 11:
    Eldrazi Devastator
    Fertile Thicket
    Kitesail Scout
--> Shatterskull Recruit
    Mountain

Pack 3 pick 12:
--> Rush of Ice
    Natural Connection
    Angelic Gift
    Plains

Pack 3 pick 13:
    Sandstone Bridge
--> Grave Birthing
    Island

Pack 3 pick 14:
--> Goblin War Paint
    Mountain

Pack 3 pick 15:
--> Island

