Event #: 9436750
Time:    2/24/2016 9:36:15 PM
Players:
    Kachery
    u2isoverrated
    Comebackkid
    WotC_TheWeekThatWas
--> HuaxingMachine
    karfast
    CulltheKilla
    Nessi

--: Stalking Drone

--: Corrupted Crossroads

--: Corrupted Crossroads

------ OGW ------ 

Pack 1 pick 1:
    Hedron Crawler
    Tar Snare
    Stalking Drone
    Cinder Hellion
    Wastes
    Slaughter Drone
    Canopy Gorger
    Brute Strength
    Affa Protector
    Ancient Crab
    Timber Gorge
    Weapons Trainer
    Thought Harvester
--> Corrupted Crossroads
    Mountain

--: Seed Guardian

--: Oblivion Strike

--: Oblivion Strike

Pack 1 pick 2:
    Wastes
    Sweep Away
    Seer's Lantern
--> Oblivion Strike
    Corpse Churn
    Natural State
    Kozilek's Translator
    Consuming Sinkhole
    Searing Light
    Negate
    Pyromancer's Assault
    Seed Guardian
    Void Shatter
    Plains

--: Tajuru Pathwarden

--: Tajuru Pathwarden

Pack 1 pick 3:
    Reality Hemorrhage
    Unknown Shores
    Mighty Leap
    Bone Saw
--> Tajuru Pathwarden
    Elemental Uprising
    Sky Scourer
    Sparkmage's Gambit
    Makindi Aeronaut
    Umara Entangler
    Spatial Contortion
    Gift of Tusks
    Island

--: Relief Captain

--: Relief Captain

Pack 1 pick 4:
    Crumbling Vestige
    Hedron Crawler
    Vampire Envoy
    Kozilek's Shrieker
    Netcaster Spider
    Consuming Sinkhole
    Shoulder to Shoulder
    Ancient Crab
--> Relief Captain
    Mindmelter
    Baloth Pup
    Swamp

--: Spawnbinder Mage

--: Spawnbinder Mage

Pack 1 pick 5:
    Warden of Geometries
--> Spawnbinder Mage
    Lead by Example
    Untamed Hunger
    Vines of the Recluse
    Expedite
    Searing Light
    Comparative Analysis
    Strider Harness
    Stoneforge Acolyte
    Forest

--: Spawnbinder Mage

--: Spawnbinder Mage

Pack 1 pick 6:
    Bone Saw
--> Spawnbinder Mage
    Cinder Hellion
    Witness the End
    Netcaster Spider
    Umara Entangler
    Brute Strength
    Mighty Leap
    Oath of Jace
    Plains

--: Cliffhaven Vampire

--: Cliffhaven Vampire

Pack 1 pick 7:
    Crumbling Vestige
    Sky Scourer
    Kozilek's Shrieker
    Ancient Crab
    Unity of Purpose
    Mighty Leap
--> Cliffhaven Vampire
    Tears of Valakut
    Island

--: Sky Scourer

--: Kozilek's Pathfinder

--: Sky Scourer

--: Kozilek's Pathfinder

--: Kozilek's Pathfinder

Pack 1 pick 8:
--> Kozilek's Pathfinder
    Elemental Uprising
    Sky Scourer
    Umara Entangler
    Kazuul's Toll Collector
    Harvester Troll
    Void Shatter
    Plains

--: Slaughter Drone

--: Slaughter Drone

Pack 1 pick 9:
    Cinder Hellion
    Wastes
--> Slaughter Drone
    Canopy Gorger
    Brute Strength
    Ancient Crab
    Mountain

--: Kozilek's Translator

--: Kozilek's Translator

Pack 1 pick 10:
    Corpse Churn
    Natural State
--> Kozilek's Translator
    Consuming Sinkhole
    Negate
    Plains

--: Mighty Leap

--: Mighty Leap

Pack 1 pick 11:
--> Mighty Leap
    Sky Scourer
    Umara Entangler
    Gift of Tusks
    Island

--: Kozilek's Shrieker

Pack 1 pick 12:
--> Kozilek's Shrieker
    Consuming Sinkhole
    Ancient Crab
    Swamp

--: Stoneforge Acolyte

--: Stoneforge Acolyte

Pack 1 pick 13:
    Strider Harness
--> Stoneforge Acolyte
    Forest

Pack 1 pick 14:
--> Witness the End
    Plains

Pack 1 pick 15:
--> Island

--: Cliffhaven Vampire

--: Cliffhaven Vampire

------ OGW ------ 

Pack 2 pick 1:
    Boulder Salvo
    Holdout Settlement
    Blinding Drone
    Kozilek's Pathfinder
    Vines of the Recluse
    Zulaport Chainmage
    Saddleback Lagac
    Eldrazi Aggressor
    Dazzling Reflection
    Slip Through Space
--> Cliffhaven Vampire
    Flaying Tendrils
    Relentless Hunter
    Stone Haven Outfitter
    Forest

--: Kozilek's Translator

--: Kozilek's Translator

Pack 2 pick 2:
    Stalking Drone
    Goblin Freerunner
    Wastes
    Jwar Isle Avenger
    Warden of Geometries
--> Kozilek's Translator
    Saddleback Lagac
    Abstruse Interference
    Akoum Flameseeker
    Searing Light
    Null Caller
    Devour in Flames
    Oath of Chandra
    Swamp

--: Kor Sky Climber

--: Slaughter Drone

--: Kor Sky Climber

--: Slaughter Drone

--: Slaughter Drone

Pack 2 pick 3:
    Kor Sky Climber
    Vampire Envoy
    Cinder Hellion
    Holdout Settlement
    Corpse Churn
    Natural State
--> Slaughter Drone
    Comparative Analysis
    Eldrazi Aggressor
    Reckless Bushwhacker
    Harvester Troll
    Stormchaser Mage
    Plains

--: Tar Snare

--: Tar Snare

Pack 2 pick 4:
--> Tar Snare
    Reality Hemorrhage
    Wastes
    Corpse Churn
    Canopy Gorger
    Negate
    Sparkmage's Gambit
    Cinder Barrens
    Iona's Blessing
    Visions of Brutality
    Eldrazi Mimic
    Mountain

--: Holdout Settlement

--: Holdout Settlement

Pack 2 pick 5:
    Tajuru Pathwarden
--> Holdout Settlement
    Blinding Drone
    Loam Larva
    Cultivator Drone
    Expedite
    Ancient Crab
    Birthing Hulk
    Walker of the Wastes
    Warping Wail
    Island

--: Spawnbinder Mage

--: Spawnbinder Mage

Pack 2 pick 6:
    Kozilek's Pathfinder
--> Spawnbinder Mage
    Loam Larva
    Pulse of Murasa
    Plains
    Mighty Leap
    Consuming Sinkhole
    Devour in Flames
    Ruin in Their Wake
    Island

--: Unnatural Endurance

--: Unnatural Endurance

Pack 2 pick 7:
    Pyromancer's Assault
    Loam Larva
--> Unnatural Endurance
    Mighty Leap
    Consuming Sinkhole
    Embodiment of Fury
    Embodiment of Insight
    Immobilizer Eldrazi
    Plains

--: Unknown Shores

--: Unknown Shores

Pack 2 pick 8:
--> Unknown Shores
    Tajuru Pathwarden
    Witness the End
    Netcaster Spider
    Cultivator Drone
    Brute Strength
    Walker of the Wastes
    Island

--: Zulaport Chainmage

--: Zulaport Chainmage

Pack 2 pick 9:
    Kozilek's Pathfinder
    Vines of the Recluse
--> Zulaport Chainmage
    Dazzling Reflection
    Slip Through Space
    Relentless Hunter
    Forest

--: Searing Light

--: Searing Light

Pack 2 pick 10:
    Abstruse Interference
    Akoum Flameseeker
--> Searing Light
    Null Caller
    Devour in Flames
    Swamp

Pack 2 pick 11:
    Cinder Hellion
--> Corpse Churn
    Natural State
    Eldrazi Aggressor
    Plains

Pack 2 pick 12:
    Corpse Churn
    Negate
--> Iona's Blessing
    Mountain

Pack 2 pick 13:
    Ancient Crab
--> Warping Wail
    Island

Pack 2 pick 14:
--> Plains
    Island

Pack 2 pick 15:
--> Plains

--: Stone Haven Medic

--: Stone Haven Medic

------ BFZ ------ 

Pack 3 pick 1:
    Dutiful Return
    Blisterpod
    Anticipate
    Sludge Crawler
    Belligerent Whiptail
--> Stone Haven Medic
    Valakut Invoker
    Ondu Greathorn
    Dominator Drone
    Ondu Champion
    Brood Monitor
    Coastal Discovery
    Pathway Arrows
    Canopy Vista
    Island

--: Angel of Renewal

--: Angel of Renewal

Pack 3 pick 2:
    Oracle of Dust
    Dispel
    Mind Raker
    Territorial Baloth
    Nettle Drone
    Cliffside Lookout
    Makindi Sliderunner
    Smite the Monstrous
    Kozilek's Channeler
    Vestige of Emrakul
--> Angel of Renewal
    Retreat to Valakut
    March from the Tomb
    Island

--: Culling Drone

--: Culling Drone

Pack 3 pick 3:
    Tajuru Stalwart
    Clutch of Currents
--> Culling Drone
    Giant Mantis
    Volcanic Upheaval
    Angelic Gift
    Kitesail Scout
    Smite the Monstrous
    Stonefury
    Ulamog's Despoiler
    Crumble to Dust
    Vampiric Rites
    Mountain

--: Gideon's Reproach

--: Gideon's Reproach

Pack 3 pick 4:
    Seek the Wilds
    Oracle of Dust
    Altar's Reap
    Plummet
    Boiling Earth
    Lithomancer's Focus
    Ondu Champion
--> Gideon's Reproach
    Slab Hammer
    Skitterskin
    Roil's Retribution
    Plains

--: Gideon's Reproach

--: Gideon's Reproach

Pack 3 pick 5:
    Earthen Arms
    Incubator Drone
    Reclaiming Vines
    Volcanic Upheaval
    Tandem Tactics
    Ghostly Sentinel
    Vestige of Emrakul
--> Gideon's Reproach
    Titan's Presence
    Grovetender Druids
    Plains

--: Sheer Drop

--: Sheer Drop

Pack 3 pick 6:
    Earthen Arms
    Plummet
    Lithomancer's Focus
--> Sheer Drop
    Hedron Blade
    Courier Griffin
    Skitterskin
    Expedition Envoy
    Retreat to Hagra
    Forest

--: Kalastria Nightwatch

--: Kalastria Nightwatch

Pack 3 pick 7:
    Dispel
--> Kalastria Nightwatch
    Earthen Arms
    Murk Strider
    Inspired Charge
    Stonefury
    Ondu Greathorn
    Lifespring Druid
    Island

--: Sheer Drop

Pack 3 pick 8:
    Altar's Reap
    Plummet
    Shatterskull Recruit
    Vestige of Emrakul
--> Sheer Drop
    Infuse with the Elements
    Prism Array
    Island

--: Dominator Drone

--: Dominator Drone

Pack 3 pick 9:
    Dutiful Return
    Belligerent Whiptail
    Ondu Greathorn
--> Dominator Drone
    Ondu Champion
    Pathway Arrows
    Island

--: March from the Tomb

Pack 3 pick 10:
    Dispel
    Mind Raker
    Vestige of Emrakul
    Retreat to Valakut
--> March from the Tomb
    Island

--: Vampiric Rites

Pack 3 pick 11:
    Volcanic Upheaval
    Angelic Gift
    Crumble to Dust
--> Vampiric Rites
    Mountain

Pack 3 pick 12:
    Oracle of Dust
--> Lithomancer's Focus
    Ondu Champion
    Plains

Pack 3 pick 13:
--> Earthen Arms
    Volcanic Upheaval
    Plains

Pack 3 pick 14:
--> Lithomancer's Focus
    Forest

Pack 3 pick 15:
--> Island

