Event #: 9436538
Time:    2/24/2016 8:31:25 PM
Players:
    Feniqs
--> FinchleyCentral
    Moonscope
    Knubbbe
    FloodProofBeds
    Nosferatu
    subtlepanda
    Urano

--: Sifter of Skulls

--: Sifter of Skulls

------ OGW ------ 

Pack 1 pick 1:
    Bone Saw
    Vampire Envoy
    Tajuru Pathwarden
    Goblin Freerunner
    Zulaport Chainmage
    Natural State
    Witness the End
    Dazzling Reflection
    Slip Through Space
    Consuming Sinkhole
    Pyromancer's Assault
    Relentless Hunter
    Void Shatter
--> Sifter of Skulls
    Mountain

--: Boulder Salvo

--: Boulder Salvo

Pack 1 pick 2:
    Tar Snare
--> Boulder Salvo
    Unknown Shores
    Blinding Drone
    Elemental Uprising
    Zulaport Chainmage
    Natural State
    Eldrazi Aggressor
    Dazzling Reflection
    Slip Through Space
    Birthing Hulk
    Tranquil Expanse
    Flayer Drone
    Forest

--: Vampire Envoy

--: Vampire Envoy

Pack 1 pick 3:
    Spawnbinder Mage
--> Vampire Envoy
    Unknown Shores
    Sweep Away
    Witness the End
    Canopy Gorger
    Abstruse Interference
    Akoum Flameseeker
    Searing Light
    Grip of the Roil
    Tears of Valakut
    Weapons Trainer
    Swamp

--: Maw of Kozilek

--: Stalking Drone

--: Stalking Drone

Pack 1 pick 4:
    Wastes
    Jwar Isle Avenger
    Warden of Geometries
--> Stalking Drone
    Witness the End
    Netcaster Spider
    Slaughter Drone
    Ancient Crab
    Maw of Kozilek
    Mighty Leap
    Baloth Pup
    Island

--: Spawnbinder Mage

--: Zada's Commando

Pack 1 pick 5:
    Seer's Lantern
    Spawnbinder Mage
--> Zada's Commando
    Loam Larva
    Kozilek's Translator
    Umara Entangler
    Consuming Sinkhole
    Shoulder to Shoulder
    Spatial Contortion
    Mindmelter
    Plains

--: Maw of Kozilek

--: Maw of Kozilek

Pack 1 pick 6:
    Wastes
    Jwar Isle Avenger
    Warden of Geometries
    Tar Snare
    Searing Light
    Negate
--> Maw of Kozilek
    Grip of the Roil
    Oath of Gideon
    Forest

--: Unknown Shores

--: Unknown Shores

--: Unknown Shores

Pack 1 pick 7:
--> Unknown Shores
    Sweep Away
    Vines of the Recluse
    Forest
    Affa Protector
    Ancient Crab
    Expedite
    Stoneforge Acolyte
    Swamp

--: Unnatural Endurance

--: Unnatural Endurance

Pack 1 pick 8:
--> Unnatural Endurance
    Zulaport Chainmage
    Comparative Analysis
    Eldrazi Aggressor
    Affa Protector
    Harvester Troll
    Call the Gatewatch
    Forest

--: Zulaport Chainmage

Pack 1 pick 9:
--> Zulaport Chainmage
    Natural State
    Dazzling Reflection
    Slip Through Space
    Consuming Sinkhole
    Void Shatter
    Mountain

--: Zulaport Chainmage

Pack 1 pick 10:
    Elemental Uprising
--> Zulaport Chainmage
    Natural State
    Dazzling Reflection
    Slip Through Space
    Forest

--: Tears of Valakut

Pack 1 pick 11:
    Sweep Away
    Witness the End
    Abstruse Interference
--> Tears of Valakut
    Swamp

--: Witness the End

Pack 1 pick 12:
--> Witness the End
    Ancient Crab
    Mighty Leap
    Island

--: Seer's Lantern

Pack 1 pick 13:
--> Seer's Lantern
    Consuming Sinkhole
    Plains

--: Negate

Pack 1 pick 14:
--> Negate
    Forest

--: Swamp

Pack 1 pick 15:
--> Swamp

--: Linvala, the Preserver

--: Grasp of Darkness

--: Grasp of Darkness

------ OGW ------ 

Pack 2 pick 1:
    Blinding Drone
    Kozilek's Pathfinder
    Tajuru Pathwarden
    Expedition Raptor
    Blinding Drone
    Corpse Churn
    Canopy Gorger
    Sparkmage's Gambit
    Shoulder to Shoulder
    Slip Through Space
--> Grasp of Darkness
    Nissa's Judgment
    Reflector Mage
    Linvala, the Preserver
    Plains

--: Endbringer

--: Endbringer

Pack 2 pick 2:
    Unknown Shores
    Gravity Negator
    Warden of Geometries
    Stalking Drone
    Canopy Gorger
    Sky Scourer
    Elemental Uprising
    Mighty Leap
    Cultivator Drone
    Expedite
    Cyclone Sire
    Steppe Glider
--> Endbringer
    Island

--: Vampire Envoy

--: Vampire Envoy

Pack 2 pick 3:
    Wastes
    Containment Membrane
    Bone Saw
--> Vampire Envoy
    Elemental Uprising
    Sky Scourer
    Eldrazi Aggressor
    Kor Scythemaster
    Negate
    Spatial Contortion
    Immolating Glare
    Joraga Auxiliary
    Plains

--: Inverter of Truth

--: Goblin Freerunner

--: Akoum Flameseeker

--: Akoum Flameseeker

Pack 2 pick 4:
    Kozilek's Pathfinder
    Goblin Freerunner
    Lead by Example
    Corpse Churn
    Natural State
    Makindi Aeronaut
    Abstruse Interference
--> Akoum Flameseeker
    Chitinous Cloak
    Baloth Pup
    Inverter of Truth
    Mountain

--: Malakir Soothsayer

--: Malakir Soothsayer

Pack 2 pick 5:
    Stalking Drone
    Kor Sky Climber
    Saddleback Lagac
    Corpse Churn
    Natural State
    Expedite
    Searing Light
    Comparative Analysis
--> Malakir Soothsayer
    Warping Wail
    Forest

--: Immobilizer Eldrazi

--: Immobilizer Eldrazi

Pack 2 pick 6:
    Jwar Isle Avenger
    Netcaster Spider
    Witness the End
    Akoum Flameseeker
    Dazzling Reflection
    Slip Through Space
--> Immobilizer Eldrazi
    Iona's Blessing
    Oath of Jace
    Forest

--: Unnatural Endurance

Pack 2 pick 7:
    Wastes
    Loam Larva
--> Unnatural Endurance
    Searing Light
    Negate
    Sparkmage's Gambit
    Seed Guardian
    Flaying Tendrils
    Forest

--: Holdout Settlement

--: Holdout Settlement

Pack 2 pick 8:
--> Holdout Settlement
    Witness the End
    Canopy Gorger
    Cultivator Drone
    Expedite
    Unity of Purpose
    Weapons Trainer
    Swamp

--: Kozilek's Pathfinder

Pack 2 pick 9:
--> Kozilek's Pathfinder
    Tajuru Pathwarden
    Corpse Churn
    Canopy Gorger
    Sparkmage's Gambit
    Slip Through Space
    Plains

--: Gravity Negator

Pack 2 pick 10:
--> Gravity Negator
    Canopy Gorger
    Elemental Uprising
    Mighty Leap
    Expedite
    Island

--: Eldrazi Aggressor

Pack 2 pick 11:
    Bone Saw
    Elemental Uprising
--> Eldrazi Aggressor
    Negate
    Plains

--: Corpse Churn

Pack 2 pick 12:
--> Corpse Churn
    Natural State
    Abstruse Interference
    Mountain

--: Searing Light

Pack 2 pick 13:
    Natural State
--> Searing Light
    Forest

--: Witness the End

Pack 2 pick 14:
--> Witness the End
    Forest

Pack 2 pick 15:
--> Forest

--: Gideon, Ally of Zendikar

--: Gideon, Ally of Zendikar

------ BFZ ------ 

Pack 3 pick 1:
    Swell of Growth
    Mist Intruder
    Dutiful Return
    Blisterpod
    Brilliant Spectrum
    Kozilek's Sentinel
    Makindi Patrol
    Nettle Drone
    Sheer Drop
    Hedron Blade
    Ulamog's Nullifier
    Titan's Presence
    Catacomb Sifter
--> Gideon, Ally of Zendikar
    Swamp

--: Ruinous Path

--: Ruinous Path

Pack 3 pick 2:
    Culling Drone
    Giant Mantis
    Anticipate
    Mind Raker
    Tandem Tactics
    Sure Strike
    Benthic Infiltrator
    Vestige of Emrakul
    Touch of the Void
    Kor Bladewhirl
    Grip of Desolation
    Unified Front
--> Ruinous Path
    Forest

--: Hagra Sharpshooter

--: Culling Drone

--: Culling Drone

Pack 3 pick 3:
    Incubator Drone
--> Culling Drone
    Rush of Ice
    Silent Skimmer
    Mortuary Mire
    Natural Connection
    Tightening Coils
    Eldrazi Devastator
    Boiling Earth
    Retreat to Valakut
    Cryptic Cruiser
    Hagra Sharpshooter
    Plains

--: Ruin Processor

Pack 3 pick 4:
    Roilmage's Trick
    Swarm Surge
    Tajuru Stalwart
    Spell Shrivel
--> Ruin Processor
    Skyline Cascade
    Felidar Cub
    Goblin War Paint
    Zulaport Cutthroat
    Roil's Retribution
    Retreat to Coralhelm
    Plains

--: Aligned Hedron Network

--: Aligned Hedron Network

Pack 3 pick 5:
    Incubator Drone
    Kalastria Healer
    Grave Birthing
    Wave-Wing Elemental
    Geyserfield Stalker
    Stone Haven Medic
    Volcanic Upheaval
    Horribly Awry
    Jaddi Offshoot
--> Aligned Hedron Network
    Plains

--: Kalastria Nightwatch

--: Kalastria Nightwatch

Pack 3 pick 6:
    Dispel
--> Kalastria Nightwatch
    Sandstone Bridge
    Demon's Grasp
    Skyline Cascade
    Stone Haven Medic
    Volcanic Upheaval
    Encircling Fissure
    Adverse Conditions
    Swamp

--: Bone Splinters

--: Bone Splinters

Pack 3 pick 7:
    Seek the Wilds
    Coralhelm Guide
--> Bone Splinters
    Broodhunter Wurm
    Mortuary Mire
    Looming Spires
    Fortified Rampart
    Lavastep Raider
    Island

--: Firemantle Mage

--: Firemantle Mage

Pack 3 pick 8:
    Call the Scions
    Roilmage's Trick
    Scour from Existence
    Lithomancer's Focus
    Goblin War Paint
    Infuse with the Elements
--> Firemantle Mage
    Island

--: Dutiful Return

Pack 3 pick 9:
    Swell of Growth
    Mist Intruder
--> Dutiful Return
    Blisterpod
    Brilliant Spectrum
    Ulamog's Nullifier
    Swamp

--: Vestige of Emrakul

--: Vestige of Emrakul

Pack 3 pick 10:
    Giant Mantis
    Mind Raker
    Tandem Tactics
    Sure Strike
--> Vestige of Emrakul
    Forest

--: Boiling Earth

--: Boiling Earth

Pack 3 pick 11:
    Rush of Ice
--> Boiling Earth
    Retreat to Valakut
    Cryptic Cruiser
    Plains

--: Goblin War Paint

Pack 3 pick 12:
    Roilmage's Trick
--> Goblin War Paint
    Retreat to Coralhelm
    Plains

--: Volcanic Upheaval

--: Horribly Awry

Pack 3 pick 13:
    Volcanic Upheaval
--> Horribly Awry
    Plains

--: Volcanic Upheaval

Pack 3 pick 14:
--> Volcanic Upheaval
    Swamp

Pack 3 pick 15:
--> Island

