Event #: 9440579
Time:    2/25/2016 7:44:37 PM
Players:
    explodedpiano
    Omnicide7272
    Diem4x
--> FinchleyCentral
    JustImpolite
    AGChevelle
    TorpeshMTG
    Phizzle

--: Immolating Glare

--: Immolating Glare

------ OGW ------ 

Pack 1 pick 1:
    Unknown Shores
    Gravity Negator
    Warden of Geometries
    Stalking Drone
    Sky Scourer
    Elemental Uprising
    Zulaport Chainmage
    Brute Strength
    Kor Scythemaster
    Immobilizer Eldrazi
--> Immolating Glare
    Reaver Drone
    Flayer Drone
    Hedron Alignment
    Mountain

--: Shoulder to Shoulder

--: Shoulder to Shoulder

Pack 1 pick 2:
    Tar Snare
    Stalking Drone
    Cinder Hellion
    Wastes
    Jwar Isle Avenger
    Vines of the Recluse
    Zulaport Chainmage
    Negate
    Sparkmage's Gambit
--> Shoulder to Shoulder
    Meandering River
    Prophet of Distortion
    Bonds of Mortality
    Forest

--: Essence Depleter

--: Essence Depleter

--: Essence Depleter

Pack 1 pick 3:
    Kozilek's Pathfinder
    Scion Summoner
    Kor Sky Climber
    Kozilek's Shrieker
    Lead by Example
    Untamed Hunger
    Sparkmage's Gambit
    Kor Scythemaster
    Comparative Analysis
--> Essence Depleter
    Baloth Pup
    Oath of Jace
    Mountain

--: Slaughter Drone

--: Slaughter Drone

Pack 1 pick 4:
    Kozilek's Pathfinder
    Spawnbinder Mage
    Goblin Freerunner
    Corpse Churn
    Natural State
--> Slaughter Drone
    Sparkmage's Gambit
    Makindi Aeronaut
    Umara Entangler
    Cinder Barrens
    Call the Gatewatch
    Forest

--: Spawnbinder Mage

--: Seer's Lantern

--: Unnatural Endurance

--: Unnatural Endurance

Pack 1 pick 5:
    Seer's Lantern
    Spawnbinder Mage
    Vines of the Recluse
--> Unnatural Endurance
    Pulse of Murasa
    Eldrazi Aggressor
    Dazzling Reflection
    Slip Through Space
    Cinder Barrens
    Iona's Blessing
    Forest

--: Seer's Lantern

--: Seer's Lantern

Pack 1 pick 6:
    Sweep Away
--> Seer's Lantern
    Corpse Churn
    Canopy Gorger
    Mighty Leap
    Abstruse Interference
    Akoum Flameseeker
    Reaver Drone
    Void Grafter
    Mountain

--: Kozilek's Shrieker

--: Kozilek's Shrieker

Pack 1 pick 7:
    Crumbling Vestige
    Hedron Crawler
--> Kozilek's Shrieker
    Loam Larva
    Affa Protector
    Mighty Leap
    Consuming Sinkhole
    Wandering Fumarole
    Island

--: Wastes

--: Wastes

Pack 1 pick 8:
--> Wastes
    Gravity Negator
    Corpse Churn
    Natural State
    Comparative Analysis
    Grip of the Roil
    Tears of Valakut
    Forest

--: Sky Scourer

--: Sky Scourer

Pack 1 pick 9:
    Gravity Negator
    Warden of Geometries
--> Sky Scourer
    Elemental Uprising
    Reaver Drone
    Hedron Alignment
    Mountain

--: Wastes

Pack 1 pick 10:
--> Wastes
    Vines of the Recluse
    Negate
    Sparkmage's Gambit
    Bonds of Mortality
    Forest

--: Lead by Example

Pack 1 pick 11:
--> Lead by Example
    Untamed Hunger
    Sparkmage's Gambit
    Oath of Jace
    Mountain

--: Corpse Churn

Pack 1 pick 12:
--> Corpse Churn
    Natural State
    Sparkmage's Gambit
    Forest

--: Cinder Barrens

Pack 1 pick 13:
--> Cinder Barrens
    Iona's Blessing
    Forest

--: Corpse Churn

Pack 1 pick 14:
--> Corpse Churn
    Mountain

--: Island

Pack 1 pick 15:
--> Island

--: Kor Sky Climber

--: Kor Sky Climber

------ OGW ------ 

Pack 2 pick 1:
--> Kor Sky Climber
    Reality Hemorrhage
    Wastes
    Containment Membrane
    Natural State
    Witness the End
    Netcaster Spider
    Eldrazi Aggressor
    Affa Protector
    Mighty Leap
    Submerged Boneyard
    Tears of Valakut
    Flaying Tendrils
    Stoneforge Masterwork
    Forest

--: Havoc Sower

--: Havoc Sower

Pack 2 pick 2:
    Bone Saw
    Vampire Envoy
    Tajuru Pathwarden
    Goblin Freerunner
    Slaughter Drone
--> Havoc Sower
    Untamed Hunger
    Expedite
    Makindi Aeronaut
    Abstruse Interference
    Void Shatter
    Baloth Null
    Tyrant of Valakut
    Island

--: Expedition Raptor

--: Ondu War Cleric

--: Ondu War Cleric

Pack 2 pick 3:
    Seer's Lantern
    Expedition Raptor
    Zada's Commando
    Slaughter Drone
    Lead by Example
--> Ondu War Cleric
    Cultivator Drone
    Expedite
    Makindi Aeronaut
    Tranquil Expanse
    Stoneforge Acolyte
    Dimensional Infiltrator
    Swamp

--: Kozilek's Pathfinder

Pack 2 pick 4:
    Holdout Settlement
    Blinding Drone
--> Kozilek's Pathfinder
    Sky Scourer
    Elemental Uprising
    Zulaport Chainmage
    Dazzling Reflection
    Slip Through Space
    Brute Strength
    Submerged Boneyard
    Void Shatter
    Forest

--: Kozilek's Shrieker

--: Kozilek's Shrieker

Pack 2 pick 5:
    Warden of Geometries
    Kor Sky Climber
    Reality Hemorrhage
    Slaughter Drone
    Canopy Gorger
--> Kozilek's Shrieker
    Ancient Crab
    Affa Protector
    Makindi Aeronaut
    Null Caller
    Mountain

--: Walker of the Wastes

--: Walker of the Wastes

Pack 2 pick 6:
    Holdout Settlement
    Blinding Drone
    Kozilek's Pathfinder
    Spawnbinder Mage
    Vines of the Recluse
    Kozilek's Translator
    Ancient Crab
--> Walker of the Wastes
    Steppe Glider
    Swamp

--: Wastes

Pack 2 pick 7:
--> Wastes
    Loam Larva
    Unnatural Endurance
    Pulse of Murasa
    Consuming Sinkhole
    Ancient Crab
    Chitinous Cloak
    Gift of Tusks
    Plains

--: Sky Scourer

Pack 2 pick 8:
    Bone Saw
    Elemental Uprising
--> Sky Scourer
    Brute Strength
    Mighty Leap
    Strider Harness
    Stoneforge Acolyte
    Plains

--: Witness the End

Pack 2 pick 9:
    Natural State
--> Witness the End
    Eldrazi Aggressor
    Affa Protector
    Mighty Leap
    Submerged Boneyard
    Forest

--: Bone Saw

--: Untamed Hunger

Pack 2 pick 10:
    Bone Saw
--> Untamed Hunger
    Expedite
    Abstruse Interference
    Void Shatter
    Island

--: Tranquil Expanse

Pack 2 pick 11:
    Lead by Example
    Expedite
--> Tranquil Expanse
    Stoneforge Acolyte
    Swamp

--: Brute Strength

Pack 2 pick 12:
    Elemental Uprising
    Slip Through Space
--> Brute Strength
    Forest

--: Affa Protector

Pack 2 pick 13:
    Ancient Crab
--> Affa Protector
    Mountain

--: Vines of the Recluse

Pack 2 pick 14:
--> Vines of the Recluse
    Swamp

--: Plains

--: Plains

Pack 2 pick 15:
--> Plains

--: Demon's Grasp

--: Sludge Crawler

--: Demon's Grasp

--: Demon's Grasp

------ BFZ ------ 

Pack 3 pick 1:
    Sludge Crawler
    Earthen Arms
    Incubator Drone
    Cloud Manta
    Sandstone Bridge
    Tajuru Beastmaster
--> Demon's Grasp
    Skyline Cascade
    Tandem Tactics
    Sure Strike
    Brood Monitor
    Resolute Blademaster
    Retreat to Valakut
    Noyan Dar, Roil Shaper
    Island

--: Grip of Desolation

--: Grip of Desolation

Pack 3 pick 2:
    Sludge Crawler
    Earthen Arms
    Incubator Drone
    Looming Spires
    Grave Birthing
    Eyeless Watcher
    Eldrazi Devastator
    Wave-Wing Elemental
    Boiling Earth
    Lithomancer's Focus
    Sylvan Scrying
    Carrier Thrall
--> Grip of Desolation
    Forest

--: Dominator Drone

--: Dominator Drone

Pack 3 pick 3:
    Coralhelm Guide
    Nirkana Assassin
    Oran-Rief Invoker
    Dispel
    Kitesail Scout
    Belligerent Whiptail
--> Dominator Drone
    Stonefury
    Ondu Greathorn
    Spawning Bed
    Skyrider Elf
    Firemantle Mage
    Forest

--: Hagra Sharpshooter

--: Hagra Sharpshooter

Pack 3 pick 4:
    Seek the Wilds
    Oracle of Dust
    Altar's Reap
    Looming Spires
    Grave Birthing
    Eyeless Watcher
    Eldrazi Devastator
    Wave-Wing Elemental
    Cliffside Lookout
--> Hagra Sharpshooter
    Veteran Warleader
    Plains

--: Culling Drone

Pack 3 pick 5:
--> Culling Drone
    Seek the Wilds
    Eldrazi Devastator
    Demon's Grasp
    Fertile Thicket
    Snapping Gnarlid
    Angelic Gift
    Slab Hammer
    Retreat to Coralhelm
    Retreat to Kazandu
    Forest

--: Eldrazi Devastator

Pack 3 pick 6:
    Roilmage's Trick
    Dutiful Return
    Swell of Growth
    Looming Spires
    Grave Birthing
    Eyeless Watcher
--> Eldrazi Devastator
    Tandem Tactics
    Ulamog's Reclaimer
    Swamp

--: Lithomancer's Focus

Pack 3 pick 7:
    Dutiful Return
    Blisterpod
--> Lithomancer's Focus
    Goblin War Paint
    Ondu Champion
    Vestige of Emrakul
    Crumble to Dust
    Nissa's Renewal
    Island

--: Fortified Rampart

Pack 3 pick 8:
    Voracious Null
    Brilliant Spectrum
    Nirkana Assassin
--> Fortified Rampart
    Valakut Predator
    Hedron Blade
    Grovetender Druids
    Plains

--: Resolute Blademaster

--: Retreat to Valakut

--: Earthen Arms

--: Sandstone Bridge

--: Skyline Cascade

--: Tandem Tactics

--: Tandem Tactics

Pack 3 pick 9:
    Earthen Arms
    Sandstone Bridge
    Skyline Cascade
--> Tandem Tactics
    Resolute Blademaster
    Retreat to Valakut
    Island

--: Eldrazi Devastator

Pack 3 pick 10:
    Earthen Arms
    Grave Birthing
--> Eldrazi Devastator
    Lithomancer's Focus
    Sylvan Scrying
    Forest

--: Ondu Greathorn

Pack 3 pick 11:
    Nirkana Assassin
    Kitesail Scout
    Belligerent Whiptail
--> Ondu Greathorn
    Forest

--: Altar's Reap

Pack 3 pick 12:
    Seek the Wilds
--> Altar's Reap
    Cliffside Lookout
    Plains

--: Angelic Gift

Pack 3 pick 13:
    Seek the Wilds
--> Angelic Gift
    Forest

--: Dutiful Return

Pack 3 pick 14:
--> Dutiful Return
    Swamp

--: Island

Pack 3 pick 15:
--> Island

