Event #: 9444628
Time:    2/26/2016 11:21:37 PM
Players:
    whosajani
    Yankees24
    frankleb89
    eodnd85
    pauljwinsk
    stratcast557
    andal
--> maabus422

--: Embodiment of Fury

--: Embodiment of Fury

------ OGW ------ 

Pack 1 pick 1:
    Sweep Away
    Seer's Lantern
    Tajuru Pathwarden
    Expedition Raptor
    Elemental Uprising
    Sky Scourer
    Saddleback Lagac
    Slip Through Space
    Maw of Kozilek
    Dazzling Reflection
    Roiling Waters
--> Embodiment of Fury
    Baloth Null
    Zendikar Resurgent
    Forest

--: Sylvan Advocate

--: Sylvan Advocate

Pack 1 pick 2:
    Scion Summoner
    Boulder Salvo
    Wastes
    Unnatural Endurance
    Pulse of Murasa
    Untamed Hunger
    Eldrazi Aggressor
    Dazzling Reflection
    Slip Through Space
    Timber Gorge
    Cyclone Sire
    Thought Harvester
--> Sylvan Advocate
    Mountain

--: Stalking Drone

--: Stalking Drone

Pack 1 pick 3:
    Hedron Crawler
--> Stalking Drone
    Goblin Freerunner
    Untamed Hunger
    Pulse of Murasa
    Unnatural Endurance
    Umara Entangler
    Consuming Sinkhole
    Shoulder to Shoulder
    Grip of the Roil
    Unity of Purpose
    Wandering Fumarole
    Forest

--: Cultivator Drone

--: Akoum Flameseeker

--: Cultivator Drone

--: Akoum Flameseeker

--: Cultivator Drone

--: Cultivator Drone

Pack 1 pick 4:
    Sweep Away
    Seer's Lantern
    Spawnbinder Mage
    Sky Scourer
    Elemental Uprising
    Zulaport Chainmage
    Akoum Flameseeker
--> Cultivator Drone
    Gift of Tusks
    Mindmelter
    Hissing Quagmire
    Island

--: Thought Harvester

--: Thought Harvester

Pack 1 pick 5:
    Wastes
    Jwar Isle Avenger
    Warden of Geometries
    Canopy Gorger
    Kozilek's Shrieker
    Lead by Example
    Expedite
    Walker of the Wastes
--> Thought Harvester
    Steppe Glider
    Island

--: Stalking Drone

--: Stalking Drone

Pack 1 pick 6:
--> Stalking Drone
    Vines of the Recluse
    Zulaport Chainmage
    Consuming Sinkhole
    Shoulder to Shoulder
    Ancient Crab
    Make a Stand
    Ruin in Their Wake
    Oath of Gideon
    Island

--: Scion Summoner

--: Scion Summoner

Pack 1 pick 7:
    Wastes
    Bone Saw
--> Scion Summoner
    Loam Larva
    Witness the End
    Comparative Analysis
    Cinder Barrens
    Visions of Brutality
    Mountain

--: Baloth Null

--: Immobilizer Eldrazi

--: Baloth Null

--: Immobilizer Eldrazi

--: Immobilizer Eldrazi

Pack 1 pick 8:
    Vines of the Recluse
    Zulaport Chainmage
    Ancient Crab
    Maw of Kozilek
    Mighty Leap
--> Immobilizer Eldrazi
    Baloth Null
    Plains

--: Tajuru Pathwarden

--: Tajuru Pathwarden

Pack 1 pick 9:
    Sweep Away
    Seer's Lantern
--> Tajuru Pathwarden
    Elemental Uprising
    Slip Through Space
    Dazzling Reflection
    Forest

--: Wastes

--: Slip Through Space

--: Slip Through Space

Pack 1 pick 10:
    Wastes
    Unnatural Endurance
    Untamed Hunger
    Dazzling Reflection
--> Slip Through Space
    Mountain

--: Pulse of Murasa

--: Pulse of Murasa

Pack 1 pick 11:
    Untamed Hunger
--> Pulse of Murasa
    Umara Entangler
    Consuming Sinkhole
    Forest

--: Elemental Uprising

Pack 1 pick 12:
--> Elemental Uprising
    Zulaport Chainmage
    Gift of Tusks
    Island

Pack 1 pick 13:
    Canopy Gorger
--> Kozilek's Shrieker
    Island

Pack 1 pick 14:
--> Consuming Sinkhole
    Island

Pack 1 pick 15:
--> Mountain

--: Kalitas, Traitor of Ghet

------ OGW ------ 

Pack 2 pick 1:
    Goblin Freerunner
    Holdout Settlement
    Blinding Drone
    Kozilek's Pathfinder
    Lead by Example
    Corpse Churn
    Natural State
    Affa Protector
    Makindi Aeronaut
    Abstruse Interference
    Grip of the Roil
    Allied Reinforcements
    Wall of Resurgence
--> Kalitas, Traitor of Ghet
    Island

--: Vampire Envoy

--: Deceiver of Form

--: Deceiver of Form

Pack 2 pick 2:
    Containment Membrane
    Bone Saw
    Vampire Envoy
    Tajuru Pathwarden
    Kozilek's Shrieker
    Netcaster Spider
    Umara Entangler
    Brute Strength
    Mighty Leap
    Cultivator Drone
    Cliffhaven Vampire
    Relentless Hunter
--> Deceiver of Form
    Forest

--: Hedron Crawler

--: Hedron Crawler

Pack 2 pick 3:
    Zada's Commando
    Crumbling Vestige
    Jwar Isle Avenger
--> Hedron Crawler
    Lead by Example
    Corpse Churn
    Natural State
    Ancient Crab
    Affa Protector
    Makindi Aeronaut
    Reflector Mage
    Overwhelming Denial
    Swamp

--: Tar Snare

--: Tar Snare

Pack 2 pick 4:
--> Tar Snare
    Wastes
    Gravity Negator
    Bone Saw
    Pulse of Murasa
    Zulaport Chainmage
    Negate
    Sparkmage's Gambit
    Submerged Boneyard
    Void Shatter
    Call the Gatewatch
    Mountain

--: Kozilek's Translator

--: Seer's Lantern

--: Kozilek's Translator

--: Kozilek's Translator

Pack 2 pick 5:
    Seer's Lantern
    Kor Sky Climber
    Witness the End
    Canopy Gorger
--> Kozilek's Translator
    Cultivator Drone
    Expedite
    Ondu War Cleric
    Tranquil Expanse
    Stoneforge Acolyte
    Island

--: Tajuru Pathwarden

--: Tajuru Pathwarden

Pack 2 pick 6:
    Bone Saw
--> Tajuru Pathwarden
    Corpse Churn
    Canopy Gorger
    Maw of Kozilek
    Shoulder to Shoulder
    Umara Entangler
    Kazuul's Toll Collector
    Immobilizer Eldrazi
    Plains

--: Baloth Null

Pack 2 pick 7:
    Containment Membrane
    Hedron Crawler
    Tar Snare
    Witness the End
    Canopy Gorger
    Ancient Crab
    Void Shatter
--> Baloth Null
    Plains

--: Wastes

--: Wastes

Pack 2 pick 8:
--> Wastes
    Untamed Hunger
    Vines of the Recluse
    Abstruse Interference
    Searing Light
    Reaver Drone
    Hedron Alignment
    Swamp

--: Lead by Example

--: Lead by Example

Pack 2 pick 9:
    Kozilek's Pathfinder
--> Lead by Example
    Corpse Churn
    Natural State
    Affa Protector
    Abstruse Interference
    Island

--: Netcaster Spider

Pack 2 pick 10:
    Bone Saw
--> Netcaster Spider
    Brute Strength
    Mighty Leap
    Cliffhaven Vampire
    Forest

--: Lead by Example

Pack 2 pick 11:
--> Lead by Example
    Corpse Churn
    Natural State
    Ancient Crab
    Swamp

--: Zulaport Chainmage

Pack 2 pick 12:
--> Zulaport Chainmage
    Negate
    Call the Gatewatch
    Mountain

--: Witness the End

Pack 2 pick 13:
--> Witness the End
    Stoneforge Acolyte
    Island

Pack 2 pick 14:
--> Corpse Churn
    Plains

Pack 2 pick 15:
--> Plains

--: Complete Disregard

--: Tajuru Warcaller

--: Complete Disregard

--: Complete Disregard

------ BFZ ------ 

Pack 3 pick 1:
    Coralhelm Guide
    Nirkana Assassin
    Oran-Rief Invoker
    Fertile Thicket
    Snapping Gnarlid
    Spell Shrivel
--> Complete Disregard
    Scour from Existence
    Boiling Earth
    Lithomancer's Focus
    Roil's Retribution
    Tajuru Warcaller
    Retreat to Valakut
    Cinder Glade
    Forest

--: Complete Disregard

--: Complete Disregard

Pack 3 pick 2:
    Culling Drone
    Giant Mantis
    Cloud Manta
    Scour from Existence
    Grave Birthing
    Broodhunter Wurm
    Dispel
--> Complete Disregard
    Reckless Cohort
    Felidar Cub
    Blighted Cataract
    Retreat to Emeria
    Vampiric Rites
    Plains

--: Sludge Crawler

--: Sludge Crawler

--: Sludge Crawler

Pack 3 pick 3:
--> Sludge Crawler
    Plummet
    Salvage Drone
    Kozilek's Sentinel
    Cliffside Lookout
    Volcanic Upheaval
    Angelic Gift
    Ondu Champion
    Makindi Sliderunner
    Ulamog's Nullifier
    Retreat to Hagra
    Skyrider Elf
    Swamp

--: Retreat to Kazandu

--: Mind Raker

Pack 3 pick 4:
    Anticipate
--> Mind Raker
    Territorial Baloth
    Roilmage's Trick
    Boiling Earth
    Lithomancer's Focus
    Smite the Monstrous
    Ondu Greathorn
    Dampening Pulse
    Retreat to Kazandu
    Exert Influence
    Plains

--: Smothering Abomination

Pack 3 pick 5:
    Dispel
    Mind Raker
    Tajuru Beastmaster
    Silent Skimmer
    Rush of Ice
    Natural Connection
    Sure Strike
    Kitesail Scout
    Sylvan Scrying
--> Smothering Abomination
    Forest

--: Beastcaller Savant

Pack 3 pick 6:
    Dutiful Return
    Blisterpod
    Anticipate
    Boiling Earth
    Lithomancer's Focus
    Fortified Rampart
    Ghostly Sentinel
    Vampiric Rites
--> Beastcaller Savant
    Island

--: Lifespring Druid

--: Lifespring Druid

Pack 3 pick 7:
    Tajuru Stalwart
    Incubator Drone
    Seek the Wilds
    Goblin War Paint
    Stonefury
    Ondu Greathorn
--> Lifespring Druid
    Rot Shambler
    Forest

--: Blighted Woodland

Pack 3 pick 8:
    Territorial Baloth
    Roilmage's Trick
    Eldrazi Devastator
    Wave-Wing Elemental
    Fertile Thicket
    Geyserfield Stalker
--> Blighted Woodland
    Swamp

--: Scour from Existence

--: Scour from Existence

Pack 3 pick 9:
    Coralhelm Guide
    Nirkana Assassin
    Fertile Thicket
    Spell Shrivel
--> Scour from Existence
    Lithomancer's Focus
    Forest

--: Scour from Existence

--: Broodhunter Wurm

Pack 3 pick 10:
    Giant Mantis
    Scour from Existence
    Grave Birthing
--> Broodhunter Wurm
    Vampiric Rites
    Plains

--: Plummet

Pack 3 pick 11:
--> Plummet
    Volcanic Upheaval
    Angelic Gift
    Retreat to Hagra
    Swamp

Pack 3 pick 12:
    Roilmage's Trick
    Boiling Earth
--> Retreat to Kazandu
    Plains

Pack 3 pick 13:
    Mind Raker
--> Natural Connection
    Forest

Pack 3 pick 14:
--> Dutiful Return
    Island

Pack 3 pick 15:
--> Forest

