Event #: 9449405
Time:    2/28/2016 3:18:35 AM
Players:
--> D_Kaliski
    KOUSHINOBU
    ThePantsGoblin
    jayyhanosky
    nxd
    krom321
    Thuglyfe69
    JayceWong

--: Goblin Dark-Dwellers

--: Goblin Dark-Dwellers

--: Goblin Dark-Dwellers

------ OGW ------ 

Pack 1 pick 1:
    Jwar Isle Avenger
    Warden of Geometries
    Isolation Zone
    Tar Snare
    Loam Larva
    Witness the End
    Netcaster Spider
    Akoum Flameseeker
    Searing Light
    Negate
    Kazuul's Toll Collector
    Harvester Troll
    Void Shatter
--> Goblin Dark-Dwellers
    Mountain

--: Malakir Soothsayer

--: Malakir Soothsayer

Pack 1 pick 2:
    Kozilek's Pathfinder
    Tajuru Pathwarden
    Expedition Raptor
    Zada's Commando
    Crumbling Vestige
    Unnatural Endurance
    Pulse of Murasa
    Mighty Leap
    Cultivator Drone
    Expedite
    Make a Stand
    Essence Depleter
--> Malakir Soothsayer
    Plains

--: Immolating Glare

--: Slaughter Drone

--: Slaughter Drone

Pack 1 pick 3:
    Spawnbinder Mage
    Wastes
    Corpse Churn
    Natural State
--> Slaughter Drone
    Negate
    Maw of Kozilek
    Shoulder to Shoulder
    Immolating Glare
    Mindmelter
    Gift of Tusks
    Oath of Nissa
    Plains

--: Cinder Barrens

--: Vampire Envoy

--: Vampire Envoy

Pack 1 pick 4:
--> Vampire Envoy
    Unknown Shores
    Sweep Away
    Spawnbinder Mage
    Loam Larva
    Unnatural Endurance
    Umara Entangler
    Akoum Flameseeker
    Ondu War Cleric
    Null Caller
    Cinder Barrens
    Island

--: Expedition Raptor

Pack 1 pick 5:
    Kozilek's Pathfinder
    Tajuru Pathwarden
--> Expedition Raptor
    Kozilek's Translator
    Lead by Example
    Eldrazi Aggressor
    Dazzling Reflection
    Slip Through Space
    Make a Stand
    Steppe Glider
    Plains

--: Walker of the Wastes

--: Harvester Troll

--: Lead by Example

--: Lead by Example

--: Kozilek's Translator

Pack 1 pick 6:
    Wastes
    Seer's Lantern
--> Kozilek's Translator
    Lead by Example
    Dazzling Reflection
    Consuming Sinkhole
    Searing Light
    Harvester Troll
    Walker of the Wastes
    Forest

--: Stalking Drone

--: Submerged Boneyard

Pack 1 pick 7:
    Tar Snare
    Stalking Drone
    Elemental Uprising
    Ancient Crab
    Affa Protector
--> Submerged Boneyard
    Wall of Resurgence
    Void Shatter
    Island

--: Kozilek's Shrieker

--: Kozilek's Shrieker

--: Shoulder to Shoulder

--: Kozilek's Shrieker

Pack 1 pick 8:
    Kor Sky Climber
--> Kozilek's Shrieker
    Shoulder to Shoulder
    Slip Through Space
    Maw of Kozilek
    Kazuul's Toll Collector
    Tears of Valakut
    Mountain

--: Harvester Troll

Pack 1 pick 9:
    Loam Larva
    Witness the End
    Searing Light
    Negate
    Kazuul's Toll Collector
--> Harvester Troll
    Mountain

--: Unnatural Endurance

Pack 1 pick 10:
--> Unnatural Endurance
    Pulse of Murasa
    Mighty Leap
    Expedite
    Make a Stand
    Plains

--: Negate

Pack 1 pick 11:
    Corpse Churn
    Natural State
--> Negate
    Gift of Tusks
    Plains

--: Null Caller

--: Cinder Barrens

Pack 1 pick 12:
    Loam Larva
    Null Caller
--> Cinder Barrens
    Island

--: Make a Stand

Pack 1 pick 13:
    Dazzling Reflection
--> Make a Stand
    Plains

--: Consuming Sinkhole

Pack 1 pick 14:
--> Consuming Sinkhole
    Forest

--: Island

Pack 1 pick 15:
--> Island

--: Unknown Shores

--: Sky Scourer

--: Sky Scourer

--: Reaver Drone

--: Sky Scourer

------ OGW ------ 

Pack 2 pick 1:
    Cinder Hellion
    Unknown Shores
    Sweep Away
    Seer's Lantern
    Elemental Uprising
--> Sky Scourer
    Loam Larva
    Makindi Aeronaut
    Abstruse Interference
    Akoum Flameseeker
    Reaver Drone
    Meandering River
    Thought Harvester
    Overwhelming Denial
    Island

--: Embodiment of Fury

--: Embodiment of Fury

Pack 2 pick 2:
    Cinder Hellion
    Wastes
    Jwar Isle Avenger
    Warden of Geometries
    Spawnbinder Mage
    Witness the End
    Canopy Gorger
    Kor Scythemaster
    Comparative Analysis
    Eldrazi Aggressor
--> Embodiment of Fury
    Void Grafter
    Stoneforge Acolyte
    Mountain

--: Vampire Envoy

--: Vampire Envoy

Pack 2 pick 3:
    Wastes
    Containment Membrane
    Bone Saw
--> Vampire Envoy
    Witness the End
    Netcaster Spider
    Slaughter Drone
    Searing Light
    Negate
    Sparkmage's Gambit
    Steppe Glider
    Stormchaser Mage
    Swamp

--: Goblin Freerunner

--: Goblin Freerunner

Pack 2 pick 4:
--> Goblin Freerunner
    Wastes
    Pulse of Murasa
    Untamed Hunger
    Vines of the Recluse
    Cultivator Drone
    Brute Strength
    Affa Protector
    Grip of the Roil
    Relentless Hunter
    Baloth Pup
    Swamp

--: Goblin Freerunner

Pack 2 pick 5:
    Kozilek's Pathfinder
    Spawnbinder Mage
--> Goblin Freerunner
    Zulaport Chainmage
    Saddleback Lagac
    Corpse Churn
    Comparative Analysis
    Eldrazi Aggressor
    Affa Protector
    Unity of Purpose
    Plains

--: Slaughter Drone

Pack 2 pick 6:
    Containment Membrane
    Corpse Churn
    Natural State
--> Slaughter Drone
    Consuming Sinkhole
    Searing Light
    Negate
    Timber Gorge
    Ruin in Their Wake
    Island

--: Zada's Commando

Pack 2 pick 7:
--> Zada's Commando
    Containment Membrane
    Unnatural Endurance
    Vines of the Recluse
    Brute Strength
    Kor Scythemaster
    Tranquil Expanse
    Weapons Trainer
    Forest

--: Wastes

--: Bone Saw

Pack 2 pick 8:
    Wastes
    Gravity Negator
--> Bone Saw
    Lead by Example
    Untamed Hunger
    Dazzling Reflection
    Umara Entangler
    Plains

--: Cinder Hellion

Pack 2 pick 9:
--> Cinder Hellion
    Sweep Away
    Elemental Uprising
    Loam Larva
    Abstruse Interference
    Overwhelming Denial
    Island

--: Eldrazi Aggressor

Pack 2 pick 10:
    Witness the End
    Canopy Gorger
    Comparative Analysis
--> Eldrazi Aggressor
    Stoneforge Acolyte
    Mountain

--: Sparkmage's Gambit

Pack 2 pick 11:
    Bone Saw
    Witness the End
    Negate
--> Sparkmage's Gambit
    Swamp

--: Brute Strength

Pack 2 pick 12:
    Pulse of Murasa
    Untamed Hunger
--> Brute Strength
    Swamp

--: Kozilek's Pathfinder

Pack 2 pick 13:
--> Kozilek's Pathfinder
    Corpse Churn
    Plains

--: Corpse Churn

Pack 2 pick 14:
--> Corpse Churn
    Island

--: Forest

Pack 2 pick 15:
--> Forest

--: Sire of Stagnation

--: Sire of Stagnation

------ BFZ ------ 

Pack 3 pick 1:
    Earthen Arms
    Incubator Drone
    Kalastria Healer
    Reclaiming Vines
    Inspired Charge
    Volcanic Upheaval
    Stone Haven Medic
    Kozilek's Sentinel
    Courier Griffin
    Benthic Infiltrator
    Zulaport Cutthroat
    Ulamog's Nullifier
    Encircling Fissure
--> Sire of Stagnation
    Plains

--: Outnumber

Pack 3 pick 2:
    Culling Drone
    Seek the Wilds
    Coralhelm Guide
    Nirkana Assassin
    Cliffside Lookout
--> Outnumber
    Valakut Predator
    Sheer Drop
    Valakut Invoker
    Shadow Glider
    Drana's Emissary
    Spawning Bed
    Bring to Light
    Swamp

--: Blighted Woodland

--: Blighted Woodland

Pack 3 pick 3:
    Roilmage's Trick
    Swarm Surge
    Tajuru Stalwart
    Makindi Patrol
    Lavastep Raider
    Fortified Rampart
    Gideon's Reproach
    Lifespring Druid
--> Blighted Woodland
    Titan's Presence
    Zulaport Cutthroat
    Greenwarden of Murasa
    Swamp

--: Canopy Vista

Pack 3 pick 4:
    Oracle of Dust
    Altar's Reap
    Plummet
    Coralhelm Guide
    Lithomancer's Focus
    Fortified Rampart
    Lavastep Raider
    Sheer Drop
    Hedron Blade
    Grovetender Druids
--> Canopy Vista
    Island

--: Blighted Steppe

--: Blighted Steppe

Pack 3 pick 5:
    Call the Scions
    Roilmage's Trick
    Swarm Surge
    Tajuru Stalwart
    Kitesail Scout
    Reckless Cohort
    Inspired Charge
    Volcanic Upheaval
    Sheer Drop
--> Blighted Steppe
    Swamp

--: Boiling Earth

Pack 3 pick 6:
    Reclaiming Vines
    Spell Shrivel
    Ruin Processor
    Skyline Cascade
    Eyeless Watcher
    Rush of Ice
--> Boiling Earth
    Molten Nursery
    Gruesome Slaughter
    Swamp

--: Mind Raker

Pack 3 pick 7:
    Oran-Rief Invoker
    Dispel
--> Mind Raker
    Territorial Baloth
    Fortified Rampart
    Belligerent Whiptail
    Courier Griffin
    Smite the Monstrous
    Mountain

--: Grave Birthing

Pack 3 pick 8:
    Mind Raker
    Territorial Baloth
    Roilmage's Trick
    Scour from Existence
--> Grave Birthing
    Broodhunter Wurm
    Rising Miasma
    Island

--: Ulamog's Nullifier

Pack 3 pick 9:
    Earthen Arms
    Reclaiming Vines
    Inspired Charge
    Volcanic Upheaval
    Stone Haven Medic
--> Ulamog's Nullifier
    Plains

--: Nirkana Assassin

--: Bring to Light

Pack 3 pick 10:
    Seek the Wilds
    Coralhelm Guide
    Nirkana Assassin
    Cliffside Lookout
--> Bring to Light
    Swamp

--: Tajuru Stalwart

Pack 3 pick 11:
    Roilmage's Trick
--> Tajuru Stalwart
    Lavastep Raider
    Fortified Rampart
    Swamp

--: Altar's Reap

Pack 3 pick 12:
--> Altar's Reap
    Lavastep Raider
    Hedron Blade
    Island

--: Volcanic Upheaval

Pack 3 pick 13:
    Roilmage's Trick
--> Volcanic Upheaval
    Swamp

--: Skyline Cascade

Pack 3 pick 14:
--> Skyline Cascade
    Swamp

--: Mountain

Pack 3 pick 15:
--> Mountain

