Event #: 9449700
Time:    2/28/2016 12:13:45 AM
Players:
    Giddeh
    olstynslittlebrother
--> FinchleyCentral
    kibayasin
    TomVandenbogaerde
    Baconus
    MiRoBa
    illuminate89

--: Crush of Tentacles

--: Crush of Tentacles

--: Crush of Tentacles

------ OGW ------ 

Pack 1 pick 1:
    Wastes
    Sweep Away
    Seer's Lantern
    Tajuru Pathwarden
    Baloth Pup
    Vines of the Recluse
    Zulaport Chainmage
    Ondu War Cleric
    Ancient Crab
    Affa Protector
    Strider Harness
    Embodiment of Fury
    Havoc Sower
--> Crush of Tentacles
    Mountain

--: Stormchaser Mage

--: Dread Defiler

--: Dread Defiler

Pack 1 pick 2:
    Bone Saw
    Tajuru Pathwarden
    Goblin Freerunner
    Untamed Hunger
    Vines of the Recluse
    Kozilek's Translator
    Negate
    Sparkmage's Gambit
    Shoulder to Shoulder
    Kazuul's Toll Collector
    Stormchaser Mage
    Tears of Valakut
--> Dread Defiler
    Mountain

--: Jwar Isle Avenger

--: Jwar Isle Avenger

Pack 1 pick 3:
    Expedition Raptor
    Zada's Commando
    Crumbling Vestige
--> Jwar Isle Avenger
    Kozilek's Shrieker
    Netcaster Spider
    Witness the End
    Comparative Analysis
    Eldrazi Aggressor
    Affa Protector
    Flaying Tendrils
    Reflector Mage
    Forest

--: Boulder Salvo

--: Boulder Salvo

Pack 1 pick 4:
    Kozilek's Pathfinder
    Scion Summoner
--> Boulder Salvo
    Witness the End
    Canopy Gorger
    Kozilek's Translator
    Mighty Leap
    Abstruse Interference
    Akoum Flameseeker
    Chitinous Cloak
    Pyromancer's Assault
    Mountain

--: Reckless Bushwhacker

--: Reckless Bushwhacker

Pack 1 pick 5:
    Reality Hemorrhage
    Unknown Shores
    Sweep Away
    Bone Saw
    Loam Larva
    Witness the End
    Comparative Analysis
    Eldrazi Aggressor
    Kor Scythemaster
--> Reckless Bushwhacker
    Mountain

--: Umara Entangler

--: Shoulder to Shoulder

Pack 1 pick 6:
    Kozilek's Pathfinder
    Spawnbinder Mage
    Lead by Example
    Untamed Hunger
    Umara Entangler
    Consuming Sinkhole
--> Shoulder to Shoulder
    Make a Stand
    Visions of Brutality
    Plains

--: Containment Membrane

Pack 1 pick 7:
    Wastes
--> Containment Membrane
    Canopy Gorger
    Negate
    Sparkmage's Gambit
    Makindi Aeronaut
    Harvester Troll
    Iona's Blessing
    Forest

--: Akoum Flameseeker

Pack 1 pick 8:
    Wastes
    Pulse of Murasa
    Elemental Uprising
    Abstruse Interference
--> Akoum Flameseeker
    Dazzling Reflection
    Unity of Purpose
    Swamp

--: Baloth Pup

Pack 1 pick 9:
    Sweep Away
    Tajuru Pathwarden
--> Baloth Pup
    Vines of the Recluse
    Ancient Crab
    Strider Harness
    Mountain

--: Tears of Valakut

Pack 1 pick 10:
    Bone Saw
    Untamed Hunger
    Sparkmage's Gambit
    Kazuul's Toll Collector
--> Tears of Valakut
    Mountain

--: Eldrazi Aggressor

Pack 1 pick 11:
    Netcaster Spider
    Witness the End
    Comparative Analysis
--> Eldrazi Aggressor
    Forest

--: Kozilek's Pathfinder

Pack 1 pick 12:
--> Kozilek's Pathfinder
    Mighty Leap
    Chitinous Cloak
    Mountain

--: Eldrazi Aggressor

Pack 1 pick 13:
    Comparative Analysis
--> Eldrazi Aggressor
    Mountain

--: Consuming Sinkhole

Pack 1 pick 14:
--> Consuming Sinkhole
    Plains

--: Forest

Pack 1 pick 15:
--> Forest

--: Boulder Salvo

--: Boulder Salvo

------ OGW ------ 

Pack 2 pick 1:
    Scion Summoner
--> Boulder Salvo
    Holdout Settlement
    Blinding Drone
    Canopy Gorger
    Sky Scourer
    Elemental Uprising
    Makindi Aeronaut
    Abstruse Interference
    Akoum Flameseeker
    Kazuul's Toll Collector
    Joraga Auxiliary
    Void Shatter
    Sea Gate Wreckage
    Mountain

--: Blinding Drone

--: Blinding Drone

Pack 2 pick 2:
    Unknown Shores
--> Blinding Drone
    Kozilek's Pathfinder
    Scion Summoner
    Kor Sky Climber
    Zulaport Chainmage
    Natural State
    Searing Light
    Negate
    Sparkmage's Gambit
    Harvester Troll
    Walker of the Wastes
    Malakir Soothsayer
    Forest

--: Sphinx of the Final Word

--: Sphinx of the Final Word

Pack 2 pick 3:
    Tajuru Pathwarden
    Goblin Freerunner
    Holdout Settlement
    Blinding Drone
    Saddleback Lagac
    Kozilek's Shrieker
    Essence Depleter
    Ancient Crab
    Maw of Kozilek
    Visions of Brutality
    Ruin in Their Wake
--> Sphinx of the Final Word
    Swamp

--: Seer's Lantern

Pack 2 pick 4:
--> Seer's Lantern
    Spawnbinder Mage
    Zulaport Chainmage
    Natural State
    Witness the End
    Roiling Waters
    Ondu War Cleric
    Ancient Crab
    Essence Depleter
    Submerged Boneyard
    Wall of Resurgence
    Island

--: Cultivator Drone

Pack 2 pick 5:
    Stalking Drone
    Wastes
    Lead by Example
    Untamed Hunger
    Pulse of Murasa
    Mighty Leap
--> Cultivator Drone
    Expedite
    Roiling Waters
    Flayer Drone
    Swamp

--: Umara Entangler

--: Umara Entangler

Pack 2 pick 6:
    Crumbling Vestige
    Hedron Crawler
    Loam Larva
    Slaughter Drone
    Dazzling Reflection
--> Umara Entangler
    Brute Strength
    Essence Depleter
    Submerged Boneyard
    Island

--: Gravity Negator

Pack 2 pick 7:
--> Gravity Negator
    Lead by Example
    Untamed Hunger
    Vines of the Recluse
    Expedite
    Searing Light
    Comparative Analysis
    Baloth Null
    Forest

--: Jwar Isle Avenger

Pack 2 pick 8:
    Crumbling Vestige
--> Jwar Isle Avenger
    Slaughter Drone
    Canopy Gorger
    Affa Protector
    Ancient Crab
    Warping Wail
    Mountain

--: Kazuul's Toll Collector

Pack 2 pick 9:
    Scion Summoner
    Canopy Gorger
    Sky Scourer
    Elemental Uprising
    Abstruse Interference
--> Kazuul's Toll Collector
    Mountain

--: Sparkmage's Gambit

Pack 2 pick 10:
    Natural State
    Searing Light
--> Sparkmage's Gambit
    Harvester Troll
    Walker of the Wastes
    Forest

--: Maw of Kozilek

Pack 2 pick 11:
    Kozilek's Shrieker
    Ancient Crab
--> Maw of Kozilek
    Ruin in Their Wake
    Swamp

--: Zulaport Chainmage

Pack 2 pick 12:
--> Zulaport Chainmage
    Natural State
    Witness the End
    Island

--: Pulse of Murasa

Pack 2 pick 13:
    Untamed Hunger
--> Pulse of Murasa
    Swamp

--: Dazzling Reflection

Pack 2 pick 14:
--> Dazzling Reflection
    Island

--: Forest

Pack 2 pick 15:
--> Forest

--: Brutal Expulsion

--: Brutal Expulsion

------ BFZ ------ 

Pack 3 pick 1:
    Territorial Baloth
    Roilmage's Trick
    Eyeless Watcher
    Rush of Ice
    Silent Skimmer
    Mortuary Mire
    Natural Connection
    Tightening Coils
    Outnumber
    Fortified Rampart
    Roil Spout
    Bane of Bala Ged
    Plated Crusher
--> Brutal Expulsion
    Forest

--: Rolling Thunder

--: Rolling Thunder

Pack 3 pick 2:
    Call the Scions
    Murk Strider
    Bone Splinters
    Unnatural Aggression
    Sandstone Bridge
    Cloud Manta
    Scour from Existence
    Grave Birthing
    Felidar Cub
    Goblin War Paint
--> Rolling Thunder
    Transgress the Mind
    Pathway Arrows
    Swamp

--: Eldrazi Skyspawner

--: Coastal Discovery

--: Eldrazi Skyspawner

--: Eldrazi Skyspawner

Pack 3 pick 3:
    Earthen Arms
    Incubator Drone
    Geyserfield Stalker
    Snapping Gnarlid
    Evolving Wilds
--> Eldrazi Skyspawner
    Hedron Blade
    Angelic Gift
    Belligerent Whiptail
    Skyrider Elf
    Retreat to Valakut
    Coastal Discovery
    Plains

--: Stonefury

--: Stonefury

Pack 3 pick 4:
    Dutiful Return
    Swell of Growth
    Dispel
    Fortified Rampart
    Belligerent Whiptail
    Smite the Monstrous
--> Stonefury
    Ondu Greathorn
    Lifespring Druid
    Retreat to Valakut
    Void Attendant
    Mountain

--: Nettle Drone

--: Nettle Drone

Pack 3 pick 5:
    Mist Intruder
    Dutiful Return
    Blisterpod
    Anticipate
    Kozilek's Sentinel
--> Nettle Drone
    Fortified Rampart
    Hedron Blade
    Hagra Sharpshooter
    Angel of Renewal
    Swamp

--: Horribly Awry

Pack 3 pick 6:
    Brilliant Spectrum
    Altar's Reap
    Call the Scions
    Natural Connection
    Unnatural Aggression
    Geyserfield Stalker
    Shatterskull Recruit
    Lithomancer's Focus
--> Horribly Awry
    Island

--: Wave-Wing Elemental

Pack 3 pick 7:
    Dispel
    Mind Raker
    Looming Spires
    Eldrazi Devastator
--> Wave-Wing Elemental
    Fertile Thicket
    Boiling Earth
    Makindi Patrol
    Plains

--: Coralhelm Guide

Pack 3 pick 8:
--> Coralhelm Guide
    Unnatural Aggression
    Sandstone Bridge
    Scour from Existence
    Grave Birthing
    Inspired Charge
    Slab Hammer
    Mountain

--: Tightening Coils

Pack 3 pick 9:
    Territorial Baloth
    Roilmage's Trick
    Mortuary Mire
    Natural Connection
--> Tightening Coils
    Roil Spout
    Forest

--: Cloud Manta

Pack 3 pick 10:
    Call the Scions
    Sandstone Bridge
--> Cloud Manta
    Grave Birthing
    Goblin War Paint
    Swamp

--: Retreat to Valakut

Pack 3 pick 11:
    Earthen Arms
    Hedron Blade
    Angelic Gift
--> Retreat to Valakut
    Plains

--: Belligerent Whiptail

Pack 3 pick 12:
    Swell of Growth
--> Belligerent Whiptail
    Void Attendant
    Mountain

--: Blisterpod

Pack 3 pick 13:
--> Blisterpod
    Hedron Blade
    Swamp

--: Brilliant Spectrum

Pack 3 pick 14:
--> Brilliant Spectrum
    Island

--: Plains

Pack 3 pick 15:
--> Plains

