Event #: 9451517
Time:    2/28/2016 11:08:39 AM
Players:
    jon05289
    djmicrowave
--> FinchleyCentral
    MrPeanutButter
    tfinam
    taschneide
    htotheb
    tony_a

--: Jori En, Ruin Diver

--: Jori En, Ruin Diver

------ OGW ------ 

Pack 1 pick 1:
    Containment Membrane
    Seer's Lantern
    Kor Sky Climber
    Vampire Envoy
    Cinder Hellion
    Saddleback Lagac
    Corpse Churn
    Expedite
    Searing Light
    Comparative Analysis
    Cinder Barrens
    Iona's Blessing
    Visions of Brutality
--> Jori En, Ruin Diver
    Swamp

--: Vampire Envoy

--: Vampire Envoy

Pack 1 pick 2:
    Bone Saw
--> Vampire Envoy
    Tajuru Pathwarden
    Goblin Freerunner
    Canopy Gorger
    Sky Scourer
    Elemental Uprising
    Sparkmage's Gambit
    Kor Scythemaster
    Comparative Analysis
    Make a Stand
    Mindmelter
    Steppe Glider
    Island

--: Zada's Commando

--: Zada's Commando

Pack 1 pick 3:
    Scion Summoner
    Kor Sky Climber
--> Zada's Commando
    Crumbling Vestige
    Containment Membrane
    Unnatural Endurance
    Pulse of Murasa
    Kor Scythemaster
    Comparative Analysis
    Eldrazi Aggressor
    Flaying Tendrils
    Relentless Hunter
    Swamp

--: Nissa's Judgment

--: Nissa's Judgment

Pack 1 pick 4:
    Jwar Isle Avenger
    Warden of Geometries
    Tar Snare
    Stalking Drone
    Untamed Hunger
    Slip Through Space
    Brute Strength
    Kor Scythemaster
    Allied Reinforcements
    Unity of Purpose
--> Nissa's Judgment
    Island

--: Wall of Resurgence

--: Wall of Resurgence

Pack 1 pick 5:
    Expedition Raptor
    Crumbling Vestige
    Ancient Crab
    Zulaport Chainmage
    Elemental Uprising
    Sky Scourer
    Mighty Leap
    Consuming Sinkhole
--> Wall of Resurgence
    Joraga Auxiliary
    Mountain

--: Netcaster Spider

--: Netcaster Spider

Pack 1 pick 6:
    Tar Snare
    Cinder Hellion
--> Netcaster Spider
    Witness the End
    Canopy Gorger
    Abstruse Interference
    Akoum Flameseeker
    Searing Light
    Walker of the Wastes
    Plains

--: Essence Depleter

Pack 1 pick 7:
    Blinding Drone
    Kozilek's Translator
    Lead by Example
    Negate
    Sparkmage's Gambit
    Shoulder to Shoulder
--> Essence Depleter
    Warping Wail
    Island

--: Kozilek's Translator

Pack 1 pick 8:
    Bone Saw
    Natural State
--> Kozilek's Translator
    Elemental Uprising
    Eldrazi Aggressor
    Negate
    Gift of Tusks
    Mountain

--: Visions of Brutality

Pack 1 pick 9:
    Cinder Hellion
    Corpse Churn
    Expedite
    Comparative Analysis
    Iona's Blessing
--> Visions of Brutality
    Swamp

--: Sky Scourer

Pack 1 pick 10:
    Bone Saw
    Canopy Gorger
--> Sky Scourer
    Elemental Uprising
    Mindmelter
    Island

--: Unnatural Endurance

Pack 1 pick 11:
--> Unnatural Endurance
    Pulse of Murasa
    Comparative Analysis
    Flaying Tendrils
    Swamp

--: Untamed Hunger

--: Brute Strength

Pack 1 pick 12:
    Untamed Hunger
--> Brute Strength
    Unity of Purpose
    Island

--: Elemental Uprising

Pack 1 pick 13:
--> Elemental Uprising
    Consuming Sinkhole
    Mountain

--: Abstruse Interference

--: Plains

Pack 1 pick 14:
    Abstruse Interference
--> Plains

--: Island

Pack 1 pick 15:
--> Island

--: Saddleback Lagac

------ OGW ------ 

Pack 2 pick 1:
    Scion Summoner
    Boulder Salvo
    Holdout Settlement
    Blinding Drone
    Zulaport Chainmage
--> Saddleback Lagac
    Searing Light
    Comparative Analysis
    Eldrazi Aggressor
    Kor Scythemaster
    Relief Captain
    Reaver Drone
    Iona's Blessing
    Captain's Claws
    Island

--: Kozilek's Shrieker

--: Kozilek's Shrieker

Pack 2 pick 2:
    Warden of Geometries
    Warden of Geometries
    Expedition Raptor
    Reality Hemorrhage
    Witness the End
    Netcaster Spider
--> Kozilek's Shrieker
    Searing Light
    Negate
    Maw of Kozilek
    Null Caller
    Cinder Barrens
    Devour in Flames
    Swamp

--: Unknown Shores

Pack 2 pick 3:
--> Unknown Shores
    Gravity Negator
    Warden of Geometries
    Loam Larva
    Unnatural Endurance
    Umara Entangler
    Brute Strength
    Mighty Leap
    Cultivator Drone
    Roiling Waters
    Strider Harness
    Stoneforge Acolyte
    Mountain

--: Unnatural Endurance

Pack 2 pick 4:
    Wastes
    Gravity Negator
    Bone Saw
    Vines of the Recluse
--> Unnatural Endurance
    Pulse of Murasa
    Comparative Analysis
    Eldrazi Aggressor
    Affa Protector
    Meandering River
    Overwhelming Denial
    Swamp

--: Stalking Drone

--: Stalking Drone

Pack 2 pick 5:
    Crumbling Vestige
    Containment Membrane
    Hedron Crawler
    Tar Snare
--> Stalking Drone
    Corpse Churn
    Affa Protector
    Abstruse Interference
    Tears of Valakut
    Oath of Jace
    Plains

--: Sky Scourer

--: Sky Scourer

Pack 2 pick 6:
    Seer's Lantern
    Zada's Commando
--> Sky Scourer
    Loam Larva
    Witness the End
    Sparkmage's Gambit
    Reckless Bushwhacker
    Press into Service
    Void Grafter
    Forest

--: Crumbling Vestige

Pack 2 pick 7:
--> Crumbling Vestige
    Gravity Negator
    Lead by Example
    Untamed Hunger
    Pulse of Murasa
    Cultivator Drone
    Brute Strength
    Warping Wail
    Forest

--: Slaughter Drone

Pack 2 pick 8:
    Gravity Negator
    Bone Saw
    Tar Snare
--> Slaughter Drone
    Umara Entangler
    Akoum Flameseeker
    Relentless Hunter
    Mountain

--: Reaver Drone

Pack 2 pick 9:
    Zulaport Chainmage
    Searing Light
    Comparative Analysis
    Eldrazi Aggressor
--> Reaver Drone
    Iona's Blessing
    Island

--: Witness the End

Pack 2 pick 10:
--> Witness the End
    Searing Light
    Negate
    Null Caller
    Cinder Barrens
    Swamp

--: Strider Harness

Pack 2 pick 11:
    Umara Entangler
    Brute Strength
--> Strider Harness
    Stoneforge Acolyte
    Mountain

--: Overwhelming Denial

Pack 2 pick 12:
    Comparative Analysis
    Eldrazi Aggressor
--> Overwhelming Denial
    Swamp

--: Corpse Churn

Pack 2 pick 13:
--> Corpse Churn
    Abstruse Interference
    Plains

--: Witness the End

Pack 2 pick 14:
--> Witness the End
    Forest

--: Untamed Hunger

Pack 2 pick 15:
--> Untamed Hunger

--: Tajuru Warcaller

--: Tajuru Warcaller

------ BFZ ------ 

Pack 3 pick 1:
    Seek the Wilds
    Coralhelm Guide
    Nirkana Assassin
    Oran-Rief Invoker
    Kitesail Scout
    Plains
    Stonefury
    Ghostly Sentinel
    Benthic Infiltrator
    Makindi Sliderunner
    Spawning Bed
    Kor Entanglers
--> Tajuru Warcaller
    Smoldering Marsh
    Mountain

--: Catacomb Sifter

--: Catacomb Sifter

Pack 3 pick 2:
    Murk Strider
    Sludge Crawler
    Plummet
    Salvage Drone
    Volcanic Upheaval
    Stone Haven Medic
    Benthic Infiltrator
    Touch of the Void
    Shadow Glider
    Sylvan Scrying
--> Catacomb Sifter
    Vile Aggregate
    Radiant Flames
    Swamp

--: Broodhunter Wurm

--: Transgress the Mind

--: Transgress the Mind

Pack 3 pick 3:
    Culling Drone
    Coralhelm Guide
    Scour from Existence
    Grave Birthing
    Broodhunter Wurm
    Spell Shrivel
    Sure Strike
    Felidar Cub
--> Transgress the Mind
    Serene Steward
    Ulamog's Despoiler
    Shrine of the Forsaken Gods
    Island

--: Blight Herder

--: Blight Herder

Pack 3 pick 4:
    Swell of Growth
    Mist Intruder
    Dutiful Return
    Inspired Charge
    Reckless Cohort
    Valakut Predator
    Shadow Glider
    Lifespring Druid
    Valakut Invoker
    Crumble to Dust
--> Blight Herder
    Forest

--: Touch of the Void

Pack 3 pick 5:
    Incubator Drone
    Reclaiming Vines
    Salvage Drone
    Lithomancer's Focus
    Outnumber
    Benthic Infiltrator
    Vestige of Emrakul
--> Touch of the Void
    Horribly Awry
    Chasm Guide
    Forest

--: Plated Crusher

--: Plated Crusher

Pack 3 pick 6:
    Mire's Malice
    Giant Mantis
    Brilliant Spectrum
    Altar's Reap
    Kozilek's Sentinel
    Ghostly Sentinel
    Smite the Monstrous
    Ulamog's Despoiler
--> Plated Crusher
    Plains

--: Swell of Growth

Pack 3 pick 7:
--> Swell of Growth
    Dispel
    Earthen Arms
    Reckless Cohort
    Inspired Charge
    Valakut Predator
    Hedron Blade
    Scythe Leopard
    Swamp

--: Blighted Woodland

Pack 3 pick 8:
    Plummet
    Coralhelm Guide
    Mire's Malice
    Goblin War Paint
    Smite the Monstrous
    Void Attendant
--> Blighted Woodland
    Plains

--: Oran-Rief Invoker

Pack 3 pick 9:
    Seek the Wilds
    Coralhelm Guide
--> Oran-Rief Invoker
    Kitesail Scout
    Plains
    Benthic Infiltrator
    Mountain

--: Plummet

Pack 3 pick 10:
    Murk Strider
--> Plummet
    Salvage Drone
    Volcanic Upheaval
    Benthic Infiltrator
    Swamp

--: Ulamog's Despoiler

Pack 3 pick 11:
    Coralhelm Guide
    Spell Shrivel
    Sure Strike
--> Ulamog's Despoiler
    Island

--: Swell of Growth

--: Dutiful Return

Pack 3 pick 12:
    Swell of Growth
--> Dutiful Return
    Crumble to Dust
    Forest

--: Reclaiming Vines

Pack 3 pick 13:
--> Reclaiming Vines
    Salvage Drone
    Forest

--: Brilliant Spectrum

Pack 3 pick 14:
--> Brilliant Spectrum
    Plains

--: Swamp

Pack 3 pick 15:
--> Swamp

