Event #: 9452035
Time:    2/28/2016 1:23:32 PM
Players:
    ChooChooShoe
    ludo1968
    PureInsanity
    Samz3n
    bertag33
--> FinchleyCentral
    Vazdru
    DiabloExp

--: General Tazri

--: General Tazri

------ OGW ------ 

Pack 1 pick 1:
    Kozilek's Pathfinder
    Spawnbinder Mage
    Oblivion Strike
    Goblin Freerunner
    Witness the End
    Canopy Gorger
    Abstruse Interference
    Akoum Flameseeker
    Dazzling Reflection
    Slip Through Space
    Kazuul's Toll Collector
    Embodiment of Insight
    Malakir Soothsayer
--> General Tazri
    Mountain

--: Isolation Zone

--: Isolation Zone

Pack 1 pick 2:
    Jwar Isle Avenger
    Warden of Geometries
--> Isolation Zone
    Tar Snare
    Reality Hemorrhage
    Untamed Hunger
    Pulse of Murasa
    Makindi Aeronaut
    Abstruse Interference
    Sparkmage's Gambit
    Pyromancer's Assault
    Seed Guardian
    Flaying Tendrils
    Mountain

--: Cliffhaven Vampire

--: Cliffhaven Vampire

Pack 1 pick 3:
    Crumbling Vestige
    Containment Membrane
    Canopy Gorger
    Sky Scourer
    Elemental Uprising
    Shoulder to Shoulder
    Slip Through Space
    Maw of Kozilek
--> Cliffhaven Vampire
    Make a Stand
    Visions of Brutality
    Oath of Nissa
    Forest

--: Makindi Aeronaut

--: Makindi Aeronaut

Pack 1 pick 4:
    Bone Saw
    Goblin Freerunner
    Wastes
    Untamed Hunger
    Vines of the Recluse
    Expedite
--> Makindi Aeronaut
    Abstruse Interference
    Birthing Hulk
    Warping Wail
    Baloth Null
    Swamp

--: Vampire Envoy

--: Vampire Envoy

Pack 1 pick 5:
    Containment Membrane
    Seer's Lantern
--> Vampire Envoy
    Kozilek's Translator
    Lead by Example
    Corpse Churn
    Brute Strength
    Kor Scythemaster
    Comparative Analysis
    Warping Wail
    Forest

--: Boulder Salvo

--: Boulder Salvo

Pack 1 pick 6:
--> Boulder Salvo
    Unknown Shores
    Kozilek's Pathfinder
    Corpse Churn
    Negate
    Sparkmage's Gambit
    Harvester Troll
    Stormchaser Mage
    Iona's Blessing
    Mountain

--: Zulaport Chainmage

--: Zulaport Chainmage

Pack 1 pick 7:
    Wastes
    Bone Saw
    Unnatural Endurance
    Vines of the Recluse
--> Zulaport Chainmage
    Comparative Analysis
    Eldrazi Aggressor
    Tranquil Expanse
    Forest

--: Zulaport Chainmage

Pack 1 pick 8:
    Holdout Settlement
    Bone Saw
    Elemental Uprising
--> Zulaport Chainmage
    Natural State
    Dazzling Reflection
    Visions of Brutality
    Plains

--: Dazzling Reflection

Pack 1 pick 9:
    Witness the End
    Canopy Gorger
    Abstruse Interference
--> Dazzling Reflection
    Slip Through Space
    Kazuul's Toll Collector
    Mountain

--: Tar Snare

Pack 1 pick 10:
--> Tar Snare
    Untamed Hunger
    Abstruse Interference
    Sparkmage's Gambit
    Flaying Tendrils
    Mountain

--: Visions of Brutality

Pack 1 pick 11:
    Canopy Gorger
    Sky Scourer
    Elemental Uprising
--> Visions of Brutality
    Forest

--: Untamed Hunger

Pack 1 pick 12:
--> Untamed Hunger
    Expedite
    Abstruse Interference
    Swamp

--: Brute Strength

Pack 1 pick 13:
    Corpse Churn
--> Brute Strength
    Forest

--: Corpse Churn

Pack 1 pick 14:
--> Corpse Churn
    Mountain

--: Forest

Pack 1 pick 15:
--> Forest

--: Isolation Zone

------ OGW ------ 

Pack 2 pick 1:
    Wastes
    Jwar Isle Avenger
    Warden of Geometries
--> Isolation Zone
    Tar Snare
    Loam Larva
    Witness the End
    Maw of Kozilek
    Shoulder to Shoulder
    Umara Entangler
    Harvester Troll
    Void Shatter
    Malakir Soothsayer
    Eldrazi Mimic
    Swamp

--: Grasp of Darkness

--: Grasp of Darkness

Pack 2 pick 2:
    Wastes
    Containment Membrane
    Bone Saw
    Vampire Envoy
    Witness the End
    Canopy Gorger
    Kozilek's Translator
    Mighty Leap
    Abstruse Interference
    Akoum Flameseeker
    Make a Stand
--> Grasp of Darkness
    Steppe Glider
    Forest

--: Slaughter Drone

--: Slaughter Drone

Pack 2 pick 3:
    Expedition Raptor
    Zada's Commando
    Crumbling Vestige
    Jwar Isle Avenger
    Corpse Churn
    Natural State
--> Slaughter Drone
    Dazzling Reflection
    Slip Through Space
    Brute Strength
    Tranquil Expanse
    Mirrorpool
    Island

--: Kor Scythemaster

--: Kor Scythemaster

Pack 2 pick 4:
    Spawnbinder Mage
    Cinder Hellion
    Unknown Shores
    Sweep Away
    Loam Larva
    Unnatural Endurance
--> Kor Scythemaster
    Eldrazi Aggressor
    Make a Stand
    Ruin in Their Wake
    Relentless Hunter
    Swamp

--: Vampire Envoy

--: Vampire Envoy

Pack 2 pick 5:
--> Vampire Envoy
    Unknown Shores
    Sweep Away
    Zulaport Chainmage
    Natural State
    Slip Through Space
    Maw of Kozilek
    Dazzling Reflection
    Warping Wail
    Call the Gatewatch
    Island

--: Spawnbinder Mage

--: Spawnbinder Mage

Pack 2 pick 6:
--> Spawnbinder Mage
    Cinder Hellion
    Unnatural Endurance
    Pulse of Murasa
    Zulaport Chainmage
    Negate
    Sparkmage's Gambit
    Strider Harness
    Stoneforge Acolyte
    Island

--: Makindi Aeronaut

--: Makindi Aeronaut

Pack 2 pick 7:
    Warden of Geometries
    Stalking Drone
    Elemental Uprising
    Sky Scourer
--> Makindi Aeronaut
    Umara Entangler
    Consuming Sinkhole
    Embodiment of Fury
    Swamp

--: Kozilek's Pathfinder

Pack 2 pick 8:
--> Kozilek's Pathfinder
    Corpse Churn
    Canopy Gorger
    Makindi Aeronaut
    Abstruse Interference
    Visions of Brutality
    Gift of Tusks
    Forest

--: Witness the End

--: Witness the End

Pack 2 pick 9:
    Wastes
    Tar Snare
    Loam Larva
--> Witness the End
    Maw of Kozilek
    Void Shatter
    Swamp

--: Mighty Leap

Pack 2 pick 10:
    Witness the End
    Canopy Gorger
--> Mighty Leap
    Abstruse Interference
    Akoum Flameseeker
    Forest

--: Jwar Isle Avenger

Pack 2 pick 11:
--> Jwar Isle Avenger
    Natural State
    Dazzling Reflection
    Brute Strength
    Island

--: Relentless Hunter

Pack 2 pick 12:
    Eldrazi Aggressor
    Ruin in Their Wake
--> Relentless Hunter
    Swamp

--: Zulaport Chainmage

Pack 2 pick 13:
--> Zulaport Chainmage
    Natural State
    Island

--: Zulaport Chainmage

Pack 2 pick 14:
--> Zulaport Chainmage
    Island

--: Swamp

Pack 2 pick 15:
--> Swamp

--: Guul Draz Overseer

--: Guul Draz Overseer

------ BFZ ------ 

Pack 3 pick 1:
    Territorial Baloth
    Roilmage's Trick
    Dutiful Return
    Swell of Growth
    Reckless Cohort
    Inspired Charge
    Smite the Monstrous
    Kozilek's Channeler
    Vestige of Emrakul
    Courier Griffin
    Firemantle Mage
    Zulaport Cutthroat
    Dampening Pulse
--> Guul Draz Overseer
    Island

--: Makindi Patrol

--: Makindi Patrol

Pack 3 pick 2:
    Dutiful Return
    Blisterpod
    Looming Spires
    Grave Birthing
    Eyeless Watcher
    Eldrazi Devastator
    Wave-Wing Elemental
    Lavastep Raider
--> Makindi Patrol
    Vile Aggregate
    Rising Miasma
    Blighted Gorge
    Fathom Feeder
    Swamp

--: Malakir Familiar

Pack 3 pick 3:
    Call the Scions
    Voracious Null
    Oran-Rief Invoker
    Belligerent Whiptail
    Stone Haven Medic
    Valakut Invoker
    Shadow Glider
    Dominator Drone
    Transgress the Mind
--> Malakir Familiar
    Retreat to Coralhelm
    Shrine of the Forsaken Gods
    Mountain

--: Complete Disregard

--: Complete Disregard

Pack 3 pick 4:
    Call the Scions
    Roilmage's Trick
    Swarm Surge
    Grave Birthing
    Broodhunter Wurm
    Spell Shrivel
--> Complete Disregard
    Ruin Processor
    Belligerent Whiptail
    Blighted Gorge
    Resolute Blademaster
    Swamp

--: Altar's Reap

Pack 3 pick 5:
    Oracle of Dust
--> Altar's Reap
    Tightening Coils
    Looming Spires
    Grave Birthing
    Eldrazi Devastator
    Wave-Wing Elemental
    Shatterskull Recruit
    Blighted Woodland
    Bring to Light
    Forest

--: Tandem Tactics

Pack 3 pick 6:
    Plummet
    Coralhelm Guide
    Mire's Malice
    Grave Birthing
    Broodhunter Wurm
    Spell Shrivel
    Goblin War Paint
--> Tandem Tactics
    Rising Miasma
    Mountain

--: Kalastria Nightwatch

Pack 3 pick 7:
--> Kalastria Nightwatch
    Swell of Growth
    Ruin Processor
    Bone Splinters
    Broodhunter Wurm
    Mortuary Mire
    Slab Hammer
    Retreat to Coralhelm
    Swamp

--: Cliffside Lookout

Pack 3 pick 8:
    Earthen Arms
    Reclaiming Vines
    Lavastep Raider
    Nettle Drone
--> Cliffside Lookout
    Valakut Predator
    Sylvan Scrying
    Mountain

--: Dutiful Return

Pack 3 pick 9:
    Territorial Baloth
    Roilmage's Trick
--> Dutiful Return
    Swell of Growth
    Reckless Cohort
    Vestige of Emrakul
    Island

--: Looming Spires

Pack 3 pick 10:
    Dutiful Return
    Blisterpod
--> Looming Spires
    Grave Birthing
    Lavastep Raider
    Swamp

--: Transgress the Mind

Pack 3 pick 11:
    Voracious Null
    Belligerent Whiptail
--> Transgress the Mind
    Retreat to Coralhelm
    Mountain

--: Swarm Surge

Pack 3 pick 12:
    Roilmage's Trick
--> Swarm Surge
    Belligerent Whiptail
    Swamp

--: Grave Birthing

--: Oracle of Dust

Pack 3 pick 13:
--> Oracle of Dust
    Grave Birthing
    Forest

--: Goblin War Paint

Pack 3 pick 14:
--> Goblin War Paint
    Mountain

Pack 3 pick 15:
--> Swamp

