Event #: 9453474
Time:    2/28/2016 8:03:20 PM
Players:
    _shipitnugs
    joshkel91
    GiantWalterBug
    DarwinsCode
    BeyondTilt
    Clean_Team
    maabus422
--> FinchleyCentral

--: Dread Defiler

--: Blinding Drone

--: Blinding Drone

------ OGW ------ 

Pack 1 pick 1:
    Unknown Shores
--> Blinding Drone
    Kozilek's Pathfinder
    Scion Summoner
    Kor Sky Climber
    Canopy Gorger
    Kozilek's Translator
    Umara Entangler
    Consuming Sinkhole
    Shoulder to Shoulder
    Cinder Barrens
    Iona's Blessing
    Visions of Brutality
    Dread Defiler
    Island

--: Saddleback Lagac

--: Saddleback Lagac

Pack 1 pick 2:
    Gravity Negator
    Bone Saw
    Expedition Raptor
    Tar Snare
    Sky Scourer
--> Saddleback Lagac
    Comparative Analysis
    Eldrazi Aggressor
    Kor Scythemaster
    Spatial Contortion
    Baloth Null
    Bonds of Mortality
    Eldrazi Mimic
    Forest

--: Essence Depleter

--: Essence Depleter

Pack 1 pick 3:
    Hedron Crawler
    Tar Snare
    Stalking Drone
    Cinder Hellion
    Wastes
    Untamed Hunger
    Pulse of Murasa
    Mighty Leap
    Cultivator Drone
    Expedite
--> Essence Depleter
    Warping Wail
    Plains

--: Holdout Settlement

--: Cultivator Drone

--: Holdout Settlement

--: Holdout Settlement

Pack 1 pick 4:
    Cinder Hellion
--> Holdout Settlement
    Untamed Hunger
    Unnatural Endurance
    Cultivator Drone
    Brute Strength
    Affa Protector
    Grip of the Roil
    Joraga Auxiliary
    Unity of Purpose
    Hissing Quagmire
    Swamp

--: Nissa's Judgment

--: Nissa's Judgment

Pack 1 pick 5:
    Unknown Shores
    Sweep Away
    Seer's Lantern
    Kor Sky Climber
    Saddleback Lagac
    Corpse Churn
    Expedite
    Unity of Purpose
--> Nissa's Judgment
    Corrupted Crossroads
    Plains

--: Vines of the Recluse

--: Vines of the Recluse

Pack 1 pick 6:
    Wastes
    Seer's Lantern
    Untamed Hunger
--> Vines of the Recluse
    Unnatural Endurance
    Brute Strength
    Ancient Crab
    Null Caller
    Cinder Barrens
    Island

--: Baloth Pup

--: Baloth Pup

Pack 1 pick 7:
    Containment Membrane
    Pulse of Murasa
    Zulaport Chainmage
    Expedite
    Comparative Analysis
    Grip of the Roil
    Relentless Hunter
--> Baloth Pup
    Swamp

--: Pulse of Murasa

Pack 1 pick 8:
    Wastes
    Abstruse Interference
--> Pulse of Murasa
    Untamed Hunger
    Slip Through Space
    Comparative Analysis
    Warping Wail
    Forest

--: Unknown Shores

--: Unknown Shores

Pack 1 pick 9:
--> Unknown Shores
    Canopy Gorger
    Umara Entangler
    Consuming Sinkhole
    Cinder Barrens
    Iona's Blessing
    Island

--: Spatial Contortion

--: Spatial Contortion

Pack 1 pick 10:
    Sky Scourer
    Comparative Analysis
    Eldrazi Aggressor
--> Spatial Contortion
    Bonds of Mortality
    Forest

--: Warping Wail

Pack 1 pick 11:
    Untamed Hunger
    Pulse of Murasa
    Expedite
--> Warping Wail
    Plains

--: Brute Strength

Pack 1 pick 12:
    Untamed Hunger
--> Brute Strength
    Affa Protector
    Swamp

--: Expedite

--: Corpse Churn

Pack 1 pick 13:
--> Corpse Churn
    Expedite
    Plains

--: Untamed Hunger

Pack 1 pick 14:
--> Untamed Hunger
    Island

--: Swamp

Pack 1 pick 15:
--> Swamp

--: Vile Redeemer

--: Vile Redeemer

------ OGW ------ 

Pack 2 pick 1:
    Gravity Negator
    Bone Saw
    Scion Summoner
    Spawnbinder Mage
    Cinder Hellion
    Unnatural Endurance
    Pulse of Murasa
    Kor Scythemaster
    Comparative Analysis
    Eldrazi Aggressor
    Pyromancer's Assault
    Flaying Tendrils
    Steppe Glider
--> Vile Redeemer
    Mountain

--: Gladehart Cavalry

--: Gladehart Cavalry

Pack 2 pick 2:
    Gravity Negator
    Bone Saw
    Scion Summoner
    Spawnbinder Mage
    Zulaport Chainmage
    Natural State
    Witness the End
    Akoum Flameseeker
    Searing Light
    Negate
    Pyromancer's Assault
    Void Shatter
--> Gladehart Cavalry
    Mountain

--: Baloth Null

--: Baloth Null

Pack 2 pick 3:
    Wastes
    Jwar Isle Avenger
    Warden of Geometries
    Netcaster Spider
    Kozilek's Shrieker
    Loam Larva
    Sparkmage's Gambit
    Shoulder to Shoulder
    Slip Through Space
    Grip of the Roil
--> Baloth Null
    Wall of Resurgence
    Forest

--: Saddleback Lagac

--: Saddleback Lagac

Pack 2 pick 4:
    Seer's Lantern
    Spawnbinder Mage
    Zada's Commando
--> Saddleback Lagac
    Corpse Churn
    Canopy Gorger
    Consuming Sinkhole
    Forest
    Reaver Drone
    Submerged Boneyard
    Tears of Valakut
    Island

--: Unknown Shores

--: Seer's Lantern

--: Seer's Lantern

Pack 2 pick 5:
    Cinder Hellion
    Unknown Shores
    Sweep Away
--> Seer's Lantern
    Kor Sky Climber
    Lead by Example
    Dazzling Reflection
    Umara Entangler
    Null Caller
    Bonds of Mortality
    Plains

--: Blinding Drone

--: Kozilek's Shrieker

--: Kozilek's Shrieker

Pack 2 pick 6:
    Blinding Drone
    Kozilek's Pathfinder
    Canopy Gorger
--> Kozilek's Shrieker
    Lead by Example
    Akoum Flameseeker
    Cultivator Drone
    Mindmelter
    Gift of Tusks
    Plains

--: Kozilek's Pathfinder

Pack 2 pick 7:
--> Kozilek's Pathfinder
    Spawnbinder Mage
    Goblin Freerunner
    Natural State
    Witness the End
    Searing Light
    Sparkmage's Gambit
    Roiling Waters
    Swamp

--: Loam Larva

Pack 2 pick 8:
    Sweep Away
    Seer's Lantern
--> Loam Larva
    Dazzling Reflection
    Umara Entangler
    Brute Strength
    Overwhelming Denial
    Forest

--: Unnatural Endurance

Pack 2 pick 9:
    Bone Saw
    Cinder Hellion
--> Unnatural Endurance
    Pulse of Murasa
    Comparative Analysis
    Pyromancer's Assault
    Mountain

--: Natural State

Pack 2 pick 10:
    Bone Saw
--> Natural State
    Negate
    Pyromancer's Assault
    Void Shatter
    Mountain

--: Warden of Geometries

Pack 2 pick 11:
--> Warden of Geometries
    Sparkmage's Gambit
    Slip Through Space
    Grip of the Roil
    Forest

--: Forest

Pack 2 pick 12:
    Corpse Churn
    Consuming Sinkhole
--> Forest
    Island

--: Sweep Away

Pack 2 pick 13:
--> Sweep Away
    Bonds of Mortality
    Plains

--: Canopy Gorger

Pack 2 pick 14:
--> Canopy Gorger
    Plains

--: Swamp

Pack 2 pick 15:
--> Swamp

--: Endless One

--: Endless One

------ BFZ ------ 

Pack 3 pick 1:
    Blisterpod
    Anticipate
    Sludge Crawler
    Earthen Arms
    Felidar Cub
    Goblin War Paint
    Gideon's Reproach
    Touch of the Void
    Sheer Drop
    Kozilek's Channeler
    Kor Entanglers
    Plated Crusher
    Titan's Presence
--> Endless One
    Mountain

--: Murasa Ranger

--: Murasa Ranger

Pack 3 pick 2:
    Plummet
    Coralhelm Guide
    Mire's Malice
    Tajuru Stalwart
    Inspired Charge
    Boiling Earth
    Makindi Patrol
    Benthic Infiltrator
    Vestige of Emrakul
--> Murasa Ranger
    Drana's Emissary
    Tide Drifter
    March from the Tomb
    Plains

--: Spawning Bed

Pack 3 pick 3:
    Mire's Malice
    Tajuru Stalwart
    Clutch of Currents
    Culling Drone
    Goblin War Paint
    Tandem Tactics
    Courier Griffin
    Shadow Glider
    Lifespring Druid
    Vile Aggregate
    Rising Miasma
--> Spawning Bed
    Mountain

--: Coastal Discovery

--: Coastal Discovery

Pack 3 pick 4:
    Culling Drone
    Giant Mantis
    Anticipate
    Lavastep Raider
    Fortified Rampart
    Kozilek's Channeler
    Makindi Sliderunner
    Molten Nursery
--> Coastal Discovery
    Skyrider Elf
    Sanctum of Ugin
    Plains

--: Spell Shrivel

--: Spell Shrivel

Pack 3 pick 5:
    Sludge Crawler
    Earthen Arms
    Demon's Grasp
    Looming Spires
    Fertile Thicket
--> Spell Shrivel
    Tandem Tactics
    Crumble to Dust
    Adverse Conditions
    Forerunner of Slaughter
    Forest

--: Snapping Gnarlid

--: Snapping Gnarlid

Pack 3 pick 6:
    Oracle of Dust
    Altar's Reap
--> Snapping Gnarlid
    Hedron Blade
    Bone Splinters
    Unnatural Aggression
    Kozilek's Sentinel
    Encircling Fissure
    Halimar Tidecaller
    Forest

--: Incubator Drone

--: Incubator Drone

Pack 3 pick 7:
--> Incubator Drone
    Reclaiming Vines
    Kitesail Scout
    Shatterskull Recruit
    Ondu Greathorn
    Ondu Champion
    Makindi Sliderunner
    Gideon's Reproach
    Forest

--: Rush of Ice

--: Rush of Ice

Pack 3 pick 8:
    Voracious Null
--> Rush of Ice
    Natural Connection
    Unnatural Aggression
    Geyserfield Stalker
    Inspired Charge
    Void Attendant
    Forest

--: Anticipate

Pack 3 pick 9:
    Blisterpod
--> Anticipate
    Sludge Crawler
    Earthen Arms
    Goblin War Paint
    Sheer Drop
    Mountain

--: Plummet

Pack 3 pick 10:
--> Plummet
    Coralhelm Guide
    Inspired Charge
    Boiling Earth
    Tide Drifter
    Plains

--: Clutch of Currents

Pack 3 pick 11:
    Mire's Malice
--> Clutch of Currents
    Goblin War Paint
    Tandem Tactics
    Mountain

--: Skyrider Elf

Pack 3 pick 12:
    Anticipate
    Molten Nursery
--> Skyrider Elf
    Plains

--: Earthen Arms

Pack 3 pick 13:
--> Earthen Arms
    Crumble to Dust
    Forest

--: Oracle of Dust

Pack 3 pick 14:
--> Oracle of Dust
    Forest

--: Forest

Pack 3 pick 15:
--> Forest

