Event #: 9457647
Time:    2/29/2016 10:28:33 PM
Players:
--> HuaxingMachine
    shinike
    raventhinker
    Mr.Lips
    drgolovacroxby
    manoah
    bige77
    TJ17

--: Sylvan Advocate

--: Sylvan Advocate

------ OGW ------ 

Pack 1 pick 1:
    Warden of Geometries
    Isolation Zone
    Tar Snare
    Reality Hemorrhage
    Wastes
    Kozilek's Translator
    Saddleback Lagac
    Kor Scythemaster
    Comparative Analysis
    Eldrazi Aggressor
    Kazuul's Toll Collector
    Joraga Auxiliary
    Immobilizer Eldrazi
--> Sylvan Advocate
    Swamp

--: Tajuru Pathwarden

--: Tajuru Pathwarden

Pack 1 pick 2:
    Wastes
    Sweep Away
    Seer's Lantern
--> Tajuru Pathwarden
    Pulse of Murasa
    Untamed Hunger
    Vines of the Recluse
    Makindi Aeronaut
    Abstruse Interference
    Sparkmage's Gambit
    Cyclone Sire
    Strider Harness
    Stoneforge Acolyte
    Island

--: Tajuru Pathwarden

--: Tajuru Pathwarden

Pack 1 pick 3:
    Bone Saw
    Vampire Envoy
--> Tajuru Pathwarden
    Goblin Freerunner
    Witness the End
    Netcaster Spider
    Slaughter Drone
    Abstruse Interference
    Akoum Flameseeker
    Dazzling Reflection
    Pyromancer's Assault
    Unity of Purpose
    Island

--: Zada's Commando

--: Zada's Commando

Pack 1 pick 4:
    Seer's Lantern
    Spawnbinder Mage
--> Zada's Commando
    Netcaster Spider
    Witness the End
    Canopy Gorger
    Sparkmage's Gambit
    Shoulder to Shoulder
    Slip Through Space
    Tranquil Expanse
    Stoneforge Acolyte
    Swamp

--: Maw of Kozilek

--: Maw of Kozilek

Pack 1 pick 5:
    Seer's Lantern
    Kor Sky Climber
    Vampire Envoy
    Cinder Hellion
    Holdout Settlement
    Kozilek's Translator
    Lead by Example
--> Maw of Kozilek
    Dazzling Reflection
    Umara Entangler
    Mountain

--: Jwar Isle Avenger

--: Jwar Isle Avenger

Pack 1 pick 6:
    Wastes
--> Jwar Isle Avenger
    Forest
    Corpse Churn
    Natural State
    Mighty Leap
    Cultivator Drone
    Meandering River
    Bonds of Mortality
    Forest

--: Brute Strength

--: Brute Strength

Pack 1 pick 7:
    Unknown Shores
    Sweep Away
    Seer's Lantern
    Loam Larva
    Cultivator Drone
--> Brute Strength
    Affa Protector
    Iona's Blessing
    Plains

--: Lead by Example

--: Vines of the Recluse

--: Vines of the Recluse

Pack 1 pick 8:
    Lead by Example
    Untamed Hunger
--> Vines of the Recluse
    Comparative Analysis
    Eldrazi Aggressor
    Affa Protector
    Void Grafter
    Mountain

--: Joraga Auxiliary

Pack 1 pick 9:
    Warden of Geometries
    Wastes
    Comparative Analysis
    Eldrazi Aggressor
    Kazuul's Toll Collector
--> Joraga Auxiliary
    Swamp

--: Vines of the Recluse

--: Vines of the Recluse

Pack 1 pick 10:
    Pulse of Murasa
    Untamed Hunger
--> Vines of the Recluse
    Abstruse Interference
    Stoneforge Acolyte
    Island

Pack 1 pick 11:
    Witness the End
    Abstruse Interference
    Dazzling Reflection
--> Pyromancer's Assault
    Island

Pack 1 pick 12:
--> Canopy Gorger
    Slip Through Space
    Stoneforge Acolyte
    Swamp

Pack 1 pick 13:
    Dazzling Reflection
--> Umara Entangler
    Mountain

Pack 1 pick 14:
--> Bonds of Mortality
    Forest

Pack 1 pick 15:
--> Plains

--: Seed Guardian

--: Seed Guardian

------ OGW ------ 

Pack 2 pick 1:
    Wastes
    Jwar Isle Avenger
    Warden of Geometries
    Spawnbinder Mage
    Vampire Envoy
    Canopy Gorger
    Kozilek's Shrieker
    Slip Through Space
    Brute Strength
    Kor Scythemaster
--> Seed Guardian
    Walker of the Wastes
    Thought Harvester
    Needle Spires
    Swamp

--: Stalking Drone

--: Stalking Drone

Pack 2 pick 2:
--> Stalking Drone
    Goblin Freerunner
    Wastes
    Jwar Isle Avenger
    Slaughter Drone
    Loam Larva
    Unnatural Endurance
    Ondu War Cleric
    Ancient Crab
    Affa Protector
    Timber Gorge
    Weapons Trainer
    Thought Harvester
    Plains

--: Stalking Drone

--: Stalking Drone

Pack 2 pick 3:
    Unknown Shores
    Gravity Negator
    Warden of Geometries
--> Stalking Drone
    Slaughter Drone
    Lead by Example
    Untamed Hunger
    Ancient Crab
    Expedite
    Searing Light
    Harvester Troll
    Stone Haven Outfitter
    Island

--: Devour in Flames

--: Devour in Flames

Pack 2 pick 4:
    Unknown Shores
    Bone Saw
    Corpse Churn
    Natural State
    Kozilek's Translator
    Umara Entangler
    Consuming Sinkhole
    Shoulder to Shoulder
    Null Caller
--> Devour in Flames
    Remorseless Punishment
    Forest

--: Crumbling Vestige

--: Crumbling Vestige

Pack 2 pick 5:
    Tajuru Pathwarden
--> Crumbling Vestige
    Containment Membrane
    Natural State
    Umara Entangler
    Consuming Sinkhole
    Meandering River
    Flaying Tendrils
    Tears of Valakut
    Oath of Nissa
    Forest

--: Unknown Shores

--: Unknown Shores

Pack 2 pick 6:
--> Unknown Shores
    Pulse of Murasa
    Untamed Hunger
    Vines of the Recluse
    Affa Protector
    Abstruse Interference
    Kazuul's Toll Collector
    Gift of Tusks
    Malakir Soothsayer
    Island

--: Stalking Drone

--: Stalking Drone

Pack 2 pick 7:
    Warden of Geometries
--> Stalking Drone
    Expedition Raptor
    Canopy Gorger
    Brute Strength
    Kor Scythemaster
    Comparative Analysis
    Void Grafter
    Swamp

--: Scion Summoner

--: Scion Summoner

Pack 2 pick 8:
--> Scion Summoner
    Holdout Settlement
    Sky Scourer
    Kozilek's Shrieker
    Negate
    Sparkmage's Gambit
    Flaying Tendrils
    Island

--: Brute Strength

--: Brute Strength

Pack 2 pick 9:
    Wastes
    Spawnbinder Mage
    Canopy Gorger
    Kozilek's Shrieker
    Slip Through Space
--> Brute Strength
    Swamp

--: Wastes

--: Wastes

Pack 2 pick 10:
--> Wastes
    Jwar Isle Avenger
    Loam Larva
    Ancient Crab
    Timber Gorge
    Plains

--: Lead by Example

--: Lead by Example

Pack 2 pick 11:
--> Lead by Example
    Untamed Hunger
    Ancient Crab
    Stone Haven Outfitter
    Island

Pack 2 pick 12:
    Corpse Churn
    Natural State
--> Consuming Sinkhole
    Forest

Pack 2 pick 13:
    Natural State
--> Consuming Sinkhole
    Forest

Pack 2 pick 14:
--> Untamed Hunger
    Island

Pack 2 pick 15:
--> Swamp

--: Grove Rumbler

--: Grove Rumbler

------ BFZ ------ 

Pack 3 pick 1:
    Coralhelm Guide
    Mire's Malice
    Tajuru Stalwart
    Clutch of Currents
    Lavastep Raider
    Fortified Rampart
    Nettle Drone
    Cliffside Lookout
    Ghostly Sentinel
    Benthic Infiltrator
    Tide Drifter
    Infuse with the Elements
--> Grove Rumbler
    Smothering Abomination
    Island

--: Stonefury

--: Stonefury

Pack 3 pick 2:
    Oran-Rief Invoker
    Brilliant Spectrum
    Nirkana Assassin
    Seek the Wilds
    Kozilek's Sentinel
    Inspired Charge
    Valakut Invoker
    Shadow Glider
    Dominator Drone
--> Stonefury
    Retreat to Kazandu
    Ulamog's Reclaimer
    Hedron Archive
    Forest

--: Touch of the Void

--: Touch of the Void

Pack 3 pick 3:
    Altar's Reap
    Call the Scions
    Roilmage's Trick
    Swarm Surge
    Felidar Cub
    Boiling Earth
    Lithomancer's Focus
    Outnumber
--> Touch of the Void
    Shadow Glider
    Encircling Fissure
    Desolation Twin
    Swamp

--: Snapping Gnarlid

--: Snapping Gnarlid

Pack 3 pick 4:
    Kalastria Nightwatch
    Demon's Grasp
    Looming Spires
    Fertile Thicket
--> Snapping Gnarlid
    Spell Shrivel
    Angelic Gift
    Titan's Presence
    Stasis Snare
    Rot Shambler
    Angelic Captain
    Mountain

--: Brood Monitor

--: Brood Monitor

Pack 3 pick 5:
    Nirkana Assassin
    Oran-Rief Invoker
    Dispel
    Mind Raker
    Cliffside Lookout
    Volcanic Upheaval
    Smite the Monstrous
--> Brood Monitor
    Drana's Emissary
    Spawning Bed
    Mountain

Pack 3 pick 6:
    Incubator Drone
    Spell Shrivel
    Skyline Cascade
    Eyeless Watcher
    Fortified Rampart
    Lavastep Raider
    Hagra Sharpshooter
    Jaddi Offshoot
--> Noyan Dar, Roil Shaper
    Mountain

Pack 3 pick 7:
    Blisterpod
    Oracle of Dust
    Spell Shrivel
    Skyline Cascade
    Eyeless Watcher
--> Boiling Earth
    Lithomancer's Focus
    Encircling Fissure
    Plains

Pack 3 pick 8:
    Voracious Null
    Reclaiming Vines
    Sandstone Bridge
    Cloud Manta
--> Scour from Existence
    Grave Birthing
    Kor Castigator
    Swamp

--: Tajuru Stalwart

--: Tajuru Stalwart

Pack 3 pick 9:
    Coralhelm Guide
--> Tajuru Stalwart
    Lavastep Raider
    Fortified Rampart
    Cliffside Lookout
    Infuse with the Elements
    Island

--: Kozilek's Sentinel

--: Kozilek's Sentinel

Pack 3 pick 10:
    Brilliant Spectrum
    Nirkana Assassin
    Seek the Wilds
--> Kozilek's Sentinel
    Shadow Glider
    Forest

Pack 3 pick 11:
    Altar's Reap
    Call the Scions
--> Roilmage's Trick
    Felidar Cub
    Swamp

--: Fertile Thicket

--: Fertile Thicket

Pack 3 pick 12:
    Kalastria Nightwatch
--> Fertile Thicket
    Angelic Gift
    Mountain

Pack 3 pick 13:
--> Nirkana Assassin
    Volcanic Upheaval
    Mountain

Pack 3 pick 14:
--> Fortified Rampart
    Mountain

Pack 3 pick 15:
--> Plains

