Event #: 9461177
Time:    3/1/2016 8:05:23 PM
Players:
    eaglefoxbat
    eaklug
    MyeongC1
    ejordan
    Phizzle
--> FinchleyCentral
    mvalvo
    Jrickard

--: Isolation Zone

--: Isolation Zone

------ OGW ------ 

Pack 1 pick 1:
--> Isolation Zone
    Tar Snare
    Reality Hemorrhage
    Wastes
    Gravity Negator
    Sky Scourer
    Saddleback Lagac
    Expedite
    Searing Light
    Comparative Analysis
    Meandering River
    Roiling Waters
    Wall of Resurgence
    Eldrazi Obligator
    Forest

--: Steppe Glider

--: Zada's Commando

--: Zada's Commando

Pack 1 pick 2:
--> Zada's Commando
    Crumbling Vestige
    Containment Membrane
    Hedron Crawler
    Canopy Gorger
    Kozilek's Translator
    Lead by Example
    Sparkmage's Gambit
    Makindi Aeronaut
    Submerged Boneyard
    Meandering River
    Steppe Glider
    Zendikar Resurgent
    Plains

--: Reality Hemorrhage

--: Reality Hemorrhage

Pack 1 pick 3:
    Tar Snare
--> Reality Hemorrhage
    Wastes
    Gravity Negator
    Bone Saw
    Slaughter Drone
    Canopy Gorger
    Consuming Sinkhole
    Searing Light
    Negate
    Relentless Hunter
    Hissing Quagmire
    Forest

--: Shoulder to Shoulder

--: Shoulder to Shoulder

Pack 1 pick 4:
    Kor Sky Climber
    Wastes
    Containment Membrane
    Corpse Churn
    Natural State
    Consuming Sinkhole
--> Shoulder to Shoulder
    Ancient Crab
    Maw of Kozilek
    Kazuul's Toll Collector
    Stormchaser Mage
    Island

--: Ondu War Cleric

--: Ondu War Cleric

Pack 1 pick 5:
    Containment Membrane
    Hedron Crawler
    Stalking Drone
    Vines of the Recluse
    Zulaport Chainmage
    Saddleback Lagac
    Expedite
--> Ondu War Cleric
    Ancient Crab
    Ruin in Their Wake
    Plains

--: Netcaster Spider

--: Netcaster Spider

Pack 1 pick 6:
    Crumbling Vestige
    Jwar Isle Avenger
    Loam Larva
    Witness the End
--> Netcaster Spider
    Eldrazi Aggressor
    Dazzling Reflection
    Slip Through Space
    Visions of Brutality
    Mountain

--: Goblin Freerunner

--: Goblin Freerunner

Pack 1 pick 7:
--> Goblin Freerunner
    Wastes
    Warden of Geometries
    Elemental Uprising
    Sparkmage's Gambit
    Comparative Analysis
    Harvester Troll
    Iona's Blessing
    Swamp

--: Netcaster Spider

--: Netcaster Spider

Pack 1 pick 8:
    Sweep Away
    Natural State
--> Netcaster Spider
    Abstruse Interference
    Akoum Flameseeker
    Walker of the Wastes
    Hedron Alignment
    Swamp

--: Searing Light

Pack 1 pick 9:
    Wastes
    Gravity Negator
    Expedite
--> Searing Light
    Comparative Analysis
    Meandering River
    Forest

--: Lead by Example

Pack 1 pick 10:
    Crumbling Vestige
    Canopy Gorger
--> Lead by Example
    Sparkmage's Gambit
    Zendikar Resurgent
    Plains

--: Canopy Gorger

Pack 1 pick 11:
    Wastes
    Bone Saw
--> Canopy Gorger
    Negate
    Forest

--: Natural State

Pack 1 pick 12:
    Corpse Churn
--> Natural State
    Ancient Crab
    Island

--: Vines of the Recluse

Pack 1 pick 13:
--> Vines of the Recluse
    Ruin in Their Wake
    Plains

--: Slip Through Space

Pack 1 pick 14:
--> Slip Through Space
    Mountain

--: Swamp

Pack 1 pick 15:
--> Swamp

--: Thought-Knot Seer

--: Thought-Knot Seer

------ OGW ------ 

Pack 2 pick 1:
    Blinding Drone
    Kozilek's Pathfinder
    Scion Summoner
    Kor Sky Climber
    Zada's Commando
    Loam Larva
    Witness the End
    Eldrazi Aggressor
    Dazzling Reflection
    Slip Through Space
    Prophet of Distortion
    Visions of Brutality
    Ruin in Their Wake
--> Thought-Knot Seer
    Forest

--: Spawnbinder Mage

--: Spawnbinder Mage

Pack 2 pick 2:
    Holdout Settlement
    Blinding Drone
    Kozilek's Pathfinder
--> Spawnbinder Mage
    Pulse of Murasa
    Zulaport Chainmage
    Elemental Uprising
    Brute Strength
    Affa Protector
    Ancient Crab
    Grasp of Darkness
    Reflector Mage
    Deceiver of Form
    Mountain

--: Scion Summoner

--: Scion Summoner

Pack 2 pick 3:
    Vampire Envoy
--> Scion Summoner
    Boulder Salvo
    Netcaster Spider
    Slaughter Drone
    Canopy Gorger
    Consuming Sinkhole
    Searing Light
    Negate
    Chitinous Cloak
    Pyromancer's Assault
    Flaying Tendrils
    Plains

--: Tajuru Pathwarden

--: Tajuru Pathwarden

Pack 2 pick 4:
    Bone Saw
    Vampire Envoy
--> Tajuru Pathwarden
    Loam Larva
    Unnatural Endurance
    Mighty Leap
    Abstruse Interference
    Akoum Flameseeker
    Cliffhaven Vampire
    Flayer Drone
    Inverter of Truth
    Swamp

--: Kor Sky Climber

Pack 2 pick 5:
    Sweep Away
--> Kor Sky Climber
    Boulder Salvo
    Zulaport Chainmage
    Elemental Uprising
    Brute Strength
    Affa Protector
    Ancient Crab
    Pyromancer's Assault
    Flaying Tendrils
    Swamp

--: Kor Scythemaster

--: Kor Scythemaster

Pack 2 pick 6:
    Holdout Settlement
    Kozilek's Pathfinder
    Netcaster Spider
    Witness the End
    Eldrazi Aggressor
--> Kor Scythemaster
    Negate
    Reaver Drone
    Bonds of Mortality
    Forest

--: Loam Larva

Pack 2 pick 7:
    Wastes
    Containment Membrane
    Tears of Valakut
--> Loam Larva
    Negate
    Sparkmage's Gambit
    Null Caller
    Gift of Tusks
    Mountain

--: Seer's Lantern

Pack 2 pick 8:
--> Seer's Lantern
    Loam Larva
    Untamed Hunger
    Slip Through Space
    Maw of Kozilek
    Dazzling Reflection
    Cinder Barrens
    Forest

--: Loam Larva

Pack 2 pick 9:
--> Loam Larva
    Witness the End
    Eldrazi Aggressor
    Dazzling Reflection
    Slip Through Space
    Ruin in Their Wake
    Forest

--: Pulse of Murasa

Pack 2 pick 10:
--> Pulse of Murasa
    Zulaport Chainmage
    Elemental Uprising
    Affa Protector
    Ancient Crab
    Mountain

--: Chitinous Cloak

Pack 2 pick 11:
    Consuming Sinkhole
    Negate
--> Chitinous Cloak
    Pyromancer's Assault
    Plains

--: Loam Larva

Pack 2 pick 12:
    Bone Saw
--> Loam Larva
    Abstruse Interference
    Swamp

--: Ancient Crab

Pack 2 pick 13:
--> Ancient Crab
    Pyromancer's Assault
    Swamp

--: Bonds of Mortality

Pack 2 pick 14:
--> Bonds of Mortality
    Forest

--: Mountain

Pack 2 pick 15:
--> Mountain

--: Makindi Patrol

--: Makindi Patrol

------ BFZ ------ 

Pack 3 pick 1:
    Tajuru Stalwart
    Incubator Drone
    Culling Drone
    Silent Skimmer
    Mortuary Mire
    Mortuary Mire
    Tightening Coils
    Eldrazi Devastator
--> Makindi Patrol
    Lavastep Raider
    Chasm Guide
    Transgress the Mind
    Tide Drifter
    Sunken Hollow
    Plains

--: Woodland Wanderer

--: Woodland Wanderer

Pack 3 pick 2:
    Territorial Baloth
    Clutch of Currents
    Kalastria Nightwatch
    Mortuary Mire
    Natural Connection
    Tightening Coils
    Eldrazi Devastator
    Nettle Drone
    Fortified Rampart
    Akoum Stonewaker
    Jaddi Offshoot
    Spawning Bed
--> Woodland Wanderer
    Swamp

--: Plated Crusher

Pack 3 pick 3:
    Culling Drone
    Giant Mantis
    Infuse with the Elements
    Mortuary Mire
    Looming Spires
    Grave Birthing
    Makindi Patrol
    Kozilek's Sentinel
    Ulamog's Despoiler
    Molten Nursery
--> Plated Crusher
    Sanctum of Ugin
    Forest

--: Broodhunter Wurm

Pack 3 pick 4:
    Tajuru Stalwart
    Incubator Drone
    Sandstone Bridge
    Scour from Existence
    Grave Birthing
--> Broodhunter Wurm
    Reckless Cohort
    Inspired Charge
    Crumble to Dust
    Grove Rumbler
    Nissa's Renewal
    Swamp

--: Courier Griffin

--: Cliffside Lookout

--: Cliffside Lookout

Pack 3 pick 5:
    Anticipate
    Territorial Baloth
    Roilmage's Trick
--> Cliffside Lookout
    Volcanic Upheaval
    Makindi Sliderunner
    Courier Griffin
    Smite the Monstrous
    Chasm Guide
    Blighted Steppe
    Forest

--: Ghostly Sentinel

Pack 3 pick 6:
    Earthen Arms
    Incubator Drone
    Reclaiming Vines
    Lifespring Druid
    Outnumber
    Ondu Greathorn
    Ondu Champion
--> Ghostly Sentinel
    Rot Shambler
    Mountain

--: Resolute Blademaster

--: Resolute Blademaster

Pack 3 pick 7:
    Seek the Wilds
    Coralhelm Guide
    Spell Shrivel
    Skyline Cascade
    Eyeless Watcher
    Volcanic Upheaval
    Stone Haven Medic
--> Resolute Blademaster
    Swamp

--: Tandem Tactics

Pack 3 pick 8:
    Dutiful Return
    Blisterpod
    Anticipate
--> Tandem Tactics
    Shatterskull Recruit
    Crumble to Dust
    Unified Front
    Swamp

--: Culling Drone

Pack 3 pick 9:
    Incubator Drone
--> Culling Drone
    Mortuary Mire
    Mortuary Mire
    Tightening Coils
    Lavastep Raider
    Plains

--: Natural Connection

Pack 3 pick 10:
    Mortuary Mire
--> Natural Connection
    Tightening Coils
    Fortified Rampart
    Jaddi Offshoot
    Swamp

--: Infuse with the Elements

Pack 3 pick 11:
--> Infuse with the Elements
    Looming Spires
    Grave Birthing
    Molten Nursery
    Forest

--: Sandstone Bridge

Pack 3 pick 12:
--> Sandstone Bridge
    Scour from Existence
    Crumble to Dust
    Swamp

--: Anticipate

Pack 3 pick 13:
--> Anticipate
    Volcanic Upheaval
    Forest

--: Reclaiming Vines

Pack 3 pick 14:
--> Reclaiming Vines
    Mountain

--: Swamp

Pack 3 pick 15:
--> Swamp

