Event #: 9462936
Time:    3/2/2016 8:51:17 PM
Players:
--> YUGIOHPLAYER1942
    Osso
    wefoldforfood
    MihaMaster
    eyesmilez
    TAK47
    Durthable
    exits

--: Sphinx of the Final Word

--: Sphinx of the Final Word

------ OGW ------ 

Pack 1 pick 1:
    Vines of the Recluse
    Warden of Geometries
    Spawnbinder Mage
    Vampire Envoy
    Reality Hemorrhage
    Elemental Uprising
    Zulaport Chainmage
    Makindi Aeronaut
    Abstruse Interference
    Akoum Flameseeker
    Cliffhaven Vampire
    Flaying Tendrils
    Relentless Hunter
--> Sphinx of the Final Word
    Swamp

--: Maw of Kozilek

--: Maw of Kozilek

Pack 1 pick 2:
    Sweep Away
    Seer's Lantern
    Tajuru Pathwarden
    Expedition Raptor
    Canopy Gorger
    Kozilek's Translator
    Lead by Example
    Shoulder to Shoulder
    Ancient Crab
--> Maw of Kozilek
    Cinder Barrens
    Iona's Blessing
    Visions of Brutality
    Island

--: Vile Redeemer

--: Vile Redeemer

--: Vile Redeemer

--: Vile Redeemer

Pack 1 pick 3:
    Unknown Shores
    Sweep Away
    Seer's Lantern
    Kor Sky Climber
    Kozilek's Translator
    Saddleback Lagac
    Affa Protector
    Mighty Leap
    Consuming Sinkhole
    Roiling Waters
    Baloth Null
--> Vile Redeemer
    Island

--: Mina and Denn, Wildborn

--: Mina and Denn, Wildborn

Pack 1 pick 4:
    Holdout Settlement
    Kozilek's Pathfinder
    Tajuru Pathwarden
    Corpse Churn
    Natural State
    Mighty Leap
    Abstruse Interference
    Akoum Flameseeker
    Chitinous Cloak
    Gift of Tusks
--> Mina and Denn, Wildborn
    Swamp

--: Stalking Drone

Pack 1 pick 5:
    Jwar Isle Avenger
--> Stalking Drone
    Lead by Example
    Corpse Churn
    Consuming Sinkhole
    Shoulder to Shoulder
    Ancient Crab
    Pyromancer's Assault
    Unity of Purpose
    Overwhelming Denial
    Swamp

--: Baloth Null

--: Seer's Lantern

Pack 1 pick 6:
    Sweep Away
--> Seer's Lantern
    Kor Sky Climber
    Eldrazi Aggressor
    Kor Scythemaster
    Negate
    Baloth Null
    Bonds of Mortality
    Stone Haven Outfitter
    Forest

--: Akoum Flameseeker

--: Akoum Flameseeker

Pack 1 pick 7:
    Wastes
    Sweep Away
    Seer's Lantern
    Kozilek's Shrieker
    Untamed Hunger
--> Akoum Flameseeker
    Iona's Blessing
    Zendikar Resurgent
    Swamp

--: Stormchaser Mage

--: Vines of the Recluse

Pack 1 pick 8:
--> Vines of the Recluse
    Unnatural Endurance
    Brute Strength
    Affa Protector
    Ancient Crab
    Harvester Troll
    Stormchaser Mage
    Mountain

--: Zulaport Chainmage

--: Zulaport Chainmage

Pack 1 pick 9:
    Vines of the Recluse
    Spawnbinder Mage
    Elemental Uprising
--> Zulaport Chainmage
    Makindi Aeronaut
    Abstruse Interference
    Swamp

--: Shoulder to Shoulder

Pack 1 pick 10:
    Canopy Gorger
--> Shoulder to Shoulder
    Ancient Crab
    Cinder Barrens
    Iona's Blessing
    Island

--: Seer's Lantern

Pack 1 pick 11:
--> Seer's Lantern
    Affa Protector
    Mighty Leap
    Consuming Sinkhole
    Island

--: Mighty Leap

--: Mighty Leap

Pack 1 pick 12:
    Natural State
--> Mighty Leap
    Gift of Tusks
    Swamp

--: Consuming Sinkhole

--: Ancient Crab

--: Ancient Crab

Pack 1 pick 13:
    Consuming Sinkhole
--> Ancient Crab
    Swamp

--: Bonds of Mortality

Pack 1 pick 14:
--> Bonds of Mortality
    Forest

--: Swamp

--: Swamp

Pack 1 pick 15:
--> Swamp

--: Saddleback Lagac

--: Saddleback Lagac

------ OGW ------ 

Pack 2 pick 1:
    Stalking Drone
    Goblin Freerunner
    Wastes
    Jwar Isle Avenger
    Warden of Geometries
    Sky Scourer
--> Saddleback Lagac
    Eldrazi Aggressor
    Kor Scythemaster
    Negate
    Meandering River
    Grip of the Roil
    Tears of Valakut
    Remorseless Punishment
    Plains

--: Gladehart Cavalry

--: Gladehart Cavalry

Pack 2 pick 2:
    Gravity Negator
    Warden of Geometries
    Stalking Drone
    Kor Sky Climber
    Natural State
    Witness the End
    Netcaster Spider
    Searing Light
    Negate
    Sparkmage's Gambit
    Pyromancer's Assault
    Void Shatter
--> Gladehart Cavalry
    Mountain

--: Maw of Kozilek

--: Maw of Kozilek

Pack 2 pick 3:
    Unknown Shores
    Sweep Away
    Bone Saw
    Tajuru Pathwarden
    Isolation Zone
    Kozilek's Shrieker
    Shoulder to Shoulder
    Slip Through Space
--> Maw of Kozilek
    Grip of the Roil
    Baloth Null
    Wall of Resurgence
    Forest

--: Scion Summoner

--: Scion Summoner

Pack 2 pick 4:
    Blinding Drone
    Kozilek's Pathfinder
--> Scion Summoner
    Kor Sky Climber
    Slaughter Drone
    Canopy Gorger
    Maw of Kozilek
    Shoulder to Shoulder
    Umara Entangler
    Essence Depleter
    Reflector Mage
    Island

--: Allied Reinforcements

Pack 2 pick 5:
    Goblin Freerunner
    Wastes
    Containment Membrane
    Seer's Lantern
    Lead by Example
    Untamed Hunger
    Dazzling Reflection
    Brute Strength
--> Allied Reinforcements
    Bonds of Mortality
    Plains

--: Kor Sky Climber

--: Kor Sky Climber

--: Kor Scythemaster

--: Kor Scythemaster

--: Kor Sky Climber

Pack 2 pick 6:
--> Kor Sky Climber
    Cinder Hellion
    Holdout Settlement
    Corpse Churn
    Natural State
    Sparkmage's Gambit
    Kor Scythemaster
    Comparative Analysis
    Kazuul's Toll Collector
    Mountain

--: Spawnbinder Mage

--: Spawnbinder Mage

Pack 2 pick 7:
--> Spawnbinder Mage
    Goblin Freerunner
    Wastes
    Witness the End
    Sparkmage's Gambit
    Makindi Aeronaut
    Umara Entangler
    Consuming Sinkhole
    Plains

--: Goblin Freerunner

--: Lead by Example

--: Goblin Freerunner

--: Lead by Example

--: Lead by Example

Pack 2 pick 8:
    Goblin Freerunner
    Wastes
    Seer's Lantern
--> Lead by Example
    Slip Through Space
    Meandering River
    Bonds of Mortality
    Plains

--: Goblin Freerunner

--: Goblin Freerunner

--: Goblin Freerunner

Pack 2 pick 9:
--> Goblin Freerunner
    Negate
    Meandering River
    Grip of the Roil
    Tears of Valakut
    Remorseless Punishment
    Plains

--: Searing Light

--: Searing Light

Pack 2 pick 10:
    Natural State
    Witness the End
--> Searing Light
    Negate
    Sparkmage's Gambit
    Mountain

--: Shoulder to Shoulder

Pack 2 pick 11:
    Sweep Away
    Bone Saw
--> Shoulder to Shoulder
    Slip Through Space
    Forest

--: Canopy Gorger

--: Canopy Gorger

Pack 2 pick 12:
    Slaughter Drone
--> Canopy Gorger
    Umara Entangler
    Island

--: Bonds of Mortality

--: Bonds of Mortality

Pack 2 pick 13:
    Untamed Hunger
--> Bonds of Mortality
    Plains

--: Natural State

Pack 2 pick 14:
--> Natural State
    Mountain

--: Plains

Pack 2 pick 15:
--> Plains

--: Shambling Vent

--: Shambling Vent

--: Shambling Vent

------ BFZ ------ 

Pack 3 pick 1:
    Tajuru Stalwart
    Clutch of Currents
    Culling Drone
    Giant Mantis
    Tandem Tactics
    Shatterskull Recruit
    Vestige of Emrakul
    Ghostly Sentinel
    Dominator Drone
    Valakut Predator
    Rolling Thunder
    Retreat to Coralhelm
    Blighted Woodland
--> Shambling Vent
    Plains

--: From Beyond

--: From Beyond

--: From Beyond

Pack 3 pick 2:
    Kalastria Nightwatch
    Swell of Growth
    Mist Intruder
    Goblin War Paint
    Tandem Tactics
    Ondu Champion
    Ghostly Sentinel
    Benthic Infiltrator
    Vestige of Emrakul
    Catacomb Sifter
    Retreat to Emeria
    Halimar Tidecaller
--> From Beyond
    Mountain

--: Lantern Scout

--: Lantern Scout

--: Lantern Scout

Pack 3 pick 3:
    Salvage Drone
    Kalastria Healer
    Blisterpod
    Oracle of Dust
    Kitesail Scout
    Reckless Cohort
    Ondu Champion
    Gideon's Reproach
    Lifespring Druid
    Molten Nursery
    Catacomb Sifter
--> Lantern Scout
    Swamp

--: Hedron Archive

Pack 3 pick 4:
    Giant Mantis
    Brilliant Spectrum
    Altar's Reap
    Call the Scions
    Stone Haven Medic
    Kozilek's Sentinel
    Dominator Drone
    Stonefury
    Ghostly Sentinel
    Benthic Infiltrator
--> Hedron Archive
    Mountain

--: Oran-Rief Invoker

--: Oran-Rief Invoker

Pack 3 pick 5:
--> Oran-Rief Invoker
    Dispel
    Mind Raker
    Territorial Baloth
    Lavastep Raider
    Cliffside Lookout
    Lifespring Druid
    Valakut Invoker
    Ondu Greathorn
    Smothering Abomination
    Mountain

--: Ghostly Sentinel

--: Ghostly Sentinel

Pack 3 pick 6:
    Reclaiming Vines
    Salvage Drone
    Swarm Surge
    Fortified Rampart
    Ondu Champion
--> Ghostly Sentinel
    Vestige of Emrakul
    Expedition Envoy
    Sylvan Scrying
    Plains

--: Smite the Monstrous

--: Touch of the Void

--: Touch of the Void

Pack 3 pick 7:
    Earthen Arms
    Sludge Crawler
    Plummet
    Sure Strike
    Smite the Monstrous
--> Touch of the Void
    Ondu Greathorn
    Scythe Leopard
    Swamp

--: Courier Griffin

--: Courier Griffin

--: Courier Griffin

Pack 3 pick 8:
    Seek the Wilds
    Nirkana Assassin
    Fortified Rampart
    Belligerent Whiptail
    Angelic Gift
--> Courier Griffin
    Shadow Glider
    Mountain

--: Ghostly Sentinel

Pack 3 pick 9:
    Giant Mantis
    Shatterskull Recruit
    Vestige of Emrakul
--> Ghostly Sentinel
    Retreat to Coralhelm
    Blighted Woodland
    Plains

--: Ghostly Sentinel

Pack 3 pick 10:
    Mist Intruder
    Tandem Tactics
    Ondu Champion
--> Ghostly Sentinel
    Vestige of Emrakul
    Mountain

--: Kitesail Scout

Pack 3 pick 11:
--> Kitesail Scout
    Reckless Cohort
    Ondu Champion
    Molten Nursery
    Swamp

--: Call the Scions

Pack 3 pick 12:
    Brilliant Spectrum
    Altar's Reap
--> Call the Scions
    Mountain

--: Territorial Baloth

Pack 3 pick 13:
--> Territorial Baloth
    Lavastep Raider
    Mountain

--: Fortified Rampart

Pack 3 pick 14:
--> Fortified Rampart
    Plains

--: Swamp

Pack 3 pick 15:
--> Swamp

