Event #: 9468416
Time:    3/4/2016 10:47:21 AM
Players:
    JereWong
    Ryun
    KevConvoker
    IGrinZI
--> YUGIOHPLAYER1942
    ArtieShaw
    panchengtao
    brickfrigid

--: Hissing Quagmire

------ OGW ------ 

Pack 1 pick 1:
    Jwar Isle Avenger
    Warden of Geometries
    Spawnbinder Mage
    Vampire Envoy
    Zulaport Chainmage
    Natural State
    Witness the End
    Makindi Aeronaut
    Abstruse Interference
    Sparkmage's Gambit
    Strider Harness
    Thought Harvester
    Void Grafter
--> Hissing Quagmire
    Forest

--: Oath of Nissa

--: Oblivion Strike

--: Nissa's Judgment

--: Oblivion Strike

--: Nissa's Judgment

Pack 1 pick 2:
    Oblivion Strike
    Stalking Drone
    Goblin Freerunner
    Wastes
    Kozilek's Shrieker
    Netcaster Spider
    Eldrazi Aggressor
    Affa Protector
    Mighty Leap
    Allied Reinforcements
    Grasp of Darkness
--> Nissa's Judgment
    Oath of Nissa
    Swamp

--: Gladehart Cavalry

--: Gladehart Cavalry

Pack 1 pick 3:
    Crumbling Vestige
    Hedron Crawler
    Corpse Churn
    Natural State
    Kozilek's Translator
    Cultivator Drone
    Brute Strength
    Affa Protector
    Cinder Barrens
    Ruin in Their Wake
    Mindmelter
--> Gladehart Cavalry
    Mountain

--: Zada's Commando

--: Zada's Commando

Pack 1 pick 4:
    Tajuru Pathwarden
    Expedition Raptor
--> Zada's Commando
    Crumbling Vestige
    Containment Membrane
    Pulse of Murasa
    Untamed Hunger
    Sparkmage's Gambit
    Shoulder to Shoulder
    Slip Through Space
    Tears of Valakut
    Plains

--: Reality Hemorrhage

--: Reality Hemorrhage

Pack 1 pick 5:
    Tar Snare
--> Reality Hemorrhage
    Wastes
    Kozilek's Translator
    Elemental Uprising
    Searing Light
    Comparative Analysis
    Eldrazi Aggressor
    Cinder Barrens
    Iona's Blessing
    Mountain

--: Cinder Hellion

--: Cinder Hellion

Pack 1 pick 6:
    Tar Snare
--> Cinder Hellion
    Unknown Shores
    Elemental Uprising
    Sky Scourer
    Ancient Crab
    Expedite
    Searing Light
    Comparative Analysis
    Forest

--: Baloth Null

--: Baloth Null

Pack 1 pick 7:
    Kozilek's Translator
    Elemental Uprising
    Sky Scourer
    Ancient Crab
    Expedite
    Searing Light
    Warping Wail
--> Baloth Null
    Plains

--: Maw of Kozilek

--: Maw of Kozilek

Pack 1 pick 8:
    Tar Snare
    Untamed Hunger
    Pulse of Murasa
    Negate
--> Maw of Kozilek
    Warping Wail
    Hedron Alignment
    Island

--: Sparkmage's Gambit

--: Sparkmage's Gambit

Pack 1 pick 9:
    Jwar Isle Avenger
    Natural State
    Witness the End
    Abstruse Interference
--> Sparkmage's Gambit
    Strider Harness
    Forest

--: Eldrazi Aggressor

--: Netcaster Spider

--: Netcaster Spider

Pack 1 pick 10:
    Wastes
    Kozilek's Shrieker
--> Netcaster Spider
    Eldrazi Aggressor
    Mighty Leap
    Swamp

--: Cinder Barrens

--: Cinder Barrens

--: Cinder Barrens

--: Cinder Barrens

--: Cinder Barrens

Pack 1 pick 11:
    Corpse Churn
    Natural State
    Brute Strength
--> Cinder Barrens
    Mountain

--: Pulse of Murasa

--: Pulse of Murasa

Pack 1 pick 12:
--> Pulse of Murasa
    Untamed Hunger
    Tears of Valakut
    Plains

--: Eldrazi Aggressor

Pack 1 pick 13:
--> Eldrazi Aggressor
    Iona's Blessing
    Mountain

--: Comparative Analysis

Pack 1 pick 14:
--> Comparative Analysis
    Forest

--: Plains

Pack 1 pick 15:
--> Plains

--: Boulder Salvo

--: Boulder Salvo

------ OGW ------ 

Pack 2 pick 1:
    Kozilek's Pathfinder
    Isolation Zone
    Scion Summoner
--> Boulder Salvo
    Slaughter Drone
    Loam Larva
    Unnatural Endurance
    Akoum Flameseeker
    Searing Light
    Negate
    Cyclone Sire
    Kazuul's Toll Collector
    Stormchaser Mage
    Munda's Vanguard
    Forest

--: Zada's Commando

--: Zada's Commando

--: Zada's Commando

--: Zada's Commando

Pack 2 pick 2:
--> Zada's Commando
    Crumbling Vestige
    Containment Membrane
    Hedron Crawler
    Unnatural Endurance
    Pulse of Murasa
    Zulaport Chainmage
    Akoum Flameseeker
    Dazzling Reflection
    Slip Through Space
    Pyromancer's Assault
    Steppe Glider
    Jori En, Ruin Diver
    Plains

--: Saddleback Lagac

--: Saddleback Lagac

Pack 2 pick 3:
    Expedition Raptor
    Zada's Commando
    Crumbling Vestige
    Jwar Isle Avenger
    Elemental Uprising
    Sky Scourer
--> Saddleback Lagac
    Brute Strength
    Kor Scythemaster
    Comparative Analysis
    Tranquil Expanse
    Weapons Trainer
    Island

--: Akoum Flameseeker

--: Akoum Flameseeker

--: Akoum Flameseeker

Pack 2 pick 4:
    Wastes
    Containment Membrane
    Bone Saw
    Pulse of Murasa
    Zulaport Chainmage
    Elemental Uprising
--> Akoum Flameseeker
    Dazzling Reflection
    Slip Through Space
    Chitinous Cloak
    Weapons Trainer
    Forest

--: Stalking Drone

--: Stalking Drone

Pack 2 pick 5:
    Tar Snare
--> Stalking Drone
    Cinder Hellion
    Wastes
    Sky Scourer
    Elemental Uprising
    Ancient Crab
    Affa Protector
    Submerged Boneyard
    Void Shatter
    Mountain

--: Reckless Bushwhacker

--: Reckless Bushwhacker

--: Reckless Bushwhacker

Pack 2 pick 6:
    Cinder Hellion
    Tears of Valakut
    Corpse Churn
    Natural State
    Brute Strength
    Affa Protector
    Grip of the Roil
--> Reckless Bushwhacker
    Baloth Pup
    Forest

--: Goblin Freerunner

--: Goblin Freerunner

--: Goblin Freerunner

Pack 2 pick 7:
    Kozilek's Pathfinder
--> Goblin Freerunner
    Netcaster Spider
    Canopy Gorger
    Negate
    Sparkmage's Gambit
    Reaver Drone
    Iona's Blessing
    Swamp

--: Scion Summoner

Pack 2 pick 8:
    Jwar Isle Avenger
--> Scion Summoner
    Cinder Hellion
    Sky Scourer
    Brute Strength
    Comparative Analysis
    Pyromancer's Assault
    Plains

--: Loam Larva

--: Akoum Flameseeker

--: Akoum Flameseeker

Pack 2 pick 9:
    Loam Larva
--> Akoum Flameseeker
    Searing Light
    Negate
    Kazuul's Toll Collector
    Stormchaser Mage
    Forest

--: Akoum Flameseeker

--: Akoum Flameseeker

Pack 2 pick 10:
    Pulse of Murasa
--> Akoum Flameseeker
    Dazzling Reflection
    Slip Through Space
    Pyromancer's Assault
    Plains

--: Brute Strength

--: Brute Strength

Pack 2 pick 11:
    Expedition Raptor
    Elemental Uprising
--> Brute Strength
    Weapons Trainer
    Island

--: Pulse of Murasa

--: Pulse of Murasa

Pack 2 pick 12:
--> Pulse of Murasa
    Elemental Uprising
    Chitinous Cloak
    Forest

--: Elemental Uprising

Pack 2 pick 13:
--> Elemental Uprising
    Ancient Crab
    Mountain

--: Corpse Churn

Pack 2 pick 14:
--> Corpse Churn
    Forest

--: Swamp

Pack 2 pick 15:
--> Swamp

--: Demon's Grasp

--: Demon's Grasp

------ BFZ ------ 

Pack 3 pick 1:
    Oracle of Dust
    Voracious Null
    Reclaiming Vines
    Natural Connection
    Tightening Coils
    Eldrazi Devastator
--> Demon's Grasp
    Nettle Drone
    Kitesail Scout
    Belligerent Whiptail
    Hagra Sharpshooter
    Ondu Rising
    Cryptic Cruiser
    Guul Draz Overseer
    Forest

--: Vestige of Emrakul

--: Vestige of Emrakul

--: Vestige of Emrakul

--: Vestige of Emrakul

Pack 3 pick 2:
    Giant Mantis
    Brilliant Spectrum
    Altar's Reap
    Call the Scions
    Shatterskull Recruit
    Lithomancer's Focus
    Ghostly Sentinel
    Benthic Infiltrator
--> Vestige of Emrakul
    Gideon's Reproach
    Sylvan Scrying
    Malakir Familiar
    Ugin's Insight
    Forest

--: Oran-Rief Invoker

--: Oran-Rief Invoker

--: Oran-Rief Invoker

Pack 3 pick 3:
--> Oran-Rief Invoker
    Brilliant Spectrum
    Mortuary Mire
    Looming Spires
    Grave Birthing
    Eyeless Watcher
    Eldrazi Devastator
    Tandem Tactics
    Slab Hammer
    Transgress the Mind
    Ondu Rising
    Prism Array
    Swamp

--: Valakut Invoker

--: Valakut Predator

--: Valakut Predator

Pack 3 pick 4:
    Coralhelm Guide
    Mire's Malice
    Tajuru Stalwart
    Clutch of Currents
    Reckless Cohort
    Inspired Charge
--> Valakut Predator
    Sheer Drop
    Hedron Blade
    Valakut Invoker
    Ruination Guide
    Swamp

--: Outnumber

--: Outnumber

--: Outnumber

Pack 3 pick 5:
    Culling Drone
    Giant Mantis
    Mind Raker
    Felidar Cub
    Boiling Earth
    Lithomancer's Focus
--> Outnumber
    Kozilek's Channeler
    Vestige of Emrakul
    Crumble to Dust
    Mountain

--: Makindi Sliderunner

--: Makindi Sliderunner

Pack 3 pick 6:
    Seek the Wilds
    Oracle of Dust
    Altar's Reap
    Kitesail Scout
    Shatterskull Recruit
    Ghostly Sentinel
--> Makindi Sliderunner
    Smite the Monstrous
    Crumble to Dust
    Swamp

--: Blighted Gorge

--: Blighted Gorge

Pack 3 pick 7:
    Reclaiming Vines
    Mist Intruder
    Shatterskull Recruit
    Sure Strike
    Ondu Greathorn
    Grovetender Druids
--> Blighted Gorge
    March from the Tomb
    Mountain

--: Fertile Thicket

--: Chasm Guide

--: Fertile Thicket

Pack 3 pick 8:
    Reclaiming Vines
--> Fertile Thicket
    Geyserfield Stalker
    Volcanic Upheaval
    Tandem Tactics
    Chasm Guide
    Aligned Hedron Network
    Plains

--: Belligerent Whiptail

--: Reclaiming Vines

--: Reclaiming Vines

Pack 3 pick 9:
    Oracle of Dust
    Voracious Null
--> Reclaiming Vines
    Kitesail Scout
    Belligerent Whiptail
    Guul Draz Overseer
    Forest

--: Giant Mantis

--: Giant Mantis

--: Giant Mantis

Pack 3 pick 10:
--> Giant Mantis
    Brilliant Spectrum
    Altar's Reap
    Shatterskull Recruit
    Sylvan Scrying
    Forest

--: Prism Array

Pack 3 pick 11:
    Brilliant Spectrum
    Mortuary Mire
    Grave Birthing
--> Prism Array
    Swamp

--: Reckless Cohort

Pack 3 pick 12:
--> Reckless Cohort
    Inspired Charge
    Hedron Blade
    Swamp

--: Vestige of Emrakul

Pack 3 pick 13:
--> Vestige of Emrakul
    Crumble to Dust
    Mountain

--: Kitesail Scout

Pack 3 pick 14:
--> Kitesail Scout
    Swamp

--: Mountain

Pack 3 pick 15:
--> Mountain

