Event #: 9475358
Time:    06/03/2016 11:38:37
Players:
    lukacarroll
    Zaraphel
    aIItappedout
    ninjaorigami
    rumpsteak
    wiltdog
    grinning_demon
--> ictur

--: Embodiment of Fury

------ OGW ------ 

Pack 1 pick 1:
    Bone Saw
    Expedition Raptor
    Tar Snare
    Boulder Salvo
    Corpse Churn
    Natural State
    Kozilek's Translator
    Consuming Sinkhole
    Ondu War Cleric
    Cultivator Drone
    Roiling Waters
--> Embodiment of Fury
    Baloth Null
    Call the Gatewatch
    Island

--: Nissa's Judgment

Pack 1 pick 2:
    Isolation Zone
    Tar Snare
    Cinder Hellion
    Unknown Shores
    Witness the End
    Netcaster Spider
    Kozilek's Shrieker
    Umara Entangler
    Consuming Sinkhole
    Shoulder to Shoulder
    Chitinous Cloak
    Weapons Trainer
--> Nissa's Judgment
    Swamp

--: Ondu War Cleric

Pack 1 pick 3:
    Wastes
    Jwar Isle Avenger
    Warden of Geometries
    Corpse Churn
    Jwar Isle Avenger
    Kozilek's Translator
--> Ondu War Cleric
    Cultivator Drone
    Expedite
    Submerged Boneyard
    Tears of Valakut
    Flaying Tendrils
    Island

--: Stalking Drone

Pack 1 pick 4:
    Hedron Crawler
    Tar Snare
--> Stalking Drone
    Cinder Hellion
    Wastes
    Pulse of Murasa
    Untamed Hunger
    Cultivator Drone
    Brute Strength
    Affa Protector
    Harvester Troll
    Mountain

--: Crumbling Vestige

Pack 1 pick 5:
--> Crumbling Vestige
    Hedron Crawler
    Vines of the Recluse
    Kozilek's Translator
    Ancient Crab
    Expedite
    Searing Light
    Tranquil Expanse
    Make a Stand
    Ruin in Their Wake
    Forest

--: Birthing Hulk

Pack 1 pick 6:
    Seer's Lantern
    Slaughter Drone
    Untamed Hunger
    Dazzling Reflection
    Slip Through Space
    Brute Strength
--> Birthing Hulk
    Void Grafter
    Hedron Alignment
    Mountain

--: Makindi Aeronaut

Pack 1 pick 7:
    Holdout Settlement
    Kozilek's Pathfinder
    Sky Scourer
--> Makindi Aeronaut
    Abstruse Interference
    Sparkmage's Gambit
    Kazuul's Toll Collector
    Immobilizer Eldrazi
    Mountain

--: Vines of the Recluse

Pack 1 pick 8:
    Crumbling Vestige
    Hedron Crawler
--> Vines of the Recluse
    Affa Protector
    Consuming Sinkhole
    Reaver Drone
    Flayer Drone
    Plains

--: Cultivator Drone

Pack 1 pick 9:
    Tar Snare
    Corpse Churn
    Natural State
    Consuming Sinkhole
--> Cultivator Drone
    Call the Gatewatch
    Island

--: Cinder Hellion

Pack 1 pick 10:
--> Cinder Hellion
    Witness the End
    Kozilek's Shrieker
    Consuming Sinkhole
    Chitinous Cloak
    Swamp

--: Submerged Boneyard

Pack 1 pick 11:
    Corpse Churn
    Expedite
--> Submerged Boneyard
    Flaying Tendrils
    Island

--: Pulse of Murasa

Pack 1 pick 12:
    Tar Snare
--> Pulse of Murasa
    Untamed Hunger
    Mountain

--: Ruin in Their Wake

Pack 1 pick 13:
    Ancient Crab
--> Ruin in Their Wake
    Forest

--: Untamed Hunger

--: Mountain

Pack 1 pick 14:
    Untamed Hunger
--> Mountain

--: Mountain

Pack 1 pick 15:
--> Mountain

--: Tajuru Pathwarden

------ OGW ------ 

Pack 2 pick 1:
    Bone Saw
    Vampire Envoy
--> Tajuru Pathwarden
    Goblin Freerunner
    Slaughter Drone
    Lead by Example
    Untamed Hunger
    Makindi Aeronaut
    Umara Entangler
    Consuming Sinkhole
    Pyromancer's Assault
    Seed Guardian
    Flaying Tendrils
    Ayli, Eternal Pilgrim
    Swamp

--: Zada's Commando

Pack 2 pick 2:
    Seer's Lantern
    Oblivion Strike
    Spawnbinder Mage
--> Zada's Commando
    Natural State
    Kozilek's Translator
    Elemental Uprising
    Slip Through Space
    Brute Strength
    Kor Scythemaster
    Meandering River
    Thought Harvester
    Steppe Glider
    Plains

--: Goblin Freerunner

--: Goblin Freerunner

Pack 2 pick 3:
    Spawnbinder Mage
--> Goblin Freerunner
    Wastes
    Kozilek's Shrieker
    Netcaster Spider
    Witness the End
    Comparative Analysis
    Eldrazi Aggressor
    Dazzling Reflection
    Spatial Contortion
    Gift of Tusks
    Mindmelter
    Forest

--: Relentless Hunter

Pack 2 pick 4:
    Jwar Isle Avenger
    Warden of Geometries
    Spawnbinder Mage
    Vampire Envoy
    Corpse Churn
    Canopy Gorger
    Comparative Analysis
    Eldrazi Aggressor
    Kor Scythemaster
--> Relentless Hunter
    Flaying Tendrils
    Plains

--: Goblin Freerunner

Pack 2 pick 5:
    Tajuru Pathwarden
--> Goblin Freerunner
    Holdout Settlement
    Elemental Uprising
    Loam Larva
    Expedite
    Makindi Aeronaut
    Abstruse Interference
    Wall of Resurgence
    Flayer Drone
    Swamp

--: Relentless Hunter

Pack 2 pick 6:
    Stalking Drone
    Goblin Freerunner
    Wastes
    Jwar Isle Avenger
    Elemental Uprising
    Sky Scourer
    Abstruse Interference
    Pyromancer's Assault
--> Relentless Hunter
    Swamp

--: Scion Summoner

Pack 2 pick 7:
    Blinding Drone
    Kozilek's Pathfinder
--> Scion Summoner
    Witness the End
    Netcaster Spider
    Searing Light
    Negate
    Stoneforge Acolyte
    Mountain

--: Loam Larva

Pack 2 pick 8:
    Bone Saw
    Tar Snare
--> Loam Larva
    Mighty Leap
    Abstruse Interference
    Chitinous Cloak
    Gift of Tusks
    Swamp

--: Lead by Example

Pack 2 pick 9:
    Bone Saw
--> Lead by Example
    Untamed Hunger
    Umara Entangler
    Consuming Sinkhole
    Flaying Tendrils
    Swamp

--: Brute Strength

Pack 2 pick 10:
    Natural State
    Kozilek's Translator
    Elemental Uprising
--> Brute Strength
    Meandering River
    Plains

--: Wastes

Pack 2 pick 11:
--> Wastes
    Witness the End
    Eldrazi Aggressor
    Gift of Tusks
    Forest

--: Warden of Geometries

Pack 2 pick 12:
--> Warden of Geometries
    Canopy Gorger
    Flaying Tendrils
    Plains

--: Elemental Uprising

Pack 2 pick 13:
--> Elemental Uprising
    Expedite
    Swamp

--: Elemental Uprising

Pack 2 pick 14:
--> Elemental Uprising
    Swamp

--: Mountain

Pack 2 pick 15:
--> Mountain

--: Outnumber

------ BFZ ------ 

Pack 3 pick 1:
    Call the Scions
    Murk Strider
    Voracious Null
    Bone Splinters
    Broodhunter Wurm
    Mortuary Mire
    Tightening Coils
    Looming Spires
    Lithomancer's Focus
--> Outnumber
    Expedition Envoy
    Slab Hammer
    Blighted Cataract
    Shrine of the Forsaken Gods
    Mountain

--: Stonefury

Pack 3 pick 2:
    Incubator Drone
    Culling Drone
    Seek the Wilds
    Coralhelm Guide
    Kor Castigator
    Sure Strike
    Touch of the Void
    Shadow Glider
--> Stonefury
    Smite the Monstrous
    Transgress the Mind
    Serene Steward
    Breaker of Armies
    Forest

--: Touch of the Void

Pack 3 pick 3:
    Culling Drone
    Seek the Wilds
    Coralhelm Guide
    Nirkana Assassin
    Angelic Gift
    Lavastep Raider
--> Touch of the Void
    Shadow Glider
    Smite the Monstrous
    Blighted Fen
    Transgress the Mind
    Ondu Rising
    Swamp

--: Makindi Sliderunner

Pack 3 pick 4:
    Coralhelm Guide
    Mire's Malice
    Tajuru Stalwart
    Clutch of Currents
    Volcanic Upheaval
    Benthic Infiltrator
--> Makindi Sliderunner
    Kozilek's Channeler
    Ulamog's Nullifier
    Unified Front
    Brutal Expulsion
    Forest

--: Oran-Rief Invoker

Pack 3 pick 5:
--> Oran-Rief Invoker
    Brilliant Spectrum
    Nirkana Assassin
    Seek the Wilds
    Kor Castigator
    Ghostly Sentinel
    Makindi Sliderunner
    Smite the Monstrous
    Bloodbond Vampire
    Retreat to Emeria
    Swamp

--: Ondu Champion

Pack 3 pick 6:
    Blisterpod
    Anticipate
    Sludge Crawler
    Earthen Arms
    Stone Haven Medic
    Volcanic Upheaval
--> Ondu Champion
    Makindi Sliderunner
    Retreat to Kazandu
    Plains

--: Sure Strike

Pack 3 pick 7:
    Blisterpod
    Oracle of Dust
    Voracious Null
    Lithomancer's Focus
    Goblin War Paint
    Tandem Tactics
--> Sure Strike
    Retreat to Coralhelm
    Island

--: Murasa Ranger

Pack 3 pick 8:
    Mire's Malice
    Giant Mantis
    Brilliant Spectrum
    Altar's Reap
    Valakut Predator
--> Murasa Ranger
    Blighted Gorge
    Forest

--: Broodhunter Wurm

Pack 3 pick 9:
    Call the Scions
    Murk Strider
    Voracious Null
--> Broodhunter Wurm
    Mortuary Mire
    Lithomancer's Focus
    Mountain

--: Sure Strike

Pack 3 pick 10:
    Seek the Wilds
--> Sure Strike
    Shadow Glider
    Smite the Monstrous
    Transgress the Mind
    Forest

--: Seek the Wilds

Pack 3 pick 11:
    Culling Drone
--> Seek the Wilds
    Nirkana Assassin
    Lavastep Raider
    Swamp

--: Volcanic Upheaval

Pack 3 pick 12:
    Coralhelm Guide
    Mire's Malice
--> Volcanic Upheaval
    Forest

--: Seek the Wilds

Pack 3 pick 13:
    Nirkana Assassin
--> Seek the Wilds
    Swamp

--: Earthen Arms

Pack 3 pick 14:
--> Earthen Arms
    Plains

--: Island

Pack 3 pick 15:
--> Island

