Event #: 9482543
Time:    3/8/2016 2:53:01 PM
Players:
    Azure
    Elvishvisonary
    unicornparadise
--> YUGIOHPLAYER1942
    kommy
    TYR1
    twistling
    Ariel_

--: Embodiment of Insight

--: Oath of Nissa

--: Embodiment of Insight

--: Oath of Nissa

--: Embodiment of Insight

--: Oath of Nissa

--: Embodiment of Insight

--: Embodiment of Insight

------ OGW ------ 

Pack 1 pick 1:
    Spawnbinder Mage
    Vampire Envoy
    Reality Hemorrhage
    Unknown Shores
    Sweep Away
    Netcaster Spider
    Kozilek's Shrieker
    Slip Through Space
    Consuming Sinkhole
    Searing Light
--> Embodiment of Insight
    Immobilizer Eldrazi
    Gift of Tusks
    Oath of Nissa
    Plains

--: Sifter of Skulls

--: Sifter of Skulls

--: Sifter of Skulls

Pack 1 pick 2:
    Kozilek's Pathfinder
    Scion Summoner
    Kor Sky Climber
    Crumbling Vestige
    Kozilek's Shrieker
    Lead by Example
    Ancient Crab
    Maw of Kozilek
    Mighty Leap
    Grip of the Roil
    Tears of Valakut
    Weapons Trainer
--> Sifter of Skulls
    Swamp

--: Boulder Salvo

--: Boulder Salvo

Pack 1 pick 3:
    Scion Summoner
--> Boulder Salvo
    Wastes
    Kozilek's Shrieker
    Lead by Example
    Maw of Kozilek
    Mighty Leap
    Abstruse Interference
    Akoum Flameseeker
    Null Caller
    Cinder Barrens
    Iona's Blessing
    Swamp

--: Relentless Hunter

--: Dimensional Infiltrator

--: Dimensional Infiltrator

Pack 1 pick 4:
    Tar Snare
    Unknown Shores
    Sky Scourer
    Loam Larva
    Witness the End
    Negate
    Sparkmage's Gambit
    Make a Stand
    Ruin in Their Wake
    Relentless Hunter
--> Dimensional Infiltrator
    Plains

--: Zendikar Resurgent

--: Zendikar Resurgent

Pack 1 pick 5:
    Cinder Hellion
    Holdout Settlement
    Gravity Negator
    Bone Saw
    Elemental Uprising
    Comparative Analysis
    Eldrazi Aggressor
    Harvester Troll
    Tranquil Expanse
--> Zendikar Resurgent
    Plains

--: Eldrazi Mimic

--: Eldrazi Mimic

Pack 1 pick 6:
    Jwar Isle Avenger
    Warden of Geometries
    Tar Snare
    Slaughter Drone
    Canopy Gorger
    Consuming Sinkhole
    Ancient Crab
    Bonds of Mortality
--> Eldrazi Mimic
    Island

--: Relentless Hunter

--: Slaughter Drone

--: Relentless Hunter

--: Relentless Hunter

Pack 1 pick 7:
    Kozilek's Pathfinder
    Tajuru Pathwarden
    Slaughter Drone
    Loam Larva
    Slip Through Space
    Pyromancer's Assault
--> Relentless Hunter
    Void Shatter
    Forest

--: Unknown Shores

--: Pulse of Murasa

--: Akoum Flameseeker

--: Akoum Flameseeker

Pack 1 pick 8:
    Unknown Shores
    Kozilek's Pathfinder
    Pulse of Murasa
    Unnatural Endurance
--> Akoum Flameseeker
    Searing Light
    Make a Stand
    Island

--: Oath of Nissa

--: Oath of Nissa

Pack 1 pick 9:
    Unknown Shores
    Netcaster Spider
    Slip Through Space
    Consuming Sinkhole
    Gift of Tusks
--> Oath of Nissa
    Plains

--: Lead by Example

Pack 1 pick 10:
    Kozilek's Pathfinder
--> Lead by Example
    Ancient Crab
    Mighty Leap
    Grip of the Roil
    Swamp

--: Lead by Example

Pack 1 pick 11:
--> Lead by Example
    Abstruse Interference
    Cinder Barrens
    Iona's Blessing
    Swamp

--: Witness the End

--: Witness the End

Pack 1 pick 12:
--> Witness the End
    Negate
    Ruin in Their Wake
    Plains

--: Tranquil Expanse

Pack 1 pick 13:
    Elemental Uprising
--> Tranquil Expanse
    Plains

--: Bonds of Mortality

Pack 1 pick 14:
--> Bonds of Mortality
    Island

--: Forest

Pack 1 pick 15:
--> Forest

--: Seed Guardian

--: Seed Guardian

------ OGW ------ 

Pack 2 pick 1:
    Vampire Envoy
    Cinder Hellion
    Holdout Settlement
    Gravity Negator
    Bone Saw
    Untamed Hunger
    Vines of the Recluse
    Mighty Leap
    Abstruse Interference
    Akoum Flameseeker
--> Seed Guardian
    Flaying Tendrils
    Reflector Mage
    Needle Spires
    Forest

--: Munda's Vanguard

--: Munda's Vanguard

--: Munda's Vanguard

Pack 2 pick 2:
    Oblivion Strike
    Spawnbinder Mage
    Wastes
    Zulaport Chainmage
    Natural State
    Witness the End
    Sparkmage's Gambit
    Kor Scythemaster
--> Munda's Vanguard
    Embodiment of Insight
    Malakir Soothsayer
    Warping Wail
    Oath of Jace
    Forest

--: Allied Reinforcements

Pack 2 pick 3:
    Goblin Freerunner
    Wastes
    Sweep Away
    Seer's Lantern
    Unnatural Endurance
    Pulse of Murasa
    Zulaport Chainmage
    Dazzling Reflection
    Slip Through Space
    Brute Strength
    Tranquil Expanse
--> Allied Reinforcements
    Plains

--: Vines of the Recluse

--: Vines of the Recluse

Pack 2 pick 4:
    Wastes
    Jwar Isle Avenger
    Warden of Geometries
    Untamed Hunger
--> Vines of the Recluse
    Umara Entangler
    Brute Strength
    Mighty Leap
    Void Shatter
    Thought Harvester
    Oath of Gideon
    Swamp

--: Spawnbinder Mage

Pack 2 pick 5:
    Warden of Geometries
--> Spawnbinder Mage
    Vampire Envoy
    Unknown Shores
    Corpse Churn
    Affa Protector
    Ancient Crab
    Expedite
    Harvester Troll
    Iona's Blessing
    Forest

--: Netcaster Spider

--: Netcaster Spider

--: Netcaster Spider

Pack 2 pick 6:
    Wastes
    Jwar Isle Avenger
    Warden of Geometries
    Kozilek's Shrieker
--> Netcaster Spider
    Consuming Sinkhole
    Cultivator Drone
    Void Grafter
    Visions of Brutality
    Island

--: Make a Stand

Pack 2 pick 7:
    Natural State
    Kozilek's Translator
    Elemental Uprising
    Searing Light
    Comparative Analysis
    Eldrazi Aggressor
--> Make a Stand
    Visions of Brutality
    Plains

--: Affa Protector

--: Harvester Troll

--: Stoneforge Acolyte

--: Affa Protector

--: Affa Protector

Pack 2 pick 8:
    Wastes
    Canopy Gorger
    Elemental Uprising
    Ancient Crab
--> Affa Protector
    Harvester Troll
    Stoneforge Acolyte
    Forest

--: Cinder Hellion

--: Cinder Hellion

--: Cinder Hellion

Pack 2 pick 9:
--> Cinder Hellion
    Gravity Negator
    Bone Saw
    Untamed Hunger
    Mighty Leap
    Abstruse Interference
    Forest

--: Spawnbinder Mage

--: Spawnbinder Mage

Pack 2 pick 10:
--> Spawnbinder Mage
    Natural State
    Witness the End
    Warping Wail
    Oath of Jace
    Forest

--: Dazzling Reflection

--: Dazzling Reflection

Pack 2 pick 11:
    Wastes
    Sweep Away
--> Dazzling Reflection
    Brute Strength
    Plains

--: Mighty Leap

Pack 2 pick 12:
    Untamed Hunger
    Brute Strength
--> Mighty Leap
    Swamp

--: Iona's Blessing

Pack 2 pick 13:
    Ancient Crab
--> Iona's Blessing
    Forest

--: Consuming Sinkhole

Pack 2 pick 14:
--> Consuming Sinkhole
    Island

--: Plains

Pack 2 pick 15:
--> Plains

--: Sylvan Scrying

--: Scythe Leopard

--: Nissa's Renewal

--: Unnatural Aggression

--: Unnatural Aggression

------ BFZ ------ 

Pack 3 pick 1:
    Dutiful Return
    Swell of Growth
    Vampiric Rites
    Silent Skimmer
    Rush of Ice
    Natural Connection
--> Unnatural Aggression
    Geyserfield Stalker
    Kitesail Scout
    Reckless Cohort
    Scythe Leopard
    Sylvan Scrying
    Malakir Familiar
    Nissa's Renewal
    Forest

--: Smite the Monstrous

--: Smite the Monstrous

Pack 3 pick 2:
    Call the Scions
    Murk Strider
    Voracious Null
    Oran-Rief Invoker
    Cliffside Lookout
--> Smite the Monstrous
    Kozilek's Channeler
    Touch of the Void
    Ondu Greathorn
    Cryptic Cruiser
    Turn Against
    Grip of Desolation
    Akoum Hellkite
    Mountain

--: Tajuru Beastmaster

--: Tajuru Beastmaster

Pack 3 pick 3:
    Mind Raker
    Territorial Baloth
    Roilmage's Trick
    Spell Shrivel
    Scour from Existence
--> Tajuru Beastmaster
    Wave-Wing Elemental
    Lithomancer's Focus
    Sure Strike
    Skyrider Elf
    Processor Assault
    March from the Tomb
    Forest

--: Tandem Tactics

--: Sunken Hollow

--: Sunken Hollow

--: Sunken Hollow

Pack 3 pick 4:
    Roilmage's Trick
    Swarm Surge
    Tajuru Stalwart
    Incubator Drone
    Tandem Tactics
    Vestige of Emrakul
    Courier Griffin
    Valakut Predator
    Akoum Stonewaker
    Dampening Pulse
--> Sunken Hollow
    Plains

--: Roil's Retribution

--: Roil's Retribution

Pack 3 pick 5:
    Salvage Drone
    Swarm Surge
    Grave Birthing
    Broodhunter Wurm
    Spell Shrivel
    Dominator Drone
    Fortified Rampart
--> Roil's Retribution
    Void Attendant
    Slab Hammer
    Mountain

--: Ghostly Sentinel

Pack 3 pick 6:
    Kalastria Healer
    Broodhunter Wurm
    Salvage Drone
    Swarm Surge
    Cliffside Lookout
    Volcanic Upheaval
--> Ghostly Sentinel
    Benthic Infiltrator
    Vestige of Emrakul
    Swamp

--: Lifespring Druid

--: Lifespring Druid

Pack 3 pick 7:
    Plummet
    Coralhelm Guide
    Mire's Malice
    Tajuru Stalwart
    Tandem Tactics
    Shatterskull Recruit
    Makindi Sliderunner
--> Lifespring Druid
    Forest

--: Boiling Earth

--: Boiling Earth

Pack 3 pick 8:
    Blisterpod
    Anticipate
    Earthen Arms
    Inspired Charge
--> Boiling Earth
    Benthic Infiltrator
    Stonefury
    Mountain

--: Sylvan Scrying

--: Scythe Leopard

--: Scythe Leopard

--: Scythe Leopard

Pack 3 pick 9:
    Dutiful Return
    Swell of Growth
    Natural Connection
    Geyserfield Stalker
--> Scythe Leopard
    Sylvan Scrying
    Forest

--: Ondu Greathorn

--: Ondu Greathorn

Pack 3 pick 10:
    Call the Scions
    Murk Strider
    Voracious Null
--> Ondu Greathorn
    Cryptic Cruiser
    Mountain

--: Sure Strike

Pack 3 pick 11:
    Roilmage's Trick
    Spell Shrivel
--> Sure Strike
    Processor Assault
    Forest

Pack 3 pick 12:
--> Roilmage's Trick
    Tajuru Stalwart
    Incubator Drone
    Plains

--: Void Attendant

Pack 3 pick 13:
    Salvage Drone
--> Void Attendant
    Mountain

--: Broodhunter Wurm

Pack 3 pick 14:
--> Broodhunter Wurm
    Swamp

--: Forest

Pack 3 pick 15:
--> Forest

