Event #: 9500179
Time:    3/13/2016 9:05:55 PM
Players:
    Naturaloppo
    bchaos567
--> ferrengi
    Stin
    The1Joker
    loosesherman
    Fulvio
    Iaak

--: Allied Reinforcements

------ OGW ------ 

Pack 1 pick 1:
    Sweep Away
    Seer's Lantern
    Tajuru Pathwarden
    Expedition Raptor
    Corpse Churn
    Natural State
    Kozilek's Translator
    Dazzling Reflection
    Umara Entangler
    Brute Strength
--> Allied Reinforcements
    Null Caller
    Bonds of Mortality
    Remorseless Punishment
    Plains

--: Oath of Chandra

Pack 1 pick 2:
    Cinder Hellion
    Unknown Shores
    Gravity Negator
    Warden of Geometries
    Lead by Example
    Untamed Hunger
    Pulse of Murasa
    Abstruse Interference
    Akoum Flameseeker
    Searing Light
    Meandering River
    Reflector Mage
--> Oath of Chandra
    Island

--: Prophet of Distortion

Pack 1 pick 3:
    Goblin Freerunner
    Wastes
    Containment Membrane
    Canopy Gorger
    Sky Scourer
    Slip Through Space
    Brute Strength
    Kor Scythemaster
--> Prophet of Distortion
    Chitinous Cloak
    Ruin in Their Wake
    Hissing Quagmire
    Swamp

--: Spatial Contortion

Pack 1 pick 4:
    Unknown Shores
    Sweep Away
    Bone Saw
    Loam Larva
    Unnatural Endurance
    Pulse of Murasa
    Umara Entangler
    Consuming Sinkhole
--> Spatial Contortion
    Immobilizer Eldrazi
    Oath of Jace
    Forest

--: Containment Membrane

Pack 1 pick 5:
--> Containment Membrane
    Bone Saw
    Witness the End
    Netcaster Spider
    Slaughter Drone
    Ancient Crab
    Affa Protector
    Makindi Aeronaut
    Submerged Boneyard
    Baloth Pup
    Island

--: Void Grafter

Pack 1 pick 6:
    Warden of Geometries
    Tar Snare
    Wastes
    Lead by Example
    Untamed Hunger
    Eldrazi Aggressor
    Dazzling Reflection
    Slip Through Space
--> Void Grafter
    Mountain

--: Crumbling Vestige

Pack 1 pick 7:
    Expedition Raptor
--> Crumbling Vestige
    Kozilek's Translator
    Corpse Churn
    Abstruse Interference
    Akoum Flameseeker
    Dazzling Reflection
    Timber Gorge
    Island

--: Grip of the Roil

Pack 1 pick 8:
    Kozilek's Pathfinder
    Spawnbinder Mage
    Lead by Example
    Corpse Churn
    Searing Light
    Eldrazi Aggressor
--> Grip of the Roil
    Swamp

Pack 1 pick 9:
    Corpse Churn
    Natural State
    Dazzling Reflection
    Brute Strength
--> Null Caller
    Bonds of Mortality
    Plains

Pack 1 pick 10:
    Untamed Hunger
--> Pulse of Murasa
    Abstruse Interference
    Searing Light
    Meandering River
    Island

--: Slip Through Space

Pack 1 pick 11:
    Canopy Gorger
--> Slip Through Space
    Chitinous Cloak
    Ruin in Their Wake
    Swamp

Pack 1 pick 12:
--> Bone Saw
    Pulse of Murasa
    Consuming Sinkhole
    Forest

Pack 1 pick 13:
    Affa Protector
--> Makindi Aeronaut
    Island

Pack 1 pick 14:
    Untamed Hunger
--> Mountain

Pack 1 pick 15:
--> Island

--: Stone Haven Outfitter

------ OGW ------ 

Pack 2 pick 1:
    Goblin Freerunner
    Oath of Jace
    Sweep Away
    Seer's Lantern
    Untamed Hunger
    Vines of the Recluse
    Shoulder to Shoulder
    Ancient Crab
    Maw of Kozilek
    Mighty Leap
    Relief Captain
    Reaver Drone
    Iona's Blessing
--> Stone Haven Outfitter
    Plains

--: Blinding Drone

Pack 2 pick 2:
    Holdout Settlement
--> Blinding Drone
    Kozilek's Pathfinder
    Natural State
    Witness the End
    Netcaster Spider
    Affa Protector
    Mighty Leap
    Consuming Sinkhole
    Immolating Glare
    Malakir Soothsayer
    Flayer Drone
    Dimensional Infiltrator
    Plains

--: Cyclone Sire

Pack 2 pick 3:
    Stalking Drone
    Expedition Raptor
    Crumbling Vestige
    Kozilek's Translator
    Corpse Churn
    Maw of Kozilek
    Mighty Leap
    Abstruse Interference
--> Cyclone Sire
    Chitinous Cloak
    Gift of Tusks
    Call the Gatewatch
    Swamp

--: Jwar Isle Avenger

Pack 2 pick 4:
--> Jwar Isle Avenger
    Tar Snare
    Elemental Uprising
    Zulaport Chainmage
    Natural State
    Comparative Analysis
    Eldrazi Aggressor
    Affa Protector
    Pyromancer's Assault
    Flaying Tendrils
    Steppe Glider
    Mountain

--: Blinding Drone

Pack 2 pick 5:
    Boulder Salvo
    Holdout Settlement
--> Blinding Drone
    Kozilek's Pathfinder
    Kozilek's Translator
    Lead by Example
    Expedite
    Searing Light
    Comparative Analysis
    Immobilizer Eldrazi
    Mountain

--: Ancient Crab

Pack 2 pick 6:
    Tar Snare
    Pulse of Murasa
    Untamed Hunger
    Vines of the Recluse
    Consuming Sinkhole
--> Ancient Crab
    Iona's Blessing
    Visions of Brutality
    Hedron Alignment
    Island

--: Containment Membrane

Pack 2 pick 7:
    Wastes
--> Containment Membrane
    Slaughter Drone
    Lead by Example
    Untamed Hunger
    Makindi Aeronaut
    Abstruse Interference
    Cliffhaven Vampire
    Swamp

--: Cultivator Drone

Pack 2 pick 8:
    Vampire Envoy
    Kozilek's Shrieker
    Netcaster Spider
    Ondu War Cleric
--> Cultivator Drone
    Brute Strength
    Gift of Tusks
    Plains

--: Sweep Away

Pack 2 pick 9:
--> Sweep Away
    Untamed Hunger
    Ancient Crab
    Mighty Leap
    Reaver Drone
    Iona's Blessing
    Plains

--: Kozilek's Pathfinder

Pack 2 pick 10:
--> Kozilek's Pathfinder
    Natural State
    Witness the End
    Affa Protector
    Mighty Leap
    Plains

Pack 2 pick 11:
    Corpse Churn
--> Abstruse Interference
    Gift of Tusks
    Call the Gatewatch
    Swamp

Pack 2 pick 12:
    Elemental Uprising
--> Zulaport Chainmage
    Natural State
    Mountain

--: Searing Light

Pack 2 pick 13:
    Expedite
--> Searing Light
    Mountain

Pack 2 pick 14:
--> Iona's Blessing
    Island

Pack 2 pick 15:
--> Swamp

--: Kiora, Master of the Depths

------ BFZ ------ 

Pack 3 pick 1:
    Kalastria Nightwatch
    Earthen Arms
    Natural Connection
    Unnatural Aggression
    Geyserfield Stalker
    Cloud Manta
    Sandstone Bridge
    Tajuru Beastmaster
    Kor Castigator
    Sure Strike
    Horribly Awry
    Pilgrim's Eye
    Rot Shambler
--> Kiora, Master of the Depths
    Plains

--: Wave-Wing Elemental

Pack 3 pick 2:
    Voracious Null
    Oran-Rief Invoker
    Brilliant Spectrum
    Eldrazi Devastator
--> Wave-Wing Elemental
    Fertile Thicket
    Geyserfield Stalker
    Snapping Gnarlid
    Felidar Cub
    Boiling Earth
    Encircling Fissure
    Halimar Tidecaller
    Scythe Leopard
    Island

--: Prairie Stream

Pack 3 pick 3:
    Dutiful Return
    Brood Butcher
    Dispel
    Tajuru Beastmaster
    Wave-Wing Elemental
    Evolving Wilds
    Silent Skimmer
    Rush of Ice
    Kitesail Scout
    Shatterskull Recruit
    Resolute Blademaster
--> Prairie Stream
    Island

--: Spawning Bed

Pack 3 pick 4:
    Coralhelm Guide
    Mire's Malice
    Looming Spires
    Fertile Thicket
    Spell Shrivel
    Scour from Existence
    Fortified Rampart
    Belligerent Whiptail
    Retreat to Coralhelm
--> Spawning Bed
    Akoum Stonewaker
    Island

--: Kozilek's Channeler

Pack 3 pick 5:
    Giant Mantis
    Anticipate
    Cliffside Lookout
    Volcanic Upheaval
    Angelic Gift
    Sheer Drop
--> Kozilek's Channeler
    Blighted Steppe
    Kor Bladewhirl
    Bloodbond Vampire
    Plains

--: Wave-Wing Elemental

Pack 3 pick 6:
    Altar's Reap
    Call the Scions
    Roilmage's Trick
    Eldrazi Devastator
--> Wave-Wing Elemental
    Fertile Thicket
    Geyserfield Stalker
    Makindi Patrol
    Catacomb Sifter
    Swamp

--: Smite the Monstrous

Pack 3 pick 7:
    Mist Intruder
    Mire's Malice
    Brilliant Spectrum
    Prism Array
    Lavastep Raider
--> Smite the Monstrous
    Vestige of Emrakul
    Ondu Rising
    Plains

--: Anticipate

Pack 3 pick 8:
--> Anticipate
    Hedron Blade
    Bone Splinters
    Sandstone Bridge
    Boiling Earth
    Ulamog's Nullifier
    Rising Miasma
    Forest

--: Kor Castigator

Pack 3 pick 9:
    Earthen Arms
    Geyserfield Stalker
    Sandstone Bridge
    Tajuru Beastmaster
--> Kor Castigator
    Sure Strike
    Plains

--: Felidar Cub

Pack 3 pick 10:
    Voracious Null
    Brilliant Spectrum
    Geyserfield Stalker
--> Felidar Cub
    Scythe Leopard
    Island

Pack 3 pick 11:
    Dutiful Return
--> Dispel
    Kitesail Scout
    Shatterskull Recruit
    Island

--: Fortified Rampart

Pack 3 pick 12:
    Spell Shrivel
--> Fortified Rampart
    Retreat to Coralhelm
    Island

Pack 3 pick 13:
    Volcanic Upheaval
--> Angelic Gift
    Plains

Pack 3 pick 14:
--> Geyserfield Stalker
    Swamp

Pack 3 pick 15:
--> Plains

