Event #: 9510387
Time:    17/03/2016 11:26:07
Players:
    Gwendal
    shtaket
    SWPC
    planeswalkerparadise
    CakeBoss
    Doctor_Robert
    Kurtisthegrk
--> XhDun

--: Temple Garden

--: Temple Garden

------ RAV ------ 

Pack 1 pick 1:
    Selesnya Sanctuary
    Wojek Siren
    Terraformer
    Vedalken Dismisser
    Dimir House Guard
    Fists of Ironwood
    Gate Hound
    Lurking Informant
    Sewerdreg
    Last Gasp
    Viashino Fangtail
    Conclave Phalanx
    Belltower Sphinx
    Clutch of the Undercity
--> Temple Garden

--: Vitu-Ghazi, the City-Tree

Pack 1 pick 2:
    Convolute
    Golgari Rot Farm
    Dogpile
    War-Torch Goblin
    Boros Fury-Shield
    Stone-Seeder Hierophant
    Dimir Infiltrator
    Grayscaled Gharial
    Seeds of Strength
    Veteran Armorer
    Flight of Fancy
--> Vitu-Ghazi, the City-Tree
    Suppression Field
    Wizened Snitches

--: Nightguard Patrol

--: Votary of the Conclave

--: Drooling Groodion

--: Golgari Thug

--: Drooling Groodion

--: Drooling Groodion

Pack 1 pick 3:
    Terrarion
    Votary of the Conclave
    Drift of Phantasms
    Sparkmage Apprentice
    Nightguard Patrol
    Perplex
    Gate Hound
    Zephyr Spirit
    Conclave Equenaut
    Golgari Signet
    Golgari Thug
--> Drooling Groodion
    Cleansing Beam

--: Vindictive Mob

--: Vindictive Mob

--: Boros Garrison

--: Stinkweed Imp

Pack 1 pick 4:
    Torpid Moloch
    Guardian of Vitu-Ghazi
    Boros Garrison
    Tidewater Minion
--> Stinkweed Imp
    Sabertooth Alley Cat
    Stone-Seeder Hierophant
    Dogpile
    Drake Familiar
    Seeds of Strength
    Twisted Justice
    Vindictive Mob

--: Dimir Signet

--: Dimir Signet

--: Dimir Signet

--: Dimir Signet

--: Dimir Signet

Pack 1 pick 5:
    Convolute
    Goblin Spelunkers
    Centaur Safeguard
    Screeching Griffin
    Caregiver
    Dizzy Spell
    Thoughtpicker Witch
    Selesnya Signet
--> Dimir Signet
    Spectral Searchlight
    Grifter's Blade

--: Golgari Brownscale

--: Golgari Brownscale

Pack 1 pick 6:
    Woodwraith Strangler
    Strands of Undeath
    Smash
--> Golgari Brownscale
    Conclave's Blessing
    Transluminant
    Snapping Drake
    Ivy Dancer
    Mnemonic Nexus
    Grozoth

--: Benevolent Ancestor

--: Farseek

--: Scatter the Seeds

--: Scatter the Seeds

Pack 1 pick 7:
    Viashino Slasher
    Farseek
--> Scatter the Seeds
    Benevolent Ancestor
    Dryad's Caress
    Caregiver
    Drake Familiar
    Flight of Fancy
    Pollenbright Wings

--: Tidewater Minion

--: Tidewater Minion

--: Votary of the Conclave

--: Tidewater Minion

--: Tidewater Minion

--: Tidewater Minion

--: Tidewater Minion

Pack 1 pick 8:
    Dogpile
    Votary of the Conclave
--> Tidewater Minion
    Sadistic Augermage
    Stone-Seeder Hierophant
    Grayscaled Gharial
    Rolling Spoil
    Light of Sanction

--: Lurking Informant

--: Lurking Informant

Pack 1 pick 9:
    Terraformer
    Vedalken Dismisser
    Dimir House Guard
    Fists of Ironwood
    Gate Hound
--> Lurking Informant
    Sewerdreg

--: Wizened Snitches

--: Wizened Snitches

--: Wizened Snitches

Pack 1 pick 10:
    Convolute
    Dogpile
    War-Torch Goblin
    Stone-Seeder Hierophant
    Grayscaled Gharial
--> Wizened Snitches

--: Perplex

Pack 1 pick 11:
    Votary of the Conclave
    Sparkmage Apprentice
--> Perplex
    Gate Hound
    Zephyr Spirit

Pack 1 pick 12:
    Torpid Moloch
    Stone-Seeder Hierophant
--> Dogpile
    Vindictive Mob

--: Thoughtpicker Witch

--: Thoughtpicker Witch

Pack 1 pick 13:
    Caregiver
    Dizzy Spell
--> Thoughtpicker Witch

--: Mnemonic Nexus

Pack 1 pick 14:
    Ivy Dancer
--> Mnemonic Nexus

--: Caregiver

Pack 1 pick 15:
--> Caregiver

--: Courier Hawk

--: Faith's Fetters

--: Golgari Rot Farm

--: Seismic Spike

--: Sewerdreg

--: Fists of Ironwood

--: Frenzied Goblin

--: Telling Time

--: Faith's Fetters

--: Golgari Rot Farm

--: Golgari Rot Farm

--: Golgari Rot Farm

------ RAV ------ 

Pack 2 pick 1:
    Courier Hawk
    Convolute
--> Golgari Rot Farm
    Fists of Ironwood
    Centaur Safeguard
    Quickchange
    Sewerdreg
    Seismic Spike
    Transluminant
    Faith's Fetters
    Snapping Drake
    Telling Time
    Undercity Shade
    Frenzied Goblin
    Firemane Angel

--: Brainspoil

--: Brainspoil

--: Brainspoil

--: Brainspoil

--: Brainspoil

--: Brainspoil

Pack 2 pick 2:
    Strands of Undeath
    Coalhauler Swine
    Dimir Aqueduct
    Muddle the Mixture
    Stinkweed Imp
    Sparkmage Apprentice
    Smash
    Golgari Brownscale
    Conclave's Blessing
--> Brainspoil
    Shambling Shell
    Sandsower
    Psychic Drain
    Copy Enchantment

--: Duskmantle, House of Shadow

--: Peel from Reality

--: Duskmantle, House of Shadow

--: Duskmantle, House of Shadow

--: Duskmantle, House of Shadow

Pack 2 pick 3:
    Goblin Spelunkers
    Greater Mossdog
    Bramble Elemental
    Benevolent Ancestor
    Dromad Purebred
    Dizzy Spell
    Infectious Host
    Elves of Deep Shadow
    Selesnya Evangel
    Peel from Reality
    Svogthos, the Restless Tomb
    Chant of Vitu-Ghazi
--> Duskmantle, House of Shadow

--: Vulturous Zombie

Pack 2 pick 4:
    Barbarian Riftcutter
    Greater Mossdog
    Benevolent Ancestor
    Grayscaled Gharial
    Necromantic Thirst
    Perplex
    Siege Wurm
    Boros Signet
    Flight of Fancy
    Carven Caryatid
    Festival of the Guildpact
--> Vulturous Zombie

--: Lore Broker

--: Auratouched Mage

--: Moldervine Cloak

--: Clinging Darkness

--: Clinging Darkness

--: Clinging Darkness

--: Clinging Darkness

--: Clinging Darkness

Pack 2 pick 5:
    Coalhauler Swine
    Wojek Siren
--> Clinging Darkness
    Incite Hysteria
    Lurking Informant
    Surge of Zeal
    Sundering Vitae
    Moldervine Cloak
    Auratouched Mage
    Lore Broker
    Mindmoil

--: Vedalken Dismisser

--: Votary of the Conclave

--: Vedalken Dismisser

--: Flow of Ideas

--: Hour of Reckoning

--: Clinging Darkness

Pack 2 pick 6:
    Votary of the Conclave
    Vedalken Dismisser
--> Clinging Darkness
    Incite Hysteria
    Lurking Informant
    Surge of Zeal
    Sundering Vitae
    Boros Signet
    Flow of Ideas
    Hour of Reckoning

--: Seeds of Strength

--: Seeds of Strength

Pack 2 pick 7:
    War-Torch Goblin
    Boros Fury-Shield
    Shred Memory
    Rain of Embers
    Dryad's Caress
--> Seeds of Strength
    Flight of Fancy
    Halcyon Glaze
    Stoneshaker Shaman

--: Votary of the Conclave

Pack 2 pick 8:
--> Votary of the Conclave
    Terraformer
    Sabertooth Alley Cat
    Shred Memory
    Rain of Embers
    Dryad's Caress
    Peregrine Mask
    Tunnel Vision

--: Fists of Ironwood

--: Fists of Ironwood

--: Fists of Ironwood

Pack 2 pick 9:
--> Fists of Ironwood
    Quickchange
    Sewerdreg
    Seismic Spike
    Telling Time
    Undercity Shade
    Frenzied Goblin

--: Golgari Brownscale

--: Golgari Brownscale

Pack 2 pick 10:
    Strands of Undeath
    Coalhauler Swine
    Muddle the Mixture
    Smash
--> Golgari Brownscale
    Shambling Shell

--: Infectious Host

Pack 2 pick 11:
    Greater Mossdog
    Benevolent Ancestor
    Dromad Purebred
    Dizzy Spell
--> Infectious Host

--: Necromantic Thirst

Pack 2 pick 12:
    Barbarian Riftcutter
    Benevolent Ancestor
    Grayscaled Gharial
--> Necromantic Thirst

--: Incite Hysteria

Pack 2 pick 13:
--> Incite Hysteria
    Surge of Zeal
    Mindmoil

Pack 2 pick 14:
    Incite Hysteria
--> Surge of Zeal

Pack 2 pick 15:
--> Rain of Embers

--: Sundering Vitae

--: Gleancrawler

------ RAV ------ 

Pack 3 pick 1:
    Induce Paranoia
    Mountain
    Torpid Moloch
    Surveilling Sprite
    Clinging Darkness
    Bramble Elemental
    Thoughtpicker Witch
    Goblin Fire Fiend
    Sundering Vitae
    Disembowel
    Sell-Sword Brute
    Devouring Light
    Ethereal Usher
    Sunhome, Fortress of the Legion
--> Gleancrawler

--: Golgari Signet

--: Golgari Signet

--: Golgari Signet

Pack 3 pick 2:
    Tattered Drake
    Strands of Undeath
    Barbarian Riftcutter
    Sparkmage Apprentice
    Nightguard Patrol
    Necromantic Thirst
    Goblin Fire Fiend
    Perplex
    Conclave Equenaut
--> Golgari Signet
    Greater Forgeling
    Trophy Hunter
    Dark Heart of the Wood
    Blood Funnel

--: Golgari Brownscale

--: Golgari Brownscale

Pack 3 pick 3:
    Tattered Drake
    Mortipede
    Dogpile
    Gather Courage
    Boros Fury-Shield
    Shred Memory
    Surge of Zeal
--> Golgari Brownscale
    Selesnya Evangel
    Compulsive Research
    Blockbuster
    Reroute
    Nullmage Shepherd

--: Shambling Shell

Pack 3 pick 4:
    Tattered Drake
    Strands of Undeath
    Barbarian Riftcutter
    Dimir Infiltrator
    Necromantic Thirst
    Goblin Fire Fiend
--> Shambling Shell
    Fiery Conclusion
    Carven Caryatid
    Festival of the Guildpact
    Indentured Oaf
    Eye of the Storm

--: Dimir House Guard

Pack 3 pick 5:
    Stasis Cell
    Roofstalker Wight
    Surveilling Sprite
--> Dimir House Guard
    Sabertooth Alley Cat
    Dromad Purebred
    Dizzy Spell
    Infectious Host
    Root-Kin Ally
    Recollect
    Wojek Apothecary

--: Selesnya Sanctuary

--: Golgari Rotwurm

--: Golgari Rotwurm

Pack 3 pick 6:
    Courier Hawk
    Stasis Cell
    Guardian of Vitu-Ghazi
--> Golgari Rotwurm
    Incite Hysteria
    Grayscaled Gharial
    Necromantic Thirst
    Selesnya Sanctuary
    Dimir Signet
    Fiery Conclusion

--: Golgari Thug

--: Golgari Thug

Pack 3 pick 7:
    Stasis Cell
    Viashino Slasher
    Surveilling Sprite
    Dryad's Caress
    Caregiver
    Drake Familiar
    Sell-Sword Brute
--> Golgari Thug
    Cleansing Beam

--: Selesnya Signet

--: Selesnya Signet

Pack 3 pick 8:
    Wojek Siren
    Convolute
    Centaur Safeguard
    Caregiver
    Dizzy Spell
    Thoughtpicker Witch
--> Selesnya Signet
    Dowsing Shaman

Pack 3 pick 9:
--> Induce Paranoia
    Mountain
    Torpid Moloch
    Surveilling Sprite
    Goblin Fire Fiend
    Ethereal Usher
    Sunhome, Fortress of the Legion

--: Blood Funnel

Pack 3 pick 10:
    Barbarian Riftcutter
    Necromantic Thirst
    Goblin Fire Fiend
    Perplex
    Dark Heart of the Wood
--> Blood Funnel

Pack 3 pick 11:
    Dogpile
    Boros Fury-Shield
--> Shred Memory
    Surge of Zeal
    Reroute

--: Strands of Undeath

--: Necromantic Thirst

Pack 3 pick 12:
    Strands of Undeath
--> Necromantic Thirst
    Goblin Fire Fiend
    Festival of the Guildpact

--: Infectious Host

Pack 3 pick 13:
    Dromad Purebred
    Dizzy Spell
--> Infectious Host

--: Necromantic Thirst

Pack 3 pick 14:
    Grayscaled Gharial
--> Necromantic Thirst

Pack 3 pick 15:
--> Dryad's Caress

