Event #: 9517938
Time:    3/19/2016 2:03:47 PM
Players:
    ipnodonte
    Jeff_Stewart
--> FinchleyCentral
    -Sylex-
    middleschooldropout
    geckk
    Redsoxfan78
    Lowkey Lyesmith

--: Last Gasp

--: Last Gasp

------ RAV ------ 

Pack 1 pick 1:
    Guardian of Vitu-Ghazi
    Boros Garrison
    Tattered Drake
    Boros Fury-Shield
    Surveilling Sprite
    Shred Memory
    Rain of Embers
    Dryad's Caress
    Veteran Armorer
    Flight of Fancy
--> Last Gasp
    Vitu-Ghazi, the City-Tree
    Suppression Field
    Wizened Snitches
    Crown of Convergence

--: Siege Wurm

--: Siege Wurm

Pack 1 pick 2:
    Selesnya Sanctuary
    Stasis Cell
    Roofstalker Wight
    Golgari Rotwurm
    Incite Hysteria
    Strands of Undeath
    Necromantic Thirst
    Perplex
    Fiery Conclusion
--> Siege Wurm
    Svogthos, the Restless Tomb
    Chant of Vitu-Ghazi
    Duskmantle, House of Shadow
    Flickerform

--: Shambling Shell

--: Spectral Searchlight

--: Spectral Searchlight

Pack 1 pick 3:
    Wojek Siren
    Forest
    Dimir Aqueduct
    Stinkweed Imp
    Sparkmage Apprentice
    Smash
    Golgari Brownscale
    Conclave's Blessing
    Shambling Shell
    Transluminant
--> Spectral Searchlight
    Grifter's Blade
    Hunted Phantasm

--: Dimir Aqueduct

--: Dimir Aqueduct

Pack 1 pick 4:
    Strands of Undeath
    Coalhauler Swine
--> Dimir Aqueduct
    Sabertooth Alley Cat
    Gather Courage
    Stone-Seeder Hierophant
    Leave No Trace
    Drake Familiar
    Ivy Dancer
    Bathe in Light
    Mnemonic Nexus
    Sins of the Past

--: Bramble Elemental

--: Bramble Elemental

Pack 1 pick 5:
    Mortipede
    Dogpile
    Dimir House Guard
    Sabertooth Alley Cat
--> Bramble Elemental
    Dromad Purebred
    Dizzy Spell
    Infectious Host
    Peregrine Mask
    Indentured Oaf
    Hunted Troll

--: Farseek

--: Farseek

Pack 1 pick 6:
    Goblin Spelunkers
--> Farseek
    Woodwraith Strangler
    Quickchange
    Sewerdreg
    Seismic Spike
    Snapping Drake
    Ivy Dancer
    Bathe in Light
    Mnemonic Nexus

--: Mortipede

--: Mortipede

Pack 1 pick 7:
    Induce Paranoia
--> Mortipede
    Torpid Moloch
    Ordruun Commando
    Seismic Spike
    Boros Recruit
    Sell-Sword Brute
    Lore Broker
    Breath of Fury

--: Screeching Griffin

--: Screeching Griffin

Pack 1 pick 8:
    Viashino Slasher
    Farseek
--> Screeching Griffin
    Muddle the Mixture
    Caregiver
    Dizzy Spell
    Thoughtpicker Witch
    Golgari Thug

--: Guardian of Vitu-Ghazi

--: Guardian of Vitu-Ghazi

Pack 1 pick 9:
--> Guardian of Vitu-Ghazi
    Tattered Drake
    Shred Memory
    Rain of Embers
    Dryad's Caress
    Suppression Field
    Wizened Snitches

--: Strands of Undeath

Pack 1 pick 10:
    Roofstalker Wight
    Incite Hysteria
--> Strands of Undeath
    Necromantic Thirst
    Perplex
    Flickerform

--: Shambling Shell

Pack 1 pick 11:
    Wojek Siren
    Forest
    Smash
    Conclave's Blessing
--> Shambling Shell

--: Gather Courage

Pack 1 pick 12:
    Sabertooth Alley Cat
--> Gather Courage
    Stone-Seeder Hierophant
    Leave No Trace

--: Infectious Host

Pack 1 pick 13:
    Dogpile
    Dizzy Spell
--> Infectious Host

--: Quickchange

Pack 1 pick 14:
--> Quickchange
    Mnemonic Nexus

--: Torpid Moloch

Pack 1 pick 15:
--> Torpid Moloch

--: Golgari Rotwurm

--: Golgari Rotwurm

------ RAV ------ 

Pack 2 pick 1:
    Terrarion
    Woodwraith Strangler
    Drift of Phantasms
--> Golgari Rotwurm
    Tidewater Minion
    Quickchange
    Infectious Host
    Rain of Embers
    Skyknight Legionnaire
    Peel from Reality
    Seeds of Strength
    Spectral Searchlight
    Sunhome Enforcer
    Grifter's Blade
    Razia, Boros Archangel

--: Elves of Deep Shadow

--: Elves of Deep Shadow

Pack 2 pick 2:
    Boros Garrison
    Tattered Drake
    Mortipede
    Dimir House Guard
    Sabertooth Alley Cat
    Bramble Elemental
    Dromad Purebred
    Dizzy Spell
    Infectious Host
    Galvanic Arc
--> Elves of Deep Shadow
    Blockbuster
    Reroute
    Nullmage Shepherd

--: Selesnya Signet

--: Selesnya Signet

Pack 2 pick 3:
    Guardian of Vitu-Ghazi
    Viashino Slasher
    Farseek
    Clinging Darkness
    Incite Hysteria
    Centaur Safeguard
    Lurking Informant
    Surge of Zeal
    Sundering Vitae
    Boros Signet
--> Selesnya Signet
    Boros Guildmage
    Bloodbond March

--: Brainspoil

--: Brainspoil

Pack 2 pick 4:
    Boros Garrison
    Induce Paranoia
    Mortipede
    Screeching Griffin
    Muddle the Mixture
    Caregiver
    Dizzy Spell
    Thoughtpicker Witch
    Veteran Armorer
--> Brainspoil
    Ethereal Usher
    Sunhome, Fortress of the Legion

--: Shambling Shell

Pack 2 pick 5:
    Dogpile
    Wojek Siren
    Benevolent Ancestor
    Vedalken Entrancer
    Rally the Righteous
    Elvish Skysweeper
    Conclave's Blessing
    Peel from Reality
--> Shambling Shell
    Conclave Phalanx
    Ghosts of the Innocent

--: Empty the Catacombs

Pack 2 pick 6:
    Convolute
    Goblin Spelunkers
    Tidewater Minion
    Quickchange
    Sewerdreg
    Seismic Spike
    Snapping Drake
    Cyclopean Snare
    Dimir Machinations
--> Empty the Catacombs

--: Drooling Groodion

--: Drooling Groodion

Pack 2 pick 7:
    Barbarian Riftcutter
    Terrarion
    Votary of the Conclave
    Thoughtpicker Witch
    Goblin Fire Fiend
    Sundering Vitae
    Sell-Sword Brute
    Golgari Thug
--> Drooling Groodion

--: Strands of Undeath

Pack 2 pick 8:
    Consult the Necrosages
    Tattered Drake
--> Strands of Undeath
    Surveilling Sprite
    Dryad's Caress
    Caregiver
    Drake Familiar
    Festival of the Guildpact

--: Seeds of Strength

Pack 2 pick 9:
    Woodwraith Strangler
    Quickchange
    Infectious Host
    Rain of Embers
    Peel from Reality
--> Seeds of Strength
    Grifter's Blade

--: Mortipede

Pack 2 pick 10:
--> Mortipede
    Sabertooth Alley Cat
    Dromad Purebred
    Dizzy Spell
    Infectious Host
    Reroute

--: Bloodbond March

Pack 2 pick 11:
    Viashino Slasher
    Incite Hysteria
    Surge of Zeal
    Sundering Vitae
--> Bloodbond March

--: Sunhome, Fortress of the Legion

Pack 2 pick 12:
    Caregiver
    Dizzy Spell
    Thoughtpicker Witch
--> Sunhome, Fortress of the Legion

--: Wojek Siren

Pack 2 pick 13:
    Dogpile
--> Wojek Siren
    Conclave's Blessing

--: Dimir Machinations

Pack 2 pick 14:
    Seismic Spike
--> Dimir Machinations

--: Goblin Fire Fiend

Pack 2 pick 15:
--> Goblin Fire Fiend

--: Scatter the Seeds

--: Scatter the Seeds

------ RAV ------ 

Pack 3 pick 1:
    Roofstalker Wight
    Viashino Slasher
    Golgari Rot Farm
    Golgari Rotwurm
    Incite Hysteria
--> Scatter the Seeds
    Grayscaled Gharial
    Necromantic Thirst
    Perplex
    Fiery Conclusion
    Siege Wurm
    Golgari Germination
    Vigor Mortis
    Flash Conscription
    Sunforger

--: Dimir Guildmage

--: Dimir Guildmage

Pack 3 pick 2:
    Terraformer
    Consult the Necrosages
    Barbarian Riftcutter
    Thundersong Trumpeter
    Coalhauler Swine
    Sparkmage Apprentice
    Dimir Infiltrator
    Necromantic Thirst
    Goblin Fire Fiend
    Fiery Conclusion
    Skyknight Legionnaire
--> Dimir Guildmage
    Voyager Staff
    Perilous Forays

--: Keening Banshee

--: Bottled Cloister

--: Bottled Cloister

Pack 3 pick 3:
    Terrarion
    Votary of the Conclave
    Drift of Phantasms
    Nightguard Patrol
    Muddle the Mixture
    Leave No Trace
    Zephyr Spirit
    Swamp
    Conclave Equenaut
    Compulsive Research
    Flow of Ideas
    Keening Banshee
--> Bottled Cloister

--: Sisters of Stone Death

--: Sisters of Stone Death

Pack 3 pick 4:
    Roofstalker Wight
    Torpid Moloch
    Guardian of Vitu-Ghazi
    Boros Fury-Shield
    Surveilling Sprite
    Shred Memory
    Rain of Embers
    Dryad's Caress
    Flight of Fancy
    Oathsworn Giant
    Vindictive Mob
--> Sisters of Stone Death

--: Disembowel

--: Disembowel

Pack 3 pick 5:
    Viashino Slasher
    Consult the Necrosages
    Benevolent Ancestor
    Surveilling Sprite
    Dryad's Caress
    Caregiver
    Drake Familiar
    Flight of Fancy
--> Disembowel
    Selesnya Sagittars
    Mausoleum Turnkey

--: Civic Wayfinder

--: Civic Wayfinder

Pack 3 pick 6:
    Golgari Rot Farm
    Dogpile
--> Civic Wayfinder
    Boros Fury-Shield
    Vedalken Dismisser
    Shred Memory
    Surge of Zeal
    Golgari Brownscale
    Rolling Spoil
    Watchwolf

--: Transluminant

--: Dimir House Guard

Pack 3 pick 7:
    Dogpile
    Votary of the Conclave
--> Dimir House Guard
    War-Torch Goblin
    Gate Hound
    Sewerdreg
    Transluminant
    Suppression Field
    Wizened Snitches

--: Nightmare Void

Pack 3 pick 8:
    Induce Paranoia
    Torpid Moloch
    War-Torch Goblin
    Stone-Seeder Hierophant
    Grayscaled Gharial
    Seeds of Strength
    Carrion Howler
--> Nightmare Void

--: Vigor Mortis

Pack 3 pick 9:
    Viashino Slasher
    Incite Hysteria
    Grayscaled Gharial
    Necromantic Thirst
    Perplex
    Golgari Germination
--> Vigor Mortis

--: Terraformer

Pack 3 pick 10:
--> Terraformer
    Barbarian Riftcutter
    Necromantic Thirst
    Goblin Fire Fiend
    Voyager Staff
    Perilous Forays

--: Swamp

Pack 3 pick 11:
    Votary of the Conclave
    Muddle the Mixture
    Zephyr Spirit
--> Swamp
    Flow of Ideas

--: Roofstalker Wight

Pack 3 pick 12:
--> Roofstalker Wight
    Torpid Moloch
    Shred Memory
    Vindictive Mob

--: Drake Familiar

Pack 3 pick 13:
    Dryad's Caress
    Caregiver
--> Drake Familiar

--: Dogpile

Pack 3 pick 14:
--> Dogpile
    Surge of Zeal

--: Gate Hound

Pack 3 pick 15:
--> Gate Hound

