Event #: 9518619
Time:    3/19/2016 6:13:55 PM
Players:
--> FinchleyCentral
    gemilger
    Wumpus87
    crisis909
    Majorhippieman
    Zainolawl
    squee4lyfe
    Drobkomant128

--: Overwhelm

--: Faith's Fetters

--: Dream Leash

--: Faith's Fetters

--: Overwhelm

--: Overwhelm

------ RAV ------ 

Pack 1 pick 1:
    Induce Paranoia
    Roofstalker Wight
    Torpid Moloch
    Gather Courage
    Boros Fury-Shield
    Vedalken Dismisser
    Smash
    Golgari Brownscale
    Conclave's Blessing
    Faith's Fetters
    Compulsive Research
    Instill Furor
    Junktroller
--> Overwhelm
    Dream Leash

--: Stinkweed Imp

--: Stinkweed Imp

Pack 1 pick 2:
    Woodwraith Strangler
    Induce Paranoia
    Roofstalker Wight
--> Stinkweed Imp
    Sabertooth Alley Cat
    Leave No Trace
    Zephyr Spirit
    Boros Recruit
    Seeds of Strength
    Sewerdreg
    Ivy Dancer
    Bathe in Light
    Mnemonic Nexus
    Crown of Convergence

--: Thundersong Trumpeter

--: Thundersong Trumpeter

Pack 1 pick 3:
    Stasis Cell
    Roofstalker Wight
    Viashino Slasher
--> Thundersong Trumpeter
    Gather Courage
    Shred Memory
    Surge of Zeal
    Fiery Conclusion
    Skyknight Legionnaire
    Indentured Oaf
    Recollect
    Wojek Apothecary
    Woebringer Demon

--: Centaur Safeguard

--: Auratouched Mage

Pack 1 pick 4:
    Torpid Moloch
    Terrarion
    Woodwraith Strangler
    Centaur Safeguard
    Tidewater Minion
    Lurking Informant
    Surge of Zeal
    Sundering Vitae
    Snapping Drake
--> Auratouched Mage
    Lore Broker
    Sins of the Past

--: Sunhome, Fortress of the Legion

Pack 1 pick 5:
    Mortipede
    Torpid Moloch
    Terrarion
    Stinkweed Imp
    Plains
    Perplex
    Gate Hound
    Zephyr Spirit
    Ethereal Usher
--> Sunhome, Fortress of the Legion
    Warp World

--: Vedalken Entrancer

--: Vedalken Entrancer

Pack 1 pick 6:
    Mortipede
    Dogpile
    War-Torch Goblin
--> Vedalken Entrancer
    Stone-Seeder Hierophant
    Dimir Infiltrator
    Gate Hound
    Snapping Drake
    Blockbuster
    Reroute

--: Vedalken Entrancer

--: Vedalken Entrancer

Pack 1 pick 7:
    Goblin Spelunkers
    Benevolent Ancestor
--> Vedalken Entrancer
    Stone-Seeder Hierophant
    Leave No Trace
    Drake Familiar
    Peel from Reality
    Halcyon Glaze
    Stoneshaker Shaman

--: Dimir Doppelganger

--: Dimir Doppelganger

Pack 1 pick 8:
    Votary of the Conclave
    Terraformer
    Sabertooth Alley Cat
    Quickchange
    Infectious Host
    Rain of Embers
    Elves of Deep Shadow
--> Dimir Doppelganger

--: Vedalken Dismisser

--: Vedalken Dismisser

Pack 1 pick 9:
    Induce Paranoia
    Torpid Moloch
    Boros Fury-Shield
--> Vedalken Dismisser
    Smash
    Conclave's Blessing
    Instill Furor

--: Roofstalker Wight

Pack 1 pick 10:
--> Roofstalker Wight
    Sabertooth Alley Cat
    Leave No Trace
    Zephyr Spirit
    Boros Recruit
    Ivy Dancer

--: Fiery Conclusion

Pack 1 pick 11:
    Stasis Cell
    Surge of Zeal
--> Fiery Conclusion
    Indentured Oaf
    Wojek Apothecary

--: Lore Broker

Pack 1 pick 12:
    Torpid Moloch
    Terrarion
    Surge of Zeal
--> Lore Broker

--: Zephyr Spirit

Pack 1 pick 13:
    Torpid Moloch
    Gate Hound
--> Zephyr Spirit

--: War-Torch Goblin

Pack 1 pick 14:
--> War-Torch Goblin
    Reroute

Pack 1 pick 15:
--> Drake Familiar

--: Szadek, Lord of Secrets

--: Szadek, Lord of Secrets

------ RAV ------ 

Pack 2 pick 1:
    Woodwraith Strangler
    Drift of Phantasms
    Strands of Undeath
    Fists of Ironwood
    Centaur Safeguard
    Tidewater Minion
    Lurking Informant
    Surge of Zeal
    Sundering Vitae
    Faith's Fetters
    Snapping Drake
    Netherborn Phalanx
    Glass Golem
    Congregation at Dawn
--> Szadek, Lord of Secrets

--: Necroplasm

--: Necroplasm

Pack 2 pick 2:
    Viashino Slasher
    Farseek
    Boros Garrison
    Clinging Darkness
    Bramble Elemental
    Rally the Righteous
    Elvish Skysweeper
    Conclave's Blessing
    Sell-Sword Brute
    Elves of Deep Shadow
    Greater Forgeling
    Trophy Hunter
    Dark Heart of the Wood
--> Necroplasm

--: Induce Paranoia

Pack 2 pick 3:
    Boros Garrison
--> Induce Paranoia
    Mortipede
    Clinging Darkness
    Bramble Elemental
    Rally the Righteous
    Elvish Skysweeper
    Conclave's Blessing
    Sell-Sword Brute
    Elves of Deep Shadow
    Golgari Thug
    Drooling Groodion
    Woodwraith Corrupter

--: Mark of Eviction

--: Mark of Eviction

Pack 2 pick 4:
    Consult the Necrosages
    Tattered Drake
    Strands of Undeath
    Gather Courage
    Sparkmage Apprentice
    Shred Memory
    Surge of Zeal
    Golgari Brownscale
    Fiery Conclusion
    Grayscaled Gharial
    Selesnya Sagittars
--> Mark of Eviction

--: Duskmantle, House of Shadow

--: Duskmantle, House of Shadow

Pack 2 pick 5:
    Roofstalker Wight
    Benevolent Ancestor
    Stone-Seeder Hierophant
    Leave No Trace
    Drake Familiar
    Dromad Purebred
    Shambling Shell
    Svogthos, the Restless Tomb
    Chant of Vitu-Ghazi
--> Duskmantle, House of Shadow
    Light of Sanction

--: Flight of Fancy

Pack 2 pick 6:
    Dogpile
    Votary of the Conclave
    War-Torch Goblin
    Boros Fury-Shield
    Surveilling Sprite
    Seismic Spike
    Boros Recruit
--> Flight of Fancy
    Oathsworn Giant
    Vindictive Mob

--: Golgari Rot Farm

Pack 2 pick 7:
--> Golgari Rot Farm
    Sadistic Augermage
    Caregiver
    Island
    Thoughtpicker Witch
    Golgari Signet
    Seeds of Strength
    Instill Furor
    Junktroller

--: Clinging Darkness

--: Clinging Darkness

Pack 2 pick 8:
    Stasis Cell
--> Clinging Darkness
    Bramble Elemental
    Rally the Righteous
    Elvish Skysweeper
    Conclave's Blessing
    Sell-Sword Brute
    Elves of Deep Shadow

--: Tidewater Minion

Pack 2 pick 9:
    Woodwraith Strangler
    Strands of Undeath
--> Tidewater Minion
    Sundering Vitae
    Snapping Drake
    Netherborn Phalanx
    Congregation at Dawn

--: Clinging Darkness

Pack 2 pick 10:
    Viashino Slasher
    Farseek
--> Clinging Darkness
    Sell-Sword Brute
    Elves of Deep Shadow
    Dark Heart of the Wood

--: Mortipede

Pack 2 pick 11:
--> Mortipede
    Clinging Darkness
    Elvish Skysweeper
    Conclave's Blessing
    Elves of Deep Shadow

--: Consult the Necrosages

Pack 2 pick 12:
--> Consult the Necrosages
    Strands of Undeath
    Shred Memory
    Surge of Zeal

--: Drake Familiar

Pack 2 pick 13:
--> Drake Familiar
    Dromad Purebred
    Light of Sanction

--: Dogpile

Pack 2 pick 14:
--> Dogpile
    Seismic Spike

--: Island

Pack 2 pick 15:
--> Island

--: Psychic Drain

--: Peel from Reality

--: Psychic Drain

--: Psychic Drain

------ RAV ------ 

Pack 3 pick 1:
    Farseek
    Woodwraith Strangler
    Induce Paranoia
    Ordruun Commando
    Golgari Rotwurm
    Tidewater Minion
    Thoughtpicker Witch
    Goblin Fire Fiend
    Sundering Vitae
    Skyknight Legionnaire
    Peel from Reality
    Sandsower
--> Psychic Drain
    Flame-Kin Zealot
    Hour of Reckoning

--: Compulsive Research

--: Keening Banshee

Pack 3 pick 2:
    Induce Paranoia
    Mortipede
    Torpid Moloch
    Ordruun Commando
    Nightguard Patrol
    Muddle the Mixture
    Dimir Infiltrator
    Necromantic Thirst
    Goblin Fire Fiend
    Conclave Equenaut
    Compulsive Research
    Flow of Ideas
--> Keening Banshee
    Bloodletter Quill

--: Dimir House Guard

Pack 3 pick 3:
    Terraformer
    Goblin Spelunkers
--> Dimir House Guard
    Sabertooth Alley Cat
    Quickchange
    Infectious Host
    Rain of Embers
    Galvanic Arc
    Elves of Deep Shadow
    Blockbuster
    Reroute
    Nullmage Shepherd
    Grozoth

--: Compulsive Research

--: Compulsive Research

Pack 3 pick 4:
    Boros Garrison
    Tattered Drake
    Mortipede
    Gather Courage
    Boros Fury-Shield
    Vedalken Dismisser
    Smash
    Golgari Brownscale
    Conclave's Blessing
--> Compulsive Research
    Rolling Spoil
    Lightning Helix

--: Lurking Informant

--: Lurking Informant

Pack 3 pick 5:
    Dimir Aqueduct
    Courier Hawk
    Convolute
    Centaur Safeguard
    Tidewater Minion
--> Lurking Informant
    Surge of Zeal
    Snapping Drake
    Ivy Dancer
    Bathe in Light
    Mnemonic Nexus

--: Drift of Phantasms

--: Drift of Phantasms

Pack 3 pick 6:
    Terrarion
    Votary of the Conclave
--> Drift of Phantasms
    Clinging Darkness
    Incite Hysteria
    Smash
    Rally the Righteous
    Dromad Purebred
    Boros Signet
    Selesnya Signet

--: Consult the Necrosages

--: Dimir Signet

Pack 3 pick 7:
    Consult the Necrosages
    Barbarian Riftcutter
    Rain of Embers
    Dryad's Caress
--> Dimir Signet
    Fiery Conclusion
    Chant of Vitu-Ghazi
    Duskmantle, House of Shadow
    Three Dreams

--: Sewerdreg

Pack 3 pick 8:
    Dogpile
    Wojek Siren
    Quickchange
--> Sewerdreg
    Smash
    Transluminant
    Halcyon Glaze
    Stoneshaker Shaman

--: Peel from Reality

Pack 3 pick 9:
    Woodwraith Strangler
    Induce Paranoia
    Ordruun Commando
    Thoughtpicker Witch
    Goblin Fire Fiend
    Sundering Vitae
--> Peel from Reality

--: Muddle the Mixture

Pack 3 pick 10:
    Induce Paranoia
    Torpid Moloch
--> Muddle the Mixture
    Dimir Infiltrator
    Necromantic Thirst
    Goblin Fire Fiend

--: Infectious Host

Pack 3 pick 11:
    Quickchange
--> Infectious Host
    Rain of Embers
    Blockbuster
    Reroute

--: Tattered Drake

Pack 3 pick 12:
    Boros Garrison
--> Tattered Drake
    Mortipede
    Boros Fury-Shield

--: Convolute

Pack 3 pick 13:
--> Convolute
    Surge of Zeal
    Mnemonic Nexus

--: Dromad Purebred

--: Dromad Purebred

Pack 3 pick 14:
    Smash
--> Dromad Purebred

--: Barbarian Riftcutter

Pack 3 pick 15:
--> Barbarian Riftcutter

