Event #: 9519069
Time:    3/19/2016 10:52:46 PM
Players:
    FieryJustice
    hascow
    trumpetrain1124
    fishyslaya
    WhooooKidd
    telarius
--> DaMullet
    Shmugen

--: Moroii

--: Moroii

------ RAV ------ 

Pack 1 pick 1:
    Induce Paranoia
    Roofstalker Wight
    Torpid Moloch
    Muddle the Mixture
    Sadistic Augermage
    Thundersong Trumpeter
    Stone-Seeder Hierophant
    Dimir Infiltrator
    Ordruun Commando
    Brainspoil
    Sell-Sword Brute
    Carven Caryatid
    Festival of the Guildpact
--> Moroii
    Mindleech Mass

--: Galvanic Arc

--: Galvanic Arc

Pack 1 pick 2:
    Boros Garrison
    Tattered Drake
    Mortipede
    Tidewater Minion
    Stinkweed Imp
    Sabertooth Alley Cat
    Forest
    Dizzy Spell
    Infectious Host
    Seeds of Strength
--> Galvanic Arc
    Flow of Ideas
    Keening Banshee
    Autochthon Wurm

--: Drift of Phantasms

Pack 1 pick 3:
    Woodwraith Strangler
--> Drift of Phantasms
    Strands of Undeath
    Surveilling Sprite
    Clinging Darkness
    Seismic Spike
    Elvish Skysweeper
    Boros Recruit
    Disembowel
    Sell-Sword Brute
    Svogthos, the Restless Tomb
    Chant of Vitu-Ghazi
    Duskmantle, House of Shadow

--: Disembowel

--: Disembowel

Pack 1 pick 4:
    Coalhauler Swine
    Wojek Siren
    Nightguard Patrol
    Vedalken Dismisser
    Clinging Darkness
    Smash
    Golgari Brownscale
    Conclave's Blessing
--> Disembowel
    Peregrine Mask
    Putrefy
    Indentured Oaf

--: Vedalken Dismisser

--: Vedalken Dismisser

Pack 1 pick 5:
    Wojek Siren
    Convolute
--> Vedalken Dismisser
    Clinging Darkness
    Incite Hysteria
    Smash
    Conclave's Blessing
    Disembowel
    Boros Signet
    Recollect
    Wojek Apothecary

--: Auratouched Mage

Pack 1 pick 6:
    Terraformer
    Goblin Spelunkers
    Greater Mossdog
    War-Torch Goblin
    Smash
    Rally the Righteous
    Dromad Purebred
    Veteran Armorer
--> Auratouched Mage
    Lore Broker

--: Flight of Fancy

--: Flight of Fancy

Pack 1 pick 7:
    Mortipede
    Torpid Moloch
    Terrarion
    Caregiver
    Dizzy Spell
    Thoughtpicker Witch
--> Flight of Fancy
    Peregrine Mask
    Indentured Oaf

--: Convolute

--: Convolute

Pack 1 pick 8:
--> Convolute
    Goblin Spelunkers
    Incite Hysteria
    Quickchange
    Seismic Spike
    Svogthos, the Restless Tomb
    Chant of Vitu-Ghazi
    Duskmantle, House of Shadow

--: Dimir Infiltrator

Pack 1 pick 9:
    Induce Paranoia
    Roofstalker Wight
    Torpid Moloch
    Sadistic Augermage
--> Dimir Infiltrator
    Ordruun Commando
    Sell-Sword Brute

--: Tattered Drake

Pack 1 pick 10:
--> Tattered Drake
    Sabertooth Alley Cat
    Forest
    Dizzy Spell
    Infectious Host
    Flow of Ideas

--: Surveilling Sprite

--: Surveilling Sprite

Pack 1 pick 11:
    Woodwraith Strangler
--> Surveilling Sprite
    Seismic Spike
    Chant of Vitu-Ghazi
    Duskmantle, House of Shadow

--: Peregrine Mask

Pack 1 pick 12:
    Coalhauler Swine
    Wojek Siren
    Smash
--> Peregrine Mask

--: Recollect

Pack 1 pick 13:
    Incite Hysteria
    Smash
--> Recollect

--: Dromad Purebred

Pack 1 pick 14:
    War-Torch Goblin
--> Dromad Purebred

--: Dizzy Spell

Pack 1 pick 15:
--> Dizzy Spell

--: Galvanic Arc

--: Galvanic Arc

------ RAV ------ 

Pack 2 pick 1:
    Mortipede
    Dogpile
    Selesnya Sanctuary
    Tidewater Minion
    Stinkweed Imp
    Sabertooth Alley Cat
    Dromad Purebred
    Dizzy Spell
    Infectious Host
    Seeds of Strength
--> Galvanic Arc
    Moldervine Cloak
    Auratouched Mage
    Lore Broker
    Hammerfist Giant

--: Dimir Guildmage

--: Dimir Guildmage

--: Dimir Guildmage

Pack 2 pick 2:
    Drift of Phantasms
    Strands of Undeath
    Coalhauler Swine
    Ordruun Commando
    Nightguard Patrol
    Quickchange
    Infectious Host
    Rain of Embers
    Elves of Deep Shadow
    Conclave Equenaut
    Compulsive Research
--> Dimir Guildmage
    Voyager Staff
    Perilous Forays

--: Flight of Fancy

--: Flight of Fancy

Pack 2 pick 3:
    Stasis Cell
    Roofstalker Wight
    Boros Fury-Shield
    Surveilling Sprite
    Dimir House Guard
    Grayscaled Gharial
    Necromantic Thirst
    Perplex
--> Flight of Fancy
    Spectral Searchlight
    Sunhome Enforcer
    Grifter's Blade
    Plague Boiler

--: Centaur Safeguard

Pack 2 pick 4:
    Dogpile
    Civic Wayfinder
    Fists of Ironwood
--> Centaur Safeguard
    Shred Memory
    Surge of Zeal
    Golgari Brownscale
    Transluminant
    Bramble Elemental
    Boros Guildmage
    Pollenbright Wings
    Razia, Boros Archangel

--: Consult the Necrosages

Pack 2 pick 5:
--> Consult the Necrosages
    Tattered Drake
    Strands of Undeath
    Benevolent Ancestor
    Dryad's Caress
    Caregiver
    Drake Familiar
    Peel from Reality
    Undercity Shade
    Frenzied Goblin
    Pariah's Shield

--: Terrarion

--: Terrarion

Pack 2 pick 6:
--> Terrarion
    Votary of the Conclave
    Mountain
    Gather Courage
    Sparkmage Apprentice
    Leave No Trace
    Zephyr Spirit
    Boros Recruit
    Suppression Field
    Wizened Snitches

--: Boros Garrison

--: Boros Garrison

Pack 2 pick 7:
--> Boros Garrison
    Tattered Drake
    Ordruun Commando
    Shred Memory
    Rain of Embers
    Dryad's Caress
    Golgari Thug
    Cleansing Beam
    Empty the Catacombs

--: Dimir Infiltrator

--: Dimir Infiltrator

Pack 2 pick 8:
    Terraformer
    Barbarian Riftcutter
    Vedalken Dismisser
--> Dimir Infiltrator
    Necromantic Thirst
    Goblin Fire Fiend
    Cyclopean Snare
    Dimir Machinations

--: Auratouched Mage

Pack 2 pick 9:
    Mortipede
    Dogpile
    Dromad Purebred
    Dizzy Spell
    Seeds of Strength
--> Auratouched Mage
    Lore Broker

--: Drift of Phantasms

Pack 2 pick 10:
--> Drift of Phantasms
    Coalhauler Swine
    Ordruun Commando
    Quickchange
    Rain of Embers
    Voyager Staff

--: Perplex

Pack 2 pick 11:
    Stasis Cell
    Roofstalker Wight
    Boros Fury-Shield
    Grayscaled Gharial
--> Perplex

--: Shred Memory

Pack 2 pick 12:
    Dogpile
--> Shred Memory
    Surge of Zeal
    Transluminant

--: Drake Familiar

Pack 2 pick 13:
    Caregiver
--> Drake Familiar
    Pariah's Shield

--: Mountain

Pack 2 pick 14:
--> Mountain
    Zephyr Spirit

--: Shred Memory

Pack 2 pick 15:
--> Shred Memory

--: Snapping Drake

--: Snapping Drake

------ RAV ------ 

Pack 3 pick 1:
    Greater Mossdog
    Courier Hawk
    Stasis Cell
    War-Torch Goblin
    Screeching Griffin
    Perplex
    Gate Hound
    Zephyr Spirit
    Transluminant
    Selesnya Signet
--> Snapping Drake
    Instill Furor
    Vindictive Mob
    Overwhelm
    Privileged Position

--: Vedalken Dismisser

--: Dream Leash

--: Dream Leash

Pack 3 pick 2:
    Barbarian Riftcutter
    Greater Mossdog
    Courier Hawk
    Vedalken Dismisser
    Dimir House Guard
    Swamp
    Dimir Infiltrator
    Necromantic Thirst
    Goblin Fire Fiend
    Viashino Fangtail
    Ivy Dancer
    Bathe in Light
    Mnemonic Nexus
--> Dream Leash

--: Vedalken Entrancer

--: Vedalken Entrancer

Pack 3 pick 3:
    Tattered Drake
    Clinging Darkness
    Barbarian Riftcutter
    Benevolent Ancestor
--> Vedalken Entrancer
    Thundersong Trumpeter
    Thoughtpicker Witch
    Goblin Fire Fiend
    Sundering Vitae
    Peel from Reality
    Shambling Shell
    Nightmare Void
    Boros Swiftblade

--: Vedalken Entrancer

--: Vedalken Entrancer

Pack 3 pick 4:
    Farseek
    Induce Paranoia
--> Vedalken Entrancer
    Golgari Rotwurm
    Incite Hysteria
    Lurking Informant
    Surge of Zeal
    Sundering Vitae
    Fiery Conclusion
    Vitu-Ghazi, the City-Tree
    Suppression Field
    Wizened Snitches

--: Dimir Signet

--: Dimir Signet

Pack 3 pick 5:
    Woodwraith Strangler
    Induce Paranoia
    Muddle the Mixture
    Sadistic Augermage
    Stone-Seeder Hierophant
    Dimir Infiltrator
    Grayscaled Gharial
--> Dimir Signet
    Brainspoil
    Mark of Eviction
    Plague Boiler

--: Lurking Informant

--: Lurking Informant

Pack 3 pick 6:
    Viashino Slasher
    Vedalken Entrancer
    Incite Hysteria
--> Lurking Informant
    Surge of Zeal
    Sundering Vitae
    Dimir Signet
    Fiery Conclusion
    Twisted Justice
    Vindictive Mob

--: Terraformer

--: Terraformer

Pack 3 pick 7:
    Wojek Siren
--> Terraformer
    Consult the Necrosages
    Gather Courage
    Boros Fury-Shield
    Elvish Skysweeper
    Conclave's Blessing
    Sunhome Enforcer
    Grifter's Blade

--: Flight of Fancy

--: Flight of Fancy

Pack 3 pick 8:
    Benevolent Ancestor
    Caregiver
    Dizzy Spell
    Thoughtpicker Witch
--> Flight of Fancy
    Blockbuster
    Reroute
    Spawnbroker

--: Perplex

--: Perplex

Pack 3 pick 9:
    Greater Mossdog
    Stasis Cell
    Screeching Griffin
--> Perplex
    Gate Hound
    Zephyr Spirit
    Instill Furor

--: Dimir Infiltrator

Pack 3 pick 10:
    Barbarian Riftcutter
    Swamp
--> Dimir Infiltrator
    Necromantic Thirst
    Goblin Fire Fiend
    Mnemonic Nexus

--: Thoughtpicker Witch

Pack 3 pick 11:
    Tattered Drake
    Barbarian Riftcutter
--> Thoughtpicker Witch
    Goblin Fire Fiend
    Boros Swiftblade

--: Wizened Snitches

Pack 3 pick 12:
    Incite Hysteria
    Surge of Zeal
    Suppression Field
--> Wizened Snitches

--: Muddle the Mixture

Pack 3 pick 13:
--> Muddle the Mixture
    Sadistic Augermage
    Grayscaled Gharial

--: Viashino Slasher

Pack 3 pick 14:
--> Viashino Slasher
    Surge of Zeal

--: Conclave's Blessing

Pack 3 pick 15:
--> Conclave's Blessing

