Event #: 9521403
Time:    3/20/2016 2:01:32 PM
Players:
    steverogers
    Eledain
--> FinchleyCentral
    Clamptheworker
    Coexistence
    Silverback79
    mattamortg
    affutze

--: Keening Banshee

--: Boros Signet

--: Selesnya Guildmage

--: Selesnya Guildmage

------ RAV ------ 

Pack 1 pick 1:
    Golgari Rot Farm
    Consult the Necrosages
    Tattered Drake
    Clinging Darkness
    Incite Hysteria
    Stone-Seeder Hierophant
    Dimir Infiltrator
    Grayscaled Gharial
    Disembowel
    Boros Signet
    Selesnya Signet
--> Selesnya Guildmage
    Flow of Ideas
    Keening Banshee
    Dimir Doppelganger

--: Veteran Armorer

--: Veteran Armorer

Pack 1 pick 2:
    Courier Hawk
    Convolute
    War-Torch Goblin
    Boros Fury-Shield
    Surveilling Sprite
    Dryad's Caress
    Caregiver
    Drake Familiar
--> Veteran Armorer
    Flight of Fancy
    Halcyon Glaze
    Darkblast
    Stoneshaker Shaman
    Bloodletter Quill

--: Dowsing Shaman

--: Veteran Armorer

--: Veteran Armorer

Pack 1 pick 3:
    Strands of Undeath
    Barbarian Riftcutter
    Terrarion
    Centaur Safeguard
    Screeching Griffin
    Muddle the Mixture
    Shred Memory
    Rain of Embers
    Dryad's Caress
--> Veteran Armorer
    Wojek Embermage
    Dowsing Shaman
    Goliath Spider

--: Thundersong Trumpeter

--: Thundersong Trumpeter

Pack 1 pick 4:
    Goblin Spelunkers
    Greater Mossdog
    Selesnya Sanctuary
--> Thundersong Trumpeter
    Gather Courage
    Smash
    Golgari Brownscale
    Conclave's Blessing
    Shambling Shell
    Fiery Conclusion
    Selesnya Sagittars
    Mausoleum Turnkey

--: Goblin Spelunkers

--: Goblin Spelunkers

Pack 1 pick 5:
--> Goblin Spelunkers
    Farseek
    Stinkweed Imp
    Sabertooth Alley Cat
    Dimir Infiltrator
    Necromantic Thirst
    Goblin Fire Fiend
    Seeds of Strength
    Twisted Justice
    Vindictive Mob
    Bloodbond March

--: Greater Forgeling

--: Greater Forgeling

Pack 1 pick 6:
    Terraformer
    Barbarian Riftcutter
    Golgari Rotwurm
    Incite Hysteria
    Seismic Spike
    Elvish Skysweeper
    Dimir Signet
    Fiery Conclusion
--> Greater Forgeling
    Dark Heart of the Wood

--: War-Torch Goblin

Pack 1 pick 7:
    Tattered Drake
    Mortipede
--> War-Torch Goblin
    Caregiver
    Dizzy Spell
    Thoughtpicker Witch
    Snapping Drake
    Voyager Staff
    Perilous Forays

--: Drooling Groodion

Pack 1 pick 8:
    Tattered Drake
    Strands of Undeath
    Barbarian Riftcutter
    Incite Hysteria
    Stone-Seeder Hierophant
    Grayscaled Gharial
--> Drooling Groodion
    Grozoth

--: Dimir Infiltrator

--: Clinging Darkness

Pack 1 pick 9:
    Tattered Drake
--> Clinging Darkness
    Incite Hysteria
    Stone-Seeder Hierophant
    Dimir Infiltrator
    Grayscaled Gharial
    Flow of Ideas

--: Boros Fury-Shield

Pack 1 pick 10:
    War-Torch Goblin
--> Boros Fury-Shield
    Dryad's Caress
    Caregiver
    Drake Familiar
    Stoneshaker Shaman

--: Goliath Spider

Pack 1 pick 11:
    Barbarian Riftcutter
    Terrarion
    Rain of Embers
    Dryad's Caress
--> Goliath Spider

--: Goblin Spelunkers

Pack 1 pick 12:
--> Goblin Spelunkers
    Gather Courage
    Smash
    Conclave's Blessing

--: Goblin Fire Fiend

Pack 1 pick 13:
--> Goblin Fire Fiend
    Vindictive Mob
    Bloodbond March

--: Barbarian Riftcutter

--: Seismic Spike

Pack 1 pick 14:
    Barbarian Riftcutter
--> Seismic Spike

--: Perilous Forays

Pack 1 pick 15:
--> Perilous Forays

--: Thundersong Trumpeter

--: Thundersong Trumpeter

------ RAV ------ 

Pack 2 pick 1:
    Votary of the Conclave
    Drift of Phantasms
    Coalhauler Swine
    Sadistic Augermage
--> Thundersong Trumpeter
    Dromad Purebred
    Dizzy Spell
    Infectious Host
    Brainspoil
    Sell-Sword Brute
    Siege Wurm
    Seed Spark
    Cyclopean Snare
    Dimir Machinations
    Woebringer Demon

--: Selesnya Guildmage

--: Selesnya Guildmage

Pack 2 pick 2:
    Greater Mossdog
    Courier Hawk
    Stasis Cell
    Scatter the Seeds
    Benevolent Ancestor
    Surveilling Sprite
    Quickchange
    Infectious Host
    Rain of Embers
    Boros Signet
    Flight of Fancy
--> Selesnya Guildmage
    Flow of Ideas
    Moldervine Cloak

--: Devouring Light

--: Devouring Light

Pack 2 pick 3:
    Courier Hawk
    Stasis Cell
    Guardian of Vitu-Ghazi
    Clinging Darkness
    Bramble Elemental
    Stone-Seeder Hierophant
    Leave No Trace
    Drake Familiar
    Sell-Sword Brute
    Elves of Deep Shadow
--> Devouring Light
    Ethereal Usher
    Moroii

--: Flame-Kin Zealot

--: Flame-Kin Zealot

Pack 2 pick 4:
    Mortipede
    Torpid Moloch
    Sparkmage Apprentice
    Gate Hound
    Lurking Informant
    Sewerdreg
    Brainspoil
    Shambling Shell
    Transluminant
    Sandsower
    Golgari Thug
--> Flame-Kin Zealot

--: Fists of Ironwood

Pack 2 pick 5:
    Tattered Drake
    Mortipede
    Dimir House Guard
--> Fists of Ironwood
    Surge of Zeal
    Sundering Vitae
    Transluminant
    Svogthos, the Restless Tomb
    Chant of Vitu-Ghazi
    Duskmantle, House of Shadow
    Crown of Convergence

--: Sabertooth Alley Cat

Pack 2 pick 6:
    Dogpile
    Votary of the Conclave
--> Sabertooth Alley Cat
    Goblin Fire Fiend
    Sundering Vitae
    Elves of Deep Shadow
    Root-Kin Ally
    Recollect
    Wojek Apothecary
    Searing Meditation

--: Sell-Sword Brute

Pack 2 pick 7:
    Guardian of Vitu-Ghazi
    Viashino Slasher
    Farseek
    Clinging Darkness
    Leave No Trace
    Drake Familiar
--> Sell-Sword Brute
    Elves of Deep Shadow
    Goliath Spider

--: Coalhauler Swine

Pack 2 pick 8:
--> Coalhauler Swine
    War-Torch Goblin
    Necromantic Thirst
    Perplex
    Seeds of Strength
    Rolling Spoil
    Watchwolf
    Necroplasm

--: Coalhauler Swine

Pack 2 pick 9:
    Votary of the Conclave
--> Coalhauler Swine
    Sadistic Augermage
    Dromad Purebred
    Dizzy Spell
    Cyclopean Snare
    Dimir Machinations

--: Benevolent Ancestor

Pack 2 pick 10:
    Greater Mossdog
    Stasis Cell
--> Benevolent Ancestor
    Quickchange
    Rain of Embers
    Flow of Ideas

--: Sell-Sword Brute

Pack 2 pick 11:
    Guardian of Vitu-Ghazi
    Stone-Seeder Hierophant
    Leave No Trace
--> Sell-Sword Brute
    Ethereal Usher

--: Torpid Moloch

Pack 2 pick 12:
    Mortipede
--> Torpid Moloch
    Gate Hound
    Shambling Shell

--: Chant of Vitu-Ghazi

Pack 2 pick 13:
    Mortipede
    Surge of Zeal
--> Chant of Vitu-Ghazi

--: Dogpile

Pack 2 pick 14:
--> Dogpile
    Goblin Fire Fiend

--: Leave No Trace

Pack 2 pick 15:
--> Leave No Trace

--: Flash Conscription

--: Flash Conscription

------ RAV ------ 

Pack 3 pick 1:
    Terraformer
    Goblin Spelunkers
    Greater Mossdog
    Bramble Elemental
    Benevolent Ancestor
    Vedalken Entrancer
    Leave No Trace
    Zephyr Spirit
    Boros Recruit
    Selesnya Evangel
    Screeching Griffin
    Golgari Germination
    Vigor Mortis
--> Flash Conscription
    Hunted Dragon

--: Ordruun Commando

--: Ordruun Commando

--: Conclave Equenaut

Pack 3 pick 2:
    Viashino Slasher
    Farseek
    Boros Garrison
    Ordruun Commando
    Nightguard Patrol
    Muddle the Mixture
    Shred Memory
    Surge of Zeal
    Golgari Brownscale
--> Conclave Equenaut
    Netherborn Phalanx
    Glass Golem
    Congregation at Dawn
    Doubling Season

--: Divebomber Griffin

Pack 3 pick 3:
    Selesnya Sanctuary
    Wojek Siren
    Terraformer
    Golgari Rotwurm
    Incite Hysteria
    Seismic Spike
    Elvish Skysweeper
    Boros Recruit
    Fiery Conclusion
    Siege Wurm
--> Divebomber Griffin
    Remand
    Golgari Guildmage

--: Thundersong Trumpeter

--: Thundersong Trumpeter

Pack 3 pick 4:
    Selesnya Sanctuary
    Stasis Cell
    Roofstalker Wight
--> Thundersong Trumpeter
    Gather Courage
    Smash
    Golgari Brownscale
    Conclave's Blessing
    Shambling Shell
    Fiery Conclusion
    Carven Caryatid
    Festival of the Guildpact

--: Bathe in Light

Pack 3 pick 5:
    Coalhauler Swine
    Wojek Siren
    Sadistic Augermage
    Dromad Purebred
    Dizzy Spell
    Infectious Host
    Sell-Sword Brute
    Siege Wurm
    Ivy Dancer
--> Bathe in Light
    Mnemonic Nexus

--: Greater Forgeling

Pack 3 pick 6:
    Stasis Cell
    Roofstalker Wight
    Viashino Slasher
    Sparkmage Apprentice
    Quickchange
    Sewerdreg
    Seismic Spike
    Golgari Signet
--> Greater Forgeling
    Dark Heart of the Wood

--: Sparkmage Apprentice

Pack 3 pick 7:
    Torpid Moloch
    Terrarion
    Woodwraith Strangler
    Stinkweed Imp
--> Sparkmage Apprentice
    Sewerdreg
    Shambling Shell
    Instill Furor
    Junktroller

--: Vitu-Ghazi, the City-Tree

Pack 3 pick 8:
    Farseek
    Woodwraith Strangler
    Sabertooth Alley Cat
    Necromantic Thirst
    Goblin Fire Fiend
    Seeds of Strength
--> Vitu-Ghazi, the City-Tree
    Wizened Snitches

--: Goblin Spelunkers

Pack 3 pick 9:
    Terraformer
--> Goblin Spelunkers
    Greater Mossdog
    Leave No Trace
    Zephyr Spirit
    Boros Recruit
    Golgari Germination

--: Nightguard Patrol

Pack 3 pick 10:
    Viashino Slasher
    Farseek
--> Nightguard Patrol
    Shred Memory
    Surge of Zeal
    Glass Golem

--: Fiery Conclusion

Pack 3 pick 11:
    Wojek Siren
    Terraformer
    Incite Hysteria
    Seismic Spike
--> Fiery Conclusion

--: Fiery Conclusion

Pack 3 pick 12:
    Conclave's Blessing
    Shambling Shell
--> Fiery Conclusion
    Festival of the Guildpact

--: Coalhauler Swine

Pack 3 pick 13:
--> Coalhauler Swine
    Dizzy Spell
    Mnemonic Nexus

--: Dark Heart of the Wood

Pack 3 pick 14:
    Quickchange
--> Dark Heart of the Wood

--: Woodwraith Strangler

Pack 3 pick 15:
--> Woodwraith Strangler

