Event #: 9522369
Time:    2016/03/21 11:29:35
Players:
    jokerunmasked
    Herbalelf93
    mightmidus
    Dan9IN
    Ilyon
--> yoshimune
    Obamacare
    NickSennett

--: Drift of Phantasms

--: Stinkweed Imp

--: Stinkweed Imp

--: Stinkweed Imp

--: Stinkweed Imp

------ RAV ------ 

Pack 1 pick 1:
    Terrarion
    Votary of the Conclave
    Drift of Phantasms
    Golgari Rotwurm
    Tidewater Minion
--> Stinkweed Imp
    Smash
    Rally the Righteous
    Dromad Purebred
    Peel from Reality
    Seeds of Strength
    Vitu-Ghazi, the City-Tree
    Suppression Field
    Wizened Snitches
    Mindmoil

--: Golgari Rot Farm

--: Golgari Rot Farm

Pack 1 pick 2:
    Viashino Slasher
--> Golgari Rot Farm
    Consult the Necrosages
    Screeching Griffin
    Muddle the Mixture
    Sadistic Augermage
    Shred Memory
    Surge of Zeal
    Golgari Brownscale
    Dimir Signet
    Ivy Dancer
    Bathe in Light
    Mnemonic Nexus
    Eye of the Storm

--: Civic Wayfinder

--: Keening Banshee

--: Civic Wayfinder

--: Keening Banshee

--: Keening Banshee

Pack 1 pick 3:
    Civic Wayfinder
    Votary of the Conclave
    Terraformer
    Nightguard Patrol
    Vedalken Dismisser
    Clinging Darkness
    Quickchange
    Infectious Host
    Rain of Embers
    Golgari Signet
    Flow of Ideas
--> Keening Banshee
    Tunnel Vision

--: Siege Wurm

--: Sewerdreg

--: Sewerdreg

Pack 1 pick 4:
    Consult the Necrosages
    Tattered Drake
    Thundersong Trumpeter
    Ordruun Commando
    Gate Hound
    Lurking Informant
--> Sewerdreg
    Sell-Sword Brute
    Siege Wurm
    Instill Furor
    Junktroller
    Blood Funnel

--: Elves of Deep Shadow

--: Elves of Deep Shadow

Pack 1 pick 5:
    Woodwraith Strangler
    Drift of Phantasms
    Strands of Undeath
    Sabertooth Alley Cat
    Surge of Zeal
    Sundering Vitae
--> Elves of Deep Shadow
    Svogthos, the Restless Tomb
    Chant of Vitu-Ghazi
    Duskmantle, House of Shadow
    Grozoth

--: Twisted Justice

--: Twisted Justice

Pack 1 pick 6:
    Strands of Undeath
    Barbarian Riftcutter
    Terrarion
    Tidewater Minion
    Smash
    Rally the Righteous
    Dromad Purebred
--> Twisted Justice
    Vindictive Mob
    Hour of Reckoning

--: Elves of Deep Shadow

--: Elves of Deep Shadow

Pack 1 pick 7:
    Strands of Undeath
    Coalhauler Swine
    Sabertooth Alley Cat
    Lurking Informant
    Surge of Zeal
    Sundering Vitae
--> Elves of Deep Shadow
    Vigor Mortis
    Flash Conscription

--: Bloodletter Quill

--: Bloodletter Quill

--: Bloodletter Quill

Pack 1 pick 8:
    Terraformer
    Consult the Necrosages
    Muddle the Mixture
    Stinkweed Imp
    Shred Memory
    Rain of Embers
    Grifter's Blade
--> Bloodletter Quill

--: Drift of Phantasms

--: Drift of Phantasms

--: Drift of Phantasms

Pack 1 pick 9:
--> Drift of Phantasms
    Tidewater Minion
    Smash
    Dromad Purebred
    Suppression Field
    Wizened Snitches
    Mindmoil

--: Eye of the Storm

Pack 1 pick 10:
    Viashino Slasher
    Muddle the Mixture
    Shred Memory
    Surge of Zeal
    Mnemonic Nexus
--> Eye of the Storm

--: Terraformer

--: Terraformer

Pack 1 pick 11:
    Votary of the Conclave
--> Terraformer
    Clinging Darkness
    Quickchange
    Flow of Ideas

--: Instill Furor

Pack 1 pick 12:
    Ordruun Commando
    Gate Hound
    Sell-Sword Brute
--> Instill Furor

--: Grozoth

Pack 1 pick 13:
    Surge of Zeal
    Chant of Vitu-Ghazi
--> Grozoth

--: Barbarian Riftcutter

Pack 1 pick 14:
--> Barbarian Riftcutter
    Smash

Pack 1 pick 15:
--> Coalhauler Swine

--: Trophy Hunter

--: Bramble Elemental

--: Trophy Hunter

--: Trophy Hunter

------ RAV ------ 

Pack 2 pick 1:
    Convolute
    Golgari Rot Farm
    Dogpile
    Sabertooth Alley Cat
    Bramble Elemental
    Lurking Informant
    Surge of Zeal
    Sundering Vitae
    Galvanic Arc
    Elves of Deep Shadow
    Selesnya Evangel
    Greater Forgeling
--> Trophy Hunter
    Dark Heart of the Wood
    Grave-Shell Scarab

--: Snapping Drake

--: Dimir Signet

--: Snapping Drake

--: Dimir Signet

--: Dimir Signet

Pack 2 pick 2:
    Roofstalker Wight
    Torpid Moloch
    Guardian of Vitu-Ghazi
    Screeching Griffin
    Vedalken Entrancer
    Golgari Rotwurm
    Leave No Trace
    Zephyr Spirit
    Boros Recruit
    Snapping Drake
--> Dimir Signet
    Greater Forgeling
    Cyclopean Snare
    Dark Heart of the Wood

--: Nullmage Shepherd

--: Snapping Drake

--: Snapping Drake

Pack 2 pick 3:
    Boros Garrison
    Induce Paranoia
    Mortipede
    Centaur Safeguard
    Sadistic Augermage
    Rally the Righteous
    Elvish Skysweeper
    Conclave's Blessing
--> Snapping Drake
    Golgari Signet
    Blockbuster
    Reroute
    Nullmage Shepherd

--: Spectral Searchlight

--: Sewerdreg

--: Terraformer

--: Spectral Searchlight

--: Spectral Searchlight

Pack 2 pick 4:
    Wojek Siren
    Terraformer
    Consult the Necrosages
    Benevolent Ancestor
    Surveilling Sprite
    Clinging Darkness
    Quickchange
    Sewerdreg
    Seismic Spike
    Flight of Fancy
--> Spectral Searchlight
    Grifter's Blade

--: Vedalken Entrancer

--: Vedalken Entrancer

Pack 2 pick 5:
    Courier Hawk
    Convolute
    Benevolent Ancestor
--> Vedalken Entrancer
    Caregiver
    Dizzy Spell
    Thoughtpicker Witch
    Peel from Reality
    Shambling Shell
    Festival of the Guildpact
    Light of Sanction

--: Dimir Aqueduct

--: Dimir Aqueduct

Pack 2 pick 6:
--> Dimir Aqueduct
    Goblin Spelunkers
    Farseek
    War-Torch Goblin
    Thoughtpicker Witch
    Goblin Fire Fiend
    Sundering Vitae
    Selesnya Signet
    Voyager Staff
    Perilous Forays

--: Stasis Cell

--: Stasis Cell

Pack 2 pick 7:
--> Stasis Cell
    Viashino Slasher
    Muddle the Mixture
    Shred Memory
    Rain of Embers
    Dryad's Caress
    Carrion Howler
    Nightmare Void
    Boros Swiftblade

--: Fists of Ironwood

--: Fists of Ironwood

Pack 2 pick 8:
    Torpid Moloch
--> Fists of Ironwood
    War-Torch Goblin
    Thoughtpicker Witch
    Goblin Fire Fiend
    Sundering Vitae
    Selesnya Signet
    Festival of the Guildpact

--: Lurking Informant

--: Elves of Deep Shadow

--: Elves of Deep Shadow

Pack 2 pick 9:
    Sabertooth Alley Cat
    Lurking Informant
    Surge of Zeal
    Sundering Vitae
--> Elves of Deep Shadow
    Greater Forgeling
    Dark Heart of the Wood

--: Dark Heart of the Wood

--: Cyclopean Snare

--: Dark Heart of the Wood

--: Boros Recruit

Pack 2 pick 10:
    Torpid Moloch
    Leave No Trace
    Zephyr Spirit
--> Boros Recruit
    Cyclopean Snare
    Dark Heart of the Wood

--: Elvish Skysweeper

--: Elvish Skysweeper

Pack 2 pick 11:
    Rally the Righteous
--> Elvish Skysweeper
    Conclave's Blessing
    Blockbuster
    Reroute

--: Terraformer

Pack 2 pick 12:
--> Terraformer
    Quickchange
    Seismic Spike
    Grifter's Blade

--: Dizzy Spell

Pack 2 pick 13:
    Caregiver
--> Dizzy Spell
    Light of Sanction

--: Voyager Staff

Pack 2 pick 14:
    Goblin Fire Fiend
--> Voyager Staff

--: Viashino Slasher

Pack 2 pick 15:
--> Viashino Slasher

--: Clutch of the Undercity

--: Belltower Sphinx

--: Belltower Sphinx

------ RAV ------ 

Pack 3 pick 1:
    Torpid Moloch
    Terrarion
    Woodwraith Strangler
    Scatter the Seeds
    War-Torch Goblin
    Dimir Infiltrator
    Necromantic Thirst
    Goblin Fire Fiend
    Viashino Fangtail
    Seeds of Strength
    Veteran Armorer
    Conclave Phalanx
--> Belltower Sphinx
    Clutch of the Undercity
    Privileged Position

--: Vedalken Dismisser

--: Vedalken Dismisser

Pack 3 pick 2:
    Greater Mossdog
    Selesnya Sanctuary
    Stasis Cell
    Nightguard Patrol
--> Vedalken Dismisser
    Clinging Darkness
    Quickchange
    Infectious Host
    Rain of Embers
    Golgari Signet
    Netherborn Phalanx
    Glass Golem
    Congregation at Dawn
    Breath of Fury

--: Razia, Boros Archangel

--: Golgari Rot Farm

--: Golgari Rot Farm

Pack 3 pick 3:
    Roofstalker Wight
    Viashino Slasher
--> Golgari Rot Farm
    Incite Hysteria
    Centaur Safeguard
    Stone-Seeder Hierophant
    Leave No Trace
    Drake Familiar
    Boros Signet
    Selesnya Signet
    Veteran Armorer
    Flame-Kin Zealot
    Razia, Boros Archangel

--: Golgari Rot Farm

Pack 3 pick 4:
--> Golgari Rot Farm
    Dogpile
    Benevolent Ancestor
    Thundersong Trumpeter
    Caregiver
    Dizzy Spell
    Thoughtpicker Witch
    Peel from Reality
    Shambling Shell
    Boros Guildmage
    Pollenbright Wings
    Brightflame

--: Selesnya Sanctuary

Pack 3 pick 5:
    Goblin Spelunkers
    Greater Mossdog
--> Selesnya Sanctuary
    Nightguard Patrol
    Seismic Spike
    Elvish Skysweeper
    Boros Recruit
    Fiery Conclusion
    Skyknight Legionnaire
    Conclave Equenaut
    Wojek Embermage

--: Galvanic Arc

--: Convolute

Pack 3 pick 6:
    Wojek Siren
--> Convolute
    Gather Courage
    Grayscaled Gharial
    Necromantic Thirst
    Perplex
    Galvanic Arc
    Recollect
    Wojek Apothecary
    Pariah's Shield

--: Dimir Infiltrator

--: Strands of Undeath

--: Dimir Infiltrator

Pack 3 pick 7:
    Woodwraith Strangler
    Strands of Undeath
    War-Torch Goblin
--> Dimir Infiltrator
    Necromantic Thirst
    Goblin Fire Fiend
    Viashino Fangtail
    Svogthos, the Restless Tomb
    Chant of Vitu-Ghazi

--: Skyknight Legionnaire

Pack 3 pick 8:
    Barbarian Riftcutter
    Terrarion
    Votary of the Conclave
    Thundersong Trumpeter
    Ordruun Commando
    Sell-Sword Brute
--> Skyknight Legionnaire
    Rolling Spoil

--: Terrarion

Pack 3 pick 9:
    Torpid Moloch
--> Terrarion
    War-Torch Goblin
    Necromantic Thirst
    Goblin Fire Fiend
    Seeds of Strength
    Conclave Phalanx

--: Netherborn Phalanx

Pack 3 pick 10:
    Clinging Darkness
    Quickchange
    Rain of Embers
--> Netherborn Phalanx
    Glass Golem
    Breath of Fury

--: Drake Familiar

Pack 3 pick 11:
    Viashino Slasher
    Incite Hysteria
    Stone-Seeder Hierophant
    Leave No Trace
--> Drake Familiar

--: Dogpile

--: Dogpile

Pack 3 pick 12:
--> Dogpile
    Benevolent Ancestor
    Caregiver
    Thoughtpicker Witch

--: Goblin Spelunkers

Pack 3 pick 13:
--> Goblin Spelunkers
    Seismic Spike
    Boros Recruit

--: Necromantic Thirst

Pack 3 pick 14:
--> Necromantic Thirst
    Wojek Apothecary

--: Chant of Vitu-Ghazi

Pack 3 pick 15:
--> Chant of Vitu-Ghazi

