Event #: 9538803
Time:    26-3-2016 21:07:11
Players:
--> darkdiverSion
    Stormblessed_
    BurntbySyn
    Patchesgvsu
    Jarodphillips
    Everisto
    Zampire3
    THE_BATLORD

--: Dimir Cutpurse

--: Dimir Cutpurse

--: Dimir Cutpurse

------ RAV ------ 

Pack 1 pick 1:
    Golgari Rot Farm
    Dogpile
    Civic Wayfinder
    Incite Hysteria
    Centaur Safeguard
    Shred Memory
    Surge of Zeal
    Golgari Brownscale
    Boros Signet
    Selesnya Signet
    Veteran Armorer
    Wojek Embermage
    Dowsing Shaman
    Goliath Spider
--> Dimir Cutpurse

--: Darkblast

--: Grave-Shell Scarab

--: Dimir House Guard

--: Dimir House Guard

--: Dimir House Guard

Pack 1 pick 2:
    Strands of Undeath
    Barbarian Riftcutter
    Terrarion
    Boros Fury-Shield
    Vedalken Dismisser
--> Dimir House Guard
    Thoughtpicker Witch
    Goblin Fire Fiend
    Sundering Vitae
    Compulsive Research
    Halcyon Glaze
    Darkblast
    Stoneshaker Shaman
    Grave-Shell Scarab

--: Crown of Convergence

--: Veteran Armorer

--: Ethereal Usher

--: Ethereal Usher

Pack 1 pick 3:
    Dogpile
    Civic Wayfinder
    Incite Hysteria
    Centaur Safeguard
    Shred Memory
    Surge of Zeal
    Boros Signet
    Selesnya Signet
    Veteran Armorer
    Perilous Forays
--> Ethereal Usher
    Sunhome, Fortress of the Legion
    Crown of Convergence

--: Perplex

--: Perplex

--: Perplex

Pack 1 pick 4:
    Greater Mossdog
    Courier Hawk
    Stasis Cell
    War-Torch Goblin
--> Perplex
    Gate Hound
    Terrarion
    Seeds of Strength
    Veteran Armorer
    Vitu-Ghazi, the City-Tree
    Suppression Field
    Wizened Snitches

--: Blood Funnel

--: Conclave Equenaut

--: Greater Forgeling

--: Coalhauler Swine

--: Conclave Equenaut

--: Fiery Conclusion

--: Quickchange

--: Rain of Embers

--: Sparkmage Apprentice

--: Strands of Undeath

--: Strands of Undeath

Pack 1 pick 5:
--> Strands of Undeath
    Coalhauler Swine
    Sparkmage Apprentice
    Quickchange
    Infectious Host
    Rain of Embers
    Fiery Conclusion
    Conclave Equenaut
    Greater Forgeling
    Dark Heart of the Wood
    Blood Funnel

--: Instill Furor

--: Selesnya Sanctuary

--: Selesnya Sanctuary

Pack 1 pick 6:
    Forest
    Greater Mossdog
--> Selesnya Sanctuary
    Ordruun Commando
    Smash
    Rally the Righteous
    Dromad Purebred
    Sell-Sword Brute
    Instill Furor
    Overwhelm

--: Clinging Darkness

--: Golgari Signet

Pack 1 pick 7:
    Courier Hawk
    Convolute
    Nightguard Patrol
    Vedalken Dismisser
    Clinging Darkness
    Plains
    Leave No Trace
    Drake Familiar
--> Golgari Signet

--: Drake Familiar

--: Drake Familiar

Pack 1 pick 8:
    Tattered Drake
    Sabertooth Alley Cat
    Gather Courage
    Dryad's Caress
    Caregiver
--> Drake Familiar
    Blockbuster
    Reroute

--: Golgari Rot Farm

--: Golgari Rot Farm

Pack 1 pick 9:
--> Golgari Rot Farm
    Dogpile
    Incite Hysteria
    Shred Memory
    Surge of Zeal
    Selesnya Signet
    Goliath Spider

--: Sundering Vitae

--: Terrarion

--: Terrarion

--: Terrarion

Pack 1 pick 10:
    Barbarian Riftcutter
--> Terrarion
    Thoughtpicker Witch
    Goblin Fire Fiend
    Sundering Vitae
    Stoneshaker Shaman

--: Perilous Forays

--: Shred Memory

--: Shred Memory

Pack 1 pick 11:
    Dogpile
    Incite Hysteria
--> Shred Memory
    Surge of Zeal
    Perilous Forays

--: Stasis Cell

Pack 1 pick 12:
--> Stasis Cell
    War-Torch Goblin
    Gate Hound
    Suppression Field

--: Blood Funnel

--: Dark Heart of the Wood

--: Coalhauler Swine

--: Coalhauler Swine

Pack 1 pick 13:
--> Coalhauler Swine
    Dark Heart of the Wood
    Blood Funnel

--: Sell-Sword Brute

Pack 1 pick 14:
    Forest
--> Sell-Sword Brute

--: Plains

Pack 1 pick 15:
--> Plains

--: Plague Boiler

--: Plague Boiler

--: Plague Boiler

------ RAV ------ 

Pack 2 pick 1:
    Strands of Undeath
    Barbarian Riftcutter
    Terrarion
    Boros Fury-Shield
    Vedalken Dismisser
    Dimir House Guard
    Thoughtpicker Witch
    Goblin Fire Fiend
    Sundering Vitae
    Compulsive Research
    Last Gasp
    Svogthos, the Restless Tomb
    Chant of Vitu-Ghazi
    Duskmantle, House of Shadow
--> Plague Boiler

--: Brainspoil

--: Dimir Signet

--: Muddle the Mixture

--: Sadistic Augermage

--: Lurking Informant

--: Dimir Signet

--: Terraformer

--: Votary of the Conclave

--: Brainspoil

--: Brainspoil

Pack 2 pick 2:
    Votary of the Conclave
    Terraformer
    Gaze of the Gorgon
    Screeching Griffin
    Muddle the Mixture
    Sadistic Augermage
    Gate Hound
    Lurking Informant
    Sewerdreg
    Dimir Signet
--> Brainspoil
    Telling Time
    Undercity Shade
    Frenzied Goblin

--: Cloudstone Curio

--: Boros Signet

--: Convolute

--: Dimir Aqueduct

--: Dimir Aqueduct

Pack 2 pick 3:
    Convolute
--> Dimir Aqueduct
    Goblin Spelunkers
    Incite Hysteria
    Scatter the Seeds
    Quickchange
    Sewerdreg
    Seismic Spike
    Fiery Conclusion
    Siege Wurm
    Boros Signet
    Flow of Ideas
    Cloudstone Curio

--: Drift of Phantasms

--: Drift of Phantasms

Pack 2 pick 4:
--> Drift of Phantasms
    Strands of Undeath
    Coalhauler Swine
    Gather Courage
    Sparkmage Apprentice
    Quickchange
    Infectious Host
    Rain of Embers
    Fiery Conclusion
    Conclave Equenaut
    Ethereal Usher
    Sunhome, Fortress of the Legion

--: Carrion Howler

--: Carrion Howler

--: Carrion Howler

--: Carrion Howler

Pack 2 pick 5:
    Goblin Spelunkers
    Greater Mossdog
    Ordruun Commando
    Plains
    Rally the Righteous
    Dromad Purebred
    Sell-Sword Brute
    Siege Wurm
--> Carrion Howler
    Nightmare Void
    Boros Swiftblade

--: Drift of Phantasms

--: Drift of Phantasms

Pack 2 pick 6:
    Votary of the Conclave
--> Drift of Phantasms
    Gaze of the Gorgon
    War-Torch Goblin
    Leave No Trace
    Zephyr Spirit
    Boros Recruit
    Transluminant
    Voyager Staff
    Perilous Forays

--: Brainspoil

--: Brainspoil

Pack 2 pick 7:
    Tattered Drake
    Mortipede
    Muddle the Mixture
    Dromad Purebred
    Dizzy Spell
    Infectious Host
--> Brainspoil
    Instill Furor
    Junktroller

--: Clinging Darkness

--: Clinging Darkness

Pack 2 pick 8:
    Courier Hawk
    Nightguard Patrol
--> Clinging Darkness
    Stone-Seeder Hierophant
    Leave No Trace
    Drake Familiar
    Glass Golem
    Congregation at Dawn

--: Chant of Vitu-Ghazi

--: Duskmantle, House of Shadow

--: Duskmantle, House of Shadow

--: Duskmantle, House of Shadow

Pack 2 pick 9:
    Barbarian Riftcutter
    Boros Fury-Shield
    Thoughtpicker Witch
    Goblin Fire Fiend
    Sundering Vitae
    Chant of Vitu-Ghazi
--> Duskmantle, House of Shadow

--: Undercity Shade

--: Undercity Shade

--: Undercity Shade

Pack 2 pick 10:
    Votary of the Conclave
    Terraformer
    Muddle the Mixture
    Sadistic Augermage
    Gate Hound
--> Undercity Shade

--: Sewerdreg

--: Flow of Ideas

--: Flow of Ideas

--: Flow of Ideas

Pack 2 pick 11:
    Incite Hysteria
    Quickchange
    Sewerdreg
    Seismic Spike
--> Flow of Ideas

--: Quickchange

--: Quickchange

Pack 2 pick 12:
    Coalhauler Swine
    Gather Courage
--> Quickchange
    Rain of Embers

--: Dromad Purebred

Pack 2 pick 13:
    Plains
    Rally the Righteous
--> Dromad Purebred

--: Zephyr Spirit

Pack 2 pick 14:
--> Zephyr Spirit
    Perilous Forays

--: Dizzy Spell

Pack 2 pick 15:
--> Dizzy Spell

--: Sanguine Praetor

--: Sanguine Praetor

--: Revenant Patriarch

--: Sanguine Praetor

--: Sanguine Praetor

------ GPT ------ 

Pack 3 pick 1:
    Ghor-Clan Savage
    Ogre Savant
    Repeal
    Scab-Clan Mauler
    Izzet Boilerworks
    Ghost Warden
    Poisonbelly Ogre
    Leap of Flame
    Guardian's Magemark
    Silhana Ledgewalker
    Mourning Thrull
    Revenant Patriarch
    Battering Wurm
    Izzet Guildmage
--> Sanguine Praetor

--: Sky Swallower

--: Orzhov Guildmage

--: Sky Swallower

--: Pillory of the Sleepless

--: Sky Swallower

--: Pillory of the Sleepless

--: Pillory of the Sleepless

--: Douse in Gloom

--: Orzhov Guildmage

--: Orzhov Guildmage

Pack 3 pick 2:
    Gruul Scrapper
    Gruul Turf
    Pillory of the Sleepless
    Torch Drake
    Absolver Thrull
    Douse in Gloom
    Burning-Tree Bloodscale
    Crystal Seer
    Cry of Contrition
    Beastmaster's Magemark
    Martyred Rusalka
    Gristleback
--> Orzhov Guildmage
    Sky Swallower

--: Debtors' Knell

--: Debtors' Knell

--: Orzhov Signet

--: Debtors' Knell

--: Vacuumelt

Pack 3 pick 3:
    Blind Hunter
    Orzhov Signet
    Withstand
    Silhana Starfletcher
    Restless Bones
    Petrahydrox
    Skyrider Trainee
    Runeboggle
    Mourning Thrull
    To Arms!
    Agent of Masks
--> Vacuumelt
    Debtors' Knell

--: Leyline of Lightning

--: Wreak Havoc

--: Blind Hunter

--: Gigadrowse

--: Ogre Savant

--: Orzhov Signet

--: Orzhov Signet

Pack 3 pick 4:
    Ostiary Thrull
    Wildsize
    Ogre Savant
    Blind Hunter
--> Orzhov Signet
    Tin Street Hooligan
    Gigadrowse
    Restless Bones
    Petrahydrox
    Wreak Havoc
    Vertigo Spawn
    Leyline of Lightning

--: Infiltrator's Magemark

--: Ostiary Thrull

--: Ostiary Thrull

--: Ostiary Thrull

Pack 3 pick 5:
    Infiltrator's Magemark
    Absolver Thrull
    Scab-Clan Mauler
--> Ostiary Thrull
    Wildsize
    Skarrgan Pit-Skulk
    Benediction of Moons
    Tin Street Hooligan
    Gigadrowse
    Primeval Light
    Nivix, Aerie of the Firemind

--: Mizzium Transreliquat

--: Necromancer's Magemark

--: Necromancer's Magemark

--: Necromancer's Magemark

Pack 3 pick 6:
--> Necromancer's Magemark
    Ghor-Clan Savage
    Scab-Clan Mauler
    Fencer's Magemark
    Poisonbelly Ogre
    Leap of Flame
    Guardian's Magemark
    Silhana Ledgewalker
    Shattering Spree
    Mizzium Transreliquat

--: Conjurer's Ban

--: Gristleback

--: Cry of Contrition

--: Cry of Contrition

Pack 3 pick 7:
    Withstand
    Silhana Starfletcher
    Runeboggle
    Mourning Thrull
--> Cry of Contrition
    Tin Street Hooligan
    Lionheart Maverick
    Gristleback
    Conjurer's Ban

--: Ink-Treader Nephilim

--: Conjurer's Ban

--: Gruul Nodorog

--: Necromancer's Magemark

--: Shrieking Grotesque

--: Shrieking Grotesque

Pack 3 pick 8:
--> Shrieking Grotesque
    Necromancer's Magemark
    Runeboggle
    Gruul Nodorog
    Fencer's Magemark
    Poisonbelly Ogre
    Conjurer's Ban
    Ink-Treader Nephilim

--: Revenant Patriarch

--: Revenant Patriarch

Pack 3 pick 9:
    Scab-Clan Mauler
    Ghost Warden
    Poisonbelly Ogre
    Leap of Flame
    Guardian's Magemark
--> Revenant Patriarch
    Battering Wurm

--: Absolver Thrull

--: Absolver Thrull

Pack 3 pick 10:
    Gruul Scrapper
--> Absolver Thrull
    Cry of Contrition
    Beastmaster's Magemark
    Martyred Rusalka
    Sky Swallower

--: Agent of Masks

--: Agent of Masks

Pack 3 pick 11:
    Withstand
    Skyrider Trainee
    Runeboggle
    To Arms!
--> Agent of Masks

--: Vertigo Spawn

--: Gigadrowse

--: Restless Bones

--: Restless Bones

Pack 3 pick 12:
    Tin Street Hooligan
    Gigadrowse
--> Restless Bones
    Vertigo Spawn

--: Nivix, Aerie of the Firemind

--: Nivix, Aerie of the Firemind

Pack 3 pick 13:
    Benediction of Moons
    Primeval Light
--> Nivix, Aerie of the Firemind

--: Poisonbelly Ogre

Pack 3 pick 14:
--> Poisonbelly Ogre
    Leap of Flame

--: Lionheart Maverick

Pack 3 pick 15:
--> Lionheart Maverick

