Event #: 9619573
Time:    4/21/2016 10:44:43 PM
Players:
--> HuaxingMachine
    Leroy_W
    atozero
    muckymouse
    mikeman29
    cruel42
    jjackjr420
    CJdaWarchild

--: Ulvenwald Hydra

--: Ulvenwald Hydra

--: Ulvenwald Hydra

------ SOI ------ 

Pack 1 pick 1:
    Thraben Inspector
    Silburlind Snapper
    Militant Inquisitor
--> Ulvenwald Hydra
    Sanitarium Skeleton
    Crow of Dark Tidings
    Insolent Neonate
    Vessel of Nascency
    Vessel of Malignity
    Liliana's Indignation
    Silverstrike
    Howlpack Resurgence
    Foreboding Ruins
    Neglected Heirloom
    Mountain

--: Survive the Night

--: Duskwatch Recruiter

--: Duskwatch Recruiter

Pack 1 pick 2:
    Survive the Night
    Stitched Mangler
    Expose Evil
    Quilled Wolf
    Merciless Resolve
    Hulking Devil
    Thornhide Wolves
    Murderous Compulsion
    Magmatic Chasm
    Stensia Masquerade
    Gryff's Boon
    Crawling Sensation
--> Duskwatch Recruiter
    Forest

--: Silent Observer

--: Howlpack Wolf

--: Howlpack Wolf

Pack 1 pick 3:
    Silent Observer
    Inspiring Captain
    Catalog
    Loam Dryad
    Wicker Witch
    Strength of Arms
    Vampire Noble
--> Howlpack Wolf
    Just the Wind
    Open the Armory
    Gibbering Fiend
    Convicted Killer
    Mountain

--: Invocation of Saint Traft

--: Lightning Axe

--: Lightning Axe

Pack 1 pick 4:
    Ghostly Wings
    Inspiring Captain
    Deny Existence
    Kessig Dire Swine
    Ember-Eye Wolf
    Equestrian Skill
    Loam Dryad
    Wicker Witch
--> Lightning Axe
    Creeping Dread
    Invocation of Saint Traft
    Aberrant Researcher

--: Devilthorn Fox

--: Dance with Devils

--: Dance with Devils

Pack 1 pick 5:
    Devilthorn Fox
    Furtive Homunculus
    Strength of Arms
    Magmatic Chasm
    Ghoulcaller's Accomplice
    Structural Distortion
    Aim High
    Shamble Back
--> Dance with Devils
    Cult of the Waxing Moon
    Mountain

--: Game Trail

--: Hinterland Logger

--: Hinterland Logger

Pack 1 pick 6:
    Silent Observer
    Survive the Night
    Clip Wings
    Farbog Revenant
    Rush of Adrenaline
    Drownyard Explorers
    Woodland Stream
    Game Trail
--> Hinterland Logger
    Swamp

--: Brain in a Jar

--: True-Faith Censer

Pack 1 pick 7:
    Vessel of Paramnesia
    Chaplain's Blessing
--> True-Faith Censer
    Seagraf Skaab
    Vessel of Malignity
    Uncaged Fury
    Essence Flux
    Brain in a Jar
    Forest

--: Cathar's Companion

--: Spiteful Motives

--: Spiteful Motives

Pack 1 pick 8:
    Cathar's Companion
    Stitched Mangler
    Militant Inquisitor
    Structural Distortion
    Stoic Builder
    Runaway Carriage
--> Spiteful Motives
    Swamp

--: Foreboding Ruins

--: Vessel of Nascency

--: Vessel of Nascency

Pack 1 pick 9:
    Silburlind Snapper
    Sanitarium Skeleton
--> Vessel of Nascency
    Vessel of Malignity
    Liliana's Indignation
    Foreboding Ruins
    Mountain

--: Survive the Night

--: Magmatic Chasm

Pack 1 pick 10:
    Survive the Night
    Merciless Resolve
    Hulking Devil
--> Magmatic Chasm
    Crawling Sensation
    Forest

--: Catalog

--: Convicted Killer

--: Convicted Killer

Pack 1 pick 11:
    Catalog
    Strength of Arms
    Open the Armory
--> Convicted Killer
    Mountain

--: Ghostly Wings

Pack 1 pick 12:
    Ghostly Wings
    Deny Existence
--> Equestrian Skill
    Creeping Dread

--: Magmatic Chasm

Pack 1 pick 13:
    Magmatic Chasm
--> Structural Distortion
    Mountain

--: Survive the Night

--: Survive the Night

Pack 1 pick 14:
    Survive the Night
--> Swamp

--: Chaplain's Blessing

Pack 1 pick 15:
--> Chaplain's Blessing

--: Devils' Playground

--: Devils' Playground

--: Devils' Playground

------ SOI ------ 

Pack 2 pick 1:
    Dauntless Cathar
    Ghostly Wings
    Dauntless Cathar
    Macabre Waltz
    Pyre Hound
    Might Beyond Reason
    Rancid Rats
    Dual Shot
    Drownyard Explorers
    Pore Over the Pages
    Sinister Concoction
    Reckless Scholar
--> Devils' Playground
    Accursed Witch
    Swamp

--: Stormrider Spirit

--: Lambholt Pacifist

--: Lambholt Pacifist

Pack 2 pick 2:
    Stormrider Spirit
    Pieces of the Puzzle
    Expose Evil
    Macabre Waltz
    Pyre Hound
    Might Beyond Reason
    Stromkirk Mentor
    Tormenting Voice
    Strength of Arms
    Broken Concentration
    Ulvenwald Mysteries
    Biting Rain
--> Lambholt Pacifist
    Forest

--: Drownyard Temple

--: Breakneck Rider

--: Ulrich's Kindred

--: Breakneck Rider

--: Ulrich's Kindred

--: Ulrich's Kindred

Pack 2 pick 3:
    Unruly Mob
    Pieces of the Puzzle
    Tormenting Voice
    Root Out
    Rottenheart Ghoul
    Reduce to Ashes
    Drownyard Temple
    Moorland Drifter
    Haunted Cloak
    Incorrigible Youths
--> Ulrich's Kindred
    Breakneck Rider
    Plains

--: Devilthorn Fox

--: Watcher in the Web

--: Watcher in the Web

Pack 2 pick 4:
    Devilthorn Fox
    Catalog
    Bloodmad Vampire
    Seagraf Skaab
    Stallion of Ashmouth
    Crow of Dark Tidings
    Uncaged Fury
--> Watcher in the Web
    Groundskeeper
    Reaper of Flight Moonsilver
    Skeleton Key
    Plains

--: To the Slaughter

--: Reduce to Ashes

--: Reduce to Ashes

Pack 2 pick 5:
    Inquisitor's Ox
    Farbog Revenant
    Rush of Adrenaline
    Alms of the Vein
--> Reduce to Ashes
    Sanitarium Skeleton
    Essence Flux
    Highland Lake
    To the Slaughter
    Convicted Killer
    Mountain

--: Fevered Visions

--: Watcher in the Web

--: Watcher in the Web

Pack 2 pick 6:
    Lamplighter of Selhoff
    Ethereal Guidance
    Moldgraf Scavenger
    Senseless Rage
--> Watcher in the Web
    Crow of Dark Tidings
    Sanguinary Mage
    Liliana's Indignation
    Fevered Visions
    Forest

--: Chaplain's Blessing

--: Ember-Eye Wolf

--: Ember-Eye Wolf

Pack 2 pick 7:
    Chaplain's Blessing
--> Ember-Eye Wolf
    Equestrian Skill
    Stromkirk Mentor
    Tormenting Voice
    Root Out
    Spectral Shepherd
    Ghoulsteed
    Island

--: Emissary of the Sleepless

--: Stone Quarry

Pack 2 pick 8:
    Emissary of the Sleepless
    Stern Constable
    Ethereal Guidance
    Hound of the Farbogs
    Vessel of Malignity
    Sanguinary Mage
--> Stone Quarry
    Plains

--: Dauntless Cathar

Pack 2 pick 9:
    Dauntless Cathar
    Ghostly Wings
    Macabre Waltz
    Pyre Hound
--> Might Beyond Reason
    Rancid Rats
    Swamp

--: Pieces of the Puzzle

--: Pyre Hound

Pack 2 pick 10:
    Pieces of the Puzzle
--> Pyre Hound
    Stromkirk Mentor
    Strength of Arms
    Broken Concentration
    Forest

--: Pieces of the Puzzle

--: Tormenting Voice

--: Tormenting Voice

Pack 2 pick 11:
    Pieces of the Puzzle
--> Tormenting Voice
    Rottenheart Ghoul
    Haunted Cloak
    Plains

--: Uncaged Fury

--: Uncaged Fury

--: Uncaged Fury

Pack 2 pick 12:
--> Uncaged Fury
    Groundskeeper
    Skeleton Key
    Plains

--: Rush of Adrenaline

--: Rush of Adrenaline

Pack 2 pick 13:
--> Rush of Adrenaline
    Highland Lake
    Mountain

--: Ethereal Guidance

Pack 2 pick 14:
--> Ethereal Guidance
    Forest

--: Island

Pack 2 pick 15:
--> Island

--: Forgotten Creation

--: Howlpack Resurgence

--: Howlpack Resurgence

------ SOI ------ 

Pack 3 pick 1:
    Thraben Inspector
    Silburlind Snapper
    Militant Inquisitor
    Rabid Bite
    Ghoulcaller's Accomplice
    Dual Shot
    Confront the Unknown
    Throttle
    Warped Landscape
    Behind the Scenes
    Tenacity
--> Howlpack Resurgence
    Forgotten Creation
    Hermit of the Natterknolls
    Island

--: Choked Estuary

--: Lambholt Pacifist

--: Lambholt Pacifist

Pack 3 pick 2:
    Just the Wind
    Emissary of the Sleepless
    Jace's Scrutiny
    Moldgraf Scavenger
    Apothecary Geist
    Wicker Witch
    Rabid Bite
    Fork in the Road
    Throttle
    Broken Concentration
    Indulgent Aristocrat
    Choked Estuary
--> Lambholt Pacifist
    Mountain

--: Survive the Night

--: Thornhide Wolves

--: Thornhide Wolves

Pack 3 pick 3:
    Survive the Night
    Stitched Mangler
    Expose Evil
--> Thornhide Wolves
    Murderous Compulsion
    Ember-Eye Wolf
    Equestrian Skill
    Stromkirk Mentor
    Loam Dryad
    Tooth Collector
    Silverstrike
    Heir of Falkenrath
    Swamp

--: Asylum Visitor

--: Byway Courier

--: Intrepid Provisioner

--: Intrepid Provisioner

Pack 3 pick 4:
    Stern Constable
    Press for Answers
--> Intrepid Provisioner
    Hound of the Farbogs
    Shard of Broken Glass
    Byway Courier
    Grotesque Mutation
    Asylum Visitor
    Veteran Cathar
    Drunau Corpse Trawler
    Indulgent Aristocrat
    Swamp

--: Just the Wind

--: Howlpack Wolf

--: Howlpack Wolf

Pack 3 pick 5:
    Just the Wind
    Emissary of the Sleepless
    Jace's Scrutiny
    True-Faith Censer
    Magmatic Chasm
    Apothecary Geist
    Fork in the Road
    Shamble Back
--> Howlpack Wolf
    Invasive Surgery
    Island

--: Nephalia Moondrakes

--: Voldaren Duelist

--: Voldaren Duelist

Pack 3 pick 6:
    Lamplighter of Selhoff
    Sleep Paralysis
    Hound of the Farbogs
    Ethereal Guidance
--> Voldaren Duelist
    Vampire Noble
    Dissension in the Ranks
    Nephalia Moondrakes
    Kessig Forgemaster
    Island

--: Silent Observer

--: Rush of Adrenaline

--: Rush of Adrenaline

Pack 3 pick 7:
    Silent Observer
    Survive the Night
    Farbog Revenant
--> Rush of Adrenaline
    Silburlind Snapper
    Merciless Resolve
    Hulking Devil
    Sanitarium Skeleton
    Plains

--: Nagging Thoughts

Pack 3 pick 8:
    Nagging Thoughts
    Vessel of Ephemera
    Vessel of Volatility
    Clip Wings
    Gone Missing
    Not Forgotten
--> Skin Invasion
    Mountain

--: Militant Inquisitor

--: Confront the Unknown

--: Confront the Unknown

Pack 3 pick 9:
    Militant Inquisitor
    Dual Shot
--> Confront the Unknown
    Warped Landscape
    Behind the Scenes
    Tenacity
    Island

--: Jace's Scrutiny

Pack 3 pick 10:
    Jace's Scrutiny
--> Apothecary Geist
    Wicker Witch
    Fork in the Road
    Broken Concentration
    Mountain

--: Ember-Eye Wolf

--: Ember-Eye Wolf

--: Ember-Eye Wolf

Pack 3 pick 11:
--> Ember-Eye Wolf
    Equestrian Skill
    Stromkirk Mentor
    Loam Dryad
    Swamp

--: Stern Constable

Pack 3 pick 12:
    Stern Constable
    Hound of the Farbogs
--> Shard of Broken Glass
    Swamp

--: Jace's Scrutiny

Pack 3 pick 13:
--> Jace's Scrutiny
    Shamble Back
    Island

--: Ethereal Guidance

Pack 3 pick 14:
--> Ethereal Guidance
    Island

--: Plains

Pack 3 pick 15:
--> Plains

