Event #: 9630885
Time:    24/04/2016 16:26:38
Players:
--> CarrotBlade
    planeswoman
    BlackIsOurPanzer
    alwaysdoit
    RDF.S.D.F.Macross01
    SynapticShok
    Prof_Plume
    conrad_johansson

--: Brain in a Jar

--: Quilled Wolf

------ SOI ------ 

Pack 1 pick 1:
    Inspiring Captain
    Deny Existence
    Stormrider Spirit
    Dual Shot
--> Quilled Wolf
    Merciless Resolve
    Hulking Devil
    Thornhide Wolves
    Moorland Drifter
    Pick the Brain
    Paranoid Parish-Blade
    Magnifying Glass
    Brain in a Jar
    Gatstaf Arsonists
    Swamp

--: Behold the Beyond

--: Kessig Forgemaster

--: Dauntless Cathar

--: Kessig Forgemaster

Pack 1 pick 2:
    Chaplain's Blessing
    Jace's Scrutiny
    Dauntless Cathar
    Seagraf Skaab
    Stallion of Ashmouth
    Spectral Shepherd
    Aim High
    Crow of Dark Tidings
    Insolent Neonate
    Veteran Cathar
    Howlpack Resurgence
    Behold the Beyond
--> Kessig Forgemaster
    Forest

--: Second Harvest

--: Graf Mole

--: Gloomwidow

--: Warped Landscape

--: Gloomwidow

--: Graf Mole

--: Gloomwidow

--: Graf Mole

--: Gloomwidow

--: Graf Mole

--: Gloomwidow

--: Graf Mole

--: Gloomwidow

Pack 1 pick 3:
    Stitched Mangler
    Expose Evil
    Deny Existence
    Warped Landscape
    Sanitarium Skeleton
    Shard of Broken Glass
    Vessel of Nascency
    Liliana's Indignation
--> Gloomwidow
    Graf Mole
    Second Harvest
    Gatstaf Arsonists
    Swamp

--: Triskaidekaphobia

--: Solitary Hunter

--: Quilled Wolf

--: Solitary Hunter

--: Solitary Hunter

Pack 1 pick 4:
    Stitched Mangler
    Expose Evil
    Deny Existence
    Rush of Adrenaline
    Quilled Wolf
    Merciless Resolve
    Hulking Devil
    Hound of the Farbogs
    Shard of Broken Glass
    Triskaidekaphobia
--> Solitary Hunter
    Mountain

--: Stern Constable

--: Byway Courier

--: Byway Courier

Pack 1 pick 5:
    Stern Constable
    Nagging Thoughts
    Wicker Witch
    Strength of Arms
    Uncaged Fury
--> Byway Courier
    Grotesque Mutation
    Behind the Scenes
    Tenacity
    Thraben Gargoyle
    Mountain

--: Devilthorn Fox

--: Root Out

Pack 1 pick 6:
    Devilthorn Fox
    Catalog
    Thraben Inspector
    Equestrian Skill
--> Root Out
    Rottenheart Ghoul
    Moldgraf Scavenger
    Compelling Deterrence
    Morkrut Necropod
    Mountain

--: Emissary of the Sleepless

--: Kessig Dire Swine

--: Might Beyond Reason

--: Kessig Dire Swine

--: Hope Against Hope

--: Emissary of the Sleepless

--: Emissary of the Sleepless

Pack 1 pick 7:
--> Emissary of the Sleepless
    Jace's Scrutiny
    Cathar's Companion
    Kessig Dire Swine
    Macabre Waltz
    Might Beyond Reason
    Stallion of Ashmouth
    Hope Against Hope
    Plains

--: Unruly Mob

--: Unruly Mob

--: Drownyard Explorers

--: Drownyard Explorers

Pack 1 pick 8:
    Unruly Mob
    Silburlind Snapper
    Equestrian Skill
    Stromkirk Mentor
--> Drownyard Explorers
    Moldgraf Scavenger
    Gryff's Boon
    Plains

--: Inspiring Captain

--: Moorland Drifter

--: Paranoid Parish-Blade

--: Moorland Drifter

--: Moorland Drifter

Pack 1 pick 9:
    Inspiring Captain
    Deny Existence
    Hulking Devil
--> Moorland Drifter
    Pick the Brain
    Paranoid Parish-Blade
    Swamp

--: Chaplain's Blessing

--: Dauntless Cathar

--: Dauntless Cathar

Pack 1 pick 10:
    Chaplain's Blessing
    Jace's Scrutiny
--> Dauntless Cathar
    Seagraf Skaab
    Aim High
    Forest

--: Second Harvest

--: Vessel of Nascency

--: Vessel of Nascency

Pack 1 pick 11:
    Deny Existence
    Shard of Broken Glass
--> Vessel of Nascency
    Second Harvest
    Swamp

--: Deny Existence

--: Shard of Broken Glass

Pack 1 pick 12:
    Deny Existence
    Hound of the Farbogs
--> Shard of Broken Glass
    Mountain

--: Strength of Arms

--: Strength of Arms

Pack 1 pick 13:
--> Strength of Arms
    Behind the Scenes
    Mountain

--: Catalog

--: Catalog

Pack 1 pick 14:
--> Catalog
    Mountain

--: Plains

--: Plains

Pack 1 pick 15:
--> Plains

--: Fevered Visions

--: Watcher in the Web

--: Watcher in the Web

------ SOI ------ 

Pack 2 pick 1:
    Vessel of Paramnesia
    Chaplain's Blessing
    Niblis of Dusk
    Moldgraf Scavenger
    Ethereal Guidance
    Hound of the Farbogs
--> Watcher in the Web
    Vampire Noble
    Howlpack Wolf
    Nahiri's Machinations
    Runaway Carriage
    Stitchwing Skaab
    Fevered Visions
    Village Messenger
    Forest

--: Declaration in Stone

--: Declaration in Stone

--: Declaration in Stone

Pack 2 pick 2:
    Silent Observer
    Survive the Night
    Just the Wind
    True-Faith Censer
    Stallion of Ashmouth
    Apothecary Geist
    Shamble Back
    Voldaren Duelist
    Vessel of Nascency
    Essence Flux
    Highland Lake
--> Declaration in Stone
    Town Gossipmonger
    Plains

--: Rattlechains

--: Hinterland Logger

--: Hinterland Logger

Pack 2 pick 3:
    Unruly Mob
    Silburlind Snapper
    Senseless Rage
    Sanitarium Skeleton
    True-Faith Censer
    Byway Courier
    Grotesque Mutation
    Vampire Noble
    Open the Armory
    Tooth Collector
    Rattlechains
--> Hinterland Logger
    Forest

--: Silburlind Snapper

--: Byway Courier

--: Apothecary Geist

--: Byway Courier

Pack 2 pick 4:
    Silburlind Snapper
    Militant Inquisitor
    Stormrider Spirit
    True-Faith Censer
    Magmatic Chasm
    Apothecary Geist
--> Byway Courier
    Grotesque Mutation
    Vampire Noble
    Behind the Scenes
    Crawling Sensation
    Swamp

--: Ghostly Wings

--: Puncturing Light

--: Puncturing Light

Pack 2 pick 5:
    Ghostly Wings
--> Puncturing Light
    Silent Observer
    Seagraf Skaab
    Bloodmad Vampire
    Moorland Drifter
    Uncaged Fury
    Watcher in the Web
    Twins of Maurer Estate
    Trail of Evidence
    Island

--: Cathar's Companion

--: Emissary of the Sleepless

--: Cathar's Companion

--: Emissary of the Sleepless

--: Emissary of the Sleepless

--: Cathar's Companion

Pack 2 pick 6:
--> Cathar's Companion
    Lamplighter of Selhoff
    Emissary of the Sleepless
    Alms of the Vein
    Confront the Unknown
    Vessel of Volatility
    Loam Dryad
    Rise from the Tides
    Convicted Killer
    Mountain

--: Harness the Storm

--: Warped Landscape

--: Warped Landscape

Pack 2 pick 7:
    Pieces of the Puzzle
    Expose Evil
    Furtive Homunculus
    Gone Missing
--> Warped Landscape
    Might Beyond Reason
    Grotesque Mutation
    Harness the Storm
    Mountain

--: Militant Inquisitor

--: Militant Inquisitor

--: Stone Quarry

--: Stone Quarry

Pack 2 pick 8:
    Militant Inquisitor
    Ghostly Wings
    Shard of Broken Glass
    Sanitarium Skeleton
    Vessel of Malignity
    Epitaph Golem
--> Stone Quarry
    Island

--: Fevered Visions

--: Ethereal Guidance

--: Ethereal Guidance

--: Ethereal Guidance

Pack 2 pick 9:
    Chaplain's Blessing
--> Ethereal Guidance
    Hound of the Farbogs
    Nahiri's Machinations
    Runaway Carriage
    Fevered Visions
    Forest

--: Survive the Night

--: Apothecary Geist

--: Apothecary Geist

Pack 2 pick 10:
    Survive the Night
    Just the Wind
    Stallion of Ashmouth
--> Apothecary Geist
    Shamble Back
    Plains

--: Silburlind Snapper

--: Sanitarium Skeleton

--: Grotesque Mutation

--: Open the Armory

--: Open the Armory

Pack 2 pick 11:
    Silburlind Snapper
    Sanitarium Skeleton
    Grotesque Mutation
--> Open the Armory
    Forest

--: Silburlind Snapper

--: Militant Inquisitor

--: Militant Inquisitor

Pack 2 pick 12:
    Silburlind Snapper
--> Militant Inquisitor
    Behind the Scenes
    Swamp

--: Seagraf Skaab

--: Moorland Drifter

Pack 2 pick 13:
    Seagraf Skaab
--> Moorland Drifter
    Island

--: Vessel of Volatility

--: Vessel of Volatility

Pack 2 pick 14:
--> Vessel of Volatility
    Mountain

--: Mountain

--: Mountain

Pack 2 pick 15:
--> Mountain

--: Fortified Village

--: Silverstrike

--: Silverstrike

------ SOI ------ 

Pack 3 pick 1:
    Sleep Paralysis
    Stern Constable
    Nagging Thoughts
    Strength of Arms
    Magmatic Chasm
    Ghoulcaller's Accomplice
    Structural Distortion
    Stoic Builder
    Crow of Dark Tidings
    Ravenous Bloodseeker
    Liliana's Indignation
--> Silverstrike
    Fortified Village
    Kindly Stranger
    Forest

--: Sage of Ancient Lore

--: Thalia's Lieutenant

--: Thalia's Lieutenant

--: Thalia's Lieutenant

Pack 3 pick 2:
    Sage of Ancient Lore
    Catalog
    Survive the Night
    Merciless Resolve
    Hulking Devil
    Kessig Dire Swine
    Dead Weight
    Ember-Eye Wolf
    Moorland Drifter
    Geistblast
    Humble the Brute
--> Thalia's Lieutenant
    Lambholt Pacifist
    Island

--: Choked Estuary

--: Town Gossipmonger

--: Inspiring Captain

--: Town Gossipmonger

--: Town Gossipmonger

Pack 3 pick 3:
    Ghostly Wings
    Inspiring Captain
    Deny Existence
    Warped Landscape
    Sanitarium Skeleton
    Shard of Broken Glass
    Aim High
    Crow of Dark Tidings
    Haunted Cloak
    Gibbering Fiend
    Choked Estuary
--> Town Gossipmonger
    Mountain

--: Stormrider Spirit

--: Bound by Moonsilver

--: Bound by Moonsilver

Pack 3 pick 4:
    Stormrider Spirit
    Pieces of the Puzzle
    Expose Evil
    Vessel of Volatility
    Kessig Dire Swine
    Might Beyond Reason
    Gone Missing
    Behind the Scenes
--> Bound by Moonsilver
    Skeleton Key
    Daring Sleuth
    Island

--: Silent Observer

--: Topplegeist

--: Hinterland Logger

--: Hinterland Logger

Pack 3 pick 5:
    Silent Observer
    Inspiring Captain
    Catalog
    Intrepid Provisioner
    Shard of Broken Glass
    Shamble Back
    Vessel of Nascency
    Essence Flux
    Topplegeist
--> Hinterland Logger
    Mountain

--: Thalia's Lieutenant

--: Thalia's Lieutenant

--: Thalia's Lieutenant

Pack 3 pick 6:
    Inquisitor's Ox
    Silent Observer
    Survive the Night
    Root Out
    Rush of Adrenaline
    True-Faith Censer
    Tenacity
--> Thalia's Lieutenant
    Hinterland Logger
    Swamp

--: Engulf the Shore

--: Unruly Mob

--: Unruly Mob

Pack 3 pick 7:
--> Unruly Mob
    Pieces of the Puzzle
    Merciless Resolve
    Hulking Devil
    Kessig Dire Swine
    Nahiri's Machinations
    Weirding Wood
    Engulf the Shore
    Swamp

--: Stern Constable

--: Dauntless Cathar

--: Dauntless Cathar

Pack 3 pick 8:
    Stern Constable
    Press for Answers
--> Dauntless Cathar
    Rottenheart Ghoul
    Root Out
    Farbog Revenant
    Drunau Corpse Trawler
    Mountain

--: Stern Constable

--: Stern Constable

--: Stoic Builder

--: Stern Constable

--: Stoic Builder

--: Stoic Builder

Pack 3 pick 9:
    Stern Constable
    Nagging Thoughts
    Strength of Arms
    Structural Distortion
--> Stoic Builder
    Liliana's Indignation
    Forest

--: Catalog

--: Moorland Drifter

--: Kessig Dire Swine

--: Moorland Drifter

--: Survive the Night

--: Kessig Dire Swine

--: Moorland Drifter

--: Kessig Dire Swine

--: Survive the Night

--: Moorland Drifter

--: Moorland Drifter

--: Survive the Night

--: Survive the Night

--: Survive the Night

Pack 3 pick 10:
    Catalog
--> Survive the Night
    Hulking Devil
    Kessig Dire Swine
    Moorland Drifter
    Island

--: Ghostly Wings

--: Inspiring Captain

Pack 3 pick 11:
    Ghostly Wings
--> Inspiring Captain
    Deny Existence
    Shard of Broken Glass
    Mountain

--: Pieces of the Puzzle

--: Expose Evil

Pack 3 pick 12:
    Pieces of the Puzzle
--> Expose Evil
    Behind the Scenes
    Island

--: Vessel of Nascency

--: Vessel of Nascency

Pack 3 pick 13:
--> Vessel of Nascency
    Essence Flux
    Mountain

--: Survive the Night

--: Survive the Night

Pack 3 pick 14:
--> Survive the Night
    Swamp

--: Swamp

--: Swamp

--: Swamp

Pack 3 pick 15:
--> Swamp

