Event #: 9659059
Time:    5/1/2016 11:28:38 PM
Players:
    ubergeek78
    XDummie1
    saru
    Strife52
    Rishelie
--> HuaxingMachine
    NanoF
    alkaatch

--: Declaration in Stone

--: Declaration in Stone

--: Declaration in Stone

------ SOI ------ 

Pack 1 pick 1:
    Niblis of Dusk
    Unruly Mob
    Pieces of the Puzzle
    Tormenting Voice
    Clip Wings
    Rottenheart Ghoul
    Murderous Compulsion
    Apothecary Geist
    Wicker Witch
    Dissension in the Ranks
    Veteran Cathar
    Graf Mole
--> Declaration in Stone
    Aberrant Researcher
    Plains

--: Inquisitor's Ox

--: Fleeting Memories

--: Fleeting Memories

Pack 1 pick 2:
    Inquisitor's Ox
    Silent Observer
    Survive the Night
    Kessig Dire Swine
    Macabre Waltz
    Pyre Hound
    Might Beyond Reason
    Rancid Rats
    Bloodmad Vampire
    Drunau Corpse Trawler
    Pale Rider of Trostad
--> Fleeting Memories
    Convicted Killer
    Plains

--: Vessel of Paramnesia

--: Drownyard Explorers

--: Drownyard Explorers

Pack 1 pick 3:
    Vessel of Paramnesia
    Chaplain's Blessing
--> Drownyard Explorers
    Moldgraf Scavenger
    Grotesque Mutation
    Vampire Noble
    Howlpack Wolf
    Stoic Builder
    Olivia's Bloodsworn
    Malevolent Whispers
    Tenacity
    Gatstaf Arsonists
    Forest

--: Ghostly Wings

--: Moldgraf Scavenger

--: Gone Missing

--: Gone Missing

Pack 1 pick 4:
    Ghostly Wings
    Inspiring Captain
    Deny Existence
    Shard of Broken Glass
--> Gone Missing
    Moldgraf Scavenger
    Watcher in the Web
    Crow of Dark Tidings
    Sanguinary Mage
    Essence Flux
    Highland Lake
    Island

--: Dauntless Cathar

--: Dead Weight

--: Dead Weight

--: Dead Weight

--: Dead Weight

--: Dead Weight

Pack 1 pick 5:
    Dauntless Cathar
    Nagging Thoughts
    Vessel of Ephemera
--> Dead Weight
    Vessel of Volatility
    Kessig Dire Swine
    Macabre Waltz
    Pyre Hound
    Strength of Arms
    Spiteful Motives
    Island

--: Just the Wind

--: Jace's Scrutiny

--: Jace's Scrutiny

Pack 1 pick 6:
    Just the Wind
    Emissary of the Sleepless
--> Jace's Scrutiny
    Might Beyond Reason
    Rancid Rats
    Dual Shot
    Warped Landscape
    Reaper of Flight Moonsilver
    Gisa's Bidding
    Forest

--: Inspiring Captain

--: Gone Missing

--: Gone Missing

Pack 1 pick 7:
    Inspiring Captain
    Catalog
    Sanitarium Skeleton
    Moorland Drifter
--> Gone Missing
    Vampire Noble
    Fork in the Road
    Liliana's Indignation
    Island

--: Cathar's Companion

--: Voldaren Duelist

--: Voldaren Duelist

Pack 1 pick 8:
    Cathar's Companion
    Militant Inquisitor
    Hound of the Farbogs
    Vessel of Malignity
--> Voldaren Duelist
    Vampire Noble
    Murderer's Axe
    Swamp

--: Unruly Mob

--: Pieces of the Puzzle

--: Pieces of the Puzzle

Pack 1 pick 9:
    Unruly Mob
--> Pieces of the Puzzle
    Clip Wings
    Rottenheart Ghoul
    Wicker Witch
    Dissension in the Ranks
    Plains

--: Kessig Dire Swine

--: Rancid Rats

--: Pyre Hound

--: Pyre Hound

Pack 1 pick 10:
    Kessig Dire Swine
    Macabre Waltz
--> Pyre Hound
    Might Beyond Reason
    Rancid Rats
    Plains

--: Vessel of Paramnesia

--: Vessel of Paramnesia

Pack 1 pick 11:
--> Vessel of Paramnesia
    Chaplain's Blessing
    Vampire Noble
    Stoic Builder
    Forest

--: Ghostly Wings

--: Ghostly Wings

--: Ghostly Wings

Pack 1 pick 12:
--> Ghostly Wings
    Deny Existence
    Shard of Broken Glass
    Island

--: Vessel of Volatility

Pack 1 pick 13:
    Vessel of Volatility
--> Macabre Waltz
    Island

--: Might Beyond Reason

Pack 1 pick 14:
--> Might Beyond Reason
    Forest

--: Island

Pack 1 pick 15:
--> Island

--: Asylum Visitor

--: Ulvenwald Mysteries

--: Ulvenwald Mysteries

------ SOI ------ 

Pack 2 pick 1:
    Emissary of the Sleepless
    Sleep Paralysis
    Stern Constable
    Seagraf Skaab
    Stallion of Ashmouth
    Vessel of Nascency
    Vessel of Malignity
    Uncaged Fury
    Byway Courier
    Obsessive Skinner
--> Ulvenwald Mysteries
    Foul Orchard
    Asylum Visitor
    Neglected Heirloom
    Plains

--: Fortified Village

--: Furtive Homunculus

--: Furtive Homunculus

Pack 2 pick 2:
--> Furtive Homunculus
    Spectral Shepherd
    Catalog
    Senseless Rage
    Sanitarium Skeleton
    True-Faith Censer
    Fork in the Road
    Throttle
    Sanguinary Mage
    Haunted Cloak
    Gibbering Fiend
    Fortified Village
    Convicted Killer
    Plains

--: Emissary of the Sleepless

--: Jace's Scrutiny

--: Jace's Scrutiny

Pack 2 pick 3:
    Emissary of the Sleepless
--> Jace's Scrutiny
    Moorland Drifter
    Warped Landscape
    Intrepid Provisioner
    Crow of Dark Tidings
    Insolent Neonate
    Vessel of Nascency
    Not Forgotten
    Gisa's Bidding
    Spiteful Motives
    Avacynian Missionaries
    Island

--: Niblis of Dusk

--: Drownyard Explorers

--: Drownyard Explorers

Pack 2 pick 4:
    Niblis of Dusk
    Unruly Mob
    Reduce to Ashes
    Rabid Bite
    Alms of the Vein
    Dual Shot
    Confront the Unknown
--> Drownyard Explorers
    Pick the Brain
    Paranoid Parish-Blade
    Magnifying Glass
    Forest

--: Survive the Night

--: Gone Missing

--: Gone Missing

Pack 2 pick 5:
    Survive the Night
    Expose Evil
    Equestrian Skill
    Macabre Waltz
    Pyre Hound
--> Gone Missing
    Moonlight Hunt
    Howlpack Resurgence
    Ghoulsteed
    Hinterland Logger
    Forest

--: Stormrider Spirit

--: Stitchwing Skaab

--: Stitchwing Skaab

Pack 2 pick 6:
    Stormrider Spirit
    Stern Constable
    Press for Answers
    Senseless Rage
    Loam Dryad
    Strength of Arms
    Shamble Back
    Epitaph Golem
--> Stitchwing Skaab
    Swamp

--: Stormrider Spirit

--: Stormrider Spirit

--: Stormrider Spirit

Pack 2 pick 7:
--> Stormrider Spirit
    Pieces of the Puzzle
    Expose Evil
    Equestrian Skill
    Forest
    Moldgraf Scavenger
    Hope Against Hope
    Biting Rain
    Forest

--: Deny Existence

--: Trail of Evidence

--: Trail of Evidence

Pack 2 pick 8:
    Deny Existence
    Devilthorn Fox
    Hound of the Farbogs
    Ethereal Guidance
    Sanguinary Mage
--> Trail of Evidence
    Topplegeist
    Mountain

--: Emissary of the Sleepless

--: Seagraf Skaab

--: Seagraf Skaab

Pack 2 pick 9:
    Emissary of the Sleepless
    Stern Constable
--> Seagraf Skaab
    Vessel of Nascency
    Vessel of Malignity
    Uncaged Fury
    Plains

--: Spectral Shepherd

--: Sanguinary Mage

--: Sanguinary Mage

Pack 2 pick 10:
    Spectral Shepherd
    Senseless Rage
    Sanitarium Skeleton
--> Sanguinary Mage
    Haunted Cloak
    Plains

--: Intrepid Provisioner

--: Insolent Neonate

--: Insolent Neonate

Pack 2 pick 11:
    Intrepid Provisioner
--> Insolent Neonate
    Vessel of Nascency
    Not Forgotten
    Island

--: Dual Shot

--: Magnifying Glass

--: Magnifying Glass

Pack 2 pick 12:
    Dual Shot
    Paranoid Parish-Blade
--> Magnifying Glass
    Forest

--: Expose Evil

Pack 2 pick 13:
--> Expose Evil
    Equestrian Skill
    Forest

--: Stern Constable

Pack 2 pick 14:
--> Stern Constable
    Swamp

--: Forest

Pack 2 pick 15:
--> Forest

--: Slayer's Plate

--: Inner Struggle

--: Inner Struggle

------ SOI ------ 

Pack 3 pick 1:
    Dauntless Cathar
    Ghostly Wings
    Puncturing Light
    Rush of Adrenaline
    Quilled Wolf
    Merciless Resolve
    Hulking Devil
    Kessig Dire Swine
    Moorland Drifter
    Runaway Carriage
    Magnifying Glass
--> Inner Struggle
    Slayer's Plate
    Thraben Gargoyle
    Swamp

--: Flameblade Angel

--: Flameblade Angel

--: Dance with Devils

--: Flameblade Angel

--: Flameblade Angel

Pack 3 pick 2:
    Silent Observer
    Inspiring Captain
    Catalog
    Warped Landscape
    Sanitarium Skeleton
    Shard of Broken Glass
    Grotesque Mutation
    Insolent Neonate
    Watcher in the Web
    Dance with Devils
    Creeping Dread
--> Flameblade Angel
    Kessig Forgemaster
    Mountain

--: Drownyard Temple

--: Sanguinary Mage

--: Sanguinary Mage

--: Sanguinary Mage

--: Sanguinary Mage

Pack 3 pick 3:
    Deny Existence
    Aim High
    Furtive Homunculus
    Moldgraf Scavenger
    Ethereal Guidance
    Hound of the Farbogs
    Crow of Dark Tidings
--> Sanguinary Mage
    Fork in the Road
    Essence Flux
    Topplegeist
    Drownyard Temple
    Plains

--: Diregraf Colossus

--: Rise from the Tides

--: Rise from the Tides

Pack 3 pick 4:
    Dauntless Cathar
    Ghostly Wings
    Merciless Resolve
    Hulking Devil
    Kessig Dire Swine
    Dead Weight
    Ember-Eye Wolf
    Shard of Broken Glass
--> Rise from the Tides
    Diregraf Colossus
    Skin Invasion
    Plains

--: Vessel of Paramnesia

--: Vessel of Paramnesia

--: Tormenting Voice

--: Tormenting Voice

Pack 3 pick 5:
    Vessel of Paramnesia
    Chaplain's Blessing
    Might Beyond Reason
    Stromkirk Mentor
--> Tormenting Voice
    Rottenheart Ghoul
    Senseless Rage
    Malevolent Whispers
    Gryff's Boon
    Gatstaf Arsonists
    Island

--: Invocation of Saint Traft

--: Jace's Scrutiny

--: Jace's Scrutiny

Pack 3 pick 6:
    Nagging Thoughts
    Chaplain's Blessing
--> Jace's Scrutiny
    Stallion of Ashmouth
    Twins of Maurer Estate
    Furtive Homunculus
    Spectral Shepherd
    Ghoulsteed
    Invocation of Saint Traft
    Forest

--: Triskaidekaphobia

--: Daring Sleuth

--: Daring Sleuth

Pack 3 pick 7:
    Cathar's Companion
    Lamplighter of Selhoff
    Wicker Witch
    Strength of Arms
    Aim High
    Shamble Back
    Triskaidekaphobia
--> Daring Sleuth
    Forest

--: Fevered Visions

--: Fevered Visions

--: Fevered Visions

Pack 3 pick 8:
    Silburlind Snapper
    Vessel of Paramnesia
    Strength of Arms
    Vessel of Nascency
    Twins of Maurer Estate
    Structural Distortion
--> Fevered Visions
    Plains

--: Ghostly Wings

--: Rush of Adrenaline

Pack 3 pick 9:
    Ghostly Wings
--> Rush of Adrenaline
    Merciless Resolve
    Hulking Devil
    Moorland Drifter
    Runaway Carriage
    Swamp

--: Inspiring Captain

--: Catalog

--: Catalog

Pack 3 pick 10:
    Inspiring Captain
--> Catalog
    Shard of Broken Glass
    Insolent Neonate
    Creeping Dread
    Mountain

--: Furtive Homunculus

Pack 3 pick 11:
--> Furtive Homunculus
    Ethereal Guidance
    Hound of the Farbogs
    Fork in the Road
    Plains

--: Merciless Resolve

Pack 3 pick 12:
    Merciless Resolve
--> Hulking Devil
    Shard of Broken Glass
    Plains

--: Chaplain's Blessing

Pack 3 pick 13:
    Chaplain's Blessing
--> Rottenheart Ghoul
    Island

--: Chaplain's Blessing

Pack 3 pick 14:
    Chaplain's Blessing
--> Forest

--: Forest

Pack 3 pick 15:
--> Forest

