Event #: 9666867
Time:    5/3/2016 11:43:37 PM
Players:
    moxrubens
--> Shlhu
    Aixelsid
    Traffik
    Nosodachi Child
    pahamack
    kinghuge101
    Czeresnia

--: Falkenrath Gorger

--: Falkenrath Gorger

--: Pious Evangel

--: Falkenrath Gorger

--: Pious Evangel

--: Falkenrath Gorger

--: Pious Evangel

--: Falkenrath Gorger

--: Falkenrath Gorger

------ SOI ------ 

Pack 1 pick 1:
    Nagging Thoughts
    Vessel of Ephemera
    Lamplighter of Selhoff
    Moorland Drifter
    Warped Landscape
    Intrepid Provisioner
    Grotesque Mutation
    Vampire Noble
    Howlpack Wolf
    Compelling Deterrence
    Nahiri's Machinations
    Morkrut Necropod
--> Falkenrath Gorger
    Pious Evangel
    Mountain

--: Emissary of the Sleepless

--: Jace's Scrutiny

--: Dead Weight

--: Dead Weight

Pack 1 pick 2:
    Emissary of the Sleepless
    Jace's Scrutiny
    Cathar's Companion
    Hulking Devil
    Kessig Dire Swine
--> Dead Weight
    Ember-Eye Wolf
    Equestrian Skill
    Ethereal Guidance
    Gloomwidow
    Crawling Sensation
    Pale Rider of Trostad
    Hinterland Logger
    Forest

--: Sage of Ancient Lore

--: Jace's Scrutiny

--: Sage of Ancient Lore

--: Dauntless Cathar

--: Sage of Ancient Lore

--: Dauntless Cathar

--: Sage of Ancient Lore

--: Dauntless Cathar

--: Sage of Ancient Lore

--: Dauntless Cathar

--: Sage of Ancient Lore

--: Sage of Ancient Lore

--: Sage of Ancient Lore

Pack 1 pick 3:
--> Sage of Ancient Lore
    Jace's Scrutiny
    Dauntless Cathar
    Vessel of Volatility
    Kessig Dire Swine
    Macabre Waltz
    Pyre Hound
    Gone Missing
    Trail of Evidence
    Humble the Brute
    Crawling Sensation
    Hinterland Logger
    Island

--: Fortified Village

--: Just the Wind

--: Howlpack Wolf

--: Intrepid Provisioner

--: Howlpack Wolf

--: Howlpack Wolf

--: Howlpack Wolf

Pack 1 pick 4:
    Press for Answers
    Inquisitor's Ox
    Just the Wind
    Stallion of Ashmouth
    Intrepid Provisioner
    Fork in the Road
    Shamble Back
--> Howlpack Wolf
    Pore Over the Pages
    Skeleton Key
    Fortified Village
    Island

--: Nagging Thoughts

--: Rabid Bite

--: Rabid Bite

Pack 1 pick 5:
    Nagging Thoughts
    Root Out
    Farbog Revenant
    Rush of Adrenaline
--> Rabid Bite
    Hound of the Farbogs
    Shard of Broken Glass
    Geistblast
    Liliana's Indignation
    Humble the Brute
    Island

--: Unruly Mob

--: Incorrigible Youths

--: Hermit of the Natterknolls

--: Incorrigible Youths

--: Hermit of the Natterknolls

--: Incorrigible Youths

--: Incorrigible Youths

Pack 1 pick 6:
    Unruly Mob
    Silburlind Snapper
    Strength of Arms
    Magmatic Chasm
    Vampire Noble
    Fork in the Road
    Haunted Cloak
--> Incorrigible Youths
    Hermit of the Natterknolls
    Mountain

--: Inquisitor's Ox

--: Bloodmad Vampire

--: Veteran Cathar

--: Bloodmad Vampire

--: Bloodmad Vampire

Pack 1 pick 7:
    Inquisitor's Ox
    Just the Wind
    Seagraf Skaab
--> Bloodmad Vampire
    Vessel of Malignity
    Sanguinary Mage
    Veteran Cathar
    Drunau Corpse Trawler
    Plains

--: Pieces of the Puzzle

--: Vessel of Nascency

--: Vessel of Nascency

Pack 1 pick 8:
    Pieces of the Puzzle
    Expose Evil
    Furtive Homunculus
    Apothecary Geist
    Drownyard Explorers
    Insolent Neonate
--> Vessel of Nascency
    Forest

--: Vessel of Ephemera

--: Intrepid Provisioner

--: Intrepid Provisioner

Pack 1 pick 9:
    Vessel of Ephemera
    Lamplighter of Selhoff
    Warped Landscape
--> Intrepid Provisioner
    Vampire Noble
    Nahiri's Machinations
    Mountain

--: Jace's Scrutiny

--: Hulking Devil

--: Jace's Scrutiny

Pack 1 pick 10:
--> Jace's Scrutiny
    Cathar's Companion
    Hulking Devil
    Equestrian Skill
    Ethereal Guidance
    Forest

--: Kessig Dire Swine

--: Kessig Dire Swine

--: Kessig Dire Swine

--: Crawling Sensation

Pack 1 pick 11:
    Kessig Dire Swine
    Gone Missing
    Trail of Evidence
--> Crawling Sensation
    Island

--: Inquisitor's Ox

--: Fork in the Road

Pack 1 pick 12:
    Inquisitor's Ox
--> Fork in the Road
    Skeleton Key
    Island

--: Shard of Broken Glass

--: Shard of Broken Glass

Pack 1 pick 13:
--> Shard of Broken Glass
    Liliana's Indignation
    Island

--: Haunted Cloak

--: Haunted Cloak

Pack 1 pick 14:
--> Haunted Cloak
    Mountain

--: Plains

--: Plains

Pack 1 pick 15:
--> Plains

--: Prized Amalgam

--: Solitary Hunter

--: Spiteful Motives

--: Solitary Hunter

--: Solitary Hunter

------ SOI ------ 

Pack 2 pick 1:
    Inspiring Captain
    Catalog
    Survive the Night
    Kessig Dire Swine
    Macabre Waltz
    Pyre Hound
    Might Beyond Reason
    Rancid Rats
    Sanitarium Skeleton
    Runaway Carriage
    Stitchwing Skaab
    Spiteful Motives
    Prized Amalgam
--> Solitary Hunter
    Forest

--: Invocation of Saint Traft

--: Solitary Hunter

--: Quilled Wolf

--: Quilled Wolf

Pack 2 pick 2:
    Militant Inquisitor
    Ghostly Wings
    Clip Wings
    Farbog Revenant
    Rush of Adrenaline
--> Quilled Wolf
    Drownyard Explorers
    Moldgraf Scavenger
    Compelling Deterrence
    Open the Armory
    Ongoing Investigation
    Invocation of Saint Traft
    Solitary Hunter
    Forest

--: Puncturing Light

--: Thornhide Wolves

--: Spiteful Motives

--: Spiteful Motives

Pack 2 pick 3:
    Puncturing Light
    Sleep Paralysis
    Inquisitor's Ox
    Throttle
    Vessel of Volatility
    Thornhide Wolves
    Rancid Rats
    Moorland Drifter
    Runaway Carriage
    Rise from the Tides
--> Spiteful Motives
    Heir of Falkenrath
    Island

--: Devilthorn Fox

--: Ulvenwald Mysteries

--: Quilled Wolf

--: Ulvenwald Mysteries

--: Quilled Wolf

--: Ulvenwald Mysteries

--: Quilled Wolf

--: Ulvenwald Mysteries

--: Ulvenwald Mysteries

Pack 2 pick 4:
    Devilthorn Fox
    Furtive Homunculus
    Hound of the Farbogs
    Quilled Wolf
    Merciless Resolve
    Hulking Devil
    Thornhide Wolves
    Broken Concentration
--> Ulvenwald Mysteries
    Biting Rain
    Autumnal Gloom
    Island

--: Unruly Mob

--: Village Messenger

--: Village Messenger

Pack 2 pick 5:
    Unruly Mob
    Pieces of the Puzzle
    Thraben Inspector
    Equestrian Skill
    Stromkirk Mentor
    Root Out
    Rottenheart Ghoul
    Seagraf Skaab
    Stone Quarry
--> Village Messenger
    Swamp

--: Fortified Village

--: True-Faith Censer

--: Aim High

--: True-Faith Censer

--: Aim High

--: True-Faith Censer

--: Aim High

--: True-Faith Censer

--: Aim High

--: True-Faith Censer

--: Aim High

Pack 2 pick 6:
    Expose Evil
    True-Faith Censer
    Magmatic Chasm
    Apothecary Geist
    Grotesque Mutation
    Structural Distortion
--> Aim High
    Creeping Dread
    Fortified Village
    Plains

--: Equestrian Skill

--: Might Beyond Reason

--: Might Beyond Reason

Pack 2 pick 7:
    Equestrian Skill
    Macabre Waltz
--> Might Beyond Reason
    Stromkirk Mentor
    Forest
    Essence Flux
    Woodland Stream
    Murderer's Axe
    Swamp

--: Ghostly Wings

--: Moldgraf Scavenger

--: Senseless Rage

--: Senseless Rage

Pack 2 pick 8:
    Ghostly Wings
    Silent Observer
    Ethereal Guidance
    Moldgraf Scavenger
--> Senseless Rage
    Shamble Back
    Nahiri's Machinations
    Mountain

--: Survive the Night

--: Kessig Dire Swine

--: Kessig Dire Swine

Pack 2 pick 9:
    Survive the Night
--> Kessig Dire Swine
    Macabre Waltz
    Might Beyond Reason
    Rancid Rats
    Runaway Carriage
    Forest

--: Militant Inquisitor

--: Rush of Adrenaline

Pack 2 pick 10:
    Militant Inquisitor
    Ghostly Wings
--> Rush of Adrenaline
    Moldgraf Scavenger
    Open the Armory
    Forest

--: Inquisitor's Ox

--: Inquisitor's Ox

--: Runaway Carriage

Pack 2 pick 11:
    Inquisitor's Ox
    Vessel of Volatility
    Rancid Rats
--> Runaway Carriage
    Island

--: Hound of the Farbogs

--: Hulking Devil

Pack 2 pick 12:
    Hound of the Farbogs
    Merciless Resolve
--> Hulking Devil
    Island

--: Rottenheart Ghoul

--: Stone Quarry

Pack 2 pick 13:
    Rottenheart Ghoul
--> Stone Quarry
    Swamp

--: Creeping Dread

--: Creeping Dread

Pack 2 pick 14:
--> Creeping Dread
    Plains

--: Swamp

--: Swamp

Pack 2 pick 15:
--> Swamp

--: Fevered Visions

--: Howlpack Wolf

--: Howlpack Wolf

------ SOI ------ 

Pack 3 pick 1:
    Nagging Thoughts
    Vessel of Ephemera
    Lamplighter of Selhoff
    Intrepid Provisioner
    Shard of Broken Glass
    Skeleton Key
    Fork in the Road
    Shamble Back
--> Howlpack Wolf
    Manic Scribe
    Topplegeist
    Ghoulsteed
    Fevered Visions
    Town Gossipmonger
    Plains

--: Altered Ego

--: Gatstaf Arsonists

--: Graf Mole

--: Confront the Unknown

--: Graf Mole

--: Graf Mole

Pack 3 pick 2:
    Chaplain's Blessing
    Jace's Scrutiny
    Dauntless Cathar
    Alms of the Vein
    Confront the Unknown
    Dead Weight
    Vessel of Volatility
    Gone Missing
    Gloomwidow
--> Graf Mole
    Forsaken Sanctuary
    Altered Ego
    Gatstaf Arsonists
    Swamp

--: Inspiring Captain

--: Ember-Eye Wolf

--: Inner Struggle

--: Inner Struggle

Pack 3 pick 3:
    Inspiring Captain
    Deny Existence
    Stormrider Spirit
    Merciless Resolve
    Hulking Devil
    Kessig Dire Swine
    Dead Weight
    Ember-Eye Wolf
    Apothecary Geist
--> Inner Struggle
    Silverstrike
    Uninvited Geist
    Plains

--: Emissary of the Sleepless

--: Duskwatch Recruiter

--: Duskwatch Recruiter

Pack 3 pick 4:
    Emissary of the Sleepless
    Jace's Scrutiny
    Cathar's Companion
    Ethereal Guidance
    Rancid Rats
    Clip Wings
    Farbog Revenant
    Ethereal Guidance
    Pore Over the Pages
    Reckless Scholar
--> Duskwatch Recruiter
    Forest

--: Inspiring Captain

--: Dual Shot

Pack 3 pick 5:
    Inspiring Captain
    Catalog
    Survive the Night
    Might Beyond Reason
    Rancid Rats
--> Dual Shot
    Merciless Resolve
    Senseless Rage
    Spectral Shepherd
    Erdwal Illuminator
    Mountain

--: Survive the Night

--: Cult of the Waxing Moon

--: Cult of the Waxing Moon

Pack 3 pick 6:
    Survive the Night
    Just the Wind
    Gone Missing
    Moldgraf Scavenger
    Sanguinary Mage
    Stoic Builder
    Pick the Brain
--> Cult of the Waxing Moon
    Magnifying Glass
    Mountain

--: Nagging Thoughts

--: Intrepid Provisioner

Pack 3 pick 7:
    Nagging Thoughts
    Vessel of Ephemera
    Lamplighter of Selhoff
--> Intrepid Provisioner
    Warped Landscape
    Fork in the Road
    Epitaph Golem
    Erdwal Illuminator
    Island

--: Militant Inquisitor

--: Convicted Killer

Pack 3 pick 8:
    Militant Inquisitor
    Hound of the Farbogs
    Senseless Rage
    Structural Distortion
    Shamble Back
    Open the Armory
--> Convicted Killer
    Plains

--: Nagging Thoughts

--: Skeleton Key

Pack 3 pick 9:
    Nagging Thoughts
    Vessel of Ephemera
    Shard of Broken Glass
--> Skeleton Key
    Fork in the Road
    Shamble Back
    Plains

--: Alms of the Vein

--: Confront the Unknown

Pack 3 pick 10:
    Alms of the Vein
--> Confront the Unknown
    Vessel of Volatility
    Gone Missing
    Forsaken Sanctuary
    Swamp

--: Merciless Resolve

--: Kessig Dire Swine

Pack 3 pick 11:
    Merciless Resolve
    Hulking Devil
--> Kessig Dire Swine
    Apothecary Geist
    Plains

--: Cathar's Companion

--: Rancid Rats

Pack 3 pick 12:
    Cathar's Companion
--> Rancid Rats
    Ethereal Guidance
    Forest

--: Rancid Rats

--: Rancid Rats

Pack 3 pick 13:
--> Rancid Rats
    Merciless Resolve
    Mountain

--: Gone Missing

--: Gone Missing

Pack 3 pick 14:
--> Gone Missing
    Mountain

--: Island

--: Island

Pack 3 pick 15:
--> Island

