Event #: 9726467
Time:    5/21/2016 11:38:10 AM
Players:
    Kaiba_Seto
    keiesu
    WhooooKidd
    franzchuu
--> FlxEx
    BillyTheKid558855
    Virtuoso
    Capitano_CL

--: Opal Guardian

--: Harmonic Sliver

------ TSP ------ 

Pack 1 pick 1:
    Nantuko Shaman
    Castle Raptors
    Gorgon Recluse
    Spiketail Drakeling
    Scarwood Treefolk
    Orcish Cannonade
    Mwonvuli Acid-Moss
    Two-Headed Sliver
    Mountain
    Shadow Sliver
--> Harmonic Sliver
    Pull from Eternity
    Might of Old Krosa
    Opal Guardian
    Arena

--: Ib Halfheart, Goblin Tactician

--: Telekinetic Sliver

Pack 1 pick 2:
    Empty the Warrens
    Strength in Numbers
    Errant Doomsayers
    Corpulent Corpse
    Viscerid Deepwalker
    Ironclaw Buzzardiers
    Sprout
    Ætherflame Wall
    Pit Keeper
    Sage of Epityr
    Return to Dust
--> Telekinetic Sliver
    Ib Halfheart, Goblin Tactician
    Craw Giant

--: Ashcoat Bear

--: Ashcoat Bear

Pack 1 pick 3:
--> Ashcoat Bear
    Urborg Syphon-Mage
    Cloudchaser Kestrel
    Thallid Germinator
    Fallen Ideal
    Jedit's Dragoons
    Sprout
    Foriysian Interceptor
    Ætherflame Wall
    Detainment Spell
    Smallpox
    Undying Rage
    Phantom Wurm

--: Celestial Dawn

--: Thunder Totem

--: Thunder Totem

Pack 1 pick 4:
    Chromatic Star
    Tolarian Sentinel
    Flowstone Channeler
    Trespasser il-Vec
    Ophidian Eye
    Molder
    Children of Korlis
    Viscid Lemures
    Haunting Hymn
    Barbed Shocker
--> Thunder Totem
    Celestial Dawn

--: Disenchant

--: Zealot il-Vec

--: Zealot il-Vec

Pack 1 pick 5:
    Strength in Numbers
--> Zealot il-Vec
    Snapback
    Æther Web
    Savage Thallid
    Ancient Grudge
    Flickering Spirit
    Call to the Netherworld
    Drifter il-Dal
    Return to Dust
    Disenchant

--: Pentarch Ward

--: Zealot il-Vec

Pack 1 pick 6:
    Pentarch Ward
--> Zealot il-Vec
    Ironclaw Buzzardiers
    Temporal Eddy
    Greenseeker
    Pit Keeper
    Divine Congregation
    Ignite Memories
    Dreadship Reef
    Ghostflame Sliver

--: Ashcoat Bear

--: Ashcoat Bear

Pack 1 pick 7:
--> Ashcoat Bear
    Cloudchaser Kestrel
    Psychotic Episode
    Jedit's Dragoons
    Sprout
    Foriysian Interceptor
    Ætherflame Wall
    Durkwood Tracker
    Opaline Sliver

--: Spiketail Drakeling

--: Durkwood Tracker

--: Mwonvuli Acid-Moss

--: Durkwood Tracker

Pack 1 pick 8:
    Spiketail Drakeling
    Scarwood Treefolk
    Viscid Lemures
    Mwonvuli Acid-Moss
    Two-Headed Sliver
    Blazing Blade Askari
    Chronatog Totem
--> Durkwood Tracker

--: Arena

Pack 1 pick 9:
    Scarwood Treefolk
    Mwonvuli Acid-Moss
    Two-Headed Sliver
    Mountain
    Shadow Sliver
    Pull from Eternity
--> Arena

--: Viscerid Deepwalker

Pack 1 pick 10:
    Viscerid Deepwalker
    Ironclaw Buzzardiers
    Sprout
    Ætherflame Wall
    Sage of Epityr
--> Return to Dust

--: Fallen Ideal

Pack 1 pick 11:
--> Fallen Ideal
    Sprout
    Foriysian Interceptor
    Ætherflame Wall
    Detainment Spell

--: Ophidian Eye

Pack 1 pick 12:
    Ophidian Eye
    Molder
--> Children of Korlis
    Viscid Lemures

--: Æther Web

Pack 1 pick 13:
--> Æther Web
    Drifter il-Dal
    Return to Dust

--: Divine Congregation

Pack 1 pick 14:
    Divine Congregation
--> Ghostflame Sliver

--: Foriysian Interceptor

Pack 1 pick 15:
--> Foriysian Interceptor

--: Groundbreaker

--: Stonecloaker

--: Stonecloaker

--: Stonecloaker

------ PLC ------ 

Pack 2 pick 1:
    Dawn Charm
    Stingscourger
    Whitemane Lion
    Erratic Mutation
    Blightspeaker
    Aquamorph Entity
    Evolution Charm
    Pallid Mycoderm
    Melancholy
    Simian Spirit Guide
    Fa'adiyah Seer
    Darkheart Sliver
--> Stonecloaker
    Groundbreaker
    Detritivore

--: Jedit Ojanen of Efrava

--: Jedit Ojanen of Efrava

--: Jedit Ojanen of Efrava

Pack 2 pick 2:
    Midnight Charm
    Needlepeak Spider
    Shaper Parasite
    Utopia Vow
    Spitting Sliver
    Brain Gorgers
    Dust Corona
    Vitaspore Thallid
    Fa'adiyah Seer
    Revered Dead
    Merfolk Thaumaturgist
    Muck Drubb
    Riptide Pilferer
--> Jedit Ojanen of Efrava

--: Serendib Sorcerer

--: Sinew Sliver

--: Sinew Sliver

Pack 2 pick 3:
    Dreamscape Artist
    Ridged Kusite
    Dawn Charm
    Shaper Parasite
    Firefright Mage
    Pallid Mycoderm
    Uktabi Drake
    Deadly Grub
    Healing Leaves
--> Sinew Sliver
    Rathi Trapper
    Rebuff the Wicked
    Serendib Sorcerer

--: Fungal Behemoth

--: Fungal Behemoth

--: Fungal Behemoth

--: Fungal Behemoth

--: Fungal Behemoth

Pack 2 pick 4:
    Cradle to Grave
    Stingscourger
    Synchronous Sliver
    Dust Corona
    Reality Acid
    Blightspeaker
    Evolution Charm
    Bog Serpent
    Primal Plasma
    Dismal Failure
    Tidewalker
--> Fungal Behemoth

--: Braids, Conjurer Adept

--: Whitemane Lion

--: Whitemane Lion

Pack 2 pick 5:
    Dawn Charm
    Stingscourger
--> Whitemane Lion
    Erratic Mutation
    Blightspeaker
    Aquamorph Entity
    Evolution Charm
    Pallid Mycoderm
    Melancholy
    Piracy Charm
    Braids, Conjurer Adept

--: Midnight Charm

--: Whitemane Lion

--: Whitemane Lion

Pack 2 pick 6:
    Midnight Charm
    Battering Sliver
--> Whitemane Lion
    Ghost Tactician
    Firefright Mage
    Wistful Thinking
    Melancholy
    Merfolk Thaumaturgist
    Pongify
    Shrouded Lore

--: Life and Limb

--: Life and Limb

--: Life and Limb

Pack 2 pick 7:
    Midnight Charm
    Spitting Sliver
    Brain Gorgers
    Dust Corona
    Primal Plasma
    Melancholy
    Venarian Glimmer
    Phantasmagorian
--> Life and Limb

--: Dreamscape Artist

Pack 2 pick 8:
    Dreamscape Artist
    Ridged Kusite
    Erratic Mutation
    Ghost Tactician
    Fury Charm
    Gossamer Phantasm
    Primal Plasma
--> Tidewalker

--: Groundbreaker

--: Groundbreaker

Pack 2 pick 9:
    Dawn Charm
    Whitemane Lion
    Blightspeaker
    Fa'adiyah Seer
    Darkheart Sliver
--> Groundbreaker
    Detritivore

--: Spitting Sliver

--: Revered Dead

--: Revered Dead

--: Revered Dead

Pack 2 pick 10:
    Spitting Sliver
    Brain Gorgers
    Fa'adiyah Seer
--> Revered Dead
    Merfolk Thaumaturgist
    Riptide Pilferer

--: Dreamscape Artist

--: Rebuff the Wicked

--: Rebuff the Wicked

Pack 2 pick 11:
    Dreamscape Artist
    Ridged Kusite
    Firefright Mage
    Healing Leaves
--> Rebuff the Wicked

--: Synchronous Sliver

Pack 2 pick 12:
    Synchronous Sliver
    Evolution Charm
    Bog Serpent
--> Tidewalker

--: Erratic Mutation

Pack 2 pick 13:
--> Erratic Mutation
    Aquamorph Entity
    Evolution Charm

--: Wistful Thinking

Pack 2 pick 14:
    Wistful Thinking
--> Shrouded Lore

--: Brain Gorgers

Pack 2 pick 15:
--> Brain Gorgers

--: Graven Cairns

--: Aven Mindcensor

------ FUT ------ 

Pack 3 pick 1:
    Kavu Primarch
    Oblivion Crown
    Emberwilde Augur
    Aven Augur
    Fatal Attraction
    Cutthroat il-Dal
    Sporoloth Ancient
    Grave Scrabbler
    Lumithread Field
    Mesmeric Sliver
    Deepcavern Imp
    Skirk Ridge Exhumer
--> Aven Mindcensor
    Arcanum Wings
    Graven Cairns

--: Nimbus Maze

--: Judge Unworthy

--: Judge Unworthy

Pack 3 pick 2:
    Saltskitter
    Unblinking Bleb
    Llanowar Augur
    Riddle of Lightning
    Venser's Diffusion
--> Judge Unworthy
    Henchfiend of Ukor
    Whip-Spine Drake
    Lymph Sliver
    Homing Sliver
    Sporoloth Ancient
    Utopia Mycon
    Phosphorescent Feast
    Nimbus Maze

--: Augur of Skulls

--: New Benalia

Pack 3 pick 3:
    Augur of Skulls
    Samite Censer-Bearer
    Aven Augur
    Ichor Slick
    Bogardan Lancer
    Flowstone Embrace
    Frenzy Sliver
    Mesmeric Sliver
    Patrician's Scorn
    Sarcomite Myr
--> New Benalia
    Shivan Sand-Mage
    Storm Entity

--: Fatal Attraction

Pack 3 pick 4:
    Fatal Attraction
    Petrified Plating
    Judge Unworthy
    Leaden Fists
    Quiet Disrepair
    Fomori Nomad
    Patrician's Scorn
    Logic Knot
    Grave Scrabbler
    Skirk Ridge Exhumer
--> Llanowar Reborn
    Boldwyr Intimidator

--: Quiet Disrepair

--: Saltskitter

Pack 3 pick 5:
    Quiet Disrepair
--> Saltskitter
    Unblinking Bleb
    Llanowar Augur
    Venser's Diffusion
    Logic Knot
    Grave Scrabbler
    Henchfiend of Ukor
    Whip-Spine Drake
    Stronghold Rats
    Storm Entity

--: Putrid Cyclops

--: Virulent Sliver

--: Blade of the Sixth Pride

--: Blade of the Sixth Pride

Pack 3 pick 6:
    Putrid Cyclops
    Augur il-Vec
    Petrified Plating
    Bogardan Lancer
    Venser's Diffusion
    Virulent Sliver
    Mass of Ghouls
    Vedalken Æthermage
--> Blade of the Sixth Pride
    Keldon Megaliths

--: Intervention Pact

--: Marshaling Cry

--: Marshaling Cry

Pack 3 pick 7:
    Grave Peril
--> Marshaling Cry
    Emberwilde Augur
    Putrid Cyclops
    Edge of Autumn
    Lymph Sliver
    Blind Phantasm
    Virulent Sliver
    Intervention Pact

--: Judge Unworthy

--: Judge Unworthy

--: Judge Unworthy

Pack 3 pick 8:
--> Judge Unworthy
    Oblivion Crown
    Emberwilde Augur
    Fatal Attraction
    Homing Sliver
    Grave Scrabbler
    Lumithread Field
    Mesmeric Sliver

--: Oblivion Crown

--: Lumithread Field

--: Lumithread Field

Pack 3 pick 9:
    Oblivion Crown
    Emberwilde Augur
    Fatal Attraction
    Cutthroat il-Dal
--> Lumithread Field
    Mesmeric Sliver
    Arcanum Wings

--: Saltskitter

--: Lymph Sliver

--: Lymph Sliver

Pack 3 pick 10:
    Saltskitter
    Unblinking Bleb
    Llanowar Augur
--> Lymph Sliver
    Homing Sliver
    Phosphorescent Feast

--: Samite Censer-Bearer

--: Samite Censer-Bearer

--: Samite Censer-Bearer

Pack 3 pick 11:
--> Samite Censer-Bearer
    Frenzy Sliver
    Mesmeric Sliver
    Patrician's Scorn
    Sarcomite Myr

--: Petrified Plating

--: Petrified Plating

--: Petrified Plating

Pack 3 pick 12:
--> Petrified Plating
    Fomori Nomad
    Patrician's Scorn
    Logic Knot

--: Unblinking Bleb

--: Llanowar Augur

Pack 3 pick 13:
    Unblinking Bleb
--> Llanowar Augur
    Venser's Diffusion

--: Venser's Diffusion

Pack 3 pick 14:
    Venser's Diffusion
--> Mass of Ghouls

--: Virulent Sliver

--: Virulent Sliver

Pack 3 pick 15:
--> Virulent Sliver

