Event #: 9759911
Time:    2016/5/31 23:33:10
Players:
    mikeyg989
--> WIL200X
    Eulerspath
    Nikossss

--: Triskaidekaphobia

--: Angelic Purge

------ SOI ------ 

Pack 1 pick 1:
    Vessel of Ephemera
    Vessel of Paramnesia
--> Angelic Purge
    Moorland Drifter
    Warped Landscape
    Sanitarium Skeleton
    Stoic Builder
    Crow of Dark Tidings
    Uncaged Fury
    Weirding Wood
    Dissension in the Ranks
    Rise from the Tides
    Triskaidekaphobia
    Solitary Hunter
    Mountain

--: Nephalia Moondrakes

--: Veteran Cathar

--: Graf Mole

Pack 1 pick 2:
    Devilthorn Fox
    Catalog
    Thraben Inspector
    Bloodmad Vampire
    Apothecary Geist
    Stallion of Ashmouth
    Stoic Builder
    Uncaged Fury
    Veteran Cathar
    Broken Concentration
--> Graf Mole
    Nephalia Moondrakes
    Solitary Hunter
    Forest

--: Silent Observer

--: Inner Struggle

Pack 1 pick 3:
    Silent Observer
    Survive the Night
    Just the Wind
    Ember-Eye Wolf
    Equestrian Skill
    Stromkirk Mentor
    Root Out
    True-Faith Censer
    Dance with Devils
    Magnifying Glass
--> Inner Struggle
    Convicted Killer
    Island

--: Inspiring Captain

--: Solitary Hunter

Pack 1 pick 4:
    Inspiring Captain
    Survive the Night
    Stallion of Ashmouth
    Senseless Rage
    Vampire Noble
    Rottenheart Ghoul
    Fork in the Road
    Invasive Surgery
    Hope Against Hope
    Forsaken Sanctuary
--> Solitary Hunter
    Swamp

--: Vessel of Ephemera

--: Solitary Hunter

Pack 1 pick 5:
    Vessel of Ephemera
    Vessel of Paramnesia
    Moorland Drifter
    Warped Landscape
    Sanitarium Skeleton
    Stoic Builder
    Crow of Dark Tidings
    Weirding Wood
    Dissension in the Ranks
--> Solitary Hunter
    Mountain

--: Nephalia Moondrakes

Pack 1 pick 6:
    Devilthorn Fox
    Thraben Inspector
    Apothecary Geist
    Stallion of Ashmouth
    Stoic Builder
--> Veteran Cathar
    Broken Concentration
    Nephalia Moondrakes
    Solitary Hunter
    Forest

--: Silent Observer

Pack 1 pick 7:
    Silent Observer
    Survive the Night
    Equestrian Skill
    Root Out
--> True-Faith Censer
    Dance with Devils
    Magnifying Glass
    Convicted Killer
    Island

--: Survive the Night

Pack 1 pick 8:
--> Survive the Night
    Stallion of Ashmouth
    Senseless Rage
    Vampire Noble
    Fork in the Road
    Hope Against Hope
    Forsaken Sanctuary
    Swamp

--: Moorland Drifter

Pack 1 pick 9:
--> Moorland Drifter
    Warped Landscape
    Sanitarium Skeleton
    Crow of Dark Tidings
    Weirding Wood
    Dissension in the Ranks
    Mountain

--: Devilthorn Fox

Pack 1 pick 10:
    Devilthorn Fox
--> Apothecary Geist
    Stallion of Ashmouth
    Stoic Builder
    Broken Concentration
    Forest

--: Survive the Night

Pack 1 pick 11:
--> Survive the Night
    Equestrian Skill
    Magnifying Glass
    Convicted Killer
    Island

--: Stallion of Ashmouth

Pack 1 pick 12:
--> Stallion of Ashmouth
    Senseless Rage
    Forsaken Sanctuary
    Swamp

--: Crow of Dark Tidings

Pack 1 pick 13:
--> Warped Landscape
    Crow of Dark Tidings
    Mountain

--: Stoic Builder

Pack 1 pick 14:
--> Stoic Builder
    Forest

--: Equestrian Skill

Pack 1 pick 15:
--> Equestrian Skill

--: Soul Swallower

--: Soul Swallower

--: Soul Swallower

------ SOI ------ 

Pack 2 pick 1:
    Sleep Paralysis
    Stern Constable
    Nagging Thoughts
    Ember-Eye Wolf
    Equestrian Skill
    Macabre Waltz
    Pyre Hound
    Might Beyond Reason
    Hound of the Farbogs
    Open the Armory
    Indulgent Aristocrat
    Ongoing Investigation
--> Soul Swallower
    Convicted Killer
    Island

--: Sleep Paralysis

--: Avacynian Missionaries

--: Avacynian Missionaries

Pack 2 pick 2:
    Sleep Paralysis
    Stern Constable
    Nagging Thoughts
    Hound of the Farbogs
    Ethereal Guidance
    Aim High
    Crow of Dark Tidings
    Insolent Neonate
    Vessel of Nascency
    Not Forgotten
    Pale Rider of Trostad
    Fleeting Memories
--> Avacynian Missionaries
    Forest

--: Stern Constable

--: Dauntless Cathar

Pack 2 pick 3:
    Stern Constable
    Press for Answers
--> Dauntless Cathar
    Dual Shot
    Quilled Wolf
    Merciless Resolve
    Moorland Drifter
    Gone Missing
    Trail of Evidence
    Obsessive Skinner
    Humble the Brute
    Autumnal Gloom
    Plains

--: Deathcap Cultivator

Pack 2 pick 4:
    Devilthorn Fox
    Thraben Inspector
    Bloodmad Vampire
    Apothecary Geist
    Stallion of Ashmouth
    Vampire Noble
    Howlpack Wolf
    Essence Flux
    Hope Against Hope
    Highland Lake
--> Deathcap Cultivator
    Forest

--: Stern Constable

--: Open the Armory

Pack 2 pick 5:
    Stern Constable
    Nagging Thoughts
    Ember-Eye Wolf
    Equestrian Skill
    Macabre Waltz
    Pyre Hound
    Might Beyond Reason
    Open the Armory
--> Indulgent Aristocrat
    Convicted Killer
    Island

--: Stern Constable

Pack 2 pick 6:
    Stern Constable
    Hound of the Farbogs
    Ethereal Guidance
--> Aim High
    Insolent Neonate
    Vessel of Nascency
    Not Forgotten
    Pale Rider of Trostad
    Fleeting Memories
    Forest

--: Stern Constable

--: Humble the Brute

--: Quilled Wolf

Pack 2 pick 7:
    Stern Constable
    Dual Shot
--> Quilled Wolf
    Moorland Drifter
    Gone Missing
    Trail of Evidence
    Humble the Brute
    Autumnal Gloom
    Plains

--: Devilthorn Fox

Pack 2 pick 8:
    Devilthorn Fox
--> Thraben Inspector
    Apothecary Geist
    Vampire Noble
    Howlpack Wolf
    Hope Against Hope
    Highland Lake
    Forest

--: Stern Constable

Pack 2 pick 9:
--> Stern Constable
    Ember-Eye Wolf
    Equestrian Skill
    Might Beyond Reason
    Open the Armory
    Convicted Killer
    Island

--: Stern Constable

Pack 2 pick 10:
    Stern Constable
    Hound of the Farbogs
    Ethereal Guidance
--> Not Forgotten
    Pale Rider of Trostad
    Forest

--: Stern Constable

Pack 2 pick 11:
    Stern Constable
    Dual Shot
    Moorland Drifter
--> Humble the Brute
    Plains

--: Devilthorn Fox

Pack 2 pick 12:
    Devilthorn Fox
--> Apothecary Geist
    Howlpack Wolf
    Hope Against Hope

--: Equestrian Skill

Pack 2 pick 13:
--> Equestrian Skill
    Open the Armory
    Island

--: Ethereal Guidance

Pack 2 pick 14:
--> Ethereal Guidance
    Forest

--: Stern Constable

Pack 2 pick 15:
--> Stern Constable

--: Scourge Wolf

------ SOI ------ 

Pack 3 pick 1:
    Pieces of the Puzzle
    Expose Evil
    Furtive Homunculus
    Root Out
    Rottenheart Ghoul
    Reduce to Ashes
    Rabid Bite
    Alms of the Vein
    True-Faith Censer
    Briarbridge Patrol
--> Nearheath Chaplain
    Pack Guardian
    Scourge Wolf
    Convicted Killer
    Mountain

--: Sage of Ancient Lore

--: Vessel of Ephemera

--: Nahiri's Machinations

--: Vessel of Ephemera

Pack 3 pick 2:
    Sage of Ancient Lore
--> Vessel of Ephemera
    Lamplighter of Selhoff
    Macabre Waltz
    Might Beyond Reason
    Rancid Rats
    Dual Shot
    Moldgraf Scavenger
    Nahiri's Machinations
    Forsaken Sanctuary
    Pale Rider of Trostad
    Asylum Visitor
    Breakneck Rider
    Swamp

--: Press for Answers

Pack 3 pick 3:
    Press for Answers
    Inquisitor's Ox
    Clip Wings
    Farbog Revenant
    Rush of Adrenaline
    Quilled Wolf
    Merciless Resolve
    Shard of Broken Glass
    Creeping Dread
    Spiteful Motives
--> Nearheath Chaplain
    Town Gossipmonger
    Island

--: Unruly Mob

Pack 3 pick 4:
    Unruly Mob
    Silburlind Snapper
    Bloodmad Vampire
    Moorland Drifter
    Throttle
    Sanguinary Mage
    Twins of Maurer Estate
--> Topplegeist
    Foul Orchard
    Ghoulsteed
    Thraben Gargoyle
    Forest

--: Expose Evil

--: Rabid Bite

--: Rabid Bite

Pack 3 pick 5:
    Expose Evil
    Furtive Homunculus
    Root Out
    Rottenheart Ghoul
    Reduce to Ashes
--> Rabid Bite
    Alms of the Vein
    True-Faith Censer
    Briarbridge Patrol
    Convicted Killer
    Mountain

--: Asylum Visitor

Pack 3 pick 6:
    Lamplighter of Selhoff
    Macabre Waltz
    Might Beyond Reason
    Dual Shot
    Moldgraf Scavenger
--> Nahiri's Machinations
    Forsaken Sanctuary
    Pale Rider of Trostad
    Asylum Visitor
    Swamp

--: Inquisitor's Ox

Pack 3 pick 7:
    Inquisitor's Ox
    Clip Wings
    Farbog Revenant
    Quilled Wolf
    Shard of Broken Glass
    Creeping Dread
--> Spiteful Motives
    Town Gossipmonger
    Island

--: Unruly Mob

Pack 3 pick 8:
    Unruly Mob
    Bloodmad Vampire
--> Moorland Drifter
    Throttle
    Twins of Maurer Estate
    Foul Orchard
    Thraben Gargoyle
    Forest

--: Expose Evil

Pack 3 pick 9:
    Expose Evil
    Furtive Homunculus
    Root Out
    Rottenheart Ghoul
--> True-Faith Censer
    Convicted Killer
    Mountain

--: Asylum Visitor

Pack 3 pick 10:
    Lamplighter of Selhoff
    Might Beyond Reason
    Forsaken Sanctuary
--> Pale Rider of Trostad
    Asylum Visitor
    Swamp

--: Inquisitor's Ox

Pack 3 pick 11:
    Inquisitor's Ox
    Farbog Revenant
    Shard of Broken Glass
--> Town Gossipmonger
    Island

--: Unruly Mob

Pack 3 pick 12:
    Unruly Mob
--> Twins of Maurer Estate
    Foul Orchard
    Forest

--: Expose Evil

Pack 3 pick 13:
--> Expose Evil
    Furtive Homunculus
    Mountain

--: Forsaken Sanctuary

Pack 3 pick 14:
--> Forsaken Sanctuary
    Swamp

--: Island

Pack 3 pick 15:
--> Island

