Event #: 9773804
Time:    6/4/2016 12:18:23 PM
Players:
    stonethrowingdevil
    PTDBond
    Ivan19
    genghisjhan
--> TaroBoba
    Rippenflesh
    yhudiwasa5
    Arlekin

--: Crush of Tentacles

--: Crush of Tentacles

--: Crush of Tentacles

------ OGW ------ 

Pack 1 pick 1:
    Vampire Envoy
    Scion Summoner
    Boulder Salvo
    Holdout Settlement
    Netcaster Spider
    Slaughter Drone
    Dazzling Reflection
    Umara Entangler
    Brute Strength
    Mighty Leap
    Birthing Hulk
    Havoc Sower
    Void Grafter
--> Crush of Tentacles
    Mountain

--: Expedition Raptor

--: Zada's Commando

--: Zada's Commando

Pack 1 pick 2:
    Expedition Raptor
--> Zada's Commando
    Crumbling Vestige
    Jwar Isle Avenger
    Zulaport Chainmage
    Elemental Uprising
    Sky Scourer
    Searing Light
    Negate
    Maw of Kozilek
    Reckless Bushwhacker
    Relentless Hunter
    Baloth Pup
    Swamp

--: Stalking Drone

--: Jwar Isle Avenger

Pack 1 pick 3:
    Stalking Drone
    Goblin Freerunner
    Wastes
--> Jwar Isle Avenger
    Warden of Geometries
    Untamed Hunger
    Pulse of Murasa
    Affa Protector
    Mighty Leap
    Consuming Sinkhole
    Harvester Troll
    Void Shatter
    Mountain

--: Bone Saw

--: Sparkmage's Gambit

Pack 1 pick 4:
    Bone Saw
    Scion Summoner
    Spawnbinder Mage
    Cinder Hellion
    Natural State
    Kozilek's Translator
    Elemental Uprising
    Searing Light
    Negate
--> Sparkmage's Gambit
    Baloth Pup
    Island

--: Bone Saw

--: Void Shatter

--: Void Shatter

Pack 1 pick 5:
    Bone Saw
    Expedition Raptor
    Tar Snare
    Loam Larva
    Slaughter Drone
    Kor Scythemaster
    Comparative Analysis
    Seed Guardian
    Grip of the Roil
--> Void Shatter
    Swamp

--: Spawnbinder Mage

--: Slaughter Drone

Pack 1 pick 6:
    Spawnbinder Mage
    Consuming Sinkhole
    Loam Larva
--> Slaughter Drone
    Lead by Example
    Kor Scythemaster
    Comparative Analysis
    Eldrazi Aggressor
    Kazuul's Toll Collector
    Swamp

--: Unity of Purpose

--: Cyclone Sire

--: Cyclone Sire

Pack 1 pick 7:
    Unity of Purpose
    Kozilek's Pathfinder
    Zulaport Chainmage
    Corpse Churn
    Makindi Aeronaut
    Abstruse Interference
    Akoum Flameseeker
--> Cyclone Sire
    Plains

--: Cinder Hellion

--: Gravity Negator

Pack 1 pick 8:
    Cinder Hellion
--> Gravity Negator
    Witness the End
    Netcaster Spider
    Dazzling Reflection
    Slip Through Space
    Pyromancer's Assault
    Island

--: Netcaster Spider

--: Void Grafter

Pack 1 pick 9:
    Netcaster Spider
    Dazzling Reflection
    Umara Entangler
    Brute Strength
    Mighty Leap
--> Void Grafter
    Mountain

--: Elemental Uprising

--: Maw of Kozilek

Pack 1 pick 10:
    Crumbling Vestige
    Elemental Uprising
    Searing Light
    Negate
--> Maw of Kozilek
    Swamp

--: Untamed Hunger

--: Pulse of Murasa

Pack 1 pick 11:
    Untamed Hunger
--> Pulse of Murasa
    Mighty Leap
    Consuming Sinkhole
    Mountain

--: Natural State

--: Elemental Uprising

Pack 1 pick 12:
    Natural State
--> Elemental Uprising
    Negate
    Island

--: Bone Saw

--: Grip of the Roil

--: Grip of the Roil

Pack 1 pick 13:
    Bone Saw
--> Grip of the Roil
    Swamp

--: Comparative Analysis

--: Comparative Analysis

Pack 1 pick 14:
--> Comparative Analysis
    Swamp

--: Plains

--: Plains

Pack 1 pick 15:
--> Plains

--: Overwhelming Denial

--: Embodiment of Fury

--: Embodiment of Fury

------ OGW ------ 

Pack 2 pick 1:
    Reality Hemorrhage
    Crumbling Vestige
    Gravity Negator
    Hedron Crawler
    Sky Scourer
    Loam Larva
    Witness the End
    Shoulder to Shoulder
    Slip Through Space
    Maw of Kozilek
    Strider Harness
--> Embodiment of Fury
    Stoneforge Acolyte
    Overwhelming Denial
    Swamp

--: Expedition Raptor

--: Zada's Commando

Pack 2 pick 2:
    Expedition Raptor
--> Zada's Commando
    Crumbling Vestige
    Containment Membrane
    Zulaport Chainmage
    Elemental Uprising
    Sky Scourer
    Comparative Analysis
    Eldrazi Aggressor
    Dazzling Reflection
    Embodiment of Fury
    Joraga Auxiliary
    Unity of Purpose
    Swamp

--: Goblin Freerunner

--: Sweep Away

Pack 2 pick 3:
    Goblin Freerunner
    Wastes
--> Sweep Away
    Seer's Lantern
    Kozilek's Shrieker
    Netcaster Spider
    Slip Through Space
    Consuming Sinkhole
    Searing Light
    Embodiment of Insight
    Spatial Contortion
    Immobilizer Eldrazi
    Mountain

--: Oath of Gideon

--: Oath of Gideon

--: Roiling Waters

--: Roiling Waters

Pack 2 pick 4:
    Crumbling Vestige
    Hedron Crawler
    Witness the End
    Netcaster Spider
    Kozilek's Shrieker
    Dazzling Reflection
    Slip Through Space
    Brute Strength
    Meandering River
--> Roiling Waters
    Oath of Gideon
    Island

--: Hedron Crawler

--: Hedron Crawler

--: Hedron Crawler

Pack 2 pick 5:
--> Hedron Crawler
    Tar Snare
    Stalking Drone
    Netcaster Spider
    Wastes
    Witness the End
    Canopy Gorger
    Negate
    Shoulder to Shoulder
    Bonds of Mortality
    Forest

--: Reality Hemorrhage

--: Reality Hemorrhage

--: Reality Hemorrhage

Pack 2 pick 6:
--> Reality Hemorrhage
    Unknown Shores
    Sweep Away
    Bone Saw
    Netcaster Spider
    Abstruse Interference
    Akoum Flameseeker
    Dazzling Reflection
    Tranquil Expanse
    Swamp

--: Oath of Jace

--: Oath of Jace

Pack 2 pick 7:
    Jwar Isle Avenger
    Zulaport Chainmage
    Elemental Uprising
    Sparkmage's Gambit
    Comparative Analysis
    Make a Stand
    Iona's Blessing
--> Oath of Jace
    Mountain

--: Goblin Freerunner

--: Jwar Isle Avenger

Pack 2 pick 8:
    Goblin Freerunner
    Wastes
--> Jwar Isle Avenger
    Elemental Uprising
    Sky Scourer
    Loam Larva
    Slip Through Space
    Swamp

--: Overwhelming Denial

--: Slip Through Space

Pack 2 pick 9:
    Sky Scourer
--> Slip Through Space
    Maw of Kozilek
    Strider Harness
    Stoneforge Acolyte
    Overwhelming Denial
    Swamp

--: Containment Membrane

--: Containment Membrane

--: Containment Membrane

Pack 2 pick 10:
--> Containment Membrane
    Elemental Uprising
    Comparative Analysis
    Eldrazi Aggressor
    Dazzling Reflection
    Unity of Purpose

--: Seer's Lantern

--: Seer's Lantern

Pack 2 pick 11:
    Wastes
--> Seer's Lantern
    Slip Through Space
    Consuming Sinkhole
    Mountain

--: Witness the End

--: Slip Through Space

Pack 2 pick 12:
    Witness the End
    Dazzling Reflection
--> Slip Through Space
    Island

--: Negate

--: Negate

Pack 2 pick 13:
--> Negate
    Bonds of Mortality
    Forest

--: Bone Saw

--: Bone Saw

Pack 2 pick 14:
--> Bone Saw
    Swamp

--: Mountain

--: Mountain

Pack 2 pick 15:
--> Mountain

--: Noyan Dar, Roil Shaper

--: Noyan Dar, Roil Shaper

------ BFZ ------ 

Pack 3 pick 1:
    Swarm Surge
    Call the Scions
    Broodhunter Wurm
    Spell Shrivel
    Complete Disregard
    Ruin Processor
    Skyline Cascade
    Eyeless Watcher
    Makindi Patrol
    Nettle Drone
    Akoum Stonewaker
    Hagra Sharpshooter
    Blighted Gorge
--> Noyan Dar, Roil Shaper
    Forest

--: Roilmage's Trick

--: Windrider Patrol

--: Windrider Patrol

Pack 3 pick 2:
    Roilmage's Trick
    Swarm Surge
    Geyserfield Stalker
    Snapping Gnarlid
    Evolving Wilds
    Eldrazi Skyspawner
    Hedron Blade
    Bone Splinters
    Kitesail Scout
    Belligerent Whiptail
    Vampiric Rites
    Spawning Bed
--> Windrider Patrol
    Plains

--: Veteran Warleader

--: Clutch of Currents

--: Clutch of Currents

Pack 3 pick 3:
    Coralhelm Guide
    Mire's Malice
    Tajuru Stalwart
--> Clutch of Currents
    Tandem Tactics
    Outnumber
    Boiling Earth
    Dominator Drone
    Stonefury
    Ghostly Sentinel
    Retreat to Kazandu
    Veteran Warleader
    Forest

--: Voracious Null

--: Evolving Wilds

--: Evolving Wilds

Pack 3 pick 4:
    Voracious Null
    Oran-Rief Invoker
    Brilliant Spectrum
    Scour from Existence
    Tajuru Beastmaster
    Wave-Wing Elemental
--> Evolving Wilds
    Angelic Gift
    Scythe Leopard
    Grovetender Druids
    Blighted Steppe
    Mountain

--: Salvage Drone

--: Makindi Sliderunner

Pack 3 pick 5:
    Salvage Drone
    Swarm Surge
    Call the Scions
    Bone Splinters
    Cliffside Lookout
    Outnumber
--> Makindi Sliderunner
    Courier Griffin
    Stonefury
    Retreat to Coralhelm
    Mountain

--: Reclaiming Vines

--: Spell Shrivel

--: Spell Shrivel

Pack 3 pick 6:
    Reclaiming Vines
    Eldrazi Devastator
    Demon's Grasp
    Looming Spires
    Fertile Thicket
    Snapping Gnarlid
--> Spell Shrivel
    Fortified Rampart
    Transgress the Mind
    Mountain

--: Tajuru Stalwart

--: Ghostly Sentinel

--: Ghostly Sentinel

Pack 3 pick 7:
    Tajuru Stalwart
    Culling Drone
    Seek the Wilds
    Reckless Cohort
    Ondu Greathorn
    Ondu Champion
--> Ghostly Sentinel
    Molten Nursery
    Plains

--: Nirkana Assassin

--: Pathway Arrows

Pack 3 pick 8:
    Nirkana Assassin
    Oran-Rief Invoker
    Sandstone Bridge
    Grave Birthing
    Stone Haven Medic
    Shatterskull Recruit
--> Pathway Arrows
    Swamp

--: Swarm Surge

--: Blighted Gorge

--: Blighted Gorge

Pack 3 pick 9:
    Swarm Surge
    Call the Scions
    Spell Shrivel
    Eyeless Watcher
    Hagra Sharpshooter
--> Blighted Gorge
    Forest

--: Roilmage's Trick

--: Vampiric Rites

Pack 3 pick 10:
    Roilmage's Trick
    Geyserfield Stalker
    Hedron Blade
    Kitesail Scout
--> Vampiric Rites
    Plains

--: Coralhelm Guide

--: Coralhelm Guide

--: Coralhelm Guide

Pack 3 pick 11:
--> Coralhelm Guide
    Tajuru Stalwart
    Tandem Tactics
    Ghostly Sentinel
    Forest

--: Voracious Null

--: Voracious Null

--: Voracious Null

Pack 3 pick 12:
--> Voracious Null
    Brilliant Spectrum
    Angelic Gift
    Mountain

--: Call the Scions

--: Retreat to Coralhelm

Pack 3 pick 13:
    Call the Scions
--> Retreat to Coralhelm
    Mountain

--: Looming Spires

--: Looming Spires

Pack 3 pick 14:
--> Looming Spires
    Mountain

--: Plains

--: Plains

Pack 3 pick 15:
--> Plains

