Event #: 9777860
Time:    6/5/2016 3:22:32 PM
Players:
    SergGold
    cavedan
    firesignpunk
--> ShadowRyou
    zuran1000
    franzchuu
    Paanika
    DR_OOM

--: Thousand-Year Elixir

--: Fallowsage

------ LRW ------ 

Pack 1 pick 1:
    Stinkdrinker Daredevil
    Nameless Inversion
    Battlewand Oak
    Hurly-Burly
    Plover Knights
    Paperfin Rascal
    Cenn's Heir
    Ringskipper
    Black Poplar Shaman
    Shimmering Grotto
    Familiar's Ruse
    Squeaking Pie Sneak
--> Fallowsage
    Turtleshell Changeling
    Thousand-Year Elixir

--: Herbal Poultice

--: Merrow Harbinger

Pack 1 pick 2:
    Herbal Poultice
    Avian Changeling
    Warren Pilferers
    Lowland Oaf
    Fistful of Force
    Æthersnipe
    Amoeboid Changeling
    Spring Cleaning
    Exiled Boggart
    Shields of Velis Vel
    Mournwhelk
    Hoarder's Greed
--> Merrow Harbinger
    Sentry Oak

--: Wanderwine Prophets

--: Wanderwine Prophets

Pack 1 pick 3:
    Nath's Elite
    Moonglove Extract
    Boggart Sprite-Chaser
    Smokebraider
    Stonybrook Angler
    Faerie Trickery
    Warren-Scourge Elf
    Lairwatch Giant
    Spiderwig Boggart
    Boggart Forager
    Inner-Flame Igniter
    Merrow Harbinger
--> Wanderwine Prophets

--: Hornet Harasser

--: Aquitect's Will

Pack 1 pick 4:
    Hornet Harasser
    Axegrinder Giant
    Woodland Changeling
    Swamp
    Needle Drop
    Soaring Hope
    Elvish Branchbender
    Wellgabber Apothecary
--> Aquitect's Will
    Rebellion of the Flamekin
    Prowess of the Fair
    Squeaking Pie Sneak

--: Wanderer's Twig

--: Inkfathom Divers

Pack 1 pick 5:
    Wanderer's Twig
    Hornet Harasser
    Axegrinder Giant
    Woodland Changeling
    Hunter of Eyeblights
--> Inkfathom Divers
    Needle Drop
    Soaring Hope
    Elvish Branchbender
    Hunter of Eyeblights
    Sylvan Echoes

--: Warren Pilferers

--: Ponder

--: Ponder

Pack 1 pick 6:
    Warren Pilferers
    Axegrinder Giant
    Lignify
    Kinsbaile Skirmisher
    Lace with Moonglove
    Scarred Vinebreeder
    Springjack Knight
--> Ponder
    Turtleshell Changeling
    Crush Underfoot

--: Wispmare

--: Broken Ambitions

Pack 1 pick 7:
    Wispmare
    Consuming Bonfire
    Boggart Loggers
    Runed Stalactite
    Elvish Handservant
--> Broken Ambitions
    Boggart Forager
    Facevaulter
    Briarhorn

--: Runed Stalactite

--: Nath's Elite

Pack 1 pick 8:
    Runed Stalactite
--> Nath's Elite
    Smokebraider
    Giant's Ire
    Lairwatch Giant
    Spiderwig Boggart
    Flamekin Brawler
    Flamekin Harbinger

--: Thousand-Year Elixir

--: Paperfin Rascal

Pack 1 pick 9:
    Stinkdrinker Daredevil
    Battlewand Oak
--> Paperfin Rascal
    Ringskipper
    Black Poplar Shaman
    Shimmering Grotto
    Thousand-Year Elixir

--: Herbal Poultice

--: Herbal Poultice

Pack 1 pick 10:
--> Herbal Poultice
    Lowland Oaf
    Spring Cleaning
    Exiled Boggart
    Mournwhelk
    Sentry Oak

--: Nath's Elite

--: Faerie Trickery

Pack 1 pick 11:
    Nath's Elite
--> Faerie Trickery
    Warren-Scourge Elf
    Spiderwig Boggart
    Boggart Forager

--: Soaring Hope

--: Prowess of the Fair

Pack 1 pick 12:
    Swamp
    Soaring Hope
    Rebellion of the Flamekin
--> Prowess of the Fair

--: Axegrinder Giant

--: Elvish Branchbender

Pack 1 pick 13:
    Axegrinder Giant
    Soaring Hope
--> Elvish Branchbender

--: Lace with Moonglove

--: Scarred Vinebreeder

Pack 1 pick 14:
    Lace with Moonglove
--> Scarred Vinebreeder

--: Boggart Forager

--: Boggart Forager

Pack 1 pick 15:
--> Boggart Forager

--: Gilt-Leaf Palace

--: Silvergill Douser

--: Silvergill Douser

--: Silvergill Douser

------ LRW ------ 

Pack 2 pick 1:
    Springleaf Drum
    Woodland Guidance
    Footbottom Feast
    Axegrinder Giant
    Lignify
--> Silvergill Douser
    Amoeboid Changeling
    Kinsbaile Skirmisher
    Lace with Moonglove
    Scarred Vinebreeder
    Springjack Knight
    Entangling Trap
    Vivid Crag
    Marsh Flitter
    Gilt-Leaf Palace

--: Moonglove Extract

--: Faerie Trickery

Pack 2 pick 2:
    Moonglove Extract
    Hillcomber Giant
    Sentinels of Glen Elendra
    Stinkdrinker Daredevil
    Dreamspoiler Witches
    Battlewand Oak
--> Faerie Trickery
    Nightshade Stinger
    Blades of Velis Vel
    Elvish Handservant
    Dawnfluke
    Sentry Oak
    Wren's Run Vanquisher
    Boggart Harbinger

--: Nameless Inversion

--: Nameless Inversion

Pack 2 pick 3:
--> Nameless Inversion
    Fertile Ground
    Moonglove Winnower
    Plover Knights
    Whirlpool Whelm
    Leaf Gilder
    Hearthcage Giant
    Hunt Down
    Triclopean Sight
    Nath's Buffoon
    Caterwauling Boggart
    Wizened Cenn
    Vivid Meadow

--: Hamletback Goliath

--: Paperfin Rascal

Pack 2 pick 4:
--> Paperfin Rascal
    Dreamspoiler Witches
    Runed Stalactite
    Nath's Elite
    Scattering Stroke
    Elvish Eulogist
    Giant's Ire
    Lairwatch Giant
    Spiderwig Boggart
    Goatnapper
    Woodland Guidance
    Hamletback Goliath

--: Quill-Slinger Boggart

--: Tarfire

Pack 2 pick 5:
    Quill-Slinger Boggart
    Surge of Thoughtweft
--> Tarfire
    Wanderer's Twig
    Mournwhelk
    Needle Drop
    Springjack Knight
    Heal the Scars
    Inkfathom Divers
    Boggart Harbinger
    Entangling Trap

--: Hurly-Burly

--: Broken Ambitions

Pack 2 pick 6:
    Hurly-Burly
    Peppersmoke
    Consuming Bonfire
--> Broken Ambitions
    Nath's Buffoon
    Faultgrinder
    Rootgrapple
    Goldmeadow Dodger
    Ethereal Whiskergill
    Battle Mastery

--: Kithkin Healer

--: Deeptread Merrow

--: Deeptread Merrow

Pack 2 pick 7:
    Kithkin Healer
--> Deeptread Merrow
    Kithkin Daggerdare
    Zephyr Net
    Scarred Vinebreeder
    Protective Bubble
    Ingot Chewer
    Burrenton Forge-Tender
    Elvish Promenade

--: Hornet Harasser

--: Deeptread Merrow

Pack 2 pick 8:
    Hornet Harasser
--> Deeptread Merrow
    Kinsbaile Skirmisher
    Spring Cleaning
    Blind-Spot Giant
    Wellgabber Apothecary
    Gilt-Leaf Seer
    Faerie Tauntings

--: Woodland Guidance

--: Woodland Guidance

Pack 2 pick 9:
--> Woodland Guidance
    Footbottom Feast
    Axegrinder Giant
    Kinsbaile Skirmisher
    Lace with Moonglove
    Springjack Knight
    Entangling Trap

--: Hillcomber Giant

--: Dreamspoiler Witches

Pack 2 pick 10:
    Hillcomber Giant
--> Dreamspoiler Witches
    Nightshade Stinger
    Blades of Velis Vel
    Dawnfluke
    Sentry Oak

--: Hunt Down

--: Vivid Meadow

Pack 2 pick 11:
    Hunt Down
    Triclopean Sight
    Nath's Buffoon
    Caterwauling Boggart
--> Vivid Meadow

--: Elvish Eulogist

--: Giant's Ire

Pack 2 pick 12:
    Elvish Eulogist
--> Giant's Ire
    Lairwatch Giant
    Woodland Guidance

--: Quill-Slinger Boggart

--: Needle Drop

Pack 2 pick 13:
    Quill-Slinger Boggart
    Mournwhelk
--> Needle Drop

--: Faultgrinder

--: Faultgrinder

Pack 2 pick 14:
--> Faultgrinder
    Goldmeadow Dodger

--: Zephyr Net

--: Zephyr Net

Pack 2 pick 15:
--> Zephyr Net

--: Boggart Mob

--: Streambed Aquitects

--: Streambed Aquitects

------ LRW ------ 

Pack 3 pick 1:
    Wispmare
    Stonybrook Angler
    Thieving Sprite
    Gilt-Leaf Ambush
    Hillcomber Giant
--> Streambed Aquitects
    Wings of Velis Vel
    Flamekin Brawler
    Facevaulter
    Warren-Scourge Elf
    Blades of Velis Vel
    Wren's Run Vanquisher
    Thorntooth Witch
    Lys Alana Scarblade
    Boggart Mob

--: Smokebraider

--: Tideshaper Mystic

Pack 3 pick 2:
    Smokebraider
    Gilt-Leaf Ambush
    Moonglove Winnower
    Kinsbaile Balloonist
    Inner-Flame Acolyte
    Peppersmoke
    Flamekin Brawler
--> Tideshaper Mystic
    Rootgrapple
    Triclopean Sight
    Nightshade Stinger
    Faerie Harbinger
    Knight of Meadowgrain
    Summon the School

--: Oakgnarl Warrior

--: Scattering Stroke

Pack 3 pick 3:
    Oakgnarl Warrior
    Goldmeadow Harrier
    Glimmerdust Nap
    Warren Pilferers
    Soulbright Flamekin
    Kithkin Daggerdare
    Lace with Moonglove
    Blind-Spot Giant
    Exiled Boggart
    Ponder
    Heal the Scars
--> Scattering Stroke
    Vivid Creek

--: Forced Fruition

--: Forced Fruition

Pack 3 pick 4:
    Leaf Gilder
    Boggart Sprite-Chaser
    Thieving Sprite
    Kinsbaile Balloonist
    Giant's Ire
    Dawnfluke
    Black Poplar Shaman
    Elvish Eulogist
    Thorntooth Witch
    Briarhorn
    Hoarder's Greed
--> Forced Fruition

--: Hillcomber Giant

--: Sentinels of Glen Elendra

Pack 3 pick 5:
    Hillcomber Giant
--> Sentinels of Glen Elendra
    Dreamspoiler Witches
    Battlewand Oak
    Oaken Brawler
    Nightshade Stinger
    Swamp
    Elvish Handservant
    Dawnfluke
    Inner-Flame Igniter
    Elvish Harbinger

--: Streambed Aquitects

--: Streambed Aquitects

--: Merrow Commerce

--: Merrow Commerce

Pack 3 pick 6:
    Streambed Aquitects
    Stinkdrinker Daredevil
    Battlewand Oak
    Hurly-Burly
    Blades of Velis Vel
    Cenn's Heir
    Ringskipper
    Black Poplar Shaman
    Shimmering Grotto
--> Merrow Commerce

--: Gilt-Leaf Ambush

--: Tideshaper Mystic

--: Tideshaper Mystic

Pack 3 pick 7:
    Gilt-Leaf Ambush
    Inner-Flame Acolyte
    Peppersmoke
--> Tideshaper Mystic
    Rootgrapple
    Triclopean Sight
    Nightshade Stinger
    Faultgrinder
    Sylvan Echoes

--: Paperfin Rascal

--: Paperfin Rascal

Pack 3 pick 8:
--> Paperfin Rascal
    Boggart Sprite-Chaser
    Oaken Brawler
    Faultgrinder
    Faerie Trickery
    Warren-Scourge Elf
    Lairwatch Giant
    Spiderwig Boggart

--: Wispmare

--: Thieving Sprite

Pack 3 pick 9:
    Wispmare
--> Thieving Sprite
    Flamekin Brawler
    Facevaulter
    Warren-Scourge Elf
    Blades of Velis Vel
    Thorntooth Witch

--: Gilt-Leaf Ambush

--: Inner-Flame Acolyte

Pack 3 pick 10:
    Gilt-Leaf Ambush
--> Inner-Flame Acolyte
    Peppersmoke
    Flamekin Brawler
    Rootgrapple
    Nightshade Stinger

--: Oakgnarl Warrior

--: Ponder

Pack 3 pick 11:
    Oakgnarl Warrior
    Soulbright Flamekin
    Lace with Moonglove
    Exiled Boggart
--> Ponder

--: Boggart Sprite-Chaser

--: Boggart Sprite-Chaser

Pack 3 pick 12:
--> Boggart Sprite-Chaser
    Giant's Ire
    Dawnfluke
    Elvish Eulogist

--: Nightshade Stinger

--: Swamp

Pack 3 pick 13:
    Nightshade Stinger
--> Swamp
    Elvish Handservant

--: Battlewand Oak

--: Ringskipper

Pack 3 pick 14:
    Battlewand Oak
--> Ringskipper

--: Rootgrapple

--: Rootgrapple

Pack 3 pick 15:
--> Rootgrapple

