Event #: 9777428
Time:    6/5/2016 1:12:57 PM
Players:
    capchaos01
    Sturvedog
    asdfghjklasdfghjkl
    Hexinqius
--> ShadowRyou
    DR_OOM
    thufirhawat420
    GishGame

--: Sower of Temptation

--: Sower of Temptation

------ LRW ------ 

Pack 1 pick 1:
    Surge of Thoughtweft
    Mulldrifter
    Weed Strangle
    Mudbutton Torchrunner
    Woodland Changeling
    Springleaf Drum
    Soaring Hope
    Shimmering Grotto
    Judge of Currents
    Lace with Moonglove
    Blind-Spot Giant
    Boggart Shenanigans
    Familiar's Ruse
    Knight of Meadowgrain
--> Sower of Temptation

--: Bog-Strider Ash

--: Tarfire

Pack 1 pick 2:
    Bog-Strider Ash
    Æthersnipe
--> Tarfire
    Herbal Poultice
    Kithkin Greatheart
    Oakgnarl Warrior
    Elvish Branchbender
    Amoeboid Changeling
    Kinsbaile Skirmisher
    Lace with Moonglove
    Scarred Vinebreeder
    Crib Swap
    Scattering Stroke
    Vivid Creek

--: Goldmeadow Harrier

--: Glimmerdust Nap

--: Glimmerdust Nap

Pack 1 pick 3:
    Goldmeadow Harrier
--> Glimmerdust Nap
    Warren Pilferers
    Soulbright Flamekin
    Kithkin Daggerdare
    Surge of Thoughtweft
    Heal the Scars
    Inkfathom Divers
    Boggart Birth Rite
    Ingot Chewer
    Soaring Hope
    Sylvan Echoes
    Flamekin Bladewhirl

--: Axegrinder Giant

--: Glarewielder

--: Glarewielder

Pack 1 pick 4:
    Axegrinder Giant
    Woodland Changeling
    Kithkin Greatheart
    Footbottom Feast
    Lowland Oaf
    Wellgabber Apothecary
    Gilt-Leaf Seer
    Boggart Birth Rite
    Bog Hoodlums
    Elvish Promenade
    Entangling Trap
--> Glarewielder

--: Mudbutton Torchrunner

--: Mudbutton Torchrunner

Pack 1 pick 5:
--> Mudbutton Torchrunner
    Woodland Changeling
    Springleaf Drum
    Kithkin Healer
    Hillcomber Giant
    Judge of Currents
    Lace with Moonglove
    Blind-Spot Giant
    Exiled Boggart
    Boggart Harbinger
    Entangling Trap

--: Ancient Amphitheater

--: Ancient Amphitheater

--: Hunter of Eyeblights

Pack 1 pick 6:
    Oakgnarl Warrior
    Soulbright Flamekin
    Kithkin Daggerdare
    Springjack Knight
    Heal the Scars
    Boggart Birth Rite
    Ingot Chewer
--> Hunter of Eyeblights
    Seedguide Ash
    Ancient Amphitheater

--: Spinerock Knoll

--: Caterwauling Boggart

Pack 1 pick 7:
    Oaken Brawler
    Hurly-Burly
    Peppersmoke
    Wings of Velis Vel
--> Caterwauling Boggart
    Goldmeadow Dodger
    Nightshade Stinger
    Vivid Marsh
    Spinerock Knoll

--: Moonglove Winnower

--: Inner-Flame Acolyte

Pack 1 pick 8:
    Moonglove Winnower
--> Inner-Flame Acolyte
    Peppersmoke
    Nath's Elite
    Shimmering Grotto
    Elvish Eulogist
    Giant's Ire
    Lairwatch Giant

--: Surge of Thoughtweft

--: Shimmering Grotto

Pack 1 pick 9:
    Surge of Thoughtweft
    Woodland Changeling
    Soaring Hope
--> Shimmering Grotto
    Lace with Moonglove
    Blind-Spot Giant
    Boggart Shenanigans

--: Bog-Strider Ash

--: Scattering Stroke

Pack 1 pick 10:
    Bog-Strider Ash
    Herbal Poultice
    Oakgnarl Warrior
    Lace with Moonglove
    Scarred Vinebreeder
--> Scattering Stroke

--: Heal the Scars

--: Ingot Chewer

Pack 1 pick 11:
    Heal the Scars
    Boggart Birth Rite
--> Ingot Chewer
    Soaring Hope
    Sylvan Echoes

--: Footbottom Feast

--: Lowland Oaf

Pack 1 pick 12:
    Footbottom Feast
--> Lowland Oaf
    Bog Hoodlums
    Entangling Trap

--: Lace with Moonglove

--: Entangling Trap

Pack 1 pick 13:
    Lace with Moonglove
    Exiled Boggart
--> Entangling Trap

--: Heal the Scars

--: Ingot Chewer

Pack 1 pick 14:
    Heal the Scars
--> Ingot Chewer

--: Goldmeadow Dodger

--: Goldmeadow Dodger

Pack 1 pick 15:
--> Goldmeadow Dodger

--: Timber Protector

--: Timber Protector

------ LRW ------ 

Pack 2 pick 1:
    Stonybrook Angler
    Thieving Sprite
    Gilt-Leaf Ambush
    Hillcomber Giant
    Streambed Aquitects
    Stinkdrinker Daredevil
    Elvish Handservant
    Dawnfluke
    Broken Ambitions
    Nath's Buffoon
    Faultgrinder
    Glarewielder
    Silvergill Adept
    Boggart Shenanigans
--> Timber Protector

--: Stinkdrinker Daredevil

--: Battlewand Oak

--: Battlewand Oak

--: Battlewand Oak

Pack 2 pick 2:
    Stinkdrinker Daredevil
    Nameless Inversion
--> Battlewand Oak
    Hurly-Burly
    Plover Knights
    Paperfin Rascal
    Faultgrinder
    Rootgrapple
    Goldmeadow Dodger
    Wings of Velis Vel
    Flamekin Brawler
    Marsh Flitter
    Jagged-Scar Archers
    Prowess of the Fair

--: Colfenor's Urn

--: Cloudcrown Oak

Pack 2 pick 3:
    Soulbright Flamekin
    Glimmerdust Nap
--> Cloudcrown Oak
    Oblivion Ring
    Wanderer's Twig
    Fire-Belly Changeling
    Skeletal Changeling
    Aquitect's Will
    Kinsbaile Skirmisher
    Spring Cleaning
    Entangling Trap
    Vivid Crag
    Colfenor's Urn

--: Quill-Slinger Boggart

--: Tarfire

--: Tarfire

Pack 2 pick 4:
    Quill-Slinger Boggart
    Surge of Thoughtweft
--> Tarfire
    Wanderer's Twig
    Scarred Vinebreeder
    Moonglove Extract
    Protective Bubble
    Ingot Chewer
    Amoeboid Changeling
    Hunter of Eyeblights
    Sylvan Echoes
    Makeshift Mannequin

--: Hoofprints of the Stag

--: Smokebraider

Pack 2 pick 5:
    Nath's Elite
    Boggart Sprite-Chaser
    Oaken Brawler
--> Smokebraider
    Boggart Loggers
    Spiderwig Boggart
    Flamekin Brawler
    Tideshaper Mystic
    Rootgrapple
    Merrow Commerce
    Hoofprints of the Stag

--: Howltooth Hollow

--: Changeling Berserker

Pack 2 pick 6:
    Hillcomber Giant
    Stinkdrinker Daredevil
    Oaken Brawler
    Dawnfluke
    Black Poplar Shaman
    Elvish Eulogist
    Wings of Velis Vel
--> Changeling Berserker
    Captivating Glance
    Howltooth Hollow

--: Fertile Ground

--: Woodland Guidance

Pack 2 pick 7:
    Fertile Ground
    Moonglove Winnower
    Whirlpool Whelm
    Triclopean Sight
    Faultgrinder
    Faerie Trickery
    Warren-Scourge Elf
    Goatnapper
--> Woodland Guidance

--: Arbiter of Knollridge

--: Blades of Velis Vel

Pack 2 pick 8:
    Runed Stalactite
    Nath's Elite
    Smokebraider
    Warren-Scourge Elf
--> Blades of Velis Vel
    Cenn's Heir
    Ringskipper
    Arbiter of Knollridge

--: Hillcomber Giant

--: Stinkdrinker Daredevil

Pack 2 pick 9:
    Hillcomber Giant
    Streambed Aquitects
--> Stinkdrinker Daredevil
    Dawnfluke
    Nath's Buffoon
    Faultgrinder
    Boggart Shenanigans

--: Stinkdrinker Daredevil

--: Faultgrinder

Pack 2 pick 10:
    Stinkdrinker Daredevil
    Hurly-Burly
--> Faultgrinder
    Goldmeadow Dodger
    Wings of Velis Vel
    Flamekin Brawler

--: Colfenor's Urn

--: Colfenor's Urn

--: Colfenor's Urn

Pack 2 pick 11:
    Soulbright Flamekin
    Fire-Belly Changeling
    Aquitect's Will
    Entangling Trap
--> Colfenor's Urn

--: Quill-Slinger Boggart

--: Sylvan Echoes

Pack 2 pick 12:
    Quill-Slinger Boggart
    Scarred Vinebreeder
    Ingot Chewer
--> Sylvan Echoes

--: Nath's Elite

--: Flamekin Brawler

Pack 2 pick 13:
    Nath's Elite
    Boggart Sprite-Chaser
--> Flamekin Brawler

--: Stinkdrinker Daredevil

--: Elvish Eulogist

Pack 2 pick 14:
    Stinkdrinker Daredevil
--> Elvish Eulogist

--: Goatnapper

--: Goatnapper

Pack 2 pick 15:
--> Goatnapper

--: Thoughtseize

--: Thoughtseize

--: Thoughtseize

------ LRW ------ 

Pack 3 pick 1:
    Adder-Staff Boggart
    Wispmare
    Fertile Ground
    Consuming Bonfire
    Boggart Loggers
    Lys Alana Huntmaster
    Lairwatch Giant
    Spiderwig Boggart
    Boggart Forager
    Ringskipper
    Hunt Down
    Faerie Harbinger
    Knight of Meadowgrain
    Summon the School
--> Thoughtseize

--: Secluded Glen

--: Seedguide Ash

Pack 3 pick 2:
    Footbottom Feast
    Axegrinder Giant
    Lignify
    Silvergill Douser
    Quill-Slinger Boggart
    Sentinels of Glen Elendra
    Heal the Scars
    Skeletal Changeling
    Shields of Velis Vel
    Fire-Belly Changeling
    Lys Alana Scarblade
    Kithkin Mourncaller
--> Seedguide Ash
    Secluded Glen

--: Rings of Brighthearth

--: Rings of Brighthearth

--: Rings of Brighthearth

Pack 3 pick 3:
    Moonglove Extract
    Hillcomber Giant
    Sentinels of Glen Elendra
    Stinkdrinker Daredevil
    Dreamspoiler Witches
    Battlewand Oak
    Kinsbaile Balloonist
    Dawnfluke
    Spellstutter Sprite
    Black Poplar Shaman
    Elvish Eulogist
    Treefolk Harbinger
--> Rings of Brighthearth

--: Thousand-Year Elixir

--: Battlewand Oak

--: Battlewand Oak

Pack 3 pick 4:
--> Battlewand Oak
    Hurly-Burly
    Plover Knights
    Dreamspoiler Witches
    Rootgrapple
    Goldmeadow Dodger
    Wings of Velis Vel
    Flamekin Brawler
    Facevaulter
    Sentry Oak
    Boggart Harbinger
    Thousand-Year Elixir

--: Kinsbaile Balloonist

--: Thorntooth Witch

Pack 3 pick 5:
    Kinsbaile Balloonist
    Boggart Loggers
    Adder-Staff Boggart
    Cenn's Heir
    Boggart Forager
    Facevaulter
    Hunt Down
    Giant's Ire
--> Thorntooth Witch
    Wizened Cenn
    Vivid Meadow

--: Quill-Slinger Boggart

--: Bog-Strider Ash

Pack 3 pick 6:
    Quill-Slinger Boggart
--> Bog-Strider Ash
    Herbal Poultice
    Kithkin Greatheart
    Fire-Belly Changeling
    Elvish Branchbender
    Kinsbaile Skirmisher
    Lace with Moonglove
    Ego Erasure
    Pollen Lullaby

--: Bog-Strider Ash

--: Bog-Strider Ash

Pack 3 pick 7:
--> Bog-Strider Ash
    Springleaf Drum
    Oakgnarl Warrior
    Exiled Boggart
    Shields of Velis Vel
    Mournwhelk
    Needle Drop
    Springjack Knight
    Burrenton Forge-Tender

--: Soulbright Flamekin

--: Cloudcrown Oak

Pack 3 pick 8:
    Soulbright Flamekin
--> Cloudcrown Oak
    Skeletal Changeling
    Aquitect's Will
    Kinsbaile Skirmisher
    Spring Cleaning
    Blind-Spot Giant
    Crush Underfoot

--: Adder-Staff Boggart

--: Hunt Down

Pack 3 pick 9:
    Adder-Staff Boggart
    Wispmare
    Boggart Loggers
    Lairwatch Giant
    Boggart Forager
    Ringskipper
--> Hunt Down

--: Footbottom Feast

--: Fire-Belly Changeling

--: Fire-Belly Changeling

--: Fire-Belly Changeling

Pack 3 pick 10:
    Footbottom Feast
    Axegrinder Giant
    Heal the Scars
    Shields of Velis Vel
--> Fire-Belly Changeling
    Kithkin Mourncaller

--: Hillcomber Giant

--: Black Poplar Shaman

--: Black Poplar Shaman

Pack 3 pick 11:
    Hillcomber Giant
    Stinkdrinker Daredevil
    Dawnfluke
--> Black Poplar Shaman
    Elvish Eulogist

--: Goldmeadow Dodger

--: Sentry Oak

Pack 3 pick 12:
    Goldmeadow Dodger
    Wings of Velis Vel
    Facevaulter
--> Sentry Oak

--: Cenn's Heir

--: Giant's Ire

Pack 3 pick 13:
    Cenn's Heir
    Boggart Forager
--> Giant's Ire

--: Kithkin Greatheart

--: Lace with Moonglove

--: Lace with Moonglove

Pack 3 pick 14:
    Kithkin Greatheart
--> Lace with Moonglove

--: Shields of Velis Vel

--: Shields of Velis Vel

Pack 3 pick 15:
--> Shields of Velis Vel

