Event #: 9778629
Time:    6/5/2016 7:23:53 PM
Players:
    mikalmakal
    BlueFalcon999
    TuffArtist
    rdtedm
    ajunior148
    Rakalite
--> ShadowRyou
    DR_OOM

--: Shapesharer

--: Shapesharer

--: Shapesharer

------ LRW ------ 

Pack 1 pick 1:
    Inner-Flame Acolyte
    Peppersmoke
    Paperfin Rascal
    Nath's Elite
    Moonglove Extract
    Boggart Sprite-Chaser
    Cenn's Heir
    Boggart Forager
    Facevaulter
    Hunt Down
    Giant's Ire
    Inner-Flame Igniter
    Benthicore
    Crush Underfoot
--> Shapesharer

--: Colfenor's Plans

--: Incremental Growth

Pack 1 pick 2:
    Kithkin Healer
    Deeptread Merrow
    Kithkin Daggerdare
    Herbal Poultice
    Avian Changeling
    Shimmering Grotto
    Judge of Currents
    Lace with Moonglove
    Blind-Spot Giant
    Exiled Boggart
    Boggart Harbinger
    Lammastide Weave
--> Incremental Growth
    Colfenor's Plans

--: Soulbright Flamekin

--: Weed Strangle

Pack 1 pick 3:
    Soulbright Flamekin
    Kithkin Daggerdare
    Surge of Thoughtweft
--> Weed Strangle
    Mudbutton Torchrunner
    Aquitect's Will
    Kinsbaile Skirmisher
    Spring Cleaning
    Blind-Spot Giant
    Wellgabber Apothecary
    Hearthcage Giant
    Familiar's Ruse
    Changeling Berserker

--: Hurly-Burly

--: Changeling Titan

Pack 1 pick 4:
    Hurly-Burly
    Plover Knights
    Paperfin Rascal
    Runed Stalactite
    Nath's Elite
    Spiderwig Boggart
    Footbottom Feast
    Ringskipper
    Hunt Down
    Triclopean Sight
--> Changeling Titan
    Woodland Guidance

--: Howltooth Hollow

--: Knight of Meadowgrain

--: Knight of Meadowgrain

Pack 1 pick 5:
    Hillcomber Giant
    Stinkdrinker Daredevil
    Battlewand Oak
    Nightshade Stinger
    Faultgrinder
    Faerie Trickery
    Warren-Scourge Elf
    Lairwatch Giant
--> Knight of Meadowgrain
    Familiar's Ruse
    Howltooth Hollow

--: Surge of Thoughtweft

--: Cloudcrown Oak

--: Avian Changeling

--: Avian Changeling

Pack 1 pick 6:
    Surge of Thoughtweft
    Cloudcrown Oak
    Wanderer's Twig
--> Avian Changeling
    Fire-Belly Changeling
    Amoeboid Changeling
    Kinsbaile Skirmisher
    Lace with Moonglove
    Lammastide Weave
    Ceaseless Searblades

--: Wild Ricochet

--: Wild Ricochet

Pack 1 pick 7:
    Wispmare
    Thieving Sprite
    Flamekin Brawler
    Tideshaper Mystic
    Rootgrapple
    Triclopean Sight
    Nightshade Stinger
    Flamekin Bladewhirl
--> Wild Ricochet

--: Warren Pilferers

--: Merrow Commerce

--: Merrow Commerce

--: Merrow Commerce

Pack 1 pick 8:
    Warren Pilferers
    Lowland Oaf
    Fistful of Force
    Quill-Slinger Boggart
    Surge of Thoughtweft
    Heal the Scars
    Shields of Velis Vel
--> Merrow Commerce

--: Paperfin Rascal

--: Hunt Down

Pack 1 pick 9:
    Paperfin Rascal
    Boggart Sprite-Chaser
    Cenn's Heir
    Boggart Forager
    Facevaulter
--> Hunt Down
    Giant's Ire

--: Kithkin Healer

--: Lace with Moonglove

Pack 1 pick 10:
    Kithkin Healer
    Deeptread Merrow
    Herbal Poultice
--> Lace with Moonglove
    Exiled Boggart
    Lammastide Weave

--: Soulbright Flamekin

--: Hearthcage Giant

Pack 1 pick 11:
    Soulbright Flamekin
    Aquitect's Will
    Kinsbaile Skirmisher
    Spring Cleaning
--> Hearthcage Giant

--: Spiderwig Boggart

--: Triclopean Sight

Pack 1 pick 12:
    Spiderwig Boggart
    Ringskipper
    Hunt Down
--> Triclopean Sight

--: Faultgrinder

--: Warren-Scourge Elf

--: Warren-Scourge Elf

Pack 1 pick 13:
    Faultgrinder
--> Warren-Scourge Elf
    Lairwatch Giant

--: Lammastide Weave

--: Ceaseless Searblades

Pack 1 pick 14:
    Lammastide Weave
--> Ceaseless Searblades

--: Wispmare

--: Wispmare

Pack 1 pick 15:
--> Wispmare

--: Spinerock Knoll

--: Wort, Boggart Auntie

------ LRW ------ 

Pack 2 pick 1:
    Surge of Thoughtweft
    Mulldrifter
    Spinerock Knoll
    Mudbutton Torchrunner
    Woodland Changeling
    Springleaf Drum
    Spring Cleaning
    Blind-Spot Giant
    Wellgabber Apothecary
    Gilt-Leaf Seer
    Boggart Birth Rite
    Treefolk Harbinger
    Rebellion of the Flamekin
    Ethereal Whiskergill
--> Wort, Boggart Auntie

--: Profane Command

--: Profane Command

--: Profane Command

Pack 2 pick 2:
    Kithkin Daggerdare
    Surge of Thoughtweft
    Weed Strangle
    Mudbutton Torchrunner
    Woodland Changeling
    Kinsbaile Skirmisher
    Spring Cleaning
    Blind-Spot Giant
    Wellgabber Apothecary
    Gilt-Leaf Seer
    Merrow Harbinger
    Burrenton Forge-Tender
    Inner-Flame Igniter
--> Profane Command

--: Wanderer's Twig

--: Eyeblight's Ending

Pack 2 pick 3:
    Wanderer's Twig
    Silvergill Douser
    Bog-Strider Ash
--> Eyeblight's Ending
    Mudbutton Torchrunner
    Kinsbaile Skirmisher
    Lace with Moonglove
    Scarred Vinebreeder
    Springjack Knight
    Ponder
    Kithkin Mourncaller
    Hearthcage Giant
    Faerie Harbinger

--: Battlewand Oak

--: Spiderwig Boggart

Pack 2 pick 4:
    Battlewand Oak
    Fallowsage
    Pestermite
    Hurly-Burly
    Peppersmoke
    Lys Alana Huntmaster
    Giant's Ire
    Lairwatch Giant
    Spellstutter Sprite
--> Spiderwig Boggart
    Flamekin Brawler
    Elvish Promenade

--: Quill-Slinger Boggart

--: Quill-Slinger Boggart

Pack 2 pick 5:
--> Quill-Slinger Boggart
    Bog-Strider Ash
    Æthersnipe
    Herbal Poultice
    Needle Drop
    Soaring Hope
    Elvish Branchbender
    Wellgabber Apothecary
    Aquitect's Will
    Summon the School
    Briarhorn

--: Herbal Poultice

--: Hornet Harasser

Pack 2 pick 6:
    Herbal Poultice
    Kithkin Greatheart
    Oakgnarl Warrior
--> Hornet Harasser
    Wellgabber Apothecary
    Aquitect's Will
    Mournwhelk
    Zephyr Net
    Scarred Vinebreeder
    Hunter of Eyeblights

--: Purity

--: Lys Alana Scarblade

--: Purity

Pack 2 pick 7:
    Herbal Poultice
    Kithkin Greatheart
    Oakgnarl Warrior
    Deeptread Merrow
    Mournwhelk
    Zephyr Net
    Scarred Vinebreeder
    Lys Alana Scarblade
--> Purity

--: Howltooth Hollow

--: Squeaking Pie Sneak

--: Squeaking Pie Sneak

Pack 2 pick 8:
    Adder-Staff Boggart
    Stinkdrinker Daredevil
    Blades of Velis Vel
    Ringskipper
    Black Poplar Shaman
--> Squeaking Pie Sneak
    Prowess of the Fair
    Howltooth Hollow

--: Surge of Thoughtweft

--: Boggart Birth Rite

Pack 2 pick 9:
    Surge of Thoughtweft
    Springleaf Drum
    Spring Cleaning
    Blind-Spot Giant
    Gilt-Leaf Seer
--> Boggart Birth Rite
    Rebellion of the Flamekin

--: Kithkin Daggerdare

--: Inner-Flame Igniter

Pack 2 pick 10:
    Kithkin Daggerdare
    Surge of Thoughtweft
    Spring Cleaning
    Blind-Spot Giant
    Wellgabber Apothecary
--> Inner-Flame Igniter

--: Lace with Moonglove

--: Scarred Vinebreeder

Pack 2 pick 11:
    Lace with Moonglove
--> Scarred Vinebreeder
    Springjack Knight
    Kithkin Mourncaller
    Hearthcage Giant

--: Hurly-Burly

--: Hurly-Burly

Pack 2 pick 12:
--> Hurly-Burly
    Lys Alana Huntmaster
    Spellstutter Sprite
    Flamekin Brawler

--: Bog-Strider Ash

--: Herbal Poultice

Pack 2 pick 13:
    Bog-Strider Ash
--> Herbal Poultice
    Soaring Hope

--: Herbal Poultice

--: Herbal Poultice

Pack 2 pick 14:
--> Herbal Poultice
    Zephyr Net

--: Mournwhelk

--: Mournwhelk

Pack 2 pick 15:
--> Mournwhelk

--: Thoughtseize

--: Thoughtseize

------ LRW ------ 

Pack 3 pick 1:
    Whirlpool Whelm
    Leaf Gilder
    Adder-Staff Boggart
    Wispmare
    Streambed Aquitects
    Consuming Bonfire
    Goldmeadow Dodger
    Faerie Trickery
    Nightshade Stinger
    Blades of Velis Vel
    Elvish Handservant
    Glarewielder
    Squeaking Pie Sneak
    Entangling Trap
--> Thoughtseize

--: Gaddock Teeg

--: Gaddock Teeg

--: Gaddock Teeg

Pack 3 pick 2:
    Leaf Gilder
    Adder-Staff Boggart
    Wispmare
    Streambed Aquitects
    Consuming Bonfire
    Boggart Loggers
    Faerie Trickery
    Nightshade Stinger
    Blades of Velis Vel
    Elvish Handservant
    Dawnfluke
    Drowner of Secrets
    Glen Elendra Pranksters
--> Gaddock Teeg

--: Consuming Bonfire

--: Tar Pitcher

Pack 3 pick 3:
    Consuming Bonfire
    Wispmare
    Stonybrook Angler
    Thieving Sprite
    Gilt-Leaf Ambush
    Tideshaper Mystic
    Rootgrapple
    Triclopean Sight
    Nightshade Stinger
    Faultgrinder
    Sentry Oak
--> Tar Pitcher
    Merrow Harbinger

--: Deeptread Merrow

--: Warren Pilferers

--: Warren Pilferers

Pack 3 pick 4:
    Deeptread Merrow
    Kithkin Daggerdare
    Herbal Poultice
    Avian Changeling
--> Warren Pilferers
    Judge of Currents
    Lace with Moonglove
    Blind-Spot Giant
    Exiled Boggart
    Lys Alana Scarblade
    Elvish Promenade
    Thorntooth Witch

--: Thousand-Year Elixir

--: Spiderwig Boggart

Pack 3 pick 5:
    Battlewand Oak
    Hurly-Burly
    Plover Knights
    Faerie Trickery
    Warren-Scourge Elf
    Lairwatch Giant
--> Spiderwig Boggart
    Boggart Forager
    Faerie Harbinger
    Goldmeadow Stalwart
    Thousand-Year Elixir

--: Kithkin Greatheart

--: Goatnapper

Pack 3 pick 6:
    Kithkin Greatheart
    Oakgnarl Warrior
    Deeptread Merrow
    Goldmeadow Harrier
    Mournwhelk
    Zephyr Net
    Gilt-Leaf Seer
    Protective Bubble
    Captivating Glance
--> Goatnapper

--: Boggart Sprite-Chaser

--: Boggart Loggers

Pack 3 pick 7:
    Boggart Sprite-Chaser
    Whirlpool Whelm
--> Boggart Loggers
    Island
    Flamekin Brawler
    Facevaulter
    Warren-Scourge Elf
    Blades of Velis Vel
    Ego Erasure

--: Springleaf Drum

--: Warren Pilferers

--: Warren Pilferers

Pack 3 pick 8:
    Springleaf Drum
    Oakgnarl Warrior
--> Warren Pilferers
    Soulbright Flamekin
    Bog Hoodlums
    Protective Bubble
    Fire-Belly Changeling
    Aquitect's Will

--: Adder-Staff Boggart

--: Consuming Bonfire

Pack 3 pick 9:
    Adder-Staff Boggart
    Wispmare
--> Consuming Bonfire
    Goldmeadow Dodger
    Faerie Trickery
    Blades of Velis Vel
    Entangling Trap

--: Wispmare

--: Boggart Loggers

--: Boggart Loggers

Pack 3 pick 10:
    Wispmare
    Consuming Bonfire
--> Boggart Loggers
    Nightshade Stinger
    Blades of Velis Vel
    Dawnfluke

--: Wispmare

--: Faultgrinder

Pack 3 pick 11:
    Wispmare
    Tideshaper Mystic
    Rootgrapple
--> Faultgrinder
    Sentry Oak

--: Kithkin Daggerdare

--: Lys Alana Scarblade

Pack 3 pick 12:
    Kithkin Daggerdare
    Herbal Poultice
    Exiled Boggart
--> Lys Alana Scarblade

--: Faerie Trickery

--: Warren-Scourge Elf

Pack 3 pick 13:
    Faerie Trickery
--> Warren-Scourge Elf
    Boggart Forager

--: Oakgnarl Warrior

--: Gilt-Leaf Seer

Pack 3 pick 14:
    Oakgnarl Warrior
--> Gilt-Leaf Seer

--: Flamekin Brawler

--: Flamekin Brawler

--: Flamekin Brawler

Pack 3 pick 15:
--> Flamekin Brawler

