Event #: 9781235
Time:    6/6/2016 1:36:33 PM
Players:
    flarebolt
--> feelsboostedman4
    ToastedArts
    DarkBardofVallejo

--: Second Harvest

--: Breakneck Rider

--: Breakneck Rider

------ SOI ------ 

Pack 1 pick 1:
    Cathar's Companion
    Stitched Mangler
    Militant Inquisitor
    Hound of the Farbogs
    Shard of Broken Glass
    Gone Missing
    Sanguinary Mage
    Fork in the Road
    Shamble Back
    Dissension in the Ranks
    Liliana's Indignation
    Woodland Stream
    Second Harvest
--> Breakneck Rider
    Swamp

--: Cathar's Companion

--: Accursed Witch

Pack 1 pick 2:
    Cathar's Companion
    Stitched Mangler
    Militant Inquisitor
    Alms of the Vein
    Dual Shot
    Confront the Unknown
    Throttle
    Sanitarium Skeleton
    Shard of Broken Glass
    Geistblast
    Behind the Scenes
    Mad Prophet
--> Accursed Witch
    Plains

--: Just the Wind

--: Dead Weight

--: Dead Weight

Pack 1 pick 3:
    Just the Wind
    Cathar's Companion
    Lamplighter of Selhoff
    Kessig Dire Swine
--> Dead Weight
    Ember-Eye Wolf
    Equestrian Skill
    Macabre Waltz
    True-Faith Censer
    Erdwal Illuminator
    Gibbering Fiend
    Solitary Hunter
    Swamp

--: Brain in a Jar

--: Farbog Revenant

Pack 1 pick 4:
    Deny Existence
    Devilthorn Fox
    Furtive Homunculus
--> Farbog Revenant
    Rush of Adrenaline
    Rabid Bite
    Reduce to Ashes
    Ethereal Guidance
    Foul Orchard
    Brain in a Jar
    Pious Evangel
    Mountain

--: Second Harvest

--: Stitched Mangler

--: Stitched Mangler

Pack 1 pick 5:
    Cathar's Companion
--> Stitched Mangler
    Militant Inquisitor
    Hound of the Farbogs
    Shard of Broken Glass
    Gone Missing
    Fork in the Road
    Dissension in the Ranks
    Woodland Stream
    Second Harvest
    Swamp

--: Cathar's Companion

--: Stitched Mangler

Pack 1 pick 6:
    Cathar's Companion
--> Stitched Mangler
    Militant Inquisitor
    Dual Shot
    Confront the Unknown
    Throttle
    Sanitarium Skeleton
    Shard of Broken Glass
    Behind the Scenes
    Plains

--: Just the Wind

--: Lamplighter of Selhoff

Pack 1 pick 7:
    Just the Wind
    Cathar's Companion
--> Lamplighter of Selhoff
    Kessig Dire Swine
    Equestrian Skill
    Macabre Waltz
    True-Faith Censer
    Solitary Hunter
    Swamp

--: Brain in a Jar

--: Foul Orchard

Pack 1 pick 8:
    Deny Existence
    Devilthorn Fox
    Furtive Homunculus
    Rabid Bite
    Ethereal Guidance
--> Foul Orchard
    Brain in a Jar
    Mountain

--: Second Harvest

--: Woodland Stream

Pack 1 pick 9:
    Shard of Broken Glass
    Gone Missing
    Fork in the Road
    Dissension in the Ranks
--> Woodland Stream
    Second Harvest
    Swamp

--: Cathar's Companion

--: Confront the Unknown

Pack 1 pick 10:
    Cathar's Companion
    Militant Inquisitor
--> Confront the Unknown
    Shard of Broken Glass
    Behind the Scenes
    Plains

--: Just the Wind

--: Just the Wind

--: Kessig Dire Swine

--: Kessig Dire Swine

Pack 1 pick 11:
    Just the Wind
    Cathar's Companion
--> Kessig Dire Swine
    Equestrian Skill
    Swamp

--: Deny Existence

--: Deny Existence

Pack 1 pick 12:
--> Deny Existence
    Devilthorn Fox
    Ethereal Guidance
    Mountain

--: Second Harvest

--: Shard of Broken Glass

Pack 1 pick 13:
--> Shard of Broken Glass
    Second Harvest
    Swamp

--: Behind the Scenes

--: Behind the Scenes

Pack 1 pick 14:
--> Behind the Scenes
    Plains

--: Swamp

--: Swamp

Pack 1 pick 15:
--> Swamp

--: Sin Prodder

--: Sin Prodder

------ SOI ------ 

Pack 2 pick 1:
    Dauntless Cathar
    Ghostly Wings
    Puncturing Light
    Shard of Broken Glass
    Sanitarium Skeleton
    Moorland Drifter
    Vampire Noble
    Howlpack Wolf
    Fork in the Road
    Spectral Shepherd
    Manic Scribe
    Reckless Scholar
--> Sin Prodder
    Hinterland Logger
    Plains

--: Eerie Interlude

--: Dance with Devils

--: Magnifying Glass

--: Runaway Carriage

--: Vessel of Paramnesia

--: Forest

--: Village Messenger

--: Drownyard Explorers

--: Twins of Maurer Estate

--: Drownyard Explorers

--: Twins of Maurer Estate

--: Drownyard Explorers

--: Drownyard Explorers

Pack 2 pick 2:
    Angelic Purge
    Vessel of Paramnesia
    Chaplain's Blessing
--> Drownyard Explorers
    Moldgraf Scavenger
    Twins of Maurer Estate
    Structural Distortion
    Aim High
    Runaway Carriage
    Dance with Devils
    Magnifying Glass
    Eerie Interlude
    Village Messenger
    Forest

--: Altered Ego

--: Altered Ego

--: Altered Ego

Pack 2 pick 3:
    Stormrider Spirit
    Stern Constable
    Press for Answers
    Kessig Dire Swine
    Macabre Waltz
    Pyre Hound
    Might Beyond Reason
    Rancid Rats
    Biting Rain
    Reckless Scholar
--> Altered Ego
    Village Messenger
    Forest

--: Game Trail

--: Sleep Paralysis

Pack 2 pick 4:
    Puncturing Light
--> Sleep Paralysis
    Bloodmad Vampire
    Apothecary Geist
    Aim High
    Crow of Dark Tidings
    Insolent Neonate
    Vessel of Nascency
    Weirding Wood
    Magnifying Glass
    Game Trail
    Island

--: Dauntless Cathar

--: Reckless Scholar

Pack 2 pick 5:
    Dauntless Cathar
    Ghostly Wings
    Puncturing Light
    Shard of Broken Glass
    Moorland Drifter
    Vampire Noble
    Howlpack Wolf
    Fork in the Road
    Manic Scribe
--> Reckless Scholar
    Plains

--: Eerie Interlude

--: Aim High

--: Aim High

Pack 2 pick 6:
    Vessel of Paramnesia
    Chaplain's Blessing
    Moldgraf Scavenger
    Structural Distortion
--> Aim High
    Runaway Carriage
    Magnifying Glass
    Eerie Interlude
    Village Messenger
    Forest

--: Stern Constable

--: Reckless Scholar

--: Reckless Scholar

Pack 2 pick 7:
    Stern Constable
    Press for Answers
    Macabre Waltz
    Might Beyond Reason
    Rancid Rats
    Biting Rain
--> Reckless Scholar
    Village Messenger
    Forest

--: Game Trail

--: Vessel of Nascency

Pack 2 pick 8:
    Aim High
    Crow of Dark Tidings
    Insolent Neonate
--> Vessel of Nascency
    Weirding Wood
    Magnifying Glass
    Game Trail
    Island

--: Puncturing Light

--: Fork in the Road

--: Fork in the Road

--: Fork in the Road

Pack 2 pick 9:
    Puncturing Light
    Shard of Broken Glass
    Moorland Drifter
    Howlpack Wolf
--> Fork in the Road
    Manic Scribe
    Plains

--: Eerie Interlude

--: Magnifying Glass

Pack 2 pick 10:
    Vessel of Paramnesia
    Chaplain's Blessing
--> Magnifying Glass
    Eerie Interlude
    Village Messenger
    Forest

--: Press for Answers

--: Press for Answers

Pack 2 pick 11:
--> Press for Answers
    Macabre Waltz
    Might Beyond Reason
    Village Messenger
    Forest

--: Game Trail

--: Game Trail

Pack 2 pick 12:
    Insolent Neonate
    Weirding Wood
--> Game Trail
    Island

--: Howlpack Wolf

--: Howlpack Wolf

Pack 2 pick 13:
--> Howlpack Wolf
    Manic Scribe
    Plains

--: Vessel of Paramnesia

--: Vessel of Paramnesia

Pack 2 pick 14:
--> Vessel of Paramnesia
    Forest

--: Forest

--: Forest

Pack 2 pick 15:
--> Forest

--: Declaration in Stone

--: Stitched Mangler

--: Stitched Mangler

--: Stitched Mangler

------ SOI ------ 

Pack 3 pick 1:
    Cathar's Companion
--> Stitched Mangler
    Militant Inquisitor
    Moorland Drifter
    Gone Missing
    Warped Landscape
    Vampire Noble
    Howlpack Wolf
    Fork in the Road
    Dissension in the Ranks
    Creeping Dread
    Spiteful Motives
    Declaration in Stone
    Town Gossipmonger
    Forest

--: Always Watching

--: Obsessive Skinner

--: Obsessive Skinner

Pack 3 pick 2:
    Stitched Mangler
    Expose Evil
    Gone Missing
    Moldgraf Scavenger
    Ethereal Guidance
    Grotesque Mutation
    Vampire Noble
    Howlpack Wolf
--> Obsessive Skinner
    Invasive Surgery
    Crawling Sensation
    Always Watching
    Solitary Hunter
    Forest

--: Silent Observer

--: Graf Mole

--: Graf Mole

Pack 3 pick 3:
    Silent Observer
    Inspiring Captain
    Catalog
    Pyre Hound
    Might Beyond Reason
    Stromkirk Mentor
    Tormenting Voice
    Clip Wings
    Shard of Broken Glass
    Humble the Brute
--> Graf Mole
    Hinterland Logger
    Forest

--: Angelic Purge

--: Broken Concentration

--: Harvest Hand

--: Harvest Hand

Pack 3 pick 4:
    Angelic Purge
    Vessel of Paramnesia
    Chaplain's Blessing
    Sanitarium Skeleton
    True-Faith Censer
    Magmatic Chasm
    Vessel of Nascency
    Twins of Maurer Estate
    Structural Distortion
    Broken Concentration
--> Harvest Hand
    Swamp

--: Cathar's Companion

--: Gone Missing

Pack 3 pick 5:
    Cathar's Companion
    Militant Inquisitor
    Moorland Drifter
--> Gone Missing
    Vampire Noble
    Howlpack Wolf
    Fork in the Road
    Dissension in the Ranks
    Spiteful Motives
    Town Gossipmonger
    Forest

--: Expose Evil

--: Crawling Sensation

Pack 3 pick 6:
    Expose Evil
    Gone Missing
    Moldgraf Scavenger
    Ethereal Guidance
    Grotesque Mutation
    Vampire Noble
    Howlpack Wolf
--> Crawling Sensation
    Solitary Hunter
    Forest

--: Silent Observer

--: Might Beyond Reason

--: Clip Wings

Pack 3 pick 7:
    Silent Observer
    Inspiring Captain
    Catalog
    Might Beyond Reason
    Stromkirk Mentor
    Tormenting Voice
--> Clip Wings
    Shard of Broken Glass
    Forest

--: Vessel of Paramnesia

--: Vessel of Nascency

--: Vessel of Nascency

Pack 3 pick 8:
    Vessel of Paramnesia
    Chaplain's Blessing
    Sanitarium Skeleton
    Magmatic Chasm
--> Vessel of Nascency
    Structural Distortion
    Broken Concentration
    Swamp

--: Cathar's Companion

--: Fork in the Road

Pack 3 pick 9:
    Cathar's Companion
    Vampire Noble
    Howlpack Wolf
--> Fork in the Road
    Dissension in the Ranks
    Town Gossipmonger
    Forest

--: Expose Evil

--: Moldgraf Scavenger

Pack 3 pick 10:
    Expose Evil
--> Moldgraf Scavenger
    Ethereal Guidance
    Grotesque Mutation
    Howlpack Wolf
    Forest

--: Silent Observer

--: Silent Observer

Pack 3 pick 11:
--> Silent Observer
    Might Beyond Reason
    Stromkirk Mentor
    Tormenting Voice
    Forest

--: Vessel of Paramnesia

--: Vessel of Paramnesia

Pack 3 pick 12:
--> Vessel of Paramnesia
    Chaplain's Blessing
    Magmatic Chasm
    Swamp

--: Vampire Noble

--: Howlpack Wolf

Pack 3 pick 13:
    Vampire Noble
--> Howlpack Wolf
    Forest

--: Howlpack Wolf

--: Howlpack Wolf

Pack 3 pick 14:
--> Howlpack Wolf
    Forest

--: Forest

--: Forest

Pack 3 pick 15:
--> Forest

