Event #: 9787292
Time:    6/8/2016 9:38:34 AM
Players:
--> feelsboostedman5
    AngryIrishMan7177
    Televangelon
    RPMercier

--: Thing in the Ice

--: Thing in the Ice

------ SOI ------ 

Pack 1 pick 1:
--> Thing in the Ice
    Pieces of the Puzzle
    Thraben Inspector
    Wicker Witch
    Strength of Arms
    Magmatic Chasm
    Stoic Builder
    Crow of Dark Tidings
    Uncaged Fury
    Geistblast
    Pick the Brain
    Malevolent Whispers
    Epiphany at the Drownyard
    Harvest Hand
    Island

--: Triskaidekaphobia

--: Nearheath Chaplain

Pack 1 pick 2:
    Deny Existence
    Stormrider Spirit
    Hound of the Farbogs
    Ethereal Guidance
    Drownyard Explorers
    Grotesque Mutation
    Vampire Noble
    Howlpack Wolf
    Creeping Dread
    Moonlight Hunt
--> Nearheath Chaplain
    Triskaidekaphobia
    Convicted Killer
    Forest

--: Fevered Visions

--: Fiery Temper

--: Fiery Temper

--: Fiery Temper

--: Fiery Temper

Pack 1 pick 3:
    Vessel of Ephemera
    Vessel of Paramnesia
    Angelic Purge
    Vessel of Volatility
    Thornhide Wolves
    Rancid Rats
--> Fiery Temper
    Loam Dryad
    Wicker Witch
    Tooth Collector
    Ulrich's Kindred
    Fevered Visions
    Island

--: Foreboding Ruins

--: Tormenting Voice

--: Stromkirk Mentor

--: Stitched Mangler

--: Tormenting Voice

--: Tormenting Voice

Pack 1 pick 4:
    Stitched Mangler
    Expose Evil
    Deny Existence
    Macabre Waltz
    Might Beyond Reason
    Stromkirk Mentor
--> Tormenting Voice
    Hound of the Farbogs
    Obsessive Skinner
    Humble the Brute
    Foreboding Ruins
    Mountain

--: Epiphany at the Drownyard

--: Geistblast

--: Geistblast

Pack 1 pick 5:
    Pieces of the Puzzle
    Wicker Witch
    Strength of Arms
    Stoic Builder
    Crow of Dark Tidings
--> Geistblast
    Pick the Brain
    Malevolent Whispers
    Epiphany at the Drownyard
    Harvest Hand
    Island

--: Deny Existence

--: Drownyard Explorers

--: Drownyard Explorers

Pack 1 pick 6:
    Deny Existence
    Stormrider Spirit
    Hound of the Farbogs
    Ethereal Guidance
--> Drownyard Explorers
    Vampire Noble
    Howlpack Wolf
    Creeping Dread
    Convicted Killer
    Forest

--: Fevered Visions

--: Fevered Visions

Pack 1 pick 7:
    Vessel of Ephemera
    Vessel of Paramnesia
    Angelic Purge
    Vessel of Volatility
    Thornhide Wolves
    Wicker Witch
    Tooth Collector
--> Fevered Visions
    Island

--: Foreboding Ruins

--: Stitched Mangler

Pack 1 pick 8:
--> Stitched Mangler
    Expose Evil
    Deny Existence
    Macabre Waltz
    Hound of the Farbogs
    Humble the Brute
    Foreboding Ruins
    Mountain

--: Epiphany at the Drownyard

--: Epiphany at the Drownyard

--: Epiphany at the Drownyard

Pack 1 pick 9:
    Pieces of the Puzzle
    Wicker Witch
    Strength of Arms
    Pick the Brain
--> Epiphany at the Drownyard
    Harvest Hand
    Island

--: Deny Existence

--: Stormrider Spirit

Pack 1 pick 10:
    Deny Existence
--> Stormrider Spirit
    Ethereal Guidance
    Vampire Noble
    Howlpack Wolf
    Forest

--: Vessel of Ephemera

--: Vessel of Paramnesia

Pack 1 pick 11:
    Vessel of Ephemera
--> Vessel of Paramnesia
    Vessel of Volatility
    Wicker Witch
    Island

--: Expose Evil

--: Deny Existence

Pack 1 pick 12:
    Expose Evil
--> Deny Existence
    Hound of the Farbogs
    Mountain

--: Pieces of the Puzzle

--: Pieces of the Puzzle

Pack 1 pick 13:
--> Pieces of the Puzzle
    Wicker Witch
    Island

--: Deny Existence

--: Deny Existence

Pack 1 pick 14:
--> Deny Existence
    Forest

--: Island

--: Island

Pack 1 pick 15:
--> Island

--: Tamiyo's Journal

--: Mad Prophet

--: Mad Prophet

------ SOI ------ 

Pack 2 pick 1:
    Inspiring Captain
    Catalog
    Survive the Night
    Gone Missing
    Moldgraf Scavenger
    Ethereal Guidance
    Sanguinary Mage
    Fork in the Road
    Shamble Back
    Gisa's Bidding
    Trail of Evidence
--> Mad Prophet
    Tamiyo's Journal
    Heir of Falkenrath
    Swamp

--: Scourge Wolf

--: Scourge Wolf

--: Scourge Wolf

Pack 2 pick 2:
    Stitched Mangler
    Expose Evil
    Deny Existence
    Ember-Eye Wolf
    Equestrian Skill
    Macabre Waltz
    Pyre Hound
    Senseless Rage
    Invasive Surgery
    Graf Mole
    Forsaken Sanctuary
--> Scourge Wolf
    Hinterland Logger
    Forest

--: Stitched Mangler

--: Broken Concentration

--: Broken Concentration

Pack 2 pick 3:
    Stitched Mangler
    Expose Evil
    Deny Existence
    Hulking Devil
    Kessig Dire Swine
    Ember-Eye Wolf
    Equestrian Skill
    Ethereal Guidance
--> Broken Concentration
    Graf Mole
    Woodland Stream
    Autumnal Gloom
    Island

--: Invocation of Saint Traft

--: Jace's Scrutiny

--: Insolent Neonate

--: Insolent Neonate

Pack 2 pick 4:
    Chaplain's Blessing
    Jace's Scrutiny
    Dauntless Cathar
    Moorland Drifter
    Warped Landscape
--> Insolent Neonate
    Watcher in the Web
    Crow of Dark Tidings
    Gloomwidow
    Broken Concentration
    Invocation of Saint Traft
    Plains

--: Inspiring Captain

--: Catalog

Pack 2 pick 5:
    Inspiring Captain
--> Catalog
    Survive the Night
    Gone Missing
    Moldgraf Scavenger
    Ethereal Guidance
    Sanguinary Mage
    Fork in the Road
    Shamble Back
    Trail of Evidence
    Swamp

--: Stitched Mangler

--: Pyre Hound

Pack 2 pick 6:
    Stitched Mangler
    Expose Evil
    Deny Existence
    Equestrian Skill
    Macabre Waltz
--> Pyre Hound
    Senseless Rage
    Invasive Surgery
    Forsaken Sanctuary
    Forest

--: Stitched Mangler

--: Stitched Mangler

Pack 2 pick 7:
--> Stitched Mangler
    Expose Evil
    Deny Existence
    Hulking Devil
    Ethereal Guidance
    Graf Mole
    Woodland Stream
    Autumnal Gloom
    Island

--: Invocation of Saint Traft

--: Jace's Scrutiny

Pack 2 pick 8:
    Chaplain's Blessing
--> Jace's Scrutiny
    Dauntless Cathar
    Moorland Drifter
    Warped Landscape
    Broken Concentration
    Invocation of Saint Traft
    Plains

--: Inspiring Captain

--: Sanguinary Mage

Pack 2 pick 9:
    Inspiring Captain
    Survive the Night
    Gone Missing
    Ethereal Guidance
--> Sanguinary Mage
    Trail of Evidence
    Swamp

--: Stitched Mangler

--: Stitched Mangler

Pack 2 pick 10:
--> Stitched Mangler
    Expose Evil
    Deny Existence
    Invasive Surgery
    Forsaken Sanctuary
    Forest

--: Expose Evil

--: Hulking Devil

Pack 2 pick 11:
    Expose Evil
    Deny Existence
--> Hulking Devil
    Woodland Stream
    Island

--: Chaplain's Blessing

--: Broken Concentration

Pack 2 pick 12:
    Chaplain's Blessing
    Warped Landscape
--> Broken Concentration
    Plains

--: Gone Missing

--: Gone Missing

Pack 2 pick 13:
--> Gone Missing
    Trail of Evidence
    Swamp

--: Invasive Surgery

--: Invasive Surgery

Pack 2 pick 14:
--> Invasive Surgery
    Forest

--: Island

--: Island

Pack 2 pick 15:
--> Island

--: Sigarda, Heron's Grace

--: Stallion of Ashmouth

--: Vessel of Ephemera

--: Manic Scribe

--: Nearheath Chaplain

--: Plains

--: Skin Invasion

--: Alms of the Vein

--: Confront the Unknown

--: Lamplighter of Selhoff

--: Nagging Thoughts

--: Rabid Bite

--: Reduce to Ashes

--: Nagging Thoughts

--: Reduce to Ashes

--: Skin Invasion

--: Reduce to Ashes

--: Skin Invasion

--: Reduce to Ashes

--: Inner Struggle

--: Inner Struggle

------ SOI ------ 

Pack 3 pick 1:
    Nagging Thoughts
    Vessel of Ephemera
    Lamplighter of Selhoff
    Rush of Adrenaline
    Rabid Bite
    Alms of the Vein
    Reduce to Ashes
    Confront the Unknown
    Stallion of Ashmouth
    Manic Scribe
--> Inner Struggle
    Nearheath Chaplain
    Sigarda, Heron's Grace
    Skin Invasion
    Plains

--: Odric, Lunarch Marshal

--: Jace's Scrutiny

--: Jace's Scrutiny

Pack 3 pick 2:
    Chaplain's Blessing
--> Jace's Scrutiny
    Dauntless Cathar
    Farbog Revenant
    Rush of Adrenaline
    Merciless Resolve
    Shard of Broken Glass
    Sanitarium Skeleton
    Trail of Evidence
    Topplegeist
    Morkrut Necropod
    Odric, Lunarch Marshal
    Harvest Hand
    Mountain

--: From Under the Floorboards

--: Fleeting Memories

--: Press for Answers

--: Rush of Adrenaline

--: Press for Answers

--: Rush of Adrenaline

--: Rush of Adrenaline

Pack 3 pick 3:
    Stern Constable
    Press for Answers
    Dauntless Cathar
    Farbog Revenant
--> Rush of Adrenaline
    Alms of the Vein
    Magmatic Chasm
    Not Forgotten
    Gisa's Bidding
    Fleeting Memories
    From Under the Floorboards
    Duskwatch Recruiter
    Island

--: Inquisitor's Ox

--: Just the Wind

--: Rise from the Tides

--: Alms of the Vein

--: Rise from the Tides

--: Alms of the Vein

--: Rise from the Tides

--: Rise from the Tides

--: Rise from the Tides

Pack 3 pick 4:
    Inquisitor's Ox
    Just the Wind
    Alms of the Vein
    Dual Shot
    Confront the Unknown
    Throttle
    True-Faith Censer
    Obsessive Skinner
    Ghoulsteed
--> Rise from the Tides
    Kindly Stranger
    Plains

--: Sigarda, Heron's Grace

--: Manic Scribe

--: Nearheath Chaplain

--: Alms of the Vein

--: Confront the Unknown

--: Lamplighter of Selhoff

--: Nagging Thoughts

--: Rush of Adrenaline

--: Stallion of Ashmouth

--: Vessel of Ephemera

--: Plains

--: Rush of Adrenaline

--: Rush of Adrenaline

--: Lamplighter of Selhoff

--: Lamplighter of Selhoff

Pack 3 pick 5:
    Nagging Thoughts
    Vessel of Ephemera
--> Lamplighter of Selhoff
    Rush of Adrenaline
    Alms of the Vein
    Confront the Unknown
    Stallion of Ashmouth
    Manic Scribe
    Nearheath Chaplain
    Sigarda, Heron's Grace
    Plains

--: Odric, Lunarch Marshal

--: Rush of Adrenaline

--: Rush of Adrenaline

Pack 3 pick 6:
    Chaplain's Blessing
    Dauntless Cathar
--> Rush of Adrenaline
    Merciless Resolve
    Shard of Broken Glass
    Trail of Evidence
    Morkrut Necropod
    Odric, Lunarch Marshal
    Harvest Hand
    Mountain

--: Stern Constable

--: Press for Answers

--: Press for Answers

Pack 3 pick 7:
    Stern Constable
--> Press for Answers
    Dauntless Cathar
    Farbog Revenant
    Alms of the Vein
    Not Forgotten
    Gisa's Bidding
    Fleeting Memories
    Island

--: Inquisitor's Ox

--: Just the Wind

--: Just the Wind

Pack 3 pick 8:
    Inquisitor's Ox
--> Just the Wind
    Confront the Unknown
    Throttle
    True-Faith Censer
    Ghoulsteed
    Kindly Stranger
    Plains

--: Sigarda, Heron's Grace

--: Nagging Thoughts

Pack 3 pick 9:
--> Nagging Thoughts
    Vessel of Ephemera
    Stallion of Ashmouth
    Manic Scribe
    Nearheath Chaplain
    Sigarda, Heron's Grace
    Plains

--: Chaplain's Blessing

--: Trail of Evidence

Pack 3 pick 10:
    Chaplain's Blessing
    Dauntless Cathar
    Merciless Resolve
    Shard of Broken Glass
--> Trail of Evidence
    Mountain

--: Dauntless Cathar

--: Fleeting Memories

Pack 3 pick 11:
    Dauntless Cathar
    Alms of the Vein
    Not Forgotten
--> Fleeting Memories
    Island

--: Inquisitor's Ox

--: Kindly Stranger

Pack 3 pick 12:
    Inquisitor's Ox
    Ghoulsteed
--> Kindly Stranger
    Plains

--: Vessel of Ephemera

--: Manic Scribe

Pack 3 pick 13:
    Vessel of Ephemera
--> Manic Scribe
    Plains

--: Chaplain's Blessing

--: Chaplain's Blessing

Pack 3 pick 14:
--> Chaplain's Blessing
    Mountain

--: Island

--: Island

Pack 3 pick 15:
--> Island

