Event #: 9811593
Time:    6/15/2016 3:11:17 PM
Players:
    Skwiskar664
--> baronvonfonz
    Jwd0809
    Temedar
    ATravellingMan
    Irving
    Xeero
    meszarszek

--: Midnight Banshee

--: Incremental Blight

--: Incremental Blight

------ SHM ------ 

Pack 1 pick 1:
    Blistering Dieflyn
    Presence of Gond
    Shield of the Oversoul
    Kinscaer Harpoonist
    Cultbrand Cinder
    Mudbrawler Cohort
    Zealous Guardian
    Rite of Consumption
    Bloodshed Fever
    Loamdragger Giant
    Put Away
--> Incremental Blight
    Wilt-Leaf Cavaliers
    Umbral Mantle
    Midnight Banshee

--: Polluted Bonds

--: Repel Intruders

Pack 1 pick 2:
    Gravelgill Axeshark
    Sootstoke Kindler
    Steel of the Godhead
    Safehold Elite
    Nurturer Initiate
    Mudbrawler Raiders
    Ashenmoor Cohort
    Thornwatch Scarecrow
    Mine Excavation
    Spell Syphon
    Inescapable Brute
    Moonring Island
--> Repel Intruders
    Polluted Bonds

--: Safehold Duo

--: Gloomwidow

--: Gloomwidow

Pack 1 pick 3:
    Safehold Duo
    Wingrattle Scarecrow
    Old Ghastbark
    Ghastly Discovery
    Oona's Gatewarden
    Scrapbasket
    Strip Bare
    Drowner Initiate
    Scarscale Ritual
    Intimidator Initiate
--> Gloomwidow
    Tattermunge Maniac
    Mistveil Plains

--: Puca's Mischief

--: Repel Intruders

--: Mistmeadow Skulk

--: Mistmeadow Skulk

Pack 1 pick 4:
    Sootstoke Kindler
    Nurturer Initiate
    Torture
    Thornwatch Scarecrow
    Mine Excavation
    Spell Syphon
    Inescapable Brute
    Foxfire Oak
--> Mistmeadow Skulk
    Wild Swing
    Repel Intruders
    Puca's Mischief

--: Steel of the Godhead

--: Grief Tyrant

Pack 1 pick 5:
    Steel of the Godhead
    Rattleblaze Scarecrow
    Devoted Druid
    Disturbing Plot
    Giantbaiting
    Blazethorn Scarecrow
    Emberstrike Duo
    Gleeful Sabotage
    Kithkin Shielddare
    Raking Canopy
--> Grief Tyrant

--: Runes of the Deus

--: Gloomwidow

Pack 1 pick 6:
    Runes of the Deus
    Safehold Duo
    Medicine Runner
    Ghastly Discovery
    Wildslayer Elves
    Rite of Consumption
    Inquisitor's Snare
    Put Away
--> Gloomwidow
    Horde of Boggarts

--: Cemetery Puca

--: Juvenile Gloomwidow

Pack 1 pick 7:
    Torture
    Fists of the Demigod
--> Juvenile Gloomwidow
    Thornwatch Scarecrow
    Apothecary Initiate
    Fate Transfer
    Toil to Renown
    Raking Canopy
    Cemetery Puca

--: Mossbridge Troll

--: Mossbridge Troll

--: Mossbridge Troll

Pack 1 pick 8:
    Cinderhaze Wretch
    Scar
    Boggart Arsonists
    Inquisitor's Snare
    Gloomwidow's Feast
    Manaforge Cinder
    Heap Doll
--> Mossbridge Troll

--: Presence of Gond

--: Umbral Mantle

Pack 1 pick 9:
    Presence of Gond
    Kinscaer Harpoonist
    Rite of Consumption
    Bloodshed Fever
    Loamdragger Giant
    Put Away
--> Umbral Mantle

--: Gravelgill Axeshark

--: Nurturer Initiate

Pack 1 pick 10:
    Gravelgill Axeshark
--> Nurturer Initiate
    Ashenmoor Cohort
    Thornwatch Scarecrow
    Mine Excavation
    Moonring Island

--: Old Ghastbark

--: Old Ghastbark

Pack 1 pick 11:
--> Old Ghastbark
    Scrapbasket
    Strip Bare
    Drowner Initiate
    Scarscale Ritual

--: Nurturer Initiate

--: Foxfire Oak

Pack 1 pick 12:
    Nurturer Initiate
    Mine Excavation
    Inescapable Brute
--> Foxfire Oak

--: Rattleblaze Scarecrow

--: Blazethorn Scarecrow

--: Disturbing Plot

--: Disturbing Plot

Pack 1 pick 13:
    Rattleblaze Scarecrow
--> Disturbing Plot
    Blazethorn Scarecrow

--: Ghastly Discovery

--: Ghastly Discovery

Pack 1 pick 14:
--> Ghastly Discovery
    Put Away

--: Toil to Renown

--: Toil to Renown

Pack 1 pick 15:
--> Toil to Renown

--: Painter's Servant

--: Painter's Servant

--: Tatterkite

--: Tatterkite

------ SHM ------ 

Pack 2 pick 1:
    Morselhoarder
    Wingrattle Scarecrow
    Shield of the Oversoul
    Merrow Wavebreakers
    Gloomlance
    Boggart Arsonists
    Loamdragger Giant
    Drowner Initiate
    Pili-Pala
    Bloodshed Fever
    Manamorphose
--> Tatterkite
    Armored Ascension
    Blowfly Infestation
    Painter's Servant

--: Dusk Urchins

--: Flame Javelin

--: Flame Javelin

Pack 2 pick 2:
    Sootwalkers
    Blistering Dieflyn
    Plains
    Shield of the Oversoul
    Kinscaer Harpoonist
    Cultbrand Cinder
    Niveous Wisps
    Zealous Guardian
    Rite of Consumption
    Bloodshed Fever
    Loamdragger Giant
--> Flame Javelin
    Deepchannel Mentor
    Dusk Urchins

--: Old Ghastbark

--: Raven's Run Dragoon

Pack 2 pick 3:
    Old Ghastbark
    Merrow Wavebreakers
    Scar
    Mudbrawler Cohort
--> Raven's Run Dragoon
    Chainbreaker
    Sinking Feeling
    Goldenglow Moth
    Smash to Smithereens
    Hungry Spriggan
    Loch Korrigan
    Wicker Warcrawler
    Inkfathom Witch

--: Shield of the Oversoul

--: Gnarled Effigy

--: Gnarled Effigy

Pack 2 pick 4:
    Shield of the Oversoul
    Merrow Wavebreakers
    Gloomlance
    Boggart Arsonists
    Raven's Run Dragoon
    Pili-Pala
    Bloodshed Fever
    Manamorphose
    Turn to Mist
    Flow of Ideas
--> Gnarled Effigy
    Heap Doll

--: Dire Undercurrents

--: Crabapple Cohort

Pack 2 pick 5:
    Torpor Dust
    Blight Sickle
--> Crabapple Cohort
    Gravelgill Axeshark
    Barrenton Medic
    Whimwader
    Giantbaiting
    Viridescent Wisps
    Ashenmoor Cohort
    Inkfathom Witch
    Dire Undercurrents

--: Boggart Arsonists

--: Medicine Runner

Pack 2 pick 6:
    Boggart Arsonists
    Raven's Run Dragoon
    Runes of the Deus
--> Medicine Runner
    Kinscaer Harpoonist
    Cinderhaze Wretch
    Scarscale Ritual
    Cerulean Wisps
    Wicker Warcrawler
    Lurebound Scarecrow

--: Gloomlance

--: Elsewhere Flask

Pack 2 pick 7:
    Gloomlance
    Chainbreaker
    Last Breath
    Cerulean Wisps
    Strip Bare
    Hungry Spriggan
--> Elsewhere Flask
    Tatterkite
    Lockjaw Snapper

--: Blight Sickle

--: Pili-Pala

Pack 2 pick 8:
    Blight Sickle
    Traitor's Roar
    Gravelgill Duo
    Memory Sluice
    Poison the Well
    Foxfire Oak
--> Pili-Pala
    Cinderbones

--: Wingrattle Scarecrow

--: Blowfly Infestation

Pack 2 pick 9:
    Wingrattle Scarecrow
    Gloomlance
    Boggart Arsonists
    Loamdragger Giant
    Drowner Initiate
    Bloodshed Fever
--> Blowfly Infestation

--: Blistering Dieflyn

--: Cultbrand Cinder

Pack 2 pick 10:
    Blistering Dieflyn
    Plains
--> Cultbrand Cinder
    Rite of Consumption
    Bloodshed Fever
    Loamdragger Giant

--: Scar

--: Wicker Warcrawler

Pack 2 pick 11:
    Scar
    Sinking Feeling
    Smash to Smithereens
    Loch Korrigan
--> Wicker Warcrawler

--: Gloomlance

--: Gloomlance

Pack 2 pick 12:
--> Gloomlance
    Pili-Pala
    Bloodshed Fever
    Heap Doll

--: Barrenton Medic

--: Barrenton Medic

--: Barrenton Medic

Pack 2 pick 13:
--> Barrenton Medic
    Whimwader
    Ashenmoor Cohort

--: Cinderhaze Wretch

--: Cinderhaze Wretch

Pack 2 pick 14:
--> Cinderhaze Wretch
    Cerulean Wisps

--: Lockjaw Snapper

--: Lockjaw Snapper

Pack 2 pick 15:
--> Lockjaw Snapper

--: Hollowborn Barghest

--: Viridescent Wisps

--: Biting Tether

------ SHM ------ 

Pack 3 pick 1:
    Blight Sickle
    Somnomancer
    Crabapple Cohort
    Æthertow
    Gravelgill Axeshark
    Sootstoke Kindler
    Whimwader
    Giantbaiting
    Viridescent Wisps
    Ashenmoor Cohort
    Thornwatch Scarecrow
    Mistmeadow Skulk
    Cursecatcher
--> Biting Tether
    Hollowborn Barghest

--: Ballynock Cohort

--: Pili-Pala

--: Inkfathom Infiltrator

Pack 3 pick 2:
    Ballynock Cohort
    Crabapple Cohort
    Traitor's Roar
    Gravelgill Duo
    Torture
    Fists of the Demigod
    Foxfire Oak
    Pili-Pala
    Cinderbones
    Apothecary Initiate
    Fate Transfer
    Sapseep Forest
    Guttural Response
--> Inkfathom Infiltrator

--: Safehold Elite

--: Safehold Elite

--: Safehold Elite

Pack 3 pick 3:
--> Safehold Elite
    Barkshell Blessing
    Mudbrawler Raiders
    Sickle Ripper
    Parapet Watchers
    Blight Sickle
    Safewright Quest
    Splitting Headache
    Barrenton Medic
    Memory Sluice
    Poison the Well
    Mistveil Plains
    Lockjaw Snapper

--: Safehold Duo

--: Tatterkite

Pack 3 pick 4:
    Safehold Duo
    Wingrattle Scarecrow
    Old Ghastbark
    Ghastly Discovery
    Strip Bare
    Drowner Initiate
    Scarscale Ritual
    Intimidator Initiate
    Sinking Feeling
--> Tatterkite
    Thoughtweft Gambit
    Crowd of Cinders

--: Blight Sickle

--: Ballynock Cohort

Pack 3 pick 5:
    Blight Sickle
--> Ballynock Cohort
    Crabapple Cohort
    Traitor's Roar
    Gravelgill Duo
    Torture
    Poison the Well
    Foxfire Oak
    Pili-Pala
    Apothecary Initiate
    Resplendent Mentor

--: Aphotic Wisps

--: Hollowsage

Pack 3 pick 6:
    Aphotic Wisps
    Chainbreaker
    Last Breath
    Briarberry Cohort
    Blistering Dieflyn
    Hungry Spriggan
    Niveous Wisps
    Zealous Guardian
    Gnarled Effigy
--> Hollowsage

--: Counterbore

--: Wasp Lancer

Pack 3 pick 7:
    Rattleblaze Scarecrow
    Disturbing Plot
    Nurturer Initiate
    Kithkin Shielddare
    Prismwake Merrow
    Lockjaw Snapper
    Kithkin Rabble
--> Wasp Lancer
    Counterbore

--: Cinderhaze Wretch

--: Gloomwidow's Feast

Pack 3 pick 8:
    Cinderhaze Wretch
    Scar
    Boggart Arsonists
    Presence of Gond
--> Gloomwidow's Feast
    Safewright Quest
    Scuzzback Scrapper
    Elvish Hexhunter

--: Blight Sickle

--: Mistmeadow Skulk

Pack 3 pick 9:
    Blight Sickle
    Gravelgill Axeshark
    Whimwader
    Viridescent Wisps
    Ashenmoor Cohort
    Thornwatch Scarecrow
--> Mistmeadow Skulk

--: Traitor's Roar

--: Cinderbones

Pack 3 pick 10:
    Traitor's Roar
    Torture
    Foxfire Oak
--> Cinderbones
    Fate Transfer
    Sapseep Forest

--: Parapet Watchers

--: Splitting Headache

Pack 3 pick 11:
    Parapet Watchers
    Safewright Quest
--> Splitting Headache
    Memory Sluice
    Lockjaw Snapper

--: Old Ghastbark

--: Strip Bare

Pack 3 pick 12:
    Old Ghastbark
    Ghastly Discovery
--> Strip Bare
    Sinking Feeling

--: Blight Sickle

--: Torture

Pack 3 pick 13:
    Blight Sickle
--> Torture
    Foxfire Oak

--: Chainbreaker

--: Chainbreaker

Pack 3 pick 14:
--> Chainbreaker
    Niveous Wisps

--: Disturbing Plot

--: Disturbing Plot

Pack 3 pick 15:
--> Disturbing Plot

