Event #: 9890331
Time:    7/9/2016 2:09:34 PM
Players:
    Tomhotch
    Spitzbub
    Dj_EaRtHmOVaH
    beigen
--> changkm
    chriseay
    kaze
    lukas89

--: Control Magic

--: Jace, Vryn's Prodigy

--: Ponder

--: Ponder

------ C03 ------ 

Pack 1 pick 1:
    Knight of the White Orchid
    Jace, Vryn's Prodigy
    Control Magic
--> Ponder
    Painful Truths
    Griselbrand
    Wheel of Fortune
    Thundermaw Hellkite
    Wall of Roots
    Freyalise, Llanowar's Fury
    Hedron Archive
    Mishra's Factory
    Sword of Light and Shadow
    Mirari's Wake
    Verdant Catacombs

--: Craterhoof Behemoth

--: Counterspell

--: Counterspell

Pack 1 pick 2:
    Mardu Woe-Reaper
    Unexpectedly Absent
--> Counterspell
    Braids, Cabal Minion
    Oona's Prowler
    Rift Bolt
    Monastery Swiftspear
    Oath of Nissa
    Craterhoof Behemoth
    Rakdos's Return
    Lightning Helix
    Tidehollow Sculler
    Baleful Strix
    Worn Powerstone

--: Angel of Serenity

--: Daze

--: Selesnya Signet

--: Selesnya Signet

Pack 1 pick 3:
    Timely Reinforcements
    Angel of Serenity
    Daze
    Tasigur, the Golden Fang
    Damnation
    Tendrils of Agony
    Bonfire of the Damned
    Fiery Confluence
    Scavenging Ooze
    Terminate
    Lumbering Falls
    Lotus Bloom
--> Selesnya Signet

--: Dragonlord Atarka

--: Arid Mesa

--: Arid Mesa

Pack 1 pick 4:
    War Priest of Thune
    Disenchant
    Meloku the Clouded Mirror
    Nezumi Graverobber
    Living Death
    Exquisite Firecraft
    Flametongue Kavu
    Primal Command
--> Arid Mesa
    Dragonlord Atarka
    Temple of Plenty
    Electrolyze

--: Kytheon, Hero of Akros

--: Scrubland

--: Mox Diamond

--: Mox Diamond

Pack 1 pick 5:
    Kytheon, Hero of Akros
    Oblivion Ring
    Bone Shredder
    Massacre Wurm
    Smash to Smithereens
    Arbor Elf
    Woodfall Primus
--> Mox Diamond
    Boros Charm
    Scrubland
    Maelstrom Pulse

--: Kozilek, the Great Distortion

--: Repeal

--: Repeal

Pack 1 pick 6:
    Leonin Relic-Warder
    Mana Tithe
--> Repeal
    Puppeteer Clique
    Shallow Grave
    Outpost Siege
    Sidisi, Undead Vizier
    Temple of Malice
    Stomping Ground
    Kozilek, the Great Distortion

--: Sheoldred, Whispering One

--: Duress

--: Taiga

--: Duress

--: Duress

--: Taiga

Pack 1 pick 7:
    Fiend Hunter
    Duress
    Sheoldred, Whispering One
    Manic Vandal
    Wall of Blossoms
    Smokestack
--> Taiga
    Shadowmage Infiltrator
    Abrupt Decay

--: Anguished Unmaking

--: Trygon Predator

--: Trygon Predator

Pack 1 pick 8:
    Spectral Procession
    Mental Misstep
    Ultimate Price
    Seething Song
--> Trygon Predator
    Anguished Unmaking
    Spellskite
    Kuldotha Forgemaster

--: Thundermaw Hellkite

Pack 1 pick 9:
    Knight of the White Orchid
    Painful Truths
    Thundermaw Hellkite
    Mishra's Factory
    Sword of Light and Shadow
    Mirari's Wake
--> Verdant Catacombs

--: Unexpectedly Absent

--: Unexpectedly Absent

--: Unexpectedly Absent

Pack 1 pick 10:
    Mardu Woe-Reaper
--> Unexpectedly Absent
    Braids, Cabal Minion
    Oona's Prowler
    Lightning Helix
    Tidehollow Sculler

--: Bonfire of the Damned

Pack 1 pick 11:
    Tasigur, the Golden Fang
--> Tendrils of Agony
    Bonfire of the Damned
    Terminate
    Lotus Bloom

--: Temple of Plenty

--: Electrolyze

Pack 1 pick 12:
    War Priest of Thune
    Nezumi Graverobber
    Temple of Plenty
--> Electrolyze

--: Kytheon, Hero of Akros

--: Maelstrom Pulse

Pack 1 pick 13:
    Kytheon, Hero of Akros
    Massacre Wurm
--> Maelstrom Pulse

--: Puppeteer Clique

Pack 1 pick 14:
--> Puppeteer Clique
    Sidisi, Undead Vizier

--: Smokestack

Pack 1 pick 15:
--> Smokestack

--: Primeval Titan

--: Dig Through Time

------ C03 ------ 

Pack 2 pick 1:
    Flickerwisp
    Riftwing Cloudskate
    Sower of Temptation
--> Dig Through Time
    Ophiomancer
    Yawgmoth's Bargain
    Char
    Grim Lavamancer
    Primeval Titan
    Archangel of Thune
    Olivia Voldaren
    Mutavault
    Sword of War and Peace
    Nevinyrral's Disk
    Hissing Quagmire

--: Gideon, Ally of Zendikar

--: Glen Elendra Archmage

Pack 2 pick 2:
    Gideon, Ally of Zendikar
    Ravages of War
--> Glen Elendra Archmage
    Thirst for Knowledge
    Hero's Downfall
    Imperial Seal
    Zurgo Bellstriker
    Tooth and Nail
    Fauna Shaman
    Geist of Saint Traft
    Bring to Light
    Batterskull
    Stirring Wildwood
    Staff of Domination

--: Moat

--: Treachery

Pack 2 pick 3:
    Exalted Angel
    Moat
--> Treachery
    Timetwister
    Nekrataal
    Daretti, Scrap Savant
    Falkenrath Gorger
    Harmonize
    Beast Within
    Lavaclaw Reaches
    Shambling Vent
    Savannah
    Pentad Prism

--: Winter Orb

--: Mana Drain

Pack 2 pick 4:
    Academy Rector
--> Mana Drain
    Gifts Ungiven
    Hymn to Tourach
    Pack Rat
    Goblin Welder
    Torch Fiend
    Eureka
    Rakdos Signet
    Winter Orb
    Temple Garden
    Temple of Malady

--: Soulfire Grand Master

--: Ral Zarek

Pack 2 pick 5:
    Soulfire Grand Master
    Academy Ruins
    Treasure Cruise
    Skinrender
    Bazaar of Baghdad
    Magus of the Moon
    Opposition
    Celestial Colonnade
    Ulamog, the Ceaseless Hunger
    Pithing Needle
--> Ral Zarek

--: Baneslayer Angel

--: Xenagos, the Reveler

--: Xenagos, the Reveler

Pack 2 pick 6:
    Banisher Priest
    Baneslayer Angel
    Thada Adel, Acquisitor
    Brainstorm
    Gurmag Angler
    Brimstone Volley
    Seasons Past
    Bloodstained Mire
--> Xenagos, the Reveler
    Garruk, Apex Predator

--: Basalt Monolith

--: Blood Crypt

Pack 2 pick 7:
    Brimaz, King of Oreskos
    Elspeth, Knight-Errant
    Time Spiral
    Vampire Nighthawk
    Crater's Claws
--> Blood Crypt
    Ulamog, the Infinite Gyre
    Phyrexian Revoker
    Basalt Monolith

--: Iona, Shield of Emeria

--: Conclave Naturalists

--: Urborg, Tomb of Yawgmoth

--: Izzet Charm

--: Conclave Naturalists

--: Izzet Charm

--: Conclave Naturalists

--: Izzet Charm

--: Conclave Naturalists

--: Izzet Charm

--: Conclave Naturalists

Pack 2 pick 8:
    Spear of Heliod
    Grim Tutor
    Iona, Shield of Emeria
    Conclave Naturalists
    Urborg, Tomb of Yawgmoth
    Lingering Souls
    Tezzeret, Agent of Bolas
--> Izzet Charm

--: Archangel of Thune

--: Riftwing Cloudskate

Pack 2 pick 9:
    Flickerwisp
--> Riftwing Cloudskate
    Yawgmoth's Bargain
    Archangel of Thune
    Olivia Voldaren
    Sword of War and Peace
    Nevinyrral's Disk

--: Geist of Saint Traft

--: Thirst for Knowledge

Pack 2 pick 10:
    Ravages of War
--> Thirst for Knowledge
    Geist of Saint Traft
    Bring to Light
    Stirring Wildwood
    Staff of Domination

--: Timetwister

--: Daretti, Scrap Savant

Pack 2 pick 11:
    Timetwister
--> Daretti, Scrap Savant
    Beast Within
    Lavaclaw Reaches
    Shambling Vent

--: Winter Orb

Pack 2 pick 12:
    Academy Rector
--> Goblin Welder
    Winter Orb
    Temple of Malady

--: Soulfire Grand Master

Pack 2 pick 13:
--> Soulfire Grand Master
    Academy Ruins
    Treasure Cruise

--: Seasons Past

Pack 2 pick 14:
--> Banisher Priest
    Seasons Past

--: Brimaz, King of Oreskos

Pack 2 pick 15:
--> Brimaz, King of Oreskos

--: Elesh Norn, Grand Cenobite

--: Nicol Bolas, Planeswalker

------ C03 ------ 

Pack 3 pick 1:
    Elesh Norn, Grand Cenobite
    Wrath of God
    Mystic Confluence
    Mind's Desire
    Hypnotic Specter
    Anticipate
    Lightning Bolt
    Siege-Gang Commander
    Birthing Pod
    Gaea's Cradle
    Badlands
    Temple of Triumph
    Sword of Body and Mind
--> Nicol Bolas, Planeswalker
    Temple of Epiphany

--: Elspeth, Sun's Champion

--: Ugin, the Spirit Dragon

--: Managorger Hydra

Pack 3 pick 2:
    Restoration Angel
    Elspeth, Sun's Champion
    Turnabout
    Toxic Deluge
    Yawgmoth's Will
    Young Pyromancer
    Goblin Dark-Dwellers
--> Managorger Hydra
    Wolfir Silverheart
    Kolaghan's Command
    Ugin, the Spirit Dragon
    Godless Shrine
    Scroll Rack
    Steam Vents

--: Land Tax

--: Bloodbraid Elf

--: Chrome Mox

--: Lodestone Golem

--: Thing in the Ice

--: Dack Fayden

Pack 3 pick 3:
    Linvala, the Preserver
    Land Tax
    Thing in the Ice
    Brain Freeze
    Diabolic Edict
    Entomb
    Dualcaster Mage
    Necropotence
    Villainous Wealth
    Chrome Mox
    Lodestone Golem
    Bloodbraid Elf
--> Dack Fayden

--: Silverblade Paladin

--: Chain Lightning

Pack 3 pick 4:
    Silverblade Paladin
    Inkwell Leviathan
    Disfigure
    Exhume
--> Chain Lightning
    Westvale Abbey
    Den Protector
    Tundra
    Crucible of Worlds
    Umezawa's Jitte
    Memory Jar
    Bayou

--: Kalitas, Traitor of Ghet

--: Deceiver Exarch

--: Ancient Grudge

--: Deceiver Exarch

Pack 3 pick 5:
    Student of Warfare
--> Deceiver Exarch
    Kalitas, Traitor of Ghet
    Grave Titan
    Lightning Strike
    Wildfire
    Deranged Hermit
    Mana Confluence
    Tangle Wire
    Ancient Grudge
    Temple of Deceit

--: Nahiri, the Harbinger

Pack 3 pick 6:
    Seeker of the Way
    Reveillark
--> Remand
    Thoughtseize
    Guttersnipe
    Tarmogoyf
    Dreadbore
    Nahiri, the Harbinger
    Huntmaster of the Fells
    Mindslaver

--: Balance

Pack 3 pick 7:
    Blade Splicer
    Balance
    Shriekmaw
    Rishadan Port
--> Burning of Xinye
    Plateau
    Lion's Eye Diamond
    Sensei's Divining Top
    Overgrown Tomb

--: Vryn Wingmare

--: Wandering Fumarole

Pack 3 pick 8:
    Vryn Wingmare
    Banishing Light
    Empty the Warrens
    Dismember
    Genesis Wave
    Raging Ravine
    Creeping Tar Pit
--> Wandering Fumarole

--: Elesh Norn, Grand Cenobite

--: Siege-Gang Commander

--: Siege-Gang Commander

Pack 3 pick 9:
    Elesh Norn, Grand Cenobite
    Mind's Desire
--> Siege-Gang Commander
    Birthing Pod
    Temple of Triumph
    Sword of Body and Mind
    Temple of Epiphany

--: Restoration Angel

Pack 3 pick 10:
    Restoration Angel
    Turnabout
    Kolaghan's Command
    Godless Shrine
    Scroll Rack
--> Steam Vents

--: Land Tax

Pack 3 pick 11:
    Linvala, the Preserver
    Land Tax
--> Brain Freeze
    Necropotence
    Villainous Wealth

--: Inkwell Leviathan

Pack 3 pick 12:
    Inkwell Leviathan
--> Disfigure
    Westvale Abbey
    Crucible of Worlds

--: Kalitas, Traitor of Ghet

Pack 3 pick 13:
    Kalitas, Traitor of Ghet
--> Wildfire
    Ancient Grudge

--: Reveillark

Pack 3 pick 14:
--> Seeker of the Way
    Reveillark

--: Lion's Eye Diamond

Pack 3 pick 15:
--> Lion's Eye Diamond

