Event #: 9894209
Time:    7/10/2016 3:34:45 PM
Players:
    MLG_Shoes
    RKShiny
    robot_house
    shifty4690
    CONSUME_THE_NOODLE
--> changkm
    phishgumbo
    FlavorOfTheSky

--: Basalt Monolith

--: Ancient Tomb

--: Ancient Tomb

------ C03 ------ 

Pack 1 pick 1:
    Exalted Angel
    Swords to Plowshares
    Upheaval
    Thirst for Knowledge
    Disfigure
    Makeshift Mannequin
    Burst Lightning
    Wildfire
    Rofellos, Llanowar Emissary
    Garruk, Primal Hunter
--> Ancient Tomb
    Ulamog, the Infinite Gyre
    Lightning Greaves
    Polluted Delta
    Basalt Monolith

--: Sun Titan

--: Treachery

--: Izzet Signet

--: Izzet Signet

Pack 1 pick 2:
    Blade Splicer
    Sun Titan
    Treachery
    Gifts Ungiven
    Ultimate Price
    Looter il-Kor
    Char
    Eidolon of the Great Revel
    Eureka
    Badlands
    Breeding Pool
    Unburial Rites
    Pithing Needle
--> Izzet Signet

--: Seasons Past

--: Everflowing Chalice

--: Memory Jar

--: Everflowing Chalice

--: Memory Jar

--: Memory Jar

Pack 1 pick 3:
    Wall of Omens
    Academy Ruins
    Gitaxian Probe
    Go for the Throat
    Imperial Seal
    Rift Bolt
    Delver of Secrets
    Seasons Past
    Bloodstained Mire
    Lumbering Falls
    Lotus Bloom
--> Memory Jar
    Everflowing Chalice

--: Linvala, Keeper of Silence

--: Tezzeret the Seeker

--: Tezzeret the Seeker

Pack 1 pick 4:
    Linvala, Keeper of Silence
--> Tezzeret the Seeker
    Treasure Cruise
    Puppeteer Clique
    Faithless Looting
    Through the Breach
    Falkenrath Gorger
    Managorger Hydra
    Needle Spires
    Wurmcoil Engine
    Phyrexian Revoker
    Izzet Charm

--: Moat

--: Inferno Titan

Pack 1 pick 5:
    Silverblade Paladin
    Moat
    Palinchron
    The Abyss
    Grave Titan
    Imperial Recruiter
--> Inferno Titan
    Avenger of Zendikar
    Lodestone Golem
    Bloodbraid Elf
    Baleful Strix

--: Karakas

--: Shelldock Isle

--: Shelldock Isle

Pack 1 pick 6:
    Thalia, Guardian of Thraben
    Karakas
    Tamiyo, the Moon Sage
--> Shelldock Isle
    Braids, Cabal Minion
    Buried Alive
    Kozilek, Butcher of Truth
    Wooded Foothills
    Kitchen Finks
    Temple of Epiphany

--: Master of the Wild Hunt

Pack 1 pick 7:
    Mirran Crusader
    Riftwing Cloudskate
--> Mind's Desire
    Heir of Falkenrath
    Rishadan Port
    Wasteland
    Birthing Pod
    Master of the Wild Hunt
    Tangle Wire

--: Bazaar of Baghdad

Pack 1 pick 8:
    Seeker of the Way
    Banishing Light
    Inquisition of Kozilek
    Bazaar of Baghdad
    Avalanche Riders
    Wall of Blossoms
--> Godless Shrine
    Kozilek, the Great Distortion

--: Garruk, Primal Hunter

--: Polluted Delta

Pack 1 pick 9:
    Swords to Plowshares
    Disfigure
    Makeshift Mannequin
    Garruk, Primal Hunter
    Ulamog, the Infinite Gyre
    Lightning Greaves
--> Polluted Delta

--: Eureka

Pack 1 pick 10:
    Blade Splicer
    Looter il-Kor
    Eidolon of the Great Revel
    Eureka
--> Badlands
    Pithing Needle

--: Lumbering Falls

Pack 1 pick 11:
    Gitaxian Probe
    Go for the Throat
    Delver of Secrets
    Lumbering Falls
--> Lotus Bloom

--: Through the Breach

--: Faithless Looting

Pack 1 pick 12:
--> Faithless Looting
    Through the Breach
    Needle Spires
    Phyrexian Revoker

--: Silverblade Paladin

--: Baleful Strix

Pack 1 pick 13:
    Silverblade Paladin
    Bloodbraid Elf
--> Baleful Strix

--: Karakas

Pack 1 pick 14:
--> Karakas
    Braids, Cabal Minion

--: Heir of Falkenrath

Pack 1 pick 15:
--> Heir of Falkenrath

--: Jace, Vryn's Prodigy

--: Jace, the Mind Sculptor

------ C03 ------ 

Pack 2 pick 1:
    War Priest of Thune
    Jace, Vryn's Prodigy
--> Jace, the Mind Sculptor
    Brain Freeze
    Desecration Demon
    Iona, Shield of Emeria
    Crater's Claws
    Grim Lavamancer
    Courser of Kruphix
    Tarmogoyf
    Tundra
    Edric, Spymaster of Trest
    Lingering Souls
    Dragonlord Dromoka
    Golgari Signet

--: Blightsteel Colossus

--: Flooded Strand

Pack 2 pick 2:
    Restoration Angel
    Bitterblossom
    Meloku the Clouded Mirror
    Mystical Tutor
    Bone Shredder
    Terastodon
    Mizzium Mortars
    Fiery Confluence
    Elvish Mystic
    Roast
--> Flooded Strand
    Shardless Agent
    Sword of Fire and Ice
    Blightsteel Colossus

--: Balance

--: Chandra, Flamecaller

Pack 2 pick 3:
    Spectral Procession
    Balance
    Gush
    Dark Petition
    Oona's Prowler
    Chain Lightning
--> Chandra, Flamecaller
    Avacyn's Pilgrim
    Wolfir Silverheart
    Kolaghan's Command
    Skullclamp
    Mirari's Wake
    Pernicious Deed

--: Baneslayer Angel

--: Fact or Fiction

Pack 2 pick 4:
    Academy Rector
    Baneslayer Angel
    Daze
--> Fact or Fiction
    Vampire Nighthawk
    Bonfire of the Damned
    Oath of Druids
    High Tide
    Ulamog, the Ceaseless Hunger
    Temple of Silence
    Hangarback Walker
    Dack Fayden

--: Yawgmoth's Will

--: Deceiver Exarch

--: Steam Vents

--: Deceiver Exarch

--: Yawgmoth's Will

--: Steam Vents

Pack 2 pick 5:
    Mardu Woe-Reaper
    Parallax Wave
    Deceiver Exarch
    Yawgmoth's Will
    Thundermaw Hellkite
    Llanowar Elves
    Nissa, Worldwaker
    Mutavault
    Sword of War and Peace
    Stirring Wildwood
--> Steam Vents

--: Garruk Relentless

--: Yawgmoth's Bargain

--: Selesnya Signet

Pack 2 pick 6:
    Leyline of Sanctity
    Disenchant
    Thing in the Ice
    Yawgmoth's Bargain
    Magma Jet
    Wall of Roots
    Garruk Relentless
    Shambling Vent
--> Selesnya Signet
    Hissing Quagmire

--: Sword of Feast and Famine

Pack 2 pick 7:
    Banisher Priest
    Day of Judgment
    Tasigur, the Golden Fang
    Firebolt
    Necropotence
    Search for Tomorrow
    Woodfall Primus
    Sword of Feast and Famine
--> Ashiok, Nightmare Weaver

--: Thrun, the Last Troll

--: Wandering Fumarole

Pack 2 pick 8:
    Timely Reinforcements
    Council's Judgment
    Dark Confidant
    Elves of Deep Shadow
    Thrun, the Last Troll
    Reflector Mage
    Mystic Snake
--> Wandering Fumarole

--: Dragonlord Dromoka

Pack 2 pick 9:
    War Priest of Thune
--> Brain Freeze
    Crater's Claws
    Courser of Kruphix
    Edric, Spymaster of Trest
    Lingering Souls
    Dragonlord Dromoka

--: Bitterblossom

--: Shardless Agent

Pack 2 pick 10:
    Bitterblossom
    Meloku the Clouded Mirror
    Mystical Tutor
    Elvish Mystic
    Roast
--> Shardless Agent

--: Wolfir Silverheart

--: Spectral Procession

Pack 2 pick 11:
    Spectral Procession
    Avacyn's Pilgrim
    Wolfir Silverheart
--> Mirari's Wake
    Pernicious Deed

--: Baneslayer Angel

Pack 2 pick 12:
    Academy Rector
    Baneslayer Angel
--> Oath of Druids
    Temple of Silence

--: Yawgmoth's Will

Pack 2 pick 13:
--> Yawgmoth's Will
    Nissa, Worldwaker
    Stirring Wildwood

--: Garruk Relentless

Pack 2 pick 14:
    Garruk Relentless
--> Hissing Quagmire

--: Search for Tomorrow

Pack 2 pick 15:
--> Search for Tomorrow

--: Land Tax

--: Time Spiral

------ C03 ------ 

Pack 3 pick 1:
    Knight of the White Orchid
    Land Tax
    Counterspell
--> Time Spiral
    Nezumi Graverobber
    Shallow Grave
    Guttersnipe
    Siege-Gang Commander
    Sakura-Tribe Elder
    Beast Within
    Lavaclaw Reaches
    Bring to Light
    Batterskull
    Isochron Scepter
    Staff of Domination

--: Linvala, the Preserver

--: Dark Ritual

Pack 3 pick 2:
    Linvala, the Preserver
    Faith's Fetters
    Bribery
    Gideon Jura
    Painful Truths
--> Dark Ritual
    Brimstone Volley
    Kargan Dragonlord
    Oath of Nissa
    Conclave Naturalists
    Urborg, Tomb of Yawgmoth
    Temple of Mystery
    Nevinyrral's Disk
    Metalworker

--: Kytheon, Hero of Akros

--: Lion's Eye Diamond

Pack 3 pick 3:
    Kytheon, Hero of Akros
    Elspeth, Sun's Champion
    Show and Tell
    Duress
    Tendrils of Agony
    Reckless Bushwhacker
    Strip Mine
    Coercive Portal
    Supreme Verdict
    Plateau
--> Lion's Eye Diamond
    Temple Garden
    Overgrown Tomb

--: Soulfire Grand Master

Pack 3 pick 4:
    Soulfire Grand Master
    Honor of the Pure
    Force Spike
    Nezumi Shortfang
    Sheoldred, Whispering One
    Searing Blaze
    Zurgo Bellstriker
    Thragtusk
    Smokestack
    Marsh Flats
--> Savannah
    Abrupt Decay

--: Gideon, Ally of Zendikar

Pack 3 pick 5:
    Gideon, Ally of Zendikar
    Porcelain Legionnaire
    Vedalken Shackles
    Ancestral Vision
    Grim Tutor
    Arbor Elf
    Nature's Claim
    Sacred Foundry
--> Gruul Signet
    Temple of Deceit
    Garruk, Apex Predator

--: Monastery Mentor

--: Remand

Pack 3 pick 6:
    Monastery Mentor
    Enlightened Tutor
--> Remand
    Cabal Ritual
    Goblin Welder
    Archangel of Thune
    Olivia Voldaren
    Simic Signet
    Stomping Ground
    Windswept Heath

--: Timetwister

--: Solemn Simulacrum

Pack 3 pick 7:
    Mother of Runes
    Timetwister
    Shriekmaw
    Stormbreath Dragon
    Birds of Paradise
    Mishra's Factory
    Sword of Light and Shadow
--> Solemn Simulacrum
    Deathrite Shaman

--: Daretti, Scrap Savant

--: Daretti, Scrap Savant

Pack 3 pick 8:
    Student of Warfare
    Thada Adel, Acquisitor
    Heartbeat of Spring
    Lifebane Zombie
--> Daretti, Scrap Savant
    Spirit of the Labyrinth
    Yavimaya Elder
    Reclamation Sage

--: Knight of the White Orchid

--: Lavaclaw Reaches

Pack 3 pick 9:
    Knight of the White Orchid
    Nezumi Graverobber
    Sakura-Tribe Elder
--> Lavaclaw Reaches
    Bring to Light
    Isochron Scepter
    Staff of Domination

--: Linvala, the Preserver

--: Temple of Mystery

Pack 3 pick 10:
    Linvala, the Preserver
    Faith's Fetters
--> Painful Truths
    Oath of Nissa
    Urborg, Tomb of Yawgmoth
    Temple of Mystery

--: Kytheon, Hero of Akros

Pack 3 pick 11:
    Kytheon, Hero of Akros
    Tendrils of Agony
    Plateau
    Temple Garden
--> Overgrown Tomb

--: Honor of the Pure

Pack 3 pick 12:
    Honor of the Pure
    Nezumi Shortfang
    Searing Blaze
--> Abrupt Decay

--: Garruk, Apex Predator

Pack 3 pick 13:
    Nature's Claim
--> Sacred Foundry
    Garruk, Apex Predator

--: Olivia Voldaren

Pack 3 pick 14:
--> Cabal Ritual
    Olivia Voldaren

--: Mishra's Factory

Pack 3 pick 15:
--> Mishra's Factory

