Event #: 9895863
Time:    7/11/2016 12:25:10 AM
Players:
    Ringo_rama
    FalseMufn
    keiesu
    benjaminhcreed07
--> mattyice1273
    OctopusWithAHammer
    ProHilary
    Chakra13

--: Gideon Jura

--: Tendrils of Agony

------ C03 ------ 

Pack 1 pick 1:
    Secure the Wastes
    Unexpectedly Absent
    Remand
    Gideon Jura
    Braids, Cabal Minion
--> Tendrils of Agony
    Dualcaster Mage
    Stormbreath Dragon
    Channel
    Whisperwood Elemental
    Rakdos's Return
    Ajani Vengeant
    Vindicate
    Memory Jar
    Temple of Malady

--: Phantasmal Image

Pack 1 pick 2:
    Fiend Hunter
    Path to Exile
    Phantasmal Image
    Preordain
    Disfigure
    Vampiric Tutor
    Shrine of Burning Rage
    Falkenrath Gorger
    Oracle of Mul Daya
    Conclave Naturalists
    Tundra
    Temple of Abandon
    Mirari's Wake
--> Scalding Tarn

--: Elesh Norn, Grand Cenobite

Pack 1 pick 3:
    Elesh Norn, Grand Cenobite
    Mana Tithe
    Pestermite
--> Mystical Tutor
    Puppeteer Clique
    Grave Titan
    Young Pyromancer
    Chandra, Pyromaster
    Garruk, Primal Hunter
    Temple of Malice
    Mystic Snake
    Sword of Feast and Famine
    Mindslaver

--: Land Tax

Pack 1 pick 4:
    Land Tax
    Snapcaster Mage
    Shelldock Isle
    Diabolic Edict
    Mizzium Mortars
    Chandra, Flamecaller
    Oath of Druids
    Eternal Witness
    Celestial Colonnade
    Shardless Agent
    Anguished Unmaking
--> Overgrown Tomb

--: Koth of the Hammer

Pack 1 pick 5:
    Leyline of Sanctity
    Porcelain Legionnaire
    Force Spike
    Frantic Search
    Go for the Throat
    Fireblast
    Koth of the Hammer
--> Sylvan Library
    Wolfir Silverheart
    Trygon Predator
    Stomping Ground

--: Kalitas, Traitor of Ghet

Pack 1 pick 6:
    Spectral Procession
    Enlightened Tutor
    Daze
--> Phyrexian Metamorph
    Kalitas, Traitor of Ghet
    Searing Blaze
    Abbot of Keral Keep
    Natural Order
    Tarmogoyf
    Smokestack

--: Tasigur, the Golden Fang

Pack 1 pick 7:
    Tasigur, the Golden Fang
    Shriekmaw
    Brimstone Volley
    Song of the Dryads
--> Regrowth
    Temple of Mystery
    Lingering Souls
    Stirring Wildwood
    Staff of Domination

--: Iona, Shield of Emeria

Pack 1 pick 8:
    Blade Splicer
    Faith's Fetters
--> Jace Beleren
    Vampire Nighthawk
    Iona, Shield of Emeria
    Eidolon of the Great Revel
    Search for Tomorrow
    Ancient Grudge

--: Gideon Jura

Pack 1 pick 9:
    Secure the Wastes
    Unexpectedly Absent
    Gideon Jura
    Braids, Cabal Minion
    Dualcaster Mage
    Stormbreath Dragon
--> Temple of Malady

--: Phantasmal Image

Pack 1 pick 10:
    Fiend Hunter
    Phantasmal Image
--> Disfigure
    Shrine of Burning Rage
    Falkenrath Gorger
    Temple of Abandon

--: Elesh Norn, Grand Cenobite

Pack 1 pick 11:
    Elesh Norn, Grand Cenobite
    Mana Tithe
    Puppeteer Clique
--> Temple of Malice
    Mystic Snake

--: Mizzium Mortars

Pack 1 pick 12:
    Diabolic Edict
    Mizzium Mortars
--> Celestial Colonnade
    Shardless Agent

--: Leyline of Sanctity

Pack 1 pick 13:
--> Leyline of Sanctity
    Fireblast
    Wolfir Silverheart

--: Abbot of Keral Keep

Pack 1 pick 14:
    Searing Blaze
--> Abbot of Keral Keep

--: Brimstone Volley

Pack 1 pick 15:
--> Brimstone Volley

--: Sheoldred, Whispering One

------ C03 ------ 

Pack 2 pick 1:
    Academy Rector
    Banishing Light
    Treachery
    Brainstorm
    Dark Petition
    Sheoldred, Whispering One
    Crater's Claws
    Inferno Titan
    Eureka
    Acidic Slime
--> Mana Vault
    Kozilek, Butcher of Truth
    Coalition Relic
    Savannah
    Hissing Quagmire

--: Consecrated Sphinx

Pack 2 pick 2:
    Emeria Angel
    Zealous Conscripts
    Consecrated Sphinx
    Gifts Ungiven
    Hymn to Tourach
    Shallow Grave
    Lightning Strike
    Traverse the Ulvenwald
    Thragtusk
--> Rakdos Signet
    Mutavault
    Marsh Flats
    Windswept Heath
    Maelstrom Pulse

--: Soulfire Grand Master

Pack 2 pick 3:
    Soulfire Grand Master
    Wrath of God
    Mind's Desire
    Mesmeric Fiend
    Smash to Smithereens
    Kargan Dragonlord
    Courser of Kruphix
    High Tide
    Tolarian Academy
    Lightning Helix
    Godless Shrine
--> Underground Sea
    Fire/Ice

--: Moat

Pack 2 pick 4:
    Mirran Crusader
    Moat
    Vedalken Shackles
    Nekrataal
    Living Death
--> Magus of the Wheel
    Arbor Elf
    Polukranos, World Eater
    Progenitus
    Scrubland
    Scroll Rack
    Ral Zarek

--: Tezzeret the Seeker

Pack 2 pick 5:
    Restoration Angel
    Swords to Plowshares
    Tezzeret the Seeker
--> Grim Tutor
    Chain Lightning
    Zurgo Bellstriker
    Managorger Hydra
    Wall of Blossoms
    Urborg, Tomb of Yawgmoth
    Sword of War and Peace
    Watery Grave

--: Baneslayer Angel

Pack 2 pick 6:
    Silverblade Paladin
    Baneslayer Angel
    Sower of Temptation
    Gurmag Angler
    Elves of Deep Shadow
    Deranged Hermit
    Supreme Verdict
    Temple of Triumph
    Nevinyrral's Disk
--> Steam Vents

--: Primeval Titan

Pack 2 pick 7:
    Flickerwisp
    Spear of Heliod
--> Fact or Fiction
    Goblin Welder
    Fiery Confluence
    Primeval Titan
    Nissa, Worldwaker
    Shambling Vent
    Solemn Simulacrum

--: Fastbond

Pack 2 pick 8:
    Thalia, Guardian of Thraben
    Nezumi Shortfang
    Outpost Siege
--> Fastbond
    Thrun, the Last Troll
    Tangle Wire
    Voice of Resurgence
    Kuldotha Forgemaster

--: Sheoldred, Whispering One

Pack 2 pick 9:
    Academy Rector
    Sheoldred, Whispering One
    Crater's Claws
    Eureka
    Acidic Slime
    Savannah
--> Hissing Quagmire

--: Emeria Angel

Pack 2 pick 10:
    Emeria Angel
    Lightning Strike
--> Traverse the Ulvenwald
    Thragtusk
    Mutavault
    Maelstrom Pulse

--: Soulfire Grand Master

Pack 2 pick 11:
    Soulfire Grand Master
    Wrath of God
    Smash to Smithereens
    Lightning Helix
--> Godless Shrine

--: Polukranos, World Eater

Pack 2 pick 12:
    Mirran Crusader
    Vedalken Shackles
    Polukranos, World Eater
--> Scrubland

--: Zurgo Bellstriker

Pack 2 pick 13:
    Zurgo Bellstriker
    Managorger Hydra
--> Wall of Blossoms

--: Deranged Hermit

Pack 2 pick 14:
--> Elves of Deep Shadow
    Deranged Hermit

--: Shambling Vent

Pack 2 pick 15:
--> Shambling Vent

--: Mox Pearl

--: Mox Sapphire

--: Mox Sapphire

--: Mox Sapphire

------ C03 ------ 

Pack 3 pick 1:
    War Priest of Thune
    Mox Pearl
    Jace, Architect of Thought
--> Mox Sapphire
    Bone Shredder
    Mind Twist
    Imperial Recruiter
    Goblin Dark-Dwellers
    Primal Command
    Gaea's Cradle
    Maze of Ith
    Lodestone Golem
    Unburial Rites
    Spellskite
    Deathrite Shaman

--: Winter Orb

Pack 3 pick 2:
    Student of Warfare
    Honor of the Pure
    Spell Pierce
--> Gitaxian Probe
    Inquisition of Kozilek
    Faithless Looting
    Monastery Swiftspear
    Fyndhorn Elves
    Master of the Wild Hunt
    Reflector Mage
    Winter Orb
    Bloodbraid Elf
    Dragonlord Dromoka
    Sphinx of the Steel Wind

--: Archangel of Thune

Pack 3 pick 3:
    Leonin Relic-Warder
    Council's Judgment
    Meloku the Clouded Mirror
    Cryptic Command
    Duress
    Animate Dead
    Incinerate
    Firedrinker Satyr
    Archangel of Thune
--> Azorius Signet
    Batterskull
    Temple of Plenty
    Electrolyze

--: Geist of Saint Traft

Pack 3 pick 4:
    Isamaru, Hound of Konda
    Mana Leak
--> Repeal
    Hero's Downfall
    Entomb
    Manic Vandal
    Woodfall Primus
    Geist of Saint Traft
    Breeding Pool
    Sword of Body and Mind
    Baleful Strix
    Pernicious Deed

--: Kytheon, Hero of Akros

--: Looter il-Kor

--: Looter il-Kor

--: Looter il-Kor

Pack 3 pick 5:
    Kytheon, Hero of Akros
    Riftwing Cloudskate
    True-Name Nemesis
    Ophiomancer
--> Looter il-Kor
    Firebolt
    Delver of Secrets
    Scavenging Ooze
    Lavaclaw Reaches
    Figure of Destiny
    Pithing Needle

--: The Abyss

--: Shadowmage Infiltrator

--: Shadowmage Infiltrator

Pack 3 pick 6:
    Timely Reinforcements
    Upheaval
    Tinker
    The Abyss
    Buried Alive
    Torch Fiend
    Seasons Past
    Blood Crypt
--> Shadowmage Infiltrator
    Abrupt Decay

--: Frost Titan

Pack 3 pick 7:
    Declaration in Stone
    Frost Titan
    Lifebane Zombie
    Massacre Wurm
    Rift Bolt
--> Birds of Paradise
    Lumbering Falls
    Raging Ravine
    Dragonlord Silumgar

--: Reveillark

Pack 3 pick 8:
    Reveillark
    Inkwell Leviathan
--> Thoughtseize
    Magma Jet
    Jackal Pup
    Avacyn's Pilgrim
    Roast
    Dreadbore

--: Jace, Architect of Thought

Pack 3 pick 9:
--> Jace, Architect of Thought
    Bone Shredder
    Imperial Recruiter
    Primal Command
    Lodestone Golem
    Unburial Rites
    Deathrite Shaman

--: Master of the Wild Hunt

Pack 3 pick 10:
    Student of Warfare
--> Monastery Swiftspear
    Master of the Wild Hunt
    Reflector Mage
    Bloodbraid Elf
    Dragonlord Dromoka

--: Archangel of Thune

Pack 3 pick 11:
    Leonin Relic-Warder
    Meloku the Clouded Mirror
    Firedrinker Satyr
    Archangel of Thune
--> Electrolyze

--: Geist of Saint Traft

Pack 3 pick 12:
    Hero's Downfall
    Geist of Saint Traft
--> Baleful Strix
    Pernicious Deed

--: Ophiomancer

Pack 3 pick 13:
    Ophiomancer
--> Scavenging Ooze
    Figure of Destiny

--: The Abyss

Pack 3 pick 14:
--> The Abyss
    Torch Fiend

--: Rift Bolt

Pack 3 pick 15:
--> Rift Bolt

