Event #: 9899167
Time:    7/11/2016 9:27:18 PM
Players:
    Deadman752
    AladdinSande
    ninjaman396
    blglenn
    Dajjal
--> BloodshotCyclops
    tangrams
    Dustup

--: Soulfire Grand Master

--: Channel

------ C03 ------ 

Pack 1 pick 1:
    Soulfire Grand Master
    Disenchant
    Jace, Architect of Thought
    Dig Through Time
    Painful Truths
    Dark Ritual
    Imperial Recruiter
    Avalanche Riders
--> Channel
    Coercive Portal
    Chrome Mox
    Plateau
    Skullclamp
    Baleful Strix
    Sphinx of the Steel Wind

--: Timetwister

Pack 1 pick 2:
    Restoration Angel
    Awakening Zone
    Timetwister
    Nezumi Shortfang
    Sheoldred, Whispering One
    Bonfire of the Damned
    Thundermaw Hellkite
--> Sakura-Tribe Elder
    Master of the Wild Hunt
    Celestial Colonnade
    Tangle Wire
    Stomping Ground
    Hangarback Walker
    Basalt Monolith

--: Stormbreath Dragon

Pack 1 pick 3:
    Reveillark
    Bribery
    Cabal Ritual
    Oona's Prowler
    Lightning Bolt
    Stormbreath Dragon
--> Rofellos, Llanowar Emissary
    Tarmogoyf
    Hallowed Fountain
    Kozilek, Butcher of Truth
    Lightning Greaves
    Underground Sea
    Overgrown Tomb

--: Ajani Vengeant

Pack 1 pick 4:
    War Priest of Thune
    Honor of the Pure
    Gush
    Braids, Cabal Minion
    Anticipate
    Monastery Swiftspear
    Oath of Druids
    Garruk Wildspeaker
    Ajani Vengeant
    Temple of Silence
    Pithing Needle
--> Sundering Titan

--: Thada Adel, Acquisitor

Pack 1 pick 5:
    Spectral Procession
    Thada Adel, Acquisitor
    Dark Petition
    Searing Spear
    Jackal Pup
--> Tooth and Nail
    Flooded Strand
    Temple of Triumph
    Sword of Fire and Ice
    Phyrexian Revoker
    Staff of Domination

--: Koth of the Hammer

Pack 1 pick 6:
    Flickerwisp
    Porcelain Legionnaire
    Phantasmal Image
    Brainstorm
    Bone Shredder
    Terastodon
    Koth of the Hammer
--> Survival of the Fittest
    Kolaghan's Command
    Lodestone Golem

--: Moat

Pack 1 pick 7:
    Timely Reinforcements
    Moat
    Trinket Mage
--> Grim Tutor
    Guttersnipe
    Strip Mine
    Wolfir Silverheart
    Geist of Saint Traft
    Lightning Helix

--: The Abyss

Pack 1 pick 8:
    Silverblade Paladin
    Jace Beleren
    The Abyss
    Rishadan Port
    Song of the Dryads
--> Scavenging Ooze
    Tundra
    Mishra's Factory

--: Soulfire Grand Master

Pack 1 pick 9:
    Soulfire Grand Master
    Disenchant
--> Painful Truths
    Dark Ritual
    Avalanche Riders
    Plateau
    Sphinx of the Steel Wind

--: Sheoldred, Whispering One

Pack 1 pick 10:
    Nezumi Shortfang
--> Sheoldred, Whispering One
    Bonfire of the Damned
    Master of the Wild Hunt
    Tangle Wire
    Stomping Ground

--: Stormbreath Dragon

Pack 1 pick 11:
    Reveillark
--> Oona's Prowler
    Stormbreath Dragon
    Tarmogoyf
    Lightning Greaves

--: Honor of the Pure

Pack 1 pick 12:
    War Priest of Thune
    Honor of the Pure
    Braids, Cabal Minion
--> Pithing Needle

--: Thada Adel, Acquisitor

Pack 1 pick 13:
    Spectral Procession
    Thada Adel, Acquisitor
--> Jackal Pup

--: Kolaghan's Command

Pack 1 pick 14:
    Flickerwisp
--> Kolaghan's Command

--: Lightning Helix

Pack 1 pick 15:
--> Lightning Helix

--: Sun Titan

--: Ugin, the Spirit Dragon

------ C03 ------ 

Pack 2 pick 1:
    Banisher Priest
    Sun Titan
    Inkwell Leviathan
    Compulsive Research
    Disfigure
    Makeshift Mannequin
    Magma Jet
    Westvale Abbey
    Birthing Pod
    Wall of Blossoms
    Lavaclaw Reaches
--> Ugin, the Spirit Dragon
    Lion's Eye Diamond
    Selesnya Signet
    Temple of Epiphany

--: Inferno Titan

Pack 2 pick 2:
    Student of Warfare
    Banishing Light
    Venser, Shaper Savant
    Ultimate Price
    Looter il-Kor
    Reckless Bushwhacker
    Inferno Titan
    Traverse the Ulvenwald
    Beast Within
    Temple of Enlightenment
    Bring to Light
    Huntmaster of the Fells
    Temple Garden
--> Abrupt Decay

--: Kalitas, Traitor of Ghet

Pack 2 pick 3:
    Secure the Wastes
    Declaration in Stone
    Palinchron
    Kalitas, Traitor of Ghet
--> Reanimate
    Exquisite Firecraft
    Wildfire
    Elves of Deep Shadow
    Thragtusk
    Smokestack
    Gruul Signet
    Polluted Delta
    Bayou

--: Polukranos, World Eater

Pack 2 pick 4:
    Seeker of the Way
    Enlightened Tutor
    Spell Pierce
    Vampire Nighthawk
    Entomb
    Abbot of Keral Keep
    Harmonize
    Polukranos, World Eater
--> Karn Liberated
    Anguished Unmaking
    Voice of Resurgence
    Hissing Quagmire

--: Progenitus

Pack 2 pick 5:
    Stoneforge Mystic
    Path to Exile
    Treachery
    Ponder
    Gurmag Angler
    Pack Rat
    Through the Breach
--> Elvish Mystic
    Den Protector
    Progenitus
    Dragonlord Dromoka

--: Angel of Serenity

Pack 2 pick 6:
    Mirran Crusader
    Angel of Serenity
    Gideon Jura
    Heir of Falkenrath
    Tendrils of Agony
    Quicken
    Managorger Hydra
    Fauna Shaman
    Lingering Souls
--> Dragonlord Silumgar

--: Maze of Ith

Pack 2 pick 7:
    Kytheon, Hero of Akros
    Mana Tithe
    Heartbeat of Spring
    Duress
--> Lotus Cobra
    Sidisi, Undead Vizier
    Maze of Ith
    Trygon Predator
    Nicol Bolas, Planeswalker

--: Xenagos, the Reveler

--: Necromancy

Pack 2 pick 8:
    Mother of Runes
    Spear of Heliod
    Glen Elendra Archmage
    Show and Tell
    Damnation
--> Necromancy
    Searing Blaze
    Xenagos, the Reveler

--: Sun Titan

--: Makeshift Mannequin

--: Makeshift Mannequin

--: Makeshift Mannequin

--: Makeshift Mannequin

Pack 2 pick 9:
    Banisher Priest
    Sun Titan
    Disfigure
--> Makeshift Mannequin
    Westvale Abbey
    Birthing Pod
    Lavaclaw Reaches

--: Huntmaster of the Fells

Pack 2 pick 10:
    Student of Warfare
    Ultimate Price
--> Traverse the Ulvenwald
    Beast Within
    Bring to Light
    Huntmaster of the Fells

--: Kalitas, Traitor of Ghet

Pack 2 pick 11:
    Secure the Wastes
    Declaration in Stone
    Kalitas, Traitor of Ghet
--> Thragtusk
    Smokestack

--: Voice of Resurgence

Pack 2 pick 12:
    Seeker of the Way
    Vampire Nighthawk
--> Entomb
    Voice of Resurgence

--: Pack Rat

--: Pack Rat

Pack 2 pick 13:
    Gurmag Angler
--> Pack Rat
    Den Protector

--: Managorger Hydra

--: Heir of Falkenrath

--: Heir of Falkenrath

Pack 2 pick 14:
--> Heir of Falkenrath
    Managorger Hydra

--: Trygon Predator

Pack 2 pick 15:
--> Trygon Predator

--: Brimaz, King of Oreskos

------ C03 ------ 

Pack 3 pick 1:
    Brimaz, King of Oreskos
    Day of Judgment
    Daze
    Mind's Desire
    Shriekmaw
--> Liliana of the Veil
    Mizzium Mortars
    Burning of Xinye
    Arbor Elf
    Conclave Naturalists
    Sphinx's Revelation
    Temple of Mystery
    Raging Ravine
    Creeping Tar Pit
    Maelstrom Pulse

--: Karakas

Pack 3 pick 2:
    Soldier of the Pantheon
    Karakas
    Deceiver Exarch
    Fact or Fiction
    Diabolic Edict
--> Griselbrand
    Burst Lightning
    Necropotence
    Eureka
    Roast
    Shardless Agent
    Dragonlord Atarka
    Temple of Plenty
    Temple of Malady

--: Baneslayer Angel

Pack 3 pick 3:
    Blade Splicer
    Baneslayer Angel
    Frost Titan
    Brain Freeze
    Dark Confidant
--> Dismember
    Rift Bolt
    Wasteland
    Oracle of Mul Daya
    Archangel of Thune
    Terminate
    Memory Jar
    Metalworker

--: Linvala, the Preserver

Pack 3 pick 4:
    Linvala, the Preserver
    Mental Misstep
    Turnabout
    Lifebane Zombie
--> Living Death
    Goblin Guide
    Seasons Past
    Mana Confluence
    Lumbering Falls
    Tidehollow Sculler
    Mindslaver
    Blightsteel Colossus

--: Gideon, Ally of Zendikar

Pack 3 pick 5:
    Gideon, Ally of Zendikar
    Riftwing Cloudskate
    Mystic Confluence
    Mesmeric Fiend
    Goblin Welder
    Delver of Secrets
--> Primal Command
    Temple of Malice
    Nahiri, the Harbinger
    Windswept Heath
    Izzet Signet

--: Rakdos's Return

--: Garruk, Apex Predator

--: Sword of Light and Shadow

--: Murderous Cut

Pack 3 pick 6:
    Leyline of Sanctity
    Academy Ruins
--> Murderous Cut
    Smash to Smithereens
    Genesis Wave
    Rakdos's Return
    Crucible of Worlds
    Sword of Light and Shadow
    Qasali Pridemage
    Garruk, Apex Predator

--: Winter Orb

Pack 3 pick 7:
    Leonin Relic-Warder
    Tezzeret the Seeker
    Tasigur, the Golden Fang
    Hypnotic Specter
    Chain Lightning
    Villainous Wealth
    Winter Orb
--> Mirari's Wake
    Wandering Fumarole

--: Whisperwood Elemental

Pack 3 pick 8:
    Thing in the Ice
    Skinrender
    Putrid Imp
    Firebolt
    Magus of the Moon
--> Yavimaya Elder
    Whisperwood Elemental
    Unburial Rites

--: Brimaz, King of Oreskos

Pack 3 pick 9:
    Brimaz, King of Oreskos
    Daze
    Conclave Naturalists
    Temple of Mystery
    Raging Ravine
    Creeping Tar Pit
--> Maelstrom Pulse

--: Dragonlord Atarka

--: Temple of Malady

--: Temple of Plenty

Pack 3 pick 10:
    Soldier of the Pantheon
    Diabolic Edict
    Roast
    Dragonlord Atarka
    Temple of Plenty
--> Temple of Malady

--: Blade Splicer

--: Wasteland

Pack 3 pick 11:
    Blade Splicer
    Dark Confidant
--> Wasteland
    Terminate
    Metalworker

--: Lifebane Zombie

Pack 3 pick 12:
--> Mental Misstep
    Lifebane Zombie
    Lumbering Falls
    Tidehollow Sculler

--: Nahiri, the Harbinger

Pack 3 pick 13:
    Goblin Welder
    Temple of Malice
--> Nahiri, the Harbinger

--: Rakdos's Return

Pack 3 pick 14:
    Rakdos's Return
--> Garruk, Apex Predator

--: Hypnotic Specter

Pack 3 pick 15:
--> Hypnotic Specter

