Event #: 9899515
Time:    7/11/2016 11:49:54 PM
Players:
    LittleShadow
    BryanTheLyon
--> BloodshotCyclops
    doveshack
    S_Lawton
    IM_Fantabulous
    EwenKid
    joralf_gjerstad

--: Angel of Serenity

------ C03 ------ 

Pack 1 pick 1:
    Silverblade Paladin
    Angel of Serenity
    Daze
    Preordain
    Desecration Demon
    Pack Rat
    Magma Jet
--> Necropotence
    Sakura-Tribe Elder
    Reclamation Sage
    Temple of Enlightenment
    Sacred Foundry
    Scrubland
    Temple of Deceit
    Volcanic Island

--: Linvala, the Preserver

Pack 1 pick 2:
    Linvala, the Preserver
    Parallax Wave
    Bribery
    Phyrexian Metamorph
    Ophiomancer
    Entomb
    Exquisite Firecraft
    Manic Vandal
    Wall of Roots
--> Mana Vault
    Figure of Destiny
    Lion's Eye Diamond
    Temple of Plenty
    Hissing Quagmire

--: Fastbond

Pack 1 pick 3:
    Spectral Procession
    Zealous Conscripts
    Remand
    Nezumi Shortfang
    Necromancy
    Reckless Bushwhacker
    Spirit of the Labyrinth
--> Fastbond
    Dreadbore
    Lodestone Golem
    Lingering Souls
    Baleful Strix
    Maelstrom Pulse

--: Elesh Norn, Grand Cenobite

Pack 1 pick 4:
    Elesh Norn, Grand Cenobite
    Jace, Vryn's Prodigy
    Dark Confidant
--> Anticipate
    Chain Lightning
    Westvale Abbey
    Master of the Wild Hunt
    Hedron Archive
    Bring to Light
    Lightning Greaves
    Isochron Scepter
    Kuldotha Forgemaster

--: Heartbeat of Spring

Pack 1 pick 5:
    Mardu Woe-Reaper
    Enlightened Tutor
    Deceiver Exarch
    Heartbeat of Spring
    Hero's Downfall
    Oona's Prowler
    Goblin Dark-Dwellers
--> Chrome Mox
    Breeding Pool
    Pithing Needle
    Everflowing Chalice

--: Moat

Pack 1 pick 6:
    Timely Reinforcements
    Moat
    Repeal
    Diabolic Edict
--> Tendrils of Agony
    Brimstone Volley
    Stormbreath Dragon
    Oath of Druids
    Lavaclaw Reaches
    Stomping Ground

--: Hero of Bladehold

Pack 1 pick 7:
    Hero of Bladehold
    Palinchron
    Lifebane Zombie
    Iona, Shield of Emeria
    Guttersnipe
    Eidolon of the Great Revel
--> High Tide
    Plateau
    Temple Garden

--: Karakas

Pack 1 pick 8:
    Soldier of the Pantheon
    Karakas
--> Grim Tutor
    Smash to Smithereens
    Firedrinker Satyr
    Managorger Hydra
    Coercive Portal
    Vindicate

--: Angel of Serenity

Pack 1 pick 9:
    Silverblade Paladin
    Angel of Serenity
    Desecration Demon
    Magma Jet
    Reclamation Sage
    Temple of Enlightenment
--> Temple of Deceit

--: Linvala, the Preserver

Pack 1 pick 10:
    Linvala, the Preserver
    Ophiomancer
    Manic Vandal
    Figure of Destiny
--> Lion's Eye Diamond
    Temple of Plenty

--: Nezumi Shortfang

Pack 1 pick 11:
    Spectral Procession
    Nezumi Shortfang
    Reckless Bushwhacker
--> Dreadbore
    Lingering Souls

--: Dark Confidant

Pack 1 pick 12:
--> Dark Confidant
    Westvale Abbey
    Isochron Scepter
    Kuldotha Forgemaster

--: Pithing Needle

Pack 1 pick 13:
    Mardu Woe-Reaper
    Enlightened Tutor
--> Pithing Needle

--: Lavaclaw Reaches

Pack 1 pick 14:
--> Diabolic Edict
    Lavaclaw Reaches

--: Eidolon of the Great Revel

Pack 1 pick 15:
--> Eidolon of the Great Revel

--: Winter Orb

------ C03 ------ 

Pack 2 pick 1:
    Emeria Angel
    Swords to Plowshares
    Trinket Mage
    Cryptic Command
    Inquisition of Kozilek
    Terastodon
--> Seething Song
    Goblin Guide
    Search for Tomorrow
    Wolfir Silverheart
    Urborg, Tomb of Yawgmoth
    Winter Orb
    Taiga
    Voice of Resurgence
    Thran Dynamo

--: Gideon, Ally of Zendikar

Pack 2 pick 2:
    Gideon, Ally of Zendikar
    Riftwing Cloudskate
    Vedalken Shackles
--> Mystical Tutor
    Kalitas, Traitor of Ghet
    Imperial Seal
    Daretti, Scrap Savant
    Natural Order
    Freyalise, Llanowar's Fury
    Olivia Voldaren
    Smokestack
    Skullclamp
    Savannah
    Grim Monolith

--: Tezzeret, Agent of Bolas

Pack 2 pick 3:
    Fiend Hunter
    Wrath of God
    Mystic Confluence
    Frantic Search
    Vampire Nighthawk
    Lightning Mauler
    Rofellos, Llanowar Emissary
    Opposition
--> Tolarian Academy
    Crucible of Worlds
    Unburial Rites
    Tezzeret, Agent of Bolas
    Fire/Ice

--: Baneslayer Angel

Pack 2 pick 4:
    Blade Splicer
    Baneslayer Angel
--> Thirst for Knowledge
    Skinrender
    Rishadan Port
    Flametongue Kavu
    Sylvan Caryatid
    Woodfall Primus
    Bloodstained Mire
    Tropical Island
    Creeping Tar Pit
    Ral Zarek

--: Stoneforge Mystic

Pack 2 pick 5:
    Stoneforge Mystic
    Path to Exile
    Painful Truths
    Faithless Looting
    Rift Bolt
    Genesis Wave
    Wall of Blossoms
--> Rakdos Signet
    Tangle Wire
    Wooded Foothills
    Mindslaver

--: Channel

Pack 2 pick 6:
    Mirran Crusader
    Ravages of War
--> Glen Elendra Archmage
    Braids, Cabal Minion
    Exhume
    Wildfire
    Channel
    Gaea's Cradle
    Terminate
    Pernicious Deed

--: Koth of the Hammer

Pack 2 pick 7:
    Secure the Wastes
    Declaration in Stone
    Mental Misstep
--> Time Spiral
    Mesmeric Fiend
    Koth of the Hammer
    Courser of Kruphix
    Seasons Past
    Izzet Charm

--: Kozilek, the Great Distortion

Pack 2 pick 8:
    Knight of the White Orchid
    Unexpectedly Absent
    Reanimate
    Imperial Recruiter
    Joraga Treespeaker
--> Anguished Unmaking
    Kozilek, the Great Distortion
    Temple of Malady

--: Winter Orb

Pack 2 pick 9:
    Emeria Angel
--> Trinket Mage
    Search for Tomorrow
    Wolfir Silverheart
    Winter Orb
    Taiga
    Voice of Resurgence

--: Freyalise, Llanowar's Fury

Pack 2 pick 10:
    Riftwing Cloudskate
--> Imperial Seal
    Freyalise, Llanowar's Fury
    Olivia Voldaren
    Smokestack
    Savannah

--: Wrath of God

Pack 2 pick 11:
    Fiend Hunter
    Wrath of God
--> Opposition
    Unburial Rites
    Fire/Ice

--: Baneslayer Angel

Pack 2 pick 12:
    Blade Splicer
    Baneslayer Angel
    Sylvan Caryatid
--> Creeping Tar Pit

--: Stoneforge Mystic

Pack 2 pick 13:
--> Stoneforge Mystic
    Faithless Looting
    Wall of Blossoms

--: Braids, Cabal Minion

Pack 2 pick 14:
--> Braids, Cabal Minion
    Pernicious Deed

--: Mesmeric Fiend

Pack 2 pick 15:
--> Mesmeric Fiend

--: Monastery Mentor

--: Impulse

--: Impulse

------ C03 ------ 

Pack 3 pick 1:
    Monastery Mentor
    Reveillark
    Counterspell
--> Impulse
    Bone Shredder
    Liliana of the Veil
    Outpost Siege
    Kargan Dragonlord
    Primal Command
    Garruk Relentless
    Rakdos's Return
    Ulamog, the Ceaseless Hunger
    Wurmcoil Engine
    Hangarback Walker
    Bayou

--: Frost Titan

Pack 3 pick 2:
    Mother of Runes
    Spear of Heliod
    Frost Titan
--> Gush
    Murderous Cut
    Corpse Dance
    Sneak Attack
    Avalanche Riders
    Fyndhorn Elves
    Archangel of Thune
    Nahiri, the Harbinger
    Temple of Abandon
    Spellskite
    Temple of Epiphany

--: Kytheon, Hero of Akros

Pack 3 pick 3:
    Kytheon, Hero of Akros
    Mana Tithe
    Vendilion Clique
    Thoughtseize
    Putrid Imp
    Shrine of Burning Rage
    Burning of Xinye
    Thrun, the Last Troll
    Geist of Saint Traft
--> Misty Rainforest
    Sword of Light and Shadow
    Selesnya Signet
    Worn Powerstone

--: Brimaz, King of Oreskos

Pack 3 pick 4:
    Brimaz, King of Oreskos
    Day of Judgment
    Hypnotic Specter
    Makeshift Mannequin
    Wheel of Fortune
    Thundermaw Hellkite
    Lotus Cobra
    Beast Within
    Lightning Helix
    Marsh Flats
    Qasali Pridemage
--> Golgari Signet

--: Chandra, Pyromaster

--: Lotus Bloom

Pack 3 pick 5:
    Student of Warfare
    Banishing Light
    Thada Adel, Acquisitor
    Tasigur, the Golden Fang
    Mizzium Mortars
    Chandra, Pyromaster
    Supreme Verdict
    Ulamog, the Infinite Gyre
--> Lotus Bloom
    Polluted Delta
    Steam Vents

--: Maze of Ith

Pack 3 pick 6:
    Isamaru, Hound of Konda
--> Mind's Desire
    Ultimate Price
    Buried Alive
    Goblin Welder
    Torch Fiend
    Maze of Ith
    Lumbering Falls
    Memory Jar
    Deathrite Shaman

--: Dark Petition

--: Dark Petition

--: Dark Petition

Pack 3 pick 7:
    Flickerwisp
    Porcelain Legionnaire
--> Dark Petition
    Yawgmoth's Bargain
    Magus of the Wheel
    Abbot of Keral Keep
    Sidisi, Undead Vizier
    Temple of Silence
    Wandering Fumarole

--: Soulfire Grand Master

--: Force Spike

Pack 3 pick 8:
    Soulfire Grand Master
    Disenchant
    Force Spike
--> Bazaar of Baghdad
    Quicken
    Green Sun's Zenith
    Tarmogoyf
    Ancient Grudge

--: Monastery Mentor

Pack 3 pick 9:
    Monastery Mentor
    Reveillark
    Bone Shredder
    Outpost Siege
    Rakdos's Return
    Hangarback Walker
--> Bayou

--: Archangel of Thune

Pack 3 pick 10:
    Mother of Runes
    Spear of Heliod
    Corpse Dance
    Avalanche Riders
    Archangel of Thune
--> Temple of Epiphany

--: Kytheon, Hero of Akros

Pack 3 pick 11:
    Kytheon, Hero of Akros
    Mana Tithe
    Putrid Imp
    Burning of Xinye
--> Sword of Light and Shadow

--: Hypnotic Specter

Pack 3 pick 12:
    Hypnotic Specter
--> Beast Within
    Lightning Helix
    Qasali Pridemage

--: Thada Adel, Acquisitor

Pack 3 pick 13:
    Thada Adel, Acquisitor
    Tasigur, the Golden Fang
--> Steam Vents

--: Buried Alive

Pack 3 pick 14:
    Buried Alive
--> Torch Fiend

--: Porcelain Legionnaire

Pack 3 pick 15:
--> Porcelain Legionnaire

