Event #: 9907500
Time:    7/14/2016 4:57:54 PM
Players:
    MoistTony
    SpencerHawes
    Heksi
    steviowonder
    Redviking1993
    Young_Shaman
    JonikaWeerasekare
--> Zhakrynn

--: Balance

--: Balance

------ C03 ------ 

Pack 1 pick 1:
    Isamaru, Hound of Konda
--> Balance
    Daze
    Turnabout
    Heir of Falkenrath
    Putrid Imp
    Brimstone Volley
    Torch Fiend
    Noble Hierarch
    Master of the Wild Hunt
    Olivia Voldaren
    Ulamog, the Ceaseless Hunger
    Godless Shrine
    Dimir Signet
    Thran Dynamo

--: Maze of Ith

Pack 1 pick 2:
    Flickerwisp
    Day of Judgment
    Venser, Shaper Savant
    Ancestral Vision
    Damnation
    Guttersnipe
    Abbot of Keral Keep
    Managorger Hydra
    Eternal Witness
    Maze of Ith
    Mishra's Factory
--> Orzhov Signet
    Temple Garden
    Ral Zarek

--: Moat

--: Sower of Temptation

Pack 1 pick 3:
    Knight of the White Orchid
    Moat
--> Sower of Temptation
    Compulsive Research
    Hypnotic Specter
    Magus of the Wheel
    Zurgo Bellstriker
    Garruk Wildspeaker
    Dragonlord Ojutai
    Mystic Snake
    Gruul Signet
    Kitchen Finks
    Deathrite Shaman

--: Liliana of the Veil

Pack 1 pick 4:
    Secure the Wastes
    Mana Tithe
    Mana Leak
    Nezumi Graverobber
--> Liliana of the Veil
    Young Pyromancer
    Koth of the Hammer
    Beast Within
    Plateau
    Ancient Grudge
    Scroll Rack
    Sphinx of the Steel Wind

--: Wheel of Fortune

Pack 1 pick 5:
    Timely Reinforcements
    Honor of the Pure
--> Force of Will
    Thoughtseize
    Wheel of Fortune
    Stormbreath Dragon
    Tooth and Nail
    Kozilek, Butcher of Truth
    Lingering Souls
    Qasali Pridemage
    Everflowing Chalice

--: Baneslayer Angel

Pack 1 pick 6:
    Wall of Omens
    Baneslayer Angel
    Mesmeric Fiend
    Shallow Grave
--> Kiki-Jiki, Mirror Breaker
    Fiery Confluence
    Llanowar Elves
    Nature's Claim
    Breeding Pool
    Dragonlord Atarka

--: Seasons Past

Pack 1 pick 7:
    Soldier of the Pantheon
    Ravages of War
--> Vendilion Clique
    Char
    Firedrinker Satyr
    Seasons Past
    Tangle Wire
    Bloodbraid Elf
    Nevinyrral's Disk

--: Linvala, Keeper of Silence

Pack 1 pick 8:
    Linvala, Keeper of Silence
    Path to Exile
    Ophiomancer
--> Anticipate
    Shrine of Burning Rage
    Wasteland
    Primal Command
    Lightning Helix

--: Master of the Wild Hunt

Pack 1 pick 9:
    Isamaru, Hound of Konda
    Heir of Falkenrath
    Putrid Imp
    Brimstone Volley
--> Torch Fiend
    Master of the Wild Hunt
    Olivia Voldaren

--: Day of Judgment

Pack 1 pick 10:
    Flickerwisp
    Day of Judgment
--> Damnation
    Guttersnipe
    Mishra's Factory
    Temple Garden

--: Moat

--: Moat

Pack 1 pick 11:
    Knight of the White Orchid
--> Moat
    Hypnotic Specter
    Mystic Snake
    Deathrite Shaman

--: Koth of the Hammer

Pack 1 pick 12:
    Mana Tithe
    Nezumi Graverobber
    Koth of the Hammer
--> Plateau

--: Stormbreath Dragon

Pack 1 pick 13:
    Honor of the Pure
--> Stormbreath Dragon
    Qasali Pridemage

--: Fiery Confluence

Pack 1 pick 14:
--> Fiery Confluence
    Nature's Claim

--: Firedrinker Satyr

Pack 1 pick 15:
--> Firedrinker Satyr

--: Unexpectedly Absent

--: Counterspell

------ C03 ------ 

Pack 2 pick 1:
    Mother of Runes
    Unexpectedly Absent
--> Counterspell
    Tasigur, the Golden Fang
    Dark Petition
    Faithless Looting
    Dualcaster Mage
    Avalanche Riders
    Traverse the Ulvenwald
    Wolfir Silverheart
    Terminate
    Bring to Light
    Lotus Bloom
    Duplicant
    Abrupt Decay

--: Bazaar of Baghdad

--: Worn Powerstone

Pack 2 pick 2:
    Mardu Woe-Reaper
    Council's Judgment
    Gitaxian Probe
    Nezumi Shortfang
    Bazaar of Baghdad
    Incinerate
    Grim Lavamancer
    Yavimaya Elder
    Roast
    Reflector Mage
    Ulamog, the Infinite Gyre
    Vindicate
    Dragonlord Silumgar
--> Worn Powerstone

--: Eureka

--: Gilded Lotus

Pack 2 pick 3:
    Seeker of the Way
    Porcelain Legionnaire
    Time Spiral
    Painful Truths
    Entomb
    Fireblast
    Goblin Dark-Dwellers
    Eureka
    Thragtusk
    Tropical Island
    Sword of Fire and Ice
    Nicol Bolas, Planeswalker
--> Gilded Lotus

--: Primeval Titan

--: Mox Diamond

Pack 2 pick 4:
    Exalted Angel
    Declaration in Stone
    Mental Misstep
    Preordain
    Shriekmaw
    Terastodon
    Primeval Titan
    Sidisi, Undead Vizier
--> Mox Diamond
    Scrubland
    Mindslaver
    Steam Vents

--: Emrakul, the Aeons Torn

--: Zealous Conscripts

Pack 2 pick 5:
    Fiend Hunter
--> Zealous Conscripts
    Repeal
    Nekrataal
    Buried Alive
    Lightning Strike
    Joraga Treespeaker
    Villainous Wealth
    Temple of Malice
    Emrakul, the Aeons Torn
    Stomping Ground

--: Elspeth, Knight-Errant

--: Spell Pierce

Pack 2 pick 6:
    Leonin Relic-Warder
    Elspeth, Knight-Errant
--> Spell Pierce
    Mind's Desire
    Disfigure
    Yawgmoth's Bargain
    Seething Song
    Freyalise, Llanowar's Fury
    Progenitus
    Voice of Resurgence

--: Winter Orb

--: Winter Orb

Pack 2 pick 7:
    Thalia, Guardian of Thraben
    Gideon Jura
    Skinrender
    Genesis Wave
    Polukranos, World Eater
    Dreadbore
--> Winter Orb
    Huntmaster of the Fells
    Garruk, Apex Predator

--: Academy Rector

Pack 2 pick 8:
--> Academy Rector
    Awakening Zone
    Meloku the Clouded Mirror
    Lifebane Zombie
    Conclave Naturalists
    Blood Crypt
    Shardless Agent
    Temple of Malady

--: Unexpectedly Absent

Pack 2 pick 9:
    Mother of Runes
    Unexpectedly Absent
    Traverse the Ulvenwald
    Wolfir Silverheart
--> Terminate
    Bring to Light
    Abrupt Decay

--: Bazaar of Baghdad

--: Council's Judgment

Pack 2 pick 10:
    Mardu Woe-Reaper
--> Council's Judgment
    Nezumi Shortfang
    Bazaar of Baghdad
    Roast
    Vindicate

--: Nicol Bolas, Planeswalker

--: Sword of Fire and Ice

Pack 2 pick 11:
    Seeker of the Way
    Porcelain Legionnaire
    Painful Truths
--> Sword of Fire and Ice
    Nicol Bolas, Planeswalker

--: Exalted Angel

Pack 2 pick 12:
    Exalted Angel
--> Declaration in Stone
    Shriekmaw
    Sidisi, Undead Vizier

--: Villainous Wealth

Pack 2 pick 13:
--> Fiend Hunter
    Nekrataal
    Villainous Wealth

--: Voice of Resurgence

Pack 2 pick 14:
    Leonin Relic-Warder
--> Voice of Resurgence

--: Skinrender

Pack 2 pick 15:
--> Skinrender

--: Sphinx's Revelation

------ C03 ------ 

Pack 3 pick 1:
    Silverblade Paladin
    Disenchant
--> Force Spike
    Gush
    Ultimate Price
    Rishadan Port
    Searing Spear
    Necropotence
    Arbor Elf
    Reclamation Sage
    Sphinx's Revelation
    Smokestack
    Temple of Abandon
    Watery Grave
    Bayou

--: Elesh Norn, Grand Cenobite

--: Glen Elendra Archmage

Pack 3 pick 2:
    Elesh Norn, Grand Cenobite
    Angel of Serenity
--> Glen Elendra Archmage
    Treasure Cruise
    Duress
    Griselbrand
    Daretti, Scrap Savant
    Westvale Abbey
    Coercive Portal
    Celestial Colonnade
    Lodestone Golem
    Temple of Silence
    Savannah
    Fire/Ice

--: Sun Titan

--: Jace Beleren

Pack 3 pick 3:
    Leyline of Sanctity
    Sun Titan
--> Jace Beleren
    Show and Tell
    Bone Shredder
    Lightning Mauler
    Falkenrath Gorger
    Oath of Nissa
    Whisperwood Elemental
    Badlands
    Figure of Destiny
    Tezzeret, Agent of Bolas
    Pernicious Deed

--: Karakas

--: Jace, Architect of Thought

Pack 3 pick 4:
    Banisher Priest
    Karakas
--> Jace, Architect of Thought
    Gifts Ungiven
    Kalitas, Traitor of Ghet
    Corpse Dance
    Reckless Bushwhacker
    Hellrider
    Fauna Shaman
    Boros Charm
    Baleful Strix
    Hissing Quagmire

--: Frost Titan

--: Boros Signet

--: Hedron Archive

--: Boros Signet

--: Hedron Archive

--: Dack Fayden

Pack 3 pick 5:
    Restoration Angel
    Spear of Heliod
    Frost Titan
    Hero's Downfall
    Goblin Welder
    Song of the Dryads
    Hedron Archive
    Boros Signet
    Sword of Light and Shadow
    Memory Jar
--> Dack Fayden

--: Brimaz, King of Oreskos

Pack 3 pick 6:
    Brimaz, King of Oreskos
    Armageddon
--> Pestermite
    Cabal Ritual
    Thundermaw Hellkite
    Archangel of Thune
    Temple of Enlightenment
    Lumbering Falls
    Pithing Needle
    Blightsteel Colossus

--: Student of Warfare

--: Windswept Heath

--: Hallowed Fountain

Pack 3 pick 7:
    Student of Warfare
    Wrath of God
    Careful Study
    Desecration Demon
    Smash to Smithereens
--> Hallowed Fountain
    Needle Spires
    Anguished Unmaking
    Windswept Heath

--: Kytheon, Hero of Akros

--: Arid Mesa

Pack 3 pick 8:
    Kytheon, Hero of Akros
    Banishing Light
    Thada Adel, Acquisitor
    Grim Tutor
    Burning of Xinye
    Thrun, the Last Troll
--> Arid Mesa
    Phyrexian Revoker

--: Sphinx's Revelation

Pack 3 pick 9:
    Silverblade Paladin
    Ultimate Price
    Rishadan Port
    Necropotence
--> Sphinx's Revelation
    Smokestack
    Temple of Abandon

--: Elesh Norn, Grand Cenobite

Pack 3 pick 10:
    Elesh Norn, Grand Cenobite
    Angel of Serenity
    Griselbrand
    Daretti, Scrap Savant
    Westvale Abbey
--> Celestial Colonnade

--: Sun Titan

--: Sun Titan

Pack 3 pick 11:
    Leyline of Sanctity
--> Sun Titan
    Falkenrath Gorger
    Oath of Nissa
    Pernicious Deed

--: Karakas

Pack 3 pick 12:
    Banisher Priest
--> Karakas
    Corpse Dance
    Hellrider

--: Restoration Angel

Pack 3 pick 13:
--> Restoration Angel
    Spear of Heliod
    Goblin Welder

--: Brimaz, King of Oreskos

Pack 3 pick 14:
--> Brimaz, King of Oreskos
    Armageddon

--: Desecration Demon

Pack 3 pick 15:
--> Desecration Demon

