Event #: 9932943
Time:    7/23/2016 3:06:44 PM
Players:
    Tago86 [URg twin splash green]
    wxy_zzz [WG midrange]
    Athalon [UG green opposition craterhoof ugin karn]
--> draxdyn [Esper midrange/control]
    WLAN [B mono black with lots of double black cards]
    LibertyBell1333 [R mono red splash white with Nahiri (!)]
    Clandestine07 [UG mono green splash blue]
    ccgoodwiniv [storm]

--: Ancestral Recall

--: Ancestral Recall

------ C03 ------ 

Pack 1 pick 1:
    Linvala, the Preserver
    Reveillark
    Trinket Mage
--> Ancestral Recall
    Cabal Ritual
    Dismember
    Brimstone Volley
    Firedrinker Satyr
    Fastbond
    Master of the Wild Hunt
    Supreme Verdict
    Mishra's Factory
    Temple of Silence
    Kozilek, the Great Distortion
    Volcanic Island

--: Soulfire Grand Master

--: Frost Titan

Pack 1 pick 2:
    Soulfire Grand Master
    Unexpectedly Absent
--> Frost Titan
    Mystical Tutor
    Nezumi Graverobber
    Looter il-Kor
    Searing Blaze
    Westvale Abbey
    Primal Command
    Avenger of Zendikar
    Karn Liberated
    Godless Shrine
    Stirring Wildwood
    Staff of Domination

--: Eureka

--: Tundra

Pack 1 pick 3:
    Stoneforge Mystic
    Council's Judgment
    Thing in the Ice
    Hymn to Tourach
    Exhume
    Chain Lightning
    Flametongue Kavu
    Eureka
    Tarmogoyf
--> Tundra
    Mystic Snake
    Underground Sea
    Fire/Ice

--: Sun Titan

--: True-Name Nemesis

--: Pack Rat

Pack 1 pick 4:
    Spectral Procession
    Sun Titan
    True-Name Nemesis
    Gitaxian Probe
--> Pack Rat
    Goblin Welder
    Chandra, Pyromaster
    Yavimaya Elder
    Craterhoof Behemoth
    Breeding Pool
    Anguished Unmaking
    Watery Grave

--: Garruk, Apex Predator

--: Natural Order

--: Creeping Tar Pit

Pack 1 pick 5:
    Emeria Angel
    Brainstorm
    Dark Confidant
    Necropotence
    Natural Order
    Thragtusk
    Urborg, Tomb of Yawgmoth
    Tangle Wire
    Marsh Flats
--> Creeping Tar Pit
    Garruk, Apex Predator

--: Kargan Dragonlord

--: Phantasmal Image

--: Blood Crypt

--: Shelldock Isle

--: Phantasmal Image

--: Shelldock Isle

--: Phantasmal Image

--: Shelldock Isle

Pack 1 pick 6:
    Vryn Wingmare
    Phantasmal Image
--> Shelldock Isle
    Vampire Nighthawk
    Makeshift Mannequin
    Kargan Dragonlord
    Sakura-Tribe Elder
    Nature's Claim
    Blood Crypt
    Pithing Needle

--: Gideon, Ally of Zendikar

--: Preordain

Pack 1 pick 7:
    Gideon, Ally of Zendikar
--> Preordain
    Ophiomancer
    Primeval Titan
    Archangel of Thune
    Edric, Spymaster of Trest
    Lotus Bloom
    Temple Garden
    Temple of Malady

--: The Abyss

--: The Abyss

--: Sphinx's Revelation

Pack 1 pick 8:
    Banisher Priest
    The Abyss
    Corpse Dance
    Magus of the Wheel
    Spirit of the Labyrinth
--> Sphinx's Revelation
    Lightning Helix
    Raging Ravine

--: Linvala, the Preserver

--: Trinket Mage

--: Supreme Verdict

Pack 1 pick 9:
    Linvala, the Preserver
    Reveillark
    Trinket Mage
    Firedrinker Satyr
--> Supreme Verdict
    Temple of Silence
    Kozilek, the Great Distortion

--: Unexpectedly Absent

--: Godless Shrine

Pack 1 pick 10:
    Unexpectedly Absent
    Westvale Abbey
    Primal Command
--> Godless Shrine
    Stirring Wildwood
    Staff of Domination

--: Eureka

--: Tarmogoyf

--: Flametongue Kavu

Pack 1 pick 11:
    Exhume
--> Flametongue Kavu
    Eureka
    Tarmogoyf
    Mystic Snake

--: Goblin Welder

--: Anguished Unmaking

Pack 1 pick 12:
    Spectral Procession
    Goblin Welder
    Yavimaya Elder
--> Anguished Unmaking

--: Emeria Angel

--: Necropotence

--: Emeria Angel

Pack 1 pick 13:
--> Emeria Angel
    Necropotence
    Tangle Wire

--: Makeshift Mannequin

--: Makeshift Mannequin

--: Nature's Claim

--: Makeshift Mannequin

Pack 1 pick 14:
--> Makeshift Mannequin
    Nature's Claim

--: Temple of Malady

--: Temple of Malady

Pack 1 pick 15:
--> Temple of Malady

--: Jace, Vryn's Prodigy

--: Toxic Deluge

--: Inferno Titan

--: Toxic Deluge

--: Jace, Vryn's Prodigy

------ C03 ------ 

Pack 2 pick 1:
    Leonin Relic-Warder
--> Jace, Vryn's Prodigy
    Spell Pierce
    Ancestral Vision
    Toxic Deluge
    Bazaar of Baghdad
    Dualcaster Mage
    Inferno Titan
    Managorger Hydra
    Wolfir Silverheart
    Celestial Colonnade
    Kozilek, Butcher of Truth
    Batterskull
    Memory Jar
    Bayou

--: Karakas

--: Karakas

--: Jace Beleren

Pack 2 pick 2:
    Leyline of Sanctity
    Karakas
--> Jace Beleren
    Skinrender
    Entomb
    Magma Jet
    Wasteland
    Courser of Kruphix
    Opposition
    Chrome Mox
    Temple of Triumph
    Stomping Ground
    Isochron Scepter
    Maelstrom Pulse

--: Tezzeret the Seeker

--: Path to Exile

Pack 2 pick 3:
    Blade Splicer
--> Path to Exile
    Tezzeret the Seeker
    Heartbeat of Spring
    Gurmag Angler
    Char
    Thundermaw Hellkite
    Birds of Paradise
    Seasons Past
    Lavaclaw Reaches
    Trygon Predator
    Ancient Grudge
    Baleful Strix

--: Maze of Ith

--: Sphinx of the Steel Wind

--: Maze of Ith

--: Sphinx of the Steel Wind

Pack 2 pick 4:
    Isamaru, Hound of Konda
    Awakening Zone
    Gush
    Brain Maggot
    Putrid Imp
    Sulfuric Vortex
    Jackal Pup
    Arbor Elf
    Den Protector
    Maze of Ith
    Ajani Vengeant
--> Sphinx of the Steel Wind

--: Liliana of the Veil

--: Ashiok, Nightmare Weaver

Pack 2 pick 5:
    Secure the Wastes
    Banishing Light
    Vendilion Clique
    Liliana of the Veil
    Seething Song
    Grim Lavamancer
    Freyalise, Llanowar's Fury
    Hallowed Fountain
    Lightning Greaves
--> Ashiok, Nightmare Weaver
    Electrolyze

--: Olivia Voldaren

--: Nekrataal

Pack 2 pick 6:
    Timely Reinforcements
    Gifts Ungiven
--> Nekrataal
    Yawgmoth's Bargain
    Young Pyromancer
    Avalanche Riders
    Beast Within
    Olivia Voldaren
    Needle Spires
    Mindslaver

--: Hero of Bladehold

--: Porcelain Legionnaire

--: Lingering Souls

Pack 2 pick 7:
    Hero of Bladehold
    Porcelain Legionnaire
    Disfigure
    Massacre Wurm
    Smash to Smithereens
    Stormbreath Dragon
    Sacred Foundry
--> Lingering Souls
    Phyrexian Revoker

--: Magus of the Moon

--: Ultimate Price

Pack 2 pick 8:
    Mother of Runes
    Empty the Warrens
--> Ultimate Price
    Incinerate
    Magus of the Moon
    Oath of Druids
    Roast
    Wandering Fumarole

--: Bazaar of Baghdad

--: Celestial Colonnade

Pack 2 pick 9:
    Spell Pierce
    Bazaar of Baghdad
    Dualcaster Mage
    Wolfir Silverheart
--> Celestial Colonnade
    Kozilek, Butcher of Truth
    Memory Jar

--: Leyline of Sanctity

--: Temple of Triumph

--: Skinrender

Pack 2 pick 10:
    Leyline of Sanctity
--> Skinrender
    Wasteland
    Temple of Triumph
    Isochron Scepter
    Maelstrom Pulse

--: Tezzeret the Seeker

--: Gurmag Angler

Pack 2 pick 11:
    Tezzeret the Seeker
    Heartbeat of Spring
--> Gurmag Angler
    Char
    Seasons Past

--: Isamaru, Hound of Konda

--: Brain Maggot

Pack 2 pick 12:
    Isamaru, Hound of Konda
--> Brain Maggot
    Putrid Imp
    Jackal Pup

--: Secure the Wastes

--: Electrolyze

--: Lightning Greaves

--: Secure the Wastes

Pack 2 pick 13:
--> Secure the Wastes
    Lightning Greaves
    Electrolyze

--: Olivia Voldaren

--: Needle Spires

Pack 2 pick 14:
    Olivia Voldaren
--> Needle Spires

--: Porcelain Legionnaire

Pack 2 pick 15:
--> Porcelain Legionnaire

--: Mind Twist

--: Mind Twist

------ C03 ------ 

Pack 3 pick 1:
    Monastery Mentor
    Elspeth, Knight-Errant
    Sower of Temptation
    Show and Tell
    Braids, Cabal Minion
--> Mind Twist
    Guttersnipe
    Manic Vandal
    Oath of Nissa
    Eternal Witness
    Dreadbore
    Arid Mesa
    Nykthos, Shrine to Nyx
    Solemn Simulacrum
    Temple of Epiphany

--: Jace, Architect of Thought

--: Azorius Signet

Pack 3 pick 2:
    Exalted Angel
    Ravages of War
    Jace, Architect of Thought
    Tasigur, the Golden Fang
    Heir of Falkenrath
    Firebolt
    Monastery Swiftspear
    Avacyn's Pilgrim
    Nissa, Worldwaker
--> Azorius Signet
    Nahiri, the Harbinger
    Xenagos, the Reveler
    Temple of Deceit
    Myr Battlesphere

--: Linvala, Keeper of Silence

--: Mana Drain

Pack 3 pick 3:
    Linvala, Keeper of Silence
    Academy Ruins
--> Mana Drain
    Turnabout
    Hypnotic Specter
    Anticipate
    Searing Spear
    Birthing Pod
    Reclamation Sage
    Lumbering Falls
    Taiga
    Savannah
    Hissing Quagmire

--: Land Tax

--: Reflector Mage

--: Murderous Cut

Pack 3 pick 4:
    War Priest of Thune
    Land Tax
    Inkwell Leviathan
    Treasure Cruise
--> Murderous Cut
    Through the Breach
    Gaea's Cradle
    Reflector Mage
    Bring to Light
    Unburial Rites
    Nevinyrral's Disk
    Steam Vents

--: Ulamog, the Infinite Gyre

--: Shriekmaw

Pack 3 pick 5:
    Academy Rector
    Spear of Heliod
    Meloku the Clouded Mirror
    Impulse
--> Shriekmaw
    Siege-Gang Commander
    Search for Tomorrow
    Ulamog, the Infinite Gyre
    Huntmaster of the Fells
    Qasali Pridemage
    Deathrite Shaman

--: Winter Orb

--: Flickerwisp

--: Thirst for Knowledge

--: Mental Misstep

--: Shambling Vent

Pack 3 pick 6:
    Flickerwisp
    Mana Tithe
    Mental Misstep
    Thirst for Knowledge
    Burst Lightning
    Oracle of Mul Daya
    Mishra's Workshop
    Winter Orb
--> Shambling Vent
    Sensei's Divining Top

--: Brimaz, King of Oreskos

--: Flooded Strand

Pack 3 pick 7:
    Brimaz, King of Oreskos
    Mana Leak
    Lifebane Zombie
    Necromancy
    Lightning Mauler
    Sylvan Caryatid
--> Flooded Strand
    Vindicate
    Temple of Plenty

--: Polukranos, World Eater

--: Geist of Saint Traft

Pack 3 pick 8:
    Silverblade Paladin
    Force Spike
    Imperial Recruiter
    Rofellos, Llanowar Emissary
    Polukranos, World Eater
--> Geist of Saint Traft
    Spellskite
    Kuldotha Forgemaster

--: Monastery Mentor

--: Monastery Mentor

Pack 3 pick 9:
--> Monastery Mentor
    Show and Tell
    Braids, Cabal Minion
    Guttersnipe
    Manic Vandal
    Oath of Nissa
    Dreadbore

--: Nissa, Worldwaker

--: Tasigur, the Golden Fang

Pack 3 pick 10:
    Exalted Angel
--> Tasigur, the Golden Fang
    Monastery Swiftspear
    Avacyn's Pilgrim
    Nissa, Worldwaker
    Xenagos, the Reveler

--: Academy Ruins

--: Savannah

--: Hissing Quagmire

--: Birthing Pod

Pack 3 pick 11:
    Academy Ruins
--> Birthing Pod
    Taiga
    Savannah
    Hissing Quagmire

--: Bring to Light

--: Reflector Mage

Pack 3 pick 12:
    War Priest of Thune
--> Reflector Mage
    Bring to Light
    Unburial Rites

--: Huntmaster of the Fells

--: Spear of Heliod

Pack 3 pick 13:
    Academy Rector
--> Spear of Heliod
    Huntmaster of the Fells

--: Winter Orb

--: Mishra's Workshop

--: Winter Orb

Pack 3 pick 14:
    Mishra's Workshop
--> Winter Orb

--: Temple of Plenty

--: Temple of Plenty

Pack 3 pick 15:
--> Temple of Plenty

