Event #: 9934134
Time:    7/23/2016 5:14:30 PM
Players:
    Kurt1984
    rjeff009
    TheYostWithTheMost
    Tr1x1
    Jokerstars
--> Fall Guy
    axelvandegevel
    NecroMoX

--: Moat

------ C03 ------ 

Pack 1 pick 1:
    Linvala, Keeper of Silence
    Moat
    Tamiyo, the Moon Sage
    Thirst for Knowledge
    Puppeteer Clique
    Bazaar of Baghdad
    Sneak Attack
    Song of the Dryads
    Noble Hierarch
    Den Protector
--> Library of Alexandria
    Tangle Wire
    Ancient Grudge
    Scroll Rack
    Temple of Epiphany

--: Balance

--: Balance

Pack 1 pick 2:
    Flickerwisp
--> Balance
    Force Spike
    Gifts Ungiven
    Brain Maggot
    Shallow Grave
    Searing Spear
    Jackal Pup
    Conclave Naturalists
    Lavaclaw Reaches
    Lightning Helix
    Tidehollow Sculler
    Stirring Wildwood
    Abrupt Decay

--: Hero of Bladehold

--: Hero of Bladehold

--: Arid Mesa

--: Imperial Recruiter

--: Hero of Bladehold

Pack 1 pick 3:
--> Hero of Bladehold
    Faith's Fetters
    Phantasmal Image
    Brainstorm
    Nekrataal
    Imperial Recruiter
    Avalanche Riders
    Elves of Deep Shadow
    Deranged Hermit
    Arid Mesa
    Unburial Rites
    Dragonlord Dromoka
    Bayou

--: Soldier of the Pantheon

--: Council's Judgment

Pack 1 pick 4:
    Soldier of the Pantheon
--> Council's Judgment
    Mental Misstep
    Turnabout
    Skinrender
    Looter il-Kor
    Rift Bolt
    Fauna Shaman
    Badlands
    Sacred Foundry
    Raging Ravine
    Verdant Catacombs

--: Garruk, Apex Predator

--: Blade Splicer

--: Vedalken Shackles

--: Dark Confidant

--: Orzhov Signet

Pack 1 pick 5:
    Blade Splicer
    Unexpectedly Absent
    Vedalken Shackles
    Careful Study
    Dark Confidant
    Firebolt
    Magus of the Moon
    Birds of Paradise
--> Orzhov Signet
    Temple Garden
    Garruk, Apex Predator

--: Daretti, Scrap Savant

--: Wooded Foothills

--: Spellskite

Pack 1 pick 6:
    Seeker of the Way
    Vampire Nighthawk
    Faithless Looting
    Daretti, Scrap Savant
    Kargan Dragonlord
    Master of the Wild Hunt
    Rakdos's Return
    Kozilek, Butcher of Truth
    Wooded Foothills
--> Spellskite

--: Dragonlord Ojutai

--: Dragonlord Ojutai

Pack 1 pick 7:
    Thalia, Guardian of Thraben
    Braids, Cabal Minion
    Lightning Mauler
    Sakura-Tribe Elder
--> Dragonlord Ojutai
    Lumbering Falls
    Lotus Bloom
    Duplicant
    Fire/Ice

--: Wrath of God

--: Marsh Flats

Pack 1 pick 8:
    Wrath of God
    Cabal Ritual
    Lightning Strike
    Firedrinker Satyr
    Oath of Nissa
    Shardless Agent
--> Marsh Flats
    Watery Grave

--: Moat

--: Linvala, Keeper of Silence

Pack 1 pick 9:
--> Linvala, Keeper of Silence
    Moat
    Puppeteer Clique
    Den Protector
    Tangle Wire
    Ancient Grudge
    Scroll Rack

--: Lavaclaw Reaches

Pack 1 pick 10:
    Searing Spear
    Jackal Pup
    Lavaclaw Reaches
    Lightning Helix
--> Tidehollow Sculler
    Abrupt Decay

--: Dragonlord Dromoka

--: Arid Mesa

Pack 1 pick 11:
    Nekrataal
    Avalanche Riders
--> Arid Mesa
    Dragonlord Dromoka
    Bayou

--: Soldier of the Pantheon

Pack 1 pick 12:
--> Soldier of the Pantheon
    Mental Misstep
    Skinrender
    Rift Bolt

--: Dark Confidant

--: Temple Garden

--: Dark Confidant

--: Dark Confidant

Pack 1 pick 13:
--> Dark Confidant
    Firebolt
    Temple Garden

--: Kargan Dragonlord

Pack 1 pick 14:
--> Vampire Nighthawk
    Kargan Dragonlord

--: Lightning Mauler

Pack 1 pick 15:
--> Lightning Mauler

--: Control Magic

--: Control Magic

--: Elspeth, Knight-Errant

------ C03 ------ 

Pack 2 pick 1:
    Isamaru, Hound of Konda
--> Elspeth, Knight-Errant
    Control Magic
    Timetwister
    Ophiomancer
    Dark Ritual
    Outpost Siege
    Goblin Guide
    Arbor Elf
    Polukranos, World Eater
    Urborg, Tomb of Yawgmoth
    Breeding Pool
    Dragonlord Atarka
    Kitchen Finks
    Maelstrom Pulse

--: Consecrated Sphinx

--: Consecrated Sphinx

--: Stoneforge Mystic

Pack 2 pick 2:
--> Stoneforge Mystic
    Honor of the Pure
    Consecrated Sphinx
    Gurmag Angler
    Terastodon
    Bonfire of the Damned
    Thundermaw Hellkite
    Eureka
    Acidic Slime
    Flooded Strand
    Temple of Mystery
    Taiga
    Phyrexian Revoker
    Temple of Malady

--: Baneslayer Angel

--: Baneslayer Angel

Pack 2 pick 3:
    Fiend Hunter
--> Baneslayer Angel
    Tasigur, the Golden Fang
    Hero's Downfall
    Yawgmoth's Will
    Wheel of Fortune
    Abbot of Keral Keep
    Regrowth
    Azorius Signet
    Lodestone Golem
    Bloodbraid Elf
    Nevinyrral's Disk
    Golgari Signet

--: Liliana of the Veil

Pack 2 pick 4:
    Leyline of Sanctity
    Oblivion Ring
    Palinchron
    Murderous Cut
    Liliana of the Veil
    Searing Blaze
    Fiery Confluence
    High Tide
    Temple of Malice
    Needle Spires
--> Wurmcoil Engine
    Mirari's Wake

--: Massacre Wurm

Pack 2 pick 5:
    Timely Reinforcements
    Reveillark
    Grim Tutor
    Massacre Wurm
    Burst Lightning
    Necropotence
    Harmonize
--> Temple of Enlightenment
    Mishra's Factory
    Sword of Light and Shadow
    Memory Jar

--: Knight of the White Orchid

--: Sword of Fire and Ice

Pack 2 pick 6:
    Knight of the White Orchid
    Nezumi Graverobber
    Recurring Nightmare
    Magma Jet
    Westvale Abbey
    Sylvan Library
    Wolfir Silverheart
--> Sword of Fire and Ice
    Solemn Simulacrum
    Pernicious Deed

--: Land Tax

--: Banisher Priest

Pack 2 pick 7:
--> Banisher Priest
    Land Tax
    Hymn to Tourach
    Fireblast
    Flametongue Kavu
    Roast
    Supreme Verdict
    Simic Signet
    Stomping Ground

--: Angel of Serenity

--: Bone Shredder

Pack 2 pick 8:
    Angel of Serenity
    Preordain
--> Bone Shredder
    Reclamation Sage
    Olivia Voldaren
    Huntmaster of the Fells
    Kozilek, the Great Distortion
    Metalworker

--: Polukranos, World Eater

Pack 2 pick 9:
--> Isamaru, Hound of Konda
    Ophiomancer
    Dark Ritual
    Goblin Guide
    Polukranos, World Eater
    Urborg, Tomb of Yawgmoth
    Maelstrom Pulse

--: Bonfire of the Damned

Pack 2 pick 10:
--> Honor of the Pure
    Gurmag Angler
    Bonfire of the Damned
    Eureka
    Temple of Mystery
    Temple of Malady

--: Tasigur, the Golden Fang

--: Tasigur, the Golden Fang

Pack 2 pick 11:
--> Tasigur, the Golden Fang
    Hero's Downfall
    Abbot of Keral Keep
    Lodestone Golem
    Bloodbraid Elf

--: Leyline of Sanctity

Pack 2 pick 12:
--> Leyline of Sanctity
    Palinchron
    Searing Blaze
    Needle Spires

--: Grim Tutor

Pack 2 pick 13:
    Grim Tutor
    Mishra's Factory
--> Sword of Light and Shadow

--: Westvale Abbey

Pack 2 pick 14:
--> Westvale Abbey
    Pernicious Deed

--: Roast

Pack 2 pick 15:
--> Roast

--: Mox Sapphire

--: Mox Sapphire

------ C03 ------ 

Pack 3 pick 1:
    Linvala, the Preserver
    Mana Tithe
    Treachery
--> Mox Sapphire
    Lifebane Zombie
    Mind Twist
    Kiki-Jiki, Mirror Breaker
    Grim Lavamancer
    Fastbond
    Thrun, the Last Troll
    Celestial Colonnade
    Crucible of Worlds
    Umezawa's Jitte
    Baleful Strix
    Izzet Signet

--: Karakas

Pack 3 pick 2:
    Silverblade Paladin
    Karakas
    Vendilion Clique
    Gitaxian Probe
    The Abyss
    Iona, Shield of Emeria
    Char
    Spirit of the Labyrinth
    Search for Tomorrow
    Coercive Portal
    Dreadbore
    Temple of Triumph
--> Sword of Body and Mind
    Voice of Resurgence

--: Basalt Monolith

--: Batterskull

Pack 3 pick 3:
    Vryn Wingmare
    Academy Ruins
    Upheaval
    Thoughtseize
    Rishadan Port
    Incinerate
    Chandra, Pyromaster
    Channel
    Whisperwood Elemental
    Bring to Light
--> Batterskull
    Temple of Deceit
    Basalt Monolith

--: Gideon, Ally of Zendikar

Pack 3 pick 4:
--> Gideon, Ally of Zendikar
    Zealous Conscripts
    Thing in the Ice
    Mesmeric Fiend
    Exquisite Firecraft
    Wildfire
    Primeval Titan
    Terminate
    Boros Signet
    Nykthos, Shrine to Nyx
    Isochron Scepter
    Steam Vents

--: Mishra's Workshop

Pack 3 pick 5:
--> War Priest of Thune
    Spell Pierce
    Repeal
    Desecration Demon
    Seething Song
    Quicken
    Survival of the Fittest
    Mishra's Workshop
    Plateau
    Lion's Eye Diamond
    Pithing Needle

--: Geist of Saint Traft

--: Geist of Saint Traft

--: Geist of Saint Traft

Pack 3 pick 6:
    Leonin Relic-Warder
    Path to Exile
    Deceiver Exarch
    Hypnotic Specter
    Mizzium Mortars
    Burning of Xinye
    Managorger Hydra
--> Geist of Saint Traft
    Trygon Predator
    Ral Zarek

--: Stormbreath Dragon

Pack 3 pick 7:
    Exalted Angel
--> Enlightened Tutor
    Meloku the Clouded Mirror
    Heartbeat of Spring
    Disfigure
    Lightning Bolt
    Stormbreath Dragon
    Traverse the Ulvenwald
    Bloodstained Mire

--: Archangel of Thune

--: Wall of Omens

Pack 3 pick 8:
--> Wall of Omens
    Spear of Heliod
    Go for the Throat
    Dualcaster Mage
    Torch Fiend
    Archangel of Thune
    Vindicate
    Nicol Bolas, Planeswalker

--: Linvala, the Preserver

--: Celestial Colonnade

Pack 3 pick 9:
    Linvala, the Preserver
    Mana Tithe
    Kiki-Jiki, Mirror Breaker
    Grim Lavamancer
    Fastbond
--> Celestial Colonnade
    Crucible of Worlds

--: The Abyss

--: Spirit of the Labyrinth

Pack 3 pick 10:
    Silverblade Paladin
    The Abyss
    Char
--> Spirit of the Labyrinth
    Dreadbore
    Voice of Resurgence

--: Chandra, Pyromaster

Pack 3 pick 11:
    Vryn Wingmare
    Academy Ruins
--> Rishadan Port
    Chandra, Pyromaster
    Bring to Light

--: Thing in the Ice

--: Wildfire

Pack 3 pick 12:
    Thing in the Ice
    Exquisite Firecraft
--> Wildfire
    Isochron Scepter

--: Mishra's Workshop

--: Repeal

Pack 3 pick 13:
--> Repeal
    Mishra's Workshop
    Lion's Eye Diamond

--: Burning of Xinye

Pack 3 pick 14:
--> Leonin Relic-Warder
    Burning of Xinye

--: Stormbreath Dragon

Pack 3 pick 15:
--> Stormbreath Dragon

