Event #: 9937988
Time:    7/24/2016 7:42:18 PM
Players:
    summs100
    pikey
--> MSU_Iced_Z
    no1important
    davidkantro0666
    brother_legs
    DiabloExp
    CrookedAdventure

--: Silence

--: Doom Blade

--: Doom Blade

--: Doom Blade

--: Doom Blade

--: Doom Blade

--: Doom Blade

------ M10 ------ 

Pack 1 pick 1:
    Centaur Courser
--> Doom Blade
    Cancel
    Panic Attack
    Yawning Fissure
    Acolyte of Xathrid
    Mist Leopard
    Negate
    Angel's Mercy
    Soul Bleed
    Bog Wraith
    Phantom Warrior
    Act of Treason
    Silence
    Mountain

--: Stormfront Pegasus

--: Child of Night

--: Child of Night

--: Child of Night

--: Child of Night

--: Child of Night

--: Child of Night

Pack 1 pick 2:
    Stormfront Pegasus
    Stampeding Rhino
    Panic Attack
--> Child of Night
    Soul Bleed
    Mist Leopard
    Convincing Mirage
    Duress
    Burst of Speed
    Runeclaw Bear
    Awakener Druid
    Alluring Siren
    Wall of Fire
    Mountain

--: Elvish Visionary

--: Elvish Visionary

--: Elvish Visionary

--: Elvish Visionary

--: Elvish Visionary

Pack 1 pick 3:
--> Elvish Visionary
    Griffin Sentinel
    Jackal Familiar
    Safe Passage
    Mind Rot
    Fog
    Trumpet Blast
    Zephyr Sprite
    Palace Guard
    Dragon's Claw
    Megrim
    Stone Giant
    Plains

--: Mesa Enchantress

--: Dread Warlock

--: Dread Warlock

--: Dread Warlock

--: Dread Warlock

Pack 1 pick 4:
    Craw Wurm
--> Dread Warlock
    Goblin Piker
    Divination
    Mist Leopard
    Horned Turtle
    Burst of Speed
    Soul Warden
    Ornithopter
    Celestial Purge
    Mesa Enchantress
    Mountain

--: Deadly Recluse

--: Deadly Recluse

--: Deadly Recluse

--: Deadly Recluse

--: Deadly Recluse

Pack 1 pick 5:
--> Deadly Recluse
    Illusionary Servant
    Warpath Ghoul
    Excommunicate
    Viashino Spearhunter
    Giant Spider
    Bountiful Harvest
    Yawning Fissure
    Tome Scour
    Soul Warden
    Swamp

--: Dragonskull Summit

--: Bog Wraith

--: Fog

--: Illusionary Servant

--: Illusionary Servant

--: Illusionary Servant

--: Illusionary Servant

Pack 1 pick 6:
    Seismic Strike
--> Illusionary Servant
    Fog
    Shatter
    Zephyr Sprite
    Solemn Offering
    Bog Wraith
    Elite Vanguard
    Dragonskull Summit
    Plains

--: Ponder

--: Child of Night

--: Wind Drake

--: Wind Drake

Pack 1 pick 7:
    Ponder
    Seismic Strike
    Craw Wurm
--> Wind Drake
    Cancel
    Child of Night
    Berserkers of Blood Ridge
    Angel's Feather
    Forest

--: Warp World

--: Diabolic Tutor

--: Diabolic Tutor

Pack 1 pick 8:
    Seismic Strike
    Firebreathing
    Disorient
    Mind Rot
    Dragon's Claw
--> Diabolic Tutor
    Warp World
    Plains

--: Silence

--: Negate

Pack 1 pick 9:
    Panic Attack
    Yawning Fissure
--> Negate
    Angel's Mercy
    Soul Bleed
    Silence
    Mountain

--: Panic Attack

--: Soul Bleed

Pack 1 pick 10:
    Panic Attack
--> Soul Bleed
    Convincing Mirage
    Burst of Speed
    Wall of Fire
    Mountain

--: Safe Passage

--: Dragon's Claw

Pack 1 pick 11:
    Safe Passage
    Fog
    Trumpet Blast
--> Dragon's Claw
    Plains

--: Mesa Enchantress

--: Mesa Enchantress

--: Celestial Purge

--: Celestial Purge

Pack 1 pick 12:
    Burst of Speed
--> Celestial Purge
    Mesa Enchantress
    Mountain

--: Yawning Fissure

--: Tome Scour

Pack 1 pick 13:
    Yawning Fissure
--> Tome Scour
    Swamp

--: Shatter

--: Shatter

Pack 1 pick 14:
--> Shatter
    Plains

--: Forest

--: Forest

Pack 1 pick 15:
--> Forest

--: Capricious Efreet

--: Black Knight

--: Black Knight

------ M10 ------ 

Pack 2 pick 1:
    Craw Wurm
    Dread Warlock
    Goblin Piker
    Divination
    Burning Inquiry
    Weakness
    Safe Passage
    Trumpet Blast
    Bramble Creeper
    Disorient
    Prized Unicorn
--> Black Knight
    Gorgon Flail
    Capricious Efreet
    Mountain

--: Oakenform

--: Oakenform

Pack 2 pick 2:
--> Oakenform
    Cancel
    Sign in Blood
    Berserkers of Blood Ridge
    Firebreathing
    Serpent of the Endless Sea
    Glorious Charge
    Disentomb
    Naturalize
    Lava Axe
    Prized Unicorn
    Rod of Ruin
    Relentless Rats
    Island

--: Llanowar Elves

--: Doom Blade

Pack 2 pick 3:
    Llanowar Elves
--> Doom Blade
    Snapping Drake
    Glorious Charge
    Weakness
    Fog
    Shatter
    Zephyr Sprite
    Solemn Offering
    Dragon Whelp
    Ignite Disorder
    Windstorm
    Island

--: Giant Growth

--: Giant Growth

--: Giant Growth

--: Giant Growth

Pack 2 pick 4:
--> Giant Growth
    Vampire Aristocrat
    Lightning Elemental
    Essence Scatter
    Razorfoot Griffin
    Terramorphic Expanse
    Unholy Strength
    Naturalize
    Wall of Faith
    Sage Owl
    Celestial Purge
    Swamp

--: Sparkmage Apprentice

--: Drudge Skeletons

--: Drudge Skeletons

Pack 2 pick 5:
    Sparkmage Apprentice
    Fiery Hellhound
    Gravedigger
--> Drudge Skeletons
    Entangling Vines
    Firebreathing
    Serpent of the Endless Sea
    Glorious Charge
    Disentomb
    Rod of Ruin
    Plains

--: Gravedigger

--: Rise from the Grave

--: Rise from the Grave

Pack 2 pick 6:
    Gravedigger
    Sparkmage Apprentice
    Holy Strength
    Drudge Skeletons
    Lava Axe
    Wall of Faith
    Entangling Vines
    Burning Inquiry
--> Rise from the Grave
    Forest

--: Coral Merfolk

--: Disentomb

--: Disentomb

Pack 2 pick 7:
    Coral Merfolk
    Zephyr Sprite
    Palace Guard
--> Disentomb
    Emerald Oryx
    Shatter
    Jump
    Flashfreeze
    Island

--: Holy Strength

--: Swamp

--: Weakness

--: Weakness

Pack 2 pick 8:
    Holy Strength
    Glorious Charge
--> Weakness
    Fog
    Shatter
    Wurm's Tooth
    Tempest of Light
    Swamp

--: Craw Wurm

--: Weakness

--: Weakness

Pack 2 pick 9:
    Craw Wurm
    Burning Inquiry
--> Weakness
    Safe Passage
    Trumpet Blast
    Disorient
    Mountain

--: Firebreathing

--: Relentless Rats

Pack 2 pick 10:
    Firebreathing
    Serpent of the Endless Sea
    Disentomb
    Naturalize
--> Relentless Rats
    Island

--: Glorious Charge

--: Weakness

Pack 2 pick 11:
    Glorious Charge
--> Weakness
    Shatter
    Zephyr Sprite
    Island

--: Unholy Strength

--: Unholy Strength

Pack 2 pick 12:
--> Unholy Strength
    Naturalize
    Wall of Faith
    Swamp

--: Serpent of the Endless Sea

--: Disentomb

Pack 2 pick 13:
    Serpent of the Endless Sea
--> Disentomb
    Plains

--: Burning Inquiry

--: Burning Inquiry

Pack 2 pick 14:
--> Burning Inquiry
    Forest

--: Island

--: Island

Pack 2 pick 15:
--> Island

--: Haunting Echoes

--: Air Elemental

--: Air Elemental

------ M10 ------ 

Pack 3 pick 1:
    Rampant Growth
    Gravedigger
    Sparkmage Apprentice
    Wind Drake
    Divine Verdict
    Borderland Ranger
    Berserkers of Blood Ridge
    Oakenform
    Silvercoat Lion
    Coral Merfolk
    Spellbook
--> Air Elemental
    Gorgon Flail
    Haunting Echoes
    Plains

--: Doom Blade

--: Doom Blade

Pack 3 pick 2:
--> Doom Blade
    Jackal Familiar
    Stampeding Rhino
    Griffin Sentinel
    Acolyte of Xathrid
    Regenerate
    Kindled Fury
    Negate
    Lifelink
    Duress
    Ornithopter
    Deathmark
    Righteousness
    Mountain

--: Essence Scatter

--: Phantom Warrior

--: Phantom Warrior

Pack 3 pick 3:
    Essence Scatter
    Excommunicate
    Borderland Ranger
    Lightning Elemental
    Warpath Ghoul
    Divination
    Oakenform
    Merfolk Looter
    Snapping Drake
--> Phantom Warrior
    Whispersilk Cloak
    Tempest of Light
    Forest

--: Traumatize

--: Sign in Blood

Pack 3 pick 4:
    Silvercoat Lion
--> Sign in Blood
    Coral Merfolk
    Sage Owl
    Burning Inquiry
    Weakness
    Safe Passage
    Trumpet Blast
    Goblin Artillery
    Relentless Rats
    Traumatize
    Island

--: Haunting Echoes

--: Unsummon

--: Unsummon

Pack 3 pick 5:
    Viashino Spearhunter
--> Unsummon
    Veteran Armorsmith
    Disentomb
    Shatter
    Jump
    Solemn Offering
    Wurm's Tooth
    Fabricate
    Haunting Echoes
    Island

--: Merfolk Sovereign

--: Dread Warlock

--: Terramorphic Expanse

--: Terramorphic Expanse

Pack 3 pick 6:
    Dread Warlock
    Canyon Minotaur
    Excommunicate
    Convincing Mirage
--> Terramorphic Expanse
    Lifelink
    Rhox Pikemaster
    Angel's Feather
    Merfolk Sovereign
    Mountain

--: Seismic Strike

--: Wind Drake

--: Wind Drake

Pack 3 pick 7:
    Seismic Strike
--> Wind Drake
    Siege Mastodon
    Sage Owl
    Unholy Strength
    Emerald Oryx
    Firebreathing
    Disorient
    Forest

--: Ponder

--: Ponder

--: Ponder

Pack 3 pick 8:
--> Ponder
    Veteran Armorsmith
    Ice Cage
    Canyon Minotaur
    Regenerate
    Convincing Mirage
    Soul Warden
    Swamp

--: Haunting Echoes

--: Coral Merfolk

--: Haunting Echoes

Pack 3 pick 9:
    Sparkmage Apprentice
    Berserkers of Blood Ridge
    Silvercoat Lion
    Coral Merfolk
    Spellbook
--> Haunting Echoes
    Plains

--: Acolyte of Xathrid

--: Acolyte of Xathrid

--: Regenerate

Pack 3 pick 10:
    Acolyte of Xathrid
--> Regenerate
    Kindled Fury
    Lifelink
    Ornithopter
    Mountain

--: Essence Scatter

--: Lightning Elemental

--: Essence Scatter

--: Essence Scatter

--: Essence Scatter

--: Essence Scatter

Pack 3 pick 11:
--> Essence Scatter
    Lightning Elemental
    Divination
    Tempest of Light
    Forest

--: Coral Merfolk

--: Burning Inquiry

--: Burning Inquiry

Pack 3 pick 12:
    Coral Merfolk
--> Burning Inquiry
    Trumpet Blast
    Island

--: Shatter

--: Fabricate

Pack 3 pick 13:
    Shatter
--> Fabricate
    Island

--: Convincing Mirage

--: Convincing Mirage

Pack 3 pick 14:
--> Convincing Mirage
    Mountain

--: Forest

Pack 3 pick 15:
--> Forest

