Event #: 9938194
Time:    7/24/2016 9:54:23 PM
Players:
    Nispere
--> Soulreaper58
    spicyfart123
    Stimutaks
    37invisibalkid
    MoonTimeDweller
    matthewsmeg
    Ricketty

--: Elesh Norn, Grand Cenobite

--: Sol Ring

--: Sol Ring

--: Sol Ring

--: Sol Ring

------ C03 ------ 

Pack 1 pick 1:
    Elesh Norn, Grand Cenobite
    Reveillark
    Daze
    Impulse
    Grim Tutor
    Vampiric Tutor
    Lightning Bolt
    Hellrider
    Llanowar Elves
    Beast Within
--> Sol Ring
    Simic Signet
    Godless Shrine
    Nicol Bolas, Planeswalker
    Fire/Ice

--: Linvala, Keeper of Silence

--: Karn Liberated

--: Karn Liberated

Pack 1 pick 2:
    Linvala, Keeper of Silence
    Day of Judgment
    Time Spiral
    Heir of Falkenrath
    Griselbrand
    Burst Lightning
    Flametongue Kavu
    Survival of the Fittest
    Polukranos, World Eater
    Hedron Archive
--> Karn Liberated
    Skullclamp
    Shadowmage Infiltrator
    Wandering Fumarole

--: Kozilek, Butcher of Truth

--: Kozilek, Butcher of Truth

--: Kozilek, Butcher of Truth

Pack 1 pick 3:
    Flickerwisp
    Faith's Fetters
    Mental Misstep
    Compulsive Research
    Gurmag Angler
    Buried Alive
    Young Pyromancer
    Goblin Dark-Dwellers
    Joraga Treespeaker
    Tarmogoyf
--> Kozilek, Butcher of Truth
    Orzhov Signet
    Savannah

--: Timetwister

--: Overgrown Tomb

--: Overgrown Tomb

Pack 1 pick 4:
    Linvala, the Preserver
    Timetwister
    Skinrender
    Recurring Nightmare
    Magma Jet
    Wildfire
    Genesis Wave
    Woodfall Primus
    Figure of Destiny
    Anguished Unmaking
    Pithing Needle
--> Overgrown Tomb

--: Sheoldred, Whispering One

--: Damnation

--: Damnation

Pack 1 pick 5:
    Parallax Wave
    Brain Freeze
--> Damnation
    Sheoldred, Whispering One
    Imperial Recruiter
    Kargan Dragonlord
    Managorger Hydra
    Roast
    Smokestack
    Sword of Body and Mind
    Pernicious Deed

--: Brimaz, King of Oreskos

--: Pack Rat

--: Underground Sea

--: Underground Sea

--: Underground Sea

--: Underground Sea

Pack 1 pick 6:
    Brimaz, King of Oreskos
    Mana Leak
    Palinchron
    Murderous Cut
    Pack Rat
    Crater's Claws
    Song of the Dryads
    Natural Order
    Ancient Grudge
--> Underground Sea

--: Thrun, the Last Troll

--: Thoughtseize

Pack 1 pick 7:
    Academy Rector
    Meloku the Clouded Mirror
    Mystical Tutor
--> Thoughtseize
    Firedrinker Satyr
    Thrun, the Last Troll
    Marsh Flats
    Mindslaver
    Maelstrom Pulse

--: Rakdos's Return

--: Force of Will

--: Force of Will

Pack 1 pick 8:
    Soldier of the Pantheon
--> Force of Will
    Mesmeric Fiend
    Oona's Prowler
    Searing Spear
    Sylvan Caryatid
    Rakdos's Return
    Temple of Silence

--: Reveillark

--: Grim Tutor

--: Impulse

--: Impulse

--: Impulse

--: Impulse

--: Impulse

--: Impulse

Pack 1 pick 9:
    Reveillark
--> Impulse
    Grim Tutor
    Hellrider
    Beast Within
    Godless Shrine
    Fire/Ice

--: Polukranos, World Eater

--: Shadowmage Infiltrator

--: Shadowmage Infiltrator

--: Shadowmage Infiltrator

--: Shadowmage Infiltrator

Pack 1 pick 10:
    Time Spiral
    Heir of Falkenrath
    Burst Lightning
    Flametongue Kavu
    Polukranos, World Eater
--> Shadowmage Infiltrator

--: Tarmogoyf

--: Buried Alive

--: Buried Alive

--: Buried Alive

Pack 1 pick 11:
    Flickerwisp
    Gurmag Angler
--> Buried Alive
    Tarmogoyf
    Savannah

--: Genesis Wave

--: Pithing Needle

Pack 1 pick 12:
    Skinrender
    Magma Jet
    Genesis Wave
--> Pithing Needle

--: Kargan Dragonlord

--: Managorger Hydra

Pack 1 pick 13:
    Kargan Dragonlord
--> Managorger Hydra
    Roast

--: Palinchron

--: Palinchron

Pack 1 pick 14:
--> Palinchron
    Murderous Cut

--: Thrun, the Last Troll

--: Thrun, the Last Troll

Pack 1 pick 15:
--> Thrun, the Last Troll

--: Stormbreath Dragon

--: Tinker

--: Tinker

------ C03 ------ 

Pack 2 pick 1:
    War Priest of Thune
    Spear of Heliod
    Inkwell Leviathan
--> Tinker
    Duress
    Reanimate
    Exquisite Firecraft
    Stormbreath Dragon
    Sakura-Tribe Elder
    Scavenging Ooze
    Ancient Tomb
    Mishra's Factory
    Tidehollow Sculler
    Ashiok, Nightmare Weaver
    Garruk, Apex Predator

--: Armageddon

--: Tezzeret, Agent of Bolas

--: Tezzeret, Agent of Bolas

Pack 2 pick 2:
    Armageddon
    Deceiver Exarch
    Ponder
    Ultimate Price
    Imperial Seal
    Incinerate
    Delver of Secrets
    Green Sun's Zenith
    Coercive Portal
    Geist of Saint Traft
    Lumbering Falls
    Shambling Vent
--> Tezzeret, Agent of Bolas
    Temple of Epiphany

--: Tezzeret the Seeker

Pack 2 pick 3:
    Blade Splicer
    Awakening Zone
--> Tezzeret the Seeker
    Turnabout
    Kalitas, Traitor of Ghet
    Corpse Dance
    Fiery Confluence
    Harmonize
    Freyalise, Llanowar's Fury
    Sphinx's Revelation
    Tropical Island
    Temple of Deceit
    Staff of Domination

--: Garruk, Primal Hunter

--: Ulamog, the Infinite Gyre

--: Ulamog, the Infinite Gyre

Pack 2 pick 4:
    Student of Warfare
    Porcelain Legionnaire
    Mystic Confluence
    Dig Through Time
    Diabolic Edict
    Makeshift Mannequin
    Burning of Xinye
    Garruk, Primal Hunter
    Blood Crypt
--> Ulamog, the Infinite Gyre
    Duplicant
    Everflowing Chalice

--: Control Magic

--: Control Magic

--: Control Magic

--: Control Magic

--: Control Magic

Pack 2 pick 5:
    Banisher Priest
--> Control Magic
    Frantic Search
    Cabal Ritual
    Faithless Looting
    Brimstone Volley
    Traverse the Ulvenwald
    Eternal Witness
    Needle Spires
    Creeping Tar Pit
    Steam Vents

--: True-Name Nemesis

--: Ancestral Vision

--: Ancestral Vision

Pack 2 pick 6:
    True-Name Nemesis
--> Ancestral Vision
    Painful Truths
    Rishadan Port
    Seething Song
    Wasteland
    Lodestone Golem
    Raging Ravine
    Qasali Pridemage
    Izzet Charm

--: Moat

--: Thirst for Knowledge

--: Thirst for Knowledge

Pack 2 pick 7:
    Mardu Woe-Reaper
    Moat
--> Thirst for Knowledge
    Desecration Demon
    Dismember
    Torch Fiend
    Reclamation Sage
    Breeding Pool
    Hangarback Walker

--: Karakas

--: Vampire Nighthawk

Pack 2 pick 8:
    Emeria Angel
    Karakas
--> Vampire Nighthawk
    Massacre Wurm
    Magus of the Wheel
    Birthing Pod
    Dragonlord Dromoka
    Electrolyze

--: Stormbreath Dragon

--: Inkwell Leviathan

--: Inkwell Leviathan

--: Inkwell Leviathan

--: Inkwell Leviathan

Pack 2 pick 9:
    War Priest of Thune
--> Inkwell Leviathan
    Duress
    Stormbreath Dragon
    Scavenging Ooze
    Mishra's Factory
    Tidehollow Sculler

--: Geist of Saint Traft

--: Ponder

--: Ultimate Price

--: Ultimate Price

--: Ultimate Price

--: Ultimate Price

Pack 2 pick 10:
    Deceiver Exarch
    Ponder
--> Ultimate Price
    Delver of Secrets
    Geist of Saint Traft
    Temple of Epiphany

--: Kalitas, Traitor of Ghet

--: Kalitas, Traitor of Ghet

--: Corpse Dance

Pack 2 pick 11:
    Turnabout
    Kalitas, Traitor of Ghet
--> Corpse Dance
    Harmonize
    Sphinx's Revelation

--: Dig Through Time

--: Duplicant

--: Duplicant

--: Duplicant

Pack 2 pick 12:
    Dig Through Time
    Diabolic Edict
    Burning of Xinye
--> Duplicant

--: Creeping Tar Pit

--: Creeping Tar Pit

Pack 2 pick 13:
    Cabal Ritual
    Brimstone Volley
--> Creeping Tar Pit

--: Lodestone Golem

--: Lodestone Golem

Pack 2 pick 14:
--> Lodestone Golem
    Izzet Charm

--: Mardu Woe-Reaper

--: Mardu Woe-Reaper

--: Mardu Woe-Reaper

--: Mardu Woe-Reaper

Pack 2 pick 15:
--> Mardu Woe-Reaper

--: Mox Emerald

--: Mox Emerald

--: Mox Emerald

------ C03 ------ 

Pack 3 pick 1:
    Restoration Angel
    Elspeth, Knight-Errant
    Venser, Shaper Savant
    Empty the Warrens
    Nekrataal
    Anticipate
    Splinter Twin
    Magus of the Moon
    Primal Command
--> Mox Emerald
    Badlands
    Temple of Triumph
    Sword of Light and Shadow
    Nevinyrral's Disk
    Grim Monolith

--: Kytheon, Hero of Akros

--: Thada Adel, Acquisitor

Pack 3 pick 2:
    Kytheon, Hero of Akros
    Enlightened Tutor
--> Thada Adel, Acquisitor
    Heartbeat of Spring
    Brain Maggot
    Bazaar of Baghdad
    Sulfuric Vortex
    Avalanche Riders
    Sylvan Library
    Garruk Relentless
    Kolaghan's Command
    Mutavault
    Unburial Rites
    Deathrite Shaman

--: Hero of Bladehold

--: Shallow Grave

--: Shallow Grave

--: Shallow Grave

--: Shallow Grave

Pack 3 pick 3:
    Hero of Bladehold
    Unexpectedly Absent
    Careful Study
    Dark Confidant
--> Shallow Grave
    Fireblast
    Siege-Gang Commander
    Wall of Roots
    Seasons Past
    Temple of Malice
    Bring to Light
    Sword of War and Peace
    Dragonlord Silumgar

--: Vryn Wingmare

--: Polluted Delta

--: Polluted Delta

--: Polluted Delta

--: Polluted Delta

Pack 3 pick 4:
    Vryn Wingmare
    Wrath of God
    Phantasmal Image
    Cryptic Command
    Nezumi Graverobber
    Necromancy
    Searing Blaze
    Avacyn's Pilgrim
    Sidisi, Undead Vizier
    Trygon Predator
--> Polluted Delta
    Hissing Quagmire

--: The Abyss

--: The Abyss

Pack 3 pick 5:
    Fiend Hunter
    Declaration in Stone
    Gitaxian Probe
--> The Abyss
    Putrid Imp
    Firebolt
    Noble Hierarch
    Deranged Hermit
    Boros Charm
    Stomping Ground
    Kitchen Finks

--: Wheel of Fortune

--: Entomb

--: Entomb

--: Entomb

--: Entomb

--: Entomb

--: Entomb

Pack 3 pick 6:
    Wall of Omens
    Gifts Ungiven
    Bone Shredder
--> Entomb
    Wheel of Fortune
    Goblin Guide
    Celestial Colonnade
    Dragonlord Atarka
    Windswept Heath
    Kuldotha Forgemaster

--: Master of the Wild Hunt

--: Tendrils of Agony

--: Tendrils of Agony

Pack 3 pick 7:
    Spectral Procession
    Mana Tithe
    Lifebane Zombie
--> Tendrils of Agony
    Lightning Mauler
    Master of the Wild Hunt
    Terminate
    Plateau
    Voice of Resurgence

--: Angel of Serenity

--: Sneak Attack

--: Chrome Mox

--: Chrome Mox

Pack 3 pick 8:
    Knight of the White Orchid
    Angel of Serenity
    Sower of Temptation
    Nezumi Shortfang
    Sneak Attack
    Yavimaya Elder
    High Tide
--> Chrome Mox

--: Nevinyrral's Disk

--: Splinter Twin

Pack 3 pick 9:
    Restoration Angel
    Empty the Warrens
--> Splinter Twin
    Magus of the Moon
    Primal Command
    Temple of Triumph
    Nevinyrral's Disk

--: Bazaar of Baghdad

--: Bazaar of Baghdad

Pack 3 pick 10:
    Heartbeat of Spring
--> Bazaar of Baghdad
    Avalanche Riders
    Kolaghan's Command
    Mutavault
    Deathrite Shaman

--: Seasons Past

--: Careful Study

Pack 3 pick 11:
--> Careful Study
    Dark Confidant
    Siege-Gang Commander
    Seasons Past
    Bring to Light

--: Vryn Wingmare

--: Trygon Predator

Pack 3 pick 12:
    Vryn Wingmare
    Nezumi Graverobber
    Sidisi, Undead Vizier
--> Trygon Predator

--: Fiend Hunter

--: Putrid Imp

--: Putrid Imp

--: Putrid Imp

Pack 3 pick 13:
    Fiend Hunter
--> Putrid Imp
    Boros Charm

--: Gifts Ungiven

--: Gifts Ungiven

--: Gifts Ungiven

--: Gifts Ungiven

Pack 3 pick 14:
    Wall of Omens
--> Gifts Ungiven

--: Mana Tithe

--: Mana Tithe

Pack 3 pick 15:
--> Mana Tithe

