Event #: 9952960
Time:    7/29/2016 12:55:11 PM
Players:
    WordsToADeadeyespell
    Maxxouille
    drafting0304
    Syphox
--> Dorvan
    OlDfatmaID
    MightyXI
    tomrichards8464

--: Mountain

--: Smoldering Werewolf

--: Smoldering Werewolf

------ EMN ------ 

Pack 1 pick 1:
    Galvanic Bombardment
    Wretched Gryff
    Borrowed Malevolence
    Wolfkin Bond
    Skirsdag Supplicant
    Steadfast Cathar
    Spontaneous Mutation
    Terrarion
    Stensia Banquet
    Slayer's Cleaver
    Graf Harvest
    Peace of Mind
    Summary Dismissal
--> Smoldering Werewolf
    Mountain

--: Island

--: Smoldering Werewolf

--: Smoldering Werewolf

Pack 1 pick 2:
    Borrowed Grace
    Otherworldly Outburst
    Wailing Ghoul
    Grapple with the Past
    Weirded Vampire
    Field Creeper
    Steadfast Cathar
    Spontaneous Mutation
    Bold Impaler
    Geist of the Archives
    Noose Constrictor
    Give No Ground
--> Smoldering Werewolf
    Island

--: Mountain

--: Falkenrath Reaver

--: Liliana's Elite

--: Courageous Outrider

--: Liliana's Elite

--: Falkenrath Reaver

--: Liliana's Elite

--: Falkenrath Reaver

--: Convolute

--: Falkenrath Reaver

--: Falkenrath Reaver

Pack 1 pick 3:
    Convolute
    Primal Druid
    Thraben Foulbloods
    Wolfkin Bond
    Terrarion
    Displace
--> Falkenrath Reaver
    Ironwright's Cleansing
    Liliana's Elite
    Lashweed Lurker
    Courageous Outrider
    Vildin-Pack Outcast
    Mountain

--: Forest

--: Shrill Howler

--: Shrill Howler

Pack 1 pick 4:
    Otherworldly Outburst
    Succumb to Temptation
    Bloodbriar
    Spontaneous Mutation
    Stensia Banquet
    Ironwright's Cleansing
    Displace
    Crop Sigil
    Drownyard Behemoth
    Vampire Cutthroat
--> Shrill Howler
    Forest

--: Plains

--: Woodland Patrol

--: Blood Mist

--: Woodland Patrol

--: Woodland Patrol

Pack 1 pick 5:
    Waxing Moon
--> Woodland Patrol
    Succumb to Temptation
    Spontaneous Mutation
    Bold Impaler
    Guardian of Pilgrims
    Displace
    Blood Mist
    Splendid Reclamation
    Grizzled Angler
    Plains

--: Forest

--: Tangleclaw Werewolf

--: Tangleclaw Werewolf

Pack 1 pick 6:
    Waxing Moon
    Borrowed Grace
    Borrowed Malevolence
    Woodland Patrol
    Terrarion
    Stensia Banquet
    Guardian of Pilgrims
    Permeating Mass
--> Tangleclaw Werewolf
    Forest

--: Forest

--: Grapple with the Past

--: Otherworldly Outburst

--: Grapple with the Past

--: Grapple with the Past

Pack 1 pick 7:
    Borrowed Grace
    Otherworldly Outburst
    Woodcutter's Grit
    Wailing Ghoul
--> Grapple with the Past
    Terrarion
    Make Mischief
    Prying Questions
    Forest

--: Mountain

--: Backwoods Survivalists

--: Falkenrath Reaver

--: Falkenrath Reaver

Pack 1 pick 8:
    Strange Augmentation
    Backwoods Survivalists
    Cemetery Recruitment
--> Falkenrath Reaver
    Convolute
    Make Mischief
    Give No Ground
    Mountain

--: Mountain

--: Terrarion

--: Terrarion

Pack 1 pick 9:
    Steadfast Cathar
--> Terrarion
    Stensia Banquet
    Slayer's Cleaver
    Graf Harvest
    Peace of Mind
    Mountain

--: Island

--: Otherworldly Outburst

--: Otherworldly Outburst

Pack 1 pick 10:
    Borrowed Grace
--> Otherworldly Outburst
    Wailing Ghoul
    Grapple with the Past
    Give No Ground
    Island

--: Mountain

--: Terrarion

--: Terrarion

Pack 1 pick 11:
    Convolute
--> Terrarion
    Displace
    Ironwright's Cleansing
    Mountain

--: Stensia Banquet

--: Crop Sigil

--: Crop Sigil

Pack 1 pick 12:
    Stensia Banquet
    Ironwright's Cleansing
    Displace
--> Crop Sigil

--: Plains

--: Waxing Moon

--: Waxing Moon

Pack 1 pick 13:
--> Waxing Moon
    Displace
    Plains

--: Forest

--: Borrowed Grace

Pack 1 pick 14:
--> Borrowed Grace
    Forest

--: Prying Questions

--: Prying Questions

Pack 1 pick 15:
--> Prying Questions

--: Plains

--: Ulvenwald Captive

--: Ulvenwald Captive

------ EMN ------ 

Pack 2 pick 1:
    Tattered Haunter
    Borrowed Grace
    Waxing Moon
    Gavony Unhallowed
    Wolfkin Bond
    Fogwalker
    Stensia Innkeeper
    Thraben Foulbloods
    Contingency Plan
    Mournwillow
    Weaver of Lightning
    Subjugator Angel
    Gisa and Geralf
--> Ulvenwald Captive
    Plains

--: Forest

--: Somberwald Stag

--: Somberwald Stag

Pack 2 pick 2:
    Cultist's Staff
    Olivia's Dragoon
    Desperate Sentry
    It of the Horrid Swarm
    Borrowed Malevolence
    Thermo-Alchemist
    Fiend Binder
    Turn Aside
    Alchemist's Greeting
    Chilling Grasp
    Deranged Whelp
--> Somberwald Stag
    Graf Rats
    Forest

--: Plains

--: Hanweir Battlements

--: Falkenrath Reaver

--: Falkenrath Reaver

Pack 2 pick 3:
    Hanweir Battlements
    Wolfkin Bond
    Skirsdag Supplicant
    Grapple with the Past
    Convolute
--> Falkenrath Reaver
    Ironwright's Cleansing
    Vampire Cutthroat
    Drogskol Shieldmate
    Mercurial Geists
    Lupine Prototype
    Graf Rats
    Plains

--: Forest

--: Woodland Patrol

--: Woodland Patrol

Pack 2 pick 4:
    Dawn Gryff
    Wailing Ghoul
--> Woodland Patrol
    Weirded Vampire
    Terrarion
    Bold Impaler
    Guardian of Pilgrims
    Enlightened Maniac
    Ride Down
    Drogskol Shieldmate
    Dusk Feaster
    Forest

--: Swamp

--: Thermo-Alchemist

--: Weaver of Lightning

--: Weaver of Lightning

Pack 2 pick 5:
    Springsage Ritual
    Skirsdag Supplicant
    Crossroads Consecrator
    Lunarch Mantle
    Fogwalker
    Thermo-Alchemist
--> Weaver of Lightning
    Vexing Scuttler
    Providence
    Lone Rider
    Swamp

--: Plains

--: Savage Alliance

--: Savage Alliance

Pack 2 pick 6:
    Springsage Ritual
    Boon of Emrakul
    Wolfkin Bond
    Skirsdag Supplicant
    Borrowed Hostility
    Cathar's Shield
    Geist of the Lonely Vigil
    Lunar Force
--> Savage Alliance
    Plains

--: Forest

--: Brazen Wolves

--: Brazen Wolves

Pack 2 pick 7:
    Otherworldly Outburst
--> Brazen Wolves
    Wailing Ghoul
    Bloodbriar
    Steadfast Cathar
    Spontaneous Mutation
    Harmless Offering
    Vildin-Pack Outcast
    Forest

--: Swamp

--: Bloodbriar

--: Bloodbriar

Pack 2 pick 8:
    Waxing Moon
    Borrowed Grace
--> Bloodbriar
    Borrowed Malevolence
    Displace
    Field Creeper
    Thirsting Axe
    Swamp

--: Plains

--: Waxing Moon

Pack 2 pick 9:
    Borrowed Grace
--> Waxing Moon
    Stensia Innkeeper
    Thraben Foulbloods
    Contingency Plan
    Mournwillow
    Plains

--: Forest

--: Alchemist's Greeting

--: Alchemist's Greeting

Pack 2 pick 10:
    Cultist's Staff
    Borrowed Malevolence
    Turn Aside
--> Alchemist's Greeting
    Graf Rats
    Forest

--: Lupine Prototype

--: Lupine Prototype

--: Lupine Prototype

Pack 2 pick 11:
    Skirsdag Supplicant
    Grapple with the Past
    Convolute
    Ironwright's Cleansing
--> Lupine Prototype

--: Wailing Ghoul

--: Ride Down

--: Ride Down

Pack 2 pick 12:
    Wailing Ghoul
    Terrarion
    Bold Impaler
--> Ride Down

--: Providence

--: Springsage Ritual

Pack 2 pick 13:
--> Springsage Ritual
    Lunarch Mantle
    Providence

--: Plains

--: Springsage Ritual

Pack 2 pick 14:
--> Springsage Ritual
    Plains

--: Forest

--: Forest

Pack 2 pick 15:
--> Forest

--: Mountain

--: Solitary Hunter

--: Solitary Hunter

------ SOI ------ 

Pack 3 pick 1:
    Just the Wind
    Emissary of the Sleepless
    Jace's Scrutiny
    Seagraf Skaab
    Stallion of Ashmouth
    Vessel of Malignity
    Uncaged Fury
    Byway Courier
    Grotesque Mutation
    Reaper of Flight Moonsilver
    Foul Orchard
    Sinister Concoction
    Drogskol Cavalry
--> Solitary Hunter
    Mountain

--: Plains

--: Vessel of Nascency

--: Vessel of Nascency

Pack 3 pick 2:
    Dauntless Cathar
    Nagging Thoughts
    Vessel of Ephemera
    Drownyard Explorers
    Ghoulcaller's Accomplice
    Loam Dryad
    Shamble Back
    Pore Over the Pages
--> Vessel of Nascency
    Spectral Shepherd
    Manic Scribe
    Reckless Scholar
    Gatstaf Arsonists
    Plains

--: Swamp

--: Always Watching

--: Always Watching

Pack 3 pick 3:
    Survive the Night
    Stitched Mangler
    Expose Evil
    Shard of Broken Glass
    Sanitarium Skeleton
    Moorland Drifter
    Swamp
    Vessel of Malignity
    Sanguinary Mage
    Veteran Cathar
    Tenacity
--> Always Watching
    Island

--: Mountain

--: Quilled Wolf

--: Quilled Wolf

Pack 3 pick 4:
    Lamplighter of Selhoff
    Puncturing Light
--> Quilled Wolf
    Merciless Resolve
    Hulking Devil
    Thornhide Wolves
    Murderous Compulsion
    Strength of Arms
    Trail of Evidence
    Humble the Brute
    Thraben Gargoyle
    Mountain

--: Swamp

--: Voldaren Duelist

--: Voldaren Duelist

Pack 3 pick 5:
    Ghostly Wings
    Deny Existence
    Warped Landscape
    Intrepid Provisioner
    Vessel of Nascency
    Crow of Dark Tidings
--> Voldaren Duelist
    Watcher in the Web
    Pick the Brain
    Paranoid Parish-Blade
    Swamp

--: Forest

--: Convicted Killer

--: Convicted Killer

Pack 3 pick 6:
    Inquisitor's Ox
    Silent Observer
    Survive the Night
    Magmatic Chasm
    Aim High
    Invasive Surgery
    Crawling Sensation
    Cryptolith Rite
--> Convicted Killer
    Forest

--: Swamp

--: Village Messenger

--: Village Messenger

Pack 3 pick 7:
    Puncturing Light
    Seagraf Skaab
    Vessel of Nascency
    Ember-Eye Wolf
    Not Forgotten
    Pale Rider of Trostad
    Eerie Interlude
--> Village Messenger
    Swamp

--: Plains

--: Gloomwidow

--: Gloomwidow

Pack 3 pick 8:
    Silburlind Snapper
    Militant Inquisitor
    Moldgraf Scavenger
    Stoic Builder
    Shamble Back
    Behind the Scenes
--> Gloomwidow
    Plains

--: Mountain

--: Uncaged Fury

--: Uncaged Fury

Pack 3 pick 9:
    Jace's Scrutiny
    Seagraf Skaab
    Stallion of Ashmouth
    Vessel of Malignity
--> Uncaged Fury
    Reaper of Flight Moonsilver
    Mountain

--: Plains

--: Drownyard Explorers

--: Drownyard Explorers

Pack 3 pick 10:
    Nagging Thoughts
    Vessel of Ephemera
--> Drownyard Explorers
    Loam Dryad
    Shamble Back
    Plains

--: Swamp

--: Shard of Broken Glass

--: Shard of Broken Glass

Pack 3 pick 11:
    Survive the Night
--> Shard of Broken Glass
    Swamp
    Vessel of Malignity
    Island

--: Mountain

--: Thornhide Wolves

--: Thornhide Wolves

Pack 3 pick 12:
    Lamplighter of Selhoff
    Hulking Devil
--> Thornhide Wolves
    Mountain

--: Swamp

--: Intrepid Provisioner

--: Intrepid Provisioner

Pack 3 pick 13:
    Ghostly Wings
--> Intrepid Provisioner
    Swamp

--: Forest

--: Invasive Surgery

--: Invasive Surgery

Pack 3 pick 14:
--> Invasive Surgery
    Forest

--: Swamp

--: Swamp

Pack 3 pick 15:
--> Swamp

