Event #: 9953459
Time:    7/29/2016 8:16:26 PM
Players:
--> CapTenPlanIt
    Grindstoner
    NinjaDazed
    Fukutsuna
    B2theReeves
    Pan
    Metatronius
    GrevJim

--: Mountain

--: Ruthless Disposal

--: Ruthless Disposal

--: Ruthless Disposal

------ EMN ------ 

Pack 1 pick 1:
    Backwoods Survivalists
    Sigardian Priest
    Cultist's Staff
    Certain Death
    Swift Spinner
    Borrowed Hostility
    Strange Augmentation
    Contingency Plan
    Thermo-Alchemist
    Long Road Home
--> Ruthless Disposal
    Blessed Alliance
    Ulvenwald Observer
    Vildin-Pack Outcast
    Mountain

--: Swamp

--: Haunted Dead

--: Haunted Dead

--: Haunted Dead

--: Haunted Dead

--: Haunted Dead

Pack 1 pick 2:
    Galvanic Bombardment
    Wretched Gryff
    Distemper of the Blood
    Swamp
    Primal Druid
    Fiend Binder
    Cathar's Shield
    Fogwalker
    Stensia Innkeeper
    Abandon Reason
    Emrakul's Influence
--> Haunted Dead
    Graf Rats
    Mountain

--: Plains

--: Cryptolith Fragment

--: Cryptolith Fragment

--: Cryptolith Fragment

Pack 1 pick 3:
    Cultist's Staff
    Borrowed Malevolence
    Thraben Foulbloods
    Grapple with the Past
    Gavony Unhallowed
    Guardian of Pilgrims
    Convolute
    Make Mischief
    Slayer's Cleaver
    Graf Harvest
    Peace of Mind
--> Cryptolith Fragment
    Plains

--: Mountain

--: Enlightened Maniac

--: Enlightened Maniac

Pack 1 pick 4:
    Take Inventory
    Tattered Haunter
    Skirsdag Supplicant
    Grapple with the Past
    Falkenrath Reaver
    Ironwright's Cleansing
--> Enlightened Maniac
    Bold Impaler
    Peace of Mind
    Nebelgast Herald
    Slayer's Cleaver
    Mountain

--: Mountain

--: Liliana's Elite

--: Liliana's Elite

Pack 1 pick 5:
    Cultist's Staff
    Dawn Gryff
    Thraben Foulbloods
    Grapple with the Past
    Scour the Laboratory
    Ironwright's Cleansing
    Displace
    Terrarion
    Bold Impaler
--> Liliana's Elite
    Mountain

--: Forest

--: Gnarlwood Dryad

--: Drag Under

--: Drag Under

Pack 1 pick 6:
    Borrowed Grace
--> Drag Under
    Woodcutter's Grit
    Wailing Ghoul
    Prophetic Ravings
    Lunarch Mantle
    Fogwalker
    Thermo-Alchemist
    Gnarlwood Dryad
    Forest

--: Island

--: Drownyard Behemoth

--: Drownyard Behemoth

Pack 1 pick 7:
    Distemper of the Blood
    Cemetery Recruitment
    Primal Druid
    Contingency Plan
    Gavony Unhallowed
    Turn Aside
--> Drownyard Behemoth
    Grizzled Angler
    Island

--: Forest

--: Spontaneous Mutation

--: Spontaneous Mutation

--: Spontaneous Mutation

--: Spontaneous Mutation

Pack 1 pick 8:
    Grapple with the Past
    Weirded Vampire
--> Spontaneous Mutation
    Bold Impaler
    Guardian of Pilgrims
    Displace
    Abundant Maw
    Forest

--: Mountain

--: Swift Spinner

--: Swift Spinner

Pack 1 pick 9:
--> Swift Spinner
    Borrowed Hostility
    Strange Augmentation
    Contingency Plan
    Long Road Home
    Vildin-Pack Outcast
    Mountain

--: Swamp

--: Wretched Gryff

--: Wretched Gryff

Pack 1 pick 10:
--> Wretched Gryff
    Distemper of the Blood
    Swamp
    Stensia Innkeeper
    Emrakul's Influence
    Mountain

--: Plains

--: Thraben Foulbloods

--: Thraben Foulbloods

Pack 1 pick 11:
--> Thraben Foulbloods
    Convolute
    Slayer's Cleaver
    Peace of Mind
    Plains

--: Mountain

--: Grapple with the Past

Pack 1 pick 12:
    Skirsdag Supplicant
--> Grapple with the Past
    Peace of Mind
    Mountain

--: Mountain

--: Displace

Pack 1 pick 13:
--> Displace
    Bold Impaler
    Mountain

--: Forest

--: Prophetic Ravings

--: Forest

Pack 1 pick 14:
    Prophetic Ravings
--> Forest

--: Island

--: Island

--: Island

Pack 1 pick 15:
--> Island

--: Mountain

--: Noosegraf Mob

--: Noosegraf Mob

--: Noosegraf Mob

------ EMN ------ 

Pack 2 pick 1:
    Springsage Ritual
    Boon of Emrakul
    Tattered Haunter
    Cemetery Recruitment
    Crossroads Consecrator
    Make Mischief
    Faithbearer Paladin
    Spontaneous Mutation
    Stensia Banquet
    Advanced Stitchwing
    Give No Ground
    Incendiary Flow
--> Noosegraf Mob
    Midnight Scavengers
    Mountain

--: Forest

--: Olivia's Dragoon

--: Olivia's Dragoon

Pack 2 pick 2:
--> Olivia's Dragoon
    Desperate Sentry
    Distemper of the Blood
    Woodland Patrol
    Weirded Vampire
    Faithbearer Paladin
    Field Creeper
    Bold Impaler
    Steadfast Cathar
    Crop Sigil
    Drownyard Behemoth
    Vampire Cutthroat
    Lone Rider
    Forest

--: Swamp

--: Olivia's Dragoon

--: Olivia's Dragoon

Pack 2 pick 3:
--> Olivia's Dragoon
    Take Inventory
    Desperate Sentry
    Woodland Patrol
    Weirded Vampire
    Enlightened Maniac
    Enlightened Maniac
    Falkenrath Reaver
    Steadfast Cathar
    Insatiable Gorgers
    Foul Emissary
    Vildin-Pack Outcast
    Swamp

--: Island

--: Ruthless Disposal

--: Ruthless Disposal

Pack 2 pick 4:
    Olivia's Dragoon
    Desperate Sentry
    Distemper of the Blood
    Woodland Patrol
    Guardian of Pilgrims
    Convolute
    Make Mischief
    Ironwright's Cleansing
--> Ruthless Disposal
    Blood Mist
    Graf Rats
    Island

--: Island

--: Ingenious Skaab

--: Ingenious Skaab

Pack 2 pick 5:
--> Ingenious Skaab
    Strange Augmentation
    Woodcutter's Grit
    Convolute
    Make Mischief
    Terrarion
    Displace
    Noose Constrictor
    Give No Ground
    Conduit of Storms
    Island

--: Plains

--: Enlightened Maniac

--: Enlightened Maniac

Pack 2 pick 6:
    Dawn Gryff
    Skirsdag Supplicant
    Crossroads Consecrator
--> Enlightened Maniac
    Field Creeper
    Steadfast Cathar
    Vampire Cutthroat
    Drogskol Shieldmate
    Graf Rats
    Plains

--: Forest

--: Wailing Ghoul

--: Wailing Ghoul

Pack 2 pick 7:
    Borrowed Grace
    Otherworldly Outburst
--> Wailing Ghoul
    Laboratory Brute
    Prophetic Ravings
    Lunarch Mantle
    Nephalia Academy
    Prying Questions
    Forest

--: Forest

--: Sigardian Priest

--: Sigardian Priest

Pack 2 pick 8:
    Strange Augmentation
--> Sigardian Priest
    Woodcutter's Grit
    Contingency Plan
    Chilling Grasp
    Deranged Whelp
    Coax from the Blind Eternities
    Forest

--: Mountain

--: Boon of Emrakul

--: Boon of Emrakul

Pack 2 pick 9:
    Springsage Ritual
--> Boon of Emrakul
    Crossroads Consecrator
    Make Mischief
    Spontaneous Mutation
    Stensia Banquet
    Mountain

--: Forest

--: Field Creeper

--: Field Creeper

Pack 2 pick 10:
    Distemper of the Blood
--> Field Creeper
    Bold Impaler
    Steadfast Cathar
    Vampire Cutthroat
    Forest

--: Swamp

--: Enlightened Maniac

--: Enlightened Maniac

Pack 2 pick 11:
    Take Inventory
--> Enlightened Maniac
    Falkenrath Reaver
    Steadfast Cathar
    Swamp

--: Island

--: Make Mischief

Pack 2 pick 12:
    Distemper of the Blood
--> Make Mischief
    Ironwright's Cleansing
    Island

--: Island

--: Convolute

Pack 2 pick 13:
--> Convolute
    Displace
    Island

--: Steadfast Cathar

--: Vampire Cutthroat

--: Vampire Cutthroat

Pack 2 pick 14:
    Steadfast Cathar
--> Vampire Cutthroat

--: Forest

--: Forest

Pack 2 pick 15:
--> Forest

--: Forest

--: Gisa's Bidding

--: Gisa's Bidding

------ SOI ------ 

Pack 3 pick 1:
    Survive the Night
    Stitched Mangler
    Expose Evil
    Clip Wings
    Groundskeeper
    Murderous Compulsion
    Fiery Temper
    Magmatic Chasm
    Apothecary Geist
    Not Forgotten
--> Gisa's Bidding
    Stitchwing Skaab
    Declaration in Stone
    Solitary Hunter
    Forest

--: Forest

--: Sanitarium Skeleton

--: Sanitarium Skeleton

Pack 3 pick 2:
    Nagging Thoughts
    Vessel of Ephemera
    Rancid Rats
    Dual Shot
    Quilled Wolf
    Merciless Resolve
    Shard of Broken Glass
--> Sanitarium Skeleton
    Moonlight Hunt
    Essence Flux
    Howlpack Resurgence
    Traverse the Ulvenwald
    Aberrant Researcher
    Forest

--: Plains

--: Ghoulsteed

--: Ghoulsteed

Pack 3 pick 3:
    Ghostly Wings
    Deny Existence
    Murderous Compulsion
    Ember-Eye Wolf
    Equestrian Skill
    Stromkirk Mentor
    Tormenting Voice
    Loam Dryad
    Runaway Carriage
--> Ghoulsteed
    Rise from the Tides
    Convicted Killer
    Plains

--: Forest

--: Morkrut Necropod

--: Morkrut Necropod

Pack 3 pick 4:
    Deny Existence
    Stromkirk Mentor
    Tormenting Voice
    Root Out
    Rottenheart Ghoul
    Reduce to Ashes
    Wicker Witch
    Weirding Wood
--> Morkrut Necropod
    Rise from the Tides
    Convicted Killer
    Forest

--: Island

--: Reckless Scholar

--: Reckless Scholar

Pack 3 pick 5:
    Lamplighter of Selhoff
    Puncturing Light
    Pyre Hound
    Fleeting Memories
    Rancid Rats
    Shard of Broken Glass
    Biting Rain
--> Reckless Scholar
    Confirm Suspicions
    Village Messenger
    Island

--: Swamp

--: Silent Observer

--: Silent Observer

Pack 3 pick 6:
    Inquisitor's Ox
--> Silent Observer
    Quilled Wolf
    Merciless Resolve
    Hulking Devil
    Thornhide Wolves
    Gone Missing
    Moldgraf Scavenger
    Stone Quarry
    Swamp

--: Plains

--: Invocation of Saint Traft

Pack 3 pick 7:
    Nagging Thoughts
    Vessel of Ephemera
    Moorland Drifter
    Warped Landscape
    Sanitarium Skeleton
    Sanguinary Mage
    Groundskeeper
--> Invocation of Saint Traft
    Plains

--: Island

--: Twins of Maurer Estate

--: Twins of Maurer Estate

Pack 3 pick 8:
    Pieces of the Puzzle
    Expose Evil
    Wicker Witch
--> Twins of Maurer Estate
    Dissension in the Ranks
    Creeping Dread
    Spiteful Motives
    Island

--: Forest

--: Stitchwing Skaab

--: Stitchwing Skaab

Pack 3 pick 9:
    Survive the Night
    Stitched Mangler
    Groundskeeper
    Magmatic Chasm
    Not Forgotten
--> Stitchwing Skaab
    Forest

--: Forest

--: Nagging Thoughts

Pack 3 pick 10:
--> Nagging Thoughts
    Vessel of Ephemera
    Merciless Resolve
    Shard of Broken Glass
    Essence Flux
    Forest

--: Plains

--: Deny Existence

--: Deny Existence

Pack 3 pick 11:
--> Deny Existence
    Ember-Eye Wolf
    Stromkirk Mentor
    Runaway Carriage
    Plains

--: Forest

--: Tormenting Voice

--: Tormenting Voice

--: Tormenting Voice

--: Tormenting Voice

--: Tormenting Voice

Pack 3 pick 12:
    Deny Existence
    Stromkirk Mentor
--> Tormenting Voice
    Forest

--: Island

--: Lamplighter of Selhoff

Pack 3 pick 13:
--> Lamplighter of Selhoff
    Fleeting Memories
    Island

--: Swamp

--: Merciless Resolve

Pack 3 pick 14:
--> Merciless Resolve
    Swamp

--: Plains

Pack 3 pick 15:
--> Plains

