Event #: 9954753
Time:    7/30/2016 10:15:58 AM
Players:
    da1namedjhon
    bshutter660
    Lorwy
    Henky
    tomrichards8464
    alakefak
--> CaptainNinJoe
    TERROl2

--: Plains

--: Spell Queller

--: Spell Queller

------ EMN ------ 

Pack 1 pick 1:
    Backwoods Survivalists
    Sigardian Priest
    Cultist's Staff
    Weirded Vampire
    It of the Horrid Swarm
    Guardian of Pilgrims
    Convolute
    Make Mischief
    Faithbearer Paladin
    Lashweed Lurker
    Spreading Flames
    Scour the Laboratory
--> Spell Queller
    Ulvenwald Captive
    Plains

--: Mountain

--: Subjugator Angel

--: Weaver of Lightning

--: Weaver of Lightning

Pack 1 pick 2:
    Borrowed Grace
    Otherworldly Outburst
    Grapple with the Past
    Gavony Unhallowed
    Wolfkin Bond
    Make Mischief
    Ironwright's Cleansing
    Displace
    Falkenrath Reaver
    Mournwillow
--> Weaver of Lightning
    Subjugator Angel
    Graf Rats
    Mountain

--: Island

--: Incendiary Flow

--: Incendiary Flow

Pack 1 pick 3:
    Distemper of the Blood
    Choking Restraints
    Boon of Emrakul
    Swift Spinner
    Cemetery Recruitment
    Exultant Cultist
    Stensia Innkeeper
    Ironclad Slayer
    Advanced Stitchwing
    Give No Ground
--> Incendiary Flow
    Grizzled Angler
    Island

--: Mountain

--: Ulvenwald Captive

--: Ulvenwald Captive

Pack 1 pick 4:
    Tattered Haunter
    Cultist's Staff
    Swift Spinner
    Cemetery Recruitment
    Field Creeper
    Spectral Reserves
    Laboratory Brute
    Prophetic Ravings
    Fortune's Favor
    Geist-Fueled Scarecrow
--> Ulvenwald Captive
    Mountain

--: Forest

--: Deranged Whelp

--: Deranged Whelp

Pack 1 pick 5:
    Strange Augmentation
    Backwoods Survivalists
    Weirded Vampire
    It of the Horrid Swarm
    Contingency Plan
    Stensia Innkeeper
    Turn Aside
--> Deranged Whelp
    Mournwillow
    Summary Dismissal
    Forest

--: Plains

--: Drag Under

--: Drag Under

Pack 1 pick 6:
--> Drag Under
    Succumb to Temptation
    Woodcutter's Grit
    Lunarch Mantle
    Borrowed Hostility
    Cathar's Shield
    Scour the Laboratory
    Foul Emissary
    Coax from the Blind Eternities
    Plains

--: Forest

--: Spontaneous Mutation

--: Spontaneous Mutation

Pack 1 pick 7:
    Take Inventory
    Skirsdag Supplicant
    Succumb to Temptation
    Enlightened Maniac
    Bold Impaler
--> Spontaneous Mutation
    Emrakul's Influence
    Midnight Scavengers
    Forest

--: Forest

--: Spectral Reserves

--: Spectral Reserves

Pack 1 pick 8:
    Springsage Ritual
    Primal Druid
--> Spectral Reserves
    Laboratory Brute
    Prophetic Ravings
    Lunarch Mantle
    Whispers of Emrakul
    Forest

--: Plains

--: Scour the Laboratory

--: Backwoods Survivalists

--: Scour the Laboratory

--: Scour the Laboratory

Pack 1 pick 9:
    Backwoods Survivalists
    Cultist's Staff
    It of the Horrid Swarm
    Convolute
    Make Mischief
--> Scour the Laboratory
    Plains

--: Mountain

--: Make Mischief

--: Make Mischief

--: Make Mischief

--: Make Mischief

Pack 1 pick 10:
    Borrowed Grace
--> Make Mischief
    Ironwright's Cleansing
    Mournwillow
    Graf Rats
    Mountain

--: Island

--: Grizzled Angler

--: Stensia Innkeeper

--: Stensia Innkeeper

Pack 1 pick 11:
    Cemetery Recruitment
--> Stensia Innkeeper
    Give No Ground
    Grizzled Angler
    Island

--: Mountain

--: Fortune's Favor

--: Laboratory Brute

--: Fortune's Favor

--: Fortune's Favor

Pack 1 pick 12:
    Cemetery Recruitment
    Laboratory Brute
--> Fortune's Favor
    Mountain

--: Forest

Pack 1 pick 13:
    Strange Augmentation
--> Turn Aside
    Forest

--: Plains

--: Borrowed Hostility

Pack 1 pick 14:
--> Borrowed Hostility
    Plains

--: Forest

Pack 1 pick 15:
--> Forest

--: Swamp

--: Docent of Perfection

--: Docent of Perfection

------ EMN ------ 

Pack 2 pick 1:
--> Docent of Perfection
    Distemper of the Blood
    Certain Death
    Swift Spinner
    Gavony Unhallowed
    Spontaneous Mutation
    Stensia Banquet
    Faithbearer Paladin
    Enlightened Maniac
    Haunted Dead
    Emrakul's Influence
    Repel the Abominable
    Stromkirk Occultist
    Grizzled Angler
    Swamp

--: Island

--: Hanweir Battlements

--: Mercurial Geists

--: Hanweir Battlements

--: Hanweir Battlements

Pack 2 pick 2:
--> Hanweir Battlements
    Wretched Gryff
    Borrowed Malevolence
    Woodcutter's Grit
    Certain Death
    Enlightened Maniac
    Stensia Banquet
    Guardian of Pilgrims
    Convolute
    Abundant Maw
    Mercurial Geists
    Spreading Flames
    Permeating Mass
    Island

--: Plains

--: Weaver of Lightning

--: Weaver of Lightning

Pack 2 pick 3:
    Otherworldly Outburst
    Brazen Wolves
    Wolfkin Bond
    Skirsdag Supplicant
    Make Mischief
    Faithbearer Paladin
    Spontaneous Mutation
    Stensia Banquet
--> Weaver of Lightning
    Vexing Scuttler
    Splendid Reclamation
    Midnight Scavengers
    Plains

--: Forest

--: Alchemist's Greeting

--: Wretched Gryff

--: Wretched Gryff

Pack 2 pick 4:
--> Wretched Gryff
    Distemper of the Blood
    Certain Death
    Swift Spinner
    Alchemist's Greeting
    Field Creeper
    Spectral Reserves
    Laboratory Brute
    Markov Crusader
    Drownyard Behemoth
    Midnight Scavengers
    Forest

--: Island

--: Peace of Mind

--: Incendiary Flow

--: Incendiary Flow

Pack 2 pick 5:
--> Incendiary Flow
    Waxing Moon
    Wolfkin Bond
    Skirsdag Supplicant
    Laboratory Brute
    Prophetic Ravings
    Thraben Standard Bearer
    Slayer's Cleaver
    Graf Harvest
    Peace of Mind
    Island

--: Island

--: Conduit of Storms

--: Conduit of Storms

Pack 2 pick 6:
    Brazen Wolves
    Otherworldly Outburst
    Grapple with the Past
    Field Creeper
    Spontaneous Mutation
    Bold Impaler
    Abandon Reason
    Lunar Force
--> Conduit of Storms
    Island

--: Plains

--: Thermo-Alchemist

--: Thermo-Alchemist

Pack 2 pick 7:
    Ingenious Skaab
    Strange Augmentation
    Wailing Ghoul
--> Thermo-Alchemist
    Contingency Plan
    Stensia Innkeeper
    Vexing Scuttler
    Graf Rats
    Plains

--: Plains

--: Smoldering Werewolf

--: Smoldering Werewolf

Pack 2 pick 8:
    Cultist's Staff
    Thirsting Axe
    Borrowed Hostility
    Cathar's Shield
    Lunarch Mantle
    Unsubstantiate
--> Smoldering Werewolf
    Plains

--: Swamp

--: Grizzled Angler

--: Grizzled Angler

Pack 2 pick 9:
    Distemper of the Blood
    Gavony Unhallowed
    Spontaneous Mutation
    Stensia Banquet
    Emrakul's Influence
--> Grizzled Angler
    Swamp

--: Island

--: Mercurial Geists

--: Mercurial Geists

Pack 2 pick 10:
    Borrowed Malevolence
    Certain Death
    Enlightened Maniac
    Stensia Banquet
--> Mercurial Geists
    Island

--: Plains

--: Make Mischief

--: Make Mischief

Pack 2 pick 11:
    Otherworldly Outburst
    Skirsdag Supplicant
--> Make Mischief
    Stensia Banquet
    Plains

--: Forest

--: Laboratory Brute

Pack 2 pick 12:
    Distemper of the Blood
--> Laboratory Brute
    Markov Crusader
    Forest

--: Island

Pack 2 pick 13:
--> Prophetic Ravings
    Peace of Mind
    Island

--: Island

Pack 2 pick 14:
--> Bold Impaler
    Island

--: Strange Augmentation

Pack 2 pick 15:
--> Strange Augmentation

--: Swamp

--: Incorrigible Youths

--: Pyre Hound

--: Pyre Hound

------ SOI ------ 

Pack 3 pick 1:
    Chaplain's Blessing
    Niblis of Dusk
    Unruly Mob
    Ember-Eye Wolf
    Equestrian Skill
    Macabre Waltz
--> Pyre Hound
    Unruly Mob
    Intrepid Provisioner
    Incorrigible Youths
    Open the Armory
    Indulgent Aristocrat
    Fortified Village
    Skin Invasion
    Swamp

--: Mountain

--: Howlpack Wolf

--: Howlpack Wolf

Pack 3 pick 2:
    Silent Observer
    Inspiring Captain
    Loam Dryad
    Strength of Arms
    Magmatic Chasm
    Fork in the Road
    Shamble Back
--> Howlpack Wolf
    Compelling Deterrence
    Nahiri's Machinations
    Stone Quarry
    Inexorable Blob
    Hinterland Logger
    Mountain

--: Swamp

--: Dance with Devils

--: Dance with Devils

Pack 3 pick 3:
    Unruly Mob
    Traverse the Ulvenwald
    Moorland Drifter
    Gone Missing
    Warped Landscape
    Voldaren Duelist
    Vessel of Nascency
    Vessel of Malignity
    Runaway Carriage
--> Dance with Devils
    Magnifying Glass
    Gatstaf Arsonists
    Swamp

--: Plains

--: Furtive Homunculus

--: Trail of Evidence

--: Trail of Evidence

Pack 3 pick 4:
    Expose Evil
    Furtive Homunculus
    Stallion of Ashmouth
    Intrepid Provisioner
    Shard of Broken Glass
    Structural Distortion
    Aim High
    Shamble Back
    Obsessive Skinner
--> Trail of Evidence
    Drownyard Temple
    Plains

--: Plains

--: Gibbering Fiend

--: Gibbering Fiend

Pack 3 pick 5:
    Sleep Paralysis
    Inquisitor's Ox
    Silent Observer
    Farbog Revenant
    Rush of Adrenaline
    Rabid Bite
    Alms of the Vein
    Reduce to Ashes
--> Gibbering Fiend
    Autumnal Gloom
    Plains

--: Mountain

--: Sanguinary Mage

--: Sanguinary Mage

Pack 3 pick 6:
    Militant Inquisitor
    Ghostly Wings
    Seagraf Skaab
    True-Faith Censer
    Bloodmad Vampire
--> Sanguinary Mage
    Stoic Builder
    Manic Scribe
    Reckless Scholar
    Mountain

--: Plains

--: Bloodmad Vampire

--: Bloodmad Vampire

Pack 3 pick 7:
    Militant Inquisitor
    Ghostly Wings
    Vessel of Volatility
    Kessig Dire Swine
    Harness the Storm
    Strength of Arms
--> Bloodmad Vampire
    Not Forgotten
    Plains

--: Island

--: Mad Prophet

Pack 3 pick 8:
    Deny Existence
    Pieces of the Puzzle
    Seagraf Skaab
    Vampire Noble
    Howlpack Wolf
    Stoic Builder
--> Mad Prophet
    Island

--: Swamp

--: Skin Invasion

Pack 3 pick 9:
    Chaplain's Blessing
    Unruly Mob
    Ember-Eye Wolf
    Equestrian Skill
    Open the Armory
--> Skin Invasion
    Swamp

--: Mountain

--: Stone Quarry

--: Stone Quarry

Pack 3 pick 10:
    Loam Dryad
    Magmatic Chasm
    Fork in the Road
    Shamble Back
--> Stone Quarry
    Mountain

--: Swamp

Pack 3 pick 11:
    Moorland Drifter
--> Voldaren Duelist
    Vessel of Malignity
    Runaway Carriage
    Swamp

--: Plains

Pack 3 pick 12:
    Intrepid Provisioner
--> Shard of Broken Glass
    Shamble Back
    Plains

--: Plains

Pack 3 pick 13:
    Alms of the Vein
--> Reduce to Ashes
    Plains

--: Mountain

Pack 3 pick 14:
    Ghostly Wings
--> Mountain

--: Plains

Pack 3 pick 15:
--> Plains

