Event #: 9954760
Time:    7/30/2016 10:20:14 AM
Players:
    Heng
--> Bortlett1
    qtaro
    Keisukke
    ukitako
    waroshing
    tomchoma
    marlei

--: Mountain

--: Somberwald Stag

--: Somberwald Stag

------ EMN ------ 

Pack 1 pick 1:
    Drag Under
    Otherworldly Outburst
    Dawn Gryff
    Weirded Vampire
    It of the Horrid Swarm
    Faithbearer Paladin
    Field Creeper
    Bold Impaler
    Steadfast Cathar
--> Somberwald Stag
    Vampire Cutthroat
    Drogskol Shieldmate
    Heron's Grace Champion
    Extricator of Sin
    Mountain

--: Swamp

--: Bruna, the Fading Light

--: Choking Restraints

--: Choking Restraints

Pack 1 pick 2:
    Bruna, the Fading Light
--> Choking Restraints
    Primal Druid
    Cemetery Recruitment
    Crossroads Consecrator
    Ironwright's Cleansing
    Displace
    Terrarion
    Bold Impaler
    Foul Emissary
    Lashweed Lurker
    Spreading Flames
    Kessig Prowler
    Swamp

--: Mountain

--: Ulvenwald Captive

--: Gnarlwood Dryad

--: Ulvenwald Captive

--: Ulvenwald Captive

Pack 1 pick 3:
    Olivia's Dragoon
    Desperate Sentry
    Distemper of the Blood
    Bloodbriar
    Borrowed Malevolence
    Thraben Standard Bearer
    Exultant Cultist
    Borrowed Hostility
    Cathar's Shield
    Crop Sigil
    Gnarlwood Dryad
--> Ulvenwald Captive
    Mountain

--: Plains

--: Geist of the Lonely Vigil

--: Geist of the Lonely Vigil

Pack 1 pick 4:
    Otherworldly Outburst
    It of the Horrid Swarm
    Succumb to Temptation
    Woodcutter's Grit
    Convolute
    Make Mischief
    Terrarion
    Displace
    Whispers of Emrakul
--> Geist of the Lonely Vigil
    Lunar Force
    Plains

--: Plains

--: Hamlet Captain

--: Hamlet Captain

Pack 1 pick 5:
    Waxing Moon
    Woodland Patrol
    Weirded Vampire
    Fiend Binder
    Turn Aside
    Alchemist's Greeting
    Field Creeper
--> Hamlet Captain
    Chilling Grasp
    Ulvenwald Captive
    Plains

--: Plains

--: Guardian of Pilgrims

--: Guardian of Pilgrims

Pack 1 pick 6:
    Otherworldly Outburst
    Olivia's Dragoon
    Primal Druid
    Skirsdag Supplicant
    Stensia Banquet
--> Guardian of Pilgrims
    Convolute
    Graf Harvest
    Sigarda's Aid
    Plains

--: Plains

--: Wolfkin Bond

--: Wolfkin Bond

Pack 1 pick 7:
    Distemper of the Blood
    Borrowed Malevolence
--> Wolfkin Bond
    Laboratory Brute
    Prophetic Ravings
    Lunarch Mantle
    Markov Crusader
    Mournwillow
    Plains

--: Forest

--: Woodcutter's Grit

--: Succumb to Temptation

--: Succumb to Temptation

Pack 1 pick 8:
    Take Inventory
--> Succumb to Temptation
    Woodcutter's Grit
    Fogwalker
    Stensia Innkeeper
    Turn Aside
    Mournwillow
    Forest

--: Mountain

--: Steadfast Cathar

--: Steadfast Cathar

Pack 1 pick 9:
    Otherworldly Outburst
    It of the Horrid Swarm
    Faithbearer Paladin
    Field Creeper
    Bold Impaler
--> Steadfast Cathar
    Mountain

--: Swamp

--: Primal Druid

--: Primal Druid

Pack 1 pick 10:
--> Primal Druid
    Cemetery Recruitment
    Ironwright's Cleansing
    Displace
    Bold Impaler
    Swamp

--: Mountain

--: Thraben Standard Bearer

Pack 1 pick 11:
    Distemper of the Blood
--> Thraben Standard Bearer
    Borrowed Hostility
    Crop Sigil
    Mountain

--: Plains

--: Otherworldly Outburst

Pack 1 pick 12:
--> Otherworldly Outburst
    Displace
    Whispers of Emrakul
    Plains

--: Plains

--: Waxing Moon

Pack 1 pick 13:
--> Waxing Moon
    Turn Aside
    Plains

--: Otherworldly Outburst

--: Stensia Banquet

Pack 1 pick 14:
    Otherworldly Outburst
--> Stensia Banquet

--: Prophetic Ravings

--: Prophetic Ravings

Pack 1 pick 15:
--> Prophetic Ravings

--: Mountain

--: Kessig Prowler

--: Kessig Prowler

------ EMN ------ 

Pack 2 pick 1:
    Take Inventory
    Tattered Haunter
    Gavony Unhallowed
    Woodland Patrol
    Succumb to Temptation
    Faithbearer Paladin
    Convolute
    Falkenrath Reaver
    Ironwright's Cleansing
    Foul Emissary
    Lashweed Lurker
    Spreading Flames
    Cryptbreaker
--> Kessig Prowler
    Mountain

--: Forest

--: Sigardian Priest

--: Sigardian Priest

Pack 2 pick 2:
--> Sigardian Priest
    Cultist's Staff
    Galvanic Bombardment
    Cemetery Recruitment
    Crossroads Consecrator
    Lunarch Mantle
    Exultant Cultist
    Borrowed Hostility
    Thraben Standard Bearer
    Prying Questions
    Unsubstantiate
    Geist of the Lonely Vigil
    Extricator of Sin
    Forest

--: Island

--: Geist-Fueled Scarecrow

--: Geist-Fueled Scarecrow

Pack 2 pick 3:
    Ingenious Skaab
    Springsage Ritual
    Thraben Foulbloods
    Primal Druid
    Make Mischief
    Ironwright's Cleansing
    Displace
    Falkenrath Reaver
--> Geist-Fueled Scarecrow
    Fortune's Favor
    Prying Questions
    Midnight Scavengers
    Island

--: Plains

--: Geist-Fueled Scarecrow

--: Geist-Fueled Scarecrow

Pack 2 pick 4:
    Drag Under
    It of the Horrid Swarm
    Guardian of Pilgrims
    Convolute
    Make Mischief
    Ironwright's Cleansing
    Shreds of Sanity
    Fortune's Favor
--> Geist-Fueled Scarecrow
    Providence
    Vildin-Pack Outcast
    Plains

--: Island

--: Terrarion

--: Terrarion

Pack 2 pick 5:
    Springsage Ritual
    Gavony Unhallowed
    Wolfkin Bond
    Succumb to Temptation
--> Terrarion
    Displace
    Falkenrath Reaver
    Ironwright's Cleansing
    Give No Ground
    Deranged Whelp
    Island

--: Island

--: Cryptolith Fragment

--: Cryptolith Fragment

Pack 2 pick 6:
    Otherworldly Outburst
    Bloodbriar
    Wailing Ghoul
    Stensia Innkeeper
    Ironclad Slayer
    Contingency Plan
    Markov Crusader
    Drownyard Behemoth
--> Cryptolith Fragment
    Island

--: Swamp

--: Guardian of Pilgrims

--: Guardian of Pilgrims

Pack 2 pick 7:
    Distemper of the Blood
    Bloodbriar
    Terrarion
    Stensia Banquet
--> Guardian of Pilgrims
    Convolute
    Whispers of Emrakul
    Lunar Force
    Swamp

--: Forest

--: Faithbearer Paladin

--: Faithbearer Paladin

Pack 2 pick 8:
    Take Inventory
    Succumb to Temptation
    Make Mischief
--> Faithbearer Paladin
    Spontaneous Mutation
    Peace of Mind
    Lunar Force
    Forest

--: Mountain

--: Ironwright's Cleansing

Pack 2 pick 9:
    Take Inventory
    Succumb to Temptation
    Faithbearer Paladin
    Convolute
--> Ironwright's Cleansing
    Lashweed Lurker
    Mountain

--: Forest

--: Crossroads Consecrator

Pack 2 pick 10:
--> Crossroads Consecrator
    Lunarch Mantle
    Exultant Cultist
    Thraben Standard Bearer
    Prying Questions
    Forest

--: Island

--: Make Mischief

Pack 2 pick 11:
--> Make Mischief
    Ironwright's Cleansing
    Displace
    Prying Questions
    Island

--: Plains

--: Convolute

Pack 2 pick 12:
--> Convolute
    Ironwright's Cleansing
    Shreds of Sanity
    Plains

--: Island

--: Ironwright's Cleansing

Pack 2 pick 13:
    Displace
--> Ironwright's Cleansing
    Island

--: Island

--: Contingency Plan

Pack 2 pick 14:
--> Contingency Plan
    Island

--: Swamp

--: Swamp

Pack 2 pick 15:
--> Swamp

--: Plains

--: Always Watching

--: Always Watching

------ SOI ------ 

Pack 3 pick 1:
    Expose Evil
    Furtive Homunculus
    Devilthorn Fox
    Stallion of Ashmouth
    Intrepid Provisioner
    Shard of Broken Glass
    Sanguinary Mage
    Stoic Builder
    Twins of Maurer Estate
    Broken Concentration
    Nahiri's Machinations
    Woodland Stream
--> Always Watching
    Village Messenger
    Plains

--: Mountain

--: Descend upon the Sinful

--: Descend upon the Sinful

--: Descend upon the Sinful

Pack 3 pick 2:
    Hanweir Militia Captain
    Unruly Mob
    Silburlind Snapper
    Confront the Unknown
    Vessel of Volatility
    Kessig Dire Swine
    Macabre Waltz
    Shard of Broken Glass
    Weirding Wood
    Morkrut Necropod
    Rise from the Tides
--> Descend upon the Sinful
    Gatstaf Arsonists
    Mountain

--: Island

--: Angelic Purge

--: Angelic Purge

Pack 3 pick 3:
    Geier Reach Bandit
--> Angelic Purge
    Vessel of Paramnesia
    Bloodmad Vampire
    Moorland Drifter
    Fork in the Road
    Shamble Back
    Howlpack Wolf
    Vessel of Nascency
    Groundskeeper
    Skeleton Key
    Anguished Unmaking
    Island

--: Mountain

--: Dauntless Cathar

--: Dauntless Cathar

Pack 3 pick 4:
    Chaplain's Blessing
    Jace's Scrutiny
--> Dauntless Cathar
    Wicker Witch
    Strength of Arms
    Magmatic Chasm
    Vessel of Malignity
    Voldaren Duelist
    Watcher in the Web
    Tenacity
    Angel of Deliverance
    Mountain

--: Swamp

--: Thraben Inspector

--: Thraben Inspector

Pack 3 pick 5:
    Devilthorn Fox
    Catalog
--> Thraben Inspector
    Moorland Drifter
    Warped Landscape
    Stoic Builder
    Shamble Back
    Uncaged Fury
    Nahiri's Machinations
    Stone Quarry
    Swamp

--: Swamp

--: Equestrian Skill

--: Equestrian Skill

Pack 3 pick 6:
    Ghostly Wings
--> Equestrian Skill
    Stromkirk Mentor
    Root Out
    Rottenheart Ghoul
    Senseless Rage
    Invasive Surgery
    Murderer's Axe
    Forsaken Sanctuary
    Swamp

--: Mountain

--: Paranoid Parish-Blade

--: Paranoid Parish-Blade

Pack 3 pick 7:
    Militant Inquisitor
    Clip Wings
    Farbog Revenant
    Rush of Adrenaline
    Merciless Resolve
    Highland Lake
--> Paranoid Parish-Blade
    Kessig Forgemaster
    Mountain

--: Plains

--: Thornhide Wolves

--: Thornhide Wolves

Pack 3 pick 8:
    Lamplighter of Selhoff
    Merciless Resolve
    Hulking Devil
--> Thornhide Wolves
    Ember-Eye Wolf
    Moldgraf Scavenger
    Fleeting Memories
    Plains

--: Plains

--: Stoic Builder

Pack 3 pick 9:
    Expose Evil
    Furtive Homunculus
--> Stoic Builder
    Broken Concentration
    Nahiri's Machinations
    Village Messenger
    Plains

--: Mountain

--: Kessig Dire Swine

--: Kessig Dire Swine

Pack 3 pick 10:
    Silburlind Snapper
    Confront the Unknown
--> Kessig Dire Swine
    Shard of Broken Glass
    Weirding Wood
    Mountain

--: Island

--: Groundskeeper

Pack 3 pick 11:
    Vessel of Paramnesia
    Fork in the Road
    Shamble Back
--> Groundskeeper
    Island

--: Mountain

--: Magmatic Chasm

Pack 3 pick 12:
    Chaplain's Blessing
--> Magmatic Chasm
    Vessel of Malignity
    Mountain

--: Swamp

--: Stoic Builder

--: Stoic Builder

--: Stoic Builder

Pack 3 pick 13:
--> Stoic Builder
    Shamble Back
    Swamp

--: Swamp

--: Invasive Surgery

Pack 3 pick 14:
--> Invasive Surgery
    Swamp

--: Mountain

Pack 3 pick 15:
--> Mountain

