Event #: 9955248
Time:    7/30/2016 6:25:36 PM
Players:
--> emmett9001
    Toling
    kadedavis
    YOLOALERT
    rvo
    d3m0n
    GaltExpress
    Greenskull

--: Mountain

--: Niblis of Frost

--: Niblis of Frost

--: Niblis of Frost

--: Niblis of Frost

------ EMN ------ 

Pack 1 pick 1:
    Borrowed Grace
    Waxing Moon
    Wailing Ghoul
    Terrarion
    Weirded Vampire
    Terrarion
    Make Mischief
    Faithbearer Paladin
    Convolute
    Markov Crusader
    Drownyard Behemoth
    Hamlet Captain
--> Niblis of Frost
    Lone Rider
    Mountain

--: Forest

--: Nebelgast Herald

--: Nebelgast Herald

Pack 1 pick 2:
    Otherworldly Outburst
    Brazen Wolves
    Prey Upon
    Primal Druid
    Skirsdag Supplicant
    Cathar's Shield
    Exultant Cultist
    Stensia Innkeeper
    Ironclad Slayer
    Peace of Mind
--> Nebelgast Herald
    Slayer's Cleaver
    Extricator of Sin
    Forest

--: Plains

--: Abandon Reason

--: Swift Spinner

--: Swift Spinner

Pack 1 pick 3:
    Olivia's Dragoon
    Desperate Sentry
    Distemper of the Blood
--> Swift Spinner
    Cemetery Recruitment
    Terrarion
    Stensia Banquet
    Guardian of Pilgrims
    Convolute
    Abandon Reason
    Lunar Force
    Mockery of Nature
    Plains

--: Forest

--: Boon of Emrakul

--: Lashweed Lurker

--: Lashweed Lurker

--: Lashweed Lurker

Pack 1 pick 4:
    Boon of Emrakul
    Springsage Ritual
    Wailing Ghoul
    Bloodbriar
    Terrarion
    Displace
    Falkenrath Reaver
    Ironwright's Cleansing
--> Lashweed Lurker
    Scour the Laboratory
    Vildin-Pack Outcast
    Forest

--: Swamp

--: Wretched Gryff

--: Exultant Cultist

--: Exultant Cultist

Pack 1 pick 5:
    Wretched Gryff
    Distemper of the Blood
    Gavony Unhallowed
    Wolfkin Bond
    Cathar's Shield
    Thraben Standard Bearer
--> Exultant Cultist
    Fortune's Favor
    Prying Questions
    Campaign of Vengeance
    Swamp

--: Swamp

--: Wretched Gryff

--: Wretched Gryff

Pack 1 pick 6:
--> Wretched Gryff
    Distemper of the Blood
    Cemetery Recruitment
    Borrowed Hostility
    Cathar's Shield
    Lunarch Mantle
    Fogwalker
    Ride Down
    Dusk Feaster
    Swamp

--: Forest

--: Ulvenwald Captive

--: Ulvenwald Captive

Pack 1 pick 7:
    Wretched Gryff
    Distemper of the Blood
    Gavony Unhallowed
    Wolfkin Bond
    Fogwalker
    Contingency Plan
    Give No Ground
--> Ulvenwald Captive
    Forest

--: Plains

--: Ingenious Skaab

--: Ingenious Skaab

Pack 1 pick 8:
--> Ingenious Skaab
    Woodcutter's Grit
    Certain Death
    Falkenrath Reaver
    Ironwright's Cleansing
    Spontaneous Mutation
    Stensia Banquet
    Plains

--: Mountain

--: Waxing Moon

--: Waxing Moon

Pack 1 pick 9:
--> Waxing Moon
    Wailing Ghoul
    Terrarion
    Weirded Vampire
    Terrarion
    Make Mischief
    Mountain

--: Forest

--: Stensia Innkeeper

--: Stensia Innkeeper

Pack 1 pick 10:
    Otherworldly Outburst
    Skirsdag Supplicant
--> Stensia Innkeeper
    Peace of Mind
    Slayer's Cleaver
    Forest

--: Plains

--: Convolute

Pack 1 pick 11:
    Distemper of the Blood
    Cemetery Recruitment
--> Convolute
    Lunar Force
    Plains

--: Forest

--: Displace

Pack 1 pick 12:
    Wailing Ghoul
--> Displace
    Ironwright's Cleansing
    Forest

--: Swamp

--: Campaign of Vengeance

Pack 1 pick 13:
    Cathar's Shield
--> Campaign of Vengeance
    Swamp

--: Swamp

--: Cemetery Recruitment

Pack 1 pick 14:
--> Cemetery Recruitment
    Swamp

--: Forest

--: Forest

Pack 1 pick 15:
--> Forest

--: Swamp

--: Curious Homunculus

--: Tattered Haunter

--: Nahiri's Wrath

--: Nahiri's Wrath

--: Nahiri's Wrath

------ EMN ------ 

Pack 2 pick 1:
    Boon of Emrakul
    Take Inventory
    Tattered Haunter
    Succumb to Temptation
    Bloodbriar
    Faithbearer Paladin
    Convolute
    Falkenrath Reaver
    Ironwright's Cleansing
    Thirsting Axe
    Blessed Alliance
    Shreds of Sanity
--> Nahiri's Wrath
    Curious Homunculus
    Swamp

--: Mountain

--: Somberwald Stag

--: Somberwald Stag

Pack 2 pick 2:
    Brazen Wolves
    Drag Under
    Otherworldly Outburst
    It of the Horrid Swarm
    Borrowed Malevolence
    Borrowed Hostility
    Thraben Standard Bearer
    Cathar's Shield
    Exultant Cultist
    Chilling Grasp
--> Somberwald Stag
    Impetuous Devils
    Tangleclaw Werewolf
    Mountain

--: Island

--: Nebelgast Herald

--: Nebelgast Herald

Pack 2 pick 3:
    Brazen Wolves
    Drag Under
    Otherworldly Outburst
    It of the Horrid Swarm
    Borrowed Malevolence
    Fiend Binder
    Contingency Plan
    Fiend Binder
    Whispers of Emrakul
    Furyblade Vampire
--> Nebelgast Herald
    Conduit of Storms
    Island

--: Forest

--: Enlightened Maniac

--: Enlightened Maniac

Pack 2 pick 4:
    Cultist's Staff
    Dawn Gryff
    Grapple with the Past
    Weirded Vampire
--> Enlightened Maniac
    Stensia Banquet
    Convolute
    Abandon Reason
    Emrakul's Influence
    Summary Dismissal
    Vildin-Pack Outcast
    Forest

--: Forest

--: Shrill Howler

--: Shrill Howler

Pack 2 pick 5:
    Dawn Gryff
    Borrowed Malevolence
    Woodland Patrol
    Weirded Vampire
    Spontaneous Mutation
    Stensia Banquet
    Faithbearer Paladin
    Enlightened Maniac
    Hamlet Captain
--> Shrill Howler
    Forest

--: Mountain

--: Fogwalker

--: Fogwalker

Pack 2 pick 6:
    Brazen Wolves
    Waxing Moon
    It of the Horrid Swarm
    Cathar's Shield
--> Fogwalker
    Stensia Innkeeper
    Campaign of Vengeance
    Repel the Abominable
    Shreds of Sanity
    Mountain

--: Mountain

--: Springsage Ritual

--: Nephalia Academy

--: Springsage Ritual

--: Springsage Ritual

Pack 2 pick 7:
--> Springsage Ritual
    Galvanic Bombardment
    Cemetery Recruitment
    Crossroads Consecrator
    Displace
    Make Mischief
    Nephalia Academy
    Long Road Home
    Mountain

--: Plains

--: Wolfkin Bond

--: Wolfkin Bond

Pack 2 pick 8:
--> Wolfkin Bond
    Make Mischief
    Ironwright's Cleansing
    Displace
    Falkenrath Reaver
    Nephalia Academy
    Prying Questions
    Plains

--: Swamp

--: Curious Homunculus

--: Bloodbriar

Pack 2 pick 9:
    Take Inventory
--> Bloodbriar
    Ironwright's Cleansing
    Thirsting Axe
    Shreds of Sanity
    Curious Homunculus
    Swamp

--: Mountain

--: Drag Under

--: Drag Under

Pack 2 pick 10:
--> Drag Under
    Otherworldly Outburst
    It of the Horrid Swarm
    Borrowed Hostility
    Cathar's Shield
    Mountain

--: Island

--: Conduit of Storms

Pack 2 pick 11:
    Otherworldly Outburst
    Contingency Plan
    Whispers of Emrakul
--> Conduit of Storms
    Island

--: Forest

--: Cultist's Staff

Pack 2 pick 12:
--> Cultist's Staff
    Stensia Banquet
    Emrakul's Influence
    Forest

--: Forest

--: Enlightened Maniac

Pack 2 pick 13:
    Spontaneous Mutation
--> Enlightened Maniac
    Forest

--: Mountain

--: Waxing Moon

Pack 2 pick 14:
--> Waxing Moon
    Mountain

--: Mountain

--: Mountain

Pack 2 pick 15:
--> Mountain

--: Island

--: Highland Lake

--: Neglected Heirloom

--: Neglected Heirloom

------ SOI ------ 

Pack 3 pick 1:
    Niblis of Dusk
    Unruly Mob
    Silburlind Snapper
    Rush of Adrenaline
    Quilled Wolf
    Merciless Resolve
    Hulking Devil
    Kessig Dire Swine
    Moldgraf Scavenger
    Hope Against Hope
    Highland Lake
    Call the Bloodline
    To the Slaughter
--> Neglected Heirloom
    Island

--: Island

--: Weirding Wood

--: Vessel of Nascency

--: Vessel of Nascency

Pack 3 pick 2:
    Vessel of Paramnesia
--> Vessel of Nascency
    Niblis of Dusk
    Dead Weight
    Vessel of Volatility
    Kessig Dire Swine
    Macabre Waltz
    Pyre Hound
    Gone Missing
    Weirding Wood
    Silverstrike
    Howlpack Resurgence
    Breakneck Rider
    Island

--: Forest

--: Rattlechains

--: Rattlechains

Pack 3 pick 3:
    Press for Answers
    Dauntless Cathar
    Drownyard Explorers
    Moldgraf Scavenger
    Apothecary Geist
    Grotesque Mutation
    Howlpack Wolf
    Dissension in the Ranks
    Veteran Cathar
    Tenacity
--> Rattlechains
    Skin Invasion
    Forest

--: Forest

--: Ongoing Investigation

--: Ongoing Investigation

Pack 3 pick 4:
    Chaplain's Blessing
    Jace's Scrutiny
    Loam Dryad
    Strength of Arms
    Magmatic Chasm
    Uncaged Fury
    Byway Courier
    Grotesque Mutation
    Open the Armory
--> Ongoing Investigation
    Nephalia Moondrakes
    Forest

--: Swamp

--: Jace's Scrutiny

--: Jace's Scrutiny

Pack 3 pick 5:
    Cathar's Companion
    Lamplighter of Selhoff
--> Jace's Scrutiny
    Apothecary Geist
    Wicker Witch
    Stallion of Ashmouth
    Howlpack Wolf
    Shamble Back
    Creeping Dread
    Ever After
    Swamp

--: Mountain

--: Sleep Paralysis

--: Sleep Paralysis

Pack 3 pick 6:
--> Sleep Paralysis
    Stern Constable
    Nagging Thoughts
    Tormenting Voice
    Clip Wings
    Rottenheart Ghoul
    Inquisitor's Ox
    Compelling Deterrence
    Morkrut Necropod
    Mountain

--: Forest

--: Vessel of Nascency

Pack 3 pick 7:
    Vessel of Paramnesia
    Insolent Neonate
    Hound of the Farbogs
    Shard of Broken Glass
    Insolent Neonate
--> Vessel of Nascency
    Vessel of Malignity
    Howlpack Resurgence
    Forest

--: Plains

--: Sleep Paralysis

--: Sleep Paralysis

Pack 3 pick 8:
--> Sleep Paralysis
    Nagging Thoughts
    Wicker Witch
    Strength of Arms
    Shamble Back
    Howlpack Wolf
    Open the Armory
    Plains

--: Island

--: Highland Lake

Pack 3 pick 9:
    Silburlind Snapper
    Rush of Adrenaline
    Merciless Resolve
    Hulking Devil
    Hope Against Hope
--> Highland Lake
    Island

--: Island

--: Kessig Dire Swine

--: Kessig Dire Swine

Pack 3 pick 10:
    Vessel of Paramnesia
    Vessel of Volatility
--> Kessig Dire Swine
    Gone Missing
    Howlpack Resurgence
    Island

--: Forest

--: Moldgraf Scavenger

Pack 3 pick 11:
--> Moldgraf Scavenger
    Howlpack Wolf
    Dissension in the Ranks
    Skin Invasion
    Forest

--: Forest

--: Magmatic Chasm

Pack 3 pick 12:
    Chaplain's Blessing
--> Magmatic Chasm
    Open the Armory
    Forest

--: Swamp

--: Lamplighter of Selhoff

Pack 3 pick 13:
--> Lamplighter of Selhoff
    Creeping Dread
    Swamp

--: Nagging Thoughts

--: Nagging Thoughts

Pack 3 pick 14:
--> Nagging Thoughts
    Rottenheart Ghoul

--: Forest

--: Forest

Pack 3 pick 15:
--> Forest

