Event #: 9956047
Time:    7/30/2016 8:44:49 PM
Players:
    yuuki0815
    konapowder
    canks7
    xartet
    kimo07
    moonlithorizon
    stalker_br
--> CapTenPlanIt

--: Swamp

--: Murder

--: Murder

--: Murder

------ EMN ------ 

Pack 1 pick 1:
    Tattered Haunter
    Borrowed Grace
    Waxing Moon
    Bloodbriar
    Wailing Ghoul
    Spontaneous Mutation
    Stensia Banquet
    Ironwright's Cleansing
    Displace
    Courageous Outrider
    Vexing Scuttler
--> Murder
    Summary Dismissal
    Shrill Howler
    Swamp

--: Forest

--: Imprisoned in the Moon

--: Imprisoned in the Moon

Pack 1 pick 2:
    Borrowed Grace
--> Imprisoned in the Moon
    Prey Upon
    Gavony Unhallowed
    Bloodbriar
    Prophetic Ravings
    Lunarch Mantle
    Exultant Cultist
    Borrowed Hostility
    Liliana's Elite
    Peace of Mind
    Nebelgast Herald
    Summary Dismissal
    Forest

--: Swamp

--: Exultant Cultist

--: Exultant Cultist

Pack 1 pick 3:
    Waxing Moon
    Borrowed Grace
    Drag Under
    Succumb to Temptation
    Woodcutter's Grit
    Prophetic Ravings
    Thraben Standard Bearer
--> Exultant Cultist
    Borrowed Hostility
    Repel the Abominable
    Whispers of Emrakul
    Furyblade Vampire
    Swamp

--: Mountain

--: Wretched Gryff

--: Wretched Gryff

--: Wretched Gryff

--: Wretched Gryff

--: Wretched Gryff

--: Wretched Gryff

Pack 1 pick 4:
--> Wretched Gryff
    Distemper of the Blood
    Sigardian Priest
    Permeating Mass
    Succumb to Temptation
    Exultant Cultist
    Stensia Innkeeper
    Ironclad Slayer
    Turn Aside
    Insatiable Gorgers
    Vildin-Pack Outcast
    Mountain

--: Island

--: Midnight Scavengers

--: Midnight Scavengers

--: Midnight Scavengers

Pack 1 pick 5:
    Cultist's Staff
    Wretched Gryff
    Crossroads Consecrator
    Wailing Ghoul
    Thermo-Alchemist
    Succumb to Temptation
    Turn Aside
    Crop Sigil
    Ulvenwald Observer
--> Midnight Scavengers
    Island

--: Swamp

--: Midnight Scavengers

--: Midnight Scavengers

Pack 1 pick 6:
    Otherworldly Outburst
    Brazen Wolves
    Prey Upon
    Skirsdag Supplicant
    It of the Horrid Swarm
    Turn Aside
    Laboratory Brute
    Shreds of Sanity
--> Midnight Scavengers
    Swamp

--: Borrowed Grace

--: Weirded Vampire

--: Weirded Vampire

Pack 1 pick 7:
    Borrowed Grace
    Woodland Patrol
--> Weirded Vampire
    It of the Horrid Swarm
    Convolute
    Make Mischief
    Terrarion
    Long Road Home
    Vildin-Pack Outcast

--: Strange Augmentation

--: Gavony Unhallowed

--: Backwoods Survivalists

--: Gavony Unhallowed

--: Gavony Unhallowed

Pack 1 pick 8:
    Strange Augmentation
    Backwoods Survivalists
    Grapple with the Past
--> Gavony Unhallowed
    Contingency Plan
    Borrowed Hostility
    Thraben Standard Bearer
    Cathar's Shield

--: Swamp

--: Spontaneous Mutation

--: Spontaneous Mutation

Pack 1 pick 9:
    Bloodbriar
    Wailing Ghoul
--> Spontaneous Mutation
    Stensia Banquet
    Ironwright's Cleansing
    Displace
    Swamp

--: Forest

--: Summary Dismissal

--: Summary Dismissal

Pack 1 pick 10:
    Borrowed Grace
    Prophetic Ravings
    Borrowed Hostility
    Peace of Mind
--> Summary Dismissal
    Forest

--: Swamp

--: Borrowed Grace

--: Borrowed Grace

Pack 1 pick 11:
    Waxing Moon
--> Borrowed Grace
    Prophetic Ravings
    Thraben Standard Bearer
    Swamp

--: Mountain

--: Turn Aside

--: Turn Aside

Pack 1 pick 12:
    Distemper of the Blood
    Stensia Innkeeper
--> Turn Aside
    Mountain

--: Island

--: Wailing Ghoul

--: Wailing Ghoul

Pack 1 pick 13:
--> Wailing Ghoul
    Turn Aside
    Island

--: Swamp

--: Shreds of Sanity

--: Swamp

--: Swamp

Pack 1 pick 14:
    Shreds of Sanity
--> Swamp

--: Convolute

--: Convolute

Pack 1 pick 15:
--> Convolute

--: Plains

--: Cryptbreaker

--: Cryptbreaker

--: Cryptbreaker

--: Cryptbreaker

--: Cryptbreaker

------ EMN ------ 

Pack 2 pick 1:
    Choking Restraints
    Boon of Emrakul
    Springsage Ritual
    Bloodbriar
    Borrowed Malevolence
    Guardian of Pilgrims
    Convolute
    Make Mischief
    Ironwright's Cleansing
    Foul Emissary
    Geist of the Archives
    Noose Constrictor
--> Cryptbreaker
    Midnight Scavengers
    Plains

--: Plains

--: Ingenious Skaab

--: Ingenious Skaab

--: Ingenious Skaab

--: Ingenious Skaab

--: Ingenious Skaab

Pack 2 pick 2:
    Backwoods Survivalists
    Take Inventory
--> Ingenious Skaab
    Crossroads Consecrator
    Gavony Unhallowed
    Exultant Cultist
    Borrowed Hostility
    Cathar's Shield
    Lunarch Mantle
    Savage Alliance
    Nephalia Academy
    Rise from the Grave
    Lone Rider
    Plains

--: Forest

--: Borrowed Malevolence

--: Borrowed Malevolence

--: Borrowed Malevolence

Pack 2 pick 3:
    Drag Under
    Otherworldly Outburst
--> Borrowed Malevolence
    Woodcutter's Grit
    Turn Aside
    Alchemist's Greeting
    Field Creeper
    Spectral Reserves
    Blessed Alliance
    Abandon Reason
    Emrakul's Influence
    Lone Rider
    Forest

--: Forest

--: Haunted Dead

--: Haunted Dead

Pack 2 pick 4:
    Drag Under
    Borrowed Grace
    Otherworldly Outburst
    Certain Death
    Swift Spinner
    Fiend Binder
    Turn Aside
    Alchemist's Greeting
    Shreds of Sanity
--> Haunted Dead
    Emrakul's Influence
    Forest

--: Plains

--: Boon of Emrakul

--: Boon of Emrakul

--: Boon of Emrakul

Pack 2 pick 5:
    Springsage Ritual
--> Boon of Emrakul
    Woodland Patrol
    Succumb to Temptation
    Fogwalker
    Stensia Innkeeper
    Ironclad Slayer
    Contingency Plan
    Long Road Home
    Conduit of Storms
    Plains

--: Forest

--: Weirded Vampire

--: Weirded Vampire

Pack 2 pick 6:
    Waxing Moon
--> Weirded Vampire
    It of the Horrid Swarm
    Field Creeper
    Steadfast Cathar
    Spontaneous Mutation
    Bold Impaler
    Campaign of Vengeance
    Thirsting Axe
    Forest

--: Forest

--: Weirded Vampire

--: Weirded Vampire

Pack 2 pick 7:
    Dawn Gryff
--> Weirded Vampire
    Displace
    Falkenrath Reaver
    Faithbearer Paladin
    Field Creeper
    Give No Ground
    Permeating Mass
    Forest

--: Forest

--: Fogwalker

--: Fogwalker

Pack 2 pick 8:
    Swift Spinner
    Laboratory Brute
    Prophetic Ravings
    Lunarch Mantle
--> Fogwalker
    Campaign of Vengeance
    Repel the Abominable
    Forest

--: Plains

--: Borrowed Malevolence

--: Borrowed Malevolence

--: Noose Constrictor

--: Borrowed Malevolence

--: Borrowed Malevolence

Pack 2 pick 9:
    Springsage Ritual
--> Borrowed Malevolence
    Guardian of Pilgrims
    Make Mischief
    Ironwright's Cleansing
    Noose Constrictor
    Plains

--: Plains

--: Borrowed Hostility

--: Borrowed Hostility

Pack 2 pick 10:
    Take Inventory
--> Borrowed Hostility
    Cathar's Shield
    Lunarch Mantle
    Nephalia Academy
    Plains

--: Forest

--: Drag Under

--: Drag Under

Pack 2 pick 11:
--> Drag Under
    Turn Aside
    Spectral Reserves
    Emrakul's Influence
    Forest

--: Forest

--: Borrowed Grace

--: Borrowed Grace

Pack 2 pick 12:
--> Borrowed Grace
    Turn Aside
    Shreds of Sanity
    Forest

--: Plains

--: Contingency Plan

Pack 2 pick 13:
    Springsage Ritual
--> Contingency Plan
    Plains

--: Forest

--: Campaign of Vengeance

Pack 2 pick 14:
--> Campaign of Vengeance
    Forest

--: Forest

--: Forest

Pack 2 pick 15:
--> Forest

--: Island

--: The Gitrog Monster

--: The Gitrog Monster

------ SOI ------ 

Pack 3 pick 1:
    Silent Observer
    Survive the Night
    Just the Wind
    Might Beyond Reason
    Stromkirk Mentor
    Deathcap Cultivator
    Clip Wings
    Rottenheart Ghoul
    Hound of the Farbogs
    Groundskeeper
    Ulvenwald Mysteries
    Biting Rain
--> The Gitrog Monster
    Gatstaf Arsonists
    Island

--: Forest

--: Weirding Wood

--: Weirding Wood

--: Weirding Wood

Pack 3 pick 2:
    Inspiring Captain
    Deny Existence
    Stormrider Spirit
    Rabid Bite
    Alms of the Vein
    Reduce to Ashes
    Confront the Unknown
    Wicker Witch
    Strength of Arms
--> Weirding Wood
    Manic Scribe
    Magnifying Glass
    Solitary Hunter
    Forest

--: Mountain

--: Just the Wind

--: Just the Wind

--: Just the Wind

--: Just the Wind

Pack 3 pick 3:
    Silent Observer
    Survive the Night
--> Just the Wind
    Equestrian Skill
    Macabre Waltz
    Pyre Hound
    Might Beyond Reason
    Stromkirk Mentor
    Senseless Rage
    Reaper of Flight Moonsilver
    Biting Rain
    Skeleton Key
    Mountain

--: Island

--: Obsessive Skinner

--: Obsessive Skinner

Pack 3 pick 4:
    Unruly Mob
    Pieces of the Puzzle
    Merciless Resolve
    Hulking Devil
    Kessig Dire Swine
    Bloodmad Vampire
    Seagraf Skaab
    Trail of Evidence
--> Obsessive Skinner
    Humble the Brute
    Traverse the Ulvenwald
    Island

--: Mountain

--: Watcher in the Web

--: Watcher in the Web

Pack 3 pick 5:
    Vessel of Paramnesia
    Stallion of Ashmouth
    Intrepid Provisioner
    Shard of Broken Glass
--> Watcher in the Web
    Vampire Noble
    Howlpack Wolf
    Moonlight Hunt
    Compelling Deterrence
    Invocation of Saint Traft
    Mountain

--: Mountain

--: Loam Dryad

--: Loam Dryad

--: Loam Dryad

Pack 3 pick 6:
    Militant Inquisitor
    Ghostly Wings
    Epitaph Golem
    Root Out
    Farbog Revenant
    Rush of Adrenaline
--> Loam Dryad
    Stensia Masquerade
    Stone Quarry
    Mountain

--: Mountain

--: Confirm Suspicions

Pack 3 pick 7:
    Catalog
    Survive the Night
    Dual Shot
    Confront the Unknown
    Vessel of Volatility
    Skeleton Key
--> Confirm Suspicions
    Village Messenger
    Mountain

--: Island

--: Crow of Dark Tidings

--: Crow of Dark Tidings

--: Crow of Dark Tidings

Pack 3 pick 8:
    Nagging Thoughts
    Lamplighter of Selhoff
    Hound of the Farbogs
    Shard of Broken Glass
--> Crow of Dark Tidings
    Shamble Back
    Creeping Dread
    Island

--: Island

--: Rottenheart Ghoul

--: Rottenheart Ghoul

Pack 3 pick 9:
    Silent Observer
    Survive the Night
    Might Beyond Reason
    Stromkirk Mentor
--> Rottenheart Ghoul
    Hound of the Farbogs
    Island

--: Forest

--: Wicker Witch

Pack 3 pick 10:
    Alms of the Vein
    Confront the Unknown
--> Wicker Witch
    Manic Scribe
    Magnifying Glass
    Forest

--: Mountain

--: Might Beyond Reason

Pack 3 pick 11:
    Survive the Night
--> Might Beyond Reason
    Stromkirk Mentor
    Skeleton Key
    Mountain

--: Island

--: Merciless Resolve

--: Merciless Resolve

Pack 3 pick 12:
--> Merciless Resolve
    Seagraf Skaab
    Trail of Evidence
    Island

--: Mountain

--: Stallion of Ashmouth

Pack 3 pick 13:
    Vessel of Paramnesia
--> Stallion of Ashmouth
    Mountain

--: Mountain

--: Ghostly Wings

Pack 3 pick 14:
--> Ghostly Wings
    Mountain

--: Mountain

--: Mountain

Pack 3 pick 15:
--> Mountain

