Event #: 9956341
Time:    7/30/2016 7:42:27 PM
Players:
    corith
--> Dorvan
    NAPosey
    JimJamRed
    Extra_Dollop
    Danilo88
    alarmclock
    DuOgMeg

--: Forest

--: Savage Alliance

--: Savage Alliance

------ EMN ------ 

Pack 1 pick 1:
    Brazen Wolves
    Waxing Moon
    Thraben Foulbloods
    Primal Druid
    Cemetery Recruitment
    Falkenrath Reaver
    Ironwright's Cleansing
    Spontaneous Mutation
    Stensia Banquet
    Nephalia Academy
--> Savage Alliance
    Prying Questions
    Lupine Prototype
    Midnight Scavengers
    Forest

--: Forest

--: Faith Unbroken

--: Prey Upon

--: Faith Unbroken

--: Faith Unbroken

Pack 1 pick 2:
    Otherworldly Outburst
    Dawn Gryff
    Prey Upon
    Strange Augmentation
    Wolfkin Bond
    Turn Aside
    Alchemist's Greeting
    Ironclad Slayer
    Laboratory Brute
--> Faith Unbroken
    Gnarlwood Dryad
    Ride Down
    Graf Rats
    Forest

--: Plains

--: Choking Restraints

--: Galvanic Bombardment

--: Somberwald Stag

--: Galvanic Bombardment

--: Galvanic Bombardment

Pack 1 pick 3:
--> Galvanic Bombardment
    Choking Restraints
    Wailing Ghoul
    Woodland Patrol
    Contingency Plan
    Stensia Innkeeper
    Ironclad Slayer
    Turn Aside
    Chilling Grasp
    Deranged Whelp
    Somberwald Stag
    Vildin-Pack Outcast
    Plains

--: Mountain

--: Galvanic Bombardment

--: Galvanic Bombardment

Pack 1 pick 4:
    Ingenious Skaab
    Springsage Ritual
--> Galvanic Bombardment
    Wailing Ghoul
    Make Mischief
    Ironwright's Cleansing
    Displace
    Falkenrath Reaver
    Lashweed Lurker
    Scour the Laboratory
    Curious Homunculus
    Mountain

--: Forest

--: Prey Upon

--: Prey Upon

Pack 1 pick 5:
--> Prey Upon
    Waxing Moon
    Gavony Unhallowed
    Wolfkin Bond
    Ironclad Slayer
    Turn Aside
    Alchemist's Greeting
    Field Creeper
    Abundant Maw
    Providence
    Forest

--: Forest

--: Mockery of Nature

--: Abandon Reason

--: Abandon Reason

Pack 1 pick 6:
    Cultist's Staff
    Skirsdag Supplicant
    Convolute
    Make Mischief
    Terrarion
    Displace
--> Abandon Reason
    Lunar Force
    Mockery of Nature
    Forest

--: Distemper of the Blood

--: Boon of Emrakul

--: Boon of Emrakul

Pack 1 pick 7:
    Distemper of the Blood
--> Boon of Emrakul
    Borrowed Malevolence
    Woodcutter's Grit
    Prophetic Ravings
    Lunarch Mantle
    Borrowed Malevolence
    Borrowed Hostility
    Give No Ground

--: Swamp

--: Fogwalker

--: Primal Druid

--: Take Inventory

--: Fogwalker

--: Take Inventory

--: Unsubstantiate

--: Take Inventory

--: Unsubstantiate

--: Unsubstantiate

Pack 1 pick 8:
    Take Inventory
    Cemetery Recruitment
    Primal Druid
    Cathar's Shield
    Fogwalker
--> Unsubstantiate
    Whispers of Emrakul
    Swamp

--: Forest

--: Thraben Foulbloods

--: Thraben Foulbloods

Pack 1 pick 9:
    Waxing Moon
--> Thraben Foulbloods
    Cemetery Recruitment
    Ironwright's Cleansing
    Stensia Banquet
    Nephalia Academy
    Forest

--: Forest

--: Graf Rats

--: Graf Rats

Pack 1 pick 10:
    Otherworldly Outburst
    Strange Augmentation
    Wolfkin Bond
    Turn Aside
--> Graf Rats
    Forest

--: Plains

--: Ironclad Slayer

--: Ironclad Slayer

Pack 1 pick 11:
    Wailing Ghoul
    Contingency Plan
--> Ironclad Slayer
    Turn Aside
    Plains

--: Mountain

--: Wailing Ghoul

--: Wailing Ghoul

Pack 1 pick 12:
--> Wailing Ghoul
    Make Mischief
    Displace
    Mountain

--: Forest

--: Abundant Maw

--: Abundant Maw

Pack 1 pick 13:
    Turn Aside
--> Abundant Maw
    Forest

--: Forest

--: Skirsdag Supplicant

--: Skirsdag Supplicant

Pack 1 pick 14:
--> Skirsdag Supplicant
    Forest

--: Prophetic Ravings

--: Prophetic Ravings

Pack 1 pick 15:
--> Prophetic Ravings

--: Island

--: Bloodhall Priest

--: Bloodhall Priest

------ EMN ------ 

Pack 2 pick 1:
    Distemper of the Blood
    Wretched Gryff
    Galvanic Bombardment
    Grapple with the Past
    Weirded Vampire
    Ironwright's Cleansing
    Displace
    Terrarion
    Bold Impaler
    Thirsting Axe
    Blessed Alliance
    Shreds of Sanity
--> Bloodhall Priest
    Midnight Scavengers
    Island

--: Island

--: Dusk Feaster

--: Thermo-Alchemist

--: Olivia's Dragoon

--: Dusk Feaster

--: Thermo-Alchemist

--: Dusk Feaster

--: Thermo-Alchemist

--: Olivia's Dragoon

--: Thermo-Alchemist

--: Thermo-Alchemist

Pack 2 pick 2:
    Olivia's Dragoon
    Desperate Sentry
    Succumb to Temptation
    Bloodbriar
    Thraben Standard Bearer
    Exultant Cultist
--> Thermo-Alchemist
    Fiend Binder
    Ride Down
    Drogskol Shieldmate
    Dusk Feaster
    Collective Effort
    Graf Rats
    Island

--: Island

--: Weaver of Lightning

--: Weaver of Lightning

Pack 2 pick 3:
    Brazen Wolves
    Thraben Foulbloods
    Grapple with the Past
    Alchemist's Greeting
    Spectral Reserves
    Laboratory Brute
    Prophetic Ravings
    Mournwillow
--> Weaver of Lightning
    Subjugator Angel
    Heron's Grace Champion
    Ulvenwald Captive
    Island

--: Swamp

--: Vildin-Pack Outcast

--: Vildin-Pack Outcast

--: Vildin-Pack Outcast

Pack 2 pick 4:
    Borrowed Grace
    Waxing Moon
    Thraben Foulbloods
    Wolfkin Bond
    Enlightened Maniac
    Stensia Banquet
    Guardian of Pilgrims
    Convolute
    Geist of the Lonely Vigil
    Lunar Force
--> Vildin-Pack Outcast
    Swamp

--: Swamp

--: Markov Crusader

--: Markov Crusader

Pack 2 pick 5:
    Springsage Ritual
    Dawn Gryff
    Cemetery Recruitment
    Crossroads Consecrator
    Exultant Cultist
    Stensia Innkeeper
    Ironclad Slayer
    Turn Aside
--> Markov Crusader
    Extricator of Sin
    Swamp

--: Island

--: Olivia's Dragoon

--: Olivia's Dragoon

Pack 2 pick 6:
--> Olivia's Dragoon
    Desperate Sentry
    Wailing Ghoul
    Ironclad Slayer
    Laboratory Brute
    Prophetic Ravings
    Thraben Standard Bearer
    Prying Questions
    Campaign of Vengeance
    Island

--: Swamp

--: Succumb to Temptation

--: Succumb to Temptation

Pack 2 pick 7:
    Cultist's Staff
--> Succumb to Temptation
    Lunarch Mantle
    Fiend Binder
    Campaign of Vengeance
    Repel the Abominable
    Shreds of Sanity
    Graf Rats
    Swamp

--: Plains

--: Gavony Unhallowed

--: Gavony Unhallowed

Pack 2 pick 8:
--> Gavony Unhallowed
    Bloodbriar
    Cathar's Shield
    Lunarch Mantle
    Whispers of Emrakul
    Furyblade Vampire
    Harmless Offering
    Plains

--: Island

--: Weirded Vampire

--: Weirded Vampire

Pack 2 pick 9:
--> Weirded Vampire
    Ironwright's Cleansing
    Displace
    Terrarion
    Bold Impaler
    Thirsting Axe
    Island

--: Island

--: Olivia's Dragoon

--: Olivia's Dragoon

Pack 2 pick 10:
--> Olivia's Dragoon
    Desperate Sentry
    Succumb to Temptation
    Thraben Standard Bearer
    Graf Rats
    Island

--: Island

--: Thraben Foulbloods

--: Thraben Foulbloods

Pack 2 pick 11:
--> Thraben Foulbloods
    Grapple with the Past
    Laboratory Brute
    Prophetic Ravings
    Island

--: Swamp

--: Stensia Banquet

--: Wolfkin Bond

--: Stensia Banquet

--: Stensia Banquet

Pack 2 pick 12:
    Wolfkin Bond
--> Stensia Banquet
    Lunar Force
    Swamp

--: Swamp

--: Ironclad Slayer

--: Ironclad Slayer

Pack 2 pick 13:
    Springsage Ritual
--> Ironclad Slayer
    Swamp

--: Island

--: Campaign of Vengeance

--: Campaign of Vengeance

Pack 2 pick 14:
--> Campaign of Vengeance
    Island

--: Swamp

--: Swamp

Pack 2 pick 15:
--> Swamp

--: Plains

--: Sin Prodder

--: Sin Prodder

------ SOI ------ 

Pack 3 pick 1:
    Dauntless Cathar
    Nagging Thoughts
    Vessel of Ephemera
    Drownyard Explorers
    Ghoulcaller's Accomplice
    Loam Dryad
    Structural Distortion
    Stoic Builder
    Crow of Dark Tidings
    Epitaph Golem
    Dance with Devils
    Erdwal Illuminator
--> Sin Prodder
    Village Messenger
    Plains

--: Forest

--: Elusive Tormentor

--: Fiery Temper

--: Elusive Tormentor

--: Accursed Witch

--: Geistblast

--: Mad Prophet

--: Elusive Tormentor

--: Elusive Tormentor

Pack 3 pick 2:
--> Elusive Tormentor
    Cathar's Companion
    Lamplighter of Selhoff
    Fiery Temper
    Root Out
    Farbog Revenant
    Rush of Adrenaline
    Senseless Rage
    Geistblast
    Fleeting Memories
    Mad Prophet
    Diregraf Colossus
    Accursed Witch
    Forest

--: Island

--: Incorrigible Youths

--: Incorrigible Youths

Pack 3 pick 3:
    Thraben Inspector
    Uninvited Geist
    Hound of the Farbogs
    Ethereal Guidance
    Drownyard Explorers
    Fork in the Road
    Throttle
    Sanguinary Mage
--> Incorrigible Youths
    Behind the Scenes
    Ulrich's Kindred
    Neglected Heirloom
    Island

--: Swamp

--: Murderous Compulsion

--: Murderous Compulsion

Pack 3 pick 4:
    Silburlind Snapper
    Vessel of Ephemera
    Stromkirk Mentor
    Tormenting Voice
    Clip Wings
    Rottenheart Ghoul
--> Murderous Compulsion
    Moldgraf Scavenger
    Tenacity
    Howlpack Resurgence
    Solitary Hunter
    Swamp

--: Swamp

--: Heir of Falkenrath

--: Heir of Falkenrath

Pack 3 pick 5:
    Niblis of Dusk
    Unruly Mob
    Pieces of the Puzzle
    Thornhide Wolves
    Murderous Compulsion
--> Heir of Falkenrath
    Equestrian Skill
    Stromkirk Mentor
    Senseless Rage
    Manic Scribe
    Swamp

--: Island

--: Olivia's Bloodsworn

--: Olivia's Bloodsworn

Pack 3 pick 6:
    Pieces of the Puzzle
    Ethereal Guidance
    Hound of the Farbogs
    Sanguinary Mage
    Grotesque Mutation
    Vessel of Paramnesia
--> Olivia's Bloodsworn
    Reckless Scholar
    Village Messenger
    Island

--: Island

--: Crow of Dark Tidings

--: Crow of Dark Tidings

Pack 3 pick 7:
    Merciless Resolve
    Chaplain's Blessing
    Ethereal Guidance
--> Crow of Dark Tidings
    Sanguinary Mage
    Fork in the Road
    Skeleton Key
    Triskaidekaphobia
    Island

--: Mountain

--: Malevolent Whispers

--: Malevolent Whispers

Pack 3 pick 8:
    Stitched Mangler
    Warped Landscape
    Sanitarium Skeleton
    Fork in the Road
    Vessel of Malignity
    Pick the Brain
--> Malevolent Whispers
    Mountain

--: Plains

--: Drownyard Explorers

--: Ghoulcaller's Accomplice

--: Ghoulcaller's Accomplice

Pack 3 pick 9:
    Nagging Thoughts
    Drownyard Explorers
--> Ghoulcaller's Accomplice
    Loam Dryad
    Structural Distortion
    Stoic Builder
    Plains

--: Forest

--: Rush of Adrenaline

--: Senseless Rage

--: Senseless Rage

Pack 3 pick 10:
    Lamplighter of Selhoff
    Root Out
    Farbog Revenant
    Rush of Adrenaline
--> Senseless Rage
    Forest

--: Island

--: Neglected Heirloom

--: Neglected Heirloom

Pack 3 pick 11:
    Hound of the Farbogs
    Fork in the Road
    Ulrich's Kindred
--> Neglected Heirloom
    Island

--: Swamp

--: Stromkirk Mentor

--: Stromkirk Mentor

Pack 3 pick 12:
    Silburlind Snapper
--> Stromkirk Mentor
    Rottenheart Ghoul
    Swamp

--: Swamp

--: Stromkirk Mentor

--: Stromkirk Mentor

Pack 3 pick 13:
    Thornhide Wolves
--> Stromkirk Mentor
    Swamp

--: Hound of the Farbogs

--: Hound of the Farbogs

Pack 3 pick 14:
--> Hound of the Farbogs
    Vessel of Paramnesia

--: Island

--: Island

Pack 3 pick 15:
--> Island

