Event #: 9957531
Time:    7/31/2016 10:14:28 AM
Players:
    Reisender_osg
    hanker307
    GrevJim
    ruisperkele
    Uiked
--> Bortlett1
    mutestar21
    PyWiz

--: Swamp

--: Ishkanah, Grafwidow

--: Ishkanah, Grafwidow

------ EMN ------ 

Pack 1 pick 1:
    Drag Under
    Otherworldly Outburst
    Dawn Gryff
    Weirded Vampire
    It of the Horrid Swarm
    Fiend Binder
    Turn Aside
    Alchemist's Greeting
    Field Creeper
    Campaign of Vengeance
    Thirsting Axe
    Blessed Alliance
--> Ishkanah, Grafwidow
    Vildin-Pack Outcast
    Swamp

--: Mountain

--: Alchemist's Greeting

--: Deranged Whelp

--: Alchemist's Greeting

--: Deranged Whelp

--: Alchemist's Greeting

--: Alchemist's Greeting

Pack 1 pick 2:
    Waxing Moon
    Drag Under
    Borrowed Grace
    Weirded Vampire
    It of the Horrid Swarm
    Turn Aside
--> Alchemist's Greeting
    Field Creeper
    Spectral Reserves
    Give No Ground
    Deranged Whelp
    Lupine Prototype
    Graf Rats
    Mountain

--: Plains

--: Exultant Cultist

--: Midnight Scavengers

--: Exultant Cultist

--: Exultant Cultist

Pack 1 pick 3:
    Cultist's Staff
    Dawn Gryff
    Wailing Ghoul
    Grapple with the Past
    Borrowed Hostility
    Thraben Standard Bearer
    Cathar's Shield
--> Exultant Cultist
    Blood Mist
    Rise from the Grave
    Thirsting Axe
    Midnight Scavengers
    Plains

--: Swamp

--: Permeating Mass

--: Falkenrath Reaver

--: Falkenrath Reaver

Pack 1 pick 4:
    Take Inventory
    Desperate Sentry
    Gavony Unhallowed
    Bloodbriar
    Borrowed Malevolence
    Faithbearer Paladin
    Convolute
--> Falkenrath Reaver
    Ironwright's Cleansing
    Chilling Grasp
    Permeating Mass
    Swamp

--: Swamp

--: Terrarion

--: Certain Death

--: Terrarion

--: Certain Death

--: Borrowed Malevolence

--: Olivia's Dragoon

--: Certain Death

--: Certain Death

Pack 1 pick 5:
    Cultist's Staff
    Olivia's Dragoon
    Borrowed Malevolence
    Woodcutter's Grit
    Ironwright's Cleansing
    Displace
    Terrarion
--> Certain Death
    Shreds of Sanity
    Emrakul's Influence
    Swamp

--: Plains

--: Stensia Innkeeper

--: Stensia Innkeeper

Pack 1 pick 6:
    Waxing Moon
    Drag Under
    Borrowed Grace
    It of the Horrid Swarm
--> Stensia Innkeeper
    Ironclad Slayer
    Turn Aside
    Ironclad Slayer
    Long Road Home
    Plains

--: Plains

--: Borrowed Malevolence

--: Borrowed Malevolence

--: Borrowed Malevolence

--: Borrowed Malevolence

Pack 1 pick 7:
    Cultist's Staff
--> Borrowed Malevolence
    Woodcutter's Grit
    Falkenrath Reaver
    Steadfast Cathar
    Convolute
    Make Mischief
    Mercurial Geists
    Plains

--: Mountain

--: Succumb to Temptation

--: Succumb to Temptation

--: Succumb to Temptation

--: Succumb to Temptation

--: Succumb to Temptation

--: Succumb to Temptation

Pack 1 pick 8:
    Tattered Haunter
--> Succumb to Temptation
    Field Creeper
    Spontaneous Mutation
    Bold Impaler
    Ride Down
    Scour the Laboratory
    Mountain

--: Swamp

--: Field Creeper

--: Field Creeper

Pack 1 pick 9:
    Otherworldly Outburst
    Fiend Binder
    Turn Aside
--> Field Creeper
    Campaign of Vengeance
    Thirsting Axe
    Swamp

--: Mountain

--: Borrowed Grace

--: Borrowed Grace

Pack 1 pick 10:
    Waxing Moon
    Drag Under
--> Borrowed Grace
    Turn Aside
    Give No Ground
    Mountain

--: Plains

--: Wailing Ghoul

--: Wailing Ghoul

Pack 1 pick 11:
    Cultist's Staff
--> Wailing Ghoul
    Cathar's Shield
    Thirsting Axe
    Plains

--: Swamp

--: Chilling Grasp

--: Chilling Grasp

Pack 1 pick 12:
    Convolute
    Ironwright's Cleansing
--> Chilling Grasp
    Swamp

--: Swamp

--: Woodcutter's Grit

Pack 1 pick 13:
--> Woodcutter's Grit
    Ironwright's Cleansing
    Swamp

--: Plains

--: Waxing Moon

Pack 1 pick 14:
--> Waxing Moon
    Plains

--: Plains

--: Plains

Pack 1 pick 15:
--> Plains

--: Mountain

--: Ruthless Disposal

--: Ruthless Disposal

------ EMN ------ 

Pack 2 pick 1:
    Take Inventory
    Tattered Haunter
    Wolfkin Bond
    Succumb to Temptation
    Bloodbriar
    Make Mischief
    Faithbearer Paladin
    Spontaneous Mutation
    Stensia Banquet
    Long Road Home
--> Ruthless Disposal
    Blood Mist
    Splendid Reclamation
    Ulvenwald Captive
    Mountain

--: Swamp

--: Docent of Perfection

--: Docent of Perfection

Pack 2 pick 2:
--> Docent of Perfection
    Strange Augmentation
    Backwoods Survivalists
    Wolfkin Bond
    Skirsdag Supplicant
    Laboratory Brute
    Prophetic Ravings
    Lunarch Mantle
    Exultant Cultist
    Somberwald Stag
    Vampire Cutthroat
    Drogskol Shieldmate
    Vildin-Pack Outcast
    Swamp

--: Mountain

--: Graf Rats

--: Furyblade Vampire

--: Graf Rats

--: Exultant Cultist

--: Exultant Cultist

Pack 2 pick 3:
    Springsage Ritual
    Choking Restraints
    Mountain
    Cemetery Recruitment
    Laboratory Brute
    Prophetic Ravings
    Thraben Standard Bearer
--> Exultant Cultist
    Slayer's Cleaver
    Furyblade Vampire
    Unsubstantiate
    Graf Rats
    Forest

--: Forest

--: Nebelgast Herald

--: Nebelgast Herald

Pack 2 pick 4:
    Desperate Sentry
    Springsage Ritual
    Succumb to Temptation
    Woodcutter's Grit
    Certain Death
    Faithbearer Paladin
    Field Creeper
    Bold Impaler
    Steadfast Cathar
    Peace of Mind
--> Nebelgast Herald
    Forest

--: Island

--: Gavony Unhallowed

--: Gavony Unhallowed

--: Gavony Unhallowed

--: Gavony Unhallowed

Pack 2 pick 5:
    Springsage Ritual
    Crossroads Consecrator
--> Gavony Unhallowed
    Convolute
    Make Mischief
    Terrarion
    Displace
    Mockery of Nature
    Nephalia Academy
    Vildin-Pack Outcast
    Island

--: Island

--: Cryptolith Fragment

--: Cryptolith Fragment

--: Cryptolith Fragment

--: Cryptolith Fragment

Pack 2 pick 6:
    Borrowed Grace
    Waxing Moon
    Wailing Ghoul
    Cathar's Shield
    Stensia Innkeeper
    Ironclad Slayer
    Vampire Cutthroat
    Ride Down
--> Cryptolith Fragment
    Island

--: Forest

--: Vexing Scuttler

--: Enlightened Maniac

--: Enlightened Maniac

Pack 2 pick 7:
    Springsage Ritual
    Crossroads Consecrator
    Spontaneous Mutation
    Stensia Banquet
    Faithbearer Paladin
--> Enlightened Maniac
    Vexing Scuttler
    Extricator of Sin
    Forest

--: Island

--: Enlightened Maniac

--: Enlightened Maniac

Pack 2 pick 8:
    Distemper of the Blood
    Cemetery Recruitment
--> Enlightened Maniac
    Bold Impaler
    Steadfast Cathar
    Spontaneous Mutation
    Crop Sigil
    Island

--: Mountain

--: Spontaneous Mutation

--: Spontaneous Mutation

Pack 2 pick 9:
    Take Inventory
    Wolfkin Bond
    Make Mischief
--> Spontaneous Mutation
    Stensia Banquet
    Blood Mist
    Mountain

--: Swamp

--: Skirsdag Supplicant

--: Skirsdag Supplicant

--: Skirsdag Supplicant

--: Skirsdag Supplicant

Pack 2 pick 10:
    Strange Augmentation
    Backwoods Survivalists
--> Skirsdag Supplicant
    Laboratory Brute
    Prophetic Ravings
    Swamp

--: Mountain

--: Cemetery Recruitment

--: Cemetery Recruitment

--: Cemetery Recruitment

--: Cemetery Recruitment

Pack 2 pick 11:
    Springsage Ritual
    Mountain
--> Cemetery Recruitment
    Laboratory Brute
    Forest

--: Forest

--: Field Creeper

Pack 2 pick 12:
    Springsage Ritual
--> Field Creeper
    Bold Impaler
    Forest

--: Island

--: Crossroads Consecrator

Pack 2 pick 13:
--> Crossroads Consecrator
    Displace
    Island

--: Island

--: Cathar's Shield

Pack 2 pick 14:
--> Cathar's Shield
    Island

--: Forest

--: Forest

Pack 2 pick 15:
--> Forest

--: Swamp

--: Farbog Revenant

--: Farbog Revenant

------ SOI ------ 

Pack 3 pick 1:
    Ghostly Wings
    Inspiring Captain
    Deny Existence
    Root Out
--> Farbog Revenant
    Rush of Adrenaline
    Rabid Bite
    Alms of the Vein
    Intrepid Provisioner
    Veteran Cathar
    Tenacity
    Howlpack Resurgence
    Brain in a Jar
    Convicted Killer
    Swamp

--: Island

--: Aberrant Researcher

--: Aberrant Researcher

Pack 3 pick 2:
    Silburlind Snapper
    Vessel of Ephemera
    Vessel of Paramnesia
    Sanitarium Skeleton
    True-Faith Censer
    Voldaren Duelist
    Vessel of Nascency
    Vessel of Malignity
    Uncaged Fury
    Invasive Surgery
    Graf Mole
    Forsaken Sanctuary
--> Aberrant Researcher
    Island

--: Forest

--: Uninvited Geist

--: Uninvited Geist

Pack 3 pick 3:
    Dauntless Cathar
    Ghostly Wings
    Puncturing Light
    Rabid Bite
    Alms of the Vein
    Dual Shot
    Confront the Unknown
    Ghoulcaller's Accomplice
    Apothecary Geist
    Groundskeeper
    Angel of Deliverance
--> Uninvited Geist
    Forest

--: Plains

--: Deny Existence

--: Deny Existence

Pack 3 pick 4:
    Ghostly Wings
    Inspiring Captain
--> Deny Existence
    Alms of the Vein
    Reduce to Ashes
    Confront the Unknown
    Warped Landscape
    Behind the Scenes
    Gibbering Fiend
    Altered Ego
    Gatstaf Arsonists
    Plains

--: Island

--: Stitched Mangler

--: Stitched Mangler

Pack 3 pick 5:
    Cathar's Companion
--> Stitched Mangler
    Militant Inquisitor
    Bloodmad Vampire
    Moorland Drifter
    Warped Landscape
    Sanguinary Mage
    Stoic Builder
    Behind the Scenes
    Falkenrath Gorger
    Island

--: Island

--: Stormrider Spirit

--: Stormrider Spirit

Pack 3 pick 6:
--> Stormrider Spirit
    Stern Constable
    Press for Answers
    Hulking Devil
    Kessig Dire Swine
    Equestrian Skill
    Wicker Witch
    Compelling Deterrence
    Wild-Field Scarecrow
    Island

--: Forest

--: Furtive Homunculus

--: Just the Wind

--: Highland Lake

--: Just the Wind

--: Highland Lake

Pack 3 pick 7:
    Deny Existence
    Devilthorn Fox
    Furtive Homunculus
    Sanitarium Skeleton
    Just the Wind
    Structural Distortion
    Stoic Builder
--> Highland Lake
    Forest

--: Swamp

--: Manic Scribe

--: Catalog

--: Catalog

Pack 3 pick 8:
--> Catalog
    Root Out
    Rottenheart Ghoul
    Reduce to Ashes
    Alms of the Vein
    Manic Scribe
    Village Messenger
    Swamp

--: Swamp

--: Ghostly Wings

Pack 3 pick 9:
--> Ghostly Wings
    Deny Existence
    Root Out
    Rush of Adrenaline
    Alms of the Vein
    Howlpack Resurgence
    Swamp

--: Island

--: Silburlind Snapper

--: Silburlind Snapper

--: Silburlind Snapper

Pack 3 pick 10:
--> Silburlind Snapper
    Vessel of Ephemera
    Vessel of Paramnesia
    Vessel of Malignity
    Invasive Surgery
    Island

--: Forest

--: Ghoulcaller's Accomplice

Pack 3 pick 11:
    Ghostly Wings
    Confront the Unknown
--> Ghoulcaller's Accomplice
    Apothecary Geist
    Forest

--: Plains

--: Warped Landscape

Pack 3 pick 12:
    Ghostly Wings
    Confront the Unknown
--> Warped Landscape
    Plains

--: Island

--: Cathar's Companion

Pack 3 pick 13:
--> Cathar's Companion
    Behind the Scenes
    Island

--: Island

--: Hulking Devil

Pack 3 pick 14:
--> Hulking Devil
    Island

--: Furtive Homunculus

--: Furtive Homunculus

Pack 3 pick 15:
--> Furtive Homunculus

