Event #: 9958447
Time:    7/31/2016 5:18:17 PM
Players:
    Robthaham
--> longfoe
    klcrank
    Cybercook
    RAMONE
    Lemcheck
    Redviking1993
    UnicornRainbow5000

--: Plains

--: Selfless Spirit

--: Selfless Spirit

------ EMN ------ 

Pack 1 pick 1:
    Ingenious Skaab
    Strange Augmentation
    Certain Death
    Swift Spinner
    Cemetery Recruitment
    Terrarion
    Stensia Banquet
    Guardian of Pilgrims
    Convolute
    Ride Down
    Insatiable Gorgers
    Scour the Laboratory
--> Selfless Spirit
    Ulvenwald Captive
    Plains

--: Swamp

--: Subjugator Angel

Pack 1 pick 2:
    Galvanic Bombardment
    Borrowed Malevolence
    Wolfkin Bond
    Skirsdag Supplicant
    Field Creeper
    Steadfast Cathar
    Hamlet Captain
    Bold Impaler
--> Subjugator Angel
    Crop Sigil
    Drownyard Behemoth
    Emrakul's Evangel
    Midnight Scavengers
    Swamp

--: Mountain

--: Brazen Wolves

--: Brazen Wolves

--: Brazen Wolves

--: Brazen Wolves

Pack 1 pick 3:
--> Brazen Wolves
    Waxing Moon
    Bloodbriar
    Borrowed Malevolence
    Woodland Patrol
    Bold Impaler
    Guardian of Pilgrims
    Displace
    Repel the Abominable
    Whispers of Emrakul
    Furyblade Vampire
    Curious Homunculus
    Mountain

--: Plains

--: Alchemist's Greeting

Pack 1 pick 4:
    Borrowed Grace
    Otherworldly Outburst
    Prey Upon
    Skirsdag Supplicant
    It of the Horrid Swarm
    Ironclad Slayer
--> Alchemist's Greeting
    Field Creeper
    Weaver of Lightning
    Tree of Perdition
    Extricator of Sin
    Plains

--: Swamp

--: Bloodhall Priest

Pack 1 pick 5:
    Desperate Sentry
    Certain Death
    Swift Spinner
    Enlightened Maniac
    Stensia Banquet
    Guardian of Pilgrims
    Convolute
    Crop Sigil
    Gnarlwood Dryad
--> Bloodhall Priest
    Swamp

--: Swamp

--: Dusk Feaster

--: Dusk Feaster

Pack 1 pick 6:
    Take Inventory
    Ingenious Skaab
    Primal Druid
    Cemetery Recruitment
    Borrowed Hostility
    Cathar's Shield
    Exultant Cultist
--> Dusk Feaster
    Providence
    Swamp

--: Mountain

--: Insatiable Gorgers

--: Insatiable Gorgers

Pack 1 pick 7:
    Waxing Moon
    Borrowed Malevolence
    Woodcutter's Grit
    Stensia Innkeeper
    Spectral Reserves
    Turn Aside
--> Insatiable Gorgers
    Graf Rats
    Mountain

--: Forest

--: Field Creeper

Pack 1 pick 8:
    Take Inventory
    Grapple with the Past
--> Field Creeper
    Laboratory Brute
    Prophetic Ravings
    Fortune's Favor
    Prying Questions
    Forest

--: Plains

--: Ride Down

Pack 1 pick 9:
    Ingenious Skaab
    Strange Augmentation
    Swift Spinner
    Cemetery Recruitment
    Stensia Banquet
--> Ride Down
    Plains

--: Swamp

--: Skirsdag Supplicant

--: Skirsdag Supplicant

Pack 1 pick 10:
    Wolfkin Bond
--> Skirsdag Supplicant
    Field Creeper
    Bold Impaler
    Crop Sigil
    Swamp

--: Mountain

--: Borrowed Malevolence

--: Borrowed Malevolence

--: Borrowed Malevolence

Pack 1 pick 11:
--> Borrowed Malevolence
    Displace
    Repel the Abominable
    Whispers of Emrakul
    Mountain

--: Plains

--: Otherworldly Outburst

--: Otherworldly Outburst

Pack 1 pick 12:
--> Otherworldly Outburst
    It of the Horrid Swarm
    Field Creeper
    Plains

--: Swamp

--: Stensia Banquet

--: Swift Spinner

--: Swift Spinner

Pack 1 pick 13:
--> Swift Spinner
    Stensia Banquet
    Swamp

--: Swamp

--: Cemetery Recruitment

Pack 1 pick 14:
--> Cemetery Recruitment
    Swamp

--: Mountain

--: Mountain

Pack 1 pick 15:
--> Mountain

--: Swamp

--: Bruna, the Fading Light

--: Bruna, the Fading Light

------ EMN ------ 

Pack 2 pick 1:
--> Bruna, the Fading Light
    Olivia's Dragoon
    Take Inventory
    Skirsdag Supplicant
    It of the Horrid Swarm
    Exultant Cultist
    Stensia Innkeeper
    Ironclad Slayer
    Turn Aside
    Peace of Mind
    Abandon Reason
    Lunar Force
    Geier Reach Sanitarium
    Vildin-Pack Outcast
    Swamp

--: Mountain

--: Conduit of Storms

--: Conduit of Storms

Pack 2 pick 2:
    Tattered Haunter
    Cultist's Staff
    Dawn Gryff
    Crossroads Consecrator
    Wailing Ghoul
    Faithbearer Paladin
    Enlightened Maniac
    Field Creeper
    Steadfast Cathar
    Shreds of Sanity
    Haunted Dead
    Emrakul's Influence
--> Conduit of Storms
    Mountain

--: Swamp

--: Sigardian Priest

--: Sigardian Priest

Pack 2 pick 3:
    Strange Augmentation
--> Sigardian Priest
    Grapple with the Past
    Thraben Foulbloods
    Laboratory Brute
    Prophetic Ravings
    Lunarch Mantle
    Fogwalker
    Ride Down
    Drogskol Shieldmate
    Coax from the Blind Eternities
    Shrill Howler
    Swamp

--: Forest

--: Fiend Binder

--: Fiend Binder

Pack 2 pick 4:
    Springsage Ritual
    Boon of Emrakul
    Primal Druid
    Cemetery Recruitment
    Lunarch Mantle
    Fogwalker
    Thermo-Alchemist
--> Fiend Binder
    Campaign of Vengeance
    Thirsting Axe
    Blessed Alliance
    Forest

--: Plains

--: Alchemist's Greeting

--: Alchemist's Greeting

--: Alchemist's Greeting

--: Alchemist's Greeting

Pack 2 pick 5:
    Cultist's Staff
    Desperate Sentry
    Swift Spinner
    Thermo-Alchemist
    Fiend Binder
    Turn Aside
--> Alchemist's Greeting
    Whispers of Emrakul
    Geist of the Lonely Vigil
    Lunar Force
    Plains

--: Island

--: Steadfast Cathar

--: Steadfast Cathar

Pack 2 pick 6:
    Drag Under
    Woodcutter's Grit
    Wailing Ghoul
    Grapple with the Past
    Enlightened Maniac
--> Steadfast Cathar
    Peace of Mind
    Heron's Grace Champion
    Graf Rats
    Island

--: Plains

--: Terrarion

--: Make Mischief

Pack 2 pick 7:
    Gavony Unhallowed
    Bloodbriar
    Convolute
--> Make Mischief
    Terrarion
    Displace
    Nephalia Academy
    Ulvenwald Captive
    Plains

--: Mountain

--: Stensia Innkeeper

Pack 2 pick 8:
    Otherworldly Outburst
    Thraben Standard Bearer
    Cathar's Shield
    Exultant Cultist
--> Stensia Innkeeper
    Shreds of Sanity
    Fortune's Favor
    Mountain

--: Swamp

--: Abandon Reason

--: Abandon Reason

Pack 2 pick 9:
    Take Inventory
    Skirsdag Supplicant
    Stensia Innkeeper
    Turn Aside
    Peace of Mind
--> Abandon Reason
    Swamp

--: Mountain

--: Cultist's Staff

--: Cultist's Staff

Pack 2 pick 10:
--> Cultist's Staff
    Crossroads Consecrator
    Wailing Ghoul
    Enlightened Maniac
    Emrakul's Influence
    Mountain

--: Swamp

--: Prophetic Ravings

--: Coax from the Blind Eternities

Pack 2 pick 11:
    Strange Augmentation
    Laboratory Brute
    Prophetic Ravings
--> Coax from the Blind Eternities
    Swamp

--: Forest

--: Campaign of Vengeance

--: Campaign of Vengeance

Pack 2 pick 12:
    Fogwalker
--> Campaign of Vengeance
    Thirsting Axe
    Forest

--: Plains

--: Swift Spinner

--: Swift Spinner

Pack 2 pick 13:
--> Swift Spinner
    Turn Aside
    Plains

--: Island

--: Peace of Mind

Pack 2 pick 14:
--> Peace of Mind
    Island

--: Plains

--: Plains

Pack 2 pick 15:
--> Plains

--: Mountain

--: Malevolent Whispers

--: Malevolent Whispers

------ SOI ------ 

Pack 3 pick 1:
    Catalog
    Survive the Night
    Stitched Mangler
    Vessel of Volatility
    Kessig Dire Swine
    Macabre Waltz
    Pyre Hound
    Might Beyond Reason
    Senseless Rage
    Geistblast
    Erdwal Illuminator
--> Malevolent Whispers
    Foreboding Ruins
    Gatstaf Arsonists
    Mountain

--: Mountain

--: Devils' Playground

--: Devils' Playground

Pack 3 pick 2:
    Deny Existence
    Stormrider Spirit
    Pieces of the Puzzle
    Quilled Wolf
    Merciless Resolve
    Hulking Devil
    Kessig Dire Swine
    Ghoulcaller's Accomplice
    Veteran Cathar
    Tenacity
    Murderer's Axe
--> Devils' Playground
    Harvest Hand
    Mountain

--: Forest

--: Dauntless Cathar

--: Dauntless Cathar

Pack 3 pick 3:
--> Dauntless Cathar
    Nagging Thoughts
    Stromkirk Mentor
    Cathar's Companion
    Root Out
    Rottenheart Ghoul
    Reduce to Ashes
    Shard of Broken Glass
    Topplegeist
    Foul Orchard
    Ghoulsteed
    Heir of Falkenrath
    Forest

--: Island

--: Insolent Neonate

--: Insolent Neonate

Pack 3 pick 4:
    Expose Evil
    Stormrider Spirit
    Devilthorn Fox
    Strength of Arms
    Bloodmad Vampire
    Seagraf Skaab
    Crow of Dark Tidings
--> Insolent Neonate
    Vessel of Nascency
    Haunted Cloak
    Woodland Stream
    Island

--: Island

--: Mad Prophet

--: Mad Prophet

Pack 3 pick 5:
    Lamplighter of Selhoff
    Emissary of the Sleepless
    Moldgraf Scavenger
    Vampire Noble
    Fork in the Road
    Throttle
    Liliana's Indignation
--> Mad Prophet
    Humble the Brute
    Lambholt Pacifist
    Island

--: Mountain

--: Convicted Killer

--: Sanguinary Mage

--: Sanguinary Mage

Pack 3 pick 6:
    Stern Constable
    Warped Landscape
    Intrepid Provisioner
    Hound of the Farbogs
    Graf Mole
--> Sanguinary Mage
    Weirding Wood
    Manic Scribe
    Convicted Killer
    Mountain

--: Island

--: Voldaren Duelist

--: Voldaren Duelist

Pack 3 pick 7:
    Chaplain's Blessing
    Unruly Mob
    Seagraf Skaab
    Bloodmad Vampire
    Vampire Noble
--> Voldaren Duelist
    Fork in the Road
    Olivia's Bloodsworn
    Island

--: Mountain

--: Magmatic Chasm

--: Magmatic Chasm

Pack 3 pick 8:
    Jace's Scrutiny
    Devilthorn Fox
--> Magmatic Chasm
    Stoic Builder
    Byway Courier
    Morkrut Necropod
    Ongoing Investigation
    Mountain

--: Mountain

--: Geistblast

--: Geistblast

Pack 3 pick 9:
    Catalog
    Survive the Night
    Vessel of Volatility
    Pyre Hound
    Might Beyond Reason
--> Geistblast
    Mountain

--: Mountain

--: Hulking Devil

--: Ghoulcaller's Accomplice

--: Ghoulcaller's Accomplice

Pack 3 pick 10:
    Pieces of the Puzzle
    Merciless Resolve
    Hulking Devil
    Kessig Dire Swine
--> Ghoulcaller's Accomplice
    Mountain

--: Forest

--: Ghoulsteed

Pack 3 pick 11:
    Rottenheart Ghoul
    Shard of Broken Glass
    Foul Orchard
--> Ghoulsteed
    Forest

--: Devilthorn Fox

--: Strength of Arms

--: Strength of Arms

Pack 3 pick 12:
    Devilthorn Fox
--> Strength of Arms
    Crow of Dark Tidings
    Haunted Cloak

--: Island

--: Moldgraf Scavenger

--: Vampire Noble

--: Moldgraf Scavenger

--: Moldgraf Scavenger

Pack 3 pick 13:
--> Moldgraf Scavenger
    Vampire Noble
    Island

--: Mountain

--: Hound of the Farbogs

Pack 3 pick 14:
--> Hound of the Farbogs
    Mountain

--: Island

--: Island

Pack 3 pick 15:
--> Island

