Event #: 9960108
Time:    2016/8/1 20:29:44
Players:
    Snatter
    igorkrab
    oeni
    ottifant
    CursedShade
    Monolith2001
--> WIL200X
    Mairsil

--: Swamp

--: Choking Restraints

--: Choking Restraints

------ EMN ------ 

Pack 1 pick 1:
    Springsage Ritual
    Galvanic Bombardment
--> Choking Restraints
    Woodland Patrol
    Weirded Vampire
    Fiend Binder
    Steadfast Cathar
    Stensia Innkeeper
    Ironclad Slayer
    Nephalia Academy
    Rise from the Grave
    Long Road Home
    Bloodhall Priest
    Kessig Prowler
    Swamp

--: Plains

--: Choking Restraints

--: Choking Restraints

Pack 1 pick 2:
    Desperate Sentry
    Distemper of the Blood
--> Choking Restraints
    Woodland Patrol
    Succumb to Temptation
    Convolute
    Make Mischief
    Terrarion
    Displace
    Slayer's Cleaver
    Graf Harvest
    Peace of Mind
    Grizzled Angler
    Plains

--: Island

--: Savage Alliance

--: Savage Alliance

Pack 1 pick 3:
    Dawn Gryff
    Prey Upon
    Cultist's Staff
--> Savage Alliance
    Crossroads Consecrator
    Guardian of Pilgrims
    Enlightened Maniac
    Falkenrath Reaver
    Steadfast Cathar
    Whispers of Emrakul
    Furyblade Vampire
    Shrill Howler
    Island

--: Mountain

--: Unsubstantiate

--: Unsubstantiate

Pack 1 pick 4:
    Drag Under
    Gavony Unhallowed
    Wolfkin Bond
    Enlightened Maniac
    Stensia Banquet
    Guardian of Pilgrims
    Convolute
    Furyblade Vampire
--> Unsubstantiate
    Whispers of Emrakul
    Oath of Liliana
    Mountain

--: Island

--: Noose Constrictor

--: Noose Constrictor

Pack 1 pick 5:
    Olivia's Dragoon
    Ingenious Skaab
    Bloodbriar
    Wailing Ghoul
    Contingency Plan
    Thermo-Alchemist
    Fiend Binder
    Cathar's Shield
--> Noose Constrictor
    Graf Rats
    Island

--: Forest

--: Foul Emissary

--: Foul Emissary

Pack 1 pick 6:
    Wretched Gryff
    Distemper of the Blood
    Succumb to Temptation
    Woodcutter's Grit
    Make Mischief
    Ironwright's Cleansing
    Displace
    Falkenrath Reaver
--> Foul Emissary
    Forest

--: Mountain

--: Eternal Scourge

--: Eternal Scourge

--: Eternal Scourge

--: Eternal Scourge

Pack 1 pick 7:
    Waxing Moon
    Grapple with the Past
    Field Creeper
    Bold Impaler
    Steadfast Cathar
    Peace of Mind
    Slayer's Cleaver
--> Eternal Scourge
    Mountain

--: Island

--: Brazen Wolves

--: Brazen Wolves

Pack 1 pick 8:
--> Brazen Wolves
    Waxing Moon
    Grapple with the Past
    Guardian of Pilgrims
    Make Mischief
    Repel the Abominable
    Shreds of Sanity
    Island

--: Swamp

--: Galvanic Bombardment

--: Galvanic Bombardment

Pack 1 pick 9:
    Springsage Ritual
--> Galvanic Bombardment
    Weirded Vampire
    Steadfast Cathar
    Stensia Innkeeper
    Nephalia Academy
    Swamp

--: Plains

--: Slayer's Cleaver

--: Slayer's Cleaver

Pack 1 pick 10:
    Distemper of the Blood
    Make Mischief
    Displace
--> Slayer's Cleaver
    Peace of Mind
    Plains

--: Island

--: Guardian of Pilgrims

--: Guardian of Pilgrims

Pack 1 pick 11:
    Crossroads Consecrator
--> Guardian of Pilgrims
    Falkenrath Reaver
    Whispers of Emrakul
    Island

--: Mountain

--: Guardian of Pilgrims

--: Guardian of Pilgrims

--: Guardian of Pilgrims

Pack 1 pick 12:
    Stensia Banquet
--> Guardian of Pilgrims
    Convolute
    Mountain

--: Island

--: Wailing Ghoul

Pack 1 pick 13:
--> Wailing Ghoul
    Contingency Plan
    Island

--: Forest

--: Ironwright's Cleansing

Pack 1 pick 14:
--> Ironwright's Cleansing
    Forest

--: Mountain

--: Mountain

Pack 1 pick 15:
--> Mountain

--: Forest

--: Grim Flayer

--: Grim Flayer

------ EMN ------ 

Pack 2 pick 1:
    Boon of Emrakul
    Tattered Haunter
    Swift Spinner
    Gavony Unhallowed
    Bloodbriar
    Faithbearer Paladin
    Enlightened Maniac
    Field Creeper
    Steadfast Cathar
    Rise from the Grave
    Thirsting Axe
    Mockery of Nature
--> Grim Flayer
    Vildin-Pack Outcast
    Forest

--: Plains

--: Stromkirk Condemned

--: Stromkirk Condemned

--: Faithbearer Paladin

--: Faithbearer Paladin

Pack 2 pick 2:
    Desperate Sentry
    Ingenious Skaab
    Gavony Unhallowed
    Wolfkin Bond
    Succumb to Temptation
    Displace
    Falkenrath Reaver
--> Faithbearer Paladin
    Field Creeper
    Liliana's Elite
    Courageous Outrider
    Stromkirk Condemned
    Tangleclaw Werewolf
    Plains

--: Forest

--: Sigardian Priest

--: Sigardian Priest

--: Sigardian Priest

Pack 2 pick 3:
    Distemper of the Blood
--> Sigardian Priest
    Boon of Emrakul
    It of the Horrid Swarm
    Borrowed Malevolence
    Bold Impaler
    Steadfast Cathar
    Identity Thief
    Stensia Banquet
    Insatiable Gorgers
    Scour the Laboratory
    Shrill Howler
    Forest

--: Swamp

--: Mirrorwing Dragon

Pack 2 pick 4:
    Galvanic Bombardment
    Strange Augmentation
    Woodcutter's Grit
    Wailing Ghoul
    Fogwalker
    Borrowed Hostility
    Cathar's Shield
    Thraben Standard Bearer
    Insatiable Gorgers
    Dusk Feaster
--> Mirrorwing Dragon
    Swamp

--: Forest

--: Alchemist's Greeting

Pack 2 pick 5:
    Cultist's Staff
    Dawn Gryff
    Brazen Wolves
    Ironwright's Cleansing
    Spectral Reserves
    Turn Aside
--> Alchemist's Greeting
    Ironclad Slayer
    Long Road Home
    Ruthless Disposal
    Forest

--: Mountain

--: Crossroads Consecrator

--: Crossroads Consecrator

--: Terrarion

--: Crossroads Consecrator

--: Terrarion

--: Terrarion

Pack 2 pick 6:
    Take Inventory
    Cemetery Recruitment
    Crossroads Consecrator
    Wailing Ghoul
--> Terrarion
    Make Mischief
    Convolute
    Fortune's Favor
    Graf Harvest
    Mountain

--: Island

--: Geist-Fueled Scarecrow

Pack 2 pick 7:
    Succumb to Temptation
    Stensia Banquet
    Ironwright's Cleansing
    Displace
    Fortune's Favor
--> Geist-Fueled Scarecrow
    Graf Harvest
    Providence
    Island

--: Island

--: Soul Separator

--: Lunarch Mantle

--: Soul Separator

--: Soul Separator

Pack 2 pick 8:
    Waxing Moon
    Crossroads Consecrator
    Laboratory Brute
    Prophetic Ravings
    Lunarch Mantle
    Mercurial Geists
--> Soul Separator
    Island

--: Forest

--: Vildin-Pack Outcast

--: Vildin-Pack Outcast

Pack 2 pick 9:
    Swift Spinner
    Bloodbriar
    Field Creeper
    Steadfast Cathar
    Thirsting Axe
--> Vildin-Pack Outcast
    Forest

--: Plains

--: Falkenrath Reaver

Pack 2 pick 10:
    Succumb to Temptation
    Displace
--> Falkenrath Reaver
    Field Creeper
    Liliana's Elite
    Plains

--: Forest

--: Insatiable Gorgers

Pack 2 pick 11:
    Distemper of the Blood
    Bold Impaler
    Stensia Banquet
--> Insatiable Gorgers
    Forest

--: Swamp

--: Borrowed Hostility

Pack 2 pick 12:
    Strange Augmentation
--> Borrowed Hostility
    Cathar's Shield
    Swamp

--: Forest

--: Long Road Home

Pack 2 pick 13:
    Ironwright's Cleansing
--> Long Road Home
    Forest

--: Mountain

--: Make Mischief

Pack 2 pick 14:
--> Make Mischief
    Mountain

--: Island

--: Island

Pack 2 pick 15:
--> Island

--: Forest

--: Angelic Purge

--: Angelic Purge

--: Angelic Purge

------ SOI ------ 

Pack 3 pick 1:
--> Angelic Purge
    Vessel of Paramnesia
    Chaplain's Blessing
    Moorland Drifter
    Warped Landscape
    Sanitarium Skeleton
    Watcher in the Web
    Vampire Noble
    Howlpack Wolf
    Nahiri's Machinations
    Weirding Wood
    Morkrut Necropod
    Fortified Village
    Neglected Heirloom
    Forest

--: Forest

--: Geistblast

--: Geistblast

--: Geistblast

--: Geistblast

Pack 3 pick 2:
    Emissary of the Sleepless
    Sleep Paralysis
    Stern Constable
    Apothecary Geist
    Wicker Witch
    Stallion of Ashmouth
    Structural Distortion
    Stoic Builder
    Crow of Dark Tidings
--> Geistblast
    Pick the Brain
    Malevolent Whispers
    Fevered Visions
    Forest

--: Plains

--: Thraben Inspector

--: Thraben Inspector

--: Mad Prophet

Pack 3 pick 3:
    Thraben Inspector
    Niblis of Dusk
    Unruly Mob
    Moorland Drifter
    Gone Missing
    Warped Landscape
    Crow of Dark Tidings
    Sanguinary Mage
    Fork in the Road
    Trail of Evidence
--> Mad Prophet
    Falkenrath Gorger
    Plains

--: Mountain

--: Lightning Axe

Pack 3 pick 4:
    Lamplighter of Selhoff
    Rush of Adrenaline
    Quilled Wolf
    Merciless Resolve
    Hulking Devil
    Kessig Dire Swine
    Loam Dryad
--> Lightning Axe
    Ulrich's Kindred
    Tenacity
    Village Messenger
    Mountain

--: Swamp

--: Reduce to Ashes

Pack 3 pick 5:
    Survive the Night
    Stitched Mangler
    Expose Evil
    Root Out
    Rottenheart Ghoul
--> Reduce to Ashes
    Seagraf Skaab
    Stallion of Ashmouth
    Stensia Masquerade
    Cult of the Waxing Moon
    Swamp

--: Swamp

--: Gibbering Fiend

--: Gibbering Fiend

--: Gibbering Fiend

Pack 3 pick 6:
    Inspiring Captain
    Deny Existence
    Pyre Hound
    Might Beyond Reason
    Stromkirk Mentor
    Tormenting Voice
    Clip Wings
    Behind the Scenes
--> Gibbering Fiend
    Swamp

--: Swamp

--: Inquisitor's Ox

Pack 3 pick 7:
--> Inquisitor's Ox
    Vessel of Volatility
    Macabre Waltz
    Hound of the Farbogs
    Ethereal Guidance
    Invasive Surgery
    Highland Lake
    Second Harvest
    Swamp

--: Island

--: Dauntless Cathar

Pack 3 pick 8:
--> Dauntless Cathar
    Ghostly Wings
    Loam Dryad
    Strength of Arms
    Magmatic Chasm
    Groundskeeper
    Harvest Hand
    Island

--: Forest

--: Howlpack Wolf

Pack 3 pick 9:
    Vessel of Paramnesia
    Chaplain's Blessing
    Watcher in the Web
    Vampire Noble
--> Howlpack Wolf
    Weirding Wood
    Forest

--: Forest

--: Fevered Visions

--: Fevered Visions

Pack 3 pick 10:
    Stern Constable
    Stallion of Ashmouth
    Structural Distortion
    Stoic Builder
--> Fevered Visions
    Forest

--: Plains

--: Moorland Drifter

--: Moorland Drifter

Pack 3 pick 11:
--> Moorland Drifter
    Sanguinary Mage
    Fork in the Road
    Trail of Evidence
    Plains

--: Mountain

--: Ulrich's Kindred

Pack 3 pick 12:
    Lamplighter of Selhoff
    Hulking Devil
--> Ulrich's Kindred
    Mountain

--: Swamp

--: Stallion of Ashmouth

Pack 3 pick 13:
    Rottenheart Ghoul
--> Stallion of Ashmouth
    Swamp

--: Swamp

--: Stromkirk Mentor

Pack 3 pick 14:
--> Stromkirk Mentor
    Swamp

--: Swamp

--: Swamp

Pack 3 pick 15:
--> Swamp

