Event #: 9962031
Time:    8/1/2016 8:46:18 PM
Players:
    jacobfry46
    samopharo
    ximacintoshix
    eyeballfreak
    Slinger316
    Hunteraj
    MagicJul
--> OMGQueRico

--: Island

--: Boulder Salvo

------ OGW ------ 

Pack 1 pick 1:
--> Boulder Salvo
    Holdout Settlement
    Blinding Drone
    Kozilek's Pathfinder
    Zulaport Chainmage
    Saddleback Lagac
    Corpse Churn
    Affa Protector
    Mighty Leap
    Consuming Sinkhole
    Seed Guardian
    Grip of the Roil
    Void Shatter
    Gladehart Cavalry
    Island

--: Thought-Knot Seer

--: Thought-Knot Seer

--: Thought-Knot Seer

Pack 1 pick 2:
    Cinder Hellion
    Unknown Shores
    Gravity Negator
    Warden of Geometries
    Natural State
    Kozilek's Translator
    Ondu War Cleric
    Cultivator Drone
    Expedite
    Makindi Aeronaut
    Allied Reinforcements
    Baloth Null
    Wall of Resurgence
--> Thought-Knot Seer

--: Vampire Envoy

--: Embodiment of Fury

--: Embodiment of Fury

--: Embodiment of Fury

Pack 1 pick 3:
    Vampire Envoy
    Scion Summoner
    Boulder Salvo
    Holdout Settlement
    Canopy Gorger
    Kozilek's Translator
    Consuming Sinkhole
    Searing Light
    Negate
    Maw of Kozilek
--> Embodiment of Fury
    Joraga Auxiliary
    Unity of Purpose

--: Tajuru Pathwarden

--: Cyclone Sire

Pack 1 pick 4:
    Tajuru Pathwarden
    Zada's Commando
    Crumbling Vestige
    Containment Membrane
    Witness the End
    Netcaster Spider
    Negate
    Sparkmage's Gambit
    Shoulder to Shoulder
--> Cyclone Sire
    Weapons Trainer
    Thought Harvester

--: Oath of Jace

--: Blinding Drone

Pack 1 pick 5:
--> Blinding Drone
    Kozilek's Pathfinder
    Scion Summoner
    Kor Sky Climber
    Lead by Example
    Corpse Churn
    Natural State
    Shoulder to Shoulder
    Umara Entangler
    Spatial Contortion
    Oath of Jace

--: Island

--: Reality Hemorrhage

--: Reality Hemorrhage

Pack 1 pick 6:
    Tar Snare
--> Reality Hemorrhage
    Elemental Uprising
    Zulaport Chainmage
    Natural State
    Umara Entangler
    Birthing Hulk
    Press into Service
    Void Grafter
    Island

--: Plains

--: Cultivator Drone

--: Cultivator Drone

Pack 1 pick 7:
    Containment Membrane
    Seer's Lantern
    Kozilek's Shrieker
    Untamed Hunger
    Void Grafter
    Mighty Leap
--> Cultivator Drone
    Strider Harness
    Plains

--: Containment Membrane

--: Containment Membrane

--: Containment Membrane

Pack 1 pick 8:
--> Containment Membrane
    Natural State
    Witness the End
    Reaver Drone
    Consuming Sinkhole
    Ancient Crab
    Reaver Drone
    Void Grafter

--: Kozilek's Pathfinder

--: Void Shatter

--: Void Shatter

Pack 1 pick 9:
    Kozilek's Pathfinder
    Zulaport Chainmage
    Corpse Churn
    Mighty Leap
    Consuming Sinkhole
    Grip of the Roil
--> Void Shatter

--: Warden of Geometries

--: Unknown Shores

Pack 1 pick 10:
--> Unknown Shores
    Warden of Geometries
    Natural State
    Kozilek's Translator
    Expedite
    Baloth Null

--: Kozilek's Translator

--: Holdout Settlement

--: Holdout Settlement

Pack 1 pick 11:
--> Holdout Settlement
    Kozilek's Translator
    Negate
    Maw of Kozilek
    Unity of Purpose

--: Witness the End

--: Crumbling Vestige

Pack 1 pick 12:
--> Crumbling Vestige
    Witness the End
    Negate
    Sparkmage's Gambit

--: Corpse Churn

--: Umara Entangler

Pack 1 pick 13:
    Corpse Churn
    Natural State
--> Umara Entangler

--: Zulaport Chainmage

Pack 1 pick 14:
--> Zulaport Chainmage
    Umara Entangler

--: Untamed Hunger

--: Untamed Hunger

Pack 1 pick 15:
--> Untamed Hunger

--: Mountain

--: Devour in Flames

--: Devour in Flames

------ OGW ------ 

Pack 2 pick 1:
    Zada's Commando
    Crumbling Vestige
    Containment Membrane
    Hedron Crawler
    Oblivion Strike
    Untamed Hunger
    Vines of the Recluse
    Affa Protector
    Ancient Crab
    Expedite
    Null Caller
    Cinder Barrens
--> Devour in Flames
    Dread Defiler
    Mountain

--: Island

--: Jori En, Ruin Diver

--: Jori En, Ruin Diver

Pack 2 pick 2:
    Stalking Drone
    Reality Hemorrhage
    Wastes
    Elemental Uprising
    Sky Scourer
    Loam Larva
    Abstruse Interference
    Island
    Searing Light
    Null Caller
    Timber Gorge
    Bonds of Mortality
--> Jori En, Ruin Diver
    Mountain

--: Mountain

--: Embodiment of Fury

Pack 2 pick 3:
    Gravity Negator
    Bone Saw
    Spawnbinder Mage
    Cinder Hellion
    Loam Larva
    Slaughter Drone
--> Embodiment of Fury
    Abstruse Interference
    Akoum Flameseeker
    Reaver Drone
    Malakir Soothsayer
    Flayer Drone
    Mountain

--: Island

--: Jwar Isle Avenger

Pack 2 pick 4:
--> Jwar Isle Avenger
    Warden of Geometries
    Stalking Drone
    Vines of the Recluse
    Unnatural Endurance
    Pulse of Murasa
    Expedite
    Ondu War Cleric
    Ancient Crab
    Havoc Sower
    Void Grafter
    Island

--: Swamp

--: Devour in Flames

--: Devour in Flames

Pack 2 pick 5:
    Kor Sky Climber
    Vampire Envoy
    Corpse Churn
    Natural State
    Slaughter Drone
    Negate
    Maw of Kozilek
    Make a Stand
--> Devour in Flames
    Ruin in Their Wake
    Swamp

--: Plains

--: Goblin Freerunner

--: Goblin Freerunner

Pack 2 pick 6:
--> Goblin Freerunner
    Wastes
    Warden of Geometries
    Canopy Gorger
    Sky Scourer
    Negate
    Sparkmage's Gambit
    Chitinous Cloak
    Gift of Tusks
    Plains

--: Forest

--: Jwar Isle Avenger

--: Brute Strength

--: Jwar Isle Avenger

Pack 2 pick 7:
--> Jwar Isle Avenger
    Tar Snare
    Lead by Example
    Untamed Hunger
    Pulse of Murasa
    Dazzling Reflection
    Brute Strength
    Submerged Boneyard
    Forest

--: Call the Gatewatch

--: Sweep Away

--: Sweep Away

Pack 2 pick 8:
    Unknown Shores
--> Sweep Away
    Seer's Lantern
    Oblivion Strike
    Unnatural Endurance
    Eldrazi Aggressor
    Flaying Tendrils
    Call the Gatewatch

--: Containment Membrane

--: Containment Membrane

--: Containment Membrane

Pack 2 pick 9:
    Crumbling Vestige
--> Containment Membrane
    Untamed Hunger
    Vines of the Recluse
    Ancient Crab
    Null Caller
    Cinder Barrens

--: Mountain

--: Elemental Uprising

Pack 2 pick 10:
    Wastes
--> Elemental Uprising
    Abstruse Interference
    Null Caller
    Bonds of Mortality
    Mountain

--: Mountain

--: Bone Saw

--: Bone Saw

Pack 2 pick 11:
--> Bone Saw
    Slaughter Drone
    Akoum Flameseeker
    Reaver Drone
    Mountain

--: Island

--: Ancient Crab

Pack 2 pick 12:
    Unnatural Endurance
--> Ancient Crab
    Void Grafter
    Island

--: Swamp

--: Negate

Pack 2 pick 13:
    Corpse Churn
--> Negate
    Swamp

--: Plains

--: Chitinous Cloak

Pack 2 pick 14:
--> Chitinous Cloak
    Plains

--: Forest

--: Forest

Pack 2 pick 15:
--> Forest

--: Plains

--: Tide Drifter

--: Tide Drifter

------ BFZ ------ 

Pack 3 pick 1:
    Incubator Drone
    Kalastria Healer
    Reclaiming Vines
    Salvage Drone
    Belligerent Whiptail
    Kor Castigator
    Kozilek's Channeler
    Makindi Sliderunner
    Courier Griffin
    Smite the Monstrous
    Chasm Guide
    Infuse with the Elements
--> Tide Drifter
    Veteran Warleader
    Plains

--: Forest

--: Spawning Bed

--: Spawning Bed

Pack 3 pick 2:
    Unified Front
    Coralhelm Guide
    Mire's Malice
    Tajuru Stalwart
    Fortified Rampart
    Belligerent Whiptail
    Stonefury
    Ondu Greathorn
    Lifespring Druid
    Ondu Champion
--> Spawning Bed
    Hagra Sharpshooter
    Gruesome Slaughter
    Forest

--: Forest

--: Rush of Ice

--: Rush of Ice

--: Rush of Ice

Pack 3 pick 3:
    Nirkana Assassin
    Oran-Rief Invoker
    Dispel
    Sylvan Scrying
--> Rush of Ice
    Natural Connection
    Unnatural Aggression
    Felidar Cub
    Boiling Earth
    Halimar Tidecaller
    Pathway Arrows
    Grovetender Druids
    Forest

--: Island

--: Windrider Patrol

--: Windrider Patrol

Pack 3 pick 4:
    Oracle of Dust
    Altar's Reap
    Plummet
    Coralhelm Guide
    Stone Haven Medic
    Shatterskull Recruit
    Ondu Champion
    Vestige of Emrakul
--> Windrider Patrol
    Blighted Fen
    Shambling Vent
    Island

--: Swamp

--: Clutch of Currents

Pack 3 pick 5:
--> Clutch of Currents
    Culling Drone
    Giant Mantis
    Anticipate
    Makindi Patrol
    Kalastria Healer
    Ghostly Sentinel
    Dominator Drone
    Blighted Gorge
    Retreat to Kazandu
    Swamp

--: Plains

Pack 3 pick 6:
    Dispel
    Mind Raker
    Territorial Baloth
    Clutch of Currents
    Makindi Patrol
    Cliffside Lookout
    Valakut Invoker
    Ondu Greathorn
    Malakir Familiar
--> Plains

--: Plains

--: Touch of the Void

--: Touch of the Void

Pack 3 pick 7:
    Blisterpod
    Anticipate
    Earthen Arms
    Nettle Drone
    Kitesail Scout
    Gideon's Reproach
--> Touch of the Void
    Blighted Woodland
    Plains

--: Forest

--: Akoum Stonewaker

Pack 3 pick 8:
    Culling Drone
    Seek the Wilds
    Nirkana Assassin
    Stone Haven Medic
    Ondu Greathorn
    Grove Rumbler
--> Akoum Stonewaker
    Forest

--: Incubator Drone

--: Makindi Sliderunner

Pack 3 pick 9:
    Incubator Drone
    Kalastria Healer
    Reclaiming Vines
    Belligerent Whiptail
    Kor Castigator
--> Makindi Sliderunner
    Infuse with the Elements

--: Forest

Pack 3 pick 10:
    Unified Front
    Mire's Malice
    Tajuru Stalwart
    Ondu Champion
    Hagra Sharpshooter
--> Forest

--: Forest

--: Halimar Tidecaller

Pack 3 pick 11:
    Nirkana Assassin
    Natural Connection
    Felidar Cub
--> Halimar Tidecaller
    Forest

--: Island

--: Blighted Fen

Pack 3 pick 12:
    Altar's Reap
    Plummet
--> Blighted Fen
    Island

--: Swamp

--: Blighted Gorge

Pack 3 pick 13:
    Dominator Drone
--> Blighted Gorge
    Swamp

--: Dispel

--: Dispel

Pack 3 pick 14:
--> Dispel
    Malakir Familiar

--: Plains

--: Plains

Pack 3 pick 15:
--> Plains

