Event #: 9962160
Time:    2016/8/2 上午 09:27:22
Players:
    Pandaman47
--> seanlee1205
    Mano22
    00joe00
    ffxKennethD
    Loki_1
    United99
    FALVOTHEGOD

--: Forest

--: Collective Defiance

--: Collective Defiance

------ EMN ------ 

Pack 1 pick 1:
    Boon of Emrakul
    Take Inventory
    Gavony Unhallowed
    Bloodbriar
    Borrowed Malevolence
    Displace
    Falkenrath Reaver
    Faithbearer Paladin
    Field Creeper
    Ride Down
    Insatiable Gorgers
    Scour the Laboratory
--> Collective Defiance
    Lone Rider
    Forest

--: Mountain

--: Ulvenwald Captive

--: Ulvenwald Captive

Pack 1 pick 2:
    Olivia's Dragoon
    Take Inventory
    Wolfkin Bond
    Succumb to Temptation
    Bloodbriar
    Faithbearer Paladin
    Enlightened Maniac
    Field Creeper
    Steadfast Cathar
    Haunted Dead
    Campaign of Vengeance
    Repel the Abominable
--> Ulvenwald Captive
    Mountain

--: Plains

--: Stromkirk Occultist

--: Stromkirk Occultist

Pack 1 pick 3:
    Take Inventory
    Choking Restraints
    Skirsdag Supplicant
    Guardian of Pilgrims
    Enlightened Maniac
    Falkenrath Reaver
    Steadfast Cathar
    Mockery of Nature
    Nephalia Academy
    Savage Alliance
--> Stromkirk Occultist
    Midnight Scavengers
    Plains

--: Island

--: Brazen Wolves

--: Deranged Whelp

--: Deranged Whelp

--: Deranged Whelp

Pack 1 pick 4:
    Otherworldly Outburst
    Brazen Wolves
    Wolfkin Bond
    Skirsdag Supplicant
    Cathar's Shield
    Fogwalker
    Stensia Innkeeper
    Spectral Reserves
    Chilling Grasp
--> Deranged Whelp
    Midnight Scavengers
    Island

--: Mountain

--: Vildin-Pack Outcast

Pack 1 pick 5:
    Borrowed Grace
    Otherworldly Outburst
    Grapple with the Past
    Falkenrath Reaver
    Ironwright's Cleansing
    Spontaneous Mutation
    Stensia Banquet
    Abandon Reason
    Emrakul's Influence
--> Vildin-Pack Outcast
    Mountain

--: Swamp

--: Geist-Fueled Scarecrow

--: Geist-Fueled Scarecrow

--: Geist-Fueled Scarecrow

--: Geist-Fueled Scarecrow

Pack 1 pick 6:
    Borrowed Grace
    Waxing Moon
    Wolfkin Bond
    Contingency Plan
    Borrowed Hostility
    Thraben Standard Bearer
    Cathar's Shield
--> Geist-Fueled Scarecrow
    Prying Questions
    Swamp

--: Plains

--: Olivia's Dragoon

--: Vildin-Pack Outcast

--: Vildin-Pack Outcast

--: Vildin-Pack Outcast

Pack 1 pick 7:
    Olivia's Dragoon
    Desperate Sentry
    Crossroads Consecrator
    Wailing Ghoul
    Field Creeper
    Bold Impaler
    Graf Harvest
--> Vildin-Pack Outcast
    Plains

--: Plains

--: Galvanic Bombardment

--: Galvanic Bombardment

Pack 1 pick 8:
    Distemper of the Blood
--> Galvanic Bombardment
    Spectral Reserves
    Laboratory Brute
    Prophetic Ravings
    Slayer's Cleaver
    Graf Harvest
    Plains

--: Forest

--: Insatiable Gorgers

--: Insatiable Gorgers

Pack 1 pick 9:
    Borrowed Malevolence
    Displace
    Falkenrath Reaver
    Faithbearer Paladin
    Field Creeper
--> Insatiable Gorgers
    Forest

--: Mountain

Pack 1 pick 10:
    Olivia's Dragoon
    Wolfkin Bond
--> Faithbearer Paladin
    Field Creeper
    Repel the Abominable
    Mountain

--: Plains

--: Falkenrath Reaver

Pack 1 pick 11:
    Skirsdag Supplicant
    Guardian of Pilgrims
--> Falkenrath Reaver
    Nephalia Academy
    Plains

--: Island

--: Otherworldly Outburst

Pack 1 pick 12:
--> Otherworldly Outburst
    Cathar's Shield
    Stensia Innkeeper
    Island

--: Mountain

Pack 1 pick 13:
--> Stensia Banquet
    Emrakul's Influence
    Mountain

--: Swamp

Pack 1 pick 14:
--> Waxing Moon
    Swamp

--: Plains

Pack 1 pick 15:
--> Plains

--: Plains

--: Selfless Spirit

------ EMN ------ 

Pack 2 pick 1:
    Desperate Sentry
    Ingenious Skaab
    Strange Augmentation
    Wailing Ghoul
    Woodland Patrol
    Ironclad Slayer
    Turn Aside
    Alchemist's Greeting
    Spectral Reserves
    Geist of the Lonely Vigil
    Lunar Force
    Savage Alliance
--> Selfless Spirit
    Ulvenwald Captive
    Plains

--: Swamp

--: Alchemist's Greeting

--: Clear Shot

--: Clear Shot

--: Clear Shot

Pack 2 pick 2:
    Desperate Sentry
    Ingenious Skaab
    Strange Augmentation
    Wailing Ghoul
    Woodland Patrol
    Thermo-Alchemist
    Fiend Binder
    Turn Aside
    Alchemist's Greeting
--> Clear Shot
    Vexing Scuttler
    Permeating Mass
    Midnight Scavengers
    Swamp

--: Mountain

--: Furyblade Vampire

--: Furyblade Vampire

Pack 2 pick 3:
    Waxing Moon
    Borrowed Grace
    Drag Under
    Crossroads Consecrator
    Gavony Unhallowed
    Guardian of Pilgrims
    Displace
    Terrarion
    Make Mischief
    Whispers of Emrakul
--> Furyblade Vampire
    Cryptolith Fragment
    Mountain

--: Plains

--: Furyblade Vampire

--: Kessig Prowler

--: Kessig Prowler

--: Kessig Prowler

Pack 2 pick 4:
    Take Inventory
    Wolfkin Bond
    Succumb to Temptation
    Bloodbriar
    Terrarion
    Displace
    Falkenrath Reaver
    Ironwright's Cleansing
    Furyblade Vampire
    Whispers of Emrakul
--> Kessig Prowler
    Plains

--: Mountain

--: Emrakul's Evangel

--: Emrakul's Evangel

Pack 2 pick 5:
    Otherworldly Outburst
    Wolfkin Bond
    Skirsdag Supplicant
    Fiend Binder
    Contingency Plan
    Stensia Innkeeper
    Emrakul's Influence
    Repel the Abominable
--> Emrakul's Evangel
    Shrill Howler
    Mountain

--: Swamp

Pack 2 pick 6:
    Olivia's Dragoon
    Take Inventory
    Wolfkin Bond
    Succumb to Temptation
    Bloodbriar
    Guardian of Pilgrims
    Falkenrath Reaver
    Steadfast Cathar
--> Liliana's Elite
    Swamp

--: Forest

--: Backwoods Survivalists

--: Backwoods Survivalists

--: Backwoods Survivalists

--: Backwoods Survivalists

Pack 2 pick 7:
--> Backwoods Survivalists
    Cultist's Staff
    Weirded Vampire
    Prophetic Ravings
    Lunarch Mantle
    Nephalia Academy
    Rise from the Grave
    Long Road Home
    Forest

--: Forest

--: Blood Mist

--: Geist-Fueled Scarecrow

--: Geist-Fueled Scarecrow

--: Geist-Fueled Scarecrow

--: Geist-Fueled Scarecrow

Pack 2 pick 8:
    Distemper of the Blood
    Borrowed Malevolence
    Woodcutter's Grit
    Stensia Banquet
    Faithbearer Paladin
    Blood Mist
--> Geist-Fueled Scarecrow
    Forest

--: Plains

--: Woodland Patrol

Pack 2 pick 9:
    Strange Augmentation
    Wailing Ghoul
--> Woodland Patrol
    Turn Aside
    Spectral Reserves
    Geist of the Lonely Vigil
    Plains

--: Swamp

--: Alchemist's Greeting

--: Alchemist's Greeting

--: Alchemist's Greeting

Pack 2 pick 10:
    Strange Augmentation
    Woodland Patrol
    Turn Aside
--> Alchemist's Greeting
    Permeating Mass
    Swamp

--: Mountain

--: Waxing Moon

Pack 2 pick 11:
--> Waxing Moon
    Crossroads Consecrator
    Gavony Unhallowed
    Make Mischief
    Mountain

--: Displace

--: Falkenrath Reaver

--: Falkenrath Reaver

Pack 2 pick 12:
    Displace
--> Falkenrath Reaver
    Ironwright's Cleansing
    Whispers of Emrakul

--: Mountain

Pack 2 pick 13:
    Contingency Plan
--> Emrakul's Influence
    Mountain

--: Swamp

Pack 2 pick 14:
--> Wolfkin Bond
    Swamp

--: Forest

Pack 2 pick 15:
--> Forest

--: Plains

--: Hinterland Logger

------ SOI ------ 

Pack 3 pick 1:
    Silburlind Snapper
    Vessel of Ephemera
    Vessel of Paramnesia
    Plains
    Alms of the Vein
    Dual Shot
    Confront the Unknown
    Throttle
    Wicker Witch
    Hope Against Hope
    Forsaken Sanctuary
    Biting Rain
--> Drogskol Cavalry
    Hinterland Logger
    Plains

--: Swamp

--: Uncaged Fury

--: Uncaged Fury

Pack 3 pick 2:
    Just the Wind
    Cathar's Companion
    Lamplighter of Selhoff
    Seagraf Skaab
    Stallion of Ashmouth
    Shamble Back
--> Uncaged Fury
    Byway Courier
    Grotesque Mutation
    Pick the Brain
    Gibbering Fiend
    Humble the Brute
    Confirm Suspicions
    Swamp

--: Forest

--: Geistblast

Pack 3 pick 3:
    Just the Wind
    Emissary of the Sleepless
    Jace's Scrutiny
    Hound of the Farbogs
    Shard of Broken Glass
    Twins of Maurer Estate
    Insolent Neonate
    Aim High
    Vampire Noble
--> Geistblast
    Mad Prophet
    Solitary Hunter
    Forest

--: Mountain

--: Fiery Temper

--: Fiery Temper

--: Fiery Temper

--: Fiery Temper

Pack 3 pick 4:
    Niblis of Dusk
    Humble the Brute
    Pieces of the Puzzle
--> Fiery Temper
    Root Out
    Farbog Revenant
    Rush of Adrenaline
    Senseless Rage
    Weirding Wood
    Silverstrike
    Howlpack Resurgence
    Mountain

--: Mountain

--: Voldaren Duelist

--: Voldaren Duelist

Pack 3 pick 5:
    Nagging Thoughts
    Bloodmad Vampire
    Apothecary Geist
    Stallion of Ashmouth
    Aim High
    Shamble Back
--> Voldaren Duelist
    Stensia Masquerade
    Gryff's Boon
    Kessig Forgemaster
    Mountain

--: Forest

--: Magmatic Chasm

--: Magmatic Chasm

Pack 3 pick 6:
    Thraben Inspector
    Silburlind Snapper
    Loam Dryad
--> Magmatic Chasm
    Structural Distortion
    Stoic Builder
    Trail of Evidence
    Morkrut Necropod
    Convicted Killer
    Forest

--: Forest

--: Hinterland Logger

--: Hinterland Logger

Pack 3 pick 7:
    Reduce to Ashes
    Confront the Unknown
    Vessel of Volatility
    Kessig Dire Swine
    Intrepid Provisioner
    Compelling Deterrence
    Stone Quarry
--> Hinterland Logger
    Forest

--: Swamp

--: Ravenous Bloodseeker

--: Ravenous Bloodseeker

--: Ravenous Bloodseeker

--: Ravenous Bloodseeker

Pack 3 pick 8:
    Vessel of Paramnesia
    Chaplain's Blessing
    Stallion of Ashmouth
    Shamble Back
    Howlpack Wolf
--> Ravenous Bloodseeker
    Ulrich's Kindred
    Swamp

--: Plains

Pack 3 pick 9:
    Silburlind Snapper
    Vessel of Paramnesia
    Plains
    Alms of the Vein
    Hope Against Hope
--> Biting Rain
    Plains

--: Swamp

Pack 3 pick 10:
--> Just the Wind
    Lamplighter of Selhoff
    Seagraf Skaab
    Shamble Back
    Pick the Brain
    Swamp

--: Forest

--: Insolent Neonate

--: Aim High

Pack 3 pick 11:
    Hound of the Farbogs
    Shard of Broken Glass
    Insolent Neonate
--> Aim High
    Forest

--: Mountain

Pack 3 pick 12:
    Pieces of the Puzzle
    Senseless Rage
--> Howlpack Resurgence
    Mountain

--: Mountain

--: Bloodmad Vampire

--: Bloodmad Vampire

Pack 3 pick 13:
    Nagging Thoughts
--> Bloodmad Vampire
    Mountain

--: Forest

Pack 3 pick 14:
--> Structural Distortion
    Forest

--: Forest

Pack 3 pick 15:
--> Forest

