Event #: 9963373
Time:    2016/8/2 下午 06:17:57
Players:
    ac20803b
    DTutor_
    Symesoni
    DS1990
--> edenbeast
    Arinos
    umemoto
    Slzetor

--: Island

--: Mausoleum Wanderer

------ EMN ------ 

Pack 1 pick 1:
    Boon of Emrakul
    Take Inventory
    Tattered Haunter
    Gavony Unhallowed
    Woodland Patrol
    Faithbearer Paladin
    Field Creeper
    Bold Impaler
    Steadfast Cathar
    Blood Mist
    Rise from the Grave
    Thirsting Axe
--> Mausoleum Wanderer
    Cryptolith Fragment
    Island

--: Plains

--: Blessed Alliance

Pack 1 pick 2:
--> Brazen Wolves
    Drag Under
    Otherworldly Outburst
    Grapple with the Past
    Weirded Vampire
    Field Creeper
    Spectral Reserves
    Laboratory Brute
    Prophetic Ravings
    Blessed Alliance
    Abandon Reason
    Emrakul's Influence
    Graf Rats
    Plains

--: Forest

--: Alchemist's Greeting

--: Galvanic Bombardment

--: Wretched Gryff

--: Thraben Foulbloods

--: Long Road Home

--: Alchemist's Greeting

--: Distemper of the Blood

--: Galvanic Bombardment

--: Alchemist's Greeting

--: Wretched Gryff

--: Alchemist's Greeting

--: Galvanic Bombardment

Pack 1 pick 3:
--> Galvanic Bombardment
    Wretched Gryff
    Distemper of the Blood
    Thraben Foulbloods
    Grapple with the Past
    Stensia Innkeeper
    Spectral Reserves
    Turn Aside
    Alchemist's Greeting
    Long Road Home
    Blood Mist
    Graf Rats
    Forest

--: Island

--: Spreading Flames

--: Conduit of Storms

--: Spreading Flames

--: Conduit of Storms

--: Spreading Flames

Pack 1 pick 4:
    Dawn Gryff
    Wailing Ghoul
    Bloodbriar
    Spontaneous Mutation
    Stensia Banquet
    Faithbearer Paladin
    Enlightened Maniac
    Foul Emissary
--> Spreading Flames
    Providence
    Conduit of Storms
    Island

--: Plains

Pack 1 pick 5:
    Take Inventory
    Desperate Sentry
    It of the Horrid Swarm
    Field Creeper
    Steadfast Cathar
    Spontaneous Mutation
    Bold Impaler
    Slayer's Cleaver
--> Furyblade Vampire
    Unsubstantiate
    Plains

--: Forest

--: Borrowed Hostility

--: Borrowed Hostility

Pack 1 pick 6:
    Take Inventory
--> Ingenious Skaab
    Skirsdag Supplicant
    Grapple with the Past
    Contingency Plan
    Borrowed Hostility
    Thraben Standard Bearer
    Cathar's Shield
    Mournwillow
    Forest

--: Swamp

--: Falkenrath Reaver

--: It of the Horrid Swarm

--: Falkenrath Reaver

--: It of the Horrid Swarm

Pack 1 pick 7:
    Springsage Ritual
--> It of the Horrid Swarm
    Cemetery Recruitment
    Primal Druid
    Ironwright's Cleansing
    Displace
    Falkenrath Reaver
    Peace of Mind
    Swamp

--: Island

Pack 1 pick 8:
    Strange Augmentation
--> Backwoods Survivalists
    Wolfkin Bond
    Stensia Innkeeper
    Contingency Plan
    Nephalia Academy
    Summary Dismissal
    Island

--: Island

--: Thirsting Axe

--: Thirsting Axe

Pack 1 pick 9:
    Gavony Unhallowed
    Faithbearer Paladin
    Field Creeper
    Bold Impaler
    Steadfast Cathar
--> Thirsting Axe
    Island

--: Plains

Pack 1 pick 10:
    Field Creeper
    Spectral Reserves
    Laboratory Brute
    Prophetic Ravings
--> Abandon Reason
    Plains

--: Forest

Pack 1 pick 11:
    Distemper of the Blood
--> Grapple with the Past
    Stensia Innkeeper
    Long Road Home
    Forest

--: Dawn Gryff

Pack 1 pick 12:
    Dawn Gryff
    Wailing Ghoul
--> Bloodbriar
    Stensia Banquet

--: It of the Horrid Swarm

--: Field Creeper

Pack 1 pick 13:
    It of the Horrid Swarm
--> Field Creeper
    Bold Impaler

--: Forest

Pack 1 pick 14:
--> Thraben Standard Bearer
    Forest

--: Swamp

Pack 1 pick 15:
--> Swamp

--: Forest

------ EMN ------ 

Pack 2 pick 1:
    Strange Augmentation
    Sigardian Priest
    Bloodbriar
    Borrowed Malevolence
    Wolfkin Bond
    Ironwright's Cleansing
    Displace
    Terrarion
    Bold Impaler
    Graf Harvest
    Noose Constrictor
    Geist of the Archives
--> Bedlam Reveler
    Ulvenwald Captive
    Forest

--: Island

--: Alchemist's Greeting

--: Vildin-Pack Outcast

--: Alchemist's Greeting

--: Vildin-Pack Outcast

--: Thermo-Alchemist

--: Vildin-Pack Outcast

--: Thermo-Alchemist

--: Vildin-Pack Outcast

Pack 2 pick 2:
    Wretched Gryff
    Distemper of the Blood
    Skirsdag Supplicant
    Crossroads Consecrator
    Thermo-Alchemist
    Fiend Binder
    Turn Aside
    Alchemist's Greeting
    Prying Questions
    Unsubstantiate
    Geist of the Lonely Vigil
    Eternal Scourge
--> Vildin-Pack Outcast
    Island

--: Mountain

Pack 2 pick 3:
--> Prey Upon
    Cultist's Staff
    It of the Horrid Swarm
    Certain Death
    Borrowed Hostility
    Cathar's Shield
    Thraben Standard Bearer
    Exultant Cultist
    Hamlet Captain
    Chilling Grasp
    Bloodhall Priest
    Grizzled Angler
    Mountain

--: Swamp

--: Furyblade Vampire

--: Tangleclaw Werewolf

--: Furyblade Vampire

--: Tangleclaw Werewolf

--: Tangleclaw Werewolf

Pack 2 pick 4:
    Waxing Moon
    Borrowed Grace
    It of the Horrid Swarm
    Borrowed Malevolence
    Exultant Cultist
    Borrowed Hostility
    Cathar's Shield
    Lunarch Mantle
    Whispers of Emrakul
--> Furyblade Vampire
    Tangleclaw Werewolf
    Swamp

--: Island

Pack 2 pick 5:
    Springsage Ritual
    Cemetery Recruitment
    Crossroads Consecrator
    Terrarion
    Displace
    Falkenrath Reaver
    Ironwright's Cleansing
    Courageous Outrider
    Vexing Scuttler
--> Lupine Prototype
    Island

--: Plains

Pack 2 pick 6:
    Cultist's Staff
    It of the Horrid Swarm
    Certain Death
    Lunarch Mantle
    Fogwalker
--> Thermo-Alchemist
    Fiend Binder
    Repel the Abominable
    Midnight Scavengers
    Plains

--: Mountain

Pack 2 pick 7:
    Springsage Ritual
    Thraben Foulbloods
    Primal Druid
    Exultant Cultist
    Stensia Innkeeper
    Turn Aside
    Crop Sigil
--> Vildin-Pack Outcast
    Mountain

--: Forest

--: Soul Separator

--: Soul Separator

--: Soul Separator

--: Backwoods Survivalists

Pack 2 pick 8:
--> Backwoods Survivalists
    Cemetery Recruitment
    Crossroads Consecrator
    Cathar's Shield
    Fogwalker
    Nephalia Academy
    Soul Separator
    Forest

--: Forest

Pack 2 pick 9:
    Strange Augmentation
--> Bloodbriar
    Wolfkin Bond
    Ironwright's Cleansing
    Displace
    Bold Impaler
    Forest

--: Island

Pack 2 pick 10:
    Distemper of the Blood
    Crossroads Consecrator
    Turn Aside
    Prying Questions
--> Unsubstantiate
    Island

--: Mountain

Pack 2 pick 11:
    It of the Horrid Swarm
--> Borrowed Hostility
    Thraben Standard Bearer
    Chilling Grasp
    Mountain

--: Swamp

Pack 2 pick 12:
--> Waxing Moon
    It of the Horrid Swarm
    Cathar's Shield
    Swamp

--: Island

Pack 2 pick 13:
--> Springsage Ritual
    Cemetery Recruitment
    Island

--: Plains

Pack 2 pick 14:
--> It of the Horrid Swarm
    Plains

--: Mountain

Pack 2 pick 15:
--> Mountain

--: Mountain

------ SOI ------ 

Pack 3 pick 1:
    Silent Observer
    Inspiring Captain
    Catalog
    Confront the Unknown
    Throttle
    Vessel of Volatility
--> Thornhide Wolves
    Rancid Rats
    Sleep Paralysis
    Runaway Carriage
    Ghoulsteed
    Rise from the Tides
    Diregraf Colossus
    Aberrant Researcher
    Mountain

--: Swamp

--: Silverfur Partisan

Pack 3 pick 2:
    Stormrider Spirit
    Stern Constable
    Moorland Drifter
    Swamp
    Vampire Noble
    Voldaren Duelist
    Fork in the Road
    Vessel of Malignity
    Essence Flux
    Pack Guardian
    Woodland Stream
--> Silverfur Partisan
    Village Messenger
    Forest

--: Island

Pack 3 pick 3:
    Stormrider Spirit
    Pieces of the Puzzle
    Expose Evil
    Kessig Dire Swine
    Macabre Waltz
    Might Beyond Reason
    Magmatic Chasm
    Invasive Surgery
    Nahiri's Machinations
    Forsaken Sanctuary
    Corrupted Grafstone
--> Solitary Hunter
    Island

--: Plains

--: Gloomwidow

Pack 3 pick 4:
    Inquisitor's Ox
    Silent Observer
    Survive the Night
    True-Faith Censer
    Sanguinary Mage
    Stoic Builder
    Twins of Maurer Estate
    Behind the Scenes
    Gloomwidow
    Cryptolith Rite
--> Hermit of the Natterknolls
    Plains

--: Island

Pack 3 pick 5:
    Cathar's Companion
    Lamplighter of Selhoff
    Thornhide Wolves
    Ember-Eye Wolf
    Equestrian Skill
    Stromkirk Mentor
    Ethereal Guidance
    Skeleton Key
--> Inner Struggle
    Hinterland Logger
    Island

--: Plains

Pack 3 pick 6:
    Furtive Homunculus
    Devilthorn Fox
    Catalog
    Pyre Hound
    Might Beyond Reason
    Rancid Rats
--> Dual Shot
    Stallion of Ashmouth
    Highland Lake
    Plains

--: Plains

Pack 3 pick 7:
    Stern Constable
--> Reduce to Ashes
    Alms of the Vein
    Ethereal Guidance
    Hound of the Farbogs
    Olivia's Bloodsworn
    Stone Quarry
    Convicted Killer
    Plains

--: Mountain

Pack 3 pick 8:
    Silburlind Snapper
    Militant Inquisitor
    Equestrian Skill
    Macabre Waltz
--> Pyre Hound
    Might Beyond Reason
    Shard of Broken Glass
    Mountain

--: Mountain

Pack 3 pick 9:
    Silent Observer
    Catalog
    Vessel of Volatility
    Rancid Rats
--> Sleep Paralysis
    Runaway Carriage
    Mountain

--: Swamp

Pack 3 pick 10:
    Stern Constable
    Swamp
    Vampire Noble
    Vessel of Malignity
--> Village Messenger
    Forest

--: Island

Pack 3 pick 11:
    Macabre Waltz
    Invasive Surgery
--> Nahiri's Machinations
    Corrupted Grafstone
    Island

--: Plains

Pack 3 pick 12:
--> Inquisitor's Ox
    Stoic Builder
    Behind the Scenes
    Plains

--: Island

Pack 3 pick 13:
--> Equestrian Skill
    Ethereal Guidance
    Island

--: Plains

Pack 3 pick 14:
--> Might Beyond Reason
    Plains

--: Plains

Pack 3 pick 15:
--> Plains

