Event #: 9964834
Time:    8/2/2016 4:42:51 PM
Players:
    Stereojan
    HuntmasteroftheFalls
    Nikademis
    Str8C4rnage
    jessem
    YourJudge
--> OMGQueRico
    Gary_Krakower

--: Mountain

--: Thalia, Heretic Cathar

--: Thalia, Heretic Cathar

--: Thalia, Heretic Cathar

--: Thalia, Heretic Cathar

------ EMN ------ 

Pack 1 pick 1:
    Wretched Gryff
    Distemper of the Blood
    Borrowed Malevolence
    Woodcutter's Grit
    Certain Death
    Spontaneous Mutation
    Bold Impaler
    Guardian of Pilgrims
    Displace
    Incendiary Flow
    Abundant Maw
    Clear Shot
--> Thalia, Heretic Cathar
    Midnight Scavengers
    Mountain

--: Forest

--: Nebelgast Herald

--: Nebelgast Herald

Pack 1 pick 2:
    Olivia's Dragoon
    Take Inventory
    Wailing Ghoul
    Bloodbriar
    Thraben Standard Bearer
    Exultant Cultist
    Thermo-Alchemist
    Fiend Binder
--> Nebelgast Herald
    Slayer's Cleaver
    Graf Harvest
    Noosegraf Mob
    Vildin-Pack Outcast
    Forest

--: Mountain

--: Scour the Laboratory

--: Scour the Laboratory

Pack 1 pick 3:
    Take Inventory
    Ingenious Skaab
    Certain Death
    Gavony Unhallowed
    Enlightened Maniac
    Bold Impaler
    Steadfast Cathar
    Spontaneous Mutation
    Ride Down
    Insatiable Gorgers
--> Scour the Laboratory
    Graf Rats
    Mountain

--: Forest

--: Ingenious Skaab

--: Ingenious Skaab

Pack 1 pick 4:
--> Ingenious Skaab
    Springsage Ritual
    Wailing Ghoul
    Woodland Patrol
    Thermo-Alchemist
    Fiend Binder
    Turn Aside
    Mercurial Geists
    Insatiable Gorgers
    Dusk Feaster
    Lone Rider
    Forest

--: Island

--: Certain Death

--: Certain Death

Pack 1 pick 5:
    Take Inventory
--> Certain Death
    Gavony Unhallowed
    Guardian of Pilgrims
    Convolute
    Make Mischief
    Ironwright's Cleansing
    Long Road Home
    Blood Mist
    Vildin-Pack Outcast
    Island

--: Forest

--: Liliana's Elite

--: Liliana's Elite

Pack 1 pick 6:
    Olivia's Dragoon
    Desperate Sentry
    Succumb to Temptation
    Woodcutter's Grit
    Cathar's Shield
    Lunarch Mantle
    Fogwalker
    Stensia Innkeeper
--> Liliana's Elite
    Forest

--: Plains

--: Thraben Foulbloods

--: Thraben Foulbloods

Pack 1 pick 7:
    Borrowed Grace
    Waxing Moon
--> Thraben Foulbloods
    Prophetic Ravings
    Thraben Standard Bearer
    Borrowed Hostility
    Deranged Whelp
    Vildin-Pack Outcast
    Plains

--: Forest

--: Fogwalker

--: Fogwalker

Pack 1 pick 8:
    Desperate Sentry
    Succumb to Temptation
--> Fogwalker
    Ironclad Slayer
    Contingency Plan
    Vampire Cutthroat
    Coax from the Blind Eternities
    Forest

--: Mountain

--: Midnight Scavengers

Pack 1 pick 9:
    Distemper of the Blood
    Borrowed Malevolence
    Certain Death
    Bold Impaler
    Displace
--> Midnight Scavengers
    Mountain

--: Forest

--: Graf Harvest

--: Graf Harvest

Pack 1 pick 10:
    Wailing Ghoul
    Thraben Standard Bearer
    Slayer's Cleaver
--> Graf Harvest
    Vildin-Pack Outcast
    Forest

--: Mountain

--: Spontaneous Mutation

Pack 1 pick 11:
    Take Inventory
    Gavony Unhallowed
    Steadfast Cathar
--> Spontaneous Mutation
    Mountain

--: Forest

--: Wailing Ghoul

Pack 1 pick 12:
--> Wailing Ghoul
    Fiend Binder
    Turn Aside
    Forest

--: Island

--: Long Road Home

Pack 1 pick 13:
    Ironwright's Cleansing
--> Long Road Home
    Island

--: Forest

--: Lunarch Mantle

Pack 1 pick 14:
--> Lunarch Mantle
    Forest

--: Plains

--: Plains

Pack 1 pick 15:
--> Plains

--: Plains

--: Spell Queller

--: Spell Queller

------ EMN ------ 

Pack 2 pick 1:
    Tattered Haunter
    Cultist's Staff
    Dawn Gryff
    Wolfkin Bond
    Skirsdag Supplicant
    Lunarch Mantle
    Fogwalker
    Borrowed Hostility
    Cathar's Shield
    Campaign of Vengeance
    Thirsting Axe
    Blessed Alliance
--> Spell Queller
    Lone Rider
    Plains

--: Swamp

--: Ruthless Disposal

--: Ruthless Disposal

Pack 2 pick 2:
    Springsage Ritual
    Tattered Haunter
    Dawn Gryff
    Swift Spinner
    Cemetery Recruitment
    Prophetic Ravings
    Lunarch Mantle
    Exultant Cultist
    Borrowed Hostility
    Mockery of Nature
    Long Road Home
--> Ruthless Disposal
    Extricator of Sin
    Swamp

--: Mountain

--: Boon of Emrakul

--: Boon of Emrakul

Pack 2 pick 3:
    Distemper of the Blood
--> Boon of Emrakul
    Woodcutter's Grit
    Certain Death
    Alchemist's Greeting
    Field Creeper
    Spectral Reserves
    Laboratory Brute
    Blood Mist
    Rise from the Grave
    Thirsting Axe
    Soul Separator
    Mountain

--: Island

--: Terrarion

Pack 2 pick 4:
    Strange Augmentation
    Backwoods Survivalists
    Weirded Vampire
    It of the Horrid Swarm
    Steadfast Cathar
    Spontaneous Mutation
--> Terrarion
    Stensia Banquet
    Nephalia Academy
    Rise from the Grave
    Kessig Prowler
    Island

--: Island

--: Ingenious Skaab

--: Ingenious Skaab

Pack 2 pick 5:
--> Ingenious Skaab
    Springsage Ritual
    Wailing Ghoul
    Woodland Patrol
    Cathar's Shield
    Fogwalker
    Stensia Innkeeper
    Spectral Reserves
    Graf Harvest
    Ulvenwald Captive
    Island

--: Forest

--: Drag Under

--: Drag Under

Pack 2 pick 6:
--> Drag Under
    Wolfkin Bond
    Skirsdag Supplicant
    Steadfast Cathar
    Spontaneous Mutation
    Bold Impaler
    Abundant Maw
    Mercurial Geists
    Permeating Mass
    Forest

--: Mountain

--: Field Creeper

--: Field Creeper

Pack 2 pick 7:
    Swift Spinner
    Cemetery Recruitment
--> Field Creeper
    Spectral Reserves
    Laboratory Brute
    Laboratory Brute
    Courageous Outrider
    Stitcher's Graft
    Mountain

--: Island

--: Gavony Unhallowed

--: Gavony Unhallowed

Pack 2 pick 8:
--> Gavony Unhallowed
    Succumb to Temptation
    Field Creeper
    Steadfast Cathar
    Slayer's Cleaver
    Graf Harvest
    Peace of Mind
    Island

--: Plains

--: Fogwalker

--: Fogwalker

Pack 2 pick 9:
    Cultist's Staff
    Lunarch Mantle
--> Fogwalker
    Cathar's Shield
    Thirsting Axe
    Lone Rider
    Plains

--: Swamp

--: Swift Spinner

Pack 2 pick 10:
    Springsage Ritual
--> Swift Spinner
    Prophetic Ravings
    Lunarch Mantle
    Borrowed Hostility
    Swamp

--: Mountain

--: Laboratory Brute

--: Laboratory Brute

Pack 2 pick 11:
    Distemper of the Blood
--> Laboratory Brute
    Thirsting Axe
    Soul Separator
    Mountain

--: Island

--: Spontaneous Mutation

Pack 2 pick 12:
    Strange Augmentation
--> Spontaneous Mutation
    Stensia Banquet
    Island

--: Island

--: Wailing Ghoul

Pack 2 pick 13:
--> Wailing Ghoul
    Graf Harvest
    Island

--: Forest

--: Wolfkin Bond

Pack 2 pick 14:
--> Wolfkin Bond
    Forest

--: Mountain

--: Mountain

Pack 2 pick 15:
--> Mountain

--: Plains

--: Stallion of Ashmouth

--: Stallion of Ashmouth

--: Stallion of Ashmouth

------ SOI ------ 

Pack 3 pick 1:
    Inspiring Captain
    Deny Existence
    Stormrider Spirit
    Apothecary Geist
    Wicker Witch
--> Stallion of Ashmouth
    Voldaren Duelist
    Fork in the Road
    Vessel of Malignity
    Trail of Evidence
    Reaper of Flight Moonsilver
    Foul Orchard
    Burn from Within
    Breakneck Rider
    Plains

--: Island

--: Thraben Gargoyle

--: Thraben Gargoyle

Pack 3 pick 2:
    Chaplain's Blessing
    Jace's Scrutiny
    Dauntless Cathar
    Gone Missing
    Moldgraf Scavenger
    Byway Courier
    Vessel of Nascency
    Vessel of Malignity
    Uncaged Fury
    Nahiri's Machinations
    Epitaph Golem
    Indulgent Aristocrat
--> Thraben Gargoyle
    Island

--: Swamp

--: Declaration in Stone

Pack 3 pick 3:
    Unruly Mob
    Pieces of the Puzzle
    Thraben Inspector
    Seagraf Skaab
    True-Faith Censer
    Shamble Back
    Howlpack Wolf
    Vessel of Nascency
    Briarbridge Patrol
    Invasive Surgery
    Murderer's Axe
--> Declaration in Stone
    Swamp

--: Swamp

--: Crow of Dark Tidings

--: Morkrut Necropod

--: Morkrut Necropod

Pack 3 pick 4:
    Chaplain's Blessing
    Dauntless Cathar
    Gone Missing
    Ethereal Guidance
    Moldgraf Scavenger
    Structural Distortion
    Aim High
    Crow of Dark Tidings
    Nahiri's Machinations
--> Morkrut Necropod
    Harness the Storm
    Swamp

--: Plains

--: Lamplighter of Selhoff

--: Lamplighter of Selhoff

Pack 3 pick 5:
    Cathar's Companion
--> Lamplighter of Selhoff
    Emissary of the Sleepless
    Equestrian Skill
    Stromkirk Mentor
    Root Out
    Intrepid Provisioner
    Stensia Masquerade
    Gryff's Boon
    Convicted Killer
    Plains

--: Island

--: Tooth Collector

--: Tooth Collector

Pack 3 pick 6:
    Survive the Night
    Murderer's Axe
    Emissary of the Sleepless
    Ethereal Guidance
    Moldgraf Scavenger
    Insolent Neonate
    Vessel of Malignity
--> Tooth Collector
    Stensia Masquerade
    Island

--: Plains

--: Nagging Thoughts

Pack 3 pick 7:
--> Nagging Thoughts
    Vessel of Ephemera
    Lamplighter of Selhoff
    Chaplain's Blessing
    Stromkirk Mentor
    Clip Wings
    Humble the Brute
    Brain in a Jar
    Plains

--: Forest

--: Vampire Noble

Pack 3 pick 8:
    Vessel of Ephemera
    Vessel of Paramnesia
    Seagraf Skaab
--> Vampire Noble
    Howlpack Wolf
    Stoic Builder
    Essence Flux
    Forest

--: Plains

--: Wicker Witch

Pack 3 pick 9:
    Inspiring Captain
    Deny Existence
    Apothecary Geist
--> Wicker Witch
    Vessel of Malignity
    Trail of Evidence
    Plains

--: Island

--: Gone Missing

Pack 3 pick 10:
    Chaplain's Blessing
--> Gone Missing
    Vessel of Malignity
    Nahiri's Machinations
    Indulgent Aristocrat
    Island

--: Swamp

--: Shamble Back

Pack 3 pick 11:
    Pieces of the Puzzle
    Seagraf Skaab
--> Shamble Back
    Invasive Surgery
    Swamp

--: Swamp

--: Harness the Storm

Pack 3 pick 12:
    Chaplain's Blessing
    Ethereal Guidance
--> Harness the Storm
    Swamp

--: Plains

--: Stensia Masquerade

Pack 3 pick 13:
    Stromkirk Mentor
--> Stensia Masquerade
    Plains

--: Island

--: Vessel of Malignity

Pack 3 pick 14:
--> Vessel of Malignity
    Island

--: Plains

--: Plains

Pack 3 pick 15:
--> Plains

