Event #: 9968421
Time:    8/3/2016 6:00:57 PM
Players:
    kid_sickarus
    cchapin
    blackmagix
    allxboom
--> Kroot
    Adam_Lutz
    tron27
    DJUKIC1

--: Forest

--: Sanctifier of Souls

--: Incendiary Flow

------ EMN ------ 

Pack 1 pick 1:
    Dawn Gryff
    Prey Upon
    Cultist's Staff
    Woodcutter's Grit
    Wailing Ghoul
    Thraben Standard Bearer
    Contingency Plan
    Thermo-Alchemist
    Fiend Binder
    Advanced Stitchwing
    Gnarlwood Dryad
--> Incendiary Flow
    Sanctifier of Souls
    Vildin-Pack Outcast
    Forest

--: Forest

--: Brazen Wolves

--: Shrill Howler

--: Brazen Wolves

--: Shrill Howler

--: Brazen Wolves

Pack 1 pick 2:
    Otherworldly Outburst
--> Brazen Wolves
    Prey Upon
    Wolfkin Bond
    Succumb to Temptation
    Laboratory Brute
    Prophetic Ravings
    Lunarch Mantle
    Fogwalker
    Abandon Reason
    Lunar Force
    Mockery of Nature
    Shrill Howler
    Forest

--: Plains

--: Deranged Whelp

--: Ulvenwald Captive

--: Ingenious Skaab

--: Ulvenwald Captive

--: Ingenious Skaab

--: Ulvenwald Captive

--: Ingenious Skaab

Pack 1 pick 3:
    Backwoods Survivalists
    Take Inventory
--> Ingenious Skaab
    Gavony Unhallowed
    Bloodbriar
    Thermo-Alchemist
    Fiend Binder
    Contingency Plan
    Stensia Innkeeper
    Chilling Grasp
    Deranged Whelp
    Ulvenwald Captive
    Plains

--: Swamp

--: Grizzled Angler

--: Alchemist's Greeting

Pack 1 pick 4:
    Take Inventory
    Borrowed Malevolence
    Wolfkin Bond
    Turn Aside
--> Alchemist's Greeting
    Ironclad Slayer
    Laboratory Brute
    Hamlet Captain
    Liliana's Elite
    Deploy the Gatewatch
    Grizzled Angler
    Swamp

--: Forest

--: Midnight Scavengers

Pack 1 pick 5:
    Tattered Haunter
    Cultist's Staff
    Skirsdag Supplicant
    Grapple with the Past
    Convolute
    Make Mischief
    Terrarion
    Displace
    Give No Ground
--> Midnight Scavengers
    Forest

--: Swamp

--: Graf Rats

--: Furyblade Vampire

--: Furyblade Vampire

Pack 1 pick 6:
    Dawn Gryff
    Thraben Foulbloods
    Cemetery Recruitment
    Field Creeper
    Spontaneous Mutation
    Bold Impaler
--> Furyblade Vampire
    Whispers of Emrakul
    Graf Rats
    Swamp

--: Swamp

--: Certain Death

Pack 1 pick 7:
    Strange Augmentation
--> Certain Death
    Swift Spinner
    Thraben Standard Bearer
    Cathar's Shield
    Exultant Cultist
    Stensia Innkeeper
    Long Road Home
    Swamp

--: Island

--: Rise from the Grave

--: Otherworldly Outburst

--: Rise from the Grave

--: Otherworldly Outburst

Pack 1 pick 8:
    Otherworldly Outburst
    Cathar's Shield
    Lunarch Mantle
    Fogwalker
    Nephalia Academy
--> Rise from the Grave
    Long Road Home
    Island

--: Forest

--: Wailing Ghoul

Pack 1 pick 9:
    Dawn Gryff
    Cultist's Staff
    Woodcutter's Grit
--> Wailing Ghoul
    Thraben Standard Bearer
    Contingency Plan
    Forest

--: Forest

--: Succumb to Temptation

Pack 1 pick 10:
--> Otherworldly Outburst
    Succumb to Temptation
    Laboratory Brute
    Prophetic Ravings
    Lunar Force
    Forest

--: Plains

--: Deranged Whelp

Pack 1 pick 11:
    Take Inventory
    Gavony Unhallowed
    Contingency Plan
--> Deranged Whelp
    Plains

--: Swamp

Pack 1 pick 12:
    Turn Aside
--> Laboratory Brute
    Deploy the Gatewatch
    Swamp

--: Forest

--: Give No Ground

--: Displace

Pack 1 pick 13:
--> Displace
    Give No Ground
    Forest

--: Swamp

Pack 1 pick 14:
--> Whispers of Emrakul
    Swamp

--: Swamp

Pack 1 pick 15:
--> Swamp

--: Plains

--: Smoldering Werewolf

--: Stromkirk Occultist

--: Vampire Cutthroat

--: Weirded Vampire

--: Distemper of the Blood

--: Bold Impaler

------ EMN ------ 

Pack 2 pick 1:
    Desperate Sentry
    Distemper of the Blood
    Wretched Gryff
    Grapple with the Past
    Weirded Vampire
    Ironwright's Cleansing
    Displace
    Terrarion
    Bold Impaler
    Crop Sigil
    Drownyard Behemoth
    Vampire Cutthroat
--> Stromkirk Occultist
    Smoldering Werewolf
    Plains

--: Island

--: Collective Brutality

--: Markov Crusader

--: Brazen Wolves

--: Succumb to Temptation

--: Markov Crusader

--: Brazen Wolves

--: Vildin-Pack Outcast

--: Succumb to Temptation

--: Markov Crusader

--: Brazen Wolves

--: Vildin-Pack Outcast

--: Succumb to Temptation

--: Markov Crusader

--: Collective Brutality

Pack 2 pick 2:
    Brazen Wolves
    Drag Under
    Otherworldly Outburst
    Woodland Patrol
    Succumb to Temptation
    Laboratory Brute
    Prophetic Ravings
    Lunarch Mantle
    Fogwalker
    Geist of the Archives
    Markov Crusader
--> Collective Brutality
    Vildin-Pack Outcast
    Island

--: Plains

--: Impetuous Devils

Pack 2 pick 3:
    Strange Augmentation
    Backwoods Survivalists
    Certain Death
    Swift Spinner
    Contingency Plan
    Stensia Innkeeper
    Ironclad Slayer
    Turn Aside
    Deranged Whelp
    Mournwillow
--> Impetuous Devils
    Graf Rats
    Plains

--: Forest

--: Furyblade Vampire

Pack 2 pick 4:
    Springsage Ritual
    Cemetery Recruitment
    Grizzled Angler
    Enlightened Maniac
    Bold Impaler
    Steadfast Cathar
    Spontaneous Mutation
    Whispers of Emrakul
--> Furyblade Vampire
    Nebelgast Herald
    Lone Rider
    Forest

--: Forest

Pack 2 pick 5:
    Waxing Moon
--> Thraben Foulbloods
    Cemetery Recruitment
    Falkenrath Reaver
    Ironwright's Cleansing
    Spontaneous Mutation
    Stensia Banquet
    Liliana's Elite
    Lashweed Lurker
    Coax from the Blind Eternities
    Forest

--: Mountain

Pack 2 pick 6:
    Desperate Sentry
    Distemper of the Blood
    Grapple with the Past
--> Weirded Vampire
    Falkenrath Reaver
    Steadfast Cathar
    Convolute
    Make Mischief
    Abundant Maw
    Mountain

--: Island

Pack 2 pick 7:
    Borrowed Grace
    Waxing Moon
    Crossroads Consecrator
    Make Mischief
    Island
--> Stensia Banquet
    Graf Harvest
    Curious Homunculus
    Island

--: Forest

Pack 2 pick 8:
    Hanweir Battlements
    Otherworldly Outburst
    Succumb to Temptation
    Prophetic Ravings
    Exultant Cultist
    Borrowed Hostility
--> Insatiable Gorgers
    Forest

--: Plains

Pack 2 pick 9:
    Distemper of the Blood
    Weirded Vampire
    Displace
    Bold Impaler
    Crop Sigil
--> Vampire Cutthroat
    Plains

--: Island

Pack 2 pick 10:
    Otherworldly Outburst
--> Succumb to Temptation
    Prophetic Ravings
    Lunarch Mantle
    Fogwalker
    Island

--: Plains

Pack 2 pick 11:
    Strange Augmentation
    Contingency Plan
--> Stensia Innkeeper
    Turn Aside
    Plains

--: Forest

--: Bold Impaler

--: Cemetery Recruitment

--: Bold Impaler

Pack 2 pick 12:
    Cemetery Recruitment
--> Enlightened Maniac
    Bold Impaler
    Forest

--: Forest

Pack 2 pick 13:
--> Cemetery Recruitment
    Coax from the Blind Eternities
    Forest

--: Mountain

Pack 2 pick 14:
--> Distemper of the Blood
    Mountain

--: Island

Pack 2 pick 15:
--> Island

--: Plains

------ SOI ------ 

Pack 3 pick 1:
    Furtive Homunculus
    Angelic Purge
    Vessel of Paramnesia
    Thornhide Wolves
    Rancid Rats
--> Fiery Temper
    Clip Wings
    Farbog Revenant
    Ghoulcaller's Accomplice
    Geistblast
    Fleeting Memories
    Mad Prophet
    Confirm Suspicions
    Aberrant Researcher
    Plains

--: Island

--: Tormenting Voice

Pack 3 pick 2:
    Jace's Scrutiny
    Dauntless Cathar
    Vessel of Malignity
--> Tormenting Voice
    Root Out
    Rottenheart Ghoul
    Reduce to Ashes
    Rabid Bite
    Moldgraf Scavenger
    Haunted Cloak
    Woodland Stream
    Murderer's Axe
    Convicted Killer
    Island

--: Island

--: Fiery Temper

Pack 3 pick 3:
    Catalog
    Survive the Night
    Stitched Mangler
    Throttle
    Vessel of Volatility
    Thornhide Wolves
    Rancid Rats
--> Fiery Temper
    Ghoulcaller's Accomplice
    Behind the Scenes
    Gibbering Fiend
    Autumnal Gloom
    Island

--: Forest

Pack 3 pick 4:
    Sleep Paralysis
    Inquisitor's Ox
    Silent Observer
    Tormenting Voice
    Clip Wings
    Rottenheart Ghoul
--> Murderous Compulsion
    Hound of the Farbogs
    Paranoid Parish-Blade
    Ulvenwald Mysteries
    Game Trail
    Forest

--: Island

Pack 3 pick 5:
    Chaplain's Blessing
    Unruly Mob
--> Rush of Adrenaline
    Merciless Resolve
    Hulking Devil
    Seagraf Skaab
    Liliana's Indignation
    Gloomwidow
    Humble the Brute
    Solitary Hunter
    Island

--: Plains

Pack 3 pick 6:
    Survive the Night
    Root Out
    Farbog Revenant
    Rush of Adrenaline
    Senseless Rage
    Groundskeeper
    Reaper of Flight Moonsilver
    Biting Rain
--> Falkenrath Gorger
    Plains

--: Forest

Pack 3 pick 7:
    Deny Existence
    Devilthorn Fox
    Loam Dryad
    Strength of Arms
    Magmatic Chasm
    Grotesque Mutation
--> Vampire Noble
    Not Forgotten
    Forest

--: Mountain

Pack 3 pick 8:
    Catalog
    Alms of the Vein
    Dual Shot
    Vessel of Volatility
    Senseless Rage
    Howlpack Resurgence
--> Foreboding Ruins
    Mountain

--: Plains

--: Mad Prophet

Pack 3 pick 9:
    Vessel of Paramnesia
    Clip Wings
    Farbog Revenant
    Ghoulcaller's Accomplice
    Fleeting Memories
--> Mad Prophet
    Plains

--: Island

Pack 3 pick 10:
    Root Out
    Rottenheart Ghoul
    Haunted Cloak
--> Murderer's Axe
    Convicted Killer
    Island

--: Island

--: Rancid Rats

--: Ghoulcaller's Accomplice

--: Rancid Rats

--: Ghoulcaller's Accomplice

--: Rancid Rats

Pack 3 pick 11:
    Vessel of Volatility
    Rancid Rats
--> Ghoulcaller's Accomplice
    Behind the Scenes
    Island

--: Forest

Pack 3 pick 12:
    Inquisitor's Ox
    Rottenheart Ghoul
--> Hound of the Farbogs
    Forest

--: Island

Pack 3 pick 13:
    Chaplain's Blessing
--> Merciless Resolve
    Island

--: Plains

Pack 3 pick 14:
--> Groundskeeper
    Plains

--: Forest

Pack 3 pick 15:
--> Forest

