Event #: 9975936
Time:    2016/8/6 21:55:09
Players:
    shion_pr18
    darkduskdive
    Nonmarker
    liquidu
--> WIL200X
    TheDestro
    Sixes
    bluemage88

--: Forest

--: Imprisoned in the Moon

--: Imprisoned in the Moon

------ EMN ------ 

Pack 1 pick 1:
    Desperate Sentry
    Ingenious Skaab
    Springsage Ritual
    Woodland Patrol
    Succumb to Temptation
    Turn Aside
    Alchemist's Greeting
    Ironclad Slayer
    Laboratory Brute
    Spreading Flames
    Advanced Stitchwing
    Give No Ground
--> Imprisoned in the Moon
    Tangleclaw Werewolf
    Forest

--: Island

--: Hanweir Garrison

--: Hanweir Garrison

Pack 1 pick 2:
--> Hanweir Garrison
    Springsage Ritual
    Tattered Haunter
    Certain Death
    Swift Spinner
    Thraben Standard Bearer
    Contingency Plan
    Thermo-Alchemist
    Fiend Binder
    Subjugator Angel
    Crop Sigil
    Drownyard Behemoth
    Ulvenwald Captive
    Island

--: Swamp

--: Blessed Alliance

--: Blessed Alliance

--: Blessed Alliance

Pack 1 pick 3:
    Waxing Moon
    Borrowed Grace
    Thraben Foulbloods
    Wolfkin Bond
    Distemper of the Blood
    Guardian of Pilgrims
    Convolute
    Make Mischief
    Ironwright's Cleansing
    Campaign of Vengeance
    Thirsting Axe
--> Blessed Alliance
    Swamp

--: Island

--: Collective Effort

--: Collective Effort

--: Collective Effort

--: Collective Effort

Pack 1 pick 4:
    Ingenious Skaab
    Woodland Patrol
    Weirded Vampire
    Primal Druid
    Falkenrath Reaver
    Ironwright's Cleansing
    Spontaneous Mutation
    Stensia Banquet
    Mercurial Geists
    Insatiable Gorgers
--> Collective Effort
    Island

--: Forest

--: Sigardian Priest

--: Sigardian Priest

--: Sigardian Priest

--: Sigardian Priest

Pack 1 pick 5:
    Backwoods Survivalists
--> Sigardian Priest
    Cultist's Staff
    Wailing Ghoul
    Terrarion
    Make Mischief
    Faithbearer Paladin
    Convolute
    Slayer's Cleaver
    Furyblade Vampire
    Forest

--: Swamp

--: Fiend Binder

--: Fiend Binder

--: Fiend Binder

Pack 1 pick 6:
    Cultist's Staff
    Desperate Sentry
    Primal Druid
    Cemetery Recruitment
    Ironclad Slayer
    Contingency Plan
    Thermo-Alchemist
--> Fiend Binder
    Mournwillow
    Swamp

--: Swamp

--: Geist-Fueled Scarecrow

--: Geist-Fueled Scarecrow

--: Geist-Fueled Scarecrow

Pack 1 pick 7:
    Otherworldly Outburst
    Cemetery Recruitment
    Primal Druid
    Steadfast Cathar
    Terrarion
    Swamp
--> Geist-Fueled Scarecrow
    Prying Questions
    Swamp

--: Plains

--: Borrowed Grace

--: Borrowed Grace

--: Borrowed Grace

Pack 1 pick 8:
--> Borrowed Grace
    Olivia's Dragoon
    Crossroads Consecrator
    Cathar's Shield
    Stensia Innkeeper
    Spectral Reserves
    Permeating Mass
    Plains

--: Forest

--: Ironclad Slayer

--: Ironclad Slayer

Pack 1 pick 9:
    Desperate Sentry
    Springsage Ritual
    Turn Aside
--> Ironclad Slayer
    Laboratory Brute
    Give No Ground
    Forest

--: Island

--: Fiend Binder

Pack 1 pick 10:
    Springsage Ritual
    Thraben Standard Bearer
    Contingency Plan
--> Fiend Binder
    Crop Sigil
    Island

--: Swamp

--: Campaign of Vengeance

--: Ironwright's Cleansing

--: Ironwright's Cleansing

--: Thirsting Axe

Pack 1 pick 11:
    Waxing Moon
    Ironwright's Cleansing
    Campaign of Vengeance
--> Thirsting Axe
    Swamp

--: Island

--: Woodland Patrol

Pack 1 pick 12:
--> Woodland Patrol
    Ironwright's Cleansing
    Stensia Banquet
    Island

--: Forest

--: Cultist's Staff

Pack 1 pick 13:
--> Cultist's Staff
    Slayer's Cleaver
    Forest

--: Ironclad Slayer

--: Ironclad Slayer

Pack 1 pick 14:
--> Ironclad Slayer
    Contingency Plan

--: Swamp

--: Swamp

Pack 1 pick 15:
--> Swamp

--: Island

--: Sanctifier of Souls

--: Sanctifier of Souls

--: Sanctifier of Souls

--: Conduit of Storms

--: Conduit of Storms

--: Sanctifier of Souls

------ EMN ------ 

Pack 2 pick 1:
    Strange Augmentation
    Sigardian Priest
    Backwoods Survivalists
    Bloodbriar
    Borrowed Malevolence
    Convolute
    Make Mischief
    Terrarion
    Displace
    Somberwald Stag
    Vampire Cutthroat
    Drogskol Shieldmate
--> Sanctifier of Souls
    Conduit of Storms
    Island

--: Plains

--: Murder

Pack 2 pick 2:
    Brazen Wolves
    Waxing Moon
    Drag Under
    Certain Death
    Swift Spinner
    Faithbearer Paladin
    Enlightened Maniac
    Field Creeper
    Steadfast Cathar
    Courageous Outrider
--> Murder
    Stromkirk Occultist
    Curious Homunculus
    Plains

--: Swamp

--: Haunted Dead

--: Haunted Dead

--: Haunted Dead

Pack 2 pick 3:
    Take Inventory
    Desperate Sentry
    Wolfkin Bond
    Succumb to Temptation
    Ironwright's Cleansing
    Field Creeper
    Spectral Reserves
    Laboratory Brute
--> Haunted Dead
    Campaign of Vengeance
    Repel the Abominable
    Vildin-Pack Outcast
    Swamp

--: Island

--: Alchemist's Greeting

Pack 2 pick 4:
    Springsage Ritual
    Galvanic Bombardment
    Woodland Patrol
    Succumb to Temptation
    Ironclad Slayer
    Turn Aside
--> Alchemist's Greeting
    Field Creeper
    Repel the Abominable
    Whispers of Emrakul
    Cryptolith Fragment
    Island

--: Mountain

--: Emrakul's Evangel

--: Emrakul's Evangel

Pack 2 pick 5:
    Waxing Moon
    Borrowed Malevolence
    Wolfkin Bond
    Ironwright's Cleansing
    Displace
    Terrarion
    Bold Impaler
    Geist of the Archives
    Noose Constrictor
--> Emrakul's Evangel
    Mountain

--: Forest

--: Vildin-Pack Outcast

Pack 2 pick 6:
    Waxing Moon
    Swift Spinner
    Cemetery Recruitment
    Guardian of Pilgrims
    Falkenrath Reaver
    Steadfast Cathar
    Geist-Fueled Scarecrow
    Prying Questions
--> Vildin-Pack Outcast
    Forest

--: Swamp

--: Fiend Binder

--: Fiend Binder

Pack 2 pick 7:
    Desperate Sentry
    Crossroads Consecrator
    Gavony Unhallowed
--> Fiend Binder
    Contingency Plan
    Stensia Innkeeper
    Shreds of Sanity
    Emrakul's Influence
    Swamp

--: Island

--: Guardian of Pilgrims

Pack 2 pick 8:
    Cultist's Staff
    Woodland Patrol
    Weirded Vampire
    Stensia Banquet
--> Guardian of Pilgrims
    Splendid Reclamation
    Midnight Scavengers
    Island

--: Island

--: Sigardian Priest

Pack 2 pick 9:
    Strange Augmentation
--> Sigardian Priest
    Backwoods Survivalists
    Borrowed Malevolence
    Convolute
    Make Mischief
    Island

--: Plains

--: Steadfast Cathar

--: Steadfast Cathar

Pack 2 pick 10:
    Waxing Moon
    Drag Under
    Faithbearer Paladin
    Field Creeper
--> Steadfast Cathar
    Plains

--: Swamp

--: Repel the Abominable

Pack 2 pick 11:
    Ironwright's Cleansing
    Spectral Reserves
    Laboratory Brute
--> Repel the Abominable
    Swamp

--: Island

--: Ironclad Slayer

Pack 2 pick 12:
--> Ironclad Slayer
    Field Creeper
    Repel the Abominable
    Island

--: Mountain

--: Wolfkin Bond

Pack 2 pick 13:
    Waxing Moon
--> Wolfkin Bond
    Mountain

--: Waxing Moon

--: Waxing Moon

Pack 2 pick 14:
--> Waxing Moon
    Prying Questions

--: Swamp

--: Swamp

Pack 2 pick 15:
--> Swamp

--: Plains

--: Declaration in Stone

------ SOI ------ 

Pack 3 pick 1:
    Angelic Purge
    Press for Answers
    Inquisitor's Ox
    Hound of the Farbogs
    Shard of Broken Glass
    Gone Missing
    Aim High
    Crow of Dark Tidings
    Insolent Neonate
    Essence Flux
    Topplegeist
    Ghoulsteed
--> Declaration in Stone
    Solitary Hunter
    Plains

--: Island

--: Pack Guardian

Pack 3 pick 2:
    Militant Inquisitor
    Stormrider Spirit
    Stern Constable
    Hound of the Farbogs
    Shard of Broken Glass
    Gone Missing
    Grotesque Mutation
    Structural Distortion
    Aim High
    Cult of the Waxing Moon
    Essence Flux
--> Pack Guardian
    Ever After
    Island

--: Plains

--: Fiery Temper

Pack 3 pick 3:
    Silent Observer
    Inspiring Captain
    Catalog
    Tormenting Voice
    Clip Wings
    Rottenheart Ghoul
--> Fiery Temper
    Ghoulcaller's Accomplice
    Dissension in the Ranks
    Rise from the Tides
    Woodland Stream
    Forgotten Creation
    Plains

--: Forest

--: Veteran Cathar

Pack 3 pick 4:
    Thraben Inspector
    Silburlind Snapper
    Militant Inquisitor
    Macabre Waltz
    Pyre Hound
    Might Beyond Reason
    Rancid Rats
    Moorland Drifter
--> Veteran Cathar
    Drunau Corpse Trawler
    Murderer's Axe
    Forest

--: Forest

--: True-Faith Censer

Pack 3 pick 5:
    Inquisitor's Ox
    Silent Observer
    Sanitarium Skeleton
--> True-Faith Censer
    Insolent Neonate
    Vessel of Nascency
    Vessel of Malignity
    Voldaren Duelist
    Veteran Cathar
    Howlpack Resurgence
    Forest

--: Island

--: Spiteful Motives

Pack 3 pick 6:
    Silent Observer
    Inspiring Captain
    Catalog
    Senseless Rage
    Fork in the Road
    Vessel of Malignity
    Dissension in the Ranks
    Rise from the Tides
--> Spiteful Motives
    Island

--: Forest

--: Uncaged Fury

Pack 3 pick 7:
    Unruly Mob
    Stallion of Ashmouth
    Intrepid Provisioner
    Shard of Broken Glass
    Stoic Builder
    Crow of Dark Tidings
--> Uncaged Fury
    Village Messenger
    Forest

--: Plains

--: Vessel of Ephemera

Pack 3 pick 8:
    Silburlind Snapper
--> Vessel of Ephemera
    Vessel of Paramnesia
    Thornhide Wolves
    Clip Wings
    Farbog Revenant
    Brain in a Jar
    Plains

--: Plains

--: Inquisitor's Ox

Pack 3 pick 9:
--> Inquisitor's Ox
    Hound of the Farbogs
    Shard of Broken Glass
    Gone Missing
    Crow of Dark Tidings
    Ghoulsteed
    Plains

--: Island

--: Stern Constable

Pack 3 pick 10:
--> Stern Constable
    Hound of the Farbogs
    Shard of Broken Glass
    Structural Distortion
    Aim High
    Island

--: Plains

--: Silent Observer

Pack 3 pick 11:
--> Silent Observer
    Catalog
    Ghoulcaller's Accomplice
    Dissension in the Ranks
    Plains

--: Forest

--: Militant Inquisitor

Pack 3 pick 12:
    Silburlind Snapper
--> Militant Inquisitor
    Murderer's Axe
    Forest

--: Forest

--: Insolent Neonate

Pack 3 pick 13:
--> Insolent Neonate
    Vessel of Malignity
    Forest

--: Island

--: Dissension in the Ranks

Pack 3 pick 14:
--> Dissension in the Ranks
    Island

--: Forest

--: Forest

Pack 3 pick 15:
--> Forest

