Event #: 9992027
Time:    8/11/2016 7:25:35 AM
Players:
    Irenicus_Mfs
--> Dorvan
    Talimdor
    JasonChen7198
    DiviTon
    Davidakajc
    MindsculptorM
    MizeU2times

--: Swamp

--: Distended Mindbender

--: Distended Mindbender

------ EMN ------ 

Pack 1 pick 1:
    Sigardian Priest
    Boon of Emrakul
    Take Inventory
    Woodland Patrol
    Weirded Vampire
    Ironclad Slayer
    Turn Aside
    Alchemist's Greeting
    Spectral Reserves
    Mockery of Nature
    Long Road Home
    Ruthless Disposal
--> Distended Mindbender
    Conduit of Storms
    Swamp

--: Island

--: Thalia's Lancers

--: Thalia's Lancers

Pack 1 pick 2:
    Tattered Haunter
    Cultist's Staff
    Dawn Gryff
    Borrowed Malevolence
    Woodcutter's Grit
    Faithbearer Paladin
    Spontaneous Mutation
    Stensia Banquet
    Ironwright's Cleansing
    Shreds of Sanity
    Emrakul's Influence
--> Thalia's Lancers
    Shrill Howler
    Island

--: Island

--: Somberwald Stag

--: Somberwald Stag

Pack 1 pick 3:
    Prey Upon
    Waxing Moon
    Borrowed Grace
    Borrowed Malevolence
    Wolfkin Bond
    Ironclad Slayer
    Laboratory Brute
    Prophetic Ravings
--> Somberwald Stag
    Vampire Cutthroat
    Drogskol Shieldmate
    Lupine Prototype
    Island

--: Swamp

--: Geist-Fueled Scarecrow

--: Geist-Fueled Scarecrow

Pack 1 pick 4:
    Backwoods Survivalists
    Take Inventory
    Ingenious Skaab
    Bloodbriar
    Wailing Ghoul
    Contingency Plan
    Borrowed Hostility
    Cathar's Shield
--> Geist-Fueled Scarecrow
    Fortune's Favor
    Prying Questions
    Swamp

--: Mountain

--: Bloodbriar

--: Gavony Unhallowed

--: Enlightened Maniac

--: Gavony Unhallowed

--: Gavony Unhallowed

Pack 1 pick 5:
    Springsage Ritual
    Tattered Haunter
--> Gavony Unhallowed
    Bloodbriar
    Spontaneous Mutation
    Stensia Banquet
    Faithbearer Paladin
    Enlightened Maniac
    Emrakul's Influence
    Geier Reach Sanitarium
    Mountain

--: Mountain

--: Drownyard Behemoth

--: Drownyard Behemoth

Pack 1 pick 6:
    Tattered Haunter
    Cultist's Staff
    Swift Spinner
    Stensia Banquet
    Convolute
    Mournwillow
    Markov Crusader
--> Drownyard Behemoth
    Shrill Howler
    Mountain

--: Island

--: Foul Emissary

--: Lashweed Lurker

--: Foul Emissary

--: Foul Emissary

Pack 1 pick 7:
    Swift Spinner
    Cathar's Shield
    Exultant Cultist
    Stensia Innkeeper
--> Foul Emissary
    Lashweed Lurker
    Harmless Offering
    Vildin-Pack Outcast
    Island

--: Forest

--: Kessig Prowler

--: Kessig Prowler

Pack 1 pick 8:
    Springsage Ritual
    Woodland Patrol
    Weirded Vampire
    Field Creeper
    Dusk Feaster
    Chilling Grasp
--> Kessig Prowler
    Forest

--: Swamp

--: Mockery of Nature

--: Mockery of Nature

Pack 1 pick 9:
    Take Inventory
    Woodland Patrol
    Weirded Vampire
    Ironclad Slayer
    Turn Aside
--> Mockery of Nature
    Swamp

--: Island

--: Spontaneous Mutation

--: Emrakul's Influence

--: Spontaneous Mutation

--: Spontaneous Mutation

--: Spontaneous Mutation

Pack 1 pick 10:
    Woodcutter's Grit
--> Spontaneous Mutation
    Stensia Banquet
    Shreds of Sanity
    Emrakul's Influence
    Island

--: Island

--: Laboratory Brute

--: Laboratory Brute

Pack 1 pick 11:
    Waxing Moon
    Wolfkin Bond
--> Laboratory Brute
    Prophetic Ravings
    Island

--: Swamp

--: Take Inventory

Pack 1 pick 12:
--> Take Inventory
    Wailing Ghoul
    Contingency Plan
    Swamp

--: Mountain

--: Emrakul's Influence

--: Emrakul's Influence

--: Springsage Ritual

--: Springsage Ritual

Pack 1 pick 13:
--> Springsage Ritual
    Emrakul's Influence
    Mountain

--: Mountain

--: Stensia Banquet

Pack 1 pick 14:
--> Stensia Banquet
    Mountain

--: Island

--: Island

Pack 1 pick 15:
--> Island

--: Island

--: Wretched Gryff

--: Wretched Gryff

------ EMN ------ 

Pack 2 pick 1:
    Backwoods Survivalists
--> Wretched Gryff
    Distemper of the Blood
    Weirded Vampire
    Primal Druid
    Thraben Standard Bearer
    Contingency Plan
    Thermo-Alchemist
    Fiend Binder
    Vampire Cutthroat
    Ride Down
    Drogskol Shieldmate
    Summary Dismissal
    Vildin-Pack Outcast
    Island

--: Forest

--: Foul Emissary

--: Foul Emissary

Pack 2 pick 2:
    Backwoods Survivalists
    Take Inventory
    Ingenious Skaab
    Weirded Vampire
    It of the Horrid Swarm
    Cathar's Shield
    Lunarch Mantle
    Fogwalker
    Stensia Innkeeper
--> Foul Emissary
    Geist of the Archives
    Dark Salvation
    Lone Rider
    Forest

--: Forest

--: Swift Spinner

--: Mockery of Nature

--: Mockery of Nature

Pack 2 pick 3:
    Distemper of the Blood
    Boon of Emrakul
    Certain Death
    Swift Spinner
    Contingency Plan
    Stensia Innkeeper
    Ironclad Slayer
    Turn Aside
--> Mockery of Nature
    Long Road Home
    Ruthless Disposal
    Permeating Mass
    Forest

--: Forest

--: Bloodbriar

--: Bloodbriar

Pack 2 pick 4:
    Voldaren Pariah
--> Bloodbriar
    Wailing Ghoul
    Woodland Patrol
    Faithbearer Paladin
    Field Creeper
    Bold Impaler
    Ride Down
    Insatiable Gorgers
    Scour the Laboratory
    Midnight Scavengers
    Forest

--: Plains

--: Wharf Infiltrator

--: Wharf Infiltrator

Pack 2 pick 5:
    Waxing Moon
    Borrowed Grace
    Grapple with the Past
    Thraben Foulbloods
    Turn Aside
    Alchemist's Greeting
    Spectral Reserves
    Slayer's Cleaver
    Unsubstantiate
--> Wharf Infiltrator
    Plains

--: Forest

--: Wretched Gryff

--: Wretched Gryff

Pack 2 pick 6:
--> Wretched Gryff
    Weirded Vampire
    It of the Horrid Swarm
    Exultant Cultist
    Thermo-Alchemist
    Blood Mist
    Rise from the Grave
    Thirsting Axe
    Extricator of Sin
    Forest

--: Forest

--: Unsubstantiate

--: Unsubstantiate

Pack 2 pick 7:
    Succumb to Temptation
    Wailing Ghoul
    Terrarion
    Displace
    Emrakul's Influence
    Ironwright's Cleansing
    Prying Questions
--> Unsubstantiate
    Forest

--: Plains

--: Exultant Cultist

--: Exultant Cultist

Pack 2 pick 8:
    Grapple with the Past
    Gavony Unhallowed
    Prophetic Ravings
    Thraben Standard Bearer
--> Exultant Cultist
    Borrowed Hostility
    Tangleclaw Werewolf
    Plains

--: Island

--: Primal Druid

--: Primal Druid

Pack 2 pick 9:
    Distemper of the Blood
    Weirded Vampire
--> Primal Druid
    Contingency Plan
    Vampire Cutthroat
    Ride Down
    Island

--: Forest

--: Geist of the Archives

--: Geist of the Archives

Pack 2 pick 10:
    Take Inventory
    Ingenious Skaab
    Weirded Vampire
    Fogwalker
--> Geist of the Archives
    Forest

--: Forest

--: Turn Aside

--: Turn Aside

Pack 2 pick 11:
    Distemper of the Blood
    Contingency Plan
--> Turn Aside
    Long Road Home
    Forest

--: Forest

--: Scour the Laboratory

--: Scour the Laboratory

Pack 2 pick 12:
    Wailing Ghoul
    Bold Impaler
--> Scour the Laboratory
    Forest

--: Plains

--: Turn Aside

--: Turn Aside

Pack 2 pick 13:
--> Turn Aside
    Slayer's Cleaver
    Plains

--: Forest

--: It of the Horrid Swarm

--: It of the Horrid Swarm

Pack 2 pick 14:
--> It of the Horrid Swarm
    Forest

--: Forest

--: Forest

Pack 2 pick 15:
--> Forest

--: Swamp

--: Drunau Corpse Trawler

--: Drunau Corpse Trawler

------ SOI ------ 

Pack 3 pick 1:
    Chaplain's Blessing
    Niblis of Dusk
    Unruly Mob
    Tormenting Voice
    Root Out
    Rottenheart Ghoul
    Reduce to Ashes
    Magmatic Chasm
    Apothecary Geist
    Veteran Cathar
--> Drunau Corpse Trawler
    Murderer's Axe
    Angel of Deliverance
    Town Gossipmonger
    Swamp

--: Mountain

--: Niblis of Dusk

--: Niblis of Dusk

Pack 3 pick 2:
    Catalog
--> Niblis of Dusk
    Macabre Waltz
    Pyre Hound
    Might Beyond Reason
    Stromkirk Mentor
    Tormenting Voice
    Loam Dryad
    Pore Over the Pages
    Paranoid Parish-Blade
    Ulvenwald Mysteries
    Devils' Playground
    Avacynian Missionaries
    Mountain

--: Forest

--: Jace's Scrutiny

--: Jace's Scrutiny

Pack 3 pick 3:
--> Jace's Scrutiny
    Dauntless Cathar
    Ghostly Wings
    Shard of Broken Glass
    Vampire Noble
    Howlpack Wolf
    Fork in the Road
    Throttle
    Dissension in the Ranks
    Rise from the Tides
    Spiteful Motives
    Gatstaf Arsonists
    Forest

--: Mountain

--: Lambholt Pacifist

--: Rabid Bite

--: Lambholt Pacifist

--: Rabid Bite

--: Rabid Bite

Pack 3 pick 4:
    Vessel of Paramnesia
    Press for Answers
    Root Out
    Farbog Revenant
    Rush of Adrenaline
--> Rabid Bite
    Strength of Arms
    Olivia's Bloodsworn
    Wild-Field Scarecrow
    Malevolent Whispers
    Lambholt Pacifist
    Mountain

--: Mountain

--: Solitary Hunter

--: Solitary Hunter

Pack 3 pick 5:
    Survive the Night
    Just the Wind
    Moorland Drifter
    Warped Landscape
    Grotesque Mutation
    Vampire Noble
    Howlpack Wolf
    Trail of Evidence
    Engulf the Shore
--> Solitary Hunter
    Mountain

--: Island

--: Byway Courier

--: Byway Courier

Pack 3 pick 6:
    Lamplighter of Selhoff
    Seagraf Skaab
    Stallion of Ashmouth
    Vessel of Malignity
--> Byway Courier
    Gloomwidow
    Broken Concentration
    Skeleton Key
    Uninvited Geist
    Island

--: Plains

--: Moldgraf Scavenger

--: Gone Missing

--: Moldgraf Scavenger

--: Moldgraf Scavenger

Pack 3 pick 7:
    Ghostly Wings
    Kessig Dire Swine
    Ember-Eye Wolf
    Gone Missing
--> Moldgraf Scavenger
    Invasive Surgery
    Spectral Shepherd
    Highland Lake
    Plains

--: Plains

--: Reckless Scholar

--: Reckless Scholar

Pack 3 pick 8:
    Vessel of Paramnesia
    Press for Answers
    Rottenheart Ghoul
    Root Out
--> Reckless Scholar
    Stone Quarry
    Autumnal Gloom
    Plains

--: Swamp

--: Niblis of Dusk

--: Niblis of Dusk

Pack 3 pick 9:
    Chaplain's Blessing
--> Niblis of Dusk
    Root Out
    Rottenheart Ghoul
    Magmatic Chasm
    Murderer's Axe
    Swamp

--: Mountain

--: Might Beyond Reason

--: Might Beyond Reason

Pack 3 pick 10:
    Catalog
    Pyre Hound
--> Might Beyond Reason
    Tormenting Voice
    Loam Dryad
    Mountain

--: Forest

--: Rise from the Tides

--: Rise from the Tides

Pack 3 pick 11:
    Ghostly Wings
    Fork in the Road
    Dissension in the Ranks
--> Rise from the Tides
    Forest

--: Mountain

--: Press for Answers

--: Press for Answers

Pack 3 pick 12:
    Vessel of Paramnesia
--> Press for Answers
    Root Out
    Mountain

--: Mountain

--: Engulf the Shore

--: Engulf the Shore

Pack 3 pick 13:
    Trail of Evidence
--> Engulf the Shore
    Mountain

--: Island

--: Seagraf Skaab

--: Seagraf Skaab

Pack 3 pick 14:
--> Seagraf Skaab
    Island

--: Plains

--: Plains

--: Plains

Pack 3 pick 15:
--> Plains

