Event #: 9996212
Time:    8/12/2016 10:27:15 PM
Players:
    macknazo
    Fogman
    spconlon
    ForceOfJeff
    theazzyg
    Tuomas
--> emmett9001
    Naturpatruljen

--: Forest

--: Brazen Wolves

--: Convolute

--: Brazen Wolves

--: Brazen Wolves

------ EMN ------ 

Pack 1 pick 1:
--> Brazen Wolves
    Waxing Moon
    Grapple with the Past
    Weirded Vampire
    It of the Horrid Swarm
    Faithbearer Paladin
    Convolute
    Falkenrath Reaver
    Ironwright's Cleansing
    Rise from the Grave
    Thirsting Axe
    Mockery of Nature
    Geier Reach Sanitarium
    Graf Rats
    Forest

--: Mountain

--: Shrill Howler

--: Eternal Scourge

--: Shrill Howler

--: Shrill Howler

Pack 1 pick 2:
    Olivia's Dragoon
    Take Inventory
    Gavony Unhallowed
    Bloodbriar
    Ironclad Slayer
    Contingency Plan
    Thermo-Alchemist
    Fiend Binder
    Abandon Reason
    Emrakul's Influence
    Haunted Dead
    Eternal Scourge
--> Shrill Howler
    Mountain

--: Forest

--: Kessig Prowler

--: Kessig Prowler

Pack 1 pick 3:
    Brazen Wolves
    Drag Under
    Woodland Patrol
    Weirded Vampire
    It of the Horrid Swarm
    Guardian of Pilgrims
    Enlightened Maniac
    Falkenrath Reaver
    Steadfast Cathar
    Geist of the Archives
    Give No Ground
--> Kessig Prowler
    Forest

--: Plains

--: Alchemist's Greeting

--: Alchemist's Greeting

Pack 1 pick 4:
    Backwoods Survivalists
    Take Inventory
    Ingenious Skaab
    Crossroads Consecrator
    Gavony Unhallowed
    Turn Aside
--> Alchemist's Greeting
    Ironclad Slayer
    Laboratory Brute
    Abandon Reason
    Lunar Force
    Plains

--: Plains

--: Thermo-Alchemist

--: Thermo-Alchemist

Pack 1 pick 5:
    Olivia's Dragoon
    Take Inventory
    Gavony Unhallowed
    Bloodbriar
--> Thermo-Alchemist
    Fiend Binder
    Cathar's Shield
    Fogwalker
    Hamlet Captain
    Liliana's Elite
    Plains

--: Swamp

--: Conduit of Storms

--: Conduit of Storms

Pack 1 pick 6:
    Primal Druid
    Cemetery Recruitment
    Turn Aside
    Alchemist's Greeting
    Field Creeper
    Spectral Reserves
    Geist of the Archives
    Markov Crusader
--> Conduit of Storms
    Swamp

--: Mountain

--: Stensia Innkeeper

Pack 1 pick 7:
    Cultist's Staff
    Olivia's Dragoon
    Desperate Sentry
    Swift Spinner
    Fiend Binder
    Contingency Plan
--> Stensia Innkeeper
    Markov Crusader
    Mountain

--: Forest

--: Waxing Moon

Pack 1 pick 8:
--> Waxing Moon
    Wailing Ghoul
    Ironwright's Cleansing
    Displace
    Bold Impaler
    Scour the Laboratory
    Oath of Liliana
    Forest

--: Forest

--: Grapple with the Past

--: Grapple with the Past

Pack 1 pick 9:
    Waxing Moon
--> Grapple with the Past
    Weirded Vampire
    Convolute
    Ironwright's Cleansing
    Thirsting Axe
    Forest

--: Mountain

--: Gavony Unhallowed

--: Olivia's Dragoon

--: Olivia's Dragoon

Pack 1 pick 10:
--> Olivia's Dragoon
    Take Inventory
    Gavony Unhallowed
    Contingency Plan
    Emrakul's Influence
    Mountain

--: Forest

--: Weirded Vampire

--: It of the Horrid Swarm

--: Weirded Vampire

--: It of the Horrid Swarm

--: It of the Horrid Swarm

Pack 1 pick 11:
    Weirded Vampire
--> It of the Horrid Swarm
    Falkenrath Reaver
    Give No Ground
    Forest

--: Plains

Pack 1 pick 12:
    Turn Aside
--> Ironclad Slayer
    Laboratory Brute
    Plains

--: Plains

Pack 1 pick 13:
--> Gavony Unhallowed
    Cathar's Shield
    Plains

--: Swamp

Pack 1 pick 14:
--> Turn Aside
    Swamp

--: Contingency Plan

Pack 1 pick 15:
--> Contingency Plan

--: Mountain

--: Cryptolith Fragment

--: Cryptolith Fragment

------ EMN ------ 

Pack 2 pick 1:
    Backwoods Survivalists
    Sigardian Priest
    Skirsdag Supplicant
    Grapple with the Past
    Thraben Foulbloods
    Terrarion
    Stensia Banquet
    Guardian of Pilgrims
    Convolute
    Fortune's Favor
    Geist-Fueled Scarecrow
    Graf Harvest
    Emrakul's Evangel
--> Cryptolith Fragment
    Mountain

--: Island

--: Haunted Dead

--: Haunted Dead

Pack 2 pick 2:
    Cultist's Staff
    Olivia's Dragoon
    Desperate Sentry
    Certain Death
    Swift Spinner
    Cathar's Shield
    Fogwalker
    Stensia Innkeeper
    Spectral Reserves
--> Haunted Dead
    Emrakul's Influence
    Repel the Abominable
    Graf Rats
    Island

--: Swamp

--: Weaver of Lightning

--: Weaver of Lightning

Pack 2 pick 3:
    Distemper of the Blood
    Choking Restraints
    Crossroads Consecrator
    Wailing Ghoul
    Laboratory Brute
    Prophetic Ravings
    Lunarch Mantle
    Fogwalker
    Mournwillow
--> Weaver of Lightning
    Subjugator Angel
    Extricator of Sin
    Swamp

--: Island

--: Bloodhall Priest

--: Bloodhall Priest

Pack 2 pick 4:
    Prey Upon
    Waxing Moon
    Borrowed Grace
    Skirsdag Supplicant
    It of the Horrid Swarm
    Fiend Binder
    Contingency Plan
    Borrowed Hostility
    Chilling Grasp
    Deranged Whelp
--> Bloodhall Priest
    Island

--: Swamp

--: Skirsdag Supplicant

--: Skirsdag Supplicant

Pack 2 pick 5:
    Sigardian Priest
    Thraben Foulbloods
    Wolfkin Bond
--> Skirsdag Supplicant
    Falkenrath Reaver
    Ironwright's Cleansing
    Spontaneous Mutation
    Stensia Banquet
    Drogskol Shieldmate
    Graf Rats
    Swamp

--: Plains

--: Smoldering Werewolf

--: Smoldering Werewolf

Pack 2 pick 6:
    Springsage Ritual
    Galvanic Bombardment
    Certain Death
    Swift Spinner
    Enlightened Maniac
    Stensia Banquet
    Guardian of Pilgrims
    Convolute
--> Smoldering Werewolf
    Plains

--: Plains

--: Falkenrath Reaver

--: Falkenrath Reaver

Pack 2 pick 7:
    Backwoods Survivalists
    Skirsdag Supplicant
    Thraben Foulbloods
--> Falkenrath Reaver
    Ironwright's Cleansing
    Enlightened Maniac
    Bold Impaler
    Whispers of Emrakul
    Plains

--: Mountain

--: Borrowed Malevolence

--: Borrowed Malevolence

Pack 2 pick 8:
    Desperate Sentry
    Strange Augmentation
--> Borrowed Malevolence
    Wolfkin Bond
    Bold Impaler
    Steadfast Cathar
    Shreds of Sanity
    Mountain

--: Mountain

--: Skirsdag Supplicant

--: Skirsdag Supplicant

Pack 2 pick 9:
--> Skirsdag Supplicant
    Stensia Banquet
    Guardian of Pilgrims
    Fortune's Favor
    Geist-Fueled Scarecrow
    Graf Harvest
    Mountain

--: Island

Pack 2 pick 10:
    Desperate Sentry
--> Cathar's Shield
    Fogwalker
    Spectral Reserves
    Emrakul's Influence
    Island

--: Swamp

Pack 2 pick 11:
--> Distemper of the Blood
    Crossroads Consecrator
    Prophetic Ravings
    Mournwillow
    Swamp

--: Island

Pack 2 pick 12:
    Waxing Moon
--> It of the Horrid Swarm
    Contingency Plan
    Island

--: Swamp

Pack 2 pick 13:
--> Ironwright's Cleansing
    Stensia Banquet
    Swamp

--: Plains

Pack 2 pick 14:
--> Stensia Banquet
    Plains

--: Plains

Pack 2 pick 15:
--> Plains

--: Forest

--: Morkrut Necropod

--: Morkrut Necropod

------ SOI ------ 

Pack 3 pick 1:
    Vessel of Paramnesia
    Angelic Purge
    Press for Answers
    Dual Shot
    Quilled Wolf
    Merciless Resolve
    Vessel of Ephemera
    Thornhide Wolves
    Loam Dryad
    Weirding Wood
--> Morkrut Necropod
    Rise from the Tides
    Soul Swallower
    Harvest Hand
    Forest

--: Swamp

--: Incorrigible Youths

--: Incorrigible Youths

Pack 3 pick 2:
    Puncturing Light
    Silent Observer
    Inspiring Captain
    Confront the Unknown
    Moorland Drifter
    Warped Landscape
    Grotesque Mutation
    Vampire Noble
    Howlpack Wolf
--> Incorrigible Youths
    Briarbridge Patrol
    Rattlechains
    Hinterland Logger
    Swamp

--: Island

--: Olivia's Bloodsworn

--: Stensia Masquerade

--: Olivia's Bloodsworn

--: Olivia's Bloodsworn

Pack 3 pick 3:
    Expose Evil
    Furtive Homunculus
    Devilthorn Fox
    Gone Missing
    Moldgraf Scavenger
    Ethereal Guidance
    Structural Distortion
    Shamble Back
--> Olivia's Bloodsworn
    Stensia Masquerade
    Malevolent Whispers
    Convicted Killer
    Island

--: Island

--: Insolent Neonate

--: Twins of Maurer Estate

--: Twins of Maurer Estate

Pack 3 pick 4:
    Unruly Mob
    Silburlind Snapper
    Vessel of Ephemera
    Moldgraf Scavenger
    Apothecary Geist
    Watcher in the Web
--> Twins of Maurer Estate
    Insolent Neonate
    Broken Concentration
    Nahiri's Machinations
    Woodland Stream
    Island

--: Mountain

--: Crow of Dark Tidings

--: Crow of Dark Tidings

Pack 3 pick 5:
    Militant Inquisitor
    Stormrider Spirit
    Stern Constable
    Magmatic Chasm
    Apothecary Geist
    Drownyard Explorers
--> Crow of Dark Tidings
    Insolent Neonate
    Spectral Shepherd
    Manic Scribe
    Mountain

--: Plains

--: Dead Weight

--: Dead Weight

Pack 3 pick 6:
    Stern Constable
--> Dead Weight
    Ember-Eye Wolf
    Equestrian Skill
    Macabre Waltz
    Apothecary Geist
    Wicker Witch
    Not Forgotten
    Gisa's Bidding
    Plains

--: Forest

--: Ghoulcaller's Accomplice

--: Ghoulcaller's Accomplice

Pack 3 pick 7:
    Nagging Thoughts
    Equestrian Skill
    Macabre Waltz
    Might Beyond Reason
    Stromkirk Mentor
--> Ghoulcaller's Accomplice
    Highland Lake
    Brain in a Jar
    Forest

--: Forest

--: Shamble Back

Pack 3 pick 8:
    Deny Existence
    Devilthorn Fox
    Hound of the Farbogs
    Shard of Broken Glass
    Stoic Builder
--> Shamble Back
    Haunted Cloak
    Forest

--: Forest

--: Merciless Resolve

--: Merciless Resolve

Pack 3 pick 9:
    Vessel of Paramnesia
--> Merciless Resolve
    Vessel of Ephemera
    Thornhide Wolves
    Loam Dryad
    Weirding Wood
    Forest

--: Swamp

--: Grotesque Mutation

--: Grotesque Mutation

Pack 3 pick 10:
    Silent Observer
    Inspiring Captain
    Moorland Drifter
--> Grotesque Mutation
    Vampire Noble
    Swamp

--: Island

--: Structural Distortion

Pack 3 pick 11:
    Devilthorn Fox
    Ethereal Guidance
--> Structural Distortion
    Shamble Back
    Island

--: Island

--: Vessel of Ephemera

Pack 3 pick 12:
    Silburlind Snapper
--> Vessel of Ephemera
    Nahiri's Machinations
    Island

--: Mountain

--: Insolent Neonate

Pack 3 pick 13:
    Stormrider Spirit
--> Insolent Neonate
    Mountain

--: Plains

--: Stern Constable

Pack 3 pick 14:
--> Stern Constable
    Plains

--: Forest

--: Forest

Pack 3 pick 15:
--> Forest

