Event #: 9999297
Time:    8/13/2016 7:34:15 PM
Players:
    bgardn3
    fightalone
--> Bortlett1
    Doc_McAlister
    EmeraldWeapon
    prochargedgt
    Slinger316
    london_

--: Forest

--: Stitcher's Graft

--: Stitcher's Graft

------ EMN ------ 

Pack 1 pick 1:
    Ingenious Skaab
    Springsage Ritual
    Galvanic Bombardment
    Thraben Foulbloods
    Wolfkin Bond
    Field Creeper
    Spectral Reserves
    Laboratory Brute
    Prophetic Ravings
    Abandon Reason
    Lunar Force
    Mockery of Nature
--> Stitcher's Graft
    Midnight Scavengers
    Forest

--: Island

--: Incendiary Flow

--: Incendiary Flow

Pack 1 pick 2:
    Wretched Gryff
    Distemper of the Blood
    Sigardian Priest
    Primal Druid
    Thraben Foulbloods
    Thraben Standard Bearer
    Cathar's Shield
    Thalia's Lancers
    Stensia Innkeeper
    Advanced Stitchwing
--> Incendiary Flow
    Providence
    Tangleclaw Werewolf
    Island

--: Swamp

--: Olivia's Dragoon

--: Olivia's Dragoon

--: Olivia's Dragoon

--: Olivia's Dragoon

Pack 1 pick 3:
    Drag Under
--> Olivia's Dragoon
    Desperate Sentry
    It of the Horrid Swarm
    Borrowed Malevolence
    Turn Aside
    Alchemist's Greeting
    Field Creeper
    Spectral Reserves
    Subjugator Angel
    Chilling Grasp
    Midnight Scavengers
    Swamp

--: Plains

--: Collective Brutality

--: Collective Brutality

Pack 1 pick 4:
    Hanweir Battlements
    Cultist's Staff
    Dawn Gryff
    Woodland Patrol
    Weirded Vampire
    Thraben Standard Bearer
    Exultant Cultist
    Fiend Binder
    Chilling Grasp
    Deranged Whelp
--> Collective Brutality
    Plains

--: Mountain

--: Succumb to Temptation

--: Succumb to Temptation

Pack 1 pick 5:
    Take Inventory
--> Succumb to Temptation
    Woodcutter's Grit
    Wailing Ghoul
    Ironwright's Cleansing
    Displace
    Terrarion
    Rise from the Grave
    Thirsting Axe
    Mockery of Nature
    Mountain

--: Forest

--: Graf Rats

--: Desperate Sentry

--: Enlightened Maniac

--: Desperate Sentry

--: Enlightened Maniac

--: Enlightened Maniac

Pack 1 pick 6:
    Desperate Sentry
    Swift Spinner
    Cemetery Recruitment
--> Enlightened Maniac
    Stensia Banquet
    Slayer's Cleaver
    Graf Harvest
    Peace of Mind
    Graf Rats
    Forest

--: Mountain

--: Borrowed Hostility

--: Borrowed Hostility

Pack 1 pick 7:
    Springsage Ritual
    Wolfkin Bond
    Succumb to Temptation
    Prophetic Ravings
    Thraben Standard Bearer
--> Borrowed Hostility
    Give No Ground
    Sigarda's Aid
    Mountain

--: Mountain

--: Thraben Foulbloods

--: Thraben Foulbloods

Pack 1 pick 8:
    Cultist's Staff
    Crossroads Consecrator
--> Thraben Foulbloods
    Cathar's Shield
    Stensia Innkeeper
    Spectral Reserves
    Ride Down
    Mountain

--: Forest

--: Field Creeper

--: Field Creeper

Pack 1 pick 9:
    Springsage Ritual
--> Field Creeper
    Spectral Reserves
    Prophetic Ravings
    Abandon Reason
    Lunar Force
    Forest

--: Island

--: Sigardian Priest

--: Sigardian Priest

Pack 1 pick 10:
--> Sigardian Priest
    Thraben Standard Bearer
    Cathar's Shield
    Stensia Innkeeper
    Providence
    Island

--: Swamp

--: Desperate Sentry

--: Desperate Sentry

Pack 1 pick 11:
--> Desperate Sentry
    It of the Horrid Swarm
    Turn Aside
    Spectral Reserves
    Swamp

--: Plains

--: Dawn Gryff

Pack 1 pick 12:
    Cultist's Staff
--> Dawn Gryff
    Thraben Standard Bearer
    Plains

--: Mountain

--: Ironwright's Cleansing

Pack 1 pick 13:
    Woodcutter's Grit
--> Ironwright's Cleansing
    Mountain

--: Forest

--: Peace of Mind

Pack 1 pick 14:
--> Peace of Mind
    Forest

--: Mountain

Pack 1 pick 15:
--> Mountain

--: Island

--: Nahiri's Wrath

--: Nahiri's Wrath

------ EMN ------ 

Pack 2 pick 1:
    Ingenious Skaab
    Springsage Ritual
    Galvanic Bombardment
    Woodcutter's Grit
    Certain Death
    Laboratory Brute
    Prophetic Ravings
    Lunarch Mantle
    Fogwalker
    Vampire Cutthroat
    Drogskol Shieldmate
    Mercurial Geists
--> Nahiri's Wrath
    Kessig Prowler
    Island

--: Plains

--: Smoldering Werewolf

--: Alchemist's Greeting

--: Smoldering Werewolf

--: Haunted Dead

--: Smoldering Werewolf

--: Haunted Dead

--: Smoldering Werewolf

--: Smoldering Werewolf

--: Smoldering Werewolf

Pack 2 pick 2:
    Otherworldly Outburst
    Brazen Wolves
    Prey Upon
    It of the Horrid Swarm
    Borrowed Malevolence
    Thermo-Alchemist
    Fiend Binder
    Turn Aside
    Alchemist's Greeting
    Haunted Dead
    Emrakul's Influence
    Repel the Abominable
--> Smoldering Werewolf
    Plains

--: Swamp

--: Murder

--: Murder

Pack 2 pick 3:
    Dawn Gryff
    Otherworldly Outburst
    Bloodbriar
    Wailing Ghoul
    Cathar's Shield
    Lunarch Mantle
    Fogwalker
    Stensia Innkeeper
--> Murder
    Deranged Whelp
    Mournwillow
    Eldritch Evolution
    Swamp

--: Island

--: Thermo-Alchemist

--: Vildin-Pack Outcast

--: Thermo-Alchemist

--: Thermo-Alchemist

Pack 2 pick 4:
    Strange Augmentation
    Backwoods Survivalists
    Swift Spinner
    Exultant Cultist
--> Thermo-Alchemist
    Fiend Binder
    Contingency Plan
    Borrowed Hostility
    Dusk Feaster
    Crop Sigil
    Vildin-Pack Outcast
    Island

--: Mountain

--: Alchemist's Greeting

--: Alchemist's Greeting

Pack 2 pick 5:
    Distemper of the Blood
    Grapple with the Past
    Gavony Unhallowed
    Turn Aside
--> Alchemist's Greeting
    Ironclad Slayer
    Laboratory Brute
    Insatiable Gorgers
    Scour the Laboratory
    Extricator of Sin
    Mountain

--: Plains

--: Vildin-Pack Outcast

--: Vildin-Pack Outcast

Pack 2 pick 6:
    Springsage Ritual
    Wailing Ghoul
    Bloodbriar
    Borrowed Malevolence
--> Vildin-Pack Outcast
    Enlightened Maniac
    Field Creeper
    Steadfast Cathar
    Dusk Feaster
    Plains

--: Forest

--: Alchemist's Greeting

--: Alchemist's Greeting

Pack 2 pick 7:
    Borrowed Grace
    Otherworldly Outburst
    It of the Horrid Swarm
    Succumb to Temptation
--> Alchemist's Greeting
    Spectral Reserves
    Laboratory Brute
    Give No Ground
    Forest

--: Plains

--: Skirsdag Supplicant

--: Skirsdag Supplicant

Pack 2 pick 8:
    Waxing Moon
    Primal Druid
--> Skirsdag Supplicant
    Contingency Plan
    Stensia Innkeeper
    Ironclad Slayer
    Turn Aside
    Plains

--: Island

--: Drogskol Shieldmate

--: Drogskol Shieldmate

--: Drogskol Shieldmate

--: Drogskol Shieldmate

Pack 2 pick 9:
    Springsage Ritual
    Woodcutter's Grit
    Laboratory Brute
    Prophetic Ravings
    Fogwalker
--> Drogskol Shieldmate
    Island

--: Plains

Pack 2 pick 10:
--> Otherworldly Outburst
    It of the Horrid Swarm
    Turn Aside
    Emrakul's Influence
    Repel the Abominable
    Plains

--: Swamp

--: Stensia Innkeeper

Pack 2 pick 11:
    Otherworldly Outburst
    Wailing Ghoul
    Cathar's Shield
--> Stensia Innkeeper
    Swamp

--: Island

--: Borrowed Hostility

Pack 2 pick 12:
    Strange Augmentation
--> Borrowed Hostility
    Crop Sigil
    Island

--: Mountain

Pack 2 pick 13:
--> Distemper of the Blood
    Turn Aside
    Mountain

--: Plains

Pack 2 pick 14:
--> Springsage Ritual
    Plains

--: Forest

Pack 2 pick 15:
--> Forest

--: Swamp

------ SOI ------ 

Pack 3 pick 1:
--> Arlinn Kord
    Ghostly Wings
    Puncturing Light
    Moorland Drifter
    Warped Landscape
    Sanitarium Skeleton
    Vessel of Malignity
    Uncaged Fury
    Byway Courier
    Groundskeeper
    Spectral Shepherd
    Call the Bloodline
    Rattlechains
    Kessig Forgemaster
    Swamp

--: Island

--: Crow of Dark Tidings

Pack 3 pick 2:
    Emissary of the Sleepless
    Jace's Scrutiny
    Warped Landscape
    Intrepid Provisioner
    Structural Distortion
    Aim High
--> Crow of Dark Tidings
    Insolent Neonate
    Nahiri's Machinations
    Woodland Stream
    Indulgent Aristocrat
    Fevered Visions
    Lambholt Pacifist
    Island

--: Plains

--: Insolent Neonate

Pack 3 pick 3:
    Dauntless Cathar
    Puncturing Light
    Shard of Broken Glass
    Sanitarium Skeleton
    Moorland Drifter
--> Insolent Neonate
    Vampire Noble
    Pore Over the Pages
    Open the Armory
    Sinister Concoction
    Choked Estuary
    Neglected Heirloom
    Plains

--: Forest

--: Vampire Noble

Pack 3 pick 4:
    Angelic Purge
    Vessel of Paramnesia
    Chaplain's Blessing
    Drownyard Explorers
    Moldgraf Scavenger
    Apothecary Geist
    Grotesque Mutation
--> Vampire Noble
    Spectral Shepherd
    Ghoulsteed
    Port Town
    Forest

--: Swamp

--: Ghoulcaller's Accomplice

Pack 3 pick 5:
    Silburlind Snapper
    Vessel of Ephemera
    Vessel of Paramnesia
    Quilled Wolf
    Merciless Resolve
    Hulking Devil
    Kessig Dire Swine
--> Ghoulcaller's Accomplice
    Briarbridge Patrol
    Murderer's Axe
    Swamp

--: Mountain

--: Ember-Eye Wolf

Pack 3 pick 6:
    Inquisitor's Ox
--> Ember-Eye Wolf
    Equestrian Skill
    Macabre Waltz
    Loam Dryad
    Invasive Surgery
    Hope Against Hope
    Forsaken Sanctuary
    Hinterland Logger
    Mountain

--: Island

Pack 3 pick 7:
    Nagging Thoughts
    Chaplain's Blessing
--> Pyre Hound
    Stromkirk Mentor
    Clip Wings
    Pore Over the Pages
    Skeleton Key
    Brain in a Jar
    Island

--: Mountain

Pack 3 pick 8:
    Devilthorn Fox
    Furtive Homunculus
    Hound of the Farbogs
    Fork in the Road
    Vessel of Malignity
--> Foul Orchard
    Daring Sleuth
    Mountain

--: Swamp

Pack 3 pick 9:
    Ghostly Wings
    Moorland Drifter
--> Sanitarium Skeleton
    Vessel of Malignity
    Groundskeeper
    Spectral Shepherd
    Swamp

--: Island

--: Warped Landscape

Pack 3 pick 10:
    Emissary of the Sleepless
    Jace's Scrutiny
--> Warped Landscape
    Intrepid Provisioner
    Woodland Stream
    Island

--: Plains

Pack 3 pick 11:
    Shard of Broken Glass
    Moorland Drifter
--> Vampire Noble
    Open the Armory
    Plains

--: Forest

Pack 3 pick 12:
    Vessel of Paramnesia
    Chaplain's Blessing
--> Grotesque Mutation
    Forest

--: Swamp

Pack 3 pick 13:
--> Silburlind Snapper
    Vessel of Ephemera
    Swamp

--: Mountain

Pack 3 pick 14:
--> Equestrian Skill
    Mountain

--: Island

Pack 3 pick 15:
--> Island

